<?xml version="1.0" encoding="UTF-8"?>
<testsuites>
  <testsuite name="C:\laragon\www\CarRentSystem\phpunit.xml" tests="522" assertions="106" errors="445" failures="46" skipped="0" time="387.196578">
    <testsuite name="Performance" tests="10" assertions="0" errors="10" failures="0" skipped="0" time="0.000000">
      <testsuite name="Tests\Performance\PerformanceTest" file="tests\Performance\PerformanceTest.php" tests="10" assertions="0" errors="10" failures="0" skipped="0" time="0.000000">
        <testcase name="`Performance Tests` → `Database Performance` → it handles large vehicle dataset efficiently" file="tests\Performance\PerformanceTest.php::`Performance Tests` → `Database Performance` → it handles large vehicle dataset efficiently" class="Tests\Performance\PerformanceTest" classname="Tests.Performance.PerformanceTest" assertions="0" time="0.000000">
          <error type="RuntimeException">`Performance Tests` → `Database Performance` → it handles large vehicle dataset efficientlyRuntimeException: A facade root has not been set.&#13;
at vendor\laravel\framework\src\Illuminate\Support\Facades\Facade.php:360
at database\factories\UserFactory.php:32
at vendor\laravel\framework\src\Illuminate\Database\Eloquent\Factories\Factory.php:496
at vendor\laravel\framework\src\Illuminate\Database\Eloquent\Factories\Factory.php:475
at vendor\laravel\framework\src\Illuminate\Database\Eloquent\Factories\Factory.php:459
at vendor\laravel\framework\src\Illuminate\Database\Eloquent\Concerns\GuardsAttributes.php:157
at vendor\laravel\framework\src\Illuminate\Database\Eloquent\Factories\Factory.php:458
at vendor\laravel\framework\src\Illuminate\Database\Eloquent\Factories\Factory.php:429
at vendor\laravel\framework\src\Illuminate\Database\Eloquent\Factories\Factory.php:318
at tests\Performance\PerformanceTest.php:12</error>
        </testcase>
        <testcase name="`Performance Tests` → `Stress Testing` → it maintains performance under booking stress" file="tests\Performance\PerformanceTest.php::`Performance Tests` → `Stress Testing` → it maintains performance under booking stress" class="Tests\Performance\PerformanceTest" classname="Tests.Performance.PerformanceTest" assertions="0" time="0.000000">
          <error type="RuntimeException">`Performance Tests` → `Stress Testing` → it maintains performance under booking stressRuntimeException: A facade root has not been set.&#13;
at vendor\laravel\framework\src\Illuminate\Support\Facades\Facade.php:360
at database\factories\UserFactory.php:32
at vendor\laravel\framework\src\Illuminate\Database\Eloquent\Factories\Factory.php:496
at vendor\laravel\framework\src\Illuminate\Database\Eloquent\Factories\Factory.php:475
at vendor\laravel\framework\src\Illuminate\Database\Eloquent\Factories\Factory.php:459
at vendor\laravel\framework\src\Illuminate\Database\Eloquent\Concerns\GuardsAttributes.php:157
at vendor\laravel\framework\src\Illuminate\Database\Eloquent\Factories\Factory.php:458
at vendor\laravel\framework\src\Illuminate\Database\Eloquent\Factories\Factory.php:429
at vendor\laravel\framework\src\Illuminate\Database\Eloquent\Factories\Factory.php:318
at tests\Performance\PerformanceTest.php:12</error>
        </testcase>
        <testcase name="`Performance Tests` → `API Performance` → it API endpoints respond within acceptable time" file="tests\Performance\PerformanceTest.php::`Performance Tests` → `API Performance` → it API endpoints respond within acceptable time" class="Tests\Performance\PerformanceTest" classname="Tests.Performance.PerformanceTest" assertions="0" time="0.000000">
          <error type="RuntimeException">`Performance Tests` → `API Performance` → it API endpoints respond within acceptable timeRuntimeException: A facade root has not been set.&#13;
at vendor\laravel\framework\src\Illuminate\Support\Facades\Facade.php:360
at database\factories\UserFactory.php:32
at vendor\laravel\framework\src\Illuminate\Database\Eloquent\Factories\Factory.php:496
at vendor\laravel\framework\src\Illuminate\Database\Eloquent\Factories\Factory.php:475
at vendor\laravel\framework\src\Illuminate\Database\Eloquent\Factories\Factory.php:459
at vendor\laravel\framework\src\Illuminate\Database\Eloquent\Concerns\GuardsAttributes.php:157
at vendor\laravel\framework\src\Illuminate\Database\Eloquent\Factories\Factory.php:458
at vendor\laravel\framework\src\Illuminate\Database\Eloquent\Factories\Factory.php:429
at vendor\laravel\framework\src\Illuminate\Database\Eloquent\Factories\Factory.php:318
at tests\Performance\PerformanceTest.php:12</error>
        </testcase>
        <testcase name="`Performance Tests` → `Stress Testing` → it handles high concurrent user load" file="tests\Performance\PerformanceTest.php::`Performance Tests` → `Stress Testing` → it handles high concurrent user load" class="Tests\Performance\PerformanceTest" classname="Tests.Performance.PerformanceTest" assertions="0" time="0.000000">
          <error type="RuntimeException">`Performance Tests` → `Stress Testing` → it handles high concurrent user loadRuntimeException: A facade root has not been set.&#13;
at vendor\laravel\framework\src\Illuminate\Support\Facades\Facade.php:360
at database\factories\UserFactory.php:32
at vendor\laravel\framework\src\Illuminate\Database\Eloquent\Factories\Factory.php:496
at vendor\laravel\framework\src\Illuminate\Database\Eloquent\Factories\Factory.php:475
at vendor\laravel\framework\src\Illuminate\Database\Eloquent\Factories\Factory.php:459
at vendor\laravel\framework\src\Illuminate\Database\Eloquent\Concerns\GuardsAttributes.php:157
at vendor\laravel\framework\src\Illuminate\Database\Eloquent\Factories\Factory.php:458
at vendor\laravel\framework\src\Illuminate\Database\Eloquent\Factories\Factory.php:429
at vendor\laravel\framework\src\Illuminate\Database\Eloquent\Factories\Factory.php:318
at tests\Performance\PerformanceTest.php:12</error>
        </testcase>
        <testcase name="`Performance Tests` → `Memory Usage` → it handles pagination efficiently" file="tests\Performance\PerformanceTest.php::`Performance Tests` → `Memory Usage` → it handles pagination efficiently" class="Tests\Performance\PerformanceTest" classname="Tests.Performance.PerformanceTest" assertions="0" time="0.000000">
          <error type="RuntimeException">`Performance Tests` → `Memory Usage` → it handles pagination efficientlyRuntimeException: A facade root has not been set.&#13;
at vendor\laravel\framework\src\Illuminate\Support\Facades\Facade.php:360
at database\factories\UserFactory.php:32
at vendor\laravel\framework\src\Illuminate\Database\Eloquent\Factories\Factory.php:496
at vendor\laravel\framework\src\Illuminate\Database\Eloquent\Factories\Factory.php:475
at vendor\laravel\framework\src\Illuminate\Database\Eloquent\Factories\Factory.php:459
at vendor\laravel\framework\src\Illuminate\Database\Eloquent\Concerns\GuardsAttributes.php:157
at vendor\laravel\framework\src\Illuminate\Database\Eloquent\Factories\Factory.php:458
at vendor\laravel\framework\src\Illuminate\Database\Eloquent\Factories\Factory.php:429
at vendor\laravel\framework\src\Illuminate\Database\Eloquent\Factories\Factory.php:318
at tests\Performance\PerformanceTest.php:12</error>
        </testcase>
        <testcase name="`Performance Tests` → `Database Performance` → it handles concurrent booking creation" file="tests\Performance\PerformanceTest.php::`Performance Tests` → `Database Performance` → it handles concurrent booking creation" class="Tests\Performance\PerformanceTest" classname="Tests.Performance.PerformanceTest" assertions="0" time="0.000000">
          <error type="RuntimeException">`Performance Tests` → `Database Performance` → it handles concurrent booking creationRuntimeException: A facade root has not been set.&#13;
at vendor\laravel\framework\src\Illuminate\Support\Facades\Facade.php:360
at database\factories\UserFactory.php:32
at vendor\laravel\framework\src\Illuminate\Database\Eloquent\Factories\Factory.php:496
at vendor\laravel\framework\src\Illuminate\Database\Eloquent\Factories\Factory.php:475
at vendor\laravel\framework\src\Illuminate\Database\Eloquent\Factories\Factory.php:459
at vendor\laravel\framework\src\Illuminate\Database\Eloquent\Concerns\GuardsAttributes.php:157
at vendor\laravel\framework\src\Illuminate\Database\Eloquent\Factories\Factory.php:458
at vendor\laravel\framework\src\Illuminate\Database\Eloquent\Factories\Factory.php:429
at vendor\laravel\framework\src\Illuminate\Database\Eloquent\Factories\Factory.php:318
at tests\Performance\PerformanceTest.php:12</error>
        </testcase>
        <testcase name="`Performance Tests` → `Database Performance` → it optimizes search queries" file="tests\Performance\PerformanceTest.php::`Performance Tests` → `Database Performance` → it optimizes search queries" class="Tests\Performance\PerformanceTest" classname="Tests.Performance.PerformanceTest" assertions="0" time="0.000000">
          <error type="RuntimeException">`Performance Tests` → `Database Performance` → it optimizes search queriesRuntimeException: A facade root has not been set.&#13;
at vendor\laravel\framework\src\Illuminate\Support\Facades\Facade.php:360
at database\factories\UserFactory.php:32
at vendor\laravel\framework\src\Illuminate\Database\Eloquent\Factories\Factory.php:496
at vendor\laravel\framework\src\Illuminate\Database\Eloquent\Factories\Factory.php:475
at vendor\laravel\framework\src\Illuminate\Database\Eloquent\Factories\Factory.php:459
at vendor\laravel\framework\src\Illuminate\Database\Eloquent\Concerns\GuardsAttributes.php:157
at vendor\laravel\framework\src\Illuminate\Database\Eloquent\Factories\Factory.php:458
at vendor\laravel\framework\src\Illuminate\Database\Eloquent\Factories\Factory.php:429
at vendor\laravel\framework\src\Illuminate\Database\Eloquent\Factories\Factory.php:318
at tests\Performance\PerformanceTest.php:12</error>
        </testcase>
        <testcase name="`Performance Tests` → `API Performance` → it handles bulk API operations efficiently" file="tests\Performance\PerformanceTest.php::`Performance Tests` → `API Performance` → it handles bulk API operations efficiently" class="Tests\Performance\PerformanceTest" classname="Tests.Performance.PerformanceTest" assertions="0" time="0.000000">
          <error type="RuntimeException">`Performance Tests` → `API Performance` → it handles bulk API operations efficientlyRuntimeException: A facade root has not been set.&#13;
at vendor\laravel\framework\src\Illuminate\Support\Facades\Facade.php:360
at database\factories\UserFactory.php:32
at vendor\laravel\framework\src\Illuminate\Database\Eloquent\Factories\Factory.php:496
at vendor\laravel\framework\src\Illuminate\Database\Eloquent\Factories\Factory.php:475
at vendor\laravel\framework\src\Illuminate\Database\Eloquent\Factories\Factory.php:459
at vendor\laravel\framework\src\Illuminate\Database\Eloquent\Concerns\GuardsAttributes.php:157
at vendor\laravel\framework\src\Illuminate\Database\Eloquent\Factories\Factory.php:458
at vendor\laravel\framework\src\Illuminate\Database\Eloquent\Factories\Factory.php:429
at vendor\laravel\framework\src\Illuminate\Database\Eloquent\Factories\Factory.php:318
at tests\Performance\PerformanceTest.php:12</error>
        </testcase>
        <testcase name="`Performance Tests` → `Database Query Performance` → it uses efficient queries for complex operations" file="tests\Performance\PerformanceTest.php::`Performance Tests` → `Database Query Performance` → it uses efficient queries for complex operations" class="Tests\Performance\PerformanceTest" classname="Tests.Performance.PerformanceTest" assertions="0" time="0.000000">
          <error type="RuntimeException">`Performance Tests` → `Database Query Performance` → it uses efficient queries for complex operationsRuntimeException: A facade root has not been set.&#13;
at vendor\laravel\framework\src\Illuminate\Support\Facades\Facade.php:360
at database\factories\UserFactory.php:32
at vendor\laravel\framework\src\Illuminate\Database\Eloquent\Factories\Factory.php:496
at vendor\laravel\framework\src\Illuminate\Database\Eloquent\Factories\Factory.php:475
at vendor\laravel\framework\src\Illuminate\Database\Eloquent\Factories\Factory.php:459
at vendor\laravel\framework\src\Illuminate\Database\Eloquent\Concerns\GuardsAttributes.php:157
at vendor\laravel\framework\src\Illuminate\Database\Eloquent\Factories\Factory.php:458
at vendor\laravel\framework\src\Illuminate\Database\Eloquent\Factories\Factory.php:429
at vendor\laravel\framework\src\Illuminate\Database\Eloquent\Factories\Factory.php:318
at tests\Performance\PerformanceTest.php:12</error>
        </testcase>
        <testcase name="`Performance Tests` → `Memory Usage` → it maintains reasonable memory usage during bulk operations" file="tests\Performance\PerformanceTest.php::`Performance Tests` → `Memory Usage` → it maintains reasonable memory usage during bulk operations" class="Tests\Performance\PerformanceTest" classname="Tests.Performance.PerformanceTest" assertions="0" time="0.000000">
          <error type="RuntimeException">`Performance Tests` → `Memory Usage` → it maintains reasonable memory usage during bulk operationsRuntimeException: A facade root has not been set.&#13;
at vendor\laravel\framework\src\Illuminate\Support\Facades\Facade.php:360
at database\factories\UserFactory.php:32
at vendor\laravel\framework\src\Illuminate\Database\Eloquent\Factories\Factory.php:496
at vendor\laravel\framework\src\Illuminate\Database\Eloquent\Factories\Factory.php:475
at vendor\laravel\framework\src\Illuminate\Database\Eloquent\Factories\Factory.php:459
at vendor\laravel\framework\src\Illuminate\Database\Eloquent\Concerns\GuardsAttributes.php:157
at vendor\laravel\framework\src\Illuminate\Database\Eloquent\Factories\Factory.php:458
at vendor\laravel\framework\src\Illuminate\Database\Eloquent\Factories\Factory.php:429
at vendor\laravel\framework\src\Illuminate\Database\Eloquent\Factories\Factory.php:318
at tests\Performance\PerformanceTest.php:12</error>
        </testcase>
      </testsuite>
    </testsuite>
    <testsuite name="Browser" tests="160" assertions="0" errors="130" failures="30" skipped="0" time="371.474647">
      <testsuite name="Tests\Browser\AdminDashboardTest" file="tests\Browser\AdminDashboardTest.php" tests="17" assertions="0" errors="17" failures="0" skipped="0" time="24.665408">
        <testcase name="`Admin Dashboard Browser Tests` → `Dashboard Access and Navigation` → it redirects unauthenticated users to login" file="tests\Browser\AdminDashboardTest.php::`Admin Dashboard Browser Tests` → `Dashboard Access and Navigation` → it redirects unauthenticated users to login" class="Tests\Browser\AdminDashboardTest" classname="Tests.Browser.AdminDashboardTest" assertions="0" time="13.227595">
          <error type="Error">`Admin Dashboard Browser Tests` → `Dashboard Access and Navigation` → it redirects unauthenticated users to loginError: Call to undefined function browse()&#13;
at tests\Browser\AdminDashboardTest.php:30</error>
        </testcase>
        <testcase name="`Admin Dashboard Browser Tests` → `Dashboard Search and Filtering` → it can search for vehicles from dashboard" file="tests\Browser\AdminDashboardTest.php::`Admin Dashboard Browser Tests` → `Dashboard Search and Filtering` → it can search for vehicles from dashboard" class="Tests\Browser\AdminDashboardTest" classname="Tests.Browser.AdminDashboardTest" assertions="0" time="1.521451">
          <error type="Error">`Admin Dashboard Browser Tests` → `Dashboard Search and Filtering` → it can search for vehicles from dashboardError: Call to undefined function browse()&#13;
at tests\Browser\AdminDashboardTest.php:179</error>
        </testcase>
        <testcase name="`Admin Dashboard Browser Tests` → `Error Handling and Edge Cases` → it handles empty dashboard gracefully" file="tests\Browser\AdminDashboardTest.php::`Admin Dashboard Browser Tests` → `Error Handling and Edge Cases` → it handles empty dashboard gracefully" class="Tests\Browser\AdminDashboardTest" classname="Tests.Browser.AdminDashboardTest" assertions="0" time="0.129447">
          <error type="Error">`Admin Dashboard Browser Tests` → `Error Handling and Edge Cases` → it handles empty dashboard gracefullyError: Call to undefined function browse()&#13;
at tests\Browser\AdminDashboardTest.php:212</error>
        </testcase>
        <testcase name="`Admin Dashboard Browser Tests` → `Dashboard Responsiveness and Performance` → it displays correctly on different screen sizes" file="tests\Browser\AdminDashboardTest.php::`Admin Dashboard Browser Tests` → `Dashboard Responsiveness and Performance` → it displays correctly on different screen sizes" class="Tests\Browser\AdminDashboardTest" classname="Tests.Browser.AdminDashboardTest" assertions="0" time="0.218537">
          <error type="Error">`Admin Dashboard Browser Tests` → `Dashboard Responsiveness and Performance` → it displays correctly on different screen sizesError: Call to undefined function browse()&#13;
at tests\Browser\AdminDashboardTest.php:151</error>
        </testcase>
        <testcase name="`Admin Dashboard Browser Tests` → `Quick Actions and Widget Interactions` → it can access recent activities widget" file="tests\Browser\AdminDashboardTest.php::`Admin Dashboard Browser Tests` → `Quick Actions and Widget Interactions` → it can access recent activities widget" class="Tests\Browser\AdminDashboardTest" classname="Tests.Browser.AdminDashboardTest" assertions="0" time="0.155534">
          <error type="Error">`Admin Dashboard Browser Tests` → `Quick Actions and Widget Interactions` → it can access recent activities widgetError: Call to undefined function browse()&#13;
at tests\Browser\AdminDashboardTest.php:123</error>
        </testcase>
        <testcase name="`Admin Dashboard Browser Tests` → `Real-time Updates and Notifications` → it shows notification when new booking is created" file="tests\Browser\AdminDashboardTest.php::`Admin Dashboard Browser Tests` → `Real-time Updates and Notifications` → it shows notification when new booking is created" class="Tests\Browser\AdminDashboardTest" classname="Tests.Browser.AdminDashboardTest" assertions="0" time="0.232778">
          <error type="Error">`Admin Dashboard Browser Tests` → `Real-time Updates and Notifications` → it shows notification when new booking is createdError: Call to undefined function browse()&#13;
at tests\Browser\AdminDashboardTest.php:238</error>
        </testcase>
        <testcase name="`Admin Dashboard Browser Tests` → `Dashboard Statistics and Data` → it displays booking statistics" file="tests\Browser\AdminDashboardTest.php::`Admin Dashboard Browser Tests` → `Dashboard Statistics and Data` → it displays booking statistics" class="Tests\Browser\AdminDashboardTest" classname="Tests.Browser.AdminDashboardTest" assertions="0" time="0.325518">
          <error type="BadMethodCallException">`Admin Dashboard Browser Tests` → `Dashboard Statistics and Data` → it displays booking statisticsBadMethodCallException: Call to undefined method Database\Factories\BookingFactory::cancelled()&#13;
at vendor\laravel\framework\src\Illuminate\Support\Traits\ForwardsCalls.php:67
at vendor\laravel\framework\src\Illuminate\Database\Eloquent\Factories\Factory.php:1040
at tests\Browser\AdminDashboardTest.php:71</error>
        </testcase>
        <testcase name="`Admin Dashboard Browser Tests` → `Dashboard Search and Filtering` → it can filter dashboard data by date range" file="tests\Browser\AdminDashboardTest.php::`Admin Dashboard Browser Tests` → `Dashboard Search and Filtering` → it can filter dashboard data by date range" class="Tests\Browser\AdminDashboardTest" classname="Tests.Browser.AdminDashboardTest" assertions="0" time="0.261549">
          <error type="Error">`Admin Dashboard Browser Tests` → `Dashboard Search and Filtering` → it can filter dashboard data by date rangeError: Call to undefined function browse()&#13;
at tests\Browser\AdminDashboardTest.php:193</error>
        </testcase>
        <testcase name="`Admin Dashboard Browser Tests` → `Dashboard Responsiveness and Performance` → it loads dashboard within acceptable time" file="tests\Browser\AdminDashboardTest.php::`Admin Dashboard Browser Tests` → `Dashboard Responsiveness and Performance` → it loads dashboard within acceptable time" class="Tests\Browser\AdminDashboardTest" classname="Tests.Browser.AdminDashboardTest" assertions="0" time="7.206818">
          <error type="Error">`Admin Dashboard Browser Tests` → `Dashboard Responsiveness and Performance` → it loads dashboard within acceptable timeError: Call to undefined function browse()&#13;
at tests\Browser\AdminDashboardTest.php:140</error>
        </testcase>
        <testcase name="`Admin Dashboard Browser Tests` → `Real-time Updates and Notifications` → it updates statistics in real-time" file="tests\Browser\AdminDashboardTest.php::`Admin Dashboard Browser Tests` → `Real-time Updates and Notifications` → it updates statistics in real-time" class="Tests\Browser\AdminDashboardTest" classname="Tests.Browser.AdminDashboardTest" assertions="0" time="0.313168">
          <error type="Error">`Admin Dashboard Browser Tests` → `Real-time Updates and Notifications` → it updates statistics in real-timeError: Call to undefined function browse()&#13;
at tests\Browser\AdminDashboardTest.php:256</error>
        </testcase>
        <testcase name="`Admin Dashboard Browser Tests` → `Dashboard Access and Navigation` → it can access admin dashboard when authenticated" file="tests\Browser\AdminDashboardTest.php::`Admin Dashboard Browser Tests` → `Dashboard Access and Navigation` → it can access admin dashboard when authenticated" class="Tests\Browser\AdminDashboardTest" classname="Tests.Browser.AdminDashboardTest" assertions="0" time="0.145347">
          <error type="Error">`Admin Dashboard Browser Tests` → `Dashboard Access and Navigation` → it can access admin dashboard when authenticatedError: Call to undefined function browse()&#13;
at tests\Browser\AdminDashboardTest.php:19</error>
        </testcase>
        <testcase name="`Admin Dashboard Browser Tests` → `Dashboard Statistics and Data` → it displays user statistics" file="tests\Browser\AdminDashboardTest.php::`Admin Dashboard Browser Tests` → `Dashboard Statistics and Data` → it displays user statistics" class="Tests\Browser\AdminDashboardTest" classname="Tests.Browser.AdminDashboardTest" assertions="0" time="0.210248">
          <error type="Error">`Admin Dashboard Browser Tests` → `Dashboard Statistics and Data` → it displays user statisticsError: Call to undefined function browse()&#13;
at tests\Browser\AdminDashboardTest.php:89</error>
        </testcase>
        <testcase name="`Admin Dashboard Browser Tests` → `Dashboard Access and Navigation` → it shows correct navigation menu for admin users" file="tests\Browser\AdminDashboardTest.php::`Admin Dashboard Browser Tests` → `Dashboard Access and Navigation` → it shows correct navigation menu for admin users" class="Tests\Browser\AdminDashboardTest" classname="Tests.Browser.AdminDashboardTest" assertions="0" time="0.123510">
          <error type="Error">`Admin Dashboard Browser Tests` → `Dashboard Access and Navigation` → it shows correct navigation menu for admin usersError: Call to undefined function browse()&#13;
at tests\Browser\AdminDashboardTest.php:38</error>
        </testcase>
        <testcase name="`Admin Dashboard Browser Tests` → `Quick Actions and Widget Interactions` → it can navigate to booking management from dashboard" file="tests\Browser\AdminDashboardTest.php::`Admin Dashboard Browser Tests` → `Quick Actions and Widget Interactions` → it can navigate to booking management from dashboard" class="Tests\Browser\AdminDashboardTest" classname="Tests.Browser.AdminDashboardTest" assertions="0" time="0.138282">
          <error type="Error">`Admin Dashboard Browser Tests` → `Quick Actions and Widget Interactions` → it can navigate to booking management from dashboardError: Call to undefined function browse()&#13;
at tests\Browser\AdminDashboardTest.php:113</error>
        </testcase>
        <testcase name="`Admin Dashboard Browser Tests` → `Error Handling and Edge Cases` → it displays error message when data fails to load" file="tests\Browser\AdminDashboardTest.php::`Admin Dashboard Browser Tests` → `Error Handling and Edge Cases` → it displays error message when data fails to load" class="Tests\Browser\AdminDashboardTest" classname="Tests.Browser.AdminDashboardTest" assertions="0" time="0.129792">
          <error type="Error">`Admin Dashboard Browser Tests` → `Error Handling and Edge Cases` → it displays error message when data fails to loadError: Call to undefined function browse()&#13;
at tests\Browser\AdminDashboardTest.php:222</error>
        </testcase>
        <testcase name="`Admin Dashboard Browser Tests` → `Dashboard Statistics and Data` → it displays correct vehicle statistics" file="tests\Browser\AdminDashboardTest.php::`Admin Dashboard Browser Tests` → `Dashboard Statistics and Data` → it displays correct vehicle statistics" class="Tests\Browser\AdminDashboardTest" classname="Tests.Browser.AdminDashboardTest" assertions="0" time="0.204453">
          <error type="BadMethodCallException">`Admin Dashboard Browser Tests` → `Dashboard Statistics and Data` → it displays correct vehicle statisticsBadMethodCallException: Call to undefined method Database\Factories\VehicleFactory::draft()&#13;
at vendor\laravel\framework\src\Illuminate\Support\Traits\ForwardsCalls.php:67
at vendor\laravel\framework\src\Illuminate\Database\Eloquent\Factories\Factory.php:1040
at tests\Browser\AdminDashboardTest.php:54</error>
        </testcase>
        <testcase name="`Admin Dashboard Browser Tests` → `Quick Actions and Widget Interactions` → it can navigate to vehicle management from dashboard" file="tests\Browser\AdminDashboardTest.php::`Admin Dashboard Browser Tests` → `Quick Actions and Widget Interactions` → it can navigate to vehicle management from dashboard" class="Tests\Browser\AdminDashboardTest" classname="Tests.Browser.AdminDashboardTest" assertions="0" time="0.121381">
          <error type="Error">`Admin Dashboard Browser Tests` → `Quick Actions and Widget Interactions` → it can navigate to vehicle management from dashboardError: Call to undefined function browse()&#13;
at tests\Browser\AdminDashboardTest.php:103</error>
        </testcase>
      </testsuite>
      <testsuite name="Tests\Browser\Enhanced\BookingFlowBrowserTest" file="tests\Browser\Enhanced\BookingFlowBrowserTest.php" tests="15" assertions="0" errors="15" failures="0" skipped="0" time="2.097728">
        <testcase name="`Vehicle Search and Filtering` → it can filter vehicles by transmission" file="tests\Browser\Enhanced\BookingFlowBrowserTest.php::`Vehicle Search and Filtering` → it can filter vehicles by transmission" class="Tests\Browser\Enhanced\BookingFlowBrowserTest" classname="Tests.Browser.Enhanced.BookingFlowBrowserTest" assertions="0" time="0.412606">
          <error type="Error">`Vehicle Search and Filtering` → it can filter vehicles by transmissionError: Call to undefined method Tests\Browser\Enhanced\BookingFlowBrowserTest::browse()&#13;
at tests\Browser\Enhanced\BookingFlowBrowserTest.php:138</error>
        </testcase>
        <testcase name="`Booking Flow Browser Tests` → it can complete full booking flow" file="tests\Browser\Enhanced\BookingFlowBrowserTest.php::`Booking Flow Browser Tests` → it can complete full booking flow" class="Tests\Browser\Enhanced\BookingFlowBrowserTest" classname="Tests.Browser.Enhanced.BookingFlowBrowserTest" assertions="0" time="0.134357">
          <error type="Error">`Booking Flow Browser Tests` → it can complete full booking flowError: Call to undefined method Tests\Browser\Enhanced\BookingFlowBrowserTest::browse()&#13;
at tests\Browser\Enhanced\BookingFlowBrowserTest.php:27</error>
        </testcase>
        <testcase name="`Performance and Accessibility` → it loads home page within performance budget" file="tests\Browser\Enhanced\BookingFlowBrowserTest.php::`Performance and Accessibility` → it loads home page within performance budget" class="Tests\Browser\Enhanced\BookingFlowBrowserTest" classname="Tests.Browser.Enhanced.BookingFlowBrowserTest" assertions="0" time="0.106058">
          <error type="Error">`Performance and Accessibility` → it loads home page within performance budgetError: Call to undefined method Tests\Browser\Enhanced\BookingFlowBrowserTest::browse()&#13;
at tests\Browser\Enhanced\BookingFlowBrowserTest.php:235</error>
        </testcase>
        <testcase name="`Booking Flow Browser Tests` → it handles payment processing for card payments" file="tests\Browser\Enhanced\BookingFlowBrowserTest.php::`Booking Flow Browser Tests` → it handles payment processing for card payments" class="Tests\Browser\Enhanced\BookingFlowBrowserTest" classname="Tests.Browser.Enhanced.BookingFlowBrowserTest" assertions="0" time="0.115807">
          <error type="Error">`Booking Flow Browser Tests` → it handles payment processing for card paymentsError: Call to undefined method Tests\Browser\Enhanced\BookingFlowBrowserTest::browse()&#13;
at tests\Browser\Enhanced\BookingFlowBrowserTest.php:91</error>
        </testcase>
        <testcase name="`Performance and Accessibility` → it has proper accessibility attributes" file="tests\Browser\Enhanced\BookingFlowBrowserTest.php::`Performance and Accessibility` → it has proper accessibility attributes" class="Tests\Browser\Enhanced\BookingFlowBrowserTest" classname="Tests.Browser.Enhanced.BookingFlowBrowserTest" assertions="0" time="0.096598">
          <error type="Error">`Performance and Accessibility` → it has proper accessibility attributesError: Call to undefined method Tests\Browser\Enhanced\BookingFlowBrowserTest::browse()&#13;
at tests\Browser\Enhanced\BookingFlowBrowserTest.php:247</error>
        </testcase>
        <testcase name="`Enhanced UI Components` → it shows image carousel with navigation" file="tests\Browser\Enhanced\BookingFlowBrowserTest.php::`Enhanced UI Components` → it shows image carousel with navigation" class="Tests\Browser\Enhanced\BookingFlowBrowserTest" classname="Tests.Browser.Enhanced.BookingFlowBrowserTest" assertions="0" time="0.175565">
          <error type="Error">`Enhanced UI Components` → it shows image carousel with navigationError: Call to undefined method Tests\Browser\Enhanced\BookingFlowBrowserTest::browse()&#13;
at tests\Browser\Enhanced\BookingFlowBrowserTest.php:197</error>
        </testcase>
        <testcase name="`Vehicle Search and Filtering` → it shows no results when filters match nothing" file="tests\Browser\Enhanced\BookingFlowBrowserTest.php::`Vehicle Search and Filtering` → it shows no results when filters match nothing" class="Tests\Browser\Enhanced\BookingFlowBrowserTest" classname="Tests.Browser.Enhanced.BookingFlowBrowserTest" assertions="0" time="0.127072">
          <error type="Error">`Vehicle Search and Filtering` → it shows no results when filters match nothingError: Call to undefined method Tests\Browser\Enhanced\BookingFlowBrowserTest::browse()&#13;
at tests\Browser\Enhanced\BookingFlowBrowserTest.php:165</error>
        </testcase>
        <testcase name="`Performance and Accessibility` → it handles errors gracefully" file="tests\Browser\Enhanced\BookingFlowBrowserTest.php::`Performance and Accessibility` → it handles errors gracefully" class="Tests\Browser\Enhanced\BookingFlowBrowserTest" classname="Tests.Browser.Enhanced.BookingFlowBrowserTest" assertions="0" time="0.088516">
          <error type="Error">`Performance and Accessibility` → it handles errors gracefullyError: Call to undefined method Tests\Browser\Enhanced\BookingFlowBrowserTest::browse()&#13;
at tests\Browser\Enhanced\BookingFlowBrowserTest.php:256</error>
        </testcase>
        <testcase name="`Booking Flow Browser Tests` → it displays image carousel correctly" file="tests\Browser\Enhanced\BookingFlowBrowserTest.php::`Booking Flow Browser Tests` → it displays image carousel correctly" class="Tests\Browser\Enhanced\BookingFlowBrowserTest" classname="Tests.Browser.Enhanced.BookingFlowBrowserTest" assertions="0" time="0.141889">
          <error type="Error">`Booking Flow Browser Tests` → it displays image carousel correctlyError: Call to undefined method Tests\Browser\Enhanced\BookingFlowBrowserTest::browse()&#13;
at tests\Browser\Enhanced\BookingFlowBrowserTest.php:63</error>
        </testcase>
        <testcase name="`Enhanced UI Components` → it shows responsive mobile navigation" file="tests\Browser\Enhanced\BookingFlowBrowserTest.php::`Enhanced UI Components` → it shows responsive mobile navigation" class="Tests\Browser\Enhanced\BookingFlowBrowserTest" classname="Tests.Browser.Enhanced.BookingFlowBrowserTest" assertions="0" time="0.109398">
          <error type="Error">`Enhanced UI Components` → it shows responsive mobile navigationError: Call to undefined method Tests\Browser\Enhanced\BookingFlowBrowserTest::browse()&#13;
at tests\Browser\Enhanced\BookingFlowBrowserTest.php:222</error>
        </testcase>
        <testcase name="`Booking Flow Browser Tests` → it shows booking confirmation for cash payments" file="tests\Browser\Enhanced\BookingFlowBrowserTest.php::`Booking Flow Browser Tests` → it shows booking confirmation for cash payments" class="Tests\Browser\Enhanced\BookingFlowBrowserTest" classname="Tests.Browser.Enhanced.BookingFlowBrowserTest" assertions="0" time="0.125067">
          <error type="Error">`Booking Flow Browser Tests` → it shows booking confirmation for cash paymentsError: Call to undefined method Tests\Browser\Enhanced\BookingFlowBrowserTest::browse()&#13;
at tests\Browser\Enhanced\BookingFlowBrowserTest.php:75</error>
        </testcase>
        <testcase name="`Enhanced UI Components` → it displays vehicle cards with enhanced design" file="tests\Browser\Enhanced\BookingFlowBrowserTest.php::`Enhanced UI Components` → it displays vehicle cards with enhanced design" class="Tests\Browser\Enhanced\BookingFlowBrowserTest" classname="Tests.Browser.Enhanced.BookingFlowBrowserTest" assertions="0" time="0.110463">
          <error type="Error">`Enhanced UI Components` → it displays vehicle cards with enhanced designError: Call to undefined method Tests\Browser\Enhanced\BookingFlowBrowserTest::browse()&#13;
at tests\Browser\Enhanced\BookingFlowBrowserTest.php:212</error>
        </testcase>
        <testcase name="`Enhanced UI Components` → it displays enhanced header with new branding" file="tests\Browser\Enhanced\BookingFlowBrowserTest.php::`Enhanced UI Components` → it displays enhanced header with new branding" class="Tests\Browser\Enhanced\BookingFlowBrowserTest" classname="Tests.Browser.Enhanced.BookingFlowBrowserTest" assertions="0" time="0.107502">
          <error type="Error">`Enhanced UI Components` → it displays enhanced header with new brandingError: Call to undefined method Tests\Browser\Enhanced\BookingFlowBrowserTest::browse()&#13;
at tests\Browser\Enhanced\BookingFlowBrowserTest.php:187</error>
        </testcase>
        <testcase name="`Booking Flow Browser Tests` → it validates booking form correctly" file="tests\Browser\Enhanced\BookingFlowBrowserTest.php::`Booking Flow Browser Tests` → it validates booking form correctly" class="Tests\Browser\Enhanced\BookingFlowBrowserTest" classname="Tests.Browser.Enhanced.BookingFlowBrowserTest" assertions="0" time="0.132038">
          <error type="Error">`Booking Flow Browser Tests` → it validates booking form correctlyError: Call to undefined method Tests\Browser\Enhanced\BookingFlowBrowserTest::browse()&#13;
at tests\Browser\Enhanced\BookingFlowBrowserTest.php:51</error>
        </testcase>
        <testcase name="`Vehicle Search and Filtering` → it can filter vehicles by price range" file="tests\Browser\Enhanced\BookingFlowBrowserTest.php::`Vehicle Search and Filtering` → it can filter vehicles by price range" class="Tests\Browser\Enhanced\BookingFlowBrowserTest" classname="Tests.Browser.Enhanced.BookingFlowBrowserTest" assertions="0" time="0.114792">
          <error type="Error">`Vehicle Search and Filtering` → it can filter vehicles by price rangeError: Call to undefined method Tests\Browser\Enhanced\BookingFlowBrowserTest::browse()&#13;
at tests\Browser\Enhanced\BookingFlowBrowserTest.php:151</error>
        </testcase>
      </testsuite>
      <testsuite name="Tests\Browser\CompleteApplicationFlowTest" file="tests\Browser\CompleteApplicationFlowTest.php" tests="9" assertions="0" errors="9" failures="0" skipped="0" time="1.629187">
        <testcase name="`Complete Application Flow E2E Tests` → it completes full vehicle rental workflow" file="tests\Browser\CompleteApplicationFlowTest.php::`Complete Application Flow E2E Tests` → it completes full vehicle rental workflow" class="Tests\Browser\CompleteApplicationFlowTest" classname="Tests.Browser.CompleteApplicationFlowTest" assertions="0" time="0.174013">
          <error type="Error">`Complete Application Flow E2E Tests` → it completes full vehicle rental workflowError: Call to undefined method Tests\Browser\CompleteApplicationFlowTest::browse()&#13;
at tests\Browser\CompleteApplicationFlowTest.php:89</error>
        </testcase>
        <testcase name="`Complete Application Flow E2E Tests` → it handles search and filtering performance" file="tests\Browser\CompleteApplicationFlowTest.php::`Complete Application Flow E2E Tests` → it handles search and filtering performance" class="Tests\Browser\CompleteApplicationFlowTest" classname="Tests.Browser.CompleteApplicationFlowTest" assertions="0" time="0.621259">
          <error type="Error">`Complete Application Flow E2E Tests` → it handles search and filtering performanceError: Call to undefined method Tests\Browser\CompleteApplicationFlowTest::browse()&#13;
at tests\Browser\CompleteApplicationFlowTest.php:282</error>
        </testcase>
        <testcase name="`Complete Application Flow E2E Tests` → it completes full vehicle owner workflow" file="tests\Browser\CompleteApplicationFlowTest.php::`Complete Application Flow E2E Tests` → it completes full vehicle owner workflow" class="Tests\Browser\CompleteApplicationFlowTest" classname="Tests.Browser.CompleteApplicationFlowTest" assertions="0" time="0.096745">
          <error type="Error">`Complete Application Flow E2E Tests` → it completes full vehicle owner workflowError: Call to undefined method Tests\Browser\CompleteApplicationFlowTest::browse()&#13;
at tests\Browser\CompleteApplicationFlowTest.php:35</error>
        </testcase>
        <testcase name="`Complete Application Flow E2E Tests` → it handles booking conflicts correctly" file="tests\Browser\CompleteApplicationFlowTest.php::`Complete Application Flow E2E Tests` → it handles booking conflicts correctly" class="Tests\Browser\CompleteApplicationFlowTest" classname="Tests.Browser.CompleteApplicationFlowTest" assertions="0" time="0.128418">
          <error type="Error">`Complete Application Flow E2E Tests` → it handles booking conflicts correctlyError: Call to undefined method Tests\Browser\CompleteApplicationFlowTest::browse()&#13;
at tests\Browser\CompleteApplicationFlowTest.php:151</error>
        </testcase>
        <testcase name="`Complete Application Flow E2E Tests` → it handles responsive design across devices" file="tests\Browser\CompleteApplicationFlowTest.php::`Complete Application Flow E2E Tests` → it handles responsive design across devices" class="Tests\Browser\CompleteApplicationFlowTest" classname="Tests.Browser.CompleteApplicationFlowTest" assertions="0" time="0.130585">
          <error type="Error">`Complete Application Flow E2E Tests` → it handles responsive design across devicesError: Call to undefined method Tests\Browser\CompleteApplicationFlowTest::browse()&#13;
at tests\Browser\CompleteApplicationFlowTest.php:249</error>
        </testcase>
        <testcase name="`Complete Application Flow E2E Tests` → it completes admin management workflow" file="tests\Browser\CompleteApplicationFlowTest.php::`Complete Application Flow E2E Tests` → it completes admin management workflow" class="Tests\Browser\CompleteApplicationFlowTest" classname="Tests.Browser.CompleteApplicationFlowTest" assertions="0" time="0.123230">
          <error type="Error">`Complete Application Flow E2E Tests` → it completes admin management workflowError: Call to undefined method Tests\Browser\CompleteApplicationFlowTest::browse()&#13;
at tests\Browser\CompleteApplicationFlowTest.php:198</error>
        </testcase>
        <testcase name="`Complete Application Flow E2E Tests` → it maintains state during navigation" file="tests\Browser\CompleteApplicationFlowTest.php::`Complete Application Flow E2E Tests` → it maintains state during navigation" class="Tests\Browser\CompleteApplicationFlowTest" classname="Tests.Browser.CompleteApplicationFlowTest" assertions="0" time="0.128794">
          <error type="Error">`Complete Application Flow E2E Tests` → it maintains state during navigationError: Call to undefined method Tests\Browser\CompleteApplicationFlowTest::browse()&#13;
at tests\Browser\CompleteApplicationFlowTest.php:301</error>
        </testcase>
        <testcase name="`Complete Application Flow E2E Tests` → it handles error scenarios gracefully" file="tests\Browser\CompleteApplicationFlowTest.php::`Complete Application Flow E2E Tests` → it handles error scenarios gracefully" class="Tests\Browser\CompleteApplicationFlowTest" classname="Tests.Browser.CompleteApplicationFlowTest" assertions="0" time="0.111784">
          <error type="Error">`Complete Application Flow E2E Tests` → it handles error scenarios gracefullyError: Call to undefined method Tests\Browser\CompleteApplicationFlowTest::browse()&#13;
at tests\Browser\CompleteApplicationFlowTest.php:323</error>
        </testcase>
        <testcase name="`Complete Application Flow E2E Tests` → it supports multiple languages" file="tests\Browser\CompleteApplicationFlowTest.php::`Complete Application Flow E2E Tests` → it supports multiple languages" class="Tests\Browser\CompleteApplicationFlowTest" classname="Tests.Browser.CompleteApplicationFlowTest" assertions="0" time="0.114359">
          <error type="Error">`Complete Application Flow E2E Tests` → it supports multiple languagesError: Call to undefined method Tests\Browser\CompleteApplicationFlowTest::browse()&#13;
at tests\Browser\CompleteApplicationFlowTest.php:350</error>
        </testcase>
      </testsuite>
      <testsuite name="Tests\Browser\VehicleManagementBrowserTest" file="tests\Browser\VehicleManagementBrowserTest.php" tests="19" assertions="0" errors="19" failures="0" skipped="0" time="3.347166">
        <testcase name="`Vehicle Management Browser Tests` → `Access Control and Permissions` → it allows owners to edit only their vehicles" file="tests\Browser\VehicleManagementBrowserTest.php::`Vehicle Management Browser Tests` → `Access Control and Permissions` → it allows owners to edit only their vehicles" class="Tests\Browser\VehicleManagementBrowserTest" classname="Tests.Browser.VehicleManagementBrowserTest" assertions="0" time="0.137496">
          <error type="Error">`Vehicle Management Browser Tests` → `Access Control and Permissions` → it allows owners to edit only their vehiclesError: Call to undefined function browse()&#13;
at tests\Browser\VehicleManagementBrowserTest.php:335</error>
        </testcase>
        <testcase name="`Vehicle Management Browser Tests` → `Bulk Operations` → it can bulk delete vehicles" file="tests\Browser\VehicleManagementBrowserTest.php::`Vehicle Management Browser Tests` → `Bulk Operations` → it can bulk delete vehicles" class="Tests\Browser\VehicleManagementBrowserTest" classname="Tests.Browser.VehicleManagementBrowserTest" assertions="0" time="0.130421">
          <error type="Error">`Vehicle Management Browser Tests` → `Bulk Operations` → it can bulk delete vehiclesError: Call to undefined function browse()&#13;
at tests\Browser\VehicleManagementBrowserTest.php:304</error>
        </testcase>
        <testcase name="`Vehicle Management Browser Tests` → `Vehicle Creation` → it can create a new vehicle with all details" file="tests\Browser\VehicleManagementBrowserTest.php::`Vehicle Management Browser Tests` → `Vehicle Creation` → it can create a new vehicle with all details" class="Tests\Browser\VehicleManagementBrowserTest" classname="Tests.Browser.VehicleManagementBrowserTest" assertions="0" time="0.072244">
          <error type="Error">`Vehicle Management Browser Tests` → `Vehicle Creation` → it can create a new vehicle with all detailsError: Call to undefined function browse()&#13;
at tests\Browser\VehicleManagementBrowserTest.php:105</error>
        </testcase>
        <testcase name="`Vehicle Management Browser Tests` → `Performance and User Experience` → it loads vehicle list quickly with many vehicles" file="tests\Browser\VehicleManagementBrowserTest.php::`Vehicle Management Browser Tests` → `Performance and User Experience` → it loads vehicle list quickly with many vehicles" class="Tests\Browser\VehicleManagementBrowserTest" classname="Tests.Browser.VehicleManagementBrowserTest" assertions="0" time="1.055819">
          <error type="Error">`Vehicle Management Browser Tests` → `Performance and User Experience` → it loads vehicle list quickly with many vehiclesError: Call to undefined function browse()&#13;
at tests\Browser\VehicleManagementBrowserTest.php:351</error>
        </testcase>
        <testcase name="`Vehicle Management Browser Tests` → `Performance and User Experience` → it provides real-time validation feedback" file="tests\Browser\VehicleManagementBrowserTest.php::`Vehicle Management Browser Tests` → `Performance and User Experience` → it provides real-time validation feedback" class="Tests\Browser\VehicleManagementBrowserTest" classname="Tests.Browser.VehicleManagementBrowserTest" assertions="0" time="0.097779">
          <error type="Error">`Vehicle Management Browser Tests` → `Performance and User Experience` → it provides real-time validation feedbackError: Call to undefined function browse()&#13;
at tests\Browser\VehicleManagementBrowserTest.php:376</error>
        </testcase>
        <testcase name="`Vehicle Management Browser Tests` → `Access Control and Permissions` → it restricts vehicle creation to authorized users" file="tests\Browser\VehicleManagementBrowserTest.php::`Vehicle Management Browser Tests` → `Access Control and Permissions` → it restricts vehicle creation to authorized users" class="Tests\Browser\VehicleManagementBrowserTest" classname="Tests.Browser.VehicleManagementBrowserTest" assertions="0" time="0.116330">
          <error type="Error">`Vehicle Management Browser Tests` → `Access Control and Permissions` → it restricts vehicle creation to authorized usersError: Call to undefined function browse()&#13;
at tests\Browser\VehicleManagementBrowserTest.php:323</error>
        </testcase>
        <testcase name="`Vehicle Management Browser Tests` → `Vehicle Listing and Search` → it can filter vehicles by status" file="tests\Browser\VehicleManagementBrowserTest.php::`Vehicle Management Browser Tests` → `Vehicle Listing and Search` → it can filter vehicles by status" class="Tests\Browser\VehicleManagementBrowserTest" classname="Tests.Browser.VehicleManagementBrowserTest" assertions="0" time="0.141905">
          <error type="BadMethodCallException">`Vehicle Management Browser Tests` → `Vehicle Listing and Search` → it can filter vehicles by statusBadMethodCallException: Call to undefined method Database\Factories\VehicleFactory::draft()&#13;
at vendor\laravel\framework\src\Illuminate\Support\Traits\ForwardsCalls.php:67
at vendor\laravel\framework\src\Illuminate\Database\Eloquent\Factories\Factory.php:1040
at tests\Browser\VehicleManagementBrowserTest.php:63</error>
        </testcase>
        <testcase name="`Vehicle Management Browser Tests` → `Vehicle Editing and Updates` → it can add and remove vehicle images" file="tests\Browser\VehicleManagementBrowserTest.php::`Vehicle Management Browser Tests` → `Vehicle Editing and Updates` → it can add and remove vehicle images" class="Tests\Browser\VehicleManagementBrowserTest" classname="Tests.Browser.VehicleManagementBrowserTest" assertions="0" time="0.110187">
          <error type="Error">`Vehicle Management Browser Tests` → `Vehicle Editing and Updates` → it can add and remove vehicle imagesError: Call to undefined function browse()&#13;
at tests\Browser\VehicleManagementBrowserTest.php:212</error>
        </testcase>
        <testcase name="`Vehicle Management Browser Tests` → `Vehicle Listing and Search` → it displays vehicle list correctly" file="tests\Browser\VehicleManagementBrowserTest.php::`Vehicle Management Browser Tests` → `Vehicle Listing and Search` → it displays vehicle list correctly" class="Tests\Browser\VehicleManagementBrowserTest" classname="Tests.Browser.VehicleManagementBrowserTest" assertions="0" time="0.133393">
          <error type="Error">`Vehicle Management Browser Tests` → `Vehicle Listing and Search` → it displays vehicle list correctlyError: Call to undefined function browse()&#13;
at tests\Browser\VehicleManagementBrowserTest.php:24</error>
        </testcase>
        <testcase name="`Vehicle Management Browser Tests` → `Vehicle Creation` → it validates required fields during vehicle creation" file="tests\Browser\VehicleManagementBrowserTest.php::`Vehicle Management Browser Tests` → `Vehicle Creation` → it validates required fields during vehicle creation" class="Tests\Browser\VehicleManagementBrowserTest" classname="Tests.Browser.VehicleManagementBrowserTest" assertions="0" time="0.091135">
          <error type="Error">`Vehicle Management Browser Tests` → `Vehicle Creation` → it validates required fields during vehicle creationError: Call to undefined function browse()&#13;
at tests\Browser\VehicleManagementBrowserTest.php:129</error>
        </testcase>
        <testcase name="`Vehicle Management Browser Tests` → `Vehicle Creation` → it can upload vehicle images during creation" file="tests\Browser\VehicleManagementBrowserTest.php::`Vehicle Management Browser Tests` → `Vehicle Creation` → it can upload vehicle images during creation" class="Tests\Browser\VehicleManagementBrowserTest" classname="Tests.Browser.VehicleManagementBrowserTest" assertions="0" time="0.203075">
          <error type="Error">`Vehicle Management Browser Tests` → `Vehicle Creation` → it can upload vehicle images during creationError: Call to undefined function browse()&#13;
at tests\Browser\VehicleManagementBrowserTest.php:142</error>
        </testcase>
        <testcase name="`Vehicle Management Browser Tests` → `Vehicle Details and View` → it displays vehicle details correctly" file="tests\Browser\VehicleManagementBrowserTest.php::`Vehicle Management Browser Tests` → `Vehicle Details and View` → it displays vehicle details correctly" class="Tests\Browser\VehicleManagementBrowserTest" classname="Tests.Browser.VehicleManagementBrowserTest" assertions="0" time="0.097533">
          <error type="Illuminate\Database\QueryException">`Vehicle Management Browser Tests` → `Vehicle Details and View` → it displays vehicle details correctlyIlluminate\Database\QueryException: SQLSTATE[HY000]: General error: 1 table car_rental_vehicles has no column named seating_capacity (Connection: sqlite, SQL: insert into "car_rental_vehicles" ("owner_id", "make", "model", "year", "color", "plate_number", "vin", "category", "fuel_type", "transmission", "seats", "doors", "engine_size", "mileage", "daily_rate", "location", "pickup_location", "is_available", "insurance_included", "insurance_expiry", "description", "terms_and_conditions", "oil_type", "last_oil_change", "policy", "featured_image", "status", "seating_capacity", "updated_at", "created_at") values (2, Mercedes, C-Class, 2023, Blue, uwl-6944, 16i1n6p1w4w9d7c8m6d, midsize, petrol, automatic, 7, 5, 2.2, 72977, 200, Port Romanfurt, 2778 Quitzon Points
Weissnatberg, DE 17740, 1, 0, 2027-01-17 07:12:19, Luxury sedan with premium features, Ducimus ratione iusto ea voluptatibus eveniet voluptatem. Exercitationem qui dolorum voluptatibus sit fugiat illum. Eaque ea dolores quia vero debitis cum temporibus., 5W-30, 2025-02-22 16:06:54, Ea laudantium vel praesentium eaque. Rerum ut aut qui non., vehicles/midsize-honda-accord.jpg, published, 5, 2025-09-24 12:47:11, 2025-09-24 12:47:11))&#13;
at vendor\laravel\framework\src\Illuminate\Database\Connection.php:564
at vendor\laravel\framework\src\Illuminate\Database\Connection.php:811
at vendor\laravel\framework\src\Illuminate\Database\Connection.php:778
at vendor\laravel\framework\src\Illuminate\Database\Connection.php:559
at vendor\laravel\framework\src\Illuminate\Database\Connection.php:523
at vendor\laravel\framework\src\Illuminate\Database\Query\Processors\Processor.php:32
at vendor\laravel\framework\src\Illuminate\Database\Query\Builder.php:3853
at vendor\laravel\framework\src\Illuminate\Database\Eloquent\Builder.php:2235
at vendor\laravel\framework\src\Illuminate\Database\Eloquent\Model.php:1436
at vendor\laravel\framework\src\Illuminate\Database\Eloquent\Model.php:1401
at vendor\laravel\framework\src\Illuminate\Database\Eloquent\Model.php:1240
at vendor\laravel\framework\src\Illuminate\Database\Eloquent\Factories\Factory.php:370
at vendor\laravel\framework\src\Illuminate\Collections\Traits\EnumeratesValues.php:271
at vendor\laravel\framework\src\Illuminate\Database\Eloquent\Factories\Factory.php:365
at vendor\laravel\framework\src\Illuminate\Database\Eloquent\Factories\Factory.php:321
at vendor\laravel\framework\src\Illuminate\Database\Eloquent\Factories\Factory.php:315
at tests\Browser\VehicleManagementBrowserTest.php:239
Caused by
PDOException: SQLSTATE[HY000]: General error: 1 table car_rental_vehicles has no column named seating_capacity

at vendor\laravel\framework\src\Illuminate\Database\Connection.php:564
at vendor\laravel\framework\src\Illuminate\Database\Connection.php:811
at vendor\laravel\framework\src\Illuminate\Database\Connection.php:778
at vendor\laravel\framework\src\Illuminate\Database\Connection.php:559
at vendor\laravel\framework\src\Illuminate\Database\Connection.php:523
at vendor\laravel\framework\src\Illuminate\Database\Query\Processors\Processor.php:32
at vendor\laravel\framework\src\Illuminate\Database\Query\Builder.php:3853
at vendor\laravel\framework\src\Illuminate\Database\Eloquent\Builder.php:2235
at vendor\laravel\framework\src\Illuminate\Database\Eloquent\Model.php:1436
at vendor\laravel\framework\src\Illuminate\Database\Eloquent\Model.php:1401
at vendor\laravel\framework\src\Illuminate\Database\Eloquent\Model.php:1240
at vendor\laravel\framework\src\Illuminate\Database\Eloquent\Factories\Factory.php:370
at vendor\laravel\framework\src\Illuminate\Collections\Traits\EnumeratesValues.php:271
at vendor\laravel\framework\src\Illuminate\Database\Eloquent\Factories\Factory.php:365
at vendor\laravel\framework\src\Illuminate\Database\Eloquent\Factories\Factory.php:321
at vendor\laravel\framework\src\Illuminate\Database\Eloquent\Factories\Factory.php:315
at tests\Browser\VehicleManagementBrowserTest.php:239</error>
        </testcase>
        <testcase name="`Vehicle Management Browser Tests` → `Performance and User Experience` → it handles image upload progress correctly" file="tests\Browser\VehicleManagementBrowserTest.php::`Vehicle Management Browser Tests` → `Performance and User Experience` → it handles image upload progress correctly" class="Tests\Browser\VehicleManagementBrowserTest" classname="Tests.Browser.VehicleManagementBrowserTest" assertions="0" time="0.099608">
          <error type="Error">`Vehicle Management Browser Tests` → `Performance and User Experience` → it handles image upload progress correctlyError: Call to undefined function browse()&#13;
at tests\Browser\VehicleManagementBrowserTest.php:362</error>
        </testcase>
        <testcase name="`Vehicle Management Browser Tests` → `Vehicle Listing and Search` → it can sort vehicles by different criteria" file="tests\Browser\VehicleManagementBrowserTest.php::`Vehicle Management Browser Tests` → `Vehicle Listing and Search` → it can sort vehicles by different criteria" class="Tests\Browser\VehicleManagementBrowserTest" classname="Tests.Browser.VehicleManagementBrowserTest" assertions="0" time="0.116360">
          <error type="Error">`Vehicle Management Browser Tests` → `Vehicle Listing and Search` → it can sort vehicles by different criteriaError: Call to undefined function browse()&#13;
at tests\Browser\VehicleManagementBrowserTest.php:90</error>
        </testcase>
        <testcase name="`Vehicle Management Browser Tests` → `Vehicle Editing and Updates` → it can edit existing vehicle details" file="tests\Browser\VehicleManagementBrowserTest.php::`Vehicle Management Browser Tests` → `Vehicle Editing and Updates` → it can edit existing vehicle details" class="Tests\Browser\VehicleManagementBrowserTest" classname="Tests.Browser.VehicleManagementBrowserTest" assertions="0" time="0.132078">
          <error type="Error">`Vehicle Management Browser Tests` → `Vehicle Editing and Updates` → it can edit existing vehicle detailsError: Call to undefined function browse()&#13;
at tests\Browser\VehicleManagementBrowserTest.php:173</error>
        </testcase>
        <testcase name="`Vehicle Management Browser Tests` → `Vehicle Listing and Search` → it can search vehicles by make and model" file="tests\Browser\VehicleManagementBrowserTest.php::`Vehicle Management Browser Tests` → `Vehicle Listing and Search` → it can search vehicles by make and model" class="Tests\Browser\VehicleManagementBrowserTest" classname="Tests.Browser.VehicleManagementBrowserTest" assertions="0" time="0.168778">
          <error type="Error">`Vehicle Management Browser Tests` → `Vehicle Listing and Search` → it can search vehicles by make and modelError: Call to undefined function browse()&#13;
at tests\Browser\VehicleManagementBrowserTest.php:46</error>
        </testcase>
        <testcase name="`Vehicle Management Browser Tests` → `Bulk Operations` → it can perform bulk status updates" file="tests\Browser\VehicleManagementBrowserTest.php::`Vehicle Management Browser Tests` → `Bulk Operations` → it can perform bulk status updates" class="Tests\Browser\VehicleManagementBrowserTest" classname="Tests.Browser.VehicleManagementBrowserTest" assertions="0" time="0.114557">
          <error type="BadMethodCallException">`Vehicle Management Browser Tests` → `Bulk Operations` → it can perform bulk status updatesBadMethodCallException: Call to undefined method Database\Factories\VehicleFactory::draft()&#13;
at vendor\laravel\framework\src\Illuminate\Support\Traits\ForwardsCalls.php:67
at vendor\laravel\framework\src\Illuminate\Database\Eloquent\Factories\Factory.php:1040
at tests\Browser\VehicleManagementBrowserTest.php:285</error>
        </testcase>
        <testcase name="`Vehicle Management Browser Tests` → `Vehicle Editing and Updates` → it can update vehicle status" file="tests\Browser\VehicleManagementBrowserTest.php::`Vehicle Management Browser Tests` → `Vehicle Editing and Updates` → it can update vehicle status" class="Tests\Browser\VehicleManagementBrowserTest" classname="Tests.Browser.VehicleManagementBrowserTest" assertions="0" time="0.119375">
          <error type="BadMethodCallException">`Vehicle Management Browser Tests` → `Vehicle Editing and Updates` → it can update vehicle statusBadMethodCallException: Call to undefined method Database\Factories\VehicleFactory::draft()&#13;
at vendor\laravel\framework\src\Illuminate\Support\Traits\ForwardsCalls.php:67
at vendor\laravel\framework\src\Illuminate\Database\Eloquent\Factories\Factory.php:1040
at tests\Browser\VehicleManagementBrowserTest.php:191</error>
        </testcase>
        <testcase name="`Vehicle Management Browser Tests` → `Vehicle Details and View` → it shows vehicle booking history" file="tests\Browser\VehicleManagementBrowserTest.php::`Vehicle Management Browser Tests` → `Vehicle Details and View` → it shows vehicle booking history" class="Tests\Browser\VehicleManagementBrowserTest" classname="Tests.Browser.VehicleManagementBrowserTest" assertions="0" time="0.209092">
          <error type="Error">`Vehicle Management Browser Tests` → `Vehicle Details and View` → it shows vehicle booking historyError: Call to undefined function browse()&#13;
at tests\Browser\VehicleManagementBrowserTest.php:274</error>
        </testcase>
      </testsuite>
      <testsuite name="Tests\Browser\UserAuthenticationTest" file="tests\Browser\UserAuthenticationTest.php" tests="31" assertions="0" errors="31" failures="0" skipped="0" time="5.675828">
        <testcase name="`User Authentication Browser Tests` → `Session Management and Security` → it maintains session across page navigation" file="tests\Browser\UserAuthenticationTest.php::`User Authentication Browser Tests` → `Session Management and Security` → it maintains session across page navigation" class="Tests\Browser\UserAuthenticationTest" classname="Tests.Browser.UserAuthenticationTest" assertions="0" time="0.423462">
          <error type="Error">`User Authentication Browser Tests` → `Session Management and Security` → it maintains session across page navigationError: Call to undefined function browse()&#13;
at tests\Browser\UserAuthenticationTest.php:334</error>
        </testcase>
        <testcase name="`User Authentication Browser Tests` → `Mobile Authentication Experience` → it displays authentication forms correctly on mobile" file="tests\Browser\UserAuthenticationTest.php::`User Authentication Browser Tests` → `Mobile Authentication Experience` → it displays authentication forms correctly on mobile" class="Tests\Browser\UserAuthenticationTest" classname="Tests.Browser.UserAuthenticationTest" assertions="0" time="0.175214">
          <error type="Error">`User Authentication Browser Tests` → `Mobile Authentication Experience` → it displays authentication forms correctly on mobileError: Call to undefined function browse()&#13;
at tests\Browser\UserAuthenticationTest.php:448</error>
        </testcase>
        <testcase name="`User Authentication Browser Tests` → `Email Verification Process` → it prompts unverified users to verify email" file="tests\Browser\UserAuthenticationTest.php::`User Authentication Browser Tests` → `Email Verification Process` → it prompts unverified users to verify email" class="Tests\Browser\UserAuthenticationTest" classname="Tests.Browser.UserAuthenticationTest" assertions="0" time="0.214915">
          <error type="Error">`User Authentication Browser Tests` → `Email Verification Process` → it prompts unverified users to verify emailError: Call to undefined function browse()&#13;
at tests\Browser\UserAuthenticationTest.php:211</error>
        </testcase>
        <testcase name="`User Authentication Browser Tests` → `User Profile Management` → it can change password" file="tests\Browser\UserAuthenticationTest.php::`User Authentication Browser Tests` → `User Profile Management` → it can change password" class="Tests\Browser\UserAuthenticationTest" classname="Tests.Browser.UserAuthenticationTest" assertions="0" time="0.141820">
          <error type="Error">`User Authentication Browser Tests` → `User Profile Management` → it can change passwordError: Call to undefined function browse()&#13;
at tests\Browser\UserAuthenticationTest.php:419</error>
        </testcase>
        <testcase name="`User Authentication Browser Tests` → `Role-Based Access Control` → it redirects users to appropriate dashboard based on role" file="tests\Browser\UserAuthenticationTest.php::`User Authentication Browser Tests` → `Role-Based Access Control` → it redirects users to appropriate dashboard based on role" class="Tests\Browser\UserAuthenticationTest" classname="Tests.Browser.UserAuthenticationTest" assertions="0" time="0.134886">
          <error type="Error">`User Authentication Browser Tests` → `Role-Based Access Control` → it redirects users to appropriate dashboard based on roleError: Call to undefined function browse()&#13;
at tests\Browser\UserAuthenticationTest.php:287</error>
        </testcase>
        <testcase name="`User Authentication Browser Tests` → `Password Reset Process` → it validates email for password reset" file="tests\Browser\UserAuthenticationTest.php::`User Authentication Browser Tests` → `Password Reset Process` → it validates email for password reset" class="Tests\Browser\UserAuthenticationTest" classname="Tests.Browser.UserAuthenticationTest" assertions="0" time="0.165370">
          <error type="Error">`User Authentication Browser Tests` → `Password Reset Process` → it validates email for password resetError: Call to undefined function browse()&#13;
at tests\Browser\UserAuthenticationTest.php:171</error>
        </testcase>
        <testcase name="`User Authentication Browser Tests` → `Role-Based Access Control` → it restricts access to admin-only features" file="tests\Browser\UserAuthenticationTest.php::`User Authentication Browser Tests` → `Role-Based Access Control` → it restricts access to admin-only features" class="Tests\Browser\UserAuthenticationTest" classname="Tests.Browser.UserAuthenticationTest" assertions="0" time="0.144246">
          <error type="Error">`User Authentication Browser Tests` → `Role-Based Access Control` → it restricts access to admin-only featuresError: Call to undefined function browse()&#13;
at tests\Browser\UserAuthenticationTest.php:313</error>
        </testcase>
        <testcase name="`User Authentication Browser Tests` → `Mobile Authentication Experience` → it handles mobile registration flow" file="tests\Browser\UserAuthenticationTest.php::`User Authentication Browser Tests` → `Mobile Authentication Experience` → it handles mobile registration flow" class="Tests\Browser\UserAuthenticationTest" classname="Tests.Browser.UserAuthenticationTest" assertions="0" time="0.176554">
          <error type="Error">`User Authentication Browser Tests` → `Mobile Authentication Experience` → it handles mobile registration flowError: Call to undefined function browse()&#13;
at tests\Browser\UserAuthenticationTest.php:462</error>
        </testcase>
        <testcase name="`User Authentication Browser Tests` → `Error Handling and Recovery` → it handles server errors gracefully during login" file="tests\Browser\UserAuthenticationTest.php::`User Authentication Browser Tests` → `Error Handling and Recovery` → it handles server errors gracefully during login" class="Tests\Browser\UserAuthenticationTest" classname="Tests.Browser.UserAuthenticationTest" assertions="0" time="0.182153">
          <error type="Error">`User Authentication Browser Tests` → `Error Handling and Recovery` → it handles server errors gracefully during loginError: Call to undefined function browse()&#13;
at tests\Browser\UserAuthenticationTest.php:480</error>
        </testcase>
        <testcase name="`User Authentication Browser Tests` → `User Registration Process` → it validates password confirmation" file="tests\Browser\UserAuthenticationTest.php::`User Authentication Browser Tests` → `User Registration Process` → it validates password confirmation" class="Tests\Browser\UserAuthenticationTest" classname="Tests.Browser.UserAuthenticationTest" assertions="0" time="0.178961">
          <error type="Error">`User Authentication Browser Tests` → `User Registration Process` → it validates password confirmationError: Call to undefined function browse()&#13;
at tests\Browser\UserAuthenticationTest.php:112</error>
        </testcase>
        <testcase name="`User Authentication Browser Tests` → `User Login Process` → it can login with valid credentials" file="tests\Browser\UserAuthenticationTest.php::`User Authentication Browser Tests` → `User Login Process` → it can login with valid credentials" class="Tests\Browser\UserAuthenticationTest" classname="Tests.Browser.UserAuthenticationTest" assertions="0" time="0.241491">
          <error type="Error">`User Authentication Browser Tests` → `User Login Process` → it can login with valid credentialsError: Call to undefined function browse()&#13;
at tests\Browser\UserAuthenticationTest.php:27</error>
        </testcase>
        <testcase name="`User Authentication Browser Tests` → `User Registration Process` → it can register a new user account" file="tests\Browser\UserAuthenticationTest.php::`User Authentication Browser Tests` → `User Registration Process` → it can register a new user account" class="Tests\Browser\UserAuthenticationTest" classname="Tests.Browser.UserAuthenticationTest" assertions="0" time="0.187678">
          <error type="Error">`User Authentication Browser Tests` → `User Registration Process` → it can register a new user accountError: Call to undefined function browse()&#13;
at tests\Browser\UserAuthenticationTest.php:85</error>
        </testcase>
        <testcase name="`User Authentication Browser Tests` → `Role-Based Access Control` → it allows owners to manage their own content only" file="tests\Browser\UserAuthenticationTest.php::`User Authentication Browser Tests` → `Role-Based Access Control` → it allows owners to manage their own content only" class="Tests\Browser\UserAuthenticationTest" classname="Tests.Browser.UserAuthenticationTest" assertions="0" time="0.150775">
          <error type="Error">`User Authentication Browser Tests` → `Role-Based Access Control` → it allows owners to manage their own content onlyError: Call to undefined function browse()&#13;
at tests\Browser\UserAuthenticationTest.php:322</error>
        </testcase>
        <testcase name="`User Authentication Browser Tests` → `User Registration Process` → it validates unique email address" file="tests\Browser\UserAuthenticationTest.php::`User Authentication Browser Tests` → `User Registration Process` → it validates unique email address" class="Tests\Browser\UserAuthenticationTest" classname="Tests.Browser.UserAuthenticationTest" assertions="0" time="0.160119">
          <error type="Error">`User Authentication Browser Tests` → `User Registration Process` → it validates unique email addressError: Call to undefined function browse()&#13;
at tests\Browser\UserAuthenticationTest.php:126</error>
        </testcase>
        <testcase name="`User Authentication Browser Tests` → `User Registration Process` → it validates registration form fields" file="tests\Browser\UserAuthenticationTest.php::`User Authentication Browser Tests` → `User Registration Process` → it validates registration form fields" class="Tests\Browser\UserAuthenticationTest" classname="Tests.Browser.UserAuthenticationTest" assertions="0" time="0.155875">
          <error type="Error">`User Authentication Browser Tests` → `User Registration Process` → it validates registration form fieldsError: Call to undefined function browse()&#13;
at tests\Browser\UserAuthenticationTest.php:101</error>
        </testcase>
        <testcase name="`User Authentication Browser Tests` → `Email Verification Process` → it can resend verification email" file="tests\Browser\UserAuthenticationTest.php::`User Authentication Browser Tests` → `Email Verification Process` → it can resend verification email" class="Tests\Browser\UserAuthenticationTest" classname="Tests.Browser.UserAuthenticationTest" assertions="0" time="0.183237">
          <error type="Error">`User Authentication Browser Tests` → `Email Verification Process` → it can resend verification emailError: Call to undefined function browse()&#13;
at tests\Browser\UserAuthenticationTest.php:229</error>
        </testcase>
        <testcase name="`User Authentication Browser Tests` → `User Profile Management` → it can access and update user profile" file="tests\Browser\UserAuthenticationTest.php::`User Authentication Browser Tests` → `User Profile Management` → it can access and update user profile" class="Tests\Browser\UserAuthenticationTest" classname="Tests.Browser.UserAuthenticationTest" assertions="0" time="0.582009">
          <error type="Error">`User Authentication Browser Tests` → `User Profile Management` → it can access and update user profileError: Call to undefined function browse()&#13;
at tests\Browser\UserAuthenticationTest.php:401</error>
        </testcase>
        <testcase name="`User Authentication Browser Tests` → `Session Management and Security` → it handles session timeout appropriately" file="tests\Browser\UserAuthenticationTest.php::`User Authentication Browser Tests` → `Session Management and Security` → it handles session timeout appropriately" class="Tests\Browser\UserAuthenticationTest" classname="Tests.Browser.UserAuthenticationTest" assertions="0" time="0.139884">
          <error type="Error">`User Authentication Browser Tests` → `Session Management and Security` → it handles session timeout appropriatelyError: Call to undefined function browse()&#13;
at tests\Browser\UserAuthenticationTest.php:347</error>
        </testcase>
        <testcase name="`User Authentication Browser Tests` → `Session Management and Security` → it prevents CSRF attacks" file="tests\Browser\UserAuthenticationTest.php::`User Authentication Browser Tests` → `Session Management and Security` → it prevents CSRF attacks" class="Tests\Browser\UserAuthenticationTest" classname="Tests.Browser.UserAuthenticationTest" assertions="0" time="0.126825">
          <error type="Error">`User Authentication Browser Tests` → `Session Management and Security` → it prevents CSRF attacksError: Call to undefined function browse()&#13;
at tests\Browser\UserAuthenticationTest.php:363</error>
        </testcase>
        <testcase name="`User Authentication Browser Tests` → `Password Reset Process` → it can reset password with valid token" file="tests\Browser\UserAuthenticationTest.php::`User Authentication Browser Tests` → `Password Reset Process` → it can reset password with valid token" class="Tests\Browser\UserAuthenticationTest" classname="Tests.Browser.UserAuthenticationTest" assertions="0" time="0.124456">
          <error type="Error">`User Authentication Browser Tests` → `Password Reset Process` → it can reset password with valid tokenError: Call to undefined function browse()&#13;
at tests\Browser\UserAuthenticationTest.php:190</error>
        </testcase>
        <testcase name="`User Authentication Browser Tests` → `User Logout Process` → it can logout successfully" file="tests\Browser\UserAuthenticationTest.php::`User Authentication Browser Tests` → `User Logout Process` → it can logout successfully" class="Tests\Browser\UserAuthenticationTest" classname="Tests.Browser.UserAuthenticationTest" assertions="0" time="0.282928">
          <error type="Error">`User Authentication Browser Tests` → `User Logout Process` → it can logout successfullyError: Call to undefined function browse()&#13;
at tests\Browser\UserAuthenticationTest.php:258</error>
        </testcase>
        <testcase name="`User Authentication Browser Tests` → `Session Management and Security` → it handles concurrent logins correctly" file="tests\Browser\UserAuthenticationTest.php::`User Authentication Browser Tests` → `Session Management and Security` → it handles concurrent logins correctly" class="Tests\Browser\UserAuthenticationTest" classname="Tests.Browser.UserAuthenticationTest" assertions="0" time="0.121535">
          <error type="Error">`User Authentication Browser Tests` → `Session Management and Security` → it handles concurrent logins correctlyError: Call to undefined function browse()&#13;
at tests\Browser\UserAuthenticationTest.php:382</error>
        </testcase>
        <testcase name="`User Authentication Browser Tests` → `User Logout Process` → it redirects to login when accessing protected routes after logout" file="tests\Browser\UserAuthenticationTest.php::`User Authentication Browser Tests` → `User Logout Process` → it redirects to login when accessing protected routes after logout" class="Tests\Browser\UserAuthenticationTest" classname="Tests.Browser.UserAuthenticationTest" assertions="0" time="0.135352">
          <error type="Error">`User Authentication Browser Tests` → `User Logout Process` → it redirects to login when accessing protected routes after logoutError: Call to undefined function browse()&#13;
at tests\Browser\UserAuthenticationTest.php:272</error>
        </testcase>
        <testcase name="`User Authentication Browser Tests` → `User Login Process` → it shows error with invalid credentials" file="tests\Browser\UserAuthenticationTest.php::`User Authentication Browser Tests` → `User Login Process` → it shows error with invalid credentials" class="Tests\Browser\UserAuthenticationTest" classname="Tests.Browser.UserAuthenticationTest" assertions="0" time="0.154864">
          <error type="Error">`User Authentication Browser Tests` → `User Login Process` → it shows error with invalid credentialsError: Call to undefined function browse()&#13;
at tests\Browser\UserAuthenticationTest.php:41</error>
        </testcase>
        <testcase name="`User Authentication Browser Tests` → `User Login Process` → it validates required fields" file="tests\Browser\UserAuthenticationTest.php::`User Authentication Browser Tests` → `User Login Process` → it validates required fields" class="Tests\Browser\UserAuthenticationTest" classname="Tests.Browser.UserAuthenticationTest" assertions="0" time="0.169122">
          <error type="Error">`User Authentication Browser Tests` → `User Login Process` → it validates required fieldsError: Call to undefined function browse()&#13;
at tests\Browser\UserAuthenticationTest.php:54</error>
        </testcase>
        <testcase name="`User Authentication Browser Tests` → `Error Handling and Recovery` → it provides clear error messages for various scenarios" file="tests\Browser\UserAuthenticationTest.php::`User Authentication Browser Tests` → `Error Handling and Recovery` → it provides clear error messages for various scenarios" class="Tests\Browser\UserAuthenticationTest" classname="Tests.Browser.UserAuthenticationTest" assertions="0" time="0.135429">
          <error type="Error">`User Authentication Browser Tests` → `Error Handling and Recovery` → it provides clear error messages for various scenariosError: Call to undefined function browse()&#13;
at tests\Browser\UserAuthenticationTest.php:499</error>
        </testcase>
        <testcase name="`User Authentication Browser Tests` → `Password Reset Process` → it can request password reset" file="tests\Browser\UserAuthenticationTest.php::`User Authentication Browser Tests` → `Password Reset Process` → it can request password reset" class="Tests\Browser\UserAuthenticationTest" classname="Tests.Browser.UserAuthenticationTest" assertions="0" time="0.119790">
          <error type="Error">`User Authentication Browser Tests` → `Password Reset Process` → it can request password resetError: Call to undefined function browse()&#13;
at tests\Browser\UserAuthenticationTest.php:157</error>
        </testcase>
        <testcase name="`User Authentication Browser Tests` → `Email Verification Process` → it verifies email with valid verification link" file="tests\Browser\UserAuthenticationTest.php::`User Authentication Browser Tests` → `Email Verification Process` → it verifies email with valid verification link" class="Tests\Browser\UserAuthenticationTest" classname="Tests.Browser.UserAuthenticationTest" assertions="0" time="0.143277">
          <error type="Error">`User Authentication Browser Tests` → `Email Verification Process` → it verifies email with valid verification linkError: Call to undefined function browse()&#13;
at tests\Browser\UserAuthenticationTest.php:247</error>
        </testcase>
        <testcase name="`User Authentication Browser Tests` → `User Registration Process` → it can register with different user roles" file="tests\Browser\UserAuthenticationTest.php::`User Authentication Browser Tests` → `User Registration Process` → it can register with different user roles" class="Tests\Browser\UserAuthenticationTest" classname="Tests.Browser.UserAuthenticationTest" assertions="0" time="0.128332">
          <error type="Error">`User Authentication Browser Tests` → `User Registration Process` → it can register with different user rolesError: Call to undefined function browse()&#13;
at tests\Browser\UserAuthenticationTest.php:140</error>
        </testcase>
        <testcase name="`User Authentication Browser Tests` → `User Login Process` → it can login with remember me option" file="tests\Browser\UserAuthenticationTest.php::`User Authentication Browser Tests` → `User Login Process` → it can login with remember me option" class="Tests\Browser\UserAuthenticationTest" classname="Tests.Browser.UserAuthenticationTest" assertions="0" time="0.128412">
          <error type="Error">`User Authentication Browser Tests` → `User Login Process` → it can login with remember me optionError: Call to undefined function browse()&#13;
at tests\Browser\UserAuthenticationTest.php:65</error>
        </testcase>
        <testcase name="`User Authentication Browser Tests` → `User Profile Management` → it validates current password when changing password" file="tests\Browser\UserAuthenticationTest.php::`User Authentication Browser Tests` → `User Profile Management` → it validates current password when changing password" class="Tests\Browser\UserAuthenticationTest" classname="Tests.Browser.UserAuthenticationTest" assertions="0" time="0.166858">
          <error type="Error">`User Authentication Browser Tests` → `User Profile Management` → it validates current password when changing passwordError: Call to undefined function browse()&#13;
at tests\Browser\UserAuthenticationTest.php:432</error>
        </testcase>
      </testsuite>
      <testsuite name="Tests\Browser\PaymentResourceBrowserTest" file="tests\Browser\PaymentResourceBrowserTest.php" tests="12" assertions="0" errors="12" failures="0" skipped="0" time="0.000000">
        <testcase name="it can filter payments by method" file="tests\Browser\PaymentResourceBrowserTest.php::it can filter payments by method" class="Tests\Browser\PaymentResourceBrowserTest" classname="Tests.Browser.PaymentResourceBrowserTest" assertions="0" time="0.000000">
          <error type="Illuminate\Database\QueryException">it can filter payments by methodIlluminate\Database\QueryException: SQLSTATE[23000]: Integrity constraint violation: 19 CHECK constraint failed: payment_method (Connection: sqlite, SQL: insert into "car_rental_payments" ("booking_id", "amount", "payment_method", "payment_status", "transaction_id", "processed_at", "gateway_response", "refunded_at", "refund_amount", "updated_at", "created_at") values (1, 300, credit_card, confirmed, TXN123456, ?, {"gateway":"razorpay","response_code":"500","message":"Expired card","reference_id":"REF-2e2z5b4o"}, ?, 0, 2025-09-24 12:47:18, 2025-09-24 12:47:18))&#13;
at vendor\laravel\framework\src\Illuminate\Database\Connection.php:570
at vendor\laravel\framework\src\Illuminate\Database\Connection.php:811
at vendor\laravel\framework\src\Illuminate\Database\Connection.php:778
at vendor\laravel\framework\src\Illuminate\Database\Connection.php:559
at vendor\laravel\framework\src\Illuminate\Database\Connection.php:523
at vendor\laravel\framework\src\Illuminate\Database\Query\Processors\Processor.php:32
at vendor\laravel\framework\src\Illuminate\Database\Query\Builder.php:3853
at vendor\laravel\framework\src\Illuminate\Database\Eloquent\Builder.php:2235
at vendor\laravel\framework\src\Illuminate\Database\Eloquent\Model.php:1436
at vendor\laravel\framework\src\Illuminate\Database\Eloquent\Model.php:1401
at vendor\laravel\framework\src\Illuminate\Database\Eloquent\Model.php:1240
at vendor\laravel\framework\src\Illuminate\Database\Eloquent\Factories\Factory.php:370
at vendor\laravel\framework\src\Illuminate\Collections\Traits\EnumeratesValues.php:271
at vendor\laravel\framework\src\Illuminate\Database\Eloquent\Factories\Factory.php:365
at vendor\laravel\framework\src\Illuminate\Database\Eloquent\Factories\Factory.php:321
at vendor\laravel\framework\src\Illuminate\Database\Eloquent\Factories\Factory.php:315
at tests\Browser\PaymentResourceBrowserTest.php:43
Caused by
PDOException: SQLSTATE[23000]: Integrity constraint violation: 19 CHECK constraint failed: payment_method

at vendor\laravel\framework\src\Illuminate\Database\Connection.php:570
at vendor\laravel\framework\src\Illuminate\Database\Connection.php:811
at vendor\laravel\framework\src\Illuminate\Database\Connection.php:778
at vendor\laravel\framework\src\Illuminate\Database\Connection.php:559
at vendor\laravel\framework\src\Illuminate\Database\Connection.php:523
at vendor\laravel\framework\src\Illuminate\Database\Query\Processors\Processor.php:32
at vendor\laravel\framework\src\Illuminate\Database\Query\Builder.php:3853
at vendor\laravel\framework\src\Illuminate\Database\Eloquent\Builder.php:2235
at vendor\laravel\framework\src\Illuminate\Database\Eloquent\Model.php:1436
at vendor\laravel\framework\src\Illuminate\Database\Eloquent\Model.php:1401
at vendor\laravel\framework\src\Illuminate\Database\Eloquent\Model.php:1240
at vendor\laravel\framework\src\Illuminate\Database\Eloquent\Factories\Factory.php:370
at vendor\laravel\framework\src\Illuminate\Collections\Traits\EnumeratesValues.php:271
at vendor\laravel\framework\src\Illuminate\Database\Eloquent\Factories\Factory.php:365
at vendor\laravel\framework\src\Illuminate\Database\Eloquent\Factories\Factory.php:321
at vendor\laravel\framework\src\Illuminate\Database\Eloquent\Factories\Factory.php:315
at tests\Browser\PaymentResourceBrowserTest.php:43</error>
        </testcase>
        <testcase name="it can process refund as admin" file="tests\Browser\PaymentResourceBrowserTest.php::it can process refund as admin" class="Tests\Browser\PaymentResourceBrowserTest" classname="Tests.Browser.PaymentResourceBrowserTest" assertions="0" time="0.000000">
          <error type="Illuminate\Database\QueryException">it can process refund as adminIlluminate\Database\QueryException: SQLSTATE[23000]: Integrity constraint violation: 19 CHECK constraint failed: payment_method (Connection: sqlite, SQL: insert into "car_rental_payments" ("booking_id", "amount", "payment_method", "payment_status", "transaction_id", "processed_at", "gateway_response", "refunded_at", "refund_amount", "updated_at", "created_at") values (1, 300, credit_card, confirmed, TXN123456, ?, {"gateway":"braintree","response_code":"500","message":"Network timeout","reference_id":"REF-6o3b2p9f"}, ?, 0, 2025-09-24 12:47:18, 2025-09-24 12:47:18))&#13;
at vendor\laravel\framework\src\Illuminate\Database\Connection.php:570
at vendor\laravel\framework\src\Illuminate\Database\Connection.php:811
at vendor\laravel\framework\src\Illuminate\Database\Connection.php:778
at vendor\laravel\framework\src\Illuminate\Database\Connection.php:559
at vendor\laravel\framework\src\Illuminate\Database\Connection.php:523
at vendor\laravel\framework\src\Illuminate\Database\Query\Processors\Processor.php:32
at vendor\laravel\framework\src\Illuminate\Database\Query\Builder.php:3853
at vendor\laravel\framework\src\Illuminate\Database\Eloquent\Builder.php:2235
at vendor\laravel\framework\src\Illuminate\Database\Eloquent\Model.php:1436
at vendor\laravel\framework\src\Illuminate\Database\Eloquent\Model.php:1401
at vendor\laravel\framework\src\Illuminate\Database\Eloquent\Model.php:1240
at vendor\laravel\framework\src\Illuminate\Database\Eloquent\Factories\Factory.php:370
at vendor\laravel\framework\src\Illuminate\Collections\Traits\EnumeratesValues.php:271
at vendor\laravel\framework\src\Illuminate\Database\Eloquent\Factories\Factory.php:365
at vendor\laravel\framework\src\Illuminate\Database\Eloquent\Factories\Factory.php:321
at vendor\laravel\framework\src\Illuminate\Database\Eloquent\Factories\Factory.php:315
at tests\Browser\PaymentResourceBrowserTest.php:43
Caused by
PDOException: SQLSTATE[23000]: Integrity constraint violation: 19 CHECK constraint failed: payment_method

at vendor\laravel\framework\src\Illuminate\Database\Connection.php:570
at vendor\laravel\framework\src\Illuminate\Database\Connection.php:811
at vendor\laravel\framework\src\Illuminate\Database\Connection.php:778
at vendor\laravel\framework\src\Illuminate\Database\Connection.php:559
at vendor\laravel\framework\src\Illuminate\Database\Connection.php:523
at vendor\laravel\framework\src\Illuminate\Database\Query\Processors\Processor.php:32
at vendor\laravel\framework\src\Illuminate\Database\Query\Builder.php:3853
at vendor\laravel\framework\src\Illuminate\Database\Eloquent\Builder.php:2235
at vendor\laravel\framework\src\Illuminate\Database\Eloquent\Model.php:1436
at vendor\laravel\framework\src\Illuminate\Database\Eloquent\Model.php:1401
at vendor\laravel\framework\src\Illuminate\Database\Eloquent\Model.php:1240
at vendor\laravel\framework\src\Illuminate\Database\Eloquent\Factories\Factory.php:370
at vendor\laravel\framework\src\Illuminate\Collections\Traits\EnumeratesValues.php:271
at vendor\laravel\framework\src\Illuminate\Database\Eloquent\Factories\Factory.php:365
at vendor\laravel\framework\src\Illuminate\Database\Eloquent\Factories\Factory.php:321
at vendor\laravel\framework\src\Illuminate\Database\Eloquent\Factories\Factory.php:315
at tests\Browser\PaymentResourceBrowserTest.php:43</error>
        </testcase>
        <testcase name="it shows payment statistics correctly" file="tests\Browser\PaymentResourceBrowserTest.php::it shows payment statistics correctly" class="Tests\Browser\PaymentResourceBrowserTest" classname="Tests.Browser.PaymentResourceBrowserTest" assertions="0" time="0.000000">
          <error type="Illuminate\Database\QueryException">it shows payment statistics correctlyIlluminate\Database\QueryException: SQLSTATE[23000]: Integrity constraint violation: 19 CHECK constraint failed: payment_method (Connection: sqlite, SQL: insert into "car_rental_payments" ("booking_id", "amount", "payment_method", "payment_status", "transaction_id", "processed_at", "gateway_response", "refunded_at", "refund_amount", "updated_at", "created_at") values (1, 300, credit_card, confirmed, TXN123456, ?, {"gateway":"braintree","response_code":"402","message":"Expired card","reference_id":"REF-3e2p6l5q"}, ?, 0, 2025-09-24 12:47:18, 2025-09-24 12:47:18))&#13;
at vendor\laravel\framework\src\Illuminate\Database\Connection.php:570
at vendor\laravel\framework\src\Illuminate\Database\Connection.php:811
at vendor\laravel\framework\src\Illuminate\Database\Connection.php:778
at vendor\laravel\framework\src\Illuminate\Database\Connection.php:559
at vendor\laravel\framework\src\Illuminate\Database\Connection.php:523
at vendor\laravel\framework\src\Illuminate\Database\Query\Processors\Processor.php:32
at vendor\laravel\framework\src\Illuminate\Database\Query\Builder.php:3853
at vendor\laravel\framework\src\Illuminate\Database\Eloquent\Builder.php:2235
at vendor\laravel\framework\src\Illuminate\Database\Eloquent\Model.php:1436
at vendor\laravel\framework\src\Illuminate\Database\Eloquent\Model.php:1401
at vendor\laravel\framework\src\Illuminate\Database\Eloquent\Model.php:1240
at vendor\laravel\framework\src\Illuminate\Database\Eloquent\Factories\Factory.php:370
at vendor\laravel\framework\src\Illuminate\Collections\Traits\EnumeratesValues.php:271
at vendor\laravel\framework\src\Illuminate\Database\Eloquent\Factories\Factory.php:365
at vendor\laravel\framework\src\Illuminate\Database\Eloquent\Factories\Factory.php:321
at vendor\laravel\framework\src\Illuminate\Database\Eloquent\Factories\Factory.php:315
at tests\Browser\PaymentResourceBrowserTest.php:43
Caused by
PDOException: SQLSTATE[23000]: Integrity constraint violation: 19 CHECK constraint failed: payment_method

at vendor\laravel\framework\src\Illuminate\Database\Connection.php:570
at vendor\laravel\framework\src\Illuminate\Database\Connection.php:811
at vendor\laravel\framework\src\Illuminate\Database\Connection.php:778
at vendor\laravel\framework\src\Illuminate\Database\Connection.php:559
at vendor\laravel\framework\src\Illuminate\Database\Connection.php:523
at vendor\laravel\framework\src\Illuminate\Database\Query\Processors\Processor.php:32
at vendor\laravel\framework\src\Illuminate\Database\Query\Builder.php:3853
at vendor\laravel\framework\src\Illuminate\Database\Eloquent\Builder.php:2235
at vendor\laravel\framework\src\Illuminate\Database\Eloquent\Model.php:1436
at vendor\laravel\framework\src\Illuminate\Database\Eloquent\Model.php:1401
at vendor\laravel\framework\src\Illuminate\Database\Eloquent\Model.php:1240
at vendor\laravel\framework\src\Illuminate\Database\Eloquent\Factories\Factory.php:370
at vendor\laravel\framework\src\Illuminate\Collections\Traits\EnumeratesValues.php:271
at vendor\laravel\framework\src\Illuminate\Database\Eloquent\Factories\Factory.php:365
at vendor\laravel\framework\src\Illuminate\Database\Eloquent\Factories\Factory.php:321
at vendor\laravel\framework\src\Illuminate\Database\Eloquent\Factories\Factory.php:315
at tests\Browser\PaymentResourceBrowserTest.php:43</error>
        </testcase>
        <testcase name="it can bulk update payment status as admin" file="tests\Browser\PaymentResourceBrowserTest.php::it can bulk update payment status as admin" class="Tests\Browser\PaymentResourceBrowserTest" classname="Tests.Browser.PaymentResourceBrowserTest" assertions="0" time="0.000000">
          <error type="Illuminate\Database\QueryException">it can bulk update payment status as adminIlluminate\Database\QueryException: SQLSTATE[23000]: Integrity constraint violation: 19 CHECK constraint failed: payment_method (Connection: sqlite, SQL: insert into "car_rental_payments" ("booking_id", "amount", "payment_method", "payment_status", "transaction_id", "processed_at", "gateway_response", "refunded_at", "refund_amount", "updated_at", "created_at") values (1, 300, credit_card, confirmed, TXN123456, ?, {"gateway":"razorpay","response_code":"401","message":"Security check failed","reference_id":"REF-8q3a4i7q"}, ?, 0, 2025-09-24 12:47:19, 2025-09-24 12:47:19))&#13;
at vendor\laravel\framework\src\Illuminate\Database\Connection.php:570
at vendor\laravel\framework\src\Illuminate\Database\Connection.php:811
at vendor\laravel\framework\src\Illuminate\Database\Connection.php:778
at vendor\laravel\framework\src\Illuminate\Database\Connection.php:559
at vendor\laravel\framework\src\Illuminate\Database\Connection.php:523
at vendor\laravel\framework\src\Illuminate\Database\Query\Processors\Processor.php:32
at vendor\laravel\framework\src\Illuminate\Database\Query\Builder.php:3853
at vendor\laravel\framework\src\Illuminate\Database\Eloquent\Builder.php:2235
at vendor\laravel\framework\src\Illuminate\Database\Eloquent\Model.php:1436
at vendor\laravel\framework\src\Illuminate\Database\Eloquent\Model.php:1401
at vendor\laravel\framework\src\Illuminate\Database\Eloquent\Model.php:1240
at vendor\laravel\framework\src\Illuminate\Database\Eloquent\Factories\Factory.php:370
at vendor\laravel\framework\src\Illuminate\Collections\Traits\EnumeratesValues.php:271
at vendor\laravel\framework\src\Illuminate\Database\Eloquent\Factories\Factory.php:365
at vendor\laravel\framework\src\Illuminate\Database\Eloquent\Factories\Factory.php:321
at vendor\laravel\framework\src\Illuminate\Database\Eloquent\Factories\Factory.php:315
at tests\Browser\PaymentResourceBrowserTest.php:43
Caused by
PDOException: SQLSTATE[23000]: Integrity constraint violation: 19 CHECK constraint failed: payment_method

at vendor\laravel\framework\src\Illuminate\Database\Connection.php:570
at vendor\laravel\framework\src\Illuminate\Database\Connection.php:811
at vendor\laravel\framework\src\Illuminate\Database\Connection.php:778
at vendor\laravel\framework\src\Illuminate\Database\Connection.php:559
at vendor\laravel\framework\src\Illuminate\Database\Connection.php:523
at vendor\laravel\framework\src\Illuminate\Database\Query\Processors\Processor.php:32
at vendor\laravel\framework\src\Illuminate\Database\Query\Builder.php:3853
at vendor\laravel\framework\src\Illuminate\Database\Eloquent\Builder.php:2235
at vendor\laravel\framework\src\Illuminate\Database\Eloquent\Model.php:1436
at vendor\laravel\framework\src\Illuminate\Database\Eloquent\Model.php:1401
at vendor\laravel\framework\src\Illuminate\Database\Eloquent\Model.php:1240
at vendor\laravel\framework\src\Illuminate\Database\Eloquent\Factories\Factory.php:370
at vendor\laravel\framework\src\Illuminate\Collections\Traits\EnumeratesValues.php:271
at vendor\laravel\framework\src\Illuminate\Database\Eloquent\Factories\Factory.php:365
at vendor\laravel\framework\src\Illuminate\Database\Eloquent\Factories\Factory.php:321
at vendor\laravel\framework\src\Illuminate\Database\Eloquent\Factories\Factory.php:315
at tests\Browser\PaymentResourceBrowserTest.php:43</error>
        </testcase>
        <testcase name="it can update payment status as admin" file="tests\Browser\PaymentResourceBrowserTest.php::it can update payment status as admin" class="Tests\Browser\PaymentResourceBrowserTest" classname="Tests.Browser.PaymentResourceBrowserTest" assertions="0" time="0.000000">
          <error type="Illuminate\Database\QueryException">it can update payment status as adminIlluminate\Database\QueryException: SQLSTATE[23000]: Integrity constraint violation: 19 CHECK constraint failed: payment_method (Connection: sqlite, SQL: insert into "car_rental_payments" ("booking_id", "amount", "payment_method", "payment_status", "transaction_id", "processed_at", "gateway_response", "refunded_at", "refund_amount", "updated_at", "created_at") values (1, 300, credit_card, confirmed, TXN123456, ?, {"gateway":"stripe","response_code":"402","message":"Invalid card details","reference_id":"REF-2l4c0b6k"}, ?, 0, 2025-09-24 12:47:19, 2025-09-24 12:47:19))&#13;
at vendor\laravel\framework\src\Illuminate\Database\Connection.php:570
at vendor\laravel\framework\src\Illuminate\Database\Connection.php:811
at vendor\laravel\framework\src\Illuminate\Database\Connection.php:778
at vendor\laravel\framework\src\Illuminate\Database\Connection.php:559
at vendor\laravel\framework\src\Illuminate\Database\Connection.php:523
at vendor\laravel\framework\src\Illuminate\Database\Query\Processors\Processor.php:32
at vendor\laravel\framework\src\Illuminate\Database\Query\Builder.php:3853
at vendor\laravel\framework\src\Illuminate\Database\Eloquent\Builder.php:2235
at vendor\laravel\framework\src\Illuminate\Database\Eloquent\Model.php:1436
at vendor\laravel\framework\src\Illuminate\Database\Eloquent\Model.php:1401
at vendor\laravel\framework\src\Illuminate\Database\Eloquent\Model.php:1240
at vendor\laravel\framework\src\Illuminate\Database\Eloquent\Factories\Factory.php:370
at vendor\laravel\framework\src\Illuminate\Collections\Traits\EnumeratesValues.php:271
at vendor\laravel\framework\src\Illuminate\Database\Eloquent\Factories\Factory.php:365
at vendor\laravel\framework\src\Illuminate\Database\Eloquent\Factories\Factory.php:321
at vendor\laravel\framework\src\Illuminate\Database\Eloquent\Factories\Factory.php:315
at tests\Browser\PaymentResourceBrowserTest.php:43
Caused by
PDOException: SQLSTATE[23000]: Integrity constraint violation: 19 CHECK constraint failed: payment_method

at vendor\laravel\framework\src\Illuminate\Database\Connection.php:570
at vendor\laravel\framework\src\Illuminate\Database\Connection.php:811
at vendor\laravel\framework\src\Illuminate\Database\Connection.php:778
at vendor\laravel\framework\src\Illuminate\Database\Connection.php:559
at vendor\laravel\framework\src\Illuminate\Database\Connection.php:523
at vendor\laravel\framework\src\Illuminate\Database\Query\Processors\Processor.php:32
at vendor\laravel\framework\src\Illuminate\Database\Query\Builder.php:3853
at vendor\laravel\framework\src\Illuminate\Database\Eloquent\Builder.php:2235
at vendor\laravel\framework\src\Illuminate\Database\Eloquent\Model.php:1436
at vendor\laravel\framework\src\Illuminate\Database\Eloquent\Model.php:1401
at vendor\laravel\framework\src\Illuminate\Database\Eloquent\Model.php:1240
at vendor\laravel\framework\src\Illuminate\Database\Eloquent\Factories\Factory.php:370
at vendor\laravel\framework\src\Illuminate\Collections\Traits\EnumeratesValues.php:271
at vendor\laravel\framework\src\Illuminate\Database\Eloquent\Factories\Factory.php:365
at vendor\laravel\framework\src\Illuminate\Database\Eloquent\Factories\Factory.php:321
at vendor\laravel\framework\src\Illuminate\Database\Eloquent\Factories\Factory.php:315
at tests\Browser\PaymentResourceBrowserTest.php:43</error>
        </testcase>
        <testcase name="it can view payment details as admin" file="tests\Browser\PaymentResourceBrowserTest.php::it can view payment details as admin" class="Tests\Browser\PaymentResourceBrowserTest" classname="Tests.Browser.PaymentResourceBrowserTest" assertions="0" time="0.000000">
          <error type="Illuminate\Database\QueryException">it can view payment details as adminIlluminate\Database\QueryException: SQLSTATE[23000]: Integrity constraint violation: 19 CHECK constraint failed: payment_method (Connection: sqlite, SQL: insert into "car_rental_payments" ("booking_id", "amount", "payment_method", "payment_status", "transaction_id", "processed_at", "gateway_response", "refunded_at", "refund_amount", "updated_at", "created_at") values (1, 300, credit_card, confirmed, TXN123456, ?, {"gateway":"razorpay","response_code":"403","message":"Security check failed","reference_id":"REF-1h0v3v3m"}, ?, 0, 2025-09-24 12:47:19, 2025-09-24 12:47:19))&#13;
at vendor\laravel\framework\src\Illuminate\Database\Connection.php:570
at vendor\laravel\framework\src\Illuminate\Database\Connection.php:811
at vendor\laravel\framework\src\Illuminate\Database\Connection.php:778
at vendor\laravel\framework\src\Illuminate\Database\Connection.php:559
at vendor\laravel\framework\src\Illuminate\Database\Connection.php:523
at vendor\laravel\framework\src\Illuminate\Database\Query\Processors\Processor.php:32
at vendor\laravel\framework\src\Illuminate\Database\Query\Builder.php:3853
at vendor\laravel\framework\src\Illuminate\Database\Eloquent\Builder.php:2235
at vendor\laravel\framework\src\Illuminate\Database\Eloquent\Model.php:1436
at vendor\laravel\framework\src\Illuminate\Database\Eloquent\Model.php:1401
at vendor\laravel\framework\src\Illuminate\Database\Eloquent\Model.php:1240
at vendor\laravel\framework\src\Illuminate\Database\Eloquent\Factories\Factory.php:370
at vendor\laravel\framework\src\Illuminate\Collections\Traits\EnumeratesValues.php:271
at vendor\laravel\framework\src\Illuminate\Database\Eloquent\Factories\Factory.php:365
at vendor\laravel\framework\src\Illuminate\Database\Eloquent\Factories\Factory.php:321
at vendor\laravel\framework\src\Illuminate\Database\Eloquent\Factories\Factory.php:315
at tests\Browser\PaymentResourceBrowserTest.php:43
Caused by
PDOException: SQLSTATE[23000]: Integrity constraint violation: 19 CHECK constraint failed: payment_method

at vendor\laravel\framework\src\Illuminate\Database\Connection.php:570
at vendor\laravel\framework\src\Illuminate\Database\Connection.php:811
at vendor\laravel\framework\src\Illuminate\Database\Connection.php:778
at vendor\laravel\framework\src\Illuminate\Database\Connection.php:559
at vendor\laravel\framework\src\Illuminate\Database\Connection.php:523
at vendor\laravel\framework\src\Illuminate\Database\Query\Processors\Processor.php:32
at vendor\laravel\framework\src\Illuminate\Database\Query\Builder.php:3853
at vendor\laravel\framework\src\Illuminate\Database\Eloquent\Builder.php:2235
at vendor\laravel\framework\src\Illuminate\Database\Eloquent\Model.php:1436
at vendor\laravel\framework\src\Illuminate\Database\Eloquent\Model.php:1401
at vendor\laravel\framework\src\Illuminate\Database\Eloquent\Model.php:1240
at vendor\laravel\framework\src\Illuminate\Database\Eloquent\Factories\Factory.php:370
at vendor\laravel\framework\src\Illuminate\Collections\Traits\EnumeratesValues.php:271
at vendor\laravel\framework\src\Illuminate\Database\Eloquent\Factories\Factory.php:365
at vendor\laravel\framework\src\Illuminate\Database\Eloquent\Factories\Factory.php:321
at vendor\laravel\framework\src\Illuminate\Database\Eloquent\Factories\Factory.php:315
at tests\Browser\PaymentResourceBrowserTest.php:43</error>
        </testcase>
        <testcase name="it can search payments by transaction ID" file="tests\Browser\PaymentResourceBrowserTest.php::it can search payments by transaction ID" class="Tests\Browser\PaymentResourceBrowserTest" classname="Tests.Browser.PaymentResourceBrowserTest" assertions="0" time="0.000000">
          <error type="Illuminate\Database\QueryException">it can search payments by transaction IDIlluminate\Database\QueryException: SQLSTATE[23000]: Integrity constraint violation: 19 CHECK constraint failed: payment_method (Connection: sqlite, SQL: insert into "car_rental_payments" ("booking_id", "amount", "payment_method", "payment_status", "transaction_id", "processed_at", "gateway_response", "refunded_at", "refund_amount", "updated_at", "created_at") values (1, 300, credit_card, confirmed, TXN123456, ?, {"gateway":"braintree","response_code":"403","message":"Card declined","reference_id":"REF-1l8r0i1p"}, ?, 0, 2025-09-24 12:47:20, 2025-09-24 12:47:20))&#13;
at vendor\laravel\framework\src\Illuminate\Database\Connection.php:570
at vendor\laravel\framework\src\Illuminate\Database\Connection.php:811
at vendor\laravel\framework\src\Illuminate\Database\Connection.php:778
at vendor\laravel\framework\src\Illuminate\Database\Connection.php:559
at vendor\laravel\framework\src\Illuminate\Database\Connection.php:523
at vendor\laravel\framework\src\Illuminate\Database\Query\Processors\Processor.php:32
at vendor\laravel\framework\src\Illuminate\Database\Query\Builder.php:3853
at vendor\laravel\framework\src\Illuminate\Database\Eloquent\Builder.php:2235
at vendor\laravel\framework\src\Illuminate\Database\Eloquent\Model.php:1436
at vendor\laravel\framework\src\Illuminate\Database\Eloquent\Model.php:1401
at vendor\laravel\framework\src\Illuminate\Database\Eloquent\Model.php:1240
at vendor\laravel\framework\src\Illuminate\Database\Eloquent\Factories\Factory.php:370
at vendor\laravel\framework\src\Illuminate\Collections\Traits\EnumeratesValues.php:271
at vendor\laravel\framework\src\Illuminate\Database\Eloquent\Factories\Factory.php:365
at vendor\laravel\framework\src\Illuminate\Database\Eloquent\Factories\Factory.php:321
at vendor\laravel\framework\src\Illuminate\Database\Eloquent\Factories\Factory.php:315
at tests\Browser\PaymentResourceBrowserTest.php:43
Caused by
PDOException: SQLSTATE[23000]: Integrity constraint violation: 19 CHECK constraint failed: payment_method

at vendor\laravel\framework\src\Illuminate\Database\Connection.php:570
at vendor\laravel\framework\src\Illuminate\Database\Connection.php:811
at vendor\laravel\framework\src\Illuminate\Database\Connection.php:778
at vendor\laravel\framework\src\Illuminate\Database\Connection.php:559
at vendor\laravel\framework\src\Illuminate\Database\Connection.php:523
at vendor\laravel\framework\src\Illuminate\Database\Query\Processors\Processor.php:32
at vendor\laravel\framework\src\Illuminate\Database\Query\Builder.php:3853
at vendor\laravel\framework\src\Illuminate\Database\Eloquent\Builder.php:2235
at vendor\laravel\framework\src\Illuminate\Database\Eloquent\Model.php:1436
at vendor\laravel\framework\src\Illuminate\Database\Eloquent\Model.php:1401
at vendor\laravel\framework\src\Illuminate\Database\Eloquent\Model.php:1240
at vendor\laravel\framework\src\Illuminate\Database\Eloquent\Factories\Factory.php:370
at vendor\laravel\framework\src\Illuminate\Collections\Traits\EnumeratesValues.php:271
at vendor\laravel\framework\src\Illuminate\Database\Eloquent\Factories\Factory.php:365
at vendor\laravel\framework\src\Illuminate\Database\Eloquent\Factories\Factory.php:321
at vendor\laravel\framework\src\Illuminate\Database\Eloquent\Factories\Factory.php:315
at tests\Browser\PaymentResourceBrowserTest.php:43</error>
        </testcase>
        <testcase name="it can filter payments by status" file="tests\Browser\PaymentResourceBrowserTest.php::it can filter payments by status" class="Tests\Browser\PaymentResourceBrowserTest" classname="Tests.Browser.PaymentResourceBrowserTest" assertions="0" time="0.000000">
          <error type="Illuminate\Database\QueryException">it can filter payments by statusIlluminate\Database\QueryException: SQLSTATE[23000]: Integrity constraint violation: 19 CHECK constraint failed: payment_method (Connection: sqlite, SQL: insert into "car_rental_payments" ("booking_id", "amount", "payment_method", "payment_status", "transaction_id", "processed_at", "gateway_response", "refunded_at", "refund_amount", "updated_at", "created_at") values (1, 300, credit_card, confirmed, TXN123456, ?, {"gateway":"square","response_code":"402","message":"Invalid card details","reference_id":"REF-1a5o7y7a"}, ?, 0, 2025-09-24 12:47:21, 2025-09-24 12:47:21))&#13;
at vendor\laravel\framework\src\Illuminate\Database\Connection.php:570
at vendor\laravel\framework\src\Illuminate\Database\Connection.php:811
at vendor\laravel\framework\src\Illuminate\Database\Connection.php:778
at vendor\laravel\framework\src\Illuminate\Database\Connection.php:559
at vendor\laravel\framework\src\Illuminate\Database\Connection.php:523
at vendor\laravel\framework\src\Illuminate\Database\Query\Processors\Processor.php:32
at vendor\laravel\framework\src\Illuminate\Database\Query\Builder.php:3853
at vendor\laravel\framework\src\Illuminate\Database\Eloquent\Builder.php:2235
at vendor\laravel\framework\src\Illuminate\Database\Eloquent\Model.php:1436
at vendor\laravel\framework\src\Illuminate\Database\Eloquent\Model.php:1401
at vendor\laravel\framework\src\Illuminate\Database\Eloquent\Model.php:1240
at vendor\laravel\framework\src\Illuminate\Database\Eloquent\Factories\Factory.php:370
at vendor\laravel\framework\src\Illuminate\Collections\Traits\EnumeratesValues.php:271
at vendor\laravel\framework\src\Illuminate\Database\Eloquent\Factories\Factory.php:365
at vendor\laravel\framework\src\Illuminate\Database\Eloquent\Factories\Factory.php:321
at vendor\laravel\framework\src\Illuminate\Database\Eloquent\Factories\Factory.php:315
at tests\Browser\PaymentResourceBrowserTest.php:43
Caused by
PDOException: SQLSTATE[23000]: Integrity constraint violation: 19 CHECK constraint failed: payment_method

at vendor\laravel\framework\src\Illuminate\Database\Connection.php:570
at vendor\laravel\framework\src\Illuminate\Database\Connection.php:811
at vendor\laravel\framework\src\Illuminate\Database\Connection.php:778
at vendor\laravel\framework\src\Illuminate\Database\Connection.php:559
at vendor\laravel\framework\src\Illuminate\Database\Connection.php:523
at vendor\laravel\framework\src\Illuminate\Database\Query\Processors\Processor.php:32
at vendor\laravel\framework\src\Illuminate\Database\Query\Builder.php:3853
at vendor\laravel\framework\src\Illuminate\Database\Eloquent\Builder.php:2235
at vendor\laravel\framework\src\Illuminate\Database\Eloquent\Model.php:1436
at vendor\laravel\framework\src\Illuminate\Database\Eloquent\Model.php:1401
at vendor\laravel\framework\src\Illuminate\Database\Eloquent\Model.php:1240
at vendor\laravel\framework\src\Illuminate\Database\Eloquent\Factories\Factory.php:370
at vendor\laravel\framework\src\Illuminate\Collections\Traits\EnumeratesValues.php:271
at vendor\laravel\framework\src\Illuminate\Database\Eloquent\Factories\Factory.php:365
at vendor\laravel\framework\src\Illuminate\Database\Eloquent\Factories\Factory.php:321
at vendor\laravel\framework\src\Illuminate\Database\Eloquent\Factories\Factory.php:315
at tests\Browser\PaymentResourceBrowserTest.php:43</error>
        </testcase>
        <testcase name="it can create new payment as admin" file="tests\Browser\PaymentResourceBrowserTest.php::it can create new payment as admin" class="Tests\Browser\PaymentResourceBrowserTest" classname="Tests.Browser.PaymentResourceBrowserTest" assertions="0" time="0.000000">
          <error type="Illuminate\Database\QueryException">it can create new payment as adminIlluminate\Database\QueryException: SQLSTATE[23000]: Integrity constraint violation: 19 CHECK constraint failed: payment_method (Connection: sqlite, SQL: insert into "car_rental_payments" ("booking_id", "amount", "payment_method", "payment_status", "transaction_id", "processed_at", "gateway_response", "refunded_at", "refund_amount", "updated_at", "created_at") values (1, 300, credit_card, confirmed, TXN123456, ?, {"gateway":"razorpay","response_code":"500","message":"Card declined","reference_id":"REF-9u8e7t7e"}, ?, 0, 2025-09-24 12:47:21, 2025-09-24 12:47:21))&#13;
at vendor\laravel\framework\src\Illuminate\Database\Connection.php:570
at vendor\laravel\framework\src\Illuminate\Database\Connection.php:811
at vendor\laravel\framework\src\Illuminate\Database\Connection.php:778
at vendor\laravel\framework\src\Illuminate\Database\Connection.php:559
at vendor\laravel\framework\src\Illuminate\Database\Connection.php:523
at vendor\laravel\framework\src\Illuminate\Database\Query\Processors\Processor.php:32
at vendor\laravel\framework\src\Illuminate\Database\Query\Builder.php:3853
at vendor\laravel\framework\src\Illuminate\Database\Eloquent\Builder.php:2235
at vendor\laravel\framework\src\Illuminate\Database\Eloquent\Model.php:1436
at vendor\laravel\framework\src\Illuminate\Database\Eloquent\Model.php:1401
at vendor\laravel\framework\src\Illuminate\Database\Eloquent\Model.php:1240
at vendor\laravel\framework\src\Illuminate\Database\Eloquent\Factories\Factory.php:370
at vendor\laravel\framework\src\Illuminate\Collections\Traits\EnumeratesValues.php:271
at vendor\laravel\framework\src\Illuminate\Database\Eloquent\Factories\Factory.php:365
at vendor\laravel\framework\src\Illuminate\Database\Eloquent\Factories\Factory.php:321
at vendor\laravel\framework\src\Illuminate\Database\Eloquent\Factories\Factory.php:315
at tests\Browser\PaymentResourceBrowserTest.php:43
Caused by
PDOException: SQLSTATE[23000]: Integrity constraint violation: 19 CHECK constraint failed: payment_method

at vendor\laravel\framework\src\Illuminate\Database\Connection.php:570
at vendor\laravel\framework\src\Illuminate\Database\Connection.php:811
at vendor\laravel\framework\src\Illuminate\Database\Connection.php:778
at vendor\laravel\framework\src\Illuminate\Database\Connection.php:559
at vendor\laravel\framework\src\Illuminate\Database\Connection.php:523
at vendor\laravel\framework\src\Illuminate\Database\Query\Processors\Processor.php:32
at vendor\laravel\framework\src\Illuminate\Database\Query\Builder.php:3853
at vendor\laravel\framework\src\Illuminate\Database\Eloquent\Builder.php:2235
at vendor\laravel\framework\src\Illuminate\Database\Eloquent\Model.php:1436
at vendor\laravel\framework\src\Illuminate\Database\Eloquent\Model.php:1401
at vendor\laravel\framework\src\Illuminate\Database\Eloquent\Model.php:1240
at vendor\laravel\framework\src\Illuminate\Database\Eloquent\Factories\Factory.php:370
at vendor\laravel\framework\src\Illuminate\Collections\Traits\EnumeratesValues.php:271
at vendor\laravel\framework\src\Illuminate\Database\Eloquent\Factories\Factory.php:365
at vendor\laravel\framework\src\Illuminate\Database\Eloquent\Factories\Factory.php:321
at vendor\laravel\framework\src\Illuminate\Database\Eloquent\Factories\Factory.php:315
at tests\Browser\PaymentResourceBrowserTest.php:43</error>
        </testcase>
        <testcase name="it can edit payment as admin" file="tests\Browser\PaymentResourceBrowserTest.php::it can edit payment as admin" class="Tests\Browser\PaymentResourceBrowserTest" classname="Tests.Browser.PaymentResourceBrowserTest" assertions="0" time="0.000000">
          <error type="Illuminate\Database\QueryException">it can edit payment as adminIlluminate\Database\QueryException: SQLSTATE[23000]: Integrity constraint violation: 19 CHECK constraint failed: payment_method (Connection: sqlite, SQL: insert into "car_rental_payments" ("booking_id", "amount", "payment_method", "payment_status", "transaction_id", "processed_at", "gateway_response", "refunded_at", "refund_amount", "updated_at", "created_at") values (1, 300, credit_card, confirmed, TXN123456, ?, {"gateway":"paypal","response_code":"500","message":"Security check failed","reference_id":"REF-5e5n2y7x"}, ?, 0, 2025-09-24 12:47:21, 2025-09-24 12:47:21))&#13;
at vendor\laravel\framework\src\Illuminate\Database\Connection.php:570
at vendor\laravel\framework\src\Illuminate\Database\Connection.php:811
at vendor\laravel\framework\src\Illuminate\Database\Connection.php:778
at vendor\laravel\framework\src\Illuminate\Database\Connection.php:559
at vendor\laravel\framework\src\Illuminate\Database\Connection.php:523
at vendor\laravel\framework\src\Illuminate\Database\Query\Processors\Processor.php:32
at vendor\laravel\framework\src\Illuminate\Database\Query\Builder.php:3853
at vendor\laravel\framework\src\Illuminate\Database\Eloquent\Builder.php:2235
at vendor\laravel\framework\src\Illuminate\Database\Eloquent\Model.php:1436
at vendor\laravel\framework\src\Illuminate\Database\Eloquent\Model.php:1401
at vendor\laravel\framework\src\Illuminate\Database\Eloquent\Model.php:1240
at vendor\laravel\framework\src\Illuminate\Database\Eloquent\Factories\Factory.php:370
at vendor\laravel\framework\src\Illuminate\Collections\Traits\EnumeratesValues.php:271
at vendor\laravel\framework\src\Illuminate\Database\Eloquent\Factories\Factory.php:365
at vendor\laravel\framework\src\Illuminate\Database\Eloquent\Factories\Factory.php:321
at vendor\laravel\framework\src\Illuminate\Database\Eloquent\Factories\Factory.php:315
at tests\Browser\PaymentResourceBrowserTest.php:43
Caused by
PDOException: SQLSTATE[23000]: Integrity constraint violation: 19 CHECK constraint failed: payment_method

at vendor\laravel\framework\src\Illuminate\Database\Connection.php:570
at vendor\laravel\framework\src\Illuminate\Database\Connection.php:811
at vendor\laravel\framework\src\Illuminate\Database\Connection.php:778
at vendor\laravel\framework\src\Illuminate\Database\Connection.php:559
at vendor\laravel\framework\src\Illuminate\Database\Connection.php:523
at vendor\laravel\framework\src\Illuminate\Database\Query\Processors\Processor.php:32
at vendor\laravel\framework\src\Illuminate\Database\Query\Builder.php:3853
at vendor\laravel\framework\src\Illuminate\Database\Eloquent\Builder.php:2235
at vendor\laravel\framework\src\Illuminate\Database\Eloquent\Model.php:1436
at vendor\laravel\framework\src\Illuminate\Database\Eloquent\Model.php:1401
at vendor\laravel\framework\src\Illuminate\Database\Eloquent\Model.php:1240
at vendor\laravel\framework\src\Illuminate\Database\Eloquent\Factories\Factory.php:370
at vendor\laravel\framework\src\Illuminate\Collections\Traits\EnumeratesValues.php:271
at vendor\laravel\framework\src\Illuminate\Database\Eloquent\Factories\Factory.php:365
at vendor\laravel\framework\src\Illuminate\Database\Eloquent\Factories\Factory.php:321
at vendor\laravel\framework\src\Illuminate\Database\Eloquent\Factories\Factory.php:315
at tests\Browser\PaymentResourceBrowserTest.php:43</error>
        </testcase>
        <testcase name="it can list payments as admin" file="tests\Browser\PaymentResourceBrowserTest.php::it can list payments as admin" class="Tests\Browser\PaymentResourceBrowserTest" classname="Tests.Browser.PaymentResourceBrowserTest" assertions="0" time="0.000000">
          <error type="Illuminate\Database\QueryException">it can list payments as adminIlluminate\Database\QueryException: SQLSTATE[23000]: Integrity constraint violation: 19 CHECK constraint failed: payment_method (Connection: sqlite, SQL: insert into "car_rental_payments" ("booking_id", "amount", "payment_method", "payment_status", "transaction_id", "processed_at", "gateway_response", "refunded_at", "refund_amount", "updated_at", "created_at") values (1, 300, credit_card, confirmed, TXN123456, ?, {"gateway":"paypal","response_code":"500","message":"Insufficient funds","reference_id":"REF-1r8k7x6g"}, ?, 0, 2025-09-24 12:47:22, 2025-09-24 12:47:22))&#13;
at vendor\laravel\framework\src\Illuminate\Database\Connection.php:570
at vendor\laravel\framework\src\Illuminate\Database\Connection.php:811
at vendor\laravel\framework\src\Illuminate\Database\Connection.php:778
at vendor\laravel\framework\src\Illuminate\Database\Connection.php:559
at vendor\laravel\framework\src\Illuminate\Database\Connection.php:523
at vendor\laravel\framework\src\Illuminate\Database\Query\Processors\Processor.php:32
at vendor\laravel\framework\src\Illuminate\Database\Query\Builder.php:3853
at vendor\laravel\framework\src\Illuminate\Database\Eloquent\Builder.php:2235
at vendor\laravel\framework\src\Illuminate\Database\Eloquent\Model.php:1436
at vendor\laravel\framework\src\Illuminate\Database\Eloquent\Model.php:1401
at vendor\laravel\framework\src\Illuminate\Database\Eloquent\Model.php:1240
at vendor\laravel\framework\src\Illuminate\Database\Eloquent\Factories\Factory.php:370
at vendor\laravel\framework\src\Illuminate\Collections\Traits\EnumeratesValues.php:271
at vendor\laravel\framework\src\Illuminate\Database\Eloquent\Factories\Factory.php:365
at vendor\laravel\framework\src\Illuminate\Database\Eloquent\Factories\Factory.php:321
at vendor\laravel\framework\src\Illuminate\Database\Eloquent\Factories\Factory.php:315
at tests\Browser\PaymentResourceBrowserTest.php:43
Caused by
PDOException: SQLSTATE[23000]: Integrity constraint violation: 19 CHECK constraint failed: payment_method

at vendor\laravel\framework\src\Illuminate\Database\Connection.php:570
at vendor\laravel\framework\src\Illuminate\Database\Connection.php:811
at vendor\laravel\framework\src\Illuminate\Database\Connection.php:778
at vendor\laravel\framework\src\Illuminate\Database\Connection.php:559
at vendor\laravel\framework\src\Illuminate\Database\Connection.php:523
at vendor\laravel\framework\src\Illuminate\Database\Query\Processors\Processor.php:32
at vendor\laravel\framework\src\Illuminate\Database\Query\Builder.php:3853
at vendor\laravel\framework\src\Illuminate\Database\Eloquent\Builder.php:2235
at vendor\laravel\framework\src\Illuminate\Database\Eloquent\Model.php:1436
at vendor\laravel\framework\src\Illuminate\Database\Eloquent\Model.php:1401
at vendor\laravel\framework\src\Illuminate\Database\Eloquent\Model.php:1240
at vendor\laravel\framework\src\Illuminate\Database\Eloquent\Factories\Factory.php:370
at vendor\laravel\framework\src\Illuminate\Collections\Traits\EnumeratesValues.php:271
at vendor\laravel\framework\src\Illuminate\Database\Eloquent\Factories\Factory.php:365
at vendor\laravel\framework\src\Illuminate\Database\Eloquent\Factories\Factory.php:321
at vendor\laravel\framework\src\Illuminate\Database\Eloquent\Factories\Factory.php:315
at tests\Browser\PaymentResourceBrowserTest.php:43</error>
        </testcase>
        <testcase name="it owner can only see payments for their vehicles" file="tests\Browser\PaymentResourceBrowserTest.php::it owner can only see payments for their vehicles" class="Tests\Browser\PaymentResourceBrowserTest" classname="Tests.Browser.PaymentResourceBrowserTest" assertions="0" time="0.000000">
          <error type="Illuminate\Database\QueryException">it owner can only see payments for their vehiclesIlluminate\Database\QueryException: SQLSTATE[23000]: Integrity constraint violation: 19 CHECK constraint failed: payment_method (Connection: sqlite, SQL: insert into "car_rental_payments" ("booking_id", "amount", "payment_method", "payment_status", "transaction_id", "processed_at", "gateway_response", "refunded_at", "refund_amount", "updated_at", "created_at") values (1, 300, credit_card, confirmed, TXN123456, ?, {"gateway":"square","response_code":"500","message":"Security check failed","reference_id":"REF-3h6r9o6p"}, ?, 0, 2025-09-24 12:47:22, 2025-09-24 12:47:22))&#13;
at vendor\laravel\framework\src\Illuminate\Database\Connection.php:570
at vendor\laravel\framework\src\Illuminate\Database\Connection.php:811
at vendor\laravel\framework\src\Illuminate\Database\Connection.php:778
at vendor\laravel\framework\src\Illuminate\Database\Connection.php:559
at vendor\laravel\framework\src\Illuminate\Database\Connection.php:523
at vendor\laravel\framework\src\Illuminate\Database\Query\Processors\Processor.php:32
at vendor\laravel\framework\src\Illuminate\Database\Query\Builder.php:3853
at vendor\laravel\framework\src\Illuminate\Database\Eloquent\Builder.php:2235
at vendor\laravel\framework\src\Illuminate\Database\Eloquent\Model.php:1436
at vendor\laravel\framework\src\Illuminate\Database\Eloquent\Model.php:1401
at vendor\laravel\framework\src\Illuminate\Database\Eloquent\Model.php:1240
at vendor\laravel\framework\src\Illuminate\Database\Eloquent\Factories\Factory.php:370
at vendor\laravel\framework\src\Illuminate\Collections\Traits\EnumeratesValues.php:271
at vendor\laravel\framework\src\Illuminate\Database\Eloquent\Factories\Factory.php:365
at vendor\laravel\framework\src\Illuminate\Database\Eloquent\Factories\Factory.php:321
at vendor\laravel\framework\src\Illuminate\Database\Eloquent\Factories\Factory.php:315
at tests\Browser\PaymentResourceBrowserTest.php:43
Caused by
PDOException: SQLSTATE[23000]: Integrity constraint violation: 19 CHECK constraint failed: payment_method

at vendor\laravel\framework\src\Illuminate\Database\Connection.php:570
at vendor\laravel\framework\src\Illuminate\Database\Connection.php:811
at vendor\laravel\framework\src\Illuminate\Database\Connection.php:778
at vendor\laravel\framework\src\Illuminate\Database\Connection.php:559
at vendor\laravel\framework\src\Illuminate\Database\Connection.php:523
at vendor\laravel\framework\src\Illuminate\Database\Query\Processors\Processor.php:32
at vendor\laravel\framework\src\Illuminate\Database\Query\Builder.php:3853
at vendor\laravel\framework\src\Illuminate\Database\Eloquent\Builder.php:2235
at vendor\laravel\framework\src\Illuminate\Database\Eloquent\Model.php:1436
at vendor\laravel\framework\src\Illuminate\Database\Eloquent\Model.php:1401
at vendor\laravel\framework\src\Illuminate\Database\Eloquent\Model.php:1240
at vendor\laravel\framework\src\Illuminate\Database\Eloquent\Factories\Factory.php:370
at vendor\laravel\framework\src\Illuminate\Collections\Traits\EnumeratesValues.php:271
at vendor\laravel\framework\src\Illuminate\Database\Eloquent\Factories\Factory.php:365
at vendor\laravel\framework\src\Illuminate\Database\Eloquent\Factories\Factory.php:321
at vendor\laravel\framework\src\Illuminate\Database\Eloquent\Factories\Factory.php:315
at tests\Browser\PaymentResourceBrowserTest.php:43</error>
        </testcase>
      </testsuite>
      <testsuite name="Tests\Browser\ActivityLogResourceBrowserTest" file="tests\Browser\ActivityLogResourceBrowserTest.php" tests="11" assertions="0" errors="0" failures="11" skipped="0" time="123.630779">
        <testcase name="it can delete activity logs as admin" file="tests\Browser\ActivityLogResourceBrowserTest.php::it can delete activity logs as admin" class="Tests\Browser\ActivityLogResourceBrowserTest" classname="Tests.Browser.ActivityLogResourceBrowserTest" assertions="0" time="12.768829">
          <failure type="PHPUnit\Framework\ExpectationFailedException">it can delete activity logs as adminTimeout 5000ms exceeded. A screenshot of the page has been saved to [Tests/Browser/Screenshots/it_can_delete_activity_logs_as_admin].&#13;
at vendor\pestphp\pest-plugin-browser\src\Exceptions\BrowserExpectationFailedException.php:60
at vendor\pestphp\pest-plugin-browser\src\Api\AwaitableWebpage.php:59
at vendor\pestphp\pest-plugin-browser\src\Api\PendingAwaitablePage.php:48
at tests\Browser\ActivityLogResourceBrowserTest.php:145</failure>
        </testcase>
        <testcase name="it can bulk delete activity logs as admin" file="tests\Browser\ActivityLogResourceBrowserTest.php::it can bulk delete activity logs as admin" class="Tests\Browser\ActivityLogResourceBrowserTest" classname="Tests.Browser.ActivityLogResourceBrowserTest" assertions="0" time="10.967616">
          <failure type="PHPUnit\Framework\ExpectationFailedException">it can bulk delete activity logs as adminTimeout 5000ms exceeded. A screenshot of the page has been saved to [Tests/Browser/Screenshots/it_can_bulk_delete_activity_logs_as_admin].&#13;
at vendor\pestphp\pest-plugin-browser\src\Exceptions\BrowserExpectationFailedException.php:60
at vendor\pestphp\pest-plugin-browser\src\Api\AwaitableWebpage.php:59
at vendor\pestphp\pest-plugin-browser\src\Api\PendingAwaitablePage.php:48
at tests\Browser\ActivityLogResourceBrowserTest.php:168</failure>
        </testcase>
        <testcase name="it shows proper activity log properties" file="tests\Browser\ActivityLogResourceBrowserTest.php::it shows proper activity log properties" class="Tests\Browser\ActivityLogResourceBrowserTest" classname="Tests.Browser.ActivityLogResourceBrowserTest" assertions="0" time="10.887569">
          <failure type="PHPUnit\Framework\ExpectationFailedException">it shows proper activity log propertiesTimeout 5000ms exceeded. A screenshot of the page has been saved to [Tests/Browser/Screenshots/it_shows_proper_activity_log_properties].&#13;
at vendor\pestphp\pest-plugin-browser\src\Exceptions\BrowserExpectationFailedException.php:60
at vendor\pestphp\pest-plugin-browser\src\Api\AwaitableWebpage.php:59
at vendor\pestphp\pest-plugin-browser\src\Api\PendingAwaitablePage.php:48
at tests\Browser\ActivityLogResourceBrowserTest.php:184</failure>
        </testcase>
        <testcase name="it shows activity statistics correctly" file="tests\Browser\ActivityLogResourceBrowserTest.php::it shows activity statistics correctly" class="Tests\Browser\ActivityLogResourceBrowserTest" classname="Tests.Browser.ActivityLogResourceBrowserTest" assertions="0" time="10.813942">
          <failure type="PHPUnit\Framework\ExpectationFailedException">it shows activity statistics correctlyTimeout 5000ms exceeded. A screenshot of the page has been saved to [Tests/Browser/Screenshots/it_shows_activity_statistics_correctly].&#13;
at vendor\pestphp\pest-plugin-browser\src\Exceptions\BrowserExpectationFailedException.php:60
at vendor\pestphp\pest-plugin-browser\src\Api\AwaitableWebpage.php:59
at vendor\pestphp\pest-plugin-browser\src\Api\PendingAwaitablePage.php:48
at tests\Browser\ActivityLogResourceBrowserTest.php:210</failure>
        </testcase>
        <testcase name="it shows activity logs in chronological order" file="tests\Browser\ActivityLogResourceBrowserTest.php::it shows activity logs in chronological order" class="Tests\Browser\ActivityLogResourceBrowserTest" classname="Tests.Browser.ActivityLogResourceBrowserTest" assertions="0" time="10.851991">
          <failure type="PHPUnit\Framework\ExpectationFailedException">it shows activity logs in chronological orderTimeout 5000ms exceeded. A screenshot of the page has been saved to [Tests/Browser/Screenshots/it_shows_activity_logs_in_chronological_order].&#13;
at vendor\pestphp\pest-plugin-browser\src\Exceptions\BrowserExpectationFailedException.php:60
at vendor\pestphp\pest-plugin-browser\src\Api\AwaitableWebpage.php:59
at vendor\pestphp\pest-plugin-browser\src\Api\PendingAwaitablePage.php:48
at tests\Browser\ActivityLogResourceBrowserTest.php:135</failure>
        </testcase>
        <testcase name="it can export activity logs as admin" file="tests\Browser\ActivityLogResourceBrowserTest.php::it can export activity logs as admin" class="Tests\Browser\ActivityLogResourceBrowserTest" classname="Tests.Browser.ActivityLogResourceBrowserTest" assertions="0" time="10.861347">
          <failure type="PHPUnit\Framework\ExpectationFailedException">it can export activity logs as adminTimeout 5000ms exceeded. A screenshot of the page has been saved to [Tests/Browser/Screenshots/it_can_export_activity_logs_as_admin].&#13;
at vendor\pestphp\pest-plugin-browser\src\Exceptions\BrowserExpectationFailedException.php:60
at vendor\pestphp\pest-plugin-browser\src\Api\AwaitableWebpage.php:59
at vendor\pestphp\pest-plugin-browser\src\Api\PendingAwaitablePage.php:48
at tests\Browser\ActivityLogResourceBrowserTest.php:199</failure>
        </testcase>
        <testcase name="it can filter activity logs by log name" file="tests\Browser\ActivityLogResourceBrowserTest.php::it can filter activity logs by log name" class="Tests\Browser\ActivityLogResourceBrowserTest" classname="Tests.Browser.ActivityLogResourceBrowserTest" assertions="0" time="10.877510">
          <failure type="PHPUnit\Framework\ExpectationFailedException">it can filter activity logs by log nameTimeout 5000ms exceeded. A screenshot of the page has been saved to [Tests/Browser/Screenshots/it_can_filter_activity_logs_by_log_name].&#13;
at vendor\pestphp\pest-plugin-browser\src\Exceptions\BrowserExpectationFailedException.php:60
at vendor\pestphp\pest-plugin-browser\src\Api\AwaitableWebpage.php:59
at vendor\pestphp\pest-plugin-browser\src\Api\PendingAwaitablePage.php:48
at tests\Browser\ActivityLogResourceBrowserTest.php:86</failure>
        </testcase>
        <testcase name="it can search activity logs by description" file="tests\Browser\ActivityLogResourceBrowserTest.php::it can search activity logs by description" class="Tests\Browser\ActivityLogResourceBrowserTest" classname="Tests.Browser.ActivityLogResourceBrowserTest" assertions="0" time="10.953588">
          <failure type="PHPUnit\Framework\ExpectationFailedException">it can search activity logs by descriptionTimeout 5000ms exceeded. A screenshot of the page has been saved to [Tests/Browser/Screenshots/it_can_search_activity_logs_by_description].&#13;
at vendor\pestphp\pest-plugin-browser\src\Exceptions\BrowserExpectationFailedException.php:60
at vendor\pestphp\pest-plugin-browser\src\Api\AwaitableWebpage.php:59
at vendor\pestphp\pest-plugin-browser\src\Api\PendingAwaitablePage.php:48
at tests\Browser\ActivityLogResourceBrowserTest.php:113</failure>
        </testcase>
        <testcase name="it can list activity logs as admin" file="tests\Browser\ActivityLogResourceBrowserTest.php::it can list activity logs as admin" class="Tests\Browser\ActivityLogResourceBrowserTest" classname="Tests.Browser.ActivityLogResourceBrowserTest" assertions="0" time="12.259659">
          <failure type="PHPUnit\Framework\ExpectationFailedException">it can list activity logs as adminTimeout 5000ms exceeded. A screenshot of the page has been saved to [Tests/Browser/Screenshots/it_can_list_activity_logs_as_admin].&#13;
at vendor\pestphp\pest-plugin-browser\src\Exceptions\BrowserExpectationFailedException.php:60
at vendor\pestphp\pest-plugin-browser\src\Api\AwaitableWebpage.php:59
at vendor\pestphp\pest-plugin-browser\src\Api\PendingAwaitablePage.php:48
at tests\Browser\ActivityLogResourceBrowserTest.php:49</failure>
        </testcase>
        <testcase name="it can view activity log details as admin" file="tests\Browser\ActivityLogResourceBrowserTest.php::it can view activity log details as admin" class="Tests\Browser\ActivityLogResourceBrowserTest" classname="Tests.Browser.ActivityLogResourceBrowserTest" assertions="0" time="11.421356">
          <failure type="PHPUnit\Framework\ExpectationFailedException">it can view activity log details as adminTimeout 5000ms exceeded. A screenshot of the page has been saved to [Tests/Browser/Screenshots/it_can_view_activity_log_details_as_admin].&#13;
at vendor\pestphp\pest-plugin-browser\src\Exceptions\BrowserExpectationFailedException.php:60
at vendor\pestphp\pest-plugin-browser\src\Api\AwaitableWebpage.php:59
at vendor\pestphp\pest-plugin-browser\src\Api\PendingAwaitablePage.php:48
at tests\Browser\ActivityLogResourceBrowserTest.php:62</failure>
        </testcase>
        <testcase name="it can filter activity logs by causer" file="tests\Browser\ActivityLogResourceBrowserTest.php::it can filter activity logs by causer" class="Tests\Browser\ActivityLogResourceBrowserTest" classname="Tests.Browser.ActivityLogResourceBrowserTest" assertions="0" time="10.967373">
          <failure type="PHPUnit\Framework\ExpectationFailedException">it can filter activity logs by causerTimeout 5000ms exceeded. A screenshot of the page has been saved to [Tests/Browser/Screenshots/it_can_filter_activity_logs_by_causer].&#13;
at vendor\pestphp\pest-plugin-browser\src\Exceptions\BrowserExpectationFailedException.php:60
at vendor\pestphp\pest-plugin-browser\src\Api\AwaitableWebpage.php:59
at vendor\pestphp\pest-plugin-browser\src\Api\PendingAwaitablePage.php:48
at tests\Browser\ActivityLogResourceBrowserTest.php:100</failure>
        </testcase>
      </testsuite>
      <testsuite name="Tests\Browser\BookingResourceBrowserTest" file="tests\Browser\BookingResourceBrowserTest.php" tests="9" assertions="0" errors="0" failures="9" skipped="0" time="98.468742">
        <testcase name="it can create new booking as admin" file="tests\Browser\BookingResourceBrowserTest.php::it can create new booking as admin" class="Tests\Browser\BookingResourceBrowserTest" classname="Tests.Browser.BookingResourceBrowserTest" assertions="0" time="10.914412">
          <failure type="PHPUnit\Framework\ExpectationFailedException">it can create new booking as adminTimeout 5000ms exceeded. A screenshot of the page has been saved to [Tests/Browser/Screenshots/it_can_create_new_booking_as_admin].&#13;
at vendor\pestphp\pest-plugin-browser\src\Exceptions\BrowserExpectationFailedException.php:60
at vendor\pestphp\pest-plugin-browser\src\Api\AwaitableWebpage.php:59
at vendor\pestphp\pest-plugin-browser\src\Api\PendingAwaitablePage.php:48
at tests\Browser\BookingResourceBrowserTest.php:71</failure>
        </testcase>
        <testcase name="it can list bookings as admin" file="tests\Browser\BookingResourceBrowserTest.php::it can list bookings as admin" class="Tests\Browser\BookingResourceBrowserTest" classname="Tests.Browser.BookingResourceBrowserTest" assertions="0" time="10.913764">
          <failure type="PHPUnit\Framework\ExpectationFailedException">it can list bookings as adminTimeout 5000ms exceeded. A screenshot of the page has been saved to [Tests/Browser/Screenshots/it_can_list_bookings_as_admin].&#13;
at vendor\pestphp\pest-plugin-browser\src\Exceptions\BrowserExpectationFailedException.php:60
at vendor\pestphp\pest-plugin-browser\src\Api\AwaitableWebpage.php:59
at vendor\pestphp\pest-plugin-browser\src\Api\PendingAwaitablePage.php:48
at tests\Browser\BookingResourceBrowserTest.php:45</failure>
        </testcase>
        <testcase name="it owner can only see bookings for their vehicles" file="tests\Browser\BookingResourceBrowserTest.php::it owner can only see bookings for their vehicles" class="Tests\Browser\BookingResourceBrowserTest" classname="Tests.Browser.BookingResourceBrowserTest" assertions="0" time="10.959637">
          <failure type="PHPUnit\Framework\ExpectationFailedException">it owner can only see bookings for their vehiclesTimeout 5000ms exceeded. A screenshot of the page has been saved to [Tests/Browser/Screenshots/it_owner_can_only_see_bookings_for_their_vehicles].&#13;
at vendor\pestphp\pest-plugin-browser\src\Exceptions\BrowserExpectationFailedException.php:60
at vendor\pestphp\pest-plugin-browser\src\Api\AwaitableWebpage.php:59
at vendor\pestphp\pest-plugin-browser\src\Api\PendingAwaitablePage.php:48
at tests\Browser\BookingResourceBrowserTest.php:158</failure>
        </testcase>
        <testcase name="it can edit booking as admin" file="tests\Browser\BookingResourceBrowserTest.php::it can edit booking as admin" class="Tests\Browser\BookingResourceBrowserTest" classname="Tests.Browser.BookingResourceBrowserTest" assertions="0" time="10.895784">
          <failure type="PHPUnit\Framework\ExpectationFailedException">it can edit booking as adminTimeout 5000ms exceeded. A screenshot of the page has been saved to [Tests/Browser/Screenshots/it_can_edit_booking_as_admin].&#13;
at vendor\pestphp\pest-plugin-browser\src\Exceptions\BrowserExpectationFailedException.php:60
at vendor\pestphp\pest-plugin-browser\src\Api\AwaitableWebpage.php:59
at vendor\pestphp\pest-plugin-browser\src\Api\PendingAwaitablePage.php:48
at tests\Browser\BookingResourceBrowserTest.php:90</failure>
        </testcase>
        <testcase name="it renter can only see their own bookings" file="tests\Browser\BookingResourceBrowserTest.php::it renter can only see their own bookings" class="Tests\Browser\BookingResourceBrowserTest" classname="Tests.Browser.BookingResourceBrowserTest" assertions="0" time="10.889360">
          <failure type="PHPUnit\Framework\ExpectationFailedException">it renter can only see their own bookingsTimeout 5000ms exceeded. A screenshot of the page has been saved to [Tests/Browser/Screenshots/it_renter_can_only_see_their_own_bookings].&#13;
at vendor\pestphp\pest-plugin-browser\src\Exceptions\BrowserExpectationFailedException.php:60
at vendor\pestphp\pest-plugin-browser\src\Api\AwaitableWebpage.php:59
at vendor\pestphp\pest-plugin-browser\src\Api\PendingAwaitablePage.php:48
at tests\Browser\BookingResourceBrowserTest.php:176</failure>
        </testcase>
        <testcase name="it can cancel booking as admin" file="tests\Browser\BookingResourceBrowserTest.php::it can cancel booking as admin" class="Tests\Browser\BookingResourceBrowserTest" classname="Tests.Browser.BookingResourceBrowserTest" assertions="0" time="10.952512">
          <failure type="PHPUnit\Framework\ExpectationFailedException">it can cancel booking as adminTimeout 5000ms exceeded. A screenshot of the page has been saved to [Tests/Browser/Screenshots/it_can_cancel_booking_as_admin].&#13;
at vendor\pestphp\pest-plugin-browser\src\Exceptions\BrowserExpectationFailedException.php:60
at vendor\pestphp\pest-plugin-browser\src\Api\AwaitableWebpage.php:59
at vendor\pestphp\pest-plugin-browser\src\Api\PendingAwaitablePage.php:48
at tests\Browser\BookingResourceBrowserTest.php:105</failure>
        </testcase>
        <testcase name="it can search bookings by reference" file="tests\Browser\BookingResourceBrowserTest.php::it can search bookings by reference" class="Tests\Browser\BookingResourceBrowserTest" classname="Tests.Browser.BookingResourceBrowserTest" assertions="0" time="11.256062">
          <failure type="PHPUnit\Framework\ExpectationFailedException">it can search bookings by referenceTimeout 5000ms exceeded. A screenshot of the page has been saved to [Tests/Browser/Screenshots/it_can_search_bookings_by_reference].&#13;
at vendor\pestphp\pest-plugin-browser\src\Exceptions\BrowserExpectationFailedException.php:60
at vendor\pestphp\pest-plugin-browser\src\Api\AwaitableWebpage.php:59
at vendor\pestphp\pest-plugin-browser\src\Api\PendingAwaitablePage.php:48
at tests\Browser\BookingResourceBrowserTest.php:139</failure>
        </testcase>
        <testcase name="it can filter bookings by status" file="tests\Browser\BookingResourceBrowserTest.php::it can filter bookings by status" class="Tests\Browser\BookingResourceBrowserTest" classname="Tests.Browser.BookingResourceBrowserTest" assertions="0" time="10.828358">
          <failure type="PHPUnit\Framework\ExpectationFailedException">it can filter bookings by statusTimeout 5000ms exceeded. A screenshot of the page has been saved to [Tests/Browser/Screenshots/it_can_filter_bookings_by_status].&#13;
at vendor\pestphp\pest-plugin-browser\src\Exceptions\BrowserExpectationFailedException.php:60
at vendor\pestphp\pest-plugin-browser\src\Api\AwaitableWebpage.php:59
at vendor\pestphp\pest-plugin-browser\src\Api\PendingAwaitablePage.php:48
at tests\Browser\BookingResourceBrowserTest.php:126</failure>
        </testcase>
        <testcase name="it can view booking details as admin" file="tests\Browser\BookingResourceBrowserTest.php::it can view booking details as admin" class="Tests\Browser\BookingResourceBrowserTest" classname="Tests.Browser.BookingResourceBrowserTest" assertions="0" time="10.858853">
          <failure type="PHPUnit\Framework\ExpectationFailedException">it can view booking details as adminTimeout 5000ms exceeded. A screenshot of the page has been saved to [Tests/Browser/Screenshots/it_can_view_booking_details_as_admin].&#13;
at vendor\pestphp\pest-plugin-browser\src\Exceptions\BrowserExpectationFailedException.php:60
at vendor\pestphp\pest-plugin-browser\src\Api\AwaitableWebpage.php:59
at vendor\pestphp\pest-plugin-browser\src\Api\PendingAwaitablePage.php:48
at tests\Browser\BookingResourceBrowserTest.php:57</failure>
        </testcase>
      </testsuite>
      <testsuite name="Tests\Browser\ReviewResourceBrowserTest" file="tests\Browser\ReviewResourceBrowserTest.php" tests="11" assertions="0" errors="2" failures="9" skipped="0" time="98.095017">
        <testcase name="it can list reviews as admin" file="tests\Browser\ReviewResourceBrowserTest.php::it can list reviews as admin" class="Tests\Browser\ReviewResourceBrowserTest" classname="Tests.Browser.ReviewResourceBrowserTest" assertions="0" time="10.859688">
          <failure type="PHPUnit\Framework\ExpectationFailedException">it can list reviews as adminTimeout 5000ms exceeded. A screenshot of the page has been saved to [Tests/Browser/Screenshots/it_can_list_reviews_as_admin].&#13;
at vendor\pestphp\pest-plugin-browser\src\Exceptions\BrowserExpectationFailedException.php:60
at vendor\pestphp\pest-plugin-browser\src\Api\AwaitableWebpage.php:59
at vendor\pestphp\pest-plugin-browser\src\Api\PendingAwaitablePage.php:48
at tests\Browser\ReviewResourceBrowserTest.php:53</failure>
        </testcase>
        <testcase name="it can create new review as admin" file="tests\Browser\ReviewResourceBrowserTest.php::it can create new review as admin" class="Tests\Browser\ReviewResourceBrowserTest" classname="Tests.Browser.ReviewResourceBrowserTest" assertions="0" time="10.900679">
          <failure type="PHPUnit\Framework\ExpectationFailedException">it can create new review as adminTimeout 5000ms exceeded. A screenshot of the page has been saved to [Tests/Browser/Screenshots/it_can_create_new_review_as_admin].&#13;
at vendor\pestphp\pest-plugin-browser\src\Exceptions\BrowserExpectationFailedException.php:60
at vendor\pestphp\pest-plugin-browser\src\Api\AwaitableWebpage.php:59
at vendor\pestphp\pest-plugin-browser\src\Api\PendingAwaitablePage.php:48
at tests\Browser\ReviewResourceBrowserTest.php:87</failure>
        </testcase>
        <testcase name="it can edit review as admin" file="tests\Browser\ReviewResourceBrowserTest.php::it can edit review as admin" class="Tests\Browser\ReviewResourceBrowserTest" classname="Tests.Browser.ReviewResourceBrowserTest" assertions="0" time="10.965289">
          <failure type="PHPUnit\Framework\ExpectationFailedException">it can edit review as adminTimeout 5000ms exceeded. A screenshot of the page has been saved to [Tests/Browser/Screenshots/it_can_edit_review_as_admin].&#13;
at vendor\pestphp\pest-plugin-browser\src\Exceptions\BrowserExpectationFailedException.php:60
at vendor\pestphp\pest-plugin-browser\src\Api\AwaitableWebpage.php:59
at vendor\pestphp\pest-plugin-browser\src\Api\PendingAwaitablePage.php:48
at tests\Browser\ReviewResourceBrowserTest.php:105</failure>
        </testcase>
        <testcase name="it owner can only see reviews for their vehicles" file="tests\Browser\ReviewResourceBrowserTest.php::it owner can only see reviews for their vehicles" class="Tests\Browser\ReviewResourceBrowserTest" classname="Tests.Browser.ReviewResourceBrowserTest" assertions="0" time="11.143964">
          <failure type="PHPUnit\Framework\ExpectationFailedException">it owner can only see reviews for their vehiclesTimeout 5000ms exceeded. A screenshot of the page has been saved to [Tests/Browser/Screenshots/it_owner_can_only_see_reviews_for_their_vehicles].&#13;
at vendor\pestphp\pest-plugin-browser\src\Exceptions\BrowserExpectationFailedException.php:60
at vendor\pestphp\pest-plugin-browser\src\Api\AwaitableWebpage.php:59
at vendor\pestphp\pest-plugin-browser\src\Api\PendingAwaitablePage.php:48
at tests\Browser\ReviewResourceBrowserTest.php:215</failure>
        </testcase>
        <testcase name="it can view review details as admin" file="tests\Browser\ReviewResourceBrowserTest.php::it can view review details as admin" class="Tests\Browser\ReviewResourceBrowserTest" classname="Tests.Browser.ReviewResourceBrowserTest" assertions="0" time="10.873018">
          <failure type="PHPUnit\Framework\ExpectationFailedException">it can view review details as adminTimeout 5000ms exceeded. A screenshot of the page has been saved to [Tests/Browser/Screenshots/it_can_view_review_details_as_admin].&#13;
at vendor\pestphp\pest-plugin-browser\src\Exceptions\BrowserExpectationFailedException.php:60
at vendor\pestphp\pest-plugin-browser\src\Api\AwaitableWebpage.php:59
at vendor\pestphp\pest-plugin-browser\src\Api\PendingAwaitablePage.php:48
at tests\Browser\ReviewResourceBrowserTest.php:66</failure>
        </testcase>
        <testcase name="it can search reviews by comment" file="tests\Browser\ReviewResourceBrowserTest.php::it can search reviews by comment" class="Tests\Browser\ReviewResourceBrowserTest" classname="Tests.Browser.ReviewResourceBrowserTest" assertions="0" time="10.763863">
          <failure type="PHPUnit\Framework\ExpectationFailedException">it can search reviews by commentTimeout 5000ms exceeded. A screenshot of the page has been saved to [Tests/Browser/Screenshots/it_can_search_reviews_by_comment].&#13;
at vendor\pestphp\pest-plugin-browser\src\Exceptions\BrowserExpectationFailedException.php:60
at vendor\pestphp\pest-plugin-browser\src\Api\AwaitableWebpage.php:59
at vendor\pestphp\pest-plugin-browser\src\Api\PendingAwaitablePage.php:48
at tests\Browser\ReviewResourceBrowserTest.php:191</failure>
        </testcase>
        <testcase name="it can delete review as admin" file="tests\Browser\ReviewResourceBrowserTest.php::it can delete review as admin" class="Tests\Browser\ReviewResourceBrowserTest" classname="Tests.Browser.ReviewResourceBrowserTest" assertions="0" time="10.790887">
          <failure type="PHPUnit\Framework\ExpectationFailedException">it can delete review as adminTimeout 5000ms exceeded. A screenshot of the page has been saved to [Tests/Browser/Screenshots/it_can_delete_review_as_admin].&#13;
at vendor\pestphp\pest-plugin-browser\src\Exceptions\BrowserExpectationFailedException.php:60
at vendor\pestphp\pest-plugin-browser\src\Api\AwaitableWebpage.php:59
at vendor\pestphp\pest-plugin-browser\src\Api\PendingAwaitablePage.php:48
at tests\Browser\ReviewResourceBrowserTest.php:135</failure>
        </testcase>
        <testcase name="it can toggle review visibility as admin" file="tests\Browser\ReviewResourceBrowserTest.php::it can toggle review visibility as admin" class="Tests\Browser\ReviewResourceBrowserTest" classname="Tests.Browser.ReviewResourceBrowserTest" assertions="0" time="10.807116">
          <failure type="PHPUnit\Framework\ExpectationFailedException">it can toggle review visibility as adminTimeout 5000ms exceeded. A screenshot of the page has been saved to [Tests/Browser/Screenshots/it_can_toggle_review_visibility_as_admin].&#13;
at vendor\pestphp\pest-plugin-browser\src\Exceptions\BrowserExpectationFailedException.php:60
at vendor\pestphp\pest-plugin-browser\src\Api\AwaitableWebpage.php:59
at vendor\pestphp\pest-plugin-browser\src\Api\PendingAwaitablePage.php:48
at tests\Browser\ReviewResourceBrowserTest.php:121</failure>
        </testcase>
        <testcase name="it can filter reviews by rating" file="tests\Browser\ReviewResourceBrowserTest.php::it can filter reviews by rating" class="Tests\Browser\ReviewResourceBrowserTest" classname="Tests.Browser.ReviewResourceBrowserTest" assertions="0" time="0.099764">
          <error type="Illuminate\Database\UniqueConstraintViolationException">it can filter reviews by ratingIlluminate\Database\UniqueConstraintViolationException: SQLSTATE[23000]: Integrity constraint violation: 19 UNIQUE constraint failed: car_rental_reviews.booking_id (Connection: sqlite, SQL: insert into "car_rental_reviews" ("booking_id", "vehicle_id", "renter_id", "rating", "comment", "is_visible", "updated_at", "created_at") values (1, 1, 3, 3, The rental went smoothly overall. The car served its purpose for our city trip, though it showed signs of wear and tear. The owner was polite and the transaction was straightforward., 1, 2025-09-24 12:52:31, 2025-09-24 12:52:31))&#13;
at vendor\laravel\framework\src\Illuminate\Database\Connection.php:570
at vendor\laravel\framework\src\Illuminate\Database\Connection.php:811
at vendor\laravel\framework\src\Illuminate\Database\Connection.php:778
at vendor\laravel\framework\src\Illuminate\Database\Connection.php:559
at vendor\laravel\framework\src\Illuminate\Database\Connection.php:523
at vendor\laravel\framework\src\Illuminate\Database\Query\Processors\Processor.php:32
at vendor\laravel\framework\src\Illuminate\Database\Query\Builder.php:3853
at vendor\laravel\framework\src\Illuminate\Database\Eloquent\Builder.php:2235
at vendor\laravel\framework\src\Illuminate\Database\Eloquent\Model.php:1436
at vendor\laravel\framework\src\Illuminate\Database\Eloquent\Model.php:1401
at vendor\laravel\framework\src\Illuminate\Database\Eloquent\Model.php:1240
at vendor\laravel\framework\src\Illuminate\Database\Eloquent\Factories\Factory.php:370
at vendor\laravel\framework\src\Illuminate\Collections\Traits\EnumeratesValues.php:271
at vendor\laravel\framework\src\Illuminate\Database\Eloquent\Factories\Factory.php:365
at vendor\laravel\framework\src\Illuminate\Database\Eloquent\Factories\Factory.php:321
at vendor\laravel\framework\src\Illuminate\Database\Eloquent\Factories\Factory.php:315
at tests\Browser\ReviewResourceBrowserTest.php:149
Caused by
PDOException: SQLSTATE[23000]: Integrity constraint violation: 19 UNIQUE constraint failed: car_rental_reviews.booking_id

at vendor\laravel\framework\src\Illuminate\Database\Connection.php:570
at vendor\laravel\framework\src\Illuminate\Database\Connection.php:811
at vendor\laravel\framework\src\Illuminate\Database\Connection.php:778
at vendor\laravel\framework\src\Illuminate\Database\Connection.php:559
at vendor\laravel\framework\src\Illuminate\Database\Connection.php:523
at vendor\laravel\framework\src\Illuminate\Database\Query\Processors\Processor.php:32
at vendor\laravel\framework\src\Illuminate\Database\Query\Builder.php:3853
at vendor\laravel\framework\src\Illuminate\Database\Eloquent\Builder.php:2235
at vendor\laravel\framework\src\Illuminate\Database\Eloquent\Model.php:1436
at vendor\laravel\framework\src\Illuminate\Database\Eloquent\Model.php:1401
at vendor\laravel\framework\src\Illuminate\Database\Eloquent\Model.php:1240
at vendor\laravel\framework\src\Illuminate\Database\Eloquent\Factories\Factory.php:370
at vendor\laravel\framework\src\Illuminate\Collections\Traits\EnumeratesValues.php:271
at vendor\laravel\framework\src\Illuminate\Database\Eloquent\Factories\Factory.php:365
at vendor\laravel\framework\src\Illuminate\Database\Eloquent\Factories\Factory.php:321
at vendor\laravel\framework\src\Illuminate\Database\Eloquent\Factories\Factory.php:315
at tests\Browser\ReviewResourceBrowserTest.php:149</error>
        </testcase>
        <testcase name="it can filter reviews by visibility" file="tests\Browser\ReviewResourceBrowserTest.php::it can filter reviews by visibility" class="Tests\Browser\ReviewResourceBrowserTest" classname="Tests.Browser.ReviewResourceBrowserTest" assertions="0" time="0.112903">
          <error type="Illuminate\Database\UniqueConstraintViolationException">it can filter reviews by visibilityIlluminate\Database\UniqueConstraintViolationException: SQLSTATE[23000]: Integrity constraint violation: 19 UNIQUE constraint failed: car_rental_reviews.booking_id (Connection: sqlite, SQL: insert into "car_rental_reviews" ("booking_id", "vehicle_id", "renter_id", "rating", "comment", "is_visible", "updated_at", "created_at") values (1, 1, 3, 3, Average rental experience. Nothing special., 0, 2025-09-24 12:52:31, 2025-09-24 12:52:31))&#13;
at vendor\laravel\framework\src\Illuminate\Database\Connection.php:570
at vendor\laravel\framework\src\Illuminate\Database\Connection.php:811
at vendor\laravel\framework\src\Illuminate\Database\Connection.php:778
at vendor\laravel\framework\src\Illuminate\Database\Connection.php:559
at vendor\laravel\framework\src\Illuminate\Database\Connection.php:523
at vendor\laravel\framework\src\Illuminate\Database\Query\Processors\Processor.php:32
at vendor\laravel\framework\src\Illuminate\Database\Query\Builder.php:3853
at vendor\laravel\framework\src\Illuminate\Database\Eloquent\Builder.php:2235
at vendor\laravel\framework\src\Illuminate\Database\Eloquent\Model.php:1436
at vendor\laravel\framework\src\Illuminate\Database\Eloquent\Model.php:1401
at vendor\laravel\framework\src\Illuminate\Database\Eloquent\Model.php:1240
at vendor\laravel\framework\src\Illuminate\Database\Eloquent\Factories\Factory.php:370
at vendor\laravel\framework\src\Illuminate\Collections\Traits\EnumeratesValues.php:271
at vendor\laravel\framework\src\Illuminate\Database\Eloquent\Factories\Factory.php:365
at vendor\laravel\framework\src\Illuminate\Database\Eloquent\Factories\Factory.php:321
at vendor\laravel\framework\src\Illuminate\Database\Eloquent\Factories\Factory.php:315
at tests\Browser\ReviewResourceBrowserTest.php:170
Caused by
PDOException: SQLSTATE[23000]: Integrity constraint violation: 19 UNIQUE constraint failed: car_rental_reviews.booking_id

at vendor\laravel\framework\src\Illuminate\Database\Connection.php:570
at vendor\laravel\framework\src\Illuminate\Database\Connection.php:811
at vendor\laravel\framework\src\Illuminate\Database\Connection.php:778
at vendor\laravel\framework\src\Illuminate\Database\Connection.php:559
at vendor\laravel\framework\src\Illuminate\Database\Connection.php:523
at vendor\laravel\framework\src\Illuminate\Database\Query\Processors\Processor.php:32
at vendor\laravel\framework\src\Illuminate\Database\Query\Builder.php:3853
at vendor\laravel\framework\src\Illuminate\Database\Eloquent\Builder.php:2235
at vendor\laravel\framework\src\Illuminate\Database\Eloquent\Model.php:1436
at vendor\laravel\framework\src\Illuminate\Database\Eloquent\Model.php:1401
at vendor\laravel\framework\src\Illuminate\Database\Eloquent\Model.php:1240
at vendor\laravel\framework\src\Illuminate\Database\Eloquent\Factories\Factory.php:370
at vendor\laravel\framework\src\Illuminate\Collections\Traits\EnumeratesValues.php:271
at vendor\laravel\framework\src\Illuminate\Database\Eloquent\Factories\Factory.php:365
at vendor\laravel\framework\src\Illuminate\Database\Eloquent\Factories\Factory.php:321
at vendor\laravel\framework\src\Illuminate\Database\Eloquent\Factories\Factory.php:315
at tests\Browser\ReviewResourceBrowserTest.php:170</error>
        </testcase>
        <testcase name="it renter can only see their own reviews" file="tests\Browser\ReviewResourceBrowserTest.php::it renter can only see their own reviews" class="Tests\Browser\ReviewResourceBrowserTest" classname="Tests.Browser.ReviewResourceBrowserTest" assertions="0" time="10.777846">
          <failure type="PHPUnit\Framework\ExpectationFailedException">it renter can only see their own reviewsTimeout 5000ms exceeded. A screenshot of the page has been saved to [Tests/Browser/Screenshots/it_renter_can_only_see_their_own_reviews].&#13;
at vendor\pestphp\pest-plugin-browser\src\Exceptions\BrowserExpectationFailedException.php:60
at vendor\pestphp\pest-plugin-browser\src\Api\AwaitableWebpage.php:59
at vendor\pestphp\pest-plugin-browser\src\Api\PendingAwaitablePage.php:48
at tests\Browser\ReviewResourceBrowserTest.php:238</failure>
        </testcase>
      </testsuite>
      <testsuite name="Tests\Browser\ArabicTranslationTest" file="Arabic Translation (Tests\Browser\ArabicTranslation)" tests="6" assertions="0" errors="6" failures="0" skipped="0" time="2.881584">
        <testcase name="Vehicle form displays arabic translations" file="Arabic Translation (Tests\Browser\ArabicTranslation)::Vehicle form displays arabic translations" class="Tests\Browser\ArabicTranslationTest" classname="Tests.Browser.ArabicTranslationTest" assertions="0" time="0.522993">
          <error type="Error">Vehicle form displays arabic translationsError: Call to undefined method Tests\Browser\ArabicTranslationTest::browse()&#13;
at tests\Browser\ArabicTranslationTest.php:107</error>
        </testcase>
        <testcase name="Bookings page displays arabic translations" file="Arabic Translation (Tests\Browser\ArabicTranslation)::Bookings page displays arabic translations" class="Tests\Browser\ArabicTranslationTest" classname="Tests.Browser.ArabicTranslationTest" assertions="0" time="0.484488">
          <error type="Error">Bookings page displays arabic translationsError: Call to undefined method Tests\Browser\ArabicTranslationTest::browse()&#13;
at tests\Browser\ArabicTranslationTest.php:23</error>
        </testcase>
        <testcase name="Language switch between english and arabic" file="Arabic Translation (Tests\Browser\ArabicTranslation)::Language switch between english and arabic" class="Tests\Browser\ArabicTranslationTest" classname="Tests.Browser.ArabicTranslationTest" assertions="0" time="0.446959">
          <error type="Error">Language switch between english and arabicError: Call to undefined method Tests\Browser\ArabicTranslationTest::browse()&#13;
at tests\Browser\ArabicTranslationTest.php:187</error>
        </testcase>
        <testcase name="Dashboard widgets display arabic translations" file="Arabic Translation (Tests\Browser\ArabicTranslation)::Dashboard widgets display arabic translations" class="Tests\Browser\ArabicTranslationTest" classname="Tests.Browser.ArabicTranslationTest" assertions="0" time="0.467687">
          <error type="Error">Dashboard widgets display arabic translationsError: Call to undefined method Tests\Browser\ArabicTranslationTest::browse()&#13;
at tests\Browser\ArabicTranslationTest.php:152</error>
        </testcase>
        <testcase name="Vehicles page displays arabic translations" file="Arabic Translation (Tests\Browser\ArabicTranslation)::Vehicles page displays arabic translations" class="Tests\Browser\ArabicTranslationTest" classname="Tests.Browser.ArabicTranslationTest" assertions="0" time="0.504138">
          <error type="Error">Vehicles page displays arabic translationsError: Call to undefined method Tests\Browser\ArabicTranslationTest::browse()&#13;
at tests\Browser\ArabicTranslationTest.php:67</error>
        </testcase>
        <testcase name="Enum translations work correctly" file="Arabic Translation (Tests\Browser\ArabicTranslation)::Enum translations work correctly" class="Tests\Browser\ArabicTranslationTest" classname="Tests.Browser.ArabicTranslationTest" assertions="0" time="0.455317">
          <error type="Error">Enum translations work correctlyError: Call to undefined method Tests\Browser\ArabicTranslationTest::browse()&#13;
at tests\Browser\ArabicTranslationTest.php:235</error>
        </testcase>
      </testsuite>
      <testsuite name="Tests\Browser\VehicleResourceBrowserTest" file="tests\Browser\VehicleResourceBrowserTest.php" tests="9" assertions="0" errors="8" failures="1" skipped="0" time="10.983208">
        <testcase name="it can bulk delete vehicles as admin" file="tests\Browser\VehicleResourceBrowserTest.php::it can bulk delete vehicles as admin" class="Tests\Browser\VehicleResourceBrowserTest" classname="Tests.Browser.VehicleResourceBrowserTest" assertions="0" time="10.983208">
          <failure type="PHPUnit\Framework\ExpectationFailedException">it can bulk delete vehicles as adminTimeout 5000ms exceeded. A screenshot of the page has been saved to [Tests/Browser/Screenshots/it_can_bulk_delete_vehicles_as_admin].&#13;
at vendor\pestphp\pest-plugin-browser\src\Exceptions\BrowserExpectationFailedException.php:60
at vendor\pestphp\pest-plugin-browser\src\Api\AwaitableWebpage.php:59
at vendor\pestphp\pest-plugin-browser\src\Api\PendingAwaitablePage.php:48
at tests\Browser\VehicleResourceBrowserTest.php:158</failure>
        </testcase>
        <testcase name="it can delete vehicle as admin" file="tests\Browser\VehicleResourceBrowserTest.php::it can delete vehicle as admin" class="Tests\Browser\VehicleResourceBrowserTest" classname="Tests.Browser.VehicleResourceBrowserTest" assertions="0" time="0.000000">
          <error type="Illuminate\Database\QueryException">it can delete vehicle as adminIlluminate\Database\QueryException: SQLSTATE[HY000]: General error: 1 no such table: car_rental_users (Connection: sqlite, SQL: insert into "car_rental_users" ("name", "email", "email_verified_at", "password", "phone", "role", "status", "license_number", "id_document_path", "license_document_path", "is_verified", "date_of_birth", "address", "remember_token", "updated_at", "created_at") values (Test Admin, admin@test.com, 2025-09-24 12:52:56, $2y$04$78g4B33dBB9yvLZHXPZyOuzF4w5wzk7FwYQTRiFHrXZoaR9VfYlfW, 607-781-3440, admin, active, jxr-9019-7053, documents/ids/571add75-fc7c-3d3d-8132-334fec50cec3.pdf, documents/licenses/d0671f1f-a5b5-3d3b-a99e-616b764b194f.pdf, 1, 1980-10-09 00:00:00, 4591 Haylee Ville Suite 344
Jordyview, KY 99491-9033, giMH55J59D, 2025-09-24 12:52:56, 2025-09-24 12:52:56))&#13;
at vendor\laravel\framework\src\Illuminate\Database\Connection.php:564
at vendor\laravel\framework\src\Illuminate\Database\Connection.php:811
at vendor\laravel\framework\src\Illuminate\Database\Connection.php:778
at vendor\laravel\framework\src\Illuminate\Database\Connection.php:559
at vendor\laravel\framework\src\Illuminate\Database\Connection.php:523
at vendor\laravel\framework\src\Illuminate\Database\Query\Processors\Processor.php:32
at vendor\laravel\framework\src\Illuminate\Database\Query\Builder.php:3853
at vendor\laravel\framework\src\Illuminate\Database\Eloquent\Builder.php:2235
at vendor\laravel\framework\src\Illuminate\Database\Eloquent\Model.php:1436
at vendor\laravel\framework\src\Illuminate\Database\Eloquent\Model.php:1401
at vendor\laravel\framework\src\Illuminate\Database\Eloquent\Model.php:1240
at vendor\laravel\framework\src\Illuminate\Database\Eloquent\Factories\Factory.php:370
at vendor\laravel\framework\src\Illuminate\Collections\Traits\EnumeratesValues.php:271
at vendor\laravel\framework\src\Illuminate\Database\Eloquent\Factories\Factory.php:365
at vendor\laravel\framework\src\Illuminate\Database\Eloquent\Factories\Factory.php:321
at vendor\laravel\framework\src\Illuminate\Database\Eloquent\Factories\Factory.php:315
at tests\Browser\VehicleResourceBrowserTest.php:11
Caused by
PDOException: SQLSTATE[HY000]: General error: 1 no such table: car_rental_users

at vendor\laravel\framework\src\Illuminate\Database\Connection.php:564
at vendor\laravel\framework\src\Illuminate\Database\Connection.php:811
at vendor\laravel\framework\src\Illuminate\Database\Connection.php:778
at vendor\laravel\framework\src\Illuminate\Database\Connection.php:559
at vendor\laravel\framework\src\Illuminate\Database\Connection.php:523
at vendor\laravel\framework\src\Illuminate\Database\Query\Processors\Processor.php:32
at vendor\laravel\framework\src\Illuminate\Database\Query\Builder.php:3853
at vendor\laravel\framework\src\Illuminate\Database\Eloquent\Builder.php:2235
at vendor\laravel\framework\src\Illuminate\Database\Eloquent\Model.php:1436
at vendor\laravel\framework\src\Illuminate\Database\Eloquent\Model.php:1401
at vendor\laravel\framework\src\Illuminate\Database\Eloquent\Model.php:1240
at vendor\laravel\framework\src\Illuminate\Database\Eloquent\Factories\Factory.php:370
at vendor\laravel\framework\src\Illuminate\Collections\Traits\EnumeratesValues.php:271
at vendor\laravel\framework\src\Illuminate\Database\Eloquent\Factories\Factory.php:365
at vendor\laravel\framework\src\Illuminate\Database\Eloquent\Factories\Factory.php:321
at vendor\laravel\framework\src\Illuminate\Database\Eloquent\Factories\Factory.php:315
at tests\Browser\VehicleResourceBrowserTest.php:11</error>
        </testcase>
        <testcase name="it owner can only see their own vehicles" file="tests\Browser\VehicleResourceBrowserTest.php::it owner can only see their own vehicles" class="Tests\Browser\VehicleResourceBrowserTest" classname="Tests.Browser.VehicleResourceBrowserTest" assertions="0" time="0.000000">
          <error type="Illuminate\Database\QueryException">it owner can only see their own vehiclesIlluminate\Database\QueryException: SQLSTATE[HY000]: General error: 1 no such table: car_rental_users (Connection: sqlite, SQL: insert into "car_rental_users" ("name", "email", "email_verified_at", "password", "phone", "role", "status", "license_number", "id_document_path", "license_document_path", "is_verified", "date_of_birth", "address", "remember_token", "updated_at", "created_at") values (Test Admin, admin@test.com, 2025-09-24 12:52:56, $2y$04$78g4B33dBB9yvLZHXPZyOuzF4w5wzk7FwYQTRiFHrXZoaR9VfYlfW, 848.568.9976, admin, active, afb-8168-9157, documents/ids/9d8ebf47-232f-33c3-a856-ab0b996241f3.pdf, documents/licenses/1b168c2d-5a4a-3a59-8d7f-a1306726cc1c.pdf, 1, 1967-01-19 00:00:00, 35643 Langworth Grove
Erikaton, HI 21893-0201, De77jmqxHi, 2025-09-24 12:52:56, 2025-09-24 12:52:56))&#13;
at vendor\laravel\framework\src\Illuminate\Database\Connection.php:564
at vendor\laravel\framework\src\Illuminate\Database\Connection.php:811
at vendor\laravel\framework\src\Illuminate\Database\Connection.php:778
at vendor\laravel\framework\src\Illuminate\Database\Connection.php:559
at vendor\laravel\framework\src\Illuminate\Database\Connection.php:523
at vendor\laravel\framework\src\Illuminate\Database\Query\Processors\Processor.php:32
at vendor\laravel\framework\src\Illuminate\Database\Query\Builder.php:3853
at vendor\laravel\framework\src\Illuminate\Database\Eloquent\Builder.php:2235
at vendor\laravel\framework\src\Illuminate\Database\Eloquent\Model.php:1436
at vendor\laravel\framework\src\Illuminate\Database\Eloquent\Model.php:1401
at vendor\laravel\framework\src\Illuminate\Database\Eloquent\Model.php:1240
at vendor\laravel\framework\src\Illuminate\Database\Eloquent\Factories\Factory.php:370
at vendor\laravel\framework\src\Illuminate\Collections\Traits\EnumeratesValues.php:271
at vendor\laravel\framework\src\Illuminate\Database\Eloquent\Factories\Factory.php:365
at vendor\laravel\framework\src\Illuminate\Database\Eloquent\Factories\Factory.php:321
at vendor\laravel\framework\src\Illuminate\Database\Eloquent\Factories\Factory.php:315
at tests\Browser\VehicleResourceBrowserTest.php:11
Caused by
PDOException: SQLSTATE[HY000]: General error: 1 no such table: car_rental_users

at vendor\laravel\framework\src\Illuminate\Database\Connection.php:564
at vendor\laravel\framework\src\Illuminate\Database\Connection.php:811
at vendor\laravel\framework\src\Illuminate\Database\Connection.php:778
at vendor\laravel\framework\src\Illuminate\Database\Connection.php:559
at vendor\laravel\framework\src\Illuminate\Database\Connection.php:523
at vendor\laravel\framework\src\Illuminate\Database\Query\Processors\Processor.php:32
at vendor\laravel\framework\src\Illuminate\Database\Query\Builder.php:3853
at vendor\laravel\framework\src\Illuminate\Database\Eloquent\Builder.php:2235
at vendor\laravel\framework\src\Illuminate\Database\Eloquent\Model.php:1436
at vendor\laravel\framework\src\Illuminate\Database\Eloquent\Model.php:1401
at vendor\laravel\framework\src\Illuminate\Database\Eloquent\Model.php:1240
at vendor\laravel\framework\src\Illuminate\Database\Eloquent\Factories\Factory.php:370
at vendor\laravel\framework\src\Illuminate\Collections\Traits\EnumeratesValues.php:271
at vendor\laravel\framework\src\Illuminate\Database\Eloquent\Factories\Factory.php:365
at vendor\laravel\framework\src\Illuminate\Database\Eloquent\Factories\Factory.php:321
at vendor\laravel\framework\src\Illuminate\Database\Eloquent\Factories\Factory.php:315
at tests\Browser\VehicleResourceBrowserTest.php:11</error>
        </testcase>
        <testcase name="it can search vehicles by make" file="tests\Browser\VehicleResourceBrowserTest.php::it can search vehicles by make" class="Tests\Browser\VehicleResourceBrowserTest" classname="Tests.Browser.VehicleResourceBrowserTest" assertions="0" time="0.000000">
          <error type="Illuminate\Database\QueryException">it can search vehicles by makeIlluminate\Database\QueryException: SQLSTATE[HY000]: General error: 1 no such table: car_rental_users (Connection: sqlite, SQL: insert into "car_rental_users" ("name", "email", "email_verified_at", "password", "phone", "role", "status", "license_number", "id_document_path", "license_document_path", "is_verified", "date_of_birth", "address", "remember_token", "updated_at", "created_at") values (Test Admin, admin@test.com, 2025-09-24 12:52:56, $2y$04$78g4B33dBB9yvLZHXPZyOuzF4w5wzk7FwYQTRiFHrXZoaR9VfYlfW, +13122240337, admin, active, nif-3503-1982, documents/ids/54d9651a-e1d2-3a73-b7ec-628a88cfd2fa.pdf, documents/licenses/e76ee7a8-e2eb-3ff1-b10d-a208661638f0.pdf, 1, 1990-07-16 00:00:00, 53822 Katherine Ferry
Casperstad, FL 23085, FZR82PCrmF, 2025-09-24 12:52:56, 2025-09-24 12:52:56))&#13;
at vendor\laravel\framework\src\Illuminate\Database\Connection.php:564
at vendor\laravel\framework\src\Illuminate\Database\Connection.php:811
at vendor\laravel\framework\src\Illuminate\Database\Connection.php:778
at vendor\laravel\framework\src\Illuminate\Database\Connection.php:559
at vendor\laravel\framework\src\Illuminate\Database\Connection.php:523
at vendor\laravel\framework\src\Illuminate\Database\Query\Processors\Processor.php:32
at vendor\laravel\framework\src\Illuminate\Database\Query\Builder.php:3853
at vendor\laravel\framework\src\Illuminate\Database\Eloquent\Builder.php:2235
at vendor\laravel\framework\src\Illuminate\Database\Eloquent\Model.php:1436
at vendor\laravel\framework\src\Illuminate\Database\Eloquent\Model.php:1401
at vendor\laravel\framework\src\Illuminate\Database\Eloquent\Model.php:1240
at vendor\laravel\framework\src\Illuminate\Database\Eloquent\Factories\Factory.php:370
at vendor\laravel\framework\src\Illuminate\Collections\Traits\EnumeratesValues.php:271
at vendor\laravel\framework\src\Illuminate\Database\Eloquent\Factories\Factory.php:365
at vendor\laravel\framework\src\Illuminate\Database\Eloquent\Factories\Factory.php:321
at vendor\laravel\framework\src\Illuminate\Database\Eloquent\Factories\Factory.php:315
at tests\Browser\VehicleResourceBrowserTest.php:11
Caused by
PDOException: SQLSTATE[HY000]: General error: 1 no such table: car_rental_users

at vendor\laravel\framework\src\Illuminate\Database\Connection.php:564
at vendor\laravel\framework\src\Illuminate\Database\Connection.php:811
at vendor\laravel\framework\src\Illuminate\Database\Connection.php:778
at vendor\laravel\framework\src\Illuminate\Database\Connection.php:559
at vendor\laravel\framework\src\Illuminate\Database\Connection.php:523
at vendor\laravel\framework\src\Illuminate\Database\Query\Processors\Processor.php:32
at vendor\laravel\framework\src\Illuminate\Database\Query\Builder.php:3853
at vendor\laravel\framework\src\Illuminate\Database\Eloquent\Builder.php:2235
at vendor\laravel\framework\src\Illuminate\Database\Eloquent\Model.php:1436
at vendor\laravel\framework\src\Illuminate\Database\Eloquent\Model.php:1401
at vendor\laravel\framework\src\Illuminate\Database\Eloquent\Model.php:1240
at vendor\laravel\framework\src\Illuminate\Database\Eloquent\Factories\Factory.php:370
at vendor\laravel\framework\src\Illuminate\Collections\Traits\EnumeratesValues.php:271
at vendor\laravel\framework\src\Illuminate\Database\Eloquent\Factories\Factory.php:365
at vendor\laravel\framework\src\Illuminate\Database\Eloquent\Factories\Factory.php:321
at vendor\laravel\framework\src\Illuminate\Database\Eloquent\Factories\Factory.php:315
at tests\Browser\VehicleResourceBrowserTest.php:11</error>
        </testcase>
        <testcase name="it can view vehicle details as admin" file="tests\Browser\VehicleResourceBrowserTest.php::it can view vehicle details as admin" class="Tests\Browser\VehicleResourceBrowserTest" classname="Tests.Browser.VehicleResourceBrowserTest" assertions="0" time="0.000000">
          <error type="Illuminate\Database\QueryException">it can view vehicle details as adminIlluminate\Database\QueryException: SQLSTATE[HY000]: General error: 1 no such table: car_rental_users (Connection: sqlite, SQL: insert into "car_rental_users" ("name", "email", "email_verified_at", "password", "phone", "role", "status", "license_number", "id_document_path", "license_document_path", "is_verified", "date_of_birth", "address", "remember_token", "updated_at", "created_at") values (Test Admin, admin@test.com, 2025-09-24 12:52:56, $2y$04$78g4B33dBB9yvLZHXPZyOuzF4w5wzk7FwYQTRiFHrXZoaR9VfYlfW, 774-508-2152, admin, active, rsd-5642-0528, documents/ids/f03ae9da-9c00-39a3-97e6-328aa26cb91f.pdf, documents/licenses/1ac5034f-c33a-3787-9888-e969e77a411b.pdf, 1, 1961-10-25 00:00:00, 99635 Isaias Terrace
Palmaborough, IA 82513, Jm5rABG88b, 2025-09-24 12:52:56, 2025-09-24 12:52:56))&#13;
at vendor\laravel\framework\src\Illuminate\Database\Connection.php:564
at vendor\laravel\framework\src\Illuminate\Database\Connection.php:811
at vendor\laravel\framework\src\Illuminate\Database\Connection.php:778
at vendor\laravel\framework\src\Illuminate\Database\Connection.php:559
at vendor\laravel\framework\src\Illuminate\Database\Connection.php:523
at vendor\laravel\framework\src\Illuminate\Database\Query\Processors\Processor.php:32
at vendor\laravel\framework\src\Illuminate\Database\Query\Builder.php:3853
at vendor\laravel\framework\src\Illuminate\Database\Eloquent\Builder.php:2235
at vendor\laravel\framework\src\Illuminate\Database\Eloquent\Model.php:1436
at vendor\laravel\framework\src\Illuminate\Database\Eloquent\Model.php:1401
at vendor\laravel\framework\src\Illuminate\Database\Eloquent\Model.php:1240
at vendor\laravel\framework\src\Illuminate\Database\Eloquent\Factories\Factory.php:370
at vendor\laravel\framework\src\Illuminate\Collections\Traits\EnumeratesValues.php:271
at vendor\laravel\framework\src\Illuminate\Database\Eloquent\Factories\Factory.php:365
at vendor\laravel\framework\src\Illuminate\Database\Eloquent\Factories\Factory.php:321
at vendor\laravel\framework\src\Illuminate\Database\Eloquent\Factories\Factory.php:315
at tests\Browser\VehicleResourceBrowserTest.php:11
Caused by
PDOException: SQLSTATE[HY000]: General error: 1 no such table: car_rental_users

at vendor\laravel\framework\src\Illuminate\Database\Connection.php:564
at vendor\laravel\framework\src\Illuminate\Database\Connection.php:811
at vendor\laravel\framework\src\Illuminate\Database\Connection.php:778
at vendor\laravel\framework\src\Illuminate\Database\Connection.php:559
at vendor\laravel\framework\src\Illuminate\Database\Connection.php:523
at vendor\laravel\framework\src\Illuminate\Database\Query\Processors\Processor.php:32
at vendor\laravel\framework\src\Illuminate\Database\Query\Builder.php:3853
at vendor\laravel\framework\src\Illuminate\Database\Eloquent\Builder.php:2235
at vendor\laravel\framework\src\Illuminate\Database\Eloquent\Model.php:1436
at vendor\laravel\framework\src\Illuminate\Database\Eloquent\Model.php:1401
at vendor\laravel\framework\src\Illuminate\Database\Eloquent\Model.php:1240
at vendor\laravel\framework\src\Illuminate\Database\Eloquent\Factories\Factory.php:370
at vendor\laravel\framework\src\Illuminate\Collections\Traits\EnumeratesValues.php:271
at vendor\laravel\framework\src\Illuminate\Database\Eloquent\Factories\Factory.php:365
at vendor\laravel\framework\src\Illuminate\Database\Eloquent\Factories\Factory.php:321
at vendor\laravel\framework\src\Illuminate\Database\Eloquent\Factories\Factory.php:315
at tests\Browser\VehicleResourceBrowserTest.php:11</error>
        </testcase>
        <testcase name="it can edit vehicle as admin" file="tests\Browser\VehicleResourceBrowserTest.php::it can edit vehicle as admin" class="Tests\Browser\VehicleResourceBrowserTest" classname="Tests.Browser.VehicleResourceBrowserTest" assertions="0" time="0.000000">
          <error type="Illuminate\Database\QueryException">it can edit vehicle as adminIlluminate\Database\QueryException: SQLSTATE[HY000]: General error: 1 no such table: car_rental_users (Connection: sqlite, SQL: insert into "car_rental_users" ("name", "email", "email_verified_at", "password", "phone", "role", "status", "license_number", "id_document_path", "license_document_path", "is_verified", "date_of_birth", "address", "remember_token", "updated_at", "created_at") values (Test Admin, admin@test.com, 2025-09-24 12:52:56, $2y$04$78g4B33dBB9yvLZHXPZyOuzF4w5wzk7FwYQTRiFHrXZoaR9VfYlfW, 630-697-4184, admin, active, omb-7963-4820, documents/ids/89f44995-1744-3ee2-a9f0-a95592dadaf2.pdf, documents/licenses/95776cca-4e1f-3d00-98ac-30fcc6af0dbb.pdf, 1, 1997-09-15 00:00:00, 933 Rogahn Manors Suite 379
North Amaliaburgh, AR 85575, FOwVpF0i8b, 2025-09-24 12:52:56, 2025-09-24 12:52:56))&#13;
at vendor\laravel\framework\src\Illuminate\Database\Connection.php:564
at vendor\laravel\framework\src\Illuminate\Database\Connection.php:811
at vendor\laravel\framework\src\Illuminate\Database\Connection.php:778
at vendor\laravel\framework\src\Illuminate\Database\Connection.php:559
at vendor\laravel\framework\src\Illuminate\Database\Connection.php:523
at vendor\laravel\framework\src\Illuminate\Database\Query\Processors\Processor.php:32
at vendor\laravel\framework\src\Illuminate\Database\Query\Builder.php:3853
at vendor\laravel\framework\src\Illuminate\Database\Eloquent\Builder.php:2235
at vendor\laravel\framework\src\Illuminate\Database\Eloquent\Model.php:1436
at vendor\laravel\framework\src\Illuminate\Database\Eloquent\Model.php:1401
at vendor\laravel\framework\src\Illuminate\Database\Eloquent\Model.php:1240
at vendor\laravel\framework\src\Illuminate\Database\Eloquent\Factories\Factory.php:370
at vendor\laravel\framework\src\Illuminate\Collections\Traits\EnumeratesValues.php:271
at vendor\laravel\framework\src\Illuminate\Database\Eloquent\Factories\Factory.php:365
at vendor\laravel\framework\src\Illuminate\Database\Eloquent\Factories\Factory.php:321
at vendor\laravel\framework\src\Illuminate\Database\Eloquent\Factories\Factory.php:315
at tests\Browser\VehicleResourceBrowserTest.php:11
Caused by
PDOException: SQLSTATE[HY000]: General error: 1 no such table: car_rental_users

at vendor\laravel\framework\src\Illuminate\Database\Connection.php:564
at vendor\laravel\framework\src\Illuminate\Database\Connection.php:811
at vendor\laravel\framework\src\Illuminate\Database\Connection.php:778
at vendor\laravel\framework\src\Illuminate\Database\Connection.php:559
at vendor\laravel\framework\src\Illuminate\Database\Connection.php:523
at vendor\laravel\framework\src\Illuminate\Database\Query\Processors\Processor.php:32
at vendor\laravel\framework\src\Illuminate\Database\Query\Builder.php:3853
at vendor\laravel\framework\src\Illuminate\Database\Eloquent\Builder.php:2235
at vendor\laravel\framework\src\Illuminate\Database\Eloquent\Model.php:1436
at vendor\laravel\framework\src\Illuminate\Database\Eloquent\Model.php:1401
at vendor\laravel\framework\src\Illuminate\Database\Eloquent\Model.php:1240
at vendor\laravel\framework\src\Illuminate\Database\Eloquent\Factories\Factory.php:370
at vendor\laravel\framework\src\Illuminate\Collections\Traits\EnumeratesValues.php:271
at vendor\laravel\framework\src\Illuminate\Database\Eloquent\Factories\Factory.php:365
at vendor\laravel\framework\src\Illuminate\Database\Eloquent\Factories\Factory.php:321
at vendor\laravel\framework\src\Illuminate\Database\Eloquent\Factories\Factory.php:315
at tests\Browser\VehicleResourceBrowserTest.php:11</error>
        </testcase>
        <testcase name="it can filter vehicles by status" file="tests\Browser\VehicleResourceBrowserTest.php::it can filter vehicles by status" class="Tests\Browser\VehicleResourceBrowserTest" classname="Tests.Browser.VehicleResourceBrowserTest" assertions="0" time="0.000000">
          <error type="Illuminate\Database\QueryException">it can filter vehicles by statusIlluminate\Database\QueryException: SQLSTATE[HY000]: General error: 1 no such table: car_rental_users (Connection: sqlite, SQL: insert into "car_rental_users" ("name", "email", "email_verified_at", "password", "phone", "role", "status", "license_number", "id_document_path", "license_document_path", "is_verified", "date_of_birth", "address", "remember_token", "updated_at", "created_at") values (Test Admin, admin@test.com, 2025-09-24 12:52:56, $2y$04$78g4B33dBB9yvLZHXPZyOuzF4w5wzk7FwYQTRiFHrXZoaR9VfYlfW, 820.399.0742, admin, active, zxi-2559-1853, documents/ids/bfe0b791-4e1c-3938-b84c-639cfefecb4c.pdf, documents/licenses/2dc75847-a056-326c-91d7-d20f0e6e4407.pdf, 1, 1998-04-05 00:00:00, 9836 Little Glens Suite 795
Sanfordberg, OK 97424, LiQ5zqR8XR, 2025-09-24 12:52:56, 2025-09-24 12:52:56))&#13;
at vendor\laravel\framework\src\Illuminate\Database\Connection.php:564
at vendor\laravel\framework\src\Illuminate\Database\Connection.php:811
at vendor\laravel\framework\src\Illuminate\Database\Connection.php:778
at vendor\laravel\framework\src\Illuminate\Database\Connection.php:559
at vendor\laravel\framework\src\Illuminate\Database\Connection.php:523
at vendor\laravel\framework\src\Illuminate\Database\Query\Processors\Processor.php:32
at vendor\laravel\framework\src\Illuminate\Database\Query\Builder.php:3853
at vendor\laravel\framework\src\Illuminate\Database\Eloquent\Builder.php:2235
at vendor\laravel\framework\src\Illuminate\Database\Eloquent\Model.php:1436
at vendor\laravel\framework\src\Illuminate\Database\Eloquent\Model.php:1401
at vendor\laravel\framework\src\Illuminate\Database\Eloquent\Model.php:1240
at vendor\laravel\framework\src\Illuminate\Database\Eloquent\Factories\Factory.php:370
at vendor\laravel\framework\src\Illuminate\Collections\Traits\EnumeratesValues.php:271
at vendor\laravel\framework\src\Illuminate\Database\Eloquent\Factories\Factory.php:365
at vendor\laravel\framework\src\Illuminate\Database\Eloquent\Factories\Factory.php:321
at vendor\laravel\framework\src\Illuminate\Database\Eloquent\Factories\Factory.php:315
at tests\Browser\VehicleResourceBrowserTest.php:11
Caused by
PDOException: SQLSTATE[HY000]: General error: 1 no such table: car_rental_users

at vendor\laravel\framework\src\Illuminate\Database\Connection.php:564
at vendor\laravel\framework\src\Illuminate\Database\Connection.php:811
at vendor\laravel\framework\src\Illuminate\Database\Connection.php:778
at vendor\laravel\framework\src\Illuminate\Database\Connection.php:559
at vendor\laravel\framework\src\Illuminate\Database\Connection.php:523
at vendor\laravel\framework\src\Illuminate\Database\Query\Processors\Processor.php:32
at vendor\laravel\framework\src\Illuminate\Database\Query\Builder.php:3853
at vendor\laravel\framework\src\Illuminate\Database\Eloquent\Builder.php:2235
at vendor\laravel\framework\src\Illuminate\Database\Eloquent\Model.php:1436
at vendor\laravel\framework\src\Illuminate\Database\Eloquent\Model.php:1401
at vendor\laravel\framework\src\Illuminate\Database\Eloquent\Model.php:1240
at vendor\laravel\framework\src\Illuminate\Database\Eloquent\Factories\Factory.php:370
at vendor\laravel\framework\src\Illuminate\Collections\Traits\EnumeratesValues.php:271
at vendor\laravel\framework\src\Illuminate\Database\Eloquent\Factories\Factory.php:365
at vendor\laravel\framework\src\Illuminate\Database\Eloquent\Factories\Factory.php:321
at vendor\laravel\framework\src\Illuminate\Database\Eloquent\Factories\Factory.php:315
at tests\Browser\VehicleResourceBrowserTest.php:11</error>
        </testcase>
        <testcase name="it can create new vehicle as admin" file="tests\Browser\VehicleResourceBrowserTest.php::it can create new vehicle as admin" class="Tests\Browser\VehicleResourceBrowserTest" classname="Tests.Browser.VehicleResourceBrowserTest" assertions="0" time="0.000000">
          <error type="Illuminate\Database\QueryException">it can create new vehicle as adminIlluminate\Database\QueryException: SQLSTATE[HY000]: General error: 1 no such table: car_rental_users (Connection: sqlite, SQL: insert into "car_rental_users" ("name", "email", "email_verified_at", "password", "phone", "role", "status", "license_number", "id_document_path", "license_document_path", "is_verified", "date_of_birth", "address", "remember_token", "updated_at", "created_at") values (Test Admin, admin@test.com, 2025-09-24 12:52:56, $2y$04$78g4B33dBB9yvLZHXPZyOuzF4w5wzk7FwYQTRiFHrXZoaR9VfYlfW, 785.518.1551, admin, active, tgz-7471-0783, documents/ids/54d54d52-dceb-38d0-9180-4b212061c4fa.pdf, documents/licenses/ef5e417e-574b-3cfd-ba7e-3ec18ac61cb8.pdf, 1, 1999-09-19 00:00:00, 162 Grant Village
Princefort, WA 88433, AvxnLvqH74, 2025-09-24 12:52:56, 2025-09-24 12:52:56))&#13;
at vendor\laravel\framework\src\Illuminate\Database\Connection.php:564
at vendor\laravel\framework\src\Illuminate\Database\Connection.php:811
at vendor\laravel\framework\src\Illuminate\Database\Connection.php:778
at vendor\laravel\framework\src\Illuminate\Database\Connection.php:559
at vendor\laravel\framework\src\Illuminate\Database\Connection.php:523
at vendor\laravel\framework\src\Illuminate\Database\Query\Processors\Processor.php:32
at vendor\laravel\framework\src\Illuminate\Database\Query\Builder.php:3853
at vendor\laravel\framework\src\Illuminate\Database\Eloquent\Builder.php:2235
at vendor\laravel\framework\src\Illuminate\Database\Eloquent\Model.php:1436
at vendor\laravel\framework\src\Illuminate\Database\Eloquent\Model.php:1401
at vendor\laravel\framework\src\Illuminate\Database\Eloquent\Model.php:1240
at vendor\laravel\framework\src\Illuminate\Database\Eloquent\Factories\Factory.php:370
at vendor\laravel\framework\src\Illuminate\Collections\Traits\EnumeratesValues.php:271
at vendor\laravel\framework\src\Illuminate\Database\Eloquent\Factories\Factory.php:365
at vendor\laravel\framework\src\Illuminate\Database\Eloquent\Factories\Factory.php:321
at vendor\laravel\framework\src\Illuminate\Database\Eloquent\Factories\Factory.php:315
at tests\Browser\VehicleResourceBrowserTest.php:11
Caused by
PDOException: SQLSTATE[HY000]: General error: 1 no such table: car_rental_users

at vendor\laravel\framework\src\Illuminate\Database\Connection.php:564
at vendor\laravel\framework\src\Illuminate\Database\Connection.php:811
at vendor\laravel\framework\src\Illuminate\Database\Connection.php:778
at vendor\laravel\framework\src\Illuminate\Database\Connection.php:559
at vendor\laravel\framework\src\Illuminate\Database\Connection.php:523
at vendor\laravel\framework\src\Illuminate\Database\Query\Processors\Processor.php:32
at vendor\laravel\framework\src\Illuminate\Database\Query\Builder.php:3853
at vendor\laravel\framework\src\Illuminate\Database\Eloquent\Builder.php:2235
at vendor\laravel\framework\src\Illuminate\Database\Eloquent\Model.php:1436
at vendor\laravel\framework\src\Illuminate\Database\Eloquent\Model.php:1401
at vendor\laravel\framework\src\Illuminate\Database\Eloquent\Model.php:1240
at vendor\laravel\framework\src\Illuminate\Database\Eloquent\Factories\Factory.php:370
at vendor\laravel\framework\src\Illuminate\Collections\Traits\EnumeratesValues.php:271
at vendor\laravel\framework\src\Illuminate\Database\Eloquent\Factories\Factory.php:365
at vendor\laravel\framework\src\Illuminate\Database\Eloquent\Factories\Factory.php:321
at vendor\laravel\framework\src\Illuminate\Database\Eloquent\Factories\Factory.php:315
at tests\Browser\VehicleResourceBrowserTest.php:11</error>
        </testcase>
        <testcase name="it can list vehicles as admin" file="tests\Browser\VehicleResourceBrowserTest.php::it can list vehicles as admin" class="Tests\Browser\VehicleResourceBrowserTest" classname="Tests.Browser.VehicleResourceBrowserTest" assertions="0" time="0.000000">
          <error type="Illuminate\Database\QueryException">it can list vehicles as adminIlluminate\Database\QueryException: SQLSTATE[HY000]: General error: 1 no such table: car_rental_users (Connection: sqlite, SQL: insert into "car_rental_users" ("name", "email", "email_verified_at", "password", "phone", "role", "status", "license_number", "id_document_path", "license_document_path", "is_verified", "date_of_birth", "address", "remember_token", "updated_at", "created_at") values (Test Admin, admin@test.com, 2025-09-24 12:52:57, $2y$04$78g4B33dBB9yvLZHXPZyOuzF4w5wzk7FwYQTRiFHrXZoaR9VfYlfW, 336.356.5937, admin, active, kch-5147-1914, documents/ids/4b5bdfd8-c38a-3eeb-9616-5098e300b86e.pdf, documents/licenses/ec1c8238-9dee-3abb-9953-3d62d50d739c.pdf, 1, 1992-05-21 00:00:00, 877 Leda Trail
South Effie, NV 15411-3864, ytFBPZ2ONB, 2025-09-24 12:52:57, 2025-09-24 12:52:57))&#13;
at vendor\laravel\framework\src\Illuminate\Database\Connection.php:564
at vendor\laravel\framework\src\Illuminate\Database\Connection.php:811
at vendor\laravel\framework\src\Illuminate\Database\Connection.php:778
at vendor\laravel\framework\src\Illuminate\Database\Connection.php:559
at vendor\laravel\framework\src\Illuminate\Database\Connection.php:523
at vendor\laravel\framework\src\Illuminate\Database\Query\Processors\Processor.php:32
at vendor\laravel\framework\src\Illuminate\Database\Query\Builder.php:3853
at vendor\laravel\framework\src\Illuminate\Database\Eloquent\Builder.php:2235
at vendor\laravel\framework\src\Illuminate\Database\Eloquent\Model.php:1436
at vendor\laravel\framework\src\Illuminate\Database\Eloquent\Model.php:1401
at vendor\laravel\framework\src\Illuminate\Database\Eloquent\Model.php:1240
at vendor\laravel\framework\src\Illuminate\Database\Eloquent\Factories\Factory.php:370
at vendor\laravel\framework\src\Illuminate\Collections\Traits\EnumeratesValues.php:271
at vendor\laravel\framework\src\Illuminate\Database\Eloquent\Factories\Factory.php:365
at vendor\laravel\framework\src\Illuminate\Database\Eloquent\Factories\Factory.php:321
at vendor\laravel\framework\src\Illuminate\Database\Eloquent\Factories\Factory.php:315
at tests\Browser\VehicleResourceBrowserTest.php:11
Caused by
PDOException: SQLSTATE[HY000]: General error: 1 no such table: car_rental_users

at vendor\laravel\framework\src\Illuminate\Database\Connection.php:564
at vendor\laravel\framework\src\Illuminate\Database\Connection.php:811
at vendor\laravel\framework\src\Illuminate\Database\Connection.php:778
at vendor\laravel\framework\src\Illuminate\Database\Connection.php:559
at vendor\laravel\framework\src\Illuminate\Database\Connection.php:523
at vendor\laravel\framework\src\Illuminate\Database\Query\Processors\Processor.php:32
at vendor\laravel\framework\src\Illuminate\Database\Query\Builder.php:3853
at vendor\laravel\framework\src\Illuminate\Database\Eloquent\Builder.php:2235
at vendor\laravel\framework\src\Illuminate\Database\Eloquent\Model.php:1436
at vendor\laravel\framework\src\Illuminate\Database\Eloquent\Model.php:1401
at vendor\laravel\framework\src\Illuminate\Database\Eloquent\Model.php:1240
at vendor\laravel\framework\src\Illuminate\Database\Eloquent\Factories\Factory.php:370
at vendor\laravel\framework\src\Illuminate\Collections\Traits\EnumeratesValues.php:271
at vendor\laravel\framework\src\Illuminate\Database\Eloquent\Factories\Factory.php:365
at vendor\laravel\framework\src\Illuminate\Database\Eloquent\Factories\Factory.php:321
at vendor\laravel\framework\src\Illuminate\Database\Eloquent\Factories\Factory.php:315
at tests\Browser\VehicleResourceBrowserTest.php:11</error>
        </testcase>
      </testsuite>
      <testsuite name="Tests\Browser\UserResourceBrowserTest" file="tests\Browser\UserResourceBrowserTest.php" tests="11" assertions="0" errors="11" failures="0" skipped="0" time="0.000000">
        <testcase name="it can view user details as admin" file="tests\Browser\UserResourceBrowserTest.php::it can view user details as admin" class="Tests\Browser\UserResourceBrowserTest" classname="Tests.Browser.UserResourceBrowserTest" assertions="0" time="0.000000">
          <error type="Illuminate\Database\QueryException">it can view user details as adminIlluminate\Database\QueryException: SQLSTATE[HY000]: General error: 1 no such table: car_rental_users (Connection: sqlite, SQL: insert into "car_rental_users" ("name", "email", "email_verified_at", "password", "phone", "role", "status", "license_number", "id_document_path", "license_document_path", "is_verified", "date_of_birth", "address", "remember_token", "updated_at", "created_at") values (Test Admin, admin@test.com, 2025-09-24 12:52:57, $2y$04$78g4B33dBB9yvLZHXPZyOuzF4w5wzk7FwYQTRiFHrXZoaR9VfYlfW, 1-341-341-4825, admin, active, oop-4441-0612, documents/ids/ace553ae-85e5-34b2-a41c-ed03492ee3c1.pdf, documents/licenses/212767f0-f362-3d7e-b2c0-5b01286b15b0.pdf, 1, 1968-12-26 00:00:00, 72244 Fadel Knolls Suite 324
Port Coy, UT 72857, saOICc7cgU, 2025-09-24 12:52:57, 2025-09-24 12:52:57))&#13;
at vendor\laravel\framework\src\Illuminate\Database\Connection.php:564
at vendor\laravel\framework\src\Illuminate\Database\Connection.php:811
at vendor\laravel\framework\src\Illuminate\Database\Connection.php:778
at vendor\laravel\framework\src\Illuminate\Database\Connection.php:559
at vendor\laravel\framework\src\Illuminate\Database\Connection.php:523
at vendor\laravel\framework\src\Illuminate\Database\Query\Processors\Processor.php:32
at vendor\laravel\framework\src\Illuminate\Database\Query\Builder.php:3853
at vendor\laravel\framework\src\Illuminate\Database\Eloquent\Builder.php:2235
at vendor\laravel\framework\src\Illuminate\Database\Eloquent\Model.php:1436
at vendor\laravel\framework\src\Illuminate\Database\Eloquent\Model.php:1401
at vendor\laravel\framework\src\Illuminate\Database\Eloquent\Model.php:1240
at vendor\laravel\framework\src\Illuminate\Database\Eloquent\Factories\Factory.php:370
at vendor\laravel\framework\src\Illuminate\Collections\Traits\EnumeratesValues.php:271
at vendor\laravel\framework\src\Illuminate\Database\Eloquent\Factories\Factory.php:365
at vendor\laravel\framework\src\Illuminate\Database\Eloquent\Factories\Factory.php:321
at vendor\laravel\framework\src\Illuminate\Database\Eloquent\Factories\Factory.php:315
at tests\Browser\UserResourceBrowserTest.php:10
Caused by
PDOException: SQLSTATE[HY000]: General error: 1 no such table: car_rental_users

at vendor\laravel\framework\src\Illuminate\Database\Connection.php:564
at vendor\laravel\framework\src\Illuminate\Database\Connection.php:811
at vendor\laravel\framework\src\Illuminate\Database\Connection.php:778
at vendor\laravel\framework\src\Illuminate\Database\Connection.php:559
at vendor\laravel\framework\src\Illuminate\Database\Connection.php:523
at vendor\laravel\framework\src\Illuminate\Database\Query\Processors\Processor.php:32
at vendor\laravel\framework\src\Illuminate\Database\Query\Builder.php:3853
at vendor\laravel\framework\src\Illuminate\Database\Eloquent\Builder.php:2235
at vendor\laravel\framework\src\Illuminate\Database\Eloquent\Model.php:1436
at vendor\laravel\framework\src\Illuminate\Database\Eloquent\Model.php:1401
at vendor\laravel\framework\src\Illuminate\Database\Eloquent\Model.php:1240
at vendor\laravel\framework\src\Illuminate\Database\Eloquent\Factories\Factory.php:370
at vendor\laravel\framework\src\Illuminate\Collections\Traits\EnumeratesValues.php:271
at vendor\laravel\framework\src\Illuminate\Database\Eloquent\Factories\Factory.php:365
at vendor\laravel\framework\src\Illuminate\Database\Eloquent\Factories\Factory.php:321
at vendor\laravel\framework\src\Illuminate\Database\Eloquent\Factories\Factory.php:315
at tests\Browser\UserResourceBrowserTest.php:10</error>
        </testcase>
        <testcase name="it can search users by name" file="tests\Browser\UserResourceBrowserTest.php::it can search users by name" class="Tests\Browser\UserResourceBrowserTest" classname="Tests.Browser.UserResourceBrowserTest" assertions="0" time="0.000000">
          <error type="Illuminate\Database\QueryException">it can search users by nameIlluminate\Database\QueryException: SQLSTATE[HY000]: General error: 1 no such table: car_rental_users (Connection: sqlite, SQL: insert into "car_rental_users" ("name", "email", "email_verified_at", "password", "phone", "role", "status", "license_number", "id_document_path", "license_document_path", "is_verified", "date_of_birth", "address", "remember_token", "updated_at", "created_at") values (Test Admin, admin@test.com, 2025-09-24 12:52:57, $2y$04$78g4B33dBB9yvLZHXPZyOuzF4w5wzk7FwYQTRiFHrXZoaR9VfYlfW, 430-446-5965, admin, active, isd-9194-4935, documents/ids/3736a7b0-3f50-3050-86bb-66707bf58109.pdf, documents/licenses/ea63f144-bcc9-36e3-8e36-22204867eb9e.pdf, 1, 1997-05-02 00:00:00, 83594 Nikko Point
South Kobyton, WI 78168, wSpDjKLJOu, 2025-09-24 12:52:57, 2025-09-24 12:52:57))&#13;
at vendor\laravel\framework\src\Illuminate\Database\Connection.php:564
at vendor\laravel\framework\src\Illuminate\Database\Connection.php:811
at vendor\laravel\framework\src\Illuminate\Database\Connection.php:778
at vendor\laravel\framework\src\Illuminate\Database\Connection.php:559
at vendor\laravel\framework\src\Illuminate\Database\Connection.php:523
at vendor\laravel\framework\src\Illuminate\Database\Query\Processors\Processor.php:32
at vendor\laravel\framework\src\Illuminate\Database\Query\Builder.php:3853
at vendor\laravel\framework\src\Illuminate\Database\Eloquent\Builder.php:2235
at vendor\laravel\framework\src\Illuminate\Database\Eloquent\Model.php:1436
at vendor\laravel\framework\src\Illuminate\Database\Eloquent\Model.php:1401
at vendor\laravel\framework\src\Illuminate\Database\Eloquent\Model.php:1240
at vendor\laravel\framework\src\Illuminate\Database\Eloquent\Factories\Factory.php:370
at vendor\laravel\framework\src\Illuminate\Collections\Traits\EnumeratesValues.php:271
at vendor\laravel\framework\src\Illuminate\Database\Eloquent\Factories\Factory.php:365
at vendor\laravel\framework\src\Illuminate\Database\Eloquent\Factories\Factory.php:321
at vendor\laravel\framework\src\Illuminate\Database\Eloquent\Factories\Factory.php:315
at tests\Browser\UserResourceBrowserTest.php:10
Caused by
PDOException: SQLSTATE[HY000]: General error: 1 no such table: car_rental_users

at vendor\laravel\framework\src\Illuminate\Database\Connection.php:564
at vendor\laravel\framework\src\Illuminate\Database\Connection.php:811
at vendor\laravel\framework\src\Illuminate\Database\Connection.php:778
at vendor\laravel\framework\src\Illuminate\Database\Connection.php:559
at vendor\laravel\framework\src\Illuminate\Database\Connection.php:523
at vendor\laravel\framework\src\Illuminate\Database\Query\Processors\Processor.php:32
at vendor\laravel\framework\src\Illuminate\Database\Query\Builder.php:3853
at vendor\laravel\framework\src\Illuminate\Database\Eloquent\Builder.php:2235
at vendor\laravel\framework\src\Illuminate\Database\Eloquent\Model.php:1436
at vendor\laravel\framework\src\Illuminate\Database\Eloquent\Model.php:1401
at vendor\laravel\framework\src\Illuminate\Database\Eloquent\Model.php:1240
at vendor\laravel\framework\src\Illuminate\Database\Eloquent\Factories\Factory.php:370
at vendor\laravel\framework\src\Illuminate\Collections\Traits\EnumeratesValues.php:271
at vendor\laravel\framework\src\Illuminate\Database\Eloquent\Factories\Factory.php:365
at vendor\laravel\framework\src\Illuminate\Database\Eloquent\Factories\Factory.php:321
at vendor\laravel\framework\src\Illuminate\Database\Eloquent\Factories\Factory.php:315
at tests\Browser\UserResourceBrowserTest.php:10</error>
        </testcase>
        <testcase name="it can list users as admin" file="tests\Browser\UserResourceBrowserTest.php::it can list users as admin" class="Tests\Browser\UserResourceBrowserTest" classname="Tests.Browser.UserResourceBrowserTest" assertions="0" time="0.000000">
          <error type="Illuminate\Database\QueryException">it can list users as adminIlluminate\Database\QueryException: SQLSTATE[HY000]: General error: 1 no such table: car_rental_users (Connection: sqlite, SQL: insert into "car_rental_users" ("name", "email", "email_verified_at", "password", "phone", "role", "status", "license_number", "id_document_path", "license_document_path", "is_verified", "date_of_birth", "address", "remember_token", "updated_at", "created_at") values (Test Admin, admin@test.com, 2025-09-24 12:52:57, $2y$04$78g4B33dBB9yvLZHXPZyOuzF4w5wzk7FwYQTRiFHrXZoaR9VfYlfW, 417.661.8424, admin, active, lhn-2271-0302, documents/ids/5d2c020d-3230-31e3-a460-29247574d5e5.pdf, documents/licenses/0a663c7d-f584-3154-83e1-09495c8696b7.pdf, 1, 1970-03-20 00:00:00, 542 Benton Junctions Suite 956
Lake Rafaelport, MN 32643, 37USk1VI8d, 2025-09-24 12:52:57, 2025-09-24 12:52:57))&#13;
at vendor\laravel\framework\src\Illuminate\Database\Connection.php:564
at vendor\laravel\framework\src\Illuminate\Database\Connection.php:811
at vendor\laravel\framework\src\Illuminate\Database\Connection.php:778
at vendor\laravel\framework\src\Illuminate\Database\Connection.php:559
at vendor\laravel\framework\src\Illuminate\Database\Connection.php:523
at vendor\laravel\framework\src\Illuminate\Database\Query\Processors\Processor.php:32
at vendor\laravel\framework\src\Illuminate\Database\Query\Builder.php:3853
at vendor\laravel\framework\src\Illuminate\Database\Eloquent\Builder.php:2235
at vendor\laravel\framework\src\Illuminate\Database\Eloquent\Model.php:1436
at vendor\laravel\framework\src\Illuminate\Database\Eloquent\Model.php:1401
at vendor\laravel\framework\src\Illuminate\Database\Eloquent\Model.php:1240
at vendor\laravel\framework\src\Illuminate\Database\Eloquent\Factories\Factory.php:370
at vendor\laravel\framework\src\Illuminate\Collections\Traits\EnumeratesValues.php:271
at vendor\laravel\framework\src\Illuminate\Database\Eloquent\Factories\Factory.php:365
at vendor\laravel\framework\src\Illuminate\Database\Eloquent\Factories\Factory.php:321
at vendor\laravel\framework\src\Illuminate\Database\Eloquent\Factories\Factory.php:315
at tests\Browser\UserResourceBrowserTest.php:10
Caused by
PDOException: SQLSTATE[HY000]: General error: 1 no such table: car_rental_users

at vendor\laravel\framework\src\Illuminate\Database\Connection.php:564
at vendor\laravel\framework\src\Illuminate\Database\Connection.php:811
at vendor\laravel\framework\src\Illuminate\Database\Connection.php:778
at vendor\laravel\framework\src\Illuminate\Database\Connection.php:559
at vendor\laravel\framework\src\Illuminate\Database\Connection.php:523
at vendor\laravel\framework\src\Illuminate\Database\Query\Processors\Processor.php:32
at vendor\laravel\framework\src\Illuminate\Database\Query\Builder.php:3853
at vendor\laravel\framework\src\Illuminate\Database\Eloquent\Builder.php:2235
at vendor\laravel\framework\src\Illuminate\Database\Eloquent\Model.php:1436
at vendor\laravel\framework\src\Illuminate\Database\Eloquent\Model.php:1401
at vendor\laravel\framework\src\Illuminate\Database\Eloquent\Model.php:1240
at vendor\laravel\framework\src\Illuminate\Database\Eloquent\Factories\Factory.php:370
at vendor\laravel\framework\src\Illuminate\Collections\Traits\EnumeratesValues.php:271
at vendor\laravel\framework\src\Illuminate\Database\Eloquent\Factories\Factory.php:365
at vendor\laravel\framework\src\Illuminate\Database\Eloquent\Factories\Factory.php:321
at vendor\laravel\framework\src\Illuminate\Database\Eloquent\Factories\Factory.php:315
at tests\Browser\UserResourceBrowserTest.php:10</error>
        </testcase>
        <testcase name="it can filter users by role" file="tests\Browser\UserResourceBrowserTest.php::it can filter users by role" class="Tests\Browser\UserResourceBrowserTest" classname="Tests.Browser.UserResourceBrowserTest" assertions="0" time="0.000000">
          <error type="Illuminate\Database\QueryException">it can filter users by roleIlluminate\Database\QueryException: SQLSTATE[HY000]: General error: 1 no such table: car_rental_users (Connection: sqlite, SQL: insert into "car_rental_users" ("name", "email", "email_verified_at", "password", "phone", "role", "status", "license_number", "id_document_path", "license_document_path", "is_verified", "date_of_birth", "address", "remember_token", "updated_at", "created_at") values (Test Admin, admin@test.com, 2025-09-24 12:52:57, $2y$04$78g4B33dBB9yvLZHXPZyOuzF4w5wzk7FwYQTRiFHrXZoaR9VfYlfW, +1-463-737-5564, admin, active, cji-3085-5277, documents/ids/8b4a9515-81da-388b-b91d-7169aa9ead04.pdf, documents/licenses/95b5bf74-6cbe-303c-a73e-180e503a3eee.pdf, 1, 1990-02-21 00:00:00, 944 Theodore Flat Apt. 808
Lake Rosettatown, OR 52275, 73Kr5jJqsv, 2025-09-24 12:52:57, 2025-09-24 12:52:57))&#13;
at vendor\laravel\framework\src\Illuminate\Database\Connection.php:564
at vendor\laravel\framework\src\Illuminate\Database\Connection.php:811
at vendor\laravel\framework\src\Illuminate\Database\Connection.php:778
at vendor\laravel\framework\src\Illuminate\Database\Connection.php:559
at vendor\laravel\framework\src\Illuminate\Database\Connection.php:523
at vendor\laravel\framework\src\Illuminate\Database\Query\Processors\Processor.php:32
at vendor\laravel\framework\src\Illuminate\Database\Query\Builder.php:3853
at vendor\laravel\framework\src\Illuminate\Database\Eloquent\Builder.php:2235
at vendor\laravel\framework\src\Illuminate\Database\Eloquent\Model.php:1436
at vendor\laravel\framework\src\Illuminate\Database\Eloquent\Model.php:1401
at vendor\laravel\framework\src\Illuminate\Database\Eloquent\Model.php:1240
at vendor\laravel\framework\src\Illuminate\Database\Eloquent\Factories\Factory.php:370
at vendor\laravel\framework\src\Illuminate\Collections\Traits\EnumeratesValues.php:271
at vendor\laravel\framework\src\Illuminate\Database\Eloquent\Factories\Factory.php:365
at vendor\laravel\framework\src\Illuminate\Database\Eloquent\Factories\Factory.php:321
at vendor\laravel\framework\src\Illuminate\Database\Eloquent\Factories\Factory.php:315
at tests\Browser\UserResourceBrowserTest.php:10
Caused by
PDOException: SQLSTATE[HY000]: General error: 1 no such table: car_rental_users

at vendor\laravel\framework\src\Illuminate\Database\Connection.php:564
at vendor\laravel\framework\src\Illuminate\Database\Connection.php:811
at vendor\laravel\framework\src\Illuminate\Database\Connection.php:778
at vendor\laravel\framework\src\Illuminate\Database\Connection.php:559
at vendor\laravel\framework\src\Illuminate\Database\Connection.php:523
at vendor\laravel\framework\src\Illuminate\Database\Query\Processors\Processor.php:32
at vendor\laravel\framework\src\Illuminate\Database\Query\Builder.php:3853
at vendor\laravel\framework\src\Illuminate\Database\Eloquent\Builder.php:2235
at vendor\laravel\framework\src\Illuminate\Database\Eloquent\Model.php:1436
at vendor\laravel\framework\src\Illuminate\Database\Eloquent\Model.php:1401
at vendor\laravel\framework\src\Illuminate\Database\Eloquent\Model.php:1240
at vendor\laravel\framework\src\Illuminate\Database\Eloquent\Factories\Factory.php:370
at vendor\laravel\framework\src\Illuminate\Collections\Traits\EnumeratesValues.php:271
at vendor\laravel\framework\src\Illuminate\Database\Eloquent\Factories\Factory.php:365
at vendor\laravel\framework\src\Illuminate\Database\Eloquent\Factories\Factory.php:321
at vendor\laravel\framework\src\Illuminate\Database\Eloquent\Factories\Factory.php:315
at tests\Browser\UserResourceBrowserTest.php:10</error>
        </testcase>
        <testcase name="it can change user role as admin" file="tests\Browser\UserResourceBrowserTest.php::it can change user role as admin" class="Tests\Browser\UserResourceBrowserTest" classname="Tests.Browser.UserResourceBrowserTest" assertions="0" time="0.000000">
          <error type="Illuminate\Database\QueryException">it can change user role as adminIlluminate\Database\QueryException: SQLSTATE[HY000]: General error: 1 no such table: car_rental_users (Connection: sqlite, SQL: insert into "car_rental_users" ("name", "email", "email_verified_at", "password", "phone", "role", "status", "license_number", "id_document_path", "license_document_path", "is_verified", "date_of_birth", "address", "remember_token", "updated_at", "created_at") values (Test Admin, admin@test.com, 2025-09-24 12:52:57, $2y$04$78g4B33dBB9yvLZHXPZyOuzF4w5wzk7FwYQTRiFHrXZoaR9VfYlfW, 1-507-236-8541, admin, active, dub-3433-6815, documents/ids/8863b6c2-9fb7-3c64-953a-3d70a4e62874.pdf, documents/licenses/afb49790-3a25-33ef-8558-2031f876720a.pdf, 1, 1967-12-04 00:00:00, 6657 Alan Alley Suite 209
South Janae, MI 73381, NTdhflhDSe, 2025-09-24 12:52:57, 2025-09-24 12:52:57))&#13;
at vendor\laravel\framework\src\Illuminate\Database\Connection.php:564
at vendor\laravel\framework\src\Illuminate\Database\Connection.php:811
at vendor\laravel\framework\src\Illuminate\Database\Connection.php:778
at vendor\laravel\framework\src\Illuminate\Database\Connection.php:559
at vendor\laravel\framework\src\Illuminate\Database\Connection.php:523
at vendor\laravel\framework\src\Illuminate\Database\Query\Processors\Processor.php:32
at vendor\laravel\framework\src\Illuminate\Database\Query\Builder.php:3853
at vendor\laravel\framework\src\Illuminate\Database\Eloquent\Builder.php:2235
at vendor\laravel\framework\src\Illuminate\Database\Eloquent\Model.php:1436
at vendor\laravel\framework\src\Illuminate\Database\Eloquent\Model.php:1401
at vendor\laravel\framework\src\Illuminate\Database\Eloquent\Model.php:1240
at vendor\laravel\framework\src\Illuminate\Database\Eloquent\Factories\Factory.php:370
at vendor\laravel\framework\src\Illuminate\Collections\Traits\EnumeratesValues.php:271
at vendor\laravel\framework\src\Illuminate\Database\Eloquent\Factories\Factory.php:365
at vendor\laravel\framework\src\Illuminate\Database\Eloquent\Factories\Factory.php:321
at vendor\laravel\framework\src\Illuminate\Database\Eloquent\Factories\Factory.php:315
at tests\Browser\UserResourceBrowserTest.php:10
Caused by
PDOException: SQLSTATE[HY000]: General error: 1 no such table: car_rental_users

at vendor\laravel\framework\src\Illuminate\Database\Connection.php:564
at vendor\laravel\framework\src\Illuminate\Database\Connection.php:811
at vendor\laravel\framework\src\Illuminate\Database\Connection.php:778
at vendor\laravel\framework\src\Illuminate\Database\Connection.php:559
at vendor\laravel\framework\src\Illuminate\Database\Connection.php:523
at vendor\laravel\framework\src\Illuminate\Database\Query\Processors\Processor.php:32
at vendor\laravel\framework\src\Illuminate\Database\Query\Builder.php:3853
at vendor\laravel\framework\src\Illuminate\Database\Eloquent\Builder.php:2235
at vendor\laravel\framework\src\Illuminate\Database\Eloquent\Model.php:1436
at vendor\laravel\framework\src\Illuminate\Database\Eloquent\Model.php:1401
at vendor\laravel\framework\src\Illuminate\Database\Eloquent\Model.php:1240
at vendor\laravel\framework\src\Illuminate\Database\Eloquent\Factories\Factory.php:370
at vendor\laravel\framework\src\Illuminate\Collections\Traits\EnumeratesValues.php:271
at vendor\laravel\framework\src\Illuminate\Database\Eloquent\Factories\Factory.php:365
at vendor\laravel\framework\src\Illuminate\Database\Eloquent\Factories\Factory.php:321
at vendor\laravel\framework\src\Illuminate\Database\Eloquent\Factories\Factory.php:315
at tests\Browser\UserResourceBrowserTest.php:10</error>
        </testcase>
        <testcase name="it can edit user as admin" file="tests\Browser\UserResourceBrowserTest.php::it can edit user as admin" class="Tests\Browser\UserResourceBrowserTest" classname="Tests.Browser.UserResourceBrowserTest" assertions="0" time="0.000000">
          <error type="Illuminate\Database\QueryException">it can edit user as adminIlluminate\Database\QueryException: SQLSTATE[HY000]: General error: 1 no such table: car_rental_users (Connection: sqlite, SQL: insert into "car_rental_users" ("name", "email", "email_verified_at", "password", "phone", "role", "status", "license_number", "id_document_path", "license_document_path", "is_verified", "date_of_birth", "address", "remember_token", "updated_at", "created_at") values (Test Admin, admin@test.com, 2025-09-24 12:52:57, $2y$04$78g4B33dBB9yvLZHXPZyOuzF4w5wzk7FwYQTRiFHrXZoaR9VfYlfW, 1-442-485-5483, admin, active, ehn-1679-2550, documents/ids/82f5233f-5816-3398-b130-7a23fc512200.pdf, documents/licenses/b2ad33db-23e1-327e-9ab5-a0aa9eccb7e2.pdf, 1, 1995-06-08 00:00:00, 587 Thompson Extensions
Maudeview, FL 46780, Ukhdcmgi36, 2025-09-24 12:52:57, 2025-09-24 12:52:57))&#13;
at vendor\laravel\framework\src\Illuminate\Database\Connection.php:564
at vendor\laravel\framework\src\Illuminate\Database\Connection.php:811
at vendor\laravel\framework\src\Illuminate\Database\Connection.php:778
at vendor\laravel\framework\src\Illuminate\Database\Connection.php:559
at vendor\laravel\framework\src\Illuminate\Database\Connection.php:523
at vendor\laravel\framework\src\Illuminate\Database\Query\Processors\Processor.php:32
at vendor\laravel\framework\src\Illuminate\Database\Query\Builder.php:3853
at vendor\laravel\framework\src\Illuminate\Database\Eloquent\Builder.php:2235
at vendor\laravel\framework\src\Illuminate\Database\Eloquent\Model.php:1436
at vendor\laravel\framework\src\Illuminate\Database\Eloquent\Model.php:1401
at vendor\laravel\framework\src\Illuminate\Database\Eloquent\Model.php:1240
at vendor\laravel\framework\src\Illuminate\Database\Eloquent\Factories\Factory.php:370
at vendor\laravel\framework\src\Illuminate\Collections\Traits\EnumeratesValues.php:271
at vendor\laravel\framework\src\Illuminate\Database\Eloquent\Factories\Factory.php:365
at vendor\laravel\framework\src\Illuminate\Database\Eloquent\Factories\Factory.php:321
at vendor\laravel\framework\src\Illuminate\Database\Eloquent\Factories\Factory.php:315
at tests\Browser\UserResourceBrowserTest.php:10
Caused by
PDOException: SQLSTATE[HY000]: General error: 1 no such table: car_rental_users

at vendor\laravel\framework\src\Illuminate\Database\Connection.php:564
at vendor\laravel\framework\src\Illuminate\Database\Connection.php:811
at vendor\laravel\framework\src\Illuminate\Database\Connection.php:778
at vendor\laravel\framework\src\Illuminate\Database\Connection.php:559
at vendor\laravel\framework\src\Illuminate\Database\Connection.php:523
at vendor\laravel\framework\src\Illuminate\Database\Query\Processors\Processor.php:32
at vendor\laravel\framework\src\Illuminate\Database\Query\Builder.php:3853
at vendor\laravel\framework\src\Illuminate\Database\Eloquent\Builder.php:2235
at vendor\laravel\framework\src\Illuminate\Database\Eloquent\Model.php:1436
at vendor\laravel\framework\src\Illuminate\Database\Eloquent\Model.php:1401
at vendor\laravel\framework\src\Illuminate\Database\Eloquent\Model.php:1240
at vendor\laravel\framework\src\Illuminate\Database\Eloquent\Factories\Factory.php:370
at vendor\laravel\framework\src\Illuminate\Collections\Traits\EnumeratesValues.php:271
at vendor\laravel\framework\src\Illuminate\Database\Eloquent\Factories\Factory.php:365
at vendor\laravel\framework\src\Illuminate\Database\Eloquent\Factories\Factory.php:321
at vendor\laravel\framework\src\Illuminate\Database\Eloquent\Factories\Factory.php:315
at tests\Browser\UserResourceBrowserTest.php:10</error>
        </testcase>
        <testcase name="it shows user statistics correctly" file="tests\Browser\UserResourceBrowserTest.php::it shows user statistics correctly" class="Tests\Browser\UserResourceBrowserTest" classname="Tests.Browser.UserResourceBrowserTest" assertions="0" time="0.000000">
          <error type="Illuminate\Database\QueryException">it shows user statistics correctlyIlluminate\Database\QueryException: SQLSTATE[HY000]: General error: 1 no such table: car_rental_users (Connection: sqlite, SQL: insert into "car_rental_users" ("name", "email", "email_verified_at", "password", "phone", "role", "status", "license_number", "id_document_path", "license_document_path", "is_verified", "date_of_birth", "address", "remember_token", "updated_at", "created_at") values (Test Admin, admin@test.com, 2025-09-24 12:52:57, $2y$04$78g4B33dBB9yvLZHXPZyOuzF4w5wzk7FwYQTRiFHrXZoaR9VfYlfW, +1 (478) 270-3769, admin, active, vpf-6871-0093, documents/ids/1557aa1b-7db3-34be-85f8-9dfc545aa6a4.pdf, documents/licenses/56c5f5e0-08f9-3408-a06c-233e61bae4e5.pdf, 1, 1980-11-06 00:00:00, 86104 Weimann Cove
New Aydenhaven, FL 43878-5179, 2TzAaOxAyJ, 2025-09-24 12:52:57, 2025-09-24 12:52:57))&#13;
at vendor\laravel\framework\src\Illuminate\Database\Connection.php:564
at vendor\laravel\framework\src\Illuminate\Database\Connection.php:811
at vendor\laravel\framework\src\Illuminate\Database\Connection.php:778
at vendor\laravel\framework\src\Illuminate\Database\Connection.php:559
at vendor\laravel\framework\src\Illuminate\Database\Connection.php:523
at vendor\laravel\framework\src\Illuminate\Database\Query\Processors\Processor.php:32
at vendor\laravel\framework\src\Illuminate\Database\Query\Builder.php:3853
at vendor\laravel\framework\src\Illuminate\Database\Eloquent\Builder.php:2235
at vendor\laravel\framework\src\Illuminate\Database\Eloquent\Model.php:1436
at vendor\laravel\framework\src\Illuminate\Database\Eloquent\Model.php:1401
at vendor\laravel\framework\src\Illuminate\Database\Eloquent\Model.php:1240
at vendor\laravel\framework\src\Illuminate\Database\Eloquent\Factories\Factory.php:370
at vendor\laravel\framework\src\Illuminate\Collections\Traits\EnumeratesValues.php:271
at vendor\laravel\framework\src\Illuminate\Database\Eloquent\Factories\Factory.php:365
at vendor\laravel\framework\src\Illuminate\Database\Eloquent\Factories\Factory.php:321
at vendor\laravel\framework\src\Illuminate\Database\Eloquent\Factories\Factory.php:315
at tests\Browser\UserResourceBrowserTest.php:10
Caused by
PDOException: SQLSTATE[HY000]: General error: 1 no such table: car_rental_users

at vendor\laravel\framework\src\Illuminate\Database\Connection.php:564
at vendor\laravel\framework\src\Illuminate\Database\Connection.php:811
at vendor\laravel\framework\src\Illuminate\Database\Connection.php:778
at vendor\laravel\framework\src\Illuminate\Database\Connection.php:559
at vendor\laravel\framework\src\Illuminate\Database\Connection.php:523
at vendor\laravel\framework\src\Illuminate\Database\Query\Processors\Processor.php:32
at vendor\laravel\framework\src\Illuminate\Database\Query\Builder.php:3853
at vendor\laravel\framework\src\Illuminate\Database\Eloquent\Builder.php:2235
at vendor\laravel\framework\src\Illuminate\Database\Eloquent\Model.php:1436
at vendor\laravel\framework\src\Illuminate\Database\Eloquent\Model.php:1401
at vendor\laravel\framework\src\Illuminate\Database\Eloquent\Model.php:1240
at vendor\laravel\framework\src\Illuminate\Database\Eloquent\Factories\Factory.php:370
at vendor\laravel\framework\src\Illuminate\Collections\Traits\EnumeratesValues.php:271
at vendor\laravel\framework\src\Illuminate\Database\Eloquent\Factories\Factory.php:365
at vendor\laravel\framework\src\Illuminate\Database\Eloquent\Factories\Factory.php:321
at vendor\laravel\framework\src\Illuminate\Database\Eloquent\Factories\Factory.php:315
at tests\Browser\UserResourceBrowserTest.php:10</error>
        </testcase>
        <testcase name="it can delete user as admin" file="tests\Browser\UserResourceBrowserTest.php::it can delete user as admin" class="Tests\Browser\UserResourceBrowserTest" classname="Tests.Browser.UserResourceBrowserTest" assertions="0" time="0.000000">
          <error type="Illuminate\Database\QueryException">it can delete user as adminIlluminate\Database\QueryException: SQLSTATE[HY000]: General error: 1 no such table: car_rental_users (Connection: sqlite, SQL: insert into "car_rental_users" ("name", "email", "email_verified_at", "password", "phone", "role", "status", "license_number", "id_document_path", "license_document_path", "is_verified", "date_of_birth", "address", "remember_token", "updated_at", "created_at") values (Test Admin, admin@test.com, 2025-09-24 12:52:57, $2y$04$78g4B33dBB9yvLZHXPZyOuzF4w5wzk7FwYQTRiFHrXZoaR9VfYlfW, +1-707-353-9107, admin, active, ysi-8653-9531, documents/ids/ab9dbff6-ea7c-316a-860c-f8c8b59db922.pdf, documents/licenses/051465b7-3157-309b-ba16-03f6dc797ee0.pdf, 1, 2002-01-15 00:00:00, 4557 Gutkowski Plains
Ericaside, AZ 46270-1603, 5T8YrZGadw, 2025-09-24 12:52:57, 2025-09-24 12:52:57))&#13;
at vendor\laravel\framework\src\Illuminate\Database\Connection.php:564
at vendor\laravel\framework\src\Illuminate\Database\Connection.php:811
at vendor\laravel\framework\src\Illuminate\Database\Connection.php:778
at vendor\laravel\framework\src\Illuminate\Database\Connection.php:559
at vendor\laravel\framework\src\Illuminate\Database\Connection.php:523
at vendor\laravel\framework\src\Illuminate\Database\Query\Processors\Processor.php:32
at vendor\laravel\framework\src\Illuminate\Database\Query\Builder.php:3853
at vendor\laravel\framework\src\Illuminate\Database\Eloquent\Builder.php:2235
at vendor\laravel\framework\src\Illuminate\Database\Eloquent\Model.php:1436
at vendor\laravel\framework\src\Illuminate\Database\Eloquent\Model.php:1401
at vendor\laravel\framework\src\Illuminate\Database\Eloquent\Model.php:1240
at vendor\laravel\framework\src\Illuminate\Database\Eloquent\Factories\Factory.php:370
at vendor\laravel\framework\src\Illuminate\Collections\Traits\EnumeratesValues.php:271
at vendor\laravel\framework\src\Illuminate\Database\Eloquent\Factories\Factory.php:365
at vendor\laravel\framework\src\Illuminate\Database\Eloquent\Factories\Factory.php:321
at vendor\laravel\framework\src\Illuminate\Database\Eloquent\Factories\Factory.php:315
at tests\Browser\UserResourceBrowserTest.php:10
Caused by
PDOException: SQLSTATE[HY000]: General error: 1 no such table: car_rental_users

at vendor\laravel\framework\src\Illuminate\Database\Connection.php:564
at vendor\laravel\framework\src\Illuminate\Database\Connection.php:811
at vendor\laravel\framework\src\Illuminate\Database\Connection.php:778
at vendor\laravel\framework\src\Illuminate\Database\Connection.php:559
at vendor\laravel\framework\src\Illuminate\Database\Connection.php:523
at vendor\laravel\framework\src\Illuminate\Database\Query\Processors\Processor.php:32
at vendor\laravel\framework\src\Illuminate\Database\Query\Builder.php:3853
at vendor\laravel\framework\src\Illuminate\Database\Eloquent\Builder.php:2235
at vendor\laravel\framework\src\Illuminate\Database\Eloquent\Model.php:1436
at vendor\laravel\framework\src\Illuminate\Database\Eloquent\Model.php:1401
at vendor\laravel\framework\src\Illuminate\Database\Eloquent\Model.php:1240
at vendor\laravel\framework\src\Illuminate\Database\Eloquent\Factories\Factory.php:370
at vendor\laravel\framework\src\Illuminate\Collections\Traits\EnumeratesValues.php:271
at vendor\laravel\framework\src\Illuminate\Database\Eloquent\Factories\Factory.php:365
at vendor\laravel\framework\src\Illuminate\Database\Eloquent\Factories\Factory.php:321
at vendor\laravel\framework\src\Illuminate\Database\Eloquent\Factories\Factory.php:315
at tests\Browser\UserResourceBrowserTest.php:10</error>
        </testcase>
        <testcase name="it can create new user as admin" file="tests\Browser\UserResourceBrowserTest.php::it can create new user as admin" class="Tests\Browser\UserResourceBrowserTest" classname="Tests.Browser.UserResourceBrowserTest" assertions="0" time="0.000000">
          <error type="Illuminate\Database\QueryException">it can create new user as adminIlluminate\Database\QueryException: SQLSTATE[HY000]: General error: 1 no such table: car_rental_users (Connection: sqlite, SQL: insert into "car_rental_users" ("name", "email", "email_verified_at", "password", "phone", "role", "status", "license_number", "id_document_path", "license_document_path", "is_verified", "date_of_birth", "address", "remember_token", "updated_at", "created_at") values (Test Admin, admin@test.com, 2025-09-24 12:52:57, $2y$04$78g4B33dBB9yvLZHXPZyOuzF4w5wzk7FwYQTRiFHrXZoaR9VfYlfW, (212) 725-0847, admin, active, dri-1080-9575, documents/ids/4f2ac629-e2ee-3975-83ce-124ee5f797ce.pdf, documents/licenses/23b9499c-94bd-3939-8a80-52eec6e6631d.pdf, 1, 1998-10-09 00:00:00, 20799 Skiles Oval
Riceton, TX 67282-2746, 2dBDZTDXSS, 2025-09-24 12:52:57, 2025-09-24 12:52:57))&#13;
at vendor\laravel\framework\src\Illuminate\Database\Connection.php:564
at vendor\laravel\framework\src\Illuminate\Database\Connection.php:811
at vendor\laravel\framework\src\Illuminate\Database\Connection.php:778
at vendor\laravel\framework\src\Illuminate\Database\Connection.php:559
at vendor\laravel\framework\src\Illuminate\Database\Connection.php:523
at vendor\laravel\framework\src\Illuminate\Database\Query\Processors\Processor.php:32
at vendor\laravel\framework\src\Illuminate\Database\Query\Builder.php:3853
at vendor\laravel\framework\src\Illuminate\Database\Eloquent\Builder.php:2235
at vendor\laravel\framework\src\Illuminate\Database\Eloquent\Model.php:1436
at vendor\laravel\framework\src\Illuminate\Database\Eloquent\Model.php:1401
at vendor\laravel\framework\src\Illuminate\Database\Eloquent\Model.php:1240
at vendor\laravel\framework\src\Illuminate\Database\Eloquent\Factories\Factory.php:370
at vendor\laravel\framework\src\Illuminate\Collections\Traits\EnumeratesValues.php:271
at vendor\laravel\framework\src\Illuminate\Database\Eloquent\Factories\Factory.php:365
at vendor\laravel\framework\src\Illuminate\Database\Eloquent\Factories\Factory.php:321
at vendor\laravel\framework\src\Illuminate\Database\Eloquent\Factories\Factory.php:315
at tests\Browser\UserResourceBrowserTest.php:10
Caused by
PDOException: SQLSTATE[HY000]: General error: 1 no such table: car_rental_users

at vendor\laravel\framework\src\Illuminate\Database\Connection.php:564
at vendor\laravel\framework\src\Illuminate\Database\Connection.php:811
at vendor\laravel\framework\src\Illuminate\Database\Connection.php:778
at vendor\laravel\framework\src\Illuminate\Database\Connection.php:559
at vendor\laravel\framework\src\Illuminate\Database\Connection.php:523
at vendor\laravel\framework\src\Illuminate\Database\Query\Processors\Processor.php:32
at vendor\laravel\framework\src\Illuminate\Database\Query\Builder.php:3853
at vendor\laravel\framework\src\Illuminate\Database\Eloquent\Builder.php:2235
at vendor\laravel\framework\src\Illuminate\Database\Eloquent\Model.php:1436
at vendor\laravel\framework\src\Illuminate\Database\Eloquent\Model.php:1401
at vendor\laravel\framework\src\Illuminate\Database\Eloquent\Model.php:1240
at vendor\laravel\framework\src\Illuminate\Database\Eloquent\Factories\Factory.php:370
at vendor\laravel\framework\src\Illuminate\Collections\Traits\EnumeratesValues.php:271
at vendor\laravel\framework\src\Illuminate\Database\Eloquent\Factories\Factory.php:365
at vendor\laravel\framework\src\Illuminate\Database\Eloquent\Factories\Factory.php:321
at vendor\laravel\framework\src\Illuminate\Database\Eloquent\Factories\Factory.php:315
at tests\Browser\UserResourceBrowserTest.php:10</error>
        </testcase>
        <testcase name="it can bulk delete users as admin" file="tests\Browser\UserResourceBrowserTest.php::it can bulk delete users as admin" class="Tests\Browser\UserResourceBrowserTest" classname="Tests.Browser.UserResourceBrowserTest" assertions="0" time="0.000000">
          <error type="Illuminate\Database\QueryException">it can bulk delete users as adminIlluminate\Database\QueryException: SQLSTATE[HY000]: General error: 1 no such table: car_rental_users (Connection: sqlite, SQL: insert into "car_rental_users" ("name", "email", "email_verified_at", "password", "phone", "role", "status", "license_number", "id_document_path", "license_document_path", "is_verified", "date_of_birth", "address", "remember_token", "updated_at", "created_at") values (Test Admin, admin@test.com, 2025-09-24 12:52:57, $2y$04$78g4B33dBB9yvLZHXPZyOuzF4w5wzk7FwYQTRiFHrXZoaR9VfYlfW, +1-337-639-4253, admin, active, ihm-7923-3507, documents/ids/72641697-aa38-3767-b5cd-7cbffc719018.pdf, documents/licenses/25837b10-a41e-3744-8867-5daea98a574c.pdf, 1, 1987-03-05 00:00:00, 6293 Erdman View Apt. 966
Cassieland, CO 38001-3836, xwxZq5mYCv, 2025-09-24 12:52:57, 2025-09-24 12:52:57))&#13;
at vendor\laravel\framework\src\Illuminate\Database\Connection.php:564
at vendor\laravel\framework\src\Illuminate\Database\Connection.php:811
at vendor\laravel\framework\src\Illuminate\Database\Connection.php:778
at vendor\laravel\framework\src\Illuminate\Database\Connection.php:559
at vendor\laravel\framework\src\Illuminate\Database\Connection.php:523
at vendor\laravel\framework\src\Illuminate\Database\Query\Processors\Processor.php:32
at vendor\laravel\framework\src\Illuminate\Database\Query\Builder.php:3853
at vendor\laravel\framework\src\Illuminate\Database\Eloquent\Builder.php:2235
at vendor\laravel\framework\src\Illuminate\Database\Eloquent\Model.php:1436
at vendor\laravel\framework\src\Illuminate\Database\Eloquent\Model.php:1401
at vendor\laravel\framework\src\Illuminate\Database\Eloquent\Model.php:1240
at vendor\laravel\framework\src\Illuminate\Database\Eloquent\Factories\Factory.php:370
at vendor\laravel\framework\src\Illuminate\Collections\Traits\EnumeratesValues.php:271
at vendor\laravel\framework\src\Illuminate\Database\Eloquent\Factories\Factory.php:365
at vendor\laravel\framework\src\Illuminate\Database\Eloquent\Factories\Factory.php:321
at vendor\laravel\framework\src\Illuminate\Database\Eloquent\Factories\Factory.php:315
at tests\Browser\UserResourceBrowserTest.php:10
Caused by
PDOException: SQLSTATE[HY000]: General error: 1 no such table: car_rental_users

at vendor\laravel\framework\src\Illuminate\Database\Connection.php:564
at vendor\laravel\framework\src\Illuminate\Database\Connection.php:811
at vendor\laravel\framework\src\Illuminate\Database\Connection.php:778
at vendor\laravel\framework\src\Illuminate\Database\Connection.php:559
at vendor\laravel\framework\src\Illuminate\Database\Connection.php:523
at vendor\laravel\framework\src\Illuminate\Database\Query\Processors\Processor.php:32
at vendor\laravel\framework\src\Illuminate\Database\Query\Builder.php:3853
at vendor\laravel\framework\src\Illuminate\Database\Eloquent\Builder.php:2235
at vendor\laravel\framework\src\Illuminate\Database\Eloquent\Model.php:1436
at vendor\laravel\framework\src\Illuminate\Database\Eloquent\Model.php:1401
at vendor\laravel\framework\src\Illuminate\Database\Eloquent\Model.php:1240
at vendor\laravel\framework\src\Illuminate\Database\Eloquent\Factories\Factory.php:370
at vendor\laravel\framework\src\Illuminate\Collections\Traits\EnumeratesValues.php:271
at vendor\laravel\framework\src\Illuminate\Database\Eloquent\Factories\Factory.php:365
at vendor\laravel\framework\src\Illuminate\Database\Eloquent\Factories\Factory.php:321
at vendor\laravel\framework\src\Illuminate\Database\Eloquent\Factories\Factory.php:315
at tests\Browser\UserResourceBrowserTest.php:10</error>
        </testcase>
        <testcase name="it can search users by email" file="tests\Browser\UserResourceBrowserTest.php::it can search users by email" class="Tests\Browser\UserResourceBrowserTest" classname="Tests.Browser.UserResourceBrowserTest" assertions="0" time="0.000000">
          <error type="Illuminate\Database\QueryException">it can search users by emailIlluminate\Database\QueryException: SQLSTATE[HY000]: General error: 1 no such table: car_rental_users (Connection: sqlite, SQL: insert into "car_rental_users" ("name", "email", "email_verified_at", "password", "phone", "role", "status", "license_number", "id_document_path", "license_document_path", "is_verified", "date_of_birth", "address", "remember_token", "updated_at", "created_at") values (Test Admin, admin@test.com, 2025-09-24 12:52:57, $2y$04$78g4B33dBB9yvLZHXPZyOuzF4w5wzk7FwYQTRiFHrXZoaR9VfYlfW, 1-234-961-5832, admin, active, vhg-0633-2239, documents/ids/8505e23b-0f75-31a8-a297-a8020cfda685.pdf, documents/licenses/2c30a2cf-8e8c-3c76-84ea-6cb299afb402.pdf, 1, 2003-10-05 00:00:00, 16291 Marjory Greens Apt. 978
East Cristobalmouth, RI 60941, umzJ8t89zW, 2025-09-24 12:52:57, 2025-09-24 12:52:57))&#13;
at vendor\laravel\framework\src\Illuminate\Database\Connection.php:564
at vendor\laravel\framework\src\Illuminate\Database\Connection.php:811
at vendor\laravel\framework\src\Illuminate\Database\Connection.php:778
at vendor\laravel\framework\src\Illuminate\Database\Connection.php:559
at vendor\laravel\framework\src\Illuminate\Database\Connection.php:523
at vendor\laravel\framework\src\Illuminate\Database\Query\Processors\Processor.php:32
at vendor\laravel\framework\src\Illuminate\Database\Query\Builder.php:3853
at vendor\laravel\framework\src\Illuminate\Database\Eloquent\Builder.php:2235
at vendor\laravel\framework\src\Illuminate\Database\Eloquent\Model.php:1436
at vendor\laravel\framework\src\Illuminate\Database\Eloquent\Model.php:1401
at vendor\laravel\framework\src\Illuminate\Database\Eloquent\Model.php:1240
at vendor\laravel\framework\src\Illuminate\Database\Eloquent\Factories\Factory.php:370
at vendor\laravel\framework\src\Illuminate\Collections\Traits\EnumeratesValues.php:271
at vendor\laravel\framework\src\Illuminate\Database\Eloquent\Factories\Factory.php:365
at vendor\laravel\framework\src\Illuminate\Database\Eloquent\Factories\Factory.php:321
at vendor\laravel\framework\src\Illuminate\Database\Eloquent\Factories\Factory.php:315
at tests\Browser\UserResourceBrowserTest.php:10
Caused by
PDOException: SQLSTATE[HY000]: General error: 1 no such table: car_rental_users

at vendor\laravel\framework\src\Illuminate\Database\Connection.php:564
at vendor\laravel\framework\src\Illuminate\Database\Connection.php:811
at vendor\laravel\framework\src\Illuminate\Database\Connection.php:778
at vendor\laravel\framework\src\Illuminate\Database\Connection.php:559
at vendor\laravel\framework\src\Illuminate\Database\Connection.php:523
at vendor\laravel\framework\src\Illuminate\Database\Query\Processors\Processor.php:32
at vendor\laravel\framework\src\Illuminate\Database\Query\Builder.php:3853
at vendor\laravel\framework\src\Illuminate\Database\Eloquent\Builder.php:2235
at vendor\laravel\framework\src\Illuminate\Database\Eloquent\Model.php:1436
at vendor\laravel\framework\src\Illuminate\Database\Eloquent\Model.php:1401
at vendor\laravel\framework\src\Illuminate\Database\Eloquent\Model.php:1240
at vendor\laravel\framework\src\Illuminate\Database\Eloquent\Factories\Factory.php:370
at vendor\laravel\framework\src\Illuminate\Collections\Traits\EnumeratesValues.php:271
at vendor\laravel\framework\src\Illuminate\Database\Eloquent\Factories\Factory.php:365
at vendor\laravel\framework\src\Illuminate\Database\Eloquent\Factories\Factory.php:321
at vendor\laravel\framework\src\Illuminate\Database\Eloquent\Factories\Factory.php:315
at tests\Browser\UserResourceBrowserTest.php:10</error>
        </testcase>
      </testsuite>
    </testsuite>
    <testsuite name="Architecture" tests="33" assertions="47" errors="5" failures="12" skipped="0" time="7.407514">
      <testsuite name="Tests\Arch\ArchitectureTest" file="tests\Arch\ArchitectureTest.php" tests="33" assertions="47" errors="5" failures="12" skipped="0" time="7.407514">
        <testcase name="`Application Architecture` → `Requests Architecture` → it ensures request classes follow naming conventions" file="tests\Arch\ArchitectureTest.php::`Application Architecture` → `Requests Architecture` → it ensures request classes follow naming conventions" class="Tests\Arch\ArchitectureTest" classname="Tests.Arch.ArchitectureTest" assertions="1" time="0.319567">
          <failure type="PHPUnit\Framework\ExpectationFailedException">`Application Architecture` → `Requests Architecture` → it ensures request classes follow naming conventionsExpecting 'App\Http\Requests' to only use 'Illuminate\Foundation\Http\FormRequest, Illuminate\Validation\Rule, App\Models, App\Enums'. However, it also uses 'Illuminate\Auth\Events\Lockout'.&#13;
at vendor\pestphp\pest-plugin-arch\src\Expectations\ToOnlyUse.php:46
at vendor\pestphp\pest-plugin-arch\src\Blueprint.php:170
at vendor\pestphp\pest-plugin-arch\src\Expectations\ToOnlyUse.php:39
at vendor\pestphp\pest-plugin-arch\src\SingleArchExpectation.php:162
at vendor\pestphp\pest-plugin-arch\src\SingleArchExpectation.php:146
at tests\Arch\ArchitectureTest.php:141</failure>
        </testcase>
        <testcase name="`Application Architecture` → `Database Architecture` → it ensures seeders follow proper structure" file="tests\Arch\ArchitectureTest.php::`Application Architecture` → `Database Architecture` → it ensures seeders follow proper structure" class="Tests\Arch\ArchitectureTest" classname="Tests.Arch.ArchitectureTest" assertions="2" time="0.086725"/>
        <testcase name="`Application Architecture` → `Observers Architecture` → it ensures observers follow proper structure" file="tests\Arch\ArchitectureTest.php::`Application Architecture` → `Observers Architecture` → it ensures observers follow proper structure" class="Tests\Arch\ArchitectureTest" classname="Tests.Arch.ArchitectureTest" assertions="1" time="0.042396"/>
        <testcase name="`Application Architecture` → `Middleware Architecture` → it ensures middleware follows Laravel conventions" file="tests\Arch\ArchitectureTest.php::`Application Architecture` → `Middleware Architecture` → it ensures middleware follows Laravel conventions" class="Tests\Arch\ArchitectureTest" classname="Tests.Arch.ArchitectureTest" assertions="1" time="0.182119">
          <failure type="PHPUnit\Framework\ExpectationFailedException">`Application Architecture` → `Middleware Architecture` → it ensures middleware follows Laravel conventionsExpecting 'App\Http\Middleware' to only use 'Illuminate\Http\Request, Illuminate\Http\Response, Symfony\Component\HttpFoundation\Response, Closure, Illuminate\Auth\Middleware\Authenticate, Illuminate\Foundation\Http\Middleware\VerifyCsrfToken, Illuminate\Http\Middleware\TrustProxies, Illuminate\Routing\Middleware\SubstituteBindings, Illuminate\View\Middleware\ShareErrorsFromSession, App\Models'. However, it also uses 'App\Exceptions\BookingException'.&#13;
at vendor\pestphp\pest-plugin-arch\src\Expectations\ToOnlyUse.php:46
at vendor\pestphp\pest-plugin-arch\src\Blueprint.php:170
at vendor\pestphp\pest-plugin-arch\src\Expectations\ToOnlyUse.php:39
at vendor\pestphp\pest-plugin-arch\src\SingleArchExpectation.php:162
at vendor\pestphp\pest-plugin-arch\src\SingleArchExpectation.php:146
at tests\Arch\ArchitectureTest.php:166</failure>
        </testcase>
        <testcase name="`Application Architecture` → `Filament Resources Architecture` → it ensures Filament resources follow proper structure" file="tests\Arch\ArchitectureTest.php::`Application Architecture` → `Filament Resources Architecture` → it ensures Filament resources follow proper structure" class="Tests\Arch\ArchitectureTest" classname="Tests.Arch.ArchitectureTest" assertions="1" time="2.799888">
          <failure type="PHPUnit\Framework\ExpectationFailedException">`Application Architecture` → `Filament Resources Architecture` → it ensures Filament resources follow proper structureExpecting 'App\Filament\Resources' to only use 'Filament\Forms, Filament\Resources, Filament\Tables, Filament\Actions, Filament\Infolists, Illuminate\Database\Eloquent\Builder, Illuminate\Database\Eloquent\SoftDeletingScope, App\Models, App\Enums, App\Filament\Resources'. However, it also uses 'Filament\Schemas\Components\Tabs\Tab'.&#13;
at vendor\pestphp\pest-plugin-arch\src\Expectations\ToOnlyUse.php:46
at vendor\pestphp\pest-plugin-arch\src\Blueprint.php:170
at vendor\pestphp\pest-plugin-arch\src\Expectations\ToOnlyUse.php:39
at vendor\pestphp\pest-plugin-arch\src\SingleArchExpectation.php:162
at vendor\pestphp\pest-plugin-arch\src\SingleArchExpectation.php:146
at tests\Arch\ArchitectureTest.php:223</failure>
        </testcase>
        <testcase name="`Application Architecture` → `Controllers Architecture` → it ensures controllers have proper structure" file="tests\Arch\ArchitectureTest.php::`Application Architecture` → `Controllers Architecture` → it ensures controllers have proper structure" class="Tests\Arch\ArchitectureTest" classname="Tests.Arch.ArchitectureTest" assertions="1" time="0.155083">
          <failure type="PHPUnit\Framework\ExpectationFailedException">`Application Architecture` → `Controllers Architecture` → it ensures controllers have proper structureExpecting 'App\Http\Controllers' to only use 'Illuminate\Http\Request, Illuminate\Http\Response, Illuminate\Http\RedirectResponse, Illuminate\Http\JsonResponse, Illuminate\Routing\Controller, Illuminate\Foundation\Auth\Access\AuthorizesRequests, Illuminate\Foundation\Validation\ValidatesRequests, Illuminate\View\View, App\Models, App\Http\Requests, App\Enums'. However, it also uses 'App\Actions\Booking\CreateBookingAction'.&#13;
at vendor\pestphp\pest-plugin-arch\src\Expectations\ToOnlyUse.php:46
at vendor\pestphp\pest-plugin-arch\src\Blueprint.php:170
at vendor\pestphp\pest-plugin-arch\src\Expectations\ToOnlyUse.php:39
at vendor\pestphp\pest-plugin-arch\src\SingleArchExpectation.php:162
at vendor\pestphp\pest-plugin-arch\src\SingleArchExpectation.php:146
at tests\Arch\ArchitectureTest.php:92</failure>
        </testcase>
        <testcase name="`Application Architecture` → `Filament Resources Architecture` → it ensures Filament resource pages extend proper classes" file="tests\Arch\ArchitectureTest.php::`Application Architecture` → `Filament Resources Architecture` → it ensures Filament resource pages extend proper classes" class="Tests\Arch\ArchitectureTest" classname="Tests.Arch.ArchitectureTest" assertions="0" time="0.003773">
          <error type="BadMethodCallException">`Application Architecture` → `Filament Resources Architecture` → it ensures Filament resource pages extend proper classesBadMethodCallException: Method "that" does not exist in string.&#13;
at vendor\pestphp\pest-plugin-arch\src\PendingArchExpectation.php:138
at tests\Arch\ArchitectureTest.php:240</error>
        </testcase>
        <testcase name="`Application Architecture` → `Models Architecture` → it ensures models are properly structured" file="tests\Arch\ArchitectureTest.php::`Application Architecture` → `Models Architecture` → it ensures models are properly structured" class="Tests\Arch\ArchitectureTest" classname="Tests.Arch.ArchitectureTest" assertions="1" time="0.254216">
          <failure type="PHPUnit\Framework\ExpectationFailedException">`Application Architecture` → `Models Architecture` → it ensures models are properly structuredExpecting 'App\Models' to only use 'Illuminate\Database\Eloquent\Model, Illuminate\Database\Eloquent\Factories\HasFactory, Illuminate\Database\Eloquent\SoftDeletes, Illuminate\Database\Eloquent\Relations, Illuminate\Database\Eloquent\Casts\Attribute, Illuminate\Database\Eloquent\Builder, Illuminate\Database\Eloquent\Collection, Illuminate\Support\Carbon, Carbon\Carbon, App\Enums, Spatie\Activitylog\Traits\LogsActivity, Spatie\Activitylog\LogOptions'. However, it also uses 'auth'.&#13;
at vendor\pestphp\pest-plugin-arch\src\Expectations\ToOnlyUse.php:46
at vendor\pestphp\pest-plugin-arch\src\Blueprint.php:170
at vendor\pestphp\pest-plugin-arch\src\Expectations\ToOnlyUse.php:39
at vendor\pestphp\pest-plugin-arch\src\SingleArchExpectation.php:162
at vendor\pestphp\pest-plugin-arch\src\SingleArchExpectation.php:146
at tests\Arch\ArchitectureTest.php:56</failure>
        </testcase>
        <testcase name="`Application Architecture` → `Dependency Architecture` → it ensures requests do not depend on controllers" file="tests\Arch\ArchitectureTest.php::`Application Architecture` → `Dependency Architecture` → it ensures requests do not depend on controllers" class="Tests\Arch\ArchitectureTest" classname="Tests.Arch.ArchitectureTest" assertions="2" time="0.025230"/>
        <testcase name="`Application Architecture` → `Code Quality Architecture` → it ensures no global functions in app namespace" file="tests\Arch\ArchitectureTest.php::`Application Architecture` → `Code Quality Architecture` → it ensures no global functions in app namespace" class="Tests\Arch\ArchitectureTest" classname="Tests.Arch.ArchitectureTest" assertions="0" time="0.002210">
          <error type="BadMethodCallException">`Application Architecture` → `Code Quality Architecture` → it ensures no global functions in app namespaceBadMethodCallException: Method "toHaveGlobalFunctions" does not exist in string.&#13;
at tests\Arch\ArchitectureTest.php:369</error>
        </testcase>
        <testcase name="`Application Architecture` → `Testing Architecture` → it ensures unit tests extend proper base" file="tests\Arch\ArchitectureTest.php::`Application Architecture` → `Testing Architecture` → it ensures unit tests extend proper base" class="Tests\Arch\ArchitectureTest" classname="Tests.Arch.ArchitectureTest" assertions="1" time="0.064984"/>
        <testcase name="`Application Architecture` → `Dependency Architecture` → it ensures models do not depend on requests" file="tests\Arch\ArchitectureTest.php::`Application Architecture` → `Dependency Architecture` → it ensures models do not depend on requests" class="Tests\Arch\ArchitectureTest" classname="Tests.Arch.ArchitectureTest" assertions="2" time="0.115205"/>
        <testcase name="`Application Architecture` → `Code Quality Architecture` → it ensures proper interface implementations" file="tests\Arch\ArchitectureTest.php::`Application Architecture` → `Code Quality Architecture` → it ensures proper interface implementations" class="Tests\Arch\ArchitectureTest" classname="Tests.Arch.ArchitectureTest" assertions="1" time="2.243806"/>
        <testcase name="`Application Architecture` → `Models Architecture` → it ensures models use HasFactory trait" file="tests\Arch\ArchitectureTest.php::`Application Architecture` → `Models Architecture` → it ensures models use HasFactory trait" class="Tests\Arch\ArchitectureTest" classname="Tests.Arch.ArchitectureTest" assertions="1" time="0.004158"/>
        <testcase name="`Application Architecture` → `Security Architecture` → it ensures no debug statements in production code" file="tests\Arch\ArchitectureTest.php::`Application Architecture` → `Security Architecture` → it ensures no debug statements in production code" class="Tests\Arch\ArchitectureTest" classname="Tests.Arch.ArchitectureTest" assertions="8" time="0.024897"/>
        <testcase name="`Application Architecture` → `Enums Architecture` → it ensures enums use proper case conventions" file="tests\Arch\ArchitectureTest.php::`Application Architecture` → `Enums Architecture` → it ensures enums use proper case conventions" class="Tests\Arch\ArchitectureTest" classname="Tests.Arch.ArchitectureTest" assertions="1" time="0.003831">
          <failure type="PHPUnit\Framework\ExpectationFailedException">`Application Architecture` → `Enums Architecture` → it ensures enums use proper case conventionsExpecting 'App\Enums' to use nothing. However, it uses '__'.&#13;
at vendor\pestphp\pest-plugin-arch\src\Expectations\ToOnlyUse.php:46
at vendor\pestphp\pest-plugin-arch\src\Blueprint.php:170
at vendor\pestphp\pest-plugin-arch\src\Expectations\ToOnlyUse.php:39
at vendor\pestphp\pest-plugin-arch\src\SingleArchExpectation.php:162
at vendor\pestphp\pest-plugin-arch\src\SingleArchExpectation.php:146
at tests\Arch\ArchitectureTest.php:159</failure>
        </testcase>
        <testcase name="`Application Architecture` → `Database Architecture` → it ensures migrations follow proper structure" file="tests\Arch\ArchitectureTest.php::`Application Architecture` → `Database Architecture` → it ensures migrations follow proper structure" class="Tests\Arch\ArchitectureTest" classname="Tests.Arch.ArchitectureTest" assertions="1" time="0.069676"/>
        <testcase name="`Application Architecture` → `Enums Architecture` → it ensures enums are backed enums" file="tests\Arch\ArchitectureTest.php::`Application Architecture` → `Enums Architecture` → it ensures enums are backed enums" class="Tests\Arch\ArchitectureTest" classname="Tests.Arch.ArchitectureTest" assertions="1" time="0.002777">
          <error type="BadMethodCallException">`Application Architecture` → `Enums Architecture` → it ensures enums are backed enumsBadMethodCallException: Method "toBeBacked" does not exist in string.&#13;
at vendor\pestphp\pest-plugin-arch\src\SingleArchExpectation.php:108
at tests\Arch\ArchitectureTest.php:154</error>
        </testcase>
        <testcase name="`Application Architecture` → `Requests Architecture` → it ensures requests have proper structure" file="tests\Arch\ArchitectureTest.php::`Application Architecture` → `Requests Architecture` → it ensures requests have proper structure" class="Tests\Arch\ArchitectureTest" classname="Tests.Arch.ArchitectureTest" assertions="3" time="0.004057"/>
        <testcase name="`Application Architecture` → `Testing Architecture` → it ensures feature tests extend proper base" file="tests\Arch\ArchitectureTest.php::`Application Architecture` → `Testing Architecture` → it ensures feature tests extend proper base" class="Tests\Arch\ArchitectureTest" classname="Tests.Arch.ArchitectureTest" assertions="1" time="0.186127"/>
        <testcase name="`Application Architecture` → `Providers Architecture` → it ensures providers extend ServiceProvider" file="tests\Arch\ArchitectureTest.php::`Application Architecture` → `Providers Architecture` → it ensures providers extend ServiceProvider" class="Tests\Arch\ArchitectureTest" classname="Tests.Arch.ArchitectureTest" assertions="3" time="0.022760">
          <failure type="Pest\Arch\Exceptions\ArchExpectationFailedException">`Application Architecture` → `Providers Architecture` → it ensures providers extend ServiceProviderExpecting 'app\Providers\Filament\AdminPanelProvider.php' to have method 'boot'.&#13;
at app\Providers\Filament\AdminPanelProvider.php:26
at vendor\pestphp\pest-plugin-arch\src\Expectations\Targeted.php:46
at vendor\pestphp\pest-plugin-arch\src\Blueprint.php:137
at vendor\pestphp\pest-plugin-arch\src\Expectations\Targeted.php:43
at vendor\pestphp\pest-plugin-arch\src\SingleArchExpectation.php:162
at vendor\pestphp\pest-plugin-arch\src\SingleArchExpectation.php:146
at vendor\pestphp\pest-plugin-arch\src\SingleArchExpectation.php:108
at tests\Arch\ArchitectureTest.php:198</failure>
        </testcase>
        <testcase name="`Application Architecture` → `Providers Architecture` → it ensures providers follow Laravel conventions" file="tests\Arch\ArchitectureTest.php::`Application Architecture` → `Providers Architecture` → it ensures providers follow Laravel conventions" class="Tests\Arch\ArchitectureTest" classname="Tests.Arch.ArchitectureTest" assertions="1" time="0.032885">
          <failure type="PHPUnit\Framework\ExpectationFailedException">`Application Architecture` → `Providers Architecture` → it ensures providers follow Laravel conventionsExpecting 'App\Providers' to only use 'Illuminate\Support\ServiceProvider, Illuminate\Support\Facades\Gate, Illuminate\Foundation\Support\Providers\AuthServiceProvider, Illuminate\Cache\RateLimiting\Limit, Illuminate\Http\Request, Illuminate\Support\Facades\RateLimiter, Illuminate\Support\Facades\Route, Illuminate\Foundation\Support\Providers\RouteServiceProvider, Illuminate\Auth\Notifications\ResetPassword, App\Models, App\Observers, BezhanSalleh\LanguageSwitch\LanguageSwitch'. However, it also uses 'App\Policies\BookingPolicy'.&#13;
at vendor\pestphp\pest-plugin-arch\src\Expectations\ToOnlyUse.php:46
at vendor\pestphp\pest-plugin-arch\src\Blueprint.php:170
at vendor\pestphp\pest-plugin-arch\src\Expectations\ToOnlyUse.php:39
at vendor\pestphp\pest-plugin-arch\src\SingleArchExpectation.php:162
at vendor\pestphp\pest-plugin-arch\src\SingleArchExpectation.php:146
at tests\Arch\ArchitectureTest.php:203</failure>
        </testcase>
        <testcase name="`Application Architecture` → `Code Quality Architecture` → it ensures proper class naming conventions" file="tests\Arch\ArchitectureTest.php::`Application Architecture` → `Code Quality Architecture` → it ensures proper class naming conventions" class="Tests\Arch\ArchitectureTest" classname="Tests.Arch.ArchitectureTest" assertions="0" time="0.001918">
          <error type="BadMethodCallException">`Application Architecture` → `Code Quality Architecture` → it ensures proper class naming conventionsBadMethodCallException: Method "ignoring" does not exist in string.&#13;
at tests\Arch\ArchitectureTest.php:361</error>
        </testcase>
        <testcase name="`Application Architecture` → `Models Architecture` → it ensures models have proper naming conventions" file="tests\Arch\ArchitectureTest.php::`Application Architecture` → `Models Architecture` → it ensures models have proper naming conventions" class="Tests\Arch\ArchitectureTest" classname="Tests.Arch.ArchitectureTest" assertions="2" time="0.002482"/>
        <testcase name="`Application Architecture` → `Testing Architecture` → it ensures test classes follow proper structure" file="tests\Arch\ArchitectureTest.php::`Application Architecture` → `Testing Architecture` → it ensures test classes follow proper structure" class="Tests\Arch\ArchitectureTest" classname="Tests.Arch.ArchitectureTest" assertions="1" time="0.471980">
          <failure type="PHPUnit\Framework\ExpectationFailedException">`Application Architecture` → `Testing Architecture` → it ensures test classes follow proper structureExpecting 'Tests' to only use 'PHPUnit\Framework\TestCase, Illuminate\Foundation\Testing\TestCase, Illuminate\Foundation\Testing\RefreshDatabase, Illuminate\Foundation\Testing\WithFaker, Tests\TestCase, App\Models, App\Enums, Laravel\Dusk\Browser, Carbon\Carbon, Illuminate\Support\Facades'. However, it also uses 'Illuminate\Foundation\Testing\DatabaseMigrations'.&#13;
at vendor\pestphp\pest-plugin-arch\src\Expectations\ToOnlyUse.php:46
at vendor\pestphp\pest-plugin-arch\src\Blueprint.php:170
at vendor\pestphp\pest-plugin-arch\src\Expectations\ToOnlyUse.php:39
at vendor\pestphp\pest-plugin-arch\src\SingleArchExpectation.php:162
at vendor\pestphp\pest-plugin-arch\src\SingleArchExpectation.php:146
at tests\Arch\ArchitectureTest.php:256</failure>
        </testcase>
        <testcase name="`Application Architecture` → `Security Architecture` → it ensures proper authorization is used" file="tests\Arch\ArchitectureTest.php::`Application Architecture` → `Security Architecture` → it ensures proper authorization is used" class="Tests\Arch\ArchitectureTest" classname="Tests.Arch.ArchitectureTest" assertions="1" time="0.004190">
          <failure type="PHPUnit\Framework\ExpectationFailedException">`Application Architecture` → `Security Architecture` → it ensures proper authorization is usedExpecting 'App\Http\Controllers' to only use 'Illuminate\Foundation\Auth\Access\AuthorizesRequests'. However, it also uses 'App\Actions\Booking\CreateBookingAction'.&#13;
at vendor\pestphp\pest-plugin-arch\src\Expectations\ToOnlyUse.php:46
at vendor\pestphp\pest-plugin-arch\src\Blueprint.php:170
at vendor\pestphp\pest-plugin-arch\src\Expectations\ToOnlyUse.php:39
at vendor\pestphp\pest-plugin-arch\src\SingleArchExpectation.php:162
at vendor\pestphp\pest-plugin-arch\src\SingleArchExpectation.php:146
at tests\Arch\ArchitectureTest.php:321</failure>
        </testcase>
        <testcase name="`Application Architecture` → `Controllers Architecture` → it ensures auth controllers follow Laravel conventions" file="tests\Arch\ArchitectureTest.php::`Application Architecture` → `Controllers Architecture` → it ensures auth controllers follow Laravel conventions" class="Tests\Arch\ArchitectureTest" classname="Tests.Arch.ArchitectureTest" assertions="1" time="0.108140">
          <failure type="PHPUnit\Framework\ExpectationFailedException">`Application Architecture` → `Controllers Architecture` → it ensures auth controllers follow Laravel conventionsExpecting 'App\Http\Controllers\Auth' to only use 'Illuminate\Http\Request, Illuminate\Http\RedirectResponse, Illuminate\View\View, Illuminate\Auth\Events\Registered, Illuminate\Support\Facades\Auth, Illuminate\Support\Facades\Hash, Illuminate\Validation\Rules, App\Http\Controllers\Controller, App\Models\User, App\Http\Requests\Auth, App\Providers\RouteServiceProvider'. However, it also uses 'Illuminate\Http\Response'.&#13;
at vendor\pestphp\pest-plugin-arch\src\Expectations\ToOnlyUse.php:46
at vendor\pestphp\pest-plugin-arch\src\Blueprint.php:170
at vendor\pestphp\pest-plugin-arch\src\Expectations\ToOnlyUse.php:39
at vendor\pestphp\pest-plugin-arch\src\SingleArchExpectation.php:162
at vendor\pestphp\pest-plugin-arch\src\SingleArchExpectation.php:146
at tests\Arch\ArchitectureTest.php:115</failure>
        </testcase>
        <testcase name="`Application Architecture` → `Dependency Architecture` → it ensures models do not depend on controllers" file="tests\Arch\ArchitectureTest.php::`Application Architecture` → `Dependency Architecture` → it ensures models do not depend on controllers" class="Tests\Arch\ArchitectureTest" classname="Tests.Arch.ArchitectureTest" assertions="2" time="0.004133"/>
        <testcase name="`Application Architecture` → `Dependency Architecture` → it ensures controllers do not depend on each other" file="tests\Arch\ArchitectureTest.php::`Application Architecture` → `Dependency Architecture` → it ensures controllers do not depend on each other" class="Tests\Arch\ArchitectureTest" classname="Tests.Arch.ArchitectureTest" assertions="2" time="0.074936"/>
        <testcase name="`Application Architecture` → `Models Architecture` → it ensures models extend Eloquent Model" file="tests\Arch\ArchitectureTest.php::`Application Architecture` → `Models Architecture` → it ensures models extend Eloquent Model" class="Tests\Arch\ArchitectureTest" classname="Tests.Arch.ArchitectureTest" assertions="1" time="0.002538"/>
        <testcase name="`Application Architecture` → `Controllers Architecture` → it ensures controllers extend base Controller" file="tests\Arch\ArchitectureTest.php::`Application Architecture` → `Controllers Architecture` → it ensures controllers extend base Controller" class="Tests\Arch\ArchitectureTest" classname="Tests.Arch.ArchitectureTest" assertions="0" time="0.001874">
          <error type="BadMethodCallException">`Application Architecture` → `Controllers Architecture` → it ensures controllers extend base ControllerBadMethodCallException: Method "ignoring" does not exist in string.&#13;
at tests\Arch\ArchitectureTest.php:109</error>
        </testcase>
        <testcase name="`Application Architecture` → `Database Architecture` → it ensures factories follow proper structure" file="tests\Arch\ArchitectureTest.php::`Application Architecture` → `Database Architecture` → it ensures factories follow proper structure" class="Tests\Arch\ArchitectureTest" classname="Tests.Arch.ArchitectureTest" assertions="2" time="0.083587"/>
        <testcase name="`Application Architecture` → `Security Architecture` → it ensures models use proper mass assignment protection" file="tests\Arch\ArchitectureTest.php::`Application Architecture` → `Security Architecture` → it ensures models use proper mass assignment protection" class="Tests\Arch\ArchitectureTest" classname="Tests.Arch.ArchitectureTest" assertions="1" time="0.005365">
          <failure type="PHPUnit\Framework\ExpectationFailedException">`Application Architecture` → `Security Architecture` → it ensures models use proper mass assignment protectionFailed asserting that 'App\Models' is of type object.&#13;
at tests\Arch\ArchitectureTest.php:326</failure>
        </testcase>
      </testsuite>
    </testsuite>
    <testsuite name="Feature" tests="232" assertions="13" errors="223" failures="3" skipped="0" time="7.687719">
      <testsuite name="Tests\Feature\PaymentManagementTest" file="tests\Feature\PaymentManagementTest.php" tests="16" assertions="0" errors="16" failures="0" skipped="0" time="0.000000">
        <testcase name="`Payment Management` → `Payment Listing` → it restricts renter access to payment management" file="tests\Feature\PaymentManagementTest.php::`Payment Management` → `Payment Listing` → it restricts renter access to payment management" class="Tests\Feature\PaymentManagementTest" classname="Tests.Feature.PaymentManagementTest" assertions="0" time="0.000000">
          <error type="Illuminate\Database\QueryException">`Payment Management` → `Payment Listing` → it restricts renter access to payment managementIlluminate\Database\QueryException: SQLSTATE[HY000]: General error: 1 no such table: car_rental_users (Connection: sqlite, SQL: insert into "car_rental_users" ("name", "email", "email_verified_at", "password", "phone", "role", "status", "license_number", "id_document_path", "license_document_path", "is_verified", "date_of_birth", "address", "remember_token", "updated_at", "created_at") values (Dr. Lorna Bashirian, luigi71@example.com, 2025-09-24 12:53:05, $2y$04$78g4B33dBB9yvLZHXPZyOuzF4w5wzk7FwYQTRiFHrXZoaR9VfYlfW, 601-790-6530, admin, active, dcs-1207-6886, documents/ids/2a71b1df-ffe5-34a1-a17d-d0b86f2fbcea.pdf, documents/licenses/f1e85585-5654-3d29-923c-b7581ef1730b.pdf, 1, 2003-09-13 00:00:00, 78794 Ward Lock Apt. 495
Frankieport, LA 32241-1066, Oaliw70z9g, 2025-09-24 12:53:05, 2025-09-24 12:53:05))&#13;
at vendor\laravel\framework\src\Illuminate\Database\Connection.php:564
at vendor\laravel\framework\src\Illuminate\Database\Connection.php:811
at vendor\laravel\framework\src\Illuminate\Database\Connection.php:778
at vendor\laravel\framework\src\Illuminate\Database\Connection.php:559
at vendor\laravel\framework\src\Illuminate\Database\Connection.php:523
at vendor\laravel\framework\src\Illuminate\Database\Query\Processors\Processor.php:32
at vendor\laravel\framework\src\Illuminate\Database\Query\Builder.php:3853
at vendor\laravel\framework\src\Illuminate\Database\Eloquent\Builder.php:2235
at vendor\laravel\framework\src\Illuminate\Database\Eloquent\Model.php:1436
at vendor\laravel\framework\src\Illuminate\Database\Eloquent\Model.php:1401
at vendor\laravel\framework\src\Illuminate\Database\Eloquent\Model.php:1240
at vendor\laravel\framework\src\Illuminate\Database\Eloquent\Factories\Factory.php:370
at vendor\laravel\framework\src\Illuminate\Collections\Traits\EnumeratesValues.php:271
at vendor\laravel\framework\src\Illuminate\Database\Eloquent\Factories\Factory.php:365
at vendor\laravel\framework\src\Illuminate\Database\Eloquent\Factories\Factory.php:321
at tests\Feature\PaymentManagementTest.php:16
Caused by
PDOException: SQLSTATE[HY000]: General error: 1 no such table: car_rental_users

at vendor\laravel\framework\src\Illuminate\Database\Connection.php:564
at vendor\laravel\framework\src\Illuminate\Database\Connection.php:811
at vendor\laravel\framework\src\Illuminate\Database\Connection.php:778
at vendor\laravel\framework\src\Illuminate\Database\Connection.php:559
at vendor\laravel\framework\src\Illuminate\Database\Connection.php:523
at vendor\laravel\framework\src\Illuminate\Database\Query\Processors\Processor.php:32
at vendor\laravel\framework\src\Illuminate\Database\Query\Builder.php:3853
at vendor\laravel\framework\src\Illuminate\Database\Eloquent\Builder.php:2235
at vendor\laravel\framework\src\Illuminate\Database\Eloquent\Model.php:1436
at vendor\laravel\framework\src\Illuminate\Database\Eloquent\Model.php:1401
at vendor\laravel\framework\src\Illuminate\Database\Eloquent\Model.php:1240
at vendor\laravel\framework\src\Illuminate\Database\Eloquent\Factories\Factory.php:370
at vendor\laravel\framework\src\Illuminate\Collections\Traits\EnumeratesValues.php:271
at vendor\laravel\framework\src\Illuminate\Database\Eloquent\Factories\Factory.php:365
at vendor\laravel\framework\src\Illuminate\Database\Eloquent\Factories\Factory.php:321
at tests\Feature\PaymentManagementTest.php:16</error>
        </testcase>
        <testcase name="`Payment Management` → `Payment Refunds` → it allows processing partial refund" file="tests\Feature\PaymentManagementTest.php::`Payment Management` → `Payment Refunds` → it allows processing partial refund" class="Tests\Feature\PaymentManagementTest" classname="Tests.Feature.PaymentManagementTest" assertions="0" time="0.000000">
          <error type="Illuminate\Database\QueryException">`Payment Management` → `Payment Refunds` → it allows processing partial refundIlluminate\Database\QueryException: SQLSTATE[HY000]: General error: 1 no such table: car_rental_users (Connection: sqlite, SQL: insert into "car_rental_users" ("name", "email", "email_verified_at", "password", "phone", "role", "status", "license_number", "id_document_path", "license_document_path", "is_verified", "date_of_birth", "address", "remember_token", "updated_at", "created_at") values (Giovanna Kozey, kiarra.rath@example.net, 2025-09-24 12:53:05, $2y$04$78g4B33dBB9yvLZHXPZyOuzF4w5wzk7FwYQTRiFHrXZoaR9VfYlfW, 1-626-554-1691, admin, active, ptv-6883-7780, documents/ids/6438060b-7cad-3ca5-9819-e5ec38c9f7da.pdf, documents/licenses/9826aa61-339a-3f93-865f-c84baf7a4d73.pdf, 1, 1983-07-23 00:00:00, 434 Euna Meadow
Stehrside, RI 93382, enC4YuDxRt, 2025-09-24 12:53:05, 2025-09-24 12:53:05))&#13;
at vendor\laravel\framework\src\Illuminate\Database\Connection.php:564
at vendor\laravel\framework\src\Illuminate\Database\Connection.php:811
at vendor\laravel\framework\src\Illuminate\Database\Connection.php:778
at vendor\laravel\framework\src\Illuminate\Database\Connection.php:559
at vendor\laravel\framework\src\Illuminate\Database\Connection.php:523
at vendor\laravel\framework\src\Illuminate\Database\Query\Processors\Processor.php:32
at vendor\laravel\framework\src\Illuminate\Database\Query\Builder.php:3853
at vendor\laravel\framework\src\Illuminate\Database\Eloquent\Builder.php:2235
at vendor\laravel\framework\src\Illuminate\Database\Eloquent\Model.php:1436
at vendor\laravel\framework\src\Illuminate\Database\Eloquent\Model.php:1401
at vendor\laravel\framework\src\Illuminate\Database\Eloquent\Model.php:1240
at vendor\laravel\framework\src\Illuminate\Database\Eloquent\Factories\Factory.php:370
at vendor\laravel\framework\src\Illuminate\Collections\Traits\EnumeratesValues.php:271
at vendor\laravel\framework\src\Illuminate\Database\Eloquent\Factories\Factory.php:365
at vendor\laravel\framework\src\Illuminate\Database\Eloquent\Factories\Factory.php:321
at tests\Feature\PaymentManagementTest.php:16
Caused by
PDOException: SQLSTATE[HY000]: General error: 1 no such table: car_rental_users

at vendor\laravel\framework\src\Illuminate\Database\Connection.php:564
at vendor\laravel\framework\src\Illuminate\Database\Connection.php:811
at vendor\laravel\framework\src\Illuminate\Database\Connection.php:778
at vendor\laravel\framework\src\Illuminate\Database\Connection.php:559
at vendor\laravel\framework\src\Illuminate\Database\Connection.php:523
at vendor\laravel\framework\src\Illuminate\Database\Query\Processors\Processor.php:32
at vendor\laravel\framework\src\Illuminate\Database\Query\Builder.php:3853
at vendor\laravel\framework\src\Illuminate\Database\Eloquent\Builder.php:2235
at vendor\laravel\framework\src\Illuminate\Database\Eloquent\Model.php:1436
at vendor\laravel\framework\src\Illuminate\Database\Eloquent\Model.php:1401
at vendor\laravel\framework\src\Illuminate\Database\Eloquent\Model.php:1240
at vendor\laravel\framework\src\Illuminate\Database\Eloquent\Factories\Factory.php:370
at vendor\laravel\framework\src\Illuminate\Collections\Traits\EnumeratesValues.php:271
at vendor\laravel\framework\src\Illuminate\Database\Eloquent\Factories\Factory.php:365
at vendor\laravel\framework\src\Illuminate\Database\Eloquent\Factories\Factory.php:321
at tests\Feature\PaymentManagementTest.php:16</error>
        </testcase>
        <testcase name="`Payment Management` → `Gateway Integration` → it validates webhook signatures" file="tests\Feature\PaymentManagementTest.php::`Payment Management` → `Gateway Integration` → it validates webhook signatures" class="Tests\Feature\PaymentManagementTest" classname="Tests.Feature.PaymentManagementTest" assertions="0" time="0.000000">
          <error type="Illuminate\Database\QueryException">`Payment Management` → `Gateway Integration` → it validates webhook signaturesIlluminate\Database\QueryException: SQLSTATE[HY000]: General error: 1 no such table: car_rental_users (Connection: sqlite, SQL: insert into "car_rental_users" ("name", "email", "email_verified_at", "password", "phone", "role", "status", "license_number", "id_document_path", "license_document_path", "is_verified", "date_of_birth", "address", "remember_token", "updated_at", "created_at") values (Keshawn Gerlach, luna01@example.com, 2025-09-24 12:53:05, $2y$04$78g4B33dBB9yvLZHXPZyOuzF4w5wzk7FwYQTRiFHrXZoaR9VfYlfW, (701) 636-7606, admin, active, npj-6748-2837, documents/ids/3a124c9d-37a9-33f6-ae46-2fe3186522c9.pdf, documents/licenses/fffbb7a1-b38d-3086-a40a-5a22303ad4d1.pdf, 1, 1974-08-01 00:00:00, 614 Gracie Stream
North Deltahaven, UT 79744, 5DEPXJR6n3, 2025-09-24 12:53:05, 2025-09-24 12:53:05))&#13;
at vendor\laravel\framework\src\Illuminate\Database\Connection.php:564
at vendor\laravel\framework\src\Illuminate\Database\Connection.php:811
at vendor\laravel\framework\src\Illuminate\Database\Connection.php:778
at vendor\laravel\framework\src\Illuminate\Database\Connection.php:559
at vendor\laravel\framework\src\Illuminate\Database\Connection.php:523
at vendor\laravel\framework\src\Illuminate\Database\Query\Processors\Processor.php:32
at vendor\laravel\framework\src\Illuminate\Database\Query\Builder.php:3853
at vendor\laravel\framework\src\Illuminate\Database\Eloquent\Builder.php:2235
at vendor\laravel\framework\src\Illuminate\Database\Eloquent\Model.php:1436
at vendor\laravel\framework\src\Illuminate\Database\Eloquent\Model.php:1401
at vendor\laravel\framework\src\Illuminate\Database\Eloquent\Model.php:1240
at vendor\laravel\framework\src\Illuminate\Database\Eloquent\Factories\Factory.php:370
at vendor\laravel\framework\src\Illuminate\Collections\Traits\EnumeratesValues.php:271
at vendor\laravel\framework\src\Illuminate\Database\Eloquent\Factories\Factory.php:365
at vendor\laravel\framework\src\Illuminate\Database\Eloquent\Factories\Factory.php:321
at tests\Feature\PaymentManagementTest.php:16
Caused by
PDOException: SQLSTATE[HY000]: General error: 1 no such table: car_rental_users

at vendor\laravel\framework\src\Illuminate\Database\Connection.php:564
at vendor\laravel\framework\src\Illuminate\Database\Connection.php:811
at vendor\laravel\framework\src\Illuminate\Database\Connection.php:778
at vendor\laravel\framework\src\Illuminate\Database\Connection.php:559
at vendor\laravel\framework\src\Illuminate\Database\Connection.php:523
at vendor\laravel\framework\src\Illuminate\Database\Query\Processors\Processor.php:32
at vendor\laravel\framework\src\Illuminate\Database\Query\Builder.php:3853
at vendor\laravel\framework\src\Illuminate\Database\Eloquent\Builder.php:2235
at vendor\laravel\framework\src\Illuminate\Database\Eloquent\Model.php:1436
at vendor\laravel\framework\src\Illuminate\Database\Eloquent\Model.php:1401
at vendor\laravel\framework\src\Illuminate\Database\Eloquent\Model.php:1240
at vendor\laravel\framework\src\Illuminate\Database\Eloquent\Factories\Factory.php:370
at vendor\laravel\framework\src\Illuminate\Collections\Traits\EnumeratesValues.php:271
at vendor\laravel\framework\src\Illuminate\Database\Eloquent\Factories\Factory.php:365
at vendor\laravel\framework\src\Illuminate\Database\Eloquent\Factories\Factory.php:321
at tests\Feature\PaymentManagementTest.php:16</error>
        </testcase>
        <testcase name="`Payment Management` → `Payment Listing` → it filters payments by method" file="tests\Feature\PaymentManagementTest.php::`Payment Management` → `Payment Listing` → it filters payments by method" class="Tests\Feature\PaymentManagementTest" classname="Tests.Feature.PaymentManagementTest" assertions="0" time="0.000000">
          <error type="Illuminate\Database\QueryException">`Payment Management` → `Payment Listing` → it filters payments by methodIlluminate\Database\QueryException: SQLSTATE[HY000]: General error: 1 no such table: car_rental_users (Connection: sqlite, SQL: insert into "car_rental_users" ("name", "email", "email_verified_at", "password", "phone", "role", "status", "license_number", "id_document_path", "license_document_path", "is_verified", "date_of_birth", "address", "remember_token", "updated_at", "created_at") values (Lucinda Pouros DDS, qking@example.net, 2025-09-24 12:53:05, $2y$04$78g4B33dBB9yvLZHXPZyOuzF4w5wzk7FwYQTRiFHrXZoaR9VfYlfW, 254.332.9688, admin, active, gah-6133-7201, documents/ids/09bc1941-9a09-3f32-b73d-564ed09f46fb.pdf, documents/licenses/4c5b1c4d-4c0b-34e3-a892-1fe0b2ae3ef1.pdf, 1, 1984-12-07 00:00:00, 8501 Cormier Springs Suite 637
Lake Fridaberg, WI 03809, rvPRPrEj6t, 2025-09-24 12:53:05, 2025-09-24 12:53:05))&#13;
at vendor\laravel\framework\src\Illuminate\Database\Connection.php:564
at vendor\laravel\framework\src\Illuminate\Database\Connection.php:811
at vendor\laravel\framework\src\Illuminate\Database\Connection.php:778
at vendor\laravel\framework\src\Illuminate\Database\Connection.php:559
at vendor\laravel\framework\src\Illuminate\Database\Connection.php:523
at vendor\laravel\framework\src\Illuminate\Database\Query\Processors\Processor.php:32
at vendor\laravel\framework\src\Illuminate\Database\Query\Builder.php:3853
at vendor\laravel\framework\src\Illuminate\Database\Eloquent\Builder.php:2235
at vendor\laravel\framework\src\Illuminate\Database\Eloquent\Model.php:1436
at vendor\laravel\framework\src\Illuminate\Database\Eloquent\Model.php:1401
at vendor\laravel\framework\src\Illuminate\Database\Eloquent\Model.php:1240
at vendor\laravel\framework\src\Illuminate\Database\Eloquent\Factories\Factory.php:370
at vendor\laravel\framework\src\Illuminate\Collections\Traits\EnumeratesValues.php:271
at vendor\laravel\framework\src\Illuminate\Database\Eloquent\Factories\Factory.php:365
at vendor\laravel\framework\src\Illuminate\Database\Eloquent\Factories\Factory.php:321
at tests\Feature\PaymentManagementTest.php:16
Caused by
PDOException: SQLSTATE[HY000]: General error: 1 no such table: car_rental_users

at vendor\laravel\framework\src\Illuminate\Database\Connection.php:564
at vendor\laravel\framework\src\Illuminate\Database\Connection.php:811
at vendor\laravel\framework\src\Illuminate\Database\Connection.php:778
at vendor\laravel\framework\src\Illuminate\Database\Connection.php:559
at vendor\laravel\framework\src\Illuminate\Database\Connection.php:523
at vendor\laravel\framework\src\Illuminate\Database\Query\Processors\Processor.php:32
at vendor\laravel\framework\src\Illuminate\Database\Query\Builder.php:3853
at vendor\laravel\framework\src\Illuminate\Database\Eloquent\Builder.php:2235
at vendor\laravel\framework\src\Illuminate\Database\Eloquent\Model.php:1436
at vendor\laravel\framework\src\Illuminate\Database\Eloquent\Model.php:1401
at vendor\laravel\framework\src\Illuminate\Database\Eloquent\Model.php:1240
at vendor\laravel\framework\src\Illuminate\Database\Eloquent\Factories\Factory.php:370
at vendor\laravel\framework\src\Illuminate\Collections\Traits\EnumeratesValues.php:271
at vendor\laravel\framework\src\Illuminate\Database\Eloquent\Factories\Factory.php:365
at vendor\laravel\framework\src\Illuminate\Database\Eloquent\Factories\Factory.php:321
at tests\Feature\PaymentManagementTest.php:16</error>
        </testcase>
        <testcase name="`Payment Management` → `Gateway Integration` → it handles stripe webhook processing" file="tests\Feature\PaymentManagementTest.php::`Payment Management` → `Gateway Integration` → it handles stripe webhook processing" class="Tests\Feature\PaymentManagementTest" classname="Tests.Feature.PaymentManagementTest" assertions="0" time="0.000000">
          <error type="Illuminate\Database\QueryException">`Payment Management` → `Gateway Integration` → it handles stripe webhook processingIlluminate\Database\QueryException: SQLSTATE[HY000]: General error: 1 no such table: car_rental_users (Connection: sqlite, SQL: insert into "car_rental_users" ("name", "email", "email_verified_at", "password", "phone", "role", "status", "license_number", "id_document_path", "license_document_path", "is_verified", "date_of_birth", "address", "remember_token", "updated_at", "created_at") values (Prof. Paolo Koss V, noemy.maggio@example.com, 2025-09-24 12:53:05, $2y$04$78g4B33dBB9yvLZHXPZyOuzF4w5wzk7FwYQTRiFHrXZoaR9VfYlfW, 1-321-496-1143, admin, active, ppy-1536-9274, documents/ids/234c9f1a-c458-38a0-ab54-2a8fe736b75a.pdf, documents/licenses/118283a6-2250-328c-b085-00dcb100ff57.pdf, 1, 1983-08-14 00:00:00, 7456 Onie Land
Runteton, PA 30873, O0MsOZWFoQ, 2025-09-24 12:53:05, 2025-09-24 12:53:05))&#13;
at vendor\laravel\framework\src\Illuminate\Database\Connection.php:564
at vendor\laravel\framework\src\Illuminate\Database\Connection.php:811
at vendor\laravel\framework\src\Illuminate\Database\Connection.php:778
at vendor\laravel\framework\src\Illuminate\Database\Connection.php:559
at vendor\laravel\framework\src\Illuminate\Database\Connection.php:523
at vendor\laravel\framework\src\Illuminate\Database\Query\Processors\Processor.php:32
at vendor\laravel\framework\src\Illuminate\Database\Query\Builder.php:3853
at vendor\laravel\framework\src\Illuminate\Database\Eloquent\Builder.php:2235
at vendor\laravel\framework\src\Illuminate\Database\Eloquent\Model.php:1436
at vendor\laravel\framework\src\Illuminate\Database\Eloquent\Model.php:1401
at vendor\laravel\framework\src\Illuminate\Database\Eloquent\Model.php:1240
at vendor\laravel\framework\src\Illuminate\Database\Eloquent\Factories\Factory.php:370
at vendor\laravel\framework\src\Illuminate\Collections\Traits\EnumeratesValues.php:271
at vendor\laravel\framework\src\Illuminate\Database\Eloquent\Factories\Factory.php:365
at vendor\laravel\framework\src\Illuminate\Database\Eloquent\Factories\Factory.php:321
at tests\Feature\PaymentManagementTest.php:16
Caused by
PDOException: SQLSTATE[HY000]: General error: 1 no such table: car_rental_users

at vendor\laravel\framework\src\Illuminate\Database\Connection.php:564
at vendor\laravel\framework\src\Illuminate\Database\Connection.php:811
at vendor\laravel\framework\src\Illuminate\Database\Connection.php:778
at vendor\laravel\framework\src\Illuminate\Database\Connection.php:559
at vendor\laravel\framework\src\Illuminate\Database\Connection.php:523
at vendor\laravel\framework\src\Illuminate\Database\Query\Processors\Processor.php:32
at vendor\laravel\framework\src\Illuminate\Database\Query\Builder.php:3853
at vendor\laravel\framework\src\Illuminate\Database\Eloquent\Builder.php:2235
at vendor\laravel\framework\src\Illuminate\Database\Eloquent\Model.php:1436
at vendor\laravel\framework\src\Illuminate\Database\Eloquent\Model.php:1401
at vendor\laravel\framework\src\Illuminate\Database\Eloquent\Model.php:1240
at vendor\laravel\framework\src\Illuminate\Database\Eloquent\Factories\Factory.php:370
at vendor\laravel\framework\src\Illuminate\Collections\Traits\EnumeratesValues.php:271
at vendor\laravel\framework\src\Illuminate\Database\Eloquent\Factories\Factory.php:365
at vendor\laravel\framework\src\Illuminate\Database\Eloquent\Factories\Factory.php:321
at tests\Feature\PaymentManagementTest.php:16</error>
        </testcase>
        <testcase name="`Payment Management` → `Payment Listing` → it allows admin to view all payments" file="tests\Feature\PaymentManagementTest.php::`Payment Management` → `Payment Listing` → it allows admin to view all payments" class="Tests\Feature\PaymentManagementTest" classname="Tests.Feature.PaymentManagementTest" assertions="0" time="0.000000">
          <error type="Illuminate\Database\QueryException">`Payment Management` → `Payment Listing` → it allows admin to view all paymentsIlluminate\Database\QueryException: SQLSTATE[HY000]: General error: 1 no such table: car_rental_users (Connection: sqlite, SQL: insert into "car_rental_users" ("name", "email", "email_verified_at", "password", "phone", "role", "status", "license_number", "id_document_path", "license_document_path", "is_verified", "date_of_birth", "address", "remember_token", "updated_at", "created_at") values (Prof. Deontae Goodwin DDS, jadyn27@example.com, 2025-09-24 12:53:05, $2y$04$78g4B33dBB9yvLZHXPZyOuzF4w5wzk7FwYQTRiFHrXZoaR9VfYlfW, +1.857.783.2888, admin, active, oov-9413-0989, documents/ids/f90505dc-091b-3573-9e8b-aa21ef22f60f.pdf, documents/licenses/a949dc86-f3de-319b-8c17-7fa85e0b2d9e.pdf, 1, 1994-04-29 00:00:00, 710 Salvador Ways Apt. 042
East Noel, VA 91119, qJbcCfwxDZ, 2025-09-24 12:53:05, 2025-09-24 12:53:05))&#13;
at vendor\laravel\framework\src\Illuminate\Database\Connection.php:564
at vendor\laravel\framework\src\Illuminate\Database\Connection.php:811
at vendor\laravel\framework\src\Illuminate\Database\Connection.php:778
at vendor\laravel\framework\src\Illuminate\Database\Connection.php:559
at vendor\laravel\framework\src\Illuminate\Database\Connection.php:523
at vendor\laravel\framework\src\Illuminate\Database\Query\Processors\Processor.php:32
at vendor\laravel\framework\src\Illuminate\Database\Query\Builder.php:3853
at vendor\laravel\framework\src\Illuminate\Database\Eloquent\Builder.php:2235
at vendor\laravel\framework\src\Illuminate\Database\Eloquent\Model.php:1436
at vendor\laravel\framework\src\Illuminate\Database\Eloquent\Model.php:1401
at vendor\laravel\framework\src\Illuminate\Database\Eloquent\Model.php:1240
at vendor\laravel\framework\src\Illuminate\Database\Eloquent\Factories\Factory.php:370
at vendor\laravel\framework\src\Illuminate\Collections\Traits\EnumeratesValues.php:271
at vendor\laravel\framework\src\Illuminate\Database\Eloquent\Factories\Factory.php:365
at vendor\laravel\framework\src\Illuminate\Database\Eloquent\Factories\Factory.php:321
at tests\Feature\PaymentManagementTest.php:16
Caused by
PDOException: SQLSTATE[HY000]: General error: 1 no such table: car_rental_users

at vendor\laravel\framework\src\Illuminate\Database\Connection.php:564
at vendor\laravel\framework\src\Illuminate\Database\Connection.php:811
at vendor\laravel\framework\src\Illuminate\Database\Connection.php:778
at vendor\laravel\framework\src\Illuminate\Database\Connection.php:559
at vendor\laravel\framework\src\Illuminate\Database\Connection.php:523
at vendor\laravel\framework\src\Illuminate\Database\Query\Processors\Processor.php:32
at vendor\laravel\framework\src\Illuminate\Database\Query\Builder.php:3853
at vendor\laravel\framework\src\Illuminate\Database\Eloquent\Builder.php:2235
at vendor\laravel\framework\src\Illuminate\Database\Eloquent\Model.php:1436
at vendor\laravel\framework\src\Illuminate\Database\Eloquent\Model.php:1401
at vendor\laravel\framework\src\Illuminate\Database\Eloquent\Model.php:1240
at vendor\laravel\framework\src\Illuminate\Database\Eloquent\Factories\Factory.php:370
at vendor\laravel\framework\src\Illuminate\Collections\Traits\EnumeratesValues.php:271
at vendor\laravel\framework\src\Illuminate\Database\Eloquent\Factories\Factory.php:365
at vendor\laravel\framework\src\Illuminate\Database\Eloquent\Factories\Factory.php:321
at tests\Feature\PaymentManagementTest.php:16</error>
        </testcase>
        <testcase name="`Payment Management` → `Payment Status Updates` → it allows marking payment as failed with reason" file="tests\Feature\PaymentManagementTest.php::`Payment Management` → `Payment Status Updates` → it allows marking payment as failed with reason" class="Tests\Feature\PaymentManagementTest" classname="Tests.Feature.PaymentManagementTest" assertions="0" time="0.000000">
          <error type="Illuminate\Database\QueryException">`Payment Management` → `Payment Status Updates` → it allows marking payment as failed with reasonIlluminate\Database\QueryException: SQLSTATE[HY000]: General error: 1 no such table: car_rental_users (Connection: sqlite, SQL: insert into "car_rental_users" ("name", "email", "email_verified_at", "password", "phone", "role", "status", "license_number", "id_document_path", "license_document_path", "is_verified", "date_of_birth", "address", "remember_token", "updated_at", "created_at") values (Roxane Vandervort V, anabelle47@example.net, 2025-09-24 12:53:05, $2y$04$78g4B33dBB9yvLZHXPZyOuzF4w5wzk7FwYQTRiFHrXZoaR9VfYlfW, +1-509-868-3999, admin, active, tsc-8407-3697, documents/ids/749239a9-b842-33f3-ac48-31dbdba3e8dd.pdf, documents/licenses/30e1609d-b629-357c-ac9d-eb363454f1ce.pdf, 1, 1976-12-22 00:00:00, 94255 Larkin Drives
Ritchieville, NJ 12019-9372, UjcMF5zFFR, 2025-09-24 12:53:05, 2025-09-24 12:53:05))&#13;
at vendor\laravel\framework\src\Illuminate\Database\Connection.php:564
at vendor\laravel\framework\src\Illuminate\Database\Connection.php:811
at vendor\laravel\framework\src\Illuminate\Database\Connection.php:778
at vendor\laravel\framework\src\Illuminate\Database\Connection.php:559
at vendor\laravel\framework\src\Illuminate\Database\Connection.php:523
at vendor\laravel\framework\src\Illuminate\Database\Query\Processors\Processor.php:32
at vendor\laravel\framework\src\Illuminate\Database\Query\Builder.php:3853
at vendor\laravel\framework\src\Illuminate\Database\Eloquent\Builder.php:2235
at vendor\laravel\framework\src\Illuminate\Database\Eloquent\Model.php:1436
at vendor\laravel\framework\src\Illuminate\Database\Eloquent\Model.php:1401
at vendor\laravel\framework\src\Illuminate\Database\Eloquent\Model.php:1240
at vendor\laravel\framework\src\Illuminate\Database\Eloquent\Factories\Factory.php:370
at vendor\laravel\framework\src\Illuminate\Collections\Traits\EnumeratesValues.php:271
at vendor\laravel\framework\src\Illuminate\Database\Eloquent\Factories\Factory.php:365
at vendor\laravel\framework\src\Illuminate\Database\Eloquent\Factories\Factory.php:321
at tests\Feature\PaymentManagementTest.php:16
Caused by
PDOException: SQLSTATE[HY000]: General error: 1 no such table: car_rental_users

at vendor\laravel\framework\src\Illuminate\Database\Connection.php:564
at vendor\laravel\framework\src\Illuminate\Database\Connection.php:811
at vendor\laravel\framework\src\Illuminate\Database\Connection.php:778
at vendor\laravel\framework\src\Illuminate\Database\Connection.php:559
at vendor\laravel\framework\src\Illuminate\Database\Connection.php:523
at vendor\laravel\framework\src\Illuminate\Database\Query\Processors\Processor.php:32
at vendor\laravel\framework\src\Illuminate\Database\Query\Builder.php:3853
at vendor\laravel\framework\src\Illuminate\Database\Eloquent\Builder.php:2235
at vendor\laravel\framework\src\Illuminate\Database\Eloquent\Model.php:1436
at vendor\laravel\framework\src\Illuminate\Database\Eloquent\Model.php:1401
at vendor\laravel\framework\src\Illuminate\Database\Eloquent\Model.php:1240
at vendor\laravel\framework\src\Illuminate\Database\Eloquent\Factories\Factory.php:370
at vendor\laravel\framework\src\Illuminate\Collections\Traits\EnumeratesValues.php:271
at vendor\laravel\framework\src\Illuminate\Database\Eloquent\Factories\Factory.php:365
at vendor\laravel\framework\src\Illuminate\Database\Eloquent\Factories\Factory.php:321
at tests\Feature\PaymentManagementTest.php:16</error>
        </testcase>
        <testcase name="`Payment Management` → `Payment Processing` → it allows creating stripe payment" file="tests\Feature\PaymentManagementTest.php::`Payment Management` → `Payment Processing` → it allows creating stripe payment" class="Tests\Feature\PaymentManagementTest" classname="Tests.Feature.PaymentManagementTest" assertions="0" time="0.000000">
          <error type="Illuminate\Database\QueryException">`Payment Management` → `Payment Processing` → it allows creating stripe paymentIlluminate\Database\QueryException: SQLSTATE[HY000]: General error: 1 no such table: car_rental_users (Connection: sqlite, SQL: insert into "car_rental_users" ("name", "email", "email_verified_at", "password", "phone", "role", "status", "license_number", "id_document_path", "license_document_path", "is_verified", "date_of_birth", "address", "remember_token", "updated_at", "created_at") values (Myrna Hilpert, ziemann.idell@example.net, 2025-09-24 12:53:05, $2y$04$78g4B33dBB9yvLZHXPZyOuzF4w5wzk7FwYQTRiFHrXZoaR9VfYlfW, 417-405-4657, admin, active, gxc-8542-5941, documents/ids/93b67e3c-e4dc-3d2d-8330-b3c1e099f494.pdf, documents/licenses/cf0910b5-53d5-3d17-8a0d-03aaa6ef2394.pdf, 1, 1983-10-12 00:00:00, 82978 Vada Station
Reynoldsport, MO 78416-5158, oSa2jHKp1T, 2025-09-24 12:53:05, 2025-09-24 12:53:05))&#13;
at vendor\laravel\framework\src\Illuminate\Database\Connection.php:564
at vendor\laravel\framework\src\Illuminate\Database\Connection.php:811
at vendor\laravel\framework\src\Illuminate\Database\Connection.php:778
at vendor\laravel\framework\src\Illuminate\Database\Connection.php:559
at vendor\laravel\framework\src\Illuminate\Database\Connection.php:523
at vendor\laravel\framework\src\Illuminate\Database\Query\Processors\Processor.php:32
at vendor\laravel\framework\src\Illuminate\Database\Query\Builder.php:3853
at vendor\laravel\framework\src\Illuminate\Database\Eloquent\Builder.php:2235
at vendor\laravel\framework\src\Illuminate\Database\Eloquent\Model.php:1436
at vendor\laravel\framework\src\Illuminate\Database\Eloquent\Model.php:1401
at vendor\laravel\framework\src\Illuminate\Database\Eloquent\Model.php:1240
at vendor\laravel\framework\src\Illuminate\Database\Eloquent\Factories\Factory.php:370
at vendor\laravel\framework\src\Illuminate\Collections\Traits\EnumeratesValues.php:271
at vendor\laravel\framework\src\Illuminate\Database\Eloquent\Factories\Factory.php:365
at vendor\laravel\framework\src\Illuminate\Database\Eloquent\Factories\Factory.php:321
at tests\Feature\PaymentManagementTest.php:16
Caused by
PDOException: SQLSTATE[HY000]: General error: 1 no such table: car_rental_users

at vendor\laravel\framework\src\Illuminate\Database\Connection.php:564
at vendor\laravel\framework\src\Illuminate\Database\Connection.php:811
at vendor\laravel\framework\src\Illuminate\Database\Connection.php:778
at vendor\laravel\framework\src\Illuminate\Database\Connection.php:559
at vendor\laravel\framework\src\Illuminate\Database\Connection.php:523
at vendor\laravel\framework\src\Illuminate\Database\Query\Processors\Processor.php:32
at vendor\laravel\framework\src\Illuminate\Database\Query\Builder.php:3853
at vendor\laravel\framework\src\Illuminate\Database\Eloquent\Builder.php:2235
at vendor\laravel\framework\src\Illuminate\Database\Eloquent\Model.php:1436
at vendor\laravel\framework\src\Illuminate\Database\Eloquent\Model.php:1401
at vendor\laravel\framework\src\Illuminate\Database\Eloquent\Model.php:1240
at vendor\laravel\framework\src\Illuminate\Database\Eloquent\Factories\Factory.php:370
at vendor\laravel\framework\src\Illuminate\Collections\Traits\EnumeratesValues.php:271
at vendor\laravel\framework\src\Illuminate\Database\Eloquent\Factories\Factory.php:365
at vendor\laravel\framework\src\Illuminate\Database\Eloquent\Factories\Factory.php:321
at tests\Feature\PaymentManagementTest.php:16</error>
        </testcase>
        <testcase name="`Payment Management` → `Payment Processing` → it allows creating cash payment" file="tests\Feature\PaymentManagementTest.php::`Payment Management` → `Payment Processing` → it allows creating cash payment" class="Tests\Feature\PaymentManagementTest" classname="Tests.Feature.PaymentManagementTest" assertions="0" time="0.000000">
          <error type="Illuminate\Database\QueryException">`Payment Management` → `Payment Processing` → it allows creating cash paymentIlluminate\Database\QueryException: SQLSTATE[HY000]: General error: 1 no such table: car_rental_users (Connection: sqlite, SQL: insert into "car_rental_users" ("name", "email", "email_verified_at", "password", "phone", "role", "status", "license_number", "id_document_path", "license_document_path", "is_verified", "date_of_birth", "address", "remember_token", "updated_at", "created_at") values (Macey Carroll, milo02@example.com, 2025-09-24 12:53:05, $2y$04$78g4B33dBB9yvLZHXPZyOuzF4w5wzk7FwYQTRiFHrXZoaR9VfYlfW, (747) 825-4611, admin, active, uxw-1136-8103, documents/ids/0a489b41-1eda-3eb0-a72f-9280cdc5686c.pdf, documents/licenses/c7f7682f-e503-3f92-b2c9-52c9f046bf13.pdf, 1, 1972-08-17 00:00:00, 4158 Branson Trail
New Malachibury, NY 31394-6769, 6Bs6SOKZfw, 2025-09-24 12:53:05, 2025-09-24 12:53:05))&#13;
at vendor\laravel\framework\src\Illuminate\Database\Connection.php:564
at vendor\laravel\framework\src\Illuminate\Database\Connection.php:811
at vendor\laravel\framework\src\Illuminate\Database\Connection.php:778
at vendor\laravel\framework\src\Illuminate\Database\Connection.php:559
at vendor\laravel\framework\src\Illuminate\Database\Connection.php:523
at vendor\laravel\framework\src\Illuminate\Database\Query\Processors\Processor.php:32
at vendor\laravel\framework\src\Illuminate\Database\Query\Builder.php:3853
at vendor\laravel\framework\src\Illuminate\Database\Eloquent\Builder.php:2235
at vendor\laravel\framework\src\Illuminate\Database\Eloquent\Model.php:1436
at vendor\laravel\framework\src\Illuminate\Database\Eloquent\Model.php:1401
at vendor\laravel\framework\src\Illuminate\Database\Eloquent\Model.php:1240
at vendor\laravel\framework\src\Illuminate\Database\Eloquent\Factories\Factory.php:370
at vendor\laravel\framework\src\Illuminate\Collections\Traits\EnumeratesValues.php:271
at vendor\laravel\framework\src\Illuminate\Database\Eloquent\Factories\Factory.php:365
at vendor\laravel\framework\src\Illuminate\Database\Eloquent\Factories\Factory.php:321
at tests\Feature\PaymentManagementTest.php:16
Caused by
PDOException: SQLSTATE[HY000]: General error: 1 no such table: car_rental_users

at vendor\laravel\framework\src\Illuminate\Database\Connection.php:564
at vendor\laravel\framework\src\Illuminate\Database\Connection.php:811
at vendor\laravel\framework\src\Illuminate\Database\Connection.php:778
at vendor\laravel\framework\src\Illuminate\Database\Connection.php:559
at vendor\laravel\framework\src\Illuminate\Database\Connection.php:523
at vendor\laravel\framework\src\Illuminate\Database\Query\Processors\Processor.php:32
at vendor\laravel\framework\src\Illuminate\Database\Query\Builder.php:3853
at vendor\laravel\framework\src\Illuminate\Database\Eloquent\Builder.php:2235
at vendor\laravel\framework\src\Illuminate\Database\Eloquent\Model.php:1436
at vendor\laravel\framework\src\Illuminate\Database\Eloquent\Model.php:1401
at vendor\laravel\framework\src\Illuminate\Database\Eloquent\Model.php:1240
at vendor\laravel\framework\src\Illuminate\Database\Eloquent\Factories\Factory.php:370
at vendor\laravel\framework\src\Illuminate\Collections\Traits\EnumeratesValues.php:271
at vendor\laravel\framework\src\Illuminate\Database\Eloquent\Factories\Factory.php:365
at vendor\laravel\framework\src\Illuminate\Database\Eloquent\Factories\Factory.php:321
at tests\Feature\PaymentManagementTest.php:16</error>
        </testcase>
        <testcase name="`Payment Management` → `Payment Refunds` → it prevents refund amount exceeding original amount" file="tests\Feature\PaymentManagementTest.php::`Payment Management` → `Payment Refunds` → it prevents refund amount exceeding original amount" class="Tests\Feature\PaymentManagementTest" classname="Tests.Feature.PaymentManagementTest" assertions="0" time="0.000000">
          <error type="Illuminate\Database\QueryException">`Payment Management` → `Payment Refunds` → it prevents refund amount exceeding original amountIlluminate\Database\QueryException: SQLSTATE[HY000]: General error: 1 no such table: car_rental_users (Connection: sqlite, SQL: insert into "car_rental_users" ("name", "email", "email_verified_at", "password", "phone", "role", "status", "license_number", "id_document_path", "license_document_path", "is_verified", "date_of_birth", "address", "remember_token", "updated_at", "created_at") values (Mckenna Leuschke, ygutkowski@example.org, 2025-09-24 12:53:05, $2y$04$78g4B33dBB9yvLZHXPZyOuzF4w5wzk7FwYQTRiFHrXZoaR9VfYlfW, (857) 578-9866, admin, active, ynf-5996-6716, documents/ids/7f0b937a-e0fa-39b7-9831-723c272140eb.pdf, documents/licenses/ee1038ee-37b6-3438-a442-ff9c46d11092.pdf, 1, 2007-07-14 00:00:00, 72509 Hessel Fork
Port Rickfort, WV 14374-5419, NVG3DE2oGF, 2025-09-24 12:53:05, 2025-09-24 12:53:05))&#13;
at vendor\laravel\framework\src\Illuminate\Database\Connection.php:564
at vendor\laravel\framework\src\Illuminate\Database\Connection.php:811
at vendor\laravel\framework\src\Illuminate\Database\Connection.php:778
at vendor\laravel\framework\src\Illuminate\Database\Connection.php:559
at vendor\laravel\framework\src\Illuminate\Database\Connection.php:523
at vendor\laravel\framework\src\Illuminate\Database\Query\Processors\Processor.php:32
at vendor\laravel\framework\src\Illuminate\Database\Query\Builder.php:3853
at vendor\laravel\framework\src\Illuminate\Database\Eloquent\Builder.php:2235
at vendor\laravel\framework\src\Illuminate\Database\Eloquent\Model.php:1436
at vendor\laravel\framework\src\Illuminate\Database\Eloquent\Model.php:1401
at vendor\laravel\framework\src\Illuminate\Database\Eloquent\Model.php:1240
at vendor\laravel\framework\src\Illuminate\Database\Eloquent\Factories\Factory.php:370
at vendor\laravel\framework\src\Illuminate\Collections\Traits\EnumeratesValues.php:271
at vendor\laravel\framework\src\Illuminate\Database\Eloquent\Factories\Factory.php:365
at vendor\laravel\framework\src\Illuminate\Database\Eloquent\Factories\Factory.php:321
at tests\Feature\PaymentManagementTest.php:16
Caused by
PDOException: SQLSTATE[HY000]: General error: 1 no such table: car_rental_users

at vendor\laravel\framework\src\Illuminate\Database\Connection.php:564
at vendor\laravel\framework\src\Illuminate\Database\Connection.php:811
at vendor\laravel\framework\src\Illuminate\Database\Connection.php:778
at vendor\laravel\framework\src\Illuminate\Database\Connection.php:559
at vendor\laravel\framework\src\Illuminate\Database\Connection.php:523
at vendor\laravel\framework\src\Illuminate\Database\Query\Processors\Processor.php:32
at vendor\laravel\framework\src\Illuminate\Database\Query\Builder.php:3853
at vendor\laravel\framework\src\Illuminate\Database\Eloquent\Builder.php:2235
at vendor\laravel\framework\src\Illuminate\Database\Eloquent\Model.php:1436
at vendor\laravel\framework\src\Illuminate\Database\Eloquent\Model.php:1401
at vendor\laravel\framework\src\Illuminate\Database\Eloquent\Model.php:1240
at vendor\laravel\framework\src\Illuminate\Database\Eloquent\Factories\Factory.php:370
at vendor\laravel\framework\src\Illuminate\Collections\Traits\EnumeratesValues.php:271
at vendor\laravel\framework\src\Illuminate\Database\Eloquent\Factories\Factory.php:365
at vendor\laravel\framework\src\Illuminate\Database\Eloquent\Factories\Factory.php:321
at tests\Feature\PaymentManagementTest.php:16</error>
        </testcase>
        <testcase name="`Payment Management` → `Payment Reports` → it displays payment analytics" file="tests\Feature\PaymentManagementTest.php::`Payment Management` → `Payment Reports` → it displays payment analytics" class="Tests\Feature\PaymentManagementTest" classname="Tests.Feature.PaymentManagementTest" assertions="0" time="0.000000">
          <error type="Illuminate\Database\QueryException">`Payment Management` → `Payment Reports` → it displays payment analyticsIlluminate\Database\QueryException: SQLSTATE[HY000]: General error: 1 no such table: car_rental_users (Connection: sqlite, SQL: insert into "car_rental_users" ("name", "email", "email_verified_at", "password", "phone", "role", "status", "license_number", "id_document_path", "license_document_path", "is_verified", "date_of_birth", "address", "remember_token", "updated_at", "created_at") values (Emerald Harber DVM, schinner.louie@example.net, 2025-09-24 12:53:05, $2y$04$78g4B33dBB9yvLZHXPZyOuzF4w5wzk7FwYQTRiFHrXZoaR9VfYlfW, +1-201-297-3510, admin, active, bkm-7017-7766, documents/ids/c30f985c-cf0f-369b-a472-837feaa908eb.pdf, documents/licenses/cd2e281c-cbd1-3639-955f-249b61bf7a40.pdf, 1, 2007-03-08 00:00:00, 9352 Orland Overpass Suite 989
East Lorine, CT 13935, EO7R7AB5ra, 2025-09-24 12:53:05, 2025-09-24 12:53:05))&#13;
at vendor\laravel\framework\src\Illuminate\Database\Connection.php:564
at vendor\laravel\framework\src\Illuminate\Database\Connection.php:811
at vendor\laravel\framework\src\Illuminate\Database\Connection.php:778
at vendor\laravel\framework\src\Illuminate\Database\Connection.php:559
at vendor\laravel\framework\src\Illuminate\Database\Connection.php:523
at vendor\laravel\framework\src\Illuminate\Database\Query\Processors\Processor.php:32
at vendor\laravel\framework\src\Illuminate\Database\Query\Builder.php:3853
at vendor\laravel\framework\src\Illuminate\Database\Eloquent\Builder.php:2235
at vendor\laravel\framework\src\Illuminate\Database\Eloquent\Model.php:1436
at vendor\laravel\framework\src\Illuminate\Database\Eloquent\Model.php:1401
at vendor\laravel\framework\src\Illuminate\Database\Eloquent\Model.php:1240
at vendor\laravel\framework\src\Illuminate\Database\Eloquent\Factories\Factory.php:370
at vendor\laravel\framework\src\Illuminate\Collections\Traits\EnumeratesValues.php:271
at vendor\laravel\framework\src\Illuminate\Database\Eloquent\Factories\Factory.php:365
at vendor\laravel\framework\src\Illuminate\Database\Eloquent\Factories\Factory.php:321
at tests\Feature\PaymentManagementTest.php:16
Caused by
PDOException: SQLSTATE[HY000]: General error: 1 no such table: car_rental_users

at vendor\laravel\framework\src\Illuminate\Database\Connection.php:564
at vendor\laravel\framework\src\Illuminate\Database\Connection.php:811
at vendor\laravel\framework\src\Illuminate\Database\Connection.php:778
at vendor\laravel\framework\src\Illuminate\Database\Connection.php:559
at vendor\laravel\framework\src\Illuminate\Database\Connection.php:523
at vendor\laravel\framework\src\Illuminate\Database\Query\Processors\Processor.php:32
at vendor\laravel\framework\src\Illuminate\Database\Query\Builder.php:3853
at vendor\laravel\framework\src\Illuminate\Database\Eloquent\Builder.php:2235
at vendor\laravel\framework\src\Illuminate\Database\Eloquent\Model.php:1436
at vendor\laravel\framework\src\Illuminate\Database\Eloquent\Model.php:1401
at vendor\laravel\framework\src\Illuminate\Database\Eloquent\Model.php:1240
at vendor\laravel\framework\src\Illuminate\Database\Eloquent\Factories\Factory.php:370
at vendor\laravel\framework\src\Illuminate\Collections\Traits\EnumeratesValues.php:271
at vendor\laravel\framework\src\Illuminate\Database\Eloquent\Factories\Factory.php:365
at vendor\laravel\framework\src\Illuminate\Database\Eloquent\Factories\Factory.php:321
at tests\Feature\PaymentManagementTest.php:16</error>
        </testcase>
        <testcase name="`Payment Management` → `Payment Reports` → it exports payment data" file="tests\Feature\PaymentManagementTest.php::`Payment Management` → `Payment Reports` → it exports payment data" class="Tests\Feature\PaymentManagementTest" classname="Tests.Feature.PaymentManagementTest" assertions="0" time="0.000000">
          <error type="Illuminate\Database\QueryException">`Payment Management` → `Payment Reports` → it exports payment dataIlluminate\Database\QueryException: SQLSTATE[HY000]: General error: 1 no such table: car_rental_users (Connection: sqlite, SQL: insert into "car_rental_users" ("name", "email", "email_verified_at", "password", "phone", "role", "status", "license_number", "id_document_path", "license_document_path", "is_verified", "date_of_birth", "address", "remember_token", "updated_at", "created_at") values (Miss Beaulah Hessel V, marshall.heathcote@example.net, 2025-09-24 12:53:05, $2y$04$78g4B33dBB9yvLZHXPZyOuzF4w5wzk7FwYQTRiFHrXZoaR9VfYlfW, +14422223130, admin, active, jdo-1226-4406, documents/ids/dbc19024-24bd-3dec-ae79-d1ad2161db7e.pdf, documents/licenses/cb601270-7d52-37b9-bd6c-b15b918c70b0.pdf, 1, 2003-12-11 00:00:00, 6363 Alisha Bypass Suite 836
New Anita, NH 70213-6676, Ljxf3ekhkg, 2025-09-24 12:53:05, 2025-09-24 12:53:05))&#13;
at vendor\laravel\framework\src\Illuminate\Database\Connection.php:564
at vendor\laravel\framework\src\Illuminate\Database\Connection.php:811
at vendor\laravel\framework\src\Illuminate\Database\Connection.php:778
at vendor\laravel\framework\src\Illuminate\Database\Connection.php:559
at vendor\laravel\framework\src\Illuminate\Database\Connection.php:523
at vendor\laravel\framework\src\Illuminate\Database\Query\Processors\Processor.php:32
at vendor\laravel\framework\src\Illuminate\Database\Query\Builder.php:3853
at vendor\laravel\framework\src\Illuminate\Database\Eloquent\Builder.php:2235
at vendor\laravel\framework\src\Illuminate\Database\Eloquent\Model.php:1436
at vendor\laravel\framework\src\Illuminate\Database\Eloquent\Model.php:1401
at vendor\laravel\framework\src\Illuminate\Database\Eloquent\Model.php:1240
at vendor\laravel\framework\src\Illuminate\Database\Eloquent\Factories\Factory.php:370
at vendor\laravel\framework\src\Illuminate\Collections\Traits\EnumeratesValues.php:271
at vendor\laravel\framework\src\Illuminate\Database\Eloquent\Factories\Factory.php:365
at vendor\laravel\framework\src\Illuminate\Database\Eloquent\Factories\Factory.php:321
at tests\Feature\PaymentManagementTest.php:16
Caused by
PDOException: SQLSTATE[HY000]: General error: 1 no such table: car_rental_users

at vendor\laravel\framework\src\Illuminate\Database\Connection.php:564
at vendor\laravel\framework\src\Illuminate\Database\Connection.php:811
at vendor\laravel\framework\src\Illuminate\Database\Connection.php:778
at vendor\laravel\framework\src\Illuminate\Database\Connection.php:559
at vendor\laravel\framework\src\Illuminate\Database\Connection.php:523
at vendor\laravel\framework\src\Illuminate\Database\Query\Processors\Processor.php:32
at vendor\laravel\framework\src\Illuminate\Database\Query\Builder.php:3853
at vendor\laravel\framework\src\Illuminate\Database\Eloquent\Builder.php:2235
at vendor\laravel\framework\src\Illuminate\Database\Eloquent\Model.php:1436
at vendor\laravel\framework\src\Illuminate\Database\Eloquent\Model.php:1401
at vendor\laravel\framework\src\Illuminate\Database\Eloquent\Model.php:1240
at vendor\laravel\framework\src\Illuminate\Database\Eloquent\Factories\Factory.php:370
at vendor\laravel\framework\src\Illuminate\Collections\Traits\EnumeratesValues.php:271
at vendor\laravel\framework\src\Illuminate\Database\Eloquent\Factories\Factory.php:365
at vendor\laravel\framework\src\Illuminate\Database\Eloquent\Factories\Factory.php:321
at tests\Feature\PaymentManagementTest.php:16</error>
        </testcase>
        <testcase name="`Payment Management` → `Payment Listing` → it allows owner to view payments for their vehicle bookings" file="tests\Feature\PaymentManagementTest.php::`Payment Management` → `Payment Listing` → it allows owner to view payments for their vehicle bookings" class="Tests\Feature\PaymentManagementTest" classname="Tests.Feature.PaymentManagementTest" assertions="0" time="0.000000">
          <error type="Illuminate\Database\QueryException">`Payment Management` → `Payment Listing` → it allows owner to view payments for their vehicle bookingsIlluminate\Database\QueryException: SQLSTATE[HY000]: General error: 1 no such table: car_rental_users (Connection: sqlite, SQL: insert into "car_rental_users" ("name", "email", "email_verified_at", "password", "phone", "role", "status", "license_number", "id_document_path", "license_document_path", "is_verified", "date_of_birth", "address", "remember_token", "updated_at", "created_at") values (Christelle Weimann, gutmann.matilda@example.net, 2025-09-24 12:53:06, $2y$04$78g4B33dBB9yvLZHXPZyOuzF4w5wzk7FwYQTRiFHrXZoaR9VfYlfW, 478-722-3938, admin, active, yin-9561-5721, documents/ids/bb8fcb0d-63d7-3d16-a786-1f4e1388fd30.pdf, documents/licenses/b9604b04-bfc2-3424-821f-d88d2ff667ad.pdf, 1, 1967-02-11 00:00:00, 7953 Medhurst Village
Robynton, NV 72620-6244, fMLGnFh4E8, 2025-09-24 12:53:06, 2025-09-24 12:53:06))&#13;
at vendor\laravel\framework\src\Illuminate\Database\Connection.php:564
at vendor\laravel\framework\src\Illuminate\Database\Connection.php:811
at vendor\laravel\framework\src\Illuminate\Database\Connection.php:778
at vendor\laravel\framework\src\Illuminate\Database\Connection.php:559
at vendor\laravel\framework\src\Illuminate\Database\Connection.php:523
at vendor\laravel\framework\src\Illuminate\Database\Query\Processors\Processor.php:32
at vendor\laravel\framework\src\Illuminate\Database\Query\Builder.php:3853
at vendor\laravel\framework\src\Illuminate\Database\Eloquent\Builder.php:2235
at vendor\laravel\framework\src\Illuminate\Database\Eloquent\Model.php:1436
at vendor\laravel\framework\src\Illuminate\Database\Eloquent\Model.php:1401
at vendor\laravel\framework\src\Illuminate\Database\Eloquent\Model.php:1240
at vendor\laravel\framework\src\Illuminate\Database\Eloquent\Factories\Factory.php:370
at vendor\laravel\framework\src\Illuminate\Collections\Traits\EnumeratesValues.php:271
at vendor\laravel\framework\src\Illuminate\Database\Eloquent\Factories\Factory.php:365
at vendor\laravel\framework\src\Illuminate\Database\Eloquent\Factories\Factory.php:321
at tests\Feature\PaymentManagementTest.php:16
Caused by
PDOException: SQLSTATE[HY000]: General error: 1 no such table: car_rental_users

at vendor\laravel\framework\src\Illuminate\Database\Connection.php:564
at vendor\laravel\framework\src\Illuminate\Database\Connection.php:811
at vendor\laravel\framework\src\Illuminate\Database\Connection.php:778
at vendor\laravel\framework\src\Illuminate\Database\Connection.php:559
at vendor\laravel\framework\src\Illuminate\Database\Connection.php:523
at vendor\laravel\framework\src\Illuminate\Database\Query\Processors\Processor.php:32
at vendor\laravel\framework\src\Illuminate\Database\Query\Builder.php:3853
at vendor\laravel\framework\src\Illuminate\Database\Eloquent\Builder.php:2235
at vendor\laravel\framework\src\Illuminate\Database\Eloquent\Model.php:1436
at vendor\laravel\framework\src\Illuminate\Database\Eloquent\Model.php:1401
at vendor\laravel\framework\src\Illuminate\Database\Eloquent\Model.php:1240
at vendor\laravel\framework\src\Illuminate\Database\Eloquent\Factories\Factory.php:370
at vendor\laravel\framework\src\Illuminate\Collections\Traits\EnumeratesValues.php:271
at vendor\laravel\framework\src\Illuminate\Database\Eloquent\Factories\Factory.php:365
at vendor\laravel\framework\src\Illuminate\Database\Eloquent\Factories\Factory.php:321
at tests\Feature\PaymentManagementTest.php:16</error>
        </testcase>
        <testcase name="`Payment Management` → `Payment Processing` → it validates payment amount against booking total" file="tests\Feature\PaymentManagementTest.php::`Payment Management` → `Payment Processing` → it validates payment amount against booking total" class="Tests\Feature\PaymentManagementTest" classname="Tests.Feature.PaymentManagementTest" assertions="0" time="0.000000">
          <error type="Illuminate\Database\QueryException">`Payment Management` → `Payment Processing` → it validates payment amount against booking totalIlluminate\Database\QueryException: SQLSTATE[HY000]: General error: 1 no such table: car_rental_users (Connection: sqlite, SQL: insert into "car_rental_users" ("name", "email", "email_verified_at", "password", "phone", "role", "status", "license_number", "id_document_path", "license_document_path", "is_verified", "date_of_birth", "address", "remember_token", "updated_at", "created_at") values (Adrianna Schaden, king.angel@example.com, 2025-09-24 12:53:06, $2y$04$78g4B33dBB9yvLZHXPZyOuzF4w5wzk7FwYQTRiFHrXZoaR9VfYlfW, (559) 426-7722, admin, active, igv-1618-5001, documents/ids/d6f5466f-8eaa-31b7-b33a-2c25f43f1265.pdf, documents/licenses/41e3496e-29aa-3da9-b24e-068342c57ada.pdf, 1, 2005-12-29 00:00:00, 819 Watsica Shoals Apt. 965
Yundtmouth, CO 71912-3396, 76FzQ5nwrm, 2025-09-24 12:53:06, 2025-09-24 12:53:06))&#13;
at vendor\laravel\framework\src\Illuminate\Database\Connection.php:564
at vendor\laravel\framework\src\Illuminate\Database\Connection.php:811
at vendor\laravel\framework\src\Illuminate\Database\Connection.php:778
at vendor\laravel\framework\src\Illuminate\Database\Connection.php:559
at vendor\laravel\framework\src\Illuminate\Database\Connection.php:523
at vendor\laravel\framework\src\Illuminate\Database\Query\Processors\Processor.php:32
at vendor\laravel\framework\src\Illuminate\Database\Query\Builder.php:3853
at vendor\laravel\framework\src\Illuminate\Database\Eloquent\Builder.php:2235
at vendor\laravel\framework\src\Illuminate\Database\Eloquent\Model.php:1436
at vendor\laravel\framework\src\Illuminate\Database\Eloquent\Model.php:1401
at vendor\laravel\framework\src\Illuminate\Database\Eloquent\Model.php:1240
at vendor\laravel\framework\src\Illuminate\Database\Eloquent\Factories\Factory.php:370
at vendor\laravel\framework\src\Illuminate\Collections\Traits\EnumeratesValues.php:271
at vendor\laravel\framework\src\Illuminate\Database\Eloquent\Factories\Factory.php:365
at vendor\laravel\framework\src\Illuminate\Database\Eloquent\Factories\Factory.php:321
at tests\Feature\PaymentManagementTest.php:16
Caused by
PDOException: SQLSTATE[HY000]: General error: 1 no such table: car_rental_users

at vendor\laravel\framework\src\Illuminate\Database\Connection.php:564
at vendor\laravel\framework\src\Illuminate\Database\Connection.php:811
at vendor\laravel\framework\src\Illuminate\Database\Connection.php:778
at vendor\laravel\framework\src\Illuminate\Database\Connection.php:559
at vendor\laravel\framework\src\Illuminate\Database\Connection.php:523
at vendor\laravel\framework\src\Illuminate\Database\Query\Processors\Processor.php:32
at vendor\laravel\framework\src\Illuminate\Database\Query\Builder.php:3853
at vendor\laravel\framework\src\Illuminate\Database\Eloquent\Builder.php:2235
at vendor\laravel\framework\src\Illuminate\Database\Eloquent\Model.php:1436
at vendor\laravel\framework\src\Illuminate\Database\Eloquent\Model.php:1401
at vendor\laravel\framework\src\Illuminate\Database\Eloquent\Model.php:1240
at vendor\laravel\framework\src\Illuminate\Database\Eloquent\Factories\Factory.php:370
at vendor\laravel\framework\src\Illuminate\Collections\Traits\EnumeratesValues.php:271
at vendor\laravel\framework\src\Illuminate\Database\Eloquent\Factories\Factory.php:365
at vendor\laravel\framework\src\Illuminate\Database\Eloquent\Factories\Factory.php:321
at tests\Feature\PaymentManagementTest.php:16</error>
        </testcase>
        <testcase name="`Payment Management` → `Payment Listing` → it filters payments by status" file="tests\Feature\PaymentManagementTest.php::`Payment Management` → `Payment Listing` → it filters payments by status" class="Tests\Feature\PaymentManagementTest" classname="Tests.Feature.PaymentManagementTest" assertions="0" time="0.000000">
          <error type="Illuminate\Database\QueryException">`Payment Management` → `Payment Listing` → it filters payments by statusIlluminate\Database\QueryException: SQLSTATE[HY000]: General error: 1 no such table: car_rental_users (Connection: sqlite, SQL: insert into "car_rental_users" ("name", "email", "email_verified_at", "password", "phone", "role", "status", "license_number", "id_document_path", "license_document_path", "is_verified", "date_of_birth", "address", "remember_token", "updated_at", "created_at") values (Ceasar Torphy, cronin.jerel@example.com, 2025-09-24 12:53:06, $2y$04$78g4B33dBB9yvLZHXPZyOuzF4w5wzk7FwYQTRiFHrXZoaR9VfYlfW, 212-994-7596, admin, active, elk-4190-4160, documents/ids/1a5783be-26db-3b79-8f04-adb4a0d522e7.pdf, documents/licenses/0bf3812a-a4ab-3f5e-9f35-f49b2a84a304.pdf, 1, 1995-07-13 00:00:00, 836 Jedidiah Street Apt. 130
South Isabell, AZ 83830-0521, ZXzj6KR3eM, 2025-09-24 12:53:06, 2025-09-24 12:53:06))&#13;
at vendor\laravel\framework\src\Illuminate\Database\Connection.php:564
at vendor\laravel\framework\src\Illuminate\Database\Connection.php:811
at vendor\laravel\framework\src\Illuminate\Database\Connection.php:778
at vendor\laravel\framework\src\Illuminate\Database\Connection.php:559
at vendor\laravel\framework\src\Illuminate\Database\Connection.php:523
at vendor\laravel\framework\src\Illuminate\Database\Query\Processors\Processor.php:32
at vendor\laravel\framework\src\Illuminate\Database\Query\Builder.php:3853
at vendor\laravel\framework\src\Illuminate\Database\Eloquent\Builder.php:2235
at vendor\laravel\framework\src\Illuminate\Database\Eloquent\Model.php:1436
at vendor\laravel\framework\src\Illuminate\Database\Eloquent\Model.php:1401
at vendor\laravel\framework\src\Illuminate\Database\Eloquent\Model.php:1240
at vendor\laravel\framework\src\Illuminate\Database\Eloquent\Factories\Factory.php:370
at vendor\laravel\framework\src\Illuminate\Collections\Traits\EnumeratesValues.php:271
at vendor\laravel\framework\src\Illuminate\Database\Eloquent\Factories\Factory.php:365
at vendor\laravel\framework\src\Illuminate\Database\Eloquent\Factories\Factory.php:321
at tests\Feature\PaymentManagementTest.php:16
Caused by
PDOException: SQLSTATE[HY000]: General error: 1 no such table: car_rental_users

at vendor\laravel\framework\src\Illuminate\Database\Connection.php:564
at vendor\laravel\framework\src\Illuminate\Database\Connection.php:811
at vendor\laravel\framework\src\Illuminate\Database\Connection.php:778
at vendor\laravel\framework\src\Illuminate\Database\Connection.php:559
at vendor\laravel\framework\src\Illuminate\Database\Connection.php:523
at vendor\laravel\framework\src\Illuminate\Database\Query\Processors\Processor.php:32
at vendor\laravel\framework\src\Illuminate\Database\Query\Builder.php:3853
at vendor\laravel\framework\src\Illuminate\Database\Eloquent\Builder.php:2235
at vendor\laravel\framework\src\Illuminate\Database\Eloquent\Model.php:1436
at vendor\laravel\framework\src\Illuminate\Database\Eloquent\Model.php:1401
at vendor\laravel\framework\src\Illuminate\Database\Eloquent\Model.php:1240
at vendor\laravel\framework\src\Illuminate\Database\Eloquent\Factories\Factory.php:370
at vendor\laravel\framework\src\Illuminate\Collections\Traits\EnumeratesValues.php:271
at vendor\laravel\framework\src\Illuminate\Database\Eloquent\Factories\Factory.php:365
at vendor\laravel\framework\src\Illuminate\Database\Eloquent\Factories\Factory.php:321
at tests\Feature\PaymentManagementTest.php:16</error>
        </testcase>
        <testcase name="`Payment Management` → `Payment Status Updates` → it allows admin to confirm payment" file="tests\Feature\PaymentManagementTest.php::`Payment Management` → `Payment Status Updates` → it allows admin to confirm payment" class="Tests\Feature\PaymentManagementTest" classname="Tests.Feature.PaymentManagementTest" assertions="0" time="0.000000">
          <error type="Illuminate\Database\QueryException">`Payment Management` → `Payment Status Updates` → it allows admin to confirm paymentIlluminate\Database\QueryException: SQLSTATE[HY000]: General error: 1 no such table: car_rental_users (Connection: sqlite, SQL: insert into "car_rental_users" ("name", "email", "email_verified_at", "password", "phone", "role", "status", "license_number", "id_document_path", "license_document_path", "is_verified", "date_of_birth", "address", "remember_token", "updated_at", "created_at") values (Earlene Jones, lee.hane@example.org, 2025-09-24 12:53:06, $2y$04$78g4B33dBB9yvLZHXPZyOuzF4w5wzk7FwYQTRiFHrXZoaR9VfYlfW, +15136770881, admin, active, sqf-8702-7093, documents/ids/72d2b55b-1afa-3ea5-95df-3963f239117e.pdf, documents/licenses/a4818fda-89bc-3b6e-8641-faeab71f5deb.pdf, 1, 1966-11-28 00:00:00, 9704 Floyd Crossing Suite 280
Kiehnstad, GA 00458, gNv2EPLiZF, 2025-09-24 12:53:06, 2025-09-24 12:53:06))&#13;
at vendor\laravel\framework\src\Illuminate\Database\Connection.php:564
at vendor\laravel\framework\src\Illuminate\Database\Connection.php:811
at vendor\laravel\framework\src\Illuminate\Database\Connection.php:778
at vendor\laravel\framework\src\Illuminate\Database\Connection.php:559
at vendor\laravel\framework\src\Illuminate\Database\Connection.php:523
at vendor\laravel\framework\src\Illuminate\Database\Query\Processors\Processor.php:32
at vendor\laravel\framework\src\Illuminate\Database\Query\Builder.php:3853
at vendor\laravel\framework\src\Illuminate\Database\Eloquent\Builder.php:2235
at vendor\laravel\framework\src\Illuminate\Database\Eloquent\Model.php:1436
at vendor\laravel\framework\src\Illuminate\Database\Eloquent\Model.php:1401
at vendor\laravel\framework\src\Illuminate\Database\Eloquent\Model.php:1240
at vendor\laravel\framework\src\Illuminate\Database\Eloquent\Factories\Factory.php:370
at vendor\laravel\framework\src\Illuminate\Collections\Traits\EnumeratesValues.php:271
at vendor\laravel\framework\src\Illuminate\Database\Eloquent\Factories\Factory.php:365
at vendor\laravel\framework\src\Illuminate\Database\Eloquent\Factories\Factory.php:321
at tests\Feature\PaymentManagementTest.php:16
Caused by
PDOException: SQLSTATE[HY000]: General error: 1 no such table: car_rental_users

at vendor\laravel\framework\src\Illuminate\Database\Connection.php:564
at vendor\laravel\framework\src\Illuminate\Database\Connection.php:811
at vendor\laravel\framework\src\Illuminate\Database\Connection.php:778
at vendor\laravel\framework\src\Illuminate\Database\Connection.php:559
at vendor\laravel\framework\src\Illuminate\Database\Connection.php:523
at vendor\laravel\framework\src\Illuminate\Database\Query\Processors\Processor.php:32
at vendor\laravel\framework\src\Illuminate\Database\Query\Builder.php:3853
at vendor\laravel\framework\src\Illuminate\Database\Eloquent\Builder.php:2235
at vendor\laravel\framework\src\Illuminate\Database\Eloquent\Model.php:1436
at vendor\laravel\framework\src\Illuminate\Database\Eloquent\Model.php:1401
at vendor\laravel\framework\src\Illuminate\Database\Eloquent\Model.php:1240
at vendor\laravel\framework\src\Illuminate\Database\Eloquent\Factories\Factory.php:370
at vendor\laravel\framework\src\Illuminate\Collections\Traits\EnumeratesValues.php:271
at vendor\laravel\framework\src\Illuminate\Database\Eloquent\Factories\Factory.php:365
at vendor\laravel\framework\src\Illuminate\Database\Eloquent\Factories\Factory.php:321
at tests\Feature\PaymentManagementTest.php:16</error>
        </testcase>
      </testsuite>
      <testsuite name="Tests\Feature\Api\Enhanced\BookingControllerEnhancedTest" file="tests\Feature\Api\Enhanced\BookingControllerEnhancedTest.php" tests="11" assertions="0" errors="11" failures="0" skipped="0" time="0.000000">
        <testcase name="`BookingController Enhanced Tests` → it uses transaction service for atomic operations" file="tests\Feature\Api\Enhanced\BookingControllerEnhancedTest.php::`BookingController Enhanced Tests` → it uses transaction service for atomic operations" class="Tests\Feature\Api\Enhanced\BookingControllerEnhancedTest" classname="Tests.Feature.Api.Enhanced.BookingControllerEnhancedTest" assertions="0" time="0.000000">
          <error type="Illuminate\Database\QueryException">`BookingController Enhanced Tests` → it uses transaction service for atomic operationsIlluminate\Database\QueryException: SQLSTATE[HY000]: General error: 1 no such table: car_rental_users (Connection: sqlite, SQL: insert into "car_rental_users" ("name", "email", "email_verified_at", "password", "phone", "role", "status", "license_number", "id_document_path", "license_document_path", "is_verified", "date_of_birth", "address", "remember_token", "updated_at", "created_at") values (Pedro Abernathy, hmcglynn@example.org, 2025-09-24 12:53:06, $2y$04$78g4B33dBB9yvLZHXPZyOuzF4w5wzk7FwYQTRiFHrXZoaR9VfYlfW, 341.977.5844, renter, active, laj-8036-6384, documents/ids/71d7b6ac-6e69-3043-a32f-4fb1adee1fd9.pdf, documents/licenses/641fcc5c-a0fa-3a5f-987d-f84833c04450.pdf, 1, 1970-01-02 00:00:00, 201 Neva Light Suite 156
Howardview, NJ 94515, BpGac40a62, 2025-09-24 12:53:06, 2025-09-24 12:53:06))&#13;
at vendor\laravel\framework\src\Illuminate\Database\Connection.php:564
at vendor\laravel\framework\src\Illuminate\Database\Connection.php:811
at vendor\laravel\framework\src\Illuminate\Database\Connection.php:778
at vendor\laravel\framework\src\Illuminate\Database\Connection.php:559
at vendor\laravel\framework\src\Illuminate\Database\Connection.php:523
at vendor\laravel\framework\src\Illuminate\Database\Query\Processors\Processor.php:32
at vendor\laravel\framework\src\Illuminate\Database\Query\Builder.php:3853
at vendor\laravel\framework\src\Illuminate\Database\Eloquent\Builder.php:2235
at vendor\laravel\framework\src\Illuminate\Database\Eloquent\Model.php:1436
at vendor\laravel\framework\src\Illuminate\Database\Eloquent\Model.php:1401
at vendor\laravel\framework\src\Illuminate\Database\Eloquent\Model.php:1240
at vendor\laravel\framework\src\Illuminate\Database\Eloquent\Factories\Factory.php:370
at vendor\laravel\framework\src\Illuminate\Collections\Traits\EnumeratesValues.php:271
at vendor\laravel\framework\src\Illuminate\Database\Eloquent\Factories\Factory.php:365
at vendor\laravel\framework\src\Illuminate\Database\Eloquent\Factories\Factory.php:321
at tests\Feature\Api\Enhanced\BookingControllerEnhancedTest.php:13
Caused by
PDOException: SQLSTATE[HY000]: General error: 1 no such table: car_rental_users

at vendor\laravel\framework\src\Illuminate\Database\Connection.php:564
at vendor\laravel\framework\src\Illuminate\Database\Connection.php:811
at vendor\laravel\framework\src\Illuminate\Database\Connection.php:778
at vendor\laravel\framework\src\Illuminate\Database\Connection.php:559
at vendor\laravel\framework\src\Illuminate\Database\Connection.php:523
at vendor\laravel\framework\src\Illuminate\Database\Query\Processors\Processor.php:32
at vendor\laravel\framework\src\Illuminate\Database\Query\Builder.php:3853
at vendor\laravel\framework\src\Illuminate\Database\Eloquent\Builder.php:2235
at vendor\laravel\framework\src\Illuminate\Database\Eloquent\Model.php:1436
at vendor\laravel\framework\src\Illuminate\Database\Eloquent\Model.php:1401
at vendor\laravel\framework\src\Illuminate\Database\Eloquent\Model.php:1240
at vendor\laravel\framework\src\Illuminate\Database\Eloquent\Factories\Factory.php:370
at vendor\laravel\framework\src\Illuminate\Collections\Traits\EnumeratesValues.php:271
at vendor\laravel\framework\src\Illuminate\Database\Eloquent\Factories\Factory.php:365
at vendor\laravel\framework\src\Illuminate\Database\Eloquent\Factories\Factory.php:321
at tests\Feature\Api\Enhanced\BookingControllerEnhancedTest.php:13</error>
        </testcase>
        <testcase name="`BookingController Enhanced Tests` → it handles custom exceptions properly" file="tests\Feature\Api\Enhanced\BookingControllerEnhancedTest.php::`BookingController Enhanced Tests` → it handles custom exceptions properly" class="Tests\Feature\Api\Enhanced\BookingControllerEnhancedTest" classname="Tests.Feature.Api.Enhanced.BookingControllerEnhancedTest" assertions="0" time="0.000000">
          <error type="Illuminate\Database\QueryException">`BookingController Enhanced Tests` → it handles custom exceptions properlyIlluminate\Database\QueryException: SQLSTATE[HY000]: General error: 1 no such table: car_rental_users (Connection: sqlite, SQL: insert into "car_rental_users" ("name", "email", "email_verified_at", "password", "phone", "role", "status", "license_number", "id_document_path", "license_document_path", "is_verified", "date_of_birth", "address", "remember_token", "updated_at", "created_at") values (Prof. Oswald Lindgren, rosemary32@example.net, 2025-09-24 12:53:06, $2y$04$78g4B33dBB9yvLZHXPZyOuzF4w5wzk7FwYQTRiFHrXZoaR9VfYlfW, +1 (559) 237-1417, owner, active, yqf-2906-4467, documents/ids/f1ce0264-beaf-315c-bef7-5a677c3b5841.pdf, documents/licenses/ff8bcde0-eef4-381a-813e-52dd8ed7654a.pdf, 0, 1961-10-22 00:00:00, 178 Kane Center
Ziemeside, KY 62871, 5SF3juS4M1, 2025-09-24 12:53:06, 2025-09-24 12:53:06))&#13;
at vendor\laravel\framework\src\Illuminate\Database\Connection.php:564
at vendor\laravel\framework\src\Illuminate\Database\Connection.php:811
at vendor\laravel\framework\src\Illuminate\Database\Connection.php:778
at vendor\laravel\framework\src\Illuminate\Database\Connection.php:559
at vendor\laravel\framework\src\Illuminate\Database\Connection.php:523
at vendor\laravel\framework\src\Illuminate\Database\Query\Processors\Processor.php:32
at vendor\laravel\framework\src\Illuminate\Database\Query\Builder.php:3853
at vendor\laravel\framework\src\Illuminate\Database\Eloquent\Builder.php:2235
at vendor\laravel\framework\src\Illuminate\Database\Eloquent\Model.php:1436
at vendor\laravel\framework\src\Illuminate\Database\Eloquent\Model.php:1401
at vendor\laravel\framework\src\Illuminate\Database\Eloquent\Model.php:1240
at vendor\laravel\framework\src\Illuminate\Database\Eloquent\Factories\Factory.php:370
at vendor\laravel\framework\src\Illuminate\Collections\Traits\EnumeratesValues.php:271
at vendor\laravel\framework\src\Illuminate\Database\Eloquent\Factories\Factory.php:365
at vendor\laravel\framework\src\Illuminate\Database\Eloquent\Factories\Factory.php:321
at tests\Feature\Api\Enhanced\BookingControllerEnhancedTest.php:13
Caused by
PDOException: SQLSTATE[HY000]: General error: 1 no such table: car_rental_users

at vendor\laravel\framework\src\Illuminate\Database\Connection.php:564
at vendor\laravel\framework\src\Illuminate\Database\Connection.php:811
at vendor\laravel\framework\src\Illuminate\Database\Connection.php:778
at vendor\laravel\framework\src\Illuminate\Database\Connection.php:559
at vendor\laravel\framework\src\Illuminate\Database\Connection.php:523
at vendor\laravel\framework\src\Illuminate\Database\Query\Processors\Processor.php:32
at vendor\laravel\framework\src\Illuminate\Database\Query\Builder.php:3853
at vendor\laravel\framework\src\Illuminate\Database\Eloquent\Builder.php:2235
at vendor\laravel\framework\src\Illuminate\Database\Eloquent\Model.php:1436
at vendor\laravel\framework\src\Illuminate\Database\Eloquent\Model.php:1401
at vendor\laravel\framework\src\Illuminate\Database\Eloquent\Model.php:1240
at vendor\laravel\framework\src\Illuminate\Database\Eloquent\Factories\Factory.php:370
at vendor\laravel\framework\src\Illuminate\Collections\Traits\EnumeratesValues.php:271
at vendor\laravel\framework\src\Illuminate\Database\Eloquent\Factories\Factory.php:365
at vendor\laravel\framework\src\Illuminate\Database\Eloquent\Factories\Factory.php:321
at tests\Feature\Api\Enhanced\BookingControllerEnhancedTest.php:13</error>
        </testcase>
        <testcase name="`Booking Authorization Middleware` → it allows admin to access any booking" file="tests\Feature\Api\Enhanced\BookingControllerEnhancedTest.php::`Booking Authorization Middleware` → it allows admin to access any booking" class="Tests\Feature\Api\Enhanced\BookingControllerEnhancedTest" classname="Tests.Feature.Api.Enhanced.BookingControllerEnhancedTest" assertions="0" time="0.000000">
          <error type="Illuminate\Database\QueryException">`Booking Authorization Middleware` → it allows admin to access any bookingIlluminate\Database\QueryException: SQLSTATE[HY000]: General error: 1 no such table: car_rental_users (Connection: sqlite, SQL: insert into "car_rental_users" ("name", "email", "email_verified_at", "password", "phone", "role", "status", "license_number", "id_document_path", "license_document_path", "is_verified", "date_of_birth", "address", "remember_token", "updated_at", "created_at") values (Leola King IV, mylene.kozey@example.org, 2025-09-24 12:53:06, $2y$04$78g4B33dBB9yvLZHXPZyOuzF4w5wzk7FwYQTRiFHrXZoaR9VfYlfW, 986.805.5668, renter, pending, dft-9997-4556, documents/ids/4500d2da-cde1-33c6-b23e-3ff898abed2c.pdf, documents/licenses/abccf280-0650-3fe5-ba23-44980bb3288e.pdf, 1, 1988-07-14 00:00:00, 98342 Langosh Lodge
Jomouth, ME 88790-9540, c3tc166yNy, 2025-09-24 12:53:06, 2025-09-24 12:53:06))&#13;
at vendor\laravel\framework\src\Illuminate\Database\Connection.php:564
at vendor\laravel\framework\src\Illuminate\Database\Connection.php:811
at vendor\laravel\framework\src\Illuminate\Database\Connection.php:778
at vendor\laravel\framework\src\Illuminate\Database\Connection.php:559
at vendor\laravel\framework\src\Illuminate\Database\Connection.php:523
at vendor\laravel\framework\src\Illuminate\Database\Query\Processors\Processor.php:32
at vendor\laravel\framework\src\Illuminate\Database\Query\Builder.php:3853
at vendor\laravel\framework\src\Illuminate\Database\Eloquent\Builder.php:2235
at vendor\laravel\framework\src\Illuminate\Database\Eloquent\Model.php:1436
at vendor\laravel\framework\src\Illuminate\Database\Eloquent\Model.php:1401
at vendor\laravel\framework\src\Illuminate\Database\Eloquent\Model.php:1240
at vendor\laravel\framework\src\Illuminate\Database\Eloquent\Factories\Factory.php:370
at vendor\laravel\framework\src\Illuminate\Collections\Traits\EnumeratesValues.php:271
at vendor\laravel\framework\src\Illuminate\Database\Eloquent\Factories\Factory.php:365
at vendor\laravel\framework\src\Illuminate\Database\Eloquent\Factories\Factory.php:321
at tests\Feature\Api\Enhanced\BookingControllerEnhancedTest.php:210
Caused by
PDOException: SQLSTATE[HY000]: General error: 1 no such table: car_rental_users

at vendor\laravel\framework\src\Illuminate\Database\Connection.php:564
at vendor\laravel\framework\src\Illuminate\Database\Connection.php:811
at vendor\laravel\framework\src\Illuminate\Database\Connection.php:778
at vendor\laravel\framework\src\Illuminate\Database\Connection.php:559
at vendor\laravel\framework\src\Illuminate\Database\Connection.php:523
at vendor\laravel\framework\src\Illuminate\Database\Query\Processors\Processor.php:32
at vendor\laravel\framework\src\Illuminate\Database\Query\Builder.php:3853
at vendor\laravel\framework\src\Illuminate\Database\Eloquent\Builder.php:2235
at vendor\laravel\framework\src\Illuminate\Database\Eloquent\Model.php:1436
at vendor\laravel\framework\src\Illuminate\Database\Eloquent\Model.php:1401
at vendor\laravel\framework\src\Illuminate\Database\Eloquent\Model.php:1240
at vendor\laravel\framework\src\Illuminate\Database\Eloquent\Factories\Factory.php:370
at vendor\laravel\framework\src\Illuminate\Collections\Traits\EnumeratesValues.php:271
at vendor\laravel\framework\src\Illuminate\Database\Eloquent\Factories\Factory.php:365
at vendor\laravel\framework\src\Illuminate\Database\Eloquent\Factories\Factory.php:321
at tests\Feature\Api\Enhanced\BookingControllerEnhancedTest.php:210</error>
        </testcase>
        <testcase name="`BookingController Enhanced Tests` → it handles date conflicts with proper exception" file="tests\Feature\Api\Enhanced\BookingControllerEnhancedTest.php::`BookingController Enhanced Tests` → it handles date conflicts with proper exception" class="Tests\Feature\Api\Enhanced\BookingControllerEnhancedTest" classname="Tests.Feature.Api.Enhanced.BookingControllerEnhancedTest" assertions="0" time="0.000000">
          <error type="Illuminate\Database\QueryException">`BookingController Enhanced Tests` → it handles date conflicts with proper exceptionIlluminate\Database\QueryException: SQLSTATE[HY000]: General error: 1 no such table: car_rental_users (Connection: sqlite, SQL: insert into "car_rental_users" ("name", "email", "email_verified_at", "password", "phone", "role", "status", "license_number", "id_document_path", "license_document_path", "is_verified", "date_of_birth", "address", "remember_token", "updated_at", "created_at") values (Kianna Weimann, lakin.jovanny@example.org, 2025-09-24 12:53:06, $2y$04$78g4B33dBB9yvLZHXPZyOuzF4w5wzk7FwYQTRiFHrXZoaR9VfYlfW, 940-747-2658, owner, approved, zjr-0794-0214, documents/ids/f90bf736-06c1-3ea8-9b3b-409d5b45f152.pdf, documents/licenses/c8675015-8858-3a1f-96f2-63add9e2863e.pdf, 1, 1988-05-14 00:00:00, 9334 Felicia Isle Suite 706
Wallaceton, NJ 87348-3266, ks9NHmJz0h, 2025-09-24 12:53:06, 2025-09-24 12:53:06))&#13;
at vendor\laravel\framework\src\Illuminate\Database\Connection.php:564
at vendor\laravel\framework\src\Illuminate\Database\Connection.php:811
at vendor\laravel\framework\src\Illuminate\Database\Connection.php:778
at vendor\laravel\framework\src\Illuminate\Database\Connection.php:559
at vendor\laravel\framework\src\Illuminate\Database\Connection.php:523
at vendor\laravel\framework\src\Illuminate\Database\Query\Processors\Processor.php:32
at vendor\laravel\framework\src\Illuminate\Database\Query\Builder.php:3853
at vendor\laravel\framework\src\Illuminate\Database\Eloquent\Builder.php:2235
at vendor\laravel\framework\src\Illuminate\Database\Eloquent\Model.php:1436
at vendor\laravel\framework\src\Illuminate\Database\Eloquent\Model.php:1401
at vendor\laravel\framework\src\Illuminate\Database\Eloquent\Model.php:1240
at vendor\laravel\framework\src\Illuminate\Database\Eloquent\Factories\Factory.php:370
at vendor\laravel\framework\src\Illuminate\Collections\Traits\EnumeratesValues.php:271
at vendor\laravel\framework\src\Illuminate\Database\Eloquent\Factories\Factory.php:365
at vendor\laravel\framework\src\Illuminate\Database\Eloquent\Factories\Factory.php:321
at tests\Feature\Api\Enhanced\BookingControllerEnhancedTest.php:13
Caused by
PDOException: SQLSTATE[HY000]: General error: 1 no such table: car_rental_users

at vendor\laravel\framework\src\Illuminate\Database\Connection.php:564
at vendor\laravel\framework\src\Illuminate\Database\Connection.php:811
at vendor\laravel\framework\src\Illuminate\Database\Connection.php:778
at vendor\laravel\framework\src\Illuminate\Database\Connection.php:559
at vendor\laravel\framework\src\Illuminate\Database\Connection.php:523
at vendor\laravel\framework\src\Illuminate\Database\Query\Processors\Processor.php:32
at vendor\laravel\framework\src\Illuminate\Database\Query\Builder.php:3853
at vendor\laravel\framework\src\Illuminate\Database\Eloquent\Builder.php:2235
at vendor\laravel\framework\src\Illuminate\Database\Eloquent\Model.php:1436
at vendor\laravel\framework\src\Illuminate\Database\Eloquent\Model.php:1401
at vendor\laravel\framework\src\Illuminate\Database\Eloquent\Model.php:1240
at vendor\laravel\framework\src\Illuminate\Database\Eloquent\Factories\Factory.php:370
at vendor\laravel\framework\src\Illuminate\Collections\Traits\EnumeratesValues.php:271
at vendor\laravel\framework\src\Illuminate\Database\Eloquent\Factories\Factory.php:365
at vendor\laravel\framework\src\Illuminate\Database\Eloquent\Factories\Factory.php:321
at tests\Feature\Api\Enhanced\BookingControllerEnhancedTest.php:13</error>
        </testcase>
        <testcase name="`BookingController Enhanced Tests` → it creates booking with proper DTO validation" file="tests\Feature\Api\Enhanced\BookingControllerEnhancedTest.php::`BookingController Enhanced Tests` → it creates booking with proper DTO validation" class="Tests\Feature\Api\Enhanced\BookingControllerEnhancedTest" classname="Tests.Feature.Api.Enhanced.BookingControllerEnhancedTest" assertions="0" time="0.000000">
          <error type="Illuminate\Database\QueryException">`BookingController Enhanced Tests` → it creates booking with proper DTO validationIlluminate\Database\QueryException: SQLSTATE[HY000]: General error: 1 no such table: car_rental_users (Connection: sqlite, SQL: insert into "car_rental_users" ("name", "email", "email_verified_at", "password", "phone", "role", "status", "license_number", "id_document_path", "license_document_path", "is_verified", "date_of_birth", "address", "remember_token", "updated_at", "created_at") values (Rolando Ebert, deontae25@example.com, 2025-09-24 12:53:06, $2y$04$78g4B33dBB9yvLZHXPZyOuzF4w5wzk7FwYQTRiFHrXZoaR9VfYlfW, +1-743-422-6077, renter, pending, nuh-7762-8581, documents/ids/de8842b7-3cb5-3baf-8230-e04933eae0e7.pdf, documents/licenses/33d220f0-8cab-3f7c-a389-9658e03757ec.pdf, 1, 2006-07-17 00:00:00, 36928 Juliana Passage
East Elenor, CA 98901, J9WVMkBwip, 2025-09-24 12:53:06, 2025-09-24 12:53:06))&#13;
at vendor\laravel\framework\src\Illuminate\Database\Connection.php:564
at vendor\laravel\framework\src\Illuminate\Database\Connection.php:811
at vendor\laravel\framework\src\Illuminate\Database\Connection.php:778
at vendor\laravel\framework\src\Illuminate\Database\Connection.php:559
at vendor\laravel\framework\src\Illuminate\Database\Connection.php:523
at vendor\laravel\framework\src\Illuminate\Database\Query\Processors\Processor.php:32
at vendor\laravel\framework\src\Illuminate\Database\Query\Builder.php:3853
at vendor\laravel\framework\src\Illuminate\Database\Eloquent\Builder.php:2235
at vendor\laravel\framework\src\Illuminate\Database\Eloquent\Model.php:1436
at vendor\laravel\framework\src\Illuminate\Database\Eloquent\Model.php:1401
at vendor\laravel\framework\src\Illuminate\Database\Eloquent\Model.php:1240
at vendor\laravel\framework\src\Illuminate\Database\Eloquent\Factories\Factory.php:370
at vendor\laravel\framework\src\Illuminate\Collections\Traits\EnumeratesValues.php:271
at vendor\laravel\framework\src\Illuminate\Database\Eloquent\Factories\Factory.php:365
at vendor\laravel\framework\src\Illuminate\Database\Eloquent\Factories\Factory.php:321
at tests\Feature\Api\Enhanced\BookingControllerEnhancedTest.php:13
Caused by
PDOException: SQLSTATE[HY000]: General error: 1 no such table: car_rental_users

at vendor\laravel\framework\src\Illuminate\Database\Connection.php:564
at vendor\laravel\framework\src\Illuminate\Database\Connection.php:811
at vendor\laravel\framework\src\Illuminate\Database\Connection.php:778
at vendor\laravel\framework\src\Illuminate\Database\Connection.php:559
at vendor\laravel\framework\src\Illuminate\Database\Connection.php:523
at vendor\laravel\framework\src\Illuminate\Database\Query\Processors\Processor.php:32
at vendor\laravel\framework\src\Illuminate\Database\Query\Builder.php:3853
at vendor\laravel\framework\src\Illuminate\Database\Eloquent\Builder.php:2235
at vendor\laravel\framework\src\Illuminate\Database\Eloquent\Model.php:1436
at vendor\laravel\framework\src\Illuminate\Database\Eloquent\Model.php:1401
at vendor\laravel\framework\src\Illuminate\Database\Eloquent\Model.php:1240
at vendor\laravel\framework\src\Illuminate\Database\Eloquent\Factories\Factory.php:370
at vendor\laravel\framework\src\Illuminate\Collections\Traits\EnumeratesValues.php:271
at vendor\laravel\framework\src\Illuminate\Database\Eloquent\Factories\Factory.php:365
at vendor\laravel\framework\src\Illuminate\Database\Eloquent\Factories\Factory.php:321
at tests\Feature\Api\Enhanced\BookingControllerEnhancedTest.php:13</error>
        </testcase>
        <testcase name="`BookingController Enhanced Tests` → it calculates amounts correctly using DTO" file="tests\Feature\Api\Enhanced\BookingControllerEnhancedTest.php::`BookingController Enhanced Tests` → it calculates amounts correctly using DTO" class="Tests\Feature\Api\Enhanced\BookingControllerEnhancedTest" classname="Tests.Feature.Api.Enhanced.BookingControllerEnhancedTest" assertions="0" time="0.000000">
          <error type="Illuminate\Database\QueryException">`BookingController Enhanced Tests` → it calculates amounts correctly using DTOIlluminate\Database\QueryException: SQLSTATE[HY000]: General error: 1 no such table: car_rental_users (Connection: sqlite, SQL: insert into "car_rental_users" ("name", "email", "email_verified_at", "password", "phone", "role", "status", "license_number", "id_document_path", "license_document_path", "is_verified", "date_of_birth", "address", "remember_token", "updated_at", "created_at") values (Leann Nolan, alberta.schumm@example.org, 2025-09-24 12:53:06, $2y$04$78g4B33dBB9yvLZHXPZyOuzF4w5wzk7FwYQTRiFHrXZoaR9VfYlfW, 863-756-2942, owner, pending, rrt-7549-5181, documents/ids/72d0d178-321f-31d5-8d78-4dcd52ad0abf.pdf, documents/licenses/8c73a56b-036f-39ee-8616-f999d4cac4bb.pdf, 0, 1986-03-13 00:00:00, 100 Miller Trace
Baileyview, RI 71080-8438, 7ynXOOLaN5, 2025-09-24 12:53:06, 2025-09-24 12:53:06))&#13;
at vendor\laravel\framework\src\Illuminate\Database\Connection.php:564
at vendor\laravel\framework\src\Illuminate\Database\Connection.php:811
at vendor\laravel\framework\src\Illuminate\Database\Connection.php:778
at vendor\laravel\framework\src\Illuminate\Database\Connection.php:559
at vendor\laravel\framework\src\Illuminate\Database\Connection.php:523
at vendor\laravel\framework\src\Illuminate\Database\Query\Processors\Processor.php:32
at vendor\laravel\framework\src\Illuminate\Database\Query\Builder.php:3853
at vendor\laravel\framework\src\Illuminate\Database\Eloquent\Builder.php:2235
at vendor\laravel\framework\src\Illuminate\Database\Eloquent\Model.php:1436
at vendor\laravel\framework\src\Illuminate\Database\Eloquent\Model.php:1401
at vendor\laravel\framework\src\Illuminate\Database\Eloquent\Model.php:1240
at vendor\laravel\framework\src\Illuminate\Database\Eloquent\Factories\Factory.php:370
at vendor\laravel\framework\src\Illuminate\Collections\Traits\EnumeratesValues.php:271
at vendor\laravel\framework\src\Illuminate\Database\Eloquent\Factories\Factory.php:365
at vendor\laravel\framework\src\Illuminate\Database\Eloquent\Factories\Factory.php:321
at tests\Feature\Api\Enhanced\BookingControllerEnhancedTest.php:13
Caused by
PDOException: SQLSTATE[HY000]: General error: 1 no such table: car_rental_users

at vendor\laravel\framework\src\Illuminate\Database\Connection.php:564
at vendor\laravel\framework\src\Illuminate\Database\Connection.php:811
at vendor\laravel\framework\src\Illuminate\Database\Connection.php:778
at vendor\laravel\framework\src\Illuminate\Database\Connection.php:559
at vendor\laravel\framework\src\Illuminate\Database\Connection.php:523
at vendor\laravel\framework\src\Illuminate\Database\Query\Processors\Processor.php:32
at vendor\laravel\framework\src\Illuminate\Database\Query\Builder.php:3853
at vendor\laravel\framework\src\Illuminate\Database\Eloquent\Builder.php:2235
at vendor\laravel\framework\src\Illuminate\Database\Eloquent\Model.php:1436
at vendor\laravel\framework\src\Illuminate\Database\Eloquent\Model.php:1401
at vendor\laravel\framework\src\Illuminate\Database\Eloquent\Model.php:1240
at vendor\laravel\framework\src\Illuminate\Database\Eloquent\Factories\Factory.php:370
at vendor\laravel\framework\src\Illuminate\Collections\Traits\EnumeratesValues.php:271
at vendor\laravel\framework\src\Illuminate\Database\Eloquent\Factories\Factory.php:365
at vendor\laravel\framework\src\Illuminate\Database\Eloquent\Factories\Factory.php:321
at tests\Feature\Api\Enhanced\BookingControllerEnhancedTest.php:13</error>
        </testcase>
        <testcase name="`Booking Authorization Middleware` → it allows renter to access their booking" file="tests\Feature\Api\Enhanced\BookingControllerEnhancedTest.php::`Booking Authorization Middleware` → it allows renter to access their booking" class="Tests\Feature\Api\Enhanced\BookingControllerEnhancedTest" classname="Tests.Feature.Api.Enhanced.BookingControllerEnhancedTest" assertions="0" time="0.000000">
          <error type="Illuminate\Database\QueryException">`Booking Authorization Middleware` → it allows renter to access their bookingIlluminate\Database\QueryException: SQLSTATE[HY000]: General error: 1 no such table: car_rental_users (Connection: sqlite, SQL: insert into "car_rental_users" ("name", "email", "email_verified_at", "password", "phone", "role", "status", "license_number", "id_document_path", "license_document_path", "is_verified", "date_of_birth", "address", "remember_token", "updated_at", "created_at") values (Verdie Schimmel, genevieve26@example.net, 2025-09-24 12:53:06, $2y$04$78g4B33dBB9yvLZHXPZyOuzF4w5wzk7FwYQTRiFHrXZoaR9VfYlfW, +1-718-915-0065, owner, active, ijm-4540-3568, documents/ids/8b73ed25-b251-37ff-997f-0f2cf03a8bce.pdf, documents/licenses/de542f26-e9e7-3c0b-9770-34341a778446.pdf, 0, 1995-04-22 00:00:00, 6345 Lonzo Hills
Franeckiview, SC 26657-6335, yEkcNqXsSG, 2025-09-24 12:53:06, 2025-09-24 12:53:06))&#13;
at vendor\laravel\framework\src\Illuminate\Database\Connection.php:564
at vendor\laravel\framework\src\Illuminate\Database\Connection.php:811
at vendor\laravel\framework\src\Illuminate\Database\Connection.php:778
at vendor\laravel\framework\src\Illuminate\Database\Connection.php:559
at vendor\laravel\framework\src\Illuminate\Database\Connection.php:523
at vendor\laravel\framework\src\Illuminate\Database\Query\Processors\Processor.php:32
at vendor\laravel\framework\src\Illuminate\Database\Query\Builder.php:3853
at vendor\laravel\framework\src\Illuminate\Database\Eloquent\Builder.php:2235
at vendor\laravel\framework\src\Illuminate\Database\Eloquent\Model.php:1436
at vendor\laravel\framework\src\Illuminate\Database\Eloquent\Model.php:1401
at vendor\laravel\framework\src\Illuminate\Database\Eloquent\Model.php:1240
at vendor\laravel\framework\src\Illuminate\Database\Eloquent\Factories\Factory.php:370
at vendor\laravel\framework\src\Illuminate\Collections\Traits\EnumeratesValues.php:271
at vendor\laravel\framework\src\Illuminate\Database\Eloquent\Factories\Factory.php:365
at vendor\laravel\framework\src\Illuminate\Database\Eloquent\Factories\Factory.php:321
at tests\Feature\Api\Enhanced\BookingControllerEnhancedTest.php:210
Caused by
PDOException: SQLSTATE[HY000]: General error: 1 no such table: car_rental_users

at vendor\laravel\framework\src\Illuminate\Database\Connection.php:564
at vendor\laravel\framework\src\Illuminate\Database\Connection.php:811
at vendor\laravel\framework\src\Illuminate\Database\Connection.php:778
at vendor\laravel\framework\src\Illuminate\Database\Connection.php:559
at vendor\laravel\framework\src\Illuminate\Database\Connection.php:523
at vendor\laravel\framework\src\Illuminate\Database\Query\Processors\Processor.php:32
at vendor\laravel\framework\src\Illuminate\Database\Query\Builder.php:3853
at vendor\laravel\framework\src\Illuminate\Database\Eloquent\Builder.php:2235
at vendor\laravel\framework\src\Illuminate\Database\Eloquent\Model.php:1436
at vendor\laravel\framework\src\Illuminate\Database\Eloquent\Model.php:1401
at vendor\laravel\framework\src\Illuminate\Database\Eloquent\Model.php:1240
at vendor\laravel\framework\src\Illuminate\Database\Eloquent\Factories\Factory.php:370
at vendor\laravel\framework\src\Illuminate\Collections\Traits\EnumeratesValues.php:271
at vendor\laravel\framework\src\Illuminate\Database\Eloquent\Factories\Factory.php:365
at vendor\laravel\framework\src\Illuminate\Database\Eloquent\Factories\Factory.php:321
at tests\Feature\Api\Enhanced\BookingControllerEnhancedTest.php:210</error>
        </testcase>
        <testcase name="`Booking Authorization Middleware` → it allows vehicle owner to access booking" file="tests\Feature\Api\Enhanced\BookingControllerEnhancedTest.php::`Booking Authorization Middleware` → it allows vehicle owner to access booking" class="Tests\Feature\Api\Enhanced\BookingControllerEnhancedTest" classname="Tests.Feature.Api.Enhanced.BookingControllerEnhancedTest" assertions="0" time="0.000000">
          <error type="Illuminate\Database\QueryException">`Booking Authorization Middleware` → it allows vehicle owner to access bookingIlluminate\Database\QueryException: SQLSTATE[HY000]: General error: 1 no such table: car_rental_users (Connection: sqlite, SQL: insert into "car_rental_users" ("name", "email", "email_verified_at", "password", "phone", "role", "status", "license_number", "id_document_path", "license_document_path", "is_verified", "date_of_birth", "address", "remember_token", "updated_at", "created_at") values (Marianne Fahey, foster41@example.org, 2025-09-24 12:53:06, $2y$04$78g4B33dBB9yvLZHXPZyOuzF4w5wzk7FwYQTRiFHrXZoaR9VfYlfW, +1-469-817-4396, renter, approved, xaq-6505-6474, documents/ids/ff5b82c4-35d5-3edf-8b1b-244b850ea3c0.pdf, documents/licenses/4ee31a88-81d6-3a46-9d35-408901a24733.pdf, 0, 1976-02-17 00:00:00, 913 Kellen Fork Suite 569
Bernicemouth, WA 17978-3096, bgGHh4WSRm, 2025-09-24 12:53:06, 2025-09-24 12:53:06))&#13;
at vendor\laravel\framework\src\Illuminate\Database\Connection.php:564
at vendor\laravel\framework\src\Illuminate\Database\Connection.php:811
at vendor\laravel\framework\src\Illuminate\Database\Connection.php:778
at vendor\laravel\framework\src\Illuminate\Database\Connection.php:559
at vendor\laravel\framework\src\Illuminate\Database\Connection.php:523
at vendor\laravel\framework\src\Illuminate\Database\Query\Processors\Processor.php:32
at vendor\laravel\framework\src\Illuminate\Database\Query\Builder.php:3853
at vendor\laravel\framework\src\Illuminate\Database\Eloquent\Builder.php:2235
at vendor\laravel\framework\src\Illuminate\Database\Eloquent\Model.php:1436
at vendor\laravel\framework\src\Illuminate\Database\Eloquent\Model.php:1401
at vendor\laravel\framework\src\Illuminate\Database\Eloquent\Model.php:1240
at vendor\laravel\framework\src\Illuminate\Database\Eloquent\Factories\Factory.php:370
at vendor\laravel\framework\src\Illuminate\Collections\Traits\EnumeratesValues.php:271
at vendor\laravel\framework\src\Illuminate\Database\Eloquent\Factories\Factory.php:365
at vendor\laravel\framework\src\Illuminate\Database\Eloquent\Factories\Factory.php:321
at tests\Feature\Api\Enhanced\BookingControllerEnhancedTest.php:210
Caused by
PDOException: SQLSTATE[HY000]: General error: 1 no such table: car_rental_users

at vendor\laravel\framework\src\Illuminate\Database\Connection.php:564
at vendor\laravel\framework\src\Illuminate\Database\Connection.php:811
at vendor\laravel\framework\src\Illuminate\Database\Connection.php:778
at vendor\laravel\framework\src\Illuminate\Database\Connection.php:559
at vendor\laravel\framework\src\Illuminate\Database\Connection.php:523
at vendor\laravel\framework\src\Illuminate\Database\Query\Processors\Processor.php:32
at vendor\laravel\framework\src\Illuminate\Database\Query\Builder.php:3853
at vendor\laravel\framework\src\Illuminate\Database\Eloquent\Builder.php:2235
at vendor\laravel\framework\src\Illuminate\Database\Eloquent\Model.php:1436
at vendor\laravel\framework\src\Illuminate\Database\Eloquent\Model.php:1401
at vendor\laravel\framework\src\Illuminate\Database\Eloquent\Model.php:1240
at vendor\laravel\framework\src\Illuminate\Database\Eloquent\Factories\Factory.php:370
at vendor\laravel\framework\src\Illuminate\Collections\Traits\EnumeratesValues.php:271
at vendor\laravel\framework\src\Illuminate\Database\Eloquent\Factories\Factory.php:365
at vendor\laravel\framework\src\Illuminate\Database\Eloquent\Factories\Factory.php:321
at tests\Feature\Api\Enhanced\BookingControllerEnhancedTest.php:210</error>
        </testcase>
        <testcase name="`BookingController Enhanced Tests` → it validates DTO requirements correctly" file="tests\Feature\Api\Enhanced\BookingControllerEnhancedTest.php::`BookingController Enhanced Tests` → it validates DTO requirements correctly" class="Tests\Feature\Api\Enhanced\BookingControllerEnhancedTest" classname="Tests.Feature.Api.Enhanced.BookingControllerEnhancedTest" assertions="0" time="0.000000">
          <error type="Illuminate\Database\QueryException">`BookingController Enhanced Tests` → it validates DTO requirements correctlyIlluminate\Database\QueryException: SQLSTATE[HY000]: General error: 1 no such table: car_rental_users (Connection: sqlite, SQL: insert into "car_rental_users" ("name", "email", "email_verified_at", "password", "phone", "role", "status", "license_number", "id_document_path", "license_document_path", "is_verified", "date_of_birth", "address", "remember_token", "updated_at", "created_at") values (Mr. Jayme Lesch I, nikki.goldner@example.net, 2025-09-24 12:53:06, $2y$04$78g4B33dBB9yvLZHXPZyOuzF4w5wzk7FwYQTRiFHrXZoaR9VfYlfW, +1.870.252.4170, owner, approved, kgg-5818-0934, documents/ids/65620699-d5a0-3651-a66a-f856067bf64b.pdf, documents/licenses/3c667a6c-296c-36b4-bbb4-08100eea1c6b.pdf, 1, 1972-09-22 00:00:00, 71623 Sylvan Motorway
West Ebony, GA 84130-7163, FphoCEmFQ9, 2025-09-24 12:53:06, 2025-09-24 12:53:06))&#13;
at vendor\laravel\framework\src\Illuminate\Database\Connection.php:564
at vendor\laravel\framework\src\Illuminate\Database\Connection.php:811
at vendor\laravel\framework\src\Illuminate\Database\Connection.php:778
at vendor\laravel\framework\src\Illuminate\Database\Connection.php:559
at vendor\laravel\framework\src\Illuminate\Database\Connection.php:523
at vendor\laravel\framework\src\Illuminate\Database\Query\Processors\Processor.php:32
at vendor\laravel\framework\src\Illuminate\Database\Query\Builder.php:3853
at vendor\laravel\framework\src\Illuminate\Database\Eloquent\Builder.php:2235
at vendor\laravel\framework\src\Illuminate\Database\Eloquent\Model.php:1436
at vendor\laravel\framework\src\Illuminate\Database\Eloquent\Model.php:1401
at vendor\laravel\framework\src\Illuminate\Database\Eloquent\Model.php:1240
at vendor\laravel\framework\src\Illuminate\Database\Eloquent\Factories\Factory.php:370
at vendor\laravel\framework\src\Illuminate\Collections\Traits\EnumeratesValues.php:271
at vendor\laravel\framework\src\Illuminate\Database\Eloquent\Factories\Factory.php:365
at vendor\laravel\framework\src\Illuminate\Database\Eloquent\Factories\Factory.php:321
at tests\Feature\Api\Enhanced\BookingControllerEnhancedTest.php:13
Caused by
PDOException: SQLSTATE[HY000]: General error: 1 no such table: car_rental_users

at vendor\laravel\framework\src\Illuminate\Database\Connection.php:564
at vendor\laravel\framework\src\Illuminate\Database\Connection.php:811
at vendor\laravel\framework\src\Illuminate\Database\Connection.php:778
at vendor\laravel\framework\src\Illuminate\Database\Connection.php:559
at vendor\laravel\framework\src\Illuminate\Database\Connection.php:523
at vendor\laravel\framework\src\Illuminate\Database\Query\Processors\Processor.php:32
at vendor\laravel\framework\src\Illuminate\Database\Query\Builder.php:3853
at vendor\laravel\framework\src\Illuminate\Database\Eloquent\Builder.php:2235
at vendor\laravel\framework\src\Illuminate\Database\Eloquent\Model.php:1436
at vendor\laravel\framework\src\Illuminate\Database\Eloquent\Model.php:1401
at vendor\laravel\framework\src\Illuminate\Database\Eloquent\Model.php:1240
at vendor\laravel\framework\src\Illuminate\Database\Eloquent\Factories\Factory.php:370
at vendor\laravel\framework\src\Illuminate\Collections\Traits\EnumeratesValues.php:271
at vendor\laravel\framework\src\Illuminate\Database\Eloquent\Factories\Factory.php:365
at vendor\laravel\framework\src\Illuminate\Database\Eloquent\Factories\Factory.php:321
at tests\Feature\Api\Enhanced\BookingControllerEnhancedTest.php:13</error>
        </testcase>
        <testcase name="`BookingController Enhanced Tests` → it dispatches BookingCreated event" file="tests\Feature\Api\Enhanced\BookingControllerEnhancedTest.php::`BookingController Enhanced Tests` → it dispatches BookingCreated event" class="Tests\Feature\Api\Enhanced\BookingControllerEnhancedTest" classname="Tests.Feature.Api.Enhanced.BookingControllerEnhancedTest" assertions="0" time="0.000000">
          <error type="Illuminate\Database\QueryException">`BookingController Enhanced Tests` → it dispatches BookingCreated eventIlluminate\Database\QueryException: SQLSTATE[HY000]: General error: 1 no such table: car_rental_users (Connection: sqlite, SQL: insert into "car_rental_users" ("name", "email", "email_verified_at", "password", "phone", "role", "status", "license_number", "id_document_path", "license_document_path", "is_verified", "date_of_birth", "address", "remember_token", "updated_at", "created_at") values (Eloise Glover, rath.gregoria@example.com, 2025-09-24 12:53:06, $2y$04$78g4B33dBB9yvLZHXPZyOuzF4w5wzk7FwYQTRiFHrXZoaR9VfYlfW, +1-657-884-5805, renter, active, wpt-0590-9295, documents/ids/2694355c-d0b4-3b33-aebe-b47ee89b847e.pdf, documents/licenses/727bd8d5-5fee-3a03-8c93-2a9bafafc934.pdf, 1, 1965-02-22 00:00:00, 937 Douglas Lodge
Port Kennedyfort, CT 67134-0964, FTB8RB6uuH, 2025-09-24 12:53:06, 2025-09-24 12:53:06))&#13;
at vendor\laravel\framework\src\Illuminate\Database\Connection.php:564
at vendor\laravel\framework\src\Illuminate\Database\Connection.php:811
at vendor\laravel\framework\src\Illuminate\Database\Connection.php:778
at vendor\laravel\framework\src\Illuminate\Database\Connection.php:559
at vendor\laravel\framework\src\Illuminate\Database\Connection.php:523
at vendor\laravel\framework\src\Illuminate\Database\Query\Processors\Processor.php:32
at vendor\laravel\framework\src\Illuminate\Database\Query\Builder.php:3853
at vendor\laravel\framework\src\Illuminate\Database\Eloquent\Builder.php:2235
at vendor\laravel\framework\src\Illuminate\Database\Eloquent\Model.php:1436
at vendor\laravel\framework\src\Illuminate\Database\Eloquent\Model.php:1401
at vendor\laravel\framework\src\Illuminate\Database\Eloquent\Model.php:1240
at vendor\laravel\framework\src\Illuminate\Database\Eloquent\Factories\Factory.php:370
at vendor\laravel\framework\src\Illuminate\Collections\Traits\EnumeratesValues.php:271
at vendor\laravel\framework\src\Illuminate\Database\Eloquent\Factories\Factory.php:365
at vendor\laravel\framework\src\Illuminate\Database\Eloquent\Factories\Factory.php:321
at tests\Feature\Api\Enhanced\BookingControllerEnhancedTest.php:13
Caused by
PDOException: SQLSTATE[HY000]: General error: 1 no such table: car_rental_users

at vendor\laravel\framework\src\Illuminate\Database\Connection.php:564
at vendor\laravel\framework\src\Illuminate\Database\Connection.php:811
at vendor\laravel\framework\src\Illuminate\Database\Connection.php:778
at vendor\laravel\framework\src\Illuminate\Database\Connection.php:559
at vendor\laravel\framework\src\Illuminate\Database\Connection.php:523
at vendor\laravel\framework\src\Illuminate\Database\Query\Processors\Processor.php:32
at vendor\laravel\framework\src\Illuminate\Database\Query\Builder.php:3853
at vendor\laravel\framework\src\Illuminate\Database\Eloquent\Builder.php:2235
at vendor\laravel\framework\src\Illuminate\Database\Eloquent\Model.php:1436
at vendor\laravel\framework\src\Illuminate\Database\Eloquent\Model.php:1401
at vendor\laravel\framework\src\Illuminate\Database\Eloquent\Model.php:1240
at vendor\laravel\framework\src\Illuminate\Database\Eloquent\Factories\Factory.php:370
at vendor\laravel\framework\src\Illuminate\Collections\Traits\EnumeratesValues.php:271
at vendor\laravel\framework\src\Illuminate\Database\Eloquent\Factories\Factory.php:365
at vendor\laravel\framework\src\Illuminate\Database\Eloquent\Factories\Factory.php:321
at tests\Feature\Api\Enhanced\BookingControllerEnhancedTest.php:13</error>
        </testcase>
        <testcase name="`Booking Authorization Middleware` → it prevents unauthorized users from accessing booking" file="tests\Feature\Api\Enhanced\BookingControllerEnhancedTest.php::`Booking Authorization Middleware` → it prevents unauthorized users from accessing booking" class="Tests\Feature\Api\Enhanced\BookingControllerEnhancedTest" classname="Tests.Feature.Api.Enhanced.BookingControllerEnhancedTest" assertions="0" time="0.000000">
          <error type="Illuminate\Database\QueryException">`Booking Authorization Middleware` → it prevents unauthorized users from accessing bookingIlluminate\Database\QueryException: SQLSTATE[HY000]: General error: 1 no such table: car_rental_users (Connection: sqlite, SQL: insert into "car_rental_users" ("name", "email", "email_verified_at", "password", "phone", "role", "status", "license_number", "id_document_path", "license_document_path", "is_verified", "date_of_birth", "address", "remember_token", "updated_at", "created_at") values (Jake Nolan, minerva.shields@example.net, 2025-09-24 12:53:06, $2y$04$78g4B33dBB9yvLZHXPZyOuzF4w5wzk7FwYQTRiFHrXZoaR9VfYlfW, 984-572-8767, renter, active, zqe-8386-1244, documents/ids/90757325-5545-33dd-b43e-2a38ec82a19e.pdf, documents/licenses/5c422721-f1ea-36a1-ac9c-216d68f75ace.pdf, 1, 2007-05-09 00:00:00, 33342 Malcolm Gateway Suite 771
New Horacio, IA 58361-7898, Mot5roDqVG, 2025-09-24 12:53:06, 2025-09-24 12:53:06))&#13;
at vendor\laravel\framework\src\Illuminate\Database\Connection.php:564
at vendor\laravel\framework\src\Illuminate\Database\Connection.php:811
at vendor\laravel\framework\src\Illuminate\Database\Connection.php:778
at vendor\laravel\framework\src\Illuminate\Database\Connection.php:559
at vendor\laravel\framework\src\Illuminate\Database\Connection.php:523
at vendor\laravel\framework\src\Illuminate\Database\Query\Processors\Processor.php:32
at vendor\laravel\framework\src\Illuminate\Database\Query\Builder.php:3853
at vendor\laravel\framework\src\Illuminate\Database\Eloquent\Builder.php:2235
at vendor\laravel\framework\src\Illuminate\Database\Eloquent\Model.php:1436
at vendor\laravel\framework\src\Illuminate\Database\Eloquent\Model.php:1401
at vendor\laravel\framework\src\Illuminate\Database\Eloquent\Model.php:1240
at vendor\laravel\framework\src\Illuminate\Database\Eloquent\Factories\Factory.php:370
at vendor\laravel\framework\src\Illuminate\Collections\Traits\EnumeratesValues.php:271
at vendor\laravel\framework\src\Illuminate\Database\Eloquent\Factories\Factory.php:365
at vendor\laravel\framework\src\Illuminate\Database\Eloquent\Factories\Factory.php:321
at tests\Feature\Api\Enhanced\BookingControllerEnhancedTest.php:210
Caused by
PDOException: SQLSTATE[HY000]: General error: 1 no such table: car_rental_users

at vendor\laravel\framework\src\Illuminate\Database\Connection.php:564
at vendor\laravel\framework\src\Illuminate\Database\Connection.php:811
at vendor\laravel\framework\src\Illuminate\Database\Connection.php:778
at vendor\laravel\framework\src\Illuminate\Database\Connection.php:559
at vendor\laravel\framework\src\Illuminate\Database\Connection.php:523
at vendor\laravel\framework\src\Illuminate\Database\Query\Processors\Processor.php:32
at vendor\laravel\framework\src\Illuminate\Database\Query\Builder.php:3853
at vendor\laravel\framework\src\Illuminate\Database\Eloquent\Builder.php:2235
at vendor\laravel\framework\src\Illuminate\Database\Eloquent\Model.php:1436
at vendor\laravel\framework\src\Illuminate\Database\Eloquent\Model.php:1401
at vendor\laravel\framework\src\Illuminate\Database\Eloquent\Model.php:1240
at vendor\laravel\framework\src\Illuminate\Database\Eloquent\Factories\Factory.php:370
at vendor\laravel\framework\src\Illuminate\Collections\Traits\EnumeratesValues.php:271
at vendor\laravel\framework\src\Illuminate\Database\Eloquent\Factories\Factory.php:365
at vendor\laravel\framework\src\Illuminate\Database\Eloquent\Factories\Factory.php:321
at tests\Feature\Api\Enhanced\BookingControllerEnhancedTest.php:210</error>
        </testcase>
      </testsuite>
      <testsuite name="Tests\Feature\VehicleManagementTest" file="tests\Feature\VehicleManagementTest.php" tests="16" assertions="0" errors="16" failures="0" skipped="0" time="0.000000">
        <testcase name="`Vehicle Management` → `Vehicle Viewing` → it allows owner to view their own vehicles" file="tests\Feature\VehicleManagementTest.php::`Vehicle Management` → `Vehicle Viewing` → it allows owner to view their own vehicles" class="Tests\Feature\VehicleManagementTest" classname="Tests.Feature.VehicleManagementTest" assertions="0" time="0.000000">
          <error type="Illuminate\Database\QueryException">`Vehicle Management` → `Vehicle Viewing` → it allows owner to view their own vehiclesIlluminate\Database\QueryException: SQLSTATE[HY000]: General error: 1 no such table: car_rental_users (Connection: sqlite, SQL: insert into "car_rental_users" ("name", "email", "email_verified_at", "password", "phone", "role", "status", "license_number", "id_document_path", "license_document_path", "is_verified", "date_of_birth", "address", "remember_token", "updated_at", "created_at") values (Mrs. June Beier MD, medhurst.abdullah@example.net, 2025-09-24 12:53:06, $2y$04$78g4B33dBB9yvLZHXPZyOuzF4w5wzk7FwYQTRiFHrXZoaR9VfYlfW, 1-458-664-3814, admin, active, eke-6256-0564, documents/ids/7458ca79-56c8-3f68-98d6-90a2cb775076.pdf, documents/licenses/e56d0a80-0c58-34c6-92b0-a31b9befeb52.pdf, 1, 1996-08-05 00:00:00, 55615 Sawayn Forge
North Lolastad, AL 19565-3325, SePwGzRs1n, 2025-09-24 12:53:06, 2025-09-24 12:53:06))&#13;
at vendor\laravel\framework\src\Illuminate\Database\Connection.php:564
at vendor\laravel\framework\src\Illuminate\Database\Connection.php:811
at vendor\laravel\framework\src\Illuminate\Database\Connection.php:778
at vendor\laravel\framework\src\Illuminate\Database\Connection.php:559
at vendor\laravel\framework\src\Illuminate\Database\Connection.php:523
at vendor\laravel\framework\src\Illuminate\Database\Query\Processors\Processor.php:32
at vendor\laravel\framework\src\Illuminate\Database\Query\Builder.php:3853
at vendor\laravel\framework\src\Illuminate\Database\Eloquent\Builder.php:2235
at vendor\laravel\framework\src\Illuminate\Database\Eloquent\Model.php:1436
at vendor\laravel\framework\src\Illuminate\Database\Eloquent\Model.php:1401
at vendor\laravel\framework\src\Illuminate\Database\Eloquent\Model.php:1240
at vendor\laravel\framework\src\Illuminate\Database\Eloquent\Factories\Factory.php:370
at vendor\laravel\framework\src\Illuminate\Collections\Traits\EnumeratesValues.php:271
at vendor\laravel\framework\src\Illuminate\Database\Eloquent\Factories\Factory.php:365
at vendor\laravel\framework\src\Illuminate\Database\Eloquent\Factories\Factory.php:321
at tests\Feature\VehicleManagementTest.php:12
Caused by
PDOException: SQLSTATE[HY000]: General error: 1 no such table: car_rental_users

at vendor\laravel\framework\src\Illuminate\Database\Connection.php:564
at vendor\laravel\framework\src\Illuminate\Database\Connection.php:811
at vendor\laravel\framework\src\Illuminate\Database\Connection.php:778
at vendor\laravel\framework\src\Illuminate\Database\Connection.php:559
at vendor\laravel\framework\src\Illuminate\Database\Connection.php:523
at vendor\laravel\framework\src\Illuminate\Database\Query\Processors\Processor.php:32
at vendor\laravel\framework\src\Illuminate\Database\Query\Builder.php:3853
at vendor\laravel\framework\src\Illuminate\Database\Eloquent\Builder.php:2235
at vendor\laravel\framework\src\Illuminate\Database\Eloquent\Model.php:1436
at vendor\laravel\framework\src\Illuminate\Database\Eloquent\Model.php:1401
at vendor\laravel\framework\src\Illuminate\Database\Eloquent\Model.php:1240
at vendor\laravel\framework\src\Illuminate\Database\Eloquent\Factories\Factory.php:370
at vendor\laravel\framework\src\Illuminate\Collections\Traits\EnumeratesValues.php:271
at vendor\laravel\framework\src\Illuminate\Database\Eloquent\Factories\Factory.php:365
at vendor\laravel\framework\src\Illuminate\Database\Eloquent\Factories\Factory.php:321
at tests\Feature\VehicleManagementTest.php:12</error>
        </testcase>
        <testcase name="`Vehicle Management` → `Vehicle Updates` → it allows owner to update their own vehicles" file="tests\Feature\VehicleManagementTest.php::`Vehicle Management` → `Vehicle Updates` → it allows owner to update their own vehicles" class="Tests\Feature\VehicleManagementTest" classname="Tests.Feature.VehicleManagementTest" assertions="0" time="0.000000">
          <error type="Illuminate\Database\QueryException">`Vehicle Management` → `Vehicle Updates` → it allows owner to update their own vehiclesIlluminate\Database\QueryException: SQLSTATE[HY000]: General error: 1 no such table: car_rental_users (Connection: sqlite, SQL: insert into "car_rental_users" ("name", "email", "email_verified_at", "password", "phone", "role", "status", "license_number", "id_document_path", "license_document_path", "is_verified", "date_of_birth", "address", "remember_token", "updated_at", "created_at") values (Prof. Mathilde Goodwin, durgan.cameron@example.org, 2025-09-24 12:53:07, $2y$04$78g4B33dBB9yvLZHXPZyOuzF4w5wzk7FwYQTRiFHrXZoaR9VfYlfW, +1.805.341.6766, admin, active, cyr-1540-7950, documents/ids/c5572580-d18a-39db-bc6d-11a214d7894a.pdf, documents/licenses/b8d579dc-818a-3231-90eb-41de605c648f.pdf, 1, 1974-01-30 00:00:00, 724 Chad Plain
North Rebeka, NC 49996, uV4Z8FwGkj, 2025-09-24 12:53:07, 2025-09-24 12:53:07))&#13;
at vendor\laravel\framework\src\Illuminate\Database\Connection.php:564
at vendor\laravel\framework\src\Illuminate\Database\Connection.php:811
at vendor\laravel\framework\src\Illuminate\Database\Connection.php:778
at vendor\laravel\framework\src\Illuminate\Database\Connection.php:559
at vendor\laravel\framework\src\Illuminate\Database\Connection.php:523
at vendor\laravel\framework\src\Illuminate\Database\Query\Processors\Processor.php:32
at vendor\laravel\framework\src\Illuminate\Database\Query\Builder.php:3853
at vendor\laravel\framework\src\Illuminate\Database\Eloquent\Builder.php:2235
at vendor\laravel\framework\src\Illuminate\Database\Eloquent\Model.php:1436
at vendor\laravel\framework\src\Illuminate\Database\Eloquent\Model.php:1401
at vendor\laravel\framework\src\Illuminate\Database\Eloquent\Model.php:1240
at vendor\laravel\framework\src\Illuminate\Database\Eloquent\Factories\Factory.php:370
at vendor\laravel\framework\src\Illuminate\Collections\Traits\EnumeratesValues.php:271
at vendor\laravel\framework\src\Illuminate\Database\Eloquent\Factories\Factory.php:365
at vendor\laravel\framework\src\Illuminate\Database\Eloquent\Factories\Factory.php:321
at tests\Feature\VehicleManagementTest.php:12
Caused by
PDOException: SQLSTATE[HY000]: General error: 1 no such table: car_rental_users

at vendor\laravel\framework\src\Illuminate\Database\Connection.php:564
at vendor\laravel\framework\src\Illuminate\Database\Connection.php:811
at vendor\laravel\framework\src\Illuminate\Database\Connection.php:778
at vendor\laravel\framework\src\Illuminate\Database\Connection.php:559
at vendor\laravel\framework\src\Illuminate\Database\Connection.php:523
at vendor\laravel\framework\src\Illuminate\Database\Query\Processors\Processor.php:32
at vendor\laravel\framework\src\Illuminate\Database\Query\Builder.php:3853
at vendor\laravel\framework\src\Illuminate\Database\Eloquent\Builder.php:2235
at vendor\laravel\framework\src\Illuminate\Database\Eloquent\Model.php:1436
at vendor\laravel\framework\src\Illuminate\Database\Eloquent\Model.php:1401
at vendor\laravel\framework\src\Illuminate\Database\Eloquent\Model.php:1240
at vendor\laravel\framework\src\Illuminate\Database\Eloquent\Factories\Factory.php:370
at vendor\laravel\framework\src\Illuminate\Collections\Traits\EnumeratesValues.php:271
at vendor\laravel\framework\src\Illuminate\Database\Eloquent\Factories\Factory.php:365
at vendor\laravel\framework\src\Illuminate\Database\Eloquent\Factories\Factory.php:321
at tests\Feature\VehicleManagementTest.php:12</error>
        </testcase>
        <testcase name="`Vehicle Management` → `Vehicle Deletion` → it allows owner to delete their own vehicles" file="tests\Feature\VehicleManagementTest.php::`Vehicle Management` → `Vehicle Deletion` → it allows owner to delete their own vehicles" class="Tests\Feature\VehicleManagementTest" classname="Tests.Feature.VehicleManagementTest" assertions="0" time="0.000000">
          <error type="Illuminate\Database\QueryException">`Vehicle Management` → `Vehicle Deletion` → it allows owner to delete their own vehiclesIlluminate\Database\QueryException: SQLSTATE[HY000]: General error: 1 no such table: car_rental_users (Connection: sqlite, SQL: insert into "car_rental_users" ("name", "email", "email_verified_at", "password", "phone", "role", "status", "license_number", "id_document_path", "license_document_path", "is_verified", "date_of_birth", "address", "remember_token", "updated_at", "created_at") values (Nakia O'Keefe, schumm.gino@example.com, 2025-09-24 12:53:07, $2y$04$78g4B33dBB9yvLZHXPZyOuzF4w5wzk7FwYQTRiFHrXZoaR9VfYlfW, 1-630-940-9835, admin, active, rrt-5488-4460, documents/ids/ce24b7f1-b951-3e75-8661-a529d400b45c.pdf, documents/licenses/bfe1c065-7681-3cee-9fda-3448e9370cdb.pdf, 1, 1978-06-15 00:00:00, 192 Damian Forks Apt. 475
Morissetteland, MI 35384, M0OooTIOC4, 2025-09-24 12:53:07, 2025-09-24 12:53:07))&#13;
at vendor\laravel\framework\src\Illuminate\Database\Connection.php:564
at vendor\laravel\framework\src\Illuminate\Database\Connection.php:811
at vendor\laravel\framework\src\Illuminate\Database\Connection.php:778
at vendor\laravel\framework\src\Illuminate\Database\Connection.php:559
at vendor\laravel\framework\src\Illuminate\Database\Connection.php:523
at vendor\laravel\framework\src\Illuminate\Database\Query\Processors\Processor.php:32
at vendor\laravel\framework\src\Illuminate\Database\Query\Builder.php:3853
at vendor\laravel\framework\src\Illuminate\Database\Eloquent\Builder.php:2235
at vendor\laravel\framework\src\Illuminate\Database\Eloquent\Model.php:1436
at vendor\laravel\framework\src\Illuminate\Database\Eloquent\Model.php:1401
at vendor\laravel\framework\src\Illuminate\Database\Eloquent\Model.php:1240
at vendor\laravel\framework\src\Illuminate\Database\Eloquent\Factories\Factory.php:370
at vendor\laravel\framework\src\Illuminate\Collections\Traits\EnumeratesValues.php:271
at vendor\laravel\framework\src\Illuminate\Database\Eloquent\Factories\Factory.php:365
at vendor\laravel\framework\src\Illuminate\Database\Eloquent\Factories\Factory.php:321
at tests\Feature\VehicleManagementTest.php:12
Caused by
PDOException: SQLSTATE[HY000]: General error: 1 no such table: car_rental_users

at vendor\laravel\framework\src\Illuminate\Database\Connection.php:564
at vendor\laravel\framework\src\Illuminate\Database\Connection.php:811
at vendor\laravel\framework\src\Illuminate\Database\Connection.php:778
at vendor\laravel\framework\src\Illuminate\Database\Connection.php:559
at vendor\laravel\framework\src\Illuminate\Database\Connection.php:523
at vendor\laravel\framework\src\Illuminate\Database\Query\Processors\Processor.php:32
at vendor\laravel\framework\src\Illuminate\Database\Query\Builder.php:3853
at vendor\laravel\framework\src\Illuminate\Database\Eloquent\Builder.php:2235
at vendor\laravel\framework\src\Illuminate\Database\Eloquent\Model.php:1436
at vendor\laravel\framework\src\Illuminate\Database\Eloquent\Model.php:1401
at vendor\laravel\framework\src\Illuminate\Database\Eloquent\Model.php:1240
at vendor\laravel\framework\src\Illuminate\Database\Eloquent\Factories\Factory.php:370
at vendor\laravel\framework\src\Illuminate\Collections\Traits\EnumeratesValues.php:271
at vendor\laravel\framework\src\Illuminate\Database\Eloquent\Factories\Factory.php:365
at vendor\laravel\framework\src\Illuminate\Database\Eloquent\Factories\Factory.php:321
at tests\Feature\VehicleManagementTest.php:12</error>
        </testcase>
        <testcase name="`Vehicle Management` → `Vehicle Creation` → it allows owner to create their own vehicles" file="tests\Feature\VehicleManagementTest.php::`Vehicle Management` → `Vehicle Creation` → it allows owner to create their own vehicles" class="Tests\Feature\VehicleManagementTest" classname="Tests.Feature.VehicleManagementTest" assertions="0" time="0.000000">
          <error type="Illuminate\Database\QueryException">`Vehicle Management` → `Vehicle Creation` → it allows owner to create their own vehiclesIlluminate\Database\QueryException: SQLSTATE[HY000]: General error: 1 no such table: car_rental_users (Connection: sqlite, SQL: insert into "car_rental_users" ("name", "email", "email_verified_at", "password", "phone", "role", "status", "license_number", "id_document_path", "license_document_path", "is_verified", "date_of_birth", "address", "remember_token", "updated_at", "created_at") values (Miss Eryn Hackett II, agoyette@example.org, 2025-09-24 12:53:07, $2y$04$78g4B33dBB9yvLZHXPZyOuzF4w5wzk7FwYQTRiFHrXZoaR9VfYlfW, 478.668.0462, admin, active, xgy-2660-7576, documents/ids/5f72ca2a-3637-33c8-b6b6-4c53c4fc0593.pdf, documents/licenses/2745a0f2-8914-30d5-be71-991839bb7177.pdf, 1, 1963-07-17 00:00:00, 781 Trevion Dam Apt. 224
West Stewart, KS 16696-6535, F8z3hdk43G, 2025-09-24 12:53:07, 2025-09-24 12:53:07))&#13;
at vendor\laravel\framework\src\Illuminate\Database\Connection.php:564
at vendor\laravel\framework\src\Illuminate\Database\Connection.php:811
at vendor\laravel\framework\src\Illuminate\Database\Connection.php:778
at vendor\laravel\framework\src\Illuminate\Database\Connection.php:559
at vendor\laravel\framework\src\Illuminate\Database\Connection.php:523
at vendor\laravel\framework\src\Illuminate\Database\Query\Processors\Processor.php:32
at vendor\laravel\framework\src\Illuminate\Database\Query\Builder.php:3853
at vendor\laravel\framework\src\Illuminate\Database\Eloquent\Builder.php:2235
at vendor\laravel\framework\src\Illuminate\Database\Eloquent\Model.php:1436
at vendor\laravel\framework\src\Illuminate\Database\Eloquent\Model.php:1401
at vendor\laravel\framework\src\Illuminate\Database\Eloquent\Model.php:1240
at vendor\laravel\framework\src\Illuminate\Database\Eloquent\Factories\Factory.php:370
at vendor\laravel\framework\src\Illuminate\Collections\Traits\EnumeratesValues.php:271
at vendor\laravel\framework\src\Illuminate\Database\Eloquent\Factories\Factory.php:365
at vendor\laravel\framework\src\Illuminate\Database\Eloquent\Factories\Factory.php:321
at tests\Feature\VehicleManagementTest.php:12
Caused by
PDOException: SQLSTATE[HY000]: General error: 1 no such table: car_rental_users

at vendor\laravel\framework\src\Illuminate\Database\Connection.php:564
at vendor\laravel\framework\src\Illuminate\Database\Connection.php:811
at vendor\laravel\framework\src\Illuminate\Database\Connection.php:778
at vendor\laravel\framework\src\Illuminate\Database\Connection.php:559
at vendor\laravel\framework\src\Illuminate\Database\Connection.php:523
at vendor\laravel\framework\src\Illuminate\Database\Query\Processors\Processor.php:32
at vendor\laravel\framework\src\Illuminate\Database\Query\Builder.php:3853
at vendor\laravel\framework\src\Illuminate\Database\Eloquent\Builder.php:2235
at vendor\laravel\framework\src\Illuminate\Database\Eloquent\Model.php:1436
at vendor\laravel\framework\src\Illuminate\Database\Eloquent\Model.php:1401
at vendor\laravel\framework\src\Illuminate\Database\Eloquent\Model.php:1240
at vendor\laravel\framework\src\Illuminate\Database\Eloquent\Factories\Factory.php:370
at vendor\laravel\framework\src\Illuminate\Collections\Traits\EnumeratesValues.php:271
at vendor\laravel\framework\src\Illuminate\Database\Eloquent\Factories\Factory.php:365
at vendor\laravel\framework\src\Illuminate\Database\Eloquent\Factories\Factory.php:321
at tests\Feature\VehicleManagementTest.php:12</error>
        </testcase>
        <testcase name="`Vehicle Management` → `Vehicle Listing` → it allows owner to view only their vehicles" file="tests\Feature\VehicleManagementTest.php::`Vehicle Management` → `Vehicle Listing` → it allows owner to view only their vehicles" class="Tests\Feature\VehicleManagementTest" classname="Tests.Feature.VehicleManagementTest" assertions="0" time="0.000000">
          <error type="Illuminate\Database\QueryException">`Vehicle Management` → `Vehicle Listing` → it allows owner to view only their vehiclesIlluminate\Database\QueryException: SQLSTATE[HY000]: General error: 1 no such table: car_rental_users (Connection: sqlite, SQL: insert into "car_rental_users" ("name", "email", "email_verified_at", "password", "phone", "role", "status", "license_number", "id_document_path", "license_document_path", "is_verified", "date_of_birth", "address", "remember_token", "updated_at", "created_at") values (Dr. Savanna Spinka, caesar.champlin@example.org, 2025-09-24 12:53:07, $2y$04$78g4B33dBB9yvLZHXPZyOuzF4w5wzk7FwYQTRiFHrXZoaR9VfYlfW, +1.713.461.4552, admin, active, ybm-0226-6348, documents/ids/e54a4c52-40b9-35e8-877f-92e163581458.pdf, documents/licenses/5ac8ac69-c0ad-3789-b3e2-6bf2e3a70924.pdf, 1, 1985-09-12 00:00:00, 341 Terry Meadows Apt. 248
New Cesarland, VT 89936-0346, IwXe7JOvvP, 2025-09-24 12:53:07, 2025-09-24 12:53:07))&#13;
at vendor\laravel\framework\src\Illuminate\Database\Connection.php:564
at vendor\laravel\framework\src\Illuminate\Database\Connection.php:811
at vendor\laravel\framework\src\Illuminate\Database\Connection.php:778
at vendor\laravel\framework\src\Illuminate\Database\Connection.php:559
at vendor\laravel\framework\src\Illuminate\Database\Connection.php:523
at vendor\laravel\framework\src\Illuminate\Database\Query\Processors\Processor.php:32
at vendor\laravel\framework\src\Illuminate\Database\Query\Builder.php:3853
at vendor\laravel\framework\src\Illuminate\Database\Eloquent\Builder.php:2235
at vendor\laravel\framework\src\Illuminate\Database\Eloquent\Model.php:1436
at vendor\laravel\framework\src\Illuminate\Database\Eloquent\Model.php:1401
at vendor\laravel\framework\src\Illuminate\Database\Eloquent\Model.php:1240
at vendor\laravel\framework\src\Illuminate\Database\Eloquent\Factories\Factory.php:370
at vendor\laravel\framework\src\Illuminate\Collections\Traits\EnumeratesValues.php:271
at vendor\laravel\framework\src\Illuminate\Database\Eloquent\Factories\Factory.php:365
at vendor\laravel\framework\src\Illuminate\Database\Eloquent\Factories\Factory.php:321
at tests\Feature\VehicleManagementTest.php:12
Caused by
PDOException: SQLSTATE[HY000]: General error: 1 no such table: car_rental_users

at vendor\laravel\framework\src\Illuminate\Database\Connection.php:564
at vendor\laravel\framework\src\Illuminate\Database\Connection.php:811
at vendor\laravel\framework\src\Illuminate\Database\Connection.php:778
at vendor\laravel\framework\src\Illuminate\Database\Connection.php:559
at vendor\laravel\framework\src\Illuminate\Database\Connection.php:523
at vendor\laravel\framework\src\Illuminate\Database\Query\Processors\Processor.php:32
at vendor\laravel\framework\src\Illuminate\Database\Query\Builder.php:3853
at vendor\laravel\framework\src\Illuminate\Database\Eloquent\Builder.php:2235
at vendor\laravel\framework\src\Illuminate\Database\Eloquent\Model.php:1436
at vendor\laravel\framework\src\Illuminate\Database\Eloquent\Model.php:1401
at vendor\laravel\framework\src\Illuminate\Database\Eloquent\Model.php:1240
at vendor\laravel\framework\src\Illuminate\Database\Eloquent\Factories\Factory.php:370
at vendor\laravel\framework\src\Illuminate\Collections\Traits\EnumeratesValues.php:271
at vendor\laravel\framework\src\Illuminate\Database\Eloquent\Factories\Factory.php:365
at vendor\laravel\framework\src\Illuminate\Database\Eloquent\Factories\Factory.php:321
at tests\Feature\VehicleManagementTest.php:12</error>
        </testcase>
        <testcase name="`Vehicle Management` → `Vehicle Deletion` → it allows admin to delete any vehicle" file="tests\Feature\VehicleManagementTest.php::`Vehicle Management` → `Vehicle Deletion` → it allows admin to delete any vehicle" class="Tests\Feature\VehicleManagementTest" classname="Tests.Feature.VehicleManagementTest" assertions="0" time="0.000000">
          <error type="Illuminate\Database\QueryException">`Vehicle Management` → `Vehicle Deletion` → it allows admin to delete any vehicleIlluminate\Database\QueryException: SQLSTATE[HY000]: General error: 1 no such table: car_rental_users (Connection: sqlite, SQL: insert into "car_rental_users" ("name", "email", "email_verified_at", "password", "phone", "role", "status", "license_number", "id_document_path", "license_document_path", "is_verified", "date_of_birth", "address", "remember_token", "updated_at", "created_at") values (Hudson Jacobi, koss.gia@example.com, 2025-09-24 12:53:07, $2y$04$78g4B33dBB9yvLZHXPZyOuzF4w5wzk7FwYQTRiFHrXZoaR9VfYlfW, +1.501.769.1118, admin, active, gij-2833-9701, documents/ids/b101a1b5-e2c7-3745-9b9c-27d4f4e8f717.pdf, documents/licenses/bfbb0ab8-1484-3edc-b622-d4e29ec024cf.pdf, 1, 1962-12-04 00:00:00, 843 Kerluke Plaza
Jennyferhaven, WV 23164, bgVgs9x7Ja, 2025-09-24 12:53:07, 2025-09-24 12:53:07))&#13;
at vendor\laravel\framework\src\Illuminate\Database\Connection.php:564
at vendor\laravel\framework\src\Illuminate\Database\Connection.php:811
at vendor\laravel\framework\src\Illuminate\Database\Connection.php:778
at vendor\laravel\framework\src\Illuminate\Database\Connection.php:559
at vendor\laravel\framework\src\Illuminate\Database\Connection.php:523
at vendor\laravel\framework\src\Illuminate\Database\Query\Processors\Processor.php:32
at vendor\laravel\framework\src\Illuminate\Database\Query\Builder.php:3853
at vendor\laravel\framework\src\Illuminate\Database\Eloquent\Builder.php:2235
at vendor\laravel\framework\src\Illuminate\Database\Eloquent\Model.php:1436
at vendor\laravel\framework\src\Illuminate\Database\Eloquent\Model.php:1401
at vendor\laravel\framework\src\Illuminate\Database\Eloquent\Model.php:1240
at vendor\laravel\framework\src\Illuminate\Database\Eloquent\Factories\Factory.php:370
at vendor\laravel\framework\src\Illuminate\Collections\Traits\EnumeratesValues.php:271
at vendor\laravel\framework\src\Illuminate\Database\Eloquent\Factories\Factory.php:365
at vendor\laravel\framework\src\Illuminate\Database\Eloquent\Factories\Factory.php:321
at tests\Feature\VehicleManagementTest.php:12
Caused by
PDOException: SQLSTATE[HY000]: General error: 1 no such table: car_rental_users

at vendor\laravel\framework\src\Illuminate\Database\Connection.php:564
at vendor\laravel\framework\src\Illuminate\Database\Connection.php:811
at vendor\laravel\framework\src\Illuminate\Database\Connection.php:778
at vendor\laravel\framework\src\Illuminate\Database\Connection.php:559
at vendor\laravel\framework\src\Illuminate\Database\Connection.php:523
at vendor\laravel\framework\src\Illuminate\Database\Query\Processors\Processor.php:32
at vendor\laravel\framework\src\Illuminate\Database\Query\Builder.php:3853
at vendor\laravel\framework\src\Illuminate\Database\Eloquent\Builder.php:2235
at vendor\laravel\framework\src\Illuminate\Database\Eloquent\Model.php:1436
at vendor\laravel\framework\src\Illuminate\Database\Eloquent\Model.php:1401
at vendor\laravel\framework\src\Illuminate\Database\Eloquent\Model.php:1240
at vendor\laravel\framework\src\Illuminate\Database\Eloquent\Factories\Factory.php:370
at vendor\laravel\framework\src\Illuminate\Collections\Traits\EnumeratesValues.php:271
at vendor\laravel\framework\src\Illuminate\Database\Eloquent\Factories\Factory.php:365
at vendor\laravel\framework\src\Illuminate\Database\Eloquent\Factories\Factory.php:321
at tests\Feature\VehicleManagementTest.php:12</error>
        </testcase>
        <testcase name="`Vehicle Management` → `Vehicle Deletion` → it prevents owner from deleting other owners vehicles" file="tests\Feature\VehicleManagementTest.php::`Vehicle Management` → `Vehicle Deletion` → it prevents owner from deleting other owners vehicles" class="Tests\Feature\VehicleManagementTest" classname="Tests.Feature.VehicleManagementTest" assertions="0" time="0.000000">
          <error type="Illuminate\Database\QueryException">`Vehicle Management` → `Vehicle Deletion` → it prevents owner from deleting other owners vehiclesIlluminate\Database\QueryException: SQLSTATE[HY000]: General error: 1 no such table: car_rental_users (Connection: sqlite, SQL: insert into "car_rental_users" ("name", "email", "email_verified_at", "password", "phone", "role", "status", "license_number", "id_document_path", "license_document_path", "is_verified", "date_of_birth", "address", "remember_token", "updated_at", "created_at") values (Noel Sipes PhD, keshawn.koss@example.org, 2025-09-24 12:53:07, $2y$04$78g4B33dBB9yvLZHXPZyOuzF4w5wzk7FwYQTRiFHrXZoaR9VfYlfW, 313.675.1940, admin, active, gkm-8107-0096, documents/ids/d1c750b7-fcc4-376f-aba7-e84595c3e5b4.pdf, documents/licenses/27749266-7e62-333d-ba65-7bc15c2471da.pdf, 1, 2001-03-20 00:00:00, 9228 Huels Highway Apt. 782
Hellerport, UT 68426-6865, vhtIUdvnII, 2025-09-24 12:53:07, 2025-09-24 12:53:07))&#13;
at vendor\laravel\framework\src\Illuminate\Database\Connection.php:564
at vendor\laravel\framework\src\Illuminate\Database\Connection.php:811
at vendor\laravel\framework\src\Illuminate\Database\Connection.php:778
at vendor\laravel\framework\src\Illuminate\Database\Connection.php:559
at vendor\laravel\framework\src\Illuminate\Database\Connection.php:523
at vendor\laravel\framework\src\Illuminate\Database\Query\Processors\Processor.php:32
at vendor\laravel\framework\src\Illuminate\Database\Query\Builder.php:3853
at vendor\laravel\framework\src\Illuminate\Database\Eloquent\Builder.php:2235
at vendor\laravel\framework\src\Illuminate\Database\Eloquent\Model.php:1436
at vendor\laravel\framework\src\Illuminate\Database\Eloquent\Model.php:1401
at vendor\laravel\framework\src\Illuminate\Database\Eloquent\Model.php:1240
at vendor\laravel\framework\src\Illuminate\Database\Eloquent\Factories\Factory.php:370
at vendor\laravel\framework\src\Illuminate\Collections\Traits\EnumeratesValues.php:271
at vendor\laravel\framework\src\Illuminate\Database\Eloquent\Factories\Factory.php:365
at vendor\laravel\framework\src\Illuminate\Database\Eloquent\Factories\Factory.php:321
at tests\Feature\VehicleManagementTest.php:12
Caused by
PDOException: SQLSTATE[HY000]: General error: 1 no such table: car_rental_users

at vendor\laravel\framework\src\Illuminate\Database\Connection.php:564
at vendor\laravel\framework\src\Illuminate\Database\Connection.php:811
at vendor\laravel\framework\src\Illuminate\Database\Connection.php:778
at vendor\laravel\framework\src\Illuminate\Database\Connection.php:559
at vendor\laravel\framework\src\Illuminate\Database\Connection.php:523
at vendor\laravel\framework\src\Illuminate\Database\Query\Processors\Processor.php:32
at vendor\laravel\framework\src\Illuminate\Database\Query\Builder.php:3853
at vendor\laravel\framework\src\Illuminate\Database\Eloquent\Builder.php:2235
at vendor\laravel\framework\src\Illuminate\Database\Eloquent\Model.php:1436
at vendor\laravel\framework\src\Illuminate\Database\Eloquent\Model.php:1401
at vendor\laravel\framework\src\Illuminate\Database\Eloquent\Model.php:1240
at vendor\laravel\framework\src\Illuminate\Database\Eloquent\Factories\Factory.php:370
at vendor\laravel\framework\src\Illuminate\Collections\Traits\EnumeratesValues.php:271
at vendor\laravel\framework\src\Illuminate\Database\Eloquent\Factories\Factory.php:365
at vendor\laravel\framework\src\Illuminate\Database\Eloquent\Factories\Factory.php:321
at tests\Feature\VehicleManagementTest.php:12</error>
        </testcase>
        <testcase name="`Vehicle Management` → `Vehicle Viewing` → it allows admin to view any vehicle" file="tests\Feature\VehicleManagementTest.php::`Vehicle Management` → `Vehicle Viewing` → it allows admin to view any vehicle" class="Tests\Feature\VehicleManagementTest" classname="Tests.Feature.VehicleManagementTest" assertions="0" time="0.000000">
          <error type="Illuminate\Database\QueryException">`Vehicle Management` → `Vehicle Viewing` → it allows admin to view any vehicleIlluminate\Database\QueryException: SQLSTATE[HY000]: General error: 1 no such table: car_rental_users (Connection: sqlite, SQL: insert into "car_rental_users" ("name", "email", "email_verified_at", "password", "phone", "role", "status", "license_number", "id_document_path", "license_document_path", "is_verified", "date_of_birth", "address", "remember_token", "updated_at", "created_at") values (Royal Gottlieb, kira.white@example.com, 2025-09-24 12:53:07, $2y$04$78g4B33dBB9yvLZHXPZyOuzF4w5wzk7FwYQTRiFHrXZoaR9VfYlfW, +1.434.913.9466, admin, active, jkx-3650-4742, documents/ids/609250fb-1369-3df1-82d3-a86f7de821c5.pdf, documents/licenses/da16a8b2-20fc-36c0-9add-2e8b53c9bc12.pdf, 1, 1996-12-22 00:00:00, 2531 Kale Walks
Malcolmshire, MS 52154-6510, hi18p9kUmd, 2025-09-24 12:53:07, 2025-09-24 12:53:07))&#13;
at vendor\laravel\framework\src\Illuminate\Database\Connection.php:564
at vendor\laravel\framework\src\Illuminate\Database\Connection.php:811
at vendor\laravel\framework\src\Illuminate\Database\Connection.php:778
at vendor\laravel\framework\src\Illuminate\Database\Connection.php:559
at vendor\laravel\framework\src\Illuminate\Database\Connection.php:523
at vendor\laravel\framework\src\Illuminate\Database\Query\Processors\Processor.php:32
at vendor\laravel\framework\src\Illuminate\Database\Query\Builder.php:3853
at vendor\laravel\framework\src\Illuminate\Database\Eloquent\Builder.php:2235
at vendor\laravel\framework\src\Illuminate\Database\Eloquent\Model.php:1436
at vendor\laravel\framework\src\Illuminate\Database\Eloquent\Model.php:1401
at vendor\laravel\framework\src\Illuminate\Database\Eloquent\Model.php:1240
at vendor\laravel\framework\src\Illuminate\Database\Eloquent\Factories\Factory.php:370
at vendor\laravel\framework\src\Illuminate\Collections\Traits\EnumeratesValues.php:271
at vendor\laravel\framework\src\Illuminate\Database\Eloquent\Factories\Factory.php:365
at vendor\laravel\framework\src\Illuminate\Database\Eloquent\Factories\Factory.php:321
at tests\Feature\VehicleManagementTest.php:12
Caused by
PDOException: SQLSTATE[HY000]: General error: 1 no such table: car_rental_users

at vendor\laravel\framework\src\Illuminate\Database\Connection.php:564
at vendor\laravel\framework\src\Illuminate\Database\Connection.php:811
at vendor\laravel\framework\src\Illuminate\Database\Connection.php:778
at vendor\laravel\framework\src\Illuminate\Database\Connection.php:559
at vendor\laravel\framework\src\Illuminate\Database\Connection.php:523
at vendor\laravel\framework\src\Illuminate\Database\Query\Processors\Processor.php:32
at vendor\laravel\framework\src\Illuminate\Database\Query\Builder.php:3853
at vendor\laravel\framework\src\Illuminate\Database\Eloquent\Builder.php:2235
at vendor\laravel\framework\src\Illuminate\Database\Eloquent\Model.php:1436
at vendor\laravel\framework\src\Illuminate\Database\Eloquent\Model.php:1401
at vendor\laravel\framework\src\Illuminate\Database\Eloquent\Model.php:1240
at vendor\laravel\framework\src\Illuminate\Database\Eloquent\Factories\Factory.php:370
at vendor\laravel\framework\src\Illuminate\Collections\Traits\EnumeratesValues.php:271
at vendor\laravel\framework\src\Illuminate\Database\Eloquent\Factories\Factory.php:365
at vendor\laravel\framework\src\Illuminate\Database\Eloquent\Factories\Factory.php:321
at tests\Feature\VehicleManagementTest.php:12</error>
        </testcase>
        <testcase name="`Vehicle Management` → `Vehicle Status Management` → it allows changing vehicle status" file="tests\Feature\VehicleManagementTest.php::`Vehicle Management` → `Vehicle Status Management` → it allows changing vehicle status" class="Tests\Feature\VehicleManagementTest" classname="Tests.Feature.VehicleManagementTest" assertions="0" time="0.000000">
          <error type="Illuminate\Database\QueryException">`Vehicle Management` → `Vehicle Status Management` → it allows changing vehicle statusIlluminate\Database\QueryException: SQLSTATE[HY000]: General error: 1 no such table: car_rental_users (Connection: sqlite, SQL: insert into "car_rental_users" ("name", "email", "email_verified_at", "password", "phone", "role", "status", "license_number", "id_document_path", "license_document_path", "is_verified", "date_of_birth", "address", "remember_token", "updated_at", "created_at") values (Dr. Telly Marvin III, wiley.haley@example.com, 2025-09-24 12:53:07, $2y$04$78g4B33dBB9yvLZHXPZyOuzF4w5wzk7FwYQTRiFHrXZoaR9VfYlfW, (530) 302-8592, admin, active, ufg-1226-4443, documents/ids/08e67c4b-4086-3eab-8065-cbed0e83c9c6.pdf, documents/licenses/d05c67ae-954e-31e7-84f4-6b8a6cfc7e97.pdf, 1, 1962-05-03 00:00:00, 49340 Turner Vista Suite 635
Ziemetown, WV 56215-0800, 3HQOs5YHf4, 2025-09-24 12:53:07, 2025-09-24 12:53:07))&#13;
at vendor\laravel\framework\src\Illuminate\Database\Connection.php:564
at vendor\laravel\framework\src\Illuminate\Database\Connection.php:811
at vendor\laravel\framework\src\Illuminate\Database\Connection.php:778
at vendor\laravel\framework\src\Illuminate\Database\Connection.php:559
at vendor\laravel\framework\src\Illuminate\Database\Connection.php:523
at vendor\laravel\framework\src\Illuminate\Database\Query\Processors\Processor.php:32
at vendor\laravel\framework\src\Illuminate\Database\Query\Builder.php:3853
at vendor\laravel\framework\src\Illuminate\Database\Eloquent\Builder.php:2235
at vendor\laravel\framework\src\Illuminate\Database\Eloquent\Model.php:1436
at vendor\laravel\framework\src\Illuminate\Database\Eloquent\Model.php:1401
at vendor\laravel\framework\src\Illuminate\Database\Eloquent\Model.php:1240
at vendor\laravel\framework\src\Illuminate\Database\Eloquent\Factories\Factory.php:370
at vendor\laravel\framework\src\Illuminate\Collections\Traits\EnumeratesValues.php:271
at vendor\laravel\framework\src\Illuminate\Database\Eloquent\Factories\Factory.php:365
at vendor\laravel\framework\src\Illuminate\Database\Eloquent\Factories\Factory.php:321
at tests\Feature\VehicleManagementTest.php:12
Caused by
PDOException: SQLSTATE[HY000]: General error: 1 no such table: car_rental_users

at vendor\laravel\framework\src\Illuminate\Database\Connection.php:564
at vendor\laravel\framework\src\Illuminate\Database\Connection.php:811
at vendor\laravel\framework\src\Illuminate\Database\Connection.php:778
at vendor\laravel\framework\src\Illuminate\Database\Connection.php:559
at vendor\laravel\framework\src\Illuminate\Database\Connection.php:523
at vendor\laravel\framework\src\Illuminate\Database\Query\Processors\Processor.php:32
at vendor\laravel\framework\src\Illuminate\Database\Query\Builder.php:3853
at vendor\laravel\framework\src\Illuminate\Database\Eloquent\Builder.php:2235
at vendor\laravel\framework\src\Illuminate\Database\Eloquent\Model.php:1436
at vendor\laravel\framework\src\Illuminate\Database\Eloquent\Model.php:1401
at vendor\laravel\framework\src\Illuminate\Database\Eloquent\Model.php:1240
at vendor\laravel\framework\src\Illuminate\Database\Eloquent\Factories\Factory.php:370
at vendor\laravel\framework\src\Illuminate\Collections\Traits\EnumeratesValues.php:271
at vendor\laravel\framework\src\Illuminate\Database\Eloquent\Factories\Factory.php:365
at vendor\laravel\framework\src\Illuminate\Database\Eloquent\Factories\Factory.php:321
at tests\Feature\VehicleManagementTest.php:12</error>
        </testcase>
        <testcase name="`Vehicle Management` → `Vehicle Viewing` → it prevents owner from viewing other owners vehicles" file="tests\Feature\VehicleManagementTest.php::`Vehicle Management` → `Vehicle Viewing` → it prevents owner from viewing other owners vehicles" class="Tests\Feature\VehicleManagementTest" classname="Tests.Feature.VehicleManagementTest" assertions="0" time="0.000000">
          <error type="Illuminate\Database\QueryException">`Vehicle Management` → `Vehicle Viewing` → it prevents owner from viewing other owners vehiclesIlluminate\Database\QueryException: SQLSTATE[HY000]: General error: 1 no such table: car_rental_users (Connection: sqlite, SQL: insert into "car_rental_users" ("name", "email", "email_verified_at", "password", "phone", "role", "status", "license_number", "id_document_path", "license_document_path", "is_verified", "date_of_birth", "address", "remember_token", "updated_at", "created_at") values (Kaden Predovic, veda46@example.com, 2025-09-24 12:53:07, $2y$04$78g4B33dBB9yvLZHXPZyOuzF4w5wzk7FwYQTRiFHrXZoaR9VfYlfW, 445-592-4513, admin, active, jmi-8444-5169, documents/ids/185910e5-69b7-3457-a297-ace297ec1089.pdf, documents/licenses/23dc157a-0972-3f7c-97f8-357784250858.pdf, 1, 1962-08-19 00:00:00, 96988 Smith Well
Caraport, MD 76854, QA07WwmvBm, 2025-09-24 12:53:07, 2025-09-24 12:53:07))&#13;
at vendor\laravel\framework\src\Illuminate\Database\Connection.php:564
at vendor\laravel\framework\src\Illuminate\Database\Connection.php:811
at vendor\laravel\framework\src\Illuminate\Database\Connection.php:778
at vendor\laravel\framework\src\Illuminate\Database\Connection.php:559
at vendor\laravel\framework\src\Illuminate\Database\Connection.php:523
at vendor\laravel\framework\src\Illuminate\Database\Query\Processors\Processor.php:32
at vendor\laravel\framework\src\Illuminate\Database\Query\Builder.php:3853
at vendor\laravel\framework\src\Illuminate\Database\Eloquent\Builder.php:2235
at vendor\laravel\framework\src\Illuminate\Database\Eloquent\Model.php:1436
at vendor\laravel\framework\src\Illuminate\Database\Eloquent\Model.php:1401
at vendor\laravel\framework\src\Illuminate\Database\Eloquent\Model.php:1240
at vendor\laravel\framework\src\Illuminate\Database\Eloquent\Factories\Factory.php:370
at vendor\laravel\framework\src\Illuminate\Collections\Traits\EnumeratesValues.php:271
at vendor\laravel\framework\src\Illuminate\Database\Eloquent\Factories\Factory.php:365
at vendor\laravel\framework\src\Illuminate\Database\Eloquent\Factories\Factory.php:321
at tests\Feature\VehicleManagementTest.php:12
Caused by
PDOException: SQLSTATE[HY000]: General error: 1 no such table: car_rental_users

at vendor\laravel\framework\src\Illuminate\Database\Connection.php:564
at vendor\laravel\framework\src\Illuminate\Database\Connection.php:811
at vendor\laravel\framework\src\Illuminate\Database\Connection.php:778
at vendor\laravel\framework\src\Illuminate\Database\Connection.php:559
at vendor\laravel\framework\src\Illuminate\Database\Connection.php:523
at vendor\laravel\framework\src\Illuminate\Database\Query\Processors\Processor.php:32
at vendor\laravel\framework\src\Illuminate\Database\Query\Builder.php:3853
at vendor\laravel\framework\src\Illuminate\Database\Eloquent\Builder.php:2235
at vendor\laravel\framework\src\Illuminate\Database\Eloquent\Model.php:1436
at vendor\laravel\framework\src\Illuminate\Database\Eloquent\Model.php:1401
at vendor\laravel\framework\src\Illuminate\Database\Eloquent\Model.php:1240
at vendor\laravel\framework\src\Illuminate\Database\Eloquent\Factories\Factory.php:370
at vendor\laravel\framework\src\Illuminate\Collections\Traits\EnumeratesValues.php:271
at vendor\laravel\framework\src\Illuminate\Database\Eloquent\Factories\Factory.php:365
at vendor\laravel\framework\src\Illuminate\Database\Eloquent\Factories\Factory.php:321
at tests\Feature\VehicleManagementTest.php:12</error>
        </testcase>
        <testcase name="`Vehicle Management` → `Vehicle Updates` → it prevents owner from updating other owners vehicles" file="tests\Feature\VehicleManagementTest.php::`Vehicle Management` → `Vehicle Updates` → it prevents owner from updating other owners vehicles" class="Tests\Feature\VehicleManagementTest" classname="Tests.Feature.VehicleManagementTest" assertions="0" time="0.000000">
          <error type="Illuminate\Database\QueryException">`Vehicle Management` → `Vehicle Updates` → it prevents owner from updating other owners vehiclesIlluminate\Database\QueryException: SQLSTATE[HY000]: General error: 1 no such table: car_rental_users (Connection: sqlite, SQL: insert into "car_rental_users" ("name", "email", "email_verified_at", "password", "phone", "role", "status", "license_number", "id_document_path", "license_document_path", "is_verified", "date_of_birth", "address", "remember_token", "updated_at", "created_at") values (Adolfo Wolff, alena.mckenzie@example.com, 2025-09-24 12:53:07, $2y$04$78g4B33dBB9yvLZHXPZyOuzF4w5wzk7FwYQTRiFHrXZoaR9VfYlfW, (737) 433-7981, admin, active, alt-3633-4039, documents/ids/3e4e190b-b75d-3eda-8aa7-be2ed41a3c54.pdf, documents/licenses/632d333a-0c8e-36f6-9ad7-53ed9797b291.pdf, 1, 1965-01-05 00:00:00, 75281 Simone Falls
West Jordanborough, NY 72397, L6iJqoTVJ2, 2025-09-24 12:53:07, 2025-09-24 12:53:07))&#13;
at vendor\laravel\framework\src\Illuminate\Database\Connection.php:564
at vendor\laravel\framework\src\Illuminate\Database\Connection.php:811
at vendor\laravel\framework\src\Illuminate\Database\Connection.php:778
at vendor\laravel\framework\src\Illuminate\Database\Connection.php:559
at vendor\laravel\framework\src\Illuminate\Database\Connection.php:523
at vendor\laravel\framework\src\Illuminate\Database\Query\Processors\Processor.php:32
at vendor\laravel\framework\src\Illuminate\Database\Query\Builder.php:3853
at vendor\laravel\framework\src\Illuminate\Database\Eloquent\Builder.php:2235
at vendor\laravel\framework\src\Illuminate\Database\Eloquent\Model.php:1436
at vendor\laravel\framework\src\Illuminate\Database\Eloquent\Model.php:1401
at vendor\laravel\framework\src\Illuminate\Database\Eloquent\Model.php:1240
at vendor\laravel\framework\src\Illuminate\Database\Eloquent\Factories\Factory.php:370
at vendor\laravel\framework\src\Illuminate\Collections\Traits\EnumeratesValues.php:271
at vendor\laravel\framework\src\Illuminate\Database\Eloquent\Factories\Factory.php:365
at vendor\laravel\framework\src\Illuminate\Database\Eloquent\Factories\Factory.php:321
at tests\Feature\VehicleManagementTest.php:12
Caused by
PDOException: SQLSTATE[HY000]: General error: 1 no such table: car_rental_users

at vendor\laravel\framework\src\Illuminate\Database\Connection.php:564
at vendor\laravel\framework\src\Illuminate\Database\Connection.php:811
at vendor\laravel\framework\src\Illuminate\Database\Connection.php:778
at vendor\laravel\framework\src\Illuminate\Database\Connection.php:559
at vendor\laravel\framework\src\Illuminate\Database\Connection.php:523
at vendor\laravel\framework\src\Illuminate\Database\Query\Processors\Processor.php:32
at vendor\laravel\framework\src\Illuminate\Database\Query\Builder.php:3853
at vendor\laravel\framework\src\Illuminate\Database\Eloquent\Builder.php:2235
at vendor\laravel\framework\src\Illuminate\Database\Eloquent\Model.php:1436
at vendor\laravel\framework\src\Illuminate\Database\Eloquent\Model.php:1401
at vendor\laravel\framework\src\Illuminate\Database\Eloquent\Model.php:1240
at vendor\laravel\framework\src\Illuminate\Database\Eloquent\Factories\Factory.php:370
at vendor\laravel\framework\src\Illuminate\Collections\Traits\EnumeratesValues.php:271
at vendor\laravel\framework\src\Illuminate\Database\Eloquent\Factories\Factory.php:365
at vendor\laravel\framework\src\Illuminate\Database\Eloquent\Factories\Factory.php:321
at tests\Feature\VehicleManagementTest.php:12</error>
        </testcase>
        <testcase name="`Vehicle Management` → `Vehicle Creation` → it allows admin to create vehicles" file="tests\Feature\VehicleManagementTest.php::`Vehicle Management` → `Vehicle Creation` → it allows admin to create vehicles" class="Tests\Feature\VehicleManagementTest" classname="Tests.Feature.VehicleManagementTest" assertions="0" time="0.000000">
          <error type="Illuminate\Database\QueryException">`Vehicle Management` → `Vehicle Creation` → it allows admin to create vehiclesIlluminate\Database\QueryException: SQLSTATE[HY000]: General error: 1 no such table: car_rental_users (Connection: sqlite, SQL: insert into "car_rental_users" ("name", "email", "email_verified_at", "password", "phone", "role", "status", "license_number", "id_document_path", "license_document_path", "is_verified", "date_of_birth", "address", "remember_token", "updated_at", "created_at") values (Sonya Mayert V, jerel.ullrich@example.com, 2025-09-24 12:53:07, $2y$04$78g4B33dBB9yvLZHXPZyOuzF4w5wzk7FwYQTRiFHrXZoaR9VfYlfW, +1.209.744.5967, admin, active, ake-6639-4308, documents/ids/2d5a3766-3bc4-36dd-a460-d77c751e8a6d.pdf, documents/licenses/b1adc342-352c-3e85-992b-0debe87d0e7c.pdf, 1, 1982-07-27 00:00:00, 78755 Sipes Islands
Betsyhaven, IN 56896-0007, SNGFIlKQZ6, 2025-09-24 12:53:07, 2025-09-24 12:53:07))&#13;
at vendor\laravel\framework\src\Illuminate\Database\Connection.php:564
at vendor\laravel\framework\src\Illuminate\Database\Connection.php:811
at vendor\laravel\framework\src\Illuminate\Database\Connection.php:778
at vendor\laravel\framework\src\Illuminate\Database\Connection.php:559
at vendor\laravel\framework\src\Illuminate\Database\Connection.php:523
at vendor\laravel\framework\src\Illuminate\Database\Query\Processors\Processor.php:32
at vendor\laravel\framework\src\Illuminate\Database\Query\Builder.php:3853
at vendor\laravel\framework\src\Illuminate\Database\Eloquent\Builder.php:2235
at vendor\laravel\framework\src\Illuminate\Database\Eloquent\Model.php:1436
at vendor\laravel\framework\src\Illuminate\Database\Eloquent\Model.php:1401
at vendor\laravel\framework\src\Illuminate\Database\Eloquent\Model.php:1240
at vendor\laravel\framework\src\Illuminate\Database\Eloquent\Factories\Factory.php:370
at vendor\laravel\framework\src\Illuminate\Collections\Traits\EnumeratesValues.php:271
at vendor\laravel\framework\src\Illuminate\Database\Eloquent\Factories\Factory.php:365
at vendor\laravel\framework\src\Illuminate\Database\Eloquent\Factories\Factory.php:321
at tests\Feature\VehicleManagementTest.php:12
Caused by
PDOException: SQLSTATE[HY000]: General error: 1 no such table: car_rental_users

at vendor\laravel\framework\src\Illuminate\Database\Connection.php:564
at vendor\laravel\framework\src\Illuminate\Database\Connection.php:811
at vendor\laravel\framework\src\Illuminate\Database\Connection.php:778
at vendor\laravel\framework\src\Illuminate\Database\Connection.php:559
at vendor\laravel\framework\src\Illuminate\Database\Connection.php:523
at vendor\laravel\framework\src\Illuminate\Database\Query\Processors\Processor.php:32
at vendor\laravel\framework\src\Illuminate\Database\Query\Builder.php:3853
at vendor\laravel\framework\src\Illuminate\Database\Eloquent\Builder.php:2235
at vendor\laravel\framework\src\Illuminate\Database\Eloquent\Model.php:1436
at vendor\laravel\framework\src\Illuminate\Database\Eloquent\Model.php:1401
at vendor\laravel\framework\src\Illuminate\Database\Eloquent\Model.php:1240
at vendor\laravel\framework\src\Illuminate\Database\Eloquent\Factories\Factory.php:370
at vendor\laravel\framework\src\Illuminate\Collections\Traits\EnumeratesValues.php:271
at vendor\laravel\framework\src\Illuminate\Database\Eloquent\Factories\Factory.php:365
at vendor\laravel\framework\src\Illuminate\Database\Eloquent\Factories\Factory.php:321
at tests\Feature\VehicleManagementTest.php:12</error>
        </testcase>
        <testcase name="`Vehicle Management` → `Vehicle Listing` → it restricts renter access to vehicle management" file="tests\Feature\VehicleManagementTest.php::`Vehicle Management` → `Vehicle Listing` → it restricts renter access to vehicle management" class="Tests\Feature\VehicleManagementTest" classname="Tests.Feature.VehicleManagementTest" assertions="0" time="0.000000">
          <error type="Illuminate\Database\QueryException">`Vehicle Management` → `Vehicle Listing` → it restricts renter access to vehicle managementIlluminate\Database\QueryException: SQLSTATE[HY000]: General error: 1 no such table: car_rental_users (Connection: sqlite, SQL: insert into "car_rental_users" ("name", "email", "email_verified_at", "password", "phone", "role", "status", "license_number", "id_document_path", "license_document_path", "is_verified", "date_of_birth", "address", "remember_token", "updated_at", "created_at") values (Jordon Rempel, caitlyn.schmidt@example.com, 2025-09-24 12:53:07, $2y$04$78g4B33dBB9yvLZHXPZyOuzF4w5wzk7FwYQTRiFHrXZoaR9VfYlfW, +1.479.744.4142, admin, active, kzr-5771-3941, documents/ids/46643358-724c-31be-90ea-85a41421e33f.pdf, documents/licenses/07616926-fe7c-3121-8345-0efbf8573e50.pdf, 1, 2006-06-18 00:00:00, 9768 Baylee Pass Apt. 718
Port Marisa, CO 99415, XSjeDhIDdc, 2025-09-24 12:53:07, 2025-09-24 12:53:07))&#13;
at vendor\laravel\framework\src\Illuminate\Database\Connection.php:564
at vendor\laravel\framework\src\Illuminate\Database\Connection.php:811
at vendor\laravel\framework\src\Illuminate\Database\Connection.php:778
at vendor\laravel\framework\src\Illuminate\Database\Connection.php:559
at vendor\laravel\framework\src\Illuminate\Database\Connection.php:523
at vendor\laravel\framework\src\Illuminate\Database\Query\Processors\Processor.php:32
at vendor\laravel\framework\src\Illuminate\Database\Query\Builder.php:3853
at vendor\laravel\framework\src\Illuminate\Database\Eloquent\Builder.php:2235
at vendor\laravel\framework\src\Illuminate\Database\Eloquent\Model.php:1436
at vendor\laravel\framework\src\Illuminate\Database\Eloquent\Model.php:1401
at vendor\laravel\framework\src\Illuminate\Database\Eloquent\Model.php:1240
at vendor\laravel\framework\src\Illuminate\Database\Eloquent\Factories\Factory.php:370
at vendor\laravel\framework\src\Illuminate\Collections\Traits\EnumeratesValues.php:271
at vendor\laravel\framework\src\Illuminate\Database\Eloquent\Factories\Factory.php:365
at vendor\laravel\framework\src\Illuminate\Database\Eloquent\Factories\Factory.php:321
at tests\Feature\VehicleManagementTest.php:12
Caused by
PDOException: SQLSTATE[HY000]: General error: 1 no such table: car_rental_users

at vendor\laravel\framework\src\Illuminate\Database\Connection.php:564
at vendor\laravel\framework\src\Illuminate\Database\Connection.php:811
at vendor\laravel\framework\src\Illuminate\Database\Connection.php:778
at vendor\laravel\framework\src\Illuminate\Database\Connection.php:559
at vendor\laravel\framework\src\Illuminate\Database\Connection.php:523
at vendor\laravel\framework\src\Illuminate\Database\Query\Processors\Processor.php:32
at vendor\laravel\framework\src\Illuminate\Database\Query\Builder.php:3853
at vendor\laravel\framework\src\Illuminate\Database\Eloquent\Builder.php:2235
at vendor\laravel\framework\src\Illuminate\Database\Eloquent\Model.php:1436
at vendor\laravel\framework\src\Illuminate\Database\Eloquent\Model.php:1401
at vendor\laravel\framework\src\Illuminate\Database\Eloquent\Model.php:1240
at vendor\laravel\framework\src\Illuminate\Database\Eloquent\Factories\Factory.php:370
at vendor\laravel\framework\src\Illuminate\Collections\Traits\EnumeratesValues.php:271
at vendor\laravel\framework\src\Illuminate\Database\Eloquent\Factories\Factory.php:365
at vendor\laravel\framework\src\Illuminate\Database\Eloquent\Factories\Factory.php:321
at tests\Feature\VehicleManagementTest.php:12</error>
        </testcase>
        <testcase name="`Vehicle Management` → `Vehicle Updates` → it allows admin to update any vehicle" file="tests\Feature\VehicleManagementTest.php::`Vehicle Management` → `Vehicle Updates` → it allows admin to update any vehicle" class="Tests\Feature\VehicleManagementTest" classname="Tests.Feature.VehicleManagementTest" assertions="0" time="0.000000">
          <error type="Illuminate\Database\QueryException">`Vehicle Management` → `Vehicle Updates` → it allows admin to update any vehicleIlluminate\Database\QueryException: SQLSTATE[HY000]: General error: 1 no such table: car_rental_users (Connection: sqlite, SQL: insert into "car_rental_users" ("name", "email", "email_verified_at", "password", "phone", "role", "status", "license_number", "id_document_path", "license_document_path", "is_verified", "date_of_birth", "address", "remember_token", "updated_at", "created_at") values (Ms. Heloise Becker, fahey.eldon@example.com, 2025-09-24 12:53:07, $2y$04$78g4B33dBB9yvLZHXPZyOuzF4w5wzk7FwYQTRiFHrXZoaR9VfYlfW, 205.735.0224, admin, active, vqb-3932-7104, documents/ids/37bc147c-148c-375c-8ec3-c11bd32114cd.pdf, documents/licenses/32f9f87e-e671-3485-9f4c-c7b1265daf12.pdf, 1, 1971-12-08 00:00:00, 7354 Hyatt Plains Suite 060
West Billy, MT 88463, VlhC8GAUDd, 2025-09-24 12:53:07, 2025-09-24 12:53:07))&#13;
at vendor\laravel\framework\src\Illuminate\Database\Connection.php:564
at vendor\laravel\framework\src\Illuminate\Database\Connection.php:811
at vendor\laravel\framework\src\Illuminate\Database\Connection.php:778
at vendor\laravel\framework\src\Illuminate\Database\Connection.php:559
at vendor\laravel\framework\src\Illuminate\Database\Connection.php:523
at vendor\laravel\framework\src\Illuminate\Database\Query\Processors\Processor.php:32
at vendor\laravel\framework\src\Illuminate\Database\Query\Builder.php:3853
at vendor\laravel\framework\src\Illuminate\Database\Eloquent\Builder.php:2235
at vendor\laravel\framework\src\Illuminate\Database\Eloquent\Model.php:1436
at vendor\laravel\framework\src\Illuminate\Database\Eloquent\Model.php:1401
at vendor\laravel\framework\src\Illuminate\Database\Eloquent\Model.php:1240
at vendor\laravel\framework\src\Illuminate\Database\Eloquent\Factories\Factory.php:370
at vendor\laravel\framework\src\Illuminate\Collections\Traits\EnumeratesValues.php:271
at vendor\laravel\framework\src\Illuminate\Database\Eloquent\Factories\Factory.php:365
at vendor\laravel\framework\src\Illuminate\Database\Eloquent\Factories\Factory.php:321
at tests\Feature\VehicleManagementTest.php:12
Caused by
PDOException: SQLSTATE[HY000]: General error: 1 no such table: car_rental_users

at vendor\laravel\framework\src\Illuminate\Database\Connection.php:564
at vendor\laravel\framework\src\Illuminate\Database\Connection.php:811
at vendor\laravel\framework\src\Illuminate\Database\Connection.php:778
at vendor\laravel\framework\src\Illuminate\Database\Connection.php:559
at vendor\laravel\framework\src\Illuminate\Database\Connection.php:523
at vendor\laravel\framework\src\Illuminate\Database\Query\Processors\Processor.php:32
at vendor\laravel\framework\src\Illuminate\Database\Query\Builder.php:3853
at vendor\laravel\framework\src\Illuminate\Database\Eloquent\Builder.php:2235
at vendor\laravel\framework\src\Illuminate\Database\Eloquent\Model.php:1436
at vendor\laravel\framework\src\Illuminate\Database\Eloquent\Model.php:1401
at vendor\laravel\framework\src\Illuminate\Database\Eloquent\Model.php:1240
at vendor\laravel\framework\src\Illuminate\Database\Eloquent\Factories\Factory.php:370
at vendor\laravel\framework\src\Illuminate\Collections\Traits\EnumeratesValues.php:271
at vendor\laravel\framework\src\Illuminate\Database\Eloquent\Factories\Factory.php:365
at vendor\laravel\framework\src\Illuminate\Database\Eloquent\Factories\Factory.php:321
at tests\Feature\VehicleManagementTest.php:12</error>
        </testcase>
        <testcase name="`Vehicle Management` → `Vehicle Listing` → it allows admin to view all vehicles" file="tests\Feature\VehicleManagementTest.php::`Vehicle Management` → `Vehicle Listing` → it allows admin to view all vehicles" class="Tests\Feature\VehicleManagementTest" classname="Tests.Feature.VehicleManagementTest" assertions="0" time="0.000000">
          <error type="Illuminate\Database\QueryException">`Vehicle Management` → `Vehicle Listing` → it allows admin to view all vehiclesIlluminate\Database\QueryException: SQLSTATE[HY000]: General error: 1 no such table: car_rental_users (Connection: sqlite, SQL: insert into "car_rental_users" ("name", "email", "email_verified_at", "password", "phone", "role", "status", "license_number", "id_document_path", "license_document_path", "is_verified", "date_of_birth", "address", "remember_token", "updated_at", "created_at") values (Mr. Joseph Bauch, wdare@example.net, 2025-09-24 12:53:07, $2y$04$78g4B33dBB9yvLZHXPZyOuzF4w5wzk7FwYQTRiFHrXZoaR9VfYlfW, 1-209-699-3254, admin, active, qfy-7003-5411, documents/ids/76eb8d1e-1a62-380b-87fe-741f807aaf3a.pdf, documents/licenses/f341251b-4139-339d-b29a-d16be6dc3463.pdf, 1, 1989-01-29 00:00:00, 3363 Leonel River Apt. 301
North Flo, MN 10153, fSsiYCZOb3, 2025-09-24 12:53:07, 2025-09-24 12:53:07))&#13;
at vendor\laravel\framework\src\Illuminate\Database\Connection.php:564
at vendor\laravel\framework\src\Illuminate\Database\Connection.php:811
at vendor\laravel\framework\src\Illuminate\Database\Connection.php:778
at vendor\laravel\framework\src\Illuminate\Database\Connection.php:559
at vendor\laravel\framework\src\Illuminate\Database\Connection.php:523
at vendor\laravel\framework\src\Illuminate\Database\Query\Processors\Processor.php:32
at vendor\laravel\framework\src\Illuminate\Database\Query\Builder.php:3853
at vendor\laravel\framework\src\Illuminate\Database\Eloquent\Builder.php:2235
at vendor\laravel\framework\src\Illuminate\Database\Eloquent\Model.php:1436
at vendor\laravel\framework\src\Illuminate\Database\Eloquent\Model.php:1401
at vendor\laravel\framework\src\Illuminate\Database\Eloquent\Model.php:1240
at vendor\laravel\framework\src\Illuminate\Database\Eloquent\Factories\Factory.php:370
at vendor\laravel\framework\src\Illuminate\Collections\Traits\EnumeratesValues.php:271
at vendor\laravel\framework\src\Illuminate\Database\Eloquent\Factories\Factory.php:365
at vendor\laravel\framework\src\Illuminate\Database\Eloquent\Factories\Factory.php:321
at tests\Feature\VehicleManagementTest.php:12
Caused by
PDOException: SQLSTATE[HY000]: General error: 1 no such table: car_rental_users

at vendor\laravel\framework\src\Illuminate\Database\Connection.php:564
at vendor\laravel\framework\src\Illuminate\Database\Connection.php:811
at vendor\laravel\framework\src\Illuminate\Database\Connection.php:778
at vendor\laravel\framework\src\Illuminate\Database\Connection.php:559
at vendor\laravel\framework\src\Illuminate\Database\Connection.php:523
at vendor\laravel\framework\src\Illuminate\Database\Query\Processors\Processor.php:32
at vendor\laravel\framework\src\Illuminate\Database\Query\Builder.php:3853
at vendor\laravel\framework\src\Illuminate\Database\Eloquent\Builder.php:2235
at vendor\laravel\framework\src\Illuminate\Database\Eloquent\Model.php:1436
at vendor\laravel\framework\src\Illuminate\Database\Eloquent\Model.php:1401
at vendor\laravel\framework\src\Illuminate\Database\Eloquent\Model.php:1240
at vendor\laravel\framework\src\Illuminate\Database\Eloquent\Factories\Factory.php:370
at vendor\laravel\framework\src\Illuminate\Collections\Traits\EnumeratesValues.php:271
at vendor\laravel\framework\src\Illuminate\Database\Eloquent\Factories\Factory.php:365
at vendor\laravel\framework\src\Illuminate\Database\Eloquent\Factories\Factory.php:321
at tests\Feature\VehicleManagementTest.php:12</error>
        </testcase>
        <testcase name="`Vehicle Management` → `Vehicle Creation` → it automatically assigns owner_id when creating vehicle" file="tests\Feature\VehicleManagementTest.php::`Vehicle Management` → `Vehicle Creation` → it automatically assigns owner_id when creating vehicle" class="Tests\Feature\VehicleManagementTest" classname="Tests.Feature.VehicleManagementTest" assertions="0" time="0.000000">
          <error type="Illuminate\Database\QueryException">`Vehicle Management` → `Vehicle Creation` → it automatically assigns owner_id when creating vehicleIlluminate\Database\QueryException: SQLSTATE[HY000]: General error: 1 no such table: car_rental_users (Connection: sqlite, SQL: insert into "car_rental_users" ("name", "email", "email_verified_at", "password", "phone", "role", "status", "license_number", "id_document_path", "license_document_path", "is_verified", "date_of_birth", "address", "remember_token", "updated_at", "created_at") values (Wilhelm McGlynn PhD, geffertz@example.org, 2025-09-24 12:53:07, $2y$04$78g4B33dBB9yvLZHXPZyOuzF4w5wzk7FwYQTRiFHrXZoaR9VfYlfW, 1-737-971-3073, admin, active, rhj-4556-3272, documents/ids/4001e5da-983f-3bde-af98-d23371c4bcfa.pdf, documents/licenses/64780a04-4b34-3cf7-ac73-50d37211fd43.pdf, 1, 2000-02-03 00:00:00, 790 Abshire Islands
Luisaton, WI 43793-7670, Jz0u7NCcO9, 2025-09-24 12:53:07, 2025-09-24 12:53:07))&#13;
at vendor\laravel\framework\src\Illuminate\Database\Connection.php:564
at vendor\laravel\framework\src\Illuminate\Database\Connection.php:811
at vendor\laravel\framework\src\Illuminate\Database\Connection.php:778
at vendor\laravel\framework\src\Illuminate\Database\Connection.php:559
at vendor\laravel\framework\src\Illuminate\Database\Connection.php:523
at vendor\laravel\framework\src\Illuminate\Database\Query\Processors\Processor.php:32
at vendor\laravel\framework\src\Illuminate\Database\Query\Builder.php:3853
at vendor\laravel\framework\src\Illuminate\Database\Eloquent\Builder.php:2235
at vendor\laravel\framework\src\Illuminate\Database\Eloquent\Model.php:1436
at vendor\laravel\framework\src\Illuminate\Database\Eloquent\Model.php:1401
at vendor\laravel\framework\src\Illuminate\Database\Eloquent\Model.php:1240
at vendor\laravel\framework\src\Illuminate\Database\Eloquent\Factories\Factory.php:370
at vendor\laravel\framework\src\Illuminate\Collections\Traits\EnumeratesValues.php:271
at vendor\laravel\framework\src\Illuminate\Database\Eloquent\Factories\Factory.php:365
at vendor\laravel\framework\src\Illuminate\Database\Eloquent\Factories\Factory.php:321
at tests\Feature\VehicleManagementTest.php:12
Caused by
PDOException: SQLSTATE[HY000]: General error: 1 no such table: car_rental_users

at vendor\laravel\framework\src\Illuminate\Database\Connection.php:564
at vendor\laravel\framework\src\Illuminate\Database\Connection.php:811
at vendor\laravel\framework\src\Illuminate\Database\Connection.php:778
at vendor\laravel\framework\src\Illuminate\Database\Connection.php:559
at vendor\laravel\framework\src\Illuminate\Database\Connection.php:523
at vendor\laravel\framework\src\Illuminate\Database\Query\Processors\Processor.php:32
at vendor\laravel\framework\src\Illuminate\Database\Query\Builder.php:3853
at vendor\laravel\framework\src\Illuminate\Database\Eloquent\Builder.php:2235
at vendor\laravel\framework\src\Illuminate\Database\Eloquent\Model.php:1436
at vendor\laravel\framework\src\Illuminate\Database\Eloquent\Model.php:1401
at vendor\laravel\framework\src\Illuminate\Database\Eloquent\Model.php:1240
at vendor\laravel\framework\src\Illuminate\Database\Eloquent\Factories\Factory.php:370
at vendor\laravel\framework\src\Illuminate\Collections\Traits\EnumeratesValues.php:271
at vendor\laravel\framework\src\Illuminate\Database\Eloquent\Factories\Factory.php:365
at vendor\laravel\framework\src\Illuminate\Database\Eloquent\Factories\Factory.php:321
at tests\Feature\VehicleManagementTest.php:12</error>
        </testcase>
      </testsuite>
      <testsuite name="Tests\Feature\ReviewManagementTest" file="tests\Feature\ReviewManagementTest.php" tests="21" assertions="0" errors="21" failures="0" skipped="0" time="0.000000">
        <testcase name="`Review Management` → `Review Creation` → it prevents review creation for non-completed bookings" file="tests\Feature\ReviewManagementTest.php::`Review Management` → `Review Creation` → it prevents review creation for non-completed bookings" class="Tests\Feature\ReviewManagementTest" classname="Tests.Feature.ReviewManagementTest" assertions="0" time="0.000000">
          <error type="Illuminate\Database\QueryException">`Review Management` → `Review Creation` → it prevents review creation for non-completed bookingsIlluminate\Database\QueryException: SQLSTATE[HY000]: General error: 1 no such table: car_rental_users (Connection: sqlite, SQL: insert into "car_rental_users" ("name", "email", "email_verified_at", "password", "phone", "role", "status", "license_number", "id_document_path", "license_document_path", "is_verified", "date_of_birth", "address", "remember_token", "updated_at", "created_at") values (Miss Jannie Swift, adriel68@example.net, 2025-09-24 12:53:07, $2y$04$78g4B33dBB9yvLZHXPZyOuzF4w5wzk7FwYQTRiFHrXZoaR9VfYlfW, (717) 451-7656, admin, active, xvb-3771-6917, documents/ids/4611799f-e225-37ed-b31a-a142bc0596d0.pdf, documents/licenses/44f1aad0-c573-34a0-af59-725600b2979d.pdf, 1, 1985-04-07 00:00:00, 37612 Anabel Neck
Kameronburgh, CO 87726, Pvu1yQWTAe, 2025-09-24 12:53:07, 2025-09-24 12:53:07))&#13;
at vendor\laravel\framework\src\Illuminate\Database\Connection.php:564
at vendor\laravel\framework\src\Illuminate\Database\Connection.php:811
at vendor\laravel\framework\src\Illuminate\Database\Connection.php:778
at vendor\laravel\framework\src\Illuminate\Database\Connection.php:559
at vendor\laravel\framework\src\Illuminate\Database\Connection.php:523
at vendor\laravel\framework\src\Illuminate\Database\Query\Processors\Processor.php:32
at vendor\laravel\framework\src\Illuminate\Database\Query\Builder.php:3853
at vendor\laravel\framework\src\Illuminate\Database\Eloquent\Builder.php:2235
at vendor\laravel\framework\src\Illuminate\Database\Eloquent\Model.php:1436
at vendor\laravel\framework\src\Illuminate\Database\Eloquent\Model.php:1401
at vendor\laravel\framework\src\Illuminate\Database\Eloquent\Model.php:1240
at vendor\laravel\framework\src\Illuminate\Database\Eloquent\Factories\Factory.php:370
at vendor\laravel\framework\src\Illuminate\Collections\Traits\EnumeratesValues.php:271
at vendor\laravel\framework\src\Illuminate\Database\Eloquent\Factories\Factory.php:365
at vendor\laravel\framework\src\Illuminate\Database\Eloquent\Factories\Factory.php:321
at tests\Feature\ReviewManagementTest.php:15
Caused by
PDOException: SQLSTATE[HY000]: General error: 1 no such table: car_rental_users

at vendor\laravel\framework\src\Illuminate\Database\Connection.php:564
at vendor\laravel\framework\src\Illuminate\Database\Connection.php:811
at vendor\laravel\framework\src\Illuminate\Database\Connection.php:778
at vendor\laravel\framework\src\Illuminate\Database\Connection.php:559
at vendor\laravel\framework\src\Illuminate\Database\Connection.php:523
at vendor\laravel\framework\src\Illuminate\Database\Query\Processors\Processor.php:32
at vendor\laravel\framework\src\Illuminate\Database\Query\Builder.php:3853
at vendor\laravel\framework\src\Illuminate\Database\Eloquent\Builder.php:2235
at vendor\laravel\framework\src\Illuminate\Database\Eloquent\Model.php:1436
at vendor\laravel\framework\src\Illuminate\Database\Eloquent\Model.php:1401
at vendor\laravel\framework\src\Illuminate\Database\Eloquent\Model.php:1240
at vendor\laravel\framework\src\Illuminate\Database\Eloquent\Factories\Factory.php:370
at vendor\laravel\framework\src\Illuminate\Collections\Traits\EnumeratesValues.php:271
at vendor\laravel\framework\src\Illuminate\Database\Eloquent\Factories\Factory.php:365
at vendor\laravel\framework\src\Illuminate\Database\Eloquent\Factories\Factory.php:321
at tests\Feature\ReviewManagementTest.php:15</error>
        </testcase>
        <testcase name="`Review Management` → `Review Creation` → it prevents duplicate reviews for same booking" file="tests\Feature\ReviewManagementTest.php::`Review Management` → `Review Creation` → it prevents duplicate reviews for same booking" class="Tests\Feature\ReviewManagementTest" classname="Tests.Feature.ReviewManagementTest" assertions="0" time="0.000000">
          <error type="Illuminate\Database\QueryException">`Review Management` → `Review Creation` → it prevents duplicate reviews for same bookingIlluminate\Database\QueryException: SQLSTATE[HY000]: General error: 1 no such table: car_rental_users (Connection: sqlite, SQL: insert into "car_rental_users" ("name", "email", "email_verified_at", "password", "phone", "role", "status", "license_number", "id_document_path", "license_document_path", "is_verified", "date_of_birth", "address", "remember_token", "updated_at", "created_at") values (Prof. Hazel Doyle Jr., concepcion31@example.org, 2025-09-24 12:53:08, $2y$04$78g4B33dBB9yvLZHXPZyOuzF4w5wzk7FwYQTRiFHrXZoaR9VfYlfW, (920) 956-5114, admin, active, xhm-8538-6559, documents/ids/b4e3a9fb-195b-3753-a79f-f924f3169c8f.pdf, documents/licenses/8fccb87f-f2ef-3dda-9b9a-685cea893784.pdf, 1, 1972-04-10 00:00:00, 8212 Shea Lights Suite 635
North Abel, UT 49559-5661, xuJMkplkby, 2025-09-24 12:53:08, 2025-09-24 12:53:08))&#13;
at vendor\laravel\framework\src\Illuminate\Database\Connection.php:564
at vendor\laravel\framework\src\Illuminate\Database\Connection.php:811
at vendor\laravel\framework\src\Illuminate\Database\Connection.php:778
at vendor\laravel\framework\src\Illuminate\Database\Connection.php:559
at vendor\laravel\framework\src\Illuminate\Database\Connection.php:523
at vendor\laravel\framework\src\Illuminate\Database\Query\Processors\Processor.php:32
at vendor\laravel\framework\src\Illuminate\Database\Query\Builder.php:3853
at vendor\laravel\framework\src\Illuminate\Database\Eloquent\Builder.php:2235
at vendor\laravel\framework\src\Illuminate\Database\Eloquent\Model.php:1436
at vendor\laravel\framework\src\Illuminate\Database\Eloquent\Model.php:1401
at vendor\laravel\framework\src\Illuminate\Database\Eloquent\Model.php:1240
at vendor\laravel\framework\src\Illuminate\Database\Eloquent\Factories\Factory.php:370
at vendor\laravel\framework\src\Illuminate\Collections\Traits\EnumeratesValues.php:271
at vendor\laravel\framework\src\Illuminate\Database\Eloquent\Factories\Factory.php:365
at vendor\laravel\framework\src\Illuminate\Database\Eloquent\Factories\Factory.php:321
at tests\Feature\ReviewManagementTest.php:15
Caused by
PDOException: SQLSTATE[HY000]: General error: 1 no such table: car_rental_users

at vendor\laravel\framework\src\Illuminate\Database\Connection.php:564
at vendor\laravel\framework\src\Illuminate\Database\Connection.php:811
at vendor\laravel\framework\src\Illuminate\Database\Connection.php:778
at vendor\laravel\framework\src\Illuminate\Database\Connection.php:559
at vendor\laravel\framework\src\Illuminate\Database\Connection.php:523
at vendor\laravel\framework\src\Illuminate\Database\Query\Processors\Processor.php:32
at vendor\laravel\framework\src\Illuminate\Database\Query\Builder.php:3853
at vendor\laravel\framework\src\Illuminate\Database\Eloquent\Builder.php:2235
at vendor\laravel\framework\src\Illuminate\Database\Eloquent\Model.php:1436
at vendor\laravel\framework\src\Illuminate\Database\Eloquent\Model.php:1401
at vendor\laravel\framework\src\Illuminate\Database\Eloquent\Model.php:1240
at vendor\laravel\framework\src\Illuminate\Database\Eloquent\Factories\Factory.php:370
at vendor\laravel\framework\src\Illuminate\Collections\Traits\EnumeratesValues.php:271
at vendor\laravel\framework\src\Illuminate\Database\Eloquent\Factories\Factory.php:365
at vendor\laravel\framework\src\Illuminate\Database\Eloquent\Factories\Factory.php:321
at tests\Feature\ReviewManagementTest.php:15</error>
        </testcase>
        <testcase name="`Review Management` → `Review Analytics` → it calculates average rating for vehicle" file="tests\Feature\ReviewManagementTest.php::`Review Management` → `Review Analytics` → it calculates average rating for vehicle" class="Tests\Feature\ReviewManagementTest" classname="Tests.Feature.ReviewManagementTest" assertions="0" time="0.000000">
          <error type="Illuminate\Database\QueryException">`Review Management` → `Review Analytics` → it calculates average rating for vehicleIlluminate\Database\QueryException: SQLSTATE[HY000]: General error: 1 no such table: car_rental_users (Connection: sqlite, SQL: insert into "car_rental_users" ("name", "email", "email_verified_at", "password", "phone", "role", "status", "license_number", "id_document_path", "license_document_path", "is_verified", "date_of_birth", "address", "remember_token", "updated_at", "created_at") values (Mable Wiza, max.fadel@example.com, 2025-09-24 12:53:08, $2y$04$78g4B33dBB9yvLZHXPZyOuzF4w5wzk7FwYQTRiFHrXZoaR9VfYlfW, 563.409.1305, admin, active, myr-9207-4229, documents/ids/e2393a0c-a1e5-3d29-bd2a-ab75664ed2ac.pdf, documents/licenses/28d3ec4f-5387-3d80-81e5-5158da3f62d8.pdf, 1, 1988-06-12 00:00:00, 269 Clare Circle
Mrazstad, MD 21492, RUBzqZV31p, 2025-09-24 12:53:08, 2025-09-24 12:53:08))&#13;
at vendor\laravel\framework\src\Illuminate\Database\Connection.php:564
at vendor\laravel\framework\src\Illuminate\Database\Connection.php:811
at vendor\laravel\framework\src\Illuminate\Database\Connection.php:778
at vendor\laravel\framework\src\Illuminate\Database\Connection.php:559
at vendor\laravel\framework\src\Illuminate\Database\Connection.php:523
at vendor\laravel\framework\src\Illuminate\Database\Query\Processors\Processor.php:32
at vendor\laravel\framework\src\Illuminate\Database\Query\Builder.php:3853
at vendor\laravel\framework\src\Illuminate\Database\Eloquent\Builder.php:2235
at vendor\laravel\framework\src\Illuminate\Database\Eloquent\Model.php:1436
at vendor\laravel\framework\src\Illuminate\Database\Eloquent\Model.php:1401
at vendor\laravel\framework\src\Illuminate\Database\Eloquent\Model.php:1240
at vendor\laravel\framework\src\Illuminate\Database\Eloquent\Factories\Factory.php:370
at vendor\laravel\framework\src\Illuminate\Collections\Traits\EnumeratesValues.php:271
at vendor\laravel\framework\src\Illuminate\Database\Eloquent\Factories\Factory.php:365
at vendor\laravel\framework\src\Illuminate\Database\Eloquent\Factories\Factory.php:321
at tests\Feature\ReviewManagementTest.php:15
Caused by
PDOException: SQLSTATE[HY000]: General error: 1 no such table: car_rental_users

at vendor\laravel\framework\src\Illuminate\Database\Connection.php:564
at vendor\laravel\framework\src\Illuminate\Database\Connection.php:811
at vendor\laravel\framework\src\Illuminate\Database\Connection.php:778
at vendor\laravel\framework\src\Illuminate\Database\Connection.php:559
at vendor\laravel\framework\src\Illuminate\Database\Connection.php:523
at vendor\laravel\framework\src\Illuminate\Database\Query\Processors\Processor.php:32
at vendor\laravel\framework\src\Illuminate\Database\Query\Builder.php:3853
at vendor\laravel\framework\src\Illuminate\Database\Eloquent\Builder.php:2235
at vendor\laravel\framework\src\Illuminate\Database\Eloquent\Model.php:1436
at vendor\laravel\framework\src\Illuminate\Database\Eloquent\Model.php:1401
at vendor\laravel\framework\src\Illuminate\Database\Eloquent\Model.php:1240
at vendor\laravel\framework\src\Illuminate\Database\Eloquent\Factories\Factory.php:370
at vendor\laravel\framework\src\Illuminate\Collections\Traits\EnumeratesValues.php:271
at vendor\laravel\framework\src\Illuminate\Database\Eloquent\Factories\Factory.php:365
at vendor\laravel\framework\src\Illuminate\Database\Eloquent\Factories\Factory.php:321
at tests\Feature\ReviewManagementTest.php:15</error>
        </testcase>
        <testcase name="`Review Management` → `Review with Detailed Ratings` → it creates review with all detailed ratings" file="tests\Feature\ReviewManagementTest.php::`Review Management` → `Review with Detailed Ratings` → it creates review with all detailed ratings" class="Tests\Feature\ReviewManagementTest" classname="Tests.Feature.ReviewManagementTest" assertions="0" time="0.000000">
          <error type="Illuminate\Database\QueryException">`Review Management` → `Review with Detailed Ratings` → it creates review with all detailed ratingsIlluminate\Database\QueryException: SQLSTATE[HY000]: General error: 1 no such table: car_rental_users (Connection: sqlite, SQL: insert into "car_rental_users" ("name", "email", "email_verified_at", "password", "phone", "role", "status", "license_number", "id_document_path", "license_document_path", "is_verified", "date_of_birth", "address", "remember_token", "updated_at", "created_at") values (Mr. Benton Ryan DDS, marcia56@example.com, 2025-09-24 12:53:08, $2y$04$78g4B33dBB9yvLZHXPZyOuzF4w5wzk7FwYQTRiFHrXZoaR9VfYlfW, +1-336-861-0990, admin, active, omf-1334-6472, documents/ids/e034fd7e-b642-30f9-8a24-13fbef72b326.pdf, documents/licenses/04cbc374-51e8-3a8d-8111-89fddc07cff6.pdf, 1, 2001-09-07 00:00:00, 664 Deckow Trail
East Faustoborough, ID 73274-0263, W1oJwiV7Vc, 2025-09-24 12:53:08, 2025-09-24 12:53:08))&#13;
at vendor\laravel\framework\src\Illuminate\Database\Connection.php:564
at vendor\laravel\framework\src\Illuminate\Database\Connection.php:811
at vendor\laravel\framework\src\Illuminate\Database\Connection.php:778
at vendor\laravel\framework\src\Illuminate\Database\Connection.php:559
at vendor\laravel\framework\src\Illuminate\Database\Connection.php:523
at vendor\laravel\framework\src\Illuminate\Database\Query\Processors\Processor.php:32
at vendor\laravel\framework\src\Illuminate\Database\Query\Builder.php:3853
at vendor\laravel\framework\src\Illuminate\Database\Eloquent\Builder.php:2235
at vendor\laravel\framework\src\Illuminate\Database\Eloquent\Model.php:1436
at vendor\laravel\framework\src\Illuminate\Database\Eloquent\Model.php:1401
at vendor\laravel\framework\src\Illuminate\Database\Eloquent\Model.php:1240
at vendor\laravel\framework\src\Illuminate\Database\Eloquent\Factories\Factory.php:370
at vendor\laravel\framework\src\Illuminate\Collections\Traits\EnumeratesValues.php:271
at vendor\laravel\framework\src\Illuminate\Database\Eloquent\Factories\Factory.php:365
at vendor\laravel\framework\src\Illuminate\Database\Eloquent\Factories\Factory.php:321
at tests\Feature\ReviewManagementTest.php:15
Caused by
PDOException: SQLSTATE[HY000]: General error: 1 no such table: car_rental_users

at vendor\laravel\framework\src\Illuminate\Database\Connection.php:564
at vendor\laravel\framework\src\Illuminate\Database\Connection.php:811
at vendor\laravel\framework\src\Illuminate\Database\Connection.php:778
at vendor\laravel\framework\src\Illuminate\Database\Connection.php:559
at vendor\laravel\framework\src\Illuminate\Database\Connection.php:523
at vendor\laravel\framework\src\Illuminate\Database\Query\Processors\Processor.php:32
at vendor\laravel\framework\src\Illuminate\Database\Query\Builder.php:3853
at vendor\laravel\framework\src\Illuminate\Database\Eloquent\Builder.php:2235
at vendor\laravel\framework\src\Illuminate\Database\Eloquent\Model.php:1436
at vendor\laravel\framework\src\Illuminate\Database\Eloquent\Model.php:1401
at vendor\laravel\framework\src\Illuminate\Database\Eloquent\Model.php:1240
at vendor\laravel\framework\src\Illuminate\Database\Eloquent\Factories\Factory.php:370
at vendor\laravel\framework\src\Illuminate\Collections\Traits\EnumeratesValues.php:271
at vendor\laravel\framework\src\Illuminate\Database\Eloquent\Factories\Factory.php:365
at vendor\laravel\framework\src\Illuminate\Database\Eloquent\Factories\Factory.php:321
at tests\Feature\ReviewManagementTest.php:15</error>
        </testcase>
        <testcase name="`Review Management` → `Review Listing` → it allows renter to view their own reviews" file="tests\Feature\ReviewManagementTest.php::`Review Management` → `Review Listing` → it allows renter to view their own reviews" class="Tests\Feature\ReviewManagementTest" classname="Tests.Feature.ReviewManagementTest" assertions="0" time="0.000000">
          <error type="Illuminate\Database\QueryException">`Review Management` → `Review Listing` → it allows renter to view their own reviewsIlluminate\Database\QueryException: SQLSTATE[HY000]: General error: 1 no such table: car_rental_users (Connection: sqlite, SQL: insert into "car_rental_users" ("name", "email", "email_verified_at", "password", "phone", "role", "status", "license_number", "id_document_path", "license_document_path", "is_verified", "date_of_birth", "address", "remember_token", "updated_at", "created_at") values (Mrs. Greta Homenick MD, kosinski@example.com, 2025-09-24 12:53:08, $2y$04$78g4B33dBB9yvLZHXPZyOuzF4w5wzk7FwYQTRiFHrXZoaR9VfYlfW, +1-479-386-2116, admin, active, vmg-7085-1156, documents/ids/685c9f6d-272e-3d86-b6a1-dd48a167f6d9.pdf, documents/licenses/9d202a48-7a18-3e03-bb5a-52cd8cc6fd10.pdf, 1, 1986-04-15 00:00:00, 119 Anita Knoll
North Hughland, NH 11639, XVcx9xp0aa, 2025-09-24 12:53:08, 2025-09-24 12:53:08))&#13;
at vendor\laravel\framework\src\Illuminate\Database\Connection.php:564
at vendor\laravel\framework\src\Illuminate\Database\Connection.php:811
at vendor\laravel\framework\src\Illuminate\Database\Connection.php:778
at vendor\laravel\framework\src\Illuminate\Database\Connection.php:559
at vendor\laravel\framework\src\Illuminate\Database\Connection.php:523
at vendor\laravel\framework\src\Illuminate\Database\Query\Processors\Processor.php:32
at vendor\laravel\framework\src\Illuminate\Database\Query\Builder.php:3853
at vendor\laravel\framework\src\Illuminate\Database\Eloquent\Builder.php:2235
at vendor\laravel\framework\src\Illuminate\Database\Eloquent\Model.php:1436
at vendor\laravel\framework\src\Illuminate\Database\Eloquent\Model.php:1401
at vendor\laravel\framework\src\Illuminate\Database\Eloquent\Model.php:1240
at vendor\laravel\framework\src\Illuminate\Database\Eloquent\Factories\Factory.php:370
at vendor\laravel\framework\src\Illuminate\Collections\Traits\EnumeratesValues.php:271
at vendor\laravel\framework\src\Illuminate\Database\Eloquent\Factories\Factory.php:365
at vendor\laravel\framework\src\Illuminate\Database\Eloquent\Factories\Factory.php:321
at tests\Feature\ReviewManagementTest.php:15
Caused by
PDOException: SQLSTATE[HY000]: General error: 1 no such table: car_rental_users

at vendor\laravel\framework\src\Illuminate\Database\Connection.php:564
at vendor\laravel\framework\src\Illuminate\Database\Connection.php:811
at vendor\laravel\framework\src\Illuminate\Database\Connection.php:778
at vendor\laravel\framework\src\Illuminate\Database\Connection.php:559
at vendor\laravel\framework\src\Illuminate\Database\Connection.php:523
at vendor\laravel\framework\src\Illuminate\Database\Query\Processors\Processor.php:32
at vendor\laravel\framework\src\Illuminate\Database\Query\Builder.php:3853
at vendor\laravel\framework\src\Illuminate\Database\Eloquent\Builder.php:2235
at vendor\laravel\framework\src\Illuminate\Database\Eloquent\Model.php:1436
at vendor\laravel\framework\src\Illuminate\Database\Eloquent\Model.php:1401
at vendor\laravel\framework\src\Illuminate\Database\Eloquent\Model.php:1240
at vendor\laravel\framework\src\Illuminate\Database\Eloquent\Factories\Factory.php:370
at vendor\laravel\framework\src\Illuminate\Collections\Traits\EnumeratesValues.php:271
at vendor\laravel\framework\src\Illuminate\Database\Eloquent\Factories\Factory.php:365
at vendor\laravel\framework\src\Illuminate\Database\Eloquent\Factories\Factory.php:321
at tests\Feature\ReviewManagementTest.php:15</error>
        </testcase>
        <testcase name="`Review Management` → `Review Updates` → it prevents renter from updating other renters reviews" file="tests\Feature\ReviewManagementTest.php::`Review Management` → `Review Updates` → it prevents renter from updating other renters reviews" class="Tests\Feature\ReviewManagementTest" classname="Tests.Feature.ReviewManagementTest" assertions="0" time="0.000000">
          <error type="Illuminate\Database\QueryException">`Review Management` → `Review Updates` → it prevents renter from updating other renters reviewsIlluminate\Database\QueryException: SQLSTATE[HY000]: General error: 1 no such table: car_rental_users (Connection: sqlite, SQL: insert into "car_rental_users" ("name", "email", "email_verified_at", "password", "phone", "role", "status", "license_number", "id_document_path", "license_document_path", "is_verified", "date_of_birth", "address", "remember_token", "updated_at", "created_at") values (Zoey Gusikowski, durgan.arthur@example.org, 2025-09-24 12:53:08, $2y$04$78g4B33dBB9yvLZHXPZyOuzF4w5wzk7FwYQTRiFHrXZoaR9VfYlfW, (725) 277-6754, admin, active, wxu-6487-5296, documents/ids/9fe52459-cdec-3344-a3c6-4c66989ae438.pdf, documents/licenses/0981bdb1-6d18-3809-92bb-5d64ac1f9072.pdf, 1, 2005-02-16 00:00:00, 990 Lindsey Parkways
Sipesmouth, WV 57440-8990, Z773TEmST3, 2025-09-24 12:53:08, 2025-09-24 12:53:08))&#13;
at vendor\laravel\framework\src\Illuminate\Database\Connection.php:564
at vendor\laravel\framework\src\Illuminate\Database\Connection.php:811
at vendor\laravel\framework\src\Illuminate\Database\Connection.php:778
at vendor\laravel\framework\src\Illuminate\Database\Connection.php:559
at vendor\laravel\framework\src\Illuminate\Database\Connection.php:523
at vendor\laravel\framework\src\Illuminate\Database\Query\Processors\Processor.php:32
at vendor\laravel\framework\src\Illuminate\Database\Query\Builder.php:3853
at vendor\laravel\framework\src\Illuminate\Database\Eloquent\Builder.php:2235
at vendor\laravel\framework\src\Illuminate\Database\Eloquent\Model.php:1436
at vendor\laravel\framework\src\Illuminate\Database\Eloquent\Model.php:1401
at vendor\laravel\framework\src\Illuminate\Database\Eloquent\Model.php:1240
at vendor\laravel\framework\src\Illuminate\Database\Eloquent\Factories\Factory.php:370
at vendor\laravel\framework\src\Illuminate\Collections\Traits\EnumeratesValues.php:271
at vendor\laravel\framework\src\Illuminate\Database\Eloquent\Factories\Factory.php:365
at vendor\laravel\framework\src\Illuminate\Database\Eloquent\Factories\Factory.php:321
at tests\Feature\ReviewManagementTest.php:15
Caused by
PDOException: SQLSTATE[HY000]: General error: 1 no such table: car_rental_users

at vendor\laravel\framework\src\Illuminate\Database\Connection.php:564
at vendor\laravel\framework\src\Illuminate\Database\Connection.php:811
at vendor\laravel\framework\src\Illuminate\Database\Connection.php:778
at vendor\laravel\framework\src\Illuminate\Database\Connection.php:559
at vendor\laravel\framework\src\Illuminate\Database\Connection.php:523
at vendor\laravel\framework\src\Illuminate\Database\Query\Processors\Processor.php:32
at vendor\laravel\framework\src\Illuminate\Database\Query\Builder.php:3853
at vendor\laravel\framework\src\Illuminate\Database\Eloquent\Builder.php:2235
at vendor\laravel\framework\src\Illuminate\Database\Eloquent\Model.php:1436
at vendor\laravel\framework\src\Illuminate\Database\Eloquent\Model.php:1401
at vendor\laravel\framework\src\Illuminate\Database\Eloquent\Model.php:1240
at vendor\laravel\framework\src\Illuminate\Database\Eloquent\Factories\Factory.php:370
at vendor\laravel\framework\src\Illuminate\Collections\Traits\EnumeratesValues.php:271
at vendor\laravel\framework\src\Illuminate\Database\Eloquent\Factories\Factory.php:365
at vendor\laravel\framework\src\Illuminate\Database\Eloquent\Factories\Factory.php:321
at tests\Feature\ReviewManagementTest.php:15</error>
        </testcase>
        <testcase name="`Review Management` → `Review Analytics` → it displays rating distribution" file="tests\Feature\ReviewManagementTest.php::`Review Management` → `Review Analytics` → it displays rating distribution" class="Tests\Feature\ReviewManagementTest" classname="Tests.Feature.ReviewManagementTest" assertions="0" time="0.000000">
          <error type="Illuminate\Database\QueryException">`Review Management` → `Review Analytics` → it displays rating distributionIlluminate\Database\QueryException: SQLSTATE[HY000]: General error: 1 no such table: car_rental_users (Connection: sqlite, SQL: insert into "car_rental_users" ("name", "email", "email_verified_at", "password", "phone", "role", "status", "license_number", "id_document_path", "license_document_path", "is_verified", "date_of_birth", "address", "remember_token", "updated_at", "created_at") values (Kristina Schuster, edmond.goyette@example.org, 2025-09-24 12:53:08, $2y$04$78g4B33dBB9yvLZHXPZyOuzF4w5wzk7FwYQTRiFHrXZoaR9VfYlfW, 564-904-5289, admin, active, iiy-4059-8036, documents/ids/967cdfb8-76b4-3309-850f-d4ee08c1479c.pdf, documents/licenses/7583608d-5935-3d1d-8fba-4e8e18b9653a.pdf, 1, 2005-06-15 00:00:00, 73943 Quitzon Mews Apt. 902
Lake Adonisside, TN 02780, XwW3mQGClv, 2025-09-24 12:53:08, 2025-09-24 12:53:08))&#13;
at vendor\laravel\framework\src\Illuminate\Database\Connection.php:564
at vendor\laravel\framework\src\Illuminate\Database\Connection.php:811
at vendor\laravel\framework\src\Illuminate\Database\Connection.php:778
at vendor\laravel\framework\src\Illuminate\Database\Connection.php:559
at vendor\laravel\framework\src\Illuminate\Database\Connection.php:523
at vendor\laravel\framework\src\Illuminate\Database\Query\Processors\Processor.php:32
at vendor\laravel\framework\src\Illuminate\Database\Query\Builder.php:3853
at vendor\laravel\framework\src\Illuminate\Database\Eloquent\Builder.php:2235
at vendor\laravel\framework\src\Illuminate\Database\Eloquent\Model.php:1436
at vendor\laravel\framework\src\Illuminate\Database\Eloquent\Model.php:1401
at vendor\laravel\framework\src\Illuminate\Database\Eloquent\Model.php:1240
at vendor\laravel\framework\src\Illuminate\Database\Eloquent\Factories\Factory.php:370
at vendor\laravel\framework\src\Illuminate\Collections\Traits\EnumeratesValues.php:271
at vendor\laravel\framework\src\Illuminate\Database\Eloquent\Factories\Factory.php:365
at vendor\laravel\framework\src\Illuminate\Database\Eloquent\Factories\Factory.php:321
at tests\Feature\ReviewManagementTest.php:15
Caused by
PDOException: SQLSTATE[HY000]: General error: 1 no such table: car_rental_users

at vendor\laravel\framework\src\Illuminate\Database\Connection.php:564
at vendor\laravel\framework\src\Illuminate\Database\Connection.php:811
at vendor\laravel\framework\src\Illuminate\Database\Connection.php:778
at vendor\laravel\framework\src\Illuminate\Database\Connection.php:559
at vendor\laravel\framework\src\Illuminate\Database\Connection.php:523
at vendor\laravel\framework\src\Illuminate\Database\Query\Processors\Processor.php:32
at vendor\laravel\framework\src\Illuminate\Database\Query\Builder.php:3853
at vendor\laravel\framework\src\Illuminate\Database\Eloquent\Builder.php:2235
at vendor\laravel\framework\src\Illuminate\Database\Eloquent\Model.php:1436
at vendor\laravel\framework\src\Illuminate\Database\Eloquent\Model.php:1401
at vendor\laravel\framework\src\Illuminate\Database\Eloquent\Model.php:1240
at vendor\laravel\framework\src\Illuminate\Database\Eloquent\Factories\Factory.php:370
at vendor\laravel\framework\src\Illuminate\Collections\Traits\EnumeratesValues.php:271
at vendor\laravel\framework\src\Illuminate\Database\Eloquent\Factories\Factory.php:365
at vendor\laravel\framework\src\Illuminate\Database\Eloquent\Factories\Factory.php:321
at tests\Feature\ReviewManagementTest.php:15</error>
        </testcase>
        <testcase name="`Review Management` → `Review Creation` → it validates rating range" file="tests\Feature\ReviewManagementTest.php::`Review Management` → `Review Creation` → it validates rating range" class="Tests\Feature\ReviewManagementTest" classname="Tests.Feature.ReviewManagementTest" assertions="0" time="0.000000">
          <error type="Illuminate\Database\QueryException">`Review Management` → `Review Creation` → it validates rating rangeIlluminate\Database\QueryException: SQLSTATE[HY000]: General error: 1 no such table: car_rental_users (Connection: sqlite, SQL: insert into "car_rental_users" ("name", "email", "email_verified_at", "password", "phone", "role", "status", "license_number", "id_document_path", "license_document_path", "is_verified", "date_of_birth", "address", "remember_token", "updated_at", "created_at") values (Ariel Upton, alfredo.mueller@example.com, 2025-09-24 12:53:08, $2y$04$78g4B33dBB9yvLZHXPZyOuzF4w5wzk7FwYQTRiFHrXZoaR9VfYlfW, +1-816-999-4809, admin, active, rkw-3631-0940, documents/ids/e1424137-71a8-380e-80df-188f787af486.pdf, documents/licenses/95e24b0a-c55d-37cd-9963-274bda54d8de.pdf, 1, 1968-07-22 00:00:00, 4192 Langworth Summit
Port Daron, VA 76869-1474, KCL9Lb4WJW, 2025-09-24 12:53:08, 2025-09-24 12:53:08))&#13;
at vendor\laravel\framework\src\Illuminate\Database\Connection.php:564
at vendor\laravel\framework\src\Illuminate\Database\Connection.php:811
at vendor\laravel\framework\src\Illuminate\Database\Connection.php:778
at vendor\laravel\framework\src\Illuminate\Database\Connection.php:559
at vendor\laravel\framework\src\Illuminate\Database\Connection.php:523
at vendor\laravel\framework\src\Illuminate\Database\Query\Processors\Processor.php:32
at vendor\laravel\framework\src\Illuminate\Database\Query\Builder.php:3853
at vendor\laravel\framework\src\Illuminate\Database\Eloquent\Builder.php:2235
at vendor\laravel\framework\src\Illuminate\Database\Eloquent\Model.php:1436
at vendor\laravel\framework\src\Illuminate\Database\Eloquent\Model.php:1401
at vendor\laravel\framework\src\Illuminate\Database\Eloquent\Model.php:1240
at vendor\laravel\framework\src\Illuminate\Database\Eloquent\Factories\Factory.php:370
at vendor\laravel\framework\src\Illuminate\Collections\Traits\EnumeratesValues.php:271
at vendor\laravel\framework\src\Illuminate\Database\Eloquent\Factories\Factory.php:365
at vendor\laravel\framework\src\Illuminate\Database\Eloquent\Factories\Factory.php:321
at tests\Feature\ReviewManagementTest.php:15
Caused by
PDOException: SQLSTATE[HY000]: General error: 1 no such table: car_rental_users

at vendor\laravel\framework\src\Illuminate\Database\Connection.php:564
at vendor\laravel\framework\src\Illuminate\Database\Connection.php:811
at vendor\laravel\framework\src\Illuminate\Database\Connection.php:778
at vendor\laravel\framework\src\Illuminate\Database\Connection.php:559
at vendor\laravel\framework\src\Illuminate\Database\Connection.php:523
at vendor\laravel\framework\src\Illuminate\Database\Query\Processors\Processor.php:32
at vendor\laravel\framework\src\Illuminate\Database\Query\Builder.php:3853
at vendor\laravel\framework\src\Illuminate\Database\Eloquent\Builder.php:2235
at vendor\laravel\framework\src\Illuminate\Database\Eloquent\Model.php:1436
at vendor\laravel\framework\src\Illuminate\Database\Eloquent\Model.php:1401
at vendor\laravel\framework\src\Illuminate\Database\Eloquent\Model.php:1240
at vendor\laravel\framework\src\Illuminate\Database\Eloquent\Factories\Factory.php:370
at vendor\laravel\framework\src\Illuminate\Collections\Traits\EnumeratesValues.php:271
at vendor\laravel\framework\src\Illuminate\Database\Eloquent\Factories\Factory.php:365
at vendor\laravel\framework\src\Illuminate\Database\Eloquent\Factories\Factory.php:321
at tests\Feature\ReviewManagementTest.php:15</error>
        </testcase>
        <testcase name="`Review Management` → `Review Deletion` → it allows admin to delete any review" file="tests\Feature\ReviewManagementTest.php::`Review Management` → `Review Deletion` → it allows admin to delete any review" class="Tests\Feature\ReviewManagementTest" classname="Tests.Feature.ReviewManagementTest" assertions="0" time="0.000000">
          <error type="Illuminate\Database\QueryException">`Review Management` → `Review Deletion` → it allows admin to delete any reviewIlluminate\Database\QueryException: SQLSTATE[HY000]: General error: 1 no such table: car_rental_users (Connection: sqlite, SQL: insert into "car_rental_users" ("name", "email", "email_verified_at", "password", "phone", "role", "status", "license_number", "id_document_path", "license_document_path", "is_verified", "date_of_birth", "address", "remember_token", "updated_at", "created_at") values (Miss Dejah Donnelly DDS, olaf39@example.org, 2025-09-24 12:53:08, $2y$04$78g4B33dBB9yvLZHXPZyOuzF4w5wzk7FwYQTRiFHrXZoaR9VfYlfW, (848) 322-3962, admin, active, flo-1884-5032, documents/ids/15628e58-6ac7-3599-b7e8-dc18d459bedf.pdf, documents/licenses/4ebc690c-0ae3-3941-9b6d-4df2e22fb6e6.pdf, 1, 1979-04-06 00:00:00, 98309 Erling Flat
Marleyport, FL 80656, c2Uoj4uk0t, 2025-09-24 12:53:08, 2025-09-24 12:53:08))&#13;
at vendor\laravel\framework\src\Illuminate\Database\Connection.php:564
at vendor\laravel\framework\src\Illuminate\Database\Connection.php:811
at vendor\laravel\framework\src\Illuminate\Database\Connection.php:778
at vendor\laravel\framework\src\Illuminate\Database\Connection.php:559
at vendor\laravel\framework\src\Illuminate\Database\Connection.php:523
at vendor\laravel\framework\src\Illuminate\Database\Query\Processors\Processor.php:32
at vendor\laravel\framework\src\Illuminate\Database\Query\Builder.php:3853
at vendor\laravel\framework\src\Illuminate\Database\Eloquent\Builder.php:2235
at vendor\laravel\framework\src\Illuminate\Database\Eloquent\Model.php:1436
at vendor\laravel\framework\src\Illuminate\Database\Eloquent\Model.php:1401
at vendor\laravel\framework\src\Illuminate\Database\Eloquent\Model.php:1240
at vendor\laravel\framework\src\Illuminate\Database\Eloquent\Factories\Factory.php:370
at vendor\laravel\framework\src\Illuminate\Collections\Traits\EnumeratesValues.php:271
at vendor\laravel\framework\src\Illuminate\Database\Eloquent\Factories\Factory.php:365
at vendor\laravel\framework\src\Illuminate\Database\Eloquent\Factories\Factory.php:321
at tests\Feature\ReviewManagementTest.php:15
Caused by
PDOException: SQLSTATE[HY000]: General error: 1 no such table: car_rental_users

at vendor\laravel\framework\src\Illuminate\Database\Connection.php:564
at vendor\laravel\framework\src\Illuminate\Database\Connection.php:811
at vendor\laravel\framework\src\Illuminate\Database\Connection.php:778
at vendor\laravel\framework\src\Illuminate\Database\Connection.php:559
at vendor\laravel\framework\src\Illuminate\Database\Connection.php:523
at vendor\laravel\framework\src\Illuminate\Database\Query\Processors\Processor.php:32
at vendor\laravel\framework\src\Illuminate\Database\Query\Builder.php:3853
at vendor\laravel\framework\src\Illuminate\Database\Eloquent\Builder.php:2235
at vendor\laravel\framework\src\Illuminate\Database\Eloquent\Model.php:1436
at vendor\laravel\framework\src\Illuminate\Database\Eloquent\Model.php:1401
at vendor\laravel\framework\src\Illuminate\Database\Eloquent\Model.php:1240
at vendor\laravel\framework\src\Illuminate\Database\Eloquent\Factories\Factory.php:370
at vendor\laravel\framework\src\Illuminate\Collections\Traits\EnumeratesValues.php:271
at vendor\laravel\framework\src\Illuminate\Database\Eloquent\Factories\Factory.php:365
at vendor\laravel\framework\src\Illuminate\Database\Eloquent\Factories\Factory.php:321
at tests\Feature\ReviewManagementTest.php:15</error>
        </testcase>
        <testcase name="`Review Management` → `Review Moderation` → it filters visible reviews in public views" file="tests\Feature\ReviewManagementTest.php::`Review Management` → `Review Moderation` → it filters visible reviews in public views" class="Tests\Feature\ReviewManagementTest" classname="Tests.Feature.ReviewManagementTest" assertions="0" time="0.000000">
          <error type="Illuminate\Database\QueryException">`Review Management` → `Review Moderation` → it filters visible reviews in public viewsIlluminate\Database\QueryException: SQLSTATE[HY000]: General error: 1 no such table: car_rental_users (Connection: sqlite, SQL: insert into "car_rental_users" ("name", "email", "email_verified_at", "password", "phone", "role", "status", "license_number", "id_document_path", "license_document_path", "is_verified", "date_of_birth", "address", "remember_token", "updated_at", "created_at") values (Mrs. Dortha Abshire Jr., rowe.krystina@example.com, 2025-09-24 12:53:08, $2y$04$78g4B33dBB9yvLZHXPZyOuzF4w5wzk7FwYQTRiFHrXZoaR9VfYlfW, 346.854.5194, admin, active, cxf-9988-1050, documents/ids/6f0d0bd1-0472-3246-b968-d791358fc296.pdf, documents/licenses/ab3b1b37-3097-3857-9058-8783a7b84329.pdf, 1, 1998-09-22 00:00:00, 7377 Abbott Wells Apt. 886
Grahamtown, GA 52461, RopZHLgkcC, 2025-09-24 12:53:08, 2025-09-24 12:53:08))&#13;
at vendor\laravel\framework\src\Illuminate\Database\Connection.php:564
at vendor\laravel\framework\src\Illuminate\Database\Connection.php:811
at vendor\laravel\framework\src\Illuminate\Database\Connection.php:778
at vendor\laravel\framework\src\Illuminate\Database\Connection.php:559
at vendor\laravel\framework\src\Illuminate\Database\Connection.php:523
at vendor\laravel\framework\src\Illuminate\Database\Query\Processors\Processor.php:32
at vendor\laravel\framework\src\Illuminate\Database\Query\Builder.php:3853
at vendor\laravel\framework\src\Illuminate\Database\Eloquent\Builder.php:2235
at vendor\laravel\framework\src\Illuminate\Database\Eloquent\Model.php:1436
at vendor\laravel\framework\src\Illuminate\Database\Eloquent\Model.php:1401
at vendor\laravel\framework\src\Illuminate\Database\Eloquent\Model.php:1240
at vendor\laravel\framework\src\Illuminate\Database\Eloquent\Factories\Factory.php:370
at vendor\laravel\framework\src\Illuminate\Collections\Traits\EnumeratesValues.php:271
at vendor\laravel\framework\src\Illuminate\Database\Eloquent\Factories\Factory.php:365
at vendor\laravel\framework\src\Illuminate\Database\Eloquent\Factories\Factory.php:321
at tests\Feature\ReviewManagementTest.php:15
Caused by
PDOException: SQLSTATE[HY000]: General error: 1 no such table: car_rental_users

at vendor\laravel\framework\src\Illuminate\Database\Connection.php:564
at vendor\laravel\framework\src\Illuminate\Database\Connection.php:811
at vendor\laravel\framework\src\Illuminate\Database\Connection.php:778
at vendor\laravel\framework\src\Illuminate\Database\Connection.php:559
at vendor\laravel\framework\src\Illuminate\Database\Connection.php:523
at vendor\laravel\framework\src\Illuminate\Database\Query\Processors\Processor.php:32
at vendor\laravel\framework\src\Illuminate\Database\Query\Builder.php:3853
at vendor\laravel\framework\src\Illuminate\Database\Eloquent\Builder.php:2235
at vendor\laravel\framework\src\Illuminate\Database\Eloquent\Model.php:1436
at vendor\laravel\framework\src\Illuminate\Database\Eloquent\Model.php:1401
at vendor\laravel\framework\src\Illuminate\Database\Eloquent\Model.php:1240
at vendor\laravel\framework\src\Illuminate\Database\Eloquent\Factories\Factory.php:370
at vendor\laravel\framework\src\Illuminate\Collections\Traits\EnumeratesValues.php:271
at vendor\laravel\framework\src\Illuminate\Database\Eloquent\Factories\Factory.php:365
at vendor\laravel\framework\src\Illuminate\Database\Eloquent\Factories\Factory.php:321
at tests\Feature\ReviewManagementTest.php:15</error>
        </testcase>
        <testcase name="`Review Management` → `Review Listing` → it filters reviews by rating" file="tests\Feature\ReviewManagementTest.php::`Review Management` → `Review Listing` → it filters reviews by rating" class="Tests\Feature\ReviewManagementTest" classname="Tests.Feature.ReviewManagementTest" assertions="0" time="0.000000">
          <error type="Illuminate\Database\QueryException">`Review Management` → `Review Listing` → it filters reviews by ratingIlluminate\Database\QueryException: SQLSTATE[HY000]: General error: 1 no such table: car_rental_users (Connection: sqlite, SQL: insert into "car_rental_users" ("name", "email", "email_verified_at", "password", "phone", "role", "status", "license_number", "id_document_path", "license_document_path", "is_verified", "date_of_birth", "address", "remember_token", "updated_at", "created_at") values (Mr. Mustafa Lesch DVM, jayce85@example.net, 2025-09-24 12:53:08, $2y$04$78g4B33dBB9yvLZHXPZyOuzF4w5wzk7FwYQTRiFHrXZoaR9VfYlfW, 630.454.8289, admin, active, nbl-1285-7162, documents/ids/9f0fd086-15f2-319b-a4de-f0ae969c31a3.pdf, documents/licenses/dce92373-38f3-3e41-b32f-9e64667298e3.pdf, 1, 2007-03-17 00:00:00, 91291 Lamar Key Apt. 587
Myahborough, DC 01498-1043, q1CQfjXl6a, 2025-09-24 12:53:08, 2025-09-24 12:53:08))&#13;
at vendor\laravel\framework\src\Illuminate\Database\Connection.php:564
at vendor\laravel\framework\src\Illuminate\Database\Connection.php:811
at vendor\laravel\framework\src\Illuminate\Database\Connection.php:778
at vendor\laravel\framework\src\Illuminate\Database\Connection.php:559
at vendor\laravel\framework\src\Illuminate\Database\Connection.php:523
at vendor\laravel\framework\src\Illuminate\Database\Query\Processors\Processor.php:32
at vendor\laravel\framework\src\Illuminate\Database\Query\Builder.php:3853
at vendor\laravel\framework\src\Illuminate\Database\Eloquent\Builder.php:2235
at vendor\laravel\framework\src\Illuminate\Database\Eloquent\Model.php:1436
at vendor\laravel\framework\src\Illuminate\Database\Eloquent\Model.php:1401
at vendor\laravel\framework\src\Illuminate\Database\Eloquent\Model.php:1240
at vendor\laravel\framework\src\Illuminate\Database\Eloquent\Factories\Factory.php:370
at vendor\laravel\framework\src\Illuminate\Collections\Traits\EnumeratesValues.php:271
at vendor\laravel\framework\src\Illuminate\Database\Eloquent\Factories\Factory.php:365
at vendor\laravel\framework\src\Illuminate\Database\Eloquent\Factories\Factory.php:321
at tests\Feature\ReviewManagementTest.php:15
Caused by
PDOException: SQLSTATE[HY000]: General error: 1 no such table: car_rental_users

at vendor\laravel\framework\src\Illuminate\Database\Connection.php:564
at vendor\laravel\framework\src\Illuminate\Database\Connection.php:811
at vendor\laravel\framework\src\Illuminate\Database\Connection.php:778
at vendor\laravel\framework\src\Illuminate\Database\Connection.php:559
at vendor\laravel\framework\src\Illuminate\Database\Connection.php:523
at vendor\laravel\framework\src\Illuminate\Database\Query\Processors\Processor.php:32
at vendor\laravel\framework\src\Illuminate\Database\Query\Builder.php:3853
at vendor\laravel\framework\src\Illuminate\Database\Eloquent\Builder.php:2235
at vendor\laravel\framework\src\Illuminate\Database\Eloquent\Model.php:1436
at vendor\laravel\framework\src\Illuminate\Database\Eloquent\Model.php:1401
at vendor\laravel\framework\src\Illuminate\Database\Eloquent\Model.php:1240
at vendor\laravel\framework\src\Illuminate\Database\Eloquent\Factories\Factory.php:370
at vendor\laravel\framework\src\Illuminate\Collections\Traits\EnumeratesValues.php:271
at vendor\laravel\framework\src\Illuminate\Database\Eloquent\Factories\Factory.php:365
at vendor\laravel\framework\src\Illuminate\Database\Eloquent\Factories\Factory.php:321
at tests\Feature\ReviewManagementTest.php:15</error>
        </testcase>
        <testcase name="`Review Management` → `Review Moderation` → it allows admin to hide inappropriate reviews" file="tests\Feature\ReviewManagementTest.php::`Review Management` → `Review Moderation` → it allows admin to hide inappropriate reviews" class="Tests\Feature\ReviewManagementTest" classname="Tests.Feature.ReviewManagementTest" assertions="0" time="0.000000">
          <error type="Illuminate\Database\QueryException">`Review Management` → `Review Moderation` → it allows admin to hide inappropriate reviewsIlluminate\Database\QueryException: SQLSTATE[HY000]: General error: 1 no such table: car_rental_users (Connection: sqlite, SQL: insert into "car_rental_users" ("name", "email", "email_verified_at", "password", "phone", "role", "status", "license_number", "id_document_path", "license_document_path", "is_verified", "date_of_birth", "address", "remember_token", "updated_at", "created_at") values (Miss Lavina Kuhlman II, raina29@example.net, 2025-09-24 12:53:08, $2y$04$78g4B33dBB9yvLZHXPZyOuzF4w5wzk7FwYQTRiFHrXZoaR9VfYlfW, 458.368.2420, admin, active, lch-4294-7178, documents/ids/ef0e59d0-22b4-3a6b-b9d4-fb0165a017c0.pdf, documents/licenses/d2d19a8e-dd54-301b-a1d7-1354d67dd137.pdf, 1, 2006-07-21 00:00:00, 669 Lockman Knolls
West Benjamin, MI 43009-5020, 3bE1XAw3FS, 2025-09-24 12:53:08, 2025-09-24 12:53:08))&#13;
at vendor\laravel\framework\src\Illuminate\Database\Connection.php:564
at vendor\laravel\framework\src\Illuminate\Database\Connection.php:811
at vendor\laravel\framework\src\Illuminate\Database\Connection.php:778
at vendor\laravel\framework\src\Illuminate\Database\Connection.php:559
at vendor\laravel\framework\src\Illuminate\Database\Connection.php:523
at vendor\laravel\framework\src\Illuminate\Database\Query\Processors\Processor.php:32
at vendor\laravel\framework\src\Illuminate\Database\Query\Builder.php:3853
at vendor\laravel\framework\src\Illuminate\Database\Eloquent\Builder.php:2235
at vendor\laravel\framework\src\Illuminate\Database\Eloquent\Model.php:1436
at vendor\laravel\framework\src\Illuminate\Database\Eloquent\Model.php:1401
at vendor\laravel\framework\src\Illuminate\Database\Eloquent\Model.php:1240
at vendor\laravel\framework\src\Illuminate\Database\Eloquent\Factories\Factory.php:370
at vendor\laravel\framework\src\Illuminate\Collections\Traits\EnumeratesValues.php:271
at vendor\laravel\framework\src\Illuminate\Database\Eloquent\Factories\Factory.php:365
at vendor\laravel\framework\src\Illuminate\Database\Eloquent\Factories\Factory.php:321
at tests\Feature\ReviewManagementTest.php:15
Caused by
PDOException: SQLSTATE[HY000]: General error: 1 no such table: car_rental_users

at vendor\laravel\framework\src\Illuminate\Database\Connection.php:564
at vendor\laravel\framework\src\Illuminate\Database\Connection.php:811
at vendor\laravel\framework\src\Illuminate\Database\Connection.php:778
at vendor\laravel\framework\src\Illuminate\Database\Connection.php:559
at vendor\laravel\framework\src\Illuminate\Database\Connection.php:523
at vendor\laravel\framework\src\Illuminate\Database\Query\Processors\Processor.php:32
at vendor\laravel\framework\src\Illuminate\Database\Query\Builder.php:3853
at vendor\laravel\framework\src\Illuminate\Database\Eloquent\Builder.php:2235
at vendor\laravel\framework\src\Illuminate\Database\Eloquent\Model.php:1436
at vendor\laravel\framework\src\Illuminate\Database\Eloquent\Model.php:1401
at vendor\laravel\framework\src\Illuminate\Database\Eloquent\Model.php:1240
at vendor\laravel\framework\src\Illuminate\Database\Eloquent\Factories\Factory.php:370
at vendor\laravel\framework\src\Illuminate\Collections\Traits\EnumeratesValues.php:271
at vendor\laravel\framework\src\Illuminate\Database\Eloquent\Factories\Factory.php:365
at vendor\laravel\framework\src\Illuminate\Database\Eloquent\Factories\Factory.php:321
at tests\Feature\ReviewManagementTest.php:15</error>
        </testcase>
        <testcase name="`Review Management` → `Review Listing` → it filters reviews by vehicle" file="tests\Feature\ReviewManagementTest.php::`Review Management` → `Review Listing` → it filters reviews by vehicle" class="Tests\Feature\ReviewManagementTest" classname="Tests.Feature.ReviewManagementTest" assertions="0" time="0.000000">
          <error type="Illuminate\Database\QueryException">`Review Management` → `Review Listing` → it filters reviews by vehicleIlluminate\Database\QueryException: SQLSTATE[HY000]: General error: 1 no such table: car_rental_users (Connection: sqlite, SQL: insert into "car_rental_users" ("name", "email", "email_verified_at", "password", "phone", "role", "status", "license_number", "id_document_path", "license_document_path", "is_verified", "date_of_birth", "address", "remember_token", "updated_at", "created_at") values (Marisa Rath, othompson@example.org, 2025-09-24 12:53:08, $2y$04$78g4B33dBB9yvLZHXPZyOuzF4w5wzk7FwYQTRiFHrXZoaR9VfYlfW, 1-973-306-2374, admin, active, pmf-0506-5847, documents/ids/3fd89b08-676f-3cc0-abb6-ace65e539515.pdf, documents/licenses/bc0aedbe-23e7-39fc-a33d-8cf7eaf6cf4e.pdf, 1, 1973-05-06 00:00:00, 36569 Jon Vista Apt. 494
Hilmabury, NY 31573, EsxEubEzyn, 2025-09-24 12:53:08, 2025-09-24 12:53:08))&#13;
at vendor\laravel\framework\src\Illuminate\Database\Connection.php:564
at vendor\laravel\framework\src\Illuminate\Database\Connection.php:811
at vendor\laravel\framework\src\Illuminate\Database\Connection.php:778
at vendor\laravel\framework\src\Illuminate\Database\Connection.php:559
at vendor\laravel\framework\src\Illuminate\Database\Connection.php:523
at vendor\laravel\framework\src\Illuminate\Database\Query\Processors\Processor.php:32
at vendor\laravel\framework\src\Illuminate\Database\Query\Builder.php:3853
at vendor\laravel\framework\src\Illuminate\Database\Eloquent\Builder.php:2235
at vendor\laravel\framework\src\Illuminate\Database\Eloquent\Model.php:1436
at vendor\laravel\framework\src\Illuminate\Database\Eloquent\Model.php:1401
at vendor\laravel\framework\src\Illuminate\Database\Eloquent\Model.php:1240
at vendor\laravel\framework\src\Illuminate\Database\Eloquent\Factories\Factory.php:370
at vendor\laravel\framework\src\Illuminate\Collections\Traits\EnumeratesValues.php:271
at vendor\laravel\framework\src\Illuminate\Database\Eloquent\Factories\Factory.php:365
at vendor\laravel\framework\src\Illuminate\Database\Eloquent\Factories\Factory.php:321
at tests\Feature\ReviewManagementTest.php:15
Caused by
PDOException: SQLSTATE[HY000]: General error: 1 no such table: car_rental_users

at vendor\laravel\framework\src\Illuminate\Database\Connection.php:564
at vendor\laravel\framework\src\Illuminate\Database\Connection.php:811
at vendor\laravel\framework\src\Illuminate\Database\Connection.php:778
at vendor\laravel\framework\src\Illuminate\Database\Connection.php:559
at vendor\laravel\framework\src\Illuminate\Database\Connection.php:523
at vendor\laravel\framework\src\Illuminate\Database\Query\Processors\Processor.php:32
at vendor\laravel\framework\src\Illuminate\Database\Query\Builder.php:3853
at vendor\laravel\framework\src\Illuminate\Database\Eloquent\Builder.php:2235
at vendor\laravel\framework\src\Illuminate\Database\Eloquent\Model.php:1436
at vendor\laravel\framework\src\Illuminate\Database\Eloquent\Model.php:1401
at vendor\laravel\framework\src\Illuminate\Database\Eloquent\Model.php:1240
at vendor\laravel\framework\src\Illuminate\Database\Eloquent\Factories\Factory.php:370
at vendor\laravel\framework\src\Illuminate\Collections\Traits\EnumeratesValues.php:271
at vendor\laravel\framework\src\Illuminate\Database\Eloquent\Factories\Factory.php:365
at vendor\laravel\framework\src\Illuminate\Database\Eloquent\Factories\Factory.php:321
at tests\Feature\ReviewManagementTest.php:15</error>
        </testcase>
        <testcase name="`Review Management` → `Review Listing` → it allows owner to view reviews for their vehicles" file="tests\Feature\ReviewManagementTest.php::`Review Management` → `Review Listing` → it allows owner to view reviews for their vehicles" class="Tests\Feature\ReviewManagementTest" classname="Tests.Feature.ReviewManagementTest" assertions="0" time="0.000000">
          <error type="Illuminate\Database\QueryException">`Review Management` → `Review Listing` → it allows owner to view reviews for their vehiclesIlluminate\Database\QueryException: SQLSTATE[HY000]: General error: 1 no such table: car_rental_users (Connection: sqlite, SQL: insert into "car_rental_users" ("name", "email", "email_verified_at", "password", "phone", "role", "status", "license_number", "id_document_path", "license_document_path", "is_verified", "date_of_birth", "address", "remember_token", "updated_at", "created_at") values (Johanna Leuschke PhD, turner56@example.com, 2025-09-24 12:53:08, $2y$04$78g4B33dBB9yvLZHXPZyOuzF4w5wzk7FwYQTRiFHrXZoaR9VfYlfW, +1.310.387.3553, admin, active, dsr-9455-4360, documents/ids/a3407dc5-39f3-39d1-9eaa-2760e7329f16.pdf, documents/licenses/cef50296-e0d2-3f46-a497-4f34887905d1.pdf, 1, 1965-05-04 00:00:00, 4669 Arlie Views Suite 528
Hershelbury, IN 07457, HkyCMH3Qsa, 2025-09-24 12:53:08, 2025-09-24 12:53:08))&#13;
at vendor\laravel\framework\src\Illuminate\Database\Connection.php:564
at vendor\laravel\framework\src\Illuminate\Database\Connection.php:811
at vendor\laravel\framework\src\Illuminate\Database\Connection.php:778
at vendor\laravel\framework\src\Illuminate\Database\Connection.php:559
at vendor\laravel\framework\src\Illuminate\Database\Connection.php:523
at vendor\laravel\framework\src\Illuminate\Database\Query\Processors\Processor.php:32
at vendor\laravel\framework\src\Illuminate\Database\Query\Builder.php:3853
at vendor\laravel\framework\src\Illuminate\Database\Eloquent\Builder.php:2235
at vendor\laravel\framework\src\Illuminate\Database\Eloquent\Model.php:1436
at vendor\laravel\framework\src\Illuminate\Database\Eloquent\Model.php:1401
at vendor\laravel\framework\src\Illuminate\Database\Eloquent\Model.php:1240
at vendor\laravel\framework\src\Illuminate\Database\Eloquent\Factories\Factory.php:370
at vendor\laravel\framework\src\Illuminate\Collections\Traits\EnumeratesValues.php:271
at vendor\laravel\framework\src\Illuminate\Database\Eloquent\Factories\Factory.php:365
at vendor\laravel\framework\src\Illuminate\Database\Eloquent\Factories\Factory.php:321
at tests\Feature\ReviewManagementTest.php:15
Caused by
PDOException: SQLSTATE[HY000]: General error: 1 no such table: car_rental_users

at vendor\laravel\framework\src\Illuminate\Database\Connection.php:564
at vendor\laravel\framework\src\Illuminate\Database\Connection.php:811
at vendor\laravel\framework\src\Illuminate\Database\Connection.php:778
at vendor\laravel\framework\src\Illuminate\Database\Connection.php:559
at vendor\laravel\framework\src\Illuminate\Database\Connection.php:523
at vendor\laravel\framework\src\Illuminate\Database\Query\Processors\Processor.php:32
at vendor\laravel\framework\src\Illuminate\Database\Query\Builder.php:3853
at vendor\laravel\framework\src\Illuminate\Database\Eloquent\Builder.php:2235
at vendor\laravel\framework\src\Illuminate\Database\Eloquent\Model.php:1436
at vendor\laravel\framework\src\Illuminate\Database\Eloquent\Model.php:1401
at vendor\laravel\framework\src\Illuminate\Database\Eloquent\Model.php:1240
at vendor\laravel\framework\src\Illuminate\Database\Eloquent\Factories\Factory.php:370
at vendor\laravel\framework\src\Illuminate\Collections\Traits\EnumeratesValues.php:271
at vendor\laravel\framework\src\Illuminate\Database\Eloquent\Factories\Factory.php:365
at vendor\laravel\framework\src\Illuminate\Database\Eloquent\Factories\Factory.php:321
at tests\Feature\ReviewManagementTest.php:15</error>
        </testcase>
        <testcase name="`Review Management` → `Review Updates` → it allows admin to update any review" file="tests\Feature\ReviewManagementTest.php::`Review Management` → `Review Updates` → it allows admin to update any review" class="Tests\Feature\ReviewManagementTest" classname="Tests.Feature.ReviewManagementTest" assertions="0" time="0.000000">
          <error type="Illuminate\Database\QueryException">`Review Management` → `Review Updates` → it allows admin to update any reviewIlluminate\Database\QueryException: SQLSTATE[HY000]: General error: 1 no such table: car_rental_users (Connection: sqlite, SQL: insert into "car_rental_users" ("name", "email", "email_verified_at", "password", "phone", "role", "status", "license_number", "id_document_path", "license_document_path", "is_verified", "date_of_birth", "address", "remember_token", "updated_at", "created_at") values (London Emard MD, uhettinger@example.net, 2025-09-24 12:53:08, $2y$04$78g4B33dBB9yvLZHXPZyOuzF4w5wzk7FwYQTRiFHrXZoaR9VfYlfW, +1-541-554-6009, admin, active, cey-2083-4602, documents/ids/e208aa9e-1ff9-33d1-8431-9f381162e1dc.pdf, documents/licenses/af63e0af-47c8-3813-9f42-fc5ab92f2bfe.pdf, 1, 2002-08-12 00:00:00, 917 Tad Stream
Langburgh, HI 03575, bFBgvzAJSr, 2025-09-24 12:53:08, 2025-09-24 12:53:08))&#13;
at vendor\laravel\framework\src\Illuminate\Database\Connection.php:564
at vendor\laravel\framework\src\Illuminate\Database\Connection.php:811
at vendor\laravel\framework\src\Illuminate\Database\Connection.php:778
at vendor\laravel\framework\src\Illuminate\Database\Connection.php:559
at vendor\laravel\framework\src\Illuminate\Database\Connection.php:523
at vendor\laravel\framework\src\Illuminate\Database\Query\Processors\Processor.php:32
at vendor\laravel\framework\src\Illuminate\Database\Query\Builder.php:3853
at vendor\laravel\framework\src\Illuminate\Database\Eloquent\Builder.php:2235
at vendor\laravel\framework\src\Illuminate\Database\Eloquent\Model.php:1436
at vendor\laravel\framework\src\Illuminate\Database\Eloquent\Model.php:1401
at vendor\laravel\framework\src\Illuminate\Database\Eloquent\Model.php:1240
at vendor\laravel\framework\src\Illuminate\Database\Eloquent\Factories\Factory.php:370
at vendor\laravel\framework\src\Illuminate\Collections\Traits\EnumeratesValues.php:271
at vendor\laravel\framework\src\Illuminate\Database\Eloquent\Factories\Factory.php:365
at vendor\laravel\framework\src\Illuminate\Database\Eloquent\Factories\Factory.php:321
at tests\Feature\ReviewManagementTest.php:15
Caused by
PDOException: SQLSTATE[HY000]: General error: 1 no such table: car_rental_users

at vendor\laravel\framework\src\Illuminate\Database\Connection.php:564
at vendor\laravel\framework\src\Illuminate\Database\Connection.php:811
at vendor\laravel\framework\src\Illuminate\Database\Connection.php:778
at vendor\laravel\framework\src\Illuminate\Database\Connection.php:559
at vendor\laravel\framework\src\Illuminate\Database\Connection.php:523
at vendor\laravel\framework\src\Illuminate\Database\Query\Processors\Processor.php:32
at vendor\laravel\framework\src\Illuminate\Database\Query\Builder.php:3853
at vendor\laravel\framework\src\Illuminate\Database\Eloquent\Builder.php:2235
at vendor\laravel\framework\src\Illuminate\Database\Eloquent\Model.php:1436
at vendor\laravel\framework\src\Illuminate\Database\Eloquent\Model.php:1401
at vendor\laravel\framework\src\Illuminate\Database\Eloquent\Model.php:1240
at vendor\laravel\framework\src\Illuminate\Database\Eloquent\Factories\Factory.php:370
at vendor\laravel\framework\src\Illuminate\Collections\Traits\EnumeratesValues.php:271
at vendor\laravel\framework\src\Illuminate\Database\Eloquent\Factories\Factory.php:365
at vendor\laravel\framework\src\Illuminate\Database\Eloquent\Factories\Factory.php:321
at tests\Feature\ReviewManagementTest.php:15</error>
        </testcase>
        <testcase name="`Review Management` → `Review Updates` → it allows renter to update their own review" file="tests\Feature\ReviewManagementTest.php::`Review Management` → `Review Updates` → it allows renter to update their own review" class="Tests\Feature\ReviewManagementTest" classname="Tests.Feature.ReviewManagementTest" assertions="0" time="0.000000">
          <error type="Illuminate\Database\QueryException">`Review Management` → `Review Updates` → it allows renter to update their own reviewIlluminate\Database\QueryException: SQLSTATE[HY000]: General error: 1 no such table: car_rental_users (Connection: sqlite, SQL: insert into "car_rental_users" ("name", "email", "email_verified_at", "password", "phone", "role", "status", "license_number", "id_document_path", "license_document_path", "is_verified", "date_of_birth", "address", "remember_token", "updated_at", "created_at") values (Prof. Norberto Mitchell, xavier.wuckert@example.org, 2025-09-24 12:53:08, $2y$04$78g4B33dBB9yvLZHXPZyOuzF4w5wzk7FwYQTRiFHrXZoaR9VfYlfW, +1.754.409.5393, admin, active, krj-4805-5055, documents/ids/dd1743bb-e1e0-34f8-b33a-2c259b34082f.pdf, documents/licenses/873f22ae-9eb7-315e-a1ad-a0f24ce73de1.pdf, 1, 1990-09-01 00:00:00, 55873 Jasper Circle Apt. 898
Maximillianburgh, PA 63186-3551, tSg63L9Ofn, 2025-09-24 12:53:08, 2025-09-24 12:53:08))&#13;
at vendor\laravel\framework\src\Illuminate\Database\Connection.php:564
at vendor\laravel\framework\src\Illuminate\Database\Connection.php:811
at vendor\laravel\framework\src\Illuminate\Database\Connection.php:778
at vendor\laravel\framework\src\Illuminate\Database\Connection.php:559
at vendor\laravel\framework\src\Illuminate\Database\Connection.php:523
at vendor\laravel\framework\src\Illuminate\Database\Query\Processors\Processor.php:32
at vendor\laravel\framework\src\Illuminate\Database\Query\Builder.php:3853
at vendor\laravel\framework\src\Illuminate\Database\Eloquent\Builder.php:2235
at vendor\laravel\framework\src\Illuminate\Database\Eloquent\Model.php:1436
at vendor\laravel\framework\src\Illuminate\Database\Eloquent\Model.php:1401
at vendor\laravel\framework\src\Illuminate\Database\Eloquent\Model.php:1240
at vendor\laravel\framework\src\Illuminate\Database\Eloquent\Factories\Factory.php:370
at vendor\laravel\framework\src\Illuminate\Collections\Traits\EnumeratesValues.php:271
at vendor\laravel\framework\src\Illuminate\Database\Eloquent\Factories\Factory.php:365
at vendor\laravel\framework\src\Illuminate\Database\Eloquent\Factories\Factory.php:321
at tests\Feature\ReviewManagementTest.php:15
Caused by
PDOException: SQLSTATE[HY000]: General error: 1 no such table: car_rental_users

at vendor\laravel\framework\src\Illuminate\Database\Connection.php:564
at vendor\laravel\framework\src\Illuminate\Database\Connection.php:811
at vendor\laravel\framework\src\Illuminate\Database\Connection.php:778
at vendor\laravel\framework\src\Illuminate\Database\Connection.php:559
at vendor\laravel\framework\src\Illuminate\Database\Connection.php:523
at vendor\laravel\framework\src\Illuminate\Database\Query\Processors\Processor.php:32
at vendor\laravel\framework\src\Illuminate\Database\Query\Builder.php:3853
at vendor\laravel\framework\src\Illuminate\Database\Eloquent\Builder.php:2235
at vendor\laravel\framework\src\Illuminate\Database\Eloquent\Model.php:1436
at vendor\laravel\framework\src\Illuminate\Database\Eloquent\Model.php:1401
at vendor\laravel\framework\src\Illuminate\Database\Eloquent\Model.php:1240
at vendor\laravel\framework\src\Illuminate\Database\Eloquent\Factories\Factory.php:370
at vendor\laravel\framework\src\Illuminate\Collections\Traits\EnumeratesValues.php:271
at vendor\laravel\framework\src\Illuminate\Database\Eloquent\Factories\Factory.php:365
at vendor\laravel\framework\src\Illuminate\Database\Eloquent\Factories\Factory.php:321
at tests\Feature\ReviewManagementTest.php:15</error>
        </testcase>
        <testcase name="`Review Management` → `Review Deletion` → it allows renter to delete their own review" file="tests\Feature\ReviewManagementTest.php::`Review Management` → `Review Deletion` → it allows renter to delete their own review" class="Tests\Feature\ReviewManagementTest" classname="Tests.Feature.ReviewManagementTest" assertions="0" time="0.000000">
          <error type="Illuminate\Database\QueryException">`Review Management` → `Review Deletion` → it allows renter to delete their own reviewIlluminate\Database\QueryException: SQLSTATE[HY000]: General error: 1 no such table: car_rental_users (Connection: sqlite, SQL: insert into "car_rental_users" ("name", "email", "email_verified_at", "password", "phone", "role", "status", "license_number", "id_document_path", "license_document_path", "is_verified", "date_of_birth", "address", "remember_token", "updated_at", "created_at") values (Dr. Antwan Grimes, lesch.kenna@example.com, 2025-09-24 12:53:09, $2y$04$78g4B33dBB9yvLZHXPZyOuzF4w5wzk7FwYQTRiFHrXZoaR9VfYlfW, 906-392-0623, admin, active, xtz-0663-6189, documents/ids/97dc210d-6595-33b0-90ca-e14bbc77136f.pdf, documents/licenses/84fe8a03-4720-31a7-ae0e-d8bcf9e3430a.pdf, 1, 1981-12-31 00:00:00, 35740 Petra Valley Apt. 861
Loganton, VA 56247-6117, 3GxJFG4qp6, 2025-09-24 12:53:09, 2025-09-24 12:53:09))&#13;
at vendor\laravel\framework\src\Illuminate\Database\Connection.php:564
at vendor\laravel\framework\src\Illuminate\Database\Connection.php:811
at vendor\laravel\framework\src\Illuminate\Database\Connection.php:778
at vendor\laravel\framework\src\Illuminate\Database\Connection.php:559
at vendor\laravel\framework\src\Illuminate\Database\Connection.php:523
at vendor\laravel\framework\src\Illuminate\Database\Query\Processors\Processor.php:32
at vendor\laravel\framework\src\Illuminate\Database\Query\Builder.php:3853
at vendor\laravel\framework\src\Illuminate\Database\Eloquent\Builder.php:2235
at vendor\laravel\framework\src\Illuminate\Database\Eloquent\Model.php:1436
at vendor\laravel\framework\src\Illuminate\Database\Eloquent\Model.php:1401
at vendor\laravel\framework\src\Illuminate\Database\Eloquent\Model.php:1240
at vendor\laravel\framework\src\Illuminate\Database\Eloquent\Factories\Factory.php:370
at vendor\laravel\framework\src\Illuminate\Collections\Traits\EnumeratesValues.php:271
at vendor\laravel\framework\src\Illuminate\Database\Eloquent\Factories\Factory.php:365
at vendor\laravel\framework\src\Illuminate\Database\Eloquent\Factories\Factory.php:321
at tests\Feature\ReviewManagementTest.php:15
Caused by
PDOException: SQLSTATE[HY000]: General error: 1 no such table: car_rental_users

at vendor\laravel\framework\src\Illuminate\Database\Connection.php:564
at vendor\laravel\framework\src\Illuminate\Database\Connection.php:811
at vendor\laravel\framework\src\Illuminate\Database\Connection.php:778
at vendor\laravel\framework\src\Illuminate\Database\Connection.php:559
at vendor\laravel\framework\src\Illuminate\Database\Connection.php:523
at vendor\laravel\framework\src\Illuminate\Database\Query\Processors\Processor.php:32
at vendor\laravel\framework\src\Illuminate\Database\Query\Builder.php:3853
at vendor\laravel\framework\src\Illuminate\Database\Eloquent\Builder.php:2235
at vendor\laravel\framework\src\Illuminate\Database\Eloquent\Model.php:1436
at vendor\laravel\framework\src\Illuminate\Database\Eloquent\Model.php:1401
at vendor\laravel\framework\src\Illuminate\Database\Eloquent\Model.php:1240
at vendor\laravel\framework\src\Illuminate\Database\Eloquent\Factories\Factory.php:370
at vendor\laravel\framework\src\Illuminate\Collections\Traits\EnumeratesValues.php:271
at vendor\laravel\framework\src\Illuminate\Database\Eloquent\Factories\Factory.php:365
at vendor\laravel\framework\src\Illuminate\Database\Eloquent\Factories\Factory.php:321
at tests\Feature\ReviewManagementTest.php:15</error>
        </testcase>
        <testcase name="`Review Management` → `Review Listing` → it allows admin to view all reviews" file="tests\Feature\ReviewManagementTest.php::`Review Management` → `Review Listing` → it allows admin to view all reviews" class="Tests\Feature\ReviewManagementTest" classname="Tests.Feature.ReviewManagementTest" assertions="0" time="0.000000">
          <error type="Illuminate\Database\QueryException">`Review Management` → `Review Listing` → it allows admin to view all reviewsIlluminate\Database\QueryException: SQLSTATE[HY000]: General error: 1 no such table: car_rental_users (Connection: sqlite, SQL: insert into "car_rental_users" ("name", "email", "email_verified_at", "password", "phone", "role", "status", "license_number", "id_document_path", "license_document_path", "is_verified", "date_of_birth", "address", "remember_token", "updated_at", "created_at") values (Marlee Ryan, cremin.angelo@example.org, 2025-09-24 12:53:09, $2y$04$78g4B33dBB9yvLZHXPZyOuzF4w5wzk7FwYQTRiFHrXZoaR9VfYlfW, +1-385-579-2238, admin, active, cza-8382-3617, documents/ids/09e7eae2-0ae0-3e61-907b-dc388e839f4a.pdf, documents/licenses/debf9626-0413-3d05-a08f-2c7084d8d36c.pdf, 1, 1981-01-10 00:00:00, 18037 Toby Common
Eliseborough, NJ 89329, owI5rwtbFS, 2025-09-24 12:53:09, 2025-09-24 12:53:09))&#13;
at vendor\laravel\framework\src\Illuminate\Database\Connection.php:564
at vendor\laravel\framework\src\Illuminate\Database\Connection.php:811
at vendor\laravel\framework\src\Illuminate\Database\Connection.php:778
at vendor\laravel\framework\src\Illuminate\Database\Connection.php:559
at vendor\laravel\framework\src\Illuminate\Database\Connection.php:523
at vendor\laravel\framework\src\Illuminate\Database\Query\Processors\Processor.php:32
at vendor\laravel\framework\src\Illuminate\Database\Query\Builder.php:3853
at vendor\laravel\framework\src\Illuminate\Database\Eloquent\Builder.php:2235
at vendor\laravel\framework\src\Illuminate\Database\Eloquent\Model.php:1436
at vendor\laravel\framework\src\Illuminate\Database\Eloquent\Model.php:1401
at vendor\laravel\framework\src\Illuminate\Database\Eloquent\Model.php:1240
at vendor\laravel\framework\src\Illuminate\Database\Eloquent\Factories\Factory.php:370
at vendor\laravel\framework\src\Illuminate\Collections\Traits\EnumeratesValues.php:271
at vendor\laravel\framework\src\Illuminate\Database\Eloquent\Factories\Factory.php:365
at vendor\laravel\framework\src\Illuminate\Database\Eloquent\Factories\Factory.php:321
at tests\Feature\ReviewManagementTest.php:15
Caused by
PDOException: SQLSTATE[HY000]: General error: 1 no such table: car_rental_users

at vendor\laravel\framework\src\Illuminate\Database\Connection.php:564
at vendor\laravel\framework\src\Illuminate\Database\Connection.php:811
at vendor\laravel\framework\src\Illuminate\Database\Connection.php:778
at vendor\laravel\framework\src\Illuminate\Database\Connection.php:559
at vendor\laravel\framework\src\Illuminate\Database\Connection.php:523
at vendor\laravel\framework\src\Illuminate\Database\Query\Processors\Processor.php:32
at vendor\laravel\framework\src\Illuminate\Database\Query\Builder.php:3853
at vendor\laravel\framework\src\Illuminate\Database\Eloquent\Builder.php:2235
at vendor\laravel\framework\src\Illuminate\Database\Eloquent\Model.php:1436
at vendor\laravel\framework\src\Illuminate\Database\Eloquent\Model.php:1401
at vendor\laravel\framework\src\Illuminate\Database\Eloquent\Model.php:1240
at vendor\laravel\framework\src\Illuminate\Database\Eloquent\Factories\Factory.php:370
at vendor\laravel\framework\src\Illuminate\Collections\Traits\EnumeratesValues.php:271
at vendor\laravel\framework\src\Illuminate\Database\Eloquent\Factories\Factory.php:365
at vendor\laravel\framework\src\Illuminate\Database\Eloquent\Factories\Factory.php:321
at tests\Feature\ReviewManagementTest.php:15</error>
        </testcase>
        <testcase name="`Review Management` → `Review Creation` → it allows renter to create review after completed booking" file="tests\Feature\ReviewManagementTest.php::`Review Management` → `Review Creation` → it allows renter to create review after completed booking" class="Tests\Feature\ReviewManagementTest" classname="Tests.Feature.ReviewManagementTest" assertions="0" time="0.000000">
          <error type="Illuminate\Database\QueryException">`Review Management` → `Review Creation` → it allows renter to create review after completed bookingIlluminate\Database\QueryException: SQLSTATE[HY000]: General error: 1 no such table: car_rental_users (Connection: sqlite, SQL: insert into "car_rental_users" ("name", "email", "email_verified_at", "password", "phone", "role", "status", "license_number", "id_document_path", "license_document_path", "is_verified", "date_of_birth", "address", "remember_token", "updated_at", "created_at") values (Dylan Bahringer, katarina29@example.net, 2025-09-24 12:53:09, $2y$04$78g4B33dBB9yvLZHXPZyOuzF4w5wzk7FwYQTRiFHrXZoaR9VfYlfW, +1-878-454-7363, admin, active, gkn-0675-4738, documents/ids/de281425-2ba1-340a-926e-7c1a7761d9a9.pdf, documents/licenses/4bf28249-f7a5-35c2-a75d-a58572ec4bc9.pdf, 1, 1990-12-25 00:00:00, 189 Neha Prairie
Rosaliahaven, NY 16821-8622, NE3WwX9g8k, 2025-09-24 12:53:09, 2025-09-24 12:53:09))&#13;
at vendor\laravel\framework\src\Illuminate\Database\Connection.php:564
at vendor\laravel\framework\src\Illuminate\Database\Connection.php:811
at vendor\laravel\framework\src\Illuminate\Database\Connection.php:778
at vendor\laravel\framework\src\Illuminate\Database\Connection.php:559
at vendor\laravel\framework\src\Illuminate\Database\Connection.php:523
at vendor\laravel\framework\src\Illuminate\Database\Query\Processors\Processor.php:32
at vendor\laravel\framework\src\Illuminate\Database\Query\Builder.php:3853
at vendor\laravel\framework\src\Illuminate\Database\Eloquent\Builder.php:2235
at vendor\laravel\framework\src\Illuminate\Database\Eloquent\Model.php:1436
at vendor\laravel\framework\src\Illuminate\Database\Eloquent\Model.php:1401
at vendor\laravel\framework\src\Illuminate\Database\Eloquent\Model.php:1240
at vendor\laravel\framework\src\Illuminate\Database\Eloquent\Factories\Factory.php:370
at vendor\laravel\framework\src\Illuminate\Collections\Traits\EnumeratesValues.php:271
at vendor\laravel\framework\src\Illuminate\Database\Eloquent\Factories\Factory.php:365
at vendor\laravel\framework\src\Illuminate\Database\Eloquent\Factories\Factory.php:321
at tests\Feature\ReviewManagementTest.php:15
Caused by
PDOException: SQLSTATE[HY000]: General error: 1 no such table: car_rental_users

at vendor\laravel\framework\src\Illuminate\Database\Connection.php:564
at vendor\laravel\framework\src\Illuminate\Database\Connection.php:811
at vendor\laravel\framework\src\Illuminate\Database\Connection.php:778
at vendor\laravel\framework\src\Illuminate\Database\Connection.php:559
at vendor\laravel\framework\src\Illuminate\Database\Connection.php:523
at vendor\laravel\framework\src\Illuminate\Database\Query\Processors\Processor.php:32
at vendor\laravel\framework\src\Illuminate\Database\Query\Builder.php:3853
at vendor\laravel\framework\src\Illuminate\Database\Eloquent\Builder.php:2235
at vendor\laravel\framework\src\Illuminate\Database\Eloquent\Model.php:1436
at vendor\laravel\framework\src\Illuminate\Database\Eloquent\Model.php:1401
at vendor\laravel\framework\src\Illuminate\Database\Eloquent\Model.php:1240
at vendor\laravel\framework\src\Illuminate\Database\Eloquent\Factories\Factory.php:370
at vendor\laravel\framework\src\Illuminate\Collections\Traits\EnumeratesValues.php:271
at vendor\laravel\framework\src\Illuminate\Database\Eloquent\Factories\Factory.php:365
at vendor\laravel\framework\src\Illuminate\Database\Eloquent\Factories\Factory.php:321
at tests\Feature\ReviewManagementTest.php:15</error>
        </testcase>
        <testcase name="`Review Management` → `Review Moderation` → it allows admin to approve hidden reviews" file="tests\Feature\ReviewManagementTest.php::`Review Management` → `Review Moderation` → it allows admin to approve hidden reviews" class="Tests\Feature\ReviewManagementTest" classname="Tests.Feature.ReviewManagementTest" assertions="0" time="0.000000">
          <error type="Illuminate\Database\QueryException">`Review Management` → `Review Moderation` → it allows admin to approve hidden reviewsIlluminate\Database\QueryException: SQLSTATE[HY000]: General error: 1 no such table: car_rental_users (Connection: sqlite, SQL: insert into "car_rental_users" ("name", "email", "email_verified_at", "password", "phone", "role", "status", "license_number", "id_document_path", "license_document_path", "is_verified", "date_of_birth", "address", "remember_token", "updated_at", "created_at") values (Michele Feeney, wfay@example.net, 2025-09-24 12:53:09, $2y$04$78g4B33dBB9yvLZHXPZyOuzF4w5wzk7FwYQTRiFHrXZoaR9VfYlfW, 949.998.2321, admin, active, bbg-3453-5202, documents/ids/c6d65d01-235d-3c7f-b003-0816f0c6399b.pdf, documents/licenses/0756b6ff-ca55-3891-a807-7d4384ccc029.pdf, 1, 1987-12-10 00:00:00, 858 Mac Lake Suite 896
South Meaghan, NY 19419, YdRobv21u4, 2025-09-24 12:53:09, 2025-09-24 12:53:09))&#13;
at vendor\laravel\framework\src\Illuminate\Database\Connection.php:564
at vendor\laravel\framework\src\Illuminate\Database\Connection.php:811
at vendor\laravel\framework\src\Illuminate\Database\Connection.php:778
at vendor\laravel\framework\src\Illuminate\Database\Connection.php:559
at vendor\laravel\framework\src\Illuminate\Database\Connection.php:523
at vendor\laravel\framework\src\Illuminate\Database\Query\Processors\Processor.php:32
at vendor\laravel\framework\src\Illuminate\Database\Query\Builder.php:3853
at vendor\laravel\framework\src\Illuminate\Database\Eloquent\Builder.php:2235
at vendor\laravel\framework\src\Illuminate\Database\Eloquent\Model.php:1436
at vendor\laravel\framework\src\Illuminate\Database\Eloquent\Model.php:1401
at vendor\laravel\framework\src\Illuminate\Database\Eloquent\Model.php:1240
at vendor\laravel\framework\src\Illuminate\Database\Eloquent\Factories\Factory.php:370
at vendor\laravel\framework\src\Illuminate\Collections\Traits\EnumeratesValues.php:271
at vendor\laravel\framework\src\Illuminate\Database\Eloquent\Factories\Factory.php:365
at vendor\laravel\framework\src\Illuminate\Database\Eloquent\Factories\Factory.php:321
at tests\Feature\ReviewManagementTest.php:15
Caused by
PDOException: SQLSTATE[HY000]: General error: 1 no such table: car_rental_users

at vendor\laravel\framework\src\Illuminate\Database\Connection.php:564
at vendor\laravel\framework\src\Illuminate\Database\Connection.php:811
at vendor\laravel\framework\src\Illuminate\Database\Connection.php:778
at vendor\laravel\framework\src\Illuminate\Database\Connection.php:559
at vendor\laravel\framework\src\Illuminate\Database\Connection.php:523
at vendor\laravel\framework\src\Illuminate\Database\Query\Processors\Processor.php:32
at vendor\laravel\framework\src\Illuminate\Database\Query\Builder.php:3853
at vendor\laravel\framework\src\Illuminate\Database\Eloquent\Builder.php:2235
at vendor\laravel\framework\src\Illuminate\Database\Eloquent\Model.php:1436
at vendor\laravel\framework\src\Illuminate\Database\Eloquent\Model.php:1401
at vendor\laravel\framework\src\Illuminate\Database\Eloquent\Model.php:1240
at vendor\laravel\framework\src\Illuminate\Database\Eloquent\Factories\Factory.php:370
at vendor\laravel\framework\src\Illuminate\Collections\Traits\EnumeratesValues.php:271
at vendor\laravel\framework\src\Illuminate\Database\Eloquent\Factories\Factory.php:365
at vendor\laravel\framework\src\Illuminate\Database\Eloquent\Factories\Factory.php:321
at tests\Feature\ReviewManagementTest.php:15</error>
        </testcase>
        <testcase name="`Review Management` → `Review Deletion` → it prevents renter from deleting other renters reviews" file="tests\Feature\ReviewManagementTest.php::`Review Management` → `Review Deletion` → it prevents renter from deleting other renters reviews" class="Tests\Feature\ReviewManagementTest" classname="Tests.Feature.ReviewManagementTest" assertions="0" time="0.000000">
          <error type="Illuminate\Database\QueryException">`Review Management` → `Review Deletion` → it prevents renter from deleting other renters reviewsIlluminate\Database\QueryException: SQLSTATE[HY000]: General error: 1 no such table: car_rental_users (Connection: sqlite, SQL: insert into "car_rental_users" ("name", "email", "email_verified_at", "password", "phone", "role", "status", "license_number", "id_document_path", "license_document_path", "is_verified", "date_of_birth", "address", "remember_token", "updated_at", "created_at") values (Amani Nitzsche, therese45@example.org, 2025-09-24 12:53:09, $2y$04$78g4B33dBB9yvLZHXPZyOuzF4w5wzk7FwYQTRiFHrXZoaR9VfYlfW, 270.870.6781, admin, active, irp-2753-1389, documents/ids/bd8d53be-95bb-371f-b011-57208b2da3f1.pdf, documents/licenses/149e63f3-78ff-3ca0-baae-85d9e1b9c960.pdf, 1, 2004-09-10 00:00:00, 4463 Kolby Cliff Apt. 216
East Nedport, KY 29642-8975, YUwZoAYaXu, 2025-09-24 12:53:09, 2025-09-24 12:53:09))&#13;
at vendor\laravel\framework\src\Illuminate\Database\Connection.php:564
at vendor\laravel\framework\src\Illuminate\Database\Connection.php:811
at vendor\laravel\framework\src\Illuminate\Database\Connection.php:778
at vendor\laravel\framework\src\Illuminate\Database\Connection.php:559
at vendor\laravel\framework\src\Illuminate\Database\Connection.php:523
at vendor\laravel\framework\src\Illuminate\Database\Query\Processors\Processor.php:32
at vendor\laravel\framework\src\Illuminate\Database\Query\Builder.php:3853
at vendor\laravel\framework\src\Illuminate\Database\Eloquent\Builder.php:2235
at vendor\laravel\framework\src\Illuminate\Database\Eloquent\Model.php:1436
at vendor\laravel\framework\src\Illuminate\Database\Eloquent\Model.php:1401
at vendor\laravel\framework\src\Illuminate\Database\Eloquent\Model.php:1240
at vendor\laravel\framework\src\Illuminate\Database\Eloquent\Factories\Factory.php:370
at vendor\laravel\framework\src\Illuminate\Collections\Traits\EnumeratesValues.php:271
at vendor\laravel\framework\src\Illuminate\Database\Eloquent\Factories\Factory.php:365
at vendor\laravel\framework\src\Illuminate\Database\Eloquent\Factories\Factory.php:321
at tests\Feature\ReviewManagementTest.php:15
Caused by
PDOException: SQLSTATE[HY000]: General error: 1 no such table: car_rental_users

at vendor\laravel\framework\src\Illuminate\Database\Connection.php:564
at vendor\laravel\framework\src\Illuminate\Database\Connection.php:811
at vendor\laravel\framework\src\Illuminate\Database\Connection.php:778
at vendor\laravel\framework\src\Illuminate\Database\Connection.php:559
at vendor\laravel\framework\src\Illuminate\Database\Connection.php:523
at vendor\laravel\framework\src\Illuminate\Database\Query\Processors\Processor.php:32
at vendor\laravel\framework\src\Illuminate\Database\Query\Builder.php:3853
at vendor\laravel\framework\src\Illuminate\Database\Eloquent\Builder.php:2235
at vendor\laravel\framework\src\Illuminate\Database\Eloquent\Model.php:1436
at vendor\laravel\framework\src\Illuminate\Database\Eloquent\Model.php:1401
at vendor\laravel\framework\src\Illuminate\Database\Eloquent\Model.php:1240
at vendor\laravel\framework\src\Illuminate\Database\Eloquent\Factories\Factory.php:370
at vendor\laravel\framework\src\Illuminate\Collections\Traits\EnumeratesValues.php:271
at vendor\laravel\framework\src\Illuminate\Database\Eloquent\Factories\Factory.php:365
at vendor\laravel\framework\src\Illuminate\Database\Eloquent\Factories\Factory.php:321
at tests\Feature\ReviewManagementTest.php:15</error>
        </testcase>
      </testsuite>
      <testsuite name="Tests\Feature\ImageUploadTest" file="tests\Feature\ImageUploadTest.php" tests="4" assertions="7" errors="0" failures="0" skipped="0" time="0.281245">
        <testcase name="it validates image upload service exists" file="tests\Feature\ImageUploadTest.php::it validates image upload service exists" class="Tests\Feature\ImageUploadTest" classname="Tests.Feature.ImageUploadTest" assertions="1" time="0.112197"/>
        <testcase name="it validates image controller exists" file="tests\Feature\ImageUploadTest.php::it validates image controller exists" class="Tests\Feature\ImageUploadTest" classname="Tests.Feature.ImageUploadTest" assertions="1" time="0.055246"/>
        <testcase name="it validates image configuration exists" file="tests\Feature\ImageUploadTest.php::it validates image configuration exists" class="Tests\Feature\ImageUploadTest" classname="Tests.Feature.ImageUploadTest" assertions="3" time="0.052144"/>
        <testcase name="it validates file upload request classes exist" file="tests\Feature\ImageUploadTest.php::it validates file upload request classes exist" class="Tests\Feature\ImageUploadTest" classname="Tests.Feature.ImageUploadTest" assertions="2" time="0.061658"/>
      </testsuite>
      <testsuite name="Tests\Feature\ExampleTest" file="tests\Feature\ExampleTest.php" tests="1" assertions="1" errors="0" failures="0" skipped="0" time="0.079823">
        <testcase name="example" file="tests\Feature\ExampleTest.php::example" class="Tests\Feature\ExampleTest" classname="Tests.Feature.ExampleTest" assertions="1" time="0.079823"/>
      </testsuite>
      <testsuite name="Tests\Feature\Api\BookingControllerTest" file="tests\Feature\Api\BookingControllerTest.php" tests="7" assertions="1" errors="6" failures="1" skipped="0" time="0.446764">
        <testcase name="cannot book unavailable car" file="tests\Feature\Api\BookingControllerTest.php::cannot book unavailable car" class="Tests\Feature\Api\BookingControllerTest" classname="Tests.Feature.Api.BookingControllerTest" assertions="0" time="0.071068">
          <error type="Illuminate\Database\QueryException">cannot book unavailable carIlluminate\Database\QueryException: SQLSTATE[HY000]: General error: 1 no such table: car_rental_users (Connection: sqlite, SQL: insert into "car_rental_users" ("name", "email", "email_verified_at", "password", "phone", "role", "status", "license_number", "id_document_path", "license_document_path", "is_verified", "date_of_birth", "address", "remember_token", "updated_at", "created_at") values (Faye Heaney, mhammes@example.net, 2025-09-24 12:53:09, $2y$04$78g4B33dBB9yvLZHXPZyOuzF4w5wzk7FwYQTRiFHrXZoaR9VfYlfW, 754.984.9317, renter, active, zwe-4734-8481, documents/ids/aa036281-b72a-307f-abb5-8eb2287ef56a.pdf, documents/licenses/f505d108-0c54-393f-8fc2-0f61402573d3.pdf, 1, 1970-03-11 00:00:00, 4072 Kenny Drive Apt. 111
Townestad, MS 51149, NL28bKQpOS, 2025-09-24 12:53:09, 2025-09-24 12:53:09))&#13;
at vendor\laravel\framework\src\Illuminate\Database\Connection.php:564
at vendor\laravel\framework\src\Illuminate\Database\Connection.php:811
at vendor\laravel\framework\src\Illuminate\Database\Connection.php:778
at vendor\laravel\framework\src\Illuminate\Database\Connection.php:559
at vendor\laravel\framework\src\Illuminate\Database\Connection.php:523
at vendor\laravel\framework\src\Illuminate\Database\Query\Processors\Processor.php:32
at vendor\laravel\framework\src\Illuminate\Database\Query\Builder.php:3853
at vendor\laravel\framework\src\Illuminate\Database\Eloquent\Builder.php:2235
at vendor\laravel\framework\src\Illuminate\Database\Eloquent\Model.php:1436
at vendor\laravel\framework\src\Illuminate\Database\Eloquent\Model.php:1401
at vendor\laravel\framework\src\Illuminate\Database\Eloquent\Model.php:1240
at vendor\laravel\framework\src\Illuminate\Database\Eloquent\Factories\Factory.php:370
at vendor\laravel\framework\src\Illuminate\Collections\Traits\EnumeratesValues.php:271
at vendor\laravel\framework\src\Illuminate\Database\Eloquent\Factories\Factory.php:365
at vendor\laravel\framework\src\Illuminate\Database\Eloquent\Factories\Factory.php:321
at tests\Feature\Api\BookingControllerTest.php:80
Caused by
PDOException: SQLSTATE[HY000]: General error: 1 no such table: car_rental_users

at vendor\laravel\framework\src\Illuminate\Database\Connection.php:564
at vendor\laravel\framework\src\Illuminate\Database\Connection.php:811
at vendor\laravel\framework\src\Illuminate\Database\Connection.php:778
at vendor\laravel\framework\src\Illuminate\Database\Connection.php:559
at vendor\laravel\framework\src\Illuminate\Database\Connection.php:523
at vendor\laravel\framework\src\Illuminate\Database\Query\Processors\Processor.php:32
at vendor\laravel\framework\src\Illuminate\Database\Query\Builder.php:3853
at vendor\laravel\framework\src\Illuminate\Database\Eloquent\Builder.php:2235
at vendor\laravel\framework\src\Illuminate\Database\Eloquent\Model.php:1436
at vendor\laravel\framework\src\Illuminate\Database\Eloquent\Model.php:1401
at vendor\laravel\framework\src\Illuminate\Database\Eloquent\Model.php:1240
at vendor\laravel\framework\src\Illuminate\Database\Eloquent\Factories\Factory.php:370
at vendor\laravel\framework\src\Illuminate\Collections\Traits\EnumeratesValues.php:271
at vendor\laravel\framework\src\Illuminate\Database\Eloquent\Factories\Factory.php:365
at vendor\laravel\framework\src\Illuminate\Database\Eloquent\Factories\Factory.php:321
at tests\Feature\Api\BookingControllerTest.php:80</error>
        </testcase>
        <testcase name="can create booking with cash payment" file="tests\Feature\Api\BookingControllerTest.php::can create booking with cash payment" class="Tests\Feature\Api\BookingControllerTest" classname="Tests.Feature.Api.BookingControllerTest" assertions="0" time="0.070193">
          <error type="Illuminate\Database\QueryException">can create booking with cash paymentIlluminate\Database\QueryException: SQLSTATE[HY000]: General error: 1 no such table: car_rental_users (Connection: sqlite, SQL: insert into "car_rental_users" ("name", "email", "email_verified_at", "password", "phone", "role", "status", "license_number", "id_document_path", "license_document_path", "is_verified", "date_of_birth", "address", "remember_token", "updated_at", "created_at") values (Mrs. Christina Sporer DVM, hvolkman@example.com, 2025-09-24 12:53:09, $2y$04$78g4B33dBB9yvLZHXPZyOuzF4w5wzk7FwYQTRiFHrXZoaR9VfYlfW, 765-248-0686, owner, approved, rgr-4211-3486, documents/ids/a425b8c6-c1a3-372b-84d1-c568e8e2789f.pdf, documents/licenses/ec64c0dc-dbfd-3140-991c-3cce3316d8ce.pdf, 0, 1997-08-30 00:00:00, 3994 Hanna Skyway Suite 887
Judyhaven, WI 32481-1552, siIEeY6AX2, 2025-09-24 12:53:09, 2025-09-24 12:53:09))&#13;
at vendor\laravel\framework\src\Illuminate\Database\Connection.php:564
at vendor\laravel\framework\src\Illuminate\Database\Connection.php:811
at vendor\laravel\framework\src\Illuminate\Database\Connection.php:778
at vendor\laravel\framework\src\Illuminate\Database\Connection.php:559
at vendor\laravel\framework\src\Illuminate\Database\Connection.php:523
at vendor\laravel\framework\src\Illuminate\Database\Query\Processors\Processor.php:32
at vendor\laravel\framework\src\Illuminate\Database\Query\Builder.php:3853
at vendor\laravel\framework\src\Illuminate\Database\Eloquent\Builder.php:2235
at vendor\laravel\framework\src\Illuminate\Database\Eloquent\Model.php:1436
at vendor\laravel\framework\src\Illuminate\Database\Eloquent\Model.php:1401
at vendor\laravel\framework\src\Illuminate\Database\Eloquent\Model.php:1240
at vendor\laravel\framework\src\Illuminate\Database\Eloquent\Factories\Factory.php:370
at vendor\laravel\framework\src\Illuminate\Collections\Traits\EnumeratesValues.php:271
at vendor\laravel\framework\src\Illuminate\Database\Eloquent\Factories\Factory.php:365
at vendor\laravel\framework\src\Illuminate\Database\Eloquent\Factories\Factory.php:321
at tests\Feature\Api\BookingControllerTest.php:51
Caused by
PDOException: SQLSTATE[HY000]: General error: 1 no such table: car_rental_users

at vendor\laravel\framework\src\Illuminate\Database\Connection.php:564
at vendor\laravel\framework\src\Illuminate\Database\Connection.php:811
at vendor\laravel\framework\src\Illuminate\Database\Connection.php:778
at vendor\laravel\framework\src\Illuminate\Database\Connection.php:559
at vendor\laravel\framework\src\Illuminate\Database\Connection.php:523
at vendor\laravel\framework\src\Illuminate\Database\Query\Processors\Processor.php:32
at vendor\laravel\framework\src\Illuminate\Database\Query\Builder.php:3853
at vendor\laravel\framework\src\Illuminate\Database\Eloquent\Builder.php:2235
at vendor\laravel\framework\src\Illuminate\Database\Eloquent\Model.php:1436
at vendor\laravel\framework\src\Illuminate\Database\Eloquent\Model.php:1401
at vendor\laravel\framework\src\Illuminate\Database\Eloquent\Model.php:1240
at vendor\laravel\framework\src\Illuminate\Database\Eloquent\Factories\Factory.php:370
at vendor\laravel\framework\src\Illuminate\Collections\Traits\EnumeratesValues.php:271
at vendor\laravel\framework\src\Illuminate\Database\Eloquent\Factories\Factory.php:365
at vendor\laravel\framework\src\Illuminate\Database\Eloquent\Factories\Factory.php:321
at tests\Feature\Api\BookingControllerTest.php:51</error>
        </testcase>
        <testcase name="can create booking with visa payment" file="tests\Feature\Api\BookingControllerTest.php::can create booking with visa payment" class="Tests\Feature\Api\BookingControllerTest" classname="Tests.Feature.Api.BookingControllerTest" assertions="0" time="0.060296">
          <error type="Illuminate\Database\QueryException">can create booking with visa paymentIlluminate\Database\QueryException: SQLSTATE[HY000]: General error: 1 no such table: car_rental_users (Connection: sqlite, SQL: insert into "car_rental_users" ("name", "email", "email_verified_at", "password", "phone", "role", "status", "license_number", "id_document_path", "license_document_path", "is_verified", "date_of_birth", "address", "remember_token", "updated_at", "created_at") values (Mr. Giuseppe Hagenes PhD, hand.noe@example.net, 2025-09-24 12:53:09, $2y$04$78g4B33dBB9yvLZHXPZyOuzF4w5wzk7FwYQTRiFHrXZoaR9VfYlfW, 865-358-4638, renter, active, dhp-0051-2430, documents/ids/58b05b26-12a9-327d-9e4f-9b7ba4449ef4.pdf, documents/licenses/5a5d8e5a-97d8-3adf-9c25-4fc9c2d12ea1.pdf, 1, 1971-12-23 00:00:00, 229 Cierra Mills
Towneborough, MI 43430-0602, pYQXno9gn4, 2025-09-24 12:53:09, 2025-09-24 12:53:09))&#13;
at vendor\laravel\framework\src\Illuminate\Database\Connection.php:564
at vendor\laravel\framework\src\Illuminate\Database\Connection.php:811
at vendor\laravel\framework\src\Illuminate\Database\Connection.php:778
at vendor\laravel\framework\src\Illuminate\Database\Connection.php:559
at vendor\laravel\framework\src\Illuminate\Database\Connection.php:523
at vendor\laravel\framework\src\Illuminate\Database\Query\Processors\Processor.php:32
at vendor\laravel\framework\src\Illuminate\Database\Query\Builder.php:3853
at vendor\laravel\framework\src\Illuminate\Database\Eloquent\Builder.php:2235
at vendor\laravel\framework\src\Illuminate\Database\Eloquent\Model.php:1436
at vendor\laravel\framework\src\Illuminate\Database\Eloquent\Model.php:1401
at vendor\laravel\framework\src\Illuminate\Database\Eloquent\Model.php:1240
at vendor\laravel\framework\src\Illuminate\Database\Eloquent\Factories\Factory.php:370
at vendor\laravel\framework\src\Illuminate\Collections\Traits\EnumeratesValues.php:271
at vendor\laravel\framework\src\Illuminate\Database\Eloquent\Factories\Factory.php:365
at vendor\laravel\framework\src\Illuminate\Database\Eloquent\Factories\Factory.php:321
at tests\Feature\Api\BookingControllerTest.php:8
Caused by
PDOException: SQLSTATE[HY000]: General error: 1 no such table: car_rental_users

at vendor\laravel\framework\src\Illuminate\Database\Connection.php:564
at vendor\laravel\framework\src\Illuminate\Database\Connection.php:811
at vendor\laravel\framework\src\Illuminate\Database\Connection.php:778
at vendor\laravel\framework\src\Illuminate\Database\Connection.php:559
at vendor\laravel\framework\src\Illuminate\Database\Connection.php:523
at vendor\laravel\framework\src\Illuminate\Database\Query\Processors\Processor.php:32
at vendor\laravel\framework\src\Illuminate\Database\Query\Builder.php:3853
at vendor\laravel\framework\src\Illuminate\Database\Eloquent\Builder.php:2235
at vendor\laravel\framework\src\Illuminate\Database\Eloquent\Model.php:1436
at vendor\laravel\framework\src\Illuminate\Database\Eloquent\Model.php:1401
at vendor\laravel\framework\src\Illuminate\Database\Eloquent\Model.php:1240
at vendor\laravel\framework\src\Illuminate\Database\Eloquent\Factories\Factory.php:370
at vendor\laravel\framework\src\Illuminate\Collections\Traits\EnumeratesValues.php:271
at vendor\laravel\framework\src\Illuminate\Database\Eloquent\Factories\Factory.php:365
at vendor\laravel\framework\src\Illuminate\Database\Eloquent\Factories\Factory.php:321
at tests\Feature\Api\BookingControllerTest.php:8</error>
        </testcase>
        <testcase name="cannot show booking to unauthorized user" file="tests\Feature\Api\BookingControllerTest.php::cannot show booking to unauthorized user" class="Tests\Feature\Api\BookingControllerTest" classname="Tests.Feature.Api.BookingControllerTest" assertions="0" time="0.059387">
          <error type="Illuminate\Database\QueryException">cannot show booking to unauthorized userIlluminate\Database\QueryException: SQLSTATE[HY000]: General error: 1 no such table: car_rental_users (Connection: sqlite, SQL: insert into "car_rental_users" ("name", "email", "email_verified_at", "password", "phone", "role", "status", "license_number", "id_document_path", "license_document_path", "is_verified", "date_of_birth", "address", "remember_token", "updated_at", "created_at") values (Mr. Garrison Reynolds, berneice.nienow@example.org, 2025-09-24 12:53:09, $2y$04$78g4B33dBB9yvLZHXPZyOuzF4w5wzk7FwYQTRiFHrXZoaR9VfYlfW, +1 (415) 953-1408, owner, active, cde-7804-4846, documents/ids/cd99e537-4b8d-3cc5-897c-48856e80b1ce.pdf, documents/licenses/2b66434f-4bc8-3daa-b328-16801bbee14c.pdf, 1, 1979-10-21 00:00:00, 947 Oda Branch Apt. 720
Runolfssonfort, KS 13868-8524, MBs0yVeZ8n, 2025-09-24 12:53:09, 2025-09-24 12:53:09))&#13;
at vendor\laravel\framework\src\Illuminate\Database\Connection.php:564
at vendor\laravel\framework\src\Illuminate\Database\Connection.php:811
at vendor\laravel\framework\src\Illuminate\Database\Connection.php:778
at vendor\laravel\framework\src\Illuminate\Database\Connection.php:559
at vendor\laravel\framework\src\Illuminate\Database\Connection.php:523
at vendor\laravel\framework\src\Illuminate\Database\Query\Processors\Processor.php:32
at vendor\laravel\framework\src\Illuminate\Database\Query\Builder.php:3853
at vendor\laravel\framework\src\Illuminate\Database\Eloquent\Builder.php:2235
at vendor\laravel\framework\src\Illuminate\Database\Eloquent\Model.php:1436
at vendor\laravel\framework\src\Illuminate\Database\Eloquent\Model.php:1401
at vendor\laravel\framework\src\Illuminate\Database\Eloquent\Model.php:1240
at vendor\laravel\framework\src\Illuminate\Database\Eloquent\Factories\Factory.php:370
at vendor\laravel\framework\src\Illuminate\Collections\Traits\EnumeratesValues.php:271
at vendor\laravel\framework\src\Illuminate\Database\Eloquent\Factories\Factory.php:365
at vendor\laravel\framework\src\Illuminate\Database\Eloquent\Factories\Factory.php:321
at tests\Feature\Api\BookingControllerTest.php:180
Caused by
PDOException: SQLSTATE[HY000]: General error: 1 no such table: car_rental_users

at vendor\laravel\framework\src\Illuminate\Database\Connection.php:564
at vendor\laravel\framework\src\Illuminate\Database\Connection.php:811
at vendor\laravel\framework\src\Illuminate\Database\Connection.php:778
at vendor\laravel\framework\src\Illuminate\Database\Connection.php:559
at vendor\laravel\framework\src\Illuminate\Database\Connection.php:523
at vendor\laravel\framework\src\Illuminate\Database\Query\Processors\Processor.php:32
at vendor\laravel\framework\src\Illuminate\Database\Query\Builder.php:3853
at vendor\laravel\framework\src\Illuminate\Database\Eloquent\Builder.php:2235
at vendor\laravel\framework\src\Illuminate\Database\Eloquent\Model.php:1436
at vendor\laravel\framework\src\Illuminate\Database\Eloquent\Model.php:1401
at vendor\laravel\framework\src\Illuminate\Database\Eloquent\Model.php:1240
at vendor\laravel\framework\src\Illuminate\Database\Eloquent\Factories\Factory.php:370
at vendor\laravel\framework\src\Illuminate\Collections\Traits\EnumeratesValues.php:271
at vendor\laravel\framework\src\Illuminate\Database\Eloquent\Factories\Factory.php:365
at vendor\laravel\framework\src\Illuminate\Database\Eloquent\Factories\Factory.php:321
at tests\Feature\Api\BookingControllerTest.php:180</error>
        </testcase>
        <testcase name="booking requires authentication" file="tests\Feature\Api\BookingControllerTest.php::booking requires authentication" class="Tests\Feature\Api\BookingControllerTest" classname="Tests.Feature.Api.BookingControllerTest" assertions="1" time="0.066584">
          <failure type="PHPUnit\Framework\ExpectationFailedException">booking requires authenticationExpected response status code [401] but received 500.
Failed asserting that 500 is identical to 401.&#13;
at vendor\laravel\framework\src\Illuminate\Testing\TestResponseAssert.php:45
at vendor\laravel\framework\src\Illuminate\Testing\TestResponse.php:174
at vendor\laravel\framework\src\Illuminate\Testing\Concerns\AssertsStatusCodes.php:121
at tests\Feature\Api\BookingControllerTest.php:207</failure>
        </testcase>
        <testcase name="cannot book car with overlapping dates" file="tests\Feature\Api\BookingControllerTest.php::cannot book car with overlapping dates" class="Tests\Feature\Api\BookingControllerTest" classname="Tests.Feature.Api.BookingControllerTest" assertions="0" time="0.059719">
          <error type="Illuminate\Database\QueryException">cannot book car with overlapping datesIlluminate\Database\QueryException: SQLSTATE[HY000]: General error: 1 no such table: car_rental_users (Connection: sqlite, SQL: insert into "car_rental_users" ("name", "email", "email_verified_at", "password", "phone", "role", "status", "license_number", "id_document_path", "license_document_path", "is_verified", "date_of_birth", "address", "remember_token", "updated_at", "created_at") values (Dortha Bahringer III, vkuhn@example.com, 2025-09-24 12:53:10, $2y$04$78g4B33dBB9yvLZHXPZyOuzF4w5wzk7FwYQTRiFHrXZoaR9VfYlfW, 737.660.8708, renter, approved, rsp-5146-8401, documents/ids/f95e32dc-e482-339f-8f8a-4dce60ff36b2.pdf, documents/licenses/f8c90514-4fc1-3d7b-9a4e-21df55887ffc.pdf, 1, 1995-10-01 00:00:00, 73849 Lynch Lock
East Kaylinmouth, SC 61293, wxiiOb41QX, 2025-09-24 12:53:10, 2025-09-24 12:53:10))&#13;
at vendor\laravel\framework\src\Illuminate\Database\Connection.php:564
at vendor\laravel\framework\src\Illuminate\Database\Connection.php:811
at vendor\laravel\framework\src\Illuminate\Database\Connection.php:778
at vendor\laravel\framework\src\Illuminate\Database\Connection.php:559
at vendor\laravel\framework\src\Illuminate\Database\Connection.php:523
at vendor\laravel\framework\src\Illuminate\Database\Query\Processors\Processor.php:32
at vendor\laravel\framework\src\Illuminate\Database\Query\Builder.php:3853
at vendor\laravel\framework\src\Illuminate\Database\Eloquent\Builder.php:2235
at vendor\laravel\framework\src\Illuminate\Database\Eloquent\Model.php:1436
at vendor\laravel\framework\src\Illuminate\Database\Eloquent\Model.php:1401
at vendor\laravel\framework\src\Illuminate\Database\Eloquent\Model.php:1240
at vendor\laravel\framework\src\Illuminate\Database\Eloquent\Factories\Factory.php:370
at vendor\laravel\framework\src\Illuminate\Collections\Traits\EnumeratesValues.php:271
at vendor\laravel\framework\src\Illuminate\Database\Eloquent\Factories\Factory.php:365
at vendor\laravel\framework\src\Illuminate\Database\Eloquent\Factories\Factory.php:321
at tests\Feature\Api\BookingControllerTest.php:102
Caused by
PDOException: SQLSTATE[HY000]: General error: 1 no such table: car_rental_users

at vendor\laravel\framework\src\Illuminate\Database\Connection.php:564
at vendor\laravel\framework\src\Illuminate\Database\Connection.php:811
at vendor\laravel\framework\src\Illuminate\Database\Connection.php:778
at vendor\laravel\framework\src\Illuminate\Database\Connection.php:559
at vendor\laravel\framework\src\Illuminate\Database\Connection.php:523
at vendor\laravel\framework\src\Illuminate\Database\Query\Processors\Processor.php:32
at vendor\laravel\framework\src\Illuminate\Database\Query\Builder.php:3853
at vendor\laravel\framework\src\Illuminate\Database\Eloquent\Builder.php:2235
at vendor\laravel\framework\src\Illuminate\Database\Eloquent\Model.php:1436
at vendor\laravel\framework\src\Illuminate\Database\Eloquent\Model.php:1401
at vendor\laravel\framework\src\Illuminate\Database\Eloquent\Model.php:1240
at vendor\laravel\framework\src\Illuminate\Database\Eloquent\Factories\Factory.php:370
at vendor\laravel\framework\src\Illuminate\Collections\Traits\EnumeratesValues.php:271
at vendor\laravel\framework\src\Illuminate\Database\Eloquent\Factories\Factory.php:365
at vendor\laravel\framework\src\Illuminate\Database\Eloquent\Factories\Factory.php:321
at tests\Feature\Api\BookingControllerTest.php:102</error>
        </testcase>
        <testcase name="can show booking to renter" file="tests\Feature\Api\BookingControllerTest.php::can show booking to renter" class="Tests\Feature\Api\BookingControllerTest" classname="Tests.Feature.Api.BookingControllerTest" assertions="0" time="0.059517">
          <error type="Illuminate\Database\QueryException">can show booking to renterIlluminate\Database\QueryException: SQLSTATE[HY000]: General error: 1 no such table: car_rental_users (Connection: sqlite, SQL: insert into "car_rental_users" ("name", "email", "email_verified_at", "password", "phone", "role", "status", "license_number", "id_document_path", "license_document_path", "is_verified", "date_of_birth", "address", "remember_token", "updated_at", "created_at") values (Dr. Alisa Littel DDS, acormier@example.org, 2025-09-24 12:53:10, $2y$04$78g4B33dBB9yvLZHXPZyOuzF4w5wzk7FwYQTRiFHrXZoaR9VfYlfW, (657) 769-3111, renter, active, xpz-4695-2609, documents/ids/ff282733-1aa0-349c-9723-3d5d8216c45e.pdf, documents/licenses/94e148b2-0ceb-3b08-8e41-0588a8476831.pdf, 1, 1988-11-29 00:00:00, 244 Mraz Corners
Carterburgh, GA 53585-7171, CXaWwx4fqx, 2025-09-24 12:53:10, 2025-09-24 12:53:10))&#13;
at vendor\laravel\framework\src\Illuminate\Database\Connection.php:564
at vendor\laravel\framework\src\Illuminate\Database\Connection.php:811
at vendor\laravel\framework\src\Illuminate\Database\Connection.php:778
at vendor\laravel\framework\src\Illuminate\Database\Connection.php:559
at vendor\laravel\framework\src\Illuminate\Database\Connection.php:523
at vendor\laravel\framework\src\Illuminate\Database\Query\Processors\Processor.php:32
at vendor\laravel\framework\src\Illuminate\Database\Query\Builder.php:3853
at vendor\laravel\framework\src\Illuminate\Database\Eloquent\Builder.php:2235
at vendor\laravel\framework\src\Illuminate\Database\Eloquent\Model.php:1436
at vendor\laravel\framework\src\Illuminate\Database\Eloquent\Model.php:1401
at vendor\laravel\framework\src\Illuminate\Database\Eloquent\Model.php:1240
at vendor\laravel\framework\src\Illuminate\Database\Eloquent\Factories\Factory.php:370
at vendor\laravel\framework\src\Illuminate\Collections\Traits\EnumeratesValues.php:271
at vendor\laravel\framework\src\Illuminate\Database\Eloquent\Factories\Factory.php:365
at vendor\laravel\framework\src\Illuminate\Database\Eloquent\Factories\Factory.php:321
at tests\Feature\Api\BookingControllerTest.php:135
Caused by
PDOException: SQLSTATE[HY000]: General error: 1 no such table: car_rental_users

at vendor\laravel\framework\src\Illuminate\Database\Connection.php:564
at vendor\laravel\framework\src\Illuminate\Database\Connection.php:811
at vendor\laravel\framework\src\Illuminate\Database\Connection.php:778
at vendor\laravel\framework\src\Illuminate\Database\Connection.php:559
at vendor\laravel\framework\src\Illuminate\Database\Connection.php:523
at vendor\laravel\framework\src\Illuminate\Database\Query\Processors\Processor.php:32
at vendor\laravel\framework\src\Illuminate\Database\Query\Builder.php:3853
at vendor\laravel\framework\src\Illuminate\Database\Eloquent\Builder.php:2235
at vendor\laravel\framework\src\Illuminate\Database\Eloquent\Model.php:1436
at vendor\laravel\framework\src\Illuminate\Database\Eloquent\Model.php:1401
at vendor\laravel\framework\src\Illuminate\Database\Eloquent\Model.php:1240
at vendor\laravel\framework\src\Illuminate\Database\Eloquent\Factories\Factory.php:370
at vendor\laravel\framework\src\Illuminate\Collections\Traits\EnumeratesValues.php:271
at vendor\laravel\framework\src\Illuminate\Database\Eloquent\Factories\Factory.php:365
at vendor\laravel\framework\src\Illuminate\Database\Eloquent\Factories\Factory.php:321
at tests\Feature\Api\BookingControllerTest.php:135</error>
        </testcase>
      </testsuite>
      <testsuite name="Tests\Feature\AdminPermissionsTest" file="tests\Feature\AdminPermissionsTest.php" tests="6" assertions="0" errors="6" failures="0" skipped="0" time="0.390804">
        <testcase name="it allows admin to view individual vehicle record" file="tests\Feature\AdminPermissionsTest.php::it allows admin to view individual vehicle record" class="Tests\Feature\AdminPermissionsTest" classname="Tests.Feature.AdminPermissionsTest" assertions="0" time="0.076672">
          <error type="Illuminate\Database\QueryException">it allows admin to view individual vehicle recordIlluminate\Database\QueryException: SQLSTATE[HY000]: General error: 1 no such table: car_rental_users (Connection: sqlite, SQL: insert into "car_rental_users" ("name", "email", "email_verified_at", "password", "phone", "role", "status", "license_number", "id_document_path", "license_document_path", "is_verified", "date_of_birth", "address", "remember_token", "updated_at", "created_at") values (Elmira Lindgren, freddy43@example.com, 2025-09-24 12:53:10, $2y$04$78g4B33dBB9yvLZHXPZyOuzF4w5wzk7FwYQTRiFHrXZoaR9VfYlfW, +1 (252) 543-2359, admin, approved, sbh-1359-0226, documents/ids/73d321f9-7456-31f9-9142-e428190e7ce0.pdf, documents/licenses/869ceb12-5f85-368d-ae3b-d5fc97d13761.pdf, 0, 1975-01-11 00:00:00, 955 Kathleen Wells
West Melbamouth, NV 52714, bkxrVlB18w, 2025-09-24 12:53:10, 2025-09-24 12:53:10))&#13;
at vendor\laravel\framework\src\Illuminate\Database\Connection.php:564
at vendor\laravel\framework\src\Illuminate\Database\Connection.php:811
at vendor\laravel\framework\src\Illuminate\Database\Connection.php:778
at vendor\laravel\framework\src\Illuminate\Database\Connection.php:559
at vendor\laravel\framework\src\Illuminate\Database\Connection.php:523
at vendor\laravel\framework\src\Illuminate\Database\Query\Processors\Processor.php:32
at vendor\laravel\framework\src\Illuminate\Database\Query\Builder.php:3853
at vendor\laravel\framework\src\Illuminate\Database\Eloquent\Builder.php:2235
at vendor\laravel\framework\src\Illuminate\Database\Eloquent\Model.php:1436
at vendor\laravel\framework\src\Illuminate\Database\Eloquent\Model.php:1401
at vendor\laravel\framework\src\Illuminate\Database\Eloquent\Model.php:1240
at vendor\laravel\framework\src\Illuminate\Database\Eloquent\Factories\Factory.php:370
at vendor\laravel\framework\src\Illuminate\Collections\Traits\EnumeratesValues.php:271
at vendor\laravel\framework\src\Illuminate\Database\Eloquent\Factories\Factory.php:365
at vendor\laravel\framework\src\Illuminate\Database\Eloquent\Factories\Factory.php:321
at vendor\laravel\framework\src\Illuminate\Database\Eloquent\Factories\Factory.php:315
at tests\Feature\AdminPermissionsTest.php:49
Caused by
PDOException: SQLSTATE[HY000]: General error: 1 no such table: car_rental_users

at vendor\laravel\framework\src\Illuminate\Database\Connection.php:564
at vendor\laravel\framework\src\Illuminate\Database\Connection.php:811
at vendor\laravel\framework\src\Illuminate\Database\Connection.php:778
at vendor\laravel\framework\src\Illuminate\Database\Connection.php:559
at vendor\laravel\framework\src\Illuminate\Database\Connection.php:523
at vendor\laravel\framework\src\Illuminate\Database\Query\Processors\Processor.php:32
at vendor\laravel\framework\src\Illuminate\Database\Query\Builder.php:3853
at vendor\laravel\framework\src\Illuminate\Database\Eloquent\Builder.php:2235
at vendor\laravel\framework\src\Illuminate\Database\Eloquent\Model.php:1436
at vendor\laravel\framework\src\Illuminate\Database\Eloquent\Model.php:1401
at vendor\laravel\framework\src\Illuminate\Database\Eloquent\Model.php:1240
at vendor\laravel\framework\src\Illuminate\Database\Eloquent\Factories\Factory.php:370
at vendor\laravel\framework\src\Illuminate\Collections\Traits\EnumeratesValues.php:271
at vendor\laravel\framework\src\Illuminate\Database\Eloquent\Factories\Factory.php:365
at vendor\laravel\framework\src\Illuminate\Database\Eloquent\Factories\Factory.php:321
at vendor\laravel\framework\src\Illuminate\Database\Eloquent\Factories\Factory.php:315
at tests\Feature\AdminPermissionsTest.php:49</error>
        </testcase>
        <testcase name="it allows admin to view vehicles with actions available" file="tests\Feature\AdminPermissionsTest.php::it allows admin to view vehicles with actions available" class="Tests\Feature\AdminPermissionsTest" classname="Tests.Feature.AdminPermissionsTest" assertions="0" time="0.066903">
          <error type="Illuminate\Database\QueryException">it allows admin to view vehicles with actions availableIlluminate\Database\QueryException: SQLSTATE[HY000]: General error: 1 no such table: car_rental_users (Connection: sqlite, SQL: insert into "car_rental_users" ("name", "email", "email_verified_at", "password", "phone", "role", "status", "license_number", "id_document_path", "license_document_path", "is_verified", "date_of_birth", "address", "remember_token", "updated_at", "created_at") values (Alvah Dicki, botsford.ali@example.com, 2025-09-24 12:53:10, $2y$04$78g4B33dBB9yvLZHXPZyOuzF4w5wzk7FwYQTRiFHrXZoaR9VfYlfW, 1-270-380-0641, admin, approved, rqs-6086-7225, documents/ids/a50dfd4e-ac7d-3d05-b892-2be059e59f81.pdf, documents/licenses/8afc332f-8d7f-3f13-98d0-027467cca491.pdf, 1, 1976-02-28 00:00:00, 5181 Walsh Ranch Suite 602
Lake Lavon, TX 21685, L2c5wnu3Ce, 2025-09-24 12:53:10, 2025-09-24 12:53:10))&#13;
at vendor\laravel\framework\src\Illuminate\Database\Connection.php:564
at vendor\laravel\framework\src\Illuminate\Database\Connection.php:811
at vendor\laravel\framework\src\Illuminate\Database\Connection.php:778
at vendor\laravel\framework\src\Illuminate\Database\Connection.php:559
at vendor\laravel\framework\src\Illuminate\Database\Connection.php:523
at vendor\laravel\framework\src\Illuminate\Database\Query\Processors\Processor.php:32
at vendor\laravel\framework\src\Illuminate\Database\Query\Builder.php:3853
at vendor\laravel\framework\src\Illuminate\Database\Eloquent\Builder.php:2235
at vendor\laravel\framework\src\Illuminate\Database\Eloquent\Model.php:1436
at vendor\laravel\framework\src\Illuminate\Database\Eloquent\Model.php:1401
at vendor\laravel\framework\src\Illuminate\Database\Eloquent\Model.php:1240
at vendor\laravel\framework\src\Illuminate\Database\Eloquent\Factories\Factory.php:370
at vendor\laravel\framework\src\Illuminate\Collections\Traits\EnumeratesValues.php:271
at vendor\laravel\framework\src\Illuminate\Database\Eloquent\Factories\Factory.php:365
at vendor\laravel\framework\src\Illuminate\Database\Eloquent\Factories\Factory.php:321
at vendor\laravel\framework\src\Illuminate\Database\Eloquent\Factories\Factory.php:315
at tests\Feature\AdminPermissionsTest.php:39
Caused by
PDOException: SQLSTATE[HY000]: General error: 1 no such table: car_rental_users

at vendor\laravel\framework\src\Illuminate\Database\Connection.php:564
at vendor\laravel\framework\src\Illuminate\Database\Connection.php:811
at vendor\laravel\framework\src\Illuminate\Database\Connection.php:778
at vendor\laravel\framework\src\Illuminate\Database\Connection.php:559
at vendor\laravel\framework\src\Illuminate\Database\Connection.php:523
at vendor\laravel\framework\src\Illuminate\Database\Query\Processors\Processor.php:32
at vendor\laravel\framework\src\Illuminate\Database\Query\Builder.php:3853
at vendor\laravel\framework\src\Illuminate\Database\Eloquent\Builder.php:2235
at vendor\laravel\framework\src\Illuminate\Database\Eloquent\Model.php:1436
at vendor\laravel\framework\src\Illuminate\Database\Eloquent\Model.php:1401
at vendor\laravel\framework\src\Illuminate\Database\Eloquent\Model.php:1240
at vendor\laravel\framework\src\Illuminate\Database\Eloquent\Factories\Factory.php:370
at vendor\laravel\framework\src\Illuminate\Collections\Traits\EnumeratesValues.php:271
at vendor\laravel\framework\src\Illuminate\Database\Eloquent\Factories\Factory.php:365
at vendor\laravel\framework\src\Illuminate\Database\Eloquent\Factories\Factory.php:321
at vendor\laravel\framework\src\Illuminate\Database\Eloquent\Factories\Factory.php:315
at tests\Feature\AdminPermissionsTest.php:39</error>
        </testcase>
        <testcase name="it allows admin to access vehicle actions" file="tests\Feature\AdminPermissionsTest.php::it allows admin to access vehicle actions" class="Tests\Feature\AdminPermissionsTest" classname="Tests.Feature.AdminPermissionsTest" assertions="0" time="0.071049">
          <error type="Illuminate\Database\QueryException">it allows admin to access vehicle actionsIlluminate\Database\QueryException: SQLSTATE[HY000]: General error: 1 no such table: car_rental_users (Connection: sqlite, SQL: insert into "car_rental_users" ("name", "email", "email_verified_at", "password", "phone", "role", "status", "license_number", "id_document_path", "license_document_path", "is_verified", "date_of_birth", "address", "remember_token", "updated_at", "created_at") values (Dr. Waylon Simonis III, agustina.cruickshank@example.org, 2025-09-24 12:53:10, $2y$04$78g4B33dBB9yvLZHXPZyOuzF4w5wzk7FwYQTRiFHrXZoaR9VfYlfW, 585-993-0286, admin, pending, mtl-8485-3872, documents/ids/1907c531-9e6a-3473-a18a-40b7a692a7b2.pdf, documents/licenses/d3c71b16-84de-353f-9ce1-7d08b2fc1d0b.pdf, 1, 2003-04-13 00:00:00, 12606 Lynch Land
East Barbara, VA 53783-8080, J8ggcbdfF0, 2025-09-24 12:53:10, 2025-09-24 12:53:10))&#13;
at vendor\laravel\framework\src\Illuminate\Database\Connection.php:564
at vendor\laravel\framework\src\Illuminate\Database\Connection.php:811
at vendor\laravel\framework\src\Illuminate\Database\Connection.php:778
at vendor\laravel\framework\src\Illuminate\Database\Connection.php:559
at vendor\laravel\framework\src\Illuminate\Database\Connection.php:523
at vendor\laravel\framework\src\Illuminate\Database\Query\Processors\Processor.php:32
at vendor\laravel\framework\src\Illuminate\Database\Query\Builder.php:3853
at vendor\laravel\framework\src\Illuminate\Database\Eloquent\Builder.php:2235
at vendor\laravel\framework\src\Illuminate\Database\Eloquent\Model.php:1436
at vendor\laravel\framework\src\Illuminate\Database\Eloquent\Model.php:1401
at vendor\laravel\framework\src\Illuminate\Database\Eloquent\Model.php:1240
at vendor\laravel\framework\src\Illuminate\Database\Eloquent\Factories\Factory.php:370
at vendor\laravel\framework\src\Illuminate\Collections\Traits\EnumeratesValues.php:271
at vendor\laravel\framework\src\Illuminate\Database\Eloquent\Factories\Factory.php:365
at vendor\laravel\framework\src\Illuminate\Database\Eloquent\Factories\Factory.php:321
at vendor\laravel\framework\src\Illuminate\Database\Eloquent\Factories\Factory.php:315
at tests\Feature\AdminPermissionsTest.php:22
Caused by
PDOException: SQLSTATE[HY000]: General error: 1 no such table: car_rental_users

at vendor\laravel\framework\src\Illuminate\Database\Connection.php:564
at vendor\laravel\framework\src\Illuminate\Database\Connection.php:811
at vendor\laravel\framework\src\Illuminate\Database\Connection.php:778
at vendor\laravel\framework\src\Illuminate\Database\Connection.php:559
at vendor\laravel\framework\src\Illuminate\Database\Connection.php:523
at vendor\laravel\framework\src\Illuminate\Database\Query\Processors\Processor.php:32
at vendor\laravel\framework\src\Illuminate\Database\Query\Builder.php:3853
at vendor\laravel\framework\src\Illuminate\Database\Eloquent\Builder.php:2235
at vendor\laravel\framework\src\Illuminate\Database\Eloquent\Model.php:1436
at vendor\laravel\framework\src\Illuminate\Database\Eloquent\Model.php:1401
at vendor\laravel\framework\src\Illuminate\Database\Eloquent\Model.php:1240
at vendor\laravel\framework\src\Illuminate\Database\Eloquent\Factories\Factory.php:370
at vendor\laravel\framework\src\Illuminate\Collections\Traits\EnumeratesValues.php:271
at vendor\laravel\framework\src\Illuminate\Database\Eloquent\Factories\Factory.php:365
at vendor\laravel\framework\src\Illuminate\Database\Eloquent\Factories\Factory.php:321
at vendor\laravel\framework\src\Illuminate\Database\Eloquent\Factories\Factory.php:315
at tests\Feature\AdminPermissionsTest.php:22</error>
        </testcase>
        <testcase name="it allows admin to view users resource page" file="tests\Feature\AdminPermissionsTest.php::it allows admin to view users resource page" class="Tests\Feature\AdminPermissionsTest" classname="Tests.Feature.AdminPermissionsTest" assertions="0" time="0.059469">
          <error type="Illuminate\Database\QueryException">it allows admin to view users resource pageIlluminate\Database\QueryException: SQLSTATE[HY000]: General error: 1 no such table: car_rental_users (Connection: sqlite, SQL: insert into "car_rental_users" ("name", "email", "email_verified_at", "password", "phone", "role", "status", "license_number", "id_document_path", "license_document_path", "is_verified", "date_of_birth", "address", "remember_token", "updated_at", "created_at") values (Mrs. Addie Johnson III, brycen.quitzon@example.net, 2025-09-24 12:53:10, $2y$04$78g4B33dBB9yvLZHXPZyOuzF4w5wzk7FwYQTRiFHrXZoaR9VfYlfW, 1-785-374-1962, admin, active, whg-7681-6167, documents/ids/f5f8352d-31be-3d3e-a56a-1e3a6007fe9d.pdf, documents/licenses/27ab78c9-e368-3868-8a12-3dfdbb310419.pdf, 0, 2001-03-09 00:00:00, 443 Luettgen Village
Marianeland, IL 86799-6490, nxJaKPi8cv, 2025-09-24 12:53:10, 2025-09-24 12:53:10))&#13;
at vendor\laravel\framework\src\Illuminate\Database\Connection.php:564
at vendor\laravel\framework\src\Illuminate\Database\Connection.php:811
at vendor\laravel\framework\src\Illuminate\Database\Connection.php:778
at vendor\laravel\framework\src\Illuminate\Database\Connection.php:559
at vendor\laravel\framework\src\Illuminate\Database\Connection.php:523
at vendor\laravel\framework\src\Illuminate\Database\Query\Processors\Processor.php:32
at vendor\laravel\framework\src\Illuminate\Database\Query\Builder.php:3853
at vendor\laravel\framework\src\Illuminate\Database\Eloquent\Builder.php:2235
at vendor\laravel\framework\src\Illuminate\Database\Eloquent\Model.php:1436
at vendor\laravel\framework\src\Illuminate\Database\Eloquent\Model.php:1401
at vendor\laravel\framework\src\Illuminate\Database\Eloquent\Model.php:1240
at vendor\laravel\framework\src\Illuminate\Database\Eloquent\Factories\Factory.php:370
at vendor\laravel\framework\src\Illuminate\Collections\Traits\EnumeratesValues.php:271
at vendor\laravel\framework\src\Illuminate\Database\Eloquent\Factories\Factory.php:365
at vendor\laravel\framework\src\Illuminate\Database\Eloquent\Factories\Factory.php:321
at vendor\laravel\framework\src\Illuminate\Database\Eloquent\Factories\Factory.php:315
at tests\Feature\AdminPermissionsTest.php:31
Caused by
PDOException: SQLSTATE[HY000]: General error: 1 no such table: car_rental_users

at vendor\laravel\framework\src\Illuminate\Database\Connection.php:564
at vendor\laravel\framework\src\Illuminate\Database\Connection.php:811
at vendor\laravel\framework\src\Illuminate\Database\Connection.php:778
at vendor\laravel\framework\src\Illuminate\Database\Connection.php:559
at vendor\laravel\framework\src\Illuminate\Database\Connection.php:523
at vendor\laravel\framework\src\Illuminate\Database\Query\Processors\Processor.php:32
at vendor\laravel\framework\src\Illuminate\Database\Query\Builder.php:3853
at vendor\laravel\framework\src\Illuminate\Database\Eloquent\Builder.php:2235
at vendor\laravel\framework\src\Illuminate\Database\Eloquent\Model.php:1436
at vendor\laravel\framework\src\Illuminate\Database\Eloquent\Model.php:1401
at vendor\laravel\framework\src\Illuminate\Database\Eloquent\Model.php:1240
at vendor\laravel\framework\src\Illuminate\Database\Eloquent\Factories\Factory.php:370
at vendor\laravel\framework\src\Illuminate\Collections\Traits\EnumeratesValues.php:271
at vendor\laravel\framework\src\Illuminate\Database\Eloquent\Factories\Factory.php:365
at vendor\laravel\framework\src\Illuminate\Database\Eloquent\Factories\Factory.php:321
at vendor\laravel\framework\src\Illuminate\Database\Eloquent\Factories\Factory.php:315
at tests\Feature\AdminPermissionsTest.php:31</error>
        </testcase>
        <testcase name="it allows admin to edit vehicle record" file="tests\Feature\AdminPermissionsTest.php::it allows admin to edit vehicle record" class="Tests\Feature\AdminPermissionsTest" classname="Tests.Feature.AdminPermissionsTest" assertions="0" time="0.059211">
          <error type="Illuminate\Database\QueryException">it allows admin to edit vehicle recordIlluminate\Database\QueryException: SQLSTATE[HY000]: General error: 1 no such table: car_rental_users (Connection: sqlite, SQL: insert into "car_rental_users" ("name", "email", "email_verified_at", "password", "phone", "role", "status", "license_number", "id_document_path", "license_document_path", "is_verified", "date_of_birth", "address", "remember_token", "updated_at", "created_at") values (Jude Kshlerin, hilton64@example.com, 2025-09-24 12:53:10, $2y$04$78g4B33dBB9yvLZHXPZyOuzF4w5wzk7FwYQTRiFHrXZoaR9VfYlfW, 1-925-755-3009, admin, active, doy-7257-3161, documents/ids/e6fd3b4b-2444-3b4e-894d-3e559614de25.pdf, documents/licenses/d7292f46-ac24-33cd-8056-2a0bb8a6deb8.pdf, 1, 1963-09-09 00:00:00, 3348 Cummings Centers
West Shyannberg, ID 77443-2919, Ju0MKQr9m4, 2025-09-24 12:53:10, 2025-09-24 12:53:10))&#13;
at vendor\laravel\framework\src\Illuminate\Database\Connection.php:564
at vendor\laravel\framework\src\Illuminate\Database\Connection.php:811
at vendor\laravel\framework\src\Illuminate\Database\Connection.php:778
at vendor\laravel\framework\src\Illuminate\Database\Connection.php:559
at vendor\laravel\framework\src\Illuminate\Database\Connection.php:523
at vendor\laravel\framework\src\Illuminate\Database\Query\Processors\Processor.php:32
at vendor\laravel\framework\src\Illuminate\Database\Query\Builder.php:3853
at vendor\laravel\framework\src\Illuminate\Database\Eloquent\Builder.php:2235
at vendor\laravel\framework\src\Illuminate\Database\Eloquent\Model.php:1436
at vendor\laravel\framework\src\Illuminate\Database\Eloquent\Model.php:1401
at vendor\laravel\framework\src\Illuminate\Database\Eloquent\Model.php:1240
at vendor\laravel\framework\src\Illuminate\Database\Eloquent\Factories\Factory.php:370
at vendor\laravel\framework\src\Illuminate\Collections\Traits\EnumeratesValues.php:271
at vendor\laravel\framework\src\Illuminate\Database\Eloquent\Factories\Factory.php:365
at vendor\laravel\framework\src\Illuminate\Database\Eloquent\Factories\Factory.php:321
at vendor\laravel\framework\src\Illuminate\Database\Eloquent\Factories\Factory.php:315
at tests\Feature\AdminPermissionsTest.php:59
Caused by
PDOException: SQLSTATE[HY000]: General error: 1 no such table: car_rental_users

at vendor\laravel\framework\src\Illuminate\Database\Connection.php:564
at vendor\laravel\framework\src\Illuminate\Database\Connection.php:811
at vendor\laravel\framework\src\Illuminate\Database\Connection.php:778
at vendor\laravel\framework\src\Illuminate\Database\Connection.php:559
at vendor\laravel\framework\src\Illuminate\Database\Connection.php:523
at vendor\laravel\framework\src\Illuminate\Database\Query\Processors\Processor.php:32
at vendor\laravel\framework\src\Illuminate\Database\Query\Builder.php:3853
at vendor\laravel\framework\src\Illuminate\Database\Eloquent\Builder.php:2235
at vendor\laravel\framework\src\Illuminate\Database\Eloquent\Model.php:1436
at vendor\laravel\framework\src\Illuminate\Database\Eloquent\Model.php:1401
at vendor\laravel\framework\src\Illuminate\Database\Eloquent\Model.php:1240
at vendor\laravel\framework\src\Illuminate\Database\Eloquent\Factories\Factory.php:370
at vendor\laravel\framework\src\Illuminate\Collections\Traits\EnumeratesValues.php:271
at vendor\laravel\framework\src\Illuminate\Database\Eloquent\Factories\Factory.php:365
at vendor\laravel\framework\src\Illuminate\Database\Eloquent\Factories\Factory.php:321
at vendor\laravel\framework\src\Illuminate\Database\Eloquent\Factories\Factory.php:315
at tests\Feature\AdminPermissionsTest.php:59</error>
        </testcase>
        <testcase name="it allows admin to access users resource methods" file="tests\Feature\AdminPermissionsTest.php::it allows admin to access users resource methods" class="Tests\Feature\AdminPermissionsTest" classname="Tests.Feature.AdminPermissionsTest" assertions="0" time="0.057501">
          <error type="Illuminate\Database\QueryException">it allows admin to access users resource methodsIlluminate\Database\QueryException: SQLSTATE[HY000]: General error: 1 no such table: car_rental_users (Connection: sqlite, SQL: insert into "car_rental_users" ("name", "email", "email_verified_at", "password", "phone", "role", "status", "license_number", "id_document_path", "license_document_path", "is_verified", "date_of_birth", "address", "remember_token", "updated_at", "created_at") values (Clifton Hermiston, rconnelly@example.org, 2025-09-24 12:53:10, $2y$04$78g4B33dBB9yvLZHXPZyOuzF4w5wzk7FwYQTRiFHrXZoaR9VfYlfW, 1-504-486-5127, admin, approved, rzz-0809-3967, documents/ids/472bcaed-3f54-3992-a806-02f9bfc1771c.pdf, documents/licenses/03b4244e-26a8-3e57-b4bf-2874407800f8.pdf, 0, 1984-12-24 00:00:00, 5187 Chad Haven Apt. 496
Elvieville, OH 98648-2194, tGN64n4sZS, 2025-09-24 12:53:10, 2025-09-24 12:53:10))&#13;
at vendor\laravel\framework\src\Illuminate\Database\Connection.php:564
at vendor\laravel\framework\src\Illuminate\Database\Connection.php:811
at vendor\laravel\framework\src\Illuminate\Database\Connection.php:778
at vendor\laravel\framework\src\Illuminate\Database\Connection.php:559
at vendor\laravel\framework\src\Illuminate\Database\Connection.php:523
at vendor\laravel\framework\src\Illuminate\Database\Query\Processors\Processor.php:32
at vendor\laravel\framework\src\Illuminate\Database\Query\Builder.php:3853
at vendor\laravel\framework\src\Illuminate\Database\Eloquent\Builder.php:2235
at vendor\laravel\framework\src\Illuminate\Database\Eloquent\Model.php:1436
at vendor\laravel\framework\src\Illuminate\Database\Eloquent\Model.php:1401
at vendor\laravel\framework\src\Illuminate\Database\Eloquent\Model.php:1240
at vendor\laravel\framework\src\Illuminate\Database\Eloquent\Factories\Factory.php:370
at vendor\laravel\framework\src\Illuminate\Collections\Traits\EnumeratesValues.php:271
at vendor\laravel\framework\src\Illuminate\Database\Eloquent\Factories\Factory.php:365
at vendor\laravel\framework\src\Illuminate\Database\Eloquent\Factories\Factory.php:321
at vendor\laravel\framework\src\Illuminate\Database\Eloquent\Factories\Factory.php:315
at tests\Feature\AdminPermissionsTest.php:12
Caused by
PDOException: SQLSTATE[HY000]: General error: 1 no such table: car_rental_users

at vendor\laravel\framework\src\Illuminate\Database\Connection.php:564
at vendor\laravel\framework\src\Illuminate\Database\Connection.php:811
at vendor\laravel\framework\src\Illuminate\Database\Connection.php:778
at vendor\laravel\framework\src\Illuminate\Database\Connection.php:559
at vendor\laravel\framework\src\Illuminate\Database\Connection.php:523
at vendor\laravel\framework\src\Illuminate\Database\Query\Processors\Processor.php:32
at vendor\laravel\framework\src\Illuminate\Database\Query\Builder.php:3853
at vendor\laravel\framework\src\Illuminate\Database\Eloquent\Builder.php:2235
at vendor\laravel\framework\src\Illuminate\Database\Eloquent\Model.php:1436
at vendor\laravel\framework\src\Illuminate\Database\Eloquent\Model.php:1401
at vendor\laravel\framework\src\Illuminate\Database\Eloquent\Model.php:1240
at vendor\laravel\framework\src\Illuminate\Database\Eloquent\Factories\Factory.php:370
at vendor\laravel\framework\src\Illuminate\Collections\Traits\EnumeratesValues.php:271
at vendor\laravel\framework\src\Illuminate\Database\Eloquent\Factories\Factory.php:365
at vendor\laravel\framework\src\Illuminate\Database\Eloquent\Factories\Factory.php:321
at vendor\laravel\framework\src\Illuminate\Database\Eloquent\Factories\Factory.php:315
at tests\Feature\AdminPermissionsTest.php:12</error>
        </testcase>
      </testsuite>
      <testsuite name="Tests\Feature\BookingCreationTest" file="tests\Feature\BookingCreationTest.php" tests="3" assertions="0" errors="3" failures="0" skipped="0" time="0.000000">
        <testcase name="can create booking with calculated fields" file="tests\Feature\BookingCreationTest.php::can create booking with calculated fields" class="Tests\Feature\BookingCreationTest" classname="Tests.Feature.BookingCreationTest" assertions="0" time="0.000000">
          <error type="Illuminate\Database\QueryException">can create booking with calculated fieldsIlluminate\Database\QueryException: SQLSTATE[HY000]: General error: 1 no such table: car_rental_users (Connection: sqlite, SQL: insert into "car_rental_users" ("name", "email", "email_verified_at", "password", "phone", "role", "status", "license_number", "id_document_path", "license_document_path", "is_verified", "date_of_birth", "address", "remember_token", "updated_at", "created_at") values (Eudora Lueilwitz, lynch.reta@example.org, 2025-09-24 12:53:10, $2y$04$78g4B33dBB9yvLZHXPZyOuzF4w5wzk7FwYQTRiFHrXZoaR9VfYlfW, 317.721.5498, admin, active, maf-4905-2067, documents/ids/b56a7db4-540d-3992-b7eb-c6dc3a25b01d.pdf, documents/licenses/bf337648-2e9e-302c-aadd-7ec851291c49.pdf, 1, 1977-12-01 00:00:00, 998 Grady Mews Suite 710
Wuckertview, OK 02833, 7UWG4kgr4x, 2025-09-24 12:53:10, 2025-09-24 12:53:10))&#13;
at vendor\laravel\framework\src\Illuminate\Database\Connection.php:564
at vendor\laravel\framework\src\Illuminate\Database\Connection.php:811
at vendor\laravel\framework\src\Illuminate\Database\Connection.php:778
at vendor\laravel\framework\src\Illuminate\Database\Connection.php:559
at vendor\laravel\framework\src\Illuminate\Database\Connection.php:523
at vendor\laravel\framework\src\Illuminate\Database\Query\Processors\Processor.php:32
at vendor\laravel\framework\src\Illuminate\Database\Query\Builder.php:3853
at vendor\laravel\framework\src\Illuminate\Database\Eloquent\Builder.php:2235
at vendor\laravel\framework\src\Illuminate\Database\Eloquent\Model.php:1436
at vendor\laravel\framework\src\Illuminate\Database\Eloquent\Model.php:1401
at vendor\laravel\framework\src\Illuminate\Database\Eloquent\Model.php:1240
at vendor\laravel\framework\src\Illuminate\Database\Eloquent\Factories\Factory.php:370
at vendor\laravel\framework\src\Illuminate\Collections\Traits\EnumeratesValues.php:271
at vendor\laravel\framework\src\Illuminate\Database\Eloquent\Factories\Factory.php:365
at vendor\laravel\framework\src\Illuminate\Database\Eloquent\Factories\Factory.php:321
at tests\Feature\BookingCreationTest.php:14
Caused by
PDOException: SQLSTATE[HY000]: General error: 1 no such table: car_rental_users

at vendor\laravel\framework\src\Illuminate\Database\Connection.php:564
at vendor\laravel\framework\src\Illuminate\Database\Connection.php:811
at vendor\laravel\framework\src\Illuminate\Database\Connection.php:778
at vendor\laravel\framework\src\Illuminate\Database\Connection.php:559
at vendor\laravel\framework\src\Illuminate\Database\Connection.php:523
at vendor\laravel\framework\src\Illuminate\Database\Query\Processors\Processor.php:32
at vendor\laravel\framework\src\Illuminate\Database\Query\Builder.php:3853
at vendor\laravel\framework\src\Illuminate\Database\Eloquent\Builder.php:2235
at vendor\laravel\framework\src\Illuminate\Database\Eloquent\Model.php:1436
at vendor\laravel\framework\src\Illuminate\Database\Eloquent\Model.php:1401
at vendor\laravel\framework\src\Illuminate\Database\Eloquent\Model.php:1240
at vendor\laravel\framework\src\Illuminate\Database\Eloquent\Factories\Factory.php:370
at vendor\laravel\framework\src\Illuminate\Collections\Traits\EnumeratesValues.php:271
at vendor\laravel\framework\src\Illuminate\Database\Eloquent\Factories\Factory.php:365
at vendor\laravel\framework\src\Illuminate\Database\Eloquent\Factories\Factory.php:321
at tests\Feature\BookingCreationTest.php:14</error>
        </testcase>
        <testcase name="booking relationships work correctly" file="tests\Feature\BookingCreationTest.php::booking relationships work correctly" class="Tests\Feature\BookingCreationTest" classname="Tests.Feature.BookingCreationTest" assertions="0" time="0.000000">
          <error type="Illuminate\Database\QueryException">booking relationships work correctlyIlluminate\Database\QueryException: SQLSTATE[HY000]: General error: 1 no such table: car_rental_users (Connection: sqlite, SQL: insert into "car_rental_users" ("name", "email", "email_verified_at", "password", "phone", "role", "status", "license_number", "id_document_path", "license_document_path", "is_verified", "date_of_birth", "address", "remember_token", "updated_at", "created_at") values (Wiley Hayes, langosh.annabel@example.net, 2025-09-24 12:53:10, $2y$04$78g4B33dBB9yvLZHXPZyOuzF4w5wzk7FwYQTRiFHrXZoaR9VfYlfW, +1.985.945.0251, admin, active, quc-2329-9628, documents/ids/458d6eb1-fd03-3677-81d7-fbd464d22ac3.pdf, documents/licenses/7ef875e9-0a52-3cfa-93a5-fe53a667d371.pdf, 1, 1986-07-24 00:00:00, 2142 Murray Ports Suite 899
Port Adolfo, IL 78740-7148, 5DtqgmwPkb, 2025-09-24 12:53:10, 2025-09-24 12:53:10))&#13;
at vendor\laravel\framework\src\Illuminate\Database\Connection.php:564
at vendor\laravel\framework\src\Illuminate\Database\Connection.php:811
at vendor\laravel\framework\src\Illuminate\Database\Connection.php:778
at vendor\laravel\framework\src\Illuminate\Database\Connection.php:559
at vendor\laravel\framework\src\Illuminate\Database\Connection.php:523
at vendor\laravel\framework\src\Illuminate\Database\Query\Processors\Processor.php:32
at vendor\laravel\framework\src\Illuminate\Database\Query\Builder.php:3853
at vendor\laravel\framework\src\Illuminate\Database\Eloquent\Builder.php:2235
at vendor\laravel\framework\src\Illuminate\Database\Eloquent\Model.php:1436
at vendor\laravel\framework\src\Illuminate\Database\Eloquent\Model.php:1401
at vendor\laravel\framework\src\Illuminate\Database\Eloquent\Model.php:1240
at vendor\laravel\framework\src\Illuminate\Database\Eloquent\Factories\Factory.php:370
at vendor\laravel\framework\src\Illuminate\Collections\Traits\EnumeratesValues.php:271
at vendor\laravel\framework\src\Illuminate\Database\Eloquent\Factories\Factory.php:365
at vendor\laravel\framework\src\Illuminate\Database\Eloquent\Factories\Factory.php:321
at tests\Feature\BookingCreationTest.php:14
Caused by
PDOException: SQLSTATE[HY000]: General error: 1 no such table: car_rental_users

at vendor\laravel\framework\src\Illuminate\Database\Connection.php:564
at vendor\laravel\framework\src\Illuminate\Database\Connection.php:811
at vendor\laravel\framework\src\Illuminate\Database\Connection.php:778
at vendor\laravel\framework\src\Illuminate\Database\Connection.php:559
at vendor\laravel\framework\src\Illuminate\Database\Connection.php:523
at vendor\laravel\framework\src\Illuminate\Database\Query\Processors\Processor.php:32
at vendor\laravel\framework\src\Illuminate\Database\Query\Builder.php:3853
at vendor\laravel\framework\src\Illuminate\Database\Eloquent\Builder.php:2235
at vendor\laravel\framework\src\Illuminate\Database\Eloquent\Model.php:1436
at vendor\laravel\framework\src\Illuminate\Database\Eloquent\Model.php:1401
at vendor\laravel\framework\src\Illuminate\Database\Eloquent\Model.php:1240
at vendor\laravel\framework\src\Illuminate\Database\Eloquent\Factories\Factory.php:370
at vendor\laravel\framework\src\Illuminate\Collections\Traits\EnumeratesValues.php:271
at vendor\laravel\framework\src\Illuminate\Database\Eloquent\Factories\Factory.php:365
at vendor\laravel\framework\src\Illuminate\Database\Eloquent\Factories\Factory.php:321
at tests\Feature\BookingCreationTest.php:14</error>
        </testcase>
        <testcase name="booking model has working days attribute" file="tests\Feature\BookingCreationTest.php::booking model has working days attribute" class="Tests\Feature\BookingCreationTest" classname="Tests.Feature.BookingCreationTest" assertions="0" time="0.000000">
          <error type="Illuminate\Database\QueryException">booking model has working days attributeIlluminate\Database\QueryException: SQLSTATE[HY000]: General error: 1 no such table: car_rental_users (Connection: sqlite, SQL: insert into "car_rental_users" ("name", "email", "email_verified_at", "password", "phone", "role", "status", "license_number", "id_document_path", "license_document_path", "is_verified", "date_of_birth", "address", "remember_token", "updated_at", "created_at") values (Arden Kessler, dominic44@example.com, 2025-09-24 12:53:10, $2y$04$78g4B33dBB9yvLZHXPZyOuzF4w5wzk7FwYQTRiFHrXZoaR9VfYlfW, +1-820-853-2179, admin, active, yyg-6210-3103, documents/ids/81dcbeaa-d1fd-39a2-bc37-3e171341c3f4.pdf, documents/licenses/430506a6-36ac-3129-b527-0d4ffe7dfe0b.pdf, 1, 1973-06-01 00:00:00, 49974 Heidenreich Point Apt. 061
North Delores, CA 61949, CFrNyTFjLR, 2025-09-24 12:53:10, 2025-09-24 12:53:10))&#13;
at vendor\laravel\framework\src\Illuminate\Database\Connection.php:564
at vendor\laravel\framework\src\Illuminate\Database\Connection.php:811
at vendor\laravel\framework\src\Illuminate\Database\Connection.php:778
at vendor\laravel\framework\src\Illuminate\Database\Connection.php:559
at vendor\laravel\framework\src\Illuminate\Database\Connection.php:523
at vendor\laravel\framework\src\Illuminate\Database\Query\Processors\Processor.php:32
at vendor\laravel\framework\src\Illuminate\Database\Query\Builder.php:3853
at vendor\laravel\framework\src\Illuminate\Database\Eloquent\Builder.php:2235
at vendor\laravel\framework\src\Illuminate\Database\Eloquent\Model.php:1436
at vendor\laravel\framework\src\Illuminate\Database\Eloquent\Model.php:1401
at vendor\laravel\framework\src\Illuminate\Database\Eloquent\Model.php:1240
at vendor\laravel\framework\src\Illuminate\Database\Eloquent\Factories\Factory.php:370
at vendor\laravel\framework\src\Illuminate\Collections\Traits\EnumeratesValues.php:271
at vendor\laravel\framework\src\Illuminate\Database\Eloquent\Factories\Factory.php:365
at vendor\laravel\framework\src\Illuminate\Database\Eloquent\Factories\Factory.php:321
at tests\Feature\BookingCreationTest.php:14
Caused by
PDOException: SQLSTATE[HY000]: General error: 1 no such table: car_rental_users

at vendor\laravel\framework\src\Illuminate\Database\Connection.php:564
at vendor\laravel\framework\src\Illuminate\Database\Connection.php:811
at vendor\laravel\framework\src\Illuminate\Database\Connection.php:778
at vendor\laravel\framework\src\Illuminate\Database\Connection.php:559
at vendor\laravel\framework\src\Illuminate\Database\Connection.php:523
at vendor\laravel\framework\src\Illuminate\Database\Query\Processors\Processor.php:32
at vendor\laravel\framework\src\Illuminate\Database\Query\Builder.php:3853
at vendor\laravel\framework\src\Illuminate\Database\Eloquent\Builder.php:2235
at vendor\laravel\framework\src\Illuminate\Database\Eloquent\Model.php:1436
at vendor\laravel\framework\src\Illuminate\Database\Eloquent\Model.php:1401
at vendor\laravel\framework\src\Illuminate\Database\Eloquent\Model.php:1240
at vendor\laravel\framework\src\Illuminate\Database\Eloquent\Factories\Factory.php:370
at vendor\laravel\framework\src\Illuminate\Collections\Traits\EnumeratesValues.php:271
at vendor\laravel\framework\src\Illuminate\Database\Eloquent\Factories\Factory.php:365
at vendor\laravel\framework\src\Illuminate\Database\Eloquent\Factories\Factory.php:321
at tests\Feature\BookingCreationTest.php:14</error>
        </testcase>
      </testsuite>
      <testsuite name="Tests\Feature\SnapshotTest" file="tests\Feature\SnapshotTest.php" tests="15" assertions="0" errors="15" failures="0" skipped="0" time="0.000000">
        <testcase name="`Snapshot Tests` → `Validation Error Snapshots` → it matches vehicle validation error structure" file="tests\Feature\SnapshotTest.php::`Snapshot Tests` → `Validation Error Snapshots` → it matches vehicle validation error structure" class="Tests\Feature\SnapshotTest" classname="Tests.Feature.SnapshotTest" assertions="0" time="0.000000">
          <error type="Illuminate\Database\QueryException">`Snapshot Tests` → `Validation Error Snapshots` → it matches vehicle validation error structureIlluminate\Database\QueryException: SQLSTATE[HY000]: General error: 1 no such table: car_rental_users (Connection: sqlite, SQL: insert into "car_rental_users" ("name", "email", "email_verified_at", "password", "phone", "role", "status", "license_number", "id_document_path", "license_document_path", "is_verified", "date_of_birth", "address", "remember_token", "updated_at", "created_at") values (Prof. Brisa Mertz, leola26@example.net, 2025-09-24 12:53:10, $2y$04$78g4B33dBB9yvLZHXPZyOuzF4w5wzk7FwYQTRiFHrXZoaR9VfYlfW, 458-978-1250, admin, active, tze-5597-2923, documents/ids/b6867bf3-65ab-362b-aad4-1fdd32dc4b64.pdf, documents/licenses/397a334b-e831-3faa-8e74-595618dc23ea.pdf, 1, 1987-03-13 00:00:00, 809 Mayert Extension
North Jarrett, VA 65214-4668, 4Emr6xQts5, 2025-09-24 12:53:10, 2025-09-24 12:53:10))&#13;
at vendor\laravel\framework\src\Illuminate\Database\Connection.php:564
at vendor\laravel\framework\src\Illuminate\Database\Connection.php:811
at vendor\laravel\framework\src\Illuminate\Database\Connection.php:778
at vendor\laravel\framework\src\Illuminate\Database\Connection.php:559
at vendor\laravel\framework\src\Illuminate\Database\Connection.php:523
at vendor\laravel\framework\src\Illuminate\Database\Query\Processors\Processor.php:32
at vendor\laravel\framework\src\Illuminate\Database\Query\Builder.php:3853
at vendor\laravel\framework\src\Illuminate\Database\Eloquent\Builder.php:2235
at vendor\laravel\framework\src\Illuminate\Database\Eloquent\Model.php:1436
at vendor\laravel\framework\src\Illuminate\Database\Eloquent\Model.php:1401
at vendor\laravel\framework\src\Illuminate\Database\Eloquent\Model.php:1240
at vendor\laravel\framework\src\Illuminate\Database\Eloquent\Factories\Factory.php:370
at vendor\laravel\framework\src\Illuminate\Collections\Traits\EnumeratesValues.php:271
at vendor\laravel\framework\src\Illuminate\Database\Eloquent\Factories\Factory.php:365
at vendor\laravel\framework\src\Illuminate\Database\Eloquent\Factories\Factory.php:321
at tests\Feature\SnapshotTest.php:12
Caused by
PDOException: SQLSTATE[HY000]: General error: 1 no such table: car_rental_users

at vendor\laravel\framework\src\Illuminate\Database\Connection.php:564
at vendor\laravel\framework\src\Illuminate\Database\Connection.php:811
at vendor\laravel\framework\src\Illuminate\Database\Connection.php:778
at vendor\laravel\framework\src\Illuminate\Database\Connection.php:559
at vendor\laravel\framework\src\Illuminate\Database\Connection.php:523
at vendor\laravel\framework\src\Illuminate\Database\Query\Processors\Processor.php:32
at vendor\laravel\framework\src\Illuminate\Database\Query\Builder.php:3853
at vendor\laravel\framework\src\Illuminate\Database\Eloquent\Builder.php:2235
at vendor\laravel\framework\src\Illuminate\Database\Eloquent\Model.php:1436
at vendor\laravel\framework\src\Illuminate\Database\Eloquent\Model.php:1401
at vendor\laravel\framework\src\Illuminate\Database\Eloquent\Model.php:1240
at vendor\laravel\framework\src\Illuminate\Database\Eloquent\Factories\Factory.php:370
at vendor\laravel\framework\src\Illuminate\Collections\Traits\EnumeratesValues.php:271
at vendor\laravel\framework\src\Illuminate\Database\Eloquent\Factories\Factory.php:365
at vendor\laravel\framework\src\Illuminate\Database\Eloquent\Factories\Factory.php:321
at tests\Feature\SnapshotTest.php:12</error>
        </testcase>
        <testcase name="`Snapshot Tests` → `Configuration Snapshots` → it matches filament configuration structure" file="tests\Feature\SnapshotTest.php::`Snapshot Tests` → `Configuration Snapshots` → it matches filament configuration structure" class="Tests\Feature\SnapshotTest" classname="Tests.Feature.SnapshotTest" assertions="0" time="0.000000">
          <error type="Illuminate\Database\QueryException">`Snapshot Tests` → `Configuration Snapshots` → it matches filament configuration structureIlluminate\Database\QueryException: SQLSTATE[HY000]: General error: 1 no such table: car_rental_users (Connection: sqlite, SQL: insert into "car_rental_users" ("name", "email", "email_verified_at", "password", "phone", "role", "status", "license_number", "id_document_path", "license_document_path", "is_verified", "date_of_birth", "address", "remember_token", "updated_at", "created_at") values (Mr. Brendan Kub, ljaskolski@example.com, 2025-09-24 12:53:10, $2y$04$78g4B33dBB9yvLZHXPZyOuzF4w5wzk7FwYQTRiFHrXZoaR9VfYlfW, 1-956-938-6598, admin, active, hft-9811-5644, documents/ids/929c0866-53ad-34a6-97e5-212a594e4c69.pdf, documents/licenses/f2340055-108e-34fd-97f5-d07331ca9e48.pdf, 1, 1989-08-02 00:00:00, 3640 Kenton Spring Suite 979
Baumbachton, WI 79562, MmiLCe6Ikr, 2025-09-24 12:53:10, 2025-09-24 12:53:10))&#13;
at vendor\laravel\framework\src\Illuminate\Database\Connection.php:564
at vendor\laravel\framework\src\Illuminate\Database\Connection.php:811
at vendor\laravel\framework\src\Illuminate\Database\Connection.php:778
at vendor\laravel\framework\src\Illuminate\Database\Connection.php:559
at vendor\laravel\framework\src\Illuminate\Database\Connection.php:523
at vendor\laravel\framework\src\Illuminate\Database\Query\Processors\Processor.php:32
at vendor\laravel\framework\src\Illuminate\Database\Query\Builder.php:3853
at vendor\laravel\framework\src\Illuminate\Database\Eloquent\Builder.php:2235
at vendor\laravel\framework\src\Illuminate\Database\Eloquent\Model.php:1436
at vendor\laravel\framework\src\Illuminate\Database\Eloquent\Model.php:1401
at vendor\laravel\framework\src\Illuminate\Database\Eloquent\Model.php:1240
at vendor\laravel\framework\src\Illuminate\Database\Eloquent\Factories\Factory.php:370
at vendor\laravel\framework\src\Illuminate\Collections\Traits\EnumeratesValues.php:271
at vendor\laravel\framework\src\Illuminate\Database\Eloquent\Factories\Factory.php:365
at vendor\laravel\framework\src\Illuminate\Database\Eloquent\Factories\Factory.php:321
at tests\Feature\SnapshotTest.php:12
Caused by
PDOException: SQLSTATE[HY000]: General error: 1 no such table: car_rental_users

at vendor\laravel\framework\src\Illuminate\Database\Connection.php:564
at vendor\laravel\framework\src\Illuminate\Database\Connection.php:811
at vendor\laravel\framework\src\Illuminate\Database\Connection.php:778
at vendor\laravel\framework\src\Illuminate\Database\Connection.php:559
at vendor\laravel\framework\src\Illuminate\Database\Connection.php:523
at vendor\laravel\framework\src\Illuminate\Database\Query\Processors\Processor.php:32
at vendor\laravel\framework\src\Illuminate\Database\Query\Builder.php:3853
at vendor\laravel\framework\src\Illuminate\Database\Eloquent\Builder.php:2235
at vendor\laravel\framework\src\Illuminate\Database\Eloquent\Model.php:1436
at vendor\laravel\framework\src\Illuminate\Database\Eloquent\Model.php:1401
at vendor\laravel\framework\src\Illuminate\Database\Eloquent\Model.php:1240
at vendor\laravel\framework\src\Illuminate\Database\Eloquent\Factories\Factory.php:370
at vendor\laravel\framework\src\Illuminate\Collections\Traits\EnumeratesValues.php:271
at vendor\laravel\framework\src\Illuminate\Database\Eloquent\Factories\Factory.php:365
at vendor\laravel\framework\src\Illuminate\Database\Eloquent\Factories\Factory.php:321
at tests\Feature\SnapshotTest.php:12</error>
        </testcase>
        <testcase name="`Snapshot Tests` → `Model Relationship Snapshots` → it matches user with full profile structure" file="tests\Feature\SnapshotTest.php::`Snapshot Tests` → `Model Relationship Snapshots` → it matches user with full profile structure" class="Tests\Feature\SnapshotTest" classname="Tests.Feature.SnapshotTest" assertions="0" time="0.000000">
          <error type="Illuminate\Database\QueryException">`Snapshot Tests` → `Model Relationship Snapshots` → it matches user with full profile structureIlluminate\Database\QueryException: SQLSTATE[HY000]: General error: 1 no such table: car_rental_users (Connection: sqlite, SQL: insert into "car_rental_users" ("name", "email", "email_verified_at", "password", "phone", "role", "status", "license_number", "id_document_path", "license_document_path", "is_verified", "date_of_birth", "address", "remember_token", "updated_at", "created_at") values (Dr. Sheldon Douglas, penelope88@example.com, 2025-09-24 12:53:10, $2y$04$78g4B33dBB9yvLZHXPZyOuzF4w5wzk7FwYQTRiFHrXZoaR9VfYlfW, 1-878-319-2338, admin, active, mwc-0543-5886, documents/ids/92ab3d63-9e0d-3a4d-ab85-29df09cc7417.pdf, documents/licenses/7b4e7caf-b35b-35d0-8c6f-f977f3771016.pdf, 1, 1980-03-08 00:00:00, 5580 Schiller Drives
Kamrenton, NC 63682-5982, Pcl1OqdBOC, 2025-09-24 12:53:10, 2025-09-24 12:53:10))&#13;
at vendor\laravel\framework\src\Illuminate\Database\Connection.php:564
at vendor\laravel\framework\src\Illuminate\Database\Connection.php:811
at vendor\laravel\framework\src\Illuminate\Database\Connection.php:778
at vendor\laravel\framework\src\Illuminate\Database\Connection.php:559
at vendor\laravel\framework\src\Illuminate\Database\Connection.php:523
at vendor\laravel\framework\src\Illuminate\Database\Query\Processors\Processor.php:32
at vendor\laravel\framework\src\Illuminate\Database\Query\Builder.php:3853
at vendor\laravel\framework\src\Illuminate\Database\Eloquent\Builder.php:2235
at vendor\laravel\framework\src\Illuminate\Database\Eloquent\Model.php:1436
at vendor\laravel\framework\src\Illuminate\Database\Eloquent\Model.php:1401
at vendor\laravel\framework\src\Illuminate\Database\Eloquent\Model.php:1240
at vendor\laravel\framework\src\Illuminate\Database\Eloquent\Factories\Factory.php:370
at vendor\laravel\framework\src\Illuminate\Collections\Traits\EnumeratesValues.php:271
at vendor\laravel\framework\src\Illuminate\Database\Eloquent\Factories\Factory.php:365
at vendor\laravel\framework\src\Illuminate\Database\Eloquent\Factories\Factory.php:321
at tests\Feature\SnapshotTest.php:12
Caused by
PDOException: SQLSTATE[HY000]: General error: 1 no such table: car_rental_users

at vendor\laravel\framework\src\Illuminate\Database\Connection.php:564
at vendor\laravel\framework\src\Illuminate\Database\Connection.php:811
at vendor\laravel\framework\src\Illuminate\Database\Connection.php:778
at vendor\laravel\framework\src\Illuminate\Database\Connection.php:559
at vendor\laravel\framework\src\Illuminate\Database\Connection.php:523
at vendor\laravel\framework\src\Illuminate\Database\Query\Processors\Processor.php:32
at vendor\laravel\framework\src\Illuminate\Database\Query\Builder.php:3853
at vendor\laravel\framework\src\Illuminate\Database\Eloquent\Builder.php:2235
at vendor\laravel\framework\src\Illuminate\Database\Eloquent\Model.php:1436
at vendor\laravel\framework\src\Illuminate\Database\Eloquent\Model.php:1401
at vendor\laravel\framework\src\Illuminate\Database\Eloquent\Model.php:1240
at vendor\laravel\framework\src\Illuminate\Database\Eloquent\Factories\Factory.php:370
at vendor\laravel\framework\src\Illuminate\Collections\Traits\EnumeratesValues.php:271
at vendor\laravel\framework\src\Illuminate\Database\Eloquent\Factories\Factory.php:365
at vendor\laravel\framework\src\Illuminate\Database\Eloquent\Factories\Factory.php:321
at tests\Feature\SnapshotTest.php:12</error>
        </testcase>
        <testcase name="`Snapshot Tests` → `Database Query Snapshots` → it matches vehicle search query with filters" file="tests\Feature\SnapshotTest.php::`Snapshot Tests` → `Database Query Snapshots` → it matches vehicle search query with filters" class="Tests\Feature\SnapshotTest" classname="Tests.Feature.SnapshotTest" assertions="0" time="0.000000">
          <error type="Illuminate\Database\QueryException">`Snapshot Tests` → `Database Query Snapshots` → it matches vehicle search query with filtersIlluminate\Database\QueryException: SQLSTATE[HY000]: General error: 1 no such table: car_rental_users (Connection: sqlite, SQL: insert into "car_rental_users" ("name", "email", "email_verified_at", "password", "phone", "role", "status", "license_number", "id_document_path", "license_document_path", "is_verified", "date_of_birth", "address", "remember_token", "updated_at", "created_at") values (Miss Nella Huels Jr., ecormier@example.com, 2025-09-24 12:53:10, $2y$04$78g4B33dBB9yvLZHXPZyOuzF4w5wzk7FwYQTRiFHrXZoaR9VfYlfW, 1-269-619-3926, admin, active, ylh-4736-1933, documents/ids/b13809e5-05c9-3b07-878e-4bc8b7a55a6d.pdf, documents/licenses/947bdf14-35bb-3441-ae76-d6617185b095.pdf, 1, 1999-04-13 00:00:00, 87105 Marquardt Flats
Joeland, WV 03184, mEhVsOMKvx, 2025-09-24 12:53:10, 2025-09-24 12:53:10))&#13;
at vendor\laravel\framework\src\Illuminate\Database\Connection.php:564
at vendor\laravel\framework\src\Illuminate\Database\Connection.php:811
at vendor\laravel\framework\src\Illuminate\Database\Connection.php:778
at vendor\laravel\framework\src\Illuminate\Database\Connection.php:559
at vendor\laravel\framework\src\Illuminate\Database\Connection.php:523
at vendor\laravel\framework\src\Illuminate\Database\Query\Processors\Processor.php:32
at vendor\laravel\framework\src\Illuminate\Database\Query\Builder.php:3853
at vendor\laravel\framework\src\Illuminate\Database\Eloquent\Builder.php:2235
at vendor\laravel\framework\src\Illuminate\Database\Eloquent\Model.php:1436
at vendor\laravel\framework\src\Illuminate\Database\Eloquent\Model.php:1401
at vendor\laravel\framework\src\Illuminate\Database\Eloquent\Model.php:1240
at vendor\laravel\framework\src\Illuminate\Database\Eloquent\Factories\Factory.php:370
at vendor\laravel\framework\src\Illuminate\Collections\Traits\EnumeratesValues.php:271
at vendor\laravel\framework\src\Illuminate\Database\Eloquent\Factories\Factory.php:365
at vendor\laravel\framework\src\Illuminate\Database\Eloquent\Factories\Factory.php:321
at tests\Feature\SnapshotTest.php:12
Caused by
PDOException: SQLSTATE[HY000]: General error: 1 no such table: car_rental_users

at vendor\laravel\framework\src\Illuminate\Database\Connection.php:564
at vendor\laravel\framework\src\Illuminate\Database\Connection.php:811
at vendor\laravel\framework\src\Illuminate\Database\Connection.php:778
at vendor\laravel\framework\src\Illuminate\Database\Connection.php:559
at vendor\laravel\framework\src\Illuminate\Database\Connection.php:523
at vendor\laravel\framework\src\Illuminate\Database\Query\Processors\Processor.php:32
at vendor\laravel\framework\src\Illuminate\Database\Query\Builder.php:3853
at vendor\laravel\framework\src\Illuminate\Database\Eloquent\Builder.php:2235
at vendor\laravel\framework\src\Illuminate\Database\Eloquent\Model.php:1436
at vendor\laravel\framework\src\Illuminate\Database\Eloquent\Model.php:1401
at vendor\laravel\framework\src\Illuminate\Database\Eloquent\Model.php:1240
at vendor\laravel\framework\src\Illuminate\Database\Eloquent\Factories\Factory.php:370
at vendor\laravel\framework\src\Illuminate\Collections\Traits\EnumeratesValues.php:271
at vendor\laravel\framework\src\Illuminate\Database\Eloquent\Factories\Factory.php:365
at vendor\laravel\framework\src\Illuminate\Database\Eloquent\Factories\Factory.php:321
at tests\Feature\SnapshotTest.php:12</error>
        </testcase>
        <testcase name="`Snapshot Tests` → `Database Query Snapshots` → it matches complex booking query structure" file="tests\Feature\SnapshotTest.php::`Snapshot Tests` → `Database Query Snapshots` → it matches complex booking query structure" class="Tests\Feature\SnapshotTest" classname="Tests.Feature.SnapshotTest" assertions="0" time="0.000000">
          <error type="Illuminate\Database\QueryException">`Snapshot Tests` → `Database Query Snapshots` → it matches complex booking query structureIlluminate\Database\QueryException: SQLSTATE[HY000]: General error: 1 no such table: car_rental_users (Connection: sqlite, SQL: insert into "car_rental_users" ("name", "email", "email_verified_at", "password", "phone", "role", "status", "license_number", "id_document_path", "license_document_path", "is_verified", "date_of_birth", "address", "remember_token", "updated_at", "created_at") values (Ms. Nettie Kiehn, tamara03@example.net, 2025-09-24 12:53:10, $2y$04$78g4B33dBB9yvLZHXPZyOuzF4w5wzk7FwYQTRiFHrXZoaR9VfYlfW, 1-680-481-8849, admin, active, bit-8328-5112, documents/ids/452aaca1-8e7e-3f05-924f-89be9ea6d168.pdf, documents/licenses/2fb767c1-eca9-3d4f-82ef-3f773b873269.pdf, 1, 1974-03-22 00:00:00, 523 Dejah Port Suite 472
South Cristian, MT 22114-0876, mSv1r66k9y, 2025-09-24 12:53:10, 2025-09-24 12:53:10))&#13;
at vendor\laravel\framework\src\Illuminate\Database\Connection.php:564
at vendor\laravel\framework\src\Illuminate\Database\Connection.php:811
at vendor\laravel\framework\src\Illuminate\Database\Connection.php:778
at vendor\laravel\framework\src\Illuminate\Database\Connection.php:559
at vendor\laravel\framework\src\Illuminate\Database\Connection.php:523
at vendor\laravel\framework\src\Illuminate\Database\Query\Processors\Processor.php:32
at vendor\laravel\framework\src\Illuminate\Database\Query\Builder.php:3853
at vendor\laravel\framework\src\Illuminate\Database\Eloquent\Builder.php:2235
at vendor\laravel\framework\src\Illuminate\Database\Eloquent\Model.php:1436
at vendor\laravel\framework\src\Illuminate\Database\Eloquent\Model.php:1401
at vendor\laravel\framework\src\Illuminate\Database\Eloquent\Model.php:1240
at vendor\laravel\framework\src\Illuminate\Database\Eloquent\Factories\Factory.php:370
at vendor\laravel\framework\src\Illuminate\Collections\Traits\EnumeratesValues.php:271
at vendor\laravel\framework\src\Illuminate\Database\Eloquent\Factories\Factory.php:365
at vendor\laravel\framework\src\Illuminate\Database\Eloquent\Factories\Factory.php:321
at tests\Feature\SnapshotTest.php:12
Caused by
PDOException: SQLSTATE[HY000]: General error: 1 no such table: car_rental_users

at vendor\laravel\framework\src\Illuminate\Database\Connection.php:564
at vendor\laravel\framework\src\Illuminate\Database\Connection.php:811
at vendor\laravel\framework\src\Illuminate\Database\Connection.php:778
at vendor\laravel\framework\src\Illuminate\Database\Connection.php:559
at vendor\laravel\framework\src\Illuminate\Database\Connection.php:523
at vendor\laravel\framework\src\Illuminate\Database\Query\Processors\Processor.php:32
at vendor\laravel\framework\src\Illuminate\Database\Query\Builder.php:3853
at vendor\laravel\framework\src\Illuminate\Database\Eloquent\Builder.php:2235
at vendor\laravel\framework\src\Illuminate\Database\Eloquent\Model.php:1436
at vendor\laravel\framework\src\Illuminate\Database\Eloquent\Model.php:1401
at vendor\laravel\framework\src\Illuminate\Database\Eloquent\Model.php:1240
at vendor\laravel\framework\src\Illuminate\Database\Eloquent\Factories\Factory.php:370
at vendor\laravel\framework\src\Illuminate\Collections\Traits\EnumeratesValues.php:271
at vendor\laravel\framework\src\Illuminate\Database\Eloquent\Factories\Factory.php:365
at vendor\laravel\framework\src\Illuminate\Database\Eloquent\Factories\Factory.php:321
at tests\Feature\SnapshotTest.php:12</error>
        </testcase>
        <testcase name="`Snapshot Tests` → `Validation Error Snapshots` → it matches booking validation error structure" file="tests\Feature\SnapshotTest.php::`Snapshot Tests` → `Validation Error Snapshots` → it matches booking validation error structure" class="Tests\Feature\SnapshotTest" classname="Tests.Feature.SnapshotTest" assertions="0" time="0.000000">
          <error type="Illuminate\Database\QueryException">`Snapshot Tests` → `Validation Error Snapshots` → it matches booking validation error structureIlluminate\Database\QueryException: SQLSTATE[HY000]: General error: 1 no such table: car_rental_users (Connection: sqlite, SQL: insert into "car_rental_users" ("name", "email", "email_verified_at", "password", "phone", "role", "status", "license_number", "id_document_path", "license_document_path", "is_verified", "date_of_birth", "address", "remember_token", "updated_at", "created_at") values (Dr. Mac Kertzmann, awilliamson@example.net, 2025-09-24 12:53:11, $2y$04$78g4B33dBB9yvLZHXPZyOuzF4w5wzk7FwYQTRiFHrXZoaR9VfYlfW, 878.806.5741, admin, active, bpp-9407-3048, documents/ids/10387b31-2181-39ab-9aba-a855f86aad21.pdf, documents/licenses/a7b01bd1-829b-337d-9882-52fea9c09aef.pdf, 1, 1984-12-30 00:00:00, 642 Reynolds Rue Suite 307
Neldamouth, DC 35379, G0x2MwnGyZ, 2025-09-24 12:53:11, 2025-09-24 12:53:11))&#13;
at vendor\laravel\framework\src\Illuminate\Database\Connection.php:564
at vendor\laravel\framework\src\Illuminate\Database\Connection.php:811
at vendor\laravel\framework\src\Illuminate\Database\Connection.php:778
at vendor\laravel\framework\src\Illuminate\Database\Connection.php:559
at vendor\laravel\framework\src\Illuminate\Database\Connection.php:523
at vendor\laravel\framework\src\Illuminate\Database\Query\Processors\Processor.php:32
at vendor\laravel\framework\src\Illuminate\Database\Query\Builder.php:3853
at vendor\laravel\framework\src\Illuminate\Database\Eloquent\Builder.php:2235
at vendor\laravel\framework\src\Illuminate\Database\Eloquent\Model.php:1436
at vendor\laravel\framework\src\Illuminate\Database\Eloquent\Model.php:1401
at vendor\laravel\framework\src\Illuminate\Database\Eloquent\Model.php:1240
at vendor\laravel\framework\src\Illuminate\Database\Eloquent\Factories\Factory.php:370
at vendor\laravel\framework\src\Illuminate\Collections\Traits\EnumeratesValues.php:271
at vendor\laravel\framework\src\Illuminate\Database\Eloquent\Factories\Factory.php:365
at vendor\laravel\framework\src\Illuminate\Database\Eloquent\Factories\Factory.php:321
at tests\Feature\SnapshotTest.php:12
Caused by
PDOException: SQLSTATE[HY000]: General error: 1 no such table: car_rental_users

at vendor\laravel\framework\src\Illuminate\Database\Connection.php:564
at vendor\laravel\framework\src\Illuminate\Database\Connection.php:811
at vendor\laravel\framework\src\Illuminate\Database\Connection.php:778
at vendor\laravel\framework\src\Illuminate\Database\Connection.php:559
at vendor\laravel\framework\src\Illuminate\Database\Connection.php:523
at vendor\laravel\framework\src\Illuminate\Database\Query\Processors\Processor.php:32
at vendor\laravel\framework\src\Illuminate\Database\Query\Builder.php:3853
at vendor\laravel\framework\src\Illuminate\Database\Eloquent\Builder.php:2235
at vendor\laravel\framework\src\Illuminate\Database\Eloquent\Model.php:1436
at vendor\laravel\framework\src\Illuminate\Database\Eloquent\Model.php:1401
at vendor\laravel\framework\src\Illuminate\Database\Eloquent\Model.php:1240
at vendor\laravel\framework\src\Illuminate\Database\Eloquent\Factories\Factory.php:370
at vendor\laravel\framework\src\Illuminate\Collections\Traits\EnumeratesValues.php:271
at vendor\laravel\framework\src\Illuminate\Database\Eloquent\Factories\Factory.php:365
at vendor\laravel\framework\src\Illuminate\Database\Eloquent\Factories\Factory.php:321
at tests\Feature\SnapshotTest.php:12</error>
        </testcase>
        <testcase name="`Snapshot Tests` → `HTML Response Snapshots` → it matches dashboard HTML structure" file="tests\Feature\SnapshotTest.php::`Snapshot Tests` → `HTML Response Snapshots` → it matches dashboard HTML structure" class="Tests\Feature\SnapshotTest" classname="Tests.Feature.SnapshotTest" assertions="0" time="0.000000">
          <error type="Illuminate\Database\QueryException">`Snapshot Tests` → `HTML Response Snapshots` → it matches dashboard HTML structureIlluminate\Database\QueryException: SQLSTATE[HY000]: General error: 1 no such table: car_rental_users (Connection: sqlite, SQL: insert into "car_rental_users" ("name", "email", "email_verified_at", "password", "phone", "role", "status", "license_number", "id_document_path", "license_document_path", "is_verified", "date_of_birth", "address", "remember_token", "updated_at", "created_at") values (Prof. Franz Luettgen, eric61@example.net, 2025-09-24 12:53:11, $2y$04$78g4B33dBB9yvLZHXPZyOuzF4w5wzk7FwYQTRiFHrXZoaR9VfYlfW, +1-773-215-5875, admin, active, wpl-7884-8051, documents/ids/014c8ad0-4634-3613-8b35-f1eb041c6c4c.pdf, documents/licenses/010702ae-6d1f-3399-8f9f-c62c27b7267b.pdf, 1, 1970-10-29 00:00:00, 9468 Hoeger Fields
Trinityburgh, VT 80090, hsKXkxahqA, 2025-09-24 12:53:11, 2025-09-24 12:53:11))&#13;
at vendor\laravel\framework\src\Illuminate\Database\Connection.php:564
at vendor\laravel\framework\src\Illuminate\Database\Connection.php:811
at vendor\laravel\framework\src\Illuminate\Database\Connection.php:778
at vendor\laravel\framework\src\Illuminate\Database\Connection.php:559
at vendor\laravel\framework\src\Illuminate\Database\Connection.php:523
at vendor\laravel\framework\src\Illuminate\Database\Query\Processors\Processor.php:32
at vendor\laravel\framework\src\Illuminate\Database\Query\Builder.php:3853
at vendor\laravel\framework\src\Illuminate\Database\Eloquent\Builder.php:2235
at vendor\laravel\framework\src\Illuminate\Database\Eloquent\Model.php:1436
at vendor\laravel\framework\src\Illuminate\Database\Eloquent\Model.php:1401
at vendor\laravel\framework\src\Illuminate\Database\Eloquent\Model.php:1240
at vendor\laravel\framework\src\Illuminate\Database\Eloquent\Factories\Factory.php:370
at vendor\laravel\framework\src\Illuminate\Collections\Traits\EnumeratesValues.php:271
at vendor\laravel\framework\src\Illuminate\Database\Eloquent\Factories\Factory.php:365
at vendor\laravel\framework\src\Illuminate\Database\Eloquent\Factories\Factory.php:321
at tests\Feature\SnapshotTest.php:12
Caused by
PDOException: SQLSTATE[HY000]: General error: 1 no such table: car_rental_users

at vendor\laravel\framework\src\Illuminate\Database\Connection.php:564
at vendor\laravel\framework\src\Illuminate\Database\Connection.php:811
at vendor\laravel\framework\src\Illuminate\Database\Connection.php:778
at vendor\laravel\framework\src\Illuminate\Database\Connection.php:559
at vendor\laravel\framework\src\Illuminate\Database\Connection.php:523
at vendor\laravel\framework\src\Illuminate\Database\Query\Processors\Processor.php:32
at vendor\laravel\framework\src\Illuminate\Database\Query\Builder.php:3853
at vendor\laravel\framework\src\Illuminate\Database\Eloquent\Builder.php:2235
at vendor\laravel\framework\src\Illuminate\Database\Eloquent\Model.php:1436
at vendor\laravel\framework\src\Illuminate\Database\Eloquent\Model.php:1401
at vendor\laravel\framework\src\Illuminate\Database\Eloquent\Model.php:1240
at vendor\laravel\framework\src\Illuminate\Database\Eloquent\Factories\Factory.php:370
at vendor\laravel\framework\src\Illuminate\Collections\Traits\EnumeratesValues.php:271
at vendor\laravel\framework\src\Illuminate\Database\Eloquent\Factories\Factory.php:365
at vendor\laravel\framework\src\Illuminate\Database\Eloquent\Factories\Factory.php:321
at tests\Feature\SnapshotTest.php:12</error>
        </testcase>
        <testcase name="`Snapshot Tests` → `API Response Snapshots` → it matches user profile response structure" file="tests\Feature\SnapshotTest.php::`Snapshot Tests` → `API Response Snapshots` → it matches user profile response structure" class="Tests\Feature\SnapshotTest" classname="Tests.Feature.SnapshotTest" assertions="0" time="0.000000">
          <error type="Illuminate\Database\QueryException">`Snapshot Tests` → `API Response Snapshots` → it matches user profile response structureIlluminate\Database\QueryException: SQLSTATE[HY000]: General error: 1 no such table: car_rental_users (Connection: sqlite, SQL: insert into "car_rental_users" ("name", "email", "email_verified_at", "password", "phone", "role", "status", "license_number", "id_document_path", "license_document_path", "is_verified", "date_of_birth", "address", "remember_token", "updated_at", "created_at") values (Magnus Marquardt, madge43@example.net, 2025-09-24 12:53:11, $2y$04$78g4B33dBB9yvLZHXPZyOuzF4w5wzk7FwYQTRiFHrXZoaR9VfYlfW, (828) 607-0779, admin, active, wkl-9278-5339, documents/ids/060016ab-3c01-3c75-9d1f-6c877f349d53.pdf, documents/licenses/64c8f819-436e-3d4f-815e-50c0bfd21588.pdf, 1, 1999-01-06 00:00:00, 14601 Mossie Knolls
Delilahmouth, MT 50927, la7EbUwUlx, 2025-09-24 12:53:11, 2025-09-24 12:53:11))&#13;
at vendor\laravel\framework\src\Illuminate\Database\Connection.php:564
at vendor\laravel\framework\src\Illuminate\Database\Connection.php:811
at vendor\laravel\framework\src\Illuminate\Database\Connection.php:778
at vendor\laravel\framework\src\Illuminate\Database\Connection.php:559
at vendor\laravel\framework\src\Illuminate\Database\Connection.php:523
at vendor\laravel\framework\src\Illuminate\Database\Query\Processors\Processor.php:32
at vendor\laravel\framework\src\Illuminate\Database\Query\Builder.php:3853
at vendor\laravel\framework\src\Illuminate\Database\Eloquent\Builder.php:2235
at vendor\laravel\framework\src\Illuminate\Database\Eloquent\Model.php:1436
at vendor\laravel\framework\src\Illuminate\Database\Eloquent\Model.php:1401
at vendor\laravel\framework\src\Illuminate\Database\Eloquent\Model.php:1240
at vendor\laravel\framework\src\Illuminate\Database\Eloquent\Factories\Factory.php:370
at vendor\laravel\framework\src\Illuminate\Collections\Traits\EnumeratesValues.php:271
at vendor\laravel\framework\src\Illuminate\Database\Eloquent\Factories\Factory.php:365
at vendor\laravel\framework\src\Illuminate\Database\Eloquent\Factories\Factory.php:321
at tests\Feature\SnapshotTest.php:12
Caused by
PDOException: SQLSTATE[HY000]: General error: 1 no such table: car_rental_users

at vendor\laravel\framework\src\Illuminate\Database\Connection.php:564
at vendor\laravel\framework\src\Illuminate\Database\Connection.php:811
at vendor\laravel\framework\src\Illuminate\Database\Connection.php:778
at vendor\laravel\framework\src\Illuminate\Database\Connection.php:559
at vendor\laravel\framework\src\Illuminate\Database\Connection.php:523
at vendor\laravel\framework\src\Illuminate\Database\Query\Processors\Processor.php:32
at vendor\laravel\framework\src\Illuminate\Database\Query\Builder.php:3853
at vendor\laravel\framework\src\Illuminate\Database\Eloquent\Builder.php:2235
at vendor\laravel\framework\src\Illuminate\Database\Eloquent\Model.php:1436
at vendor\laravel\framework\src\Illuminate\Database\Eloquent\Model.php:1401
at vendor\laravel\framework\src\Illuminate\Database\Eloquent\Model.php:1240
at vendor\laravel\framework\src\Illuminate\Database\Eloquent\Factories\Factory.php:370
at vendor\laravel\framework\src\Illuminate\Collections\Traits\EnumeratesValues.php:271
at vendor\laravel\framework\src\Illuminate\Database\Eloquent\Factories\Factory.php:365
at vendor\laravel\framework\src\Illuminate\Database\Eloquent\Factories\Factory.php:321
at tests\Feature\SnapshotTest.php:12</error>
        </testcase>
        <testcase name="`Snapshot Tests` → `Model Relationship Snapshots` → it matches vehicle with relationships structure" file="tests\Feature\SnapshotTest.php::`Snapshot Tests` → `Model Relationship Snapshots` → it matches vehicle with relationships structure" class="Tests\Feature\SnapshotTest" classname="Tests.Feature.SnapshotTest" assertions="0" time="0.000000">
          <error type="Illuminate\Database\QueryException">`Snapshot Tests` → `Model Relationship Snapshots` → it matches vehicle with relationships structureIlluminate\Database\QueryException: SQLSTATE[HY000]: General error: 1 no such table: car_rental_users (Connection: sqlite, SQL: insert into "car_rental_users" ("name", "email", "email_verified_at", "password", "phone", "role", "status", "license_number", "id_document_path", "license_document_path", "is_verified", "date_of_birth", "address", "remember_token", "updated_at", "created_at") values (Duncan Monahan, breitenberg.noelia@example.org, 2025-09-24 12:53:11, $2y$04$78g4B33dBB9yvLZHXPZyOuzF4w5wzk7FwYQTRiFHrXZoaR9VfYlfW, 1-423-723-0675, admin, active, oax-3823-6602, documents/ids/b5913674-889b-32af-86dc-08dc21a87522.pdf, documents/licenses/e08e7586-aec3-3778-9138-f5baaa79cf2d.pdf, 1, 1996-09-19 00:00:00, 42925 Jed Wall
New Maybell, HI 04147-6066, RlA1K5Zkrv, 2025-09-24 12:53:11, 2025-09-24 12:53:11))&#13;
at vendor\laravel\framework\src\Illuminate\Database\Connection.php:564
at vendor\laravel\framework\src\Illuminate\Database\Connection.php:811
at vendor\laravel\framework\src\Illuminate\Database\Connection.php:778
at vendor\laravel\framework\src\Illuminate\Database\Connection.php:559
at vendor\laravel\framework\src\Illuminate\Database\Connection.php:523
at vendor\laravel\framework\src\Illuminate\Database\Query\Processors\Processor.php:32
at vendor\laravel\framework\src\Illuminate\Database\Query\Builder.php:3853
at vendor\laravel\framework\src\Illuminate\Database\Eloquent\Builder.php:2235
at vendor\laravel\framework\src\Illuminate\Database\Eloquent\Model.php:1436
at vendor\laravel\framework\src\Illuminate\Database\Eloquent\Model.php:1401
at vendor\laravel\framework\src\Illuminate\Database\Eloquent\Model.php:1240
at vendor\laravel\framework\src\Illuminate\Database\Eloquent\Factories\Factory.php:370
at vendor\laravel\framework\src\Illuminate\Collections\Traits\EnumeratesValues.php:271
at vendor\laravel\framework\src\Illuminate\Database\Eloquent\Factories\Factory.php:365
at vendor\laravel\framework\src\Illuminate\Database\Eloquent\Factories\Factory.php:321
at tests\Feature\SnapshotTest.php:12
Caused by
PDOException: SQLSTATE[HY000]: General error: 1 no such table: car_rental_users

at vendor\laravel\framework\src\Illuminate\Database\Connection.php:564
at vendor\laravel\framework\src\Illuminate\Database\Connection.php:811
at vendor\laravel\framework\src\Illuminate\Database\Connection.php:778
at vendor\laravel\framework\src\Illuminate\Database\Connection.php:559
at vendor\laravel\framework\src\Illuminate\Database\Connection.php:523
at vendor\laravel\framework\src\Illuminate\Database\Query\Processors\Processor.php:32
at vendor\laravel\framework\src\Illuminate\Database\Query\Builder.php:3853
at vendor\laravel\framework\src\Illuminate\Database\Eloquent\Builder.php:2235
at vendor\laravel\framework\src\Illuminate\Database\Eloquent\Model.php:1436
at vendor\laravel\framework\src\Illuminate\Database\Eloquent\Model.php:1401
at vendor\laravel\framework\src\Illuminate\Database\Eloquent\Model.php:1240
at vendor\laravel\framework\src\Illuminate\Database\Eloquent\Factories\Factory.php:370
at vendor\laravel\framework\src\Illuminate\Collections\Traits\EnumeratesValues.php:271
at vendor\laravel\framework\src\Illuminate\Database\Eloquent\Factories\Factory.php:365
at vendor\laravel\framework\src\Illuminate\Database\Eloquent\Factories\Factory.php:321
at tests\Feature\SnapshotTest.php:12</error>
        </testcase>
        <testcase name="`Snapshot Tests` → `Configuration Snapshots` → it matches mail configuration structure" file="tests\Feature\SnapshotTest.php::`Snapshot Tests` → `Configuration Snapshots` → it matches mail configuration structure" class="Tests\Feature\SnapshotTest" classname="Tests.Feature.SnapshotTest" assertions="0" time="0.000000">
          <error type="Illuminate\Database\QueryException">`Snapshot Tests` → `Configuration Snapshots` → it matches mail configuration structureIlluminate\Database\QueryException: SQLSTATE[HY000]: General error: 1 no such table: car_rental_users (Connection: sqlite, SQL: insert into "car_rental_users" ("name", "email", "email_verified_at", "password", "phone", "role", "status", "license_number", "id_document_path", "license_document_path", "is_verified", "date_of_birth", "address", "remember_token", "updated_at", "created_at") values (Morton Watsica, hosea19@example.net, 2025-09-24 12:53:11, $2y$04$78g4B33dBB9yvLZHXPZyOuzF4w5wzk7FwYQTRiFHrXZoaR9VfYlfW, 1-469-862-8115, admin, active, vay-5634-4405, documents/ids/c4e16c0e-2167-3533-b22e-a48ab04ea27a.pdf, documents/licenses/20f4ecf9-5677-358a-9960-4d006bfb6d6b.pdf, 1, 1968-09-19 00:00:00, 746 Alex Way
Lake Hebertown, HI 35231-4379, ySIBgf6UAP, 2025-09-24 12:53:11, 2025-09-24 12:53:11))&#13;
at vendor\laravel\framework\src\Illuminate\Database\Connection.php:564
at vendor\laravel\framework\src\Illuminate\Database\Connection.php:811
at vendor\laravel\framework\src\Illuminate\Database\Connection.php:778
at vendor\laravel\framework\src\Illuminate\Database\Connection.php:559
at vendor\laravel\framework\src\Illuminate\Database\Connection.php:523
at vendor\laravel\framework\src\Illuminate\Database\Query\Processors\Processor.php:32
at vendor\laravel\framework\src\Illuminate\Database\Query\Builder.php:3853
at vendor\laravel\framework\src\Illuminate\Database\Eloquent\Builder.php:2235
at vendor\laravel\framework\src\Illuminate\Database\Eloquent\Model.php:1436
at vendor\laravel\framework\src\Illuminate\Database\Eloquent\Model.php:1401
at vendor\laravel\framework\src\Illuminate\Database\Eloquent\Model.php:1240
at vendor\laravel\framework\src\Illuminate\Database\Eloquent\Factories\Factory.php:370
at vendor\laravel\framework\src\Illuminate\Collections\Traits\EnumeratesValues.php:271
at vendor\laravel\framework\src\Illuminate\Database\Eloquent\Factories\Factory.php:365
at vendor\laravel\framework\src\Illuminate\Database\Eloquent\Factories\Factory.php:321
at tests\Feature\SnapshotTest.php:12
Caused by
PDOException: SQLSTATE[HY000]: General error: 1 no such table: car_rental_users

at vendor\laravel\framework\src\Illuminate\Database\Connection.php:564
at vendor\laravel\framework\src\Illuminate\Database\Connection.php:811
at vendor\laravel\framework\src\Illuminate\Database\Connection.php:778
at vendor\laravel\framework\src\Illuminate\Database\Connection.php:559
at vendor\laravel\framework\src\Illuminate\Database\Connection.php:523
at vendor\laravel\framework\src\Illuminate\Database\Query\Processors\Processor.php:32
at vendor\laravel\framework\src\Illuminate\Database\Query\Builder.php:3853
at vendor\laravel\framework\src\Illuminate\Database\Eloquent\Builder.php:2235
at vendor\laravel\framework\src\Illuminate\Database\Eloquent\Model.php:1436
at vendor\laravel\framework\src\Illuminate\Database\Eloquent\Model.php:1401
at vendor\laravel\framework\src\Illuminate\Database\Eloquent\Model.php:1240
at vendor\laravel\framework\src\Illuminate\Database\Eloquent\Factories\Factory.php:370
at vendor\laravel\framework\src\Illuminate\Collections\Traits\EnumeratesValues.php:271
at vendor\laravel\framework\src\Illuminate\Database\Eloquent\Factories\Factory.php:365
at vendor\laravel\framework\src\Illuminate\Database\Eloquent\Factories\Factory.php:321
at tests\Feature\SnapshotTest.php:12</error>
        </testcase>
        <testcase name="`Snapshot Tests` → `Configuration Snapshots` → it matches database configuration structure" file="tests\Feature\SnapshotTest.php::`Snapshot Tests` → `Configuration Snapshots` → it matches database configuration structure" class="Tests\Feature\SnapshotTest" classname="Tests.Feature.SnapshotTest" assertions="0" time="0.000000">
          <error type="Illuminate\Database\QueryException">`Snapshot Tests` → `Configuration Snapshots` → it matches database configuration structureIlluminate\Database\QueryException: SQLSTATE[HY000]: General error: 1 no such table: car_rental_users (Connection: sqlite, SQL: insert into "car_rental_users" ("name", "email", "email_verified_at", "password", "phone", "role", "status", "license_number", "id_document_path", "license_document_path", "is_verified", "date_of_birth", "address", "remember_token", "updated_at", "created_at") values (Dr. Eduardo Toy DVM, jared17@example.com, 2025-09-24 12:53:11, $2y$04$78g4B33dBB9yvLZHXPZyOuzF4w5wzk7FwYQTRiFHrXZoaR9VfYlfW, +1.559.496.6967, admin, active, kdz-1401-5129, documents/ids/7897bc83-80a0-34a9-9e88-d632962e27de.pdf, documents/licenses/2f512c8b-4ada-32ee-a88a-f003573f1a2b.pdf, 1, 1988-03-14 00:00:00, 39137 Lura Pines Suite 662
Marvinside, GA 10514-4791, NiEpRR7zjY, 2025-09-24 12:53:11, 2025-09-24 12:53:11))&#13;
at vendor\laravel\framework\src\Illuminate\Database\Connection.php:564
at vendor\laravel\framework\src\Illuminate\Database\Connection.php:811
at vendor\laravel\framework\src\Illuminate\Database\Connection.php:778
at vendor\laravel\framework\src\Illuminate\Database\Connection.php:559
at vendor\laravel\framework\src\Illuminate\Database\Connection.php:523
at vendor\laravel\framework\src\Illuminate\Database\Query\Processors\Processor.php:32
at vendor\laravel\framework\src\Illuminate\Database\Query\Builder.php:3853
at vendor\laravel\framework\src\Illuminate\Database\Eloquent\Builder.php:2235
at vendor\laravel\framework\src\Illuminate\Database\Eloquent\Model.php:1436
at vendor\laravel\framework\src\Illuminate\Database\Eloquent\Model.php:1401
at vendor\laravel\framework\src\Illuminate\Database\Eloquent\Model.php:1240
at vendor\laravel\framework\src\Illuminate\Database\Eloquent\Factories\Factory.php:370
at vendor\laravel\framework\src\Illuminate\Collections\Traits\EnumeratesValues.php:271
at vendor\laravel\framework\src\Illuminate\Database\Eloquent\Factories\Factory.php:365
at vendor\laravel\framework\src\Illuminate\Database\Eloquent\Factories\Factory.php:321
at tests\Feature\SnapshotTest.php:12
Caused by
PDOException: SQLSTATE[HY000]: General error: 1 no such table: car_rental_users

at vendor\laravel\framework\src\Illuminate\Database\Connection.php:564
at vendor\laravel\framework\src\Illuminate\Database\Connection.php:811
at vendor\laravel\framework\src\Illuminate\Database\Connection.php:778
at vendor\laravel\framework\src\Illuminate\Database\Connection.php:559
at vendor\laravel\framework\src\Illuminate\Database\Connection.php:523
at vendor\laravel\framework\src\Illuminate\Database\Query\Processors\Processor.php:32
at vendor\laravel\framework\src\Illuminate\Database\Query\Builder.php:3853
at vendor\laravel\framework\src\Illuminate\Database\Eloquent\Builder.php:2235
at vendor\laravel\framework\src\Illuminate\Database\Eloquent\Model.php:1436
at vendor\laravel\framework\src\Illuminate\Database\Eloquent\Model.php:1401
at vendor\laravel\framework\src\Illuminate\Database\Eloquent\Model.php:1240
at vendor\laravel\framework\src\Illuminate\Database\Eloquent\Factories\Factory.php:370
at vendor\laravel\framework\src\Illuminate\Collections\Traits\EnumeratesValues.php:271
at vendor\laravel\framework\src\Illuminate\Database\Eloquent\Factories\Factory.php:365
at vendor\laravel\framework\src\Illuminate\Database\Eloquent\Factories\Factory.php:321
at tests\Feature\SnapshotTest.php:12</error>
        </testcase>
        <testcase name="`Snapshot Tests` → `API Response Snapshots` → it matches booking creation response structure" file="tests\Feature\SnapshotTest.php::`Snapshot Tests` → `API Response Snapshots` → it matches booking creation response structure" class="Tests\Feature\SnapshotTest" classname="Tests.Feature.SnapshotTest" assertions="0" time="0.000000">
          <error type="Illuminate\Database\QueryException">`Snapshot Tests` → `API Response Snapshots` → it matches booking creation response structureIlluminate\Database\QueryException: SQLSTATE[HY000]: General error: 1 no such table: car_rental_users (Connection: sqlite, SQL: insert into "car_rental_users" ("name", "email", "email_verified_at", "password", "phone", "role", "status", "license_number", "id_document_path", "license_document_path", "is_verified", "date_of_birth", "address", "remember_token", "updated_at", "created_at") values (Jameson Quigley DVM, iortiz@example.net, 2025-09-24 12:53:11, $2y$04$78g4B33dBB9yvLZHXPZyOuzF4w5wzk7FwYQTRiFHrXZoaR9VfYlfW, 442-977-7335, admin, active, lrl-5077-1239, documents/ids/d91c573a-fc17-392c-862d-8033c7efc2c2.pdf, documents/licenses/da1cca1e-5212-3130-a35b-657786896fa2.pdf, 1, 1977-08-18 00:00:00, 234 Sigrid Flats Suite 008
New Xander, MT 14040, HiB2YvOs5C, 2025-09-24 12:53:11, 2025-09-24 12:53:11))&#13;
at vendor\laravel\framework\src\Illuminate\Database\Connection.php:564
at vendor\laravel\framework\src\Illuminate\Database\Connection.php:811
at vendor\laravel\framework\src\Illuminate\Database\Connection.php:778
at vendor\laravel\framework\src\Illuminate\Database\Connection.php:559
at vendor\laravel\framework\src\Illuminate\Database\Connection.php:523
at vendor\laravel\framework\src\Illuminate\Database\Query\Processors\Processor.php:32
at vendor\laravel\framework\src\Illuminate\Database\Query\Builder.php:3853
at vendor\laravel\framework\src\Illuminate\Database\Eloquent\Builder.php:2235
at vendor\laravel\framework\src\Illuminate\Database\Eloquent\Model.php:1436
at vendor\laravel\framework\src\Illuminate\Database\Eloquent\Model.php:1401
at vendor\laravel\framework\src\Illuminate\Database\Eloquent\Model.php:1240
at vendor\laravel\framework\src\Illuminate\Database\Eloquent\Factories\Factory.php:370
at vendor\laravel\framework\src\Illuminate\Collections\Traits\EnumeratesValues.php:271
at vendor\laravel\framework\src\Illuminate\Database\Eloquent\Factories\Factory.php:365
at vendor\laravel\framework\src\Illuminate\Database\Eloquent\Factories\Factory.php:321
at tests\Feature\SnapshotTest.php:12
Caused by
PDOException: SQLSTATE[HY000]: General error: 1 no such table: car_rental_users

at vendor\laravel\framework\src\Illuminate\Database\Connection.php:564
at vendor\laravel\framework\src\Illuminate\Database\Connection.php:811
at vendor\laravel\framework\src\Illuminate\Database\Connection.php:778
at vendor\laravel\framework\src\Illuminate\Database\Connection.php:559
at vendor\laravel\framework\src\Illuminate\Database\Connection.php:523
at vendor\laravel\framework\src\Illuminate\Database\Query\Processors\Processor.php:32
at vendor\laravel\framework\src\Illuminate\Database\Query\Builder.php:3853
at vendor\laravel\framework\src\Illuminate\Database\Eloquent\Builder.php:2235
at vendor\laravel\framework\src\Illuminate\Database\Eloquent\Model.php:1436
at vendor\laravel\framework\src\Illuminate\Database\Eloquent\Model.php:1401
at vendor\laravel\framework\src\Illuminate\Database\Eloquent\Model.php:1240
at vendor\laravel\framework\src\Illuminate\Database\Eloquent\Factories\Factory.php:370
at vendor\laravel\framework\src\Illuminate\Collections\Traits\EnumeratesValues.php:271
at vendor\laravel\framework\src\Illuminate\Database\Eloquent\Factories\Factory.php:365
at vendor\laravel\framework\src\Illuminate\Database\Eloquent\Factories\Factory.php:321
at tests\Feature\SnapshotTest.php:12</error>
        </testcase>
        <testcase name="`Snapshot Tests` → `Validation Error Snapshots` → it matches user registration validation errors" file="tests\Feature\SnapshotTest.php::`Snapshot Tests` → `Validation Error Snapshots` → it matches user registration validation errors" class="Tests\Feature\SnapshotTest" classname="Tests.Feature.SnapshotTest" assertions="0" time="0.000000">
          <error type="Illuminate\Database\QueryException">`Snapshot Tests` → `Validation Error Snapshots` → it matches user registration validation errorsIlluminate\Database\QueryException: SQLSTATE[HY000]: General error: 1 no such table: car_rental_users (Connection: sqlite, SQL: insert into "car_rental_users" ("name", "email", "email_verified_at", "password", "phone", "role", "status", "license_number", "id_document_path", "license_document_path", "is_verified", "date_of_birth", "address", "remember_token", "updated_at", "created_at") values (Miss Bettie Becker, kshlerin.chesley@example.com, 2025-09-24 12:53:11, $2y$04$78g4B33dBB9yvLZHXPZyOuzF4w5wzk7FwYQTRiFHrXZoaR9VfYlfW, 912.209.2933, admin, active, dnp-7554-3676, documents/ids/fc7ba742-d5cf-358b-ac24-88960ed08f5d.pdf, documents/licenses/77f22afd-e363-31b9-bc18-f69572ecb8bb.pdf, 1, 1984-01-16 00:00:00, 4025 Jacobson Estate Suite 358
Strosintown, MT 35009-8042, o4DZrKNz4G, 2025-09-24 12:53:11, 2025-09-24 12:53:11))&#13;
at vendor\laravel\framework\src\Illuminate\Database\Connection.php:564
at vendor\laravel\framework\src\Illuminate\Database\Connection.php:811
at vendor\laravel\framework\src\Illuminate\Database\Connection.php:778
at vendor\laravel\framework\src\Illuminate\Database\Connection.php:559
at vendor\laravel\framework\src\Illuminate\Database\Connection.php:523
at vendor\laravel\framework\src\Illuminate\Database\Query\Processors\Processor.php:32
at vendor\laravel\framework\src\Illuminate\Database\Query\Builder.php:3853
at vendor\laravel\framework\src\Illuminate\Database\Eloquent\Builder.php:2235
at vendor\laravel\framework\src\Illuminate\Database\Eloquent\Model.php:1436
at vendor\laravel\framework\src\Illuminate\Database\Eloquent\Model.php:1401
at vendor\laravel\framework\src\Illuminate\Database\Eloquent\Model.php:1240
at vendor\laravel\framework\src\Illuminate\Database\Eloquent\Factories\Factory.php:370
at vendor\laravel\framework\src\Illuminate\Collections\Traits\EnumeratesValues.php:271
at vendor\laravel\framework\src\Illuminate\Database\Eloquent\Factories\Factory.php:365
at vendor\laravel\framework\src\Illuminate\Database\Eloquent\Factories\Factory.php:321
at tests\Feature\SnapshotTest.php:12
Caused by
PDOException: SQLSTATE[HY000]: General error: 1 no such table: car_rental_users

at vendor\laravel\framework\src\Illuminate\Database\Connection.php:564
at vendor\laravel\framework\src\Illuminate\Database\Connection.php:811
at vendor\laravel\framework\src\Illuminate\Database\Connection.php:778
at vendor\laravel\framework\src\Illuminate\Database\Connection.php:559
at vendor\laravel\framework\src\Illuminate\Database\Connection.php:523
at vendor\laravel\framework\src\Illuminate\Database\Query\Processors\Processor.php:32
at vendor\laravel\framework\src\Illuminate\Database\Query\Builder.php:3853
at vendor\laravel\framework\src\Illuminate\Database\Eloquent\Builder.php:2235
at vendor\laravel\framework\src\Illuminate\Database\Eloquent\Model.php:1436
at vendor\laravel\framework\src\Illuminate\Database\Eloquent\Model.php:1401
at vendor\laravel\framework\src\Illuminate\Database\Eloquent\Model.php:1240
at vendor\laravel\framework\src\Illuminate\Database\Eloquent\Factories\Factory.php:370
at vendor\laravel\framework\src\Illuminate\Collections\Traits\EnumeratesValues.php:271
at vendor\laravel\framework\src\Illuminate\Database\Eloquent\Factories\Factory.php:365
at vendor\laravel\framework\src\Illuminate\Database\Eloquent\Factories\Factory.php:321
at tests\Feature\SnapshotTest.php:12</error>
        </testcase>
        <testcase name="`Snapshot Tests` → `API Response Snapshots` → it matches vehicle list API response structure" file="tests\Feature\SnapshotTest.php::`Snapshot Tests` → `API Response Snapshots` → it matches vehicle list API response structure" class="Tests\Feature\SnapshotTest" classname="Tests.Feature.SnapshotTest" assertions="0" time="0.000000">
          <error type="Illuminate\Database\QueryException">`Snapshot Tests` → `API Response Snapshots` → it matches vehicle list API response structureIlluminate\Database\QueryException: SQLSTATE[HY000]: General error: 1 no such table: car_rental_users (Connection: sqlite, SQL: insert into "car_rental_users" ("name", "email", "email_verified_at", "password", "phone", "role", "status", "license_number", "id_document_path", "license_document_path", "is_verified", "date_of_birth", "address", "remember_token", "updated_at", "created_at") values (Dr. Ted McLaughlin, haag.lourdes@example.org, 2025-09-24 12:53:11, $2y$04$78g4B33dBB9yvLZHXPZyOuzF4w5wzk7FwYQTRiFHrXZoaR9VfYlfW, (941) 714-8723, admin, active, eic-6701-5809, documents/ids/cd25fe43-b60e-30c8-a80c-7dd88060210e.pdf, documents/licenses/68b4e019-504d-3028-857d-302cf81b7e52.pdf, 1, 2003-10-14 00:00:00, 5965 Savanah Ridge Apt. 675
Pfefferview, WA 94759, SCacFBM5KM, 2025-09-24 12:53:11, 2025-09-24 12:53:11))&#13;
at vendor\laravel\framework\src\Illuminate\Database\Connection.php:564
at vendor\laravel\framework\src\Illuminate\Database\Connection.php:811
at vendor\laravel\framework\src\Illuminate\Database\Connection.php:778
at vendor\laravel\framework\src\Illuminate\Database\Connection.php:559
at vendor\laravel\framework\src\Illuminate\Database\Connection.php:523
at vendor\laravel\framework\src\Illuminate\Database\Query\Processors\Processor.php:32
at vendor\laravel\framework\src\Illuminate\Database\Query\Builder.php:3853
at vendor\laravel\framework\src\Illuminate\Database\Eloquent\Builder.php:2235
at vendor\laravel\framework\src\Illuminate\Database\Eloquent\Model.php:1436
at vendor\laravel\framework\src\Illuminate\Database\Eloquent\Model.php:1401
at vendor\laravel\framework\src\Illuminate\Database\Eloquent\Model.php:1240
at vendor\laravel\framework\src\Illuminate\Database\Eloquent\Factories\Factory.php:370
at vendor\laravel\framework\src\Illuminate\Collections\Traits\EnumeratesValues.php:271
at vendor\laravel\framework\src\Illuminate\Database\Eloquent\Factories\Factory.php:365
at vendor\laravel\framework\src\Illuminate\Database\Eloquent\Factories\Factory.php:321
at tests\Feature\SnapshotTest.php:12
Caused by
PDOException: SQLSTATE[HY000]: General error: 1 no such table: car_rental_users

at vendor\laravel\framework\src\Illuminate\Database\Connection.php:564
at vendor\laravel\framework\src\Illuminate\Database\Connection.php:811
at vendor\laravel\framework\src\Illuminate\Database\Connection.php:778
at vendor\laravel\framework\src\Illuminate\Database\Connection.php:559
at vendor\laravel\framework\src\Illuminate\Database\Connection.php:523
at vendor\laravel\framework\src\Illuminate\Database\Query\Processors\Processor.php:32
at vendor\laravel\framework\src\Illuminate\Database\Query\Builder.php:3853
at vendor\laravel\framework\src\Illuminate\Database\Eloquent\Builder.php:2235
at vendor\laravel\framework\src\Illuminate\Database\Eloquent\Model.php:1436
at vendor\laravel\framework\src\Illuminate\Database\Eloquent\Model.php:1401
at vendor\laravel\framework\src\Illuminate\Database\Eloquent\Model.php:1240
at vendor\laravel\framework\src\Illuminate\Database\Eloquent\Factories\Factory.php:370
at vendor\laravel\framework\src\Illuminate\Collections\Traits\EnumeratesValues.php:271
at vendor\laravel\framework\src\Illuminate\Database\Eloquent\Factories\Factory.php:365
at vendor\laravel\framework\src\Illuminate\Database\Eloquent\Factories\Factory.php:321
at tests\Feature\SnapshotTest.php:12</error>
        </testcase>
        <testcase name="`Snapshot Tests` → `HTML Response Snapshots` → it matches vehicle form HTML structure" file="tests\Feature\SnapshotTest.php::`Snapshot Tests` → `HTML Response Snapshots` → it matches vehicle form HTML structure" class="Tests\Feature\SnapshotTest" classname="Tests.Feature.SnapshotTest" assertions="0" time="0.000000">
          <error type="Illuminate\Database\QueryException">`Snapshot Tests` → `HTML Response Snapshots` → it matches vehicle form HTML structureIlluminate\Database\QueryException: SQLSTATE[HY000]: General error: 1 no such table: car_rental_users (Connection: sqlite, SQL: insert into "car_rental_users" ("name", "email", "email_verified_at", "password", "phone", "role", "status", "license_number", "id_document_path", "license_document_path", "is_verified", "date_of_birth", "address", "remember_token", "updated_at", "created_at") values (Rebecca Kunze, armstrong.camryn@example.net, 2025-09-24 12:53:11, $2y$04$78g4B33dBB9yvLZHXPZyOuzF4w5wzk7FwYQTRiFHrXZoaR9VfYlfW, +1-303-855-4009, admin, active, hxg-8194-9017, documents/ids/8aefedb0-29bf-3840-857d-a08b43bb1c2e.pdf, documents/licenses/bd19aa53-7372-3d63-bc4e-1c01d36ecc17.pdf, 1, 1968-08-09 00:00:00, 723 Denesik Walks Apt. 495
Carleetown, NE 02783, ufO24irDLV, 2025-09-24 12:53:11, 2025-09-24 12:53:11))&#13;
at vendor\laravel\framework\src\Illuminate\Database\Connection.php:564
at vendor\laravel\framework\src\Illuminate\Database\Connection.php:811
at vendor\laravel\framework\src\Illuminate\Database\Connection.php:778
at vendor\laravel\framework\src\Illuminate\Database\Connection.php:559
at vendor\laravel\framework\src\Illuminate\Database\Connection.php:523
at vendor\laravel\framework\src\Illuminate\Database\Query\Processors\Processor.php:32
at vendor\laravel\framework\src\Illuminate\Database\Query\Builder.php:3853
at vendor\laravel\framework\src\Illuminate\Database\Eloquent\Builder.php:2235
at vendor\laravel\framework\src\Illuminate\Database\Eloquent\Model.php:1436
at vendor\laravel\framework\src\Illuminate\Database\Eloquent\Model.php:1401
at vendor\laravel\framework\src\Illuminate\Database\Eloquent\Model.php:1240
at vendor\laravel\framework\src\Illuminate\Database\Eloquent\Factories\Factory.php:370
at vendor\laravel\framework\src\Illuminate\Collections\Traits\EnumeratesValues.php:271
at vendor\laravel\framework\src\Illuminate\Database\Eloquent\Factories\Factory.php:365
at vendor\laravel\framework\src\Illuminate\Database\Eloquent\Factories\Factory.php:321
at tests\Feature\SnapshotTest.php:12
Caused by
PDOException: SQLSTATE[HY000]: General error: 1 no such table: car_rental_users

at vendor\laravel\framework\src\Illuminate\Database\Connection.php:564
at vendor\laravel\framework\src\Illuminate\Database\Connection.php:811
at vendor\laravel\framework\src\Illuminate\Database\Connection.php:778
at vendor\laravel\framework\src\Illuminate\Database\Connection.php:559
at vendor\laravel\framework\src\Illuminate\Database\Connection.php:523
at vendor\laravel\framework\src\Illuminate\Database\Query\Processors\Processor.php:32
at vendor\laravel\framework\src\Illuminate\Database\Query\Builder.php:3853
at vendor\laravel\framework\src\Illuminate\Database\Eloquent\Builder.php:2235
at vendor\laravel\framework\src\Illuminate\Database\Eloquent\Model.php:1436
at vendor\laravel\framework\src\Illuminate\Database\Eloquent\Model.php:1401
at vendor\laravel\framework\src\Illuminate\Database\Eloquent\Model.php:1240
at vendor\laravel\framework\src\Illuminate\Database\Eloquent\Factories\Factory.php:370
at vendor\laravel\framework\src\Illuminate\Collections\Traits\EnumeratesValues.php:271
at vendor\laravel\framework\src\Illuminate\Database\Eloquent\Factories\Factory.php:365
at vendor\laravel\framework\src\Illuminate\Database\Eloquent\Factories\Factory.php:321
at tests\Feature\SnapshotTest.php:12</error>
        </testcase>
      </testsuite>
      <testsuite name="Tests\Feature\Auth\AuthenticationTest" file="tests\Feature\Auth\AuthenticationTest.php" tests="3" assertions="0" errors="3" failures="0" skipped="0" time="0.300732">
        <testcase name="users can authenticate using the login screen" file="tests\Feature\Auth\AuthenticationTest.php::users can authenticate using the login screen" class="Tests\Feature\Auth\AuthenticationTest" classname="Tests.Feature.Auth.AuthenticationTest" assertions="0" time="0.180012">
          <error type="Illuminate\Database\QueryException">users can authenticate using the login screenIlluminate\Database\QueryException: SQLSTATE[HY000]: General error: 1 no such table: car_rental_users (Connection: sqlite, SQL: insert into "car_rental_users" ("name", "email", "email_verified_at", "password", "phone", "role", "status", "license_number", "id_document_path", "license_document_path", "is_verified", "date_of_birth", "address", "remember_token", "updated_at", "created_at") values (Mr. Estevan Barrows, everett11@example.com, 2025-09-24 12:53:11, $2y$04$78g4B33dBB9yvLZHXPZyOuzF4w5wzk7FwYQTRiFHrXZoaR9VfYlfW, 509.514.7844, owner, active, mnp-8187-8290, documents/ids/1b6c34fa-51da-3955-afb2-2bcd554854b2.pdf, documents/licenses/ff698b82-a12b-352b-870b-dff7b470b844.pdf, 1, 2005-05-06 00:00:00, 519 Ward Lodge
Lake Henry, OH 39239-6943, yMB6T10D8o, 2025-09-24 12:53:11, 2025-09-24 12:53:11))&#13;
at vendor\laravel\framework\src\Illuminate\Database\Connection.php:564
at vendor\laravel\framework\src\Illuminate\Database\Connection.php:811
at vendor\laravel\framework\src\Illuminate\Database\Connection.php:778
at vendor\laravel\framework\src\Illuminate\Database\Connection.php:559
at vendor\laravel\framework\src\Illuminate\Database\Connection.php:523
at vendor\laravel\framework\src\Illuminate\Database\Query\Processors\Processor.php:32
at vendor\laravel\framework\src\Illuminate\Database\Query\Builder.php:3853
at vendor\laravel\framework\src\Illuminate\Database\Eloquent\Builder.php:2235
at vendor\laravel\framework\src\Illuminate\Database\Eloquent\Model.php:1436
at vendor\laravel\framework\src\Illuminate\Database\Eloquent\Model.php:1401
at vendor\laravel\framework\src\Illuminate\Database\Eloquent\Model.php:1240
at vendor\laravel\framework\src\Illuminate\Database\Eloquent\Factories\Factory.php:370
at vendor\laravel\framework\src\Illuminate\Collections\Traits\EnumeratesValues.php:271
at vendor\laravel\framework\src\Illuminate\Database\Eloquent\Factories\Factory.php:365
at vendor\laravel\framework\src\Illuminate\Database\Eloquent\Factories\Factory.php:321
at tests\Feature\Auth\AuthenticationTest.php:6
Caused by
PDOException: SQLSTATE[HY000]: General error: 1 no such table: car_rental_users

at vendor\laravel\framework\src\Illuminate\Database\Connection.php:564
at vendor\laravel\framework\src\Illuminate\Database\Connection.php:811
at vendor\laravel\framework\src\Illuminate\Database\Connection.php:778
at vendor\laravel\framework\src\Illuminate\Database\Connection.php:559
at vendor\laravel\framework\src\Illuminate\Database\Connection.php:523
at vendor\laravel\framework\src\Illuminate\Database\Query\Processors\Processor.php:32
at vendor\laravel\framework\src\Illuminate\Database\Query\Builder.php:3853
at vendor\laravel\framework\src\Illuminate\Database\Eloquent\Builder.php:2235
at vendor\laravel\framework\src\Illuminate\Database\Eloquent\Model.php:1436
at vendor\laravel\framework\src\Illuminate\Database\Eloquent\Model.php:1401
at vendor\laravel\framework\src\Illuminate\Database\Eloquent\Model.php:1240
at vendor\laravel\framework\src\Illuminate\Database\Eloquent\Factories\Factory.php:370
at vendor\laravel\framework\src\Illuminate\Collections\Traits\EnumeratesValues.php:271
at vendor\laravel\framework\src\Illuminate\Database\Eloquent\Factories\Factory.php:365
at vendor\laravel\framework\src\Illuminate\Database\Eloquent\Factories\Factory.php:321
at tests\Feature\Auth\AuthenticationTest.php:6</error>
        </testcase>
        <testcase name="users can not authenticate with invalid password" file="tests\Feature\Auth\AuthenticationTest.php::users can not authenticate with invalid password" class="Tests\Feature\Auth\AuthenticationTest" classname="Tests.Feature.Auth.AuthenticationTest" assertions="0" time="0.058536">
          <error type="Illuminate\Database\QueryException">users can not authenticate with invalid passwordIlluminate\Database\QueryException: SQLSTATE[HY000]: General error: 1 no such table: car_rental_users (Connection: sqlite, SQL: insert into "car_rental_users" ("name", "email", "email_verified_at", "password", "phone", "role", "status", "license_number", "id_document_path", "license_document_path", "is_verified", "date_of_birth", "address", "remember_token", "updated_at", "created_at") values (Mr. Imani Casper DVM, waters.darby@example.com, 2025-09-24 12:53:11, $2y$04$78g4B33dBB9yvLZHXPZyOuzF4w5wzk7FwYQTRiFHrXZoaR9VfYlfW, (605) 231-9325, renter, approved, jlp-7238-3534, documents/ids/9e0e473a-e119-30b0-a0fb-2eb0e275563b.pdf, documents/licenses/a2fcbd97-c3a2-31a8-b2db-cda17514d431.pdf, 0, 1983-08-01 00:00:00, 8802 Julie Extensions
Pagacfurt, IA 63348, rihjacjL0x, 2025-09-24 12:53:11, 2025-09-24 12:53:11))&#13;
at vendor\laravel\framework\src\Illuminate\Database\Connection.php:564
at vendor\laravel\framework\src\Illuminate\Database\Connection.php:811
at vendor\laravel\framework\src\Illuminate\Database\Connection.php:778
at vendor\laravel\framework\src\Illuminate\Database\Connection.php:559
at vendor\laravel\framework\src\Illuminate\Database\Connection.php:523
at vendor\laravel\framework\src\Illuminate\Database\Query\Processors\Processor.php:32
at vendor\laravel\framework\src\Illuminate\Database\Query\Builder.php:3853
at vendor\laravel\framework\src\Illuminate\Database\Eloquent\Builder.php:2235
at vendor\laravel\framework\src\Illuminate\Database\Eloquent\Model.php:1436
at vendor\laravel\framework\src\Illuminate\Database\Eloquent\Model.php:1401
at vendor\laravel\framework\src\Illuminate\Database\Eloquent\Model.php:1240
at vendor\laravel\framework\src\Illuminate\Database\Eloquent\Factories\Factory.php:370
at vendor\laravel\framework\src\Illuminate\Collections\Traits\EnumeratesValues.php:271
at vendor\laravel\framework\src\Illuminate\Database\Eloquent\Factories\Factory.php:365
at vendor\laravel\framework\src\Illuminate\Database\Eloquent\Factories\Factory.php:321
at tests\Feature\Auth\AuthenticationTest.php:18
Caused by
PDOException: SQLSTATE[HY000]: General error: 1 no such table: car_rental_users

at vendor\laravel\framework\src\Illuminate\Database\Connection.php:564
at vendor\laravel\framework\src\Illuminate\Database\Connection.php:811
at vendor\laravel\framework\src\Illuminate\Database\Connection.php:778
at vendor\laravel\framework\src\Illuminate\Database\Connection.php:559
at vendor\laravel\framework\src\Illuminate\Database\Connection.php:523
at vendor\laravel\framework\src\Illuminate\Database\Query\Processors\Processor.php:32
at vendor\laravel\framework\src\Illuminate\Database\Query\Builder.php:3853
at vendor\laravel\framework\src\Illuminate\Database\Eloquent\Builder.php:2235
at vendor\laravel\framework\src\Illuminate\Database\Eloquent\Model.php:1436
at vendor\laravel\framework\src\Illuminate\Database\Eloquent\Model.php:1401
at vendor\laravel\framework\src\Illuminate\Database\Eloquent\Model.php:1240
at vendor\laravel\framework\src\Illuminate\Database\Eloquent\Factories\Factory.php:370
at vendor\laravel\framework\src\Illuminate\Collections\Traits\EnumeratesValues.php:271
at vendor\laravel\framework\src\Illuminate\Database\Eloquent\Factories\Factory.php:365
at vendor\laravel\framework\src\Illuminate\Database\Eloquent\Factories\Factory.php:321
at tests\Feature\Auth\AuthenticationTest.php:18</error>
        </testcase>
        <testcase name="users can logout" file="tests\Feature\Auth\AuthenticationTest.php::users can logout" class="Tests\Feature\Auth\AuthenticationTest" classname="Tests.Feature.Auth.AuthenticationTest" assertions="0" time="0.062183">
          <error type="Illuminate\Database\QueryException">users can logoutIlluminate\Database\QueryException: SQLSTATE[HY000]: General error: 1 no such table: car_rental_users (Connection: sqlite, SQL: insert into "car_rental_users" ("name", "email", "email_verified_at", "password", "phone", "role", "status", "license_number", "id_document_path", "license_document_path", "is_verified", "date_of_birth", "address", "remember_token", "updated_at", "created_at") values (Merle Smith, mpfannerstill@example.com, 2025-09-24 12:53:11, $2y$04$78g4B33dBB9yvLZHXPZyOuzF4w5wzk7FwYQTRiFHrXZoaR9VfYlfW, +1-754-960-2789, renter, active, lpg-8044-6315, documents/ids/9d5ea0fc-4cb8-352a-a6e1-692da2649f3a.pdf, documents/licenses/e4a331ca-5365-39fe-a247-4bd65c3d5b3e.pdf, 1, 2006-10-15 00:00:00, 103 Borer Crossing Apt. 271
Wymanburgh, NH 63455-6907, OxtIGA72K4, 2025-09-24 12:53:11, 2025-09-24 12:53:11))&#13;
at vendor\laravel\framework\src\Illuminate\Database\Connection.php:564
at vendor\laravel\framework\src\Illuminate\Database\Connection.php:811
at vendor\laravel\framework\src\Illuminate\Database\Connection.php:778
at vendor\laravel\framework\src\Illuminate\Database\Connection.php:559
at vendor\laravel\framework\src\Illuminate\Database\Connection.php:523
at vendor\laravel\framework\src\Illuminate\Database\Query\Processors\Processor.php:32
at vendor\laravel\framework\src\Illuminate\Database\Query\Builder.php:3853
at vendor\laravel\framework\src\Illuminate\Database\Eloquent\Builder.php:2235
at vendor\laravel\framework\src\Illuminate\Database\Eloquent\Model.php:1436
at vendor\laravel\framework\src\Illuminate\Database\Eloquent\Model.php:1401
at vendor\laravel\framework\src\Illuminate\Database\Eloquent\Model.php:1240
at vendor\laravel\framework\src\Illuminate\Database\Eloquent\Factories\Factory.php:370
at vendor\laravel\framework\src\Illuminate\Collections\Traits\EnumeratesValues.php:271
at vendor\laravel\framework\src\Illuminate\Database\Eloquent\Factories\Factory.php:365
at vendor\laravel\framework\src\Illuminate\Database\Eloquent\Factories\Factory.php:321
at tests\Feature\Auth\AuthenticationTest.php:29
Caused by
PDOException: SQLSTATE[HY000]: General error: 1 no such table: car_rental_users

at vendor\laravel\framework\src\Illuminate\Database\Connection.php:564
at vendor\laravel\framework\src\Illuminate\Database\Connection.php:811
at vendor\laravel\framework\src\Illuminate\Database\Connection.php:778
at vendor\laravel\framework\src\Illuminate\Database\Connection.php:559
at vendor\laravel\framework\src\Illuminate\Database\Connection.php:523
at vendor\laravel\framework\src\Illuminate\Database\Query\Processors\Processor.php:32
at vendor\laravel\framework\src\Illuminate\Database\Query\Builder.php:3853
at vendor\laravel\framework\src\Illuminate\Database\Eloquent\Builder.php:2235
at vendor\laravel\framework\src\Illuminate\Database\Eloquent\Model.php:1436
at vendor\laravel\framework\src\Illuminate\Database\Eloquent\Model.php:1401
at vendor\laravel\framework\src\Illuminate\Database\Eloquent\Model.php:1240
at vendor\laravel\framework\src\Illuminate\Database\Eloquent\Factories\Factory.php:370
at vendor\laravel\framework\src\Illuminate\Collections\Traits\EnumeratesValues.php:271
at vendor\laravel\framework\src\Illuminate\Database\Eloquent\Factories\Factory.php:365
at vendor\laravel\framework\src\Illuminate\Database\Eloquent\Factories\Factory.php:321
at tests\Feature\Auth\AuthenticationTest.php:29</error>
        </testcase>
      </testsuite>
      <testsuite name="Tests\Feature\ResourcePermissionsTest" file="tests\Feature\ResourcePermissionsTest.php" tests="13" assertions="0" errors="13" failures="0" skipped="0" time="0.000000">
        <testcase name="`Resource Permissions Test` → `Vehicle Resource Permissions` → owner can create vehicles" file="tests\Feature\ResourcePermissionsTest.php::`Resource Permissions Test` → `Vehicle Resource Permissions` → owner can create vehicles" class="Tests\Feature\ResourcePermissionsTest" classname="Tests.Feature.ResourcePermissionsTest" assertions="0" time="0.000000">
          <error type="Illuminate\Database\QueryException">`Resource Permissions Test` → `Vehicle Resource Permissions` → owner can create vehiclesIlluminate\Database\QueryException: SQLSTATE[HY000]: General error: 1 no such table: car_rental_users (Connection: sqlite, SQL: insert into "car_rental_users" ("name", "email", "email_verified_at", "password", "phone", "role", "status", "license_number", "id_document_path", "license_document_path", "is_verified", "date_of_birth", "address", "remember_token", "updated_at", "created_at") values (Thalia Altenwerth, jones.pierce@example.com, 2025-09-24 12:53:11, $2y$04$78g4B33dBB9yvLZHXPZyOuzF4w5wzk7FwYQTRiFHrXZoaR9VfYlfW, +1 (520) 856-1195, admin, active, tqy-7183-8899, documents/ids/6b817fba-1256-31fd-9ed9-379c3cb5ba67.pdf, documents/licenses/b18b6b1f-f458-3869-a236-e26db0addd97.pdf, 1, 2006-11-17 00:00:00, 480 Ledner Wall
Reingerton, WI 36698-0348, pOVUj44i02, 2025-09-24 12:53:11, 2025-09-24 12:53:11))&#13;
at vendor\laravel\framework\src\Illuminate\Database\Connection.php:564
at vendor\laravel\framework\src\Illuminate\Database\Connection.php:811
at vendor\laravel\framework\src\Illuminate\Database\Connection.php:778
at vendor\laravel\framework\src\Illuminate\Database\Connection.php:559
at vendor\laravel\framework\src\Illuminate\Database\Connection.php:523
at vendor\laravel\framework\src\Illuminate\Database\Query\Processors\Processor.php:32
at vendor\laravel\framework\src\Illuminate\Database\Query\Builder.php:3853
at vendor\laravel\framework\src\Illuminate\Database\Eloquent\Builder.php:2235
at vendor\laravel\framework\src\Illuminate\Database\Eloquent\Model.php:1436
at vendor\laravel\framework\src\Illuminate\Database\Eloquent\Model.php:1401
at vendor\laravel\framework\src\Illuminate\Database\Eloquent\Model.php:1240
at vendor\laravel\framework\src\Illuminate\Database\Eloquent\Factories\Factory.php:370
at vendor\laravel\framework\src\Illuminate\Collections\Traits\EnumeratesValues.php:271
at vendor\laravel\framework\src\Illuminate\Database\Eloquent\Factories\Factory.php:365
at vendor\laravel\framework\src\Illuminate\Database\Eloquent\Factories\Factory.php:321
at vendor\laravel\framework\src\Illuminate\Database\Eloquent\Factories\Factory.php:315
at tests\Feature\ResourcePermissionsTest.php:11
Caused by
PDOException: SQLSTATE[HY000]: General error: 1 no such table: car_rental_users

at vendor\laravel\framework\src\Illuminate\Database\Connection.php:564
at vendor\laravel\framework\src\Illuminate\Database\Connection.php:811
at vendor\laravel\framework\src\Illuminate\Database\Connection.php:778
at vendor\laravel\framework\src\Illuminate\Database\Connection.php:559
at vendor\laravel\framework\src\Illuminate\Database\Connection.php:523
at vendor\laravel\framework\src\Illuminate\Database\Query\Processors\Processor.php:32
at vendor\laravel\framework\src\Illuminate\Database\Query\Builder.php:3853
at vendor\laravel\framework\src\Illuminate\Database\Eloquent\Builder.php:2235
at vendor\laravel\framework\src\Illuminate\Database\Eloquent\Model.php:1436
at vendor\laravel\framework\src\Illuminate\Database\Eloquent\Model.php:1401
at vendor\laravel\framework\src\Illuminate\Database\Eloquent\Model.php:1240
at vendor\laravel\framework\src\Illuminate\Database\Eloquent\Factories\Factory.php:370
at vendor\laravel\framework\src\Illuminate\Collections\Traits\EnumeratesValues.php:271
at vendor\laravel\framework\src\Illuminate\Database\Eloquent\Factories\Factory.php:365
at vendor\laravel\framework\src\Illuminate\Database\Eloquent\Factories\Factory.php:321
at vendor\laravel\framework\src\Illuminate\Database\Eloquent\Factories\Factory.php:315
at tests\Feature\ResourcePermissionsTest.php:11</error>
        </testcase>
        <testcase name="`Resource Permissions Test` → `User Resource Permissions` → user resource navigation visibility" file="tests\Feature\ResourcePermissionsTest.php::`Resource Permissions Test` → `User Resource Permissions` → user resource navigation visibility" class="Tests\Feature\ResourcePermissionsTest" classname="Tests.Feature.ResourcePermissionsTest" assertions="0" time="0.000000">
          <error type="Illuminate\Database\QueryException">`Resource Permissions Test` → `User Resource Permissions` → user resource navigation visibilityIlluminate\Database\QueryException: SQLSTATE[HY000]: General error: 1 no such table: car_rental_users (Connection: sqlite, SQL: insert into "car_rental_users" ("name", "email", "email_verified_at", "password", "phone", "role", "status", "license_number", "id_document_path", "license_document_path", "is_verified", "date_of_birth", "address", "remember_token", "updated_at", "created_at") values (Ford Farrell, ealtenwerth@example.net, 2025-09-24 12:53:12, $2y$04$78g4B33dBB9yvLZHXPZyOuzF4w5wzk7FwYQTRiFHrXZoaR9VfYlfW, 458.246.7472, admin, active, iqb-8841-3965, documents/ids/0256ac7e-8a38-35bb-bbe8-016a322ad567.pdf, documents/licenses/13ce8862-92f5-3a0f-a101-b06c53015446.pdf, 0, 1968-09-27 00:00:00, 9536 Pouros Roads
New Annabelchester, LA 72645-7653, 6qrqE2ebwe, 2025-09-24 12:53:12, 2025-09-24 12:53:12))&#13;
at vendor\laravel\framework\src\Illuminate\Database\Connection.php:564
at vendor\laravel\framework\src\Illuminate\Database\Connection.php:811
at vendor\laravel\framework\src\Illuminate\Database\Connection.php:778
at vendor\laravel\framework\src\Illuminate\Database\Connection.php:559
at vendor\laravel\framework\src\Illuminate\Database\Connection.php:523
at vendor\laravel\framework\src\Illuminate\Database\Query\Processors\Processor.php:32
at vendor\laravel\framework\src\Illuminate\Database\Query\Builder.php:3853
at vendor\laravel\framework\src\Illuminate\Database\Eloquent\Builder.php:2235
at vendor\laravel\framework\src\Illuminate\Database\Eloquent\Model.php:1436
at vendor\laravel\framework\src\Illuminate\Database\Eloquent\Model.php:1401
at vendor\laravel\framework\src\Illuminate\Database\Eloquent\Model.php:1240
at vendor\laravel\framework\src\Illuminate\Database\Eloquent\Factories\Factory.php:370
at vendor\laravel\framework\src\Illuminate\Collections\Traits\EnumeratesValues.php:271
at vendor\laravel\framework\src\Illuminate\Database\Eloquent\Factories\Factory.php:365
at vendor\laravel\framework\src\Illuminate\Database\Eloquent\Factories\Factory.php:321
at vendor\laravel\framework\src\Illuminate\Database\Eloquent\Factories\Factory.php:315
at tests\Feature\ResourcePermissionsTest.php:11
Caused by
PDOException: SQLSTATE[HY000]: General error: 1 no such table: car_rental_users

at vendor\laravel\framework\src\Illuminate\Database\Connection.php:564
at vendor\laravel\framework\src\Illuminate\Database\Connection.php:811
at vendor\laravel\framework\src\Illuminate\Database\Connection.php:778
at vendor\laravel\framework\src\Illuminate\Database\Connection.php:559
at vendor\laravel\framework\src\Illuminate\Database\Connection.php:523
at vendor\laravel\framework\src\Illuminate\Database\Query\Processors\Processor.php:32
at vendor\laravel\framework\src\Illuminate\Database\Query\Builder.php:3853
at vendor\laravel\framework\src\Illuminate\Database\Eloquent\Builder.php:2235
at vendor\laravel\framework\src\Illuminate\Database\Eloquent\Model.php:1436
at vendor\laravel\framework\src\Illuminate\Database\Eloquent\Model.php:1401
at vendor\laravel\framework\src\Illuminate\Database\Eloquent\Model.php:1240
at vendor\laravel\framework\src\Illuminate\Database\Eloquent\Factories\Factory.php:370
at vendor\laravel\framework\src\Illuminate\Collections\Traits\EnumeratesValues.php:271
at vendor\laravel\framework\src\Illuminate\Database\Eloquent\Factories\Factory.php:365
at vendor\laravel\framework\src\Illuminate\Database\Eloquent\Factories\Factory.php:321
at vendor\laravel\framework\src\Illuminate\Database\Eloquent\Factories\Factory.php:315
at tests\Feature\ResourcePermissionsTest.php:11</error>
        </testcase>
        <testcase name="`Resource Permissions Test` → `Vehicle Resource Permissions` → vehicle view action visibility" file="tests\Feature\ResourcePermissionsTest.php::`Resource Permissions Test` → `Vehicle Resource Permissions` → vehicle view action visibility" class="Tests\Feature\ResourcePermissionsTest" classname="Tests.Feature.ResourcePermissionsTest" assertions="0" time="0.000000">
          <error type="Illuminate\Database\QueryException">`Resource Permissions Test` → `Vehicle Resource Permissions` → vehicle view action visibilityIlluminate\Database\QueryException: SQLSTATE[HY000]: General error: 1 no such table: car_rental_users (Connection: sqlite, SQL: insert into "car_rental_users" ("name", "email", "email_verified_at", "password", "phone", "role", "status", "license_number", "id_document_path", "license_document_path", "is_verified", "date_of_birth", "address", "remember_token", "updated_at", "created_at") values (Prof. Sammie Turner, botsford.colton@example.net, 2025-09-24 12:53:12, $2y$04$78g4B33dBB9yvLZHXPZyOuzF4w5wzk7FwYQTRiFHrXZoaR9VfYlfW, +1 (928) 835-6559, admin, pending, osp-3418-9060, documents/ids/1bd11b6f-75c4-3450-8ae9-178a801462a9.pdf, documents/licenses/8d76b8e6-c3fe-3cd7-adf5-e6f71ff2aa2d.pdf, 1, 2005-09-29 00:00:00, 875 Prosacco Plains Apt. 091
Hermistontown, MD 15243-0000, yzfGoAtwxC, 2025-09-24 12:53:12, 2025-09-24 12:53:12))&#13;
at vendor\laravel\framework\src\Illuminate\Database\Connection.php:564
at vendor\laravel\framework\src\Illuminate\Database\Connection.php:811
at vendor\laravel\framework\src\Illuminate\Database\Connection.php:778
at vendor\laravel\framework\src\Illuminate\Database\Connection.php:559
at vendor\laravel\framework\src\Illuminate\Database\Connection.php:523
at vendor\laravel\framework\src\Illuminate\Database\Query\Processors\Processor.php:32
at vendor\laravel\framework\src\Illuminate\Database\Query\Builder.php:3853
at vendor\laravel\framework\src\Illuminate\Database\Eloquent\Builder.php:2235
at vendor\laravel\framework\src\Illuminate\Database\Eloquent\Model.php:1436
at vendor\laravel\framework\src\Illuminate\Database\Eloquent\Model.php:1401
at vendor\laravel\framework\src\Illuminate\Database\Eloquent\Model.php:1240
at vendor\laravel\framework\src\Illuminate\Database\Eloquent\Factories\Factory.php:370
at vendor\laravel\framework\src\Illuminate\Collections\Traits\EnumeratesValues.php:271
at vendor\laravel\framework\src\Illuminate\Database\Eloquent\Factories\Factory.php:365
at vendor\laravel\framework\src\Illuminate\Database\Eloquent\Factories\Factory.php:321
at vendor\laravel\framework\src\Illuminate\Database\Eloquent\Factories\Factory.php:315
at tests\Feature\ResourcePermissionsTest.php:11
Caused by
PDOException: SQLSTATE[HY000]: General error: 1 no such table: car_rental_users

at vendor\laravel\framework\src\Illuminate\Database\Connection.php:564
at vendor\laravel\framework\src\Illuminate\Database\Connection.php:811
at vendor\laravel\framework\src\Illuminate\Database\Connection.php:778
at vendor\laravel\framework\src\Illuminate\Database\Connection.php:559
at vendor\laravel\framework\src\Illuminate\Database\Connection.php:523
at vendor\laravel\framework\src\Illuminate\Database\Query\Processors\Processor.php:32
at vendor\laravel\framework\src\Illuminate\Database\Query\Builder.php:3853
at vendor\laravel\framework\src\Illuminate\Database\Eloquent\Builder.php:2235
at vendor\laravel\framework\src\Illuminate\Database\Eloquent\Model.php:1436
at vendor\laravel\framework\src\Illuminate\Database\Eloquent\Model.php:1401
at vendor\laravel\framework\src\Illuminate\Database\Eloquent\Model.php:1240
at vendor\laravel\framework\src\Illuminate\Database\Eloquent\Factories\Factory.php:370
at vendor\laravel\framework\src\Illuminate\Collections\Traits\EnumeratesValues.php:271
at vendor\laravel\framework\src\Illuminate\Database\Eloquent\Factories\Factory.php:365
at vendor\laravel\framework\src\Illuminate\Database\Eloquent\Factories\Factory.php:321
at vendor\laravel\framework\src\Illuminate\Database\Eloquent\Factories\Factory.php:315
at tests\Feature\ResourcePermissionsTest.php:11</error>
        </testcase>
        <testcase name="`Resource Permissions Test` → `Vehicle Resource Permissions` → admin can view vehicles" file="tests\Feature\ResourcePermissionsTest.php::`Resource Permissions Test` → `Vehicle Resource Permissions` → admin can view vehicles" class="Tests\Feature\ResourcePermissionsTest" classname="Tests.Feature.ResourcePermissionsTest" assertions="0" time="0.000000">
          <error type="Illuminate\Database\QueryException">`Resource Permissions Test` → `Vehicle Resource Permissions` → admin can view vehiclesIlluminate\Database\QueryException: SQLSTATE[HY000]: General error: 1 no such table: car_rental_users (Connection: sqlite, SQL: insert into "car_rental_users" ("name", "email", "email_verified_at", "password", "phone", "role", "status", "license_number", "id_document_path", "license_document_path", "is_verified", "date_of_birth", "address", "remember_token", "updated_at", "created_at") values (Modesta Keeling, hilario.gorczany@example.org, 2025-09-24 12:53:12, $2y$04$78g4B33dBB9yvLZHXPZyOuzF4w5wzk7FwYQTRiFHrXZoaR9VfYlfW, +1-760-593-5302, admin, pending, pqm-8477-0703, documents/ids/37dc381a-c3f8-3ebb-adef-e5ac58cbb5ed.pdf, documents/licenses/2537c38a-a945-33a6-9134-2c3016f28a4f.pdf, 1, 1975-01-03 00:00:00, 395 Dooley Trace Apt. 401
New Kayaville, SC 31756, A25KHVj70Y, 2025-09-24 12:53:12, 2025-09-24 12:53:12))&#13;
at vendor\laravel\framework\src\Illuminate\Database\Connection.php:564
at vendor\laravel\framework\src\Illuminate\Database\Connection.php:811
at vendor\laravel\framework\src\Illuminate\Database\Connection.php:778
at vendor\laravel\framework\src\Illuminate\Database\Connection.php:559
at vendor\laravel\framework\src\Illuminate\Database\Connection.php:523
at vendor\laravel\framework\src\Illuminate\Database\Query\Processors\Processor.php:32
at vendor\laravel\framework\src\Illuminate\Database\Query\Builder.php:3853
at vendor\laravel\framework\src\Illuminate\Database\Eloquent\Builder.php:2235
at vendor\laravel\framework\src\Illuminate\Database\Eloquent\Model.php:1436
at vendor\laravel\framework\src\Illuminate\Database\Eloquent\Model.php:1401
at vendor\laravel\framework\src\Illuminate\Database\Eloquent\Model.php:1240
at vendor\laravel\framework\src\Illuminate\Database\Eloquent\Factories\Factory.php:370
at vendor\laravel\framework\src\Illuminate\Collections\Traits\EnumeratesValues.php:271
at vendor\laravel\framework\src\Illuminate\Database\Eloquent\Factories\Factory.php:365
at vendor\laravel\framework\src\Illuminate\Database\Eloquent\Factories\Factory.php:321
at vendor\laravel\framework\src\Illuminate\Database\Eloquent\Factories\Factory.php:315
at tests\Feature\ResourcePermissionsTest.php:11
Caused by
PDOException: SQLSTATE[HY000]: General error: 1 no such table: car_rental_users

at vendor\laravel\framework\src\Illuminate\Database\Connection.php:564
at vendor\laravel\framework\src\Illuminate\Database\Connection.php:811
at vendor\laravel\framework\src\Illuminate\Database\Connection.php:778
at vendor\laravel\framework\src\Illuminate\Database\Connection.php:559
at vendor\laravel\framework\src\Illuminate\Database\Connection.php:523
at vendor\laravel\framework\src\Illuminate\Database\Query\Processors\Processor.php:32
at vendor\laravel\framework\src\Illuminate\Database\Query\Builder.php:3853
at vendor\laravel\framework\src\Illuminate\Database\Eloquent\Builder.php:2235
at vendor\laravel\framework\src\Illuminate\Database\Eloquent\Model.php:1436
at vendor\laravel\framework\src\Illuminate\Database\Eloquent\Model.php:1401
at vendor\laravel\framework\src\Illuminate\Database\Eloquent\Model.php:1240
at vendor\laravel\framework\src\Illuminate\Database\Eloquent\Factories\Factory.php:370
at vendor\laravel\framework\src\Illuminate\Collections\Traits\EnumeratesValues.php:271
at vendor\laravel\framework\src\Illuminate\Database\Eloquent\Factories\Factory.php:365
at vendor\laravel\framework\src\Illuminate\Database\Eloquent\Factories\Factory.php:321
at vendor\laravel\framework\src\Illuminate\Database\Eloquent\Factories\Factory.php:315
at tests\Feature\ResourcePermissionsTest.php:11</error>
        </testcase>
        <testcase name="`Resource Permissions Test` → `User Resource Permissions` → renter cannot access users resource" file="tests\Feature\ResourcePermissionsTest.php::`Resource Permissions Test` → `User Resource Permissions` → renter cannot access users resource" class="Tests\Feature\ResourcePermissionsTest" classname="Tests.Feature.ResourcePermissionsTest" assertions="0" time="0.000000">
          <error type="Illuminate\Database\QueryException">`Resource Permissions Test` → `User Resource Permissions` → renter cannot access users resourceIlluminate\Database\QueryException: SQLSTATE[HY000]: General error: 1 no such table: car_rental_users (Connection: sqlite, SQL: insert into "car_rental_users" ("name", "email", "email_verified_at", "password", "phone", "role", "status", "license_number", "id_document_path", "license_document_path", "is_verified", "date_of_birth", "address", "remember_token", "updated_at", "created_at") values (Hilbert Turner, mhoppe@example.net, 2025-09-24 12:53:12, $2y$04$78g4B33dBB9yvLZHXPZyOuzF4w5wzk7FwYQTRiFHrXZoaR9VfYlfW, 239-372-1411, admin, approved, frq-5883-7510, documents/ids/53e24b14-7bb6-346d-a711-6f71a3749e39.pdf, documents/licenses/e9ec8dc7-9369-3a8e-b620-587737f9218f.pdf, 1, 1995-11-09 00:00:00, 814 Bayer Row
Larkinhaven, NJ 65295-1989, PsMIBetzYh, 2025-09-24 12:53:12, 2025-09-24 12:53:12))&#13;
at vendor\laravel\framework\src\Illuminate\Database\Connection.php:564
at vendor\laravel\framework\src\Illuminate\Database\Connection.php:811
at vendor\laravel\framework\src\Illuminate\Database\Connection.php:778
at vendor\laravel\framework\src\Illuminate\Database\Connection.php:559
at vendor\laravel\framework\src\Illuminate\Database\Connection.php:523
at vendor\laravel\framework\src\Illuminate\Database\Query\Processors\Processor.php:32
at vendor\laravel\framework\src\Illuminate\Database\Query\Builder.php:3853
at vendor\laravel\framework\src\Illuminate\Database\Eloquent\Builder.php:2235
at vendor\laravel\framework\src\Illuminate\Database\Eloquent\Model.php:1436
at vendor\laravel\framework\src\Illuminate\Database\Eloquent\Model.php:1401
at vendor\laravel\framework\src\Illuminate\Database\Eloquent\Model.php:1240
at vendor\laravel\framework\src\Illuminate\Database\Eloquent\Factories\Factory.php:370
at vendor\laravel\framework\src\Illuminate\Collections\Traits\EnumeratesValues.php:271
at vendor\laravel\framework\src\Illuminate\Database\Eloquent\Factories\Factory.php:365
at vendor\laravel\framework\src\Illuminate\Database\Eloquent\Factories\Factory.php:321
at vendor\laravel\framework\src\Illuminate\Database\Eloquent\Factories\Factory.php:315
at tests\Feature\ResourcePermissionsTest.php:11
Caused by
PDOException: SQLSTATE[HY000]: General error: 1 no such table: car_rental_users

at vendor\laravel\framework\src\Illuminate\Database\Connection.php:564
at vendor\laravel\framework\src\Illuminate\Database\Connection.php:811
at vendor\laravel\framework\src\Illuminate\Database\Connection.php:778
at vendor\laravel\framework\src\Illuminate\Database\Connection.php:559
at vendor\laravel\framework\src\Illuminate\Database\Connection.php:523
at vendor\laravel\framework\src\Illuminate\Database\Query\Processors\Processor.php:32
at vendor\laravel\framework\src\Illuminate\Database\Query\Builder.php:3853
at vendor\laravel\framework\src\Illuminate\Database\Eloquent\Builder.php:2235
at vendor\laravel\framework\src\Illuminate\Database\Eloquent\Model.php:1436
at vendor\laravel\framework\src\Illuminate\Database\Eloquent\Model.php:1401
at vendor\laravel\framework\src\Illuminate\Database\Eloquent\Model.php:1240
at vendor\laravel\framework\src\Illuminate\Database\Eloquent\Factories\Factory.php:370
at vendor\laravel\framework\src\Illuminate\Collections\Traits\EnumeratesValues.php:271
at vendor\laravel\framework\src\Illuminate\Database\Eloquent\Factories\Factory.php:365
at vendor\laravel\framework\src\Illuminate\Database\Eloquent\Factories\Factory.php:321
at vendor\laravel\framework\src\Illuminate\Database\Eloquent\Factories\Factory.php:315
at tests\Feature\ResourcePermissionsTest.php:11</error>
        </testcase>
        <testcase name="`Resource Permissions Test` → `Integration Tests` → admin can access all resources" file="tests\Feature\ResourcePermissionsTest.php::`Resource Permissions Test` → `Integration Tests` → admin can access all resources" class="Tests\Feature\ResourcePermissionsTest" classname="Tests.Feature.ResourcePermissionsTest" assertions="0" time="0.000000">
          <error type="Illuminate\Database\QueryException">`Resource Permissions Test` → `Integration Tests` → admin can access all resourcesIlluminate\Database\QueryException: SQLSTATE[HY000]: General error: 1 no such table: car_rental_users (Connection: sqlite, SQL: insert into "car_rental_users" ("name", "email", "email_verified_at", "password", "phone", "role", "status", "license_number", "id_document_path", "license_document_path", "is_verified", "date_of_birth", "address", "remember_token", "updated_at", "created_at") values (Mr. Harley Schaden, carter.estelle@example.org, 2025-09-24 12:53:12, $2y$04$78g4B33dBB9yvLZHXPZyOuzF4w5wzk7FwYQTRiFHrXZoaR9VfYlfW, +1-520-984-8895, admin, approved, vqu-3748-0140, documents/ids/47b7e805-95b6-38cc-a5f1-e3cca215865c.pdf, documents/licenses/e853ac8b-0040-39cf-a96c-943a00778dd7.pdf, 1, 1989-11-19 00:00:00, 99149 Harvey Pine Suite 976
New Oscarton, DC 57827, lZl7pcdwgg, 2025-09-24 12:53:12, 2025-09-24 12:53:12))&#13;
at vendor\laravel\framework\src\Illuminate\Database\Connection.php:564
at vendor\laravel\framework\src\Illuminate\Database\Connection.php:811
at vendor\laravel\framework\src\Illuminate\Database\Connection.php:778
at vendor\laravel\framework\src\Illuminate\Database\Connection.php:559
at vendor\laravel\framework\src\Illuminate\Database\Connection.php:523
at vendor\laravel\framework\src\Illuminate\Database\Query\Processors\Processor.php:32
at vendor\laravel\framework\src\Illuminate\Database\Query\Builder.php:3853
at vendor\laravel\framework\src\Illuminate\Database\Eloquent\Builder.php:2235
at vendor\laravel\framework\src\Illuminate\Database\Eloquent\Model.php:1436
at vendor\laravel\framework\src\Illuminate\Database\Eloquent\Model.php:1401
at vendor\laravel\framework\src\Illuminate\Database\Eloquent\Model.php:1240
at vendor\laravel\framework\src\Illuminate\Database\Eloquent\Factories\Factory.php:370
at vendor\laravel\framework\src\Illuminate\Collections\Traits\EnumeratesValues.php:271
at vendor\laravel\framework\src\Illuminate\Database\Eloquent\Factories\Factory.php:365
at vendor\laravel\framework\src\Illuminate\Database\Eloquent\Factories\Factory.php:321
at vendor\laravel\framework\src\Illuminate\Database\Eloquent\Factories\Factory.php:315
at tests\Feature\ResourcePermissionsTest.php:11
Caused by
PDOException: SQLSTATE[HY000]: General error: 1 no such table: car_rental_users

at vendor\laravel\framework\src\Illuminate\Database\Connection.php:564
at vendor\laravel\framework\src\Illuminate\Database\Connection.php:811
at vendor\laravel\framework\src\Illuminate\Database\Connection.php:778
at vendor\laravel\framework\src\Illuminate\Database\Connection.php:559
at vendor\laravel\framework\src\Illuminate\Database\Connection.php:523
at vendor\laravel\framework\src\Illuminate\Database\Query\Processors\Processor.php:32
at vendor\laravel\framework\src\Illuminate\Database\Query\Builder.php:3853
at vendor\laravel\framework\src\Illuminate\Database\Eloquent\Builder.php:2235
at vendor\laravel\framework\src\Illuminate\Database\Eloquent\Model.php:1436
at vendor\laravel\framework\src\Illuminate\Database\Eloquent\Model.php:1401
at vendor\laravel\framework\src\Illuminate\Database\Eloquent\Model.php:1240
at vendor\laravel\framework\src\Illuminate\Database\Eloquent\Factories\Factory.php:370
at vendor\laravel\framework\src\Illuminate\Collections\Traits\EnumeratesValues.php:271
at vendor\laravel\framework\src\Illuminate\Database\Eloquent\Factories\Factory.php:365
at vendor\laravel\framework\src\Illuminate\Database\Eloquent\Factories\Factory.php:321
at vendor\laravel\framework\src\Illuminate\Database\Eloquent\Factories\Factory.php:315
at tests\Feature\ResourcePermissionsTest.php:11</error>
        </testcase>
        <testcase name="`Resource Permissions Test` → `User Resource Permissions` → owner cannot access users resource" file="tests\Feature\ResourcePermissionsTest.php::`Resource Permissions Test` → `User Resource Permissions` → owner cannot access users resource" class="Tests\Feature\ResourcePermissionsTest" classname="Tests.Feature.ResourcePermissionsTest" assertions="0" time="0.000000">
          <error type="Illuminate\Database\QueryException">`Resource Permissions Test` → `User Resource Permissions` → owner cannot access users resourceIlluminate\Database\QueryException: SQLSTATE[HY000]: General error: 1 no such table: car_rental_users (Connection: sqlite, SQL: insert into "car_rental_users" ("name", "email", "email_verified_at", "password", "phone", "role", "status", "license_number", "id_document_path", "license_document_path", "is_verified", "date_of_birth", "address", "remember_token", "updated_at", "created_at") values (Antonia Hand, valentin.mueller@example.net, 2025-09-24 12:53:12, $2y$04$78g4B33dBB9yvLZHXPZyOuzF4w5wzk7FwYQTRiFHrXZoaR9VfYlfW, 757-877-7562, admin, active, aor-8648-5312, documents/ids/b261681f-1818-35e0-8521-7eb1f4305a41.pdf, documents/licenses/9799cdf4-e2d7-30ed-ae29-2570eb7c2d8a.pdf, 1, 1984-11-25 00:00:00, 82181 Micah Track
Virgiestad, NV 47060-9750, t85dYiojSW, 2025-09-24 12:53:12, 2025-09-24 12:53:12))&#13;
at vendor\laravel\framework\src\Illuminate\Database\Connection.php:564
at vendor\laravel\framework\src\Illuminate\Database\Connection.php:811
at vendor\laravel\framework\src\Illuminate\Database\Connection.php:778
at vendor\laravel\framework\src\Illuminate\Database\Connection.php:559
at vendor\laravel\framework\src\Illuminate\Database\Connection.php:523
at vendor\laravel\framework\src\Illuminate\Database\Query\Processors\Processor.php:32
at vendor\laravel\framework\src\Illuminate\Database\Query\Builder.php:3853
at vendor\laravel\framework\src\Illuminate\Database\Eloquent\Builder.php:2235
at vendor\laravel\framework\src\Illuminate\Database\Eloquent\Model.php:1436
at vendor\laravel\framework\src\Illuminate\Database\Eloquent\Model.php:1401
at vendor\laravel\framework\src\Illuminate\Database\Eloquent\Model.php:1240
at vendor\laravel\framework\src\Illuminate\Database\Eloquent\Factories\Factory.php:370
at vendor\laravel\framework\src\Illuminate\Collections\Traits\EnumeratesValues.php:271
at vendor\laravel\framework\src\Illuminate\Database\Eloquent\Factories\Factory.php:365
at vendor\laravel\framework\src\Illuminate\Database\Eloquent\Factories\Factory.php:321
at vendor\laravel\framework\src\Illuminate\Database\Eloquent\Factories\Factory.php:315
at tests\Feature\ResourcePermissionsTest.php:11
Caused by
PDOException: SQLSTATE[HY000]: General error: 1 no such table: car_rental_users

at vendor\laravel\framework\src\Illuminate\Database\Connection.php:564
at vendor\laravel\framework\src\Illuminate\Database\Connection.php:811
at vendor\laravel\framework\src\Illuminate\Database\Connection.php:778
at vendor\laravel\framework\src\Illuminate\Database\Connection.php:559
at vendor\laravel\framework\src\Illuminate\Database\Connection.php:523
at vendor\laravel\framework\src\Illuminate\Database\Query\Processors\Processor.php:32
at vendor\laravel\framework\src\Illuminate\Database\Query\Builder.php:3853
at vendor\laravel\framework\src\Illuminate\Database\Eloquent\Builder.php:2235
at vendor\laravel\framework\src\Illuminate\Database\Eloquent\Model.php:1436
at vendor\laravel\framework\src\Illuminate\Database\Eloquent\Model.php:1401
at vendor\laravel\framework\src\Illuminate\Database\Eloquent\Model.php:1240
at vendor\laravel\framework\src\Illuminate\Database\Eloquent\Factories\Factory.php:370
at vendor\laravel\framework\src\Illuminate\Collections\Traits\EnumeratesValues.php:271
at vendor\laravel\framework\src\Illuminate\Database\Eloquent\Factories\Factory.php:365
at vendor\laravel\framework\src\Illuminate\Database\Eloquent\Factories\Factory.php:321
at vendor\laravel\framework\src\Illuminate\Database\Eloquent\Factories\Factory.php:315
at tests\Feature\ResourcePermissionsTest.php:11</error>
        </testcase>
        <testcase name="`Resource Permissions Test` → `Integration Tests` → renter has minimal access" file="tests\Feature\ResourcePermissionsTest.php::`Resource Permissions Test` → `Integration Tests` → renter has minimal access" class="Tests\Feature\ResourcePermissionsTest" classname="Tests.Feature.ResourcePermissionsTest" assertions="0" time="0.000000">
          <error type="Illuminate\Database\QueryException">`Resource Permissions Test` → `Integration Tests` → renter has minimal accessIlluminate\Database\QueryException: SQLSTATE[HY000]: General error: 1 no such table: car_rental_users (Connection: sqlite, SQL: insert into "car_rental_users" ("name", "email", "email_verified_at", "password", "phone", "role", "status", "license_number", "id_document_path", "license_document_path", "is_verified", "date_of_birth", "address", "remember_token", "updated_at", "created_at") values (Dr. Dorcas Blanda DDS, harber.sydni@example.com, 2025-09-24 12:53:12, $2y$04$78g4B33dBB9yvLZHXPZyOuzF4w5wzk7FwYQTRiFHrXZoaR9VfYlfW, 1-937-301-2028, admin, active, jst-0784-2005, documents/ids/74e5c93f-2cfc-3afe-9902-2591c4c9ad72.pdf, documents/licenses/2f08f980-f1ac-3128-ad36-a6c93b1ed16a.pdf, 1, 1992-05-06 00:00:00, 223 Pacocha Ranch Apt. 961
South Rachelle, ND 68390-4490, pm71WsiNty, 2025-09-24 12:53:12, 2025-09-24 12:53:12))&#13;
at vendor\laravel\framework\src\Illuminate\Database\Connection.php:564
at vendor\laravel\framework\src\Illuminate\Database\Connection.php:811
at vendor\laravel\framework\src\Illuminate\Database\Connection.php:778
at vendor\laravel\framework\src\Illuminate\Database\Connection.php:559
at vendor\laravel\framework\src\Illuminate\Database\Connection.php:523
at vendor\laravel\framework\src\Illuminate\Database\Query\Processors\Processor.php:32
at vendor\laravel\framework\src\Illuminate\Database\Query\Builder.php:3853
at vendor\laravel\framework\src\Illuminate\Database\Eloquent\Builder.php:2235
at vendor\laravel\framework\src\Illuminate\Database\Eloquent\Model.php:1436
at vendor\laravel\framework\src\Illuminate\Database\Eloquent\Model.php:1401
at vendor\laravel\framework\src\Illuminate\Database\Eloquent\Model.php:1240
at vendor\laravel\framework\src\Illuminate\Database\Eloquent\Factories\Factory.php:370
at vendor\laravel\framework\src\Illuminate\Collections\Traits\EnumeratesValues.php:271
at vendor\laravel\framework\src\Illuminate\Database\Eloquent\Factories\Factory.php:365
at vendor\laravel\framework\src\Illuminate\Database\Eloquent\Factories\Factory.php:321
at vendor\laravel\framework\src\Illuminate\Database\Eloquent\Factories\Factory.php:315
at tests\Feature\ResourcePermissionsTest.php:11
Caused by
PDOException: SQLSTATE[HY000]: General error: 1 no such table: car_rental_users

at vendor\laravel\framework\src\Illuminate\Database\Connection.php:564
at vendor\laravel\framework\src\Illuminate\Database\Connection.php:811
at vendor\laravel\framework\src\Illuminate\Database\Connection.php:778
at vendor\laravel\framework\src\Illuminate\Database\Connection.php:559
at vendor\laravel\framework\src\Illuminate\Database\Connection.php:523
at vendor\laravel\framework\src\Illuminate\Database\Query\Processors\Processor.php:32
at vendor\laravel\framework\src\Illuminate\Database\Query\Builder.php:3853
at vendor\laravel\framework\src\Illuminate\Database\Eloquent\Builder.php:2235
at vendor\laravel\framework\src\Illuminate\Database\Eloquent\Model.php:1436
at vendor\laravel\framework\src\Illuminate\Database\Eloquent\Model.php:1401
at vendor\laravel\framework\src\Illuminate\Database\Eloquent\Model.php:1240
at vendor\laravel\framework\src\Illuminate\Database\Eloquent\Factories\Factory.php:370
at vendor\laravel\framework\src\Illuminate\Collections\Traits\EnumeratesValues.php:271
at vendor\laravel\framework\src\Illuminate\Database\Eloquent\Factories\Factory.php:365
at vendor\laravel\framework\src\Illuminate\Database\Eloquent\Factories\Factory.php:321
at vendor\laravel\framework\src\Illuminate\Database\Eloquent\Factories\Factory.php:315
at tests\Feature\ResourcePermissionsTest.php:11</error>
        </testcase>
        <testcase name="`Resource Permissions Test` → `Vehicle Resource Permissions` → owner can view vehicles" file="tests\Feature\ResourcePermissionsTest.php::`Resource Permissions Test` → `Vehicle Resource Permissions` → owner can view vehicles" class="Tests\Feature\ResourcePermissionsTest" classname="Tests.Feature.ResourcePermissionsTest" assertions="0" time="0.000000">
          <error type="Illuminate\Database\QueryException">`Resource Permissions Test` → `Vehicle Resource Permissions` → owner can view vehiclesIlluminate\Database\QueryException: SQLSTATE[HY000]: General error: 1 no such table: car_rental_users (Connection: sqlite, SQL: insert into "car_rental_users" ("name", "email", "email_verified_at", "password", "phone", "role", "status", "license_number", "id_document_path", "license_document_path", "is_verified", "date_of_birth", "address", "remember_token", "updated_at", "created_at") values (Alexandria Lubowitz Sr., dayna58@example.com, 2025-09-24 12:53:12, $2y$04$78g4B33dBB9yvLZHXPZyOuzF4w5wzk7FwYQTRiFHrXZoaR9VfYlfW, +1-234-265-8220, admin, active, hfa-2280-2737, documents/ids/6dc200b0-1b22-37e6-bd5e-a4bcb403e17f.pdf, documents/licenses/d1dc9a6b-441c-330c-a8ae-db4acc927cce.pdf, 1, 2007-05-12 00:00:00, 12360 Genoveva Overpass Apt. 693
Konopelskistad, WA 65908, xJMMjkPq0k, 2025-09-24 12:53:12, 2025-09-24 12:53:12))&#13;
at vendor\laravel\framework\src\Illuminate\Database\Connection.php:564
at vendor\laravel\framework\src\Illuminate\Database\Connection.php:811
at vendor\laravel\framework\src\Illuminate\Database\Connection.php:778
at vendor\laravel\framework\src\Illuminate\Database\Connection.php:559
at vendor\laravel\framework\src\Illuminate\Database\Connection.php:523
at vendor\laravel\framework\src\Illuminate\Database\Query\Processors\Processor.php:32
at vendor\laravel\framework\src\Illuminate\Database\Query\Builder.php:3853
at vendor\laravel\framework\src\Illuminate\Database\Eloquent\Builder.php:2235
at vendor\laravel\framework\src\Illuminate\Database\Eloquent\Model.php:1436
at vendor\laravel\framework\src\Illuminate\Database\Eloquent\Model.php:1401
at vendor\laravel\framework\src\Illuminate\Database\Eloquent\Model.php:1240
at vendor\laravel\framework\src\Illuminate\Database\Eloquent\Factories\Factory.php:370
at vendor\laravel\framework\src\Illuminate\Collections\Traits\EnumeratesValues.php:271
at vendor\laravel\framework\src\Illuminate\Database\Eloquent\Factories\Factory.php:365
at vendor\laravel\framework\src\Illuminate\Database\Eloquent\Factories\Factory.php:321
at vendor\laravel\framework\src\Illuminate\Database\Eloquent\Factories\Factory.php:315
at tests\Feature\ResourcePermissionsTest.php:11
Caused by
PDOException: SQLSTATE[HY000]: General error: 1 no such table: car_rental_users

at vendor\laravel\framework\src\Illuminate\Database\Connection.php:564
at vendor\laravel\framework\src\Illuminate\Database\Connection.php:811
at vendor\laravel\framework\src\Illuminate\Database\Connection.php:778
at vendor\laravel\framework\src\Illuminate\Database\Connection.php:559
at vendor\laravel\framework\src\Illuminate\Database\Connection.php:523
at vendor\laravel\framework\src\Illuminate\Database\Query\Processors\Processor.php:32
at vendor\laravel\framework\src\Illuminate\Database\Query\Builder.php:3853
at vendor\laravel\framework\src\Illuminate\Database\Eloquent\Builder.php:2235
at vendor\laravel\framework\src\Illuminate\Database\Eloquent\Model.php:1436
at vendor\laravel\framework\src\Illuminate\Database\Eloquent\Model.php:1401
at vendor\laravel\framework\src\Illuminate\Database\Eloquent\Model.php:1240
at vendor\laravel\framework\src\Illuminate\Database\Eloquent\Factories\Factory.php:370
at vendor\laravel\framework\src\Illuminate\Collections\Traits\EnumeratesValues.php:271
at vendor\laravel\framework\src\Illuminate\Database\Eloquent\Factories\Factory.php:365
at vendor\laravel\framework\src\Illuminate\Database\Eloquent\Factories\Factory.php:321
at vendor\laravel\framework\src\Illuminate\Database\Eloquent\Factories\Factory.php:315
at tests\Feature\ResourcePermissionsTest.php:11</error>
        </testcase>
        <testcase name="`Resource Permissions Test` → `Integration Tests` → owner has limited access" file="tests\Feature\ResourcePermissionsTest.php::`Resource Permissions Test` → `Integration Tests` → owner has limited access" class="Tests\Feature\ResourcePermissionsTest" classname="Tests.Feature.ResourcePermissionsTest" assertions="0" time="0.000000">
          <error type="Illuminate\Database\QueryException">`Resource Permissions Test` → `Integration Tests` → owner has limited accessIlluminate\Database\QueryException: SQLSTATE[HY000]: General error: 1 no such table: car_rental_users (Connection: sqlite, SQL: insert into "car_rental_users" ("name", "email", "email_verified_at", "password", "phone", "role", "status", "license_number", "id_document_path", "license_document_path", "is_verified", "date_of_birth", "address", "remember_token", "updated_at", "created_at") values (Eleanore Schinner, acrist@example.com, 2025-09-24 12:53:12, $2y$04$78g4B33dBB9yvLZHXPZyOuzF4w5wzk7FwYQTRiFHrXZoaR9VfYlfW, +17629749403, admin, pending, rvr-0165-3237, documents/ids/7ec5ecd6-d7c6-39c1-97b6-de35f60e6103.pdf, documents/licenses/a9df1e3a-eb2e-32c9-8f9b-e7a1f0c203af.pdf, 1, 2002-05-22 00:00:00, 7739 Boyle Islands Apt. 272
Runolfssonberg, AZ 84509-3809, nk08qLqEt1, 2025-09-24 12:53:12, 2025-09-24 12:53:12))&#13;
at vendor\laravel\framework\src\Illuminate\Database\Connection.php:564
at vendor\laravel\framework\src\Illuminate\Database\Connection.php:811
at vendor\laravel\framework\src\Illuminate\Database\Connection.php:778
at vendor\laravel\framework\src\Illuminate\Database\Connection.php:559
at vendor\laravel\framework\src\Illuminate\Database\Connection.php:523
at vendor\laravel\framework\src\Illuminate\Database\Query\Processors\Processor.php:32
at vendor\laravel\framework\src\Illuminate\Database\Query\Builder.php:3853
at vendor\laravel\framework\src\Illuminate\Database\Eloquent\Builder.php:2235
at vendor\laravel\framework\src\Illuminate\Database\Eloquent\Model.php:1436
at vendor\laravel\framework\src\Illuminate\Database\Eloquent\Model.php:1401
at vendor\laravel\framework\src\Illuminate\Database\Eloquent\Model.php:1240
at vendor\laravel\framework\src\Illuminate\Database\Eloquent\Factories\Factory.php:370
at vendor\laravel\framework\src\Illuminate\Collections\Traits\EnumeratesValues.php:271
at vendor\laravel\framework\src\Illuminate\Database\Eloquent\Factories\Factory.php:365
at vendor\laravel\framework\src\Illuminate\Database\Eloquent\Factories\Factory.php:321
at vendor\laravel\framework\src\Illuminate\Database\Eloquent\Factories\Factory.php:315
at tests\Feature\ResourcePermissionsTest.php:11
Caused by
PDOException: SQLSTATE[HY000]: General error: 1 no such table: car_rental_users

at vendor\laravel\framework\src\Illuminate\Database\Connection.php:564
at vendor\laravel\framework\src\Illuminate\Database\Connection.php:811
at vendor\laravel\framework\src\Illuminate\Database\Connection.php:778
at vendor\laravel\framework\src\Illuminate\Database\Connection.php:559
at vendor\laravel\framework\src\Illuminate\Database\Connection.php:523
at vendor\laravel\framework\src\Illuminate\Database\Query\Processors\Processor.php:32
at vendor\laravel\framework\src\Illuminate\Database\Query\Builder.php:3853
at vendor\laravel\framework\src\Illuminate\Database\Eloquent\Builder.php:2235
at vendor\laravel\framework\src\Illuminate\Database\Eloquent\Model.php:1436
at vendor\laravel\framework\src\Illuminate\Database\Eloquent\Model.php:1401
at vendor\laravel\framework\src\Illuminate\Database\Eloquent\Model.php:1240
at vendor\laravel\framework\src\Illuminate\Database\Eloquent\Factories\Factory.php:370
at vendor\laravel\framework\src\Illuminate\Collections\Traits\EnumeratesValues.php:271
at vendor\laravel\framework\src\Illuminate\Database\Eloquent\Factories\Factory.php:365
at vendor\laravel\framework\src\Illuminate\Database\Eloquent\Factories\Factory.php:321
at vendor\laravel\framework\src\Illuminate\Database\Eloquent\Factories\Factory.php:315
at tests\Feature\ResourcePermissionsTest.php:11</error>
        </testcase>
        <testcase name="`Resource Permissions Test` → `Vehicle Resource Permissions` → renter cannot create vehicles" file="tests\Feature\ResourcePermissionsTest.php::`Resource Permissions Test` → `Vehicle Resource Permissions` → renter cannot create vehicles" class="Tests\Feature\ResourcePermissionsTest" classname="Tests.Feature.ResourcePermissionsTest" assertions="0" time="0.000000">
          <error type="Illuminate\Database\QueryException">`Resource Permissions Test` → `Vehicle Resource Permissions` → renter cannot create vehiclesIlluminate\Database\QueryException: SQLSTATE[HY000]: General error: 1 no such table: car_rental_users (Connection: sqlite, SQL: insert into "car_rental_users" ("name", "email", "email_verified_at", "password", "phone", "role", "status", "license_number", "id_document_path", "license_document_path", "is_verified", "date_of_birth", "address", "remember_token", "updated_at", "created_at") values (Nicole Jerde, vicente06@example.net, 2025-09-24 12:53:12, $2y$04$78g4B33dBB9yvLZHXPZyOuzF4w5wzk7FwYQTRiFHrXZoaR9VfYlfW, +1-920-787-0097, admin, approved, nnl-9445-9758, documents/ids/106a3a9b-9c69-3999-b065-6a454b4855b9.pdf, documents/licenses/90621341-5f3c-3d5f-b167-39c462ab0412.pdf, 1, 1968-08-10 00:00:00, 157 Robert Center Suite 678
South Magnusborough, MT 56787-3107, caYxE0e843, 2025-09-24 12:53:12, 2025-09-24 12:53:12))&#13;
at vendor\laravel\framework\src\Illuminate\Database\Connection.php:564
at vendor\laravel\framework\src\Illuminate\Database\Connection.php:811
at vendor\laravel\framework\src\Illuminate\Database\Connection.php:778
at vendor\laravel\framework\src\Illuminate\Database\Connection.php:559
at vendor\laravel\framework\src\Illuminate\Database\Connection.php:523
at vendor\laravel\framework\src\Illuminate\Database\Query\Processors\Processor.php:32
at vendor\laravel\framework\src\Illuminate\Database\Query\Builder.php:3853
at vendor\laravel\framework\src\Illuminate\Database\Eloquent\Builder.php:2235
at vendor\laravel\framework\src\Illuminate\Database\Eloquent\Model.php:1436
at vendor\laravel\framework\src\Illuminate\Database\Eloquent\Model.php:1401
at vendor\laravel\framework\src\Illuminate\Database\Eloquent\Model.php:1240
at vendor\laravel\framework\src\Illuminate\Database\Eloquent\Factories\Factory.php:370
at vendor\laravel\framework\src\Illuminate\Collections\Traits\EnumeratesValues.php:271
at vendor\laravel\framework\src\Illuminate\Database\Eloquent\Factories\Factory.php:365
at vendor\laravel\framework\src\Illuminate\Database\Eloquent\Factories\Factory.php:321
at vendor\laravel\framework\src\Illuminate\Database\Eloquent\Factories\Factory.php:315
at tests\Feature\ResourcePermissionsTest.php:11
Caused by
PDOException: SQLSTATE[HY000]: General error: 1 no such table: car_rental_users

at vendor\laravel\framework\src\Illuminate\Database\Connection.php:564
at vendor\laravel\framework\src\Illuminate\Database\Connection.php:811
at vendor\laravel\framework\src\Illuminate\Database\Connection.php:778
at vendor\laravel\framework\src\Illuminate\Database\Connection.php:559
at vendor\laravel\framework\src\Illuminate\Database\Connection.php:523
at vendor\laravel\framework\src\Illuminate\Database\Query\Processors\Processor.php:32
at vendor\laravel\framework\src\Illuminate\Database\Query\Builder.php:3853
at vendor\laravel\framework\src\Illuminate\Database\Eloquent\Builder.php:2235
at vendor\laravel\framework\src\Illuminate\Database\Eloquent\Model.php:1436
at vendor\laravel\framework\src\Illuminate\Database\Eloquent\Model.php:1401
at vendor\laravel\framework\src\Illuminate\Database\Eloquent\Model.php:1240
at vendor\laravel\framework\src\Illuminate\Database\Eloquent\Factories\Factory.php:370
at vendor\laravel\framework\src\Illuminate\Collections\Traits\EnumeratesValues.php:271
at vendor\laravel\framework\src\Illuminate\Database\Eloquent\Factories\Factory.php:365
at vendor\laravel\framework\src\Illuminate\Database\Eloquent\Factories\Factory.php:321
at vendor\laravel\framework\src\Illuminate\Database\Eloquent\Factories\Factory.php:315
at tests\Feature\ResourcePermissionsTest.php:11</error>
        </testcase>
        <testcase name="`Resource Permissions Test` → `User Resource Permissions` → admin has full permissions on users" file="tests\Feature\ResourcePermissionsTest.php::`Resource Permissions Test` → `User Resource Permissions` → admin has full permissions on users" class="Tests\Feature\ResourcePermissionsTest" classname="Tests.Feature.ResourcePermissionsTest" assertions="0" time="0.000000">
          <error type="Illuminate\Database\QueryException">`Resource Permissions Test` → `User Resource Permissions` → admin has full permissions on usersIlluminate\Database\QueryException: SQLSTATE[HY000]: General error: 1 no such table: car_rental_users (Connection: sqlite, SQL: insert into "car_rental_users" ("name", "email", "email_verified_at", "password", "phone", "role", "status", "license_number", "id_document_path", "license_document_path", "is_verified", "date_of_birth", "address", "remember_token", "updated_at", "created_at") values (Dee Haley, hills.allie@example.net, 2025-09-24 12:53:12, $2y$04$78g4B33dBB9yvLZHXPZyOuzF4w5wzk7FwYQTRiFHrXZoaR9VfYlfW, +1 (980) 679-5673, admin, pending, btz-2918-9787, documents/ids/abd664f3-3e09-31c9-a0cc-a081bf670dfe.pdf, documents/licenses/e0da3a14-0966-386a-b4b3-e1cf8bcf5680.pdf, 1, 1978-03-29 00:00:00, 517 Justine Pine
Ephraimstad, GA 89453, ecrPpBQvAx, 2025-09-24 12:53:12, 2025-09-24 12:53:12))&#13;
at vendor\laravel\framework\src\Illuminate\Database\Connection.php:564
at vendor\laravel\framework\src\Illuminate\Database\Connection.php:811
at vendor\laravel\framework\src\Illuminate\Database\Connection.php:778
at vendor\laravel\framework\src\Illuminate\Database\Connection.php:559
at vendor\laravel\framework\src\Illuminate\Database\Connection.php:523
at vendor\laravel\framework\src\Illuminate\Database\Query\Processors\Processor.php:32
at vendor\laravel\framework\src\Illuminate\Database\Query\Builder.php:3853
at vendor\laravel\framework\src\Illuminate\Database\Eloquent\Builder.php:2235
at vendor\laravel\framework\src\Illuminate\Database\Eloquent\Model.php:1436
at vendor\laravel\framework\src\Illuminate\Database\Eloquent\Model.php:1401
at vendor\laravel\framework\src\Illuminate\Database\Eloquent\Model.php:1240
at vendor\laravel\framework\src\Illuminate\Database\Eloquent\Factories\Factory.php:370
at vendor\laravel\framework\src\Illuminate\Collections\Traits\EnumeratesValues.php:271
at vendor\laravel\framework\src\Illuminate\Database\Eloquent\Factories\Factory.php:365
at vendor\laravel\framework\src\Illuminate\Database\Eloquent\Factories\Factory.php:321
at vendor\laravel\framework\src\Illuminate\Database\Eloquent\Factories\Factory.php:315
at tests\Feature\ResourcePermissionsTest.php:11
Caused by
PDOException: SQLSTATE[HY000]: General error: 1 no such table: car_rental_users

at vendor\laravel\framework\src\Illuminate\Database\Connection.php:564
at vendor\laravel\framework\src\Illuminate\Database\Connection.php:811
at vendor\laravel\framework\src\Illuminate\Database\Connection.php:778
at vendor\laravel\framework\src\Illuminate\Database\Connection.php:559
at vendor\laravel\framework\src\Illuminate\Database\Connection.php:523
at vendor\laravel\framework\src\Illuminate\Database\Query\Processors\Processor.php:32
at vendor\laravel\framework\src\Illuminate\Database\Query\Builder.php:3853
at vendor\laravel\framework\src\Illuminate\Database\Eloquent\Builder.php:2235
at vendor\laravel\framework\src\Illuminate\Database\Eloquent\Model.php:1436
at vendor\laravel\framework\src\Illuminate\Database\Eloquent\Model.php:1401
at vendor\laravel\framework\src\Illuminate\Database\Eloquent\Model.php:1240
at vendor\laravel\framework\src\Illuminate\Database\Eloquent\Factories\Factory.php:370
at vendor\laravel\framework\src\Illuminate\Collections\Traits\EnumeratesValues.php:271
at vendor\laravel\framework\src\Illuminate\Database\Eloquent\Factories\Factory.php:365
at vendor\laravel\framework\src\Illuminate\Database\Eloquent\Factories\Factory.php:321
at vendor\laravel\framework\src\Illuminate\Database\Eloquent\Factories\Factory.php:315
at tests\Feature\ResourcePermissionsTest.php:11</error>
        </testcase>
        <testcase name="`Resource Permissions Test` → `Vehicle Resource Permissions` → admin can create vehicles" file="tests\Feature\ResourcePermissionsTest.php::`Resource Permissions Test` → `Vehicle Resource Permissions` → admin can create vehicles" class="Tests\Feature\ResourcePermissionsTest" classname="Tests.Feature.ResourcePermissionsTest" assertions="0" time="0.000000">
          <error type="Illuminate\Database\QueryException">`Resource Permissions Test` → `Vehicle Resource Permissions` → admin can create vehiclesIlluminate\Database\QueryException: SQLSTATE[HY000]: General error: 1 no such table: car_rental_users (Connection: sqlite, SQL: insert into "car_rental_users" ("name", "email", "email_verified_at", "password", "phone", "role", "status", "license_number", "id_document_path", "license_document_path", "is_verified", "date_of_birth", "address", "remember_token", "updated_at", "created_at") values (Westley Hudson, lafayette.russel@example.com, 2025-09-24 12:53:12, $2y$04$78g4B33dBB9yvLZHXPZyOuzF4w5wzk7FwYQTRiFHrXZoaR9VfYlfW, 1-959-522-2861, admin, active, pxs-5980-8186, documents/ids/5a4da90a-26b2-3df3-b6db-c9b1bff90dc4.pdf, documents/licenses/2024d1ec-c06e-3912-adb0-0c7d6744006c.pdf, 1, 1991-03-27 00:00:00, 8848 Cornell Parkways
New Jedediah, NM 47158, 8NsEqMSFgV, 2025-09-24 12:53:12, 2025-09-24 12:53:12))&#13;
at vendor\laravel\framework\src\Illuminate\Database\Connection.php:564
at vendor\laravel\framework\src\Illuminate\Database\Connection.php:811
at vendor\laravel\framework\src\Illuminate\Database\Connection.php:778
at vendor\laravel\framework\src\Illuminate\Database\Connection.php:559
at vendor\laravel\framework\src\Illuminate\Database\Connection.php:523
at vendor\laravel\framework\src\Illuminate\Database\Query\Processors\Processor.php:32
at vendor\laravel\framework\src\Illuminate\Database\Query\Builder.php:3853
at vendor\laravel\framework\src\Illuminate\Database\Eloquent\Builder.php:2235
at vendor\laravel\framework\src\Illuminate\Database\Eloquent\Model.php:1436
at vendor\laravel\framework\src\Illuminate\Database\Eloquent\Model.php:1401
at vendor\laravel\framework\src\Illuminate\Database\Eloquent\Model.php:1240
at vendor\laravel\framework\src\Illuminate\Database\Eloquent\Factories\Factory.php:370
at vendor\laravel\framework\src\Illuminate\Collections\Traits\EnumeratesValues.php:271
at vendor\laravel\framework\src\Illuminate\Database\Eloquent\Factories\Factory.php:365
at vendor\laravel\framework\src\Illuminate\Database\Eloquent\Factories\Factory.php:321
at vendor\laravel\framework\src\Illuminate\Database\Eloquent\Factories\Factory.php:315
at tests\Feature\ResourcePermissionsTest.php:11
Caused by
PDOException: SQLSTATE[HY000]: General error: 1 no such table: car_rental_users

at vendor\laravel\framework\src\Illuminate\Database\Connection.php:564
at vendor\laravel\framework\src\Illuminate\Database\Connection.php:811
at vendor\laravel\framework\src\Illuminate\Database\Connection.php:778
at vendor\laravel\framework\src\Illuminate\Database\Connection.php:559
at vendor\laravel\framework\src\Illuminate\Database\Connection.php:523
at vendor\laravel\framework\src\Illuminate\Database\Query\Processors\Processor.php:32
at vendor\laravel\framework\src\Illuminate\Database\Query\Builder.php:3853
at vendor\laravel\framework\src\Illuminate\Database\Eloquent\Builder.php:2235
at vendor\laravel\framework\src\Illuminate\Database\Eloquent\Model.php:1436
at vendor\laravel\framework\src\Illuminate\Database\Eloquent\Model.php:1401
at vendor\laravel\framework\src\Illuminate\Database\Eloquent\Model.php:1240
at vendor\laravel\framework\src\Illuminate\Database\Eloquent\Factories\Factory.php:370
at vendor\laravel\framework\src\Illuminate\Collections\Traits\EnumeratesValues.php:271
at vendor\laravel\framework\src\Illuminate\Database\Eloquent\Factories\Factory.php:365
at vendor\laravel\framework\src\Illuminate\Database\Eloquent\Factories\Factory.php:321
at vendor\laravel\framework\src\Illuminate\Database\Eloquent\Factories\Factory.php:315
at tests\Feature\ResourcePermissionsTest.php:11</error>
        </testcase>
      </testsuite>
      <testsuite name="Tests\Feature\Auth\RegistrationTest" file="tests\Feature\Auth\RegistrationTest.php" tests="1" assertions="1" errors="0" failures="1" skipped="0" time="4.829352">
        <testcase name="new users can register" file="tests\Feature\Auth\RegistrationTest.php::new users can register" class="Tests\Feature\Auth\RegistrationTest" classname="Tests.Feature.Auth.RegistrationTest" assertions="1" time="4.829352">
          <failure type="PHPUnit\Framework\ExpectationFailedException">new users can registerThe user is not authenticated
Failed asserting that false is true.&#13;
at vendor\laravel\framework\src\Illuminate\Foundation\Testing\Concerns\InteractsWithAuthentication.php:64
at tests\Feature\Auth\RegistrationTest.php:11</failure>
        </testcase>
      </testsuite>
      <testsuite name="Tests\Feature\Auth\EmailVerificationTest" file="tests\Feature\Auth\EmailVerificationTest.php" tests="2" assertions="0" errors="2" failures="0" skipped="0" time="0.140071">
        <testcase name="email can be verified" file="tests\Feature\Auth\EmailVerificationTest.php::email can be verified" class="Tests\Feature\Auth\EmailVerificationTest" classname="Tests.Feature.Auth.EmailVerificationTest" assertions="0" time="0.069509">
          <error type="Illuminate\Database\QueryException">email can be verifiedIlluminate\Database\QueryException: SQLSTATE[HY000]: General error: 1 no such table: car_rental_users (Connection: sqlite, SQL: insert into "car_rental_users" ("name", "email", "email_verified_at", "password", "phone", "role", "status", "license_number", "id_document_path", "license_document_path", "is_verified", "date_of_birth", "address", "remember_token", "updated_at", "created_at") values (Miss Nyasia Von, marty99@example.net, ?, $2y$04$78g4B33dBB9yvLZHXPZyOuzF4w5wzk7FwYQTRiFHrXZoaR9VfYlfW, 352-573-9919, renter, pending, esn-1008-8267, documents/ids/faa65733-862e-37b3-8b52-d54f3146afe5.pdf, documents/licenses/ccd65f38-2a65-3982-a1cb-68ff88601b81.pdf, 1, 1993-02-08 00:00:00, 66951 Franz Crossing
Milanmouth, MO 98174-1286, LzTHPjFdbS, 2025-09-24 12:53:17, 2025-09-24 12:53:17))&#13;
at vendor\laravel\framework\src\Illuminate\Database\Connection.php:564
at vendor\laravel\framework\src\Illuminate\Database\Connection.php:811
at vendor\laravel\framework\src\Illuminate\Database\Connection.php:778
at vendor\laravel\framework\src\Illuminate\Database\Connection.php:559
at vendor\laravel\framework\src\Illuminate\Database\Connection.php:523
at vendor\laravel\framework\src\Illuminate\Database\Query\Processors\Processor.php:32
at vendor\laravel\framework\src\Illuminate\Database\Query\Builder.php:3853
at vendor\laravel\framework\src\Illuminate\Database\Eloquent\Builder.php:2235
at vendor\laravel\framework\src\Illuminate\Database\Eloquent\Model.php:1436
at vendor\laravel\framework\src\Illuminate\Database\Eloquent\Model.php:1401
at vendor\laravel\framework\src\Illuminate\Database\Eloquent\Model.php:1240
at vendor\laravel\framework\src\Illuminate\Database\Eloquent\Factories\Factory.php:370
at vendor\laravel\framework\src\Illuminate\Collections\Traits\EnumeratesValues.php:271
at vendor\laravel\framework\src\Illuminate\Database\Eloquent\Factories\Factory.php:365
at vendor\laravel\framework\src\Illuminate\Database\Eloquent\Factories\Factory.php:321
at tests\Feature\Auth\EmailVerificationTest.php:9
Caused by
PDOException: SQLSTATE[HY000]: General error: 1 no such table: car_rental_users

at vendor\laravel\framework\src\Illuminate\Database\Connection.php:564
at vendor\laravel\framework\src\Illuminate\Database\Connection.php:811
at vendor\laravel\framework\src\Illuminate\Database\Connection.php:778
at vendor\laravel\framework\src\Illuminate\Database\Connection.php:559
at vendor\laravel\framework\src\Illuminate\Database\Connection.php:523
at vendor\laravel\framework\src\Illuminate\Database\Query\Processors\Processor.php:32
at vendor\laravel\framework\src\Illuminate\Database\Query\Builder.php:3853
at vendor\laravel\framework\src\Illuminate\Database\Eloquent\Builder.php:2235
at vendor\laravel\framework\src\Illuminate\Database\Eloquent\Model.php:1436
at vendor\laravel\framework\src\Illuminate\Database\Eloquent\Model.php:1401
at vendor\laravel\framework\src\Illuminate\Database\Eloquent\Model.php:1240
at vendor\laravel\framework\src\Illuminate\Database\Eloquent\Factories\Factory.php:370
at vendor\laravel\framework\src\Illuminate\Collections\Traits\EnumeratesValues.php:271
at vendor\laravel\framework\src\Illuminate\Database\Eloquent\Factories\Factory.php:365
at vendor\laravel\framework\src\Illuminate\Database\Eloquent\Factories\Factory.php:321
at tests\Feature\Auth\EmailVerificationTest.php:9</error>
        </testcase>
        <testcase name="email is not verified with invalid hash" file="tests\Feature\Auth\EmailVerificationTest.php::email is not verified with invalid hash" class="Tests\Feature\Auth\EmailVerificationTest" classname="Tests.Feature.Auth.EmailVerificationTest" assertions="0" time="0.070562">
          <error type="Illuminate\Database\QueryException">email is not verified with invalid hashIlluminate\Database\QueryException: SQLSTATE[HY000]: General error: 1 no such table: car_rental_users (Connection: sqlite, SQL: insert into "car_rental_users" ("name", "email", "email_verified_at", "password", "phone", "role", "status", "license_number", "id_document_path", "license_document_path", "is_verified", "date_of_birth", "address", "remember_token", "updated_at", "created_at") values (Adrienne Harvey, jermain99@example.com, ?, $2y$04$78g4B33dBB9yvLZHXPZyOuzF4w5wzk7FwYQTRiFHrXZoaR9VfYlfW, 1-402-499-9805, renter, approved, ewu-6396-2016, documents/ids/35b8086c-4097-362b-b355-e1027bb7c6c8.pdf, documents/licenses/3f3ebecf-6a93-34ad-a7af-e674d6b71e7e.pdf, 0, 1962-04-04 00:00:00, 6971 Bartoletti Port Apt. 619
New Flaviofurt, WA 34110-4219, BNyJLrnRUF, 2025-09-24 12:53:17, 2025-09-24 12:53:17))&#13;
at vendor\laravel\framework\src\Illuminate\Database\Connection.php:564
at vendor\laravel\framework\src\Illuminate\Database\Connection.php:811
at vendor\laravel\framework\src\Illuminate\Database\Connection.php:778
at vendor\laravel\framework\src\Illuminate\Database\Connection.php:559
at vendor\laravel\framework\src\Illuminate\Database\Connection.php:523
at vendor\laravel\framework\src\Illuminate\Database\Query\Processors\Processor.php:32
at vendor\laravel\framework\src\Illuminate\Database\Query\Builder.php:3853
at vendor\laravel\framework\src\Illuminate\Database\Eloquent\Builder.php:2235
at vendor\laravel\framework\src\Illuminate\Database\Eloquent\Model.php:1436
at vendor\laravel\framework\src\Illuminate\Database\Eloquent\Model.php:1401
at vendor\laravel\framework\src\Illuminate\Database\Eloquent\Model.php:1240
at vendor\laravel\framework\src\Illuminate\Database\Eloquent\Factories\Factory.php:370
at vendor\laravel\framework\src\Illuminate\Collections\Traits\EnumeratesValues.php:271
at vendor\laravel\framework\src\Illuminate\Database\Eloquent\Factories\Factory.php:365
at vendor\laravel\framework\src\Illuminate\Database\Eloquent\Factories\Factory.php:321
at tests\Feature\Auth\EmailVerificationTest.php:27
Caused by
PDOException: SQLSTATE[HY000]: General error: 1 no such table: car_rental_users

at vendor\laravel\framework\src\Illuminate\Database\Connection.php:564
at vendor\laravel\framework\src\Illuminate\Database\Connection.php:811
at vendor\laravel\framework\src\Illuminate\Database\Connection.php:778
at vendor\laravel\framework\src\Illuminate\Database\Connection.php:559
at vendor\laravel\framework\src\Illuminate\Database\Connection.php:523
at vendor\laravel\framework\src\Illuminate\Database\Query\Processors\Processor.php:32
at vendor\laravel\framework\src\Illuminate\Database\Query\Builder.php:3853
at vendor\laravel\framework\src\Illuminate\Database\Eloquent\Builder.php:2235
at vendor\laravel\framework\src\Illuminate\Database\Eloquent\Model.php:1436
at vendor\laravel\framework\src\Illuminate\Database\Eloquent\Model.php:1401
at vendor\laravel\framework\src\Illuminate\Database\Eloquent\Model.php:1240
at vendor\laravel\framework\src\Illuminate\Database\Eloquent\Factories\Factory.php:370
at vendor\laravel\framework\src\Illuminate\Collections\Traits\EnumeratesValues.php:271
at vendor\laravel\framework\src\Illuminate\Database\Eloquent\Factories\Factory.php:365
at vendor\laravel\framework\src\Illuminate\Database\Eloquent\Factories\Factory.php:321
at tests\Feature\Auth\EmailVerificationTest.php:27</error>
        </testcase>
      </testsuite>
      <testsuite name="Tests\Feature\Auth\PasswordResetTest" file="tests\Feature\Auth\PasswordResetTest.php" tests="2" assertions="0" errors="2" failures="0" skipped="0" time="0.136812">
        <testcase name="password can be reset with valid token" file="tests\Feature\Auth\PasswordResetTest.php::password can be reset with valid token" class="Tests\Feature\Auth\PasswordResetTest" classname="Tests.Feature.Auth.PasswordResetTest" assertions="0" time="0.077564">
          <error type="Illuminate\Database\QueryException">password can be reset with valid tokenIlluminate\Database\QueryException: SQLSTATE[HY000]: General error: 1 no such table: car_rental_users (Connection: sqlite, SQL: insert into "car_rental_users" ("name", "email", "email_verified_at", "password", "phone", "role", "status", "license_number", "id_document_path", "license_document_path", "is_verified", "date_of_birth", "address", "remember_token", "updated_at", "created_at") values (Antonette Moen, bkulas@example.com, 2025-09-24 12:53:17, $2y$04$78g4B33dBB9yvLZHXPZyOuzF4w5wzk7FwYQTRiFHrXZoaR9VfYlfW, +16783338328, owner, approved, wnl-7969-4471, documents/ids/58a2c59d-c63e-3cd0-bbdb-c88c564ec869.pdf, documents/licenses/399f9534-5401-356b-a15f-46af1c1ac6bc.pdf, 1, 1998-07-18 00:00:00, 91270 Kasandra Bridge Suite 426
North Cesarburgh, RI 24892, a6h1G24HkH, 2025-09-24 12:53:17, 2025-09-24 12:53:17))&#13;
at vendor\laravel\framework\src\Illuminate\Database\Connection.php:564
at vendor\laravel\framework\src\Illuminate\Database\Connection.php:811
at vendor\laravel\framework\src\Illuminate\Database\Connection.php:778
at vendor\laravel\framework\src\Illuminate\Database\Connection.php:559
at vendor\laravel\framework\src\Illuminate\Database\Connection.php:523
at vendor\laravel\framework\src\Illuminate\Database\Query\Processors\Processor.php:32
at vendor\laravel\framework\src\Illuminate\Database\Query\Builder.php:3853
at vendor\laravel\framework\src\Illuminate\Database\Eloquent\Builder.php:2235
at vendor\laravel\framework\src\Illuminate\Database\Eloquent\Model.php:1436
at vendor\laravel\framework\src\Illuminate\Database\Eloquent\Model.php:1401
at vendor\laravel\framework\src\Illuminate\Database\Eloquent\Model.php:1240
at vendor\laravel\framework\src\Illuminate\Database\Eloquent\Factories\Factory.php:370
at vendor\laravel\framework\src\Illuminate\Collections\Traits\EnumeratesValues.php:271
at vendor\laravel\framework\src\Illuminate\Database\Eloquent\Factories\Factory.php:365
at vendor\laravel\framework\src\Illuminate\Database\Eloquent\Factories\Factory.php:321
at tests\Feature\Auth\PasswordResetTest.php:20
Caused by
PDOException: SQLSTATE[HY000]: General error: 1 no such table: car_rental_users

at vendor\laravel\framework\src\Illuminate\Database\Connection.php:564
at vendor\laravel\framework\src\Illuminate\Database\Connection.php:811
at vendor\laravel\framework\src\Illuminate\Database\Connection.php:778
at vendor\laravel\framework\src\Illuminate\Database\Connection.php:559
at vendor\laravel\framework\src\Illuminate\Database\Connection.php:523
at vendor\laravel\framework\src\Illuminate\Database\Query\Processors\Processor.php:32
at vendor\laravel\framework\src\Illuminate\Database\Query\Builder.php:3853
at vendor\laravel\framework\src\Illuminate\Database\Eloquent\Builder.php:2235
at vendor\laravel\framework\src\Illuminate\Database\Eloquent\Model.php:1436
at vendor\laravel\framework\src\Illuminate\Database\Eloquent\Model.php:1401
at vendor\laravel\framework\src\Illuminate\Database\Eloquent\Model.php:1240
at vendor\laravel\framework\src\Illuminate\Database\Eloquent\Factories\Factory.php:370
at vendor\laravel\framework\src\Illuminate\Collections\Traits\EnumeratesValues.php:271
at vendor\laravel\framework\src\Illuminate\Database\Eloquent\Factories\Factory.php:365
at vendor\laravel\framework\src\Illuminate\Database\Eloquent\Factories\Factory.php:321
at tests\Feature\Auth\PasswordResetTest.php:20</error>
        </testcase>
        <testcase name="reset password link can be requested" file="tests\Feature\Auth\PasswordResetTest.php::reset password link can be requested" class="Tests\Feature\Auth\PasswordResetTest" classname="Tests.Feature.Auth.PasswordResetTest" assertions="0" time="0.059249">
          <error type="Illuminate\Database\QueryException">reset password link can be requestedIlluminate\Database\QueryException: SQLSTATE[HY000]: General error: 1 no such table: car_rental_users (Connection: sqlite, SQL: insert into "car_rental_users" ("name", "email", "email_verified_at", "password", "phone", "role", "status", "license_number", "id_document_path", "license_document_path", "is_verified", "date_of_birth", "address", "remember_token", "updated_at", "created_at") values (Lynn Cremin, xtorphy@example.com, 2025-09-24 12:53:17, $2y$04$78g4B33dBB9yvLZHXPZyOuzF4w5wzk7FwYQTRiFHrXZoaR9VfYlfW, (720) 318-9287, renter, pending, spp-3385-3005, documents/ids/596e70e8-f384-3db2-a2cd-5161d172c5f5.pdf, documents/licenses/0262e280-151c-3915-bee4-9766d0a406c2.pdf, 0, 2006-03-15 00:00:00, 7854 Senger Summit Apt. 196
North Kayden, OK 31913-7420, 01aPd61r50, 2025-09-24 12:53:17, 2025-09-24 12:53:17))&#13;
at vendor\laravel\framework\src\Illuminate\Database\Connection.php:564
at vendor\laravel\framework\src\Illuminate\Database\Connection.php:811
at vendor\laravel\framework\src\Illuminate\Database\Connection.php:778
at vendor\laravel\framework\src\Illuminate\Database\Connection.php:559
at vendor\laravel\framework\src\Illuminate\Database\Connection.php:523
at vendor\laravel\framework\src\Illuminate\Database\Query\Processors\Processor.php:32
at vendor\laravel\framework\src\Illuminate\Database\Query\Builder.php:3853
at vendor\laravel\framework\src\Illuminate\Database\Eloquent\Builder.php:2235
at vendor\laravel\framework\src\Illuminate\Database\Eloquent\Model.php:1436
at vendor\laravel\framework\src\Illuminate\Database\Eloquent\Model.php:1401
at vendor\laravel\framework\src\Illuminate\Database\Eloquent\Model.php:1240
at vendor\laravel\framework\src\Illuminate\Database\Eloquent\Factories\Factory.php:370
at vendor\laravel\framework\src\Illuminate\Collections\Traits\EnumeratesValues.php:271
at vendor\laravel\framework\src\Illuminate\Database\Eloquent\Factories\Factory.php:365
at vendor\laravel\framework\src\Illuminate\Database\Eloquent\Factories\Factory.php:321
at tests\Feature\Auth\PasswordResetTest.php:10
Caused by
PDOException: SQLSTATE[HY000]: General error: 1 no such table: car_rental_users

at vendor\laravel\framework\src\Illuminate\Database\Connection.php:564
at vendor\laravel\framework\src\Illuminate\Database\Connection.php:811
at vendor\laravel\framework\src\Illuminate\Database\Connection.php:778
at vendor\laravel\framework\src\Illuminate\Database\Connection.php:559
at vendor\laravel\framework\src\Illuminate\Database\Connection.php:523
at vendor\laravel\framework\src\Illuminate\Database\Query\Processors\Processor.php:32
at vendor\laravel\framework\src\Illuminate\Database\Query\Builder.php:3853
at vendor\laravel\framework\src\Illuminate\Database\Eloquent\Builder.php:2235
at vendor\laravel\framework\src\Illuminate\Database\Eloquent\Model.php:1436
at vendor\laravel\framework\src\Illuminate\Database\Eloquent\Model.php:1401
at vendor\laravel\framework\src\Illuminate\Database\Eloquent\Model.php:1240
at vendor\laravel\framework\src\Illuminate\Database\Eloquent\Factories\Factory.php:370
at vendor\laravel\framework\src\Illuminate\Collections\Traits\EnumeratesValues.php:271
at vendor\laravel\framework\src\Illuminate\Database\Eloquent\Factories\Factory.php:365
at vendor\laravel\framework\src\Illuminate\Database\Eloquent\Factories\Factory.php:321
at tests\Feature\Auth\PasswordResetTest.php:10</error>
        </testcase>
      </testsuite>
      <testsuite name="Tests\Feature\AuthorizationPolicyTest" file="tests\Feature\AuthorizationPolicyTest.php" tests="9" assertions="0" errors="9" failures="0" skipped="0" time="0.000000">
        <testcase name="`Vehicle Authorization Policy` → it allows everyone to view published vehicles" file="tests\Feature\AuthorizationPolicyTest.php::`Vehicle Authorization Policy` → it allows everyone to view published vehicles" class="Tests\Feature\AuthorizationPolicyTest" classname="Tests.Feature.AuthorizationPolicyTest" assertions="0" time="0.000000">
          <error type="Illuminate\Database\QueryException">`Vehicle Authorization Policy` → it allows everyone to view published vehiclesIlluminate\Database\QueryException: SQLSTATE[HY000]: General error: 1 no such table: car_rental_users (Connection: sqlite, SQL: insert into "car_rental_users" ("name", "email", "email_verified_at", "password", "phone", "role", "status", "license_number", "id_document_path", "license_document_path", "is_verified", "date_of_birth", "address", "remember_token", "updated_at", "created_at") values (River West, trantow.brooklyn@example.net, 2025-09-24 12:53:17, $2y$04$78g4B33dBB9yvLZHXPZyOuzF4w5wzk7FwYQTRiFHrXZoaR9VfYlfW, +15715437731, admin, approved, jfd-5328-5599, documents/ids/a8652b0f-cfc1-3252-ab6c-ce409e912763.pdf, documents/licenses/7da41cc0-80d9-3d59-a308-72cb84982a6e.pdf, 1, 1978-09-03 00:00:00, 626 Shanahan Loop Suite 276
Port Andreane, ID 20238, RtFNLhn14a, 2025-09-24 12:53:17, 2025-09-24 12:53:17))&#13;
at vendor\laravel\framework\src\Illuminate\Database\Connection.php:564
at vendor\laravel\framework\src\Illuminate\Database\Connection.php:811
at vendor\laravel\framework\src\Illuminate\Database\Connection.php:778
at vendor\laravel\framework\src\Illuminate\Database\Connection.php:559
at vendor\laravel\framework\src\Illuminate\Database\Connection.php:523
at vendor\laravel\framework\src\Illuminate\Database\Query\Processors\Processor.php:32
at vendor\laravel\framework\src\Illuminate\Database\Query\Builder.php:3853
at vendor\laravel\framework\src\Illuminate\Database\Eloquent\Builder.php:2235
at vendor\laravel\framework\src\Illuminate\Database\Eloquent\Model.php:1436
at vendor\laravel\framework\src\Illuminate\Database\Eloquent\Model.php:1401
at vendor\laravel\framework\src\Illuminate\Database\Eloquent\Model.php:1240
at vendor\laravel\framework\src\Illuminate\Database\Eloquent\Factories\Factory.php:370
at vendor\laravel\framework\src\Illuminate\Collections\Traits\EnumeratesValues.php:271
at vendor\laravel\framework\src\Illuminate\Database\Eloquent\Factories\Factory.php:365
at vendor\laravel\framework\src\Illuminate\Database\Eloquent\Factories\Factory.php:321
at vendor\laravel\framework\src\Illuminate\Database\Eloquent\Factories\Factory.php:315
at tests\Feature\AuthorizationPolicyTest.php:44
Caused by
PDOException: SQLSTATE[HY000]: General error: 1 no such table: car_rental_users

at vendor\laravel\framework\src\Illuminate\Database\Connection.php:564
at vendor\laravel\framework\src\Illuminate\Database\Connection.php:811
at vendor\laravel\framework\src\Illuminate\Database\Connection.php:778
at vendor\laravel\framework\src\Illuminate\Database\Connection.php:559
at vendor\laravel\framework\src\Illuminate\Database\Connection.php:523
at vendor\laravel\framework\src\Illuminate\Database\Query\Processors\Processor.php:32
at vendor\laravel\framework\src\Illuminate\Database\Query\Builder.php:3853
at vendor\laravel\framework\src\Illuminate\Database\Eloquent\Builder.php:2235
at vendor\laravel\framework\src\Illuminate\Database\Eloquent\Model.php:1436
at vendor\laravel\framework\src\Illuminate\Database\Eloquent\Model.php:1401
at vendor\laravel\framework\src\Illuminate\Database\Eloquent\Model.php:1240
at vendor\laravel\framework\src\Illuminate\Database\Eloquent\Factories\Factory.php:370
at vendor\laravel\framework\src\Illuminate\Collections\Traits\EnumeratesValues.php:271
at vendor\laravel\framework\src\Illuminate\Database\Eloquent\Factories\Factory.php:365
at vendor\laravel\framework\src\Illuminate\Database\Eloquent\Factories\Factory.php:321
at vendor\laravel\framework\src\Illuminate\Database\Eloquent\Factories\Factory.php:315
at tests\Feature\AuthorizationPolicyTest.php:44</error>
        </testcase>
        <testcase name="`User Authorization Policy` → it allows admins to delete users except themselves" file="tests\Feature\AuthorizationPolicyTest.php::`User Authorization Policy` → it allows admins to delete users except themselves" class="Tests\Feature\AuthorizationPolicyTest" classname="Tests.Feature.AuthorizationPolicyTest" assertions="0" time="0.000000">
          <error type="Illuminate\Database\QueryException">`User Authorization Policy` → it allows admins to delete users except themselvesIlluminate\Database\QueryException: SQLSTATE[HY000]: General error: 1 no such table: car_rental_users (Connection: sqlite, SQL: insert into "car_rental_users" ("name", "email", "email_verified_at", "password", "phone", "role", "status", "license_number", "id_document_path", "license_document_path", "is_verified", "date_of_birth", "address", "remember_token", "updated_at", "created_at") values (Dr. Cale Halvorson III, vmitchell@example.net, 2025-09-24 12:53:18, $2y$04$78g4B33dBB9yvLZHXPZyOuzF4w5wzk7FwYQTRiFHrXZoaR9VfYlfW, +17857345737, admin, active, kct-2384-1641, documents/ids/0cbfd1db-2067-32a5-b1d9-8ed6450c4982.pdf, documents/licenses/f1746144-1345-3cbf-ae64-83c8f1902f45.pdf, 0, 1986-12-17 00:00:00, 506 Lloyd Vista Apt. 282
Schaeferhaven, KS 20207, Qr5s1IrALe, 2025-09-24 12:53:18, 2025-09-24 12:53:18))&#13;
at vendor\laravel\framework\src\Illuminate\Database\Connection.php:564
at vendor\laravel\framework\src\Illuminate\Database\Connection.php:811
at vendor\laravel\framework\src\Illuminate\Database\Connection.php:778
at vendor\laravel\framework\src\Illuminate\Database\Connection.php:559
at vendor\laravel\framework\src\Illuminate\Database\Connection.php:523
at vendor\laravel\framework\src\Illuminate\Database\Query\Processors\Processor.php:32
at vendor\laravel\framework\src\Illuminate\Database\Query\Builder.php:3853
at vendor\laravel\framework\src\Illuminate\Database\Eloquent\Builder.php:2235
at vendor\laravel\framework\src\Illuminate\Database\Eloquent\Model.php:1436
at vendor\laravel\framework\src\Illuminate\Database\Eloquent\Model.php:1401
at vendor\laravel\framework\src\Illuminate\Database\Eloquent\Model.php:1240
at vendor\laravel\framework\src\Illuminate\Database\Eloquent\Factories\Factory.php:370
at vendor\laravel\framework\src\Illuminate\Collections\Traits\EnumeratesValues.php:271
at vendor\laravel\framework\src\Illuminate\Database\Eloquent\Factories\Factory.php:365
at vendor\laravel\framework\src\Illuminate\Database\Eloquent\Factories\Factory.php:321
at vendor\laravel\framework\src\Illuminate\Database\Eloquent\Factories\Factory.php:315
at tests\Feature\AuthorizationPolicyTest.php:11
Caused by
PDOException: SQLSTATE[HY000]: General error: 1 no such table: car_rental_users

at vendor\laravel\framework\src\Illuminate\Database\Connection.php:564
at vendor\laravel\framework\src\Illuminate\Database\Connection.php:811
at vendor\laravel\framework\src\Illuminate\Database\Connection.php:778
at vendor\laravel\framework\src\Illuminate\Database\Connection.php:559
at vendor\laravel\framework\src\Illuminate\Database\Connection.php:523
at vendor\laravel\framework\src\Illuminate\Database\Query\Processors\Processor.php:32
at vendor\laravel\framework\src\Illuminate\Database\Query\Builder.php:3853
at vendor\laravel\framework\src\Illuminate\Database\Eloquent\Builder.php:2235
at vendor\laravel\framework\src\Illuminate\Database\Eloquent\Model.php:1436
at vendor\laravel\framework\src\Illuminate\Database\Eloquent\Model.php:1401
at vendor\laravel\framework\src\Illuminate\Database\Eloquent\Model.php:1240
at vendor\laravel\framework\src\Illuminate\Database\Eloquent\Factories\Factory.php:370
at vendor\laravel\framework\src\Illuminate\Collections\Traits\EnumeratesValues.php:271
at vendor\laravel\framework\src\Illuminate\Database\Eloquent\Factories\Factory.php:365
at vendor\laravel\framework\src\Illuminate\Database\Eloquent\Factories\Factory.php:321
at vendor\laravel\framework\src\Illuminate\Database\Eloquent\Factories\Factory.php:315
at tests\Feature\AuthorizationPolicyTest.php:11</error>
        </testcase>
        <testcase name="`Vehicle Authorization Policy` → it allows admins and owners to create vehicles" file="tests\Feature\AuthorizationPolicyTest.php::`Vehicle Authorization Policy` → it allows admins and owners to create vehicles" class="Tests\Feature\AuthorizationPolicyTest" classname="Tests.Feature.AuthorizationPolicyTest" assertions="0" time="0.000000">
          <error type="Illuminate\Database\QueryException">`Vehicle Authorization Policy` → it allows admins and owners to create vehiclesIlluminate\Database\QueryException: SQLSTATE[HY000]: General error: 1 no such table: car_rental_users (Connection: sqlite, SQL: insert into "car_rental_users" ("name", "email", "email_verified_at", "password", "phone", "role", "status", "license_number", "id_document_path", "license_document_path", "is_verified", "date_of_birth", "address", "remember_token", "updated_at", "created_at") values (Mr. Jaden Turner II, mossie67@example.org, 2025-09-24 12:53:18, $2y$04$78g4B33dBB9yvLZHXPZyOuzF4w5wzk7FwYQTRiFHrXZoaR9VfYlfW, 281.503.2636, admin, pending, tqx-3585-1764, documents/ids/e6bbef81-b849-37d8-bc2f-41bd5eb6d55b.pdf, documents/licenses/ba8d33e7-b2e9-30bd-8f6d-e10b7278aa09.pdf, 1, 2001-07-05 00:00:00, 770 Fritsch Keys Apt. 644
Pouroschester, WY 21903-9836, AFkaHme4qp, 2025-09-24 12:53:18, 2025-09-24 12:53:18))&#13;
at vendor\laravel\framework\src\Illuminate\Database\Connection.php:564
at vendor\laravel\framework\src\Illuminate\Database\Connection.php:811
at vendor\laravel\framework\src\Illuminate\Database\Connection.php:778
at vendor\laravel\framework\src\Illuminate\Database\Connection.php:559
at vendor\laravel\framework\src\Illuminate\Database\Connection.php:523
at vendor\laravel\framework\src\Illuminate\Database\Query\Processors\Processor.php:32
at vendor\laravel\framework\src\Illuminate\Database\Query\Builder.php:3853
at vendor\laravel\framework\src\Illuminate\Database\Eloquent\Builder.php:2235
at vendor\laravel\framework\src\Illuminate\Database\Eloquent\Model.php:1436
at vendor\laravel\framework\src\Illuminate\Database\Eloquent\Model.php:1401
at vendor\laravel\framework\src\Illuminate\Database\Eloquent\Model.php:1240
at vendor\laravel\framework\src\Illuminate\Database\Eloquent\Factories\Factory.php:370
at vendor\laravel\framework\src\Illuminate\Collections\Traits\EnumeratesValues.php:271
at vendor\laravel\framework\src\Illuminate\Database\Eloquent\Factories\Factory.php:365
at vendor\laravel\framework\src\Illuminate\Database\Eloquent\Factories\Factory.php:321
at vendor\laravel\framework\src\Illuminate\Database\Eloquent\Factories\Factory.php:315
at tests\Feature\AuthorizationPolicyTest.php:44
Caused by
PDOException: SQLSTATE[HY000]: General error: 1 no such table: car_rental_users

at vendor\laravel\framework\src\Illuminate\Database\Connection.php:564
at vendor\laravel\framework\src\Illuminate\Database\Connection.php:811
at vendor\laravel\framework\src\Illuminate\Database\Connection.php:778
at vendor\laravel\framework\src\Illuminate\Database\Connection.php:559
at vendor\laravel\framework\src\Illuminate\Database\Connection.php:523
at vendor\laravel\framework\src\Illuminate\Database\Query\Processors\Processor.php:32
at vendor\laravel\framework\src\Illuminate\Database\Query\Builder.php:3853
at vendor\laravel\framework\src\Illuminate\Database\Eloquent\Builder.php:2235
at vendor\laravel\framework\src\Illuminate\Database\Eloquent\Model.php:1436
at vendor\laravel\framework\src\Illuminate\Database\Eloquent\Model.php:1401
at vendor\laravel\framework\src\Illuminate\Database\Eloquent\Model.php:1240
at vendor\laravel\framework\src\Illuminate\Database\Eloquent\Factories\Factory.php:370
at vendor\laravel\framework\src\Illuminate\Collections\Traits\EnumeratesValues.php:271
at vendor\laravel\framework\src\Illuminate\Database\Eloquent\Factories\Factory.php:365
at vendor\laravel\framework\src\Illuminate\Database\Eloquent\Factories\Factory.php:321
at vendor\laravel\framework\src\Illuminate\Database\Eloquent\Factories\Factory.php:315
at tests\Feature\AuthorizationPolicyTest.php:44</error>
        </testcase>
        <testcase name="`User Authorization Policy` → it allows users to view their own profile" file="tests\Feature\AuthorizationPolicyTest.php::`User Authorization Policy` → it allows users to view their own profile" class="Tests\Feature\AuthorizationPolicyTest" classname="Tests.Feature.AuthorizationPolicyTest" assertions="0" time="0.000000">
          <error type="Illuminate\Database\QueryException">`User Authorization Policy` → it allows users to view their own profileIlluminate\Database\QueryException: SQLSTATE[HY000]: General error: 1 no such table: car_rental_users (Connection: sqlite, SQL: insert into "car_rental_users" ("name", "email", "email_verified_at", "password", "phone", "role", "status", "license_number", "id_document_path", "license_document_path", "is_verified", "date_of_birth", "address", "remember_token", "updated_at", "created_at") values (Dr. Onie Marquardt PhD, demarco.balistreri@example.net, 2025-09-24 12:53:18, $2y$04$78g4B33dBB9yvLZHXPZyOuzF4w5wzk7FwYQTRiFHrXZoaR9VfYlfW, 430-903-6790, admin, approved, efn-2349-5657, documents/ids/b608f54e-ca17-3d8e-9a4e-1fe93c4fcbe6.pdf, documents/licenses/edc842e4-f70f-3cfc-bf38-452489d68b47.pdf, 0, 1994-10-04 00:00:00, 7050 Olson Fields Apt. 570
South Bernardo, OR 67682-3387, AlP9er1nX4, 2025-09-24 12:53:18, 2025-09-24 12:53:18))&#13;
at vendor\laravel\framework\src\Illuminate\Database\Connection.php:564
at vendor\laravel\framework\src\Illuminate\Database\Connection.php:811
at vendor\laravel\framework\src\Illuminate\Database\Connection.php:778
at vendor\laravel\framework\src\Illuminate\Database\Connection.php:559
at vendor\laravel\framework\src\Illuminate\Database\Connection.php:523
at vendor\laravel\framework\src\Illuminate\Database\Query\Processors\Processor.php:32
at vendor\laravel\framework\src\Illuminate\Database\Query\Builder.php:3853
at vendor\laravel\framework\src\Illuminate\Database\Eloquent\Builder.php:2235
at vendor\laravel\framework\src\Illuminate\Database\Eloquent\Model.php:1436
at vendor\laravel\framework\src\Illuminate\Database\Eloquent\Model.php:1401
at vendor\laravel\framework\src\Illuminate\Database\Eloquent\Model.php:1240
at vendor\laravel\framework\src\Illuminate\Database\Eloquent\Factories\Factory.php:370
at vendor\laravel\framework\src\Illuminate\Collections\Traits\EnumeratesValues.php:271
at vendor\laravel\framework\src\Illuminate\Database\Eloquent\Factories\Factory.php:365
at vendor\laravel\framework\src\Illuminate\Database\Eloquent\Factories\Factory.php:321
at vendor\laravel\framework\src\Illuminate\Database\Eloquent\Factories\Factory.php:315
at tests\Feature\AuthorizationPolicyTest.php:11
Caused by
PDOException: SQLSTATE[HY000]: General error: 1 no such table: car_rental_users

at vendor\laravel\framework\src\Illuminate\Database\Connection.php:564
at vendor\laravel\framework\src\Illuminate\Database\Connection.php:811
at vendor\laravel\framework\src\Illuminate\Database\Connection.php:778
at vendor\laravel\framework\src\Illuminate\Database\Connection.php:559
at vendor\laravel\framework\src\Illuminate\Database\Connection.php:523
at vendor\laravel\framework\src\Illuminate\Database\Query\Processors\Processor.php:32
at vendor\laravel\framework\src\Illuminate\Database\Query\Builder.php:3853
at vendor\laravel\framework\src\Illuminate\Database\Eloquent\Builder.php:2235
at vendor\laravel\framework\src\Illuminate\Database\Eloquent\Model.php:1436
at vendor\laravel\framework\src\Illuminate\Database\Eloquent\Model.php:1401
at vendor\laravel\framework\src\Illuminate\Database\Eloquent\Model.php:1240
at vendor\laravel\framework\src\Illuminate\Database\Eloquent\Factories\Factory.php:370
at vendor\laravel\framework\src\Illuminate\Collections\Traits\EnumeratesValues.php:271
at vendor\laravel\framework\src\Illuminate\Database\Eloquent\Factories\Factory.php:365
at vendor\laravel\framework\src\Illuminate\Database\Eloquent\Factories\Factory.php:321
at vendor\laravel\framework\src\Illuminate\Database\Eloquent\Factories\Factory.php:315
at tests\Feature\AuthorizationPolicyTest.php:11</error>
        </testcase>
        <testcase name="`Vehicle Authorization Policy` → it allows admins and vehicle owners to delete vehicles" file="tests\Feature\AuthorizationPolicyTest.php::`Vehicle Authorization Policy` → it allows admins and vehicle owners to delete vehicles" class="Tests\Feature\AuthorizationPolicyTest" classname="Tests.Feature.AuthorizationPolicyTest" assertions="0" time="0.000000">
          <error type="Illuminate\Database\QueryException">`Vehicle Authorization Policy` → it allows admins and vehicle owners to delete vehiclesIlluminate\Database\QueryException: SQLSTATE[HY000]: General error: 1 no such table: car_rental_users (Connection: sqlite, SQL: insert into "car_rental_users" ("name", "email", "email_verified_at", "password", "phone", "role", "status", "license_number", "id_document_path", "license_document_path", "is_verified", "date_of_birth", "address", "remember_token", "updated_at", "created_at") values (Selena Roberts, bechtelar.aletha@example.net, 2025-09-24 12:53:18, $2y$04$78g4B33dBB9yvLZHXPZyOuzF4w5wzk7FwYQTRiFHrXZoaR9VfYlfW, (667) 645-7951, admin, approved, gko-1166-6324, documents/ids/d2f68d68-9626-37c8-8b79-9f07324e510f.pdf, documents/licenses/e179c9b1-2aad-3498-9cab-dd2be05070ad.pdf, 1, 2002-11-08 00:00:00, 6114 Farrell Causeway Suite 654
West Mortimer, UT 07896-6976, aPhP02D1NG, 2025-09-24 12:53:18, 2025-09-24 12:53:18))&#13;
at vendor\laravel\framework\src\Illuminate\Database\Connection.php:564
at vendor\laravel\framework\src\Illuminate\Database\Connection.php:811
at vendor\laravel\framework\src\Illuminate\Database\Connection.php:778
at vendor\laravel\framework\src\Illuminate\Database\Connection.php:559
at vendor\laravel\framework\src\Illuminate\Database\Connection.php:523
at vendor\laravel\framework\src\Illuminate\Database\Query\Processors\Processor.php:32
at vendor\laravel\framework\src\Illuminate\Database\Query\Builder.php:3853
at vendor\laravel\framework\src\Illuminate\Database\Eloquent\Builder.php:2235
at vendor\laravel\framework\src\Illuminate\Database\Eloquent\Model.php:1436
at vendor\laravel\framework\src\Illuminate\Database\Eloquent\Model.php:1401
at vendor\laravel\framework\src\Illuminate\Database\Eloquent\Model.php:1240
at vendor\laravel\framework\src\Illuminate\Database\Eloquent\Factories\Factory.php:370
at vendor\laravel\framework\src\Illuminate\Collections\Traits\EnumeratesValues.php:271
at vendor\laravel\framework\src\Illuminate\Database\Eloquent\Factories\Factory.php:365
at vendor\laravel\framework\src\Illuminate\Database\Eloquent\Factories\Factory.php:321
at vendor\laravel\framework\src\Illuminate\Database\Eloquent\Factories\Factory.php:315
at tests\Feature\AuthorizationPolicyTest.php:44
Caused by
PDOException: SQLSTATE[HY000]: General error: 1 no such table: car_rental_users

at vendor\laravel\framework\src\Illuminate\Database\Connection.php:564
at vendor\laravel\framework\src\Illuminate\Database\Connection.php:811
at vendor\laravel\framework\src\Illuminate\Database\Connection.php:778
at vendor\laravel\framework\src\Illuminate\Database\Connection.php:559
at vendor\laravel\framework\src\Illuminate\Database\Connection.php:523
at vendor\laravel\framework\src\Illuminate\Database\Query\Processors\Processor.php:32
at vendor\laravel\framework\src\Illuminate\Database\Query\Builder.php:3853
at vendor\laravel\framework\src\Illuminate\Database\Eloquent\Builder.php:2235
at vendor\laravel\framework\src\Illuminate\Database\Eloquent\Model.php:1436
at vendor\laravel\framework\src\Illuminate\Database\Eloquent\Model.php:1401
at vendor\laravel\framework\src\Illuminate\Database\Eloquent\Model.php:1240
at vendor\laravel\framework\src\Illuminate\Database\Eloquent\Factories\Factory.php:370
at vendor\laravel\framework\src\Illuminate\Collections\Traits\EnumeratesValues.php:271
at vendor\laravel\framework\src\Illuminate\Database\Eloquent\Factories\Factory.php:365
at vendor\laravel\framework\src\Illuminate\Database\Eloquent\Factories\Factory.php:321
at vendor\laravel\framework\src\Illuminate\Database\Eloquent\Factories\Factory.php:315
at tests\Feature\AuthorizationPolicyTest.php:44</error>
        </testcase>
        <testcase name="`User Authorization Policy` → it allows admins to create users" file="tests\Feature\AuthorizationPolicyTest.php::`User Authorization Policy` → it allows admins to create users" class="Tests\Feature\AuthorizationPolicyTest" classname="Tests.Feature.AuthorizationPolicyTest" assertions="0" time="0.000000">
          <error type="Illuminate\Database\QueryException">`User Authorization Policy` → it allows admins to create usersIlluminate\Database\QueryException: SQLSTATE[HY000]: General error: 1 no such table: car_rental_users (Connection: sqlite, SQL: insert into "car_rental_users" ("name", "email", "email_verified_at", "password", "phone", "role", "status", "license_number", "id_document_path", "license_document_path", "is_verified", "date_of_birth", "address", "remember_token", "updated_at", "created_at") values (Dr. Celine Flatley, cschmeler@example.com, 2025-09-24 12:53:18, $2y$04$78g4B33dBB9yvLZHXPZyOuzF4w5wzk7FwYQTRiFHrXZoaR9VfYlfW, +1.331.371.8867, admin, active, cpw-4043-4540, documents/ids/1f740b74-d416-3d71-bac2-9e77831d3d94.pdf, documents/licenses/ba73c8a3-4c20-31a7-a1f9-17a192357db6.pdf, 1, 1978-03-06 00:00:00, 25331 Gaylord Centers Apt. 648
Cummeratahaven, NE 10384, jCF4Hb3wdc, 2025-09-24 12:53:18, 2025-09-24 12:53:18))&#13;
at vendor\laravel\framework\src\Illuminate\Database\Connection.php:564
at vendor\laravel\framework\src\Illuminate\Database\Connection.php:811
at vendor\laravel\framework\src\Illuminate\Database\Connection.php:778
at vendor\laravel\framework\src\Illuminate\Database\Connection.php:559
at vendor\laravel\framework\src\Illuminate\Database\Connection.php:523
at vendor\laravel\framework\src\Illuminate\Database\Query\Processors\Processor.php:32
at vendor\laravel\framework\src\Illuminate\Database\Query\Builder.php:3853
at vendor\laravel\framework\src\Illuminate\Database\Eloquent\Builder.php:2235
at vendor\laravel\framework\src\Illuminate\Database\Eloquent\Model.php:1436
at vendor\laravel\framework\src\Illuminate\Database\Eloquent\Model.php:1401
at vendor\laravel\framework\src\Illuminate\Database\Eloquent\Model.php:1240
at vendor\laravel\framework\src\Illuminate\Database\Eloquent\Factories\Factory.php:370
at vendor\laravel\framework\src\Illuminate\Collections\Traits\EnumeratesValues.php:271
at vendor\laravel\framework\src\Illuminate\Database\Eloquent\Factories\Factory.php:365
at vendor\laravel\framework\src\Illuminate\Database\Eloquent\Factories\Factory.php:321
at vendor\laravel\framework\src\Illuminate\Database\Eloquent\Factories\Factory.php:315
at tests\Feature\AuthorizationPolicyTest.php:11
Caused by
PDOException: SQLSTATE[HY000]: General error: 1 no such table: car_rental_users

at vendor\laravel\framework\src\Illuminate\Database\Connection.php:564
at vendor\laravel\framework\src\Illuminate\Database\Connection.php:811
at vendor\laravel\framework\src\Illuminate\Database\Connection.php:778
at vendor\laravel\framework\src\Illuminate\Database\Connection.php:559
at vendor\laravel\framework\src\Illuminate\Database\Connection.php:523
at vendor\laravel\framework\src\Illuminate\Database\Query\Processors\Processor.php:32
at vendor\laravel\framework\src\Illuminate\Database\Query\Builder.php:3853
at vendor\laravel\framework\src\Illuminate\Database\Eloquent\Builder.php:2235
at vendor\laravel\framework\src\Illuminate\Database\Eloquent\Model.php:1436
at vendor\laravel\framework\src\Illuminate\Database\Eloquent\Model.php:1401
at vendor\laravel\framework\src\Illuminate\Database\Eloquent\Model.php:1240
at vendor\laravel\framework\src\Illuminate\Database\Eloquent\Factories\Factory.php:370
at vendor\laravel\framework\src\Illuminate\Collections\Traits\EnumeratesValues.php:271
at vendor\laravel\framework\src\Illuminate\Database\Eloquent\Factories\Factory.php:365
at vendor\laravel\framework\src\Illuminate\Database\Eloquent\Factories\Factory.php:321
at vendor\laravel\framework\src\Illuminate\Database\Eloquent\Factories\Factory.php:315
at tests\Feature\AuthorizationPolicyTest.php:11</error>
        </testcase>
        <testcase name="`User Authorization Policy` → it allows admins to view any users" file="tests\Feature\AuthorizationPolicyTest.php::`User Authorization Policy` → it allows admins to view any users" class="Tests\Feature\AuthorizationPolicyTest" classname="Tests.Feature.AuthorizationPolicyTest" assertions="0" time="0.000000">
          <error type="Illuminate\Database\QueryException">`User Authorization Policy` → it allows admins to view any usersIlluminate\Database\QueryException: SQLSTATE[HY000]: General error: 1 no such table: car_rental_users (Connection: sqlite, SQL: insert into "car_rental_users" ("name", "email", "email_verified_at", "password", "phone", "role", "status", "license_number", "id_document_path", "license_document_path", "is_verified", "date_of_birth", "address", "remember_token", "updated_at", "created_at") values (Bonnie Wilkinson, berge.alexys@example.org, 2025-09-24 12:53:18, $2y$04$78g4B33dBB9yvLZHXPZyOuzF4w5wzk7FwYQTRiFHrXZoaR9VfYlfW, +1 (804) 388-0336, admin, pending, car-6715-7170, documents/ids/ef73ed09-0f8e-3892-8263-8cadfbbf5b0b.pdf, documents/licenses/f894160a-5bf4-3d38-87a7-3f09df85637e.pdf, 1, 1964-04-23 00:00:00, 614 Ivy Passage
Rosalynside, NH 25554, CrExPZxwxM, 2025-09-24 12:53:18, 2025-09-24 12:53:18))&#13;
at vendor\laravel\framework\src\Illuminate\Database\Connection.php:564
at vendor\laravel\framework\src\Illuminate\Database\Connection.php:811
at vendor\laravel\framework\src\Illuminate\Database\Connection.php:778
at vendor\laravel\framework\src\Illuminate\Database\Connection.php:559
at vendor\laravel\framework\src\Illuminate\Database\Connection.php:523
at vendor\laravel\framework\src\Illuminate\Database\Query\Processors\Processor.php:32
at vendor\laravel\framework\src\Illuminate\Database\Query\Builder.php:3853
at vendor\laravel\framework\src\Illuminate\Database\Eloquent\Builder.php:2235
at vendor\laravel\framework\src\Illuminate\Database\Eloquent\Model.php:1436
at vendor\laravel\framework\src\Illuminate\Database\Eloquent\Model.php:1401
at vendor\laravel\framework\src\Illuminate\Database\Eloquent\Model.php:1240
at vendor\laravel\framework\src\Illuminate\Database\Eloquent\Factories\Factory.php:370
at vendor\laravel\framework\src\Illuminate\Collections\Traits\EnumeratesValues.php:271
at vendor\laravel\framework\src\Illuminate\Database\Eloquent\Factories\Factory.php:365
at vendor\laravel\framework\src\Illuminate\Database\Eloquent\Factories\Factory.php:321
at vendor\laravel\framework\src\Illuminate\Database\Eloquent\Factories\Factory.php:315
at tests\Feature\AuthorizationPolicyTest.php:11
Caused by
PDOException: SQLSTATE[HY000]: General error: 1 no such table: car_rental_users

at vendor\laravel\framework\src\Illuminate\Database\Connection.php:564
at vendor\laravel\framework\src\Illuminate\Database\Connection.php:811
at vendor\laravel\framework\src\Illuminate\Database\Connection.php:778
at vendor\laravel\framework\src\Illuminate\Database\Connection.php:559
at vendor\laravel\framework\src\Illuminate\Database\Connection.php:523
at vendor\laravel\framework\src\Illuminate\Database\Query\Processors\Processor.php:32
at vendor\laravel\framework\src\Illuminate\Database\Query\Builder.php:3853
at vendor\laravel\framework\src\Illuminate\Database\Eloquent\Builder.php:2235
at vendor\laravel\framework\src\Illuminate\Database\Eloquent\Model.php:1436
at vendor\laravel\framework\src\Illuminate\Database\Eloquent\Model.php:1401
at vendor\laravel\framework\src\Illuminate\Database\Eloquent\Model.php:1240
at vendor\laravel\framework\src\Illuminate\Database\Eloquent\Factories\Factory.php:370
at vendor\laravel\framework\src\Illuminate\Collections\Traits\EnumeratesValues.php:271
at vendor\laravel\framework\src\Illuminate\Database\Eloquent\Factories\Factory.php:365
at vendor\laravel\framework\src\Illuminate\Database\Eloquent\Factories\Factory.php:321
at vendor\laravel\framework\src\Illuminate\Database\Eloquent\Factories\Factory.php:315
at tests\Feature\AuthorizationPolicyTest.php:11</error>
        </testcase>
        <testcase name="`Vehicle Authorization Policy` → it only allows admin to permanently delete vehicles" file="tests\Feature\AuthorizationPolicyTest.php::`Vehicle Authorization Policy` → it only allows admin to permanently delete vehicles" class="Tests\Feature\AuthorizationPolicyTest" classname="Tests.Feature.AuthorizationPolicyTest" assertions="0" time="0.000000">
          <error type="Illuminate\Database\QueryException">`Vehicle Authorization Policy` → it only allows admin to permanently delete vehiclesIlluminate\Database\QueryException: SQLSTATE[HY000]: General error: 1 no such table: car_rental_users (Connection: sqlite, SQL: insert into "car_rental_users" ("name", "email", "email_verified_at", "password", "phone", "role", "status", "license_number", "id_document_path", "license_document_path", "is_verified", "date_of_birth", "address", "remember_token", "updated_at", "created_at") values (Mrs. Elvera Sipes, krystina.gulgowski@example.net, 2025-09-24 12:53:18, $2y$04$78g4B33dBB9yvLZHXPZyOuzF4w5wzk7FwYQTRiFHrXZoaR9VfYlfW, +1-580-364-3845, admin, approved, tib-1110-3136, documents/ids/2b97a1a6-b1c6-30bc-880d-91bb16eaebf2.pdf, documents/licenses/cb09232e-b7c8-33c2-ac96-c4edc753a3a2.pdf, 1, 2005-11-24 00:00:00, 663 Boehm Stravenue
North Norma, AL 85375-3572, iERceRrp8g, 2025-09-24 12:53:18, 2025-09-24 12:53:18))&#13;
at vendor\laravel\framework\src\Illuminate\Database\Connection.php:564
at vendor\laravel\framework\src\Illuminate\Database\Connection.php:811
at vendor\laravel\framework\src\Illuminate\Database\Connection.php:778
at vendor\laravel\framework\src\Illuminate\Database\Connection.php:559
at vendor\laravel\framework\src\Illuminate\Database\Connection.php:523
at vendor\laravel\framework\src\Illuminate\Database\Query\Processors\Processor.php:32
at vendor\laravel\framework\src\Illuminate\Database\Query\Builder.php:3853
at vendor\laravel\framework\src\Illuminate\Database\Eloquent\Builder.php:2235
at vendor\laravel\framework\src\Illuminate\Database\Eloquent\Model.php:1436
at vendor\laravel\framework\src\Illuminate\Database\Eloquent\Model.php:1401
at vendor\laravel\framework\src\Illuminate\Database\Eloquent\Model.php:1240
at vendor\laravel\framework\src\Illuminate\Database\Eloquent\Factories\Factory.php:370
at vendor\laravel\framework\src\Illuminate\Collections\Traits\EnumeratesValues.php:271
at vendor\laravel\framework\src\Illuminate\Database\Eloquent\Factories\Factory.php:365
at vendor\laravel\framework\src\Illuminate\Database\Eloquent\Factories\Factory.php:321
at vendor\laravel\framework\src\Illuminate\Database\Eloquent\Factories\Factory.php:315
at tests\Feature\AuthorizationPolicyTest.php:44
Caused by
PDOException: SQLSTATE[HY000]: General error: 1 no such table: car_rental_users

at vendor\laravel\framework\src\Illuminate\Database\Connection.php:564
at vendor\laravel\framework\src\Illuminate\Database\Connection.php:811
at vendor\laravel\framework\src\Illuminate\Database\Connection.php:778
at vendor\laravel\framework\src\Illuminate\Database\Connection.php:559
at vendor\laravel\framework\src\Illuminate\Database\Connection.php:523
at vendor\laravel\framework\src\Illuminate\Database\Query\Processors\Processor.php:32
at vendor\laravel\framework\src\Illuminate\Database\Query\Builder.php:3853
at vendor\laravel\framework\src\Illuminate\Database\Eloquent\Builder.php:2235
at vendor\laravel\framework\src\Illuminate\Database\Eloquent\Model.php:1436
at vendor\laravel\framework\src\Illuminate\Database\Eloquent\Model.php:1401
at vendor\laravel\framework\src\Illuminate\Database\Eloquent\Model.php:1240
at vendor\laravel\framework\src\Illuminate\Database\Eloquent\Factories\Factory.php:370
at vendor\laravel\framework\src\Illuminate\Collections\Traits\EnumeratesValues.php:271
at vendor\laravel\framework\src\Illuminate\Database\Eloquent\Factories\Factory.php:365
at vendor\laravel\framework\src\Illuminate\Database\Eloquent\Factories\Factory.php:321
at vendor\laravel\framework\src\Illuminate\Database\Eloquent\Factories\Factory.php:315
at tests\Feature\AuthorizationPolicyTest.php:44</error>
        </testcase>
        <testcase name="`Vehicle Authorization Policy` → it allows admins and vehicle owners to update vehicles" file="tests\Feature\AuthorizationPolicyTest.php::`Vehicle Authorization Policy` → it allows admins and vehicle owners to update vehicles" class="Tests\Feature\AuthorizationPolicyTest" classname="Tests.Feature.AuthorizationPolicyTest" assertions="0" time="0.000000">
          <error type="Illuminate\Database\QueryException">`Vehicle Authorization Policy` → it allows admins and vehicle owners to update vehiclesIlluminate\Database\QueryException: SQLSTATE[HY000]: General error: 1 no such table: car_rental_users (Connection: sqlite, SQL: insert into "car_rental_users" ("name", "email", "email_verified_at", "password", "phone", "role", "status", "license_number", "id_document_path", "license_document_path", "is_verified", "date_of_birth", "address", "remember_token", "updated_at", "created_at") values (Jenifer Volkman, paucek.kennedi@example.org, 2025-09-24 12:53:18, $2y$04$78g4B33dBB9yvLZHXPZyOuzF4w5wzk7FwYQTRiFHrXZoaR9VfYlfW, 1-281-728-9641, admin, approved, jji-4697-5636, documents/ids/00c6f885-21b1-3109-82a8-dde10b4ee69f.pdf, documents/licenses/88452e10-b354-3078-9a71-b72cbfc81e8e.pdf, 1, 1965-10-13 00:00:00, 967 Ottis Corner Apt. 188
Wolfburgh, GA 30604, 5Tc3O42AK7, 2025-09-24 12:53:18, 2025-09-24 12:53:18))&#13;
at vendor\laravel\framework\src\Illuminate\Database\Connection.php:564
at vendor\laravel\framework\src\Illuminate\Database\Connection.php:811
at vendor\laravel\framework\src\Illuminate\Database\Connection.php:778
at vendor\laravel\framework\src\Illuminate\Database\Connection.php:559
at vendor\laravel\framework\src\Illuminate\Database\Connection.php:523
at vendor\laravel\framework\src\Illuminate\Database\Query\Processors\Processor.php:32
at vendor\laravel\framework\src\Illuminate\Database\Query\Builder.php:3853
at vendor\laravel\framework\src\Illuminate\Database\Eloquent\Builder.php:2235
at vendor\laravel\framework\src\Illuminate\Database\Eloquent\Model.php:1436
at vendor\laravel\framework\src\Illuminate\Database\Eloquent\Model.php:1401
at vendor\laravel\framework\src\Illuminate\Database\Eloquent\Model.php:1240
at vendor\laravel\framework\src\Illuminate\Database\Eloquent\Factories\Factory.php:370
at vendor\laravel\framework\src\Illuminate\Collections\Traits\EnumeratesValues.php:271
at vendor\laravel\framework\src\Illuminate\Database\Eloquent\Factories\Factory.php:365
at vendor\laravel\framework\src\Illuminate\Database\Eloquent\Factories\Factory.php:321
at vendor\laravel\framework\src\Illuminate\Database\Eloquent\Factories\Factory.php:315
at tests\Feature\AuthorizationPolicyTest.php:44
Caused by
PDOException: SQLSTATE[HY000]: General error: 1 no such table: car_rental_users

at vendor\laravel\framework\src\Illuminate\Database\Connection.php:564
at vendor\laravel\framework\src\Illuminate\Database\Connection.php:811
at vendor\laravel\framework\src\Illuminate\Database\Connection.php:778
at vendor\laravel\framework\src\Illuminate\Database\Connection.php:559
at vendor\laravel\framework\src\Illuminate\Database\Connection.php:523
at vendor\laravel\framework\src\Illuminate\Database\Query\Processors\Processor.php:32
at vendor\laravel\framework\src\Illuminate\Database\Query\Builder.php:3853
at vendor\laravel\framework\src\Illuminate\Database\Eloquent\Builder.php:2235
at vendor\laravel\framework\src\Illuminate\Database\Eloquent\Model.php:1436
at vendor\laravel\framework\src\Illuminate\Database\Eloquent\Model.php:1401
at vendor\laravel\framework\src\Illuminate\Database\Eloquent\Model.php:1240
at vendor\laravel\framework\src\Illuminate\Database\Eloquent\Factories\Factory.php:370
at vendor\laravel\framework\src\Illuminate\Collections\Traits\EnumeratesValues.php:271
at vendor\laravel\framework\src\Illuminate\Database\Eloquent\Factories\Factory.php:365
at vendor\laravel\framework\src\Illuminate\Database\Eloquent\Factories\Factory.php:321
at vendor\laravel\framework\src\Illuminate\Database\Eloquent\Factories\Factory.php:315
at tests\Feature\AuthorizationPolicyTest.php:44</error>
        </testcase>
      </testsuite>
      <testsuite name="Tests\Feature\BookingManagementTest" file="tests\Feature\BookingManagementTest.php" tests="14" assertions="0" errors="14" failures="0" skipped="0" time="0.000000">
        <testcase name="`Booking Management` → `Booking Listing` → it allows renter to view only their bookings" file="tests\Feature\BookingManagementTest.php::`Booking Management` → `Booking Listing` → it allows renter to view only their bookings" class="Tests\Feature\BookingManagementTest" classname="Tests.Feature.BookingManagementTest" assertions="0" time="0.000000">
          <error type="Illuminate\Database\QueryException">`Booking Management` → `Booking Listing` → it allows renter to view only their bookingsIlluminate\Database\QueryException: SQLSTATE[HY000]: General error: 1 no such table: car_rental_users (Connection: sqlite, SQL: insert into "car_rental_users" ("name", "email", "email_verified_at", "password", "phone", "role", "status", "license_number", "id_document_path", "license_document_path", "is_verified", "date_of_birth", "address", "remember_token", "updated_at", "created_at") values (Ms. Lilly Bruen, hjohnston@example.net, 2025-09-24 12:53:18, $2y$04$78g4B33dBB9yvLZHXPZyOuzF4w5wzk7FwYQTRiFHrXZoaR9VfYlfW, 769-342-8361, admin, active, asp-2353-0703, documents/ids/7676911b-7532-3294-ae91-34f356faf4fc.pdf, documents/licenses/d36feba4-d7d1-3287-a83e-db3ebe508f1e.pdf, 1, 1990-07-15 00:00:00, 1406 Mann Glen Suite 284
Littlechester, MI 22842, MaLj70fUYS, 2025-09-24 12:53:18, 2025-09-24 12:53:18))&#13;
at vendor\laravel\framework\src\Illuminate\Database\Connection.php:564
at vendor\laravel\framework\src\Illuminate\Database\Connection.php:811
at vendor\laravel\framework\src\Illuminate\Database\Connection.php:778
at vendor\laravel\framework\src\Illuminate\Database\Connection.php:559
at vendor\laravel\framework\src\Illuminate\Database\Connection.php:523
at vendor\laravel\framework\src\Illuminate\Database\Query\Processors\Processor.php:32
at vendor\laravel\framework\src\Illuminate\Database\Query\Builder.php:3853
at vendor\laravel\framework\src\Illuminate\Database\Eloquent\Builder.php:2235
at vendor\laravel\framework\src\Illuminate\Database\Eloquent\Model.php:1436
at vendor\laravel\framework\src\Illuminate\Database\Eloquent\Model.php:1401
at vendor\laravel\framework\src\Illuminate\Database\Eloquent\Model.php:1240
at vendor\laravel\framework\src\Illuminate\Database\Eloquent\Factories\Factory.php:370
at vendor\laravel\framework\src\Illuminate\Collections\Traits\EnumeratesValues.php:271
at vendor\laravel\framework\src\Illuminate\Database\Eloquent\Factories\Factory.php:365
at vendor\laravel\framework\src\Illuminate\Database\Eloquent\Factories\Factory.php:321
at tests\Feature\BookingManagementTest.php:14
Caused by
PDOException: SQLSTATE[HY000]: General error: 1 no such table: car_rental_users

at vendor\laravel\framework\src\Illuminate\Database\Connection.php:564
at vendor\laravel\framework\src\Illuminate\Database\Connection.php:811
at vendor\laravel\framework\src\Illuminate\Database\Connection.php:778
at vendor\laravel\framework\src\Illuminate\Database\Connection.php:559
at vendor\laravel\framework\src\Illuminate\Database\Connection.php:523
at vendor\laravel\framework\src\Illuminate\Database\Query\Processors\Processor.php:32
at vendor\laravel\framework\src\Illuminate\Database\Query\Builder.php:3853
at vendor\laravel\framework\src\Illuminate\Database\Eloquent\Builder.php:2235
at vendor\laravel\framework\src\Illuminate\Database\Eloquent\Model.php:1436
at vendor\laravel\framework\src\Illuminate\Database\Eloquent\Model.php:1401
at vendor\laravel\framework\src\Illuminate\Database\Eloquent\Model.php:1240
at vendor\laravel\framework\src\Illuminate\Database\Eloquent\Factories\Factory.php:370
at vendor\laravel\framework\src\Illuminate\Collections\Traits\EnumeratesValues.php:271
at vendor\laravel\framework\src\Illuminate\Database\Eloquent\Factories\Factory.php:365
at vendor\laravel\framework\src\Illuminate\Database\Eloquent\Factories\Factory.php:321
at tests\Feature\BookingManagementTest.php:14</error>
        </testcase>
        <testcase name="`Booking Management` → `Booking Payment Status` → it tracks payment status separately from booking status" file="tests\Feature\BookingManagementTest.php::`Booking Management` → `Booking Payment Status` → it tracks payment status separately from booking status" class="Tests\Feature\BookingManagementTest" classname="Tests.Feature.BookingManagementTest" assertions="0" time="0.000000">
          <error type="Illuminate\Database\QueryException">`Booking Management` → `Booking Payment Status` → it tracks payment status separately from booking statusIlluminate\Database\QueryException: SQLSTATE[HY000]: General error: 1 no such table: car_rental_users (Connection: sqlite, SQL: insert into "car_rental_users" ("name", "email", "email_verified_at", "password", "phone", "role", "status", "license_number", "id_document_path", "license_document_path", "is_verified", "date_of_birth", "address", "remember_token", "updated_at", "created_at") values (Ms. Ettie Rath PhD, keeling.jayce@example.net, 2025-09-24 12:53:18, $2y$04$78g4B33dBB9yvLZHXPZyOuzF4w5wzk7FwYQTRiFHrXZoaR9VfYlfW, 1-440-648-1172, admin, active, zmr-6384-2354, documents/ids/9f0e531e-06f1-3759-a41d-42b6e482dd1e.pdf, documents/licenses/72eb12e0-a08b-39a0-a20b-6889233dabd4.pdf, 1, 1973-10-17 00:00:00, 986 Kuphal Shore Suite 203
Leuschkemouth, OK 78723-1909, FLPeQnW5I0, 2025-09-24 12:53:18, 2025-09-24 12:53:18))&#13;
at vendor\laravel\framework\src\Illuminate\Database\Connection.php:564
at vendor\laravel\framework\src\Illuminate\Database\Connection.php:811
at vendor\laravel\framework\src\Illuminate\Database\Connection.php:778
at vendor\laravel\framework\src\Illuminate\Database\Connection.php:559
at vendor\laravel\framework\src\Illuminate\Database\Connection.php:523
at vendor\laravel\framework\src\Illuminate\Database\Query\Processors\Processor.php:32
at vendor\laravel\framework\src\Illuminate\Database\Query\Builder.php:3853
at vendor\laravel\framework\src\Illuminate\Database\Eloquent\Builder.php:2235
at vendor\laravel\framework\src\Illuminate\Database\Eloquent\Model.php:1436
at vendor\laravel\framework\src\Illuminate\Database\Eloquent\Model.php:1401
at vendor\laravel\framework\src\Illuminate\Database\Eloquent\Model.php:1240
at vendor\laravel\framework\src\Illuminate\Database\Eloquent\Factories\Factory.php:370
at vendor\laravel\framework\src\Illuminate\Collections\Traits\EnumeratesValues.php:271
at vendor\laravel\framework\src\Illuminate\Database\Eloquent\Factories\Factory.php:365
at vendor\laravel\framework\src\Illuminate\Database\Eloquent\Factories\Factory.php:321
at tests\Feature\BookingManagementTest.php:14
Caused by
PDOException: SQLSTATE[HY000]: General error: 1 no such table: car_rental_users

at vendor\laravel\framework\src\Illuminate\Database\Connection.php:564
at vendor\laravel\framework\src\Illuminate\Database\Connection.php:811
at vendor\laravel\framework\src\Illuminate\Database\Connection.php:778
at vendor\laravel\framework\src\Illuminate\Database\Connection.php:559
at vendor\laravel\framework\src\Illuminate\Database\Connection.php:523
at vendor\laravel\framework\src\Illuminate\Database\Query\Processors\Processor.php:32
at vendor\laravel\framework\src\Illuminate\Database\Query\Builder.php:3853
at vendor\laravel\framework\src\Illuminate\Database\Eloquent\Builder.php:2235
at vendor\laravel\framework\src\Illuminate\Database\Eloquent\Model.php:1436
at vendor\laravel\framework\src\Illuminate\Database\Eloquent\Model.php:1401
at vendor\laravel\framework\src\Illuminate\Database\Eloquent\Model.php:1240
at vendor\laravel\framework\src\Illuminate\Database\Eloquent\Factories\Factory.php:370
at vendor\laravel\framework\src\Illuminate\Collections\Traits\EnumeratesValues.php:271
at vendor\laravel\framework\src\Illuminate\Database\Eloquent\Factories\Factory.php:365
at vendor\laravel\framework\src\Illuminate\Database\Eloquent\Factories\Factory.php:321
at tests\Feature\BookingManagementTest.php:14</error>
        </testcase>
        <testcase name="`Booking Management` → `Booking Listing` → it allows admin to view all bookings" file="tests\Feature\BookingManagementTest.php::`Booking Management` → `Booking Listing` → it allows admin to view all bookings" class="Tests\Feature\BookingManagementTest" classname="Tests.Feature.BookingManagementTest" assertions="0" time="0.000000">
          <error type="Illuminate\Database\QueryException">`Booking Management` → `Booking Listing` → it allows admin to view all bookingsIlluminate\Database\QueryException: SQLSTATE[HY000]: General error: 1 no such table: car_rental_users (Connection: sqlite, SQL: insert into "car_rental_users" ("name", "email", "email_verified_at", "password", "phone", "role", "status", "license_number", "id_document_path", "license_document_path", "is_verified", "date_of_birth", "address", "remember_token", "updated_at", "created_at") values (Elijah Swift, jakubowski.maya@example.org, 2025-09-24 12:53:18, $2y$04$78g4B33dBB9yvLZHXPZyOuzF4w5wzk7FwYQTRiFHrXZoaR9VfYlfW, (458) 305-1329, admin, active, ppo-9628-2033, documents/ids/e67b9184-ca77-3aaf-ad96-18622ea6472b.pdf, documents/licenses/618b0d77-1317-3eef-a6ed-519c0ae9f599.pdf, 1, 1989-01-07 00:00:00, 96236 Brown Valleys
Bartonmouth, WV 03054, u2FAlF5XfH, 2025-09-24 12:53:18, 2025-09-24 12:53:18))&#13;
at vendor\laravel\framework\src\Illuminate\Database\Connection.php:564
at vendor\laravel\framework\src\Illuminate\Database\Connection.php:811
at vendor\laravel\framework\src\Illuminate\Database\Connection.php:778
at vendor\laravel\framework\src\Illuminate\Database\Connection.php:559
at vendor\laravel\framework\src\Illuminate\Database\Connection.php:523
at vendor\laravel\framework\src\Illuminate\Database\Query\Processors\Processor.php:32
at vendor\laravel\framework\src\Illuminate\Database\Query\Builder.php:3853
at vendor\laravel\framework\src\Illuminate\Database\Eloquent\Builder.php:2235
at vendor\laravel\framework\src\Illuminate\Database\Eloquent\Model.php:1436
at vendor\laravel\framework\src\Illuminate\Database\Eloquent\Model.php:1401
at vendor\laravel\framework\src\Illuminate\Database\Eloquent\Model.php:1240
at vendor\laravel\framework\src\Illuminate\Database\Eloquent\Factories\Factory.php:370
at vendor\laravel\framework\src\Illuminate\Collections\Traits\EnumeratesValues.php:271
at vendor\laravel\framework\src\Illuminate\Database\Eloquent\Factories\Factory.php:365
at vendor\laravel\framework\src\Illuminate\Database\Eloquent\Factories\Factory.php:321
at tests\Feature\BookingManagementTest.php:14
Caused by
PDOException: SQLSTATE[HY000]: General error: 1 no such table: car_rental_users

at vendor\laravel\framework\src\Illuminate\Database\Connection.php:564
at vendor\laravel\framework\src\Illuminate\Database\Connection.php:811
at vendor\laravel\framework\src\Illuminate\Database\Connection.php:778
at vendor\laravel\framework\src\Illuminate\Database\Connection.php:559
at vendor\laravel\framework\src\Illuminate\Database\Connection.php:523
at vendor\laravel\framework\src\Illuminate\Database\Query\Processors\Processor.php:32
at vendor\laravel\framework\src\Illuminate\Database\Query\Builder.php:3853
at vendor\laravel\framework\src\Illuminate\Database\Eloquent\Builder.php:2235
at vendor\laravel\framework\src\Illuminate\Database\Eloquent\Model.php:1436
at vendor\laravel\framework\src\Illuminate\Database\Eloquent\Model.php:1401
at vendor\laravel\framework\src\Illuminate\Database\Eloquent\Model.php:1240
at vendor\laravel\framework\src\Illuminate\Database\Eloquent\Factories\Factory.php:370
at vendor\laravel\framework\src\Illuminate\Collections\Traits\EnumeratesValues.php:271
at vendor\laravel\framework\src\Illuminate\Database\Eloquent\Factories\Factory.php:365
at vendor\laravel\framework\src\Illuminate\Database\Eloquent\Factories\Factory.php:321
at tests\Feature\BookingManagementTest.php:14</error>
        </testcase>
        <testcase name="`Booking Management` → `Booking Listing` → it filters bookings by status" file="tests\Feature\BookingManagementTest.php::`Booking Management` → `Booking Listing` → it filters bookings by status" class="Tests\Feature\BookingManagementTest" classname="Tests.Feature.BookingManagementTest" assertions="0" time="0.000000">
          <error type="Illuminate\Database\QueryException">`Booking Management` → `Booking Listing` → it filters bookings by statusIlluminate\Database\QueryException: SQLSTATE[HY000]: General error: 1 no such table: car_rental_users (Connection: sqlite, SQL: insert into "car_rental_users" ("name", "email", "email_verified_at", "password", "phone", "role", "status", "license_number", "id_document_path", "license_document_path", "is_verified", "date_of_birth", "address", "remember_token", "updated_at", "created_at") values (Gabe Labadie, loma63@example.net, 2025-09-24 12:53:18, $2y$04$78g4B33dBB9yvLZHXPZyOuzF4w5wzk7FwYQTRiFHrXZoaR9VfYlfW, 603-607-3535, admin, active, vgm-8727-1698, documents/ids/d106cf67-5e9a-3cfe-96cf-e4031f90502c.pdf, documents/licenses/681d9905-bb83-318f-80cd-4012b1664865.pdf, 1, 1979-05-24 00:00:00, 20258 Courtney Knoll
Handport, LA 16401, q1K9tjuags, 2025-09-24 12:53:18, 2025-09-24 12:53:18))&#13;
at vendor\laravel\framework\src\Illuminate\Database\Connection.php:564
at vendor\laravel\framework\src\Illuminate\Database\Connection.php:811
at vendor\laravel\framework\src\Illuminate\Database\Connection.php:778
at vendor\laravel\framework\src\Illuminate\Database\Connection.php:559
at vendor\laravel\framework\src\Illuminate\Database\Connection.php:523
at vendor\laravel\framework\src\Illuminate\Database\Query\Processors\Processor.php:32
at vendor\laravel\framework\src\Illuminate\Database\Query\Builder.php:3853
at vendor\laravel\framework\src\Illuminate\Database\Eloquent\Builder.php:2235
at vendor\laravel\framework\src\Illuminate\Database\Eloquent\Model.php:1436
at vendor\laravel\framework\src\Illuminate\Database\Eloquent\Model.php:1401
at vendor\laravel\framework\src\Illuminate\Database\Eloquent\Model.php:1240
at vendor\laravel\framework\src\Illuminate\Database\Eloquent\Factories\Factory.php:370
at vendor\laravel\framework\src\Illuminate\Collections\Traits\EnumeratesValues.php:271
at vendor\laravel\framework\src\Illuminate\Database\Eloquent\Factories\Factory.php:365
at vendor\laravel\framework\src\Illuminate\Database\Eloquent\Factories\Factory.php:321
at tests\Feature\BookingManagementTest.php:14
Caused by
PDOException: SQLSTATE[HY000]: General error: 1 no such table: car_rental_users

at vendor\laravel\framework\src\Illuminate\Database\Connection.php:564
at vendor\laravel\framework\src\Illuminate\Database\Connection.php:811
at vendor\laravel\framework\src\Illuminate\Database\Connection.php:778
at vendor\laravel\framework\src\Illuminate\Database\Connection.php:559
at vendor\laravel\framework\src\Illuminate\Database\Connection.php:523
at vendor\laravel\framework\src\Illuminate\Database\Query\Processors\Processor.php:32
at vendor\laravel\framework\src\Illuminate\Database\Query\Builder.php:3853
at vendor\laravel\framework\src\Illuminate\Database\Eloquent\Builder.php:2235
at vendor\laravel\framework\src\Illuminate\Database\Eloquent\Model.php:1436
at vendor\laravel\framework\src\Illuminate\Database\Eloquent\Model.php:1401
at vendor\laravel\framework\src\Illuminate\Database\Eloquent\Model.php:1240
at vendor\laravel\framework\src\Illuminate\Database\Eloquent\Factories\Factory.php:370
at vendor\laravel\framework\src\Illuminate\Collections\Traits\EnumeratesValues.php:271
at vendor\laravel\framework\src\Illuminate\Database\Eloquent\Factories\Factory.php:365
at vendor\laravel\framework\src\Illuminate\Database\Eloquent\Factories\Factory.php:321
at tests\Feature\BookingManagementTest.php:14</error>
        </testcase>
        <testcase name="`Booking Management` → `Booking Creation` → it validates booking dates" file="tests\Feature\BookingManagementTest.php::`Booking Management` → `Booking Creation` → it validates booking dates" class="Tests\Feature\BookingManagementTest" classname="Tests.Feature.BookingManagementTest" assertions="0" time="0.000000">
          <error type="Illuminate\Database\QueryException">`Booking Management` → `Booking Creation` → it validates booking datesIlluminate\Database\QueryException: SQLSTATE[HY000]: General error: 1 no such table: car_rental_users (Connection: sqlite, SQL: insert into "car_rental_users" ("name", "email", "email_verified_at", "password", "phone", "role", "status", "license_number", "id_document_path", "license_document_path", "is_verified", "date_of_birth", "address", "remember_token", "updated_at", "created_at") values (Dr. Joshuah Jast, josue.ryan@example.com, 2025-09-24 12:53:18, $2y$04$78g4B33dBB9yvLZHXPZyOuzF4w5wzk7FwYQTRiFHrXZoaR9VfYlfW, 339-574-1175, admin, active, hqv-4320-5850, documents/ids/bd3be1a8-4d4d-32ce-b443-5d71698d0dbe.pdf, documents/licenses/9f801820-f4a1-38f8-b5ab-b5316f42a986.pdf, 1, 1977-06-20 00:00:00, 302 Ortiz Vista
East Izabella, AK 46362, TDYw0OH47H, 2025-09-24 12:53:18, 2025-09-24 12:53:18))&#13;
at vendor\laravel\framework\src\Illuminate\Database\Connection.php:564
at vendor\laravel\framework\src\Illuminate\Database\Connection.php:811
at vendor\laravel\framework\src\Illuminate\Database\Connection.php:778
at vendor\laravel\framework\src\Illuminate\Database\Connection.php:559
at vendor\laravel\framework\src\Illuminate\Database\Connection.php:523
at vendor\laravel\framework\src\Illuminate\Database\Query\Processors\Processor.php:32
at vendor\laravel\framework\src\Illuminate\Database\Query\Builder.php:3853
at vendor\laravel\framework\src\Illuminate\Database\Eloquent\Builder.php:2235
at vendor\laravel\framework\src\Illuminate\Database\Eloquent\Model.php:1436
at vendor\laravel\framework\src\Illuminate\Database\Eloquent\Model.php:1401
at vendor\laravel\framework\src\Illuminate\Database\Eloquent\Model.php:1240
at vendor\laravel\framework\src\Illuminate\Database\Eloquent\Factories\Factory.php:370
at vendor\laravel\framework\src\Illuminate\Collections\Traits\EnumeratesValues.php:271
at vendor\laravel\framework\src\Illuminate\Database\Eloquent\Factories\Factory.php:365
at vendor\laravel\framework\src\Illuminate\Database\Eloquent\Factories\Factory.php:321
at tests\Feature\BookingManagementTest.php:14
Caused by
PDOException: SQLSTATE[HY000]: General error: 1 no such table: car_rental_users

at vendor\laravel\framework\src\Illuminate\Database\Connection.php:564
at vendor\laravel\framework\src\Illuminate\Database\Connection.php:811
at vendor\laravel\framework\src\Illuminate\Database\Connection.php:778
at vendor\laravel\framework\src\Illuminate\Database\Connection.php:559
at vendor\laravel\framework\src\Illuminate\Database\Connection.php:523
at vendor\laravel\framework\src\Illuminate\Database\Query\Processors\Processor.php:32
at vendor\laravel\framework\src\Illuminate\Database\Query\Builder.php:3853
at vendor\laravel\framework\src\Illuminate\Database\Eloquent\Builder.php:2235
at vendor\laravel\framework\src\Illuminate\Database\Eloquent\Model.php:1436
at vendor\laravel\framework\src\Illuminate\Database\Eloquent\Model.php:1401
at vendor\laravel\framework\src\Illuminate\Database\Eloquent\Model.php:1240
at vendor\laravel\framework\src\Illuminate\Database\Eloquent\Factories\Factory.php:370
at vendor\laravel\framework\src\Illuminate\Collections\Traits\EnumeratesValues.php:271
at vendor\laravel\framework\src\Illuminate\Database\Eloquent\Factories\Factory.php:365
at vendor\laravel\framework\src\Illuminate\Database\Eloquent\Factories\Factory.php:321
at tests\Feature\BookingManagementTest.php:14</error>
        </testcase>
        <testcase name="`Booking Management` → `Booking Status Management` → it allows owner to confirm bookings for their vehicles" file="tests\Feature\BookingManagementTest.php::`Booking Management` → `Booking Status Management` → it allows owner to confirm bookings for their vehicles" class="Tests\Feature\BookingManagementTest" classname="Tests.Feature.BookingManagementTest" assertions="0" time="0.000000">
          <error type="Illuminate\Database\QueryException">`Booking Management` → `Booking Status Management` → it allows owner to confirm bookings for their vehiclesIlluminate\Database\QueryException: SQLSTATE[HY000]: General error: 1 no such table: car_rental_users (Connection: sqlite, SQL: insert into "car_rental_users" ("name", "email", "email_verified_at", "password", "phone", "role", "status", "license_number", "id_document_path", "license_document_path", "is_verified", "date_of_birth", "address", "remember_token", "updated_at", "created_at") values (Reid Ebert, zreilly@example.com, 2025-09-24 12:53:18, $2y$04$78g4B33dBB9yvLZHXPZyOuzF4w5wzk7FwYQTRiFHrXZoaR9VfYlfW, 347-972-1071, admin, active, zjh-7177-5509, documents/ids/c29ba026-6301-32f0-869d-517ffa327354.pdf, documents/licenses/b30e3cbb-446c-362d-84f3-e8745d162bcf.pdf, 1, 1963-01-16 00:00:00, 5072 Jeanne Centers
West Meda, VT 57932-8747, EmtaN0qAsT, 2025-09-24 12:53:18, 2025-09-24 12:53:18))&#13;
at vendor\laravel\framework\src\Illuminate\Database\Connection.php:564
at vendor\laravel\framework\src\Illuminate\Database\Connection.php:811
at vendor\laravel\framework\src\Illuminate\Database\Connection.php:778
at vendor\laravel\framework\src\Illuminate\Database\Connection.php:559
at vendor\laravel\framework\src\Illuminate\Database\Connection.php:523
at vendor\laravel\framework\src\Illuminate\Database\Query\Processors\Processor.php:32
at vendor\laravel\framework\src\Illuminate\Database\Query\Builder.php:3853
at vendor\laravel\framework\src\Illuminate\Database\Eloquent\Builder.php:2235
at vendor\laravel\framework\src\Illuminate\Database\Eloquent\Model.php:1436
at vendor\laravel\framework\src\Illuminate\Database\Eloquent\Model.php:1401
at vendor\laravel\framework\src\Illuminate\Database\Eloquent\Model.php:1240
at vendor\laravel\framework\src\Illuminate\Database\Eloquent\Factories\Factory.php:370
at vendor\laravel\framework\src\Illuminate\Collections\Traits\EnumeratesValues.php:271
at vendor\laravel\framework\src\Illuminate\Database\Eloquent\Factories\Factory.php:365
at vendor\laravel\framework\src\Illuminate\Database\Eloquent\Factories\Factory.php:321
at tests\Feature\BookingManagementTest.php:14
Caused by
PDOException: SQLSTATE[HY000]: General error: 1 no such table: car_rental_users

at vendor\laravel\framework\src\Illuminate\Database\Connection.php:564
at vendor\laravel\framework\src\Illuminate\Database\Connection.php:811
at vendor\laravel\framework\src\Illuminate\Database\Connection.php:778
at vendor\laravel\framework\src\Illuminate\Database\Connection.php:559
at vendor\laravel\framework\src\Illuminate\Database\Connection.php:523
at vendor\laravel\framework\src\Illuminate\Database\Query\Processors\Processor.php:32
at vendor\laravel\framework\src\Illuminate\Database\Query\Builder.php:3853
at vendor\laravel\framework\src\Illuminate\Database\Eloquent\Builder.php:2235
at vendor\laravel\framework\src\Illuminate\Database\Eloquent\Model.php:1436
at vendor\laravel\framework\src\Illuminate\Database\Eloquent\Model.php:1401
at vendor\laravel\framework\src\Illuminate\Database\Eloquent\Model.php:1240
at vendor\laravel\framework\src\Illuminate\Database\Eloquent\Factories\Factory.php:370
at vendor\laravel\framework\src\Illuminate\Collections\Traits\EnumeratesValues.php:271
at vendor\laravel\framework\src\Illuminate\Database\Eloquent\Factories\Factory.php:365
at vendor\laravel\framework\src\Illuminate\Database\Eloquent\Factories\Factory.php:321
at tests\Feature\BookingManagementTest.php:14</error>
        </testcase>
        <testcase name="`Booking Management` → `Booking Creation` → it prevents double booking for same dates" file="tests\Feature\BookingManagementTest.php::`Booking Management` → `Booking Creation` → it prevents double booking for same dates" class="Tests\Feature\BookingManagementTest" classname="Tests.Feature.BookingManagementTest" assertions="0" time="0.000000">
          <error type="Illuminate\Database\QueryException">`Booking Management` → `Booking Creation` → it prevents double booking for same datesIlluminate\Database\QueryException: SQLSTATE[HY000]: General error: 1 no such table: car_rental_users (Connection: sqlite, SQL: insert into "car_rental_users" ("name", "email", "email_verified_at", "password", "phone", "role", "status", "license_number", "id_document_path", "license_document_path", "is_verified", "date_of_birth", "address", "remember_token", "updated_at", "created_at") values (Joel Hyatt, emilia.halvorson@example.org, 2025-09-24 12:53:19, $2y$04$78g4B33dBB9yvLZHXPZyOuzF4w5wzk7FwYQTRiFHrXZoaR9VfYlfW, 850.546.8871, admin, active, nel-9731-4585, documents/ids/9dce987e-2e39-3f82-83f5-767d1572b1a0.pdf, documents/licenses/f534a3aa-cf48-3db9-acf9-72f9bbef9bb0.pdf, 1, 1965-12-21 00:00:00, 5910 Quinn Street
Cummingsfurt, UT 44740-5669, RSp1FTFOaw, 2025-09-24 12:53:19, 2025-09-24 12:53:19))&#13;
at vendor\laravel\framework\src\Illuminate\Database\Connection.php:564
at vendor\laravel\framework\src\Illuminate\Database\Connection.php:811
at vendor\laravel\framework\src\Illuminate\Database\Connection.php:778
at vendor\laravel\framework\src\Illuminate\Database\Connection.php:559
at vendor\laravel\framework\src\Illuminate\Database\Connection.php:523
at vendor\laravel\framework\src\Illuminate\Database\Query\Processors\Processor.php:32
at vendor\laravel\framework\src\Illuminate\Database\Query\Builder.php:3853
at vendor\laravel\framework\src\Illuminate\Database\Eloquent\Builder.php:2235
at vendor\laravel\framework\src\Illuminate\Database\Eloquent\Model.php:1436
at vendor\laravel\framework\src\Illuminate\Database\Eloquent\Model.php:1401
at vendor\laravel\framework\src\Illuminate\Database\Eloquent\Model.php:1240
at vendor\laravel\framework\src\Illuminate\Database\Eloquent\Factories\Factory.php:370
at vendor\laravel\framework\src\Illuminate\Collections\Traits\EnumeratesValues.php:271
at vendor\laravel\framework\src\Illuminate\Database\Eloquent\Factories\Factory.php:365
at vendor\laravel\framework\src\Illuminate\Database\Eloquent\Factories\Factory.php:321
at tests\Feature\BookingManagementTest.php:14
Caused by
PDOException: SQLSTATE[HY000]: General error: 1 no such table: car_rental_users

at vendor\laravel\framework\src\Illuminate\Database\Connection.php:564
at vendor\laravel\framework\src\Illuminate\Database\Connection.php:811
at vendor\laravel\framework\src\Illuminate\Database\Connection.php:778
at vendor\laravel\framework\src\Illuminate\Database\Connection.php:559
at vendor\laravel\framework\src\Illuminate\Database\Connection.php:523
at vendor\laravel\framework\src\Illuminate\Database\Query\Processors\Processor.php:32
at vendor\laravel\framework\src\Illuminate\Database\Query\Builder.php:3853
at vendor\laravel\framework\src\Illuminate\Database\Eloquent\Builder.php:2235
at vendor\laravel\framework\src\Illuminate\Database\Eloquent\Model.php:1436
at vendor\laravel\framework\src\Illuminate\Database\Eloquent\Model.php:1401
at vendor\laravel\framework\src\Illuminate\Database\Eloquent\Model.php:1240
at vendor\laravel\framework\src\Illuminate\Database\Eloquent\Factories\Factory.php:370
at vendor\laravel\framework\src\Illuminate\Collections\Traits\EnumeratesValues.php:271
at vendor\laravel\framework\src\Illuminate\Database\Eloquent\Factories\Factory.php:365
at vendor\laravel\framework\src\Illuminate\Database\Eloquent\Factories\Factory.php:321
at tests\Feature\BookingManagementTest.php:14</error>
        </testcase>
        <testcase name="`Booking Management` → `Booking Commission Calculation` → it calculates commission amount correctly" file="tests\Feature\BookingManagementTest.php::`Booking Management` → `Booking Commission Calculation` → it calculates commission amount correctly" class="Tests\Feature\BookingManagementTest" classname="Tests.Feature.BookingManagementTest" assertions="0" time="0.000000">
          <error type="Illuminate\Database\QueryException">`Booking Management` → `Booking Commission Calculation` → it calculates commission amount correctlyIlluminate\Database\QueryException: SQLSTATE[HY000]: General error: 1 no such table: car_rental_users (Connection: sqlite, SQL: insert into "car_rental_users" ("name", "email", "email_verified_at", "password", "phone", "role", "status", "license_number", "id_document_path", "license_document_path", "is_verified", "date_of_birth", "address", "remember_token", "updated_at", "created_at") values (Ms. Bridget Stanton I, izaiah76@example.net, 2025-09-24 12:53:19, $2y$04$78g4B33dBB9yvLZHXPZyOuzF4w5wzk7FwYQTRiFHrXZoaR9VfYlfW, +1-743-213-4415, admin, active, zzf-6010-2649, documents/ids/408c5e8e-7be2-38ec-b9a1-0ee8cf0bd19e.pdf, documents/licenses/df9a4fc0-4241-3427-bc4c-a91b06368b40.pdf, 1, 1971-02-07 00:00:00, 603 Omer Expressway Apt. 607
Feltonville, WV 20826, qCz5H1xugE, 2025-09-24 12:53:19, 2025-09-24 12:53:19))&#13;
at vendor\laravel\framework\src\Illuminate\Database\Connection.php:564
at vendor\laravel\framework\src\Illuminate\Database\Connection.php:811
at vendor\laravel\framework\src\Illuminate\Database\Connection.php:778
at vendor\laravel\framework\src\Illuminate\Database\Connection.php:559
at vendor\laravel\framework\src\Illuminate\Database\Connection.php:523
at vendor\laravel\framework\src\Illuminate\Database\Query\Processors\Processor.php:32
at vendor\laravel\framework\src\Illuminate\Database\Query\Builder.php:3853
at vendor\laravel\framework\src\Illuminate\Database\Eloquent\Builder.php:2235
at vendor\laravel\framework\src\Illuminate\Database\Eloquent\Model.php:1436
at vendor\laravel\framework\src\Illuminate\Database\Eloquent\Model.php:1401
at vendor\laravel\framework\src\Illuminate\Database\Eloquent\Model.php:1240
at vendor\laravel\framework\src\Illuminate\Database\Eloquent\Factories\Factory.php:370
at vendor\laravel\framework\src\Illuminate\Collections\Traits\EnumeratesValues.php:271
at vendor\laravel\framework\src\Illuminate\Database\Eloquent\Factories\Factory.php:365
at vendor\laravel\framework\src\Illuminate\Database\Eloquent\Factories\Factory.php:321
at tests\Feature\BookingManagementTest.php:14
Caused by
PDOException: SQLSTATE[HY000]: General error: 1 no such table: car_rental_users

at vendor\laravel\framework\src\Illuminate\Database\Connection.php:564
at vendor\laravel\framework\src\Illuminate\Database\Connection.php:811
at vendor\laravel\framework\src\Illuminate\Database\Connection.php:778
at vendor\laravel\framework\src\Illuminate\Database\Connection.php:559
at vendor\laravel\framework\src\Illuminate\Database\Connection.php:523
at vendor\laravel\framework\src\Illuminate\Database\Query\Processors\Processor.php:32
at vendor\laravel\framework\src\Illuminate\Database\Query\Builder.php:3853
at vendor\laravel\framework\src\Illuminate\Database\Eloquent\Builder.php:2235
at vendor\laravel\framework\src\Illuminate\Database\Eloquent\Model.php:1436
at vendor\laravel\framework\src\Illuminate\Database\Eloquent\Model.php:1401
at vendor\laravel\framework\src\Illuminate\Database\Eloquent\Model.php:1240
at vendor\laravel\framework\src\Illuminate\Database\Eloquent\Factories\Factory.php:370
at vendor\laravel\framework\src\Illuminate\Collections\Traits\EnumeratesValues.php:271
at vendor\laravel\framework\src\Illuminate\Database\Eloquent\Factories\Factory.php:365
at vendor\laravel\framework\src\Illuminate\Database\Eloquent\Factories\Factory.php:321
at tests\Feature\BookingManagementTest.php:14</error>
        </testcase>
        <testcase name="`Booking Management` → `Booking Creation` → it allows renter to create new booking" file="tests\Feature\BookingManagementTest.php::`Booking Management` → `Booking Creation` → it allows renter to create new booking" class="Tests\Feature\BookingManagementTest" classname="Tests.Feature.BookingManagementTest" assertions="0" time="0.000000">
          <error type="Illuminate\Database\QueryException">`Booking Management` → `Booking Creation` → it allows renter to create new bookingIlluminate\Database\QueryException: SQLSTATE[HY000]: General error: 1 no such table: car_rental_users (Connection: sqlite, SQL: insert into "car_rental_users" ("name", "email", "email_verified_at", "password", "phone", "role", "status", "license_number", "id_document_path", "license_document_path", "is_verified", "date_of_birth", "address", "remember_token", "updated_at", "created_at") values (Juvenal Langosh, art39@example.org, 2025-09-24 12:53:19, $2y$04$78g4B33dBB9yvLZHXPZyOuzF4w5wzk7FwYQTRiFHrXZoaR9VfYlfW, +1 (781) 279-5220, admin, active, mws-8166-3828, documents/ids/c670296c-b319-3dbd-a3fe-12b9b44ae8d0.pdf, documents/licenses/91363f63-47ec-351f-9933-c42fc9d1deb9.pdf, 1, 1999-01-09 00:00:00, 2349 Lorenz Haven Suite 786
North Solon, MI 69611, DvApZygslt, 2025-09-24 12:53:19, 2025-09-24 12:53:19))&#13;
at vendor\laravel\framework\src\Illuminate\Database\Connection.php:564
at vendor\laravel\framework\src\Illuminate\Database\Connection.php:811
at vendor\laravel\framework\src\Illuminate\Database\Connection.php:778
at vendor\laravel\framework\src\Illuminate\Database\Connection.php:559
at vendor\laravel\framework\src\Illuminate\Database\Connection.php:523
at vendor\laravel\framework\src\Illuminate\Database\Query\Processors\Processor.php:32
at vendor\laravel\framework\src\Illuminate\Database\Query\Builder.php:3853
at vendor\laravel\framework\src\Illuminate\Database\Eloquent\Builder.php:2235
at vendor\laravel\framework\src\Illuminate\Database\Eloquent\Model.php:1436
at vendor\laravel\framework\src\Illuminate\Database\Eloquent\Model.php:1401
at vendor\laravel\framework\src\Illuminate\Database\Eloquent\Model.php:1240
at vendor\laravel\framework\src\Illuminate\Database\Eloquent\Factories\Factory.php:370
at vendor\laravel\framework\src\Illuminate\Collections\Traits\EnumeratesValues.php:271
at vendor\laravel\framework\src\Illuminate\Database\Eloquent\Factories\Factory.php:365
at vendor\laravel\framework\src\Illuminate\Database\Eloquent\Factories\Factory.php:321
at tests\Feature\BookingManagementTest.php:14
Caused by
PDOException: SQLSTATE[HY000]: General error: 1 no such table: car_rental_users

at vendor\laravel\framework\src\Illuminate\Database\Connection.php:564
at vendor\laravel\framework\src\Illuminate\Database\Connection.php:811
at vendor\laravel\framework\src\Illuminate\Database\Connection.php:778
at vendor\laravel\framework\src\Illuminate\Database\Connection.php:559
at vendor\laravel\framework\src\Illuminate\Database\Connection.php:523
at vendor\laravel\framework\src\Illuminate\Database\Query\Processors\Processor.php:32
at vendor\laravel\framework\src\Illuminate\Database\Query\Builder.php:3853
at vendor\laravel\framework\src\Illuminate\Database\Eloquent\Builder.php:2235
at vendor\laravel\framework\src\Illuminate\Database\Eloquent\Model.php:1436
at vendor\laravel\framework\src\Illuminate\Database\Eloquent\Model.php:1401
at vendor\laravel\framework\src\Illuminate\Database\Eloquent\Model.php:1240
at vendor\laravel\framework\src\Illuminate\Database\Eloquent\Factories\Factory.php:370
at vendor\laravel\framework\src\Illuminate\Collections\Traits\EnumeratesValues.php:271
at vendor\laravel\framework\src\Illuminate\Database\Eloquent\Factories\Factory.php:365
at vendor\laravel\framework\src\Illuminate\Database\Eloquent\Factories\Factory.php:321
at tests\Feature\BookingManagementTest.php:14</error>
        </testcase>
        <testcase name="`Booking Management` → `Booking Status Management` → it allows renter to cancel their own bookings" file="tests\Feature\BookingManagementTest.php::`Booking Management` → `Booking Status Management` → it allows renter to cancel their own bookings" class="Tests\Feature\BookingManagementTest" classname="Tests.Feature.BookingManagementTest" assertions="0" time="0.000000">
          <error type="Illuminate\Database\QueryException">`Booking Management` → `Booking Status Management` → it allows renter to cancel their own bookingsIlluminate\Database\QueryException: SQLSTATE[HY000]: General error: 1 no such table: car_rental_users (Connection: sqlite, SQL: insert into "car_rental_users" ("name", "email", "email_verified_at", "password", "phone", "role", "status", "license_number", "id_document_path", "license_document_path", "is_verified", "date_of_birth", "address", "remember_token", "updated_at", "created_at") values (Cydney Steuber II, rodrigo.reinger@example.net, 2025-09-24 12:53:19, $2y$04$78g4B33dBB9yvLZHXPZyOuzF4w5wzk7FwYQTRiFHrXZoaR9VfYlfW, 228.903.1182, admin, active, jkz-6061-6836, documents/ids/b0de8487-03a1-394b-8889-5b395029051c.pdf, documents/licenses/81b85a55-e528-3aa2-9d14-cefef4b6169a.pdf, 1, 1977-08-21 00:00:00, 6597 Kertzmann Prairie
Margretchester, CT 72544-3477, mk8UaCp5gx, 2025-09-24 12:53:19, 2025-09-24 12:53:19))&#13;
at vendor\laravel\framework\src\Illuminate\Database\Connection.php:564
at vendor\laravel\framework\src\Illuminate\Database\Connection.php:811
at vendor\laravel\framework\src\Illuminate\Database\Connection.php:778
at vendor\laravel\framework\src\Illuminate\Database\Connection.php:559
at vendor\laravel\framework\src\Illuminate\Database\Connection.php:523
at vendor\laravel\framework\src\Illuminate\Database\Query\Processors\Processor.php:32
at vendor\laravel\framework\src\Illuminate\Database\Query\Builder.php:3853
at vendor\laravel\framework\src\Illuminate\Database\Eloquent\Builder.php:2235
at vendor\laravel\framework\src\Illuminate\Database\Eloquent\Model.php:1436
at vendor\laravel\framework\src\Illuminate\Database\Eloquent\Model.php:1401
at vendor\laravel\framework\src\Illuminate\Database\Eloquent\Model.php:1240
at vendor\laravel\framework\src\Illuminate\Database\Eloquent\Factories\Factory.php:370
at vendor\laravel\framework\src\Illuminate\Collections\Traits\EnumeratesValues.php:271
at vendor\laravel\framework\src\Illuminate\Database\Eloquent\Factories\Factory.php:365
at vendor\laravel\framework\src\Illuminate\Database\Eloquent\Factories\Factory.php:321
at tests\Feature\BookingManagementTest.php:14
Caused by
PDOException: SQLSTATE[HY000]: General error: 1 no such table: car_rental_users

at vendor\laravel\framework\src\Illuminate\Database\Connection.php:564
at vendor\laravel\framework\src\Illuminate\Database\Connection.php:811
at vendor\laravel\framework\src\Illuminate\Database\Connection.php:778
at vendor\laravel\framework\src\Illuminate\Database\Connection.php:559
at vendor\laravel\framework\src\Illuminate\Database\Connection.php:523
at vendor\laravel\framework\src\Illuminate\Database\Query\Processors\Processor.php:32
at vendor\laravel\framework\src\Illuminate\Database\Query\Builder.php:3853
at vendor\laravel\framework\src\Illuminate\Database\Eloquent\Builder.php:2235
at vendor\laravel\framework\src\Illuminate\Database\Eloquent\Model.php:1436
at vendor\laravel\framework\src\Illuminate\Database\Eloquent\Model.php:1401
at vendor\laravel\framework\src\Illuminate\Database\Eloquent\Model.php:1240
at vendor\laravel\framework\src\Illuminate\Database\Eloquent\Factories\Factory.php:370
at vendor\laravel\framework\src\Illuminate\Collections\Traits\EnumeratesValues.php:271
at vendor\laravel\framework\src\Illuminate\Database\Eloquent\Factories\Factory.php:365
at vendor\laravel\framework\src\Illuminate\Database\Eloquent\Factories\Factory.php:321
at tests\Feature\BookingManagementTest.php:14</error>
        </testcase>
        <testcase name="`Booking Management` → `Booking Soft Deletion` → it soft deletes bookings instead of hard deletion" file="tests\Feature\BookingManagementTest.php::`Booking Management` → `Booking Soft Deletion` → it soft deletes bookings instead of hard deletion" class="Tests\Feature\BookingManagementTest" classname="Tests.Feature.BookingManagementTest" assertions="0" time="0.000000">
          <error type="Illuminate\Database\QueryException">`Booking Management` → `Booking Soft Deletion` → it soft deletes bookings instead of hard deletionIlluminate\Database\QueryException: SQLSTATE[HY000]: General error: 1 no such table: car_rental_users (Connection: sqlite, SQL: insert into "car_rental_users" ("name", "email", "email_verified_at", "password", "phone", "role", "status", "license_number", "id_document_path", "license_document_path", "is_verified", "date_of_birth", "address", "remember_token", "updated_at", "created_at") values (Dr. Eric Hoppe, boris84@example.net, 2025-09-24 12:53:19, $2y$04$78g4B33dBB9yvLZHXPZyOuzF4w5wzk7FwYQTRiFHrXZoaR9VfYlfW, (347) 694-1139, admin, active, ybt-1326-3203, documents/ids/0e60a471-423b-34b9-9718-1a5e8f4cf638.pdf, documents/licenses/58c117a0-7d87-3599-a05c-7f4ffa7b7f07.pdf, 1, 1974-09-27 00:00:00, 2715 Rowe Ridges
New Ernestmouth, ND 37385-1985, 2oyGC3DYAd, 2025-09-24 12:53:19, 2025-09-24 12:53:19))&#13;
at vendor\laravel\framework\src\Illuminate\Database\Connection.php:564
at vendor\laravel\framework\src\Illuminate\Database\Connection.php:811
at vendor\laravel\framework\src\Illuminate\Database\Connection.php:778
at vendor\laravel\framework\src\Illuminate\Database\Connection.php:559
at vendor\laravel\framework\src\Illuminate\Database\Connection.php:523
at vendor\laravel\framework\src\Illuminate\Database\Query\Processors\Processor.php:32
at vendor\laravel\framework\src\Illuminate\Database\Query\Builder.php:3853
at vendor\laravel\framework\src\Illuminate\Database\Eloquent\Builder.php:2235
at vendor\laravel\framework\src\Illuminate\Database\Eloquent\Model.php:1436
at vendor\laravel\framework\src\Illuminate\Database\Eloquent\Model.php:1401
at vendor\laravel\framework\src\Illuminate\Database\Eloquent\Model.php:1240
at vendor\laravel\framework\src\Illuminate\Database\Eloquent\Factories\Factory.php:370
at vendor\laravel\framework\src\Illuminate\Collections\Traits\EnumeratesValues.php:271
at vendor\laravel\framework\src\Illuminate\Database\Eloquent\Factories\Factory.php:365
at vendor\laravel\framework\src\Illuminate\Database\Eloquent\Factories\Factory.php:321
at tests\Feature\BookingManagementTest.php:14
Caused by
PDOException: SQLSTATE[HY000]: General error: 1 no such table: car_rental_users

at vendor\laravel\framework\src\Illuminate\Database\Connection.php:564
at vendor\laravel\framework\src\Illuminate\Database\Connection.php:811
at vendor\laravel\framework\src\Illuminate\Database\Connection.php:778
at vendor\laravel\framework\src\Illuminate\Database\Connection.php:559
at vendor\laravel\framework\src\Illuminate\Database\Connection.php:523
at vendor\laravel\framework\src\Illuminate\Database\Query\Processors\Processor.php:32
at vendor\laravel\framework\src\Illuminate\Database\Query\Builder.php:3853
at vendor\laravel\framework\src\Illuminate\Database\Eloquent\Builder.php:2235
at vendor\laravel\framework\src\Illuminate\Database\Eloquent\Model.php:1436
at vendor\laravel\framework\src\Illuminate\Database\Eloquent\Model.php:1401
at vendor\laravel\framework\src\Illuminate\Database\Eloquent\Model.php:1240
at vendor\laravel\framework\src\Illuminate\Database\Eloquent\Factories\Factory.php:370
at vendor\laravel\framework\src\Illuminate\Collections\Traits\EnumeratesValues.php:271
at vendor\laravel\framework\src\Illuminate\Database\Eloquent\Factories\Factory.php:365
at vendor\laravel\framework\src\Illuminate\Database\Eloquent\Factories\Factory.php:321
at tests\Feature\BookingManagementTest.php:14</error>
        </testcase>
        <testcase name="`Booking Management` → `Booking Calendar Integration` → it allows creating bookings from calendar" file="tests\Feature\BookingManagementTest.php::`Booking Management` → `Booking Calendar Integration` → it allows creating bookings from calendar" class="Tests\Feature\BookingManagementTest" classname="Tests.Feature.BookingManagementTest" assertions="0" time="0.000000">
          <error type="Illuminate\Database\QueryException">`Booking Management` → `Booking Calendar Integration` → it allows creating bookings from calendarIlluminate\Database\QueryException: SQLSTATE[HY000]: General error: 1 no such table: car_rental_users (Connection: sqlite, SQL: insert into "car_rental_users" ("name", "email", "email_verified_at", "password", "phone", "role", "status", "license_number", "id_document_path", "license_document_path", "is_verified", "date_of_birth", "address", "remember_token", "updated_at", "created_at") values (Joana Legros, xhegmann@example.net, 2025-09-24 12:53:19, $2y$04$78g4B33dBB9yvLZHXPZyOuzF4w5wzk7FwYQTRiFHrXZoaR9VfYlfW, 1-929-701-4170, admin, active, kre-8055-0474, documents/ids/7df646cf-5e21-3a23-bbe2-3e84083cfdc1.pdf, documents/licenses/21e31eb5-9c15-3ad9-8996-94b4bc153e9e.pdf, 1, 1966-07-01 00:00:00, 8483 Feeney Manor Apt. 027
New Isidro, KY 31828, 07quK4D7T2, 2025-09-24 12:53:19, 2025-09-24 12:53:19))&#13;
at vendor\laravel\framework\src\Illuminate\Database\Connection.php:564
at vendor\laravel\framework\src\Illuminate\Database\Connection.php:811
at vendor\laravel\framework\src\Illuminate\Database\Connection.php:778
at vendor\laravel\framework\src\Illuminate\Database\Connection.php:559
at vendor\laravel\framework\src\Illuminate\Database\Connection.php:523
at vendor\laravel\framework\src\Illuminate\Database\Query\Processors\Processor.php:32
at vendor\laravel\framework\src\Illuminate\Database\Query\Builder.php:3853
at vendor\laravel\framework\src\Illuminate\Database\Eloquent\Builder.php:2235
at vendor\laravel\framework\src\Illuminate\Database\Eloquent\Model.php:1436
at vendor\laravel\framework\src\Illuminate\Database\Eloquent\Model.php:1401
at vendor\laravel\framework\src\Illuminate\Database\Eloquent\Model.php:1240
at vendor\laravel\framework\src\Illuminate\Database\Eloquent\Factories\Factory.php:370
at vendor\laravel\framework\src\Illuminate\Collections\Traits\EnumeratesValues.php:271
at vendor\laravel\framework\src\Illuminate\Database\Eloquent\Factories\Factory.php:365
at vendor\laravel\framework\src\Illuminate\Database\Eloquent\Factories\Factory.php:321
at tests\Feature\BookingManagementTest.php:14
Caused by
PDOException: SQLSTATE[HY000]: General error: 1 no such table: car_rental_users

at vendor\laravel\framework\src\Illuminate\Database\Connection.php:564
at vendor\laravel\framework\src\Illuminate\Database\Connection.php:811
at vendor\laravel\framework\src\Illuminate\Database\Connection.php:778
at vendor\laravel\framework\src\Illuminate\Database\Connection.php:559
at vendor\laravel\framework\src\Illuminate\Database\Connection.php:523
at vendor\laravel\framework\src\Illuminate\Database\Query\Processors\Processor.php:32
at vendor\laravel\framework\src\Illuminate\Database\Query\Builder.php:3853
at vendor\laravel\framework\src\Illuminate\Database\Eloquent\Builder.php:2235
at vendor\laravel\framework\src\Illuminate\Database\Eloquent\Model.php:1436
at vendor\laravel\framework\src\Illuminate\Database\Eloquent\Model.php:1401
at vendor\laravel\framework\src\Illuminate\Database\Eloquent\Model.php:1240
at vendor\laravel\framework\src\Illuminate\Database\Eloquent\Factories\Factory.php:370
at vendor\laravel\framework\src\Illuminate\Collections\Traits\EnumeratesValues.php:271
at vendor\laravel\framework\src\Illuminate\Database\Eloquent\Factories\Factory.php:365
at vendor\laravel\framework\src\Illuminate\Database\Eloquent\Factories\Factory.php:321
at tests\Feature\BookingManagementTest.php:14</error>
        </testcase>
        <testcase name="`Booking Management` → `Booking Status Management` → it allows admin to update booking status" file="tests\Feature\BookingManagementTest.php::`Booking Management` → `Booking Status Management` → it allows admin to update booking status" class="Tests\Feature\BookingManagementTest" classname="Tests.Feature.BookingManagementTest" assertions="0" time="0.000000">
          <error type="Illuminate\Database\QueryException">`Booking Management` → `Booking Status Management` → it allows admin to update booking statusIlluminate\Database\QueryException: SQLSTATE[HY000]: General error: 1 no such table: car_rental_users (Connection: sqlite, SQL: insert into "car_rental_users" ("name", "email", "email_verified_at", "password", "phone", "role", "status", "license_number", "id_document_path", "license_document_path", "is_verified", "date_of_birth", "address", "remember_token", "updated_at", "created_at") values (Krystina Block, jena.orn@example.net, 2025-09-24 12:53:19, $2y$04$78g4B33dBB9yvLZHXPZyOuzF4w5wzk7FwYQTRiFHrXZoaR9VfYlfW, +1 (743) 705-3193, admin, active, rxc-0015-9115, documents/ids/fc6b7b98-7f1a-3a81-84e0-12705b7c58cb.pdf, documents/licenses/1c873027-e2db-33b8-8487-dc82fd1b30fb.pdf, 1, 1966-04-29 00:00:00, 30269 Sidney Corners
Lake Murraymouth, WV 77905, mMJot9Nf0W, 2025-09-24 12:53:19, 2025-09-24 12:53:19))&#13;
at vendor\laravel\framework\src\Illuminate\Database\Connection.php:564
at vendor\laravel\framework\src\Illuminate\Database\Connection.php:811
at vendor\laravel\framework\src\Illuminate\Database\Connection.php:778
at vendor\laravel\framework\src\Illuminate\Database\Connection.php:559
at vendor\laravel\framework\src\Illuminate\Database\Connection.php:523
at vendor\laravel\framework\src\Illuminate\Database\Query\Processors\Processor.php:32
at vendor\laravel\framework\src\Illuminate\Database\Query\Builder.php:3853
at vendor\laravel\framework\src\Illuminate\Database\Eloquent\Builder.php:2235
at vendor\laravel\framework\src\Illuminate\Database\Eloquent\Model.php:1436
at vendor\laravel\framework\src\Illuminate\Database\Eloquent\Model.php:1401
at vendor\laravel\framework\src\Illuminate\Database\Eloquent\Model.php:1240
at vendor\laravel\framework\src\Illuminate\Database\Eloquent\Factories\Factory.php:370
at vendor\laravel\framework\src\Illuminate\Collections\Traits\EnumeratesValues.php:271
at vendor\laravel\framework\src\Illuminate\Database\Eloquent\Factories\Factory.php:365
at vendor\laravel\framework\src\Illuminate\Database\Eloquent\Factories\Factory.php:321
at tests\Feature\BookingManagementTest.php:14
Caused by
PDOException: SQLSTATE[HY000]: General error: 1 no such table: car_rental_users

at vendor\laravel\framework\src\Illuminate\Database\Connection.php:564
at vendor\laravel\framework\src\Illuminate\Database\Connection.php:811
at vendor\laravel\framework\src\Illuminate\Database\Connection.php:778
at vendor\laravel\framework\src\Illuminate\Database\Connection.php:559
at vendor\laravel\framework\src\Illuminate\Database\Connection.php:523
at vendor\laravel\framework\src\Illuminate\Database\Query\Processors\Processor.php:32
at vendor\laravel\framework\src\Illuminate\Database\Query\Builder.php:3853
at vendor\laravel\framework\src\Illuminate\Database\Eloquent\Builder.php:2235
at vendor\laravel\framework\src\Illuminate\Database\Eloquent\Model.php:1436
at vendor\laravel\framework\src\Illuminate\Database\Eloquent\Model.php:1401
at vendor\laravel\framework\src\Illuminate\Database\Eloquent\Model.php:1240
at vendor\laravel\framework\src\Illuminate\Database\Eloquent\Factories\Factory.php:370
at vendor\laravel\framework\src\Illuminate\Collections\Traits\EnumeratesValues.php:271
at vendor\laravel\framework\src\Illuminate\Database\Eloquent\Factories\Factory.php:365
at vendor\laravel\framework\src\Illuminate\Database\Eloquent\Factories\Factory.php:321
at tests\Feature\BookingManagementTest.php:14</error>
        </testcase>
        <testcase name="`Booking Management` → `Booking Calendar Integration` → it displays bookings in calendar format" file="tests\Feature\BookingManagementTest.php::`Booking Management` → `Booking Calendar Integration` → it displays bookings in calendar format" class="Tests\Feature\BookingManagementTest" classname="Tests.Feature.BookingManagementTest" assertions="0" time="0.000000">
          <error type="Illuminate\Database\QueryException">`Booking Management` → `Booking Calendar Integration` → it displays bookings in calendar formatIlluminate\Database\QueryException: SQLSTATE[HY000]: General error: 1 no such table: car_rental_users (Connection: sqlite, SQL: insert into "car_rental_users" ("name", "email", "email_verified_at", "password", "phone", "role", "status", "license_number", "id_document_path", "license_document_path", "is_verified", "date_of_birth", "address", "remember_token", "updated_at", "created_at") values (Kaley Simonis, alfreda.strosin@example.net, 2025-09-24 12:53:19, $2y$04$78g4B33dBB9yvLZHXPZyOuzF4w5wzk7FwYQTRiFHrXZoaR9VfYlfW, +1 (619) 720-6269, admin, active, req-8055-9052, documents/ids/8891b1db-396f-30cb-8c2e-a6c41bd608d5.pdf, documents/licenses/9e4d5d42-5db6-3b67-82d1-be9882ff7f1a.pdf, 1, 1982-01-06 00:00:00, 9878 Chaz Trace Apt. 215
Emilyborough, NM 91296-6042, qPqluW5JjA, 2025-09-24 12:53:19, 2025-09-24 12:53:19))&#13;
at vendor\laravel\framework\src\Illuminate\Database\Connection.php:564
at vendor\laravel\framework\src\Illuminate\Database\Connection.php:811
at vendor\laravel\framework\src\Illuminate\Database\Connection.php:778
at vendor\laravel\framework\src\Illuminate\Database\Connection.php:559
at vendor\laravel\framework\src\Illuminate\Database\Connection.php:523
at vendor\laravel\framework\src\Illuminate\Database\Query\Processors\Processor.php:32
at vendor\laravel\framework\src\Illuminate\Database\Query\Builder.php:3853
at vendor\laravel\framework\src\Illuminate\Database\Eloquent\Builder.php:2235
at vendor\laravel\framework\src\Illuminate\Database\Eloquent\Model.php:1436
at vendor\laravel\framework\src\Illuminate\Database\Eloquent\Model.php:1401
at vendor\laravel\framework\src\Illuminate\Database\Eloquent\Model.php:1240
at vendor\laravel\framework\src\Illuminate\Database\Eloquent\Factories\Factory.php:370
at vendor\laravel\framework\src\Illuminate\Collections\Traits\EnumeratesValues.php:271
at vendor\laravel\framework\src\Illuminate\Database\Eloquent\Factories\Factory.php:365
at vendor\laravel\framework\src\Illuminate\Database\Eloquent\Factories\Factory.php:321
at tests\Feature\BookingManagementTest.php:14
Caused by
PDOException: SQLSTATE[HY000]: General error: 1 no such table: car_rental_users

at vendor\laravel\framework\src\Illuminate\Database\Connection.php:564
at vendor\laravel\framework\src\Illuminate\Database\Connection.php:811
at vendor\laravel\framework\src\Illuminate\Database\Connection.php:778
at vendor\laravel\framework\src\Illuminate\Database\Connection.php:559
at vendor\laravel\framework\src\Illuminate\Database\Connection.php:523
at vendor\laravel\framework\src\Illuminate\Database\Query\Processors\Processor.php:32
at vendor\laravel\framework\src\Illuminate\Database\Query\Builder.php:3853
at vendor\laravel\framework\src\Illuminate\Database\Eloquent\Builder.php:2235
at vendor\laravel\framework\src\Illuminate\Database\Eloquent\Model.php:1436
at vendor\laravel\framework\src\Illuminate\Database\Eloquent\Model.php:1401
at vendor\laravel\framework\src\Illuminate\Database\Eloquent\Model.php:1240
at vendor\laravel\framework\src\Illuminate\Database\Eloquent\Factories\Factory.php:370
at vendor\laravel\framework\src\Illuminate\Collections\Traits\EnumeratesValues.php:271
at vendor\laravel\framework\src\Illuminate\Database\Eloquent\Factories\Factory.php:365
at vendor\laravel\framework\src\Illuminate\Database\Eloquent\Factories\Factory.php:321
at tests\Feature\BookingManagementTest.php:14</error>
        </testcase>
      </testsuite>
      <testsuite name="Tests\Feature\VehiclePermissionsTest" file="tests\Feature\VehiclePermissionsTest.php" tests="5" assertions="2" errors="4" failures="0" skipped="0" time="0.414796">
        <testcase name="`Vehicle Creation Permissions` → admin can create vehicles" file="tests\Feature\VehiclePermissionsTest.php::`Vehicle Creation Permissions` → admin can create vehicles" class="Tests\Feature\VehiclePermissionsTest" classname="Tests.Feature.VehiclePermissionsTest" assertions="0" time="0.152783">
          <error type="Illuminate\Database\QueryException">`Vehicle Creation Permissions` → admin can create vehiclesIlluminate\Database\QueryException: SQLSTATE[HY000]: General error: 1 no such table: car_rental_users (Connection: sqlite, SQL: insert into "car_rental_users" ("name", "email", "email_verified_at", "password", "phone", "role", "status", "license_number", "id_document_path", "license_document_path", "is_verified", "date_of_birth", "address", "remember_token", "updated_at", "created_at") values (Geovany Ortiz DVM, dillan.schaden@example.org, 2025-09-24 12:53:19, $2y$04$78g4B33dBB9yvLZHXPZyOuzF4w5wzk7FwYQTRiFHrXZoaR9VfYlfW, 320.639.1009, admin, pending, uvk-8490-7185, documents/ids/bda148ca-c357-3b07-a156-b4b4444a1a95.pdf, documents/licenses/466791a6-4c52-319e-a731-9515a9c9102b.pdf, 1, 1966-04-01 00:00:00, 3312 Crooks Lodge Apt. 379
South Karli, IA 23772, m0nsyomUwD, 2025-09-24 12:53:19, 2025-09-24 12:53:19))&#13;
at vendor\laravel\framework\src\Illuminate\Database\Connection.php:564
at vendor\laravel\framework\src\Illuminate\Database\Connection.php:811
at vendor\laravel\framework\src\Illuminate\Database\Connection.php:778
at vendor\laravel\framework\src\Illuminate\Database\Connection.php:559
at vendor\laravel\framework\src\Illuminate\Database\Connection.php:523
at vendor\laravel\framework\src\Illuminate\Database\Query\Processors\Processor.php:32
at vendor\laravel\framework\src\Illuminate\Database\Query\Builder.php:3853
at vendor\laravel\framework\src\Illuminate\Database\Eloquent\Builder.php:2235
at vendor\laravel\framework\src\Illuminate\Database\Eloquent\Model.php:1436
at vendor\laravel\framework\src\Illuminate\Database\Eloquent\Model.php:1401
at vendor\laravel\framework\src\Illuminate\Database\Eloquent\Model.php:1240
at vendor\laravel\framework\src\Illuminate\Database\Eloquent\Factories\Factory.php:370
at vendor\laravel\framework\src\Illuminate\Collections\Traits\EnumeratesValues.php:271
at vendor\laravel\framework\src\Illuminate\Database\Eloquent\Factories\Factory.php:365
at vendor\laravel\framework\src\Illuminate\Database\Eloquent\Factories\Factory.php:321
at vendor\laravel\framework\src\Illuminate\Database\Eloquent\Factories\Factory.php:315
at tests\Feature\VehiclePermissionsTest.php:9
Caused by
PDOException: SQLSTATE[HY000]: General error: 1 no such table: car_rental_users

at vendor\laravel\framework\src\Illuminate\Database\Connection.php:564
at vendor\laravel\framework\src\Illuminate\Database\Connection.php:811
at vendor\laravel\framework\src\Illuminate\Database\Connection.php:778
at vendor\laravel\framework\src\Illuminate\Database\Connection.php:559
at vendor\laravel\framework\src\Illuminate\Database\Connection.php:523
at vendor\laravel\framework\src\Illuminate\Database\Query\Processors\Processor.php:32
at vendor\laravel\framework\src\Illuminate\Database\Query\Builder.php:3853
at vendor\laravel\framework\src\Illuminate\Database\Eloquent\Builder.php:2235
at vendor\laravel\framework\src\Illuminate\Database\Eloquent\Model.php:1436
at vendor\laravel\framework\src\Illuminate\Database\Eloquent\Model.php:1401
at vendor\laravel\framework\src\Illuminate\Database\Eloquent\Model.php:1240
at vendor\laravel\framework\src\Illuminate\Database\Eloquent\Factories\Factory.php:370
at vendor\laravel\framework\src\Illuminate\Collections\Traits\EnumeratesValues.php:271
at vendor\laravel\framework\src\Illuminate\Database\Eloquent\Factories\Factory.php:365
at vendor\laravel\framework\src\Illuminate\Database\Eloquent\Factories\Factory.php:321
at vendor\laravel\framework\src\Illuminate\Database\Eloquent\Factories\Factory.php:315
at tests\Feature\VehiclePermissionsTest.php:9</error>
        </testcase>
        <testcase name="`Vehicle Creation Permissions` → owner can create vehicles" file="tests\Feature\VehiclePermissionsTest.php::`Vehicle Creation Permissions` → owner can create vehicles" class="Tests\Feature\VehiclePermissionsTest" classname="Tests.Feature.VehiclePermissionsTest" assertions="0" time="0.061687">
          <error type="Illuminate\Database\QueryException">`Vehicle Creation Permissions` → owner can create vehiclesIlluminate\Database\QueryException: SQLSTATE[HY000]: General error: 1 no such table: car_rental_users (Connection: sqlite, SQL: insert into "car_rental_users" ("name", "email", "email_verified_at", "password", "phone", "role", "status", "license_number", "id_document_path", "license_document_path", "is_verified", "date_of_birth", "address", "remember_token", "updated_at", "created_at") values (Dr. Cathy Frami, welch.delta@example.net, 2025-09-24 12:53:19, $2y$04$78g4B33dBB9yvLZHXPZyOuzF4w5wzk7FwYQTRiFHrXZoaR9VfYlfW, 415.991.0795, owner, pending, akg-8964-0302, documents/ids/16b4f790-ed9b-3c06-afc6-aa4b1ff29347.pdf, documents/licenses/723ad67d-2288-3bb7-a6a9-6412deb01922.pdf, 1, 1966-03-31 00:00:00, 58201 Kulas Plaza
Mittieview, TX 31920-7418, XDpDlQJNOi, 2025-09-24 12:53:19, 2025-09-24 12:53:19))&#13;
at vendor\laravel\framework\src\Illuminate\Database\Connection.php:564
at vendor\laravel\framework\src\Illuminate\Database\Connection.php:811
at vendor\laravel\framework\src\Illuminate\Database\Connection.php:778
at vendor\laravel\framework\src\Illuminate\Database\Connection.php:559
at vendor\laravel\framework\src\Illuminate\Database\Connection.php:523
at vendor\laravel\framework\src\Illuminate\Database\Query\Processors\Processor.php:32
at vendor\laravel\framework\src\Illuminate\Database\Query\Builder.php:3853
at vendor\laravel\framework\src\Illuminate\Database\Eloquent\Builder.php:2235
at vendor\laravel\framework\src\Illuminate\Database\Eloquent\Model.php:1436
at vendor\laravel\framework\src\Illuminate\Database\Eloquent\Model.php:1401
at vendor\laravel\framework\src\Illuminate\Database\Eloquent\Model.php:1240
at vendor\laravel\framework\src\Illuminate\Database\Eloquent\Factories\Factory.php:370
at vendor\laravel\framework\src\Illuminate\Collections\Traits\EnumeratesValues.php:271
at vendor\laravel\framework\src\Illuminate\Database\Eloquent\Factories\Factory.php:365
at vendor\laravel\framework\src\Illuminate\Database\Eloquent\Factories\Factory.php:321
at vendor\laravel\framework\src\Illuminate\Database\Eloquent\Factories\Factory.php:315
at tests\Feature\VehiclePermissionsTest.php:21
Caused by
PDOException: SQLSTATE[HY000]: General error: 1 no such table: car_rental_users

at vendor\laravel\framework\src\Illuminate\Database\Connection.php:564
at vendor\laravel\framework\src\Illuminate\Database\Connection.php:811
at vendor\laravel\framework\src\Illuminate\Database\Connection.php:778
at vendor\laravel\framework\src\Illuminate\Database\Connection.php:559
at vendor\laravel\framework\src\Illuminate\Database\Connection.php:523
at vendor\laravel\framework\src\Illuminate\Database\Query\Processors\Processor.php:32
at vendor\laravel\framework\src\Illuminate\Database\Query\Builder.php:3853
at vendor\laravel\framework\src\Illuminate\Database\Eloquent\Builder.php:2235
at vendor\laravel\framework\src\Illuminate\Database\Eloquent\Model.php:1436
at vendor\laravel\framework\src\Illuminate\Database\Eloquent\Model.php:1401
at vendor\laravel\framework\src\Illuminate\Database\Eloquent\Model.php:1240
at vendor\laravel\framework\src\Illuminate\Database\Eloquent\Factories\Factory.php:370
at vendor\laravel\framework\src\Illuminate\Collections\Traits\EnumeratesValues.php:271
at vendor\laravel\framework\src\Illuminate\Database\Eloquent\Factories\Factory.php:365
at vendor\laravel\framework\src\Illuminate\Database\Eloquent\Factories\Factory.php:321
at vendor\laravel\framework\src\Illuminate\Database\Eloquent\Factories\Factory.php:315
at tests\Feature\VehiclePermissionsTest.php:21</error>
        </testcase>
        <testcase name="`Vehicle Creation Permissions` → guest cannot create vehicles" file="tests\Feature\VehiclePermissionsTest.php::`Vehicle Creation Permissions` → guest cannot create vehicles" class="Tests\Feature\VehiclePermissionsTest" classname="Tests.Feature.VehiclePermissionsTest" assertions="2" time="0.064666"/>
        <testcase name="`Vehicle Creation Permissions` → vehicle resource canCreate method works correctly" file="tests\Feature\VehiclePermissionsTest.php::`Vehicle Creation Permissions` → vehicle resource canCreate method works correctly" class="Tests\Feature\VehiclePermissionsTest" classname="Tests.Feature.VehiclePermissionsTest" assertions="0" time="0.068114">
          <error type="Illuminate\Database\QueryException">`Vehicle Creation Permissions` → vehicle resource canCreate method works correctlyIlluminate\Database\QueryException: SQLSTATE[HY000]: General error: 1 no such table: car_rental_users (Connection: sqlite, SQL: insert into "car_rental_users" ("name", "email", "email_verified_at", "password", "phone", "role", "status", "license_number", "id_document_path", "license_document_path", "is_verified", "date_of_birth", "address", "remember_token", "updated_at", "created_at") values (Ariel Volkman, elisa35@example.net, 2025-09-24 12:53:19, $2y$04$78g4B33dBB9yvLZHXPZyOuzF4w5wzk7FwYQTRiFHrXZoaR9VfYlfW, +1 (331) 988-8562, admin, pending, hkt-3383-7249, documents/ids/9cdee70d-0e52-3c75-8452-7f42de73b88d.pdf, documents/licenses/76fc96cf-9f06-37e5-b2ab-76b313c29817.pdf, 1, 1979-02-21 00:00:00, 131 Purdy Isle
Ronton, OK 24900-6279, aDrbBBS7Xl, 2025-09-24 12:53:19, 2025-09-24 12:53:19))&#13;
at vendor\laravel\framework\src\Illuminate\Database\Connection.php:564
at vendor\laravel\framework\src\Illuminate\Database\Connection.php:811
at vendor\laravel\framework\src\Illuminate\Database\Connection.php:778
at vendor\laravel\framework\src\Illuminate\Database\Connection.php:559
at vendor\laravel\framework\src\Illuminate\Database\Connection.php:523
at vendor\laravel\framework\src\Illuminate\Database\Query\Processors\Processor.php:32
at vendor\laravel\framework\src\Illuminate\Database\Query\Builder.php:3853
at vendor\laravel\framework\src\Illuminate\Database\Eloquent\Builder.php:2235
at vendor\laravel\framework\src\Illuminate\Database\Eloquent\Model.php:1436
at vendor\laravel\framework\src\Illuminate\Database\Eloquent\Model.php:1401
at vendor\laravel\framework\src\Illuminate\Database\Eloquent\Model.php:1240
at vendor\laravel\framework\src\Illuminate\Database\Eloquent\Factories\Factory.php:370
at vendor\laravel\framework\src\Illuminate\Collections\Traits\EnumeratesValues.php:271
at vendor\laravel\framework\src\Illuminate\Database\Eloquent\Factories\Factory.php:365
at vendor\laravel\framework\src\Illuminate\Database\Eloquent\Factories\Factory.php:321
at vendor\laravel\framework\src\Illuminate\Database\Eloquent\Factories\Factory.php:315
at tests\Feature\VehiclePermissionsTest.php:54
Caused by
PDOException: SQLSTATE[HY000]: General error: 1 no such table: car_rental_users

at vendor\laravel\framework\src\Illuminate\Database\Connection.php:564
at vendor\laravel\framework\src\Illuminate\Database\Connection.php:811
at vendor\laravel\framework\src\Illuminate\Database\Connection.php:778
at vendor\laravel\framework\src\Illuminate\Database\Connection.php:559
at vendor\laravel\framework\src\Illuminate\Database\Connection.php:523
at vendor\laravel\framework\src\Illuminate\Database\Query\Processors\Processor.php:32
at vendor\laravel\framework\src\Illuminate\Database\Query\Builder.php:3853
at vendor\laravel\framework\src\Illuminate\Database\Eloquent\Builder.php:2235
at vendor\laravel\framework\src\Illuminate\Database\Eloquent\Model.php:1436
at vendor\laravel\framework\src\Illuminate\Database\Eloquent\Model.php:1401
at vendor\laravel\framework\src\Illuminate\Database\Eloquent\Model.php:1240
at vendor\laravel\framework\src\Illuminate\Database\Eloquent\Factories\Factory.php:370
at vendor\laravel\framework\src\Illuminate\Collections\Traits\EnumeratesValues.php:271
at vendor\laravel\framework\src\Illuminate\Database\Eloquent\Factories\Factory.php:365
at vendor\laravel\framework\src\Illuminate\Database\Eloquent\Factories\Factory.php:321
at vendor\laravel\framework\src\Illuminate\Database\Eloquent\Factories\Factory.php:315
at tests\Feature\VehiclePermissionsTest.php:54</error>
        </testcase>
        <testcase name="`Vehicle Creation Permissions` → renter cannot create vehicles" file="tests\Feature\VehiclePermissionsTest.php::`Vehicle Creation Permissions` → renter cannot create vehicles" class="Tests\Feature\VehiclePermissionsTest" classname="Tests.Feature.VehiclePermissionsTest" assertions="0" time="0.067546">
          <error type="Illuminate\Database\QueryException">`Vehicle Creation Permissions` → renter cannot create vehiclesIlluminate\Database\QueryException: SQLSTATE[HY000]: General error: 1 no such table: car_rental_users (Connection: sqlite, SQL: insert into "car_rental_users" ("name", "email", "email_verified_at", "password", "phone", "role", "status", "license_number", "id_document_path", "license_document_path", "is_verified", "date_of_birth", "address", "remember_token", "updated_at", "created_at") values (Brandt Jerde II, mertz.kara@example.net, 2025-09-24 12:53:19, $2y$04$78g4B33dBB9yvLZHXPZyOuzF4w5wzk7FwYQTRiFHrXZoaR9VfYlfW, +1 (848) 870-0310, renter, pending, ncq-1257-1681, documents/ids/2e6eed5f-2781-38f0-83ff-282f8c87311b.pdf, documents/licenses/42e36158-3191-395c-b18a-e1c243d554df.pdf, 1, 1998-01-18 00:00:00, 98707 Ahmad Harbors Suite 672
South Pinkchester, MD 21284, mkihz1NkoJ, 2025-09-24 12:53:19, 2025-09-24 12:53:19))&#13;
at vendor\laravel\framework\src\Illuminate\Database\Connection.php:564
at vendor\laravel\framework\src\Illuminate\Database\Connection.php:811
at vendor\laravel\framework\src\Illuminate\Database\Connection.php:778
at vendor\laravel\framework\src\Illuminate\Database\Connection.php:559
at vendor\laravel\framework\src\Illuminate\Database\Connection.php:523
at vendor\laravel\framework\src\Illuminate\Database\Query\Processors\Processor.php:32
at vendor\laravel\framework\src\Illuminate\Database\Query\Builder.php:3853
at vendor\laravel\framework\src\Illuminate\Database\Eloquent\Builder.php:2235
at vendor\laravel\framework\src\Illuminate\Database\Eloquent\Model.php:1436
at vendor\laravel\framework\src\Illuminate\Database\Eloquent\Model.php:1401
at vendor\laravel\framework\src\Illuminate\Database\Eloquent\Model.php:1240
at vendor\laravel\framework\src\Illuminate\Database\Eloquent\Factories\Factory.php:370
at vendor\laravel\framework\src\Illuminate\Collections\Traits\EnumeratesValues.php:271
at vendor\laravel\framework\src\Illuminate\Database\Eloquent\Factories\Factory.php:365
at vendor\laravel\framework\src\Illuminate\Database\Eloquent\Factories\Factory.php:321
at vendor\laravel\framework\src\Illuminate\Database\Eloquent\Factories\Factory.php:315
at tests\Feature\VehiclePermissionsTest.php:33
Caused by
PDOException: SQLSTATE[HY000]: General error: 1 no such table: car_rental_users

at vendor\laravel\framework\src\Illuminate\Database\Connection.php:564
at vendor\laravel\framework\src\Illuminate\Database\Connection.php:811
at vendor\laravel\framework\src\Illuminate\Database\Connection.php:778
at vendor\laravel\framework\src\Illuminate\Database\Connection.php:559
at vendor\laravel\framework\src\Illuminate\Database\Connection.php:523
at vendor\laravel\framework\src\Illuminate\Database\Query\Processors\Processor.php:32
at vendor\laravel\framework\src\Illuminate\Database\Query\Builder.php:3853
at vendor\laravel\framework\src\Illuminate\Database\Eloquent\Builder.php:2235
at vendor\laravel\framework\src\Illuminate\Database\Eloquent\Model.php:1436
at vendor\laravel\framework\src\Illuminate\Database\Eloquent\Model.php:1401
at vendor\laravel\framework\src\Illuminate\Database\Eloquent\Model.php:1240
at vendor\laravel\framework\src\Illuminate\Database\Eloquent\Factories\Factory.php:370
at vendor\laravel\framework\src\Illuminate\Collections\Traits\EnumeratesValues.php:271
at vendor\laravel\framework\src\Illuminate\Database\Eloquent\Factories\Factory.php:365
at vendor\laravel\framework\src\Illuminate\Database\Eloquent\Factories\Factory.php:321
at vendor\laravel\framework\src\Illuminate\Database\Eloquent\Factories\Factory.php:315
at tests\Feature\VehiclePermissionsTest.php:33</error>
        </testcase>
      </testsuite>
      <testsuite name="Tests\Feature\Api\CarControllerTest" file="tests\Feature\Api\CarControllerTest.php" tests="18" assertions="1" errors="17" failures="1" skipped="0" time="0.667320">
        <testcase name="`Vehicle Search and Filtering` → it can filter by transmission type" file="tests\Feature\Api\CarControllerTest.php::`Vehicle Search and Filtering` → it can filter by transmission type" class="Tests\Feature\Api\CarControllerTest" classname="Tests.Feature.Api.CarControllerTest" assertions="0" time="0.000000">
          <error type="Illuminate\Database\QueryException">`Vehicle Search and Filtering` → it can filter by transmission typeIlluminate\Database\QueryException: SQLSTATE[HY000]: General error: 1 no such table: car_rental_users (Connection: sqlite, SQL: insert into "car_rental_users" ("name", "email", "email_verified_at", "password", "phone", "role", "status", "license_number", "id_document_path", "license_document_path", "is_verified", "date_of_birth", "address", "remember_token", "updated_at", "created_at") values (Mr. Carlos Pollich PhD, lula97@example.com, 2025-09-24 12:53:19, $2y$04$78g4B33dBB9yvLZHXPZyOuzF4w5wzk7FwYQTRiFHrXZoaR9VfYlfW, +1 (248) 549-5591, owner, active, vnc-1137-8927, documents/ids/7a7d6a29-c8be-36f1-9fb4-a1592316d0fd.pdf, documents/licenses/0cce41ec-83f6-36b0-b24f-08c290a1e339.pdf, 1, 2005-05-18 00:00:00, 7824 Marley Port
Hammesbury, MN 22563-5404, DttDzibNM0, 2025-09-24 12:53:19, 2025-09-24 12:53:19))&#13;
at vendor\laravel\framework\src\Illuminate\Database\Connection.php:564
at vendor\laravel\framework\src\Illuminate\Database\Connection.php:811
at vendor\laravel\framework\src\Illuminate\Database\Connection.php:778
at vendor\laravel\framework\src\Illuminate\Database\Connection.php:559
at vendor\laravel\framework\src\Illuminate\Database\Connection.php:523
at vendor\laravel\framework\src\Illuminate\Database\Query\Processors\Processor.php:32
at vendor\laravel\framework\src\Illuminate\Database\Query\Builder.php:3853
at vendor\laravel\framework\src\Illuminate\Database\Eloquent\Builder.php:2235
at vendor\laravel\framework\src\Illuminate\Database\Eloquent\Model.php:1436
at vendor\laravel\framework\src\Illuminate\Database\Eloquent\Model.php:1401
at vendor\laravel\framework\src\Illuminate\Database\Eloquent\Model.php:1240
at vendor\laravel\framework\src\Illuminate\Database\Eloquent\Factories\Factory.php:370
at vendor\laravel\framework\src\Illuminate\Collections\Traits\EnumeratesValues.php:271
at vendor\laravel\framework\src\Illuminate\Database\Eloquent\Factories\Factory.php:365
at vendor\laravel\framework\src\Illuminate\Database\Eloquent\Factories\Factory.php:321
at tests\Feature\Api\CarControllerTest.php:122
Caused by
PDOException: SQLSTATE[HY000]: General error: 1 no such table: car_rental_users

at vendor\laravel\framework\src\Illuminate\Database\Connection.php:564
at vendor\laravel\framework\src\Illuminate\Database\Connection.php:811
at vendor\laravel\framework\src\Illuminate\Database\Connection.php:778
at vendor\laravel\framework\src\Illuminate\Database\Connection.php:559
at vendor\laravel\framework\src\Illuminate\Database\Connection.php:523
at vendor\laravel\framework\src\Illuminate\Database\Query\Processors\Processor.php:32
at vendor\laravel\framework\src\Illuminate\Database\Query\Builder.php:3853
at vendor\laravel\framework\src\Illuminate\Database\Eloquent\Builder.php:2235
at vendor\laravel\framework\src\Illuminate\Database\Eloquent\Model.php:1436
at vendor\laravel\framework\src\Illuminate\Database\Eloquent\Model.php:1401
at vendor\laravel\framework\src\Illuminate\Database\Eloquent\Model.php:1240
at vendor\laravel\framework\src\Illuminate\Database\Eloquent\Factories\Factory.php:370
at vendor\laravel\framework\src\Illuminate\Collections\Traits\EnumeratesValues.php:271
at vendor\laravel\framework\src\Illuminate\Database\Eloquent\Factories\Factory.php:365
at vendor\laravel\framework\src\Illuminate\Database\Eloquent\Factories\Factory.php:321
at tests\Feature\Api\CarControllerTest.php:122</error>
        </testcase>
        <testcase name="`Vehicle Search and Filtering` → it can filter by price range" file="tests\Feature\Api\CarControllerTest.php::`Vehicle Search and Filtering` → it can filter by price range" class="Tests\Feature\Api\CarControllerTest" classname="Tests.Feature.Api.CarControllerTest" assertions="0" time="0.000000">
          <error type="Illuminate\Database\QueryException">`Vehicle Search and Filtering` → it can filter by price rangeIlluminate\Database\QueryException: SQLSTATE[HY000]: General error: 1 no such table: car_rental_users (Connection: sqlite, SQL: insert into "car_rental_users" ("name", "email", "email_verified_at", "password", "phone", "role", "status", "license_number", "id_document_path", "license_document_path", "is_verified", "date_of_birth", "address", "remember_token", "updated_at", "created_at") values (Mrs. Frances Ondricka Sr., nbernhard@example.com, 2025-09-24 12:53:20, $2y$04$78g4B33dBB9yvLZHXPZyOuzF4w5wzk7FwYQTRiFHrXZoaR9VfYlfW, 252-833-3362, owner, active, gvr-6981-2459, documents/ids/ebafc184-d73a-3c02-9f9a-a9e64a327d9c.pdf, documents/licenses/56bde63c-8a11-347e-a78b-35d91ec96b2c.pdf, 0, 1972-06-11 00:00:00, 57219 Vivien Trace Suite 185
Hermistonton, AZ 77429-2330, GnmcU6hZMH, 2025-09-24 12:53:20, 2025-09-24 12:53:20))&#13;
at vendor\laravel\framework\src\Illuminate\Database\Connection.php:564
at vendor\laravel\framework\src\Illuminate\Database\Connection.php:811
at vendor\laravel\framework\src\Illuminate\Database\Connection.php:778
at vendor\laravel\framework\src\Illuminate\Database\Connection.php:559
at vendor\laravel\framework\src\Illuminate\Database\Connection.php:523
at vendor\laravel\framework\src\Illuminate\Database\Query\Processors\Processor.php:32
at vendor\laravel\framework\src\Illuminate\Database\Query\Builder.php:3853
at vendor\laravel\framework\src\Illuminate\Database\Eloquent\Builder.php:2235
at vendor\laravel\framework\src\Illuminate\Database\Eloquent\Model.php:1436
at vendor\laravel\framework\src\Illuminate\Database\Eloquent\Model.php:1401
at vendor\laravel\framework\src\Illuminate\Database\Eloquent\Model.php:1240
at vendor\laravel\framework\src\Illuminate\Database\Eloquent\Factories\Factory.php:370
at vendor\laravel\framework\src\Illuminate\Collections\Traits\EnumeratesValues.php:271
at vendor\laravel\framework\src\Illuminate\Database\Eloquent\Factories\Factory.php:365
at vendor\laravel\framework\src\Illuminate\Database\Eloquent\Factories\Factory.php:321
at tests\Feature\Api\CarControllerTest.php:122
Caused by
PDOException: SQLSTATE[HY000]: General error: 1 no such table: car_rental_users

at vendor\laravel\framework\src\Illuminate\Database\Connection.php:564
at vendor\laravel\framework\src\Illuminate\Database\Connection.php:811
at vendor\laravel\framework\src\Illuminate\Database\Connection.php:778
at vendor\laravel\framework\src\Illuminate\Database\Connection.php:559
at vendor\laravel\framework\src\Illuminate\Database\Connection.php:523
at vendor\laravel\framework\src\Illuminate\Database\Query\Processors\Processor.php:32
at vendor\laravel\framework\src\Illuminate\Database\Query\Builder.php:3853
at vendor\laravel\framework\src\Illuminate\Database\Eloquent\Builder.php:2235
at vendor\laravel\framework\src\Illuminate\Database\Eloquent\Model.php:1436
at vendor\laravel\framework\src\Illuminate\Database\Eloquent\Model.php:1401
at vendor\laravel\framework\src\Illuminate\Database\Eloquent\Model.php:1240
at vendor\laravel\framework\src\Illuminate\Database\Eloquent\Factories\Factory.php:370
at vendor\laravel\framework\src\Illuminate\Collections\Traits\EnumeratesValues.php:271
at vendor\laravel\framework\src\Illuminate\Database\Eloquent\Factories\Factory.php:365
at vendor\laravel\framework\src\Illuminate\Database\Eloquent\Factories\Factory.php:321
at tests\Feature\Api\CarControllerTest.php:122</error>
        </testcase>
        <testcase name="`Vehicle Search and Filtering` → it excludes vehicles with conflicting bookings" file="tests\Feature\Api\CarControllerTest.php::`Vehicle Search and Filtering` → it excludes vehicles with conflicting bookings" class="Tests\Feature\Api\CarControllerTest" classname="Tests.Feature.Api.CarControllerTest" assertions="0" time="0.000000">
          <error type="Illuminate\Database\QueryException">`Vehicle Search and Filtering` → it excludes vehicles with conflicting bookingsIlluminate\Database\QueryException: SQLSTATE[HY000]: General error: 1 no such table: car_rental_users (Connection: sqlite, SQL: insert into "car_rental_users" ("name", "email", "email_verified_at", "password", "phone", "role", "status", "license_number", "id_document_path", "license_document_path", "is_verified", "date_of_birth", "address", "remember_token", "updated_at", "created_at") values (Josefa Bruen, demario.ratke@example.org, 2025-09-24 12:53:20, $2y$04$78g4B33dBB9yvLZHXPZyOuzF4w5wzk7FwYQTRiFHrXZoaR9VfYlfW, (240) 325-8755, owner, pending, vtz-0601-4759, documents/ids/8d462f38-bd3d-3654-a8cb-fc405818931c.pdf, documents/licenses/dba00e1a-7ef6-33ff-aa16-4a898dfad9cd.pdf, 1, 1989-05-28 00:00:00, 88921 Fisher Meadow Suite 466
Ferrybury, ND 71626, JShrDT5AAy, 2025-09-24 12:53:20, 2025-09-24 12:53:20))&#13;
at vendor\laravel\framework\src\Illuminate\Database\Connection.php:564
at vendor\laravel\framework\src\Illuminate\Database\Connection.php:811
at vendor\laravel\framework\src\Illuminate\Database\Connection.php:778
at vendor\laravel\framework\src\Illuminate\Database\Connection.php:559
at vendor\laravel\framework\src\Illuminate\Database\Connection.php:523
at vendor\laravel\framework\src\Illuminate\Database\Query\Processors\Processor.php:32
at vendor\laravel\framework\src\Illuminate\Database\Query\Builder.php:3853
at vendor\laravel\framework\src\Illuminate\Database\Eloquent\Builder.php:2235
at vendor\laravel\framework\src\Illuminate\Database\Eloquent\Model.php:1436
at vendor\laravel\framework\src\Illuminate\Database\Eloquent\Model.php:1401
at vendor\laravel\framework\src\Illuminate\Database\Eloquent\Model.php:1240
at vendor\laravel\framework\src\Illuminate\Database\Eloquent\Factories\Factory.php:370
at vendor\laravel\framework\src\Illuminate\Collections\Traits\EnumeratesValues.php:271
at vendor\laravel\framework\src\Illuminate\Database\Eloquent\Factories\Factory.php:365
at vendor\laravel\framework\src\Illuminate\Database\Eloquent\Factories\Factory.php:321
at tests\Feature\Api\CarControllerTest.php:122
Caused by
PDOException: SQLSTATE[HY000]: General error: 1 no such table: car_rental_users

at vendor\laravel\framework\src\Illuminate\Database\Connection.php:564
at vendor\laravel\framework\src\Illuminate\Database\Connection.php:811
at vendor\laravel\framework\src\Illuminate\Database\Connection.php:778
at vendor\laravel\framework\src\Illuminate\Database\Connection.php:559
at vendor\laravel\framework\src\Illuminate\Database\Connection.php:523
at vendor\laravel\framework\src\Illuminate\Database\Query\Processors\Processor.php:32
at vendor\laravel\framework\src\Illuminate\Database\Query\Builder.php:3853
at vendor\laravel\framework\src\Illuminate\Database\Eloquent\Builder.php:2235
at vendor\laravel\framework\src\Illuminate\Database\Eloquent\Model.php:1436
at vendor\laravel\framework\src\Illuminate\Database\Eloquent\Model.php:1401
at vendor\laravel\framework\src\Illuminate\Database\Eloquent\Model.php:1240
at vendor\laravel\framework\src\Illuminate\Database\Eloquent\Factories\Factory.php:370
at vendor\laravel\framework\src\Illuminate\Collections\Traits\EnumeratesValues.php:271
at vendor\laravel\framework\src\Illuminate\Database\Eloquent\Factories\Factory.php:365
at vendor\laravel\framework\src\Illuminate\Database\Eloquent\Factories\Factory.php:321
at tests\Feature\Api\CarControllerTest.php:122</error>
        </testcase>
        <testcase name="`Vehicle Details API` → it returns 404 for unpublished vehicles" file="tests\Feature\Api\CarControllerTest.php::`Vehicle Details API` → it returns 404 for unpublished vehicles" class="Tests\Feature\Api\CarControllerTest" classname="Tests.Feature.Api.CarControllerTest" assertions="0" time="0.058502">
          <error type="Illuminate\Database\QueryException">`Vehicle Details API` → it returns 404 for unpublished vehiclesIlluminate\Database\QueryException: SQLSTATE[HY000]: General error: 1 no such table: car_rental_users (Connection: sqlite, SQL: insert into "car_rental_users" ("name", "email", "email_verified_at", "password", "phone", "role", "status", "license_number", "id_document_path", "license_document_path", "is_verified", "date_of_birth", "address", "remember_token", "updated_at", "created_at") values (Mrs. Edyth Gutmann Sr., ruthe.dietrich@example.org, 2025-09-24 12:53:20, $2y$04$78g4B33dBB9yvLZHXPZyOuzF4w5wzk7FwYQTRiFHrXZoaR9VfYlfW, +1-360-483-4343, owner, approved, esu-0702-6381, documents/ids/b90aeb16-fcaf-31fd-9827-43aec8410046.pdf, documents/licenses/9967fb6e-51f2-3c90-ba9f-89a3d2c403f7.pdf, 0, 1961-04-15 00:00:00, 8348 Russ Rapid
Kayleighside, AR 87642-9723, fTT8OB5dDy, 2025-09-24 12:53:20, 2025-09-24 12:53:20))&#13;
at vendor\laravel\framework\src\Illuminate\Database\Connection.php:564
at vendor\laravel\framework\src\Illuminate\Database\Connection.php:811
at vendor\laravel\framework\src\Illuminate\Database\Connection.php:778
at vendor\laravel\framework\src\Illuminate\Database\Connection.php:559
at vendor\laravel\framework\src\Illuminate\Database\Connection.php:523
at vendor\laravel\framework\src\Illuminate\Database\Query\Processors\Processor.php:32
at vendor\laravel\framework\src\Illuminate\Database\Query\Builder.php:3853
at vendor\laravel\framework\src\Illuminate\Database\Eloquent\Builder.php:2235
at vendor\laravel\framework\src\Illuminate\Database\Eloquent\Model.php:1436
at vendor\laravel\framework\src\Illuminate\Database\Eloquent\Model.php:1401
at vendor\laravel\framework\src\Illuminate\Database\Eloquent\Model.php:1240
at vendor\laravel\framework\src\Illuminate\Database\Eloquent\Factories\Factory.php:370
at vendor\laravel\framework\src\Illuminate\Collections\Traits\EnumeratesValues.php:271
at vendor\laravel\framework\src\Illuminate\Database\Eloquent\Factories\Factory.php:365
at vendor\laravel\framework\src\Illuminate\Database\Eloquent\Factories\Factory.php:321
at tests\Feature\Api\CarControllerTest.php:362
Caused by
PDOException: SQLSTATE[HY000]: General error: 1 no such table: car_rental_users

at vendor\laravel\framework\src\Illuminate\Database\Connection.php:564
at vendor\laravel\framework\src\Illuminate\Database\Connection.php:811
at vendor\laravel\framework\src\Illuminate\Database\Connection.php:778
at vendor\laravel\framework\src\Illuminate\Database\Connection.php:559
at vendor\laravel\framework\src\Illuminate\Database\Connection.php:523
at vendor\laravel\framework\src\Illuminate\Database\Query\Processors\Processor.php:32
at vendor\laravel\framework\src\Illuminate\Database\Query\Builder.php:3853
at vendor\laravel\framework\src\Illuminate\Database\Eloquent\Builder.php:2235
at vendor\laravel\framework\src\Illuminate\Database\Eloquent\Model.php:1436
at vendor\laravel\framework\src\Illuminate\Database\Eloquent\Model.php:1401
at vendor\laravel\framework\src\Illuminate\Database\Eloquent\Model.php:1240
at vendor\laravel\framework\src\Illuminate\Database\Eloquent\Factories\Factory.php:370
at vendor\laravel\framework\src\Illuminate\Collections\Traits\EnumeratesValues.php:271
at vendor\laravel\framework\src\Illuminate\Database\Eloquent\Factories\Factory.php:365
at vendor\laravel\framework\src\Illuminate\Database\Eloquent\Factories\Factory.php:321
at tests\Feature\Api\CarControllerTest.php:362</error>
        </testcase>
        <testcase name="`Vehicle Details API` → it includes vehicle images with primary flagging" file="tests\Feature\Api\CarControllerTest.php::`Vehicle Details API` → it includes vehicle images with primary flagging" class="Tests\Feature\Api\CarControllerTest" classname="Tests.Feature.Api.CarControllerTest" assertions="0" time="0.069809">
          <error type="Illuminate\Database\QueryException">`Vehicle Details API` → it includes vehicle images with primary flaggingIlluminate\Database\QueryException: SQLSTATE[HY000]: General error: 1 no such table: car_rental_users (Connection: sqlite, SQL: insert into "car_rental_users" ("name", "email", "email_verified_at", "password", "phone", "role", "status", "license_number", "id_document_path", "license_document_path", "is_verified", "date_of_birth", "address", "remember_token", "updated_at", "created_at") values (Prof. Christian Jakubowski, zleffler@example.net, 2025-09-24 12:53:20, $2y$04$78g4B33dBB9yvLZHXPZyOuzF4w5wzk7FwYQTRiFHrXZoaR9VfYlfW, 616.701.7290, owner, approved, mdz-7532-8093, documents/ids/17120f56-27bb-3b17-9b23-44ba16e31eb1.pdf, documents/licenses/95020e4a-1914-3695-9e0a-a26171c841d1.pdf, 0, 1985-10-21 00:00:00, 350 Mathilde Prairie
South Estrella, MD 73223-1469, VXYERQI068, 2025-09-24 12:53:20, 2025-09-24 12:53:20))&#13;
at vendor\laravel\framework\src\Illuminate\Database\Connection.php:564
at vendor\laravel\framework\src\Illuminate\Database\Connection.php:811
at vendor\laravel\framework\src\Illuminate\Database\Connection.php:778
at vendor\laravel\framework\src\Illuminate\Database\Connection.php:559
at vendor\laravel\framework\src\Illuminate\Database\Connection.php:523
at vendor\laravel\framework\src\Illuminate\Database\Query\Processors\Processor.php:32
at vendor\laravel\framework\src\Illuminate\Database\Query\Builder.php:3853
at vendor\laravel\framework\src\Illuminate\Database\Eloquent\Builder.php:2235
at vendor\laravel\framework\src\Illuminate\Database\Eloquent\Model.php:1436
at vendor\laravel\framework\src\Illuminate\Database\Eloquent\Model.php:1401
at vendor\laravel\framework\src\Illuminate\Database\Eloquent\Model.php:1240
at vendor\laravel\framework\src\Illuminate\Database\Eloquent\Factories\Factory.php:370
at vendor\laravel\framework\src\Illuminate\Collections\Traits\EnumeratesValues.php:271
at vendor\laravel\framework\src\Illuminate\Database\Eloquent\Factories\Factory.php:365
at vendor\laravel\framework\src\Illuminate\Database\Eloquent\Factories\Factory.php:321
at tests\Feature\Api\CarControllerTest.php:296
Caused by
PDOException: SQLSTATE[HY000]: General error: 1 no such table: car_rental_users

at vendor\laravel\framework\src\Illuminate\Database\Connection.php:564
at vendor\laravel\framework\src\Illuminate\Database\Connection.php:811
at vendor\laravel\framework\src\Illuminate\Database\Connection.php:778
at vendor\laravel\framework\src\Illuminate\Database\Connection.php:559
at vendor\laravel\framework\src\Illuminate\Database\Connection.php:523
at vendor\laravel\framework\src\Illuminate\Database\Query\Processors\Processor.php:32
at vendor\laravel\framework\src\Illuminate\Database\Query\Builder.php:3853
at vendor\laravel\framework\src\Illuminate\Database\Eloquent\Builder.php:2235
at vendor\laravel\framework\src\Illuminate\Database\Eloquent\Model.php:1436
at vendor\laravel\framework\src\Illuminate\Database\Eloquent\Model.php:1401
at vendor\laravel\framework\src\Illuminate\Database\Eloquent\Model.php:1240
at vendor\laravel\framework\src\Illuminate\Database\Eloquent\Factories\Factory.php:370
at vendor\laravel\framework\src\Illuminate\Collections\Traits\EnumeratesValues.php:271
at vendor\laravel\framework\src\Illuminate\Database\Eloquent\Factories\Factory.php:365
at vendor\laravel\framework\src\Illuminate\Database\Eloquent\Factories\Factory.php:321
at tests\Feature\Api\CarControllerTest.php:296</error>
        </testcase>
        <testcase name="can list available cars" file="tests\Feature\Api\CarControllerTest.php::can list available cars" class="Tests\Feature\Api\CarControllerTest" classname="Tests.Feature.Api.CarControllerTest" assertions="0" time="0.071066">
          <error type="Illuminate\Database\QueryException">can list available carsIlluminate\Database\QueryException: SQLSTATE[HY000]: General error: 1 no such table: car_rental_users (Connection: sqlite, SQL: insert into "car_rental_users" ("name", "email", "email_verified_at", "password", "phone", "role", "status", "license_number", "id_document_path", "license_document_path", "is_verified", "date_of_birth", "address", "remember_token", "updated_at", "created_at") values (Mathias Bins, qklein@example.com, 2025-09-24 12:53:20, $2y$04$78g4B33dBB9yvLZHXPZyOuzF4w5wzk7FwYQTRiFHrXZoaR9VfYlfW, 740-894-7381, renter, approved, yil-7184-6287, documents/ids/8cc8375c-4080-354e-819b-f7e6f39f541c.pdf, documents/licenses/e2d3737f-56b3-3b2c-8ac8-59c0d7f67687.pdf, 0, 1985-11-07 00:00:00, 49266 Sean Square Suite 523
East Hans, ID 25837, y68jJkR9sE, 2025-09-24 12:53:20, 2025-09-24 12:53:20))&#13;
at vendor\laravel\framework\src\Illuminate\Database\Connection.php:564
at vendor\laravel\framework\src\Illuminate\Database\Connection.php:811
at vendor\laravel\framework\src\Illuminate\Database\Connection.php:778
at vendor\laravel\framework\src\Illuminate\Database\Connection.php:559
at vendor\laravel\framework\src\Illuminate\Database\Connection.php:523
at vendor\laravel\framework\src\Illuminate\Database\Query\Processors\Processor.php:32
at vendor\laravel\framework\src\Illuminate\Database\Query\Builder.php:3853
at vendor\laravel\framework\src\Illuminate\Database\Eloquent\Builder.php:2235
at vendor\laravel\framework\src\Illuminate\Database\Eloquent\Model.php:1436
at vendor\laravel\framework\src\Illuminate\Database\Eloquent\Model.php:1401
at vendor\laravel\framework\src\Illuminate\Database\Eloquent\Model.php:1240
at vendor\laravel\framework\src\Illuminate\Database\Eloquent\Factories\Factory.php:370
at vendor\laravel\framework\src\Illuminate\Collections\Traits\EnumeratesValues.php:271
at vendor\laravel\framework\src\Illuminate\Database\Eloquent\Factories\Factory.php:365
at vendor\laravel\framework\src\Illuminate\Database\Eloquent\Factories\Factory.php:321
at tests\Feature\Api\CarControllerTest.php:16
Caused by
PDOException: SQLSTATE[HY000]: General error: 1 no such table: car_rental_users

at vendor\laravel\framework\src\Illuminate\Database\Connection.php:564
at vendor\laravel\framework\src\Illuminate\Database\Connection.php:811
at vendor\laravel\framework\src\Illuminate\Database\Connection.php:778
at vendor\laravel\framework\src\Illuminate\Database\Connection.php:559
at vendor\laravel\framework\src\Illuminate\Database\Connection.php:523
at vendor\laravel\framework\src\Illuminate\Database\Query\Processors\Processor.php:32
at vendor\laravel\framework\src\Illuminate\Database\Query\Builder.php:3853
at vendor\laravel\framework\src\Illuminate\Database\Eloquent\Builder.php:2235
at vendor\laravel\framework\src\Illuminate\Database\Eloquent\Model.php:1436
at vendor\laravel\framework\src\Illuminate\Database\Eloquent\Model.php:1401
at vendor\laravel\framework\src\Illuminate\Database\Eloquent\Model.php:1240
at vendor\laravel\framework\src\Illuminate\Database\Eloquent\Factories\Factory.php:370
at vendor\laravel\framework\src\Illuminate\Collections\Traits\EnumeratesValues.php:271
at vendor\laravel\framework\src\Illuminate\Database\Eloquent\Factories\Factory.php:365
at vendor\laravel\framework\src\Illuminate\Database\Eloquent\Factories\Factory.php:321
at tests\Feature\Api\CarControllerTest.php:16</error>
        </testcase>
        <testcase name="`Repository Integration` → it uses VehicleRepository for search operations" file="tests\Feature\Api\CarControllerTest.php::`Repository Integration` → it uses VehicleRepository for search operations" class="Tests\Feature\Api\CarControllerTest" classname="Tests.Feature.Api.CarControllerTest" assertions="0" time="0.070842">
          <error type="Illuminate\Database\QueryException">`Repository Integration` → it uses VehicleRepository for search operationsIlluminate\Database\QueryException: SQLSTATE[HY000]: General error: 1 no such table: car_rental_users (Connection: sqlite, SQL: insert into "car_rental_users" ("name", "email", "email_verified_at", "password", "phone", "role", "status", "license_number", "id_document_path", "license_document_path", "is_verified", "date_of_birth", "address", "remember_token", "updated_at", "created_at") values (Olen Leannon III, ikub@example.net, 2025-09-24 12:53:20, $2y$04$78g4B33dBB9yvLZHXPZyOuzF4w5wzk7FwYQTRiFHrXZoaR9VfYlfW, +13049145459, owner, active, yod-7237-3863, documents/ids/8f30b207-6551-3be4-9eab-c9bfcd546f78.pdf, documents/licenses/145319b6-c059-3966-8ce3-c4f844d08dfe.pdf, 1, 1963-04-30 00:00:00, 2533 D'angelo Estate Suite 433
Morarmouth, AR 94833-4854, rglhVfUeSF, 2025-09-24 12:53:20, 2025-09-24 12:53:20))&#13;
at vendor\laravel\framework\src\Illuminate\Database\Connection.php:564
at vendor\laravel\framework\src\Illuminate\Database\Connection.php:811
at vendor\laravel\framework\src\Illuminate\Database\Connection.php:778
at vendor\laravel\framework\src\Illuminate\Database\Connection.php:559
at vendor\laravel\framework\src\Illuminate\Database\Connection.php:523
at vendor\laravel\framework\src\Illuminate\Database\Query\Processors\Processor.php:32
at vendor\laravel\framework\src\Illuminate\Database\Query\Builder.php:3853
at vendor\laravel\framework\src\Illuminate\Database\Eloquent\Builder.php:2235
at vendor\laravel\framework\src\Illuminate\Database\Eloquent\Model.php:1436
at vendor\laravel\framework\src\Illuminate\Database\Eloquent\Model.php:1401
at vendor\laravel\framework\src\Illuminate\Database\Eloquent\Model.php:1240
at vendor\laravel\framework\src\Illuminate\Database\Eloquent\Factories\Factory.php:370
at vendor\laravel\framework\src\Illuminate\Collections\Traits\EnumeratesValues.php:271
at vendor\laravel\framework\src\Illuminate\Database\Eloquent\Factories\Factory.php:365
at vendor\laravel\framework\src\Illuminate\Database\Eloquent\Factories\Factory.php:321
at tests\Feature\Api\CarControllerTest.php:377
Caused by
PDOException: SQLSTATE[HY000]: General error: 1 no such table: car_rental_users

at vendor\laravel\framework\src\Illuminate\Database\Connection.php:564
at vendor\laravel\framework\src\Illuminate\Database\Connection.php:811
at vendor\laravel\framework\src\Illuminate\Database\Connection.php:778
at vendor\laravel\framework\src\Illuminate\Database\Connection.php:559
at vendor\laravel\framework\src\Illuminate\Database\Connection.php:523
at vendor\laravel\framework\src\Illuminate\Database\Query\Processors\Processor.php:32
at vendor\laravel\framework\src\Illuminate\Database\Query\Builder.php:3853
at vendor\laravel\framework\src\Illuminate\Database\Eloquent\Builder.php:2235
at vendor\laravel\framework\src\Illuminate\Database\Eloquent\Model.php:1436
at vendor\laravel\framework\src\Illuminate\Database\Eloquent\Model.php:1401
at vendor\laravel\framework\src\Illuminate\Database\Eloquent\Model.php:1240
at vendor\laravel\framework\src\Illuminate\Database\Eloquent\Factories\Factory.php:370
at vendor\laravel\framework\src\Illuminate\Collections\Traits\EnumeratesValues.php:271
at vendor\laravel\framework\src\Illuminate\Database\Eloquent\Factories\Factory.php:365
at vendor\laravel\framework\src\Illuminate\Database\Eloquent\Factories\Factory.php:321
at tests\Feature\Api\CarControllerTest.php:377</error>
        </testcase>
        <testcase name="can show single car" file="tests\Feature\Api\CarControllerTest.php::can show single car" class="Tests\Feature\Api\CarControllerTest" classname="Tests.Feature.Api.CarControllerTest" assertions="0" time="0.066108">
          <error type="Illuminate\Database\QueryException">can show single carIlluminate\Database\QueryException: SQLSTATE[HY000]: General error: 1 no such table: car_rental_users (Connection: sqlite, SQL: insert into "car_rental_users" ("name", "email", "email_verified_at", "password", "phone", "role", "status", "license_number", "id_document_path", "license_document_path", "is_verified", "date_of_birth", "address", "remember_token", "updated_at", "created_at") values (Audie Hane V, kamron.kertzmann@example.net, 2025-09-24 12:53:20, $2y$04$78g4B33dBB9yvLZHXPZyOuzF4w5wzk7FwYQTRiFHrXZoaR9VfYlfW, 1-650-956-7579, owner, active, mww-5261-1374, documents/ids/1bc733ae-d7d7-3b90-a559-833bfa46c11a.pdf, documents/licenses/5152daba-fe33-3151-85e8-5a40ad3fad88.pdf, 0, 1972-01-17 00:00:00, 980 Gisselle Land Apt. 277
North Domenicoport, MN 89158, shAw6fwmTR, 2025-09-24 12:53:20, 2025-09-24 12:53:20))&#13;
at vendor\laravel\framework\src\Illuminate\Database\Connection.php:564
at vendor\laravel\framework\src\Illuminate\Database\Connection.php:811
at vendor\laravel\framework\src\Illuminate\Database\Connection.php:778
at vendor\laravel\framework\src\Illuminate\Database\Connection.php:559
at vendor\laravel\framework\src\Illuminate\Database\Connection.php:523
at vendor\laravel\framework\src\Illuminate\Database\Query\Processors\Processor.php:32
at vendor\laravel\framework\src\Illuminate\Database\Query\Builder.php:3853
at vendor\laravel\framework\src\Illuminate\Database\Eloquent\Builder.php:2235
at vendor\laravel\framework\src\Illuminate\Database\Eloquent\Model.php:1436
at vendor\laravel\framework\src\Illuminate\Database\Eloquent\Model.php:1401
at vendor\laravel\framework\src\Illuminate\Database\Eloquent\Model.php:1240
at vendor\laravel\framework\src\Illuminate\Database\Eloquent\Factories\Factory.php:370
at vendor\laravel\framework\src\Illuminate\Collections\Traits\EnumeratesValues.php:271
at vendor\laravel\framework\src\Illuminate\Database\Eloquent\Factories\Factory.php:365
at vendor\laravel\framework\src\Illuminate\Database\Eloquent\Factories\Factory.php:321
at tests\Feature\Api\CarControllerTest.php:78
Caused by
PDOException: SQLSTATE[HY000]: General error: 1 no such table: car_rental_users

at vendor\laravel\framework\src\Illuminate\Database\Connection.php:564
at vendor\laravel\framework\src\Illuminate\Database\Connection.php:811
at vendor\laravel\framework\src\Illuminate\Database\Connection.php:778
at vendor\laravel\framework\src\Illuminate\Database\Connection.php:559
at vendor\laravel\framework\src\Illuminate\Database\Connection.php:523
at vendor\laravel\framework\src\Illuminate\Database\Query\Processors\Processor.php:32
at vendor\laravel\framework\src\Illuminate\Database\Query\Builder.php:3853
at vendor\laravel\framework\src\Illuminate\Database\Eloquent\Builder.php:2235
at vendor\laravel\framework\src\Illuminate\Database\Eloquent\Model.php:1436
at vendor\laravel\framework\src\Illuminate\Database\Eloquent\Model.php:1401
at vendor\laravel\framework\src\Illuminate\Database\Eloquent\Model.php:1240
at vendor\laravel\framework\src\Illuminate\Database\Eloquent\Factories\Factory.php:370
at vendor\laravel\framework\src\Illuminate\Collections\Traits\EnumeratesValues.php:271
at vendor\laravel\framework\src\Illuminate\Database\Eloquent\Factories\Factory.php:365
at vendor\laravel\framework\src\Illuminate\Database\Eloquent\Factories\Factory.php:321
at tests\Feature\Api\CarControllerTest.php:78</error>
        </testcase>
        <testcase name="`Vehicle Search and Filtering` → it can sort by price ascending" file="tests\Feature\Api\CarControllerTest.php::`Vehicle Search and Filtering` → it can sort by price ascending" class="Tests\Feature\Api\CarControllerTest" classname="Tests.Feature.Api.CarControllerTest" assertions="0" time="0.000000">
          <error type="Illuminate\Database\QueryException">`Vehicle Search and Filtering` → it can sort by price ascendingIlluminate\Database\QueryException: SQLSTATE[HY000]: General error: 1 no such table: car_rental_users (Connection: sqlite, SQL: insert into "car_rental_users" ("name", "email", "email_verified_at", "password", "phone", "role", "status", "license_number", "id_document_path", "license_document_path", "is_verified", "date_of_birth", "address", "remember_token", "updated_at", "created_at") values (Mr. Dagmar Rosenbaum V, jettie90@example.com, 2025-09-24 12:53:20, $2y$04$78g4B33dBB9yvLZHXPZyOuzF4w5wzk7FwYQTRiFHrXZoaR9VfYlfW, 769.338.8771, renter, active, lnk-0871-7197, documents/ids/aa22ca05-9394-3ffb-84d2-d3731132fdf8.pdf, documents/licenses/12683c9f-0309-3c03-b422-d1574cebedd0.pdf, 1, 1978-04-21 00:00:00, 948 Gutmann Locks
South Rosendomouth, VT 37039-8884, sPJlQBCMdE, 2025-09-24 12:53:20, 2025-09-24 12:53:20))&#13;
at vendor\laravel\framework\src\Illuminate\Database\Connection.php:564
at vendor\laravel\framework\src\Illuminate\Database\Connection.php:811
at vendor\laravel\framework\src\Illuminate\Database\Connection.php:778
at vendor\laravel\framework\src\Illuminate\Database\Connection.php:559
at vendor\laravel\framework\src\Illuminate\Database\Connection.php:523
at vendor\laravel\framework\src\Illuminate\Database\Query\Processors\Processor.php:32
at vendor\laravel\framework\src\Illuminate\Database\Query\Builder.php:3853
at vendor\laravel\framework\src\Illuminate\Database\Eloquent\Builder.php:2235
at vendor\laravel\framework\src\Illuminate\Database\Eloquent\Model.php:1436
at vendor\laravel\framework\src\Illuminate\Database\Eloquent\Model.php:1401
at vendor\laravel\framework\src\Illuminate\Database\Eloquent\Model.php:1240
at vendor\laravel\framework\src\Illuminate\Database\Eloquent\Factories\Factory.php:370
at vendor\laravel\framework\src\Illuminate\Collections\Traits\EnumeratesValues.php:271
at vendor\laravel\framework\src\Illuminate\Database\Eloquent\Factories\Factory.php:365
at vendor\laravel\framework\src\Illuminate\Database\Eloquent\Factories\Factory.php:321
at tests\Feature\Api\CarControllerTest.php:122
Caused by
PDOException: SQLSTATE[HY000]: General error: 1 no such table: car_rental_users

at vendor\laravel\framework\src\Illuminate\Database\Connection.php:564
at vendor\laravel\framework\src\Illuminate\Database\Connection.php:811
at vendor\laravel\framework\src\Illuminate\Database\Connection.php:778
at vendor\laravel\framework\src\Illuminate\Database\Connection.php:559
at vendor\laravel\framework\src\Illuminate\Database\Connection.php:523
at vendor\laravel\framework\src\Illuminate\Database\Query\Processors\Processor.php:32
at vendor\laravel\framework\src\Illuminate\Database\Query\Builder.php:3853
at vendor\laravel\framework\src\Illuminate\Database\Eloquent\Builder.php:2235
at vendor\laravel\framework\src\Illuminate\Database\Eloquent\Model.php:1436
at vendor\laravel\framework\src\Illuminate\Database\Eloquent\Model.php:1401
at vendor\laravel\framework\src\Illuminate\Database\Eloquent\Model.php:1240
at vendor\laravel\framework\src\Illuminate\Database\Eloquent\Factories\Factory.php:370
at vendor\laravel\framework\src\Illuminate\Collections\Traits\EnumeratesValues.php:271
at vendor\laravel\framework\src\Illuminate\Database\Eloquent\Factories\Factory.php:365
at vendor\laravel\framework\src\Illuminate\Database\Eloquent\Factories\Factory.php:321
at tests\Feature\Api\CarControllerTest.php:122</error>
        </testcase>
        <testcase name="`Vehicle Search and Filtering` → it handles pagination correctly" file="tests\Feature\Api\CarControllerTest.php::`Vehicle Search and Filtering` → it handles pagination correctly" class="Tests\Feature\Api\CarControllerTest" classname="Tests.Feature.Api.CarControllerTest" assertions="0" time="0.000000">
          <error type="Illuminate\Database\QueryException">`Vehicle Search and Filtering` → it handles pagination correctlyIlluminate\Database\QueryException: SQLSTATE[HY000]: General error: 1 no such table: car_rental_users (Connection: sqlite, SQL: insert into "car_rental_users" ("name", "email", "email_verified_at", "password", "phone", "role", "status", "license_number", "id_document_path", "license_document_path", "is_verified", "date_of_birth", "address", "remember_token", "updated_at", "created_at") values (Heath Welch, xheaney@example.net, 2025-09-24 12:53:20, $2y$04$78g4B33dBB9yvLZHXPZyOuzF4w5wzk7FwYQTRiFHrXZoaR9VfYlfW, 860-428-3124, owner, pending, ypx-2561-2219, documents/ids/c8e4f27e-96ab-3496-b8fd-452e219f500c.pdf, documents/licenses/68f917a7-0314-3dca-b547-29f71e74c6cf.pdf, 1, 1976-05-05 00:00:00, 25558 Jess Fort Apt. 517
Lakinland, OK 80743, QYw4aNkFcq, 2025-09-24 12:53:20, 2025-09-24 12:53:20))&#13;
at vendor\laravel\framework\src\Illuminate\Database\Connection.php:564
at vendor\laravel\framework\src\Illuminate\Database\Connection.php:811
at vendor\laravel\framework\src\Illuminate\Database\Connection.php:778
at vendor\laravel\framework\src\Illuminate\Database\Connection.php:559
at vendor\laravel\framework\src\Illuminate\Database\Connection.php:523
at vendor\laravel\framework\src\Illuminate\Database\Query\Processors\Processor.php:32
at vendor\laravel\framework\src\Illuminate\Database\Query\Builder.php:3853
at vendor\laravel\framework\src\Illuminate\Database\Eloquent\Builder.php:2235
at vendor\laravel\framework\src\Illuminate\Database\Eloquent\Model.php:1436
at vendor\laravel\framework\src\Illuminate\Database\Eloquent\Model.php:1401
at vendor\laravel\framework\src\Illuminate\Database\Eloquent\Model.php:1240
at vendor\laravel\framework\src\Illuminate\Database\Eloquent\Factories\Factory.php:370
at vendor\laravel\framework\src\Illuminate\Collections\Traits\EnumeratesValues.php:271
at vendor\laravel\framework\src\Illuminate\Database\Eloquent\Factories\Factory.php:365
at vendor\laravel\framework\src\Illuminate\Database\Eloquent\Factories\Factory.php:321
at tests\Feature\Api\CarControllerTest.php:122
Caused by
PDOException: SQLSTATE[HY000]: General error: 1 no such table: car_rental_users

at vendor\laravel\framework\src\Illuminate\Database\Connection.php:564
at vendor\laravel\framework\src\Illuminate\Database\Connection.php:811
at vendor\laravel\framework\src\Illuminate\Database\Connection.php:778
at vendor\laravel\framework\src\Illuminate\Database\Connection.php:559
at vendor\laravel\framework\src\Illuminate\Database\Connection.php:523
at vendor\laravel\framework\src\Illuminate\Database\Query\Processors\Processor.php:32
at vendor\laravel\framework\src\Illuminate\Database\Query\Builder.php:3853
at vendor\laravel\framework\src\Illuminate\Database\Eloquent\Builder.php:2235
at vendor\laravel\framework\src\Illuminate\Database\Eloquent\Model.php:1436
at vendor\laravel\framework\src\Illuminate\Database\Eloquent\Model.php:1401
at vendor\laravel\framework\src\Illuminate\Database\Eloquent\Model.php:1240
at vendor\laravel\framework\src\Illuminate\Database\Eloquent\Factories\Factory.php:370
at vendor\laravel\framework\src\Illuminate\Collections\Traits\EnumeratesValues.php:271
at vendor\laravel\framework\src\Illuminate\Database\Eloquent\Factories\Factory.php:365
at vendor\laravel\framework\src\Illuminate\Database\Eloquent\Factories\Factory.php:321
at tests\Feature\Api\CarControllerTest.php:122</error>
        </testcase>
        <testcase name="`Vehicle Search and Filtering` → it can filter by seat count" file="tests\Feature\Api\CarControllerTest.php::`Vehicle Search and Filtering` → it can filter by seat count" class="Tests\Feature\Api\CarControllerTest" classname="Tests.Feature.Api.CarControllerTest" assertions="0" time="0.000000">
          <error type="Illuminate\Database\QueryException">`Vehicle Search and Filtering` → it can filter by seat countIlluminate\Database\QueryException: SQLSTATE[HY000]: General error: 1 no such table: car_rental_users (Connection: sqlite, SQL: insert into "car_rental_users" ("name", "email", "email_verified_at", "password", "phone", "role", "status", "license_number", "id_document_path", "license_document_path", "is_verified", "date_of_birth", "address", "remember_token", "updated_at", "created_at") values (Oma Jacobs, emanuel.lind@example.com, 2025-09-24 12:53:20, $2y$04$78g4B33dBB9yvLZHXPZyOuzF4w5wzk7FwYQTRiFHrXZoaR9VfYlfW, +1-530-250-6248, owner, pending, hcj-2779-8888, documents/ids/8ed6ec76-fc60-370e-a7b2-55032fc7850d.pdf, documents/licenses/83a9f86f-e00f-345e-8222-e920193dae26.pdf, 0, 1971-04-29 00:00:00, 5046 Raynor Courts Apt. 449
South Lenorafurt, AK 88389-8042, affcslPsBf, 2025-09-24 12:53:20, 2025-09-24 12:53:20))&#13;
at vendor\laravel\framework\src\Illuminate\Database\Connection.php:564
at vendor\laravel\framework\src\Illuminate\Database\Connection.php:811
at vendor\laravel\framework\src\Illuminate\Database\Connection.php:778
at vendor\laravel\framework\src\Illuminate\Database\Connection.php:559
at vendor\laravel\framework\src\Illuminate\Database\Connection.php:523
at vendor\laravel\framework\src\Illuminate\Database\Query\Processors\Processor.php:32
at vendor\laravel\framework\src\Illuminate\Database\Query\Builder.php:3853
at vendor\laravel\framework\src\Illuminate\Database\Eloquent\Builder.php:2235
at vendor\laravel\framework\src\Illuminate\Database\Eloquent\Model.php:1436
at vendor\laravel\framework\src\Illuminate\Database\Eloquent\Model.php:1401
at vendor\laravel\framework\src\Illuminate\Database\Eloquent\Model.php:1240
at vendor\laravel\framework\src\Illuminate\Database\Eloquent\Factories\Factory.php:370
at vendor\laravel\framework\src\Illuminate\Collections\Traits\EnumeratesValues.php:271
at vendor\laravel\framework\src\Illuminate\Database\Eloquent\Factories\Factory.php:365
at vendor\laravel\framework\src\Illuminate\Database\Eloquent\Factories\Factory.php:321
at tests\Feature\Api\CarControllerTest.php:122
Caused by
PDOException: SQLSTATE[HY000]: General error: 1 no such table: car_rental_users

at vendor\laravel\framework\src\Illuminate\Database\Connection.php:564
at vendor\laravel\framework\src\Illuminate\Database\Connection.php:811
at vendor\laravel\framework\src\Illuminate\Database\Connection.php:778
at vendor\laravel\framework\src\Illuminate\Database\Connection.php:559
at vendor\laravel\framework\src\Illuminate\Database\Connection.php:523
at vendor\laravel\framework\src\Illuminate\Database\Query\Processors\Processor.php:32
at vendor\laravel\framework\src\Illuminate\Database\Query\Builder.php:3853
at vendor\laravel\framework\src\Illuminate\Database\Eloquent\Builder.php:2235
at vendor\laravel\framework\src\Illuminate\Database\Eloquent\Model.php:1436
at vendor\laravel\framework\src\Illuminate\Database\Eloquent\Model.php:1401
at vendor\laravel\framework\src\Illuminate\Database\Eloquent\Model.php:1240
at vendor\laravel\framework\src\Illuminate\Database\Eloquent\Factories\Factory.php:370
at vendor\laravel\framework\src\Illuminate\Collections\Traits\EnumeratesValues.php:271
at vendor\laravel\framework\src\Illuminate\Database\Eloquent\Factories\Factory.php:365
at vendor\laravel\framework\src\Illuminate\Database\Eloquent\Factories\Factory.php:321
at tests\Feature\Api\CarControllerTest.php:122</error>
        </testcase>
        <testcase name="`Vehicle Details API` → it includes owner information" file="tests\Feature\Api\CarControllerTest.php::`Vehicle Details API` → it includes owner information" class="Tests\Feature\Api\CarControllerTest" classname="Tests.Feature.Api.CarControllerTest" assertions="0" time="0.063171">
          <error type="Illuminate\Database\QueryException">`Vehicle Details API` → it includes owner informationIlluminate\Database\QueryException: SQLSTATE[HY000]: General error: 1 no such table: car_rental_users (Connection: sqlite, SQL: insert into "car_rental_users" ("name", "email", "email_verified_at", "password", "phone", "role", "status", "license_number", "id_document_path", "license_document_path", "is_verified", "date_of_birth", "address", "remember_token", "updated_at", "created_at") values (John Doe, john@example.com, 2025-09-24 12:53:20, $2y$04$78g4B33dBB9yvLZHXPZyOuzF4w5wzk7FwYQTRiFHrXZoaR9VfYlfW, (657) 680-0175, owner, approved, xnu-4311-8351, documents/ids/a3959af9-3fa5-3a41-a396-4fd1d4d78f8c.pdf, documents/licenses/5fa9d4cf-6a48-3cfb-ba3a-e3953b7d7ad4.pdf, 1, 1986-05-04 00:00:00, 543 Brook Roads Suite 213
Considinemouth, PA 19177-0078, qtAmXkrW0b, 2025-09-24 12:53:20, 2025-09-24 12:53:20))&#13;
at vendor\laravel\framework\src\Illuminate\Database\Connection.php:564
at vendor\laravel\framework\src\Illuminate\Database\Connection.php:811
at vendor\laravel\framework\src\Illuminate\Database\Connection.php:778
at vendor\laravel\framework\src\Illuminate\Database\Connection.php:559
at vendor\laravel\framework\src\Illuminate\Database\Connection.php:523
at vendor\laravel\framework\src\Illuminate\Database\Query\Processors\Processor.php:32
at vendor\laravel\framework\src\Illuminate\Database\Query\Builder.php:3853
at vendor\laravel\framework\src\Illuminate\Database\Eloquent\Builder.php:2235
at vendor\laravel\framework\src\Illuminate\Database\Eloquent\Model.php:1436
at vendor\laravel\framework\src\Illuminate\Database\Eloquent\Model.php:1401
at vendor\laravel\framework\src\Illuminate\Database\Eloquent\Model.php:1240
at vendor\laravel\framework\src\Illuminate\Database\Eloquent\Factories\Factory.php:370
at vendor\laravel\framework\src\Illuminate\Collections\Traits\EnumeratesValues.php:271
at vendor\laravel\framework\src\Illuminate\Database\Eloquent\Factories\Factory.php:365
at vendor\laravel\framework\src\Illuminate\Database\Eloquent\Factories\Factory.php:321
at vendor\laravel\framework\src\Illuminate\Database\Eloquent\Factories\Factory.php:315
at tests\Feature\Api\CarControllerTest.php:336
Caused by
PDOException: SQLSTATE[HY000]: General error: 1 no such table: car_rental_users

at vendor\laravel\framework\src\Illuminate\Database\Connection.php:564
at vendor\laravel\framework\src\Illuminate\Database\Connection.php:811
at vendor\laravel\framework\src\Illuminate\Database\Connection.php:778
at vendor\laravel\framework\src\Illuminate\Database\Connection.php:559
at vendor\laravel\framework\src\Illuminate\Database\Connection.php:523
at vendor\laravel\framework\src\Illuminate\Database\Query\Processors\Processor.php:32
at vendor\laravel\framework\src\Illuminate\Database\Query\Builder.php:3853
at vendor\laravel\framework\src\Illuminate\Database\Eloquent\Builder.php:2235
at vendor\laravel\framework\src\Illuminate\Database\Eloquent\Model.php:1436
at vendor\laravel\framework\src\Illuminate\Database\Eloquent\Model.php:1401
at vendor\laravel\framework\src\Illuminate\Database\Eloquent\Model.php:1240
at vendor\laravel\framework\src\Illuminate\Database\Eloquent\Factories\Factory.php:370
at vendor\laravel\framework\src\Illuminate\Collections\Traits\EnumeratesValues.php:271
at vendor\laravel\framework\src\Illuminate\Database\Eloquent\Factories\Factory.php:365
at vendor\laravel\framework\src\Illuminate\Database\Eloquent\Factories\Factory.php:321
at vendor\laravel\framework\src\Illuminate\Database\Eloquent\Factories\Factory.php:315
at tests\Feature\Api\CarControllerTest.php:336</error>
        </testcase>
        <testcase name="`Repository Integration` → it repository maintains performance under load" file="tests\Feature\Api\CarControllerTest.php::`Repository Integration` → it repository maintains performance under load" class="Tests\Feature\Api\CarControllerTest" classname="Tests.Feature.Api.CarControllerTest" assertions="0" time="0.066731">
          <error type="Illuminate\Database\QueryException">`Repository Integration` → it repository maintains performance under loadIlluminate\Database\QueryException: SQLSTATE[HY000]: General error: 1 no such table: car_rental_users (Connection: sqlite, SQL: insert into "car_rental_users" ("name", "email", "email_verified_at", "password", "phone", "role", "status", "license_number", "id_document_path", "license_document_path", "is_verified", "date_of_birth", "address", "remember_token", "updated_at", "created_at") values (Wilson Mohr, gutmann.lauryn@example.com, 2025-09-24 12:53:20, $2y$04$78g4B33dBB9yvLZHXPZyOuzF4w5wzk7FwYQTRiFHrXZoaR9VfYlfW, +1 (806) 597-2603, renter, active, izm-9520-0080, documents/ids/bd9502fa-ae7e-3a71-9c6e-88b4074594d7.pdf, documents/licenses/65fe983f-0af9-32da-9e29-1cabbefad8d0.pdf, 1, 2001-09-16 00:00:00, 789 Neil Ridges Apt. 596
Bechtelarburgh, ID 30596, mC3vzrRf4Y, 2025-09-24 12:53:20, 2025-09-24 12:53:20))&#13;
at vendor\laravel\framework\src\Illuminate\Database\Connection.php:564
at vendor\laravel\framework\src\Illuminate\Database\Connection.php:811
at vendor\laravel\framework\src\Illuminate\Database\Connection.php:778
at vendor\laravel\framework\src\Illuminate\Database\Connection.php:559
at vendor\laravel\framework\src\Illuminate\Database\Connection.php:523
at vendor\laravel\framework\src\Illuminate\Database\Query\Processors\Processor.php:32
at vendor\laravel\framework\src\Illuminate\Database\Query\Builder.php:3853
at vendor\laravel\framework\src\Illuminate\Database\Eloquent\Builder.php:2235
at vendor\laravel\framework\src\Illuminate\Database\Eloquent\Model.php:1436
at vendor\laravel\framework\src\Illuminate\Database\Eloquent\Model.php:1401
at vendor\laravel\framework\src\Illuminate\Database\Eloquent\Model.php:1240
at vendor\laravel\framework\src\Illuminate\Database\Eloquent\Factories\Factory.php:370
at vendor\laravel\framework\src\Illuminate\Collections\Traits\EnumeratesValues.php:271
at vendor\laravel\framework\src\Illuminate\Database\Eloquent\Factories\Factory.php:365
at vendor\laravel\framework\src\Illuminate\Database\Eloquent\Factories\Factory.php:321
at tests\Feature\Api\CarControllerTest.php:395
Caused by
PDOException: SQLSTATE[HY000]: General error: 1 no such table: car_rental_users

at vendor\laravel\framework\src\Illuminate\Database\Connection.php:564
at vendor\laravel\framework\src\Illuminate\Database\Connection.php:811
at vendor\laravel\framework\src\Illuminate\Database\Connection.php:778
at vendor\laravel\framework\src\Illuminate\Database\Connection.php:559
at vendor\laravel\framework\src\Illuminate\Database\Connection.php:523
at vendor\laravel\framework\src\Illuminate\Database\Query\Processors\Processor.php:32
at vendor\laravel\framework\src\Illuminate\Database\Query\Builder.php:3853
at vendor\laravel\framework\src\Illuminate\Database\Eloquent\Builder.php:2235
at vendor\laravel\framework\src\Illuminate\Database\Eloquent\Model.php:1436
at vendor\laravel\framework\src\Illuminate\Database\Eloquent\Model.php:1401
at vendor\laravel\framework\src\Illuminate\Database\Eloquent\Model.php:1240
at vendor\laravel\framework\src\Illuminate\Database\Eloquent\Factories\Factory.php:370
at vendor\laravel\framework\src\Illuminate\Collections\Traits\EnumeratesValues.php:271
at vendor\laravel\framework\src\Illuminate\Database\Eloquent\Factories\Factory.php:365
at vendor\laravel\framework\src\Illuminate\Database\Eloquent\Factories\Factory.php:321
at tests\Feature\Api\CarControllerTest.php:395</error>
        </testcase>
        <testcase name="can filter cars by location" file="tests\Feature\Api\CarControllerTest.php::can filter cars by location" class="Tests\Feature\Api\CarControllerTest" classname="Tests.Feature.Api.CarControllerTest" assertions="0" time="0.065879">
          <error type="Illuminate\Database\QueryException">can filter cars by locationIlluminate\Database\QueryException: SQLSTATE[HY000]: General error: 1 no such table: car_rental_users (Connection: sqlite, SQL: insert into "car_rental_users" ("name", "email", "email_verified_at", "password", "phone", "role", "status", "license_number", "id_document_path", "license_document_path", "is_verified", "date_of_birth", "address", "remember_token", "updated_at", "created_at") values (Charles VonRueden, klesch@example.net, 2025-09-24 12:53:20, $2y$04$78g4B33dBB9yvLZHXPZyOuzF4w5wzk7FwYQTRiFHrXZoaR9VfYlfW, +1-253-461-4408, owner, pending, udb-8705-6582, documents/ids/538d3a79-c737-3fab-ab8e-ca5bda55c032.pdf, documents/licenses/91be40ab-0213-34fa-ad9b-2217812f9875.pdf, 1, 2002-07-06 00:00:00, 30288 Emely Alley Suite 256
New Era, ME 22601, uIZxnynujy, 2025-09-24 12:53:20, 2025-09-24 12:53:20))&#13;
at vendor\laravel\framework\src\Illuminate\Database\Connection.php:564
at vendor\laravel\framework\src\Illuminate\Database\Connection.php:811
at vendor\laravel\framework\src\Illuminate\Database\Connection.php:778
at vendor\laravel\framework\src\Illuminate\Database\Connection.php:559
at vendor\laravel\framework\src\Illuminate\Database\Connection.php:523
at vendor\laravel\framework\src\Illuminate\Database\Query\Processors\Processor.php:32
at vendor\laravel\framework\src\Illuminate\Database\Query\Builder.php:3853
at vendor\laravel\framework\src\Illuminate\Database\Eloquent\Builder.php:2235
at vendor\laravel\framework\src\Illuminate\Database\Eloquent\Model.php:1436
at vendor\laravel\framework\src\Illuminate\Database\Eloquent\Model.php:1401
at vendor\laravel\framework\src\Illuminate\Database\Eloquent\Model.php:1240
at vendor\laravel\framework\src\Illuminate\Database\Eloquent\Factories\Factory.php:370
at vendor\laravel\framework\src\Illuminate\Collections\Traits\EnumeratesValues.php:271
at vendor\laravel\framework\src\Illuminate\Database\Eloquent\Factories\Factory.php:365
at vendor\laravel\framework\src\Illuminate\Database\Eloquent\Factories\Factory.php:321
at tests\Feature\Api\CarControllerTest.php:54
Caused by
PDOException: SQLSTATE[HY000]: General error: 1 no such table: car_rental_users

at vendor\laravel\framework\src\Illuminate\Database\Connection.php:564
at vendor\laravel\framework\src\Illuminate\Database\Connection.php:811
at vendor\laravel\framework\src\Illuminate\Database\Connection.php:778
at vendor\laravel\framework\src\Illuminate\Database\Connection.php:559
at vendor\laravel\framework\src\Illuminate\Database\Connection.php:523
at vendor\laravel\framework\src\Illuminate\Database\Query\Processors\Processor.php:32
at vendor\laravel\framework\src\Illuminate\Database\Query\Builder.php:3853
at vendor\laravel\framework\src\Illuminate\Database\Eloquent\Builder.php:2235
at vendor\laravel\framework\src\Illuminate\Database\Eloquent\Model.php:1436
at vendor\laravel\framework\src\Illuminate\Database\Eloquent\Model.php:1401
at vendor\laravel\framework\src\Illuminate\Database\Eloquent\Model.php:1240
at vendor\laravel\framework\src\Illuminate\Database\Eloquent\Factories\Factory.php:370
at vendor\laravel\framework\src\Illuminate\Collections\Traits\EnumeratesValues.php:271
at vendor\laravel\framework\src\Illuminate\Database\Eloquent\Factories\Factory.php:365
at vendor\laravel\framework\src\Illuminate\Database\Eloquent\Factories\Factory.php:321
at tests\Feature\Api\CarControllerTest.php:54</error>
        </testcase>
        <testcase name="`Vehicle Details API` → it includes featured image URL in response" file="tests\Feature\Api\CarControllerTest.php::`Vehicle Details API` → it includes featured image URL in response" class="Tests\Feature\Api\CarControllerTest" classname="Tests.Feature.Api.CarControllerTest" assertions="0" time="0.067967">
          <error type="Illuminate\Database\QueryException">`Vehicle Details API` → it includes featured image URL in responseIlluminate\Database\QueryException: SQLSTATE[HY000]: General error: 1 no such table: car_rental_users (Connection: sqlite, SQL: insert into "car_rental_users" ("name", "email", "email_verified_at", "password", "phone", "role", "status", "license_number", "id_document_path", "license_document_path", "is_verified", "date_of_birth", "address", "remember_token", "updated_at", "created_at") values (Chance Boyle IV, rau.adrienne@example.net, 2025-09-24 12:53:20, $2y$04$78g4B33dBB9yvLZHXPZyOuzF4w5wzk7FwYQTRiFHrXZoaR9VfYlfW, +1 (248) 644-7592, owner, active, aww-4814-2903, documents/ids/a05afce2-cf5f-3ec4-bd0c-7e799cdaf6fb.pdf, documents/licenses/68bbc97e-d3d5-3218-b6ad-b8191cfd22df.pdf, 0, 1965-04-20 00:00:00, 894 Era Plaza
Edgarberg, MN 27426-1334, DQoyyRMOD1, 2025-09-24 12:53:20, 2025-09-24 12:53:20))&#13;
at vendor\laravel\framework\src\Illuminate\Database\Connection.php:564
at vendor\laravel\framework\src\Illuminate\Database\Connection.php:811
at vendor\laravel\framework\src\Illuminate\Database\Connection.php:778
at vendor\laravel\framework\src\Illuminate\Database\Connection.php:559
at vendor\laravel\framework\src\Illuminate\Database\Connection.php:523
at vendor\laravel\framework\src\Illuminate\Database\Query\Processors\Processor.php:32
at vendor\laravel\framework\src\Illuminate\Database\Query\Builder.php:3853
at vendor\laravel\framework\src\Illuminate\Database\Eloquent\Builder.php:2235
at vendor\laravel\framework\src\Illuminate\Database\Eloquent\Model.php:1436
at vendor\laravel\framework\src\Illuminate\Database\Eloquent\Model.php:1401
at vendor\laravel\framework\src\Illuminate\Database\Eloquent\Model.php:1240
at vendor\laravel\framework\src\Illuminate\Database\Eloquent\Factories\Factory.php:370
at vendor\laravel\framework\src\Illuminate\Collections\Traits\EnumeratesValues.php:271
at vendor\laravel\framework\src\Illuminate\Database\Eloquent\Factories\Factory.php:365
at vendor\laravel\framework\src\Illuminate\Database\Eloquent\Factories\Factory.php:321
at tests\Feature\Api\CarControllerTest.php:275
Caused by
PDOException: SQLSTATE[HY000]: General error: 1 no such table: car_rental_users

at vendor\laravel\framework\src\Illuminate\Database\Connection.php:564
at vendor\laravel\framework\src\Illuminate\Database\Connection.php:811
at vendor\laravel\framework\src\Illuminate\Database\Connection.php:778
at vendor\laravel\framework\src\Illuminate\Database\Connection.php:559
at vendor\laravel\framework\src\Illuminate\Database\Connection.php:523
at vendor\laravel\framework\src\Illuminate\Database\Query\Processors\Processor.php:32
at vendor\laravel\framework\src\Illuminate\Database\Query\Builder.php:3853
at vendor\laravel\framework\src\Illuminate\Database\Eloquent\Builder.php:2235
at vendor\laravel\framework\src\Illuminate\Database\Eloquent\Model.php:1436
at vendor\laravel\framework\src\Illuminate\Database\Eloquent\Model.php:1401
at vendor\laravel\framework\src\Illuminate\Database\Eloquent\Model.php:1240
at vendor\laravel\framework\src\Illuminate\Database\Eloquent\Factories\Factory.php:370
at vendor\laravel\framework\src\Illuminate\Collections\Traits\EnumeratesValues.php:271
at vendor\laravel\framework\src\Illuminate\Database\Eloquent\Factories\Factory.php:365
at vendor\laravel\framework\src\Illuminate\Database\Eloquent\Factories\Factory.php:321
at tests\Feature\Api\CarControllerTest.php:275</error>
        </testcase>
        <testcase name="`Vehicle Search and Filtering` → it can sort by price descending" file="tests\Feature\Api\CarControllerTest.php::`Vehicle Search and Filtering` → it can sort by price descending" class="Tests\Feature\Api\CarControllerTest" classname="Tests.Feature.Api.CarControllerTest" assertions="0" time="0.000000">
          <error type="Illuminate\Database\QueryException">`Vehicle Search and Filtering` → it can sort by price descendingIlluminate\Database\QueryException: SQLSTATE[HY000]: General error: 1 no such table: car_rental_users (Connection: sqlite, SQL: insert into "car_rental_users" ("name", "email", "email_verified_at", "password", "phone", "role", "status", "license_number", "id_document_path", "license_document_path", "is_verified", "date_of_birth", "address", "remember_token", "updated_at", "created_at") values (Cayla Schmitt, melba.dare@example.net, 2025-09-24 12:53:20, $2y$04$78g4B33dBB9yvLZHXPZyOuzF4w5wzk7FwYQTRiFHrXZoaR9VfYlfW, 510-781-5163, renter, approved, nkt-0959-1264, documents/ids/b31c16e2-2624-387e-82fc-822ac9a71060.pdf, documents/licenses/472067d1-1ef3-3343-80ed-b81658e9dfa2.pdf, 1, 1963-09-08 00:00:00, 4145 Pablo Crossing
Theaborough, WV 22099, RgeoZxSTXB, 2025-09-24 12:53:20, 2025-09-24 12:53:20))&#13;
at vendor\laravel\framework\src\Illuminate\Database\Connection.php:564
at vendor\laravel\framework\src\Illuminate\Database\Connection.php:811
at vendor\laravel\framework\src\Illuminate\Database\Connection.php:778
at vendor\laravel\framework\src\Illuminate\Database\Connection.php:559
at vendor\laravel\framework\src\Illuminate\Database\Connection.php:523
at vendor\laravel\framework\src\Illuminate\Database\Query\Processors\Processor.php:32
at vendor\laravel\framework\src\Illuminate\Database\Query\Builder.php:3853
at vendor\laravel\framework\src\Illuminate\Database\Eloquent\Builder.php:2235
at vendor\laravel\framework\src\Illuminate\Database\Eloquent\Model.php:1436
at vendor\laravel\framework\src\Illuminate\Database\Eloquent\Model.php:1401
at vendor\laravel\framework\src\Illuminate\Database\Eloquent\Model.php:1240
at vendor\laravel\framework\src\Illuminate\Database\Eloquent\Factories\Factory.php:370
at vendor\laravel\framework\src\Illuminate\Collections\Traits\EnumeratesValues.php:271
at vendor\laravel\framework\src\Illuminate\Database\Eloquent\Factories\Factory.php:365
at vendor\laravel\framework\src\Illuminate\Database\Eloquent\Factories\Factory.php:321
at tests\Feature\Api\CarControllerTest.php:122
Caused by
PDOException: SQLSTATE[HY000]: General error: 1 no such table: car_rental_users

at vendor\laravel\framework\src\Illuminate\Database\Connection.php:564
at vendor\laravel\framework\src\Illuminate\Database\Connection.php:811
at vendor\laravel\framework\src\Illuminate\Database\Connection.php:778
at vendor\laravel\framework\src\Illuminate\Database\Connection.php:559
at vendor\laravel\framework\src\Illuminate\Database\Connection.php:523
at vendor\laravel\framework\src\Illuminate\Database\Query\Processors\Processor.php:32
at vendor\laravel\framework\src\Illuminate\Database\Query\Builder.php:3853
at vendor\laravel\framework\src\Illuminate\Database\Eloquent\Builder.php:2235
at vendor\laravel\framework\src\Illuminate\Database\Eloquent\Model.php:1436
at vendor\laravel\framework\src\Illuminate\Database\Eloquent\Model.php:1401
at vendor\laravel\framework\src\Illuminate\Database\Eloquent\Model.php:1240
at vendor\laravel\framework\src\Illuminate\Database\Eloquent\Factories\Factory.php:370
at vendor\laravel\framework\src\Illuminate\Collections\Traits\EnumeratesValues.php:271
at vendor\laravel\framework\src\Illuminate\Database\Eloquent\Factories\Factory.php:365
at vendor\laravel\framework\src\Illuminate\Database\Eloquent\Factories\Factory.php:321
at tests\Feature\Api\CarControllerTest.php:122</error>
        </testcase>
        <testcase name="`Vehicle Search and Filtering` → it can combine multiple filters" file="tests\Feature\Api\CarControllerTest.php::`Vehicle Search and Filtering` → it can combine multiple filters" class="Tests\Feature\Api\CarControllerTest" classname="Tests.Feature.Api.CarControllerTest" assertions="0" time="0.000000">
          <error type="Illuminate\Database\QueryException">`Vehicle Search and Filtering` → it can combine multiple filtersIlluminate\Database\QueryException: SQLSTATE[HY000]: General error: 1 no such table: car_rental_users (Connection: sqlite, SQL: insert into "car_rental_users" ("name", "email", "email_verified_at", "password", "phone", "role", "status", "license_number", "id_document_path", "license_document_path", "is_verified", "date_of_birth", "address", "remember_token", "updated_at", "created_at") values (Dr. Buddy Hermann IV, gwen.kling@example.com, 2025-09-24 12:53:21, $2y$04$78g4B33dBB9yvLZHXPZyOuzF4w5wzk7FwYQTRiFHrXZoaR9VfYlfW, +1-820-897-1989, renter, active, qiy-6027-2195, documents/ids/5fe65f59-31ae-3b48-b383-146506dc38e4.pdf, documents/licenses/933d922b-4a85-3a87-a040-3ed94078bdc7.pdf, 1, 1978-01-04 00:00:00, 52171 Mellie Isle Suite 900
Murazikville, MS 01677, yruABJvlON, 2025-09-24 12:53:21, 2025-09-24 12:53:21))&#13;
at vendor\laravel\framework\src\Illuminate\Database\Connection.php:564
at vendor\laravel\framework\src\Illuminate\Database\Connection.php:811
at vendor\laravel\framework\src\Illuminate\Database\Connection.php:778
at vendor\laravel\framework\src\Illuminate\Database\Connection.php:559
at vendor\laravel\framework\src\Illuminate\Database\Connection.php:523
at vendor\laravel\framework\src\Illuminate\Database\Query\Processors\Processor.php:32
at vendor\laravel\framework\src\Illuminate\Database\Query\Builder.php:3853
at vendor\laravel\framework\src\Illuminate\Database\Eloquent\Builder.php:2235
at vendor\laravel\framework\src\Illuminate\Database\Eloquent\Model.php:1436
at vendor\laravel\framework\src\Illuminate\Database\Eloquent\Model.php:1401
at vendor\laravel\framework\src\Illuminate\Database\Eloquent\Model.php:1240
at vendor\laravel\framework\src\Illuminate\Database\Eloquent\Factories\Factory.php:370
at vendor\laravel\framework\src\Illuminate\Collections\Traits\EnumeratesValues.php:271
at vendor\laravel\framework\src\Illuminate\Database\Eloquent\Factories\Factory.php:365
at vendor\laravel\framework\src\Illuminate\Database\Eloquent\Factories\Factory.php:321
at tests\Feature\Api\CarControllerTest.php:122
Caused by
PDOException: SQLSTATE[HY000]: General error: 1 no such table: car_rental_users

at vendor\laravel\framework\src\Illuminate\Database\Connection.php:564
at vendor\laravel\framework\src\Illuminate\Database\Connection.php:811
at vendor\laravel\framework\src\Illuminate\Database\Connection.php:778
at vendor\laravel\framework\src\Illuminate\Database\Connection.php:559
at vendor\laravel\framework\src\Illuminate\Database\Connection.php:523
at vendor\laravel\framework\src\Illuminate\Database\Query\Processors\Processor.php:32
at vendor\laravel\framework\src\Illuminate\Database\Query\Builder.php:3853
at vendor\laravel\framework\src\Illuminate\Database\Eloquent\Builder.php:2235
at vendor\laravel\framework\src\Illuminate\Database\Eloquent\Model.php:1436
at vendor\laravel\framework\src\Illuminate\Database\Eloquent\Model.php:1401
at vendor\laravel\framework\src\Illuminate\Database\Eloquent\Model.php:1240
at vendor\laravel\framework\src\Illuminate\Database\Eloquent\Factories\Factory.php:370
at vendor\laravel\framework\src\Illuminate\Collections\Traits\EnumeratesValues.php:271
at vendor\laravel\framework\src\Illuminate\Database\Eloquent\Factories\Factory.php:365
at vendor\laravel\framework\src\Illuminate\Database\Eloquent\Factories\Factory.php:321
at tests\Feature\Api\CarControllerTest.php:122</error>
        </testcase>
        <testcase name="returns 404 for nonexistent car" file="tests\Feature\Api\CarControllerTest.php::returns 404 for nonexistent car" class="Tests\Feature\Api\CarControllerTest" classname="Tests.Feature.Api.CarControllerTest" assertions="1" time="0.067245">
          <failure type="PHPUnit\Framework\ExpectationFailedException">returns 404 for nonexistent carExpected response status code [404] but received 500.
Failed asserting that 500 is identical to 404.&#13;
&#13;
The following exception occurred during the last request:

PDOException: SQLSTATE[HY000]: General error: 1 no such table: car_rental_vehicles in C:\laragon\www\CarRentSystem\vendor\laravel\framework\src\Illuminate\Database\Connection.php:406
Stack trace:
#0 C:\laragon\www\CarRentSystem\vendor\laravel\framework\src\Illuminate\Database\Connection.php(406): PDO-&gt;prepare('select "car_ren...')
#1 C:\laragon\www\CarRentSystem\vendor\laravel\framework\src\Illuminate\Database\Connection.php(811): Illuminate\Database\Connection-&gt;{closure:Illuminate\Database\Connection::select():397}('select "car_ren...', Array)
#2 C:\laragon\www\CarRentSystem\vendor\laravel\framework\src\Illuminate\Database\Connection.php(778): Illuminate\Database\Connection-&gt;runQueryCallback('select "car_ren...', Array, Object(Closure))
#3 C:\laragon\www\CarRentSystem\vendor\laravel\framework\src\Illuminate\Database\Connection.php(397): Illuminate\Database\Connection-&gt;run('select "car_ren...', Array, Object(Closure))
#4 C:\laragon\www\CarRentSystem\vendor\laravel\framework\src\Illuminate\Database\Query\Builder.php(3188): Illuminate\Database\Connection-&gt;select('select "car_ren...', Array, true)
#5 C:\laragon\www\CarRentSystem\vendor\laravel\framework\src\Illuminate\Database\Query\Builder.php(3173): Illuminate\Database\Query\Builder-&gt;runSelect()
#6 C:\laragon\www\CarRentSystem\vendor\laravel\framework\src\Illuminate\Database\Query\Builder.php(3763): Illuminate\Database\Query\Builder-&gt;{closure:Illuminate\Database\Query\Builder::get():3172}()
#7 C:\laragon\www\CarRentSystem\vendor\laravel\framework\src\Illuminate\Database\Query\Builder.php(3172): Illuminate\Database\Query\Builder-&gt;onceWithColumns(Array, Object(Closure))
#8 C:\laragon\www\CarRentSystem\vendor\laravel\framework\src\Illuminate\Database\Eloquent\Builder.php(902): Illuminate\Database\Query\Builder-&gt;get(Array)
#9 C:\laragon\www\CarRentSystem\vendor\laravel\framework\src\Illuminate\Database\Eloquent\Builder.php(884): Illuminate\Database\Eloquent\Builder-&gt;getModels(Array)
#10 C:\laragon\www\CarRentSystem\vendor\laravel\framework\src\Illuminate\Database\Concerns\BuildsQueries.php(366): Illuminate\Database\Eloquent\Builder-&gt;get(Array)
#11 C:\laragon\www\CarRentSystem\vendor\laravel\framework\src\Illuminate\Database\Eloquent\Builder.php(568): Illuminate\Database\Eloquent\Builder-&gt;first(Array)
#12 C:\laragon\www\CarRentSystem\vendor\laravel\framework\src\Illuminate\Database\Eloquent\Builder.php(615): Illuminate\Database\Eloquent\Builder-&gt;find(999, Array)
#13 C:\laragon\www\CarRentSystem\app\Repositories\VehicleRepository.php(44): Illuminate\Database\Eloquent\Builder-&gt;findOrFail(999)
#14 C:\laragon\www\CarRentSystem\app\Actions\Vehicle\GetVehicleDetailsAction.php(16): App\Repositories\VehicleRepository-&gt;findWithDetails(999)
#15 C:\laragon\www\CarRentSystem\app\Http\Controllers\Api\CarController.php(26): App\Actions\Vehicle\GetVehicleDetailsAction-&gt;execute(999)
#16 C:\laragon\www\CarRentSystem\vendor\laravel\framework\src\Illuminate\Routing\ControllerDispatcher.php(46): App\Http\Controllers\Api\CarController-&gt;show(999)
#17 C:\laragon\www\CarRentSystem\vendor\laravel\framework\src\Illuminate\Routing\Route.php(265): Illuminate\Routing\ControllerDispatcher-&gt;dispatch(Object(Illuminate\Routing\Route), Object(App\Http\Controllers\Api\CarController), 'show')
#18 C:\laragon\www\CarRentSystem\vendor\laravel\framework\src\Illuminate\Routing\Route.php(211): Illuminate\Routing\Route-&gt;runController()
#19 C:\laragon\www\CarRentSystem\vendor\laravel\framework\src\Illuminate\Routing\Router.php(822): Illuminate\Routing\Route-&gt;run()
#20 C:\laragon\www\CarRentSystem\vendor\laravel\framework\src\Illuminate\Pipeline\Pipeline.php(180): Illuminate\Routing\Router-&gt;{closure:Illuminate\Routing\Router::runRouteWithinStack():821}(Object(Illuminate\Http\Request))
#21 C:\laragon\www\CarRentSystem\vendor\laravel\framework\src\Illuminate\Routing\Middleware\SubstituteBindings.php(50): Illuminate\Pipeline\Pipeline-&gt;{closure:Illuminate\Pipeline\Pipeline::prepareDestination():178}(Object(Illuminate\Http\Request))
#22 C:\laragon\www\CarRentSystem\vendor\laravel\framework\src\Illuminate\Pipeline\Pipeline.php(219): Illuminate\Routing\Middleware\SubstituteBindings-&gt;handle(Object(Illuminate\Http\Request), Object(Closure))
#23 C:\laragon\www\CarRentSystem\vendor\laravel\framework\src\Illuminate\Routing\Middleware\ThrottleRequests.php(160): Illuminate\Pipeline\Pipeline-&gt;{closure:{closure:Illuminate\Pipeline\Pipeline::carry():194}:195}(Object(Illuminate\Http\Request))
#24 C:\laragon\www\CarRentSystem\vendor\laravel\framework\src\Illuminate\Routing\Middleware\ThrottleRequests.php(91): Illuminate\Routing\Middleware\ThrottleRequests-&gt;handleRequest(Object(Illuminate\Http\Request), Object(Closure), Array)
#25 C:\laragon\www\CarRentSystem\vendor\laravel\framework\src\Illuminate\Pipeline\Pipeline.php(219): Illuminate\Routing\Middleware\ThrottleRequests-&gt;handle(Object(Illuminate\Http\Request), Object(Closure), '60', '1')
#26 C:\laragon\www\CarRentSystem\vendor\laravel\sanctum\src\Http\Middleware\EnsureFrontendRequestsAreStateful.php(26): Illuminate\Pipeline\Pipeline-&gt;{closure:{closure:Illuminate\Pipeline\Pipeline::carry():194}:195}(Object(Illuminate\Http\Request))
#27 C:\laragon\www\CarRentSystem\vendor\laravel\framework\src\Illuminate\Pipeline\Pipeline.php(180): Laravel\Sanctum\Http\Middleware\EnsureFrontendRequestsAreStateful-&gt;{closure:Laravel\Sanctum\Http\Middleware\EnsureFrontendRequestsAreStateful::handle():25}(Object(Illuminate\Http\Request))
#28 C:\laragon\www\CarRentSystem\vendor\laravel\framework\src\Illuminate\Pipeline\Pipeline.php(137): Illuminate\Pipeline\Pipeline-&gt;{closure:Illuminate\Pipeline\Pipeline::prepareDestination():178}(Object(Illuminate\Http\Request))
#29 C:\laragon\www\CarRentSystem\vendor\laravel\sanctum\src\Http\Middleware\EnsureFrontendRequestsAreStateful.php(25): Illuminate\Pipeline\Pipeline-&gt;then(Object(Closure))
#30 C:\laragon\www\CarRentSystem\vendor\laravel\framework\src\Illuminate\Pipeline\Pipeline.php(219): Laravel\Sanctum\Http\Middleware\EnsureFrontendRequestsAreStateful-&gt;handle(Object(Illuminate\Http\Request), Object(Closure))
#31 C:\laragon\www\CarRentSystem\vendor\laravel\framework\src\Illuminate\Pipeline\Pipeline.php(137): Illuminate\Pipeline\Pipeline-&gt;{closure:{closure:Illuminate\Pipeline\Pipeline::carry():194}:195}(Object(Illuminate\Http\Request))
#32 C:\laragon\www\CarRentSystem\vendor\laravel\framework\src\Illuminate\Routing\Router.php(821): Illuminate\Pipeline\Pipeline-&gt;then(Object(Closure))
#33 C:\laragon\www\CarRentSystem\vendor\laravel\framework\src\Illuminate\Routing\Router.php(800): Illuminate\Routing\Router-&gt;runRouteWithinStack(Object(Illuminate\Routing\Route), Object(Illuminate\Http\Request))
#34 C:\laragon\www\CarRentSystem\vendor\laravel\framework\src\Illuminate\Routing\Router.php(764): Illuminate\Routing\Router-&gt;runRoute(Object(Illuminate\Http\Request), Object(Illuminate\Routing\Route))
#35 C:\laragon\www\CarRentSystem\vendor\laravel\framework\src\Illuminate\Routing\Router.php(753): Illuminate\Routing\Router-&gt;dispatchToRoute(Object(Illuminate\Http\Request))
#36 C:\laragon\www\CarRentSystem\vendor\laravel\framework\src\Illuminate\Foundation\Http\Kernel.php(200): Illuminate\Routing\Router-&gt;dispatch(Object(Illuminate\Http\Request))
#37 C:\laragon\www\CarRentSystem\vendor\laravel\framework\src\Illuminate\Pipeline\Pipeline.php(180): Illuminate\Foundation\Http\Kernel-&gt;{closure:Illuminate\Foundation\Http\Kernel::dispatchToRouter():197}(Object(Illuminate\Http\Request))
#38 C:\laragon\www\CarRentSystem\vendor\livewire\livewire\src\Features\SupportDisablingBackButtonCache\DisableBackButtonCacheMiddleware.php(19): Illuminate\Pipeline\Pipeline-&gt;{closure:Illuminate\Pipeline\Pipeline::prepareDestination():178}(Object(Illuminate\Http\Request))
#39 C:\laragon\www\CarRentSystem\vendor\laravel\framework\src\Illuminate\Pipeline\Pipeline.php(219): Livewire\Features\SupportDisablingBackButtonCache\DisableBackButtonCacheMiddleware-&gt;handle(Object(Illuminate\Http\Request), Object(Closure))
#40 C:\laragon\www\CarRentSystem\vendor\laravel\framework\src\Illuminate\Foundation\Http\Middleware\TransformsRequest.php(21): Illuminate\Pipeline\Pipeline-&gt;{closure:{closure:Illuminate\Pipeline\Pipeline::carry():194}:195}(Object(Illuminate\Http\Request))
#41 C:\laragon\www\CarRentSystem\vendor\laravel\framework\src\Illuminate\Foundation\Http\Middleware\ConvertEmptyStringsToNull.php(31): Illuminate\Foundation\Http\Middleware\TransformsRequest-&gt;handle(Object(Illuminate\Http\Request), Object(Closure))
#42 C:\laragon\www\CarRentSystem\vendor\laravel\framework\src\Illuminate\Pipeline\Pipeline.php(219): Illuminate\Foundation\Http\Middleware\ConvertEmptyStringsToNull-&gt;handle(Object(Illuminate\Http\Request), Object(Closure))
#43 C:\laragon\www\CarRentSystem\vendor\laravel\framework\src\Illuminate\Foundation\Http\Middleware\TransformsRequest.php(21): Illuminate\Pipeline\Pipeline-&gt;{closure:{closure:Illuminate\Pipeline\Pipeline::carry():194}:195}(Object(Illuminate\Http\Request))
#44 C:\laragon\www\CarRentSystem\vendor\laravel\framework\src\Illuminate\Foundation\Http\Middleware\TrimStrings.php(51): Illuminate\Foundation\Http\Middleware\TransformsRequest-&gt;handle(Object(Illuminate\Http\Request), Object(Closure))
#45 C:\laragon\www\CarRentSystem\vendor\laravel\framework\src\Illuminate\Pipeline\Pipeline.php(219): Illuminate\Foundation\Http\Middleware\TrimStrings-&gt;handle(Object(Illuminate\Http\Request), Object(Closure))
#46 C:\laragon\www\CarRentSystem\vendor\laravel\framework\src\Illuminate\Http\Middleware\ValidatePostSize.php(27): Illuminate\Pipeline\Pipeline-&gt;{closure:{closure:Illuminate\Pipeline\Pipeline::carry():194}:195}(Object(Illuminate\Http\Request))
#47 C:\laragon\www\CarRentSystem\vendor\laravel\framework\src\Illuminate\Pipeline\Pipeline.php(219): Illuminate\Http\Middleware\ValidatePostSize-&gt;handle(Object(Illuminate\Http\Request), Object(Closure))
#48 C:\laragon\www\CarRentSystem\vendor\laravel\framework\src\Illuminate\Foundation\Http\Middleware\PreventRequestsDuringMaintenance.php(109): Illuminate\Pipeline\Pipeline-&gt;{closure:{closure:Illuminate\Pipeline\Pipeline::carry():194}:195}(Object(Illuminate\Http\Request))
#49 C:\laragon\www\CarRentSystem\vendor\laravel\framework\src\Illuminate\Pipeline\Pipeline.php(219): Illuminate\Foundation\Http\Middleware\PreventRequestsDuringMaintenance-&gt;handle(Object(Illuminate\Http\Request), Object(Closure))
#50 C:\laragon\www\CarRentSystem\vendor\laravel\framework\src\Illuminate\Http\Middleware\HandleCors.php(61): Illuminate\Pipeline\Pipeline-&gt;{closure:{closure:Illuminate\Pipeline\Pipeline::carry():194}:195}(Object(Illuminate\Http\Request))
#51 C:\laragon\www\CarRentSystem\vendor\laravel\framework\src\Illuminate\Pipeline\Pipeline.php(219): Illuminate\Http\Middleware\HandleCors-&gt;handle(Object(Illuminate\Http\Request), Object(Closure))
#52 C:\laragon\www\CarRentSystem\vendor\laravel\framework\src\Illuminate\Http\Middleware\TrustProxies.php(58): Illuminate\Pipeline\Pipeline-&gt;{closure:{closure:Illuminate\Pipeline\Pipeline::carry():194}:195}(Object(Illuminate\Http\Request))
#53 C:\laragon\www\CarRentSystem\vendor\laravel\framework\src\Illuminate\Pipeline\Pipeline.php(219): Illuminate\Http\Middleware\TrustProxies-&gt;handle(Object(Illuminate\Http\Request), Object(Closure))
#54 C:\laragon\www\CarRentSystem\vendor\laravel\framework\src\Illuminate\Foundation\Http\Middleware\InvokeDeferredCallbacks.php(22): Illuminate\Pipeline\Pipeline-&gt;{closure:{closure:Illuminate\Pipeline\Pipeline::carry():194}:195}(Object(Illuminate\Http\Request))
#55 C:\laragon\www\CarRentSystem\vendor\laravel\framework\src\Illuminate\Pipeline\Pipeline.php(219): Illuminate\Foundation\Http\Middleware\InvokeDeferredCallbacks-&gt;handle(Object(Illuminate\Http\Request), Object(Closure))
#56 C:\laragon\www\CarRentSystem\vendor\laravel\framework\src\Illuminate\Http\Middleware\ValidatePathEncoding.php(26): Illuminate\Pipeline\Pipeline-&gt;{closure:{closure:Illuminate\Pipeline\Pipeline::carry():194}:195}(Object(Illuminate\Http\Request))
#57 C:\laragon\www\CarRentSystem\vendor\laravel\framework\src\Illuminate\Pipeline\Pipeline.php(219): Illuminate\Http\Middleware\ValidatePathEncoding-&gt;handle(Object(Illuminate\Http\Request), Object(Closure))
#58 C:\laragon\www\CarRentSystem\vendor\laravel\framework\src\Illuminate\Pipeline\Pipeline.php(137): Illuminate\Pipeline\Pipeline-&gt;{closure:{closure:Illuminate\Pipeline\Pipeline::carry():194}:195}(Object(Illuminate\Http\Request))
#59 C:\laragon\www\CarRentSystem\vendor\laravel\framework\src\Illuminate\Foundation\Http\Kernel.php(175): Illuminate\Pipeline\Pipeline-&gt;then(Object(Closure))
#60 C:\laragon\www\CarRentSystem\vendor\laravel\framework\src\Illuminate\Foundation\Http\Kernel.php(144): Illuminate\Foundation\Http\Kernel-&gt;sendRequestThroughRouter(Object(Illuminate\Http\Request))
#61 C:\laragon\www\CarRentSystem\vendor\laravel\framework\src\Illuminate\Foundation\Testing\Concerns\MakesHttpRequests.php(607): Illuminate\Foundation\Http\Kernel-&gt;handle(Object(Illuminate\Http\Request))
#62 C:\laragon\www\CarRentSystem\vendor\laravel\framework\src\Illuminate\Foundation\Testing\Concerns\MakesHttpRequests.php(573): Illuminate\Foundation\Testing\TestCase-&gt;call('GET', '/api/cars/999', Array, Array, Array, Array, '[]')
#63 C:\laragon\www\CarRentSystem\vendor\laravel\framework\src\Illuminate\Foundation\Testing\Concerns\MakesHttpRequests.php(381): Illuminate\Foundation\Testing\TestCase-&gt;json('GET', '/api/cars/999', Array, Array, 0)
#64 C:\laragon\www\CarRentSystem\tests\Feature\Api\CarControllerTest.php(115): Illuminate\Foundation\Testing\TestCase-&gt;getJson('/api/cars/999')
#65 C:\laragon\www\CarRentSystem\vendor\pestphp\pest\src\Factories\TestCaseMethodFactory.php(168): P\Tests\Feature\Api\CarControllerTest-&gt;{closure:C:\laragon\www\CarRentSystem\tests\Feature\Api\CarControllerTest.php:114}()
#66 [internal function]: P\Tests\Feature\Api\CarControllerTest-&gt;{closure:Pest\Factories\TestCaseMethodFactory::getClosure():158}()
#67 C:\laragon\www\CarRentSystem\vendor\pestphp\pest\src\Concerns\Testable.php(429): call_user_func_array(Object(Closure), Array)
#68 C:\laragon\www\CarRentSystem\vendor\pestphp\pest\src\Support\ExceptionTrace.php(26): P\Tests\Feature\Api\CarControllerTest-&gt;{closure:Pest\Concerns\Testable::__callClosure():429}()
#69 C:\laragon\www\CarRentSystem\vendor\pestphp\pest\src\Concerns\Testable.php(429): Pest\Support\ExceptionTrace::ensure(Object(Closure))
#70 C:\laragon\www\CarRentSystem\vendor\pestphp\pest\src\Concerns\Testable.php(331): P\Tests\Feature\Api\CarControllerTest-&gt;__callClosure(Object(Closure), Array)
#71 C:\laragon\www\CarRentSystem\vendor\pestphp\pest\src\Factories\TestCaseFactory.php(169) : eval()'d code(52): P\Tests\Feature\Api\CarControllerTest-&gt;__runTest(Object(Closure))
#72 C:\laragon\www\CarRentSystem\vendor\phpunit\phpunit\src\Framework\TestCase.php(1316): P\Tests\Feature\Api\CarControllerTest-&gt;__pest_evaluable_returns_404_for_nonexistent_car()
#73 C:\laragon\www\CarRentSystem\vendor\phpunit\phpunit\src\Framework\TestCase.php(516): PHPUnit\Framework\TestCase-&gt;runTest()
#74 C:\laragon\www\CarRentSystem\vendor\phpunit\phpunit\src\Framework\TestRunner\TestRunner.php(99): PHPUnit\Framework\TestCase-&gt;runBare()
#75 C:\laragon\www\CarRentSystem\vendor\phpunit\phpunit\src\Framework\TestCase.php(357): PHPUnit\Framework\TestRunner-&gt;run(Object(P\Tests\Feature\Api\CarControllerTest))
#76 C:\laragon\www\CarRentSystem\vendor\phpunit\phpunit\src\Framework\TestSuite.php(374): PHPUnit\Framework\TestCase-&gt;run()
#77 C:\laragon\www\CarRentSystem\vendor\phpunit\phpunit\src\Framework\TestSuite.php(374): PHPUnit\Framework\TestSuite-&gt;run()
#78 C:\laragon\www\CarRentSystem\vendor\phpunit\phpunit\src\Framework\TestSuite.php(374): PHPUnit\Framework\TestSuite-&gt;run()
#79 C:\laragon\www\CarRentSystem\vendor\phpunit\phpunit\src\TextUI\TestRunner.php(64): PHPUnit\Framework\TestSuite-&gt;run()
#80 C:\laragon\www\CarRentSystem\vendor\phpunit\phpunit\src\TextUI\Application.php(229): PHPUnit\TextUI\TestRunner-&gt;run(Object(PHPUnit\TextUI\Configuration\Configuration), Object(PHPUnit\Runner\ResultCache\DefaultResultCache), Object(PHPUnit\Framework\TestSuite))
#81 C:\laragon\www\CarRentSystem\vendor\pestphp\pest\src\Kernel.php(103): PHPUnit\TextUI\Application-&gt;run(Array)
#82 C:\laragon\www\CarRentSystem\vendor\pestphp\pest\bin\pest(184): Pest\Kernel-&gt;handle(Array, Array)
#83 C:\laragon\www\CarRentSystem\vendor\pestphp\pest\bin\pest(192): {closure:C:\laragon\www\CarRentSystem\vendor\pestphp\pest\bin\pest:18}()
#84 C:\laragon\www\CarRentSystem\vendor\bin\pest(119): include('C:\\laragon\\www\\...')
#85 {main}

Next Illuminate\Database\QueryException: SQLSTATE[HY000]: General error: 1 no such table: car_rental_vehicles (Connection: sqlite, SQL: select "car_rental_vehicles".*, (select avg("car_rental_reviews"."rating") from "car_rental_reviews" where "car_rental_vehicles"."id" = "car_rental_reviews"."vehicle_id") as "reviews_avg_rating", (select count(*) from "car_rental_reviews" where "car_rental_vehicles"."id" = "car_rental_reviews"."vehicle_id") as "reviews_count" from "car_rental_vehicles" where "car_rental_vehicles"."id" = 999 and "car_rental_vehicles"."deleted_at" is null limit 1) in C:\laragon\www\CarRentSystem\vendor\laravel\framework\src\Illuminate\Database\Connection.php:824
Stack trace:
#0 C:\laragon\www\CarRentSystem\vendor\laravel\framework\src\Illuminate\Database\Connection.php(778): Illuminate\Database\Connection-&gt;runQueryCallback('select "car_ren...', Array, Object(Closure))
#1 C:\laragon\www\CarRentSystem\vendor\laravel\framework\src\Illuminate\Database\Connection.php(397): Illuminate\Database\Connection-&gt;run('select "car_ren...', Array, Object(Closure))
#2 C:\laragon\www\CarRentSystem\vendor\laravel\framework\src\Illuminate\Database\Query\Builder.php(3188): Illuminate\Database\Connection-&gt;select('select "car_ren...', Array, true)
#3 C:\laragon\www\CarRentSystem\vendor\laravel\framework\src\Illuminate\Database\Query\Builder.php(3173): Illuminate\Database\Query\Builder-&gt;runSelect()
#4 C:\laragon\www\CarRentSystem\vendor\laravel\framework\src\Illuminate\Database\Query\Builder.php(3763): Illuminate\Database\Query\Builder-&gt;{closure:Illuminate\Database\Query\Builder::get():3172}()
#5 C:\laragon\www\CarRentSystem\vendor\laravel\framework\src\Illuminate\Database\Query\Builder.php(3172): Illuminate\Database\Query\Builder-&gt;onceWithColumns(Array, Object(Closure))
#6 C:\laragon\www\CarRentSystem\vendor\laravel\framework\src\Illuminate\Database\Eloquent\Builder.php(902): Illuminate\Database\Query\Builder-&gt;get(Array)
#7 C:\laragon\www\CarRentSystem\vendor\laravel\framework\src\Illuminate\Database\Eloquent\Builder.php(884): Illuminate\Database\Eloquent\Builder-&gt;getModels(Array)
#8 C:\laragon\www\CarRentSystem\vendor\laravel\framework\src\Illuminate\Database\Concerns\BuildsQueries.php(366): Illuminate\Database\Eloquent\Builder-&gt;get(Array)
#9 C:\laragon\www\CarRentSystem\vendor\laravel\framework\src\Illuminate\Database\Eloquent\Builder.php(568): Illuminate\Database\Eloquent\Builder-&gt;first(Array)
#10 C:\laragon\www\CarRentSystem\vendor\laravel\framework\src\Illuminate\Database\Eloquent\Builder.php(615): Illuminate\Database\Eloquent\Builder-&gt;find(999, Array)
#11 C:\laragon\www\CarRentSystem\app\Repositories\VehicleRepository.php(44): Illuminate\Database\Eloquent\Builder-&gt;findOrFail(999)
#12 C:\laragon\www\CarRentSystem\app\Actions\Vehicle\GetVehicleDetailsAction.php(16): App\Repositories\VehicleRepository-&gt;findWithDetails(999)
#13 C:\laragon\www\CarRentSystem\app\Http\Controllers\Api\CarController.php(26): App\Actions\Vehicle\GetVehicleDetailsAction-&gt;execute(999)
#14 C:\laragon\www\CarRentSystem\vendor\laravel\framework\src\Illuminate\Routing\ControllerDispatcher.php(46): App\Http\Controllers\Api\CarController-&gt;show(999)
#15 C:\laragon\www\CarRentSystem\vendor\laravel\framework\src\Illuminate\Routing\Route.php(265): Illuminate\Routing\ControllerDispatcher-&gt;dispatch(Object(Illuminate\Routing\Route), Object(App\Http\Controllers\Api\CarController), 'show')
#16 C:\laragon\www\CarRentSystem\vendor\laravel\framework\src\Illuminate\Routing\Route.php(211): Illuminate\Routing\Route-&gt;runController()
#17 C:\laragon\www\CarRentSystem\vendor\laravel\framework\src\Illuminate\Routing\Router.php(822): Illuminate\Routing\Route-&gt;run()
#18 C:\laragon\www\CarRentSystem\vendor\laravel\framework\src\Illuminate\Pipeline\Pipeline.php(180): Illuminate\Routing\Router-&gt;{closure:Illuminate\Routing\Router::runRouteWithinStack():821}(Object(Illuminate\Http\Request))
#19 C:\laragon\www\CarRentSystem\vendor\laravel\framework\src\Illuminate\Routing\Middleware\SubstituteBindings.php(50): Illuminate\Pipeline\Pipeline-&gt;{closure:Illuminate\Pipeline\Pipeline::prepareDestination():178}(Object(Illuminate\Http\Request))
#20 C:\laragon\www\CarRentSystem\vendor\laravel\framework\src\Illuminate\Pipeline\Pipeline.php(219): Illuminate\Routing\Middleware\SubstituteBindings-&gt;handle(Object(Illuminate\Http\Request), Object(Closure))
#21 C:\laragon\www\CarRentSystem\vendor\laravel\framework\src\Illuminate\Routing\Middleware\ThrottleRequests.php(160): Illuminate\Pipeline\Pipeline-&gt;{closure:{closure:Illuminate\Pipeline\Pipeline::carry():194}:195}(Object(Illuminate\Http\Request))
#22 C:\laragon\www\CarRentSystem\vendor\laravel\framework\src\Illuminate\Routing\Middleware\ThrottleRequests.php(91): Illuminate\Routing\Middleware\ThrottleRequests-&gt;handleRequest(Object(Illuminate\Http\Request), Object(Closure), Array)
#23 C:\laragon\www\CarRentSystem\vendor\laravel\framework\src\Illuminate\Pipeline\Pipeline.php(219): Illuminate\Routing\Middleware\ThrottleRequests-&gt;handle(Object(Illuminate\Http\Request), Object(Closure), '60', '1')
#24 C:\laragon\www\CarRentSystem\vendor\laravel\sanctum\src\Http\Middleware\EnsureFrontendRequestsAreStateful.php(26): Illuminate\Pipeline\Pipeline-&gt;{closure:{closure:Illuminate\Pipeline\Pipeline::carry():194}:195}(Object(Illuminate\Http\Request))
#25 C:\laragon\www\CarRentSystem\vendor\laravel\framework\src\Illuminate\Pipeline\Pipeline.php(180): Laravel\Sanctum\Http\Middleware\EnsureFrontendRequestsAreStateful-&gt;{closure:Laravel\Sanctum\Http\Middleware\EnsureFrontendRequestsAreStateful::handle():25}(Object(Illuminate\Http\Request))
#26 C:\laragon\www\CarRentSystem\vendor\laravel\framework\src\Illuminate\Pipeline\Pipeline.php(137): Illuminate\Pipeline\Pipeline-&gt;{closure:Illuminate\Pipeline\Pipeline::prepareDestination():178}(Object(Illuminate\Http\Request))
#27 C:\laragon\www\CarRentSystem\vendor\laravel\sanctum\src\Http\Middleware\EnsureFrontendRequestsAreStateful.php(25): Illuminate\Pipeline\Pipeline-&gt;then(Object(Closure))
#28 C:\laragon\www\CarRentSystem\vendor\laravel\framework\src\Illuminate\Pipeline\Pipeline.php(219): Laravel\Sanctum\Http\Middleware\EnsureFrontendRequestsAreStateful-&gt;handle(Object(Illuminate\Http\Request), Object(Closure))
#29 C:\laragon\www\CarRentSystem\vendor\laravel\framework\src\Illuminate\Pipeline\Pipeline.php(137): Illuminate\Pipeline\Pipeline-&gt;{closure:{closure:Illuminate\Pipeline\Pipeline::carry():194}:195}(Object(Illuminate\Http\Request))
#30 C:\laragon\www\CarRentSystem\vendor\laravel\framework\src\Illuminate\Routing\Router.php(821): Illuminate\Pipeline\Pipeline-&gt;then(Object(Closure))
#31 C:\laragon\www\CarRentSystem\vendor\laravel\framework\src\Illuminate\Routing\Router.php(800): Illuminate\Routing\Router-&gt;runRouteWithinStack(Object(Illuminate\Routing\Route), Object(Illuminate\Http\Request))
#32 C:\laragon\www\CarRentSystem\vendor\laravel\framework\src\Illuminate\Routing\Router.php(764): Illuminate\Routing\Router-&gt;runRoute(Object(Illuminate\Http\Request), Object(Illuminate\Routing\Route))
#33 C:\laragon\www\CarRentSystem\vendor\laravel\framework\src\Illuminate\Routing\Router.php(753): Illuminate\Routing\Router-&gt;dispatchToRoute(Object(Illuminate\Http\Request))
#34 C:\laragon\www\CarRentSystem\vendor\laravel\framework\src\Illuminate\Foundation\Http\Kernel.php(200): Illuminate\Routing\Router-&gt;dispatch(Object(Illuminate\Http\Request))
#35 C:\laragon\www\CarRentSystem\vendor\laravel\framework\src\Illuminate\Pipeline\Pipeline.php(180): Illuminate\Foundation\Http\Kernel-&gt;{closure:Illuminate\Foundation\Http\Kernel::dispatchToRouter():197}(Object(Illuminate\Http\Request))
#36 C:\laragon\www\CarRentSystem\vendor\livewire\livewire\src\Features\SupportDisablingBackButtonCache\DisableBackButtonCacheMiddleware.php(19): Illuminate\Pipeline\Pipeline-&gt;{closure:Illuminate\Pipeline\Pipeline::prepareDestination():178}(Object(Illuminate\Http\Request))
#37 C:\laragon\www\CarRentSystem\vendor\laravel\framework\src\Illuminate\Pipeline\Pipeline.php(219): Livewire\Features\SupportDisablingBackButtonCache\DisableBackButtonCacheMiddleware-&gt;handle(Object(Illuminate\Http\Request), Object(Closure))
#38 C:\laragon\www\CarRentSystem\vendor\laravel\framework\src\Illuminate\Foundation\Http\Middleware\TransformsRequest.php(21): Illuminate\Pipeline\Pipeline-&gt;{closure:{closure:Illuminate\Pipeline\Pipeline::carry():194}:195}(Object(Illuminate\Http\Request))
#39 C:\laragon\www\CarRentSystem\vendor\laravel\framework\src\Illuminate\Foundation\Http\Middleware\ConvertEmptyStringsToNull.php(31): Illuminate\Foundation\Http\Middleware\TransformsRequest-&gt;handle(Object(Illuminate\Http\Request), Object(Closure))
#40 C:\laragon\www\CarRentSystem\vendor\laravel\framework\src\Illuminate\Pipeline\Pipeline.php(219): Illuminate\Foundation\Http\Middleware\ConvertEmptyStringsToNull-&gt;handle(Object(Illuminate\Http\Request), Object(Closure))
#41 C:\laragon\www\CarRentSystem\vendor\laravel\framework\src\Illuminate\Foundation\Http\Middleware\TransformsRequest.php(21): Illuminate\Pipeline\Pipeline-&gt;{closure:{closure:Illuminate\Pipeline\Pipeline::carry():194}:195}(Object(Illuminate\Http\Request))
#42 C:\laragon\www\CarRentSystem\vendor\laravel\framework\src\Illuminate\Foundation\Http\Middleware\TrimStrings.php(51): Illuminate\Foundation\Http\Middleware\TransformsRequest-&gt;handle(Object(Illuminate\Http\Request), Object(Closure))
#43 C:\laragon\www\CarRentSystem\vendor\laravel\framework\src\Illuminate\Pipeline\Pipeline.php(219): Illuminate\Foundation\Http\Middleware\TrimStrings-&gt;handle(Object(Illuminate\Http\Request), Object(Closure))
#44 C:\laragon\www\CarRentSystem\vendor\laravel\framework\src\Illuminate\Http\Middleware\ValidatePostSize.php(27): Illuminate\Pipeline\Pipeline-&gt;{closure:{closure:Illuminate\Pipeline\Pipeline::carry():194}:195}(Object(Illuminate\Http\Request))
#45 C:\laragon\www\CarRentSystem\vendor\laravel\framework\src\Illuminate\Pipeline\Pipeline.php(219): Illuminate\Http\Middleware\ValidatePostSize-&gt;handle(Object(Illuminate\Http\Request), Object(Closure))
#46 C:\laragon\www\CarRentSystem\vendor\laravel\framework\src\Illuminate\Foundation\Http\Middleware\PreventRequestsDuringMaintenance.php(109): Illuminate\Pipeline\Pipeline-&gt;{closure:{closure:Illuminate\Pipeline\Pipeline::carry():194}:195}(Object(Illuminate\Http\Request))
#47 C:\laragon\www\CarRentSystem\vendor\laravel\framework\src\Illuminate\Pipeline\Pipeline.php(219): Illuminate\Foundation\Http\Middleware\PreventRequestsDuringMaintenance-&gt;handle(Object(Illuminate\Http\Request), Object(Closure))
#48 C:\laragon\www\CarRentSystem\vendor\laravel\framework\src\Illuminate\Http\Middleware\HandleCors.php(61): Illuminate\Pipeline\Pipeline-&gt;{closure:{closure:Illuminate\Pipeline\Pipeline::carry():194}:195}(Object(Illuminate\Http\Request))
#49 C:\laragon\www\CarRentSystem\vendor\laravel\framework\src\Illuminate\Pipeline\Pipeline.php(219): Illuminate\Http\Middleware\HandleCors-&gt;handle(Object(Illuminate\Http\Request), Object(Closure))
#50 C:\laragon\www\CarRentSystem\vendor\laravel\framework\src\Illuminate\Http\Middleware\TrustProxies.php(58): Illuminate\Pipeline\Pipeline-&gt;{closure:{closure:Illuminate\Pipeline\Pipeline::carry():194}:195}(Object(Illuminate\Http\Request))
#51 C:\laragon\www\CarRentSystem\vendor\laravel\framework\src\Illuminate\Pipeline\Pipeline.php(219): Illuminate\Http\Middleware\TrustProxies-&gt;handle(Object(Illuminate\Http\Request), Object(Closure))
#52 C:\laragon\www\CarRentSystem\vendor\laravel\framework\src\Illuminate\Foundation\Http\Middleware\InvokeDeferredCallbacks.php(22): Illuminate\Pipeline\Pipeline-&gt;{closure:{closure:Illuminate\Pipeline\Pipeline::carry():194}:195}(Object(Illuminate\Http\Request))
#53 C:\laragon\www\CarRentSystem\vendor\laravel\framework\src\Illuminate\Pipeline\Pipeline.php(219): Illuminate\Foundation\Http\Middleware\InvokeDeferredCallbacks-&gt;handle(Object(Illuminate\Http\Request), Object(Closure))
#54 C:\laragon\www\CarRentSystem\vendor\laravel\framework\src\Illuminate\Http\Middleware\ValidatePathEncoding.php(26): Illuminate\Pipeline\Pipeline-&gt;{closure:{closure:Illuminate\Pipeline\Pipeline::carry():194}:195}(Object(Illuminate\Http\Request))
#55 C:\laragon\www\CarRentSystem\vendor\laravel\framework\src\Illuminate\Pipeline\Pipeline.php(219): Illuminate\Http\Middleware\ValidatePathEncoding-&gt;handle(Object(Illuminate\Http\Request), Object(Closure))
#56 C:\laragon\www\CarRentSystem\vendor\laravel\framework\src\Illuminate\Pipeline\Pipeline.php(137): Illuminate\Pipeline\Pipeline-&gt;{closure:{closure:Illuminate\Pipeline\Pipeline::carry():194}:195}(Object(Illuminate\Http\Request))
#57 C:\laragon\www\CarRentSystem\vendor\laravel\framework\src\Illuminate\Foundation\Http\Kernel.php(175): Illuminate\Pipeline\Pipeline-&gt;then(Object(Closure))
#58 C:\laragon\www\CarRentSystem\vendor\laravel\framework\src\Illuminate\Foundation\Http\Kernel.php(144): Illuminate\Foundation\Http\Kernel-&gt;sendRequestThroughRouter(Object(Illuminate\Http\Request))
#59 C:\laragon\www\CarRentSystem\vendor\laravel\framework\src\Illuminate\Foundation\Testing\Concerns\MakesHttpRequests.php(607): Illuminate\Foundation\Http\Kernel-&gt;handle(Object(Illuminate\Http\Request))
#60 C:\laragon\www\CarRentSystem\vendor\laravel\framework\src\Illuminate\Foundation\Testing\Concerns\MakesHttpRequests.php(573): Illuminate\Foundation\Testing\TestCase-&gt;call('GET', '/api/cars/999', Array, Array, Array, Array, '[]')
#61 C:\laragon\www\CarRentSystem\vendor\laravel\framework\src\Illuminate\Foundation\Testing\Concerns\MakesHttpRequests.php(381): Illuminate\Foundation\Testing\TestCase-&gt;json('GET', '/api/cars/999', Array, Array, 0)
#62 C:\laragon\www\CarRentSystem\tests\Feature\Api\CarControllerTest.php(115): Illuminate\Foundation\Testing\TestCase-&gt;getJson('/api/cars/999')
#63 C:\laragon\www\CarRentSystem\vendor\pestphp\pest\src\Factories\TestCaseMethodFactory.php(168): P\Tests\Feature\Api\CarControllerTest-&gt;{closure:C:\laragon\www\CarRentSystem\tests\Feature\Api\CarControllerTest.php:114}()
#64 [internal function]: P\Tests\Feature\Api\CarControllerTest-&gt;{closure:Pest\Factories\TestCaseMethodFactory::getClosure():158}()
#65 C:\laragon\www\CarRentSystem\vendor\pestphp\pest\src\Concerns\Testable.php(429): call_user_func_array(Object(Closure), Array)
#66 C:\laragon\www\CarRentSystem\vendor\pestphp\pest\src\Support\ExceptionTrace.php(26): P\Tests\Feature\Api\CarControllerTest-&gt;{closure:Pest\Concerns\Testable::__callClosure():429}()
#67 C:\laragon\www\CarRentSystem\vendor\pestphp\pest\src\Concerns\Testable.php(429): Pest\Support\ExceptionTrace::ensure(Object(Closure))
#68 C:\laragon\www\CarRentSystem\vendor\pestphp\pest\src\Concerns\Testable.php(331): P\Tests\Feature\Api\CarControllerTest-&gt;__callClosure(Object(Closure), Array)
#69 C:\laragon\www\CarRentSystem\vendor\pestphp\pest\src\Factories\TestCaseFactory.php(169) : eval()'d code(52): P\Tests\Feature\Api\CarControllerTest-&gt;__runTest(Object(Closure))
#70 C:\laragon\www\CarRentSystem\vendor\phpunit\phpunit\src\Framework\TestCase.php(1316): P\Tests\Feature\Api\CarControllerTest-&gt;__pest_evaluable_returns_404_for_nonexistent_car()
#71 C:\laragon\www\CarRentSystem\vendor\phpunit\phpunit\src\Framework\TestCase.php(516): PHPUnit\Framework\TestCase-&gt;runTest()
#72 C:\laragon\www\CarRentSystem\vendor\phpunit\phpunit\src\Framework\TestRunner\TestRunner.php(99): PHPUnit\Framework\TestCase-&gt;runBare()
#73 C:\laragon\www\CarRentSystem\vendor\phpunit\phpunit\src\Framework\TestCase.php(357): PHPUnit\Framework\TestRunner-&gt;run(Object(P\Tests\Feature\Api\CarControllerTest))
#74 C:\laragon\www\CarRentSystem\vendor\phpunit\phpunit\src\Framework\TestSuite.php(374): PHPUnit\Framework\TestCase-&gt;run()
#75 C:\laragon\www\CarRentSystem\vendor\phpunit\phpunit\src\Framework\TestSuite.php(374): PHPUnit\Framework\TestSuite-&gt;run()
#76 C:\laragon\www\CarRentSystem\vendor\phpunit\phpunit\src\Framework\TestSuite.php(374): PHPUnit\Framework\TestSuite-&gt;run()
#77 C:\laragon\www\CarRentSystem\vendor\phpunit\phpunit\src\TextUI\TestRunner.php(64): PHPUnit\Framework\TestSuite-&gt;run()
#78 C:\laragon\www\CarRentSystem\vendor\phpunit\phpunit\src\TextUI\Application.php(229): PHPUnit\TextUI\TestRunner-&gt;run(Object(PHPUnit\TextUI\Configuration\Configuration), Object(PHPUnit\Runner\ResultCache\DefaultResultCache), Object(PHPUnit\Framework\TestSuite))
#79 C:\laragon\www\CarRentSystem\vendor\pestphp\pest\src\Kernel.php(103): PHPUnit\TextUI\Application-&gt;run(Array)
#80 C:\laragon\www\CarRentSystem\vendor\pestphp\pest\bin\pest(184): Pest\Kernel-&gt;handle(Array, Array)
#81 C:\laragon\www\CarRentSystem\vendor\pestphp\pest\bin\pest(192): {closure:C:\laragon\www\CarRentSystem\vendor\pestphp\pest\bin\pest:18}()
#82 C:\laragon\www\CarRentSystem\vendor\bin\pest(119): include('C:\\laragon\\www\\...')
#83 {main}

----------------------------------------------------------------------------------

SQLSTATE[HY000]: General error: 1 no such table: car_rental_vehicles (Connection: sqlite, SQL: select "car_rental_vehicles".*, (select avg("car_rental_reviews"."rating") from "car_rental_reviews" where "car_rental_vehicles"."id" = "car_rental_reviews"."vehicle_id") as "reviews_avg_rating", (select count(*) from "car_rental_reviews" where "car_rental_vehicles"."id" = "car_rental_reviews"."vehicle_id") as "reviews_count" from "car_rental_vehicles" where "car_rental_vehicles"."id" = 999 and "car_rental_vehicles"."deleted_at" is null limit 1)&#13;
&#13;
at vendor\laravel\framework\src\Illuminate\Testing\TestResponseAssert.php:45
at vendor\laravel\framework\src\Illuminate\Testing\TestResponse.php:174
at vendor\laravel\framework\src\Illuminate\Testing\Concerns\AssertsStatusCodes.php:151
at tests\Feature\Api\CarControllerTest.php:117</failure>
        </testcase>
      </testsuite>
      <testsuite name="Tests\Feature\UserManagementTest" file="tests\Feature\UserManagementTest.php" tests="30" assertions="0" errors="30" failures="0" skipped="0" time="0.000000">
        <testcase name="`User Management` → `User Activity Tracking` → it shows user booking history" file="tests\Feature\UserManagementTest.php::`User Management` → `User Activity Tracking` → it shows user booking history" class="Tests\Feature\UserManagementTest" classname="Tests.Feature.UserManagementTest" assertions="0" time="0.000000">
          <error type="Illuminate\Database\QueryException">`User Management` → `User Activity Tracking` → it shows user booking historyIlluminate\Database\QueryException: SQLSTATE[HY000]: General error: 1 no such table: car_rental_users (Connection: sqlite, SQL: insert into "car_rental_users" ("name", "email", "email_verified_at", "password", "phone", "role", "status", "license_number", "id_document_path", "license_document_path", "is_verified", "date_of_birth", "address", "remember_token", "updated_at", "created_at") values (Preston D'Amore, brant05@example.com, 2025-09-24 12:53:21, $2y$04$78g4B33dBB9yvLZHXPZyOuzF4w5wzk7FwYQTRiFHrXZoaR9VfYlfW, 520.260.9999, admin, active, lkk-6553-4757, documents/ids/1816c3b8-6ad7-345a-bc13-fda90d7b4a00.pdf, documents/licenses/c96208fc-977d-3735-a32e-634333fb5e9c.pdf, 1, 1984-05-18 00:00:00, 228 Jerde Forge Apt. 093
Osinskiview, IL 39179, GXZ6pRyuUN, 2025-09-24 12:53:21, 2025-09-24 12:53:21))&#13;
at vendor\laravel\framework\src\Illuminate\Database\Connection.php:564
at vendor\laravel\framework\src\Illuminate\Database\Connection.php:811
at vendor\laravel\framework\src\Illuminate\Database\Connection.php:778
at vendor\laravel\framework\src\Illuminate\Database\Connection.php:559
at vendor\laravel\framework\src\Illuminate\Database\Connection.php:523
at vendor\laravel\framework\src\Illuminate\Database\Query\Processors\Processor.php:32
at vendor\laravel\framework\src\Illuminate\Database\Query\Builder.php:3853
at vendor\laravel\framework\src\Illuminate\Database\Eloquent\Builder.php:2235
at vendor\laravel\framework\src\Illuminate\Database\Eloquent\Model.php:1436
at vendor\laravel\framework\src\Illuminate\Database\Eloquent\Model.php:1401
at vendor\laravel\framework\src\Illuminate\Database\Eloquent\Model.php:1240
at vendor\laravel\framework\src\Illuminate\Database\Eloquent\Factories\Factory.php:370
at vendor\laravel\framework\src\Illuminate\Collections\Traits\EnumeratesValues.php:271
at vendor\laravel\framework\src\Illuminate\Database\Eloquent\Factories\Factory.php:365
at vendor\laravel\framework\src\Illuminate\Database\Eloquent\Factories\Factory.php:321
at tests\Feature\UserManagementTest.php:14
Caused by
PDOException: SQLSTATE[HY000]: General error: 1 no such table: car_rental_users

at vendor\laravel\framework\src\Illuminate\Database\Connection.php:564
at vendor\laravel\framework\src\Illuminate\Database\Connection.php:811
at vendor\laravel\framework\src\Illuminate\Database\Connection.php:778
at vendor\laravel\framework\src\Illuminate\Database\Connection.php:559
at vendor\laravel\framework\src\Illuminate\Database\Connection.php:523
at vendor\laravel\framework\src\Illuminate\Database\Query\Processors\Processor.php:32
at vendor\laravel\framework\src\Illuminate\Database\Query\Builder.php:3853
at vendor\laravel\framework\src\Illuminate\Database\Eloquent\Builder.php:2235
at vendor\laravel\framework\src\Illuminate\Database\Eloquent\Model.php:1436
at vendor\laravel\framework\src\Illuminate\Database\Eloquent\Model.php:1401
at vendor\laravel\framework\src\Illuminate\Database\Eloquent\Model.php:1240
at vendor\laravel\framework\src\Illuminate\Database\Eloquent\Factories\Factory.php:370
at vendor\laravel\framework\src\Illuminate\Collections\Traits\EnumeratesValues.php:271
at vendor\laravel\framework\src\Illuminate\Database\Eloquent\Factories\Factory.php:365
at vendor\laravel\framework\src\Illuminate\Database\Eloquent\Factories\Factory.php:321
at tests\Feature\UserManagementTest.php:14</error>
        </testcase>
        <testcase name="`User Management` → `Email Verification` → it handles email verification status" file="tests\Feature\UserManagementTest.php::`User Management` → `Email Verification` → it handles email verification status" class="Tests\Feature\UserManagementTest" classname="Tests.Feature.UserManagementTest" assertions="0" time="0.000000">
          <error type="Illuminate\Database\QueryException">`User Management` → `Email Verification` → it handles email verification statusIlluminate\Database\QueryException: SQLSTATE[HY000]: General error: 1 no such table: car_rental_users (Connection: sqlite, SQL: insert into "car_rental_users" ("name", "email", "email_verified_at", "password", "phone", "role", "status", "license_number", "id_document_path", "license_document_path", "is_verified", "date_of_birth", "address", "remember_token", "updated_at", "created_at") values (Tess Roob, jana.lowe@example.com, 2025-09-24 12:53:21, $2y$04$78g4B33dBB9yvLZHXPZyOuzF4w5wzk7FwYQTRiFHrXZoaR9VfYlfW, 251.470.9039, admin, active, rli-9936-1521, documents/ids/00e56952-6a22-3e15-b68d-58e4785afedf.pdf, documents/licenses/ec1c8982-1b23-34ab-ab18-71219200d121.pdf, 1, 1999-09-03 00:00:00, 246 Trystan Fort Suite 862
Lake Leonelbury, OH 83598-1368, P10jKedtaG, 2025-09-24 12:53:21, 2025-09-24 12:53:21))&#13;
at vendor\laravel\framework\src\Illuminate\Database\Connection.php:564
at vendor\laravel\framework\src\Illuminate\Database\Connection.php:811
at vendor\laravel\framework\src\Illuminate\Database\Connection.php:778
at vendor\laravel\framework\src\Illuminate\Database\Connection.php:559
at vendor\laravel\framework\src\Illuminate\Database\Connection.php:523
at vendor\laravel\framework\src\Illuminate\Database\Query\Processors\Processor.php:32
at vendor\laravel\framework\src\Illuminate\Database\Query\Builder.php:3853
at vendor\laravel\framework\src\Illuminate\Database\Eloquent\Builder.php:2235
at vendor\laravel\framework\src\Illuminate\Database\Eloquent\Model.php:1436
at vendor\laravel\framework\src\Illuminate\Database\Eloquent\Model.php:1401
at vendor\laravel\framework\src\Illuminate\Database\Eloquent\Model.php:1240
at vendor\laravel\framework\src\Illuminate\Database\Eloquent\Factories\Factory.php:370
at vendor\laravel\framework\src\Illuminate\Collections\Traits\EnumeratesValues.php:271
at vendor\laravel\framework\src\Illuminate\Database\Eloquent\Factories\Factory.php:365
at vendor\laravel\framework\src\Illuminate\Database\Eloquent\Factories\Factory.php:321
at tests\Feature\UserManagementTest.php:14
Caused by
PDOException: SQLSTATE[HY000]: General error: 1 no such table: car_rental_users

at vendor\laravel\framework\src\Illuminate\Database\Connection.php:564
at vendor\laravel\framework\src\Illuminate\Database\Connection.php:811
at vendor\laravel\framework\src\Illuminate\Database\Connection.php:778
at vendor\laravel\framework\src\Illuminate\Database\Connection.php:559
at vendor\laravel\framework\src\Illuminate\Database\Connection.php:523
at vendor\laravel\framework\src\Illuminate\Database\Query\Processors\Processor.php:32
at vendor\laravel\framework\src\Illuminate\Database\Query\Builder.php:3853
at vendor\laravel\framework\src\Illuminate\Database\Eloquent\Builder.php:2235
at vendor\laravel\framework\src\Illuminate\Database\Eloquent\Model.php:1436
at vendor\laravel\framework\src\Illuminate\Database\Eloquent\Model.php:1401
at vendor\laravel\framework\src\Illuminate\Database\Eloquent\Model.php:1240
at vendor\laravel\framework\src\Illuminate\Database\Eloquent\Factories\Factory.php:370
at vendor\laravel\framework\src\Illuminate\Collections\Traits\EnumeratesValues.php:271
at vendor\laravel\framework\src\Illuminate\Database\Eloquent\Factories\Factory.php:365
at vendor\laravel\framework\src\Illuminate\Database\Eloquent\Factories\Factory.php:321
at tests\Feature\UserManagementTest.php:14</error>
        </testcase>
        <testcase name="`User Management` → `User Viewing` → it allows users to view their own profile" file="tests\Feature\UserManagementTest.php::`User Management` → `User Viewing` → it allows users to view their own profile" class="Tests\Feature\UserManagementTest" classname="Tests.Feature.UserManagementTest" assertions="0" time="0.000000">
          <error type="Illuminate\Database\QueryException">`User Management` → `User Viewing` → it allows users to view their own profileIlluminate\Database\QueryException: SQLSTATE[HY000]: General error: 1 no such table: car_rental_users (Connection: sqlite, SQL: insert into "car_rental_users" ("name", "email", "email_verified_at", "password", "phone", "role", "status", "license_number", "id_document_path", "license_document_path", "is_verified", "date_of_birth", "address", "remember_token", "updated_at", "created_at") values (Berneice Lebsack, kathlyn.kuvalis@example.org, 2025-09-24 12:53:21, $2y$04$78g4B33dBB9yvLZHXPZyOuzF4w5wzk7FwYQTRiFHrXZoaR9VfYlfW, +14329916522, admin, active, fqr-3449-4799, documents/ids/f52b7ed5-7507-325e-a9d3-f28af7a9a085.pdf, documents/licenses/0633e74c-d784-3cbf-accb-8fe0f346d51d.pdf, 1, 1999-10-28 00:00:00, 549 Maudie Valley
Yeseniaville, VT 03952-7082, llYFshus0H, 2025-09-24 12:53:21, 2025-09-24 12:53:21))&#13;
at vendor\laravel\framework\src\Illuminate\Database\Connection.php:564
at vendor\laravel\framework\src\Illuminate\Database\Connection.php:811
at vendor\laravel\framework\src\Illuminate\Database\Connection.php:778
at vendor\laravel\framework\src\Illuminate\Database\Connection.php:559
at vendor\laravel\framework\src\Illuminate\Database\Connection.php:523
at vendor\laravel\framework\src\Illuminate\Database\Query\Processors\Processor.php:32
at vendor\laravel\framework\src\Illuminate\Database\Query\Builder.php:3853
at vendor\laravel\framework\src\Illuminate\Database\Eloquent\Builder.php:2235
at vendor\laravel\framework\src\Illuminate\Database\Eloquent\Model.php:1436
at vendor\laravel\framework\src\Illuminate\Database\Eloquent\Model.php:1401
at vendor\laravel\framework\src\Illuminate\Database\Eloquent\Model.php:1240
at vendor\laravel\framework\src\Illuminate\Database\Eloquent\Factories\Factory.php:370
at vendor\laravel\framework\src\Illuminate\Collections\Traits\EnumeratesValues.php:271
at vendor\laravel\framework\src\Illuminate\Database\Eloquent\Factories\Factory.php:365
at vendor\laravel\framework\src\Illuminate\Database\Eloquent\Factories\Factory.php:321
at tests\Feature\UserManagementTest.php:14
Caused by
PDOException: SQLSTATE[HY000]: General error: 1 no such table: car_rental_users

at vendor\laravel\framework\src\Illuminate\Database\Connection.php:564
at vendor\laravel\framework\src\Illuminate\Database\Connection.php:811
at vendor\laravel\framework\src\Illuminate\Database\Connection.php:778
at vendor\laravel\framework\src\Illuminate\Database\Connection.php:559
at vendor\laravel\framework\src\Illuminate\Database\Connection.php:523
at vendor\laravel\framework\src\Illuminate\Database\Query\Processors\Processor.php:32
at vendor\laravel\framework\src\Illuminate\Database\Query\Builder.php:3853
at vendor\laravel\framework\src\Illuminate\Database\Eloquent\Builder.php:2235
at vendor\laravel\framework\src\Illuminate\Database\Eloquent\Model.php:1436
at vendor\laravel\framework\src\Illuminate\Database\Eloquent\Model.php:1401
at vendor\laravel\framework\src\Illuminate\Database\Eloquent\Model.php:1240
at vendor\laravel\framework\src\Illuminate\Database\Eloquent\Factories\Factory.php:370
at vendor\laravel\framework\src\Illuminate\Collections\Traits\EnumeratesValues.php:271
at vendor\laravel\framework\src\Illuminate\Database\Eloquent\Factories\Factory.php:365
at vendor\laravel\framework\src\Illuminate\Database\Eloquent\Factories\Factory.php:321
at tests\Feature\UserManagementTest.php:14</error>
        </testcase>
        <testcase name="`User Management` → `User Creation` → it validates password confirmation" file="tests\Feature\UserManagementTest.php::`User Management` → `User Creation` → it validates password confirmation" class="Tests\Feature\UserManagementTest" classname="Tests.Feature.UserManagementTest" assertions="0" time="0.000000">
          <error type="Illuminate\Database\QueryException">`User Management` → `User Creation` → it validates password confirmationIlluminate\Database\QueryException: SQLSTATE[HY000]: General error: 1 no such table: car_rental_users (Connection: sqlite, SQL: insert into "car_rental_users" ("name", "email", "email_verified_at", "password", "phone", "role", "status", "license_number", "id_document_path", "license_document_path", "is_verified", "date_of_birth", "address", "remember_token", "updated_at", "created_at") values (Ola Brekke, cora99@example.net, 2025-09-24 12:53:21, $2y$04$78g4B33dBB9yvLZHXPZyOuzF4w5wzk7FwYQTRiFHrXZoaR9VfYlfW, +1.984.726.8088, admin, active, gvq-1928-5084, documents/ids/c0c2cb1f-1f50-3cf7-86f9-ca4248200cf6.pdf, documents/licenses/8722b50b-52e0-3989-9c71-3994f4199826.pdf, 1, 1976-05-05 00:00:00, 7784 Gusikowski Valleys Suite 089
Wilberville, VA 66410-3833, 4qEyHTAqmA, 2025-09-24 12:53:21, 2025-09-24 12:53:21))&#13;
at vendor\laravel\framework\src\Illuminate\Database\Connection.php:564
at vendor\laravel\framework\src\Illuminate\Database\Connection.php:811
at vendor\laravel\framework\src\Illuminate\Database\Connection.php:778
at vendor\laravel\framework\src\Illuminate\Database\Connection.php:559
at vendor\laravel\framework\src\Illuminate\Database\Connection.php:523
at vendor\laravel\framework\src\Illuminate\Database\Query\Processors\Processor.php:32
at vendor\laravel\framework\src\Illuminate\Database\Query\Builder.php:3853
at vendor\laravel\framework\src\Illuminate\Database\Eloquent\Builder.php:2235
at vendor\laravel\framework\src\Illuminate\Database\Eloquent\Model.php:1436
at vendor\laravel\framework\src\Illuminate\Database\Eloquent\Model.php:1401
at vendor\laravel\framework\src\Illuminate\Database\Eloquent\Model.php:1240
at vendor\laravel\framework\src\Illuminate\Database\Eloquent\Factories\Factory.php:370
at vendor\laravel\framework\src\Illuminate\Collections\Traits\EnumeratesValues.php:271
at vendor\laravel\framework\src\Illuminate\Database\Eloquent\Factories\Factory.php:365
at vendor\laravel\framework\src\Illuminate\Database\Eloquent\Factories\Factory.php:321
at tests\Feature\UserManagementTest.php:14
Caused by
PDOException: SQLSTATE[HY000]: General error: 1 no such table: car_rental_users

at vendor\laravel\framework\src\Illuminate\Database\Connection.php:564
at vendor\laravel\framework\src\Illuminate\Database\Connection.php:811
at vendor\laravel\framework\src\Illuminate\Database\Connection.php:778
at vendor\laravel\framework\src\Illuminate\Database\Connection.php:559
at vendor\laravel\framework\src\Illuminate\Database\Connection.php:523
at vendor\laravel\framework\src\Illuminate\Database\Query\Processors\Processor.php:32
at vendor\laravel\framework\src\Illuminate\Database\Query\Builder.php:3853
at vendor\laravel\framework\src\Illuminate\Database\Eloquent\Builder.php:2235
at vendor\laravel\framework\src\Illuminate\Database\Eloquent\Model.php:1436
at vendor\laravel\framework\src\Illuminate\Database\Eloquent\Model.php:1401
at vendor\laravel\framework\src\Illuminate\Database\Eloquent\Model.php:1240
at vendor\laravel\framework\src\Illuminate\Database\Eloquent\Factories\Factory.php:370
at vendor\laravel\framework\src\Illuminate\Collections\Traits\EnumeratesValues.php:271
at vendor\laravel\framework\src\Illuminate\Database\Eloquent\Factories\Factory.php:365
at vendor\laravel\framework\src\Illuminate\Database\Eloquent\Factories\Factory.php:321
at tests\Feature\UserManagementTest.php:14</error>
        </testcase>
        <testcase name="`User Management` → `User Deletion` → it allows admin to soft delete users" file="tests\Feature\UserManagementTest.php::`User Management` → `User Deletion` → it allows admin to soft delete users" class="Tests\Feature\UserManagementTest" classname="Tests.Feature.UserManagementTest" assertions="0" time="0.000000">
          <error type="Illuminate\Database\QueryException">`User Management` → `User Deletion` → it allows admin to soft delete usersIlluminate\Database\QueryException: SQLSTATE[HY000]: General error: 1 no such table: car_rental_users (Connection: sqlite, SQL: insert into "car_rental_users" ("name", "email", "email_verified_at", "password", "phone", "role", "status", "license_number", "id_document_path", "license_document_path", "is_verified", "date_of_birth", "address", "remember_token", "updated_at", "created_at") values (Raymond Kertzmann, ibrekke@example.net, 2025-09-24 12:53:21, $2y$04$78g4B33dBB9yvLZHXPZyOuzF4w5wzk7FwYQTRiFHrXZoaR9VfYlfW, 843.523.8746, admin, active, loo-0530-6792, documents/ids/5f9a3158-9b89-3df6-a045-f832c90c50db.pdf, documents/licenses/278ff645-079b-3943-a2e4-62d89a131614.pdf, 1, 2007-01-13 00:00:00, 62334 Jesse Squares
Robertsbury, NM 01387, iYbf2vBfv2, 2025-09-24 12:53:21, 2025-09-24 12:53:21))&#13;
at vendor\laravel\framework\src\Illuminate\Database\Connection.php:564
at vendor\laravel\framework\src\Illuminate\Database\Connection.php:811
at vendor\laravel\framework\src\Illuminate\Database\Connection.php:778
at vendor\laravel\framework\src\Illuminate\Database\Connection.php:559
at vendor\laravel\framework\src\Illuminate\Database\Connection.php:523
at vendor\laravel\framework\src\Illuminate\Database\Query\Processors\Processor.php:32
at vendor\laravel\framework\src\Illuminate\Database\Query\Builder.php:3853
at vendor\laravel\framework\src\Illuminate\Database\Eloquent\Builder.php:2235
at vendor\laravel\framework\src\Illuminate\Database\Eloquent\Model.php:1436
at vendor\laravel\framework\src\Illuminate\Database\Eloquent\Model.php:1401
at vendor\laravel\framework\src\Illuminate\Database\Eloquent\Model.php:1240
at vendor\laravel\framework\src\Illuminate\Database\Eloquent\Factories\Factory.php:370
at vendor\laravel\framework\src\Illuminate\Collections\Traits\EnumeratesValues.php:271
at vendor\laravel\framework\src\Illuminate\Database\Eloquent\Factories\Factory.php:365
at vendor\laravel\framework\src\Illuminate\Database\Eloquent\Factories\Factory.php:321
at tests\Feature\UserManagementTest.php:14
Caused by
PDOException: SQLSTATE[HY000]: General error: 1 no such table: car_rental_users

at vendor\laravel\framework\src\Illuminate\Database\Connection.php:564
at vendor\laravel\framework\src\Illuminate\Database\Connection.php:811
at vendor\laravel\framework\src\Illuminate\Database\Connection.php:778
at vendor\laravel\framework\src\Illuminate\Database\Connection.php:559
at vendor\laravel\framework\src\Illuminate\Database\Connection.php:523
at vendor\laravel\framework\src\Illuminate\Database\Query\Processors\Processor.php:32
at vendor\laravel\framework\src\Illuminate\Database\Query\Builder.php:3853
at vendor\laravel\framework\src\Illuminate\Database\Eloquent\Builder.php:2235
at vendor\laravel\framework\src\Illuminate\Database\Eloquent\Model.php:1436
at vendor\laravel\framework\src\Illuminate\Database\Eloquent\Model.php:1401
at vendor\laravel\framework\src\Illuminate\Database\Eloquent\Model.php:1240
at vendor\laravel\framework\src\Illuminate\Database\Eloquent\Factories\Factory.php:370
at vendor\laravel\framework\src\Illuminate\Collections\Traits\EnumeratesValues.php:271
at vendor\laravel\framework\src\Illuminate\Database\Eloquent\Factories\Factory.php:365
at vendor\laravel\framework\src\Illuminate\Database\Eloquent\Factories\Factory.php:321
at tests\Feature\UserManagementTest.php:14</error>
        </testcase>
        <testcase name="`User Management` → `User Deletion` → it prevents deletion of users with active bookings" file="tests\Feature\UserManagementTest.php::`User Management` → `User Deletion` → it prevents deletion of users with active bookings" class="Tests\Feature\UserManagementTest" classname="Tests.Feature.UserManagementTest" assertions="0" time="0.000000">
          <error type="Illuminate\Database\QueryException">`User Management` → `User Deletion` → it prevents deletion of users with active bookingsIlluminate\Database\QueryException: SQLSTATE[HY000]: General error: 1 no such table: car_rental_users (Connection: sqlite, SQL: insert into "car_rental_users" ("name", "email", "email_verified_at", "password", "phone", "role", "status", "license_number", "id_document_path", "license_document_path", "is_verified", "date_of_birth", "address", "remember_token", "updated_at", "created_at") values (Lacy Murazik, smitham.delta@example.org, 2025-09-24 12:53:21, $2y$04$78g4B33dBB9yvLZHXPZyOuzF4w5wzk7FwYQTRiFHrXZoaR9VfYlfW, +1-484-418-5920, admin, active, xps-0210-1899, documents/ids/7df8ce9f-6ef2-3ef0-8267-fcd4b4a1c862.pdf, documents/licenses/8ccc8d23-1cc4-388a-9529-9d5d52466678.pdf, 1, 1989-04-19 00:00:00, 9989 Abshire Manor Suite 887
North Madison, MO 57386, 7okOH7xOt4, 2025-09-24 12:53:21, 2025-09-24 12:53:21))&#13;
at vendor\laravel\framework\src\Illuminate\Database\Connection.php:564
at vendor\laravel\framework\src\Illuminate\Database\Connection.php:811
at vendor\laravel\framework\src\Illuminate\Database\Connection.php:778
at vendor\laravel\framework\src\Illuminate\Database\Connection.php:559
at vendor\laravel\framework\src\Illuminate\Database\Connection.php:523
at vendor\laravel\framework\src\Illuminate\Database\Query\Processors\Processor.php:32
at vendor\laravel\framework\src\Illuminate\Database\Query\Builder.php:3853
at vendor\laravel\framework\src\Illuminate\Database\Eloquent\Builder.php:2235
at vendor\laravel\framework\src\Illuminate\Database\Eloquent\Model.php:1436
at vendor\laravel\framework\src\Illuminate\Database\Eloquent\Model.php:1401
at vendor\laravel\framework\src\Illuminate\Database\Eloquent\Model.php:1240
at vendor\laravel\framework\src\Illuminate\Database\Eloquent\Factories\Factory.php:370
at vendor\laravel\framework\src\Illuminate\Collections\Traits\EnumeratesValues.php:271
at vendor\laravel\framework\src\Illuminate\Database\Eloquent\Factories\Factory.php:365
at vendor\laravel\framework\src\Illuminate\Database\Eloquent\Factories\Factory.php:321
at tests\Feature\UserManagementTest.php:14
Caused by
PDOException: SQLSTATE[HY000]: General error: 1 no such table: car_rental_users

at vendor\laravel\framework\src\Illuminate\Database\Connection.php:564
at vendor\laravel\framework\src\Illuminate\Database\Connection.php:811
at vendor\laravel\framework\src\Illuminate\Database\Connection.php:778
at vendor\laravel\framework\src\Illuminate\Database\Connection.php:559
at vendor\laravel\framework\src\Illuminate\Database\Connection.php:523
at vendor\laravel\framework\src\Illuminate\Database\Query\Processors\Processor.php:32
at vendor\laravel\framework\src\Illuminate\Database\Query\Builder.php:3853
at vendor\laravel\framework\src\Illuminate\Database\Eloquent\Builder.php:2235
at vendor\laravel\framework\src\Illuminate\Database\Eloquent\Model.php:1436
at vendor\laravel\framework\src\Illuminate\Database\Eloquent\Model.php:1401
at vendor\laravel\framework\src\Illuminate\Database\Eloquent\Model.php:1240
at vendor\laravel\framework\src\Illuminate\Database\Eloquent\Factories\Factory.php:370
at vendor\laravel\framework\src\Illuminate\Collections\Traits\EnumeratesValues.php:271
at vendor\laravel\framework\src\Illuminate\Database\Eloquent\Factories\Factory.php:365
at vendor\laravel\framework\src\Illuminate\Database\Eloquent\Factories\Factory.php:321
at tests\Feature\UserManagementTest.php:14</error>
        </testcase>
        <testcase name="`User Management` → `Password Management` → it allows admin to reset any user password" file="tests\Feature\UserManagementTest.php::`User Management` → `Password Management` → it allows admin to reset any user password" class="Tests\Feature\UserManagementTest" classname="Tests.Feature.UserManagementTest" assertions="0" time="0.000000">
          <error type="Illuminate\Database\QueryException">`User Management` → `Password Management` → it allows admin to reset any user passwordIlluminate\Database\QueryException: SQLSTATE[HY000]: General error: 1 no such table: car_rental_users (Connection: sqlite, SQL: insert into "car_rental_users" ("name", "email", "email_verified_at", "password", "phone", "role", "status", "license_number", "id_document_path", "license_document_path", "is_verified", "date_of_birth", "address", "remember_token", "updated_at", "created_at") values (Prof. Janice Hickle II, hhartmann@example.org, 2025-09-24 12:53:21, $2y$04$78g4B33dBB9yvLZHXPZyOuzF4w5wzk7FwYQTRiFHrXZoaR9VfYlfW, 1-512-578-5189, admin, active, pnv-5799-5267, documents/ids/5b82936c-29e9-389a-80ab-7101c3a22dd6.pdf, documents/licenses/69d39763-c563-35aa-80f4-0af59ce17c84.pdf, 1, 1997-06-27 00:00:00, 5995 Eliza Neck Apt. 238
Enidstad, NY 04225, 8TW3AG4H5x, 2025-09-24 12:53:21, 2025-09-24 12:53:21))&#13;
at vendor\laravel\framework\src\Illuminate\Database\Connection.php:564
at vendor\laravel\framework\src\Illuminate\Database\Connection.php:811
at vendor\laravel\framework\src\Illuminate\Database\Connection.php:778
at vendor\laravel\framework\src\Illuminate\Database\Connection.php:559
at vendor\laravel\framework\src\Illuminate\Database\Connection.php:523
at vendor\laravel\framework\src\Illuminate\Database\Query\Processors\Processor.php:32
at vendor\laravel\framework\src\Illuminate\Database\Query\Builder.php:3853
at vendor\laravel\framework\src\Illuminate\Database\Eloquent\Builder.php:2235
at vendor\laravel\framework\src\Illuminate\Database\Eloquent\Model.php:1436
at vendor\laravel\framework\src\Illuminate\Database\Eloquent\Model.php:1401
at vendor\laravel\framework\src\Illuminate\Database\Eloquent\Model.php:1240
at vendor\laravel\framework\src\Illuminate\Database\Eloquent\Factories\Factory.php:370
at vendor\laravel\framework\src\Illuminate\Collections\Traits\EnumeratesValues.php:271
at vendor\laravel\framework\src\Illuminate\Database\Eloquent\Factories\Factory.php:365
at vendor\laravel\framework\src\Illuminate\Database\Eloquent\Factories\Factory.php:321
at tests\Feature\UserManagementTest.php:14
Caused by
PDOException: SQLSTATE[HY000]: General error: 1 no such table: car_rental_users

at vendor\laravel\framework\src\Illuminate\Database\Connection.php:564
at vendor\laravel\framework\src\Illuminate\Database\Connection.php:811
at vendor\laravel\framework\src\Illuminate\Database\Connection.php:778
at vendor\laravel\framework\src\Illuminate\Database\Connection.php:559
at vendor\laravel\framework\src\Illuminate\Database\Connection.php:523
at vendor\laravel\framework\src\Illuminate\Database\Query\Processors\Processor.php:32
at vendor\laravel\framework\src\Illuminate\Database\Query\Builder.php:3853
at vendor\laravel\framework\src\Illuminate\Database\Eloquent\Builder.php:2235
at vendor\laravel\framework\src\Illuminate\Database\Eloquent\Model.php:1436
at vendor\laravel\framework\src\Illuminate\Database\Eloquent\Model.php:1401
at vendor\laravel\framework\src\Illuminate\Database\Eloquent\Model.php:1240
at vendor\laravel\framework\src\Illuminate\Database\Eloquent\Factories\Factory.php:370
at vendor\laravel\framework\src\Illuminate\Collections\Traits\EnumeratesValues.php:271
at vendor\laravel\framework\src\Illuminate\Database\Eloquent\Factories\Factory.php:365
at vendor\laravel\framework\src\Illuminate\Database\Eloquent\Factories\Factory.php:321
at tests\Feature\UserManagementTest.php:14</error>
        </testcase>
        <testcase name="`User Management` → `User Listing` → it allows admin to view all users" file="tests\Feature\UserManagementTest.php::`User Management` → `User Listing` → it allows admin to view all users" class="Tests\Feature\UserManagementTest" classname="Tests.Feature.UserManagementTest" assertions="0" time="0.000000">
          <error type="Illuminate\Database\QueryException">`User Management` → `User Listing` → it allows admin to view all usersIlluminate\Database\QueryException: SQLSTATE[HY000]: General error: 1 no such table: car_rental_users (Connection: sqlite, SQL: insert into "car_rental_users" ("name", "email", "email_verified_at", "password", "phone", "role", "status", "license_number", "id_document_path", "license_document_path", "is_verified", "date_of_birth", "address", "remember_token", "updated_at", "created_at") values (Prof. Jasmin Kiehn Jr., crona.sarah@example.net, 2025-09-24 12:53:21, $2y$04$78g4B33dBB9yvLZHXPZyOuzF4w5wzk7FwYQTRiFHrXZoaR9VfYlfW, 817.759.6358, admin, active, ryq-3070-6544, documents/ids/1c160a2d-0c8b-35d1-959c-c201f1022b84.pdf, documents/licenses/69b9e770-791d-3944-954c-056c73066af6.pdf, 1, 2005-12-10 00:00:00, 8111 Osinski Junction Suite 570
Queenieport, MI 37757-9054, XKnVGOOiV0, 2025-09-24 12:53:21, 2025-09-24 12:53:21))&#13;
at vendor\laravel\framework\src\Illuminate\Database\Connection.php:564
at vendor\laravel\framework\src\Illuminate\Database\Connection.php:811
at vendor\laravel\framework\src\Illuminate\Database\Connection.php:778
at vendor\laravel\framework\src\Illuminate\Database\Connection.php:559
at vendor\laravel\framework\src\Illuminate\Database\Connection.php:523
at vendor\laravel\framework\src\Illuminate\Database\Query\Processors\Processor.php:32
at vendor\laravel\framework\src\Illuminate\Database\Query\Builder.php:3853
at vendor\laravel\framework\src\Illuminate\Database\Eloquent\Builder.php:2235
at vendor\laravel\framework\src\Illuminate\Database\Eloquent\Model.php:1436
at vendor\laravel\framework\src\Illuminate\Database\Eloquent\Model.php:1401
at vendor\laravel\framework\src\Illuminate\Database\Eloquent\Model.php:1240
at vendor\laravel\framework\src\Illuminate\Database\Eloquent\Factories\Factory.php:370
at vendor\laravel\framework\src\Illuminate\Collections\Traits\EnumeratesValues.php:271
at vendor\laravel\framework\src\Illuminate\Database\Eloquent\Factories\Factory.php:365
at vendor\laravel\framework\src\Illuminate\Database\Eloquent\Factories\Factory.php:321
at tests\Feature\UserManagementTest.php:14
Caused by
PDOException: SQLSTATE[HY000]: General error: 1 no such table: car_rental_users

at vendor\laravel\framework\src\Illuminate\Database\Connection.php:564
at vendor\laravel\framework\src\Illuminate\Database\Connection.php:811
at vendor\laravel\framework\src\Illuminate\Database\Connection.php:778
at vendor\laravel\framework\src\Illuminate\Database\Connection.php:559
at vendor\laravel\framework\src\Illuminate\Database\Connection.php:523
at vendor\laravel\framework\src\Illuminate\Database\Query\Processors\Processor.php:32
at vendor\laravel\framework\src\Illuminate\Database\Query\Builder.php:3853
at vendor\laravel\framework\src\Illuminate\Database\Eloquent\Builder.php:2235
at vendor\laravel\framework\src\Illuminate\Database\Eloquent\Model.php:1436
at vendor\laravel\framework\src\Illuminate\Database\Eloquent\Model.php:1401
at vendor\laravel\framework\src\Illuminate\Database\Eloquent\Model.php:1240
at vendor\laravel\framework\src\Illuminate\Database\Eloquent\Factories\Factory.php:370
at vendor\laravel\framework\src\Illuminate\Collections\Traits\EnumeratesValues.php:271
at vendor\laravel\framework\src\Illuminate\Database\Eloquent\Factories\Factory.php:365
at vendor\laravel\framework\src\Illuminate\Database\Eloquent\Factories\Factory.php:321
at tests\Feature\UserManagementTest.php:14</error>
        </testcase>
        <testcase name="`User Management` → `User Viewing` → it allows admin to view any user profile" file="tests\Feature\UserManagementTest.php::`User Management` → `User Viewing` → it allows admin to view any user profile" class="Tests\Feature\UserManagementTest" classname="Tests.Feature.UserManagementTest" assertions="0" time="0.000000">
          <error type="Illuminate\Database\QueryException">`User Management` → `User Viewing` → it allows admin to view any user profileIlluminate\Database\QueryException: SQLSTATE[HY000]: General error: 1 no such table: car_rental_users (Connection: sqlite, SQL: insert into "car_rental_users" ("name", "email", "email_verified_at", "password", "phone", "role", "status", "license_number", "id_document_path", "license_document_path", "is_verified", "date_of_birth", "address", "remember_token", "updated_at", "created_at") values (Berniece Jacobson, oschmitt@example.org, 2025-09-24 12:53:21, $2y$04$78g4B33dBB9yvLZHXPZyOuzF4w5wzk7FwYQTRiFHrXZoaR9VfYlfW, +1-760-284-7160, admin, active, lpm-9807-1308, documents/ids/aaa6e88d-600b-3cf6-8773-32b79a2a4052.pdf, documents/licenses/a550f86d-8891-3fdf-90fe-650cfb935fde.pdf, 1, 1963-10-24 00:00:00, 662 Mathilde Keys Apt. 888
East Jaylenmouth, NY 12855, kkZ5JFGuUB, 2025-09-24 12:53:21, 2025-09-24 12:53:21))&#13;
at vendor\laravel\framework\src\Illuminate\Database\Connection.php:564
at vendor\laravel\framework\src\Illuminate\Database\Connection.php:811
at vendor\laravel\framework\src\Illuminate\Database\Connection.php:778
at vendor\laravel\framework\src\Illuminate\Database\Connection.php:559
at vendor\laravel\framework\src\Illuminate\Database\Connection.php:523
at vendor\laravel\framework\src\Illuminate\Database\Query\Processors\Processor.php:32
at vendor\laravel\framework\src\Illuminate\Database\Query\Builder.php:3853
at vendor\laravel\framework\src\Illuminate\Database\Eloquent\Builder.php:2235
at vendor\laravel\framework\src\Illuminate\Database\Eloquent\Model.php:1436
at vendor\laravel\framework\src\Illuminate\Database\Eloquent\Model.php:1401
at vendor\laravel\framework\src\Illuminate\Database\Eloquent\Model.php:1240
at vendor\laravel\framework\src\Illuminate\Database\Eloquent\Factories\Factory.php:370
at vendor\laravel\framework\src\Illuminate\Collections\Traits\EnumeratesValues.php:271
at vendor\laravel\framework\src\Illuminate\Database\Eloquent\Factories\Factory.php:365
at vendor\laravel\framework\src\Illuminate\Database\Eloquent\Factories\Factory.php:321
at tests\Feature\UserManagementTest.php:14
Caused by
PDOException: SQLSTATE[HY000]: General error: 1 no such table: car_rental_users

at vendor\laravel\framework\src\Illuminate\Database\Connection.php:564
at vendor\laravel\framework\src\Illuminate\Database\Connection.php:811
at vendor\laravel\framework\src\Illuminate\Database\Connection.php:778
at vendor\laravel\framework\src\Illuminate\Database\Connection.php:559
at vendor\laravel\framework\src\Illuminate\Database\Connection.php:523
at vendor\laravel\framework\src\Illuminate\Database\Query\Processors\Processor.php:32
at vendor\laravel\framework\src\Illuminate\Database\Query\Builder.php:3853
at vendor\laravel\framework\src\Illuminate\Database\Eloquent\Builder.php:2235
at vendor\laravel\framework\src\Illuminate\Database\Eloquent\Model.php:1436
at vendor\laravel\framework\src\Illuminate\Database\Eloquent\Model.php:1401
at vendor\laravel\framework\src\Illuminate\Database\Eloquent\Model.php:1240
at vendor\laravel\framework\src\Illuminate\Database\Eloquent\Factories\Factory.php:370
at vendor\laravel\framework\src\Illuminate\Collections\Traits\EnumeratesValues.php:271
at vendor\laravel\framework\src\Illuminate\Database\Eloquent\Factories\Factory.php:365
at vendor\laravel\framework\src\Illuminate\Database\Eloquent\Factories\Factory.php:321
at tests\Feature\UserManagementTest.php:14</error>
        </testcase>
        <testcase name="`User Management` → `User Profile Completion` → it tracks profile completion status" file="tests\Feature\UserManagementTest.php::`User Management` → `User Profile Completion` → it tracks profile completion status" class="Tests\Feature\UserManagementTest" classname="Tests.Feature.UserManagementTest" assertions="0" time="0.000000">
          <error type="Illuminate\Database\QueryException">`User Management` → `User Profile Completion` → it tracks profile completion statusIlluminate\Database\QueryException: SQLSTATE[HY000]: General error: 1 no such table: car_rental_users (Connection: sqlite, SQL: insert into "car_rental_users" ("name", "email", "email_verified_at", "password", "phone", "role", "status", "license_number", "id_document_path", "license_document_path", "is_verified", "date_of_birth", "address", "remember_token", "updated_at", "created_at") values (Ludwig Cassin, kgulgowski@example.net, 2025-09-24 12:53:21, $2y$04$78g4B33dBB9yvLZHXPZyOuzF4w5wzk7FwYQTRiFHrXZoaR9VfYlfW, 1-805-620-5704, admin, active, gvy-4326-4965, documents/ids/3d0f139c-1fff-3f36-a9c4-7629639f4d5c.pdf, documents/licenses/4d7b3a07-a51e-3b3c-8045-33fc90ca31fe.pdf, 1, 1985-05-16 00:00:00, 6528 Lockman Locks
South Jakob, CT 51355-0561, S9DGGKfi71, 2025-09-24 12:53:21, 2025-09-24 12:53:21))&#13;
at vendor\laravel\framework\src\Illuminate\Database\Connection.php:564
at vendor\laravel\framework\src\Illuminate\Database\Connection.php:811
at vendor\laravel\framework\src\Illuminate\Database\Connection.php:778
at vendor\laravel\framework\src\Illuminate\Database\Connection.php:559
at vendor\laravel\framework\src\Illuminate\Database\Connection.php:523
at vendor\laravel\framework\src\Illuminate\Database\Query\Processors\Processor.php:32
at vendor\laravel\framework\src\Illuminate\Database\Query\Builder.php:3853
at vendor\laravel\framework\src\Illuminate\Database\Eloquent\Builder.php:2235
at vendor\laravel\framework\src\Illuminate\Database\Eloquent\Model.php:1436
at vendor\laravel\framework\src\Illuminate\Database\Eloquent\Model.php:1401
at vendor\laravel\framework\src\Illuminate\Database\Eloquent\Model.php:1240
at vendor\laravel\framework\src\Illuminate\Database\Eloquent\Factories\Factory.php:370
at vendor\laravel\framework\src\Illuminate\Collections\Traits\EnumeratesValues.php:271
at vendor\laravel\framework\src\Illuminate\Database\Eloquent\Factories\Factory.php:365
at vendor\laravel\framework\src\Illuminate\Database\Eloquent\Factories\Factory.php:321
at tests\Feature\UserManagementTest.php:14
Caused by
PDOException: SQLSTATE[HY000]: General error: 1 no such table: car_rental_users

at vendor\laravel\framework\src\Illuminate\Database\Connection.php:564
at vendor\laravel\framework\src\Illuminate\Database\Connection.php:811
at vendor\laravel\framework\src\Illuminate\Database\Connection.php:778
at vendor\laravel\framework\src\Illuminate\Database\Connection.php:559
at vendor\laravel\framework\src\Illuminate\Database\Connection.php:523
at vendor\laravel\framework\src\Illuminate\Database\Query\Processors\Processor.php:32
at vendor\laravel\framework\src\Illuminate\Database\Query\Builder.php:3853
at vendor\laravel\framework\src\Illuminate\Database\Eloquent\Builder.php:2235
at vendor\laravel\framework\src\Illuminate\Database\Eloquent\Model.php:1436
at vendor\laravel\framework\src\Illuminate\Database\Eloquent\Model.php:1401
at vendor\laravel\framework\src\Illuminate\Database\Eloquent\Model.php:1240
at vendor\laravel\framework\src\Illuminate\Database\Eloquent\Factories\Factory.php:370
at vendor\laravel\framework\src\Illuminate\Collections\Traits\EnumeratesValues.php:271
at vendor\laravel\framework\src\Illuminate\Database\Eloquent\Factories\Factory.php:365
at vendor\laravel\framework\src\Illuminate\Database\Eloquent\Factories\Factory.php:321
at tests\Feature\UserManagementTest.php:14</error>
        </testcase>
        <testcase name="`User Management` → `User Creation` → it allows admin to create new users" file="tests\Feature\UserManagementTest.php::`User Management` → `User Creation` → it allows admin to create new users" class="Tests\Feature\UserManagementTest" classname="Tests.Feature.UserManagementTest" assertions="0" time="0.000000">
          <error type="Illuminate\Database\QueryException">`User Management` → `User Creation` → it allows admin to create new usersIlluminate\Database\QueryException: SQLSTATE[HY000]: General error: 1 no such table: car_rental_users (Connection: sqlite, SQL: insert into "car_rental_users" ("name", "email", "email_verified_at", "password", "phone", "role", "status", "license_number", "id_document_path", "license_document_path", "is_verified", "date_of_birth", "address", "remember_token", "updated_at", "created_at") values (Dr. Blanche Stroman II, ivah.gerhold@example.com, 2025-09-24 12:53:21, $2y$04$78g4B33dBB9yvLZHXPZyOuzF4w5wzk7FwYQTRiFHrXZoaR9VfYlfW, +1.628.973.1570, admin, active, kwe-5850-5063, documents/ids/b89b239e-f789-3fda-91f4-8ebc2b20f6ff.pdf, documents/licenses/1c4b5932-31d6-31ae-bfc0-a7a6a42275a5.pdf, 1, 1998-01-09 00:00:00, 720 Champlin Track Suite 692
Maciville, SD 80522-3850, nAmlMHwKGW, 2025-09-24 12:53:21, 2025-09-24 12:53:21))&#13;
at vendor\laravel\framework\src\Illuminate\Database\Connection.php:564
at vendor\laravel\framework\src\Illuminate\Database\Connection.php:811
at vendor\laravel\framework\src\Illuminate\Database\Connection.php:778
at vendor\laravel\framework\src\Illuminate\Database\Connection.php:559
at vendor\laravel\framework\src\Illuminate\Database\Connection.php:523
at vendor\laravel\framework\src\Illuminate\Database\Query\Processors\Processor.php:32
at vendor\laravel\framework\src\Illuminate\Database\Query\Builder.php:3853
at vendor\laravel\framework\src\Illuminate\Database\Eloquent\Builder.php:2235
at vendor\laravel\framework\src\Illuminate\Database\Eloquent\Model.php:1436
at vendor\laravel\framework\src\Illuminate\Database\Eloquent\Model.php:1401
at vendor\laravel\framework\src\Illuminate\Database\Eloquent\Model.php:1240
at vendor\laravel\framework\src\Illuminate\Database\Eloquent\Factories\Factory.php:370
at vendor\laravel\framework\src\Illuminate\Collections\Traits\EnumeratesValues.php:271
at vendor\laravel\framework\src\Illuminate\Database\Eloquent\Factories\Factory.php:365
at vendor\laravel\framework\src\Illuminate\Database\Eloquent\Factories\Factory.php:321
at tests\Feature\UserManagementTest.php:14
Caused by
PDOException: SQLSTATE[HY000]: General error: 1 no such table: car_rental_users

at vendor\laravel\framework\src\Illuminate\Database\Connection.php:564
at vendor\laravel\framework\src\Illuminate\Database\Connection.php:811
at vendor\laravel\framework\src\Illuminate\Database\Connection.php:778
at vendor\laravel\framework\src\Illuminate\Database\Connection.php:559
at vendor\laravel\framework\src\Illuminate\Database\Connection.php:523
at vendor\laravel\framework\src\Illuminate\Database\Query\Processors\Processor.php:32
at vendor\laravel\framework\src\Illuminate\Database\Query\Builder.php:3853
at vendor\laravel\framework\src\Illuminate\Database\Eloquent\Builder.php:2235
at vendor\laravel\framework\src\Illuminate\Database\Eloquent\Model.php:1436
at vendor\laravel\framework\src\Illuminate\Database\Eloquent\Model.php:1401
at vendor\laravel\framework\src\Illuminate\Database\Eloquent\Model.php:1240
at vendor\laravel\framework\src\Illuminate\Database\Eloquent\Factories\Factory.php:370
at vendor\laravel\framework\src\Illuminate\Collections\Traits\EnumeratesValues.php:271
at vendor\laravel\framework\src\Illuminate\Database\Eloquent\Factories\Factory.php:365
at vendor\laravel\framework\src\Illuminate\Database\Eloquent\Factories\Factory.php:321
at tests\Feature\UserManagementTest.php:14</error>
        </testcase>
        <testcase name="`User Management` → `Password Management` → it allows password updates with proper validation" file="tests\Feature\UserManagementTest.php::`User Management` → `Password Management` → it allows password updates with proper validation" class="Tests\Feature\UserManagementTest" classname="Tests.Feature.UserManagementTest" assertions="0" time="0.000000">
          <error type="Illuminate\Database\QueryException">`User Management` → `Password Management` → it allows password updates with proper validationIlluminate\Database\QueryException: SQLSTATE[HY000]: General error: 1 no such table: car_rental_users (Connection: sqlite, SQL: insert into "car_rental_users" ("name", "email", "email_verified_at", "password", "phone", "role", "status", "license_number", "id_document_path", "license_document_path", "is_verified", "date_of_birth", "address", "remember_token", "updated_at", "created_at") values (Evert Beer, georgette44@example.com, 2025-09-24 12:53:21, $2y$04$78g4B33dBB9yvLZHXPZyOuzF4w5wzk7FwYQTRiFHrXZoaR9VfYlfW, 1-267-784-9107, admin, active, piv-5800-6784, documents/ids/2c370e8f-5980-3a68-ae2c-62b9f6cd7324.pdf, documents/licenses/b501bc4d-0474-37ee-b45f-50b2d92e6811.pdf, 1, 1990-07-23 00:00:00, 867 Schroeder Lodge
Westside, NH 21195, 5FPTvF31HE, 2025-09-24 12:53:21, 2025-09-24 12:53:21))&#13;
at vendor\laravel\framework\src\Illuminate\Database\Connection.php:564
at vendor\laravel\framework\src\Illuminate\Database\Connection.php:811
at vendor\laravel\framework\src\Illuminate\Database\Connection.php:778
at vendor\laravel\framework\src\Illuminate\Database\Connection.php:559
at vendor\laravel\framework\src\Illuminate\Database\Connection.php:523
at vendor\laravel\framework\src\Illuminate\Database\Query\Processors\Processor.php:32
at vendor\laravel\framework\src\Illuminate\Database\Query\Builder.php:3853
at vendor\laravel\framework\src\Illuminate\Database\Eloquent\Builder.php:2235
at vendor\laravel\framework\src\Illuminate\Database\Eloquent\Model.php:1436
at vendor\laravel\framework\src\Illuminate\Database\Eloquent\Model.php:1401
at vendor\laravel\framework\src\Illuminate\Database\Eloquent\Model.php:1240
at vendor\laravel\framework\src\Illuminate\Database\Eloquent\Factories\Factory.php:370
at vendor\laravel\framework\src\Illuminate\Collections\Traits\EnumeratesValues.php:271
at vendor\laravel\framework\src\Illuminate\Database\Eloquent\Factories\Factory.php:365
at vendor\laravel\framework\src\Illuminate\Database\Eloquent\Factories\Factory.php:321
at tests\Feature\UserManagementTest.php:14
Caused by
PDOException: SQLSTATE[HY000]: General error: 1 no such table: car_rental_users

at vendor\laravel\framework\src\Illuminate\Database\Connection.php:564
at vendor\laravel\framework\src\Illuminate\Database\Connection.php:811
at vendor\laravel\framework\src\Illuminate\Database\Connection.php:778
at vendor\laravel\framework\src\Illuminate\Database\Connection.php:559
at vendor\laravel\framework\src\Illuminate\Database\Connection.php:523
at vendor\laravel\framework\src\Illuminate\Database\Query\Processors\Processor.php:32
at vendor\laravel\framework\src\Illuminate\Database\Query\Builder.php:3853
at vendor\laravel\framework\src\Illuminate\Database\Eloquent\Builder.php:2235
at vendor\laravel\framework\src\Illuminate\Database\Eloquent\Model.php:1436
at vendor\laravel\framework\src\Illuminate\Database\Eloquent\Model.php:1401
at vendor\laravel\framework\src\Illuminate\Database\Eloquent\Model.php:1240
at vendor\laravel\framework\src\Illuminate\Database\Eloquent\Factories\Factory.php:370
at vendor\laravel\framework\src\Illuminate\Collections\Traits\EnumeratesValues.php:271
at vendor\laravel\framework\src\Illuminate\Database\Eloquent\Factories\Factory.php:365
at vendor\laravel\framework\src\Illuminate\Database\Eloquent\Factories\Factory.php:321
at tests\Feature\UserManagementTest.php:14</error>
        </testcase>
        <testcase name="`User Management` → `Password Management` → it validates current password before update" file="tests\Feature\UserManagementTest.php::`User Management` → `Password Management` → it validates current password before update" class="Tests\Feature\UserManagementTest" classname="Tests.Feature.UserManagementTest" assertions="0" time="0.000000">
          <error type="Illuminate\Database\QueryException">`User Management` → `Password Management` → it validates current password before updateIlluminate\Database\QueryException: SQLSTATE[HY000]: General error: 1 no such table: car_rental_users (Connection: sqlite, SQL: insert into "car_rental_users" ("name", "email", "email_verified_at", "password", "phone", "role", "status", "license_number", "id_document_path", "license_document_path", "is_verified", "date_of_birth", "address", "remember_token", "updated_at", "created_at") values (Alyce Ledner, oswald87@example.net, 2025-09-24 12:53:21, $2y$04$78g4B33dBB9yvLZHXPZyOuzF4w5wzk7FwYQTRiFHrXZoaR9VfYlfW, +1.757.358.7047, admin, active, lyk-8691-9839, documents/ids/292d8fc1-d422-3a37-b8ba-6a3a2f8dd5b9.pdf, documents/licenses/f7d8d6b3-ae8c-3221-aa79-56ed40807b71.pdf, 1, 1997-11-29 00:00:00, 63074 Kaia Stravenue Apt. 799
Elnoraside, NE 24854, 4APgI9QziW, 2025-09-24 12:53:21, 2025-09-24 12:53:21))&#13;
at vendor\laravel\framework\src\Illuminate\Database\Connection.php:564
at vendor\laravel\framework\src\Illuminate\Database\Connection.php:811
at vendor\laravel\framework\src\Illuminate\Database\Connection.php:778
at vendor\laravel\framework\src\Illuminate\Database\Connection.php:559
at vendor\laravel\framework\src\Illuminate\Database\Connection.php:523
at vendor\laravel\framework\src\Illuminate\Database\Query\Processors\Processor.php:32
at vendor\laravel\framework\src\Illuminate\Database\Query\Builder.php:3853
at vendor\laravel\framework\src\Illuminate\Database\Eloquent\Builder.php:2235
at vendor\laravel\framework\src\Illuminate\Database\Eloquent\Model.php:1436
at vendor\laravel\framework\src\Illuminate\Database\Eloquent\Model.php:1401
at vendor\laravel\framework\src\Illuminate\Database\Eloquent\Model.php:1240
at vendor\laravel\framework\src\Illuminate\Database\Eloquent\Factories\Factory.php:370
at vendor\laravel\framework\src\Illuminate\Collections\Traits\EnumeratesValues.php:271
at vendor\laravel\framework\src\Illuminate\Database\Eloquent\Factories\Factory.php:365
at vendor\laravel\framework\src\Illuminate\Database\Eloquent\Factories\Factory.php:321
at tests\Feature\UserManagementTest.php:14
Caused by
PDOException: SQLSTATE[HY000]: General error: 1 no such table: car_rental_users

at vendor\laravel\framework\src\Illuminate\Database\Connection.php:564
at vendor\laravel\framework\src\Illuminate\Database\Connection.php:811
at vendor\laravel\framework\src\Illuminate\Database\Connection.php:778
at vendor\laravel\framework\src\Illuminate\Database\Connection.php:559
at vendor\laravel\framework\src\Illuminate\Database\Connection.php:523
at vendor\laravel\framework\src\Illuminate\Database\Query\Processors\Processor.php:32
at vendor\laravel\framework\src\Illuminate\Database\Query\Builder.php:3853
at vendor\laravel\framework\src\Illuminate\Database\Eloquent\Builder.php:2235
at vendor\laravel\framework\src\Illuminate\Database\Eloquent\Model.php:1436
at vendor\laravel\framework\src\Illuminate\Database\Eloquent\Model.php:1401
at vendor\laravel\framework\src\Illuminate\Database\Eloquent\Model.php:1240
at vendor\laravel\framework\src\Illuminate\Database\Eloquent\Factories\Factory.php:370
at vendor\laravel\framework\src\Illuminate\Collections\Traits\EnumeratesValues.php:271
at vendor\laravel\framework\src\Illuminate\Database\Eloquent\Factories\Factory.php:365
at vendor\laravel\framework\src\Illuminate\Database\Eloquent\Factories\Factory.php:321
at tests\Feature\UserManagementTest.php:14</error>
        </testcase>
        <testcase name="`User Management` → `User Updates` → it allows users to update their own profile" file="tests\Feature\UserManagementTest.php::`User Management` → `User Updates` → it allows users to update their own profile" class="Tests\Feature\UserManagementTest" classname="Tests.Feature.UserManagementTest" assertions="0" time="0.000000">
          <error type="Illuminate\Database\QueryException">`User Management` → `User Updates` → it allows users to update their own profileIlluminate\Database\QueryException: SQLSTATE[HY000]: General error: 1 no such table: car_rental_users (Connection: sqlite, SQL: insert into "car_rental_users" ("name", "email", "email_verified_at", "password", "phone", "role", "status", "license_number", "id_document_path", "license_document_path", "is_verified", "date_of_birth", "address", "remember_token", "updated_at", "created_at") values (Francesca Green, deon.schuppe@example.org, 2025-09-24 12:53:22, $2y$04$78g4B33dBB9yvLZHXPZyOuzF4w5wzk7FwYQTRiFHrXZoaR9VfYlfW, 636-842-2165, admin, active, zme-7898-6939, documents/ids/9132f980-68fb-3c8f-8809-bbf08ff78de4.pdf, documents/licenses/fa31e34c-d2eb-37da-866e-26fb745d3427.pdf, 1, 1961-10-28 00:00:00, 77898 Orn Gateway
Nyasiatown, NJ 73830-0367, fsWO5xmTd6, 2025-09-24 12:53:22, 2025-09-24 12:53:22))&#13;
at vendor\laravel\framework\src\Illuminate\Database\Connection.php:564
at vendor\laravel\framework\src\Illuminate\Database\Connection.php:811
at vendor\laravel\framework\src\Illuminate\Database\Connection.php:778
at vendor\laravel\framework\src\Illuminate\Database\Connection.php:559
at vendor\laravel\framework\src\Illuminate\Database\Connection.php:523
at vendor\laravel\framework\src\Illuminate\Database\Query\Processors\Processor.php:32
at vendor\laravel\framework\src\Illuminate\Database\Query\Builder.php:3853
at vendor\laravel\framework\src\Illuminate\Database\Eloquent\Builder.php:2235
at vendor\laravel\framework\src\Illuminate\Database\Eloquent\Model.php:1436
at vendor\laravel\framework\src\Illuminate\Database\Eloquent\Model.php:1401
at vendor\laravel\framework\src\Illuminate\Database\Eloquent\Model.php:1240
at vendor\laravel\framework\src\Illuminate\Database\Eloquent\Factories\Factory.php:370
at vendor\laravel\framework\src\Illuminate\Collections\Traits\EnumeratesValues.php:271
at vendor\laravel\framework\src\Illuminate\Database\Eloquent\Factories\Factory.php:365
at vendor\laravel\framework\src\Illuminate\Database\Eloquent\Factories\Factory.php:321
at tests\Feature\UserManagementTest.php:14
Caused by
PDOException: SQLSTATE[HY000]: General error: 1 no such table: car_rental_users

at vendor\laravel\framework\src\Illuminate\Database\Connection.php:564
at vendor\laravel\framework\src\Illuminate\Database\Connection.php:811
at vendor\laravel\framework\src\Illuminate\Database\Connection.php:778
at vendor\laravel\framework\src\Illuminate\Database\Connection.php:559
at vendor\laravel\framework\src\Illuminate\Database\Connection.php:523
at vendor\laravel\framework\src\Illuminate\Database\Query\Processors\Processor.php:32
at vendor\laravel\framework\src\Illuminate\Database\Query\Builder.php:3853
at vendor\laravel\framework\src\Illuminate\Database\Eloquent\Builder.php:2235
at vendor\laravel\framework\src\Illuminate\Database\Eloquent\Model.php:1436
at vendor\laravel\framework\src\Illuminate\Database\Eloquent\Model.php:1401
at vendor\laravel\framework\src\Illuminate\Database\Eloquent\Model.php:1240
at vendor\laravel\framework\src\Illuminate\Database\Eloquent\Factories\Factory.php:370
at vendor\laravel\framework\src\Illuminate\Collections\Traits\EnumeratesValues.php:271
at vendor\laravel\framework\src\Illuminate\Database\Eloquent\Factories\Factory.php:365
at vendor\laravel\framework\src\Illuminate\Database\Eloquent\Factories\Factory.php:321
at tests\Feature\UserManagementTest.php:14</error>
        </testcase>
        <testcase name="`User Management` → `User Listing` → it filters users by role" file="tests\Feature\UserManagementTest.php::`User Management` → `User Listing` → it filters users by role" class="Tests\Feature\UserManagementTest" classname="Tests.Feature.UserManagementTest" assertions="0" time="0.000000">
          <error type="Illuminate\Database\QueryException">`User Management` → `User Listing` → it filters users by roleIlluminate\Database\QueryException: SQLSTATE[HY000]: General error: 1 no such table: car_rental_users (Connection: sqlite, SQL: insert into "car_rental_users" ("name", "email", "email_verified_at", "password", "phone", "role", "status", "license_number", "id_document_path", "license_document_path", "is_verified", "date_of_birth", "address", "remember_token", "updated_at", "created_at") values (Mr. Dagmar Daugherty IV, anais.pollich@example.org, 2025-09-24 12:53:22, $2y$04$78g4B33dBB9yvLZHXPZyOuzF4w5wzk7FwYQTRiFHrXZoaR9VfYlfW, +1-757-326-0899, admin, active, yzh-0519-1711, documents/ids/46777ce4-7d13-34d2-bf01-4a0a326dd172.pdf, documents/licenses/486dd782-01d7-34f1-9e01-600c3e73a0b5.pdf, 1, 1998-02-03 00:00:00, 879 Tania Springs
Herthamouth, VT 38164, dl2c0EsDbw, 2025-09-24 12:53:22, 2025-09-24 12:53:22))&#13;
at vendor\laravel\framework\src\Illuminate\Database\Connection.php:564
at vendor\laravel\framework\src\Illuminate\Database\Connection.php:811
at vendor\laravel\framework\src\Illuminate\Database\Connection.php:778
at vendor\laravel\framework\src\Illuminate\Database\Connection.php:559
at vendor\laravel\framework\src\Illuminate\Database\Connection.php:523
at vendor\laravel\framework\src\Illuminate\Database\Query\Processors\Processor.php:32
at vendor\laravel\framework\src\Illuminate\Database\Query\Builder.php:3853
at vendor\laravel\framework\src\Illuminate\Database\Eloquent\Builder.php:2235
at vendor\laravel\framework\src\Illuminate\Database\Eloquent\Model.php:1436
at vendor\laravel\framework\src\Illuminate\Database\Eloquent\Model.php:1401
at vendor\laravel\framework\src\Illuminate\Database\Eloquent\Model.php:1240
at vendor\laravel\framework\src\Illuminate\Database\Eloquent\Factories\Factory.php:370
at vendor\laravel\framework\src\Illuminate\Collections\Traits\EnumeratesValues.php:271
at vendor\laravel\framework\src\Illuminate\Database\Eloquent\Factories\Factory.php:365
at vendor\laravel\framework\src\Illuminate\Database\Eloquent\Factories\Factory.php:321
at tests\Feature\UserManagementTest.php:14
Caused by
PDOException: SQLSTATE[HY000]: General error: 1 no such table: car_rental_users

at vendor\laravel\framework\src\Illuminate\Database\Connection.php:564
at vendor\laravel\framework\src\Illuminate\Database\Connection.php:811
at vendor\laravel\framework\src\Illuminate\Database\Connection.php:778
at vendor\laravel\framework\src\Illuminate\Database\Connection.php:559
at vendor\laravel\framework\src\Illuminate\Database\Connection.php:523
at vendor\laravel\framework\src\Illuminate\Database\Query\Processors\Processor.php:32
at vendor\laravel\framework\src\Illuminate\Database\Query\Builder.php:3853
at vendor\laravel\framework\src\Illuminate\Database\Eloquent\Builder.php:2235
at vendor\laravel\framework\src\Illuminate\Database\Eloquent\Model.php:1436
at vendor\laravel\framework\src\Illuminate\Database\Eloquent\Model.php:1401
at vendor\laravel\framework\src\Illuminate\Database\Eloquent\Model.php:1240
at vendor\laravel\framework\src\Illuminate\Database\Eloquent\Factories\Factory.php:370
at vendor\laravel\framework\src\Illuminate\Collections\Traits\EnumeratesValues.php:271
at vendor\laravel\framework\src\Illuminate\Database\Eloquent\Factories\Factory.php:365
at vendor\laravel\framework\src\Illuminate\Database\Eloquent\Factories\Factory.php:321
at tests\Feature\UserManagementTest.php:14</error>
        </testcase>
        <testcase name="`User Management` → `User Listing` → it restricts renter access to user management" file="tests\Feature\UserManagementTest.php::`User Management` → `User Listing` → it restricts renter access to user management" class="Tests\Feature\UserManagementTest" classname="Tests.Feature.UserManagementTest" assertions="0" time="0.000000">
          <error type="Illuminate\Database\QueryException">`User Management` → `User Listing` → it restricts renter access to user managementIlluminate\Database\QueryException: SQLSTATE[HY000]: General error: 1 no such table: car_rental_users (Connection: sqlite, SQL: insert into "car_rental_users" ("name", "email", "email_verified_at", "password", "phone", "role", "status", "license_number", "id_document_path", "license_document_path", "is_verified", "date_of_birth", "address", "remember_token", "updated_at", "created_at") values (Kira Runolfsson, rippin.gaetano@example.net, 2025-09-24 12:53:22, $2y$04$78g4B33dBB9yvLZHXPZyOuzF4w5wzk7FwYQTRiFHrXZoaR9VfYlfW, (754) 925-1549, admin, active, mid-1771-2913, documents/ids/8c88a6b3-9d7c-3122-ad7b-a8bcc05ef6fc.pdf, documents/licenses/3b935131-40ee-350a-9a9c-8b891915df62.pdf, 1, 1984-07-16 00:00:00, 1193 Darrion Cove Apt. 370
East Laura, NE 54861, yAqeMG8HnR, 2025-09-24 12:53:22, 2025-09-24 12:53:22))&#13;
at vendor\laravel\framework\src\Illuminate\Database\Connection.php:564
at vendor\laravel\framework\src\Illuminate\Database\Connection.php:811
at vendor\laravel\framework\src\Illuminate\Database\Connection.php:778
at vendor\laravel\framework\src\Illuminate\Database\Connection.php:559
at vendor\laravel\framework\src\Illuminate\Database\Connection.php:523
at vendor\laravel\framework\src\Illuminate\Database\Query\Processors\Processor.php:32
at vendor\laravel\framework\src\Illuminate\Database\Query\Builder.php:3853
at vendor\laravel\framework\src\Illuminate\Database\Eloquent\Builder.php:2235
at vendor\laravel\framework\src\Illuminate\Database\Eloquent\Model.php:1436
at vendor\laravel\framework\src\Illuminate\Database\Eloquent\Model.php:1401
at vendor\laravel\framework\src\Illuminate\Database\Eloquent\Model.php:1240
at vendor\laravel\framework\src\Illuminate\Database\Eloquent\Factories\Factory.php:370
at vendor\laravel\framework\src\Illuminate\Collections\Traits\EnumeratesValues.php:271
at vendor\laravel\framework\src\Illuminate\Database\Eloquent\Factories\Factory.php:365
at vendor\laravel\framework\src\Illuminate\Database\Eloquent\Factories\Factory.php:321
at tests\Feature\UserManagementTest.php:14
Caused by
PDOException: SQLSTATE[HY000]: General error: 1 no such table: car_rental_users

at vendor\laravel\framework\src\Illuminate\Database\Connection.php:564
at vendor\laravel\framework\src\Illuminate\Database\Connection.php:811
at vendor\laravel\framework\src\Illuminate\Database\Connection.php:778
at vendor\laravel\framework\src\Illuminate\Database\Connection.php:559
at vendor\laravel\framework\src\Illuminate\Database\Connection.php:523
at vendor\laravel\framework\src\Illuminate\Database\Query\Processors\Processor.php:32
at vendor\laravel\framework\src\Illuminate\Database\Query\Builder.php:3853
at vendor\laravel\framework\src\Illuminate\Database\Eloquent\Builder.php:2235
at vendor\laravel\framework\src\Illuminate\Database\Eloquent\Model.php:1436
at vendor\laravel\framework\src\Illuminate\Database\Eloquent\Model.php:1401
at vendor\laravel\framework\src\Illuminate\Database\Eloquent\Model.php:1240
at vendor\laravel\framework\src\Illuminate\Database\Eloquent\Factories\Factory.php:370
at vendor\laravel\framework\src\Illuminate\Collections\Traits\EnumeratesValues.php:271
at vendor\laravel\framework\src\Illuminate\Database\Eloquent\Factories\Factory.php:365
at vendor\laravel\framework\src\Illuminate\Database\Eloquent\Factories\Factory.php:321
at tests\Feature\UserManagementTest.php:14</error>
        </testcase>
        <testcase name="`User Management` → `User Listing` → it searches users by name or email" file="tests\Feature\UserManagementTest.php::`User Management` → `User Listing` → it searches users by name or email" class="Tests\Feature\UserManagementTest" classname="Tests.Feature.UserManagementTest" assertions="0" time="0.000000">
          <error type="Illuminate\Database\QueryException">`User Management` → `User Listing` → it searches users by name or emailIlluminate\Database\QueryException: SQLSTATE[HY000]: General error: 1 no such table: car_rental_users (Connection: sqlite, SQL: insert into "car_rental_users" ("name", "email", "email_verified_at", "password", "phone", "role", "status", "license_number", "id_document_path", "license_document_path", "is_verified", "date_of_birth", "address", "remember_token", "updated_at", "created_at") values (Matilde Bergnaum, krajcik.molly@example.org, 2025-09-24 12:53:22, $2y$04$78g4B33dBB9yvLZHXPZyOuzF4w5wzk7FwYQTRiFHrXZoaR9VfYlfW, +1-414-427-7276, admin, active, ngk-5980-3338, documents/ids/9d7487b4-c889-3eef-8a7d-b1ff3a8682fd.pdf, documents/licenses/25bc9926-9758-38b2-8a77-68f6d9b9ddeb.pdf, 1, 1965-02-05 00:00:00, 978 Emelia Row Apt. 161
South Steveview, MA 66362, V6sf0Sry4o, 2025-09-24 12:53:22, 2025-09-24 12:53:22))&#13;
at vendor\laravel\framework\src\Illuminate\Database\Connection.php:564
at vendor\laravel\framework\src\Illuminate\Database\Connection.php:811
at vendor\laravel\framework\src\Illuminate\Database\Connection.php:778
at vendor\laravel\framework\src\Illuminate\Database\Connection.php:559
at vendor\laravel\framework\src\Illuminate\Database\Connection.php:523
at vendor\laravel\framework\src\Illuminate\Database\Query\Processors\Processor.php:32
at vendor\laravel\framework\src\Illuminate\Database\Query\Builder.php:3853
at vendor\laravel\framework\src\Illuminate\Database\Eloquent\Builder.php:2235
at vendor\laravel\framework\src\Illuminate\Database\Eloquent\Model.php:1436
at vendor\laravel\framework\src\Illuminate\Database\Eloquent\Model.php:1401
at vendor\laravel\framework\src\Illuminate\Database\Eloquent\Model.php:1240
at vendor\laravel\framework\src\Illuminate\Database\Eloquent\Factories\Factory.php:370
at vendor\laravel\framework\src\Illuminate\Collections\Traits\EnumeratesValues.php:271
at vendor\laravel\framework\src\Illuminate\Database\Eloquent\Factories\Factory.php:365
at vendor\laravel\framework\src\Illuminate\Database\Eloquent\Factories\Factory.php:321
at tests\Feature\UserManagementTest.php:14
Caused by
PDOException: SQLSTATE[HY000]: General error: 1 no such table: car_rental_users

at vendor\laravel\framework\src\Illuminate\Database\Connection.php:564
at vendor\laravel\framework\src\Illuminate\Database\Connection.php:811
at vendor\laravel\framework\src\Illuminate\Database\Connection.php:778
at vendor\laravel\framework\src\Illuminate\Database\Connection.php:559
at vendor\laravel\framework\src\Illuminate\Database\Connection.php:523
at vendor\laravel\framework\src\Illuminate\Database\Query\Processors\Processor.php:32
at vendor\laravel\framework\src\Illuminate\Database\Query\Builder.php:3853
at vendor\laravel\framework\src\Illuminate\Database\Eloquent\Builder.php:2235
at vendor\laravel\framework\src\Illuminate\Database\Eloquent\Model.php:1436
at vendor\laravel\framework\src\Illuminate\Database\Eloquent\Model.php:1401
at vendor\laravel\framework\src\Illuminate\Database\Eloquent\Model.php:1240
at vendor\laravel\framework\src\Illuminate\Database\Eloquent\Factories\Factory.php:370
at vendor\laravel\framework\src\Illuminate\Collections\Traits\EnumeratesValues.php:271
at vendor\laravel\framework\src\Illuminate\Database\Eloquent\Factories\Factory.php:365
at vendor\laravel\framework\src\Illuminate\Database\Eloquent\Factories\Factory.php:321
at tests\Feature\UserManagementTest.php:14</error>
        </testcase>
        <testcase name="`User Management` → `User Activity Tracking` → it shows owner vehicle statistics" file="tests\Feature\UserManagementTest.php::`User Management` → `User Activity Tracking` → it shows owner vehicle statistics" class="Tests\Feature\UserManagementTest" classname="Tests.Feature.UserManagementTest" assertions="0" time="0.000000">
          <error type="Illuminate\Database\QueryException">`User Management` → `User Activity Tracking` → it shows owner vehicle statisticsIlluminate\Database\QueryException: SQLSTATE[HY000]: General error: 1 no such table: car_rental_users (Connection: sqlite, SQL: insert into "car_rental_users" ("name", "email", "email_verified_at", "password", "phone", "role", "status", "license_number", "id_document_path", "license_document_path", "is_verified", "date_of_birth", "address", "remember_token", "updated_at", "created_at") values (Mr. Bernard Breitenberg, gpredovic@example.org, 2025-09-24 12:53:22, $2y$04$78g4B33dBB9yvLZHXPZyOuzF4w5wzk7FwYQTRiFHrXZoaR9VfYlfW, +1-812-529-5341, admin, active, mqx-6117-1216, documents/ids/850cf825-9342-32ff-b22f-477991927c67.pdf, documents/licenses/eb4211ab-0ba6-34f3-b2c3-1af136e9e4c2.pdf, 1, 2002-07-03 00:00:00, 69058 Sidney Isle Apt. 684
South Russellport, MA 72453-1265, FJeqCqwpqL, 2025-09-24 12:53:22, 2025-09-24 12:53:22))&#13;
at vendor\laravel\framework\src\Illuminate\Database\Connection.php:564
at vendor\laravel\framework\src\Illuminate\Database\Connection.php:811
at vendor\laravel\framework\src\Illuminate\Database\Connection.php:778
at vendor\laravel\framework\src\Illuminate\Database\Connection.php:559
at vendor\laravel\framework\src\Illuminate\Database\Connection.php:523
at vendor\laravel\framework\src\Illuminate\Database\Query\Processors\Processor.php:32
at vendor\laravel\framework\src\Illuminate\Database\Query\Builder.php:3853
at vendor\laravel\framework\src\Illuminate\Database\Eloquent\Builder.php:2235
at vendor\laravel\framework\src\Illuminate\Database\Eloquent\Model.php:1436
at vendor\laravel\framework\src\Illuminate\Database\Eloquent\Model.php:1401
at vendor\laravel\framework\src\Illuminate\Database\Eloquent\Model.php:1240
at vendor\laravel\framework\src\Illuminate\Database\Eloquent\Factories\Factory.php:370
at vendor\laravel\framework\src\Illuminate\Collections\Traits\EnumeratesValues.php:271
at vendor\laravel\framework\src\Illuminate\Database\Eloquent\Factories\Factory.php:365
at vendor\laravel\framework\src\Illuminate\Database\Eloquent\Factories\Factory.php:321
at tests\Feature\UserManagementTest.php:14
Caused by
PDOException: SQLSTATE[HY000]: General error: 1 no such table: car_rental_users

at vendor\laravel\framework\src\Illuminate\Database\Connection.php:564
at vendor\laravel\framework\src\Illuminate\Database\Connection.php:811
at vendor\laravel\framework\src\Illuminate\Database\Connection.php:778
at vendor\laravel\framework\src\Illuminate\Database\Connection.php:559
at vendor\laravel\framework\src\Illuminate\Database\Connection.php:523
at vendor\laravel\framework\src\Illuminate\Database\Query\Processors\Processor.php:32
at vendor\laravel\framework\src\Illuminate\Database\Query\Builder.php:3853
at vendor\laravel\framework\src\Illuminate\Database\Eloquent\Builder.php:2235
at vendor\laravel\framework\src\Illuminate\Database\Eloquent\Model.php:1436
at vendor\laravel\framework\src\Illuminate\Database\Eloquent\Model.php:1401
at vendor\laravel\framework\src\Illuminate\Database\Eloquent\Model.php:1240
at vendor\laravel\framework\src\Illuminate\Database\Eloquent\Factories\Factory.php:370
at vendor\laravel\framework\src\Illuminate\Collections\Traits\EnumeratesValues.php:271
at vendor\laravel\framework\src\Illuminate\Database\Eloquent\Factories\Factory.php:365
at vendor\laravel\framework\src\Illuminate\Database\Eloquent\Factories\Factory.php:321
at tests\Feature\UserManagementTest.php:14</error>
        </testcase>
        <testcase name="`User Management` → `User Updates` → it prevents non-admin from changing roles" file="tests\Feature\UserManagementTest.php::`User Management` → `User Updates` → it prevents non-admin from changing roles" class="Tests\Feature\UserManagementTest" classname="Tests.Feature.UserManagementTest" assertions="0" time="0.000000">
          <error type="Illuminate\Database\QueryException">`User Management` → `User Updates` → it prevents non-admin from changing rolesIlluminate\Database\QueryException: SQLSTATE[HY000]: General error: 1 no such table: car_rental_users (Connection: sqlite, SQL: insert into "car_rental_users" ("name", "email", "email_verified_at", "password", "phone", "role", "status", "license_number", "id_document_path", "license_document_path", "is_verified", "date_of_birth", "address", "remember_token", "updated_at", "created_at") values (Samantha McLaughlin, rhoda18@example.com, 2025-09-24 12:53:22, $2y$04$78g4B33dBB9yvLZHXPZyOuzF4w5wzk7FwYQTRiFHrXZoaR9VfYlfW, 1-936-445-6292, admin, active, uuy-9065-9685, documents/ids/393db533-62eb-3c8d-b2a5-e4687205d9cc.pdf, documents/licenses/9852750e-c54b-3a23-bd64-08a3690020e4.pdf, 1, 2001-04-20 00:00:00, 338 Yvonne Valley Apt. 759
Powlowskishire, WI 14516, u1v0gs8iAp, 2025-09-24 12:53:22, 2025-09-24 12:53:22))&#13;
at vendor\laravel\framework\src\Illuminate\Database\Connection.php:564
at vendor\laravel\framework\src\Illuminate\Database\Connection.php:811
at vendor\laravel\framework\src\Illuminate\Database\Connection.php:778
at vendor\laravel\framework\src\Illuminate\Database\Connection.php:559
at vendor\laravel\framework\src\Illuminate\Database\Connection.php:523
at vendor\laravel\framework\src\Illuminate\Database\Query\Processors\Processor.php:32
at vendor\laravel\framework\src\Illuminate\Database\Query\Builder.php:3853
at vendor\laravel\framework\src\Illuminate\Database\Eloquent\Builder.php:2235
at vendor\laravel\framework\src\Illuminate\Database\Eloquent\Model.php:1436
at vendor\laravel\framework\src\Illuminate\Database\Eloquent\Model.php:1401
at vendor\laravel\framework\src\Illuminate\Database\Eloquent\Model.php:1240
at vendor\laravel\framework\src\Illuminate\Database\Eloquent\Factories\Factory.php:370
at vendor\laravel\framework\src\Illuminate\Collections\Traits\EnumeratesValues.php:271
at vendor\laravel\framework\src\Illuminate\Database\Eloquent\Factories\Factory.php:365
at vendor\laravel\framework\src\Illuminate\Database\Eloquent\Factories\Factory.php:321
at tests\Feature\UserManagementTest.php:14
Caused by
PDOException: SQLSTATE[HY000]: General error: 1 no such table: car_rental_users

at vendor\laravel\framework\src\Illuminate\Database\Connection.php:564
at vendor\laravel\framework\src\Illuminate\Database\Connection.php:811
at vendor\laravel\framework\src\Illuminate\Database\Connection.php:778
at vendor\laravel\framework\src\Illuminate\Database\Connection.php:559
at vendor\laravel\framework\src\Illuminate\Database\Connection.php:523
at vendor\laravel\framework\src\Illuminate\Database\Query\Processors\Processor.php:32
at vendor\laravel\framework\src\Illuminate\Database\Query\Builder.php:3853
at vendor\laravel\framework\src\Illuminate\Database\Eloquent\Builder.php:2235
at vendor\laravel\framework\src\Illuminate\Database\Eloquent\Model.php:1436
at vendor\laravel\framework\src\Illuminate\Database\Eloquent\Model.php:1401
at vendor\laravel\framework\src\Illuminate\Database\Eloquent\Model.php:1240
at vendor\laravel\framework\src\Illuminate\Database\Eloquent\Factories\Factory.php:370
at vendor\laravel\framework\src\Illuminate\Collections\Traits\EnumeratesValues.php:271
at vendor\laravel\framework\src\Illuminate\Database\Eloquent\Factories\Factory.php:365
at vendor\laravel\framework\src\Illuminate\Database\Eloquent\Factories\Factory.php:321
at tests\Feature\UserManagementTest.php:14</error>
        </testcase>
        <testcase name="`User Management` → `User Updates` → it allows admin to change user roles" file="tests\Feature\UserManagementTest.php::`User Management` → `User Updates` → it allows admin to change user roles" class="Tests\Feature\UserManagementTest" classname="Tests.Feature.UserManagementTest" assertions="0" time="0.000000">
          <error type="Illuminate\Database\QueryException">`User Management` → `User Updates` → it allows admin to change user rolesIlluminate\Database\QueryException: SQLSTATE[HY000]: General error: 1 no such table: car_rental_users (Connection: sqlite, SQL: insert into "car_rental_users" ("name", "email", "email_verified_at", "password", "phone", "role", "status", "license_number", "id_document_path", "license_document_path", "is_verified", "date_of_birth", "address", "remember_token", "updated_at", "created_at") values (Marian Gutkowski I, thora65@example.org, 2025-09-24 12:53:22, $2y$04$78g4B33dBB9yvLZHXPZyOuzF4w5wzk7FwYQTRiFHrXZoaR9VfYlfW, 1-605-545-8364, admin, active, ftr-5681-3999, documents/ids/55297dec-b6b5-370e-978c-8de7f356287e.pdf, documents/licenses/daa7f3cf-4cae-3763-9ceb-57c9bf623873.pdf, 1, 1985-03-19 00:00:00, 723 McLaughlin Mountain Suite 469
Lonberg, ID 36474, HnlPowXr3R, 2025-09-24 12:53:22, 2025-09-24 12:53:22))&#13;
at vendor\laravel\framework\src\Illuminate\Database\Connection.php:564
at vendor\laravel\framework\src\Illuminate\Database\Connection.php:811
at vendor\laravel\framework\src\Illuminate\Database\Connection.php:778
at vendor\laravel\framework\src\Illuminate\Database\Connection.php:559
at vendor\laravel\framework\src\Illuminate\Database\Connection.php:523
at vendor\laravel\framework\src\Illuminate\Database\Query\Processors\Processor.php:32
at vendor\laravel\framework\src\Illuminate\Database\Query\Builder.php:3853
at vendor\laravel\framework\src\Illuminate\Database\Eloquent\Builder.php:2235
at vendor\laravel\framework\src\Illuminate\Database\Eloquent\Model.php:1436
at vendor\laravel\framework\src\Illuminate\Database\Eloquent\Model.php:1401
at vendor\laravel\framework\src\Illuminate\Database\Eloquent\Model.php:1240
at vendor\laravel\framework\src\Illuminate\Database\Eloquent\Factories\Factory.php:370
at vendor\laravel\framework\src\Illuminate\Collections\Traits\EnumeratesValues.php:271
at vendor\laravel\framework\src\Illuminate\Database\Eloquent\Factories\Factory.php:365
at vendor\laravel\framework\src\Illuminate\Database\Eloquent\Factories\Factory.php:321
at tests\Feature\UserManagementTest.php:14
Caused by
PDOException: SQLSTATE[HY000]: General error: 1 no such table: car_rental_users

at vendor\laravel\framework\src\Illuminate\Database\Connection.php:564
at vendor\laravel\framework\src\Illuminate\Database\Connection.php:811
at vendor\laravel\framework\src\Illuminate\Database\Connection.php:778
at vendor\laravel\framework\src\Illuminate\Database\Connection.php:559
at vendor\laravel\framework\src\Illuminate\Database\Connection.php:523
at vendor\laravel\framework\src\Illuminate\Database\Query\Processors\Processor.php:32
at vendor\laravel\framework\src\Illuminate\Database\Query\Builder.php:3853
at vendor\laravel\framework\src\Illuminate\Database\Eloquent\Builder.php:2235
at vendor\laravel\framework\src\Illuminate\Database\Eloquent\Model.php:1436
at vendor\laravel\framework\src\Illuminate\Database\Eloquent\Model.php:1401
at vendor\laravel\framework\src\Illuminate\Database\Eloquent\Model.php:1240
at vendor\laravel\framework\src\Illuminate\Database\Eloquent\Factories\Factory.php:370
at vendor\laravel\framework\src\Illuminate\Collections\Traits\EnumeratesValues.php:271
at vendor\laravel\framework\src\Illuminate\Database\Eloquent\Factories\Factory.php:365
at vendor\laravel\framework\src\Illuminate\Database\Eloquent\Factories\Factory.php:321
at tests\Feature\UserManagementTest.php:14</error>
        </testcase>
        <testcase name="`User Management` → `User Creation` → it validates unique email addresses" file="tests\Feature\UserManagementTest.php::`User Management` → `User Creation` → it validates unique email addresses" class="Tests\Feature\UserManagementTest" classname="Tests.Feature.UserManagementTest" assertions="0" time="0.000000">
          <error type="Illuminate\Database\QueryException">`User Management` → `User Creation` → it validates unique email addressesIlluminate\Database\QueryException: SQLSTATE[HY000]: General error: 1 no such table: car_rental_users (Connection: sqlite, SQL: insert into "car_rental_users" ("name", "email", "email_verified_at", "password", "phone", "role", "status", "license_number", "id_document_path", "license_document_path", "is_verified", "date_of_birth", "address", "remember_token", "updated_at", "created_at") values (Richie Bogisich, patsy.hettinger@example.com, 2025-09-24 12:53:22, $2y$04$78g4B33dBB9yvLZHXPZyOuzF4w5wzk7FwYQTRiFHrXZoaR9VfYlfW, 718-812-1934, admin, active, mia-6278-0010, documents/ids/87d984f8-8920-31e8-9a31-06acba62e9e6.pdf, documents/licenses/750a4ce0-92f6-34df-a19d-4443abdd3262.pdf, 1, 1971-07-08 00:00:00, 41223 Grant Forks
East Dominiqueside, KY 14359-7570, b5uG4WUYZ1, 2025-09-24 12:53:22, 2025-09-24 12:53:22))&#13;
at vendor\laravel\framework\src\Illuminate\Database\Connection.php:564
at vendor\laravel\framework\src\Illuminate\Database\Connection.php:811
at vendor\laravel\framework\src\Illuminate\Database\Connection.php:778
at vendor\laravel\framework\src\Illuminate\Database\Connection.php:559
at vendor\laravel\framework\src\Illuminate\Database\Connection.php:523
at vendor\laravel\framework\src\Illuminate\Database\Query\Processors\Processor.php:32
at vendor\laravel\framework\src\Illuminate\Database\Query\Builder.php:3853
at vendor\laravel\framework\src\Illuminate\Database\Eloquent\Builder.php:2235
at vendor\laravel\framework\src\Illuminate\Database\Eloquent\Model.php:1436
at vendor\laravel\framework\src\Illuminate\Database\Eloquent\Model.php:1401
at vendor\laravel\framework\src\Illuminate\Database\Eloquent\Model.php:1240
at vendor\laravel\framework\src\Illuminate\Database\Eloquent\Factories\Factory.php:370
at vendor\laravel\framework\src\Illuminate\Collections\Traits\EnumeratesValues.php:271
at vendor\laravel\framework\src\Illuminate\Database\Eloquent\Factories\Factory.php:365
at vendor\laravel\framework\src\Illuminate\Database\Eloquent\Factories\Factory.php:321
at tests\Feature\UserManagementTest.php:14
Caused by
PDOException: SQLSTATE[HY000]: General error: 1 no such table: car_rental_users

at vendor\laravel\framework\src\Illuminate\Database\Connection.php:564
at vendor\laravel\framework\src\Illuminate\Database\Connection.php:811
at vendor\laravel\framework\src\Illuminate\Database\Connection.php:778
at vendor\laravel\framework\src\Illuminate\Database\Connection.php:559
at vendor\laravel\framework\src\Illuminate\Database\Connection.php:523
at vendor\laravel\framework\src\Illuminate\Database\Query\Processors\Processor.php:32
at vendor\laravel\framework\src\Illuminate\Database\Query\Builder.php:3853
at vendor\laravel\framework\src\Illuminate\Database\Eloquent\Builder.php:2235
at vendor\laravel\framework\src\Illuminate\Database\Eloquent\Model.php:1436
at vendor\laravel\framework\src\Illuminate\Database\Eloquent\Model.php:1401
at vendor\laravel\framework\src\Illuminate\Database\Eloquent\Model.php:1240
at vendor\laravel\framework\src\Illuminate\Database\Eloquent\Factories\Factory.php:370
at vendor\laravel\framework\src\Illuminate\Collections\Traits\EnumeratesValues.php:271
at vendor\laravel\framework\src\Illuminate\Database\Eloquent\Factories\Factory.php:365
at vendor\laravel\framework\src\Illuminate\Database\Eloquent\Factories\Factory.php:321
at tests\Feature\UserManagementTest.php:14</error>
        </testcase>
        <testcase name="`User Management` → `User Updates` → it prevents users from updating other users" file="tests\Feature\UserManagementTest.php::`User Management` → `User Updates` → it prevents users from updating other users" class="Tests\Feature\UserManagementTest" classname="Tests.Feature.UserManagementTest" assertions="0" time="0.000000">
          <error type="Illuminate\Database\QueryException">`User Management` → `User Updates` → it prevents users from updating other usersIlluminate\Database\QueryException: SQLSTATE[HY000]: General error: 1 no such table: car_rental_users (Connection: sqlite, SQL: insert into "car_rental_users" ("name", "email", "email_verified_at", "password", "phone", "role", "status", "license_number", "id_document_path", "license_document_path", "is_verified", "date_of_birth", "address", "remember_token", "updated_at", "created_at") values (Bernita Kassulke, rwalsh@example.org, 2025-09-24 12:53:22, $2y$04$78g4B33dBB9yvLZHXPZyOuzF4w5wzk7FwYQTRiFHrXZoaR9VfYlfW, (580) 310-1655, admin, active, jez-5589-2726, documents/ids/c39d44ca-e6a3-3abb-adae-3b16de4d3ab4.pdf, documents/licenses/dade661d-35c1-3908-80a0-152454a119f2.pdf, 1, 2003-10-08 00:00:00, 43049 Kennith Village Apt. 036
Kaceystad, WV 88370-1794, nPmPfHVhae, 2025-09-24 12:53:22, 2025-09-24 12:53:22))&#13;
at vendor\laravel\framework\src\Illuminate\Database\Connection.php:564
at vendor\laravel\framework\src\Illuminate\Database\Connection.php:811
at vendor\laravel\framework\src\Illuminate\Database\Connection.php:778
at vendor\laravel\framework\src\Illuminate\Database\Connection.php:559
at vendor\laravel\framework\src\Illuminate\Database\Connection.php:523
at vendor\laravel\framework\src\Illuminate\Database\Query\Processors\Processor.php:32
at vendor\laravel\framework\src\Illuminate\Database\Query\Builder.php:3853
at vendor\laravel\framework\src\Illuminate\Database\Eloquent\Builder.php:2235
at vendor\laravel\framework\src\Illuminate\Database\Eloquent\Model.php:1436
at vendor\laravel\framework\src\Illuminate\Database\Eloquent\Model.php:1401
at vendor\laravel\framework\src\Illuminate\Database\Eloquent\Model.php:1240
at vendor\laravel\framework\src\Illuminate\Database\Eloquent\Factories\Factory.php:370
at vendor\laravel\framework\src\Illuminate\Collections\Traits\EnumeratesValues.php:271
at vendor\laravel\framework\src\Illuminate\Database\Eloquent\Factories\Factory.php:365
at vendor\laravel\framework\src\Illuminate\Database\Eloquent\Factories\Factory.php:321
at tests\Feature\UserManagementTest.php:14
Caused by
PDOException: SQLSTATE[HY000]: General error: 1 no such table: car_rental_users

at vendor\laravel\framework\src\Illuminate\Database\Connection.php:564
at vendor\laravel\framework\src\Illuminate\Database\Connection.php:811
at vendor\laravel\framework\src\Illuminate\Database\Connection.php:778
at vendor\laravel\framework\src\Illuminate\Database\Connection.php:559
at vendor\laravel\framework\src\Illuminate\Database\Connection.php:523
at vendor\laravel\framework\src\Illuminate\Database\Query\Processors\Processor.php:32
at vendor\laravel\framework\src\Illuminate\Database\Query\Builder.php:3853
at vendor\laravel\framework\src\Illuminate\Database\Eloquent\Builder.php:2235
at vendor\laravel\framework\src\Illuminate\Database\Eloquent\Model.php:1436
at vendor\laravel\framework\src\Illuminate\Database\Eloquent\Model.php:1401
at vendor\laravel\framework\src\Illuminate\Database\Eloquent\Model.php:1240
at vendor\laravel\framework\src\Illuminate\Database\Eloquent\Factories\Factory.php:370
at vendor\laravel\framework\src\Illuminate\Collections\Traits\EnumeratesValues.php:271
at vendor\laravel\framework\src\Illuminate\Database\Eloquent\Factories\Factory.php:365
at vendor\laravel\framework\src\Illuminate\Database\Eloquent\Factories\Factory.php:321
at tests\Feature\UserManagementTest.php:14</error>
        </testcase>
        <testcase name="`User Management` → `User Listing` → it restricts owner access to user management" file="tests\Feature\UserManagementTest.php::`User Management` → `User Listing` → it restricts owner access to user management" class="Tests\Feature\UserManagementTest" classname="Tests.Feature.UserManagementTest" assertions="0" time="0.000000">
          <error type="Illuminate\Database\QueryException">`User Management` → `User Listing` → it restricts owner access to user managementIlluminate\Database\QueryException: SQLSTATE[HY000]: General error: 1 no such table: car_rental_users (Connection: sqlite, SQL: insert into "car_rental_users" ("name", "email", "email_verified_at", "password", "phone", "role", "status", "license_number", "id_document_path", "license_document_path", "is_verified", "date_of_birth", "address", "remember_token", "updated_at", "created_at") values (Prof. Neal Baumbach, bstroman@example.net, 2025-09-24 12:53:22, $2y$04$78g4B33dBB9yvLZHXPZyOuzF4w5wzk7FwYQTRiFHrXZoaR9VfYlfW, 985-581-8940, admin, active, ook-8722-0742, documents/ids/9445ffa2-e0af-35b3-aa28-b923a588ad79.pdf, documents/licenses/76b01c8c-bdc0-3790-8133-ed0ccedc0acc.pdf, 1, 1992-01-30 00:00:00, 50543 Lucio Fall
Lake Dorian, NM 37167-2956, CclqHKCWcL, 2025-09-24 12:53:22, 2025-09-24 12:53:22))&#13;
at vendor\laravel\framework\src\Illuminate\Database\Connection.php:564
at vendor\laravel\framework\src\Illuminate\Database\Connection.php:811
at vendor\laravel\framework\src\Illuminate\Database\Connection.php:778
at vendor\laravel\framework\src\Illuminate\Database\Connection.php:559
at vendor\laravel\framework\src\Illuminate\Database\Connection.php:523
at vendor\laravel\framework\src\Illuminate\Database\Query\Processors\Processor.php:32
at vendor\laravel\framework\src\Illuminate\Database\Query\Builder.php:3853
at vendor\laravel\framework\src\Illuminate\Database\Eloquent\Builder.php:2235
at vendor\laravel\framework\src\Illuminate\Database\Eloquent\Model.php:1436
at vendor\laravel\framework\src\Illuminate\Database\Eloquent\Model.php:1401
at vendor\laravel\framework\src\Illuminate\Database\Eloquent\Model.php:1240
at vendor\laravel\framework\src\Illuminate\Database\Eloquent\Factories\Factory.php:370
at vendor\laravel\framework\src\Illuminate\Collections\Traits\EnumeratesValues.php:271
at vendor\laravel\framework\src\Illuminate\Database\Eloquent\Factories\Factory.php:365
at vendor\laravel\framework\src\Illuminate\Database\Eloquent\Factories\Factory.php:321
at tests\Feature\UserManagementTest.php:14
Caused by
PDOException: SQLSTATE[HY000]: General error: 1 no such table: car_rental_users

at vendor\laravel\framework\src\Illuminate\Database\Connection.php:564
at vendor\laravel\framework\src\Illuminate\Database\Connection.php:811
at vendor\laravel\framework\src\Illuminate\Database\Connection.php:778
at vendor\laravel\framework\src\Illuminate\Database\Connection.php:559
at vendor\laravel\framework\src\Illuminate\Database\Connection.php:523
at vendor\laravel\framework\src\Illuminate\Database\Query\Processors\Processor.php:32
at vendor\laravel\framework\src\Illuminate\Database\Query\Builder.php:3853
at vendor\laravel\framework\src\Illuminate\Database\Eloquent\Builder.php:2235
at vendor\laravel\framework\src\Illuminate\Database\Eloquent\Model.php:1436
at vendor\laravel\framework\src\Illuminate\Database\Eloquent\Model.php:1401
at vendor\laravel\framework\src\Illuminate\Database\Eloquent\Model.php:1240
at vendor\laravel\framework\src\Illuminate\Database\Eloquent\Factories\Factory.php:370
at vendor\laravel\framework\src\Illuminate\Collections\Traits\EnumeratesValues.php:271
at vendor\laravel\framework\src\Illuminate\Database\Eloquent\Factories\Factory.php:365
at vendor\laravel\framework\src\Illuminate\Database\Eloquent\Factories\Factory.php:321
at tests\Feature\UserManagementTest.php:14</error>
        </testcase>
        <testcase name="`User Management` → `User Deletion` → it prevents self-deletion" file="tests\Feature\UserManagementTest.php::`User Management` → `User Deletion` → it prevents self-deletion" class="Tests\Feature\UserManagementTest" classname="Tests.Feature.UserManagementTest" assertions="0" time="0.000000">
          <error type="Illuminate\Database\QueryException">`User Management` → `User Deletion` → it prevents self-deletionIlluminate\Database\QueryException: SQLSTATE[HY000]: General error: 1 no such table: car_rental_users (Connection: sqlite, SQL: insert into "car_rental_users" ("name", "email", "email_verified_at", "password", "phone", "role", "status", "license_number", "id_document_path", "license_document_path", "is_verified", "date_of_birth", "address", "remember_token", "updated_at", "created_at") values (Litzy Bailey, tlind@example.net, 2025-09-24 12:53:22, $2y$04$78g4B33dBB9yvLZHXPZyOuzF4w5wzk7FwYQTRiFHrXZoaR9VfYlfW, 773-758-2894, admin, active, fmn-3306-6370, documents/ids/207a02f4-e0d0-349f-86f3-7716d3bab062.pdf, documents/licenses/06abd29d-0527-34d9-b22f-6f8e5e0b533f.pdf, 1, 1961-09-10 00:00:00, 992 Aufderhar Plains Apt. 757
South Clint, KY 36713, Lcjq5jtC10, 2025-09-24 12:53:22, 2025-09-24 12:53:22))&#13;
at vendor\laravel\framework\src\Illuminate\Database\Connection.php:564
at vendor\laravel\framework\src\Illuminate\Database\Connection.php:811
at vendor\laravel\framework\src\Illuminate\Database\Connection.php:778
at vendor\laravel\framework\src\Illuminate\Database\Connection.php:559
at vendor\laravel\framework\src\Illuminate\Database\Connection.php:523
at vendor\laravel\framework\src\Illuminate\Database\Query\Processors\Processor.php:32
at vendor\laravel\framework\src\Illuminate\Database\Query\Builder.php:3853
at vendor\laravel\framework\src\Illuminate\Database\Eloquent\Builder.php:2235
at vendor\laravel\framework\src\Illuminate\Database\Eloquent\Model.php:1436
at vendor\laravel\framework\src\Illuminate\Database\Eloquent\Model.php:1401
at vendor\laravel\framework\src\Illuminate\Database\Eloquent\Model.php:1240
at vendor\laravel\framework\src\Illuminate\Database\Eloquent\Factories\Factory.php:370
at vendor\laravel\framework\src\Illuminate\Collections\Traits\EnumeratesValues.php:271
at vendor\laravel\framework\src\Illuminate\Database\Eloquent\Factories\Factory.php:365
at vendor\laravel\framework\src\Illuminate\Database\Eloquent\Factories\Factory.php:321
at tests\Feature\UserManagementTest.php:14
Caused by
PDOException: SQLSTATE[HY000]: General error: 1 no such table: car_rental_users

at vendor\laravel\framework\src\Illuminate\Database\Connection.php:564
at vendor\laravel\framework\src\Illuminate\Database\Connection.php:811
at vendor\laravel\framework\src\Illuminate\Database\Connection.php:778
at vendor\laravel\framework\src\Illuminate\Database\Connection.php:559
at vendor\laravel\framework\src\Illuminate\Database\Connection.php:523
at vendor\laravel\framework\src\Illuminate\Database\Query\Processors\Processor.php:32
at vendor\laravel\framework\src\Illuminate\Database\Query\Builder.php:3853
at vendor\laravel\framework\src\Illuminate\Database\Eloquent\Builder.php:2235
at vendor\laravel\framework\src\Illuminate\Database\Eloquent\Model.php:1436
at vendor\laravel\framework\src\Illuminate\Database\Eloquent\Model.php:1401
at vendor\laravel\framework\src\Illuminate\Database\Eloquent\Model.php:1240
at vendor\laravel\framework\src\Illuminate\Database\Eloquent\Factories\Factory.php:370
at vendor\laravel\framework\src\Illuminate\Collections\Traits\EnumeratesValues.php:271
at vendor\laravel\framework\src\Illuminate\Database\Eloquent\Factories\Factory.php:365
at vendor\laravel\framework\src\Illuminate\Database\Eloquent\Factories\Factory.php:321
at tests\Feature\UserManagementTest.php:14</error>
        </testcase>
        <testcase name="`User Management` → `User Activity Tracking` → it displays user login history" file="tests\Feature\UserManagementTest.php::`User Management` → `User Activity Tracking` → it displays user login history" class="Tests\Feature\UserManagementTest" classname="Tests.Feature.UserManagementTest" assertions="0" time="0.000000">
          <error type="Illuminate\Database\QueryException">`User Management` → `User Activity Tracking` → it displays user login historyIlluminate\Database\QueryException: SQLSTATE[HY000]: General error: 1 no such table: car_rental_users (Connection: sqlite, SQL: insert into "car_rental_users" ("name", "email", "email_verified_at", "password", "phone", "role", "status", "license_number", "id_document_path", "license_document_path", "is_verified", "date_of_birth", "address", "remember_token", "updated_at", "created_at") values (Mr. Ezra Torp IV, alana79@example.org, 2025-09-24 12:53:22, $2y$04$78g4B33dBB9yvLZHXPZyOuzF4w5wzk7FwYQTRiFHrXZoaR9VfYlfW, +18389364138, admin, active, lpf-8156-7878, documents/ids/2efd00de-4875-3b6f-930d-48e61edc09de.pdf, documents/licenses/410b3210-bb76-3546-8d9f-411da0960c6f.pdf, 1, 1993-10-12 00:00:00, 147 White Land Apt. 405
Lake Daniella, HI 38441-1257, TCQeusn4el, 2025-09-24 12:53:22, 2025-09-24 12:53:22))&#13;
at vendor\laravel\framework\src\Illuminate\Database\Connection.php:564
at vendor\laravel\framework\src\Illuminate\Database\Connection.php:811
at vendor\laravel\framework\src\Illuminate\Database\Connection.php:778
at vendor\laravel\framework\src\Illuminate\Database\Connection.php:559
at vendor\laravel\framework\src\Illuminate\Database\Connection.php:523
at vendor\laravel\framework\src\Illuminate\Database\Query\Processors\Processor.php:32
at vendor\laravel\framework\src\Illuminate\Database\Query\Builder.php:3853
at vendor\laravel\framework\src\Illuminate\Database\Eloquent\Builder.php:2235
at vendor\laravel\framework\src\Illuminate\Database\Eloquent\Model.php:1436
at vendor\laravel\framework\src\Illuminate\Database\Eloquent\Model.php:1401
at vendor\laravel\framework\src\Illuminate\Database\Eloquent\Model.php:1240
at vendor\laravel\framework\src\Illuminate\Database\Eloquent\Factories\Factory.php:370
at vendor\laravel\framework\src\Illuminate\Collections\Traits\EnumeratesValues.php:271
at vendor\laravel\framework\src\Illuminate\Database\Eloquent\Factories\Factory.php:365
at vendor\laravel\framework\src\Illuminate\Database\Eloquent\Factories\Factory.php:321
at tests\Feature\UserManagementTest.php:14
Caused by
PDOException: SQLSTATE[HY000]: General error: 1 no such table: car_rental_users

at vendor\laravel\framework\src\Illuminate\Database\Connection.php:564
at vendor\laravel\framework\src\Illuminate\Database\Connection.php:811
at vendor\laravel\framework\src\Illuminate\Database\Connection.php:778
at vendor\laravel\framework\src\Illuminate\Database\Connection.php:559
at vendor\laravel\framework\src\Illuminate\Database\Connection.php:523
at vendor\laravel\framework\src\Illuminate\Database\Query\Processors\Processor.php:32
at vendor\laravel\framework\src\Illuminate\Database\Query\Builder.php:3853
at vendor\laravel\framework\src\Illuminate\Database\Eloquent\Builder.php:2235
at vendor\laravel\framework\src\Illuminate\Database\Eloquent\Model.php:1436
at vendor\laravel\framework\src\Illuminate\Database\Eloquent\Model.php:1401
at vendor\laravel\framework\src\Illuminate\Database\Eloquent\Model.php:1240
at vendor\laravel\framework\src\Illuminate\Database\Eloquent\Factories\Factory.php:370
at vendor\laravel\framework\src\Illuminate\Collections\Traits\EnumeratesValues.php:271
at vendor\laravel\framework\src\Illuminate\Database\Eloquent\Factories\Factory.php:365
at vendor\laravel\framework\src\Illuminate\Database\Eloquent\Factories\Factory.php:321
at tests\Feature\UserManagementTest.php:14</error>
        </testcase>
        <testcase name="`User Management` → `User Viewing` → it prevents users from viewing other users profiles" file="tests\Feature\UserManagementTest.php::`User Management` → `User Viewing` → it prevents users from viewing other users profiles" class="Tests\Feature\UserManagementTest" classname="Tests.Feature.UserManagementTest" assertions="0" time="0.000000">
          <error type="Illuminate\Database\QueryException">`User Management` → `User Viewing` → it prevents users from viewing other users profilesIlluminate\Database\QueryException: SQLSTATE[HY000]: General error: 1 no such table: car_rental_users (Connection: sqlite, SQL: insert into "car_rental_users" ("name", "email", "email_verified_at", "password", "phone", "role", "status", "license_number", "id_document_path", "license_document_path", "is_verified", "date_of_birth", "address", "remember_token", "updated_at", "created_at") values (Albin Greenfelder, emmerich.isabell@example.net, 2025-09-24 12:53:22, $2y$04$78g4B33dBB9yvLZHXPZyOuzF4w5wzk7FwYQTRiFHrXZoaR9VfYlfW, +19108712773, admin, active, ape-9546-8565, documents/ids/1ae0eb6a-0d11-3c44-ba7d-91e8a92a44d2.pdf, documents/licenses/05287c2b-4f79-318e-91ac-c6d7f21810e3.pdf, 1, 1990-02-17 00:00:00, 8893 Hintz Glen
Reynoldsmouth, ME 75409, 3oBsrU6s6S, 2025-09-24 12:53:22, 2025-09-24 12:53:22))&#13;
at vendor\laravel\framework\src\Illuminate\Database\Connection.php:564
at vendor\laravel\framework\src\Illuminate\Database\Connection.php:811
at vendor\laravel\framework\src\Illuminate\Database\Connection.php:778
at vendor\laravel\framework\src\Illuminate\Database\Connection.php:559
at vendor\laravel\framework\src\Illuminate\Database\Connection.php:523
at vendor\laravel\framework\src\Illuminate\Database\Query\Processors\Processor.php:32
at vendor\laravel\framework\src\Illuminate\Database\Query\Builder.php:3853
at vendor\laravel\framework\src\Illuminate\Database\Eloquent\Builder.php:2235
at vendor\laravel\framework\src\Illuminate\Database\Eloquent\Model.php:1436
at vendor\laravel\framework\src\Illuminate\Database\Eloquent\Model.php:1401
at vendor\laravel\framework\src\Illuminate\Database\Eloquent\Model.php:1240
at vendor\laravel\framework\src\Illuminate\Database\Eloquent\Factories\Factory.php:370
at vendor\laravel\framework\src\Illuminate\Collections\Traits\EnumeratesValues.php:271
at vendor\laravel\framework\src\Illuminate\Database\Eloquent\Factories\Factory.php:365
at vendor\laravel\framework\src\Illuminate\Database\Eloquent\Factories\Factory.php:321
at tests\Feature\UserManagementTest.php:14
Caused by
PDOException: SQLSTATE[HY000]: General error: 1 no such table: car_rental_users

at vendor\laravel\framework\src\Illuminate\Database\Connection.php:564
at vendor\laravel\framework\src\Illuminate\Database\Connection.php:811
at vendor\laravel\framework\src\Illuminate\Database\Connection.php:778
at vendor\laravel\framework\src\Illuminate\Database\Connection.php:559
at vendor\laravel\framework\src\Illuminate\Database\Connection.php:523
at vendor\laravel\framework\src\Illuminate\Database\Query\Processors\Processor.php:32
at vendor\laravel\framework\src\Illuminate\Database\Query\Builder.php:3853
at vendor\laravel\framework\src\Illuminate\Database\Eloquent\Builder.php:2235
at vendor\laravel\framework\src\Illuminate\Database\Eloquent\Model.php:1436
at vendor\laravel\framework\src\Illuminate\Database\Eloquent\Model.php:1401
at vendor\laravel\framework\src\Illuminate\Database\Eloquent\Model.php:1240
at vendor\laravel\framework\src\Illuminate\Database\Eloquent\Factories\Factory.php:370
at vendor\laravel\framework\src\Illuminate\Collections\Traits\EnumeratesValues.php:271
at vendor\laravel\framework\src\Illuminate\Database\Eloquent\Factories\Factory.php:365
at vendor\laravel\framework\src\Illuminate\Database\Eloquent\Factories\Factory.php:321
at tests\Feature\UserManagementTest.php:14</error>
        </testcase>
        <testcase name="`User Management` → `User Profile Completion` → it validates required profile fields" file="tests\Feature\UserManagementTest.php::`User Management` → `User Profile Completion` → it validates required profile fields" class="Tests\Feature\UserManagementTest" classname="Tests.Feature.UserManagementTest" assertions="0" time="0.000000">
          <error type="Illuminate\Database\QueryException">`User Management` → `User Profile Completion` → it validates required profile fieldsIlluminate\Database\QueryException: SQLSTATE[HY000]: General error: 1 no such table: car_rental_users (Connection: sqlite, SQL: insert into "car_rental_users" ("name", "email", "email_verified_at", "password", "phone", "role", "status", "license_number", "id_document_path", "license_document_path", "is_verified", "date_of_birth", "address", "remember_token", "updated_at", "created_at") values (Polly Bashirian, amara97@example.net, 2025-09-24 12:53:22, $2y$04$78g4B33dBB9yvLZHXPZyOuzF4w5wzk7FwYQTRiFHrXZoaR9VfYlfW, 414-329-2154, admin, active, jxp-8236-7898, documents/ids/abd9f30e-053b-3d25-9dca-60762d6036e8.pdf, documents/licenses/8f189c11-ffc5-349a-9cc5-eb5d3dcd63bd.pdf, 1, 1983-01-14 00:00:00, 44977 Treutel Lakes
South Chazland, MO 84605-8710, PvYDNTSRtE, 2025-09-24 12:53:22, 2025-09-24 12:53:22))&#13;
at vendor\laravel\framework\src\Illuminate\Database\Connection.php:564
at vendor\laravel\framework\src\Illuminate\Database\Connection.php:811
at vendor\laravel\framework\src\Illuminate\Database\Connection.php:778
at vendor\laravel\framework\src\Illuminate\Database\Connection.php:559
at vendor\laravel\framework\src\Illuminate\Database\Connection.php:523
at vendor\laravel\framework\src\Illuminate\Database\Query\Processors\Processor.php:32
at vendor\laravel\framework\src\Illuminate\Database\Query\Builder.php:3853
at vendor\laravel\framework\src\Illuminate\Database\Eloquent\Builder.php:2235
at vendor\laravel\framework\src\Illuminate\Database\Eloquent\Model.php:1436
at vendor\laravel\framework\src\Illuminate\Database\Eloquent\Model.php:1401
at vendor\laravel\framework\src\Illuminate\Database\Eloquent\Model.php:1240
at vendor\laravel\framework\src\Illuminate\Database\Eloquent\Factories\Factory.php:370
at vendor\laravel\framework\src\Illuminate\Collections\Traits\EnumeratesValues.php:271
at vendor\laravel\framework\src\Illuminate\Database\Eloquent\Factories\Factory.php:365
at vendor\laravel\framework\src\Illuminate\Database\Eloquent\Factories\Factory.php:321
at tests\Feature\UserManagementTest.php:14
Caused by
PDOException: SQLSTATE[HY000]: General error: 1 no such table: car_rental_users

at vendor\laravel\framework\src\Illuminate\Database\Connection.php:564
at vendor\laravel\framework\src\Illuminate\Database\Connection.php:811
at vendor\laravel\framework\src\Illuminate\Database\Connection.php:778
at vendor\laravel\framework\src\Illuminate\Database\Connection.php:559
at vendor\laravel\framework\src\Illuminate\Database\Connection.php:523
at vendor\laravel\framework\src\Illuminate\Database\Query\Processors\Processor.php:32
at vendor\laravel\framework\src\Illuminate\Database\Query\Builder.php:3853
at vendor\laravel\framework\src\Illuminate\Database\Eloquent\Builder.php:2235
at vendor\laravel\framework\src\Illuminate\Database\Eloquent\Model.php:1436
at vendor\laravel\framework\src\Illuminate\Database\Eloquent\Model.php:1401
at vendor\laravel\framework\src\Illuminate\Database\Eloquent\Model.php:1240
at vendor\laravel\framework\src\Illuminate\Database\Eloquent\Factories\Factory.php:370
at vendor\laravel\framework\src\Illuminate\Collections\Traits\EnumeratesValues.php:271
at vendor\laravel\framework\src\Illuminate\Database\Eloquent\Factories\Factory.php:365
at vendor\laravel\framework\src\Illuminate\Database\Eloquent\Factories\Factory.php:321
at tests\Feature\UserManagementTest.php:14</error>
        </testcase>
        <testcase name="`User Management` → `Email Verification` → it allows resending verification emails" file="tests\Feature\UserManagementTest.php::`User Management` → `Email Verification` → it allows resending verification emails" class="Tests\Feature\UserManagementTest" classname="Tests.Feature.UserManagementTest" assertions="0" time="0.000000">
          <error type="Illuminate\Database\QueryException">`User Management` → `Email Verification` → it allows resending verification emailsIlluminate\Database\QueryException: SQLSTATE[HY000]: General error: 1 no such table: car_rental_users (Connection: sqlite, SQL: insert into "car_rental_users" ("name", "email", "email_verified_at", "password", "phone", "role", "status", "license_number", "id_document_path", "license_document_path", "is_verified", "date_of_birth", "address", "remember_token", "updated_at", "created_at") values (Maryse Cole III, hagenes.kyla@example.org, 2025-09-24 12:53:22, $2y$04$78g4B33dBB9yvLZHXPZyOuzF4w5wzk7FwYQTRiFHrXZoaR9VfYlfW, 1-817-306-0111, admin, active, fow-7619-2350, documents/ids/31e5f540-cf17-3d4a-86b8-657fdaa69283.pdf, documents/licenses/a89c49b9-b0fa-3aae-8bc4-2a5f1679c21c.pdf, 1, 1967-06-08 00:00:00, 7988 Gibson Union
Keeblermouth, SD 18578, NPghYS686G, 2025-09-24 12:53:22, 2025-09-24 12:53:22))&#13;
at vendor\laravel\framework\src\Illuminate\Database\Connection.php:564
at vendor\laravel\framework\src\Illuminate\Database\Connection.php:811
at vendor\laravel\framework\src\Illuminate\Database\Connection.php:778
at vendor\laravel\framework\src\Illuminate\Database\Connection.php:559
at vendor\laravel\framework\src\Illuminate\Database\Connection.php:523
at vendor\laravel\framework\src\Illuminate\Database\Query\Processors\Processor.php:32
at vendor\laravel\framework\src\Illuminate\Database\Query\Builder.php:3853
at vendor\laravel\framework\src\Illuminate\Database\Eloquent\Builder.php:2235
at vendor\laravel\framework\src\Illuminate\Database\Eloquent\Model.php:1436
at vendor\laravel\framework\src\Illuminate\Database\Eloquent\Model.php:1401
at vendor\laravel\framework\src\Illuminate\Database\Eloquent\Model.php:1240
at vendor\laravel\framework\src\Illuminate\Database\Eloquent\Factories\Factory.php:370
at vendor\laravel\framework\src\Illuminate\Collections\Traits\EnumeratesValues.php:271
at vendor\laravel\framework\src\Illuminate\Database\Eloquent\Factories\Factory.php:365
at vendor\laravel\framework\src\Illuminate\Database\Eloquent\Factories\Factory.php:321
at tests\Feature\UserManagementTest.php:14
Caused by
PDOException: SQLSTATE[HY000]: General error: 1 no such table: car_rental_users

at vendor\laravel\framework\src\Illuminate\Database\Connection.php:564
at vendor\laravel\framework\src\Illuminate\Database\Connection.php:811
at vendor\laravel\framework\src\Illuminate\Database\Connection.php:778
at vendor\laravel\framework\src\Illuminate\Database\Connection.php:559
at vendor\laravel\framework\src\Illuminate\Database\Connection.php:523
at vendor\laravel\framework\src\Illuminate\Database\Query\Processors\Processor.php:32
at vendor\laravel\framework\src\Illuminate\Database\Query\Builder.php:3853
at vendor\laravel\framework\src\Illuminate\Database\Eloquent\Builder.php:2235
at vendor\laravel\framework\src\Illuminate\Database\Eloquent\Model.php:1436
at vendor\laravel\framework\src\Illuminate\Database\Eloquent\Model.php:1401
at vendor\laravel\framework\src\Illuminate\Database\Eloquent\Model.php:1240
at vendor\laravel\framework\src\Illuminate\Database\Eloquent\Factories\Factory.php:370
at vendor\laravel\framework\src\Illuminate\Collections\Traits\EnumeratesValues.php:271
at vendor\laravel\framework\src\Illuminate\Database\Eloquent\Factories\Factory.php:365
at vendor\laravel\framework\src\Illuminate\Database\Eloquent\Factories\Factory.php:321
at tests\Feature\UserManagementTest.php:14</error>
        </testcase>
        <testcase name="`User Management` → `User Creation` → it hashes passwords correctly" file="tests\Feature\UserManagementTest.php::`User Management` → `User Creation` → it hashes passwords correctly" class="Tests\Feature\UserManagementTest" classname="Tests.Feature.UserManagementTest" assertions="0" time="0.000000">
          <error type="Illuminate\Database\QueryException">`User Management` → `User Creation` → it hashes passwords correctlyIlluminate\Database\QueryException: SQLSTATE[HY000]: General error: 1 no such table: car_rental_users (Connection: sqlite, SQL: insert into "car_rental_users" ("name", "email", "email_verified_at", "password", "phone", "role", "status", "license_number", "id_document_path", "license_document_path", "is_verified", "date_of_birth", "address", "remember_token", "updated_at", "created_at") values (Carolyn Schoen III, name11@example.com, 2025-09-24 12:53:22, $2y$04$78g4B33dBB9yvLZHXPZyOuzF4w5wzk7FwYQTRiFHrXZoaR9VfYlfW, +1 (856) 627-3327, admin, active, oqi-3733-4475, documents/ids/1865818b-8de1-3682-ba2b-23f31933ef66.pdf, documents/licenses/28484ac2-594a-38c8-a8af-bb61615454b5.pdf, 1, 1977-10-22 00:00:00, 7797 Klein Island Suite 160
Nestorchester, GA 88917, 9AtB1o3d1p, 2025-09-24 12:53:22, 2025-09-24 12:53:22))&#13;
at vendor\laravel\framework\src\Illuminate\Database\Connection.php:564
at vendor\laravel\framework\src\Illuminate\Database\Connection.php:811
at vendor\laravel\framework\src\Illuminate\Database\Connection.php:778
at vendor\laravel\framework\src\Illuminate\Database\Connection.php:559
at vendor\laravel\framework\src\Illuminate\Database\Connection.php:523
at vendor\laravel\framework\src\Illuminate\Database\Query\Processors\Processor.php:32
at vendor\laravel\framework\src\Illuminate\Database\Query\Builder.php:3853
at vendor\laravel\framework\src\Illuminate\Database\Eloquent\Builder.php:2235
at vendor\laravel\framework\src\Illuminate\Database\Eloquent\Model.php:1436
at vendor\laravel\framework\src\Illuminate\Database\Eloquent\Model.php:1401
at vendor\laravel\framework\src\Illuminate\Database\Eloquent\Model.php:1240
at vendor\laravel\framework\src\Illuminate\Database\Eloquent\Factories\Factory.php:370
at vendor\laravel\framework\src\Illuminate\Collections\Traits\EnumeratesValues.php:271
at vendor\laravel\framework\src\Illuminate\Database\Eloquent\Factories\Factory.php:365
at vendor\laravel\framework\src\Illuminate\Database\Eloquent\Factories\Factory.php:321
at tests\Feature\UserManagementTest.php:14
Caused by
PDOException: SQLSTATE[HY000]: General error: 1 no such table: car_rental_users

at vendor\laravel\framework\src\Illuminate\Database\Connection.php:564
at vendor\laravel\framework\src\Illuminate\Database\Connection.php:811
at vendor\laravel\framework\src\Illuminate\Database\Connection.php:778
at vendor\laravel\framework\src\Illuminate\Database\Connection.php:559
at vendor\laravel\framework\src\Illuminate\Database\Connection.php:523
at vendor\laravel\framework\src\Illuminate\Database\Query\Processors\Processor.php:32
at vendor\laravel\framework\src\Illuminate\Database\Query\Builder.php:3853
at vendor\laravel\framework\src\Illuminate\Database\Eloquent\Builder.php:2235
at vendor\laravel\framework\src\Illuminate\Database\Eloquent\Model.php:1436
at vendor\laravel\framework\src\Illuminate\Database\Eloquent\Model.php:1401
at vendor\laravel\framework\src\Illuminate\Database\Eloquent\Model.php:1240
at vendor\laravel\framework\src\Illuminate\Database\Eloquent\Factories\Factory.php:370
at vendor\laravel\framework\src\Illuminate\Collections\Traits\EnumeratesValues.php:271
at vendor\laravel\framework\src\Illuminate\Database\Eloquent\Factories\Factory.php:365
at vendor\laravel\framework\src\Illuminate\Database\Eloquent\Factories\Factory.php:321
at tests\Feature\UserManagementTest.php:14</error>
        </testcase>
        <testcase name="`User Management` → `User Updates` → it allows admin to update any user" file="tests\Feature\UserManagementTest.php::`User Management` → `User Updates` → it allows admin to update any user" class="Tests\Feature\UserManagementTest" classname="Tests.Feature.UserManagementTest" assertions="0" time="0.000000">
          <error type="Illuminate\Database\QueryException">`User Management` → `User Updates` → it allows admin to update any userIlluminate\Database\QueryException: SQLSTATE[HY000]: General error: 1 no such table: car_rental_users (Connection: sqlite, SQL: insert into "car_rental_users" ("name", "email", "email_verified_at", "password", "phone", "role", "status", "license_number", "id_document_path", "license_document_path", "is_verified", "date_of_birth", "address", "remember_token", "updated_at", "created_at") values (Dr. Ali Hagenes DDS, boyer.alexane@example.org, 2025-09-24 12:53:23, $2y$04$78g4B33dBB9yvLZHXPZyOuzF4w5wzk7FwYQTRiFHrXZoaR9VfYlfW, 706-485-0034, admin, active, cxz-0685-3145, documents/ids/c15e6d11-bed9-3964-b111-f4017d6506cc.pdf, documents/licenses/8d44f2c1-4fd5-3c20-9978-922e46a3b70e.pdf, 1, 1984-02-17 00:00:00, 2205 Lockman Manors
Faheyville, NY 90380-4243, p5oYNfIyxg, 2025-09-24 12:53:23, 2025-09-24 12:53:23))&#13;
at vendor\laravel\framework\src\Illuminate\Database\Connection.php:564
at vendor\laravel\framework\src\Illuminate\Database\Connection.php:811
at vendor\laravel\framework\src\Illuminate\Database\Connection.php:778
at vendor\laravel\framework\src\Illuminate\Database\Connection.php:559
at vendor\laravel\framework\src\Illuminate\Database\Connection.php:523
at vendor\laravel\framework\src\Illuminate\Database\Query\Processors\Processor.php:32
at vendor\laravel\framework\src\Illuminate\Database\Query\Builder.php:3853
at vendor\laravel\framework\src\Illuminate\Database\Eloquent\Builder.php:2235
at vendor\laravel\framework\src\Illuminate\Database\Eloquent\Model.php:1436
at vendor\laravel\framework\src\Illuminate\Database\Eloquent\Model.php:1401
at vendor\laravel\framework\src\Illuminate\Database\Eloquent\Model.php:1240
at vendor\laravel\framework\src\Illuminate\Database\Eloquent\Factories\Factory.php:370
at vendor\laravel\framework\src\Illuminate\Collections\Traits\EnumeratesValues.php:271
at vendor\laravel\framework\src\Illuminate\Database\Eloquent\Factories\Factory.php:365
at vendor\laravel\framework\src\Illuminate\Database\Eloquent\Factories\Factory.php:321
at tests\Feature\UserManagementTest.php:14
Caused by
PDOException: SQLSTATE[HY000]: General error: 1 no such table: car_rental_users

at vendor\laravel\framework\src\Illuminate\Database\Connection.php:564
at vendor\laravel\framework\src\Illuminate\Database\Connection.php:811
at vendor\laravel\framework\src\Illuminate\Database\Connection.php:778
at vendor\laravel\framework\src\Illuminate\Database\Connection.php:559
at vendor\laravel\framework\src\Illuminate\Database\Connection.php:523
at vendor\laravel\framework\src\Illuminate\Database\Query\Processors\Processor.php:32
at vendor\laravel\framework\src\Illuminate\Database\Query\Builder.php:3853
at vendor\laravel\framework\src\Illuminate\Database\Eloquent\Builder.php:2235
at vendor\laravel\framework\src\Illuminate\Database\Eloquent\Model.php:1436
at vendor\laravel\framework\src\Illuminate\Database\Eloquent\Model.php:1401
at vendor\laravel\framework\src\Illuminate\Database\Eloquent\Model.php:1240
at vendor\laravel\framework\src\Illuminate\Database\Eloquent\Factories\Factory.php:370
at vendor\laravel\framework\src\Illuminate\Collections\Traits\EnumeratesValues.php:271
at vendor\laravel\framework\src\Illuminate\Database\Eloquent\Factories\Factory.php:365
at vendor\laravel\framework\src\Illuminate\Database\Eloquent\Factories\Factory.php:321
at tests\Feature\UserManagementTest.php:14</error>
        </testcase>
      </testsuite>
      <testsuite name="Tests\Feature\ActivityLogManagementTest" file="tests\Feature\ActivityLogManagementTest.php" tests="25" assertions="0" errors="25" failures="0" skipped="0" time="0.000000">
        <testcase name="`Activity Log Management` → `Activity Log Listing` → it allows admin to view all activity logs" file="tests\Feature\ActivityLogManagementTest.php::`Activity Log Management` → `Activity Log Listing` → it allows admin to view all activity logs" class="Tests\Feature\ActivityLogManagementTest" classname="Tests.Feature.ActivityLogManagementTest" assertions="0" time="0.000000">
          <error type="Illuminate\Database\QueryException">`Activity Log Management` → `Activity Log Listing` → it allows admin to view all activity logsIlluminate\Database\QueryException: SQLSTATE[HY000]: General error: 1 no such table: car_rental_users (Connection: sqlite, SQL: insert into "car_rental_users" ("name", "email", "email_verified_at", "password", "phone", "role", "status", "license_number", "id_document_path", "license_document_path", "is_verified", "date_of_birth", "address", "remember_token", "updated_at", "created_at") values (Mr. Kraig Ankunding MD, farrell.dawn@example.com, 2025-09-24 12:53:23, $2y$04$78g4B33dBB9yvLZHXPZyOuzF4w5wzk7FwYQTRiFHrXZoaR9VfYlfW, (731) 598-9874, admin, active, wgf-9485-6593, documents/ids/1fa79e1d-9210-30f0-b810-957cb27cb941.pdf, documents/licenses/43f46cde-3ff0-3f78-9080-50e2d1df5f46.pdf, 1, 1965-09-30 00:00:00, 143 Grant Crossroad Suite 860
Lindfort, ME 24963-4083, KzEdIXM3w4, 2025-09-24 12:53:23, 2025-09-24 12:53:23))&#13;
at vendor\laravel\framework\src\Illuminate\Database\Connection.php:564
at vendor\laravel\framework\src\Illuminate\Database\Connection.php:811
at vendor\laravel\framework\src\Illuminate\Database\Connection.php:778
at vendor\laravel\framework\src\Illuminate\Database\Connection.php:559
at vendor\laravel\framework\src\Illuminate\Database\Connection.php:523
at vendor\laravel\framework\src\Illuminate\Database\Query\Processors\Processor.php:32
at vendor\laravel\framework\src\Illuminate\Database\Query\Builder.php:3853
at vendor\laravel\framework\src\Illuminate\Database\Eloquent\Builder.php:2235
at vendor\laravel\framework\src\Illuminate\Database\Eloquent\Model.php:1436
at vendor\laravel\framework\src\Illuminate\Database\Eloquent\Model.php:1401
at vendor\laravel\framework\src\Illuminate\Database\Eloquent\Model.php:1240
at vendor\laravel\framework\src\Illuminate\Database\Eloquent\Factories\Factory.php:370
at vendor\laravel\framework\src\Illuminate\Collections\Traits\EnumeratesValues.php:271
at vendor\laravel\framework\src\Illuminate\Database\Eloquent\Factories\Factory.php:365
at vendor\laravel\framework\src\Illuminate\Database\Eloquent\Factories\Factory.php:321
at tests\Feature\ActivityLogManagementTest.php:15
Caused by
PDOException: SQLSTATE[HY000]: General error: 1 no such table: car_rental_users

at vendor\laravel\framework\src\Illuminate\Database\Connection.php:564
at vendor\laravel\framework\src\Illuminate\Database\Connection.php:811
at vendor\laravel\framework\src\Illuminate\Database\Connection.php:778
at vendor\laravel\framework\src\Illuminate\Database\Connection.php:559
at vendor\laravel\framework\src\Illuminate\Database\Connection.php:523
at vendor\laravel\framework\src\Illuminate\Database\Query\Processors\Processor.php:32
at vendor\laravel\framework\src\Illuminate\Database\Query\Builder.php:3853
at vendor\laravel\framework\src\Illuminate\Database\Eloquent\Builder.php:2235
at vendor\laravel\framework\src\Illuminate\Database\Eloquent\Model.php:1436
at vendor\laravel\framework\src\Illuminate\Database\Eloquent\Model.php:1401
at vendor\laravel\framework\src\Illuminate\Database\Eloquent\Model.php:1240
at vendor\laravel\framework\src\Illuminate\Database\Eloquent\Factories\Factory.php:370
at vendor\laravel\framework\src\Illuminate\Collections\Traits\EnumeratesValues.php:271
at vendor\laravel\framework\src\Illuminate\Database\Eloquent\Factories\Factory.php:365
at vendor\laravel\framework\src\Illuminate\Database\Eloquent\Factories\Factory.php:321
at tests\Feature\ActivityLogManagementTest.php:15</error>
        </testcase>
        <testcase name="`Activity Log Management` → `Activity Log Listing` → it filters logs by user" file="tests\Feature\ActivityLogManagementTest.php::`Activity Log Management` → `Activity Log Listing` → it filters logs by user" class="Tests\Feature\ActivityLogManagementTest" classname="Tests.Feature.ActivityLogManagementTest" assertions="0" time="0.000000">
          <error type="Illuminate\Database\QueryException">`Activity Log Management` → `Activity Log Listing` → it filters logs by userIlluminate\Database\QueryException: SQLSTATE[HY000]: General error: 1 no such table: car_rental_users (Connection: sqlite, SQL: insert into "car_rental_users" ("name", "email", "email_verified_at", "password", "phone", "role", "status", "license_number", "id_document_path", "license_document_path", "is_verified", "date_of_birth", "address", "remember_token", "updated_at", "created_at") values (Dortha Parisian, jwaters@example.net, 2025-09-24 12:53:23, $2y$04$78g4B33dBB9yvLZHXPZyOuzF4w5wzk7FwYQTRiFHrXZoaR9VfYlfW, 1-573-355-0438, admin, active, eyw-2674-5641, documents/ids/93b0af1c-48ce-3505-866d-442f1778716f.pdf, documents/licenses/5a48c8d3-fe25-3669-98b2-4f9655098842.pdf, 1, 2006-04-19 00:00:00, 3730 Bruen Turnpike
Fadelshire, TX 59474, iImpTTmwQ2, 2025-09-24 12:53:23, 2025-09-24 12:53:23))&#13;
at vendor\laravel\framework\src\Illuminate\Database\Connection.php:564
at vendor\laravel\framework\src\Illuminate\Database\Connection.php:811
at vendor\laravel\framework\src\Illuminate\Database\Connection.php:778
at vendor\laravel\framework\src\Illuminate\Database\Connection.php:559
at vendor\laravel\framework\src\Illuminate\Database\Connection.php:523
at vendor\laravel\framework\src\Illuminate\Database\Query\Processors\Processor.php:32
at vendor\laravel\framework\src\Illuminate\Database\Query\Builder.php:3853
at vendor\laravel\framework\src\Illuminate\Database\Eloquent\Builder.php:2235
at vendor\laravel\framework\src\Illuminate\Database\Eloquent\Model.php:1436
at vendor\laravel\framework\src\Illuminate\Database\Eloquent\Model.php:1401
at vendor\laravel\framework\src\Illuminate\Database\Eloquent\Model.php:1240
at vendor\laravel\framework\src\Illuminate\Database\Eloquent\Factories\Factory.php:370
at vendor\laravel\framework\src\Illuminate\Collections\Traits\EnumeratesValues.php:271
at vendor\laravel\framework\src\Illuminate\Database\Eloquent\Factories\Factory.php:365
at vendor\laravel\framework\src\Illuminate\Database\Eloquent\Factories\Factory.php:321
at tests\Feature\ActivityLogManagementTest.php:15
Caused by
PDOException: SQLSTATE[HY000]: General error: 1 no such table: car_rental_users

at vendor\laravel\framework\src\Illuminate\Database\Connection.php:564
at vendor\laravel\framework\src\Illuminate\Database\Connection.php:811
at vendor\laravel\framework\src\Illuminate\Database\Connection.php:778
at vendor\laravel\framework\src\Illuminate\Database\Connection.php:559
at vendor\laravel\framework\src\Illuminate\Database\Connection.php:523
at vendor\laravel\framework\src\Illuminate\Database\Query\Processors\Processor.php:32
at vendor\laravel\framework\src\Illuminate\Database\Query\Builder.php:3853
at vendor\laravel\framework\src\Illuminate\Database\Eloquent\Builder.php:2235
at vendor\laravel\framework\src\Illuminate\Database\Eloquent\Model.php:1436
at vendor\laravel\framework\src\Illuminate\Database\Eloquent\Model.php:1401
at vendor\laravel\framework\src\Illuminate\Database\Eloquent\Model.php:1240
at vendor\laravel\framework\src\Illuminate\Database\Eloquent\Factories\Factory.php:370
at vendor\laravel\framework\src\Illuminate\Collections\Traits\EnumeratesValues.php:271
at vendor\laravel\framework\src\Illuminate\Database\Eloquent\Factories\Factory.php:365
at vendor\laravel\framework\src\Illuminate\Database\Eloquent\Factories\Factory.php:321
at tests\Feature\ActivityLogManagementTest.php:15</error>
        </testcase>
        <testcase name="`Activity Log Management` → `Activity Log Creation` → it stores request details in log" file="tests\Feature\ActivityLogManagementTest.php::`Activity Log Management` → `Activity Log Creation` → it stores request details in log" class="Tests\Feature\ActivityLogManagementTest" classname="Tests.Feature.ActivityLogManagementTest" assertions="0" time="0.000000">
          <error type="Illuminate\Database\QueryException">`Activity Log Management` → `Activity Log Creation` → it stores request details in logIlluminate\Database\QueryException: SQLSTATE[HY000]: General error: 1 no such table: car_rental_users (Connection: sqlite, SQL: insert into "car_rental_users" ("name", "email", "email_verified_at", "password", "phone", "role", "status", "license_number", "id_document_path", "license_document_path", "is_verified", "date_of_birth", "address", "remember_token", "updated_at", "created_at") values (Nya Beahan, gislason.paolo@example.com, 2025-09-24 12:53:23, $2y$04$78g4B33dBB9yvLZHXPZyOuzF4w5wzk7FwYQTRiFHrXZoaR9VfYlfW, +12767827406, admin, active, whv-4840-4826, documents/ids/bdd7ecf3-6b5b-3f44-8feb-f0522014b423.pdf, documents/licenses/c693c396-8a2d-3507-a65c-0393515d035d.pdf, 1, 1976-01-20 00:00:00, 916 Johnpaul Extension Apt. 518
West Aniya, AL 65282, FJdMLNJ99S, 2025-09-24 12:53:23, 2025-09-24 12:53:23))&#13;
at vendor\laravel\framework\src\Illuminate\Database\Connection.php:564
at vendor\laravel\framework\src\Illuminate\Database\Connection.php:811
at vendor\laravel\framework\src\Illuminate\Database\Connection.php:778
at vendor\laravel\framework\src\Illuminate\Database\Connection.php:559
at vendor\laravel\framework\src\Illuminate\Database\Connection.php:523
at vendor\laravel\framework\src\Illuminate\Database\Query\Processors\Processor.php:32
at vendor\laravel\framework\src\Illuminate\Database\Query\Builder.php:3853
at vendor\laravel\framework\src\Illuminate\Database\Eloquent\Builder.php:2235
at vendor\laravel\framework\src\Illuminate\Database\Eloquent\Model.php:1436
at vendor\laravel\framework\src\Illuminate\Database\Eloquent\Model.php:1401
at vendor\laravel\framework\src\Illuminate\Database\Eloquent\Model.php:1240
at vendor\laravel\framework\src\Illuminate\Database\Eloquent\Factories\Factory.php:370
at vendor\laravel\framework\src\Illuminate\Collections\Traits\EnumeratesValues.php:271
at vendor\laravel\framework\src\Illuminate\Database\Eloquent\Factories\Factory.php:365
at vendor\laravel\framework\src\Illuminate\Database\Eloquent\Factories\Factory.php:321
at tests\Feature\ActivityLogManagementTest.php:15
Caused by
PDOException: SQLSTATE[HY000]: General error: 1 no such table: car_rental_users

at vendor\laravel\framework\src\Illuminate\Database\Connection.php:564
at vendor\laravel\framework\src\Illuminate\Database\Connection.php:811
at vendor\laravel\framework\src\Illuminate\Database\Connection.php:778
at vendor\laravel\framework\src\Illuminate\Database\Connection.php:559
at vendor\laravel\framework\src\Illuminate\Database\Connection.php:523
at vendor\laravel\framework\src\Illuminate\Database\Query\Processors\Processor.php:32
at vendor\laravel\framework\src\Illuminate\Database\Query\Builder.php:3853
at vendor\laravel\framework\src\Illuminate\Database\Eloquent\Builder.php:2235
at vendor\laravel\framework\src\Illuminate\Database\Eloquent\Model.php:1436
at vendor\laravel\framework\src\Illuminate\Database\Eloquent\Model.php:1401
at vendor\laravel\framework\src\Illuminate\Database\Eloquent\Model.php:1240
at vendor\laravel\framework\src\Illuminate\Database\Eloquent\Factories\Factory.php:370
at vendor\laravel\framework\src\Illuminate\Collections\Traits\EnumeratesValues.php:271
at vendor\laravel\framework\src\Illuminate\Database\Eloquent\Factories\Factory.php:365
at vendor\laravel\framework\src\Illuminate\Database\Eloquent\Factories\Factory.php:321
at tests\Feature\ActivityLogManagementTest.php:15</error>
        </testcase>
        <testcase name="`Activity Log Management` → `Security Monitoring` → it logs suspicious activity patterns" file="tests\Feature\ActivityLogManagementTest.php::`Activity Log Management` → `Security Monitoring` → it logs suspicious activity patterns" class="Tests\Feature\ActivityLogManagementTest" classname="Tests.Feature.ActivityLogManagementTest" assertions="0" time="0.000000">
          <error type="Illuminate\Database\QueryException">`Activity Log Management` → `Security Monitoring` → it logs suspicious activity patternsIlluminate\Database\QueryException: SQLSTATE[HY000]: General error: 1 no such table: car_rental_users (Connection: sqlite, SQL: insert into "car_rental_users" ("name", "email", "email_verified_at", "password", "phone", "role", "status", "license_number", "id_document_path", "license_document_path", "is_verified", "date_of_birth", "address", "remember_token", "updated_at", "created_at") values (Dr. Ivah Fisher, rosina.baumbach@example.org, 2025-09-24 12:53:23, $2y$04$78g4B33dBB9yvLZHXPZyOuzF4w5wzk7FwYQTRiFHrXZoaR9VfYlfW, +1.478.598.8846, admin, active, uum-2612-4150, documents/ids/ec5f12f1-7c0b-3b2a-9daa-20b365691b70.pdf, documents/licenses/8eda3412-3cc6-362b-b503-935b8089d6c2.pdf, 1, 2005-02-06 00:00:00, 19633 Christiansen Burgs Apt. 051
Raphaelleview, KS 67995-6671, Ko4wN7ZEME, 2025-09-24 12:53:23, 2025-09-24 12:53:23))&#13;
at vendor\laravel\framework\src\Illuminate\Database\Connection.php:564
at vendor\laravel\framework\src\Illuminate\Database\Connection.php:811
at vendor\laravel\framework\src\Illuminate\Database\Connection.php:778
at vendor\laravel\framework\src\Illuminate\Database\Connection.php:559
at vendor\laravel\framework\src\Illuminate\Database\Connection.php:523
at vendor\laravel\framework\src\Illuminate\Database\Query\Processors\Processor.php:32
at vendor\laravel\framework\src\Illuminate\Database\Query\Builder.php:3853
at vendor\laravel\framework\src\Illuminate\Database\Eloquent\Builder.php:2235
at vendor\laravel\framework\src\Illuminate\Database\Eloquent\Model.php:1436
at vendor\laravel\framework\src\Illuminate\Database\Eloquent\Model.php:1401
at vendor\laravel\framework\src\Illuminate\Database\Eloquent\Model.php:1240
at vendor\laravel\framework\src\Illuminate\Database\Eloquent\Factories\Factory.php:370
at vendor\laravel\framework\src\Illuminate\Collections\Traits\EnumeratesValues.php:271
at vendor\laravel\framework\src\Illuminate\Database\Eloquent\Factories\Factory.php:365
at vendor\laravel\framework\src\Illuminate\Database\Eloquent\Factories\Factory.php:321
at tests\Feature\ActivityLogManagementTest.php:15
Caused by
PDOException: SQLSTATE[HY000]: General error: 1 no such table: car_rental_users

at vendor\laravel\framework\src\Illuminate\Database\Connection.php:564
at vendor\laravel\framework\src\Illuminate\Database\Connection.php:811
at vendor\laravel\framework\src\Illuminate\Database\Connection.php:778
at vendor\laravel\framework\src\Illuminate\Database\Connection.php:559
at vendor\laravel\framework\src\Illuminate\Database\Connection.php:523
at vendor\laravel\framework\src\Illuminate\Database\Query\Processors\Processor.php:32
at vendor\laravel\framework\src\Illuminate\Database\Query\Builder.php:3853
at vendor\laravel\framework\src\Illuminate\Database\Eloquent\Builder.php:2235
at vendor\laravel\framework\src\Illuminate\Database\Eloquent\Model.php:1436
at vendor\laravel\framework\src\Illuminate\Database\Eloquent\Model.php:1401
at vendor\laravel\framework\src\Illuminate\Database\Eloquent\Model.php:1240
at vendor\laravel\framework\src\Illuminate\Database\Eloquent\Factories\Factory.php:370
at vendor\laravel\framework\src\Illuminate\Collections\Traits\EnumeratesValues.php:271
at vendor\laravel\framework\src\Illuminate\Database\Eloquent\Factories\Factory.php:365
at vendor\laravel\framework\src\Illuminate\Database\Eloquent\Factories\Factory.php:321
at tests\Feature\ActivityLogManagementTest.php:15</error>
        </testcase>
        <testcase name="`Activity Log Management` → `Real-time Activity Monitoring` → it filters live activity by action type" file="tests\Feature\ActivityLogManagementTest.php::`Activity Log Management` → `Real-time Activity Monitoring` → it filters live activity by action type" class="Tests\Feature\ActivityLogManagementTest" classname="Tests.Feature.ActivityLogManagementTest" assertions="0" time="0.000000">
          <error type="Illuminate\Database\QueryException">`Activity Log Management` → `Real-time Activity Monitoring` → it filters live activity by action typeIlluminate\Database\QueryException: SQLSTATE[HY000]: General error: 1 no such table: car_rental_users (Connection: sqlite, SQL: insert into "car_rental_users" ("name", "email", "email_verified_at", "password", "phone", "role", "status", "license_number", "id_document_path", "license_document_path", "is_verified", "date_of_birth", "address", "remember_token", "updated_at", "created_at") values (Zackary Spencer, kunde.renee@example.com, 2025-09-24 12:53:23, $2y$04$78g4B33dBB9yvLZHXPZyOuzF4w5wzk7FwYQTRiFHrXZoaR9VfYlfW, (586) 545-7234, admin, active, ulm-6004-4466, documents/ids/d0f94687-2d92-37b8-bde2-9a469f303003.pdf, documents/licenses/d521ffba-520f-3202-bba1-941b9f8946d1.pdf, 1, 2006-07-26 00:00:00, 9621 Beryl Locks Suite 399
Antoniaville, RI 34753, EOaTL56qmo, 2025-09-24 12:53:23, 2025-09-24 12:53:23))&#13;
at vendor\laravel\framework\src\Illuminate\Database\Connection.php:564
at vendor\laravel\framework\src\Illuminate\Database\Connection.php:811
at vendor\laravel\framework\src\Illuminate\Database\Connection.php:778
at vendor\laravel\framework\src\Illuminate\Database\Connection.php:559
at vendor\laravel\framework\src\Illuminate\Database\Connection.php:523
at vendor\laravel\framework\src\Illuminate\Database\Query\Processors\Processor.php:32
at vendor\laravel\framework\src\Illuminate\Database\Query\Builder.php:3853
at vendor\laravel\framework\src\Illuminate\Database\Eloquent\Builder.php:2235
at vendor\laravel\framework\src\Illuminate\Database\Eloquent\Model.php:1436
at vendor\laravel\framework\src\Illuminate\Database\Eloquent\Model.php:1401
at vendor\laravel\framework\src\Illuminate\Database\Eloquent\Model.php:1240
at vendor\laravel\framework\src\Illuminate\Database\Eloquent\Factories\Factory.php:370
at vendor\laravel\framework\src\Illuminate\Collections\Traits\EnumeratesValues.php:271
at vendor\laravel\framework\src\Illuminate\Database\Eloquent\Factories\Factory.php:365
at vendor\laravel\framework\src\Illuminate\Database\Eloquent\Factories\Factory.php:321
at tests\Feature\ActivityLogManagementTest.php:15
Caused by
PDOException: SQLSTATE[HY000]: General error: 1 no such table: car_rental_users

at vendor\laravel\framework\src\Illuminate\Database\Connection.php:564
at vendor\laravel\framework\src\Illuminate\Database\Connection.php:811
at vendor\laravel\framework\src\Illuminate\Database\Connection.php:778
at vendor\laravel\framework\src\Illuminate\Database\Connection.php:559
at vendor\laravel\framework\src\Illuminate\Database\Connection.php:523
at vendor\laravel\framework\src\Illuminate\Database\Query\Processors\Processor.php:32
at vendor\laravel\framework\src\Illuminate\Database\Query\Builder.php:3853
at vendor\laravel\framework\src\Illuminate\Database\Eloquent\Builder.php:2235
at vendor\laravel\framework\src\Illuminate\Database\Eloquent\Model.php:1436
at vendor\laravel\framework\src\Illuminate\Database\Eloquent\Model.php:1401
at vendor\laravel\framework\src\Illuminate\Database\Eloquent\Model.php:1240
at vendor\laravel\framework\src\Illuminate\Database\Eloquent\Factories\Factory.php:370
at vendor\laravel\framework\src\Illuminate\Collections\Traits\EnumeratesValues.php:271
at vendor\laravel\framework\src\Illuminate\Database\Eloquent\Factories\Factory.php:365
at vendor\laravel\framework\src\Illuminate\Database\Eloquent\Factories\Factory.php:321
at tests\Feature\ActivityLogManagementTest.php:15</error>
        </testcase>
        <testcase name="`Activity Log Management` → `Activity Log Analysis` → it tracks login patterns" file="tests\Feature\ActivityLogManagementTest.php::`Activity Log Management` → `Activity Log Analysis` → it tracks login patterns" class="Tests\Feature\ActivityLogManagementTest" classname="Tests.Feature.ActivityLogManagementTest" assertions="0" time="0.000000">
          <error type="Illuminate\Database\QueryException">`Activity Log Management` → `Activity Log Analysis` → it tracks login patternsIlluminate\Database\QueryException: SQLSTATE[HY000]: General error: 1 no such table: car_rental_users (Connection: sqlite, SQL: insert into "car_rental_users" ("name", "email", "email_verified_at", "password", "phone", "role", "status", "license_number", "id_document_path", "license_document_path", "is_verified", "date_of_birth", "address", "remember_token", "updated_at", "created_at") values (Ophelia Wintheiser MD, agrimes@example.org, 2025-09-24 12:53:23, $2y$04$78g4B33dBB9yvLZHXPZyOuzF4w5wzk7FwYQTRiFHrXZoaR9VfYlfW, 1-214-963-2244, admin, active, nog-6872-1012, documents/ids/974e2284-8df2-308a-869f-5c5a61ce8015.pdf, documents/licenses/7afd38fc-7a1d-3b83-b386-88eba311712a.pdf, 1, 1995-04-18 00:00:00, 6485 Gulgowski Views
Antoneton, WV 64482, WmmgAMoXkR, 2025-09-24 12:53:23, 2025-09-24 12:53:23))&#13;
at vendor\laravel\framework\src\Illuminate\Database\Connection.php:564
at vendor\laravel\framework\src\Illuminate\Database\Connection.php:811
at vendor\laravel\framework\src\Illuminate\Database\Connection.php:778
at vendor\laravel\framework\src\Illuminate\Database\Connection.php:559
at vendor\laravel\framework\src\Illuminate\Database\Connection.php:523
at vendor\laravel\framework\src\Illuminate\Database\Query\Processors\Processor.php:32
at vendor\laravel\framework\src\Illuminate\Database\Query\Builder.php:3853
at vendor\laravel\framework\src\Illuminate\Database\Eloquent\Builder.php:2235
at vendor\laravel\framework\src\Illuminate\Database\Eloquent\Model.php:1436
at vendor\laravel\framework\src\Illuminate\Database\Eloquent\Model.php:1401
at vendor\laravel\framework\src\Illuminate\Database\Eloquent\Model.php:1240
at vendor\laravel\framework\src\Illuminate\Database\Eloquent\Factories\Factory.php:370
at vendor\laravel\framework\src\Illuminate\Collections\Traits\EnumeratesValues.php:271
at vendor\laravel\framework\src\Illuminate\Database\Eloquent\Factories\Factory.php:365
at vendor\laravel\framework\src\Illuminate\Database\Eloquent\Factories\Factory.php:321
at tests\Feature\ActivityLogManagementTest.php:15
Caused by
PDOException: SQLSTATE[HY000]: General error: 1 no such table: car_rental_users

at vendor\laravel\framework\src\Illuminate\Database\Connection.php:564
at vendor\laravel\framework\src\Illuminate\Database\Connection.php:811
at vendor\laravel\framework\src\Illuminate\Database\Connection.php:778
at vendor\laravel\framework\src\Illuminate\Database\Connection.php:559
at vendor\laravel\framework\src\Illuminate\Database\Connection.php:523
at vendor\laravel\framework\src\Illuminate\Database\Query\Processors\Processor.php:32
at vendor\laravel\framework\src\Illuminate\Database\Query\Builder.php:3853
at vendor\laravel\framework\src\Illuminate\Database\Eloquent\Builder.php:2235
at vendor\laravel\framework\src\Illuminate\Database\Eloquent\Model.php:1436
at vendor\laravel\framework\src\Illuminate\Database\Eloquent\Model.php:1401
at vendor\laravel\framework\src\Illuminate\Database\Eloquent\Model.php:1240
at vendor\laravel\framework\src\Illuminate\Database\Eloquent\Factories\Factory.php:370
at vendor\laravel\framework\src\Illuminate\Collections\Traits\EnumeratesValues.php:271
at vendor\laravel\framework\src\Illuminate\Database\Eloquent\Factories\Factory.php:365
at vendor\laravel\framework\src\Illuminate\Database\Eloquent\Factories\Factory.php:321
at tests\Feature\ActivityLogManagementTest.php:15</error>
        </testcase>
        <testcase name="`Activity Log Management` → `Security Monitoring` → it tracks failed login attempts" file="tests\Feature\ActivityLogManagementTest.php::`Activity Log Management` → `Security Monitoring` → it tracks failed login attempts" class="Tests\Feature\ActivityLogManagementTest" classname="Tests.Feature.ActivityLogManagementTest" assertions="0" time="0.000000">
          <error type="Illuminate\Database\QueryException">`Activity Log Management` → `Security Monitoring` → it tracks failed login attemptsIlluminate\Database\QueryException: SQLSTATE[HY000]: General error: 1 no such table: car_rental_users (Connection: sqlite, SQL: insert into "car_rental_users" ("name", "email", "email_verified_at", "password", "phone", "role", "status", "license_number", "id_document_path", "license_document_path", "is_verified", "date_of_birth", "address", "remember_token", "updated_at", "created_at") values (Miss Haylee Goldner V, krajcik.willow@example.org, 2025-09-24 12:53:23, $2y$04$78g4B33dBB9yvLZHXPZyOuzF4w5wzk7FwYQTRiFHrXZoaR9VfYlfW, +1-769-897-6955, admin, active, lau-9567-1926, documents/ids/c53ad34f-ae2d-38f0-b34d-e1977d0b4c4a.pdf, documents/licenses/f6f2ccd8-e254-3a86-b1c1-5ebc47354ea9.pdf, 1, 1980-03-17 00:00:00, 8086 Schulist Creek Suite 963
East Carter, GA 76007, Vlw9hV1TOL, 2025-09-24 12:53:23, 2025-09-24 12:53:23))&#13;
at vendor\laravel\framework\src\Illuminate\Database\Connection.php:564
at vendor\laravel\framework\src\Illuminate\Database\Connection.php:811
at vendor\laravel\framework\src\Illuminate\Database\Connection.php:778
at vendor\laravel\framework\src\Illuminate\Database\Connection.php:559
at vendor\laravel\framework\src\Illuminate\Database\Connection.php:523
at vendor\laravel\framework\src\Illuminate\Database\Query\Processors\Processor.php:32
at vendor\laravel\framework\src\Illuminate\Database\Query\Builder.php:3853
at vendor\laravel\framework\src\Illuminate\Database\Eloquent\Builder.php:2235
at vendor\laravel\framework\src\Illuminate\Database\Eloquent\Model.php:1436
at vendor\laravel\framework\src\Illuminate\Database\Eloquent\Model.php:1401
at vendor\laravel\framework\src\Illuminate\Database\Eloquent\Model.php:1240
at vendor\laravel\framework\src\Illuminate\Database\Eloquent\Factories\Factory.php:370
at vendor\laravel\framework\src\Illuminate\Collections\Traits\EnumeratesValues.php:271
at vendor\laravel\framework\src\Illuminate\Database\Eloquent\Factories\Factory.php:365
at vendor\laravel\framework\src\Illuminate\Database\Eloquent\Factories\Factory.php:321
at tests\Feature\ActivityLogManagementTest.php:15
Caused by
PDOException: SQLSTATE[HY000]: General error: 1 no such table: car_rental_users

at vendor\laravel\framework\src\Illuminate\Database\Connection.php:564
at vendor\laravel\framework\src\Illuminate\Database\Connection.php:811
at vendor\laravel\framework\src\Illuminate\Database\Connection.php:778
at vendor\laravel\framework\src\Illuminate\Database\Connection.php:559
at vendor\laravel\framework\src\Illuminate\Database\Connection.php:523
at vendor\laravel\framework\src\Illuminate\Database\Query\Processors\Processor.php:32
at vendor\laravel\framework\src\Illuminate\Database\Query\Builder.php:3853
at vendor\laravel\framework\src\Illuminate\Database\Eloquent\Builder.php:2235
at vendor\laravel\framework\src\Illuminate\Database\Eloquent\Model.php:1436
at vendor\laravel\framework\src\Illuminate\Database\Eloquent\Model.php:1401
at vendor\laravel\framework\src\Illuminate\Database\Eloquent\Model.php:1240
at vendor\laravel\framework\src\Illuminate\Database\Eloquent\Factories\Factory.php:370
at vendor\laravel\framework\src\Illuminate\Collections\Traits\EnumeratesValues.php:271
at vendor\laravel\framework\src\Illuminate\Database\Eloquent\Factories\Factory.php:365
at vendor\laravel\framework\src\Illuminate\Database\Eloquent\Factories\Factory.php:321
at tests\Feature\ActivityLogManagementTest.php:15</error>
        </testcase>
        <testcase name="`Activity Log Management` → `Activity Log Analysis` → it shows most active users" file="tests\Feature\ActivityLogManagementTest.php::`Activity Log Management` → `Activity Log Analysis` → it shows most active users" class="Tests\Feature\ActivityLogManagementTest" classname="Tests.Feature.ActivityLogManagementTest" assertions="0" time="0.000000">
          <error type="Illuminate\Database\QueryException">`Activity Log Management` → `Activity Log Analysis` → it shows most active usersIlluminate\Database\QueryException: SQLSTATE[HY000]: General error: 1 no such table: car_rental_users (Connection: sqlite, SQL: insert into "car_rental_users" ("name", "email", "email_verified_at", "password", "phone", "role", "status", "license_number", "id_document_path", "license_document_path", "is_verified", "date_of_birth", "address", "remember_token", "updated_at", "created_at") values (Melyna Willms Jr., rolfson.juliana@example.net, 2025-09-24 12:53:23, $2y$04$78g4B33dBB9yvLZHXPZyOuzF4w5wzk7FwYQTRiFHrXZoaR9VfYlfW, 971.743.8895, admin, active, shq-8976-6435, documents/ids/ef581bcd-d67b-3444-88eb-cf6d758d375f.pdf, documents/licenses/0cd53db8-7b39-3097-a11a-2262c83b60a0.pdf, 1, 1960-12-06 00:00:00, 4586 Golden Forks
Port Shainaborough, MO 05751, yGrM1Vs8DS, 2025-09-24 12:53:23, 2025-09-24 12:53:23))&#13;
at vendor\laravel\framework\src\Illuminate\Database\Connection.php:564
at vendor\laravel\framework\src\Illuminate\Database\Connection.php:811
at vendor\laravel\framework\src\Illuminate\Database\Connection.php:778
at vendor\laravel\framework\src\Illuminate\Database\Connection.php:559
at vendor\laravel\framework\src\Illuminate\Database\Connection.php:523
at vendor\laravel\framework\src\Illuminate\Database\Query\Processors\Processor.php:32
at vendor\laravel\framework\src\Illuminate\Database\Query\Builder.php:3853
at vendor\laravel\framework\src\Illuminate\Database\Eloquent\Builder.php:2235
at vendor\laravel\framework\src\Illuminate\Database\Eloquent\Model.php:1436
at vendor\laravel\framework\src\Illuminate\Database\Eloquent\Model.php:1401
at vendor\laravel\framework\src\Illuminate\Database\Eloquent\Model.php:1240
at vendor\laravel\framework\src\Illuminate\Database\Eloquent\Factories\Factory.php:370
at vendor\laravel\framework\src\Illuminate\Collections\Traits\EnumeratesValues.php:271
at vendor\laravel\framework\src\Illuminate\Database\Eloquent\Factories\Factory.php:365
at vendor\laravel\framework\src\Illuminate\Database\Eloquent\Factories\Factory.php:321
at tests\Feature\ActivityLogManagementTest.php:15
Caused by
PDOException: SQLSTATE[HY000]: General error: 1 no such table: car_rental_users

at vendor\laravel\framework\src\Illuminate\Database\Connection.php:564
at vendor\laravel\framework\src\Illuminate\Database\Connection.php:811
at vendor\laravel\framework\src\Illuminate\Database\Connection.php:778
at vendor\laravel\framework\src\Illuminate\Database\Connection.php:559
at vendor\laravel\framework\src\Illuminate\Database\Connection.php:523
at vendor\laravel\framework\src\Illuminate\Database\Query\Processors\Processor.php:32
at vendor\laravel\framework\src\Illuminate\Database\Query\Builder.php:3853
at vendor\laravel\framework\src\Illuminate\Database\Eloquent\Builder.php:2235
at vendor\laravel\framework\src\Illuminate\Database\Eloquent\Model.php:1436
at vendor\laravel\framework\src\Illuminate\Database\Eloquent\Model.php:1401
at vendor\laravel\framework\src\Illuminate\Database\Eloquent\Model.php:1240
at vendor\laravel\framework\src\Illuminate\Database\Eloquent\Factories\Factory.php:370
at vendor\laravel\framework\src\Illuminate\Collections\Traits\EnumeratesValues.php:271
at vendor\laravel\framework\src\Illuminate\Database\Eloquent\Factories\Factory.php:365
at vendor\laravel\framework\src\Illuminate\Database\Eloquent\Factories\Factory.php:321
at tests\Feature\ActivityLogManagementTest.php:15</error>
        </testcase>
        <testcase name="`Activity Log Management` → `Activity Log Export` → it exports activity logs to CSV" file="tests\Feature\ActivityLogManagementTest.php::`Activity Log Management` → `Activity Log Export` → it exports activity logs to CSV" class="Tests\Feature\ActivityLogManagementTest" classname="Tests.Feature.ActivityLogManagementTest" assertions="0" time="0.000000">
          <error type="Illuminate\Database\QueryException">`Activity Log Management` → `Activity Log Export` → it exports activity logs to CSVIlluminate\Database\QueryException: SQLSTATE[HY000]: General error: 1 no such table: car_rental_users (Connection: sqlite, SQL: insert into "car_rental_users" ("name", "email", "email_verified_at", "password", "phone", "role", "status", "license_number", "id_document_path", "license_document_path", "is_verified", "date_of_birth", "address", "remember_token", "updated_at", "created_at") values (Shaylee Sauer, landen.hegmann@example.org, 2025-09-24 12:53:23, $2y$04$78g4B33dBB9yvLZHXPZyOuzF4w5wzk7FwYQTRiFHrXZoaR9VfYlfW, 878.434.3346, admin, active, nhb-2375-7702, documents/ids/354c7918-4693-3c01-9c41-1288cab3c840.pdf, documents/licenses/c7733218-c5bb-38d4-86f5-eab5be026958.pdf, 1, 1975-05-06 00:00:00, 99214 Wintheiser Rest Suite 368
East Fredrickstad, PA 73250, mD9QDKEXz0, 2025-09-24 12:53:23, 2025-09-24 12:53:23))&#13;
at vendor\laravel\framework\src\Illuminate\Database\Connection.php:564
at vendor\laravel\framework\src\Illuminate\Database\Connection.php:811
at vendor\laravel\framework\src\Illuminate\Database\Connection.php:778
at vendor\laravel\framework\src\Illuminate\Database\Connection.php:559
at vendor\laravel\framework\src\Illuminate\Database\Connection.php:523
at vendor\laravel\framework\src\Illuminate\Database\Query\Processors\Processor.php:32
at vendor\laravel\framework\src\Illuminate\Database\Query\Builder.php:3853
at vendor\laravel\framework\src\Illuminate\Database\Eloquent\Builder.php:2235
at vendor\laravel\framework\src\Illuminate\Database\Eloquent\Model.php:1436
at vendor\laravel\framework\src\Illuminate\Database\Eloquent\Model.php:1401
at vendor\laravel\framework\src\Illuminate\Database\Eloquent\Model.php:1240
at vendor\laravel\framework\src\Illuminate\Database\Eloquent\Factories\Factory.php:370
at vendor\laravel\framework\src\Illuminate\Collections\Traits\EnumeratesValues.php:271
at vendor\laravel\framework\src\Illuminate\Database\Eloquent\Factories\Factory.php:365
at vendor\laravel\framework\src\Illuminate\Database\Eloquent\Factories\Factory.php:321
at tests\Feature\ActivityLogManagementTest.php:15
Caused by
PDOException: SQLSTATE[HY000]: General error: 1 no such table: car_rental_users

at vendor\laravel\framework\src\Illuminate\Database\Connection.php:564
at vendor\laravel\framework\src\Illuminate\Database\Connection.php:811
at vendor\laravel\framework\src\Illuminate\Database\Connection.php:778
at vendor\laravel\framework\src\Illuminate\Database\Connection.php:559
at vendor\laravel\framework\src\Illuminate\Database\Connection.php:523
at vendor\laravel\framework\src\Illuminate\Database\Query\Processors\Processor.php:32
at vendor\laravel\framework\src\Illuminate\Database\Query\Builder.php:3853
at vendor\laravel\framework\src\Illuminate\Database\Eloquent\Builder.php:2235
at vendor\laravel\framework\src\Illuminate\Database\Eloquent\Model.php:1436
at vendor\laravel\framework\src\Illuminate\Database\Eloquent\Model.php:1401
at vendor\laravel\framework\src\Illuminate\Database\Eloquent\Model.php:1240
at vendor\laravel\framework\src\Illuminate\Database\Eloquent\Factories\Factory.php:370
at vendor\laravel\framework\src\Illuminate\Collections\Traits\EnumeratesValues.php:271
at vendor\laravel\framework\src\Illuminate\Database\Eloquent\Factories\Factory.php:365
at vendor\laravel\framework\src\Illuminate\Database\Eloquent\Factories\Factory.php:321
at tests\Feature\ActivityLogManagementTest.php:15</error>
        </testcase>
        <testcase name="`Activity Log Management` → `Activity Log Listing` → it filters logs by date range" file="tests\Feature\ActivityLogManagementTest.php::`Activity Log Management` → `Activity Log Listing` → it filters logs by date range" class="Tests\Feature\ActivityLogManagementTest" classname="Tests.Feature.ActivityLogManagementTest" assertions="0" time="0.000000">
          <error type="Illuminate\Database\QueryException">`Activity Log Management` → `Activity Log Listing` → it filters logs by date rangeIlluminate\Database\QueryException: SQLSTATE[HY000]: General error: 1 no such table: car_rental_users (Connection: sqlite, SQL: insert into "car_rental_users" ("name", "email", "email_verified_at", "password", "phone", "role", "status", "license_number", "id_document_path", "license_document_path", "is_verified", "date_of_birth", "address", "remember_token", "updated_at", "created_at") values (Eric Runolfsson, tanner.pfeffer@example.net, 2025-09-24 12:53:23, $2y$04$78g4B33dBB9yvLZHXPZyOuzF4w5wzk7FwYQTRiFHrXZoaR9VfYlfW, 1-458-330-4069, admin, active, gdh-3546-4600, documents/ids/a87e2924-c888-3ee6-8046-d9ebd5d4fb59.pdf, documents/licenses/c826923c-ff5a-3d87-b8f1-f99a928d79e0.pdf, 1, 1973-06-25 00:00:00, 91062 Fletcher Trace
Homenickfort, FL 57301-8949, CJUKvQJDX8, 2025-09-24 12:53:23, 2025-09-24 12:53:23))&#13;
at vendor\laravel\framework\src\Illuminate\Database\Connection.php:564
at vendor\laravel\framework\src\Illuminate\Database\Connection.php:811
at vendor\laravel\framework\src\Illuminate\Database\Connection.php:778
at vendor\laravel\framework\src\Illuminate\Database\Connection.php:559
at vendor\laravel\framework\src\Illuminate\Database\Connection.php:523
at vendor\laravel\framework\src\Illuminate\Database\Query\Processors\Processor.php:32
at vendor\laravel\framework\src\Illuminate\Database\Query\Builder.php:3853
at vendor\laravel\framework\src\Illuminate\Database\Eloquent\Builder.php:2235
at vendor\laravel\framework\src\Illuminate\Database\Eloquent\Model.php:1436
at vendor\laravel\framework\src\Illuminate\Database\Eloquent\Model.php:1401
at vendor\laravel\framework\src\Illuminate\Database\Eloquent\Model.php:1240
at vendor\laravel\framework\src\Illuminate\Database\Eloquent\Factories\Factory.php:370
at vendor\laravel\framework\src\Illuminate\Collections\Traits\EnumeratesValues.php:271
at vendor\laravel\framework\src\Illuminate\Database\Eloquent\Factories\Factory.php:365
at vendor\laravel\framework\src\Illuminate\Database\Eloquent\Factories\Factory.php:321
at tests\Feature\ActivityLogManagementTest.php:15
Caused by
PDOException: SQLSTATE[HY000]: General error: 1 no such table: car_rental_users

at vendor\laravel\framework\src\Illuminate\Database\Connection.php:564
at vendor\laravel\framework\src\Illuminate\Database\Connection.php:811
at vendor\laravel\framework\src\Illuminate\Database\Connection.php:778
at vendor\laravel\framework\src\Illuminate\Database\Connection.php:559
at vendor\laravel\framework\src\Illuminate\Database\Connection.php:523
at vendor\laravel\framework\src\Illuminate\Database\Query\Processors\Processor.php:32
at vendor\laravel\framework\src\Illuminate\Database\Query\Builder.php:3853
at vendor\laravel\framework\src\Illuminate\Database\Eloquent\Builder.php:2235
at vendor\laravel\framework\src\Illuminate\Database\Eloquent\Model.php:1436
at vendor\laravel\framework\src\Illuminate\Database\Eloquent\Model.php:1401
at vendor\laravel\framework\src\Illuminate\Database\Eloquent\Model.php:1240
at vendor\laravel\framework\src\Illuminate\Database\Eloquent\Factories\Factory.php:370
at vendor\laravel\framework\src\Illuminate\Collections\Traits\EnumeratesValues.php:271
at vendor\laravel\framework\src\Illuminate\Database\Eloquent\Factories\Factory.php:365
at vendor\laravel\framework\src\Illuminate\Database\Eloquent\Factories\Factory.php:321
at tests\Feature\ActivityLogManagementTest.php:15</error>
        </testcase>
        <testcase name="`Activity Log Management` → `Activity Log Listing` → it filters logs by action type" file="tests\Feature\ActivityLogManagementTest.php::`Activity Log Management` → `Activity Log Listing` → it filters logs by action type" class="Tests\Feature\ActivityLogManagementTest" classname="Tests.Feature.ActivityLogManagementTest" assertions="0" time="0.000000">
          <error type="Illuminate\Database\QueryException">`Activity Log Management` → `Activity Log Listing` → it filters logs by action typeIlluminate\Database\QueryException: SQLSTATE[HY000]: General error: 1 no such table: car_rental_users (Connection: sqlite, SQL: insert into "car_rental_users" ("name", "email", "email_verified_at", "password", "phone", "role", "status", "license_number", "id_document_path", "license_document_path", "is_verified", "date_of_birth", "address", "remember_token", "updated_at", "created_at") values (Prof. Beverly Fahey DVM, donnell18@example.org, 2025-09-24 12:53:23, $2y$04$78g4B33dBB9yvLZHXPZyOuzF4w5wzk7FwYQTRiFHrXZoaR9VfYlfW, +1 (534) 874-0010, admin, active, gdv-7575-6461, documents/ids/506b6f7a-7d84-3cd8-b3a7-8409f75e452b.pdf, documents/licenses/3ed58457-90b8-31aa-b479-e957445be7ab.pdf, 1, 1969-09-03 00:00:00, 888 Cartwright Manor
Gislasonshire, KS 32818, C6tSvHZOZ4, 2025-09-24 12:53:23, 2025-09-24 12:53:23))&#13;
at vendor\laravel\framework\src\Illuminate\Database\Connection.php:564
at vendor\laravel\framework\src\Illuminate\Database\Connection.php:811
at vendor\laravel\framework\src\Illuminate\Database\Connection.php:778
at vendor\laravel\framework\src\Illuminate\Database\Connection.php:559
at vendor\laravel\framework\src\Illuminate\Database\Connection.php:523
at vendor\laravel\framework\src\Illuminate\Database\Query\Processors\Processor.php:32
at vendor\laravel\framework\src\Illuminate\Database\Query\Builder.php:3853
at vendor\laravel\framework\src\Illuminate\Database\Eloquent\Builder.php:2235
at vendor\laravel\framework\src\Illuminate\Database\Eloquent\Model.php:1436
at vendor\laravel\framework\src\Illuminate\Database\Eloquent\Model.php:1401
at vendor\laravel\framework\src\Illuminate\Database\Eloquent\Model.php:1240
at vendor\laravel\framework\src\Illuminate\Database\Eloquent\Factories\Factory.php:370
at vendor\laravel\framework\src\Illuminate\Collections\Traits\EnumeratesValues.php:271
at vendor\laravel\framework\src\Illuminate\Database\Eloquent\Factories\Factory.php:365
at vendor\laravel\framework\src\Illuminate\Database\Eloquent\Factories\Factory.php:321
at tests\Feature\ActivityLogManagementTest.php:15
Caused by
PDOException: SQLSTATE[HY000]: General error: 1 no such table: car_rental_users

at vendor\laravel\framework\src\Illuminate\Database\Connection.php:564
at vendor\laravel\framework\src\Illuminate\Database\Connection.php:811
at vendor\laravel\framework\src\Illuminate\Database\Connection.php:778
at vendor\laravel\framework\src\Illuminate\Database\Connection.php:559
at vendor\laravel\framework\src\Illuminate\Database\Connection.php:523
at vendor\laravel\framework\src\Illuminate\Database\Query\Processors\Processor.php:32
at vendor\laravel\framework\src\Illuminate\Database\Query\Builder.php:3853
at vendor\laravel\framework\src\Illuminate\Database\Eloquent\Builder.php:2235
at vendor\laravel\framework\src\Illuminate\Database\Eloquent\Model.php:1436
at vendor\laravel\framework\src\Illuminate\Database\Eloquent\Model.php:1401
at vendor\laravel\framework\src\Illuminate\Database\Eloquent\Model.php:1240
at vendor\laravel\framework\src\Illuminate\Database\Eloquent\Factories\Factory.php:370
at vendor\laravel\framework\src\Illuminate\Collections\Traits\EnumeratesValues.php:271
at vendor\laravel\framework\src\Illuminate\Database\Eloquent\Factories\Factory.php:365
at vendor\laravel\framework\src\Illuminate\Database\Eloquent\Factories\Factory.php:321
at tests\Feature\ActivityLogManagementTest.php:15</error>
        </testcase>
        <testcase name="`Activity Log Management` → `Activity Log Creation` → it logs user login activities" file="tests\Feature\ActivityLogManagementTest.php::`Activity Log Management` → `Activity Log Creation` → it logs user login activities" class="Tests\Feature\ActivityLogManagementTest" classname="Tests.Feature.ActivityLogManagementTest" assertions="0" time="0.000000">
          <error type="Illuminate\Database\QueryException">`Activity Log Management` → `Activity Log Creation` → it logs user login activitiesIlluminate\Database\QueryException: SQLSTATE[HY000]: General error: 1 no such table: car_rental_users (Connection: sqlite, SQL: insert into "car_rental_users" ("name", "email", "email_verified_at", "password", "phone", "role", "status", "license_number", "id_document_path", "license_document_path", "is_verified", "date_of_birth", "address", "remember_token", "updated_at", "created_at") values (Ines Wolff V, sammy38@example.net, 2025-09-24 12:53:23, $2y$04$78g4B33dBB9yvLZHXPZyOuzF4w5wzk7FwYQTRiFHrXZoaR9VfYlfW, (605) 698-9144, admin, active, ctl-8413-9550, documents/ids/c90e36c9-b03a-3944-bebf-87603831231b.pdf, documents/licenses/bd83be75-4d11-32be-9888-3e60dc44bae4.pdf, 1, 2006-05-29 00:00:00, 56746 Ollie Knoll Apt. 700
Earlenechester, VA 00576-3210, 5CXQeZ9aJ2, 2025-09-24 12:53:23, 2025-09-24 12:53:23))&#13;
at vendor\laravel\framework\src\Illuminate\Database\Connection.php:564
at vendor\laravel\framework\src\Illuminate\Database\Connection.php:811
at vendor\laravel\framework\src\Illuminate\Database\Connection.php:778
at vendor\laravel\framework\src\Illuminate\Database\Connection.php:559
at vendor\laravel\framework\src\Illuminate\Database\Connection.php:523
at vendor\laravel\framework\src\Illuminate\Database\Query\Processors\Processor.php:32
at vendor\laravel\framework\src\Illuminate\Database\Query\Builder.php:3853
at vendor\laravel\framework\src\Illuminate\Database\Eloquent\Builder.php:2235
at vendor\laravel\framework\src\Illuminate\Database\Eloquent\Model.php:1436
at vendor\laravel\framework\src\Illuminate\Database\Eloquent\Model.php:1401
at vendor\laravel\framework\src\Illuminate\Database\Eloquent\Model.php:1240
at vendor\laravel\framework\src\Illuminate\Database\Eloquent\Factories\Factory.php:370
at vendor\laravel\framework\src\Illuminate\Collections\Traits\EnumeratesValues.php:271
at vendor\laravel\framework\src\Illuminate\Database\Eloquent\Factories\Factory.php:365
at vendor\laravel\framework\src\Illuminate\Database\Eloquent\Factories\Factory.php:321
at tests\Feature\ActivityLogManagementTest.php:15
Caused by
PDOException: SQLSTATE[HY000]: General error: 1 no such table: car_rental_users

at vendor\laravel\framework\src\Illuminate\Database\Connection.php:564
at vendor\laravel\framework\src\Illuminate\Database\Connection.php:811
at vendor\laravel\framework\src\Illuminate\Database\Connection.php:778
at vendor\laravel\framework\src\Illuminate\Database\Connection.php:559
at vendor\laravel\framework\src\Illuminate\Database\Connection.php:523
at vendor\laravel\framework\src\Illuminate\Database\Query\Processors\Processor.php:32
at vendor\laravel\framework\src\Illuminate\Database\Query\Builder.php:3853
at vendor\laravel\framework\src\Illuminate\Database\Eloquent\Builder.php:2235
at vendor\laravel\framework\src\Illuminate\Database\Eloquent\Model.php:1436
at vendor\laravel\framework\src\Illuminate\Database\Eloquent\Model.php:1401
at vendor\laravel\framework\src\Illuminate\Database\Eloquent\Model.php:1240
at vendor\laravel\framework\src\Illuminate\Database\Eloquent\Factories\Factory.php:370
at vendor\laravel\framework\src\Illuminate\Collections\Traits\EnumeratesValues.php:271
at vendor\laravel\framework\src\Illuminate\Database\Eloquent\Factories\Factory.php:365
at vendor\laravel\framework\src\Illuminate\Database\Eloquent\Factories\Factory.php:321
at tests\Feature\ActivityLogManagementTest.php:15</error>
        </testcase>
        <testcase name="`Activity Log Management` → `Activity Log Export` → it exports filtered logs" file="tests\Feature\ActivityLogManagementTest.php::`Activity Log Management` → `Activity Log Export` → it exports filtered logs" class="Tests\Feature\ActivityLogManagementTest" classname="Tests.Feature.ActivityLogManagementTest" assertions="0" time="0.000000">
          <error type="Illuminate\Database\QueryException">`Activity Log Management` → `Activity Log Export` → it exports filtered logsIlluminate\Database\QueryException: SQLSTATE[HY000]: General error: 1 no such table: car_rental_users (Connection: sqlite, SQL: insert into "car_rental_users" ("name", "email", "email_verified_at", "password", "phone", "role", "status", "license_number", "id_document_path", "license_document_path", "is_verified", "date_of_birth", "address", "remember_token", "updated_at", "created_at") values (Davonte Nader, summer.lind@example.com, 2025-09-24 12:53:23, $2y$04$78g4B33dBB9yvLZHXPZyOuzF4w5wzk7FwYQTRiFHrXZoaR9VfYlfW, +15128962823, admin, active, uhz-0002-0099, documents/ids/58de699c-8923-30c2-bb97-35c6af503f2d.pdf, documents/licenses/8d0c3d39-8ff4-35aa-9615-0d14d30670e0.pdf, 1, 2005-12-04 00:00:00, 864 Felicia Ridges
Schinnerbury, NE 60408, PPeagXDm7Y, 2025-09-24 12:53:23, 2025-09-24 12:53:23))&#13;
at vendor\laravel\framework\src\Illuminate\Database\Connection.php:564
at vendor\laravel\framework\src\Illuminate\Database\Connection.php:811
at vendor\laravel\framework\src\Illuminate\Database\Connection.php:778
at vendor\laravel\framework\src\Illuminate\Database\Connection.php:559
at vendor\laravel\framework\src\Illuminate\Database\Connection.php:523
at vendor\laravel\framework\src\Illuminate\Database\Query\Processors\Processor.php:32
at vendor\laravel\framework\src\Illuminate\Database\Query\Builder.php:3853
at vendor\laravel\framework\src\Illuminate\Database\Eloquent\Builder.php:2235
at vendor\laravel\framework\src\Illuminate\Database\Eloquent\Model.php:1436
at vendor\laravel\framework\src\Illuminate\Database\Eloquent\Model.php:1401
at vendor\laravel\framework\src\Illuminate\Database\Eloquent\Model.php:1240
at vendor\laravel\framework\src\Illuminate\Database\Eloquent\Factories\Factory.php:370
at vendor\laravel\framework\src\Illuminate\Collections\Traits\EnumeratesValues.php:271
at vendor\laravel\framework\src\Illuminate\Database\Eloquent\Factories\Factory.php:365
at vendor\laravel\framework\src\Illuminate\Database\Eloquent\Factories\Factory.php:321
at tests\Feature\ActivityLogManagementTest.php:15
Caused by
PDOException: SQLSTATE[HY000]: General error: 1 no such table: car_rental_users

at vendor\laravel\framework\src\Illuminate\Database\Connection.php:564
at vendor\laravel\framework\src\Illuminate\Database\Connection.php:811
at vendor\laravel\framework\src\Illuminate\Database\Connection.php:778
at vendor\laravel\framework\src\Illuminate\Database\Connection.php:559
at vendor\laravel\framework\src\Illuminate\Database\Connection.php:523
at vendor\laravel\framework\src\Illuminate\Database\Query\Processors\Processor.php:32
at vendor\laravel\framework\src\Illuminate\Database\Query\Builder.php:3853
at vendor\laravel\framework\src\Illuminate\Database\Eloquent\Builder.php:2235
at vendor\laravel\framework\src\Illuminate\Database\Eloquent\Model.php:1436
at vendor\laravel\framework\src\Illuminate\Database\Eloquent\Model.php:1401
at vendor\laravel\framework\src\Illuminate\Database\Eloquent\Model.php:1240
at vendor\laravel\framework\src\Illuminate\Database\Eloquent\Factories\Factory.php:370
at vendor\laravel\framework\src\Illuminate\Collections\Traits\EnumeratesValues.php:271
at vendor\laravel\framework\src\Illuminate\Database\Eloquent\Factories\Factory.php:365
at vendor\laravel\framework\src\Illuminate\Database\Eloquent\Factories\Factory.php:321
at tests\Feature\ActivityLogManagementTest.php:15</error>
        </testcase>
        <testcase name="`Activity Log Management` → `Activity Log Export` → it exports logs for specific date range" file="tests\Feature\ActivityLogManagementTest.php::`Activity Log Management` → `Activity Log Export` → it exports logs for specific date range" class="Tests\Feature\ActivityLogManagementTest" classname="Tests.Feature.ActivityLogManagementTest" assertions="0" time="0.000000">
          <error type="Illuminate\Database\QueryException">`Activity Log Management` → `Activity Log Export` → it exports logs for specific date rangeIlluminate\Database\QueryException: SQLSTATE[HY000]: General error: 1 no such table: car_rental_users (Connection: sqlite, SQL: insert into "car_rental_users" ("name", "email", "email_verified_at", "password", "phone", "role", "status", "license_number", "id_document_path", "license_document_path", "is_verified", "date_of_birth", "address", "remember_token", "updated_at", "created_at") values (Ms. Malinda Moore, carroll.johns@example.org, 2025-09-24 12:53:23, $2y$04$78g4B33dBB9yvLZHXPZyOuzF4w5wzk7FwYQTRiFHrXZoaR9VfYlfW, +1-971-915-9189, admin, active, ghz-8778-0640, documents/ids/ef7fe432-0388-3b28-945c-6f038dc4b0e2.pdf, documents/licenses/e91de568-881d-3658-8c7e-0fa733bf49bc.pdf, 1, 1995-10-06 00:00:00, 46396 Jadyn Trail
North Odieland, KS 98695-7229, WaAY5If6fG, 2025-09-24 12:53:23, 2025-09-24 12:53:23))&#13;
at vendor\laravel\framework\src\Illuminate\Database\Connection.php:564
at vendor\laravel\framework\src\Illuminate\Database\Connection.php:811
at vendor\laravel\framework\src\Illuminate\Database\Connection.php:778
at vendor\laravel\framework\src\Illuminate\Database\Connection.php:559
at vendor\laravel\framework\src\Illuminate\Database\Connection.php:523
at vendor\laravel\framework\src\Illuminate\Database\Query\Processors\Processor.php:32
at vendor\laravel\framework\src\Illuminate\Database\Query\Builder.php:3853
at vendor\laravel\framework\src\Illuminate\Database\Eloquent\Builder.php:2235
at vendor\laravel\framework\src\Illuminate\Database\Eloquent\Model.php:1436
at vendor\laravel\framework\src\Illuminate\Database\Eloquent\Model.php:1401
at vendor\laravel\framework\src\Illuminate\Database\Eloquent\Model.php:1240
at vendor\laravel\framework\src\Illuminate\Database\Eloquent\Factories\Factory.php:370
at vendor\laravel\framework\src\Illuminate\Collections\Traits\EnumeratesValues.php:271
at vendor\laravel\framework\src\Illuminate\Database\Eloquent\Factories\Factory.php:365
at vendor\laravel\framework\src\Illuminate\Database\Eloquent\Factories\Factory.php:321
at tests\Feature\ActivityLogManagementTest.php:15
Caused by
PDOException: SQLSTATE[HY000]: General error: 1 no such table: car_rental_users

at vendor\laravel\framework\src\Illuminate\Database\Connection.php:564
at vendor\laravel\framework\src\Illuminate\Database\Connection.php:811
at vendor\laravel\framework\src\Illuminate\Database\Connection.php:778
at vendor\laravel\framework\src\Illuminate\Database\Connection.php:559
at vendor\laravel\framework\src\Illuminate\Database\Connection.php:523
at vendor\laravel\framework\src\Illuminate\Database\Query\Processors\Processor.php:32
at vendor\laravel\framework\src\Illuminate\Database\Query\Builder.php:3853
at vendor\laravel\framework\src\Illuminate\Database\Eloquent\Builder.php:2235
at vendor\laravel\framework\src\Illuminate\Database\Eloquent\Model.php:1436
at vendor\laravel\framework\src\Illuminate\Database\Eloquent\Model.php:1401
at vendor\laravel\framework\src\Illuminate\Database\Eloquent\Model.php:1240
at vendor\laravel\framework\src\Illuminate\Database\Eloquent\Factories\Factory.php:370
at vendor\laravel\framework\src\Illuminate\Collections\Traits\EnumeratesValues.php:271
at vendor\laravel\framework\src\Illuminate\Database\Eloquent\Factories\Factory.php:365
at vendor\laravel\framework\src\Illuminate\Database\Eloquent\Factories\Factory.php:321
at tests\Feature\ActivityLogManagementTest.php:15</error>
        </testcase>
        <testcase name="`Activity Log Management` → `Activity Log Listing` → it restricts renter access to activity logs" file="tests\Feature\ActivityLogManagementTest.php::`Activity Log Management` → `Activity Log Listing` → it restricts renter access to activity logs" class="Tests\Feature\ActivityLogManagementTest" classname="Tests.Feature.ActivityLogManagementTest" assertions="0" time="0.000000">
          <error type="Illuminate\Database\QueryException">`Activity Log Management` → `Activity Log Listing` → it restricts renter access to activity logsIlluminate\Database\QueryException: SQLSTATE[HY000]: General error: 1 no such table: car_rental_users (Connection: sqlite, SQL: insert into "car_rental_users" ("name", "email", "email_verified_at", "password", "phone", "role", "status", "license_number", "id_document_path", "license_document_path", "is_verified", "date_of_birth", "address", "remember_token", "updated_at", "created_at") values (Miss Marcelina Hintz, isaias66@example.com, 2025-09-24 12:53:24, $2y$04$78g4B33dBB9yvLZHXPZyOuzF4w5wzk7FwYQTRiFHrXZoaR9VfYlfW, +1.743.785.1621, admin, active, pyt-3396-3719, documents/ids/4f1e4941-fe08-3b82-bd10-cead036c8735.pdf, documents/licenses/c607befd-3bd9-39bf-a4b5-4d0a2c70b926.pdf, 1, 1998-03-16 00:00:00, 6879 Margaretta Field
East Nyah, CA 61677-1857, yxKXBSP3EE, 2025-09-24 12:53:24, 2025-09-24 12:53:24))&#13;
at vendor\laravel\framework\src\Illuminate\Database\Connection.php:564
at vendor\laravel\framework\src\Illuminate\Database\Connection.php:811
at vendor\laravel\framework\src\Illuminate\Database\Connection.php:778
at vendor\laravel\framework\src\Illuminate\Database\Connection.php:559
at vendor\laravel\framework\src\Illuminate\Database\Connection.php:523
at vendor\laravel\framework\src\Illuminate\Database\Query\Processors\Processor.php:32
at vendor\laravel\framework\src\Illuminate\Database\Query\Builder.php:3853
at vendor\laravel\framework\src\Illuminate\Database\Eloquent\Builder.php:2235
at vendor\laravel\framework\src\Illuminate\Database\Eloquent\Model.php:1436
at vendor\laravel\framework\src\Illuminate\Database\Eloquent\Model.php:1401
at vendor\laravel\framework\src\Illuminate\Database\Eloquent\Model.php:1240
at vendor\laravel\framework\src\Illuminate\Database\Eloquent\Factories\Factory.php:370
at vendor\laravel\framework\src\Illuminate\Collections\Traits\EnumeratesValues.php:271
at vendor\laravel\framework\src\Illuminate\Database\Eloquent\Factories\Factory.php:365
at vendor\laravel\framework\src\Illuminate\Database\Eloquent\Factories\Factory.php:321
at tests\Feature\ActivityLogManagementTest.php:15
Caused by
PDOException: SQLSTATE[HY000]: General error: 1 no such table: car_rental_users

at vendor\laravel\framework\src\Illuminate\Database\Connection.php:564
at vendor\laravel\framework\src\Illuminate\Database\Connection.php:811
at vendor\laravel\framework\src\Illuminate\Database\Connection.php:778
at vendor\laravel\framework\src\Illuminate\Database\Connection.php:559
at vendor\laravel\framework\src\Illuminate\Database\Connection.php:523
at vendor\laravel\framework\src\Illuminate\Database\Query\Processors\Processor.php:32
at vendor\laravel\framework\src\Illuminate\Database\Query\Builder.php:3853
at vendor\laravel\framework\src\Illuminate\Database\Eloquent\Builder.php:2235
at vendor\laravel\framework\src\Illuminate\Database\Eloquent\Model.php:1436
at vendor\laravel\framework\src\Illuminate\Database\Eloquent\Model.php:1401
at vendor\laravel\framework\src\Illuminate\Database\Eloquent\Model.php:1240
at vendor\laravel\framework\src\Illuminate\Database\Eloquent\Factories\Factory.php:370
at vendor\laravel\framework\src\Illuminate\Collections\Traits\EnumeratesValues.php:271
at vendor\laravel\framework\src\Illuminate\Database\Eloquent\Factories\Factory.php:365
at vendor\laravel\framework\src\Illuminate\Database\Eloquent\Factories\Factory.php:321
at tests\Feature\ActivityLogManagementTest.php:15</error>
        </testcase>
        <testcase name="`Activity Log Management` → `System Performance Logs` → it logs slow query performance" file="tests\Feature\ActivityLogManagementTest.php::`Activity Log Management` → `System Performance Logs` → it logs slow query performance" class="Tests\Feature\ActivityLogManagementTest" classname="Tests.Feature.ActivityLogManagementTest" assertions="0" time="0.000000">
          <error type="Illuminate\Database\QueryException">`Activity Log Management` → `System Performance Logs` → it logs slow query performanceIlluminate\Database\QueryException: SQLSTATE[HY000]: General error: 1 no such table: car_rental_users (Connection: sqlite, SQL: insert into "car_rental_users" ("name", "email", "email_verified_at", "password", "phone", "role", "status", "license_number", "id_document_path", "license_document_path", "is_verified", "date_of_birth", "address", "remember_token", "updated_at", "created_at") values (Maximus Reichel, kris.jeremy@example.org, 2025-09-24 12:53:24, $2y$04$78g4B33dBB9yvLZHXPZyOuzF4w5wzk7FwYQTRiFHrXZoaR9VfYlfW, +19348679076, admin, active, ivm-1205-6970, documents/ids/72dbc2cb-45e7-39d8-b646-26fcb16e666f.pdf, documents/licenses/251cce23-557a-3aa6-a798-4fd64c6cee43.pdf, 1, 1994-09-04 00:00:00, 59606 Zoila Track
Port Connorville, AK 33675-1188, yE9TD5Vf3A, 2025-09-24 12:53:24, 2025-09-24 12:53:24))&#13;
at vendor\laravel\framework\src\Illuminate\Database\Connection.php:564
at vendor\laravel\framework\src\Illuminate\Database\Connection.php:811
at vendor\laravel\framework\src\Illuminate\Database\Connection.php:778
at vendor\laravel\framework\src\Illuminate\Database\Connection.php:559
at vendor\laravel\framework\src\Illuminate\Database\Connection.php:523
at vendor\laravel\framework\src\Illuminate\Database\Query\Processors\Processor.php:32
at vendor\laravel\framework\src\Illuminate\Database\Query\Builder.php:3853
at vendor\laravel\framework\src\Illuminate\Database\Eloquent\Builder.php:2235
at vendor\laravel\framework\src\Illuminate\Database\Eloquent\Model.php:1436
at vendor\laravel\framework\src\Illuminate\Database\Eloquent\Model.php:1401
at vendor\laravel\framework\src\Illuminate\Database\Eloquent\Model.php:1240
at vendor\laravel\framework\src\Illuminate\Database\Eloquent\Factories\Factory.php:370
at vendor\laravel\framework\src\Illuminate\Collections\Traits\EnumeratesValues.php:271
at vendor\laravel\framework\src\Illuminate\Database\Eloquent\Factories\Factory.php:365
at vendor\laravel\framework\src\Illuminate\Database\Eloquent\Factories\Factory.php:321
at tests\Feature\ActivityLogManagementTest.php:15
Caused by
PDOException: SQLSTATE[HY000]: General error: 1 no such table: car_rental_users

at vendor\laravel\framework\src\Illuminate\Database\Connection.php:564
at vendor\laravel\framework\src\Illuminate\Database\Connection.php:811
at vendor\laravel\framework\src\Illuminate\Database\Connection.php:778
at vendor\laravel\framework\src\Illuminate\Database\Connection.php:559
at vendor\laravel\framework\src\Illuminate\Database\Connection.php:523
at vendor\laravel\framework\src\Illuminate\Database\Query\Processors\Processor.php:32
at vendor\laravel\framework\src\Illuminate\Database\Query\Builder.php:3853
at vendor\laravel\framework\src\Illuminate\Database\Eloquent\Builder.php:2235
at vendor\laravel\framework\src\Illuminate\Database\Eloquent\Model.php:1436
at vendor\laravel\framework\src\Illuminate\Database\Eloquent\Model.php:1401
at vendor\laravel\framework\src\Illuminate\Database\Eloquent\Model.php:1240
at vendor\laravel\framework\src\Illuminate\Database\Eloquent\Factories\Factory.php:370
at vendor\laravel\framework\src\Illuminate\Collections\Traits\EnumeratesValues.php:271
at vendor\laravel\framework\src\Illuminate\Database\Eloquent\Factories\Factory.php:365
at vendor\laravel\framework\src\Illuminate\Database\Eloquent\Factories\Factory.php:321
at tests\Feature\ActivityLogManagementTest.php:15</error>
        </testcase>
        <testcase name="`Activity Log Management` → `Real-time Activity Monitoring` → it displays live activity feed" file="tests\Feature\ActivityLogManagementTest.php::`Activity Log Management` → `Real-time Activity Monitoring` → it displays live activity feed" class="Tests\Feature\ActivityLogManagementTest" classname="Tests.Feature.ActivityLogManagementTest" assertions="0" time="0.000000">
          <error type="Illuminate\Database\QueryException">`Activity Log Management` → `Real-time Activity Monitoring` → it displays live activity feedIlluminate\Database\QueryException: SQLSTATE[HY000]: General error: 1 no such table: car_rental_users (Connection: sqlite, SQL: insert into "car_rental_users" ("name", "email", "email_verified_at", "password", "phone", "role", "status", "license_number", "id_document_path", "license_document_path", "is_verified", "date_of_birth", "address", "remember_token", "updated_at", "created_at") values (Rosanna Schaden V, wolff.alaina@example.org, 2025-09-24 12:53:24, $2y$04$78g4B33dBB9yvLZHXPZyOuzF4w5wzk7FwYQTRiFHrXZoaR9VfYlfW, 281-383-0660, admin, active, jzf-9991-9685, documents/ids/17720956-9725-37c7-bb0e-6a5a35d46840.pdf, documents/licenses/da6b757e-41b7-3bc6-a6b5-3b02875bb784.pdf, 1, 1975-02-24 00:00:00, 56002 Santa Turnpike Suite 055
Orvalville, ND 68430, 5uBNKTGyA2, 2025-09-24 12:53:24, 2025-09-24 12:53:24))&#13;
at vendor\laravel\framework\src\Illuminate\Database\Connection.php:564
at vendor\laravel\framework\src\Illuminate\Database\Connection.php:811
at vendor\laravel\framework\src\Illuminate\Database\Connection.php:778
at vendor\laravel\framework\src\Illuminate\Database\Connection.php:559
at vendor\laravel\framework\src\Illuminate\Database\Connection.php:523
at vendor\laravel\framework\src\Illuminate\Database\Query\Processors\Processor.php:32
at vendor\laravel\framework\src\Illuminate\Database\Query\Builder.php:3853
at vendor\laravel\framework\src\Illuminate\Database\Eloquent\Builder.php:2235
at vendor\laravel\framework\src\Illuminate\Database\Eloquent\Model.php:1436
at vendor\laravel\framework\src\Illuminate\Database\Eloquent\Model.php:1401
at vendor\laravel\framework\src\Illuminate\Database\Eloquent\Model.php:1240
at vendor\laravel\framework\src\Illuminate\Database\Eloquent\Factories\Factory.php:370
at vendor\laravel\framework\src\Illuminate\Collections\Traits\EnumeratesValues.php:271
at vendor\laravel\framework\src\Illuminate\Database\Eloquent\Factories\Factory.php:365
at vendor\laravel\framework\src\Illuminate\Database\Eloquent\Factories\Factory.php:321
at tests\Feature\ActivityLogManagementTest.php:15
Caused by
PDOException: SQLSTATE[HY000]: General error: 1 no such table: car_rental_users

at vendor\laravel\framework\src\Illuminate\Database\Connection.php:564
at vendor\laravel\framework\src\Illuminate\Database\Connection.php:811
at vendor\laravel\framework\src\Illuminate\Database\Connection.php:778
at vendor\laravel\framework\src\Illuminate\Database\Connection.php:559
at vendor\laravel\framework\src\Illuminate\Database\Connection.php:523
at vendor\laravel\framework\src\Illuminate\Database\Query\Processors\Processor.php:32
at vendor\laravel\framework\src\Illuminate\Database\Query\Builder.php:3853
at vendor\laravel\framework\src\Illuminate\Database\Eloquent\Builder.php:2235
at vendor\laravel\framework\src\Illuminate\Database\Eloquent\Model.php:1436
at vendor\laravel\framework\src\Illuminate\Database\Eloquent\Model.php:1401
at vendor\laravel\framework\src\Illuminate\Database\Eloquent\Model.php:1240
at vendor\laravel\framework\src\Illuminate\Database\Eloquent\Factories\Factory.php:370
at vendor\laravel\framework\src\Illuminate\Collections\Traits\EnumeratesValues.php:271
at vendor\laravel\framework\src\Illuminate\Database\Eloquent\Factories\Factory.php:365
at vendor\laravel\framework\src\Illuminate\Database\Eloquent\Factories\Factory.php:321
at tests\Feature\ActivityLogManagementTest.php:15</error>
        </testcase>
        <testcase name="`Activity Log Management` → `Log Cleanup` → it prevents cleanup of recent logs" file="tests\Feature\ActivityLogManagementTest.php::`Activity Log Management` → `Log Cleanup` → it prevents cleanup of recent logs" class="Tests\Feature\ActivityLogManagementTest" classname="Tests.Feature.ActivityLogManagementTest" assertions="0" time="0.000000">
          <error type="Illuminate\Database\QueryException">`Activity Log Management` → `Log Cleanup` → it prevents cleanup of recent logsIlluminate\Database\QueryException: SQLSTATE[HY000]: General error: 1 no such table: car_rental_users (Connection: sqlite, SQL: insert into "car_rental_users" ("name", "email", "email_verified_at", "password", "phone", "role", "status", "license_number", "id_document_path", "license_document_path", "is_verified", "date_of_birth", "address", "remember_token", "updated_at", "created_at") values (Brain Osinski, will.adan@example.net, 2025-09-24 12:53:24, $2y$04$78g4B33dBB9yvLZHXPZyOuzF4w5wzk7FwYQTRiFHrXZoaR9VfYlfW, 1-719-968-6696, admin, active, qft-7428-5485, documents/ids/45d38f7a-2544-3c32-9f5b-95c3eb00cc5b.pdf, documents/licenses/5d1c2465-2231-320e-8980-326128532064.pdf, 1, 1982-09-14 00:00:00, 113 Ally Tunnel Apt. 653
Giovannifort, IL 13493, UA01bUp73M, 2025-09-24 12:53:24, 2025-09-24 12:53:24))&#13;
at vendor\laravel\framework\src\Illuminate\Database\Connection.php:564
at vendor\laravel\framework\src\Illuminate\Database\Connection.php:811
at vendor\laravel\framework\src\Illuminate\Database\Connection.php:778
at vendor\laravel\framework\src\Illuminate\Database\Connection.php:559
at vendor\laravel\framework\src\Illuminate\Database\Connection.php:523
at vendor\laravel\framework\src\Illuminate\Database\Query\Processors\Processor.php:32
at vendor\laravel\framework\src\Illuminate\Database\Query\Builder.php:3853
at vendor\laravel\framework\src\Illuminate\Database\Eloquent\Builder.php:2235
at vendor\laravel\framework\src\Illuminate\Database\Eloquent\Model.php:1436
at vendor\laravel\framework\src\Illuminate\Database\Eloquent\Model.php:1401
at vendor\laravel\framework\src\Illuminate\Database\Eloquent\Model.php:1240
at vendor\laravel\framework\src\Illuminate\Database\Eloquent\Factories\Factory.php:370
at vendor\laravel\framework\src\Illuminate\Collections\Traits\EnumeratesValues.php:271
at vendor\laravel\framework\src\Illuminate\Database\Eloquent\Factories\Factory.php:365
at vendor\laravel\framework\src\Illuminate\Database\Eloquent\Factories\Factory.php:321
at tests\Feature\ActivityLogManagementTest.php:15
Caused by
PDOException: SQLSTATE[HY000]: General error: 1 no such table: car_rental_users

at vendor\laravel\framework\src\Illuminate\Database\Connection.php:564
at vendor\laravel\framework\src\Illuminate\Database\Connection.php:811
at vendor\laravel\framework\src\Illuminate\Database\Connection.php:778
at vendor\laravel\framework\src\Illuminate\Database\Connection.php:559
at vendor\laravel\framework\src\Illuminate\Database\Connection.php:523
at vendor\laravel\framework\src\Illuminate\Database\Query\Processors\Processor.php:32
at vendor\laravel\framework\src\Illuminate\Database\Query\Builder.php:3853
at vendor\laravel\framework\src\Illuminate\Database\Eloquent\Builder.php:2235
at vendor\laravel\framework\src\Illuminate\Database\Eloquent\Model.php:1436
at vendor\laravel\framework\src\Illuminate\Database\Eloquent\Model.php:1401
at vendor\laravel\framework\src\Illuminate\Database\Eloquent\Model.php:1240
at vendor\laravel\framework\src\Illuminate\Database\Eloquent\Factories\Factory.php:370
at vendor\laravel\framework\src\Illuminate\Collections\Traits\EnumeratesValues.php:271
at vendor\laravel\framework\src\Illuminate\Database\Eloquent\Factories\Factory.php:365
at vendor\laravel\framework\src\Illuminate\Database\Eloquent\Factories\Factory.php:321
at tests\Feature\ActivityLogManagementTest.php:15</error>
        </testcase>
        <testcase name="`Activity Log Management` → `Security Monitoring` → it tracks admin actions" file="tests\Feature\ActivityLogManagementTest.php::`Activity Log Management` → `Security Monitoring` → it tracks admin actions" class="Tests\Feature\ActivityLogManagementTest" classname="Tests.Feature.ActivityLogManagementTest" assertions="0" time="0.000000">
          <error type="Illuminate\Database\QueryException">`Activity Log Management` → `Security Monitoring` → it tracks admin actionsIlluminate\Database\QueryException: SQLSTATE[HY000]: General error: 1 no such table: car_rental_users (Connection: sqlite, SQL: insert into "car_rental_users" ("name", "email", "email_verified_at", "password", "phone", "role", "status", "license_number", "id_document_path", "license_document_path", "is_verified", "date_of_birth", "address", "remember_token", "updated_at", "created_at") values (Reece Ruecker, eusebio.bins@example.net, 2025-09-24 12:53:24, $2y$04$78g4B33dBB9yvLZHXPZyOuzF4w5wzk7FwYQTRiFHrXZoaR9VfYlfW, 303.963.3389, admin, active, lbw-3690-8780, documents/ids/921ac3de-4b6c-3977-92d9-9857524b7172.pdf, documents/licenses/5a80637f-5b67-360a-92c5-88654a771d16.pdf, 1, 2000-09-16 00:00:00, 7589 Vicky Pike Suite 657
Lake Rodgerfort, WI 02427, fBJlFwkmCf, 2025-09-24 12:53:24, 2025-09-24 12:53:24))&#13;
at vendor\laravel\framework\src\Illuminate\Database\Connection.php:564
at vendor\laravel\framework\src\Illuminate\Database\Connection.php:811
at vendor\laravel\framework\src\Illuminate\Database\Connection.php:778
at vendor\laravel\framework\src\Illuminate\Database\Connection.php:559
at vendor\laravel\framework\src\Illuminate\Database\Connection.php:523
at vendor\laravel\framework\src\Illuminate\Database\Query\Processors\Processor.php:32
at vendor\laravel\framework\src\Illuminate\Database\Query\Builder.php:3853
at vendor\laravel\framework\src\Illuminate\Database\Eloquent\Builder.php:2235
at vendor\laravel\framework\src\Illuminate\Database\Eloquent\Model.php:1436
at vendor\laravel\framework\src\Illuminate\Database\Eloquent\Model.php:1401
at vendor\laravel\framework\src\Illuminate\Database\Eloquent\Model.php:1240
at vendor\laravel\framework\src\Illuminate\Database\Eloquent\Factories\Factory.php:370
at vendor\laravel\framework\src\Illuminate\Collections\Traits\EnumeratesValues.php:271
at vendor\laravel\framework\src\Illuminate\Database\Eloquent\Factories\Factory.php:365
at vendor\laravel\framework\src\Illuminate\Database\Eloquent\Factories\Factory.php:321
at tests\Feature\ActivityLogManagementTest.php:15
Caused by
PDOException: SQLSTATE[HY000]: General error: 1 no such table: car_rental_users

at vendor\laravel\framework\src\Illuminate\Database\Connection.php:564
at vendor\laravel\framework\src\Illuminate\Database\Connection.php:811
at vendor\laravel\framework\src\Illuminate\Database\Connection.php:778
at vendor\laravel\framework\src\Illuminate\Database\Connection.php:559
at vendor\laravel\framework\src\Illuminate\Database\Connection.php:523
at vendor\laravel\framework\src\Illuminate\Database\Query\Processors\Processor.php:32
at vendor\laravel\framework\src\Illuminate\Database\Query\Builder.php:3853
at vendor\laravel\framework\src\Illuminate\Database\Eloquent\Builder.php:2235
at vendor\laravel\framework\src\Illuminate\Database\Eloquent\Model.php:1436
at vendor\laravel\framework\src\Illuminate\Database\Eloquent\Model.php:1401
at vendor\laravel\framework\src\Illuminate\Database\Eloquent\Model.php:1240
at vendor\laravel\framework\src\Illuminate\Database\Eloquent\Factories\Factory.php:370
at vendor\laravel\framework\src\Illuminate\Collections\Traits\EnumeratesValues.php:271
at vendor\laravel\framework\src\Illuminate\Database\Eloquent\Factories\Factory.php:365
at vendor\laravel\framework\src\Illuminate\Database\Eloquent\Factories\Factory.php:321
at tests\Feature\ActivityLogManagementTest.php:15</error>
        </testcase>
        <testcase name="`Activity Log Management` → `Activity Log Listing` → it restricts owner access to activity logs" file="tests\Feature\ActivityLogManagementTest.php::`Activity Log Management` → `Activity Log Listing` → it restricts owner access to activity logs" class="Tests\Feature\ActivityLogManagementTest" classname="Tests.Feature.ActivityLogManagementTest" assertions="0" time="0.000000">
          <error type="Illuminate\Database\QueryException">`Activity Log Management` → `Activity Log Listing` → it restricts owner access to activity logsIlluminate\Database\QueryException: SQLSTATE[HY000]: General error: 1 no such table: car_rental_users (Connection: sqlite, SQL: insert into "car_rental_users" ("name", "email", "email_verified_at", "password", "phone", "role", "status", "license_number", "id_document_path", "license_document_path", "is_verified", "date_of_birth", "address", "remember_token", "updated_at", "created_at") values (Dr. Ayden Kuphal, bergstrom.vincenza@example.com, 2025-09-24 12:53:24, $2y$04$78g4B33dBB9yvLZHXPZyOuzF4w5wzk7FwYQTRiFHrXZoaR9VfYlfW, +1 (562) 828-6304, admin, active, dhl-0130-2618, documents/ids/2b97c290-3ab6-385a-952e-a0171e1494b6.pdf, documents/licenses/fe418f4f-03cb-3069-9699-c0ad7a6f1650.pdf, 1, 1973-05-24 00:00:00, 747 Rhoda Rapid
West Fae, TN 59383-0184, cBEtFEGlpe, 2025-09-24 12:53:24, 2025-09-24 12:53:24))&#13;
at vendor\laravel\framework\src\Illuminate\Database\Connection.php:564
at vendor\laravel\framework\src\Illuminate\Database\Connection.php:811
at vendor\laravel\framework\src\Illuminate\Database\Connection.php:778
at vendor\laravel\framework\src\Illuminate\Database\Connection.php:559
at vendor\laravel\framework\src\Illuminate\Database\Connection.php:523
at vendor\laravel\framework\src\Illuminate\Database\Query\Processors\Processor.php:32
at vendor\laravel\framework\src\Illuminate\Database\Query\Builder.php:3853
at vendor\laravel\framework\src\Illuminate\Database\Eloquent\Builder.php:2235
at vendor\laravel\framework\src\Illuminate\Database\Eloquent\Model.php:1436
at vendor\laravel\framework\src\Illuminate\Database\Eloquent\Model.php:1401
at vendor\laravel\framework\src\Illuminate\Database\Eloquent\Model.php:1240
at vendor\laravel\framework\src\Illuminate\Database\Eloquent\Factories\Factory.php:370
at vendor\laravel\framework\src\Illuminate\Collections\Traits\EnumeratesValues.php:271
at vendor\laravel\framework\src\Illuminate\Database\Eloquent\Factories\Factory.php:365
at vendor\laravel\framework\src\Illuminate\Database\Eloquent\Factories\Factory.php:321
at tests\Feature\ActivityLogManagementTest.php:15
Caused by
PDOException: SQLSTATE[HY000]: General error: 1 no such table: car_rental_users

at vendor\laravel\framework\src\Illuminate\Database\Connection.php:564
at vendor\laravel\framework\src\Illuminate\Database\Connection.php:811
at vendor\laravel\framework\src\Illuminate\Database\Connection.php:778
at vendor\laravel\framework\src\Illuminate\Database\Connection.php:559
at vendor\laravel\framework\src\Illuminate\Database\Connection.php:523
at vendor\laravel\framework\src\Illuminate\Database\Query\Processors\Processor.php:32
at vendor\laravel\framework\src\Illuminate\Database\Query\Builder.php:3853
at vendor\laravel\framework\src\Illuminate\Database\Eloquent\Builder.php:2235
at vendor\laravel\framework\src\Illuminate\Database\Eloquent\Model.php:1436
at vendor\laravel\framework\src\Illuminate\Database\Eloquent\Model.php:1401
at vendor\laravel\framework\src\Illuminate\Database\Eloquent\Model.php:1240
at vendor\laravel\framework\src\Illuminate\Database\Eloquent\Factories\Factory.php:370
at vendor\laravel\framework\src\Illuminate\Collections\Traits\EnumeratesValues.php:271
at vendor\laravel\framework\src\Illuminate\Database\Eloquent\Factories\Factory.php:365
at vendor\laravel\framework\src\Illuminate\Database\Eloquent\Factories\Factory.php:321
at tests\Feature\ActivityLogManagementTest.php:15</error>
        </testcase>
        <testcase name="`Activity Log Management` → `Activity Log Analysis` → it displays activity summary by action type" file="tests\Feature\ActivityLogManagementTest.php::`Activity Log Management` → `Activity Log Analysis` → it displays activity summary by action type" class="Tests\Feature\ActivityLogManagementTest" classname="Tests.Feature.ActivityLogManagementTest" assertions="0" time="0.000000">
          <error type="Illuminate\Database\QueryException">`Activity Log Management` → `Activity Log Analysis` → it displays activity summary by action typeIlluminate\Database\QueryException: SQLSTATE[HY000]: General error: 1 no such table: car_rental_users (Connection: sqlite, SQL: insert into "car_rental_users" ("name", "email", "email_verified_at", "password", "phone", "role", "status", "license_number", "id_document_path", "license_document_path", "is_verified", "date_of_birth", "address", "remember_token", "updated_at", "created_at") values (Mandy Zemlak, ari.altenwerth@example.org, 2025-09-24 12:53:24, $2y$04$78g4B33dBB9yvLZHXPZyOuzF4w5wzk7FwYQTRiFHrXZoaR9VfYlfW, +1.769.719.6606, admin, active, gfa-5127-3587, documents/ids/50cbe025-6bac-3059-9a96-3c876daeafd6.pdf, documents/licenses/7e6f5b19-f876-3558-b364-3fe2c615b568.pdf, 1, 1998-09-14 00:00:00, 69945 Aletha Pike Suite 589
North Tyree, CA 52413, PJvPZktyZx, 2025-09-24 12:53:24, 2025-09-24 12:53:24))&#13;
at vendor\laravel\framework\src\Illuminate\Database\Connection.php:564
at vendor\laravel\framework\src\Illuminate\Database\Connection.php:811
at vendor\laravel\framework\src\Illuminate\Database\Connection.php:778
at vendor\laravel\framework\src\Illuminate\Database\Connection.php:559
at vendor\laravel\framework\src\Illuminate\Database\Connection.php:523
at vendor\laravel\framework\src\Illuminate\Database\Query\Processors\Processor.php:32
at vendor\laravel\framework\src\Illuminate\Database\Query\Builder.php:3853
at vendor\laravel\framework\src\Illuminate\Database\Eloquent\Builder.php:2235
at vendor\laravel\framework\src\Illuminate\Database\Eloquent\Model.php:1436
at vendor\laravel\framework\src\Illuminate\Database\Eloquent\Model.php:1401
at vendor\laravel\framework\src\Illuminate\Database\Eloquent\Model.php:1240
at vendor\laravel\framework\src\Illuminate\Database\Eloquent\Factories\Factory.php:370
at vendor\laravel\framework\src\Illuminate\Collections\Traits\EnumeratesValues.php:271
at vendor\laravel\framework\src\Illuminate\Database\Eloquent\Factories\Factory.php:365
at vendor\laravel\framework\src\Illuminate\Database\Eloquent\Factories\Factory.php:321
at tests\Feature\ActivityLogManagementTest.php:15
Caused by
PDOException: SQLSTATE[HY000]: General error: 1 no such table: car_rental_users

at vendor\laravel\framework\src\Illuminate\Database\Connection.php:564
at vendor\laravel\framework\src\Illuminate\Database\Connection.php:811
at vendor\laravel\framework\src\Illuminate\Database\Connection.php:778
at vendor\laravel\framework\src\Illuminate\Database\Connection.php:559
at vendor\laravel\framework\src\Illuminate\Database\Connection.php:523
at vendor\laravel\framework\src\Illuminate\Database\Query\Processors\Processor.php:32
at vendor\laravel\framework\src\Illuminate\Database\Query\Builder.php:3853
at vendor\laravel\framework\src\Illuminate\Database\Eloquent\Builder.php:2235
at vendor\laravel\framework\src\Illuminate\Database\Eloquent\Model.php:1436
at vendor\laravel\framework\src\Illuminate\Database\Eloquent\Model.php:1401
at vendor\laravel\framework\src\Illuminate\Database\Eloquent\Model.php:1240
at vendor\laravel\framework\src\Illuminate\Database\Eloquent\Factories\Factory.php:370
at vendor\laravel\framework\src\Illuminate\Collections\Traits\EnumeratesValues.php:271
at vendor\laravel\framework\src\Illuminate\Database\Eloquent\Factories\Factory.php:365
at vendor\laravel\framework\src\Illuminate\Database\Eloquent\Factories\Factory.php:321
at tests\Feature\ActivityLogManagementTest.php:15</error>
        </testcase>
        <testcase name="`Activity Log Management` → `System Performance Logs` → it tracks API response times" file="tests\Feature\ActivityLogManagementTest.php::`Activity Log Management` → `System Performance Logs` → it tracks API response times" class="Tests\Feature\ActivityLogManagementTest" classname="Tests.Feature.ActivityLogManagementTest" assertions="0" time="0.000000">
          <error type="Illuminate\Database\QueryException">`Activity Log Management` → `System Performance Logs` → it tracks API response timesIlluminate\Database\QueryException: SQLSTATE[HY000]: General error: 1 no such table: car_rental_users (Connection: sqlite, SQL: insert into "car_rental_users" ("name", "email", "email_verified_at", "password", "phone", "role", "status", "license_number", "id_document_path", "license_document_path", "is_verified", "date_of_birth", "address", "remember_token", "updated_at", "created_at") values (Grady Johnson, ardith10@example.com, 2025-09-24 12:53:24, $2y$04$78g4B33dBB9yvLZHXPZyOuzF4w5wzk7FwYQTRiFHrXZoaR9VfYlfW, 1-831-871-3024, admin, active, pbs-5590-3508, documents/ids/3e9c4b6b-a51a-3905-b317-c6bc90480626.pdf, documents/licenses/b440cbac-3901-3935-abfd-af02f19b2d04.pdf, 1, 1960-10-23 00:00:00, 51672 Celine Overpass
Rolandomouth, MT 40390, N182p35I6H, 2025-09-24 12:53:24, 2025-09-24 12:53:24))&#13;
at vendor\laravel\framework\src\Illuminate\Database\Connection.php:564
at vendor\laravel\framework\src\Illuminate\Database\Connection.php:811
at vendor\laravel\framework\src\Illuminate\Database\Connection.php:778
at vendor\laravel\framework\src\Illuminate\Database\Connection.php:559
at vendor\laravel\framework\src\Illuminate\Database\Connection.php:523
at vendor\laravel\framework\src\Illuminate\Database\Query\Processors\Processor.php:32
at vendor\laravel\framework\src\Illuminate\Database\Query\Builder.php:3853
at vendor\laravel\framework\src\Illuminate\Database\Eloquent\Builder.php:2235
at vendor\laravel\framework\src\Illuminate\Database\Eloquent\Model.php:1436
at vendor\laravel\framework\src\Illuminate\Database\Eloquent\Model.php:1401
at vendor\laravel\framework\src\Illuminate\Database\Eloquent\Model.php:1240
at vendor\laravel\framework\src\Illuminate\Database\Eloquent\Factories\Factory.php:370
at vendor\laravel\framework\src\Illuminate\Collections\Traits\EnumeratesValues.php:271
at vendor\laravel\framework\src\Illuminate\Database\Eloquent\Factories\Factory.php:365
at vendor\laravel\framework\src\Illuminate\Database\Eloquent\Factories\Factory.php:321
at tests\Feature\ActivityLogManagementTest.php:15
Caused by
PDOException: SQLSTATE[HY000]: General error: 1 no such table: car_rental_users

at vendor\laravel\framework\src\Illuminate\Database\Connection.php:564
at vendor\laravel\framework\src\Illuminate\Database\Connection.php:811
at vendor\laravel\framework\src\Illuminate\Database\Connection.php:778
at vendor\laravel\framework\src\Illuminate\Database\Connection.php:559
at vendor\laravel\framework\src\Illuminate\Database\Connection.php:523
at vendor\laravel\framework\src\Illuminate\Database\Query\Processors\Processor.php:32
at vendor\laravel\framework\src\Illuminate\Database\Query\Builder.php:3853
at vendor\laravel\framework\src\Illuminate\Database\Eloquent\Builder.php:2235
at vendor\laravel\framework\src\Illuminate\Database\Eloquent\Model.php:1436
at vendor\laravel\framework\src\Illuminate\Database\Eloquent\Model.php:1401
at vendor\laravel\framework\src\Illuminate\Database\Eloquent\Model.php:1240
at vendor\laravel\framework\src\Illuminate\Database\Eloquent\Factories\Factory.php:370
at vendor\laravel\framework\src\Illuminate\Collections\Traits\EnumeratesValues.php:271
at vendor\laravel\framework\src\Illuminate\Database\Eloquent\Factories\Factory.php:365
at vendor\laravel\framework\src\Illuminate\Database\Eloquent\Factories\Factory.php:321
at tests\Feature\ActivityLogManagementTest.php:15</error>
        </testcase>
        <testcase name="`Activity Log Management` → `Activity Log Creation` → it logs vehicle creation activities" file="tests\Feature\ActivityLogManagementTest.php::`Activity Log Management` → `Activity Log Creation` → it logs vehicle creation activities" class="Tests\Feature\ActivityLogManagementTest" classname="Tests.Feature.ActivityLogManagementTest" assertions="0" time="0.000000">
          <error type="Illuminate\Database\QueryException">`Activity Log Management` → `Activity Log Creation` → it logs vehicle creation activitiesIlluminate\Database\QueryException: SQLSTATE[HY000]: General error: 1 no such table: car_rental_users (Connection: sqlite, SQL: insert into "car_rental_users" ("name", "email", "email_verified_at", "password", "phone", "role", "status", "license_number", "id_document_path", "license_document_path", "is_verified", "date_of_birth", "address", "remember_token", "updated_at", "created_at") values (Myrtie Dicki IV, koby15@example.org, 2025-09-24 12:53:24, $2y$04$78g4B33dBB9yvLZHXPZyOuzF4w5wzk7FwYQTRiFHrXZoaR9VfYlfW, 1-580-877-3024, admin, active, yun-8742-2454, documents/ids/0c9161b0-86af-3630-b16e-8e4d14771014.pdf, documents/licenses/108c27b5-05a6-3881-ba89-03ca518cc114.pdf, 1, 1992-09-07 00:00:00, 2199 Miller Rue
East Efrain, NC 25766-9625, LAfG4Vv00q, 2025-09-24 12:53:24, 2025-09-24 12:53:24))&#13;
at vendor\laravel\framework\src\Illuminate\Database\Connection.php:564
at vendor\laravel\framework\src\Illuminate\Database\Connection.php:811
at vendor\laravel\framework\src\Illuminate\Database\Connection.php:778
at vendor\laravel\framework\src\Illuminate\Database\Connection.php:559
at vendor\laravel\framework\src\Illuminate\Database\Connection.php:523
at vendor\laravel\framework\src\Illuminate\Database\Query\Processors\Processor.php:32
at vendor\laravel\framework\src\Illuminate\Database\Query\Builder.php:3853
at vendor\laravel\framework\src\Illuminate\Database\Eloquent\Builder.php:2235
at vendor\laravel\framework\src\Illuminate\Database\Eloquent\Model.php:1436
at vendor\laravel\framework\src\Illuminate\Database\Eloquent\Model.php:1401
at vendor\laravel\framework\src\Illuminate\Database\Eloquent\Model.php:1240
at vendor\laravel\framework\src\Illuminate\Database\Eloquent\Factories\Factory.php:370
at vendor\laravel\framework\src\Illuminate\Collections\Traits\EnumeratesValues.php:271
at vendor\laravel\framework\src\Illuminate\Database\Eloquent\Factories\Factory.php:365
at vendor\laravel\framework\src\Illuminate\Database\Eloquent\Factories\Factory.php:321
at tests\Feature\ActivityLogManagementTest.php:15
Caused by
PDOException: SQLSTATE[HY000]: General error: 1 no such table: car_rental_users

at vendor\laravel\framework\src\Illuminate\Database\Connection.php:564
at vendor\laravel\framework\src\Illuminate\Database\Connection.php:811
at vendor\laravel\framework\src\Illuminate\Database\Connection.php:778
at vendor\laravel\framework\src\Illuminate\Database\Connection.php:559
at vendor\laravel\framework\src\Illuminate\Database\Connection.php:523
at vendor\laravel\framework\src\Illuminate\Database\Query\Processors\Processor.php:32
at vendor\laravel\framework\src\Illuminate\Database\Query\Builder.php:3853
at vendor\laravel\framework\src\Illuminate\Database\Eloquent\Builder.php:2235
at vendor\laravel\framework\src\Illuminate\Database\Eloquent\Model.php:1436
at vendor\laravel\framework\src\Illuminate\Database\Eloquent\Model.php:1401
at vendor\laravel\framework\src\Illuminate\Database\Eloquent\Model.php:1240
at vendor\laravel\framework\src\Illuminate\Database\Eloquent\Factories\Factory.php:370
at vendor\laravel\framework\src\Illuminate\Collections\Traits\EnumeratesValues.php:271
at vendor\laravel\framework\src\Illuminate\Database\Eloquent\Factories\Factory.php:365
at vendor\laravel\framework\src\Illuminate\Database\Eloquent\Factories\Factory.php:321
at tests\Feature\ActivityLogManagementTest.php:15</error>
        </testcase>
        <testcase name="`Activity Log Management` → `Log Cleanup` → it allows admin to cleanup old logs" file="tests\Feature\ActivityLogManagementTest.php::`Activity Log Management` → `Log Cleanup` → it allows admin to cleanup old logs" class="Tests\Feature\ActivityLogManagementTest" classname="Tests.Feature.ActivityLogManagementTest" assertions="0" time="0.000000">
          <error type="Illuminate\Database\QueryException">`Activity Log Management` → `Log Cleanup` → it allows admin to cleanup old logsIlluminate\Database\QueryException: SQLSTATE[HY000]: General error: 1 no such table: car_rental_users (Connection: sqlite, SQL: insert into "car_rental_users" ("name", "email", "email_verified_at", "password", "phone", "role", "status", "license_number", "id_document_path", "license_document_path", "is_verified", "date_of_birth", "address", "remember_token", "updated_at", "created_at") values (Hayley Luettgen, samson.king@example.com, 2025-09-24 12:53:24, $2y$04$78g4B33dBB9yvLZHXPZyOuzF4w5wzk7FwYQTRiFHrXZoaR9VfYlfW, +1-650-672-9744, admin, active, dzh-3389-6295, documents/ids/2ba820cb-494a-31d7-97a2-c2ee2f2d560a.pdf, documents/licenses/7ad60846-9114-3065-bfc4-25e3945f74c8.pdf, 1, 1995-01-12 00:00:00, 4424 Lemke Parkways
Faviantown, IA 72277-4078, UaNvPEBkyM, 2025-09-24 12:53:24, 2025-09-24 12:53:24))&#13;
at vendor\laravel\framework\src\Illuminate\Database\Connection.php:564
at vendor\laravel\framework\src\Illuminate\Database\Connection.php:811
at vendor\laravel\framework\src\Illuminate\Database\Connection.php:778
at vendor\laravel\framework\src\Illuminate\Database\Connection.php:559
at vendor\laravel\framework\src\Illuminate\Database\Connection.php:523
at vendor\laravel\framework\src\Illuminate\Database\Query\Processors\Processor.php:32
at vendor\laravel\framework\src\Illuminate\Database\Query\Builder.php:3853
at vendor\laravel\framework\src\Illuminate\Database\Eloquent\Builder.php:2235
at vendor\laravel\framework\src\Illuminate\Database\Eloquent\Model.php:1436
at vendor\laravel\framework\src\Illuminate\Database\Eloquent\Model.php:1401
at vendor\laravel\framework\src\Illuminate\Database\Eloquent\Model.php:1240
at vendor\laravel\framework\src\Illuminate\Database\Eloquent\Factories\Factory.php:370
at vendor\laravel\framework\src\Illuminate\Collections\Traits\EnumeratesValues.php:271
at vendor\laravel\framework\src\Illuminate\Database\Eloquent\Factories\Factory.php:365
at vendor\laravel\framework\src\Illuminate\Database\Eloquent\Factories\Factory.php:321
at tests\Feature\ActivityLogManagementTest.php:15
Caused by
PDOException: SQLSTATE[HY000]: General error: 1 no such table: car_rental_users

at vendor\laravel\framework\src\Illuminate\Database\Connection.php:564
at vendor\laravel\framework\src\Illuminate\Database\Connection.php:811
at vendor\laravel\framework\src\Illuminate\Database\Connection.php:778
at vendor\laravel\framework\src\Illuminate\Database\Connection.php:559
at vendor\laravel\framework\src\Illuminate\Database\Connection.php:523
at vendor\laravel\framework\src\Illuminate\Database\Query\Processors\Processor.php:32
at vendor\laravel\framework\src\Illuminate\Database\Query\Builder.php:3853
at vendor\laravel\framework\src\Illuminate\Database\Eloquent\Builder.php:2235
at vendor\laravel\framework\src\Illuminate\Database\Eloquent\Model.php:1436
at vendor\laravel\framework\src\Illuminate\Database\Eloquent\Model.php:1401
at vendor\laravel\framework\src\Illuminate\Database\Eloquent\Model.php:1240
at vendor\laravel\framework\src\Illuminate\Database\Eloquent\Factories\Factory.php:370
at vendor\laravel\framework\src\Illuminate\Collections\Traits\EnumeratesValues.php:271
at vendor\laravel\framework\src\Illuminate\Database\Eloquent\Factories\Factory.php:365
at vendor\laravel\framework\src\Illuminate\Database\Eloquent\Factories\Factory.php:321
at tests\Feature\ActivityLogManagementTest.php:15</error>
        </testcase>
        <testcase name="`Activity Log Management` → `Activity Log Creation` → it logs booking status changes" file="tests\Feature\ActivityLogManagementTest.php::`Activity Log Management` → `Activity Log Creation` → it logs booking status changes" class="Tests\Feature\ActivityLogManagementTest" classname="Tests.Feature.ActivityLogManagementTest" assertions="0" time="0.000000">
          <error type="Illuminate\Database\QueryException">`Activity Log Management` → `Activity Log Creation` → it logs booking status changesIlluminate\Database\QueryException: SQLSTATE[HY000]: General error: 1 no such table: car_rental_users (Connection: sqlite, SQL: insert into "car_rental_users" ("name", "email", "email_verified_at", "password", "phone", "role", "status", "license_number", "id_document_path", "license_document_path", "is_verified", "date_of_birth", "address", "remember_token", "updated_at", "created_at") values (Krista Stoltenberg, leopoldo72@example.net, 2025-09-24 12:53:24, $2y$04$78g4B33dBB9yvLZHXPZyOuzF4w5wzk7FwYQTRiFHrXZoaR9VfYlfW, 704-367-8166, admin, active, bad-5486-9597, documents/ids/b78ac719-f247-38fd-8a5d-0f7f76ad7aeb.pdf, documents/licenses/77132e1a-2a52-30de-8388-d16b48fc4726.pdf, 1, 1997-03-18 00:00:00, 529 Nikolaus Extension
Curtismouth, AZ 97803-3231, MhlsYceURY, 2025-09-24 12:53:24, 2025-09-24 12:53:24))&#13;
at vendor\laravel\framework\src\Illuminate\Database\Connection.php:564
at vendor\laravel\framework\src\Illuminate\Database\Connection.php:811
at vendor\laravel\framework\src\Illuminate\Database\Connection.php:778
at vendor\laravel\framework\src\Illuminate\Database\Connection.php:559
at vendor\laravel\framework\src\Illuminate\Database\Connection.php:523
at vendor\laravel\framework\src\Illuminate\Database\Query\Processors\Processor.php:32
at vendor\laravel\framework\src\Illuminate\Database\Query\Builder.php:3853
at vendor\laravel\framework\src\Illuminate\Database\Eloquent\Builder.php:2235
at vendor\laravel\framework\src\Illuminate\Database\Eloquent\Model.php:1436
at vendor\laravel\framework\src\Illuminate\Database\Eloquent\Model.php:1401
at vendor\laravel\framework\src\Illuminate\Database\Eloquent\Model.php:1240
at vendor\laravel\framework\src\Illuminate\Database\Eloquent\Factories\Factory.php:370
at vendor\laravel\framework\src\Illuminate\Collections\Traits\EnumeratesValues.php:271
at vendor\laravel\framework\src\Illuminate\Database\Eloquent\Factories\Factory.php:365
at vendor\laravel\framework\src\Illuminate\Database\Eloquent\Factories\Factory.php:321
at tests\Feature\ActivityLogManagementTest.php:15
Caused by
PDOException: SQLSTATE[HY000]: General error: 1 no such table: car_rental_users

at vendor\laravel\framework\src\Illuminate\Database\Connection.php:564
at vendor\laravel\framework\src\Illuminate\Database\Connection.php:811
at vendor\laravel\framework\src\Illuminate\Database\Connection.php:778
at vendor\laravel\framework\src\Illuminate\Database\Connection.php:559
at vendor\laravel\framework\src\Illuminate\Database\Connection.php:523
at vendor\laravel\framework\src\Illuminate\Database\Query\Processors\Processor.php:32
at vendor\laravel\framework\src\Illuminate\Database\Query\Builder.php:3853
at vendor\laravel\framework\src\Illuminate\Database\Eloquent\Builder.php:2235
at vendor\laravel\framework\src\Illuminate\Database\Eloquent\Model.php:1436
at vendor\laravel\framework\src\Illuminate\Database\Eloquent\Model.php:1401
at vendor\laravel\framework\src\Illuminate\Database\Eloquent\Model.php:1240
at vendor\laravel\framework\src\Illuminate\Database\Eloquent\Factories\Factory.php:370
at vendor\laravel\framework\src\Illuminate\Collections\Traits\EnumeratesValues.php:271
at vendor\laravel\framework\src\Illuminate\Database\Eloquent\Factories\Factory.php:365
at vendor\laravel\framework\src\Illuminate\Database\Eloquent\Factories\Factory.php:321
at tests\Feature\ActivityLogManagementTest.php:15</error>
        </testcase>
      </testsuite>
      <testsuite name="Tests\Feature\PowerFeaturesTest" file="tests\Feature\PowerFeaturesTest.php" tests="10" assertions="0" errors="10" failures="0" skipped="0" time="0.000000">
        <testcase name="`Power Features Demo` → `Eloquent Scopes Tests` → forRole scope filters vehicles correctly" file="tests\Feature\PowerFeaturesTest.php::`Power Features Demo` → `Eloquent Scopes Tests` → forRole scope filters vehicles correctly" class="Tests\Feature\PowerFeaturesTest" classname="Tests.Feature.PowerFeaturesTest" assertions="0" time="0.000000">
          <error type="Illuminate\Database\QueryException">`Power Features Demo` → `Eloquent Scopes Tests` → forRole scope filters vehicles correctlyIlluminate\Database\QueryException: SQLSTATE[HY000]: General error: 1 no such table: car_rental_users (Connection: sqlite, SQL: insert into "car_rental_users" ("name", "email", "email_verified_at", "password", "phone", "role", "status", "license_number", "id_document_path", "license_document_path", "is_verified", "date_of_birth", "address", "remember_token", "updated_at", "created_at") values (Fatima Kassulke, rosemary02@example.net, 2025-09-24 12:53:24, $2y$04$78g4B33dBB9yvLZHXPZyOuzF4w5wzk7FwYQTRiFHrXZoaR9VfYlfW, 1-941-538-4961, admin, active, tvn-2089-1485, documents/ids/cd0e2dd9-ef4a-30a0-a607-171fd9e872e2.pdf, documents/licenses/044cd536-137d-3796-9973-5b784e2a2e1c.pdf, 1, 1993-01-14 00:00:00, 7445 Ferry Centers Suite 296
North Buster, PA 95932-4361, l9t1bmTJIm, 2025-09-24 12:53:24, 2025-09-24 12:53:24))&#13;
at vendor\laravel\framework\src\Illuminate\Database\Connection.php:564
at vendor\laravel\framework\src\Illuminate\Database\Connection.php:811
at vendor\laravel\framework\src\Illuminate\Database\Connection.php:778
at vendor\laravel\framework\src\Illuminate\Database\Connection.php:559
at vendor\laravel\framework\src\Illuminate\Database\Connection.php:523
at vendor\laravel\framework\src\Illuminate\Database\Query\Processors\Processor.php:32
at vendor\laravel\framework\src\Illuminate\Database\Query\Builder.php:3853
at vendor\laravel\framework\src\Illuminate\Database\Eloquent\Builder.php:2235
at vendor\laravel\framework\src\Illuminate\Database\Eloquent\Model.php:1436
at vendor\laravel\framework\src\Illuminate\Database\Eloquent\Model.php:1401
at vendor\laravel\framework\src\Illuminate\Database\Eloquent\Model.php:1240
at vendor\laravel\framework\src\Illuminate\Database\Eloquent\Factories\Factory.php:370
at vendor\laravel\framework\src\Illuminate\Collections\Traits\EnumeratesValues.php:271
at vendor\laravel\framework\src\Illuminate\Database\Eloquent\Factories\Factory.php:365
at vendor\laravel\framework\src\Illuminate\Database\Eloquent\Factories\Factory.php:321
at vendor\laravel\framework\src\Illuminate\Database\Eloquent\Factories\Factory.php:315
at tests\Pest.php:93
at tests\Feature\PowerFeaturesTest.php:16
Caused by
PDOException: SQLSTATE[HY000]: General error: 1 no such table: car_rental_users

at vendor\laravel\framework\src\Illuminate\Database\Connection.php:564
at vendor\laravel\framework\src\Illuminate\Database\Connection.php:811
at vendor\laravel\framework\src\Illuminate\Database\Connection.php:778
at vendor\laravel\framework\src\Illuminate\Database\Connection.php:559
at vendor\laravel\framework\src\Illuminate\Database\Connection.php:523
at vendor\laravel\framework\src\Illuminate\Database\Query\Processors\Processor.php:32
at vendor\laravel\framework\src\Illuminate\Database\Query\Builder.php:3853
at vendor\laravel\framework\src\Illuminate\Database\Eloquent\Builder.php:2235
at vendor\laravel\framework\src\Illuminate\Database\Eloquent\Model.php:1436
at vendor\laravel\framework\src\Illuminate\Database\Eloquent\Model.php:1401
at vendor\laravel\framework\src\Illuminate\Database\Eloquent\Model.php:1240
at vendor\laravel\framework\src\Illuminate\Database\Eloquent\Factories\Factory.php:370
at vendor\laravel\framework\src\Illuminate\Collections\Traits\EnumeratesValues.php:271
at vendor\laravel\framework\src\Illuminate\Database\Eloquent\Factories\Factory.php:365
at vendor\laravel\framework\src\Illuminate\Database\Eloquent\Factories\Factory.php:321
at vendor\laravel\framework\src\Illuminate\Database\Eloquent\Factories\Factory.php:315
at tests\Pest.php:93
at tests\Feature\PowerFeaturesTest.php:16</error>
        </testcase>
        <testcase name="`Power Features Demo` → `Rate Limiting Tests` → critical operations have stricter rate limits" file="tests\Feature\PowerFeaturesTest.php::`Power Features Demo` → `Rate Limiting Tests` → critical operations have stricter rate limits" class="Tests\Feature\PowerFeaturesTest" classname="Tests.Feature.PowerFeaturesTest" assertions="0" time="0.000000">
          <error type="Illuminate\Database\QueryException">`Power Features Demo` → `Rate Limiting Tests` → critical operations have stricter rate limitsIlluminate\Database\QueryException: SQLSTATE[HY000]: General error: 1 no such table: car_rental_users (Connection: sqlite, SQL: insert into "car_rental_users" ("name", "email", "email_verified_at", "password", "phone", "role", "status", "license_number", "id_document_path", "license_document_path", "is_verified", "date_of_birth", "address", "remember_token", "updated_at", "created_at") values (Sanford Nader, elvie.shields@example.net, 2025-09-24 12:53:24, $2y$04$78g4B33dBB9yvLZHXPZyOuzF4w5wzk7FwYQTRiFHrXZoaR9VfYlfW, 458-444-0535, admin, active, bgu-6729-7509, documents/ids/1c1773a6-cf28-3fbf-9d77-f1cffba68062.pdf, documents/licenses/9ec5525a-1809-3f13-bb6e-584ff86473b4.pdf, 0, 1991-10-02 00:00:00, 1058 O'Conner Unions
Petramouth, WY 83748, bb9owBSGs8, 2025-09-24 12:53:24, 2025-09-24 12:53:24))&#13;
at vendor\laravel\framework\src\Illuminate\Database\Connection.php:564
at vendor\laravel\framework\src\Illuminate\Database\Connection.php:811
at vendor\laravel\framework\src\Illuminate\Database\Connection.php:778
at vendor\laravel\framework\src\Illuminate\Database\Connection.php:559
at vendor\laravel\framework\src\Illuminate\Database\Connection.php:523
at vendor\laravel\framework\src\Illuminate\Database\Query\Processors\Processor.php:32
at vendor\laravel\framework\src\Illuminate\Database\Query\Builder.php:3853
at vendor\laravel\framework\src\Illuminate\Database\Eloquent\Builder.php:2235
at vendor\laravel\framework\src\Illuminate\Database\Eloquent\Model.php:1436
at vendor\laravel\framework\src\Illuminate\Database\Eloquent\Model.php:1401
at vendor\laravel\framework\src\Illuminate\Database\Eloquent\Model.php:1240
at vendor\laravel\framework\src\Illuminate\Database\Eloquent\Factories\Factory.php:370
at vendor\laravel\framework\src\Illuminate\Collections\Traits\EnumeratesValues.php:271
at vendor\laravel\framework\src\Illuminate\Database\Eloquent\Factories\Factory.php:365
at vendor\laravel\framework\src\Illuminate\Database\Eloquent\Factories\Factory.php:321
at vendor\laravel\framework\src\Illuminate\Database\Eloquent\Factories\Factory.php:315
at tests\Pest.php:93
at tests\Feature\PowerFeaturesTest.php:16
Caused by
PDOException: SQLSTATE[HY000]: General error: 1 no such table: car_rental_users

at vendor\laravel\framework\src\Illuminate\Database\Connection.php:564
at vendor\laravel\framework\src\Illuminate\Database\Connection.php:811
at vendor\laravel\framework\src\Illuminate\Database\Connection.php:778
at vendor\laravel\framework\src\Illuminate\Database\Connection.php:559
at vendor\laravel\framework\src\Illuminate\Database\Connection.php:523
at vendor\laravel\framework\src\Illuminate\Database\Query\Processors\Processor.php:32
at vendor\laravel\framework\src\Illuminate\Database\Query\Builder.php:3853
at vendor\laravel\framework\src\Illuminate\Database\Eloquent\Builder.php:2235
at vendor\laravel\framework\src\Illuminate\Database\Eloquent\Model.php:1436
at vendor\laravel\framework\src\Illuminate\Database\Eloquent\Model.php:1401
at vendor\laravel\framework\src\Illuminate\Database\Eloquent\Model.php:1240
at vendor\laravel\framework\src\Illuminate\Database\Eloquent\Factories\Factory.php:370
at vendor\laravel\framework\src\Illuminate\Collections\Traits\EnumeratesValues.php:271
at vendor\laravel\framework\src\Illuminate\Database\Eloquent\Factories\Factory.php:365
at vendor\laravel\framework\src\Illuminate\Database\Eloquent\Factories\Factory.php:321
at vendor\laravel\framework\src\Illuminate\Database\Eloquent\Factories\Factory.php:315
at tests\Pest.php:93
at tests\Feature\PowerFeaturesTest.php:16</error>
        </testcase>
        <testcase name="`Power Features Demo` → `Rate Limiting Tests` → API rate limits work for different user roles" file="tests\Feature\PowerFeaturesTest.php::`Power Features Demo` → `Rate Limiting Tests` → API rate limits work for different user roles" class="Tests\Feature\PowerFeaturesTest" classname="Tests.Feature.PowerFeaturesTest" assertions="0" time="0.000000">
          <error type="Illuminate\Database\QueryException">`Power Features Demo` → `Rate Limiting Tests` → API rate limits work for different user rolesIlluminate\Database\QueryException: SQLSTATE[HY000]: General error: 1 no such table: car_rental_users (Connection: sqlite, SQL: insert into "car_rental_users" ("name", "email", "email_verified_at", "password", "phone", "role", "status", "license_number", "id_document_path", "license_document_path", "is_verified", "date_of_birth", "address", "remember_token", "updated_at", "created_at") values (Mr. Isaac Kihn, margaret.jast@example.net, 2025-09-24 12:53:24, $2y$04$78g4B33dBB9yvLZHXPZyOuzF4w5wzk7FwYQTRiFHrXZoaR9VfYlfW, (832) 770-2895, admin, pending, sqd-1797-8533, documents/ids/5d9e583f-7af5-312d-91a6-2cb96cd32d6b.pdf, documents/licenses/9080a67e-996c-3233-b72f-16e9b0194f92.pdf, 1, 1980-01-27 00:00:00, 5733 Dejon Mall Apt. 013
East Korbinborough, PA 31927-9630, DKDIDhmYe0, 2025-09-24 12:53:24, 2025-09-24 12:53:24))&#13;
at vendor\laravel\framework\src\Illuminate\Database\Connection.php:564
at vendor\laravel\framework\src\Illuminate\Database\Connection.php:811
at vendor\laravel\framework\src\Illuminate\Database\Connection.php:778
at vendor\laravel\framework\src\Illuminate\Database\Connection.php:559
at vendor\laravel\framework\src\Illuminate\Database\Connection.php:523
at vendor\laravel\framework\src\Illuminate\Database\Query\Processors\Processor.php:32
at vendor\laravel\framework\src\Illuminate\Database\Query\Builder.php:3853
at vendor\laravel\framework\src\Illuminate\Database\Eloquent\Builder.php:2235
at vendor\laravel\framework\src\Illuminate\Database\Eloquent\Model.php:1436
at vendor\laravel\framework\src\Illuminate\Database\Eloquent\Model.php:1401
at vendor\laravel\framework\src\Illuminate\Database\Eloquent\Model.php:1240
at vendor\laravel\framework\src\Illuminate\Database\Eloquent\Factories\Factory.php:370
at vendor\laravel\framework\src\Illuminate\Collections\Traits\EnumeratesValues.php:271
at vendor\laravel\framework\src\Illuminate\Database\Eloquent\Factories\Factory.php:365
at vendor\laravel\framework\src\Illuminate\Database\Eloquent\Factories\Factory.php:321
at vendor\laravel\framework\src\Illuminate\Database\Eloquent\Factories\Factory.php:315
at tests\Pest.php:93
at tests\Feature\PowerFeaturesTest.php:16
Caused by
PDOException: SQLSTATE[HY000]: General error: 1 no such table: car_rental_users

at vendor\laravel\framework\src\Illuminate\Database\Connection.php:564
at vendor\laravel\framework\src\Illuminate\Database\Connection.php:811
at vendor\laravel\framework\src\Illuminate\Database\Connection.php:778
at vendor\laravel\framework\src\Illuminate\Database\Connection.php:559
at vendor\laravel\framework\src\Illuminate\Database\Connection.php:523
at vendor\laravel\framework\src\Illuminate\Database\Query\Processors\Processor.php:32
at vendor\laravel\framework\src\Illuminate\Database\Query\Builder.php:3853
at vendor\laravel\framework\src\Illuminate\Database\Eloquent\Builder.php:2235
at vendor\laravel\framework\src\Illuminate\Database\Eloquent\Model.php:1436
at vendor\laravel\framework\src\Illuminate\Database\Eloquent\Model.php:1401
at vendor\laravel\framework\src\Illuminate\Database\Eloquent\Model.php:1240
at vendor\laravel\framework\src\Illuminate\Database\Eloquent\Factories\Factory.php:370
at vendor\laravel\framework\src\Illuminate\Collections\Traits\EnumeratesValues.php:271
at vendor\laravel\framework\src\Illuminate\Database\Eloquent\Factories\Factory.php:365
at vendor\laravel\framework\src\Illuminate\Database\Eloquent\Factories\Factory.php:321
at vendor\laravel\framework\src\Illuminate\Database\Eloquent\Factories\Factory.php:315
at tests\Pest.php:93
at tests\Feature\PowerFeaturesTest.php:16</error>
        </testcase>
        <testcase name="`Power Features Demo` → `Eloquent Scopes Tests` → booking scopes work with complex conditions" file="tests\Feature\PowerFeaturesTest.php::`Power Features Demo` → `Eloquent Scopes Tests` → booking scopes work with complex conditions" class="Tests\Feature\PowerFeaturesTest" classname="Tests.Feature.PowerFeaturesTest" assertions="0" time="0.000000">
          <error type="Illuminate\Database\QueryException">`Power Features Demo` → `Eloquent Scopes Tests` → booking scopes work with complex conditionsIlluminate\Database\QueryException: SQLSTATE[HY000]: General error: 1 no such table: car_rental_users (Connection: sqlite, SQL: insert into "car_rental_users" ("name", "email", "email_verified_at", "password", "phone", "role", "status", "license_number", "id_document_path", "license_document_path", "is_verified", "date_of_birth", "address", "remember_token", "updated_at", "created_at") values (Dr. Andreane Stehr, iturner@example.net, 2025-09-24 12:53:25, $2y$04$78g4B33dBB9yvLZHXPZyOuzF4w5wzk7FwYQTRiFHrXZoaR9VfYlfW, 580-960-8034, admin, pending, nul-9726-6275, documents/ids/e4a00a3e-62e6-3c9e-a447-dc453f390432.pdf, documents/licenses/18a8bba2-331d-3c78-89db-37ae254af4a2.pdf, 0, 1984-12-11 00:00:00, 2189 Annabelle Canyon
Cassandraside, SD 78062, QQgCidNCIt, 2025-09-24 12:53:25, 2025-09-24 12:53:25))&#13;
at vendor\laravel\framework\src\Illuminate\Database\Connection.php:564
at vendor\laravel\framework\src\Illuminate\Database\Connection.php:811
at vendor\laravel\framework\src\Illuminate\Database\Connection.php:778
at vendor\laravel\framework\src\Illuminate\Database\Connection.php:559
at vendor\laravel\framework\src\Illuminate\Database\Connection.php:523
at vendor\laravel\framework\src\Illuminate\Database\Query\Processors\Processor.php:32
at vendor\laravel\framework\src\Illuminate\Database\Query\Builder.php:3853
at vendor\laravel\framework\src\Illuminate\Database\Eloquent\Builder.php:2235
at vendor\laravel\framework\src\Illuminate\Database\Eloquent\Model.php:1436
at vendor\laravel\framework\src\Illuminate\Database\Eloquent\Model.php:1401
at vendor\laravel\framework\src\Illuminate\Database\Eloquent\Model.php:1240
at vendor\laravel\framework\src\Illuminate\Database\Eloquent\Factories\Factory.php:370
at vendor\laravel\framework\src\Illuminate\Collections\Traits\EnumeratesValues.php:271
at vendor\laravel\framework\src\Illuminate\Database\Eloquent\Factories\Factory.php:365
at vendor\laravel\framework\src\Illuminate\Database\Eloquent\Factories\Factory.php:321
at vendor\laravel\framework\src\Illuminate\Database\Eloquent\Factories\Factory.php:315
at tests\Pest.php:93
at tests\Feature\PowerFeaturesTest.php:16
Caused by
PDOException: SQLSTATE[HY000]: General error: 1 no such table: car_rental_users

at vendor\laravel\framework\src\Illuminate\Database\Connection.php:564
at vendor\laravel\framework\src\Illuminate\Database\Connection.php:811
at vendor\laravel\framework\src\Illuminate\Database\Connection.php:778
at vendor\laravel\framework\src\Illuminate\Database\Connection.php:559
at vendor\laravel\framework\src\Illuminate\Database\Connection.php:523
at vendor\laravel\framework\src\Illuminate\Database\Query\Processors\Processor.php:32
at vendor\laravel\framework\src\Illuminate\Database\Query\Builder.php:3853
at vendor\laravel\framework\src\Illuminate\Database\Eloquent\Builder.php:2235
at vendor\laravel\framework\src\Illuminate\Database\Eloquent\Model.php:1436
at vendor\laravel\framework\src\Illuminate\Database\Eloquent\Model.php:1401
at vendor\laravel\framework\src\Illuminate\Database\Eloquent\Model.php:1240
at vendor\laravel\framework\src\Illuminate\Database\Eloquent\Factories\Factory.php:370
at vendor\laravel\framework\src\Illuminate\Collections\Traits\EnumeratesValues.php:271
at vendor\laravel\framework\src\Illuminate\Database\Eloquent\Factories\Factory.php:365
at vendor\laravel\framework\src\Illuminate\Database\Eloquent\Factories\Factory.php:321
at vendor\laravel\framework\src\Illuminate\Database\Eloquent\Factories\Factory.php:315
at tests\Pest.php:93
at tests\Feature\PowerFeaturesTest.php:16</error>
        </testcase>
        <testcase name="`Power Features Demo` → `Performance Monitoring` → scope chaining performance" file="tests\Feature\PowerFeaturesTest.php::`Power Features Demo` → `Performance Monitoring` → scope chaining performance" class="Tests\Feature\PowerFeaturesTest" classname="Tests.Feature.PowerFeaturesTest" assertions="0" time="0.000000">
          <error type="Illuminate\Database\QueryException">`Power Features Demo` → `Performance Monitoring` → scope chaining performanceIlluminate\Database\QueryException: SQLSTATE[HY000]: General error: 1 no such table: car_rental_users (Connection: sqlite, SQL: insert into "car_rental_users" ("name", "email", "email_verified_at", "password", "phone", "role", "status", "license_number", "id_document_path", "license_document_path", "is_verified", "date_of_birth", "address", "remember_token", "updated_at", "created_at") values (Ms. Malika Pouros PhD, myrtle27@example.net, 2025-09-24 12:53:25, $2y$04$78g4B33dBB9yvLZHXPZyOuzF4w5wzk7FwYQTRiFHrXZoaR9VfYlfW, +1-380-801-2656, admin, approved, lkd-8579-8649, documents/ids/8d711900-ce5c-3abf-9231-ddf908e09a49.pdf, documents/licenses/ea877dde-abfd-3485-8a0d-838586e401ee.pdf, 1, 1983-04-22 00:00:00, 32215 Toney Key
Nolanmouth, OK 81241, QqfvuEBT2X, 2025-09-24 12:53:25, 2025-09-24 12:53:25))&#13;
at vendor\laravel\framework\src\Illuminate\Database\Connection.php:564
at vendor\laravel\framework\src\Illuminate\Database\Connection.php:811
at vendor\laravel\framework\src\Illuminate\Database\Connection.php:778
at vendor\laravel\framework\src\Illuminate\Database\Connection.php:559
at vendor\laravel\framework\src\Illuminate\Database\Connection.php:523
at vendor\laravel\framework\src\Illuminate\Database\Query\Processors\Processor.php:32
at vendor\laravel\framework\src\Illuminate\Database\Query\Builder.php:3853
at vendor\laravel\framework\src\Illuminate\Database\Eloquent\Builder.php:2235
at vendor\laravel\framework\src\Illuminate\Database\Eloquent\Model.php:1436
at vendor\laravel\framework\src\Illuminate\Database\Eloquent\Model.php:1401
at vendor\laravel\framework\src\Illuminate\Database\Eloquent\Model.php:1240
at vendor\laravel\framework\src\Illuminate\Database\Eloquent\Factories\Factory.php:370
at vendor\laravel\framework\src\Illuminate\Collections\Traits\EnumeratesValues.php:271
at vendor\laravel\framework\src\Illuminate\Database\Eloquent\Factories\Factory.php:365
at vendor\laravel\framework\src\Illuminate\Database\Eloquent\Factories\Factory.php:321
at vendor\laravel\framework\src\Illuminate\Database\Eloquent\Factories\Factory.php:315
at tests\Pest.php:93
at tests\Feature\PowerFeaturesTest.php:16
Caused by
PDOException: SQLSTATE[HY000]: General error: 1 no such table: car_rental_users

at vendor\laravel\framework\src\Illuminate\Database\Connection.php:564
at vendor\laravel\framework\src\Illuminate\Database\Connection.php:811
at vendor\laravel\framework\src\Illuminate\Database\Connection.php:778
at vendor\laravel\framework\src\Illuminate\Database\Connection.php:559
at vendor\laravel\framework\src\Illuminate\Database\Connection.php:523
at vendor\laravel\framework\src\Illuminate\Database\Query\Processors\Processor.php:32
at vendor\laravel\framework\src\Illuminate\Database\Query\Builder.php:3853
at vendor\laravel\framework\src\Illuminate\Database\Eloquent\Builder.php:2235
at vendor\laravel\framework\src\Illuminate\Database\Eloquent\Model.php:1436
at vendor\laravel\framework\src\Illuminate\Database\Eloquent\Model.php:1401
at vendor\laravel\framework\src\Illuminate\Database\Eloquent\Model.php:1240
at vendor\laravel\framework\src\Illuminate\Database\Eloquent\Factories\Factory.php:370
at vendor\laravel\framework\src\Illuminate\Collections\Traits\EnumeratesValues.php:271
at vendor\laravel\framework\src\Illuminate\Database\Eloquent\Factories\Factory.php:365
at vendor\laravel\framework\src\Illuminate\Database\Eloquent\Factories\Factory.php:321
at vendor\laravel\framework\src\Illuminate\Database\Eloquent\Factories\Factory.php:315
at tests\Pest.php:93
at tests\Feature\PowerFeaturesTest.php:16</error>
        </testcase>
        <testcase name="`Power Features Demo` → `Integration Test` → all features work together seamlessly" file="tests\Feature\PowerFeaturesTest.php::`Power Features Demo` → `Integration Test` → all features work together seamlessly" class="Tests\Feature\PowerFeaturesTest" classname="Tests.Feature.PowerFeaturesTest" assertions="0" time="0.000000">
          <error type="Illuminate\Database\QueryException">`Power Features Demo` → `Integration Test` → all features work together seamlesslyIlluminate\Database\QueryException: SQLSTATE[HY000]: General error: 1 no such table: car_rental_users (Connection: sqlite, SQL: insert into "car_rental_users" ("name", "email", "email_verified_at", "password", "phone", "role", "status", "license_number", "id_document_path", "license_document_path", "is_verified", "date_of_birth", "address", "remember_token", "updated_at", "created_at") values (Mrs. Leann Jacobson IV, breana.krajcik@example.org, 2025-09-24 12:53:25, $2y$04$78g4B33dBB9yvLZHXPZyOuzF4w5wzk7FwYQTRiFHrXZoaR9VfYlfW, 1-978-487-3667, admin, active, qwu-3780-2887, documents/ids/d19671a5-a563-309e-948d-b631770de4f7.pdf, documents/licenses/68fa6500-8309-33b7-90cc-4fd7ca02b225.pdf, 0, 1991-08-11 00:00:00, 50637 Jamar Flat Apt. 174
South Nicholaus, NJ 23483-8389, wDl4yYhNRj, 2025-09-24 12:53:25, 2025-09-24 12:53:25))&#13;
at vendor\laravel\framework\src\Illuminate\Database\Connection.php:564
at vendor\laravel\framework\src\Illuminate\Database\Connection.php:811
at vendor\laravel\framework\src\Illuminate\Database\Connection.php:778
at vendor\laravel\framework\src\Illuminate\Database\Connection.php:559
at vendor\laravel\framework\src\Illuminate\Database\Connection.php:523
at vendor\laravel\framework\src\Illuminate\Database\Query\Processors\Processor.php:32
at vendor\laravel\framework\src\Illuminate\Database\Query\Builder.php:3853
at vendor\laravel\framework\src\Illuminate\Database\Eloquent\Builder.php:2235
at vendor\laravel\framework\src\Illuminate\Database\Eloquent\Model.php:1436
at vendor\laravel\framework\src\Illuminate\Database\Eloquent\Model.php:1401
at vendor\laravel\framework\src\Illuminate\Database\Eloquent\Model.php:1240
at vendor\laravel\framework\src\Illuminate\Database\Eloquent\Factories\Factory.php:370
at vendor\laravel\framework\src\Illuminate\Collections\Traits\EnumeratesValues.php:271
at vendor\laravel\framework\src\Illuminate\Database\Eloquent\Factories\Factory.php:365
at vendor\laravel\framework\src\Illuminate\Database\Eloquent\Factories\Factory.php:321
at vendor\laravel\framework\src\Illuminate\Database\Eloquent\Factories\Factory.php:315
at tests\Pest.php:93
at tests\Feature\PowerFeaturesTest.php:16
Caused by
PDOException: SQLSTATE[HY000]: General error: 1 no such table: car_rental_users

at vendor\laravel\framework\src\Illuminate\Database\Connection.php:564
at vendor\laravel\framework\src\Illuminate\Database\Connection.php:811
at vendor\laravel\framework\src\Illuminate\Database\Connection.php:778
at vendor\laravel\framework\src\Illuminate\Database\Connection.php:559
at vendor\laravel\framework\src\Illuminate\Database\Connection.php:523
at vendor\laravel\framework\src\Illuminate\Database\Query\Processors\Processor.php:32
at vendor\laravel\framework\src\Illuminate\Database\Query\Builder.php:3853
at vendor\laravel\framework\src\Illuminate\Database\Eloquent\Builder.php:2235
at vendor\laravel\framework\src\Illuminate\Database\Eloquent\Model.php:1436
at vendor\laravel\framework\src\Illuminate\Database\Eloquent\Model.php:1401
at vendor\laravel\framework\src\Illuminate\Database\Eloquent\Model.php:1240
at vendor\laravel\framework\src\Illuminate\Database\Eloquent\Factories\Factory.php:370
at vendor\laravel\framework\src\Illuminate\Collections\Traits\EnumeratesValues.php:271
at vendor\laravel\framework\src\Illuminate\Database\Eloquent\Factories\Factory.php:365
at vendor\laravel\framework\src\Illuminate\Database\Eloquent\Factories\Factory.php:321
at vendor\laravel\framework\src\Illuminate\Database\Eloquent\Factories\Factory.php:315
at tests\Pest.php:93
at tests\Feature\PowerFeaturesTest.php:16</error>
        </testcase>
        <testcase name="`Power Features Demo` → `Eloquent Scopes Tests` → popular vehicles scope with complex calculations" file="tests\Feature\PowerFeaturesTest.php::`Power Features Demo` → `Eloquent Scopes Tests` → popular vehicles scope with complex calculations" class="Tests\Feature\PowerFeaturesTest" classname="Tests.Feature.PowerFeaturesTest" assertions="0" time="0.000000">
          <error type="Illuminate\Database\QueryException">`Power Features Demo` → `Eloquent Scopes Tests` → popular vehicles scope with complex calculationsIlluminate\Database\QueryException: SQLSTATE[HY000]: General error: 1 no such table: car_rental_users (Connection: sqlite, SQL: insert into "car_rental_users" ("name", "email", "email_verified_at", "password", "phone", "role", "status", "license_number", "id_document_path", "license_document_path", "is_verified", "date_of_birth", "address", "remember_token", "updated_at", "created_at") values (Daren Weimann, greenfelder.kailee@example.org, 2025-09-24 12:53:25, $2y$04$78g4B33dBB9yvLZHXPZyOuzF4w5wzk7FwYQTRiFHrXZoaR9VfYlfW, 713.474.1187, admin, approved, vxw-9139-5796, documents/ids/d208a9d3-0e70-3a0c-80a4-de0d3137c444.pdf, documents/licenses/9d97fbcd-a678-34b6-9fb2-f99c440f6fc5.pdf, 1, 1967-06-13 00:00:00, 44526 Farrell Rest
Malikaport, PA 41575-3249, 7Gl59zGX3w, 2025-09-24 12:53:25, 2025-09-24 12:53:25))&#13;
at vendor\laravel\framework\src\Illuminate\Database\Connection.php:564
at vendor\laravel\framework\src\Illuminate\Database\Connection.php:811
at vendor\laravel\framework\src\Illuminate\Database\Connection.php:778
at vendor\laravel\framework\src\Illuminate\Database\Connection.php:559
at vendor\laravel\framework\src\Illuminate\Database\Connection.php:523
at vendor\laravel\framework\src\Illuminate\Database\Query\Processors\Processor.php:32
at vendor\laravel\framework\src\Illuminate\Database\Query\Builder.php:3853
at vendor\laravel\framework\src\Illuminate\Database\Eloquent\Builder.php:2235
at vendor\laravel\framework\src\Illuminate\Database\Eloquent\Model.php:1436
at vendor\laravel\framework\src\Illuminate\Database\Eloquent\Model.php:1401
at vendor\laravel\framework\src\Illuminate\Database\Eloquent\Model.php:1240
at vendor\laravel\framework\src\Illuminate\Database\Eloquent\Factories\Factory.php:370
at vendor\laravel\framework\src\Illuminate\Collections\Traits\EnumeratesValues.php:271
at vendor\laravel\framework\src\Illuminate\Database\Eloquent\Factories\Factory.php:365
at vendor\laravel\framework\src\Illuminate\Database\Eloquent\Factories\Factory.php:321
at vendor\laravel\framework\src\Illuminate\Database\Eloquent\Factories\Factory.php:315
at tests\Pest.php:93
at tests\Feature\PowerFeaturesTest.php:16
Caused by
PDOException: SQLSTATE[HY000]: General error: 1 no such table: car_rental_users

at vendor\laravel\framework\src\Illuminate\Database\Connection.php:564
at vendor\laravel\framework\src\Illuminate\Database\Connection.php:811
at vendor\laravel\framework\src\Illuminate\Database\Connection.php:778
at vendor\laravel\framework\src\Illuminate\Database\Connection.php:559
at vendor\laravel\framework\src\Illuminate\Database\Connection.php:523
at vendor\laravel\framework\src\Illuminate\Database\Query\Processors\Processor.php:32
at vendor\laravel\framework\src\Illuminate\Database\Query\Builder.php:3853
at vendor\laravel\framework\src\Illuminate\Database\Eloquent\Builder.php:2235
at vendor\laravel\framework\src\Illuminate\Database\Eloquent\Model.php:1436
at vendor\laravel\framework\src\Illuminate\Database\Eloquent\Model.php:1401
at vendor\laravel\framework\src\Illuminate\Database\Eloquent\Model.php:1240
at vendor\laravel\framework\src\Illuminate\Database\Eloquent\Factories\Factory.php:370
at vendor\laravel\framework\src\Illuminate\Collections\Traits\EnumeratesValues.php:271
at vendor\laravel\framework\src\Illuminate\Database\Eloquent\Factories\Factory.php:365
at vendor\laravel\framework\src\Illuminate\Database\Eloquent\Factories\Factory.php:321
at vendor\laravel\framework\src\Illuminate\Database\Eloquent\Factories\Factory.php:315
at tests\Pest.php:93
at tests\Feature\PowerFeaturesTest.php:16</error>
        </testcase>
        <testcase name="`Power Features Demo` → `Performance Monitoring` → query performance meets requirements" file="tests\Feature\PowerFeaturesTest.php::`Power Features Demo` → `Performance Monitoring` → query performance meets requirements" class="Tests\Feature\PowerFeaturesTest" classname="Tests.Feature.PowerFeaturesTest" assertions="0" time="0.000000">
          <error type="Illuminate\Database\QueryException">`Power Features Demo` → `Performance Monitoring` → query performance meets requirementsIlluminate\Database\QueryException: SQLSTATE[HY000]: General error: 1 no such table: car_rental_users (Connection: sqlite, SQL: insert into "car_rental_users" ("name", "email", "email_verified_at", "password", "phone", "role", "status", "license_number", "id_document_path", "license_document_path", "is_verified", "date_of_birth", "address", "remember_token", "updated_at", "created_at") values (Zella Wuckert, heaney.keara@example.org, 2025-09-24 12:53:25, $2y$04$78g4B33dBB9yvLZHXPZyOuzF4w5wzk7FwYQTRiFHrXZoaR9VfYlfW, 1-312-622-4669, admin, active, ran-7462-2609, documents/ids/04a8e53e-800e-3ba9-a70e-cea40e82e07d.pdf, documents/licenses/48c750b0-aeae-3827-804c-9cb75a920375.pdf, 1, 2001-10-20 00:00:00, 393 Huel Creek
North Luciano, KS 69496, aAJ8yDu1E1, 2025-09-24 12:53:25, 2025-09-24 12:53:25))&#13;
at vendor\laravel\framework\src\Illuminate\Database\Connection.php:564
at vendor\laravel\framework\src\Illuminate\Database\Connection.php:811
at vendor\laravel\framework\src\Illuminate\Database\Connection.php:778
at vendor\laravel\framework\src\Illuminate\Database\Connection.php:559
at vendor\laravel\framework\src\Illuminate\Database\Connection.php:523
at vendor\laravel\framework\src\Illuminate\Database\Query\Processors\Processor.php:32
at vendor\laravel\framework\src\Illuminate\Database\Query\Builder.php:3853
at vendor\laravel\framework\src\Illuminate\Database\Eloquent\Builder.php:2235
at vendor\laravel\framework\src\Illuminate\Database\Eloquent\Model.php:1436
at vendor\laravel\framework\src\Illuminate\Database\Eloquent\Model.php:1401
at vendor\laravel\framework\src\Illuminate\Database\Eloquent\Model.php:1240
at vendor\laravel\framework\src\Illuminate\Database\Eloquent\Factories\Factory.php:370
at vendor\laravel\framework\src\Illuminate\Collections\Traits\EnumeratesValues.php:271
at vendor\laravel\framework\src\Illuminate\Database\Eloquent\Factories\Factory.php:365
at vendor\laravel\framework\src\Illuminate\Database\Eloquent\Factories\Factory.php:321
at vendor\laravel\framework\src\Illuminate\Database\Eloquent\Factories\Factory.php:315
at tests\Pest.php:93
at tests\Feature\PowerFeaturesTest.php:16
Caused by
PDOException: SQLSTATE[HY000]: General error: 1 no such table: car_rental_users

at vendor\laravel\framework\src\Illuminate\Database\Connection.php:564
at vendor\laravel\framework\src\Illuminate\Database\Connection.php:811
at vendor\laravel\framework\src\Illuminate\Database\Connection.php:778
at vendor\laravel\framework\src\Illuminate\Database\Connection.php:559
at vendor\laravel\framework\src\Illuminate\Database\Connection.php:523
at vendor\laravel\framework\src\Illuminate\Database\Query\Processors\Processor.php:32
at vendor\laravel\framework\src\Illuminate\Database\Query\Builder.php:3853
at vendor\laravel\framework\src\Illuminate\Database\Eloquent\Builder.php:2235
at vendor\laravel\framework\src\Illuminate\Database\Eloquent\Model.php:1436
at vendor\laravel\framework\src\Illuminate\Database\Eloquent\Model.php:1401
at vendor\laravel\framework\src\Illuminate\Database\Eloquent\Model.php:1240
at vendor\laravel\framework\src\Illuminate\Database\Eloquent\Factories\Factory.php:370
at vendor\laravel\framework\src\Illuminate\Collections\Traits\EnumeratesValues.php:271
at vendor\laravel\framework\src\Illuminate\Database\Eloquent\Factories\Factory.php:365
at vendor\laravel\framework\src\Illuminate\Database\Eloquent\Factories\Factory.php:321
at vendor\laravel\framework\src\Illuminate\Database\Eloquent\Factories\Factory.php:315
at tests\Pest.php:93
at tests\Feature\PowerFeaturesTest.php:16</error>
        </testcase>
        <testcase name="`Power Features Demo` → `Eloquent Scopes Tests` → advanced search scope with multiple filters" file="tests\Feature\PowerFeaturesTest.php::`Power Features Demo` → `Eloquent Scopes Tests` → advanced search scope with multiple filters" class="Tests\Feature\PowerFeaturesTest" classname="Tests.Feature.PowerFeaturesTest" assertions="0" time="0.000000">
          <error type="Illuminate\Database\QueryException">`Power Features Demo` → `Eloquent Scopes Tests` → advanced search scope with multiple filtersIlluminate\Database\QueryException: SQLSTATE[HY000]: General error: 1 no such table: car_rental_users (Connection: sqlite, SQL: insert into "car_rental_users" ("name", "email", "email_verified_at", "password", "phone", "role", "status", "license_number", "id_document_path", "license_document_path", "is_verified", "date_of_birth", "address", "remember_token", "updated_at", "created_at") values (Kolby Quitzon II, celestine.ruecker@example.net, 2025-09-24 12:53:25, $2y$04$78g4B33dBB9yvLZHXPZyOuzF4w5wzk7FwYQTRiFHrXZoaR9VfYlfW, (808) 667-3715, admin, pending, mwg-3004-2011, documents/ids/c1b6c803-5298-3795-94d7-34b1b34c8622.pdf, documents/licenses/6cb7605f-c67d-31a8-abdd-970fac7f665b.pdf, 1, 1978-09-02 00:00:00, 68715 Caitlyn Roads
South Jedidiah, IA 25982, yL8pG0NstF, 2025-09-24 12:53:25, 2025-09-24 12:53:25))&#13;
at vendor\laravel\framework\src\Illuminate\Database\Connection.php:564
at vendor\laravel\framework\src\Illuminate\Database\Connection.php:811
at vendor\laravel\framework\src\Illuminate\Database\Connection.php:778
at vendor\laravel\framework\src\Illuminate\Database\Connection.php:559
at vendor\laravel\framework\src\Illuminate\Database\Connection.php:523
at vendor\laravel\framework\src\Illuminate\Database\Query\Processors\Processor.php:32
at vendor\laravel\framework\src\Illuminate\Database\Query\Builder.php:3853
at vendor\laravel\framework\src\Illuminate\Database\Eloquent\Builder.php:2235
at vendor\laravel\framework\src\Illuminate\Database\Eloquent\Model.php:1436
at vendor\laravel\framework\src\Illuminate\Database\Eloquent\Model.php:1401
at vendor\laravel\framework\src\Illuminate\Database\Eloquent\Model.php:1240
at vendor\laravel\framework\src\Illuminate\Database\Eloquent\Factories\Factory.php:370
at vendor\laravel\framework\src\Illuminate\Collections\Traits\EnumeratesValues.php:271
at vendor\laravel\framework\src\Illuminate\Database\Eloquent\Factories\Factory.php:365
at vendor\laravel\framework\src\Illuminate\Database\Eloquent\Factories\Factory.php:321
at vendor\laravel\framework\src\Illuminate\Database\Eloquent\Factories\Factory.php:315
at tests\Pest.php:93
at tests\Feature\PowerFeaturesTest.php:16
Caused by
PDOException: SQLSTATE[HY000]: General error: 1 no such table: car_rental_users

at vendor\laravel\framework\src\Illuminate\Database\Connection.php:564
at vendor\laravel\framework\src\Illuminate\Database\Connection.php:811
at vendor\laravel\framework\src\Illuminate\Database\Connection.php:778
at vendor\laravel\framework\src\Illuminate\Database\Connection.php:559
at vendor\laravel\framework\src\Illuminate\Database\Connection.php:523
at vendor\laravel\framework\src\Illuminate\Database\Query\Processors\Processor.php:32
at vendor\laravel\framework\src\Illuminate\Database\Query\Builder.php:3853
at vendor\laravel\framework\src\Illuminate\Database\Eloquent\Builder.php:2235
at vendor\laravel\framework\src\Illuminate\Database\Eloquent\Model.php:1436
at vendor\laravel\framework\src\Illuminate\Database\Eloquent\Model.php:1401
at vendor\laravel\framework\src\Illuminate\Database\Eloquent\Model.php:1240
at vendor\laravel\framework\src\Illuminate\Database\Eloquent\Factories\Factory.php:370
at vendor\laravel\framework\src\Illuminate\Collections\Traits\EnumeratesValues.php:271
at vendor\laravel\framework\src\Illuminate\Database\Eloquent\Factories\Factory.php:365
at vendor\laravel\framework\src\Illuminate\Database\Eloquent\Factories\Factory.php:321
at vendor\laravel\framework\src\Illuminate\Database\Eloquent\Factories\Factory.php:315
at tests\Pest.php:93
at tests\Feature\PowerFeaturesTest.php:16</error>
        </testcase>
        <testcase name="`Power Features Demo` → `Eloquent Scopes Tests` → requiring attention scope finds problematic vehicles" file="tests\Feature\PowerFeaturesTest.php::`Power Features Demo` → `Eloquent Scopes Tests` → requiring attention scope finds problematic vehicles" class="Tests\Feature\PowerFeaturesTest" classname="Tests.Feature.PowerFeaturesTest" assertions="0" time="0.000000">
          <error type="Illuminate\Database\QueryException">`Power Features Demo` → `Eloquent Scopes Tests` → requiring attention scope finds problematic vehiclesIlluminate\Database\QueryException: SQLSTATE[HY000]: General error: 1 no such table: car_rental_users (Connection: sqlite, SQL: insert into "car_rental_users" ("name", "email", "email_verified_at", "password", "phone", "role", "status", "license_number", "id_document_path", "license_document_path", "is_verified", "date_of_birth", "address", "remember_token", "updated_at", "created_at") values (Dr. Jakob McCullough III, camren75@example.net, 2025-09-24 12:53:25, $2y$04$78g4B33dBB9yvLZHXPZyOuzF4w5wzk7FwYQTRiFHrXZoaR9VfYlfW, 724.940.0121, admin, approved, bhb-7708-3622, documents/ids/866e8d58-073a-3bef-96a7-24a0956795c1.pdf, documents/licenses/583b58e5-03b5-3460-baeb-a1100ea6cf30.pdf, 0, 1972-11-12 00:00:00, 1715 Wilderman Causeway
West Jaceybury, KY 17415-3332, itwBzWfJLX, 2025-09-24 12:53:25, 2025-09-24 12:53:25))&#13;
at vendor\laravel\framework\src\Illuminate\Database\Connection.php:564
at vendor\laravel\framework\src\Illuminate\Database\Connection.php:811
at vendor\laravel\framework\src\Illuminate\Database\Connection.php:778
at vendor\laravel\framework\src\Illuminate\Database\Connection.php:559
at vendor\laravel\framework\src\Illuminate\Database\Connection.php:523
at vendor\laravel\framework\src\Illuminate\Database\Query\Processors\Processor.php:32
at vendor\laravel\framework\src\Illuminate\Database\Query\Builder.php:3853
at vendor\laravel\framework\src\Illuminate\Database\Eloquent\Builder.php:2235
at vendor\laravel\framework\src\Illuminate\Database\Eloquent\Model.php:1436
at vendor\laravel\framework\src\Illuminate\Database\Eloquent\Model.php:1401
at vendor\laravel\framework\src\Illuminate\Database\Eloquent\Model.php:1240
at vendor\laravel\framework\src\Illuminate\Database\Eloquent\Factories\Factory.php:370
at vendor\laravel\framework\src\Illuminate\Collections\Traits\EnumeratesValues.php:271
at vendor\laravel\framework\src\Illuminate\Database\Eloquent\Factories\Factory.php:365
at vendor\laravel\framework\src\Illuminate\Database\Eloquent\Factories\Factory.php:321
at vendor\laravel\framework\src\Illuminate\Database\Eloquent\Factories\Factory.php:315
at tests\Pest.php:93
at tests\Feature\PowerFeaturesTest.php:16
Caused by
PDOException: SQLSTATE[HY000]: General error: 1 no such table: car_rental_users

at vendor\laravel\framework\src\Illuminate\Database\Connection.php:564
at vendor\laravel\framework\src\Illuminate\Database\Connection.php:811
at vendor\laravel\framework\src\Illuminate\Database\Connection.php:778
at vendor\laravel\framework\src\Illuminate\Database\Connection.php:559
at vendor\laravel\framework\src\Illuminate\Database\Connection.php:523
at vendor\laravel\framework\src\Illuminate\Database\Query\Processors\Processor.php:32
at vendor\laravel\framework\src\Illuminate\Database\Query\Builder.php:3853
at vendor\laravel\framework\src\Illuminate\Database\Eloquent\Builder.php:2235
at vendor\laravel\framework\src\Illuminate\Database\Eloquent\Model.php:1436
at vendor\laravel\framework\src\Illuminate\Database\Eloquent\Model.php:1401
at vendor\laravel\framework\src\Illuminate\Database\Eloquent\Model.php:1240
at vendor\laravel\framework\src\Illuminate\Database\Eloquent\Factories\Factory.php:370
at vendor\laravel\framework\src\Illuminate\Collections\Traits\EnumeratesValues.php:271
at vendor\laravel\framework\src\Illuminate\Database\Eloquent\Factories\Factory.php:365
at vendor\laravel\framework\src\Illuminate\Database\Eloquent\Factories\Factory.php:321
at vendor\laravel\framework\src\Illuminate\Database\Eloquent\Factories\Factory.php:315
at tests\Pest.php:93
at tests\Feature\PowerFeaturesTest.php:16</error>
        </testcase>
      </testsuite>
    </testsuite>
    <testsuite name="Unit" tests="87" assertions="46" errors="77" failures="1" skipped="0" time="0.626698">
      <testsuite name="Tests\Unit\Models\BookingTest" file="tests\Unit\Models\BookingTest.php" tests="13" assertions="0" errors="13" failures="0" skipped="0" time="0.000000">
        <testcase name="`Booking Model` → it can calculate total with commission" file="tests\Unit\Models\BookingTest.php::`Booking Model` → it can calculate total with commission" class="Tests\Unit\Models\BookingTest" classname="Tests.Unit.Models.BookingTest" assertions="0" time="0.000000">
          <error type="Illuminate\Database\QueryException">`Booking Model` → it can calculate total with commissionIlluminate\Database\QueryException: SQLSTATE[HY000]: General error: 1 no such table: car_rental_users (Connection: sqlite, SQL: insert into "car_rental_users" ("name", "email", "email_verified_at", "password", "phone", "role", "status", "license_number", "id_document_path", "license_document_path", "is_verified", "date_of_birth", "address", "remember_token", "updated_at", "created_at") values (April Corwin, jaden40@example.com, 2025-09-24 12:53:25, $2y$04$78g4B33dBB9yvLZHXPZyOuzF4w5wzk7FwYQTRiFHrXZoaR9VfYlfW, +15034440268, owner, pending, ncc-3892-8660, documents/ids/647f3f70-82be-3244-a3ac-ffd133b61821.pdf, documents/licenses/c8b4d0e5-06ad-3d01-83f5-0f3f6c3377fe.pdf, 1, 1990-02-11 00:00:00, 9102 Marks Terrace
Tadburgh, MT 16718-7182, KEn30QmySf, 2025-09-24 12:53:25, 2025-09-24 12:53:25))&#13;
at vendor\laravel\framework\src\Illuminate\Database\Connection.php:564
at vendor\laravel\framework\src\Illuminate\Database\Connection.php:811
at vendor\laravel\framework\src\Illuminate\Database\Connection.php:778
at vendor\laravel\framework\src\Illuminate\Database\Connection.php:559
at vendor\laravel\framework\src\Illuminate\Database\Connection.php:523
at vendor\laravel\framework\src\Illuminate\Database\Query\Processors\Processor.php:32
at vendor\laravel\framework\src\Illuminate\Database\Query\Builder.php:3853
at vendor\laravel\framework\src\Illuminate\Database\Eloquent\Builder.php:2235
at vendor\laravel\framework\src\Illuminate\Database\Eloquent\Model.php:1436
at vendor\laravel\framework\src\Illuminate\Database\Eloquent\Model.php:1401
at vendor\laravel\framework\src\Illuminate\Database\Eloquent\Model.php:1240
at vendor\laravel\framework\src\Illuminate\Database\Eloquent\Factories\Factory.php:370
at vendor\laravel\framework\src\Illuminate\Collections\Traits\EnumeratesValues.php:271
at vendor\laravel\framework\src\Illuminate\Database\Eloquent\Factories\Factory.php:365
at vendor\laravel\framework\src\Illuminate\Database\Eloquent\Factories\Factory.php:321
at tests\Unit\Models\BookingTest.php:16
Caused by
PDOException: SQLSTATE[HY000]: General error: 1 no such table: car_rental_users

at vendor\laravel\framework\src\Illuminate\Database\Connection.php:564
at vendor\laravel\framework\src\Illuminate\Database\Connection.php:811
at vendor\laravel\framework\src\Illuminate\Database\Connection.php:778
at vendor\laravel\framework\src\Illuminate\Database\Connection.php:559
at vendor\laravel\framework\src\Illuminate\Database\Connection.php:523
at vendor\laravel\framework\src\Illuminate\Database\Query\Processors\Processor.php:32
at vendor\laravel\framework\src\Illuminate\Database\Query\Builder.php:3853
at vendor\laravel\framework\src\Illuminate\Database\Eloquent\Builder.php:2235
at vendor\laravel\framework\src\Illuminate\Database\Eloquent\Model.php:1436
at vendor\laravel\framework\src\Illuminate\Database\Eloquent\Model.php:1401
at vendor\laravel\framework\src\Illuminate\Database\Eloquent\Model.php:1240
at vendor\laravel\framework\src\Illuminate\Database\Eloquent\Factories\Factory.php:370
at vendor\laravel\framework\src\Illuminate\Collections\Traits\EnumeratesValues.php:271
at vendor\laravel\framework\src\Illuminate\Database\Eloquent\Factories\Factory.php:365
at vendor\laravel\framework\src\Illuminate\Database\Eloquent\Factories\Factory.php:321
at tests\Unit\Models\BookingTest.php:16</error>
        </testcase>
        <testcase name="`Booking Model` → it has correct fillable attributes" file="tests\Unit\Models\BookingTest.php::`Booking Model` → it has correct fillable attributes" class="Tests\Unit\Models\BookingTest" classname="Tests.Unit.Models.BookingTest" assertions="0" time="0.000000">
          <error type="Illuminate\Database\QueryException">`Booking Model` → it has correct fillable attributesIlluminate\Database\QueryException: SQLSTATE[HY000]: General error: 1 no such table: car_rental_users (Connection: sqlite, SQL: insert into "car_rental_users" ("name", "email", "email_verified_at", "password", "phone", "role", "status", "license_number", "id_document_path", "license_document_path", "is_verified", "date_of_birth", "address", "remember_token", "updated_at", "created_at") values (Marvin Krajcik, blanca.keebler@example.org, 2025-09-24 12:53:25, $2y$04$78g4B33dBB9yvLZHXPZyOuzF4w5wzk7FwYQTRiFHrXZoaR9VfYlfW, 862.485.3087, owner, pending, nmt-9250-1892, documents/ids/b4da9360-0295-396f-a018-043ff047e5f0.pdf, documents/licenses/df416105-4e72-3485-b239-741e68e88e03.pdf, 1, 1986-06-22 00:00:00, 92982 Lenora Plain
Estebanstad, FL 96654-8406, lgAylRy78a, 2025-09-24 12:53:25, 2025-09-24 12:53:25))&#13;
at vendor\laravel\framework\src\Illuminate\Database\Connection.php:564
at vendor\laravel\framework\src\Illuminate\Database\Connection.php:811
at vendor\laravel\framework\src\Illuminate\Database\Connection.php:778
at vendor\laravel\framework\src\Illuminate\Database\Connection.php:559
at vendor\laravel\framework\src\Illuminate\Database\Connection.php:523
at vendor\laravel\framework\src\Illuminate\Database\Query\Processors\Processor.php:32
at vendor\laravel\framework\src\Illuminate\Database\Query\Builder.php:3853
at vendor\laravel\framework\src\Illuminate\Database\Eloquent\Builder.php:2235
at vendor\laravel\framework\src\Illuminate\Database\Eloquent\Model.php:1436
at vendor\laravel\framework\src\Illuminate\Database\Eloquent\Model.php:1401
at vendor\laravel\framework\src\Illuminate\Database\Eloquent\Model.php:1240
at vendor\laravel\framework\src\Illuminate\Database\Eloquent\Factories\Factory.php:370
at vendor\laravel\framework\src\Illuminate\Collections\Traits\EnumeratesValues.php:271
at vendor\laravel\framework\src\Illuminate\Database\Eloquent\Factories\Factory.php:365
at vendor\laravel\framework\src\Illuminate\Database\Eloquent\Factories\Factory.php:321
at tests\Unit\Models\BookingTest.php:16
Caused by
PDOException: SQLSTATE[HY000]: General error: 1 no such table: car_rental_users

at vendor\laravel\framework\src\Illuminate\Database\Connection.php:564
at vendor\laravel\framework\src\Illuminate\Database\Connection.php:811
at vendor\laravel\framework\src\Illuminate\Database\Connection.php:778
at vendor\laravel\framework\src\Illuminate\Database\Connection.php:559
at vendor\laravel\framework\src\Illuminate\Database\Connection.php:523
at vendor\laravel\framework\src\Illuminate\Database\Query\Processors\Processor.php:32
at vendor\laravel\framework\src\Illuminate\Database\Query\Builder.php:3853
at vendor\laravel\framework\src\Illuminate\Database\Eloquent\Builder.php:2235
at vendor\laravel\framework\src\Illuminate\Database\Eloquent\Model.php:1436
at vendor\laravel\framework\src\Illuminate\Database\Eloquent\Model.php:1401
at vendor\laravel\framework\src\Illuminate\Database\Eloquent\Model.php:1240
at vendor\laravel\framework\src\Illuminate\Database\Eloquent\Factories\Factory.php:370
at vendor\laravel\framework\src\Illuminate\Collections\Traits\EnumeratesValues.php:271
at vendor\laravel\framework\src\Illuminate\Database\Eloquent\Factories\Factory.php:365
at vendor\laravel\framework\src\Illuminate\Database\Eloquent\Factories\Factory.php:321
at tests\Unit\Models\BookingTest.php:16</error>
        </testcase>
        <testcase name="`Booking Model` → it validates date logic" file="tests\Unit\Models\BookingTest.php::`Booking Model` → it validates date logic" class="Tests\Unit\Models\BookingTest" classname="Tests.Unit.Models.BookingTest" assertions="0" time="0.000000">
          <error type="Illuminate\Database\QueryException">`Booking Model` → it validates date logicIlluminate\Database\QueryException: SQLSTATE[HY000]: General error: 1 no such table: car_rental_users (Connection: sqlite, SQL: insert into "car_rental_users" ("name", "email", "email_verified_at", "password", "phone", "role", "status", "license_number", "id_document_path", "license_document_path", "is_verified", "date_of_birth", "address", "remember_token", "updated_at", "created_at") values (Hershel Wyman, arvilla98@example.com, 2025-09-24 12:53:25, $2y$04$78g4B33dBB9yvLZHXPZyOuzF4w5wzk7FwYQTRiFHrXZoaR9VfYlfW, 1-830-628-2680, owner, pending, efy-7421-3062, documents/ids/01959368-1748-3e16-b04a-dce0e9405ed8.pdf, documents/licenses/61b23a59-0c10-3a86-b065-680192f0948d.pdf, 1, 1971-01-27 00:00:00, 7017 Adelle View
South Rosemarieburgh, KS 61436, zeI5adeSD0, 2025-09-24 12:53:25, 2025-09-24 12:53:25))&#13;
at vendor\laravel\framework\src\Illuminate\Database\Connection.php:564
at vendor\laravel\framework\src\Illuminate\Database\Connection.php:811
at vendor\laravel\framework\src\Illuminate\Database\Connection.php:778
at vendor\laravel\framework\src\Illuminate\Database\Connection.php:559
at vendor\laravel\framework\src\Illuminate\Database\Connection.php:523
at vendor\laravel\framework\src\Illuminate\Database\Query\Processors\Processor.php:32
at vendor\laravel\framework\src\Illuminate\Database\Query\Builder.php:3853
at vendor\laravel\framework\src\Illuminate\Database\Eloquent\Builder.php:2235
at vendor\laravel\framework\src\Illuminate\Database\Eloquent\Model.php:1436
at vendor\laravel\framework\src\Illuminate\Database\Eloquent\Model.php:1401
at vendor\laravel\framework\src\Illuminate\Database\Eloquent\Model.php:1240
at vendor\laravel\framework\src\Illuminate\Database\Eloquent\Factories\Factory.php:370
at vendor\laravel\framework\src\Illuminate\Collections\Traits\EnumeratesValues.php:271
at vendor\laravel\framework\src\Illuminate\Database\Eloquent\Factories\Factory.php:365
at vendor\laravel\framework\src\Illuminate\Database\Eloquent\Factories\Factory.php:321
at tests\Unit\Models\BookingTest.php:16
Caused by
PDOException: SQLSTATE[HY000]: General error: 1 no such table: car_rental_users

at vendor\laravel\framework\src\Illuminate\Database\Connection.php:564
at vendor\laravel\framework\src\Illuminate\Database\Connection.php:811
at vendor\laravel\framework\src\Illuminate\Database\Connection.php:778
at vendor\laravel\framework\src\Illuminate\Database\Connection.php:559
at vendor\laravel\framework\src\Illuminate\Database\Connection.php:523
at vendor\laravel\framework\src\Illuminate\Database\Query\Processors\Processor.php:32
at vendor\laravel\framework\src\Illuminate\Database\Query\Builder.php:3853
at vendor\laravel\framework\src\Illuminate\Database\Eloquent\Builder.php:2235
at vendor\laravel\framework\src\Illuminate\Database\Eloquent\Model.php:1436
at vendor\laravel\framework\src\Illuminate\Database\Eloquent\Model.php:1401
at vendor\laravel\framework\src\Illuminate\Database\Eloquent\Model.php:1240
at vendor\laravel\framework\src\Illuminate\Database\Eloquent\Factories\Factory.php:370
at vendor\laravel\framework\src\Illuminate\Collections\Traits\EnumeratesValues.php:271
at vendor\laravel\framework\src\Illuminate\Database\Eloquent\Factories\Factory.php:365
at vendor\laravel\framework\src\Illuminate\Database\Eloquent\Factories\Factory.php:321
at tests\Unit\Models\BookingTest.php:16</error>
        </testcase>
        <testcase name="`Booking Model` → it has one review" file="tests\Unit\Models\BookingTest.php::`Booking Model` → it has one review" class="Tests\Unit\Models\BookingTest" classname="Tests.Unit.Models.BookingTest" assertions="0" time="0.000000">
          <error type="Illuminate\Database\QueryException">`Booking Model` → it has one reviewIlluminate\Database\QueryException: SQLSTATE[HY000]: General error: 1 no such table: car_rental_users (Connection: sqlite, SQL: insert into "car_rental_users" ("name", "email", "email_verified_at", "password", "phone", "role", "status", "license_number", "id_document_path", "license_document_path", "is_verified", "date_of_birth", "address", "remember_token", "updated_at", "created_at") values (Keaton Ernser, kali.oconnell@example.net, 2025-09-24 12:53:25, $2y$04$78g4B33dBB9yvLZHXPZyOuzF4w5wzk7FwYQTRiFHrXZoaR9VfYlfW, 1-209-642-5527, owner, active, xzg-9605-9818, documents/ids/801a1119-9f75-3506-8de8-384ba93c8993.pdf, documents/licenses/53f01430-3448-32a8-93f9-05dbb8efee03.pdf, 0, 1993-02-10 00:00:00, 9261 Kulas Causeway
Port Joeland, OR 22661-1312, dV7LCuq2bR, 2025-09-24 12:53:25, 2025-09-24 12:53:25))&#13;
at vendor\laravel\framework\src\Illuminate\Database\Connection.php:564
at vendor\laravel\framework\src\Illuminate\Database\Connection.php:811
at vendor\laravel\framework\src\Illuminate\Database\Connection.php:778
at vendor\laravel\framework\src\Illuminate\Database\Connection.php:559
at vendor\laravel\framework\src\Illuminate\Database\Connection.php:523
at vendor\laravel\framework\src\Illuminate\Database\Query\Processors\Processor.php:32
at vendor\laravel\framework\src\Illuminate\Database\Query\Builder.php:3853
at vendor\laravel\framework\src\Illuminate\Database\Eloquent\Builder.php:2235
at vendor\laravel\framework\src\Illuminate\Database\Eloquent\Model.php:1436
at vendor\laravel\framework\src\Illuminate\Database\Eloquent\Model.php:1401
at vendor\laravel\framework\src\Illuminate\Database\Eloquent\Model.php:1240
at vendor\laravel\framework\src\Illuminate\Database\Eloquent\Factories\Factory.php:370
at vendor\laravel\framework\src\Illuminate\Collections\Traits\EnumeratesValues.php:271
at vendor\laravel\framework\src\Illuminate\Database\Eloquent\Factories\Factory.php:365
at vendor\laravel\framework\src\Illuminate\Database\Eloquent\Factories\Factory.php:321
at tests\Unit\Models\BookingTest.php:16
Caused by
PDOException: SQLSTATE[HY000]: General error: 1 no such table: car_rental_users

at vendor\laravel\framework\src\Illuminate\Database\Connection.php:564
at vendor\laravel\framework\src\Illuminate\Database\Connection.php:811
at vendor\laravel\framework\src\Illuminate\Database\Connection.php:778
at vendor\laravel\framework\src\Illuminate\Database\Connection.php:559
at vendor\laravel\framework\src\Illuminate\Database\Connection.php:523
at vendor\laravel\framework\src\Illuminate\Database\Query\Processors\Processor.php:32
at vendor\laravel\framework\src\Illuminate\Database\Query\Builder.php:3853
at vendor\laravel\framework\src\Illuminate\Database\Eloquent\Builder.php:2235
at vendor\laravel\framework\src\Illuminate\Database\Eloquent\Model.php:1436
at vendor\laravel\framework\src\Illuminate\Database\Eloquent\Model.php:1401
at vendor\laravel\framework\src\Illuminate\Database\Eloquent\Model.php:1240
at vendor\laravel\framework\src\Illuminate\Database\Eloquent\Factories\Factory.php:370
at vendor\laravel\framework\src\Illuminate\Collections\Traits\EnumeratesValues.php:271
at vendor\laravel\framework\src\Illuminate\Database\Eloquent\Factories\Factory.php:365
at vendor\laravel\framework\src\Illuminate\Database\Eloquent\Factories\Factory.php:321
at tests\Unit\Models\BookingTest.php:16</error>
        </testcase>
        <testcase name="`Booking Model` → it can soft delete" file="tests\Unit\Models\BookingTest.php::`Booking Model` → it can soft delete" class="Tests\Unit\Models\BookingTest" classname="Tests.Unit.Models.BookingTest" assertions="0" time="0.000000">
          <error type="Illuminate\Database\QueryException">`Booking Model` → it can soft deleteIlluminate\Database\QueryException: SQLSTATE[HY000]: General error: 1 no such table: car_rental_users (Connection: sqlite, SQL: insert into "car_rental_users" ("name", "email", "email_verified_at", "password", "phone", "role", "status", "license_number", "id_document_path", "license_document_path", "is_verified", "date_of_birth", "address", "remember_token", "updated_at", "created_at") values (Pattie Rice, jace.kozey@example.net, 2025-09-24 12:53:25, $2y$04$78g4B33dBB9yvLZHXPZyOuzF4w5wzk7FwYQTRiFHrXZoaR9VfYlfW, +1 (463) 605-1373, owner, pending, ycf-2003-3743, documents/ids/b405e220-c905-3923-8bc8-2231cbfab5a0.pdf, documents/licenses/75e56782-8bee-38c2-bfa3-7e1e8aede91d.pdf, 0, 1994-05-01 00:00:00, 944 Waters Expressway
Lake Tomaston, HI 87237, nT1TF9bYJc, 2025-09-24 12:53:25, 2025-09-24 12:53:25))&#13;
at vendor\laravel\framework\src\Illuminate\Database\Connection.php:564
at vendor\laravel\framework\src\Illuminate\Database\Connection.php:811
at vendor\laravel\framework\src\Illuminate\Database\Connection.php:778
at vendor\laravel\framework\src\Illuminate\Database\Connection.php:559
at vendor\laravel\framework\src\Illuminate\Database\Connection.php:523
at vendor\laravel\framework\src\Illuminate\Database\Query\Processors\Processor.php:32
at vendor\laravel\framework\src\Illuminate\Database\Query\Builder.php:3853
at vendor\laravel\framework\src\Illuminate\Database\Eloquent\Builder.php:2235
at vendor\laravel\framework\src\Illuminate\Database\Eloquent\Model.php:1436
at vendor\laravel\framework\src\Illuminate\Database\Eloquent\Model.php:1401
at vendor\laravel\framework\src\Illuminate\Database\Eloquent\Model.php:1240
at vendor\laravel\framework\src\Illuminate\Database\Eloquent\Factories\Factory.php:370
at vendor\laravel\framework\src\Illuminate\Collections\Traits\EnumeratesValues.php:271
at vendor\laravel\framework\src\Illuminate\Database\Eloquent\Factories\Factory.php:365
at vendor\laravel\framework\src\Illuminate\Database\Eloquent\Factories\Factory.php:321
at tests\Unit\Models\BookingTest.php:16
Caused by
PDOException: SQLSTATE[HY000]: General error: 1 no such table: car_rental_users

at vendor\laravel\framework\src\Illuminate\Database\Connection.php:564
at vendor\laravel\framework\src\Illuminate\Database\Connection.php:811
at vendor\laravel\framework\src\Illuminate\Database\Connection.php:778
at vendor\laravel\framework\src\Illuminate\Database\Connection.php:559
at vendor\laravel\framework\src\Illuminate\Database\Connection.php:523
at vendor\laravel\framework\src\Illuminate\Database\Query\Processors\Processor.php:32
at vendor\laravel\framework\src\Illuminate\Database\Query\Builder.php:3853
at vendor\laravel\framework\src\Illuminate\Database\Eloquent\Builder.php:2235
at vendor\laravel\framework\src\Illuminate\Database\Eloquent\Model.php:1436
at vendor\laravel\framework\src\Illuminate\Database\Eloquent\Model.php:1401
at vendor\laravel\framework\src\Illuminate\Database\Eloquent\Model.php:1240
at vendor\laravel\framework\src\Illuminate\Database\Eloquent\Factories\Factory.php:370
at vendor\laravel\framework\src\Illuminate\Collections\Traits\EnumeratesValues.php:271
at vendor\laravel\framework\src\Illuminate\Database\Eloquent\Factories\Factory.php:365
at vendor\laravel\framework\src\Illuminate\Database\Eloquent\Factories\Factory.php:321
at tests\Unit\Models\BookingTest.php:16</error>
        </testcase>
        <testcase name="`Booking Model` → it casts amounts to decimal" file="tests\Unit\Models\BookingTest.php::`Booking Model` → it casts amounts to decimal" class="Tests\Unit\Models\BookingTest" classname="Tests.Unit.Models.BookingTest" assertions="0" time="0.000000">
          <error type="Illuminate\Database\QueryException">`Booking Model` → it casts amounts to decimalIlluminate\Database\QueryException: SQLSTATE[HY000]: General error: 1 no such table: car_rental_users (Connection: sqlite, SQL: insert into "car_rental_users" ("name", "email", "email_verified_at", "password", "phone", "role", "status", "license_number", "id_document_path", "license_document_path", "is_verified", "date_of_birth", "address", "remember_token", "updated_at", "created_at") values (Wilbert Kuhic II, vivian.stanton@example.net, 2025-09-24 12:53:25, $2y$04$78g4B33dBB9yvLZHXPZyOuzF4w5wzk7FwYQTRiFHrXZoaR9VfYlfW, 1-567-806-8025, owner, active, vsc-7335-9922, documents/ids/d8a766c6-9819-3fa9-9dd0-e345c12722df.pdf, documents/licenses/085279b4-8013-3296-9191-4b981b44bf08.pdf, 1, 1970-08-06 00:00:00, 983 Sauer Corner
Alenefort, NJ 21811, x9vN3Oemd6, 2025-09-24 12:53:25, 2025-09-24 12:53:25))&#13;
at vendor\laravel\framework\src\Illuminate\Database\Connection.php:564
at vendor\laravel\framework\src\Illuminate\Database\Connection.php:811
at vendor\laravel\framework\src\Illuminate\Database\Connection.php:778
at vendor\laravel\framework\src\Illuminate\Database\Connection.php:559
at vendor\laravel\framework\src\Illuminate\Database\Connection.php:523
at vendor\laravel\framework\src\Illuminate\Database\Query\Processors\Processor.php:32
at vendor\laravel\framework\src\Illuminate\Database\Query\Builder.php:3853
at vendor\laravel\framework\src\Illuminate\Database\Eloquent\Builder.php:2235
at vendor\laravel\framework\src\Illuminate\Database\Eloquent\Model.php:1436
at vendor\laravel\framework\src\Illuminate\Database\Eloquent\Model.php:1401
at vendor\laravel\framework\src\Illuminate\Database\Eloquent\Model.php:1240
at vendor\laravel\framework\src\Illuminate\Database\Eloquent\Factories\Factory.php:370
at vendor\laravel\framework\src\Illuminate\Collections\Traits\EnumeratesValues.php:271
at vendor\laravel\framework\src\Illuminate\Database\Eloquent\Factories\Factory.php:365
at vendor\laravel\framework\src\Illuminate\Database\Eloquent\Factories\Factory.php:321
at tests\Unit\Models\BookingTest.php:16
Caused by
PDOException: SQLSTATE[HY000]: General error: 1 no such table: car_rental_users

at vendor\laravel\framework\src\Illuminate\Database\Connection.php:564
at vendor\laravel\framework\src\Illuminate\Database\Connection.php:811
at vendor\laravel\framework\src\Illuminate\Database\Connection.php:778
at vendor\laravel\framework\src\Illuminate\Database\Connection.php:559
at vendor\laravel\framework\src\Illuminate\Database\Connection.php:523
at vendor\laravel\framework\src\Illuminate\Database\Query\Processors\Processor.php:32
at vendor\laravel\framework\src\Illuminate\Database\Query\Builder.php:3853
at vendor\laravel\framework\src\Illuminate\Database\Eloquent\Builder.php:2235
at vendor\laravel\framework\src\Illuminate\Database\Eloquent\Model.php:1436
at vendor\laravel\framework\src\Illuminate\Database\Eloquent\Model.php:1401
at vendor\laravel\framework\src\Illuminate\Database\Eloquent\Model.php:1240
at vendor\laravel\framework\src\Illuminate\Database\Eloquent\Factories\Factory.php:370
at vendor\laravel\framework\src\Illuminate\Collections\Traits\EnumeratesValues.php:271
at vendor\laravel\framework\src\Illuminate\Database\Eloquent\Factories\Factory.php:365
at vendor\laravel\framework\src\Illuminate\Database\Eloquent\Factories\Factory.php:321
at tests\Unit\Models\BookingTest.php:16</error>
        </testcase>
        <testcase name="`Booking Model` → it casts dates correctly" file="tests\Unit\Models\BookingTest.php::`Booking Model` → it casts dates correctly" class="Tests\Unit\Models\BookingTest" classname="Tests.Unit.Models.BookingTest" assertions="0" time="0.000000">
          <error type="Illuminate\Database\QueryException">`Booking Model` → it casts dates correctlyIlluminate\Database\QueryException: SQLSTATE[HY000]: General error: 1 no such table: car_rental_users (Connection: sqlite, SQL: insert into "car_rental_users" ("name", "email", "email_verified_at", "password", "phone", "role", "status", "license_number", "id_document_path", "license_document_path", "is_verified", "date_of_birth", "address", "remember_token", "updated_at", "created_at") values (Halle Nitzsche, wilmer73@example.org, 2025-09-24 12:53:25, $2y$04$78g4B33dBB9yvLZHXPZyOuzF4w5wzk7FwYQTRiFHrXZoaR9VfYlfW, (478) 245-4884, owner, approved, hwy-5199-5096, documents/ids/a253e2c1-94d9-3b38-ab5d-1fa81534c20c.pdf, documents/licenses/ea56a17a-13fa-3f7a-9962-92378f04d4b1.pdf, 1, 1996-01-14 00:00:00, 973 Alexane Loaf Suite 308
Port Damionland, CO 60989, oS361gFWOP, 2025-09-24 12:53:25, 2025-09-24 12:53:25))&#13;
at vendor\laravel\framework\src\Illuminate\Database\Connection.php:564
at vendor\laravel\framework\src\Illuminate\Database\Connection.php:811
at vendor\laravel\framework\src\Illuminate\Database\Connection.php:778
at vendor\laravel\framework\src\Illuminate\Database\Connection.php:559
at vendor\laravel\framework\src\Illuminate\Database\Connection.php:523
at vendor\laravel\framework\src\Illuminate\Database\Query\Processors\Processor.php:32
at vendor\laravel\framework\src\Illuminate\Database\Query\Builder.php:3853
at vendor\laravel\framework\src\Illuminate\Database\Eloquent\Builder.php:2235
at vendor\laravel\framework\src\Illuminate\Database\Eloquent\Model.php:1436
at vendor\laravel\framework\src\Illuminate\Database\Eloquent\Model.php:1401
at vendor\laravel\framework\src\Illuminate\Database\Eloquent\Model.php:1240
at vendor\laravel\framework\src\Illuminate\Database\Eloquent\Factories\Factory.php:370
at vendor\laravel\framework\src\Illuminate\Collections\Traits\EnumeratesValues.php:271
at vendor\laravel\framework\src\Illuminate\Database\Eloquent\Factories\Factory.php:365
at vendor\laravel\framework\src\Illuminate\Database\Eloquent\Factories\Factory.php:321
at tests\Unit\Models\BookingTest.php:16
Caused by
PDOException: SQLSTATE[HY000]: General error: 1 no such table: car_rental_users

at vendor\laravel\framework\src\Illuminate\Database\Connection.php:564
at vendor\laravel\framework\src\Illuminate\Database\Connection.php:811
at vendor\laravel\framework\src\Illuminate\Database\Connection.php:778
at vendor\laravel\framework\src\Illuminate\Database\Connection.php:559
at vendor\laravel\framework\src\Illuminate\Database\Connection.php:523
at vendor\laravel\framework\src\Illuminate\Database\Query\Processors\Processor.php:32
at vendor\laravel\framework\src\Illuminate\Database\Query\Builder.php:3853
at vendor\laravel\framework\src\Illuminate\Database\Eloquent\Builder.php:2235
at vendor\laravel\framework\src\Illuminate\Database\Eloquent\Model.php:1436
at vendor\laravel\framework\src\Illuminate\Database\Eloquent\Model.php:1401
at vendor\laravel\framework\src\Illuminate\Database\Eloquent\Model.php:1240
at vendor\laravel\framework\src\Illuminate\Database\Eloquent\Factories\Factory.php:370
at vendor\laravel\framework\src\Illuminate\Collections\Traits\EnumeratesValues.php:271
at vendor\laravel\framework\src\Illuminate\Database\Eloquent\Factories\Factory.php:365
at vendor\laravel\framework\src\Illuminate\Database\Eloquent\Factories\Factory.php:321
at tests\Unit\Models\BookingTest.php:16</error>
        </testcase>
        <testcase name="`Booking Model` → it belongs to a renter" file="tests\Unit\Models\BookingTest.php::`Booking Model` → it belongs to a renter" class="Tests\Unit\Models\BookingTest" classname="Tests.Unit.Models.BookingTest" assertions="0" time="0.000000">
          <error type="Illuminate\Database\QueryException">`Booking Model` → it belongs to a renterIlluminate\Database\QueryException: SQLSTATE[HY000]: General error: 1 no such table: car_rental_users (Connection: sqlite, SQL: insert into "car_rental_users" ("name", "email", "email_verified_at", "password", "phone", "role", "status", "license_number", "id_document_path", "license_document_path", "is_verified", "date_of_birth", "address", "remember_token", "updated_at", "created_at") values (Dr. Mireya Hand, cullen82@example.com, 2025-09-24 12:53:25, $2y$04$78g4B33dBB9yvLZHXPZyOuzF4w5wzk7FwYQTRiFHrXZoaR9VfYlfW, (931) 279-8758, owner, active, qek-3124-7213, documents/ids/b1506fdd-69e5-3e51-9a83-f86e8815fcd4.pdf, documents/licenses/f6f31562-dba5-3ea3-90da-4e21955e4cd6.pdf, 1, 1994-05-16 00:00:00, 5424 Jaylan Drive
Sabrynachester, HI 40050, UFDuyBmHmH, 2025-09-24 12:53:25, 2025-09-24 12:53:25))&#13;
at vendor\laravel\framework\src\Illuminate\Database\Connection.php:564
at vendor\laravel\framework\src\Illuminate\Database\Connection.php:811
at vendor\laravel\framework\src\Illuminate\Database\Connection.php:778
at vendor\laravel\framework\src\Illuminate\Database\Connection.php:559
at vendor\laravel\framework\src\Illuminate\Database\Connection.php:523
at vendor\laravel\framework\src\Illuminate\Database\Query\Processors\Processor.php:32
at vendor\laravel\framework\src\Illuminate\Database\Query\Builder.php:3853
at vendor\laravel\framework\src\Illuminate\Database\Eloquent\Builder.php:2235
at vendor\laravel\framework\src\Illuminate\Database\Eloquent\Model.php:1436
at vendor\laravel\framework\src\Illuminate\Database\Eloquent\Model.php:1401
at vendor\laravel\framework\src\Illuminate\Database\Eloquent\Model.php:1240
at vendor\laravel\framework\src\Illuminate\Database\Eloquent\Factories\Factory.php:370
at vendor\laravel\framework\src\Illuminate\Collections\Traits\EnumeratesValues.php:271
at vendor\laravel\framework\src\Illuminate\Database\Eloquent\Factories\Factory.php:365
at vendor\laravel\framework\src\Illuminate\Database\Eloquent\Factories\Factory.php:321
at tests\Unit\Models\BookingTest.php:16
Caused by
PDOException: SQLSTATE[HY000]: General error: 1 no such table: car_rental_users

at vendor\laravel\framework\src\Illuminate\Database\Connection.php:564
at vendor\laravel\framework\src\Illuminate\Database\Connection.php:811
at vendor\laravel\framework\src\Illuminate\Database\Connection.php:778
at vendor\laravel\framework\src\Illuminate\Database\Connection.php:559
at vendor\laravel\framework\src\Illuminate\Database\Connection.php:523
at vendor\laravel\framework\src\Illuminate\Database\Query\Processors\Processor.php:32
at vendor\laravel\framework\src\Illuminate\Database\Query\Builder.php:3853
at vendor\laravel\framework\src\Illuminate\Database\Eloquent\Builder.php:2235
at vendor\laravel\framework\src\Illuminate\Database\Eloquent\Model.php:1436
at vendor\laravel\framework\src\Illuminate\Database\Eloquent\Model.php:1401
at vendor\laravel\framework\src\Illuminate\Database\Eloquent\Model.php:1240
at vendor\laravel\framework\src\Illuminate\Database\Eloquent\Factories\Factory.php:370
at vendor\laravel\framework\src\Illuminate\Collections\Traits\EnumeratesValues.php:271
at vendor\laravel\framework\src\Illuminate\Database\Eloquent\Factories\Factory.php:365
at vendor\laravel\framework\src\Illuminate\Database\Eloquent\Factories\Factory.php:321
at tests\Unit\Models\BookingTest.php:16</error>
        </testcase>
        <testcase name="`Booking Model` → it belongs to a vehicle" file="tests\Unit\Models\BookingTest.php::`Booking Model` → it belongs to a vehicle" class="Tests\Unit\Models\BookingTest" classname="Tests.Unit.Models.BookingTest" assertions="0" time="0.000000">
          <error type="Illuminate\Database\QueryException">`Booking Model` → it belongs to a vehicleIlluminate\Database\QueryException: SQLSTATE[HY000]: General error: 1 no such table: car_rental_users (Connection: sqlite, SQL: insert into "car_rental_users" ("name", "email", "email_verified_at", "password", "phone", "role", "status", "license_number", "id_document_path", "license_document_path", "is_verified", "date_of_birth", "address", "remember_token", "updated_at", "created_at") values (Hortense Mitchell, herman.xavier@example.org, 2025-09-24 12:53:25, $2y$04$78g4B33dBB9yvLZHXPZyOuzF4w5wzk7FwYQTRiFHrXZoaR9VfYlfW, +1.351.240.2698, owner, pending, htc-7212-6527, documents/ids/1d6b07dc-16e1-3314-95c2-b4a6c60cb3a5.pdf, documents/licenses/cc382466-ec49-3bda-b0c9-fdce7dadac58.pdf, 1, 2002-06-14 00:00:00, 80078 Rau Squares
Kenyahaven, WI 80448, Un7XpHx5co, 2025-09-24 12:53:25, 2025-09-24 12:53:25))&#13;
at vendor\laravel\framework\src\Illuminate\Database\Connection.php:564
at vendor\laravel\framework\src\Illuminate\Database\Connection.php:811
at vendor\laravel\framework\src\Illuminate\Database\Connection.php:778
at vendor\laravel\framework\src\Illuminate\Database\Connection.php:559
at vendor\laravel\framework\src\Illuminate\Database\Connection.php:523
at vendor\laravel\framework\src\Illuminate\Database\Query\Processors\Processor.php:32
at vendor\laravel\framework\src\Illuminate\Database\Query\Builder.php:3853
at vendor\laravel\framework\src\Illuminate\Database\Eloquent\Builder.php:2235
at vendor\laravel\framework\src\Illuminate\Database\Eloquent\Model.php:1436
at vendor\laravel\framework\src\Illuminate\Database\Eloquent\Model.php:1401
at vendor\laravel\framework\src\Illuminate\Database\Eloquent\Model.php:1240
at vendor\laravel\framework\src\Illuminate\Database\Eloquent\Factories\Factory.php:370
at vendor\laravel\framework\src\Illuminate\Collections\Traits\EnumeratesValues.php:271
at vendor\laravel\framework\src\Illuminate\Database\Eloquent\Factories\Factory.php:365
at vendor\laravel\framework\src\Illuminate\Database\Eloquent\Factories\Factory.php:321
at tests\Unit\Models\BookingTest.php:16
Caused by
PDOException: SQLSTATE[HY000]: General error: 1 no such table: car_rental_users

at vendor\laravel\framework\src\Illuminate\Database\Connection.php:564
at vendor\laravel\framework\src\Illuminate\Database\Connection.php:811
at vendor\laravel\framework\src\Illuminate\Database\Connection.php:778
at vendor\laravel\framework\src\Illuminate\Database\Connection.php:559
at vendor\laravel\framework\src\Illuminate\Database\Connection.php:523
at vendor\laravel\framework\src\Illuminate\Database\Query\Processors\Processor.php:32
at vendor\laravel\framework\src\Illuminate\Database\Query\Builder.php:3853
at vendor\laravel\framework\src\Illuminate\Database\Eloquent\Builder.php:2235
at vendor\laravel\framework\src\Illuminate\Database\Eloquent\Model.php:1436
at vendor\laravel\framework\src\Illuminate\Database\Eloquent\Model.php:1401
at vendor\laravel\framework\src\Illuminate\Database\Eloquent\Model.php:1240
at vendor\laravel\framework\src\Illuminate\Database\Eloquent\Factories\Factory.php:370
at vendor\laravel\framework\src\Illuminate\Collections\Traits\EnumeratesValues.php:271
at vendor\laravel\framework\src\Illuminate\Database\Eloquent\Factories\Factory.php:365
at vendor\laravel\framework\src\Illuminate\Database\Eloquent\Factories\Factory.php:321
at tests\Unit\Models\BookingTest.php:16</error>
        </testcase>
        <testcase name="`Booking Model` → it uses correct table name" file="tests\Unit\Models\BookingTest.php::`Booking Model` → it uses correct table name" class="Tests\Unit\Models\BookingTest" classname="Tests.Unit.Models.BookingTest" assertions="0" time="0.000000">
          <error type="Illuminate\Database\QueryException">`Booking Model` → it uses correct table nameIlluminate\Database\QueryException: SQLSTATE[HY000]: General error: 1 no such table: car_rental_users (Connection: sqlite, SQL: insert into "car_rental_users" ("name", "email", "email_verified_at", "password", "phone", "role", "status", "license_number", "id_document_path", "license_document_path", "is_verified", "date_of_birth", "address", "remember_token", "updated_at", "created_at") values (Prof. Muhammad Stark, wisoky.freeman@example.com, 2025-09-24 12:53:26, $2y$04$78g4B33dBB9yvLZHXPZyOuzF4w5wzk7FwYQTRiFHrXZoaR9VfYlfW, +1-772-241-1904, owner, approved, olb-8990-3908, documents/ids/b37583a0-17d1-3473-ab5f-1f5950e90544.pdf, documents/licenses/b346113a-2c2c-35e2-b552-0d4fe6e2407c.pdf, 1, 1964-05-10 00:00:00, 494 Selena Ports
Lake Audra, GA 50902, qa6zi1UdT1, 2025-09-24 12:53:26, 2025-09-24 12:53:26))&#13;
at vendor\laravel\framework\src\Illuminate\Database\Connection.php:564
at vendor\laravel\framework\src\Illuminate\Database\Connection.php:811
at vendor\laravel\framework\src\Illuminate\Database\Connection.php:778
at vendor\laravel\framework\src\Illuminate\Database\Connection.php:559
at vendor\laravel\framework\src\Illuminate\Database\Connection.php:523
at vendor\laravel\framework\src\Illuminate\Database\Query\Processors\Processor.php:32
at vendor\laravel\framework\src\Illuminate\Database\Query\Builder.php:3853
at vendor\laravel\framework\src\Illuminate\Database\Eloquent\Builder.php:2235
at vendor\laravel\framework\src\Illuminate\Database\Eloquent\Model.php:1436
at vendor\laravel\framework\src\Illuminate\Database\Eloquent\Model.php:1401
at vendor\laravel\framework\src\Illuminate\Database\Eloquent\Model.php:1240
at vendor\laravel\framework\src\Illuminate\Database\Eloquent\Factories\Factory.php:370
at vendor\laravel\framework\src\Illuminate\Collections\Traits\EnumeratesValues.php:271
at vendor\laravel\framework\src\Illuminate\Database\Eloquent\Factories\Factory.php:365
at vendor\laravel\framework\src\Illuminate\Database\Eloquent\Factories\Factory.php:321
at tests\Unit\Models\BookingTest.php:16
Caused by
PDOException: SQLSTATE[HY000]: General error: 1 no such table: car_rental_users

at vendor\laravel\framework\src\Illuminate\Database\Connection.php:564
at vendor\laravel\framework\src\Illuminate\Database\Connection.php:811
at vendor\laravel\framework\src\Illuminate\Database\Connection.php:778
at vendor\laravel\framework\src\Illuminate\Database\Connection.php:559
at vendor\laravel\framework\src\Illuminate\Database\Connection.php:523
at vendor\laravel\framework\src\Illuminate\Database\Query\Processors\Processor.php:32
at vendor\laravel\framework\src\Illuminate\Database\Query\Builder.php:3853
at vendor\laravel\framework\src\Illuminate\Database\Eloquent\Builder.php:2235
at vendor\laravel\framework\src\Illuminate\Database\Eloquent\Model.php:1436
at vendor\laravel\framework\src\Illuminate\Database\Eloquent\Model.php:1401
at vendor\laravel\framework\src\Illuminate\Database\Eloquent\Model.php:1240
at vendor\laravel\framework\src\Illuminate\Database\Eloquent\Factories\Factory.php:370
at vendor\laravel\framework\src\Illuminate\Collections\Traits\EnumeratesValues.php:271
at vendor\laravel\framework\src\Illuminate\Database\Eloquent\Factories\Factory.php:365
at vendor\laravel\framework\src\Illuminate\Database\Eloquent\Factories\Factory.php:321
at tests\Unit\Models\BookingTest.php:16</error>
        </testcase>
        <testcase name="`Booking Model` → it can have different statuses" file="tests\Unit\Models\BookingTest.php::`Booking Model` → it can have different statuses" class="Tests\Unit\Models\BookingTest" classname="Tests.Unit.Models.BookingTest" assertions="0" time="0.000000">
          <error type="Illuminate\Database\QueryException">`Booking Model` → it can have different statusesIlluminate\Database\QueryException: SQLSTATE[HY000]: General error: 1 no such table: car_rental_users (Connection: sqlite, SQL: insert into "car_rental_users" ("name", "email", "email_verified_at", "password", "phone", "role", "status", "license_number", "id_document_path", "license_document_path", "is_verified", "date_of_birth", "address", "remember_token", "updated_at", "created_at") values (Rosanna Rodriguez, emorar@example.net, 2025-09-24 12:53:26, $2y$04$78g4B33dBB9yvLZHXPZyOuzF4w5wzk7FwYQTRiFHrXZoaR9VfYlfW, 272.548.3233, owner, approved, tkg-1719-7392, documents/ids/ef4419d6-740b-382c-a481-122c38cb039a.pdf, documents/licenses/9e8a6b46-429c-3ee4-984c-c91456c62d54.pdf, 1, 1989-03-21 00:00:00, 1054 Kirlin Valley Apt. 428
Macejkovictown, TN 24950-8673, gCrCqO75Rc, 2025-09-24 12:53:26, 2025-09-24 12:53:26))&#13;
at vendor\laravel\framework\src\Illuminate\Database\Connection.php:564
at vendor\laravel\framework\src\Illuminate\Database\Connection.php:811
at vendor\laravel\framework\src\Illuminate\Database\Connection.php:778
at vendor\laravel\framework\src\Illuminate\Database\Connection.php:559
at vendor\laravel\framework\src\Illuminate\Database\Connection.php:523
at vendor\laravel\framework\src\Illuminate\Database\Query\Processors\Processor.php:32
at vendor\laravel\framework\src\Illuminate\Database\Query\Builder.php:3853
at vendor\laravel\framework\src\Illuminate\Database\Eloquent\Builder.php:2235
at vendor\laravel\framework\src\Illuminate\Database\Eloquent\Model.php:1436
at vendor\laravel\framework\src\Illuminate\Database\Eloquent\Model.php:1401
at vendor\laravel\framework\src\Illuminate\Database\Eloquent\Model.php:1240
at vendor\laravel\framework\src\Illuminate\Database\Eloquent\Factories\Factory.php:370
at vendor\laravel\framework\src\Illuminate\Collections\Traits\EnumeratesValues.php:271
at vendor\laravel\framework\src\Illuminate\Database\Eloquent\Factories\Factory.php:365
at vendor\laravel\framework\src\Illuminate\Database\Eloquent\Factories\Factory.php:321
at tests\Unit\Models\BookingTest.php:16
Caused by
PDOException: SQLSTATE[HY000]: General error: 1 no such table: car_rental_users

at vendor\laravel\framework\src\Illuminate\Database\Connection.php:564
at vendor\laravel\framework\src\Illuminate\Database\Connection.php:811
at vendor\laravel\framework\src\Illuminate\Database\Connection.php:778
at vendor\laravel\framework\src\Illuminate\Database\Connection.php:559
at vendor\laravel\framework\src\Illuminate\Database\Connection.php:523
at vendor\laravel\framework\src\Illuminate\Database\Query\Processors\Processor.php:32
at vendor\laravel\framework\src\Illuminate\Database\Query\Builder.php:3853
at vendor\laravel\framework\src\Illuminate\Database\Eloquent\Builder.php:2235
at vendor\laravel\framework\src\Illuminate\Database\Eloquent\Model.php:1436
at vendor\laravel\framework\src\Illuminate\Database\Eloquent\Model.php:1401
at vendor\laravel\framework\src\Illuminate\Database\Eloquent\Model.php:1240
at vendor\laravel\framework\src\Illuminate\Database\Eloquent\Factories\Factory.php:370
at vendor\laravel\framework\src\Illuminate\Collections\Traits\EnumeratesValues.php:271
at vendor\laravel\framework\src\Illuminate\Database\Eloquent\Factories\Factory.php:365
at vendor\laravel\framework\src\Illuminate\Database\Eloquent\Factories\Factory.php:321
at tests\Unit\Models\BookingTest.php:16</error>
        </testcase>
        <testcase name="`Booking Model` → it has many payments" file="tests\Unit\Models\BookingTest.php::`Booking Model` → it has many payments" class="Tests\Unit\Models\BookingTest" classname="Tests.Unit.Models.BookingTest" assertions="0" time="0.000000">
          <error type="Illuminate\Database\QueryException">`Booking Model` → it has many paymentsIlluminate\Database\QueryException: SQLSTATE[HY000]: General error: 1 no such table: car_rental_users (Connection: sqlite, SQL: insert into "car_rental_users" ("name", "email", "email_verified_at", "password", "phone", "role", "status", "license_number", "id_document_path", "license_document_path", "is_verified", "date_of_birth", "address", "remember_token", "updated_at", "created_at") values (Anahi Reilly, lue.schaden@example.net, 2025-09-24 12:53:26, $2y$04$78g4B33dBB9yvLZHXPZyOuzF4w5wzk7FwYQTRiFHrXZoaR9VfYlfW, +1-954-907-2556, owner, active, kjt-8783-7089, documents/ids/60fa0ce3-6314-32ba-a1c8-c95f79eb8508.pdf, documents/licenses/dba71194-0cb4-3a8c-bfbc-158f425c4962.pdf, 1, 1972-02-17 00:00:00, 862 Crystal Branch
Bergstromstad, VT 18872, hNG21I6BJc, 2025-09-24 12:53:26, 2025-09-24 12:53:26))&#13;
at vendor\laravel\framework\src\Illuminate\Database\Connection.php:564
at vendor\laravel\framework\src\Illuminate\Database\Connection.php:811
at vendor\laravel\framework\src\Illuminate\Database\Connection.php:778
at vendor\laravel\framework\src\Illuminate\Database\Connection.php:559
at vendor\laravel\framework\src\Illuminate\Database\Connection.php:523
at vendor\laravel\framework\src\Illuminate\Database\Query\Processors\Processor.php:32
at vendor\laravel\framework\src\Illuminate\Database\Query\Builder.php:3853
at vendor\laravel\framework\src\Illuminate\Database\Eloquent\Builder.php:2235
at vendor\laravel\framework\src\Illuminate\Database\Eloquent\Model.php:1436
at vendor\laravel\framework\src\Illuminate\Database\Eloquent\Model.php:1401
at vendor\laravel\framework\src\Illuminate\Database\Eloquent\Model.php:1240
at vendor\laravel\framework\src\Illuminate\Database\Eloquent\Factories\Factory.php:370
at vendor\laravel\framework\src\Illuminate\Collections\Traits\EnumeratesValues.php:271
at vendor\laravel\framework\src\Illuminate\Database\Eloquent\Factories\Factory.php:365
at vendor\laravel\framework\src\Illuminate\Database\Eloquent\Factories\Factory.php:321
at tests\Unit\Models\BookingTest.php:16
Caused by
PDOException: SQLSTATE[HY000]: General error: 1 no such table: car_rental_users

at vendor\laravel\framework\src\Illuminate\Database\Connection.php:564
at vendor\laravel\framework\src\Illuminate\Database\Connection.php:811
at vendor\laravel\framework\src\Illuminate\Database\Connection.php:778
at vendor\laravel\framework\src\Illuminate\Database\Connection.php:559
at vendor\laravel\framework\src\Illuminate\Database\Connection.php:523
at vendor\laravel\framework\src\Illuminate\Database\Query\Processors\Processor.php:32
at vendor\laravel\framework\src\Illuminate\Database\Query\Builder.php:3853
at vendor\laravel\framework\src\Illuminate\Database\Eloquent\Builder.php:2235
at vendor\laravel\framework\src\Illuminate\Database\Eloquent\Model.php:1436
at vendor\laravel\framework\src\Illuminate\Database\Eloquent\Model.php:1401
at vendor\laravel\framework\src\Illuminate\Database\Eloquent\Model.php:1240
at vendor\laravel\framework\src\Illuminate\Database\Eloquent\Factories\Factory.php:370
at vendor\laravel\framework\src\Illuminate\Collections\Traits\EnumeratesValues.php:271
at vendor\laravel\framework\src\Illuminate\Database\Eloquent\Factories\Factory.php:365
at vendor\laravel\framework\src\Illuminate\Database\Eloquent\Factories\Factory.php:321
at tests\Unit\Models\BookingTest.php:16</error>
        </testcase>
        <testcase name="`Booking Model` → it calculates booking duration correctly" file="tests\Unit\Models\BookingTest.php::`Booking Model` → it calculates booking duration correctly" class="Tests\Unit\Models\BookingTest" classname="Tests.Unit.Models.BookingTest" assertions="0" time="0.000000">
          <error type="Illuminate\Database\QueryException">`Booking Model` → it calculates booking duration correctlyIlluminate\Database\QueryException: SQLSTATE[HY000]: General error: 1 no such table: car_rental_users (Connection: sqlite, SQL: insert into "car_rental_users" ("name", "email", "email_verified_at", "password", "phone", "role", "status", "license_number", "id_document_path", "license_document_path", "is_verified", "date_of_birth", "address", "remember_token", "updated_at", "created_at") values (Trudie Upton, sandrine.yundt@example.org, 2025-09-24 12:53:26, $2y$04$78g4B33dBB9yvLZHXPZyOuzF4w5wzk7FwYQTRiFHrXZoaR9VfYlfW, 1-818-591-5363, owner, approved, lni-4056-3066, documents/ids/5a280a5c-74cd-3515-b12f-215b845ff4c0.pdf, documents/licenses/08f808d9-8f75-3f6b-a162-315ba2595eff.pdf, 1, 2007-06-23 00:00:00, 7521 Freida Mission Suite 898
Christophehaven, MA 92188, aoY0XCJdlc, 2025-09-24 12:53:26, 2025-09-24 12:53:26))&#13;
at vendor\laravel\framework\src\Illuminate\Database\Connection.php:564
at vendor\laravel\framework\src\Illuminate\Database\Connection.php:811
at vendor\laravel\framework\src\Illuminate\Database\Connection.php:778
at vendor\laravel\framework\src\Illuminate\Database\Connection.php:559
at vendor\laravel\framework\src\Illuminate\Database\Connection.php:523
at vendor\laravel\framework\src\Illuminate\Database\Query\Processors\Processor.php:32
at vendor\laravel\framework\src\Illuminate\Database\Query\Builder.php:3853
at vendor\laravel\framework\src\Illuminate\Database\Eloquent\Builder.php:2235
at vendor\laravel\framework\src\Illuminate\Database\Eloquent\Model.php:1436
at vendor\laravel\framework\src\Illuminate\Database\Eloquent\Model.php:1401
at vendor\laravel\framework\src\Illuminate\Database\Eloquent\Model.php:1240
at vendor\laravel\framework\src\Illuminate\Database\Eloquent\Factories\Factory.php:370
at vendor\laravel\framework\src\Illuminate\Collections\Traits\EnumeratesValues.php:271
at vendor\laravel\framework\src\Illuminate\Database\Eloquent\Factories\Factory.php:365
at vendor\laravel\framework\src\Illuminate\Database\Eloquent\Factories\Factory.php:321
at tests\Unit\Models\BookingTest.php:16
Caused by
PDOException: SQLSTATE[HY000]: General error: 1 no such table: car_rental_users

at vendor\laravel\framework\src\Illuminate\Database\Connection.php:564
at vendor\laravel\framework\src\Illuminate\Database\Connection.php:811
at vendor\laravel\framework\src\Illuminate\Database\Connection.php:778
at vendor\laravel\framework\src\Illuminate\Database\Connection.php:559
at vendor\laravel\framework\src\Illuminate\Database\Connection.php:523
at vendor\laravel\framework\src\Illuminate\Database\Query\Processors\Processor.php:32
at vendor\laravel\framework\src\Illuminate\Database\Query\Builder.php:3853
at vendor\laravel\framework\src\Illuminate\Database\Eloquent\Builder.php:2235
at vendor\laravel\framework\src\Illuminate\Database\Eloquent\Model.php:1436
at vendor\laravel\framework\src\Illuminate\Database\Eloquent\Model.php:1401
at vendor\laravel\framework\src\Illuminate\Database\Eloquent\Model.php:1240
at vendor\laravel\framework\src\Illuminate\Database\Eloquent\Factories\Factory.php:370
at vendor\laravel\framework\src\Illuminate\Collections\Traits\EnumeratesValues.php:271
at vendor\laravel\framework\src\Illuminate\Database\Eloquent\Factories\Factory.php:365
at vendor\laravel\framework\src\Illuminate\Database\Eloquent\Factories\Factory.php:321
at tests\Unit\Models\BookingTest.php:16</error>
        </testcase>
      </testsuite>
      <testsuite name="Tests\Unit\Repositories\VehicleRepositoryTest" file="tests\Unit\Repositories\VehicleRepositoryTest.php" tests="7" assertions="0" errors="7" failures="0" skipped="0" time="0.000000">
        <testcase name="`VehicleRepository` → it can search vehicles with filters" file="tests\Unit\Repositories\VehicleRepositoryTest.php::`VehicleRepository` → it can search vehicles with filters" class="Tests\Unit\Repositories\VehicleRepositoryTest" classname="Tests.Unit.Repositories.VehicleRepositoryTest" assertions="0" time="0.000000">
          <error type="Illuminate\Database\QueryException">`VehicleRepository` → it can search vehicles with filtersIlluminate\Database\QueryException: SQLSTATE[HY000]: General error: 1 no such table: car_rental_users (Connection: sqlite, SQL: insert into "car_rental_users" ("name", "email", "email_verified_at", "password", "phone", "role", "status", "license_number", "id_document_path", "license_document_path", "is_verified", "date_of_birth", "address", "remember_token", "updated_at", "created_at") values (Duane Harris, lehner.frank@example.net, 2025-09-24 12:53:26, $2y$04$78g4B33dBB9yvLZHXPZyOuzF4w5wzk7FwYQTRiFHrXZoaR9VfYlfW, (323) 631-8166, owner, active, kyt-4498-1833, documents/ids/b53687ac-df0e-3245-bef8-8af76296e810.pdf, documents/licenses/112c0447-2042-3bbb-97ab-7918700b75f5.pdf, 1, 1964-02-01 00:00:00, 993 Bednar Gardens Suite 482
South Talonstad, IN 66787-8499, fD4DDrGURO, 2025-09-24 12:53:26, 2025-09-24 12:53:26))&#13;
at vendor\laravel\framework\src\Illuminate\Database\Connection.php:564
at vendor\laravel\framework\src\Illuminate\Database\Connection.php:811
at vendor\laravel\framework\src\Illuminate\Database\Connection.php:778
at vendor\laravel\framework\src\Illuminate\Database\Connection.php:559
at vendor\laravel\framework\src\Illuminate\Database\Connection.php:523
at vendor\laravel\framework\src\Illuminate\Database\Query\Processors\Processor.php:32
at vendor\laravel\framework\src\Illuminate\Database\Query\Builder.php:3853
at vendor\laravel\framework\src\Illuminate\Database\Eloquent\Builder.php:2235
at vendor\laravel\framework\src\Illuminate\Database\Eloquent\Model.php:1436
at vendor\laravel\framework\src\Illuminate\Database\Eloquent\Model.php:1401
at vendor\laravel\framework\src\Illuminate\Database\Eloquent\Model.php:1240
at vendor\laravel\framework\src\Illuminate\Database\Eloquent\Factories\Factory.php:370
at vendor\laravel\framework\src\Illuminate\Collections\Traits\EnumeratesValues.php:271
at vendor\laravel\framework\src\Illuminate\Database\Eloquent\Factories\Factory.php:365
at vendor\laravel\framework\src\Illuminate\Database\Eloquent\Factories\Factory.php:321
at tests\Unit\Repositories\VehicleRepositoryTest.php:13
Caused by
PDOException: SQLSTATE[HY000]: General error: 1 no such table: car_rental_users

at vendor\laravel\framework\src\Illuminate\Database\Connection.php:564
at vendor\laravel\framework\src\Illuminate\Database\Connection.php:811
at vendor\laravel\framework\src\Illuminate\Database\Connection.php:778
at vendor\laravel\framework\src\Illuminate\Database\Connection.php:559
at vendor\laravel\framework\src\Illuminate\Database\Connection.php:523
at vendor\laravel\framework\src\Illuminate\Database\Query\Processors\Processor.php:32
at vendor\laravel\framework\src\Illuminate\Database\Query\Builder.php:3853
at vendor\laravel\framework\src\Illuminate\Database\Eloquent\Builder.php:2235
at vendor\laravel\framework\src\Illuminate\Database\Eloquent\Model.php:1436
at vendor\laravel\framework\src\Illuminate\Database\Eloquent\Model.php:1401
at vendor\laravel\framework\src\Illuminate\Database\Eloquent\Model.php:1240
at vendor\laravel\framework\src\Illuminate\Database\Eloquent\Factories\Factory.php:370
at vendor\laravel\framework\src\Illuminate\Collections\Traits\EnumeratesValues.php:271
at vendor\laravel\framework\src\Illuminate\Database\Eloquent\Factories\Factory.php:365
at vendor\laravel\framework\src\Illuminate\Database\Eloquent\Factories\Factory.php:321
at tests\Unit\Repositories\VehicleRepositoryTest.php:13</error>
        </testcase>
        <testcase name="`VehicleRepository` → it can find vehicle with details" file="tests\Unit\Repositories\VehicleRepositoryTest.php::`VehicleRepository` → it can find vehicle with details" class="Tests\Unit\Repositories\VehicleRepositoryTest" classname="Tests.Unit.Repositories.VehicleRepositoryTest" assertions="0" time="0.000000">
          <error type="Illuminate\Database\QueryException">`VehicleRepository` → it can find vehicle with detailsIlluminate\Database\QueryException: SQLSTATE[HY000]: General error: 1 no such table: car_rental_users (Connection: sqlite, SQL: insert into "car_rental_users" ("name", "email", "email_verified_at", "password", "phone", "role", "status", "license_number", "id_document_path", "license_document_path", "is_verified", "date_of_birth", "address", "remember_token", "updated_at", "created_at") values (Alycia Willms, unique74@example.net, 2025-09-24 12:53:26, $2y$04$78g4B33dBB9yvLZHXPZyOuzF4w5wzk7FwYQTRiFHrXZoaR9VfYlfW, 859-277-3383, renter, active, vyz-7272-5362, documents/ids/bcc9782c-84a6-3fde-ad78-cfe06fe995a7.pdf, documents/licenses/db3834e3-85c3-3a0f-9645-ca3c65e29e5b.pdf, 1, 1981-04-09 00:00:00, 56029 Ullrich Crest Suite 093
East Califurt, WA 72427-5138, e7gjZczfQu, 2025-09-24 12:53:26, 2025-09-24 12:53:26))&#13;
at vendor\laravel\framework\src\Illuminate\Database\Connection.php:564
at vendor\laravel\framework\src\Illuminate\Database\Connection.php:811
at vendor\laravel\framework\src\Illuminate\Database\Connection.php:778
at vendor\laravel\framework\src\Illuminate\Database\Connection.php:559
at vendor\laravel\framework\src\Illuminate\Database\Connection.php:523
at vendor\laravel\framework\src\Illuminate\Database\Query\Processors\Processor.php:32
at vendor\laravel\framework\src\Illuminate\Database\Query\Builder.php:3853
at vendor\laravel\framework\src\Illuminate\Database\Eloquent\Builder.php:2235
at vendor\laravel\framework\src\Illuminate\Database\Eloquent\Model.php:1436
at vendor\laravel\framework\src\Illuminate\Database\Eloquent\Model.php:1401
at vendor\laravel\framework\src\Illuminate\Database\Eloquent\Model.php:1240
at vendor\laravel\framework\src\Illuminate\Database\Eloquent\Factories\Factory.php:370
at vendor\laravel\framework\src\Illuminate\Collections\Traits\EnumeratesValues.php:271
at vendor\laravel\framework\src\Illuminate\Database\Eloquent\Factories\Factory.php:365
at vendor\laravel\framework\src\Illuminate\Database\Eloquent\Factories\Factory.php:321
at tests\Unit\Repositories\VehicleRepositoryTest.php:13
Caused by
PDOException: SQLSTATE[HY000]: General error: 1 no such table: car_rental_users

at vendor\laravel\framework\src\Illuminate\Database\Connection.php:564
at vendor\laravel\framework\src\Illuminate\Database\Connection.php:811
at vendor\laravel\framework\src\Illuminate\Database\Connection.php:778
at vendor\laravel\framework\src\Illuminate\Database\Connection.php:559
at vendor\laravel\framework\src\Illuminate\Database\Connection.php:523
at vendor\laravel\framework\src\Illuminate\Database\Query\Processors\Processor.php:32
at vendor\laravel\framework\src\Illuminate\Database\Query\Builder.php:3853
at vendor\laravel\framework\src\Illuminate\Database\Eloquent\Builder.php:2235
at vendor\laravel\framework\src\Illuminate\Database\Eloquent\Model.php:1436
at vendor\laravel\framework\src\Illuminate\Database\Eloquent\Model.php:1401
at vendor\laravel\framework\src\Illuminate\Database\Eloquent\Model.php:1240
at vendor\laravel\framework\src\Illuminate\Database\Eloquent\Factories\Factory.php:370
at vendor\laravel\framework\src\Illuminate\Collections\Traits\EnumeratesValues.php:271
at vendor\laravel\framework\src\Illuminate\Database\Eloquent\Factories\Factory.php:365
at vendor\laravel\framework\src\Illuminate\Database\Eloquent\Factories\Factory.php:321
at tests\Unit\Repositories\VehicleRepositoryTest.php:13</error>
        </testcase>
        <testcase name="`VehicleRepository` → it can get popular vehicles" file="tests\Unit\Repositories\VehicleRepositoryTest.php::`VehicleRepository` → it can get popular vehicles" class="Tests\Unit\Repositories\VehicleRepositoryTest" classname="Tests.Unit.Repositories.VehicleRepositoryTest" assertions="0" time="0.000000">
          <error type="Illuminate\Database\QueryException">`VehicleRepository` → it can get popular vehiclesIlluminate\Database\QueryException: SQLSTATE[HY000]: General error: 1 no such table: car_rental_users (Connection: sqlite, SQL: insert into "car_rental_users" ("name", "email", "email_verified_at", "password", "phone", "role", "status", "license_number", "id_document_path", "license_document_path", "is_verified", "date_of_birth", "address", "remember_token", "updated_at", "created_at") values (Emil Price, schumm.shana@example.org, 2025-09-24 12:53:26, $2y$04$78g4B33dBB9yvLZHXPZyOuzF4w5wzk7FwYQTRiFHrXZoaR9VfYlfW, (640) 313-9232, renter, active, jgu-9701-7449, documents/ids/c64d2730-a1ff-355b-a580-20f8adf0ba9a.pdf, documents/licenses/6e449490-e522-3c4c-92d6-080abbfde389.pdf, 0, 1970-12-17 00:00:00, 940 Lavon Rest
Baumbachhaven, NM 30946, RmSgwsGTtv, 2025-09-24 12:53:26, 2025-09-24 12:53:26))&#13;
at vendor\laravel\framework\src\Illuminate\Database\Connection.php:564
at vendor\laravel\framework\src\Illuminate\Database\Connection.php:811
at vendor\laravel\framework\src\Illuminate\Database\Connection.php:778
at vendor\laravel\framework\src\Illuminate\Database\Connection.php:559
at vendor\laravel\framework\src\Illuminate\Database\Connection.php:523
at vendor\laravel\framework\src\Illuminate\Database\Query\Processors\Processor.php:32
at vendor\laravel\framework\src\Illuminate\Database\Query\Builder.php:3853
at vendor\laravel\framework\src\Illuminate\Database\Eloquent\Builder.php:2235
at vendor\laravel\framework\src\Illuminate\Database\Eloquent\Model.php:1436
at vendor\laravel\framework\src\Illuminate\Database\Eloquent\Model.php:1401
at vendor\laravel\framework\src\Illuminate\Database\Eloquent\Model.php:1240
at vendor\laravel\framework\src\Illuminate\Database\Eloquent\Factories\Factory.php:370
at vendor\laravel\framework\src\Illuminate\Collections\Traits\EnumeratesValues.php:271
at vendor\laravel\framework\src\Illuminate\Database\Eloquent\Factories\Factory.php:365
at vendor\laravel\framework\src\Illuminate\Database\Eloquent\Factories\Factory.php:321
at tests\Unit\Repositories\VehicleRepositoryTest.php:13
Caused by
PDOException: SQLSTATE[HY000]: General error: 1 no such table: car_rental_users

at vendor\laravel\framework\src\Illuminate\Database\Connection.php:564
at vendor\laravel\framework\src\Illuminate\Database\Connection.php:811
at vendor\laravel\framework\src\Illuminate\Database\Connection.php:778
at vendor\laravel\framework\src\Illuminate\Database\Connection.php:559
at vendor\laravel\framework\src\Illuminate\Database\Connection.php:523
at vendor\laravel\framework\src\Illuminate\Database\Query\Processors\Processor.php:32
at vendor\laravel\framework\src\Illuminate\Database\Query\Builder.php:3853
at vendor\laravel\framework\src\Illuminate\Database\Eloquent\Builder.php:2235
at vendor\laravel\framework\src\Illuminate\Database\Eloquent\Model.php:1436
at vendor\laravel\framework\src\Illuminate\Database\Eloquent\Model.php:1401
at vendor\laravel\framework\src\Illuminate\Database\Eloquent\Model.php:1240
at vendor\laravel\framework\src\Illuminate\Database\Eloquent\Factories\Factory.php:370
at vendor\laravel\framework\src\Illuminate\Collections\Traits\EnumeratesValues.php:271
at vendor\laravel\framework\src\Illuminate\Database\Eloquent\Factories\Factory.php:365
at vendor\laravel\framework\src\Illuminate\Database\Eloquent\Factories\Factory.php:321
at tests\Unit\Repositories\VehicleRepositoryTest.php:13</error>
        </testcase>
        <testcase name="`VehicleRepository` → it can check vehicle availability" file="tests\Unit\Repositories\VehicleRepositoryTest.php::`VehicleRepository` → it can check vehicle availability" class="Tests\Unit\Repositories\VehicleRepositoryTest" classname="Tests.Unit.Repositories.VehicleRepositoryTest" assertions="0" time="0.000000">
          <error type="Illuminate\Database\QueryException">`VehicleRepository` → it can check vehicle availabilityIlluminate\Database\QueryException: SQLSTATE[HY000]: General error: 1 no such table: car_rental_users (Connection: sqlite, SQL: insert into "car_rental_users" ("name", "email", "email_verified_at", "password", "phone", "role", "status", "license_number", "id_document_path", "license_document_path", "is_verified", "date_of_birth", "address", "remember_token", "updated_at", "created_at") values (Ms. Harmony Christiansen, reta.ritchie@example.org, 2025-09-24 12:53:26, $2y$04$78g4B33dBB9yvLZHXPZyOuzF4w5wzk7FwYQTRiFHrXZoaR9VfYlfW, +1-831-653-3053, owner, pending, mwz-3654-9257, documents/ids/d19aec1c-184e-3718-9a2f-044bee89d96c.pdf, documents/licenses/f62e1883-41b2-3298-934a-433786d08330.pdf, 1, 1963-11-02 00:00:00, 507 Joshuah Islands
South Grayce, MO 35808-3356, a7GGVCGhzN, 2025-09-24 12:53:26, 2025-09-24 12:53:26))&#13;
at vendor\laravel\framework\src\Illuminate\Database\Connection.php:564
at vendor\laravel\framework\src\Illuminate\Database\Connection.php:811
at vendor\laravel\framework\src\Illuminate\Database\Connection.php:778
at vendor\laravel\framework\src\Illuminate\Database\Connection.php:559
at vendor\laravel\framework\src\Illuminate\Database\Connection.php:523
at vendor\laravel\framework\src\Illuminate\Database\Query\Processors\Processor.php:32
at vendor\laravel\framework\src\Illuminate\Database\Query\Builder.php:3853
at vendor\laravel\framework\src\Illuminate\Database\Eloquent\Builder.php:2235
at vendor\laravel\framework\src\Illuminate\Database\Eloquent\Model.php:1436
at vendor\laravel\framework\src\Illuminate\Database\Eloquent\Model.php:1401
at vendor\laravel\framework\src\Illuminate\Database\Eloquent\Model.php:1240
at vendor\laravel\framework\src\Illuminate\Database\Eloquent\Factories\Factory.php:370
at vendor\laravel\framework\src\Illuminate\Collections\Traits\EnumeratesValues.php:271
at vendor\laravel\framework\src\Illuminate\Database\Eloquent\Factories\Factory.php:365
at vendor\laravel\framework\src\Illuminate\Database\Eloquent\Factories\Factory.php:321
at tests\Unit\Repositories\VehicleRepositoryTest.php:13
Caused by
PDOException: SQLSTATE[HY000]: General error: 1 no such table: car_rental_users

at vendor\laravel\framework\src\Illuminate\Database\Connection.php:564
at vendor\laravel\framework\src\Illuminate\Database\Connection.php:811
at vendor\laravel\framework\src\Illuminate\Database\Connection.php:778
at vendor\laravel\framework\src\Illuminate\Database\Connection.php:559
at vendor\laravel\framework\src\Illuminate\Database\Connection.php:523
at vendor\laravel\framework\src\Illuminate\Database\Query\Processors\Processor.php:32
at vendor\laravel\framework\src\Illuminate\Database\Query\Builder.php:3853
at vendor\laravel\framework\src\Illuminate\Database\Eloquent\Builder.php:2235
at vendor\laravel\framework\src\Illuminate\Database\Eloquent\Model.php:1436
at vendor\laravel\framework\src\Illuminate\Database\Eloquent\Model.php:1401
at vendor\laravel\framework\src\Illuminate\Database\Eloquent\Model.php:1240
at vendor\laravel\framework\src\Illuminate\Database\Eloquent\Factories\Factory.php:370
at vendor\laravel\framework\src\Illuminate\Collections\Traits\EnumeratesValues.php:271
at vendor\laravel\framework\src\Illuminate\Database\Eloquent\Factories\Factory.php:365
at vendor\laravel\framework\src\Illuminate\Database\Eloquent\Factories\Factory.php:321
at tests\Unit\Repositories\VehicleRepositoryTest.php:13</error>
        </testcase>
        <testcase name="`VehicleRepository` → it can get vehicles needing attention" file="tests\Unit\Repositories\VehicleRepositoryTest.php::`VehicleRepository` → it can get vehicles needing attention" class="Tests\Unit\Repositories\VehicleRepositoryTest" classname="Tests.Unit.Repositories.VehicleRepositoryTest" assertions="0" time="0.000000">
          <error type="Illuminate\Database\QueryException">`VehicleRepository` → it can get vehicles needing attentionIlluminate\Database\QueryException: SQLSTATE[HY000]: General error: 1 no such table: car_rental_users (Connection: sqlite, SQL: insert into "car_rental_users" ("name", "email", "email_verified_at", "password", "phone", "role", "status", "license_number", "id_document_path", "license_document_path", "is_verified", "date_of_birth", "address", "remember_token", "updated_at", "created_at") values (Arlie Abernathy III, rhand@example.com, 2025-09-24 12:53:26, $2y$04$78g4B33dBB9yvLZHXPZyOuzF4w5wzk7FwYQTRiFHrXZoaR9VfYlfW, +1-847-349-9462, renter, approved, mrs-3500-0017, documents/ids/f51e1728-1269-3877-9155-758ebf815d81.pdf, documents/licenses/55e8f34d-053d-32a1-a55f-51151f63aac0.pdf, 1, 1989-03-15 00:00:00, 5164 Nicholas Lights Suite 142
Port Lexi, NC 70417, BRGeU7OSWe, 2025-09-24 12:53:26, 2025-09-24 12:53:26))&#13;
at vendor\laravel\framework\src\Illuminate\Database\Connection.php:564
at vendor\laravel\framework\src\Illuminate\Database\Connection.php:811
at vendor\laravel\framework\src\Illuminate\Database\Connection.php:778
at vendor\laravel\framework\src\Illuminate\Database\Connection.php:559
at vendor\laravel\framework\src\Illuminate\Database\Connection.php:523
at vendor\laravel\framework\src\Illuminate\Database\Query\Processors\Processor.php:32
at vendor\laravel\framework\src\Illuminate\Database\Query\Builder.php:3853
at vendor\laravel\framework\src\Illuminate\Database\Eloquent\Builder.php:2235
at vendor\laravel\framework\src\Illuminate\Database\Eloquent\Model.php:1436
at vendor\laravel\framework\src\Illuminate\Database\Eloquent\Model.php:1401
at vendor\laravel\framework\src\Illuminate\Database\Eloquent\Model.php:1240
at vendor\laravel\framework\src\Illuminate\Database\Eloquent\Factories\Factory.php:370
at vendor\laravel\framework\src\Illuminate\Collections\Traits\EnumeratesValues.php:271
at vendor\laravel\framework\src\Illuminate\Database\Eloquent\Factories\Factory.php:365
at vendor\laravel\framework\src\Illuminate\Database\Eloquent\Factories\Factory.php:321
at tests\Unit\Repositories\VehicleRepositoryTest.php:13
Caused by
PDOException: SQLSTATE[HY000]: General error: 1 no such table: car_rental_users

at vendor\laravel\framework\src\Illuminate\Database\Connection.php:564
at vendor\laravel\framework\src\Illuminate\Database\Connection.php:811
at vendor\laravel\framework\src\Illuminate\Database\Connection.php:778
at vendor\laravel\framework\src\Illuminate\Database\Connection.php:559
at vendor\laravel\framework\src\Illuminate\Database\Connection.php:523
at vendor\laravel\framework\src\Illuminate\Database\Query\Processors\Processor.php:32
at vendor\laravel\framework\src\Illuminate\Database\Query\Builder.php:3853
at vendor\laravel\framework\src\Illuminate\Database\Eloquent\Builder.php:2235
at vendor\laravel\framework\src\Illuminate\Database\Eloquent\Model.php:1436
at vendor\laravel\framework\src\Illuminate\Database\Eloquent\Model.php:1401
at vendor\laravel\framework\src\Illuminate\Database\Eloquent\Model.php:1240
at vendor\laravel\framework\src\Illuminate\Database\Eloquent\Factories\Factory.php:370
at vendor\laravel\framework\src\Illuminate\Collections\Traits\EnumeratesValues.php:271
at vendor\laravel\framework\src\Illuminate\Database\Eloquent\Factories\Factory.php:365
at vendor\laravel\framework\src\Illuminate\Database\Eloquent\Factories\Factory.php:321
at tests\Unit\Repositories\VehicleRepositoryTest.php:13</error>
        </testcase>
        <testcase name="`VehicleRepository` → it can get vehicle statistics" file="tests\Unit\Repositories\VehicleRepositoryTest.php::`VehicleRepository` → it can get vehicle statistics" class="Tests\Unit\Repositories\VehicleRepositoryTest" classname="Tests.Unit.Repositories.VehicleRepositoryTest" assertions="0" time="0.000000">
          <error type="Illuminate\Database\QueryException">`VehicleRepository` → it can get vehicle statisticsIlluminate\Database\QueryException: SQLSTATE[HY000]: General error: 1 no such table: car_rental_users (Connection: sqlite, SQL: insert into "car_rental_users" ("name", "email", "email_verified_at", "password", "phone", "role", "status", "license_number", "id_document_path", "license_document_path", "is_verified", "date_of_birth", "address", "remember_token", "updated_at", "created_at") values (Dr. Guy Jacobson, cronin.jane@example.org, 2025-09-24 12:53:26, $2y$04$78g4B33dBB9yvLZHXPZyOuzF4w5wzk7FwYQTRiFHrXZoaR9VfYlfW, +1 (864) 371-2112, owner, active, lco-0454-6543, documents/ids/046236ca-15c3-3b24-bbdf-7d662deaaee7.pdf, documents/licenses/19c98f8a-db95-369a-a8f9-44e3ae94f66d.pdf, 1, 1962-11-19 00:00:00, 62744 Weimann Rest Apt. 288
Dickinsonbury, CA 89942, DYPwCuGyf2, 2025-09-24 12:53:26, 2025-09-24 12:53:26))&#13;
at vendor\laravel\framework\src\Illuminate\Database\Connection.php:564
at vendor\laravel\framework\src\Illuminate\Database\Connection.php:811
at vendor\laravel\framework\src\Illuminate\Database\Connection.php:778
at vendor\laravel\framework\src\Illuminate\Database\Connection.php:559
at vendor\laravel\framework\src\Illuminate\Database\Connection.php:523
at vendor\laravel\framework\src\Illuminate\Database\Query\Processors\Processor.php:32
at vendor\laravel\framework\src\Illuminate\Database\Query\Builder.php:3853
at vendor\laravel\framework\src\Illuminate\Database\Eloquent\Builder.php:2235
at vendor\laravel\framework\src\Illuminate\Database\Eloquent\Model.php:1436
at vendor\laravel\framework\src\Illuminate\Database\Eloquent\Model.php:1401
at vendor\laravel\framework\src\Illuminate\Database\Eloquent\Model.php:1240
at vendor\laravel\framework\src\Illuminate\Database\Eloquent\Factories\Factory.php:370
at vendor\laravel\framework\src\Illuminate\Collections\Traits\EnumeratesValues.php:271
at vendor\laravel\framework\src\Illuminate\Database\Eloquent\Factories\Factory.php:365
at vendor\laravel\framework\src\Illuminate\Database\Eloquent\Factories\Factory.php:321
at tests\Unit\Repositories\VehicleRepositoryTest.php:13
Caused by
PDOException: SQLSTATE[HY000]: General error: 1 no such table: car_rental_users

at vendor\laravel\framework\src\Illuminate\Database\Connection.php:564
at vendor\laravel\framework\src\Illuminate\Database\Connection.php:811
at vendor\laravel\framework\src\Illuminate\Database\Connection.php:778
at vendor\laravel\framework\src\Illuminate\Database\Connection.php:559
at vendor\laravel\framework\src\Illuminate\Database\Connection.php:523
at vendor\laravel\framework\src\Illuminate\Database\Query\Processors\Processor.php:32
at vendor\laravel\framework\src\Illuminate\Database\Query\Builder.php:3853
at vendor\laravel\framework\src\Illuminate\Database\Eloquent\Builder.php:2235
at vendor\laravel\framework\src\Illuminate\Database\Eloquent\Model.php:1436
at vendor\laravel\framework\src\Illuminate\Database\Eloquent\Model.php:1401
at vendor\laravel\framework\src\Illuminate\Database\Eloquent\Model.php:1240
at vendor\laravel\framework\src\Illuminate\Database\Eloquent\Factories\Factory.php:370
at vendor\laravel\framework\src\Illuminate\Collections\Traits\EnumeratesValues.php:271
at vendor\laravel\framework\src\Illuminate\Database\Eloquent\Factories\Factory.php:365
at vendor\laravel\framework\src\Illuminate\Database\Eloquent\Factories\Factory.php:321
at tests\Unit\Repositories\VehicleRepositoryTest.php:13</error>
        </testcase>
        <testcase name="`VehicleRepository` → it can get owner vehicles" file="tests\Unit\Repositories\VehicleRepositoryTest.php::`VehicleRepository` → it can get owner vehicles" class="Tests\Unit\Repositories\VehicleRepositoryTest" classname="Tests.Unit.Repositories.VehicleRepositoryTest" assertions="0" time="0.000000">
          <error type="Illuminate\Database\QueryException">`VehicleRepository` → it can get owner vehiclesIlluminate\Database\QueryException: SQLSTATE[HY000]: General error: 1 no such table: car_rental_users (Connection: sqlite, SQL: insert into "car_rental_users" ("name", "email", "email_verified_at", "password", "phone", "role", "status", "license_number", "id_document_path", "license_document_path", "is_verified", "date_of_birth", "address", "remember_token", "updated_at", "created_at") values (Arely Will, murphy.nikolas@example.com, 2025-09-24 12:53:26, $2y$04$78g4B33dBB9yvLZHXPZyOuzF4w5wzk7FwYQTRiFHrXZoaR9VfYlfW, 1-816-232-1589, renter, pending, kqr-6307-9161, documents/ids/e8e1118e-cc04-31f6-8a2d-9d8d64625861.pdf, documents/licenses/afe18caf-e686-3b56-8c52-e175fd04c5a3.pdf, 1, 1987-10-02 00:00:00, 9224 Henry Unions
Thompsonfurt, VA 30511-7594, h8IVbqGPS5, 2025-09-24 12:53:26, 2025-09-24 12:53:26))&#13;
at vendor\laravel\framework\src\Illuminate\Database\Connection.php:564
at vendor\laravel\framework\src\Illuminate\Database\Connection.php:811
at vendor\laravel\framework\src\Illuminate\Database\Connection.php:778
at vendor\laravel\framework\src\Illuminate\Database\Connection.php:559
at vendor\laravel\framework\src\Illuminate\Database\Connection.php:523
at vendor\laravel\framework\src\Illuminate\Database\Query\Processors\Processor.php:32
at vendor\laravel\framework\src\Illuminate\Database\Query\Builder.php:3853
at vendor\laravel\framework\src\Illuminate\Database\Eloquent\Builder.php:2235
at vendor\laravel\framework\src\Illuminate\Database\Eloquent\Model.php:1436
at vendor\laravel\framework\src\Illuminate\Database\Eloquent\Model.php:1401
at vendor\laravel\framework\src\Illuminate\Database\Eloquent\Model.php:1240
at vendor\laravel\framework\src\Illuminate\Database\Eloquent\Factories\Factory.php:370
at vendor\laravel\framework\src\Illuminate\Collections\Traits\EnumeratesValues.php:271
at vendor\laravel\framework\src\Illuminate\Database\Eloquent\Factories\Factory.php:365
at vendor\laravel\framework\src\Illuminate\Database\Eloquent\Factories\Factory.php:321
at tests\Unit\Repositories\VehicleRepositoryTest.php:13
Caused by
PDOException: SQLSTATE[HY000]: General error: 1 no such table: car_rental_users

at vendor\laravel\framework\src\Illuminate\Database\Connection.php:564
at vendor\laravel\framework\src\Illuminate\Database\Connection.php:811
at vendor\laravel\framework\src\Illuminate\Database\Connection.php:778
at vendor\laravel\framework\src\Illuminate\Database\Connection.php:559
at vendor\laravel\framework\src\Illuminate\Database\Connection.php:523
at vendor\laravel\framework\src\Illuminate\Database\Query\Processors\Processor.php:32
at vendor\laravel\framework\src\Illuminate\Database\Query\Builder.php:3853
at vendor\laravel\framework\src\Illuminate\Database\Eloquent\Builder.php:2235
at vendor\laravel\framework\src\Illuminate\Database\Eloquent\Model.php:1436
at vendor\laravel\framework\src\Illuminate\Database\Eloquent\Model.php:1401
at vendor\laravel\framework\src\Illuminate\Database\Eloquent\Model.php:1240
at vendor\laravel\framework\src\Illuminate\Database\Eloquent\Factories\Factory.php:370
at vendor\laravel\framework\src\Illuminate\Collections\Traits\EnumeratesValues.php:271
at vendor\laravel\framework\src\Illuminate\Database\Eloquent\Factories\Factory.php:365
at vendor\laravel\framework\src\Illuminate\Database\Eloquent\Factories\Factory.php:321
at tests\Unit\Repositories\VehicleRepositoryTest.php:13</error>
        </testcase>
      </testsuite>
      <testsuite name="Tests\Unit\DTOs\CreateBookingDTOTest" file="tests\Unit\DTOs\CreateBookingDTOTest.php" tests="5" assertions="27" errors="0" failures="0" skipped="0" time="0.305971">
        <testcase name="`CreateBookingDTO` → it determines when payment method ID is required" file="tests\Unit\DTOs\CreateBookingDTOTest.php::`CreateBookingDTO` → it determines when payment method ID is required" class="Tests\Unit\DTOs\CreateBookingDTOTest" classname="Tests.Unit.DTOs.CreateBookingDTOTest" assertions="2" time="0.063704"/>
        <testcase name="`CreateBookingDTO` → it validates date range correctly" file="tests\Unit\DTOs\CreateBookingDTOTest.php::`CreateBookingDTO` → it validates date range correctly" class="Tests\Unit\DTOs\CreateBookingDTOTest" classname="Tests.Unit.DTOs.CreateBookingDTOTest" assertions="1" time="0.066414"/>
        <testcase name="`CreateBookingDTO` → it can convert back to array" file="tests\Unit\DTOs\CreateBookingDTOTest.php::`CreateBookingDTO` → it can convert back to array" class="Tests\Unit\DTOs\CreateBookingDTOTest" classname="Tests.Unit.DTOs.CreateBookingDTOTest" assertions="13" time="0.054214"/>
        <testcase name="`CreateBookingDTO` → it detects invalid date range" file="tests\Unit\DTOs\CreateBookingDTOTest.php::`CreateBookingDTO` → it detects invalid date range" class="Tests\Unit\DTOs\CreateBookingDTOTest" classname="Tests.Unit.DTOs.CreateBookingDTOTest" assertions="1" time="0.063111"/>
        <testcase name="`CreateBookingDTO` → it can be created from array" file="tests\Unit\DTOs\CreateBookingDTOTest.php::`CreateBookingDTO` → it can be created from array" class="Tests\Unit\DTOs\CreateBookingDTOTest" classname="Tests.Unit.DTOs.CreateBookingDTOTest" assertions="10" time="0.058528"/>
      </testsuite>
      <testsuite name="Tests\Unit\DTOs\BookingCalculationDTOTest" file="tests\Unit\DTOs\BookingCalculationDTOTest.php" tests="4" assertions="18" errors="0" failures="1" skipped="0" time="0.250498">
        <testcase name="`BookingCalculationDTO` → it converts to array with formatted amounts" file="tests\Unit\DTOs\BookingCalculationDTOTest.php::`BookingCalculationDTO` → it converts to array with formatted amounts" class="Tests\Unit\DTOs\BookingCalculationDTOTest" classname="Tests.Unit.DTOs.BookingCalculationDTOTest" assertions="10" time="0.078763"/>
        <testcase name="`BookingCalculationDTO` → it formats total with currency" file="tests\Unit\DTOs\BookingCalculationDTOTest.php::`BookingCalculationDTO` → it formats total with currency" class="Tests\Unit\DTOs\BookingCalculationDTOTest" classname="Tests.Unit.DTOs.BookingCalculationDTOTest" assertions="1" time="0.059239"/>
        <testcase name="`BookingCalculationDTO` → it handles zero days correctly" file="tests\Unit\DTOs\BookingCalculationDTOTest.php::`BookingCalculationDTO` → it handles zero days correctly" class="Tests\Unit\DTOs\BookingCalculationDTOTest" classname="Tests.Unit.DTOs.BookingCalculationDTOTest" assertions="2" time="0.051483"/>
        <testcase name="`BookingCalculationDTO` → it calculates booking totals correctly" file="tests\Unit\DTOs\BookingCalculationDTOTest.php::`BookingCalculationDTO` → it calculates booking totals correctly" class="Tests\Unit\DTOs\BookingCalculationDTOTest" classname="Tests.Unit.DTOs.BookingCalculationDTOTest" assertions="5" time="0.061013">
          <failure type="PHPUnit\Framework\ExpectationFailedException">`BookingCalculationDTO` → it calculates booking totals correctlyFailed asserting that 26.400000000000002 is identical to 26.4.&#13;
at tests\Unit\DTOs\BookingCalculationDTOTest.php:18</failure>
        </testcase>
      </testsuite>
      <testsuite name="Tests\Unit\Models\ReviewTest" file="tests\Unit\Models\ReviewTest.php" tests="15" assertions="0" errors="15" failures="0" skipped="0" time="0.000000">
        <testcase name="`Review Model` → it belongs to a booking" file="tests\Unit\Models\ReviewTest.php::`Review Model` → it belongs to a booking" class="Tests\Unit\Models\ReviewTest" classname="Tests.Unit.Models.ReviewTest" assertions="0" time="0.000000">
          <error type="Illuminate\Database\QueryException">`Review Model` → it belongs to a bookingIlluminate\Database\QueryException: SQLSTATE[HY000]: General error: 1 no such table: car_rental_users (Connection: sqlite, SQL: insert into "car_rental_users" ("name", "email", "email_verified_at", "password", "phone", "role", "status", "license_number", "id_document_path", "license_document_path", "is_verified", "date_of_birth", "address", "remember_token", "updated_at", "created_at") values (Mr. Shaun Huels III, holly93@example.org, 2025-09-24 12:53:27, $2y$04$78g4B33dBB9yvLZHXPZyOuzF4w5wzk7FwYQTRiFHrXZoaR9VfYlfW, 912-556-7188, owner, active, wkz-9690-7336, documents/ids/11102655-f844-3eaa-99d6-24985b352b5c.pdf, documents/licenses/2e5a95c1-ae0b-3ce6-982f-c3dd4feafb66.pdf, 1, 2004-02-16 00:00:00, 76827 Heller Trafficway Apt. 740
North Christystad, NH 08400, x6ZgitXUAb, 2025-09-24 12:53:27, 2025-09-24 12:53:27))&#13;
at vendor\laravel\framework\src\Illuminate\Database\Connection.php:564
at vendor\laravel\framework\src\Illuminate\Database\Connection.php:811
at vendor\laravel\framework\src\Illuminate\Database\Connection.php:778
at vendor\laravel\framework\src\Illuminate\Database\Connection.php:559
at vendor\laravel\framework\src\Illuminate\Database\Connection.php:523
at vendor\laravel\framework\src\Illuminate\Database\Query\Processors\Processor.php:32
at vendor\laravel\framework\src\Illuminate\Database\Query\Builder.php:3853
at vendor\laravel\framework\src\Illuminate\Database\Eloquent\Builder.php:2235
at vendor\laravel\framework\src\Illuminate\Database\Eloquent\Model.php:1436
at vendor\laravel\framework\src\Illuminate\Database\Eloquent\Model.php:1401
at vendor\laravel\framework\src\Illuminate\Database\Eloquent\Model.php:1240
at vendor\laravel\framework\src\Illuminate\Database\Eloquent\Factories\Factory.php:370
at vendor\laravel\framework\src\Illuminate\Collections\Traits\EnumeratesValues.php:271
at vendor\laravel\framework\src\Illuminate\Database\Eloquent\Factories\Factory.php:365
at vendor\laravel\framework\src\Illuminate\Database\Eloquent\Factories\Factory.php:321
at tests\Unit\Models\ReviewTest.php:13
Caused by
PDOException: SQLSTATE[HY000]: General error: 1 no such table: car_rental_users

at vendor\laravel\framework\src\Illuminate\Database\Connection.php:564
at vendor\laravel\framework\src\Illuminate\Database\Connection.php:811
at vendor\laravel\framework\src\Illuminate\Database\Connection.php:778
at vendor\laravel\framework\src\Illuminate\Database\Connection.php:559
at vendor\laravel\framework\src\Illuminate\Database\Connection.php:523
at vendor\laravel\framework\src\Illuminate\Database\Query\Processors\Processor.php:32
at vendor\laravel\framework\src\Illuminate\Database\Query\Builder.php:3853
at vendor\laravel\framework\src\Illuminate\Database\Eloquent\Builder.php:2235
at vendor\laravel\framework\src\Illuminate\Database\Eloquent\Model.php:1436
at vendor\laravel\framework\src\Illuminate\Database\Eloquent\Model.php:1401
at vendor\laravel\framework\src\Illuminate\Database\Eloquent\Model.php:1240
at vendor\laravel\framework\src\Illuminate\Database\Eloquent\Factories\Factory.php:370
at vendor\laravel\framework\src\Illuminate\Collections\Traits\EnumeratesValues.php:271
at vendor\laravel\framework\src\Illuminate\Database\Eloquent\Factories\Factory.php:365
at vendor\laravel\framework\src\Illuminate\Database\Eloquent\Factories\Factory.php:321
at tests\Unit\Models\ReviewTest.php:13</error>
        </testcase>
        <testcase name="`Review Model` → it belongs to a renter" file="tests\Unit\Models\ReviewTest.php::`Review Model` → it belongs to a renter" class="Tests\Unit\Models\ReviewTest" classname="Tests.Unit.Models.ReviewTest" assertions="0" time="0.000000">
          <error type="Illuminate\Database\QueryException">`Review Model` → it belongs to a renterIlluminate\Database\QueryException: SQLSTATE[HY000]: General error: 1 no such table: car_rental_users (Connection: sqlite, SQL: insert into "car_rental_users" ("name", "email", "email_verified_at", "password", "phone", "role", "status", "license_number", "id_document_path", "license_document_path", "is_verified", "date_of_birth", "address", "remember_token", "updated_at", "created_at") values (Mateo Nienow III, lillian17@example.org, 2025-09-24 12:53:27, $2y$04$78g4B33dBB9yvLZHXPZyOuzF4w5wzk7FwYQTRiFHrXZoaR9VfYlfW, +16788970615, owner, pending, fxu-9404-5169, documents/ids/5f60fa07-7ce2-3684-920d-018b1628765c.pdf, documents/licenses/463588cf-c46c-331f-b62c-851488f79136.pdf, 1, 1974-08-04 00:00:00, 47692 Gaylord Lodge
Cierraberg, NJ 80191-8002, nkUUjeQAiE, 2025-09-24 12:53:27, 2025-09-24 12:53:27))&#13;
at vendor\laravel\framework\src\Illuminate\Database\Connection.php:564
at vendor\laravel\framework\src\Illuminate\Database\Connection.php:811
at vendor\laravel\framework\src\Illuminate\Database\Connection.php:778
at vendor\laravel\framework\src\Illuminate\Database\Connection.php:559
at vendor\laravel\framework\src\Illuminate\Database\Connection.php:523
at vendor\laravel\framework\src\Illuminate\Database\Query\Processors\Processor.php:32
at vendor\laravel\framework\src\Illuminate\Database\Query\Builder.php:3853
at vendor\laravel\framework\src\Illuminate\Database\Eloquent\Builder.php:2235
at vendor\laravel\framework\src\Illuminate\Database\Eloquent\Model.php:1436
at vendor\laravel\framework\src\Illuminate\Database\Eloquent\Model.php:1401
at vendor\laravel\framework\src\Illuminate\Database\Eloquent\Model.php:1240
at vendor\laravel\framework\src\Illuminate\Database\Eloquent\Factories\Factory.php:370
at vendor\laravel\framework\src\Illuminate\Collections\Traits\EnumeratesValues.php:271
at vendor\laravel\framework\src\Illuminate\Database\Eloquent\Factories\Factory.php:365
at vendor\laravel\framework\src\Illuminate\Database\Eloquent\Factories\Factory.php:321
at tests\Unit\Models\ReviewTest.php:13
Caused by
PDOException: SQLSTATE[HY000]: General error: 1 no such table: car_rental_users

at vendor\laravel\framework\src\Illuminate\Database\Connection.php:564
at vendor\laravel\framework\src\Illuminate\Database\Connection.php:811
at vendor\laravel\framework\src\Illuminate\Database\Connection.php:778
at vendor\laravel\framework\src\Illuminate\Database\Connection.php:559
at vendor\laravel\framework\src\Illuminate\Database\Connection.php:523
at vendor\laravel\framework\src\Illuminate\Database\Query\Processors\Processor.php:32
at vendor\laravel\framework\src\Illuminate\Database\Query\Builder.php:3853
at vendor\laravel\framework\src\Illuminate\Database\Eloquent\Builder.php:2235
at vendor\laravel\framework\src\Illuminate\Database\Eloquent\Model.php:1436
at vendor\laravel\framework\src\Illuminate\Database\Eloquent\Model.php:1401
at vendor\laravel\framework\src\Illuminate\Database\Eloquent\Model.php:1240
at vendor\laravel\framework\src\Illuminate\Database\Eloquent\Factories\Factory.php:370
at vendor\laravel\framework\src\Illuminate\Collections\Traits\EnumeratesValues.php:271
at vendor\laravel\framework\src\Illuminate\Database\Eloquent\Factories\Factory.php:365
at vendor\laravel\framework\src\Illuminate\Database\Eloquent\Factories\Factory.php:321
at tests\Unit\Models\ReviewTest.php:13</error>
        </testcase>
        <testcase name="`Review Model` → it belongs to a vehicle" file="tests\Unit\Models\ReviewTest.php::`Review Model` → it belongs to a vehicle" class="Tests\Unit\Models\ReviewTest" classname="Tests.Unit.Models.ReviewTest" assertions="0" time="0.000000">
          <error type="Illuminate\Database\QueryException">`Review Model` → it belongs to a vehicleIlluminate\Database\QueryException: SQLSTATE[HY000]: General error: 1 no such table: car_rental_users (Connection: sqlite, SQL: insert into "car_rental_users" ("name", "email", "email_verified_at", "password", "phone", "role", "status", "license_number", "id_document_path", "license_document_path", "is_verified", "date_of_birth", "address", "remember_token", "updated_at", "created_at") values (Haven Rau, melany84@example.com, 2025-09-24 12:53:27, $2y$04$78g4B33dBB9yvLZHXPZyOuzF4w5wzk7FwYQTRiFHrXZoaR9VfYlfW, +1-925-236-3582, owner, approved, oyb-3556-6773, documents/ids/3242bc9d-3431-3995-bf8e-61cd2e21892d.pdf, documents/licenses/139b53c3-70db-356e-9894-5a3c3beb897c.pdf, 1, 1986-03-09 00:00:00, 2995 Kale Oval Apt. 388
Port Caitlyn, ND 89309, CZgIkhfBEW, 2025-09-24 12:53:27, 2025-09-24 12:53:27))&#13;
at vendor\laravel\framework\src\Illuminate\Database\Connection.php:564
at vendor\laravel\framework\src\Illuminate\Database\Connection.php:811
at vendor\laravel\framework\src\Illuminate\Database\Connection.php:778
at vendor\laravel\framework\src\Illuminate\Database\Connection.php:559
at vendor\laravel\framework\src\Illuminate\Database\Connection.php:523
at vendor\laravel\framework\src\Illuminate\Database\Query\Processors\Processor.php:32
at vendor\laravel\framework\src\Illuminate\Database\Query\Builder.php:3853
at vendor\laravel\framework\src\Illuminate\Database\Eloquent\Builder.php:2235
at vendor\laravel\framework\src\Illuminate\Database\Eloquent\Model.php:1436
at vendor\laravel\framework\src\Illuminate\Database\Eloquent\Model.php:1401
at vendor\laravel\framework\src\Illuminate\Database\Eloquent\Model.php:1240
at vendor\laravel\framework\src\Illuminate\Database\Eloquent\Factories\Factory.php:370
at vendor\laravel\framework\src\Illuminate\Collections\Traits\EnumeratesValues.php:271
at vendor\laravel\framework\src\Illuminate\Database\Eloquent\Factories\Factory.php:365
at vendor\laravel\framework\src\Illuminate\Database\Eloquent\Factories\Factory.php:321
at tests\Unit\Models\ReviewTest.php:13
Caused by
PDOException: SQLSTATE[HY000]: General error: 1 no such table: car_rental_users

at vendor\laravel\framework\src\Illuminate\Database\Connection.php:564
at vendor\laravel\framework\src\Illuminate\Database\Connection.php:811
at vendor\laravel\framework\src\Illuminate\Database\Connection.php:778
at vendor\laravel\framework\src\Illuminate\Database\Connection.php:559
at vendor\laravel\framework\src\Illuminate\Database\Connection.php:523
at vendor\laravel\framework\src\Illuminate\Database\Query\Processors\Processor.php:32
at vendor\laravel\framework\src\Illuminate\Database\Query\Builder.php:3853
at vendor\laravel\framework\src\Illuminate\Database\Eloquent\Builder.php:2235
at vendor\laravel\framework\src\Illuminate\Database\Eloquent\Model.php:1436
at vendor\laravel\framework\src\Illuminate\Database\Eloquent\Model.php:1401
at vendor\laravel\framework\src\Illuminate\Database\Eloquent\Model.php:1240
at vendor\laravel\framework\src\Illuminate\Database\Eloquent\Factories\Factory.php:370
at vendor\laravel\framework\src\Illuminate\Collections\Traits\EnumeratesValues.php:271
at vendor\laravel\framework\src\Illuminate\Database\Eloquent\Factories\Factory.php:365
at vendor\laravel\framework\src\Illuminate\Database\Eloquent\Factories\Factory.php:321
at tests\Unit\Models\ReviewTest.php:13</error>
        </testcase>
        <testcase name="`Review Model` → it has correct fillable attributes" file="tests\Unit\Models\ReviewTest.php::`Review Model` → it has correct fillable attributes" class="Tests\Unit\Models\ReviewTest" classname="Tests.Unit.Models.ReviewTest" assertions="0" time="0.000000">
          <error type="Illuminate\Database\QueryException">`Review Model` → it has correct fillable attributesIlluminate\Database\QueryException: SQLSTATE[HY000]: General error: 1 no such table: car_rental_users (Connection: sqlite, SQL: insert into "car_rental_users" ("name", "email", "email_verified_at", "password", "phone", "role", "status", "license_number", "id_document_path", "license_document_path", "is_verified", "date_of_birth", "address", "remember_token", "updated_at", "created_at") values (Miss Vada Gleason, brutherford@example.com, 2025-09-24 12:53:27, $2y$04$78g4B33dBB9yvLZHXPZyOuzF4w5wzk7FwYQTRiFHrXZoaR9VfYlfW, 1-458-892-1997, owner, active, uli-4438-9567, documents/ids/fcff275c-99f0-3c25-b492-bb51d577fb0d.pdf, documents/licenses/a8738c50-6efc-393f-9d1d-7034d3d96945.pdf, 1, 1969-06-01 00:00:00, 2292 Elta Knolls Suite 391
East Franciscoside, NM 43583-0636, xeVzs7H1RA, 2025-09-24 12:53:27, 2025-09-24 12:53:27))&#13;
at vendor\laravel\framework\src\Illuminate\Database\Connection.php:564
at vendor\laravel\framework\src\Illuminate\Database\Connection.php:811
at vendor\laravel\framework\src\Illuminate\Database\Connection.php:778
at vendor\laravel\framework\src\Illuminate\Database\Connection.php:559
at vendor\laravel\framework\src\Illuminate\Database\Connection.php:523
at vendor\laravel\framework\src\Illuminate\Database\Query\Processors\Processor.php:32
at vendor\laravel\framework\src\Illuminate\Database\Query\Builder.php:3853
at vendor\laravel\framework\src\Illuminate\Database\Eloquent\Builder.php:2235
at vendor\laravel\framework\src\Illuminate\Database\Eloquent\Model.php:1436
at vendor\laravel\framework\src\Illuminate\Database\Eloquent\Model.php:1401
at vendor\laravel\framework\src\Illuminate\Database\Eloquent\Model.php:1240
at vendor\laravel\framework\src\Illuminate\Database\Eloquent\Factories\Factory.php:370
at vendor\laravel\framework\src\Illuminate\Collections\Traits\EnumeratesValues.php:271
at vendor\laravel\framework\src\Illuminate\Database\Eloquent\Factories\Factory.php:365
at vendor\laravel\framework\src\Illuminate\Database\Eloquent\Factories\Factory.php:321
at tests\Unit\Models\ReviewTest.php:13
Caused by
PDOException: SQLSTATE[HY000]: General error: 1 no such table: car_rental_users

at vendor\laravel\framework\src\Illuminate\Database\Connection.php:564
at vendor\laravel\framework\src\Illuminate\Database\Connection.php:811
at vendor\laravel\framework\src\Illuminate\Database\Connection.php:778
at vendor\laravel\framework\src\Illuminate\Database\Connection.php:559
at vendor\laravel\framework\src\Illuminate\Database\Connection.php:523
at vendor\laravel\framework\src\Illuminate\Database\Query\Processors\Processor.php:32
at vendor\laravel\framework\src\Illuminate\Database\Query\Builder.php:3853
at vendor\laravel\framework\src\Illuminate\Database\Eloquent\Builder.php:2235
at vendor\laravel\framework\src\Illuminate\Database\Eloquent\Model.php:1436
at vendor\laravel\framework\src\Illuminate\Database\Eloquent\Model.php:1401
at vendor\laravel\framework\src\Illuminate\Database\Eloquent\Model.php:1240
at vendor\laravel\framework\src\Illuminate\Database\Eloquent\Factories\Factory.php:370
at vendor\laravel\framework\src\Illuminate\Collections\Traits\EnumeratesValues.php:271
at vendor\laravel\framework\src\Illuminate\Database\Eloquent\Factories\Factory.php:365
at vendor\laravel\framework\src\Illuminate\Database\Eloquent\Factories\Factory.php:321
at tests\Unit\Models\ReviewTest.php:13</error>
        </testcase>
        <testcase name="`Review Model` → it can have recommendation status" file="tests\Unit\Models\ReviewTest.php::`Review Model` → it can have recommendation status" class="Tests\Unit\Models\ReviewTest" classname="Tests.Unit.Models.ReviewTest" assertions="0" time="0.000000">
          <error type="Illuminate\Database\QueryException">`Review Model` → it can have recommendation statusIlluminate\Database\QueryException: SQLSTATE[HY000]: General error: 1 no such table: car_rental_users (Connection: sqlite, SQL: insert into "car_rental_users" ("name", "email", "email_verified_at", "password", "phone", "role", "status", "license_number", "id_document_path", "license_document_path", "is_verified", "date_of_birth", "address", "remember_token", "updated_at", "created_at") values (Chelsey Jaskolski IV, francis.emmerich@example.net, 2025-09-24 12:53:27, $2y$04$78g4B33dBB9yvLZHXPZyOuzF4w5wzk7FwYQTRiFHrXZoaR9VfYlfW, 458.525.7779, owner, pending, tvi-2915-3989, documents/ids/a4111dcf-42b7-3fd1-ba09-1b8f009a3c12.pdf, documents/licenses/ef66ec3f-a274-3845-96f2-f284e3a66460.pdf, 1, 2002-08-08 00:00:00, 33016 Piper Club
West Candelarioville, CT 90259-0377, v0zVDW9YrO, 2025-09-24 12:53:27, 2025-09-24 12:53:27))&#13;
at vendor\laravel\framework\src\Illuminate\Database\Connection.php:564
at vendor\laravel\framework\src\Illuminate\Database\Connection.php:811
at vendor\laravel\framework\src\Illuminate\Database\Connection.php:778
at vendor\laravel\framework\src\Illuminate\Database\Connection.php:559
at vendor\laravel\framework\src\Illuminate\Database\Connection.php:523
at vendor\laravel\framework\src\Illuminate\Database\Query\Processors\Processor.php:32
at vendor\laravel\framework\src\Illuminate\Database\Query\Builder.php:3853
at vendor\laravel\framework\src\Illuminate\Database\Eloquent\Builder.php:2235
at vendor\laravel\framework\src\Illuminate\Database\Eloquent\Model.php:1436
at vendor\laravel\framework\src\Illuminate\Database\Eloquent\Model.php:1401
at vendor\laravel\framework\src\Illuminate\Database\Eloquent\Model.php:1240
at vendor\laravel\framework\src\Illuminate\Database\Eloquent\Factories\Factory.php:370
at vendor\laravel\framework\src\Illuminate\Collections\Traits\EnumeratesValues.php:271
at vendor\laravel\framework\src\Illuminate\Database\Eloquent\Factories\Factory.php:365
at vendor\laravel\framework\src\Illuminate\Database\Eloquent\Factories\Factory.php:321
at tests\Unit\Models\ReviewTest.php:13
Caused by
PDOException: SQLSTATE[HY000]: General error: 1 no such table: car_rental_users

at vendor\laravel\framework\src\Illuminate\Database\Connection.php:564
at vendor\laravel\framework\src\Illuminate\Database\Connection.php:811
at vendor\laravel\framework\src\Illuminate\Database\Connection.php:778
at vendor\laravel\framework\src\Illuminate\Database\Connection.php:559
at vendor\laravel\framework\src\Illuminate\Database\Connection.php:523
at vendor\laravel\framework\src\Illuminate\Database\Query\Processors\Processor.php:32
at vendor\laravel\framework\src\Illuminate\Database\Query\Builder.php:3853
at vendor\laravel\framework\src\Illuminate\Database\Eloquent\Builder.php:2235
at vendor\laravel\framework\src\Illuminate\Database\Eloquent\Model.php:1436
at vendor\laravel\framework\src\Illuminate\Database\Eloquent\Model.php:1401
at vendor\laravel\framework\src\Illuminate\Database\Eloquent\Model.php:1240
at vendor\laravel\framework\src\Illuminate\Database\Eloquent\Factories\Factory.php:370
at vendor\laravel\framework\src\Illuminate\Collections\Traits\EnumeratesValues.php:271
at vendor\laravel\framework\src\Illuminate\Database\Eloquent\Factories\Factory.php:365
at vendor\laravel\framework\src\Illuminate\Database\Eloquent\Factories\Factory.php:321
at tests\Unit\Models\ReviewTest.php:13</error>
        </testcase>
        <testcase name="`Review Model` → it can calculate average rating" file="tests\Unit\Models\ReviewTest.php::`Review Model` → it can calculate average rating" class="Tests\Unit\Models\ReviewTest" classname="Tests.Unit.Models.ReviewTest" assertions="0" time="0.000000">
          <error type="Illuminate\Database\QueryException">`Review Model` → it can calculate average ratingIlluminate\Database\QueryException: SQLSTATE[HY000]: General error: 1 no such table: car_rental_users (Connection: sqlite, SQL: insert into "car_rental_users" ("name", "email", "email_verified_at", "password", "phone", "role", "status", "license_number", "id_document_path", "license_document_path", "is_verified", "date_of_birth", "address", "remember_token", "updated_at", "created_at") values (Vada Willms II, rogahn.meredith@example.net, 2025-09-24 12:53:27, $2y$04$78g4B33dBB9yvLZHXPZyOuzF4w5wzk7FwYQTRiFHrXZoaR9VfYlfW, 484.667.7747, owner, active, ktt-5424-8217, documents/ids/861211e7-cd36-3a4c-b0a0-f0d37aea8f27.pdf, documents/licenses/43073cca-616e-34f0-b955-13f7c0009fd8.pdf, 1, 1995-11-11 00:00:00, 93306 Gracie Station Suite 052
Brockberg, WA 84262-3993, JVpl6ZjB0C, 2025-09-24 12:53:27, 2025-09-24 12:53:27))&#13;
at vendor\laravel\framework\src\Illuminate\Database\Connection.php:564
at vendor\laravel\framework\src\Illuminate\Database\Connection.php:811
at vendor\laravel\framework\src\Illuminate\Database\Connection.php:778
at vendor\laravel\framework\src\Illuminate\Database\Connection.php:559
at vendor\laravel\framework\src\Illuminate\Database\Connection.php:523
at vendor\laravel\framework\src\Illuminate\Database\Query\Processors\Processor.php:32
at vendor\laravel\framework\src\Illuminate\Database\Query\Builder.php:3853
at vendor\laravel\framework\src\Illuminate\Database\Eloquent\Builder.php:2235
at vendor\laravel\framework\src\Illuminate\Database\Eloquent\Model.php:1436
at vendor\laravel\framework\src\Illuminate\Database\Eloquent\Model.php:1401
at vendor\laravel\framework\src\Illuminate\Database\Eloquent\Model.php:1240
at vendor\laravel\framework\src\Illuminate\Database\Eloquent\Factories\Factory.php:370
at vendor\laravel\framework\src\Illuminate\Collections\Traits\EnumeratesValues.php:271
at vendor\laravel\framework\src\Illuminate\Database\Eloquent\Factories\Factory.php:365
at vendor\laravel\framework\src\Illuminate\Database\Eloquent\Factories\Factory.php:321
at tests\Unit\Models\ReviewTest.php:13
Caused by
PDOException: SQLSTATE[HY000]: General error: 1 no such table: car_rental_users

at vendor\laravel\framework\src\Illuminate\Database\Connection.php:564
at vendor\laravel\framework\src\Illuminate\Database\Connection.php:811
at vendor\laravel\framework\src\Illuminate\Database\Connection.php:778
at vendor\laravel\framework\src\Illuminate\Database\Connection.php:559
at vendor\laravel\framework\src\Illuminate\Database\Connection.php:523
at vendor\laravel\framework\src\Illuminate\Database\Query\Processors\Processor.php:32
at vendor\laravel\framework\src\Illuminate\Database\Query\Builder.php:3853
at vendor\laravel\framework\src\Illuminate\Database\Eloquent\Builder.php:2235
at vendor\laravel\framework\src\Illuminate\Database\Eloquent\Model.php:1436
at vendor\laravel\framework\src\Illuminate\Database\Eloquent\Model.php:1401
at vendor\laravel\framework\src\Illuminate\Database\Eloquent\Model.php:1240
at vendor\laravel\framework\src\Illuminate\Database\Eloquent\Factories\Factory.php:370
at vendor\laravel\framework\src\Illuminate\Collections\Traits\EnumeratesValues.php:271
at vendor\laravel\framework\src\Illuminate\Database\Eloquent\Factories\Factory.php:365
at vendor\laravel\framework\src\Illuminate\Database\Eloquent\Factories\Factory.php:321
at tests\Unit\Models\ReviewTest.php:13</error>
        </testcase>
        <testcase name="`Review Model` → it uses correct table name" file="tests\Unit\Models\ReviewTest.php::`Review Model` → it uses correct table name" class="Tests\Unit\Models\ReviewTest" classname="Tests.Unit.Models.ReviewTest" assertions="0" time="0.000000">
          <error type="Illuminate\Database\QueryException">`Review Model` → it uses correct table nameIlluminate\Database\QueryException: SQLSTATE[HY000]: General error: 1 no such table: car_rental_users (Connection: sqlite, SQL: insert into "car_rental_users" ("name", "email", "email_verified_at", "password", "phone", "role", "status", "license_number", "id_document_path", "license_document_path", "is_verified", "date_of_birth", "address", "remember_token", "updated_at", "created_at") values (Easton Feeney III, jkshlerin@example.net, 2025-09-24 12:53:27, $2y$04$78g4B33dBB9yvLZHXPZyOuzF4w5wzk7FwYQTRiFHrXZoaR9VfYlfW, (541) 380-0695, owner, pending, ttj-4267-5562, documents/ids/eb934472-7866-3a60-ac6f-d2ffb6261c37.pdf, documents/licenses/5bab12bc-9094-3f3b-8e54-adbbd101b14c.pdf, 0, 1994-07-27 00:00:00, 612 Dooley Cape Suite 286
Harrisburgh, MS 10967, H1im1O3nyA, 2025-09-24 12:53:27, 2025-09-24 12:53:27))&#13;
at vendor\laravel\framework\src\Illuminate\Database\Connection.php:564
at vendor\laravel\framework\src\Illuminate\Database\Connection.php:811
at vendor\laravel\framework\src\Illuminate\Database\Connection.php:778
at vendor\laravel\framework\src\Illuminate\Database\Connection.php:559
at vendor\laravel\framework\src\Illuminate\Database\Connection.php:523
at vendor\laravel\framework\src\Illuminate\Database\Query\Processors\Processor.php:32
at vendor\laravel\framework\src\Illuminate\Database\Query\Builder.php:3853
at vendor\laravel\framework\src\Illuminate\Database\Eloquent\Builder.php:2235
at vendor\laravel\framework\src\Illuminate\Database\Eloquent\Model.php:1436
at vendor\laravel\framework\src\Illuminate\Database\Eloquent\Model.php:1401
at vendor\laravel\framework\src\Illuminate\Database\Eloquent\Model.php:1240
at vendor\laravel\framework\src\Illuminate\Database\Eloquent\Factories\Factory.php:370
at vendor\laravel\framework\src\Illuminate\Collections\Traits\EnumeratesValues.php:271
at vendor\laravel\framework\src\Illuminate\Database\Eloquent\Factories\Factory.php:365
at vendor\laravel\framework\src\Illuminate\Database\Eloquent\Factories\Factory.php:321
at tests\Unit\Models\ReviewTest.php:13
Caused by
PDOException: SQLSTATE[HY000]: General error: 1 no such table: car_rental_users

at vendor\laravel\framework\src\Illuminate\Database\Connection.php:564
at vendor\laravel\framework\src\Illuminate\Database\Connection.php:811
at vendor\laravel\framework\src\Illuminate\Database\Connection.php:778
at vendor\laravel\framework\src\Illuminate\Database\Connection.php:559
at vendor\laravel\framework\src\Illuminate\Database\Connection.php:523
at vendor\laravel\framework\src\Illuminate\Database\Query\Processors\Processor.php:32
at vendor\laravel\framework\src\Illuminate\Database\Query\Builder.php:3853
at vendor\laravel\framework\src\Illuminate\Database\Eloquent\Builder.php:2235
at vendor\laravel\framework\src\Illuminate\Database\Eloquent\Model.php:1436
at vendor\laravel\framework\src\Illuminate\Database\Eloquent\Model.php:1401
at vendor\laravel\framework\src\Illuminate\Database\Eloquent\Model.php:1240
at vendor\laravel\framework\src\Illuminate\Database\Eloquent\Factories\Factory.php:370
at vendor\laravel\framework\src\Illuminate\Collections\Traits\EnumeratesValues.php:271
at vendor\laravel\framework\src\Illuminate\Database\Eloquent\Factories\Factory.php:365
at vendor\laravel\framework\src\Illuminate\Database\Eloquent\Factories\Factory.php:321
at tests\Unit\Models\ReviewTest.php:13</error>
        </testcase>
        <testcase name="`Review Model` → it ensures unique booking review constraint" file="tests\Unit\Models\ReviewTest.php::`Review Model` → it ensures unique booking review constraint" class="Tests\Unit\Models\ReviewTest" classname="Tests.Unit.Models.ReviewTest" assertions="0" time="0.000000">
          <error type="Illuminate\Database\QueryException">`Review Model` → it ensures unique booking review constraintIlluminate\Database\QueryException: SQLSTATE[HY000]: General error: 1 no such table: car_rental_users (Connection: sqlite, SQL: insert into "car_rental_users" ("name", "email", "email_verified_at", "password", "phone", "role", "status", "license_number", "id_document_path", "license_document_path", "is_verified", "date_of_birth", "address", "remember_token", "updated_at", "created_at") values (Prof. Loy Ankunding DVM, roscoe00@example.net, 2025-09-24 12:53:27, $2y$04$78g4B33dBB9yvLZHXPZyOuzF4w5wzk7FwYQTRiFHrXZoaR9VfYlfW, +1-435-280-0617, owner, active, cif-1075-4260, documents/ids/4f045b14-d892-3d7c-828c-7abd9a0d49f6.pdf, documents/licenses/04c4ab6d-e5f3-3c63-ac53-a0bd9e63dddf.pdf, 1, 1985-02-01 00:00:00, 68995 Willms Vista Apt. 641
Joeyshire, MI 75434-8022, xDd8LWwgOy, 2025-09-24 12:53:27, 2025-09-24 12:53:27))&#13;
at vendor\laravel\framework\src\Illuminate\Database\Connection.php:564
at vendor\laravel\framework\src\Illuminate\Database\Connection.php:811
at vendor\laravel\framework\src\Illuminate\Database\Connection.php:778
at vendor\laravel\framework\src\Illuminate\Database\Connection.php:559
at vendor\laravel\framework\src\Illuminate\Database\Connection.php:523
at vendor\laravel\framework\src\Illuminate\Database\Query\Processors\Processor.php:32
at vendor\laravel\framework\src\Illuminate\Database\Query\Builder.php:3853
at vendor\laravel\framework\src\Illuminate\Database\Eloquent\Builder.php:2235
at vendor\laravel\framework\src\Illuminate\Database\Eloquent\Model.php:1436
at vendor\laravel\framework\src\Illuminate\Database\Eloquent\Model.php:1401
at vendor\laravel\framework\src\Illuminate\Database\Eloquent\Model.php:1240
at vendor\laravel\framework\src\Illuminate\Database\Eloquent\Factories\Factory.php:370
at vendor\laravel\framework\src\Illuminate\Collections\Traits\EnumeratesValues.php:271
at vendor\laravel\framework\src\Illuminate\Database\Eloquent\Factories\Factory.php:365
at vendor\laravel\framework\src\Illuminate\Database\Eloquent\Factories\Factory.php:321
at tests\Unit\Models\ReviewTest.php:13
Caused by
PDOException: SQLSTATE[HY000]: General error: 1 no such table: car_rental_users

at vendor\laravel\framework\src\Illuminate\Database\Connection.php:564
at vendor\laravel\framework\src\Illuminate\Database\Connection.php:811
at vendor\laravel\framework\src\Illuminate\Database\Connection.php:778
at vendor\laravel\framework\src\Illuminate\Database\Connection.php:559
at vendor\laravel\framework\src\Illuminate\Database\Connection.php:523
at vendor\laravel\framework\src\Illuminate\Database\Query\Processors\Processor.php:32
at vendor\laravel\framework\src\Illuminate\Database\Query\Builder.php:3853
at vendor\laravel\framework\src\Illuminate\Database\Eloquent\Builder.php:2235
at vendor\laravel\framework\src\Illuminate\Database\Eloquent\Model.php:1436
at vendor\laravel\framework\src\Illuminate\Database\Eloquent\Model.php:1401
at vendor\laravel\framework\src\Illuminate\Database\Eloquent\Model.php:1240
at vendor\laravel\framework\src\Illuminate\Database\Eloquent\Factories\Factory.php:370
at vendor\laravel\framework\src\Illuminate\Collections\Traits\EnumeratesValues.php:271
at vendor\laravel\framework\src\Illuminate\Database\Eloquent\Factories\Factory.php:365
at vendor\laravel\framework\src\Illuminate\Database\Eloquent\Factories\Factory.php:321
at tests\Unit\Models\ReviewTest.php:13</error>
        </testcase>
        <testcase name="`Review Model` → it can have detailed ratings" file="tests\Unit\Models\ReviewTest.php::`Review Model` → it can have detailed ratings" class="Tests\Unit\Models\ReviewTest" classname="Tests.Unit.Models.ReviewTest" assertions="0" time="0.000000">
          <error type="Illuminate\Database\QueryException">`Review Model` → it can have detailed ratingsIlluminate\Database\QueryException: SQLSTATE[HY000]: General error: 1 no such table: car_rental_users (Connection: sqlite, SQL: insert into "car_rental_users" ("name", "email", "email_verified_at", "password", "phone", "role", "status", "license_number", "id_document_path", "license_document_path", "is_verified", "date_of_birth", "address", "remember_token", "updated_at", "created_at") values (Prof. Ebony Walsh, breana54@example.com, 2025-09-24 12:53:27, $2y$04$78g4B33dBB9yvLZHXPZyOuzF4w5wzk7FwYQTRiFHrXZoaR9VfYlfW, +1 (281) 837-5943, owner, pending, xmn-4958-1237, documents/ids/705ae780-3bed-3710-bf30-90859c781ce9.pdf, documents/licenses/c44bb7a8-9af1-390e-9e1c-5a2ff54b7b4e.pdf, 0, 1966-09-08 00:00:00, 28647 Ed Union
New Henri, RI 59356, MazpDH1yzN, 2025-09-24 12:53:27, 2025-09-24 12:53:27))&#13;
at vendor\laravel\framework\src\Illuminate\Database\Connection.php:564
at vendor\laravel\framework\src\Illuminate\Database\Connection.php:811
at vendor\laravel\framework\src\Illuminate\Database\Connection.php:778
at vendor\laravel\framework\src\Illuminate\Database\Connection.php:559
at vendor\laravel\framework\src\Illuminate\Database\Connection.php:523
at vendor\laravel\framework\src\Illuminate\Database\Query\Processors\Processor.php:32
at vendor\laravel\framework\src\Illuminate\Database\Query\Builder.php:3853
at vendor\laravel\framework\src\Illuminate\Database\Eloquent\Builder.php:2235
at vendor\laravel\framework\src\Illuminate\Database\Eloquent\Model.php:1436
at vendor\laravel\framework\src\Illuminate\Database\Eloquent\Model.php:1401
at vendor\laravel\framework\src\Illuminate\Database\Eloquent\Model.php:1240
at vendor\laravel\framework\src\Illuminate\Database\Eloquent\Factories\Factory.php:370
at vendor\laravel\framework\src\Illuminate\Collections\Traits\EnumeratesValues.php:271
at vendor\laravel\framework\src\Illuminate\Database\Eloquent\Factories\Factory.php:365
at vendor\laravel\framework\src\Illuminate\Database\Eloquent\Factories\Factory.php:321
at tests\Unit\Models\ReviewTest.php:13
Caused by
PDOException: SQLSTATE[HY000]: General error: 1 no such table: car_rental_users

at vendor\laravel\framework\src\Illuminate\Database\Connection.php:564
at vendor\laravel\framework\src\Illuminate\Database\Connection.php:811
at vendor\laravel\framework\src\Illuminate\Database\Connection.php:778
at vendor\laravel\framework\src\Illuminate\Database\Connection.php:559
at vendor\laravel\framework\src\Illuminate\Database\Connection.php:523
at vendor\laravel\framework\src\Illuminate\Database\Query\Processors\Processor.php:32
at vendor\laravel\framework\src\Illuminate\Database\Query\Builder.php:3853
at vendor\laravel\framework\src\Illuminate\Database\Eloquent\Builder.php:2235
at vendor\laravel\framework\src\Illuminate\Database\Eloquent\Model.php:1436
at vendor\laravel\framework\src\Illuminate\Database\Eloquent\Model.php:1401
at vendor\laravel\framework\src\Illuminate\Database\Eloquent\Model.php:1240
at vendor\laravel\framework\src\Illuminate\Database\Eloquent\Factories\Factory.php:370
at vendor\laravel\framework\src\Illuminate\Collections\Traits\EnumeratesValues.php:271
at vendor\laravel\framework\src\Illuminate\Database\Eloquent\Factories\Factory.php:365
at vendor\laravel\framework\src\Illuminate\Database\Eloquent\Factories\Factory.php:321
at tests\Unit\Models\ReviewTest.php:13</error>
        </testcase>
        <testcase name="`Review Model` → it creates reviews with factory states" file="tests\Unit\Models\ReviewTest.php::`Review Model` → it creates reviews with factory states" class="Tests\Unit\Models\ReviewTest" classname="Tests.Unit.Models.ReviewTest" assertions="0" time="0.000000">
          <error type="Illuminate\Database\QueryException">`Review Model` → it creates reviews with factory statesIlluminate\Database\QueryException: SQLSTATE[HY000]: General error: 1 no such table: car_rental_users (Connection: sqlite, SQL: insert into "car_rental_users" ("name", "email", "email_verified_at", "password", "phone", "role", "status", "license_number", "id_document_path", "license_document_path", "is_verified", "date_of_birth", "address", "remember_token", "updated_at", "created_at") values (Dr. Gertrude Champlin, efrain07@example.org, 2025-09-24 12:53:27, $2y$04$78g4B33dBB9yvLZHXPZyOuzF4w5wzk7FwYQTRiFHrXZoaR9VfYlfW, +12404303971, owner, active, bjr-9297-1734, documents/ids/39dcc54f-abba-333f-9a7e-e942f5a55b55.pdf, documents/licenses/9cd64839-298a-3f79-85f3-5dec164db4ce.pdf, 0, 1980-05-24 00:00:00, 4462 Damaris Court Apt. 746
Brakusside, NJ 93873, Rg2K0GTcyt, 2025-09-24 12:53:27, 2025-09-24 12:53:27))&#13;
at vendor\laravel\framework\src\Illuminate\Database\Connection.php:564
at vendor\laravel\framework\src\Illuminate\Database\Connection.php:811
at vendor\laravel\framework\src\Illuminate\Database\Connection.php:778
at vendor\laravel\framework\src\Illuminate\Database\Connection.php:559
at vendor\laravel\framework\src\Illuminate\Database\Connection.php:523
at vendor\laravel\framework\src\Illuminate\Database\Query\Processors\Processor.php:32
at vendor\laravel\framework\src\Illuminate\Database\Query\Builder.php:3853
at vendor\laravel\framework\src\Illuminate\Database\Eloquent\Builder.php:2235
at vendor\laravel\framework\src\Illuminate\Database\Eloquent\Model.php:1436
at vendor\laravel\framework\src\Illuminate\Database\Eloquent\Model.php:1401
at vendor\laravel\framework\src\Illuminate\Database\Eloquent\Model.php:1240
at vendor\laravel\framework\src\Illuminate\Database\Eloquent\Factories\Factory.php:370
at vendor\laravel\framework\src\Illuminate\Collections\Traits\EnumeratesValues.php:271
at vendor\laravel\framework\src\Illuminate\Database\Eloquent\Factories\Factory.php:365
at vendor\laravel\framework\src\Illuminate\Database\Eloquent\Factories\Factory.php:321
at tests\Unit\Models\ReviewTest.php:13
Caused by
PDOException: SQLSTATE[HY000]: General error: 1 no such table: car_rental_users

at vendor\laravel\framework\src\Illuminate\Database\Connection.php:564
at vendor\laravel\framework\src\Illuminate\Database\Connection.php:811
at vendor\laravel\framework\src\Illuminate\Database\Connection.php:778
at vendor\laravel\framework\src\Illuminate\Database\Connection.php:559
at vendor\laravel\framework\src\Illuminate\Database\Connection.php:523
at vendor\laravel\framework\src\Illuminate\Database\Query\Processors\Processor.php:32
at vendor\laravel\framework\src\Illuminate\Database\Query\Builder.php:3853
at vendor\laravel\framework\src\Illuminate\Database\Eloquent\Builder.php:2235
at vendor\laravel\framework\src\Illuminate\Database\Eloquent\Model.php:1436
at vendor\laravel\framework\src\Illuminate\Database\Eloquent\Model.php:1401
at vendor\laravel\framework\src\Illuminate\Database\Eloquent\Model.php:1240
at vendor\laravel\framework\src\Illuminate\Database\Eloquent\Factories\Factory.php:370
at vendor\laravel\framework\src\Illuminate\Collections\Traits\EnumeratesValues.php:271
at vendor\laravel\framework\src\Illuminate\Database\Eloquent\Factories\Factory.php:365
at vendor\laravel\framework\src\Illuminate\Database\Eloquent\Factories\Factory.php:321
at tests\Unit\Models\ReviewTest.php:13</error>
        </testcase>
        <testcase name="`Review Model` → it can be visible or hidden" file="tests\Unit\Models\ReviewTest.php::`Review Model` → it can be visible or hidden" class="Tests\Unit\Models\ReviewTest" classname="Tests.Unit.Models.ReviewTest" assertions="0" time="0.000000">
          <error type="Illuminate\Database\QueryException">`Review Model` → it can be visible or hiddenIlluminate\Database\QueryException: SQLSTATE[HY000]: General error: 1 no such table: car_rental_users (Connection: sqlite, SQL: insert into "car_rental_users" ("name", "email", "email_verified_at", "password", "phone", "role", "status", "license_number", "id_document_path", "license_document_path", "is_verified", "date_of_birth", "address", "remember_token", "updated_at", "created_at") values (Janessa O'Kon, alf.ankunding@example.net, 2025-09-24 12:53:27, $2y$04$78g4B33dBB9yvLZHXPZyOuzF4w5wzk7FwYQTRiFHrXZoaR9VfYlfW, (225) 742-6740, owner, pending, eks-2056-4257, documents/ids/4462b1b0-7b9d-39f3-98d8-84850a29845c.pdf, documents/licenses/6a3b5e19-0f0f-3055-b0e0-fd2703174d91.pdf, 0, 1980-04-13 00:00:00, 9568 Josiane Mountains Suite 392
North Jeramy, CA 23685-6233, ooT7E6zVZb, 2025-09-24 12:53:27, 2025-09-24 12:53:27))&#13;
at vendor\laravel\framework\src\Illuminate\Database\Connection.php:564
at vendor\laravel\framework\src\Illuminate\Database\Connection.php:811
at vendor\laravel\framework\src\Illuminate\Database\Connection.php:778
at vendor\laravel\framework\src\Illuminate\Database\Connection.php:559
at vendor\laravel\framework\src\Illuminate\Database\Connection.php:523
at vendor\laravel\framework\src\Illuminate\Database\Query\Processors\Processor.php:32
at vendor\laravel\framework\src\Illuminate\Database\Query\Builder.php:3853
at vendor\laravel\framework\src\Illuminate\Database\Eloquent\Builder.php:2235
at vendor\laravel\framework\src\Illuminate\Database\Eloquent\Model.php:1436
at vendor\laravel\framework\src\Illuminate\Database\Eloquent\Model.php:1401
at vendor\laravel\framework\src\Illuminate\Database\Eloquent\Model.php:1240
at vendor\laravel\framework\src\Illuminate\Database\Eloquent\Factories\Factory.php:370
at vendor\laravel\framework\src\Illuminate\Collections\Traits\EnumeratesValues.php:271
at vendor\laravel\framework\src\Illuminate\Database\Eloquent\Factories\Factory.php:365
at vendor\laravel\framework\src\Illuminate\Database\Eloquent\Factories\Factory.php:321
at tests\Unit\Models\ReviewTest.php:13
Caused by
PDOException: SQLSTATE[HY000]: General error: 1 no such table: car_rental_users

at vendor\laravel\framework\src\Illuminate\Database\Connection.php:564
at vendor\laravel\framework\src\Illuminate\Database\Connection.php:811
at vendor\laravel\framework\src\Illuminate\Database\Connection.php:778
at vendor\laravel\framework\src\Illuminate\Database\Connection.php:559
at vendor\laravel\framework\src\Illuminate\Database\Connection.php:523
at vendor\laravel\framework\src\Illuminate\Database\Query\Processors\Processor.php:32
at vendor\laravel\framework\src\Illuminate\Database\Query\Builder.php:3853
at vendor\laravel\framework\src\Illuminate\Database\Eloquent\Builder.php:2235
at vendor\laravel\framework\src\Illuminate\Database\Eloquent\Model.php:1436
at vendor\laravel\framework\src\Illuminate\Database\Eloquent\Model.php:1401
at vendor\laravel\framework\src\Illuminate\Database\Eloquent\Model.php:1240
at vendor\laravel\framework\src\Illuminate\Database\Eloquent\Factories\Factory.php:370
at vendor\laravel\framework\src\Illuminate\Collections\Traits\EnumeratesValues.php:271
at vendor\laravel\framework\src\Illuminate\Database\Eloquent\Factories\Factory.php:365
at vendor\laravel\framework\src\Illuminate\Database\Eloquent\Factories\Factory.php:321
at tests\Unit\Models\ReviewTest.php:13</error>
        </testcase>
        <testcase name="`Review Model` → it casts attributes correctly" file="tests\Unit\Models\ReviewTest.php::`Review Model` → it casts attributes correctly" class="Tests\Unit\Models\ReviewTest" classname="Tests.Unit.Models.ReviewTest" assertions="0" time="0.000000">
          <error type="Illuminate\Database\QueryException">`Review Model` → it casts attributes correctlyIlluminate\Database\QueryException: SQLSTATE[HY000]: General error: 1 no such table: car_rental_users (Connection: sqlite, SQL: insert into "car_rental_users" ("name", "email", "email_verified_at", "password", "phone", "role", "status", "license_number", "id_document_path", "license_document_path", "is_verified", "date_of_birth", "address", "remember_token", "updated_at", "created_at") values (Brenna Kilback Jr., ewaelchi@example.net, 2025-09-24 12:53:28, $2y$04$78g4B33dBB9yvLZHXPZyOuzF4w5wzk7FwYQTRiFHrXZoaR9VfYlfW, 301.728.8084, owner, pending, fbi-2836-5034, documents/ids/a0317bb3-2712-3996-9f3c-096c0182bdba.pdf, documents/licenses/01cc9fbf-bacf-376d-babc-0ec188820cf6.pdf, 1, 1977-09-05 00:00:00, 21457 Wilderman Trail
North Monica, OR 05664, jh1zXiMQ4C, 2025-09-24 12:53:28, 2025-09-24 12:53:28))&#13;
at vendor\laravel\framework\src\Illuminate\Database\Connection.php:564
at vendor\laravel\framework\src\Illuminate\Database\Connection.php:811
at vendor\laravel\framework\src\Illuminate\Database\Connection.php:778
at vendor\laravel\framework\src\Illuminate\Database\Connection.php:559
at vendor\laravel\framework\src\Illuminate\Database\Connection.php:523
at vendor\laravel\framework\src\Illuminate\Database\Query\Processors\Processor.php:32
at vendor\laravel\framework\src\Illuminate\Database\Query\Builder.php:3853
at vendor\laravel\framework\src\Illuminate\Database\Eloquent\Builder.php:2235
at vendor\laravel\framework\src\Illuminate\Database\Eloquent\Model.php:1436
at vendor\laravel\framework\src\Illuminate\Database\Eloquent\Model.php:1401
at vendor\laravel\framework\src\Illuminate\Database\Eloquent\Model.php:1240
at vendor\laravel\framework\src\Illuminate\Database\Eloquent\Factories\Factory.php:370
at vendor\laravel\framework\src\Illuminate\Collections\Traits\EnumeratesValues.php:271
at vendor\laravel\framework\src\Illuminate\Database\Eloquent\Factories\Factory.php:365
at vendor\laravel\framework\src\Illuminate\Database\Eloquent\Factories\Factory.php:321
at tests\Unit\Models\ReviewTest.php:13
Caused by
PDOException: SQLSTATE[HY000]: General error: 1 no such table: car_rental_users

at vendor\laravel\framework\src\Illuminate\Database\Connection.php:564
at vendor\laravel\framework\src\Illuminate\Database\Connection.php:811
at vendor\laravel\framework\src\Illuminate\Database\Connection.php:778
at vendor\laravel\framework\src\Illuminate\Database\Connection.php:559
at vendor\laravel\framework\src\Illuminate\Database\Connection.php:523
at vendor\laravel\framework\src\Illuminate\Database\Query\Processors\Processor.php:32
at vendor\laravel\framework\src\Illuminate\Database\Query\Builder.php:3853
at vendor\laravel\framework\src\Illuminate\Database\Eloquent\Builder.php:2235
at vendor\laravel\framework\src\Illuminate\Database\Eloquent\Model.php:1436
at vendor\laravel\framework\src\Illuminate\Database\Eloquent\Model.php:1401
at vendor\laravel\framework\src\Illuminate\Database\Eloquent\Model.php:1240
at vendor\laravel\framework\src\Illuminate\Database\Eloquent\Factories\Factory.php:370
at vendor\laravel\framework\src\Illuminate\Collections\Traits\EnumeratesValues.php:271
at vendor\laravel\framework\src\Illuminate\Database\Eloquent\Factories\Factory.php:365
at vendor\laravel\framework\src\Illuminate\Database\Eloquent\Factories\Factory.php:321
at tests\Unit\Models\ReviewTest.php:13</error>
        </testcase>
        <testcase name="`Review Model` → it can filter visible reviews" file="tests\Unit\Models\ReviewTest.php::`Review Model` → it can filter visible reviews" class="Tests\Unit\Models\ReviewTest" classname="Tests.Unit.Models.ReviewTest" assertions="0" time="0.000000">
          <error type="Illuminate\Database\QueryException">`Review Model` → it can filter visible reviewsIlluminate\Database\QueryException: SQLSTATE[HY000]: General error: 1 no such table: car_rental_users (Connection: sqlite, SQL: insert into "car_rental_users" ("name", "email", "email_verified_at", "password", "phone", "role", "status", "license_number", "id_document_path", "license_document_path", "is_verified", "date_of_birth", "address", "remember_token", "updated_at", "created_at") values (Mr. Newell Pollich, uabbott@example.org, 2025-09-24 12:53:28, $2y$04$78g4B33dBB9yvLZHXPZyOuzF4w5wzk7FwYQTRiFHrXZoaR9VfYlfW, +1-364-907-7671, owner, active, bsg-7387-1362, documents/ids/49d5d596-55c8-3911-8ced-506151ea8022.pdf, documents/licenses/18d1853e-1c4a-3bc8-8ca9-5d8a60e06e82.pdf, 1, 2006-09-13 00:00:00, 9017 Connor Tunnel Suite 958
Lake Daron, NV 76344, 6DlLyliipY, 2025-09-24 12:53:28, 2025-09-24 12:53:28))&#13;
at vendor\laravel\framework\src\Illuminate\Database\Connection.php:564
at vendor\laravel\framework\src\Illuminate\Database\Connection.php:811
at vendor\laravel\framework\src\Illuminate\Database\Connection.php:778
at vendor\laravel\framework\src\Illuminate\Database\Connection.php:559
at vendor\laravel\framework\src\Illuminate\Database\Connection.php:523
at vendor\laravel\framework\src\Illuminate\Database\Query\Processors\Processor.php:32
at vendor\laravel\framework\src\Illuminate\Database\Query\Builder.php:3853
at vendor\laravel\framework\src\Illuminate\Database\Eloquent\Builder.php:2235
at vendor\laravel\framework\src\Illuminate\Database\Eloquent\Model.php:1436
at vendor\laravel\framework\src\Illuminate\Database\Eloquent\Model.php:1401
at vendor\laravel\framework\src\Illuminate\Database\Eloquent\Model.php:1240
at vendor\laravel\framework\src\Illuminate\Database\Eloquent\Factories\Factory.php:370
at vendor\laravel\framework\src\Illuminate\Collections\Traits\EnumeratesValues.php:271
at vendor\laravel\framework\src\Illuminate\Database\Eloquent\Factories\Factory.php:365
at vendor\laravel\framework\src\Illuminate\Database\Eloquent\Factories\Factory.php:321
at tests\Unit\Models\ReviewTest.php:13
Caused by
PDOException: SQLSTATE[HY000]: General error: 1 no such table: car_rental_users

at vendor\laravel\framework\src\Illuminate\Database\Connection.php:564
at vendor\laravel\framework\src\Illuminate\Database\Connection.php:811
at vendor\laravel\framework\src\Illuminate\Database\Connection.php:778
at vendor\laravel\framework\src\Illuminate\Database\Connection.php:559
at vendor\laravel\framework\src\Illuminate\Database\Connection.php:523
at vendor\laravel\framework\src\Illuminate\Database\Query\Processors\Processor.php:32
at vendor\laravel\framework\src\Illuminate\Database\Query\Builder.php:3853
at vendor\laravel\framework\src\Illuminate\Database\Eloquent\Builder.php:2235
at vendor\laravel\framework\src\Illuminate\Database\Eloquent\Model.php:1436
at vendor\laravel\framework\src\Illuminate\Database\Eloquent\Model.php:1401
at vendor\laravel\framework\src\Illuminate\Database\Eloquent\Model.php:1240
at vendor\laravel\framework\src\Illuminate\Database\Eloquent\Factories\Factory.php:370
at vendor\laravel\framework\src\Illuminate\Collections\Traits\EnumeratesValues.php:271
at vendor\laravel\framework\src\Illuminate\Database\Eloquent\Factories\Factory.php:365
at vendor\laravel\framework\src\Illuminate\Database\Eloquent\Factories\Factory.php:321
at tests\Unit\Models\ReviewTest.php:13</error>
        </testcase>
        <testcase name="`Review Model` → it can have pros and cons" file="tests\Unit\Models\ReviewTest.php::`Review Model` → it can have pros and cons" class="Tests\Unit\Models\ReviewTest" classname="Tests.Unit.Models.ReviewTest" assertions="0" time="0.000000">
          <error type="Illuminate\Database\QueryException">`Review Model` → it can have pros and consIlluminate\Database\QueryException: SQLSTATE[HY000]: General error: 1 no such table: car_rental_users (Connection: sqlite, SQL: insert into "car_rental_users" ("name", "email", "email_verified_at", "password", "phone", "role", "status", "license_number", "id_document_path", "license_document_path", "is_verified", "date_of_birth", "address", "remember_token", "updated_at", "created_at") values (Triston Kilback, yhand@example.org, 2025-09-24 12:53:28, $2y$04$78g4B33dBB9yvLZHXPZyOuzF4w5wzk7FwYQTRiFHrXZoaR9VfYlfW, 1-212-627-5454, owner, pending, qrj-1242-7376, documents/ids/c6db9397-9dd9-3ac9-a904-a4d17a00c769.pdf, documents/licenses/0f39ebe6-9c98-394a-b3ca-0911876e97e3.pdf, 1, 1989-05-26 00:00:00, 46180 Bashirian Roads
Roslynport, AL 87375-3312, HSCoHsbrm2, 2025-09-24 12:53:28, 2025-09-24 12:53:28))&#13;
at vendor\laravel\framework\src\Illuminate\Database\Connection.php:564
at vendor\laravel\framework\src\Illuminate\Database\Connection.php:811
at vendor\laravel\framework\src\Illuminate\Database\Connection.php:778
at vendor\laravel\framework\src\Illuminate\Database\Connection.php:559
at vendor\laravel\framework\src\Illuminate\Database\Connection.php:523
at vendor\laravel\framework\src\Illuminate\Database\Query\Processors\Processor.php:32
at vendor\laravel\framework\src\Illuminate\Database\Query\Builder.php:3853
at vendor\laravel\framework\src\Illuminate\Database\Eloquent\Builder.php:2235
at vendor\laravel\framework\src\Illuminate\Database\Eloquent\Model.php:1436
at vendor\laravel\framework\src\Illuminate\Database\Eloquent\Model.php:1401
at vendor\laravel\framework\src\Illuminate\Database\Eloquent\Model.php:1240
at vendor\laravel\framework\src\Illuminate\Database\Eloquent\Factories\Factory.php:370
at vendor\laravel\framework\src\Illuminate\Collections\Traits\EnumeratesValues.php:271
at vendor\laravel\framework\src\Illuminate\Database\Eloquent\Factories\Factory.php:365
at vendor\laravel\framework\src\Illuminate\Database\Eloquent\Factories\Factory.php:321
at tests\Unit\Models\ReviewTest.php:13
Caused by
PDOException: SQLSTATE[HY000]: General error: 1 no such table: car_rental_users

at vendor\laravel\framework\src\Illuminate\Database\Connection.php:564
at vendor\laravel\framework\src\Illuminate\Database\Connection.php:811
at vendor\laravel\framework\src\Illuminate\Database\Connection.php:778
at vendor\laravel\framework\src\Illuminate\Database\Connection.php:559
at vendor\laravel\framework\src\Illuminate\Database\Connection.php:523
at vendor\laravel\framework\src\Illuminate\Database\Query\Processors\Processor.php:32
at vendor\laravel\framework\src\Illuminate\Database\Query\Builder.php:3853
at vendor\laravel\framework\src\Illuminate\Database\Eloquent\Builder.php:2235
at vendor\laravel\framework\src\Illuminate\Database\Eloquent\Model.php:1436
at vendor\laravel\framework\src\Illuminate\Database\Eloquent\Model.php:1401
at vendor\laravel\framework\src\Illuminate\Database\Eloquent\Model.php:1240
at vendor\laravel\framework\src\Illuminate\Database\Eloquent\Factories\Factory.php:370
at vendor\laravel\framework\src\Illuminate\Collections\Traits\EnumeratesValues.php:271
at vendor\laravel\framework\src\Illuminate\Database\Eloquent\Factories\Factory.php:365
at vendor\laravel\framework\src\Illuminate\Database\Eloquent\Factories\Factory.php:321
at tests\Unit\Models\ReviewTest.php:13</error>
        </testcase>
        <testcase name="`Review Model` → it validates rating range" file="tests\Unit\Models\ReviewTest.php::`Review Model` → it validates rating range" class="Tests\Unit\Models\ReviewTest" classname="Tests.Unit.Models.ReviewTest" assertions="0" time="0.000000">
          <error type="Illuminate\Database\QueryException">`Review Model` → it validates rating rangeIlluminate\Database\QueryException: SQLSTATE[HY000]: General error: 1 no such table: car_rental_users (Connection: sqlite, SQL: insert into "car_rental_users" ("name", "email", "email_verified_at", "password", "phone", "role", "status", "license_number", "id_document_path", "license_document_path", "is_verified", "date_of_birth", "address", "remember_token", "updated_at", "created_at") values (Prof. Cameron Brown, nflatley@example.net, 2025-09-24 12:53:28, $2y$04$78g4B33dBB9yvLZHXPZyOuzF4w5wzk7FwYQTRiFHrXZoaR9VfYlfW, 1-830-369-0974, owner, pending, iec-5810-3931, documents/ids/c7bc7917-b1d6-38c8-b1e3-d1784a4e6f47.pdf, documents/licenses/81c45133-5dba-3945-a063-a56e718426a0.pdf, 1, 1992-07-14 00:00:00, 7014 Hirthe Cliffs
West Melissa, ND 57600-1962, tJjbkMd1n1, 2025-09-24 12:53:28, 2025-09-24 12:53:28))&#13;
at vendor\laravel\framework\src\Illuminate\Database\Connection.php:564
at vendor\laravel\framework\src\Illuminate\Database\Connection.php:811
at vendor\laravel\framework\src\Illuminate\Database\Connection.php:778
at vendor\laravel\framework\src\Illuminate\Database\Connection.php:559
at vendor\laravel\framework\src\Illuminate\Database\Connection.php:523
at vendor\laravel\framework\src\Illuminate\Database\Query\Processors\Processor.php:32
at vendor\laravel\framework\src\Illuminate\Database\Query\Builder.php:3853
at vendor\laravel\framework\src\Illuminate\Database\Eloquent\Builder.php:2235
at vendor\laravel\framework\src\Illuminate\Database\Eloquent\Model.php:1436
at vendor\laravel\framework\src\Illuminate\Database\Eloquent\Model.php:1401
at vendor\laravel\framework\src\Illuminate\Database\Eloquent\Model.php:1240
at vendor\laravel\framework\src\Illuminate\Database\Eloquent\Factories\Factory.php:370
at vendor\laravel\framework\src\Illuminate\Collections\Traits\EnumeratesValues.php:271
at vendor\laravel\framework\src\Illuminate\Database\Eloquent\Factories\Factory.php:365
at vendor\laravel\framework\src\Illuminate\Database\Eloquent\Factories\Factory.php:321
at tests\Unit\Models\ReviewTest.php:13
Caused by
PDOException: SQLSTATE[HY000]: General error: 1 no such table: car_rental_users

at vendor\laravel\framework\src\Illuminate\Database\Connection.php:564
at vendor\laravel\framework\src\Illuminate\Database\Connection.php:811
at vendor\laravel\framework\src\Illuminate\Database\Connection.php:778
at vendor\laravel\framework\src\Illuminate\Database\Connection.php:559
at vendor\laravel\framework\src\Illuminate\Database\Connection.php:523
at vendor\laravel\framework\src\Illuminate\Database\Query\Processors\Processor.php:32
at vendor\laravel\framework\src\Illuminate\Database\Query\Builder.php:3853
at vendor\laravel\framework\src\Illuminate\Database\Eloquent\Builder.php:2235
at vendor\laravel\framework\src\Illuminate\Database\Eloquent\Model.php:1436
at vendor\laravel\framework\src\Illuminate\Database\Eloquent\Model.php:1401
at vendor\laravel\framework\src\Illuminate\Database\Eloquent\Model.php:1240
at vendor\laravel\framework\src\Illuminate\Database\Eloquent\Factories\Factory.php:370
at vendor\laravel\framework\src\Illuminate\Collections\Traits\EnumeratesValues.php:271
at vendor\laravel\framework\src\Illuminate\Database\Eloquent\Factories\Factory.php:365
at vendor\laravel\framework\src\Illuminate\Database\Eloquent\Factories\Factory.php:321
at tests\Unit\Models\ReviewTest.php:13</error>
        </testcase>
      </testsuite>
      <testsuite name="Tests\Unit\Models\VehicleTest" file="tests\Unit\Models\VehicleTest.php" tests="19" assertions="0" errors="19" failures="0" skipped="0" time="0.000000">
        <testcase name="`Vehicle Model` → it has many bookings" file="tests\Unit\Models\VehicleTest.php::`Vehicle Model` → it has many bookings" class="Tests\Unit\Models\VehicleTest" classname="Tests.Unit.Models.VehicleTest" assertions="0" time="0.000000">
          <error type="Illuminate\Database\QueryException">`Vehicle Model` → it has many bookingsIlluminate\Database\QueryException: SQLSTATE[HY000]: General error: 1 no such table: car_rental_users (Connection: sqlite, SQL: insert into "car_rental_users" ("name", "email", "email_verified_at", "password", "phone", "role", "status", "license_number", "id_document_path", "license_document_path", "is_verified", "date_of_birth", "address", "remember_token", "updated_at", "created_at") values (Else Ryan, vhartmann@example.net, 2025-09-24 12:53:28, $2y$04$78g4B33dBB9yvLZHXPZyOuzF4w5wzk7FwYQTRiFHrXZoaR9VfYlfW, +1-630-454-8088, owner, approved, tqk-4772-0227, documents/ids/9e137995-210d-3fd2-9ea5-426c5270f90c.pdf, documents/licenses/0d3e5b91-2d89-3060-a054-7632cfe5c2db.pdf, 1, 1990-07-09 00:00:00, 3972 Alessia Squares Apt. 688
Hillsville, VT 66957, qnW7k6J8tc, 2025-09-24 12:53:28, 2025-09-24 12:53:28))&#13;
at vendor\laravel\framework\src\Illuminate\Database\Connection.php:564
at vendor\laravel\framework\src\Illuminate\Database\Connection.php:811
at vendor\laravel\framework\src\Illuminate\Database\Connection.php:778
at vendor\laravel\framework\src\Illuminate\Database\Connection.php:559
at vendor\laravel\framework\src\Illuminate\Database\Connection.php:523
at vendor\laravel\framework\src\Illuminate\Database\Query\Processors\Processor.php:32
at vendor\laravel\framework\src\Illuminate\Database\Query\Builder.php:3853
at vendor\laravel\framework\src\Illuminate\Database\Eloquent\Builder.php:2235
at vendor\laravel\framework\src\Illuminate\Database\Eloquent\Model.php:1436
at vendor\laravel\framework\src\Illuminate\Database\Eloquent\Model.php:1401
at vendor\laravel\framework\src\Illuminate\Database\Eloquent\Model.php:1240
at vendor\laravel\framework\src\Illuminate\Database\Eloquent\Factories\Factory.php:370
at vendor\laravel\framework\src\Illuminate\Collections\Traits\EnumeratesValues.php:271
at vendor\laravel\framework\src\Illuminate\Database\Eloquent\Factories\Factory.php:365
at vendor\laravel\framework\src\Illuminate\Database\Eloquent\Factories\Factory.php:321
at tests\Unit\Models\VehicleTest.php:17
Caused by
PDOException: SQLSTATE[HY000]: General error: 1 no such table: car_rental_users

at vendor\laravel\framework\src\Illuminate\Database\Connection.php:564
at vendor\laravel\framework\src\Illuminate\Database\Connection.php:811
at vendor\laravel\framework\src\Illuminate\Database\Connection.php:778
at vendor\laravel\framework\src\Illuminate\Database\Connection.php:559
at vendor\laravel\framework\src\Illuminate\Database\Connection.php:523
at vendor\laravel\framework\src\Illuminate\Database\Query\Processors\Processor.php:32
at vendor\laravel\framework\src\Illuminate\Database\Query\Builder.php:3853
at vendor\laravel\framework\src\Illuminate\Database\Eloquent\Builder.php:2235
at vendor\laravel\framework\src\Illuminate\Database\Eloquent\Model.php:1436
at vendor\laravel\framework\src\Illuminate\Database\Eloquent\Model.php:1401
at vendor\laravel\framework\src\Illuminate\Database\Eloquent\Model.php:1240
at vendor\laravel\framework\src\Illuminate\Database\Eloquent\Factories\Factory.php:370
at vendor\laravel\framework\src\Illuminate\Collections\Traits\EnumeratesValues.php:271
at vendor\laravel\framework\src\Illuminate\Database\Eloquent\Factories\Factory.php:365
at vendor\laravel\framework\src\Illuminate\Database\Eloquent\Factories\Factory.php:321
at tests\Unit\Models\VehicleTest.php:17</error>
        </testcase>
        <testcase name="`Vehicle Model` → `Query Scopes` → it filters available vehicles for rent" file="tests\Unit\Models\VehicleTest.php::`Vehicle Model` → `Query Scopes` → it filters available vehicles for rent" class="Tests\Unit\Models\VehicleTest" classname="Tests.Unit.Models.VehicleTest" assertions="0" time="0.000000">
          <error type="Illuminate\Database\QueryException">`Vehicle Model` → `Query Scopes` → it filters available vehicles for rentIlluminate\Database\QueryException: SQLSTATE[HY000]: General error: 1 no such table: car_rental_users (Connection: sqlite, SQL: insert into "car_rental_users" ("name", "email", "email_verified_at", "password", "phone", "role", "status", "license_number", "id_document_path", "license_document_path", "is_verified", "date_of_birth", "address", "remember_token", "updated_at", "created_at") values (Travis Gutmann, hcarroll@example.net, 2025-09-24 12:53:28, $2y$04$78g4B33dBB9yvLZHXPZyOuzF4w5wzk7FwYQTRiFHrXZoaR9VfYlfW, +12485252514, owner, approved, npa-1250-9979, documents/ids/93cfa4a7-5fc4-38e3-bc73-ca741d3adfbc.pdf, documents/licenses/18e9d530-e144-310b-bdde-d7b0b6c082a7.pdf, 1, 1976-05-13 00:00:00, 5382 Macejkovic Mountains Apt. 600
Greenfelderland, MD 75788-1509, y1WLeC0xyd, 2025-09-24 12:53:28, 2025-09-24 12:53:28))&#13;
at vendor\laravel\framework\src\Illuminate\Database\Connection.php:564
at vendor\laravel\framework\src\Illuminate\Database\Connection.php:811
at vendor\laravel\framework\src\Illuminate\Database\Connection.php:778
at vendor\laravel\framework\src\Illuminate\Database\Connection.php:559
at vendor\laravel\framework\src\Illuminate\Database\Connection.php:523
at vendor\laravel\framework\src\Illuminate\Database\Query\Processors\Processor.php:32
at vendor\laravel\framework\src\Illuminate\Database\Query\Builder.php:3853
at vendor\laravel\framework\src\Illuminate\Database\Eloquent\Builder.php:2235
at vendor\laravel\framework\src\Illuminate\Database\Eloquent\Model.php:1436
at vendor\laravel\framework\src\Illuminate\Database\Eloquent\Model.php:1401
at vendor\laravel\framework\src\Illuminate\Database\Eloquent\Model.php:1240
at vendor\laravel\framework\src\Illuminate\Database\Eloquent\Factories\Factory.php:370
at vendor\laravel\framework\src\Illuminate\Collections\Traits\EnumeratesValues.php:271
at vendor\laravel\framework\src\Illuminate\Database\Eloquent\Factories\Factory.php:365
at vendor\laravel\framework\src\Illuminate\Database\Eloquent\Factories\Factory.php:321
at tests\Unit\Models\VehicleTest.php:17
Caused by
PDOException: SQLSTATE[HY000]: General error: 1 no such table: car_rental_users

at vendor\laravel\framework\src\Illuminate\Database\Connection.php:564
at vendor\laravel\framework\src\Illuminate\Database\Connection.php:811
at vendor\laravel\framework\src\Illuminate\Database\Connection.php:778
at vendor\laravel\framework\src\Illuminate\Database\Connection.php:559
at vendor\laravel\framework\src\Illuminate\Database\Connection.php:523
at vendor\laravel\framework\src\Illuminate\Database\Query\Processors\Processor.php:32
at vendor\laravel\framework\src\Illuminate\Database\Query\Builder.php:3853
at vendor\laravel\framework\src\Illuminate\Database\Eloquent\Builder.php:2235
at vendor\laravel\framework\src\Illuminate\Database\Eloquent\Model.php:1436
at vendor\laravel\framework\src\Illuminate\Database\Eloquent\Model.php:1401
at vendor\laravel\framework\src\Illuminate\Database\Eloquent\Model.php:1240
at vendor\laravel\framework\src\Illuminate\Database\Eloquent\Factories\Factory.php:370
at vendor\laravel\framework\src\Illuminate\Collections\Traits\EnumeratesValues.php:271
at vendor\laravel\framework\src\Illuminate\Database\Eloquent\Factories\Factory.php:365
at vendor\laravel\framework\src\Illuminate\Database\Eloquent\Factories\Factory.php:321
at tests\Unit\Models\VehicleTest.php:17</error>
        </testcase>
        <testcase name="`Vehicle Model` → it has many vehicle images" file="tests\Unit\Models\VehicleTest.php::`Vehicle Model` → it has many vehicle images" class="Tests\Unit\Models\VehicleTest" classname="Tests.Unit.Models.VehicleTest" assertions="0" time="0.000000">
          <error type="Illuminate\Database\QueryException">`Vehicle Model` → it has many vehicle imagesIlluminate\Database\QueryException: SQLSTATE[HY000]: General error: 1 no such table: car_rental_users (Connection: sqlite, SQL: insert into "car_rental_users" ("name", "email", "email_verified_at", "password", "phone", "role", "status", "license_number", "id_document_path", "license_document_path", "is_verified", "date_of_birth", "address", "remember_token", "updated_at", "created_at") values (Polly Runte, ldeckow@example.com, 2025-09-24 12:53:28, $2y$04$78g4B33dBB9yvLZHXPZyOuzF4w5wzk7FwYQTRiFHrXZoaR9VfYlfW, (909) 866-3281, owner, active, yhb-6828-3737, documents/ids/6926d15c-9a85-333b-9e29-b64650017d88.pdf, documents/licenses/b03d09e7-069d-3cf6-be41-b489bfdcf662.pdf, 1, 2001-11-23 00:00:00, 1371 Johnson Streets Suite 924
Toreyton, TN 05889-1412, VCLdnZMCZp, 2025-09-24 12:53:28, 2025-09-24 12:53:28))&#13;
at vendor\laravel\framework\src\Illuminate\Database\Connection.php:564
at vendor\laravel\framework\src\Illuminate\Database\Connection.php:811
at vendor\laravel\framework\src\Illuminate\Database\Connection.php:778
at vendor\laravel\framework\src\Illuminate\Database\Connection.php:559
at vendor\laravel\framework\src\Illuminate\Database\Connection.php:523
at vendor\laravel\framework\src\Illuminate\Database\Query\Processors\Processor.php:32
at vendor\laravel\framework\src\Illuminate\Database\Query\Builder.php:3853
at vendor\laravel\framework\src\Illuminate\Database\Eloquent\Builder.php:2235
at vendor\laravel\framework\src\Illuminate\Database\Eloquent\Model.php:1436
at vendor\laravel\framework\src\Illuminate\Database\Eloquent\Model.php:1401
at vendor\laravel\framework\src\Illuminate\Database\Eloquent\Model.php:1240
at vendor\laravel\framework\src\Illuminate\Database\Eloquent\Factories\Factory.php:370
at vendor\laravel\framework\src\Illuminate\Collections\Traits\EnumeratesValues.php:271
at vendor\laravel\framework\src\Illuminate\Database\Eloquent\Factories\Factory.php:365
at vendor\laravel\framework\src\Illuminate\Database\Eloquent\Factories\Factory.php:321
at tests\Unit\Models\VehicleTest.php:17
Caused by
PDOException: SQLSTATE[HY000]: General error: 1 no such table: car_rental_users

at vendor\laravel\framework\src\Illuminate\Database\Connection.php:564
at vendor\laravel\framework\src\Illuminate\Database\Connection.php:811
at vendor\laravel\framework\src\Illuminate\Database\Connection.php:778
at vendor\laravel\framework\src\Illuminate\Database\Connection.php:559
at vendor\laravel\framework\src\Illuminate\Database\Connection.php:523
at vendor\laravel\framework\src\Illuminate\Database\Query\Processors\Processor.php:32
at vendor\laravel\framework\src\Illuminate\Database\Query\Builder.php:3853
at vendor\laravel\framework\src\Illuminate\Database\Eloquent\Builder.php:2235
at vendor\laravel\framework\src\Illuminate\Database\Eloquent\Model.php:1436
at vendor\laravel\framework\src\Illuminate\Database\Eloquent\Model.php:1401
at vendor\laravel\framework\src\Illuminate\Database\Eloquent\Model.php:1240
at vendor\laravel\framework\src\Illuminate\Database\Eloquent\Factories\Factory.php:370
at vendor\laravel\framework\src\Illuminate\Collections\Traits\EnumeratesValues.php:271
at vendor\laravel\framework\src\Illuminate\Database\Eloquent\Factories\Factory.php:365
at vendor\laravel\framework\src\Illuminate\Database\Eloquent\Factories\Factory.php:321
at tests\Unit\Models\VehicleTest.php:17</error>
        </testcase>
        <testcase name="`Vehicle Model` → `Query Scopes` → it filters vehicles by owner" file="tests\Unit\Models\VehicleTest.php::`Vehicle Model` → `Query Scopes` → it filters vehicles by owner" class="Tests\Unit\Models\VehicleTest" classname="Tests.Unit.Models.VehicleTest" assertions="0" time="0.000000">
          <error type="Illuminate\Database\QueryException">`Vehicle Model` → `Query Scopes` → it filters vehicles by ownerIlluminate\Database\QueryException: SQLSTATE[HY000]: General error: 1 no such table: car_rental_users (Connection: sqlite, SQL: insert into "car_rental_users" ("name", "email", "email_verified_at", "password", "phone", "role", "status", "license_number", "id_document_path", "license_document_path", "is_verified", "date_of_birth", "address", "remember_token", "updated_at", "created_at") values (Jillian Corwin, ukozey@example.net, 2025-09-24 12:53:28, $2y$04$78g4B33dBB9yvLZHXPZyOuzF4w5wzk7FwYQTRiFHrXZoaR9VfYlfW, 1-585-517-7062, owner, pending, aog-0214-2989, documents/ids/08a77ad5-430a-3a48-8e36-3c19d0e91ec6.pdf, documents/licenses/c8c088a1-f807-3eb8-8ae3-226d1cfa5434.pdf, 1, 1982-06-19 00:00:00, 7184 Lebsack Expressway
Daughertyville, AL 29749, YKs0ChsQ4O, 2025-09-24 12:53:28, 2025-09-24 12:53:28))&#13;
at vendor\laravel\framework\src\Illuminate\Database\Connection.php:564
at vendor\laravel\framework\src\Illuminate\Database\Connection.php:811
at vendor\laravel\framework\src\Illuminate\Database\Connection.php:778
at vendor\laravel\framework\src\Illuminate\Database\Connection.php:559
at vendor\laravel\framework\src\Illuminate\Database\Connection.php:523
at vendor\laravel\framework\src\Illuminate\Database\Query\Processors\Processor.php:32
at vendor\laravel\framework\src\Illuminate\Database\Query\Builder.php:3853
at vendor\laravel\framework\src\Illuminate\Database\Eloquent\Builder.php:2235
at vendor\laravel\framework\src\Illuminate\Database\Eloquent\Model.php:1436
at vendor\laravel\framework\src\Illuminate\Database\Eloquent\Model.php:1401
at vendor\laravel\framework\src\Illuminate\Database\Eloquent\Model.php:1240
at vendor\laravel\framework\src\Illuminate\Database\Eloquent\Factories\Factory.php:370
at vendor\laravel\framework\src\Illuminate\Collections\Traits\EnumeratesValues.php:271
at vendor\laravel\framework\src\Illuminate\Database\Eloquent\Factories\Factory.php:365
at vendor\laravel\framework\src\Illuminate\Database\Eloquent\Factories\Factory.php:321
at tests\Unit\Models\VehicleTest.php:17
Caused by
PDOException: SQLSTATE[HY000]: General error: 1 no such table: car_rental_users

at vendor\laravel\framework\src\Illuminate\Database\Connection.php:564
at vendor\laravel\framework\src\Illuminate\Database\Connection.php:811
at vendor\laravel\framework\src\Illuminate\Database\Connection.php:778
at vendor\laravel\framework\src\Illuminate\Database\Connection.php:559
at vendor\laravel\framework\src\Illuminate\Database\Connection.php:523
at vendor\laravel\framework\src\Illuminate\Database\Query\Processors\Processor.php:32
at vendor\laravel\framework\src\Illuminate\Database\Query\Builder.php:3853
at vendor\laravel\framework\src\Illuminate\Database\Eloquent\Builder.php:2235
at vendor\laravel\framework\src\Illuminate\Database\Eloquent\Model.php:1436
at vendor\laravel\framework\src\Illuminate\Database\Eloquent\Model.php:1401
at vendor\laravel\framework\src\Illuminate\Database\Eloquent\Model.php:1240
at vendor\laravel\framework\src\Illuminate\Database\Eloquent\Factories\Factory.php:370
at vendor\laravel\framework\src\Illuminate\Collections\Traits\EnumeratesValues.php:271
at vendor\laravel\framework\src\Illuminate\Database\Eloquent\Factories\Factory.php:365
at vendor\laravel\framework\src\Illuminate\Database\Eloquent\Factories\Factory.php:321
at tests\Unit\Models\VehicleTest.php:17</error>
        </testcase>
        <testcase name="`Vehicle Model` → it handles invalid daily rate gracefully" file="tests\Unit\Models\VehicleTest.php::`Vehicle Model` → it handles invalid daily rate gracefully" class="Tests\Unit\Models\VehicleTest" classname="Tests.Unit.Models.VehicleTest" assertions="0" time="0.000000">
          <error type="Illuminate\Database\QueryException">`Vehicle Model` → it handles invalid daily rate gracefullyIlluminate\Database\QueryException: SQLSTATE[HY000]: General error: 1 no such table: car_rental_users (Connection: sqlite, SQL: insert into "car_rental_users" ("name", "email", "email_verified_at", "password", "phone", "role", "status", "license_number", "id_document_path", "license_document_path", "is_verified", "date_of_birth", "address", "remember_token", "updated_at", "created_at") values (Addison Swaniawski, blanda.yasmine@example.com, 2025-09-24 12:53:28, $2y$04$78g4B33dBB9yvLZHXPZyOuzF4w5wzk7FwYQTRiFHrXZoaR9VfYlfW, +1-301-340-4426, owner, active, pvo-6783-7054, documents/ids/76c8e2f5-7924-3208-8f40-d33cdb0fdcdc.pdf, documents/licenses/90ded0b8-531e-3314-804d-cbb241302400.pdf, 1, 1992-12-28 00:00:00, 9603 Morar Summit Apt. 278
South Jaylonport, OH 79567-3389, TWQWkiSE13, 2025-09-24 12:53:28, 2025-09-24 12:53:28))&#13;
at vendor\laravel\framework\src\Illuminate\Database\Connection.php:564
at vendor\laravel\framework\src\Illuminate\Database\Connection.php:811
at vendor\laravel\framework\src\Illuminate\Database\Connection.php:778
at vendor\laravel\framework\src\Illuminate\Database\Connection.php:559
at vendor\laravel\framework\src\Illuminate\Database\Connection.php:523
at vendor\laravel\framework\src\Illuminate\Database\Query\Processors\Processor.php:32
at vendor\laravel\framework\src\Illuminate\Database\Query\Builder.php:3853
at vendor\laravel\framework\src\Illuminate\Database\Eloquent\Builder.php:2235
at vendor\laravel\framework\src\Illuminate\Database\Eloquent\Model.php:1436
at vendor\laravel\framework\src\Illuminate\Database\Eloquent\Model.php:1401
at vendor\laravel\framework\src\Illuminate\Database\Eloquent\Model.php:1240
at vendor\laravel\framework\src\Illuminate\Database\Eloquent\Factories\Factory.php:370
at vendor\laravel\framework\src\Illuminate\Collections\Traits\EnumeratesValues.php:271
at vendor\laravel\framework\src\Illuminate\Database\Eloquent\Factories\Factory.php:365
at vendor\laravel\framework\src\Illuminate\Database\Eloquent\Factories\Factory.php:321
at tests\Unit\Models\VehicleTest.php:17
Caused by
PDOException: SQLSTATE[HY000]: General error: 1 no such table: car_rental_users

at vendor\laravel\framework\src\Illuminate\Database\Connection.php:564
at vendor\laravel\framework\src\Illuminate\Database\Connection.php:811
at vendor\laravel\framework\src\Illuminate\Database\Connection.php:778
at vendor\laravel\framework\src\Illuminate\Database\Connection.php:559
at vendor\laravel\framework\src\Illuminate\Database\Connection.php:523
at vendor\laravel\framework\src\Illuminate\Database\Query\Processors\Processor.php:32
at vendor\laravel\framework\src\Illuminate\Database\Query\Builder.php:3853
at vendor\laravel\framework\src\Illuminate\Database\Eloquent\Builder.php:2235
at vendor\laravel\framework\src\Illuminate\Database\Eloquent\Model.php:1436
at vendor\laravel\framework\src\Illuminate\Database\Eloquent\Model.php:1401
at vendor\laravel\framework\src\Illuminate\Database\Eloquent\Model.php:1240
at vendor\laravel\framework\src\Illuminate\Database\Eloquent\Factories\Factory.php:370
at vendor\laravel\framework\src\Illuminate\Collections\Traits\EnumeratesValues.php:271
at vendor\laravel\framework\src\Illuminate\Database\Eloquent\Factories\Factory.php:365
at vendor\laravel\framework\src\Illuminate\Database\Eloquent\Factories\Factory.php:321
at tests\Unit\Models\VehicleTest.php:17</error>
        </testcase>
        <testcase name="`Vehicle Model` → `Featured Image URL Generation` → it returns first image when no primary image exists" file="tests\Unit\Models\VehicleTest.php::`Vehicle Model` → `Featured Image URL Generation` → it returns first image when no primary image exists" class="Tests\Unit\Models\VehicleTest" classname="Tests.Unit.Models.VehicleTest" assertions="0" time="0.000000">
          <error type="Illuminate\Database\QueryException">`Vehicle Model` → `Featured Image URL Generation` → it returns first image when no primary image existsIlluminate\Database\QueryException: SQLSTATE[HY000]: General error: 1 no such table: car_rental_users (Connection: sqlite, SQL: insert into "car_rental_users" ("name", "email", "email_verified_at", "password", "phone", "role", "status", "license_number", "id_document_path", "license_document_path", "is_verified", "date_of_birth", "address", "remember_token", "updated_at", "created_at") values (Larry Cartwright PhD, watsica.kayley@example.com, 2025-09-24 12:53:28, $2y$04$78g4B33dBB9yvLZHXPZyOuzF4w5wzk7FwYQTRiFHrXZoaR9VfYlfW, 279-590-2321, owner, pending, lwo-4911-4487, documents/ids/51f68fbe-cea7-3d10-8151-f59c88544733.pdf, documents/licenses/58ea8e4d-622a-353a-8462-5d93aa4fefca.pdf, 1, 1980-02-20 00:00:00, 3939 Thiel Square Suite 833
Cliffordfurt, ME 42647, 8Lc4qP3AMd, 2025-09-24 12:53:28, 2025-09-24 12:53:28))&#13;
at vendor\laravel\framework\src\Illuminate\Database\Connection.php:564
at vendor\laravel\framework\src\Illuminate\Database\Connection.php:811
at vendor\laravel\framework\src\Illuminate\Database\Connection.php:778
at vendor\laravel\framework\src\Illuminate\Database\Connection.php:559
at vendor\laravel\framework\src\Illuminate\Database\Connection.php:523
at vendor\laravel\framework\src\Illuminate\Database\Query\Processors\Processor.php:32
at vendor\laravel\framework\src\Illuminate\Database\Query\Builder.php:3853
at vendor\laravel\framework\src\Illuminate\Database\Eloquent\Builder.php:2235
at vendor\laravel\framework\src\Illuminate\Database\Eloquent\Model.php:1436
at vendor\laravel\framework\src\Illuminate\Database\Eloquent\Model.php:1401
at vendor\laravel\framework\src\Illuminate\Database\Eloquent\Model.php:1240
at vendor\laravel\framework\src\Illuminate\Database\Eloquent\Factories\Factory.php:370
at vendor\laravel\framework\src\Illuminate\Collections\Traits\EnumeratesValues.php:271
at vendor\laravel\framework\src\Illuminate\Database\Eloquent\Factories\Factory.php:365
at vendor\laravel\framework\src\Illuminate\Database\Eloquent\Factories\Factory.php:321
at tests\Unit\Models\VehicleTest.php:17
Caused by
PDOException: SQLSTATE[HY000]: General error: 1 no such table: car_rental_users

at vendor\laravel\framework\src\Illuminate\Database\Connection.php:564
at vendor\laravel\framework\src\Illuminate\Database\Connection.php:811
at vendor\laravel\framework\src\Illuminate\Database\Connection.php:778
at vendor\laravel\framework\src\Illuminate\Database\Connection.php:559
at vendor\laravel\framework\src\Illuminate\Database\Connection.php:523
at vendor\laravel\framework\src\Illuminate\Database\Query\Processors\Processor.php:32
at vendor\laravel\framework\src\Illuminate\Database\Query\Builder.php:3853
at vendor\laravel\framework\src\Illuminate\Database\Eloquent\Builder.php:2235
at vendor\laravel\framework\src\Illuminate\Database\Eloquent\Model.php:1436
at vendor\laravel\framework\src\Illuminate\Database\Eloquent\Model.php:1401
at vendor\laravel\framework\src\Illuminate\Database\Eloquent\Model.php:1240
at vendor\laravel\framework\src\Illuminate\Database\Eloquent\Factories\Factory.php:370
at vendor\laravel\framework\src\Illuminate\Collections\Traits\EnumeratesValues.php:271
at vendor\laravel\framework\src\Illuminate\Database\Eloquent\Factories\Factory.php:365
at vendor\laravel\framework\src\Illuminate\Database\Eloquent\Factories\Factory.php:321
at tests\Unit\Models\VehicleTest.php:17</error>
        </testcase>
        <testcase name="`Vehicle Model` → it has correct fillable attributes" file="tests\Unit\Models\VehicleTest.php::`Vehicle Model` → it has correct fillable attributes" class="Tests\Unit\Models\VehicleTest" classname="Tests.Unit.Models.VehicleTest" assertions="0" time="0.000000">
          <error type="Illuminate\Database\QueryException">`Vehicle Model` → it has correct fillable attributesIlluminate\Database\QueryException: SQLSTATE[HY000]: General error: 1 no such table: car_rental_users (Connection: sqlite, SQL: insert into "car_rental_users" ("name", "email", "email_verified_at", "password", "phone", "role", "status", "license_number", "id_document_path", "license_document_path", "is_verified", "date_of_birth", "address", "remember_token", "updated_at", "created_at") values (Jarret Goyette, holly59@example.net, 2025-09-24 12:53:28, $2y$04$78g4B33dBB9yvLZHXPZyOuzF4w5wzk7FwYQTRiFHrXZoaR9VfYlfW, (283) 553-3315, owner, pending, iux-1947-3624, documents/ids/a3320c26-6741-3dc2-a6e1-a09e59fd4640.pdf, documents/licenses/916da670-eb45-3632-a319-432c556bfdb9.pdf, 0, 1966-05-25 00:00:00, 85322 Sammy Ford
Port Camilashire, SC 16732-7658, t931JHpT11, 2025-09-24 12:53:28, 2025-09-24 12:53:28))&#13;
at vendor\laravel\framework\src\Illuminate\Database\Connection.php:564
at vendor\laravel\framework\src\Illuminate\Database\Connection.php:811
at vendor\laravel\framework\src\Illuminate\Database\Connection.php:778
at vendor\laravel\framework\src\Illuminate\Database\Connection.php:559
at vendor\laravel\framework\src\Illuminate\Database\Connection.php:523
at vendor\laravel\framework\src\Illuminate\Database\Query\Processors\Processor.php:32
at vendor\laravel\framework\src\Illuminate\Database\Query\Builder.php:3853
at vendor\laravel\framework\src\Illuminate\Database\Eloquent\Builder.php:2235
at vendor\laravel\framework\src\Illuminate\Database\Eloquent\Model.php:1436
at vendor\laravel\framework\src\Illuminate\Database\Eloquent\Model.php:1401
at vendor\laravel\framework\src\Illuminate\Database\Eloquent\Model.php:1240
at vendor\laravel\framework\src\Illuminate\Database\Eloquent\Factories\Factory.php:370
at vendor\laravel\framework\src\Illuminate\Collections\Traits\EnumeratesValues.php:271
at vendor\laravel\framework\src\Illuminate\Database\Eloquent\Factories\Factory.php:365
at vendor\laravel\framework\src\Illuminate\Database\Eloquent\Factories\Factory.php:321
at tests\Unit\Models\VehicleTest.php:17
Caused by
PDOException: SQLSTATE[HY000]: General error: 1 no such table: car_rental_users

at vendor\laravel\framework\src\Illuminate\Database\Connection.php:564
at vendor\laravel\framework\src\Illuminate\Database\Connection.php:811
at vendor\laravel\framework\src\Illuminate\Database\Connection.php:778
at vendor\laravel\framework\src\Illuminate\Database\Connection.php:559
at vendor\laravel\framework\src\Illuminate\Database\Connection.php:523
at vendor\laravel\framework\src\Illuminate\Database\Query\Processors\Processor.php:32
at vendor\laravel\framework\src\Illuminate\Database\Query\Builder.php:3853
at vendor\laravel\framework\src\Illuminate\Database\Eloquent\Builder.php:2235
at vendor\laravel\framework\src\Illuminate\Database\Eloquent\Model.php:1436
at vendor\laravel\framework\src\Illuminate\Database\Eloquent\Model.php:1401
at vendor\laravel\framework\src\Illuminate\Database\Eloquent\Model.php:1240
at vendor\laravel\framework\src\Illuminate\Database\Eloquent\Factories\Factory.php:370
at vendor\laravel\framework\src\Illuminate\Collections\Traits\EnumeratesValues.php:271
at vendor\laravel\framework\src\Illuminate\Database\Eloquent\Factories\Factory.php:365
at vendor\laravel\framework\src\Illuminate\Database\Eloquent\Factories\Factory.php:321
at tests\Unit\Models\VehicleTest.php:17</error>
        </testcase>
        <testcase name="`Vehicle Model` → `Featured Image URL Generation` → it returns null when no images available" file="tests\Unit\Models\VehicleTest.php::`Vehicle Model` → `Featured Image URL Generation` → it returns null when no images available" class="Tests\Unit\Models\VehicleTest" classname="Tests.Unit.Models.VehicleTest" assertions="0" time="0.000000">
          <error type="Illuminate\Database\QueryException">`Vehicle Model` → `Featured Image URL Generation` → it returns null when no images availableIlluminate\Database\QueryException: SQLSTATE[HY000]: General error: 1 no such table: car_rental_users (Connection: sqlite, SQL: insert into "car_rental_users" ("name", "email", "email_verified_at", "password", "phone", "role", "status", "license_number", "id_document_path", "license_document_path", "is_verified", "date_of_birth", "address", "remember_token", "updated_at", "created_at") values (Eva Braun, martina.wintheiser@example.com, 2025-09-24 12:53:28, $2y$04$78g4B33dBB9yvLZHXPZyOuzF4w5wzk7FwYQTRiFHrXZoaR9VfYlfW, 339-735-1249, owner, approved, vak-4029-5261, documents/ids/db08a480-f519-3d3d-bf8b-89772d81607a.pdf, documents/licenses/8fb15218-c2dd-38e3-9f22-5c7ded4f1f04.pdf, 0, 1976-10-05 00:00:00, 38015 Jones Village
Lake Laruestad, DC 00102, E4OcUjVauT, 2025-09-24 12:53:28, 2025-09-24 12:53:28))&#13;
at vendor\laravel\framework\src\Illuminate\Database\Connection.php:564
at vendor\laravel\framework\src\Illuminate\Database\Connection.php:811
at vendor\laravel\framework\src\Illuminate\Database\Connection.php:778
at vendor\laravel\framework\src\Illuminate\Database\Connection.php:559
at vendor\laravel\framework\src\Illuminate\Database\Connection.php:523
at vendor\laravel\framework\src\Illuminate\Database\Query\Processors\Processor.php:32
at vendor\laravel\framework\src\Illuminate\Database\Query\Builder.php:3853
at vendor\laravel\framework\src\Illuminate\Database\Eloquent\Builder.php:2235
at vendor\laravel\framework\src\Illuminate\Database\Eloquent\Model.php:1436
at vendor\laravel\framework\src\Illuminate\Database\Eloquent\Model.php:1401
at vendor\laravel\framework\src\Illuminate\Database\Eloquent\Model.php:1240
at vendor\laravel\framework\src\Illuminate\Database\Eloquent\Factories\Factory.php:370
at vendor\laravel\framework\src\Illuminate\Collections\Traits\EnumeratesValues.php:271
at vendor\laravel\framework\src\Illuminate\Database\Eloquent\Factories\Factory.php:365
at vendor\laravel\framework\src\Illuminate\Database\Eloquent\Factories\Factory.php:321
at tests\Unit\Models\VehicleTest.php:17
Caused by
PDOException: SQLSTATE[HY000]: General error: 1 no such table: car_rental_users

at vendor\laravel\framework\src\Illuminate\Database\Connection.php:564
at vendor\laravel\framework\src\Illuminate\Database\Connection.php:811
at vendor\laravel\framework\src\Illuminate\Database\Connection.php:778
at vendor\laravel\framework\src\Illuminate\Database\Connection.php:559
at vendor\laravel\framework\src\Illuminate\Database\Connection.php:523
at vendor\laravel\framework\src\Illuminate\Database\Query\Processors\Processor.php:32
at vendor\laravel\framework\src\Illuminate\Database\Query\Builder.php:3853
at vendor\laravel\framework\src\Illuminate\Database\Eloquent\Builder.php:2235
at vendor\laravel\framework\src\Illuminate\Database\Eloquent\Model.php:1436
at vendor\laravel\framework\src\Illuminate\Database\Eloquent\Model.php:1401
at vendor\laravel\framework\src\Illuminate\Database\Eloquent\Model.php:1240
at vendor\laravel\framework\src\Illuminate\Database\Eloquent\Factories\Factory.php:370
at vendor\laravel\framework\src\Illuminate\Collections\Traits\EnumeratesValues.php:271
at vendor\laravel\framework\src\Illuminate\Database\Eloquent\Factories\Factory.php:365
at vendor\laravel\framework\src\Illuminate\Database\Eloquent\Factories\Factory.php:321
at tests\Unit\Models\VehicleTest.php:17</error>
        </testcase>
        <testcase name="`Vehicle Model` → `Featured Image URL Generation` → it falls back to featured_image field" file="tests\Unit\Models\VehicleTest.php::`Vehicle Model` → `Featured Image URL Generation` → it falls back to featured_image field" class="Tests\Unit\Models\VehicleTest" classname="Tests.Unit.Models.VehicleTest" assertions="0" time="0.000000">
          <error type="Illuminate\Database\QueryException">`Vehicle Model` → `Featured Image URL Generation` → it falls back to featured_image fieldIlluminate\Database\QueryException: SQLSTATE[HY000]: General error: 1 no such table: car_rental_users (Connection: sqlite, SQL: insert into "car_rental_users" ("name", "email", "email_verified_at", "password", "phone", "role", "status", "license_number", "id_document_path", "license_document_path", "is_verified", "date_of_birth", "address", "remember_token", "updated_at", "created_at") values (Jerrell Bartoletti, luciano33@example.com, 2025-09-24 12:53:28, $2y$04$78g4B33dBB9yvLZHXPZyOuzF4w5wzk7FwYQTRiFHrXZoaR9VfYlfW, 1-530-673-1021, owner, active, xfp-6681-0864, documents/ids/9ca60b63-592c-3970-ae22-537008f20482.pdf, documents/licenses/ede4a436-23c8-393f-8205-b58190d69da2.pdf, 0, 1966-07-08 00:00:00, 75887 Elwin Avenue Apt. 982
South Alia, VT 72488, hVUm2fGCXR, 2025-09-24 12:53:28, 2025-09-24 12:53:28))&#13;
at vendor\laravel\framework\src\Illuminate\Database\Connection.php:564
at vendor\laravel\framework\src\Illuminate\Database\Connection.php:811
at vendor\laravel\framework\src\Illuminate\Database\Connection.php:778
at vendor\laravel\framework\src\Illuminate\Database\Connection.php:559
at vendor\laravel\framework\src\Illuminate\Database\Connection.php:523
at vendor\laravel\framework\src\Illuminate\Database\Query\Processors\Processor.php:32
at vendor\laravel\framework\src\Illuminate\Database\Query\Builder.php:3853
at vendor\laravel\framework\src\Illuminate\Database\Eloquent\Builder.php:2235
at vendor\laravel\framework\src\Illuminate\Database\Eloquent\Model.php:1436
at vendor\laravel\framework\src\Illuminate\Database\Eloquent\Model.php:1401
at vendor\laravel\framework\src\Illuminate\Database\Eloquent\Model.php:1240
at vendor\laravel\framework\src\Illuminate\Database\Eloquent\Factories\Factory.php:370
at vendor\laravel\framework\src\Illuminate\Collections\Traits\EnumeratesValues.php:271
at vendor\laravel\framework\src\Illuminate\Database\Eloquent\Factories\Factory.php:365
at vendor\laravel\framework\src\Illuminate\Database\Eloquent\Factories\Factory.php:321
at tests\Unit\Models\VehicleTest.php:17
Caused by
PDOException: SQLSTATE[HY000]: General error: 1 no such table: car_rental_users

at vendor\laravel\framework\src\Illuminate\Database\Connection.php:564
at vendor\laravel\framework\src\Illuminate\Database\Connection.php:811
at vendor\laravel\framework\src\Illuminate\Database\Connection.php:778
at vendor\laravel\framework\src\Illuminate\Database\Connection.php:559
at vendor\laravel\framework\src\Illuminate\Database\Connection.php:523
at vendor\laravel\framework\src\Illuminate\Database\Query\Processors\Processor.php:32
at vendor\laravel\framework\src\Illuminate\Database\Query\Builder.php:3853
at vendor\laravel\framework\src\Illuminate\Database\Eloquent\Builder.php:2235
at vendor\laravel\framework\src\Illuminate\Database\Eloquent\Model.php:1436
at vendor\laravel\framework\src\Illuminate\Database\Eloquent\Model.php:1401
at vendor\laravel\framework\src\Illuminate\Database\Eloquent\Model.php:1240
at vendor\laravel\framework\src\Illuminate\Database\Eloquent\Factories\Factory.php:370
at vendor\laravel\framework\src\Illuminate\Collections\Traits\EnumeratesValues.php:271
at vendor\laravel\framework\src\Illuminate\Database\Eloquent\Factories\Factory.php:365
at vendor\laravel\framework\src\Illuminate\Database\Eloquent\Factories\Factory.php:321
at tests\Unit\Models\VehicleTest.php:17</error>
        </testcase>
        <testcase name="`Vehicle Model` → `Query Scopes` → it excludes vehicles with conflicting bookings" file="tests\Unit\Models\VehicleTest.php::`Vehicle Model` → `Query Scopes` → it excludes vehicles with conflicting bookings" class="Tests\Unit\Models\VehicleTest" classname="Tests.Unit.Models.VehicleTest" assertions="0" time="0.000000">
          <error type="Illuminate\Database\QueryException">`Vehicle Model` → `Query Scopes` → it excludes vehicles with conflicting bookingsIlluminate\Database\QueryException: SQLSTATE[HY000]: General error: 1 no such table: car_rental_users (Connection: sqlite, SQL: insert into "car_rental_users" ("name", "email", "email_verified_at", "password", "phone", "role", "status", "license_number", "id_document_path", "license_document_path", "is_verified", "date_of_birth", "address", "remember_token", "updated_at", "created_at") values (Cristal Glover, ilowe@example.net, 2025-09-24 12:53:29, $2y$04$78g4B33dBB9yvLZHXPZyOuzF4w5wzk7FwYQTRiFHrXZoaR9VfYlfW, 617.298.2855, owner, active, dzi-0340-0312, documents/ids/c50c068f-86b3-3f68-9d96-3ebcf9b23075.pdf, documents/licenses/f66cc509-f56e-3b14-ba03-312cba63e2fd.pdf, 0, 1985-07-23 00:00:00, 1964 Matilde Spring
West Chesley, FL 20563-5613, 56j9qpXXyB, 2025-09-24 12:53:29, 2025-09-24 12:53:29))&#13;
at vendor\laravel\framework\src\Illuminate\Database\Connection.php:564
at vendor\laravel\framework\src\Illuminate\Database\Connection.php:811
at vendor\laravel\framework\src\Illuminate\Database\Connection.php:778
at vendor\laravel\framework\src\Illuminate\Database\Connection.php:559
at vendor\laravel\framework\src\Illuminate\Database\Connection.php:523
at vendor\laravel\framework\src\Illuminate\Database\Query\Processors\Processor.php:32
at vendor\laravel\framework\src\Illuminate\Database\Query\Builder.php:3853
at vendor\laravel\framework\src\Illuminate\Database\Eloquent\Builder.php:2235
at vendor\laravel\framework\src\Illuminate\Database\Eloquent\Model.php:1436
at vendor\laravel\framework\src\Illuminate\Database\Eloquent\Model.php:1401
at vendor\laravel\framework\src\Illuminate\Database\Eloquent\Model.php:1240
at vendor\laravel\framework\src\Illuminate\Database\Eloquent\Factories\Factory.php:370
at vendor\laravel\framework\src\Illuminate\Collections\Traits\EnumeratesValues.php:271
at vendor\laravel\framework\src\Illuminate\Database\Eloquent\Factories\Factory.php:365
at vendor\laravel\framework\src\Illuminate\Database\Eloquent\Factories\Factory.php:321
at tests\Unit\Models\VehicleTest.php:17
Caused by
PDOException: SQLSTATE[HY000]: General error: 1 no such table: car_rental_users

at vendor\laravel\framework\src\Illuminate\Database\Connection.php:564
at vendor\laravel\framework\src\Illuminate\Database\Connection.php:811
at vendor\laravel\framework\src\Illuminate\Database\Connection.php:778
at vendor\laravel\framework\src\Illuminate\Database\Connection.php:559
at vendor\laravel\framework\src\Illuminate\Database\Connection.php:523
at vendor\laravel\framework\src\Illuminate\Database\Query\Processors\Processor.php:32
at vendor\laravel\framework\src\Illuminate\Database\Query\Builder.php:3853
at vendor\laravel\framework\src\Illuminate\Database\Eloquent\Builder.php:2235
at vendor\laravel\framework\src\Illuminate\Database\Eloquent\Model.php:1436
at vendor\laravel\framework\src\Illuminate\Database\Eloquent\Model.php:1401
at vendor\laravel\framework\src\Illuminate\Database\Eloquent\Model.php:1240
at vendor\laravel\framework\src\Illuminate\Database\Eloquent\Factories\Factory.php:370
at vendor\laravel\framework\src\Illuminate\Collections\Traits\EnumeratesValues.php:271
at vendor\laravel\framework\src\Illuminate\Database\Eloquent\Factories\Factory.php:365
at vendor\laravel\framework\src\Illuminate\Database\Eloquent\Factories\Factory.php:321
at tests\Unit\Models\VehicleTest.php:17</error>
        </testcase>
        <testcase name="`Vehicle Model` → it uses correct table name" file="tests\Unit\Models\VehicleTest.php::`Vehicle Model` → it uses correct table name" class="Tests\Unit\Models\VehicleTest" classname="Tests.Unit.Models.VehicleTest" assertions="0" time="0.000000">
          <error type="Illuminate\Database\QueryException">`Vehicle Model` → it uses correct table nameIlluminate\Database\QueryException: SQLSTATE[HY000]: General error: 1 no such table: car_rental_users (Connection: sqlite, SQL: insert into "car_rental_users" ("name", "email", "email_verified_at", "password", "phone", "role", "status", "license_number", "id_document_path", "license_document_path", "is_verified", "date_of_birth", "address", "remember_token", "updated_at", "created_at") values (Luna Leffler, smith.ariane@example.com, 2025-09-24 12:53:29, $2y$04$78g4B33dBB9yvLZHXPZyOuzF4w5wzk7FwYQTRiFHrXZoaR9VfYlfW, +1 (262) 888-5260, owner, active, qzq-8470-6005, documents/ids/71ad063e-432a-3909-87bf-6dc115a87eb3.pdf, documents/licenses/a6d8da0a-cfed-3467-aded-705844a22219.pdf, 1, 1983-10-17 00:00:00, 30251 McKenzie Green Suite 257
Lake Rebekaton, OR 97091, 5Guci9ECee, 2025-09-24 12:53:29, 2025-09-24 12:53:29))&#13;
at vendor\laravel\framework\src\Illuminate\Database\Connection.php:564
at vendor\laravel\framework\src\Illuminate\Database\Connection.php:811
at vendor\laravel\framework\src\Illuminate\Database\Connection.php:778
at vendor\laravel\framework\src\Illuminate\Database\Connection.php:559
at vendor\laravel\framework\src\Illuminate\Database\Connection.php:523
at vendor\laravel\framework\src\Illuminate\Database\Query\Processors\Processor.php:32
at vendor\laravel\framework\src\Illuminate\Database\Query\Builder.php:3853
at vendor\laravel\framework\src\Illuminate\Database\Eloquent\Builder.php:2235
at vendor\laravel\framework\src\Illuminate\Database\Eloquent\Model.php:1436
at vendor\laravel\framework\src\Illuminate\Database\Eloquent\Model.php:1401
at vendor\laravel\framework\src\Illuminate\Database\Eloquent\Model.php:1240
at vendor\laravel\framework\src\Illuminate\Database\Eloquent\Factories\Factory.php:370
at vendor\laravel\framework\src\Illuminate\Collections\Traits\EnumeratesValues.php:271
at vendor\laravel\framework\src\Illuminate\Database\Eloquent\Factories\Factory.php:365
at vendor\laravel\framework\src\Illuminate\Database\Eloquent\Factories\Factory.php:321
at tests\Unit\Models\VehicleTest.php:17
Caused by
PDOException: SQLSTATE[HY000]: General error: 1 no such table: car_rental_users

at vendor\laravel\framework\src\Illuminate\Database\Connection.php:564
at vendor\laravel\framework\src\Illuminate\Database\Connection.php:811
at vendor\laravel\framework\src\Illuminate\Database\Connection.php:778
at vendor\laravel\framework\src\Illuminate\Database\Connection.php:559
at vendor\laravel\framework\src\Illuminate\Database\Connection.php:523
at vendor\laravel\framework\src\Illuminate\Database\Query\Processors\Processor.php:32
at vendor\laravel\framework\src\Illuminate\Database\Query\Builder.php:3853
at vendor\laravel\framework\src\Illuminate\Database\Eloquent\Builder.php:2235
at vendor\laravel\framework\src\Illuminate\Database\Eloquent\Model.php:1436
at vendor\laravel\framework\src\Illuminate\Database\Eloquent\Model.php:1401
at vendor\laravel\framework\src\Illuminate\Database\Eloquent\Model.php:1240
at vendor\laravel\framework\src\Illuminate\Database\Eloquent\Factories\Factory.php:370
at vendor\laravel\framework\src\Illuminate\Collections\Traits\EnumeratesValues.php:271
at vendor\laravel\framework\src\Illuminate\Database\Eloquent\Factories\Factory.php:365
at vendor\laravel\framework\src\Illuminate\Database\Eloquent\Factories\Factory.php:321
at tests\Unit\Models\VehicleTest.php:17</error>
        </testcase>
        <testcase name="`Vehicle Model` → it can soft delete" file="tests\Unit\Models\VehicleTest.php::`Vehicle Model` → it can soft delete" class="Tests\Unit\Models\VehicleTest" classname="Tests.Unit.Models.VehicleTest" assertions="0" time="0.000000">
          <error type="Illuminate\Database\QueryException">`Vehicle Model` → it can soft deleteIlluminate\Database\QueryException: SQLSTATE[HY000]: General error: 1 no such table: car_rental_users (Connection: sqlite, SQL: insert into "car_rental_users" ("name", "email", "email_verified_at", "password", "phone", "role", "status", "license_number", "id_document_path", "license_document_path", "is_verified", "date_of_birth", "address", "remember_token", "updated_at", "created_at") values (Prof. Colten Leannon, gvonrueden@example.org, 2025-09-24 12:53:29, $2y$04$78g4B33dBB9yvLZHXPZyOuzF4w5wzk7FwYQTRiFHrXZoaR9VfYlfW, (712) 324-9153, owner, pending, oru-2894-9800, documents/ids/467facd7-66e6-32cc-946f-769a586bdbf9.pdf, documents/licenses/c84f5fba-6351-3a01-afac-5ef7095f2bdf.pdf, 0, 1978-09-22 00:00:00, 5272 Corwin Parks
Port Dessie, PA 60930-2578, ZNt5GVCdch, 2025-09-24 12:53:29, 2025-09-24 12:53:29))&#13;
at vendor\laravel\framework\src\Illuminate\Database\Connection.php:564
at vendor\laravel\framework\src\Illuminate\Database\Connection.php:811
at vendor\laravel\framework\src\Illuminate\Database\Connection.php:778
at vendor\laravel\framework\src\Illuminate\Database\Connection.php:559
at vendor\laravel\framework\src\Illuminate\Database\Connection.php:523
at vendor\laravel\framework\src\Illuminate\Database\Query\Processors\Processor.php:32
at vendor\laravel\framework\src\Illuminate\Database\Query\Builder.php:3853
at vendor\laravel\framework\src\Illuminate\Database\Eloquent\Builder.php:2235
at vendor\laravel\framework\src\Illuminate\Database\Eloquent\Model.php:1436
at vendor\laravel\framework\src\Illuminate\Database\Eloquent\Model.php:1401
at vendor\laravel\framework\src\Illuminate\Database\Eloquent\Model.php:1240
at vendor\laravel\framework\src\Illuminate\Database\Eloquent\Factories\Factory.php:370
at vendor\laravel\framework\src\Illuminate\Collections\Traits\EnumeratesValues.php:271
at vendor\laravel\framework\src\Illuminate\Database\Eloquent\Factories\Factory.php:365
at vendor\laravel\framework\src\Illuminate\Database\Eloquent\Factories\Factory.php:321
at tests\Unit\Models\VehicleTest.php:17
Caused by
PDOException: SQLSTATE[HY000]: General error: 1 no such table: car_rental_users

at vendor\laravel\framework\src\Illuminate\Database\Connection.php:564
at vendor\laravel\framework\src\Illuminate\Database\Connection.php:811
at vendor\laravel\framework\src\Illuminate\Database\Connection.php:778
at vendor\laravel\framework\src\Illuminate\Database\Connection.php:559
at vendor\laravel\framework\src\Illuminate\Database\Connection.php:523
at vendor\laravel\framework\src\Illuminate\Database\Query\Processors\Processor.php:32
at vendor\laravel\framework\src\Illuminate\Database\Query\Builder.php:3853
at vendor\laravel\framework\src\Illuminate\Database\Eloquent\Builder.php:2235
at vendor\laravel\framework\src\Illuminate\Database\Eloquent\Model.php:1436
at vendor\laravel\framework\src\Illuminate\Database\Eloquent\Model.php:1401
at vendor\laravel\framework\src\Illuminate\Database\Eloquent\Model.php:1240
at vendor\laravel\framework\src\Illuminate\Database\Eloquent\Factories\Factory.php:370
at vendor\laravel\framework\src\Illuminate\Collections\Traits\EnumeratesValues.php:271
at vendor\laravel\framework\src\Illuminate\Database\Eloquent\Factories\Factory.php:365
at vendor\laravel\framework\src\Illuminate\Database\Eloquent\Factories\Factory.php:321
at tests\Unit\Models\VehicleTest.php:17</error>
        </testcase>
        <testcase name="`Vehicle Model` → `Query Scopes` → it filters by price range" file="tests\Unit\Models\VehicleTest.php::`Vehicle Model` → `Query Scopes` → it filters by price range" class="Tests\Unit\Models\VehicleTest" classname="Tests.Unit.Models.VehicleTest" assertions="0" time="0.000000">
          <error type="Illuminate\Database\QueryException">`Vehicle Model` → `Query Scopes` → it filters by price rangeIlluminate\Database\QueryException: SQLSTATE[HY000]: General error: 1 no such table: car_rental_users (Connection: sqlite, SQL: insert into "car_rental_users" ("name", "email", "email_verified_at", "password", "phone", "role", "status", "license_number", "id_document_path", "license_document_path", "is_verified", "date_of_birth", "address", "remember_token", "updated_at", "created_at") values (Mrs. Ocie Huel, tromp.muriel@example.com, 2025-09-24 12:53:29, $2y$04$78g4B33dBB9yvLZHXPZyOuzF4w5wzk7FwYQTRiFHrXZoaR9VfYlfW, +1-689-805-3976, owner, active, syq-6373-8921, documents/ids/24e20cfa-75c7-30e5-809a-db1357b012ee.pdf, documents/licenses/7f4b5383-d469-39f3-9f2c-7dba6acbe185.pdf, 1, 1971-12-11 00:00:00, 443 Heller Inlet Apt. 721
Cassinville, NC 36581-5035, 3cSqZCz5oP, 2025-09-24 12:53:29, 2025-09-24 12:53:29))&#13;
at vendor\laravel\framework\src\Illuminate\Database\Connection.php:564
at vendor\laravel\framework\src\Illuminate\Database\Connection.php:811
at vendor\laravel\framework\src\Illuminate\Database\Connection.php:778
at vendor\laravel\framework\src\Illuminate\Database\Connection.php:559
at vendor\laravel\framework\src\Illuminate\Database\Connection.php:523
at vendor\laravel\framework\src\Illuminate\Database\Query\Processors\Processor.php:32
at vendor\laravel\framework\src\Illuminate\Database\Query\Builder.php:3853
at vendor\laravel\framework\src\Illuminate\Database\Eloquent\Builder.php:2235
at vendor\laravel\framework\src\Illuminate\Database\Eloquent\Model.php:1436
at vendor\laravel\framework\src\Illuminate\Database\Eloquent\Model.php:1401
at vendor\laravel\framework\src\Illuminate\Database\Eloquent\Model.php:1240
at vendor\laravel\framework\src\Illuminate\Database\Eloquent\Factories\Factory.php:370
at vendor\laravel\framework\src\Illuminate\Collections\Traits\EnumeratesValues.php:271
at vendor\laravel\framework\src\Illuminate\Database\Eloquent\Factories\Factory.php:365
at vendor\laravel\framework\src\Illuminate\Database\Eloquent\Factories\Factory.php:321
at tests\Unit\Models\VehicleTest.php:17
Caused by
PDOException: SQLSTATE[HY000]: General error: 1 no such table: car_rental_users

at vendor\laravel\framework\src\Illuminate\Database\Connection.php:564
at vendor\laravel\framework\src\Illuminate\Database\Connection.php:811
at vendor\laravel\framework\src\Illuminate\Database\Connection.php:778
at vendor\laravel\framework\src\Illuminate\Database\Connection.php:559
at vendor\laravel\framework\src\Illuminate\Database\Connection.php:523
at vendor\laravel\framework\src\Illuminate\Database\Query\Processors\Processor.php:32
at vendor\laravel\framework\src\Illuminate\Database\Query\Builder.php:3853
at vendor\laravel\framework\src\Illuminate\Database\Eloquent\Builder.php:2235
at vendor\laravel\framework\src\Illuminate\Database\Eloquent\Model.php:1436
at vendor\laravel\framework\src\Illuminate\Database\Eloquent\Model.php:1401
at vendor\laravel\framework\src\Illuminate\Database\Eloquent\Model.php:1240
at vendor\laravel\framework\src\Illuminate\Database\Eloquent\Factories\Factory.php:370
at vendor\laravel\framework\src\Illuminate\Collections\Traits\EnumeratesValues.php:271
at vendor\laravel\framework\src\Illuminate\Database\Eloquent\Factories\Factory.php:365
at vendor\laravel\framework\src\Illuminate\Database\Eloquent\Factories\Factory.php:321
at tests\Unit\Models\VehicleTest.php:17</error>
        </testcase>
        <testcase name="`Vehicle Model` → it can create vehicle with required attributes" file="tests\Unit\Models\VehicleTest.php::`Vehicle Model` → it can create vehicle with required attributes" class="Tests\Unit\Models\VehicleTest" classname="Tests.Unit.Models.VehicleTest" assertions="0" time="0.000000">
          <error type="Illuminate\Database\QueryException">`Vehicle Model` → it can create vehicle with required attributesIlluminate\Database\QueryException: SQLSTATE[HY000]: General error: 1 no such table: car_rental_users (Connection: sqlite, SQL: insert into "car_rental_users" ("name", "email", "email_verified_at", "password", "phone", "role", "status", "license_number", "id_document_path", "license_document_path", "is_verified", "date_of_birth", "address", "remember_token", "updated_at", "created_at") values (Mr. Eldred Mertz II, schmeler.kiara@example.net, 2025-09-24 12:53:29, $2y$04$78g4B33dBB9yvLZHXPZyOuzF4w5wzk7FwYQTRiFHrXZoaR9VfYlfW, +1-765-461-3483, owner, approved, mrn-4833-9568, documents/ids/f5877150-c191-38e2-b01f-2f0b81684a41.pdf, documents/licenses/e3e55fd1-8c26-3f60-a611-ba8102ee7b37.pdf, 0, 1967-07-09 00:00:00, 971 Williamson Cape
Isabellaland, MA 50857-7063, aUhWpXRYlW, 2025-09-24 12:53:29, 2025-09-24 12:53:29))&#13;
at vendor\laravel\framework\src\Illuminate\Database\Connection.php:564
at vendor\laravel\framework\src\Illuminate\Database\Connection.php:811
at vendor\laravel\framework\src\Illuminate\Database\Connection.php:778
at vendor\laravel\framework\src\Illuminate\Database\Connection.php:559
at vendor\laravel\framework\src\Illuminate\Database\Connection.php:523
at vendor\laravel\framework\src\Illuminate\Database\Query\Processors\Processor.php:32
at vendor\laravel\framework\src\Illuminate\Database\Query\Builder.php:3853
at vendor\laravel\framework\src\Illuminate\Database\Eloquent\Builder.php:2235
at vendor\laravel\framework\src\Illuminate\Database\Eloquent\Model.php:1436
at vendor\laravel\framework\src\Illuminate\Database\Eloquent\Model.php:1401
at vendor\laravel\framework\src\Illuminate\Database\Eloquent\Model.php:1240
at vendor\laravel\framework\src\Illuminate\Database\Eloquent\Factories\Factory.php:370
at vendor\laravel\framework\src\Illuminate\Collections\Traits\EnumeratesValues.php:271
at vendor\laravel\framework\src\Illuminate\Database\Eloquent\Factories\Factory.php:365
at vendor\laravel\framework\src\Illuminate\Database\Eloquent\Factories\Factory.php:321
at tests\Unit\Models\VehicleTest.php:17
Caused by
PDOException: SQLSTATE[HY000]: General error: 1 no such table: car_rental_users

at vendor\laravel\framework\src\Illuminate\Database\Connection.php:564
at vendor\laravel\framework\src\Illuminate\Database\Connection.php:811
at vendor\laravel\framework\src\Illuminate\Database\Connection.php:778
at vendor\laravel\framework\src\Illuminate\Database\Connection.php:559
at vendor\laravel\framework\src\Illuminate\Database\Connection.php:523
at vendor\laravel\framework\src\Illuminate\Database\Query\Processors\Processor.php:32
at vendor\laravel\framework\src\Illuminate\Database\Query\Builder.php:3853
at vendor\laravel\framework\src\Illuminate\Database\Eloquent\Builder.php:2235
at vendor\laravel\framework\src\Illuminate\Database\Eloquent\Model.php:1436
at vendor\laravel\framework\src\Illuminate\Database\Eloquent\Model.php:1401
at vendor\laravel\framework\src\Illuminate\Database\Eloquent\Model.php:1240
at vendor\laravel\framework\src\Illuminate\Database\Eloquent\Factories\Factory.php:370
at vendor\laravel\framework\src\Illuminate\Collections\Traits\EnumeratesValues.php:271
at vendor\laravel\framework\src\Illuminate\Database\Eloquent\Factories\Factory.php:365
at vendor\laravel\framework\src\Illuminate\Database\Eloquent\Factories\Factory.php:321
at tests\Unit\Models\VehicleTest.php:17</error>
        </testcase>
        <testcase name="`Vehicle Model` → `Featured Image URL Generation` → it returns primary image from images relationship when loaded" file="tests\Unit\Models\VehicleTest.php::`Vehicle Model` → `Featured Image URL Generation` → it returns primary image from images relationship when loaded" class="Tests\Unit\Models\VehicleTest" classname="Tests.Unit.Models.VehicleTest" assertions="0" time="0.000000">
          <error type="Illuminate\Database\QueryException">`Vehicle Model` → `Featured Image URL Generation` → it returns primary image from images relationship when loadedIlluminate\Database\QueryException: SQLSTATE[HY000]: General error: 1 no such table: car_rental_users (Connection: sqlite, SQL: insert into "car_rental_users" ("name", "email", "email_verified_at", "password", "phone", "role", "status", "license_number", "id_document_path", "license_document_path", "is_verified", "date_of_birth", "address", "remember_token", "updated_at", "created_at") values (Ernestine Rau, telly.lehner@example.com, 2025-09-24 12:53:29, $2y$04$78g4B33dBB9yvLZHXPZyOuzF4w5wzk7FwYQTRiFHrXZoaR9VfYlfW, +1.769.931.4433, owner, approved, ejs-1895-6550, documents/ids/deb51252-7170-3ccf-9180-86b290ee2bab.pdf, documents/licenses/899b239e-cf41-3804-9556-94b65e022acb.pdf, 1, 1978-09-28 00:00:00, 41139 Garrison Ville
Nitzschechester, FL 06286-7709, 63PUMcHYN7, 2025-09-24 12:53:29, 2025-09-24 12:53:29))&#13;
at vendor\laravel\framework\src\Illuminate\Database\Connection.php:564
at vendor\laravel\framework\src\Illuminate\Database\Connection.php:811
at vendor\laravel\framework\src\Illuminate\Database\Connection.php:778
at vendor\laravel\framework\src\Illuminate\Database\Connection.php:559
at vendor\laravel\framework\src\Illuminate\Database\Connection.php:523
at vendor\laravel\framework\src\Illuminate\Database\Query\Processors\Processor.php:32
at vendor\laravel\framework\src\Illuminate\Database\Query\Builder.php:3853
at vendor\laravel\framework\src\Illuminate\Database\Eloquent\Builder.php:2235
at vendor\laravel\framework\src\Illuminate\Database\Eloquent\Model.php:1436
at vendor\laravel\framework\src\Illuminate\Database\Eloquent\Model.php:1401
at vendor\laravel\framework\src\Illuminate\Database\Eloquent\Model.php:1240
at vendor\laravel\framework\src\Illuminate\Database\Eloquent\Factories\Factory.php:370
at vendor\laravel\framework\src\Illuminate\Collections\Traits\EnumeratesValues.php:271
at vendor\laravel\framework\src\Illuminate\Database\Eloquent\Factories\Factory.php:365
at vendor\laravel\framework\src\Illuminate\Database\Eloquent\Factories\Factory.php:321
at tests\Unit\Models\VehicleTest.php:17
Caused by
PDOException: SQLSTATE[HY000]: General error: 1 no such table: car_rental_users

at vendor\laravel\framework\src\Illuminate\Database\Connection.php:564
at vendor\laravel\framework\src\Illuminate\Database\Connection.php:811
at vendor\laravel\framework\src\Illuminate\Database\Connection.php:778
at vendor\laravel\framework\src\Illuminate\Database\Connection.php:559
at vendor\laravel\framework\src\Illuminate\Database\Connection.php:523
at vendor\laravel\framework\src\Illuminate\Database\Query\Processors\Processor.php:32
at vendor\laravel\framework\src\Illuminate\Database\Query\Builder.php:3853
at vendor\laravel\framework\src\Illuminate\Database\Eloquent\Builder.php:2235
at vendor\laravel\framework\src\Illuminate\Database\Eloquent\Model.php:1436
at vendor\laravel\framework\src\Illuminate\Database\Eloquent\Model.php:1401
at vendor\laravel\framework\src\Illuminate\Database\Eloquent\Model.php:1240
at vendor\laravel\framework\src\Illuminate\Database\Eloquent\Factories\Factory.php:370
at vendor\laravel\framework\src\Illuminate\Collections\Traits\EnumeratesValues.php:271
at vendor\laravel\framework\src\Illuminate\Database\Eloquent\Factories\Factory.php:365
at vendor\laravel\framework\src\Illuminate\Database\Eloquent\Factories\Factory.php:321
at tests\Unit\Models\VehicleTest.php:17</error>
        </testcase>
        <testcase name="`Vehicle Model` → it belongs to an owner" file="tests\Unit\Models\VehicleTest.php::`Vehicle Model` → it belongs to an owner" class="Tests\Unit\Models\VehicleTest" classname="Tests.Unit.Models.VehicleTest" assertions="0" time="0.000000">
          <error type="Illuminate\Database\QueryException">`Vehicle Model` → it belongs to an ownerIlluminate\Database\QueryException: SQLSTATE[HY000]: General error: 1 no such table: car_rental_users (Connection: sqlite, SQL: insert into "car_rental_users" ("name", "email", "email_verified_at", "password", "phone", "role", "status", "license_number", "id_document_path", "license_document_path", "is_verified", "date_of_birth", "address", "remember_token", "updated_at", "created_at") values (Tracey Senger, kendra23@example.org, 2025-09-24 12:53:29, $2y$04$78g4B33dBB9yvLZHXPZyOuzF4w5wzk7FwYQTRiFHrXZoaR9VfYlfW, 1-239-602-8549, owner, pending, beb-9415-4568, documents/ids/06a0bfab-004b-37ae-83ac-23bced5f57c4.pdf, documents/licenses/c0b565e4-5853-3b80-a2e9-409bf5782a8b.pdf, 1, 1993-02-02 00:00:00, 6204 Kutch Stream
Hellerville, ME 90219, sZtp7QjajJ, 2025-09-24 12:53:29, 2025-09-24 12:53:29))&#13;
at vendor\laravel\framework\src\Illuminate\Database\Connection.php:564
at vendor\laravel\framework\src\Illuminate\Database\Connection.php:811
at vendor\laravel\framework\src\Illuminate\Database\Connection.php:778
at vendor\laravel\framework\src\Illuminate\Database\Connection.php:559
at vendor\laravel\framework\src\Illuminate\Database\Connection.php:523
at vendor\laravel\framework\src\Illuminate\Database\Query\Processors\Processor.php:32
at vendor\laravel\framework\src\Illuminate\Database\Query\Builder.php:3853
at vendor\laravel\framework\src\Illuminate\Database\Eloquent\Builder.php:2235
at vendor\laravel\framework\src\Illuminate\Database\Eloquent\Model.php:1436
at vendor\laravel\framework\src\Illuminate\Database\Eloquent\Model.php:1401
at vendor\laravel\framework\src\Illuminate\Database\Eloquent\Model.php:1240
at vendor\laravel\framework\src\Illuminate\Database\Eloquent\Factories\Factory.php:370
at vendor\laravel\framework\src\Illuminate\Collections\Traits\EnumeratesValues.php:271
at vendor\laravel\framework\src\Illuminate\Database\Eloquent\Factories\Factory.php:365
at vendor\laravel\framework\src\Illuminate\Database\Eloquent\Factories\Factory.php:321
at tests\Unit\Models\VehicleTest.php:17
Caused by
PDOException: SQLSTATE[HY000]: General error: 1 no such table: car_rental_users

at vendor\laravel\framework\src\Illuminate\Database\Connection.php:564
at vendor\laravel\framework\src\Illuminate\Database\Connection.php:811
at vendor\laravel\framework\src\Illuminate\Database\Connection.php:778
at vendor\laravel\framework\src\Illuminate\Database\Connection.php:559
at vendor\laravel\framework\src\Illuminate\Database\Connection.php:523
at vendor\laravel\framework\src\Illuminate\Database\Query\Processors\Processor.php:32
at vendor\laravel\framework\src\Illuminate\Database\Query\Builder.php:3853
at vendor\laravel\framework\src\Illuminate\Database\Eloquent\Builder.php:2235
at vendor\laravel\framework\src\Illuminate\Database\Eloquent\Model.php:1436
at vendor\laravel\framework\src\Illuminate\Database\Eloquent\Model.php:1401
at vendor\laravel\framework\src\Illuminate\Database\Eloquent\Model.php:1240
at vendor\laravel\framework\src\Illuminate\Database\Eloquent\Factories\Factory.php:370
at vendor\laravel\framework\src\Illuminate\Collections\Traits\EnumeratesValues.php:271
at vendor\laravel\framework\src\Illuminate\Database\Eloquent\Factories\Factory.php:365
at vendor\laravel\framework\src\Illuminate\Database\Eloquent\Factories\Factory.php:321
at tests\Unit\Models\VehicleTest.php:17</error>
        </testcase>
        <testcase name="`Vehicle Model` → it has many reviews" file="tests\Unit\Models\VehicleTest.php::`Vehicle Model` → it has many reviews" class="Tests\Unit\Models\VehicleTest" classname="Tests.Unit.Models.VehicleTest" assertions="0" time="0.000000">
          <error type="Illuminate\Database\QueryException">`Vehicle Model` → it has many reviewsIlluminate\Database\QueryException: SQLSTATE[HY000]: General error: 1 no such table: car_rental_users (Connection: sqlite, SQL: insert into "car_rental_users" ("name", "email", "email_verified_at", "password", "phone", "role", "status", "license_number", "id_document_path", "license_document_path", "is_verified", "date_of_birth", "address", "remember_token", "updated_at", "created_at") values (Candice Reinger IV, hardy18@example.org, 2025-09-24 12:53:29, $2y$04$78g4B33dBB9yvLZHXPZyOuzF4w5wzk7FwYQTRiFHrXZoaR9VfYlfW, 281-207-4286, owner, approved, mna-2359-2813, documents/ids/834af333-ca4a-339d-afc9-0472b5d74ff8.pdf, documents/licenses/321e3db3-5d08-3e6e-9962-eb941bee0fd8.pdf, 1, 1987-10-03 00:00:00, 49549 Alfonzo Parkway Apt. 441
West Minniemouth, WY 94492-4780, 3DkjXAyk2e, 2025-09-24 12:53:29, 2025-09-24 12:53:29))&#13;
at vendor\laravel\framework\src\Illuminate\Database\Connection.php:564
at vendor\laravel\framework\src\Illuminate\Database\Connection.php:811
at vendor\laravel\framework\src\Illuminate\Database\Connection.php:778
at vendor\laravel\framework\src\Illuminate\Database\Connection.php:559
at vendor\laravel\framework\src\Illuminate\Database\Connection.php:523
at vendor\laravel\framework\src\Illuminate\Database\Query\Processors\Processor.php:32
at vendor\laravel\framework\src\Illuminate\Database\Query\Builder.php:3853
at vendor\laravel\framework\src\Illuminate\Database\Eloquent\Builder.php:2235
at vendor\laravel\framework\src\Illuminate\Database\Eloquent\Model.php:1436
at vendor\laravel\framework\src\Illuminate\Database\Eloquent\Model.php:1401
at vendor\laravel\framework\src\Illuminate\Database\Eloquent\Model.php:1240
at vendor\laravel\framework\src\Illuminate\Database\Eloquent\Factories\Factory.php:370
at vendor\laravel\framework\src\Illuminate\Collections\Traits\EnumeratesValues.php:271
at vendor\laravel\framework\src\Illuminate\Database\Eloquent\Factories\Factory.php:365
at vendor\laravel\framework\src\Illuminate\Database\Eloquent\Factories\Factory.php:321
at tests\Unit\Models\VehicleTest.php:17
Caused by
PDOException: SQLSTATE[HY000]: General error: 1 no such table: car_rental_users

at vendor\laravel\framework\src\Illuminate\Database\Connection.php:564
at vendor\laravel\framework\src\Illuminate\Database\Connection.php:811
at vendor\laravel\framework\src\Illuminate\Database\Connection.php:778
at vendor\laravel\framework\src\Illuminate\Database\Connection.php:559
at vendor\laravel\framework\src\Illuminate\Database\Connection.php:523
at vendor\laravel\framework\src\Illuminate\Database\Query\Processors\Processor.php:32
at vendor\laravel\framework\src\Illuminate\Database\Query\Builder.php:3853
at vendor\laravel\framework\src\Illuminate\Database\Eloquent\Builder.php:2235
at vendor\laravel\framework\src\Illuminate\Database\Eloquent\Model.php:1436
at vendor\laravel\framework\src\Illuminate\Database\Eloquent\Model.php:1401
at vendor\laravel\framework\src\Illuminate\Database\Eloquent\Model.php:1240
at vendor\laravel\framework\src\Illuminate\Database\Eloquent\Factories\Factory.php:370
at vendor\laravel\framework\src\Illuminate\Collections\Traits\EnumeratesValues.php:271
at vendor\laravel\framework\src\Illuminate\Database\Eloquent\Factories\Factory.php:365
at vendor\laravel\framework\src\Illuminate\Database\Eloquent\Factories\Factory.php:321
at tests\Unit\Models\VehicleTest.php:17</error>
        </testcase>
        <testcase name="`Vehicle Model` → `Featured Image URL Generation` → it falls back to first gallery image" file="tests\Unit\Models\VehicleTest.php::`Vehicle Model` → `Featured Image URL Generation` → it falls back to first gallery image" class="Tests\Unit\Models\VehicleTest" classname="Tests.Unit.Models.VehicleTest" assertions="0" time="0.000000">
          <error type="Illuminate\Database\QueryException">`Vehicle Model` → `Featured Image URL Generation` → it falls back to first gallery imageIlluminate\Database\QueryException: SQLSTATE[HY000]: General error: 1 no such table: car_rental_users (Connection: sqlite, SQL: insert into "car_rental_users" ("name", "email", "email_verified_at", "password", "phone", "role", "status", "license_number", "id_document_path", "license_document_path", "is_verified", "date_of_birth", "address", "remember_token", "updated_at", "created_at") values (Sydnie Ledner, allison.bahringer@example.org, 2025-09-24 12:53:29, $2y$04$78g4B33dBB9yvLZHXPZyOuzF4w5wzk7FwYQTRiFHrXZoaR9VfYlfW, (407) 774-9665, owner, active, qmu-4895-4120, documents/ids/5296629e-3f83-39ba-9973-2df4c2b1353b.pdf, documents/licenses/46313122-2d16-3f2b-99cb-08b300ed4827.pdf, 1, 1970-10-15 00:00:00, 65885 Zoila Lodge
West Metamouth, VA 89635, fMcUfo8Ne5, 2025-09-24 12:53:29, 2025-09-24 12:53:29))&#13;
at vendor\laravel\framework\src\Illuminate\Database\Connection.php:564
at vendor\laravel\framework\src\Illuminate\Database\Connection.php:811
at vendor\laravel\framework\src\Illuminate\Database\Connection.php:778
at vendor\laravel\framework\src\Illuminate\Database\Connection.php:559
at vendor\laravel\framework\src\Illuminate\Database\Connection.php:523
at vendor\laravel\framework\src\Illuminate\Database\Query\Processors\Processor.php:32
at vendor\laravel\framework\src\Illuminate\Database\Query\Builder.php:3853
at vendor\laravel\framework\src\Illuminate\Database\Eloquent\Builder.php:2235
at vendor\laravel\framework\src\Illuminate\Database\Eloquent\Model.php:1436
at vendor\laravel\framework\src\Illuminate\Database\Eloquent\Model.php:1401
at vendor\laravel\framework\src\Illuminate\Database\Eloquent\Model.php:1240
at vendor\laravel\framework\src\Illuminate\Database\Eloquent\Factories\Factory.php:370
at vendor\laravel\framework\src\Illuminate\Collections\Traits\EnumeratesValues.php:271
at vendor\laravel\framework\src\Illuminate\Database\Eloquent\Factories\Factory.php:365
at vendor\laravel\framework\src\Illuminate\Database\Eloquent\Factories\Factory.php:321
at tests\Unit\Models\VehicleTest.php:17
Caused by
PDOException: SQLSTATE[HY000]: General error: 1 no such table: car_rental_users

at vendor\laravel\framework\src\Illuminate\Database\Connection.php:564
at vendor\laravel\framework\src\Illuminate\Database\Connection.php:811
at vendor\laravel\framework\src\Illuminate\Database\Connection.php:778
at vendor\laravel\framework\src\Illuminate\Database\Connection.php:559
at vendor\laravel\framework\src\Illuminate\Database\Connection.php:523
at vendor\laravel\framework\src\Illuminate\Database\Query\Processors\Processor.php:32
at vendor\laravel\framework\src\Illuminate\Database\Query\Builder.php:3853
at vendor\laravel\framework\src\Illuminate\Database\Eloquent\Builder.php:2235
at vendor\laravel\framework\src\Illuminate\Database\Eloquent\Model.php:1436
at vendor\laravel\framework\src\Illuminate\Database\Eloquent\Model.php:1401
at vendor\laravel\framework\src\Illuminate\Database\Eloquent\Model.php:1240
at vendor\laravel\framework\src\Illuminate\Database\Eloquent\Factories\Factory.php:370
at vendor\laravel\framework\src\Illuminate\Collections\Traits\EnumeratesValues.php:271
at vendor\laravel\framework\src\Illuminate\Database\Eloquent\Factories\Factory.php:365
at vendor\laravel\framework\src\Illuminate\Database\Eloquent\Factories\Factory.php:321
at tests\Unit\Models\VehicleTest.php:17</error>
        </testcase>
        <testcase name="`Vehicle Model` → it casts attributes correctly" file="tests\Unit\Models\VehicleTest.php::`Vehicle Model` → it casts attributes correctly" class="Tests\Unit\Models\VehicleTest" classname="Tests.Unit.Models.VehicleTest" assertions="0" time="0.000000">
          <error type="Illuminate\Database\QueryException">`Vehicle Model` → it casts attributes correctlyIlluminate\Database\QueryException: SQLSTATE[HY000]: General error: 1 no such table: car_rental_users (Connection: sqlite, SQL: insert into "car_rental_users" ("name", "email", "email_verified_at", "password", "phone", "role", "status", "license_number", "id_document_path", "license_document_path", "is_verified", "date_of_birth", "address", "remember_token", "updated_at", "created_at") values (Prof. Nestor Senger III, ruecker.brigitte@example.net, 2025-09-24 12:53:29, $2y$04$78g4B33dBB9yvLZHXPZyOuzF4w5wzk7FwYQTRiFHrXZoaR9VfYlfW, (682) 650-4499, owner, approved, lrg-7857-1922, documents/ids/175f4eb9-3cd3-376c-897a-96531b93d503.pdf, documents/licenses/6fe111f1-510f-3f5f-b25e-e22eedef6594.pdf, 1, 1992-10-16 00:00:00, 6639 Halle Causeway Suite 580
Kelsiehaven, AZ 31490-2629, VbB2dB6iRu, 2025-09-24 12:53:29, 2025-09-24 12:53:29))&#13;
at vendor\laravel\framework\src\Illuminate\Database\Connection.php:564
at vendor\laravel\framework\src\Illuminate\Database\Connection.php:811
at vendor\laravel\framework\src\Illuminate\Database\Connection.php:778
at vendor\laravel\framework\src\Illuminate\Database\Connection.php:559
at vendor\laravel\framework\src\Illuminate\Database\Connection.php:523
at vendor\laravel\framework\src\Illuminate\Database\Query\Processors\Processor.php:32
at vendor\laravel\framework\src\Illuminate\Database\Query\Builder.php:3853
at vendor\laravel\framework\src\Illuminate\Database\Eloquent\Builder.php:2235
at vendor\laravel\framework\src\Illuminate\Database\Eloquent\Model.php:1436
at vendor\laravel\framework\src\Illuminate\Database\Eloquent\Model.php:1401
at vendor\laravel\framework\src\Illuminate\Database\Eloquent\Model.php:1240
at vendor\laravel\framework\src\Illuminate\Database\Eloquent\Factories\Factory.php:370
at vendor\laravel\framework\src\Illuminate\Collections\Traits\EnumeratesValues.php:271
at vendor\laravel\framework\src\Illuminate\Database\Eloquent\Factories\Factory.php:365
at vendor\laravel\framework\src\Illuminate\Database\Eloquent\Factories\Factory.php:321
at tests\Unit\Models\VehicleTest.php:17
Caused by
PDOException: SQLSTATE[HY000]: General error: 1 no such table: car_rental_users

at vendor\laravel\framework\src\Illuminate\Database\Connection.php:564
at vendor\laravel\framework\src\Illuminate\Database\Connection.php:811
at vendor\laravel\framework\src\Illuminate\Database\Connection.php:778
at vendor\laravel\framework\src\Illuminate\Database\Connection.php:559
at vendor\laravel\framework\src\Illuminate\Database\Connection.php:523
at vendor\laravel\framework\src\Illuminate\Database\Query\Processors\Processor.php:32
at vendor\laravel\framework\src\Illuminate\Database\Query\Builder.php:3853
at vendor\laravel\framework\src\Illuminate\Database\Eloquent\Builder.php:2235
at vendor\laravel\framework\src\Illuminate\Database\Eloquent\Model.php:1436
at vendor\laravel\framework\src\Illuminate\Database\Eloquent\Model.php:1401
at vendor\laravel\framework\src\Illuminate\Database\Eloquent\Model.php:1240
at vendor\laravel\framework\src\Illuminate\Database\Eloquent\Factories\Factory.php:370
at vendor\laravel\framework\src\Illuminate\Collections\Traits\EnumeratesValues.php:271
at vendor\laravel\framework\src\Illuminate\Database\Eloquent\Factories\Factory.php:365
at vendor\laravel\framework\src\Illuminate\Database\Eloquent\Factories\Factory.php:321
at tests\Unit\Models\VehicleTest.php:17</error>
        </testcase>
      </testsuite>
      <testsuite name="Tests\Unit\Models\UserTest" file="tests\Unit\Models\UserTest.php" tests="11" assertions="0" errors="11" failures="0" skipped="0" time="0.000000">
        <testcase name="`User Model` → it has correct fillable attributes" file="tests\Unit\Models\UserTest.php::`User Model` → it has correct fillable attributes" class="Tests\Unit\Models\UserTest" classname="Tests.Unit.Models.UserTest" assertions="0" time="0.000000">
          <error type="Illuminate\Database\QueryException">`User Model` → it has correct fillable attributesIlluminate\Database\QueryException: SQLSTATE[HY000]: General error: 1 no such table: car_rental_users (Connection: sqlite, SQL: insert into "car_rental_users" ("name", "email", "email_verified_at", "password", "phone", "role", "status", "license_number", "id_document_path", "license_document_path", "is_verified", "date_of_birth", "address", "remember_token", "updated_at", "created_at") values (John Doe, john@example.com, 2025-09-24 12:53:29, $2y$04$78g4B33dBB9yvLZHXPZyOuzF4w5wzk7FwYQTRiFHrXZoaR9VfYlfW, 304-403-8087, renter, active, tsm-0913-7920, documents/ids/528bb2d3-e1bc-3053-8b14-caeeccec0c16.pdf, documents/licenses/9b571e10-bf91-3b5c-b286-a4ca7820935c.pdf, 0, 2005-01-09 00:00:00, 23802 Luettgen Lodge Apt. 001
West Mina, SD 70135, Bf0cLYioj0, 2025-09-24 12:53:29, 2025-09-24 12:53:29))&#13;
at vendor\laravel\framework\src\Illuminate\Database\Connection.php:564
at vendor\laravel\framework\src\Illuminate\Database\Connection.php:811
at vendor\laravel\framework\src\Illuminate\Database\Connection.php:778
at vendor\laravel\framework\src\Illuminate\Database\Connection.php:559
at vendor\laravel\framework\src\Illuminate\Database\Connection.php:523
at vendor\laravel\framework\src\Illuminate\Database\Query\Processors\Processor.php:32
at vendor\laravel\framework\src\Illuminate\Database\Query\Builder.php:3853
at vendor\laravel\framework\src\Illuminate\Database\Eloquent\Builder.php:2235
at vendor\laravel\framework\src\Illuminate\Database\Eloquent\Model.php:1436
at vendor\laravel\framework\src\Illuminate\Database\Eloquent\Model.php:1401
at vendor\laravel\framework\src\Illuminate\Database\Eloquent\Model.php:1240
at vendor\laravel\framework\src\Illuminate\Database\Eloquent\Factories\Factory.php:370
at vendor\laravel\framework\src\Illuminate\Collections\Traits\EnumeratesValues.php:271
at vendor\laravel\framework\src\Illuminate\Database\Eloquent\Factories\Factory.php:365
at vendor\laravel\framework\src\Illuminate\Database\Eloquent\Factories\Factory.php:321
at vendor\laravel\framework\src\Illuminate\Database\Eloquent\Factories\Factory.php:315
at tests\Unit\Models\UserTest.php:15
Caused by
PDOException: SQLSTATE[HY000]: General error: 1 no such table: car_rental_users

at vendor\laravel\framework\src\Illuminate\Database\Connection.php:564
at vendor\laravel\framework\src\Illuminate\Database\Connection.php:811
at vendor\laravel\framework\src\Illuminate\Database\Connection.php:778
at vendor\laravel\framework\src\Illuminate\Database\Connection.php:559
at vendor\laravel\framework\src\Illuminate\Database\Connection.php:523
at vendor\laravel\framework\src\Illuminate\Database\Query\Processors\Processor.php:32
at vendor\laravel\framework\src\Illuminate\Database\Query\Builder.php:3853
at vendor\laravel\framework\src\Illuminate\Database\Eloquent\Builder.php:2235
at vendor\laravel\framework\src\Illuminate\Database\Eloquent\Model.php:1436
at vendor\laravel\framework\src\Illuminate\Database\Eloquent\Model.php:1401
at vendor\laravel\framework\src\Illuminate\Database\Eloquent\Model.php:1240
at vendor\laravel\framework\src\Illuminate\Database\Eloquent\Factories\Factory.php:370
at vendor\laravel\framework\src\Illuminate\Collections\Traits\EnumeratesValues.php:271
at vendor\laravel\framework\src\Illuminate\Database\Eloquent\Factories\Factory.php:365
at vendor\laravel\framework\src\Illuminate\Database\Eloquent\Factories\Factory.php:321
at vendor\laravel\framework\src\Illuminate\Database\Eloquent\Factories\Factory.php:315
at tests\Unit\Models\UserTest.php:15</error>
        </testcase>
        <testcase name="`User Model` → it has correct hidden attributes" file="tests\Unit\Models\UserTest.php::`User Model` → it has correct hidden attributes" class="Tests\Unit\Models\UserTest" classname="Tests.Unit.Models.UserTest" assertions="0" time="0.000000">
          <error type="Illuminate\Database\QueryException">`User Model` → it has correct hidden attributesIlluminate\Database\QueryException: SQLSTATE[HY000]: General error: 1 no such table: car_rental_users (Connection: sqlite, SQL: insert into "car_rental_users" ("name", "email", "email_verified_at", "password", "phone", "role", "status", "license_number", "id_document_path", "license_document_path", "is_verified", "date_of_birth", "address", "remember_token", "updated_at", "created_at") values (John Doe, john@example.com, 2025-09-24 12:53:29, $2y$04$78g4B33dBB9yvLZHXPZyOuzF4w5wzk7FwYQTRiFHrXZoaR9VfYlfW, 1-949-880-4326, renter, pending, jtr-1399-3311, documents/ids/918c0abe-3d38-396d-9c8f-0c07142c51ad.pdf, documents/licenses/557c547f-d654-3da1-ae4c-09a2f9de633f.pdf, 1, 1987-04-07 00:00:00, 372 Felicita Pike Apt. 719
Port Mose, IL 53190-6501, oS3CCakU98, 2025-09-24 12:53:29, 2025-09-24 12:53:29))&#13;
at vendor\laravel\framework\src\Illuminate\Database\Connection.php:564
at vendor\laravel\framework\src\Illuminate\Database\Connection.php:811
at vendor\laravel\framework\src\Illuminate\Database\Connection.php:778
at vendor\laravel\framework\src\Illuminate\Database\Connection.php:559
at vendor\laravel\framework\src\Illuminate\Database\Connection.php:523
at vendor\laravel\framework\src\Illuminate\Database\Query\Processors\Processor.php:32
at vendor\laravel\framework\src\Illuminate\Database\Query\Builder.php:3853
at vendor\laravel\framework\src\Illuminate\Database\Eloquent\Builder.php:2235
at vendor\laravel\framework\src\Illuminate\Database\Eloquent\Model.php:1436
at vendor\laravel\framework\src\Illuminate\Database\Eloquent\Model.php:1401
at vendor\laravel\framework\src\Illuminate\Database\Eloquent\Model.php:1240
at vendor\laravel\framework\src\Illuminate\Database\Eloquent\Factories\Factory.php:370
at vendor\laravel\framework\src\Illuminate\Collections\Traits\EnumeratesValues.php:271
at vendor\laravel\framework\src\Illuminate\Database\Eloquent\Factories\Factory.php:365
at vendor\laravel\framework\src\Illuminate\Database\Eloquent\Factories\Factory.php:321
at vendor\laravel\framework\src\Illuminate\Database\Eloquent\Factories\Factory.php:315
at tests\Unit\Models\UserTest.php:15
Caused by
PDOException: SQLSTATE[HY000]: General error: 1 no such table: car_rental_users

at vendor\laravel\framework\src\Illuminate\Database\Connection.php:564
at vendor\laravel\framework\src\Illuminate\Database\Connection.php:811
at vendor\laravel\framework\src\Illuminate\Database\Connection.php:778
at vendor\laravel\framework\src\Illuminate\Database\Connection.php:559
at vendor\laravel\framework\src\Illuminate\Database\Connection.php:523
at vendor\laravel\framework\src\Illuminate\Database\Query\Processors\Processor.php:32
at vendor\laravel\framework\src\Illuminate\Database\Query\Builder.php:3853
at vendor\laravel\framework\src\Illuminate\Database\Eloquent\Builder.php:2235
at vendor\laravel\framework\src\Illuminate\Database\Eloquent\Model.php:1436
at vendor\laravel\framework\src\Illuminate\Database\Eloquent\Model.php:1401
at vendor\laravel\framework\src\Illuminate\Database\Eloquent\Model.php:1240
at vendor\laravel\framework\src\Illuminate\Database\Eloquent\Factories\Factory.php:370
at vendor\laravel\framework\src\Illuminate\Collections\Traits\EnumeratesValues.php:271
at vendor\laravel\framework\src\Illuminate\Database\Eloquent\Factories\Factory.php:365
at vendor\laravel\framework\src\Illuminate\Database\Eloquent\Factories\Factory.php:321
at vendor\laravel\framework\src\Illuminate\Database\Eloquent\Factories\Factory.php:315
at tests\Unit\Models\UserTest.php:15</error>
        </testcase>
        <testcase name="`User Model` → it casts attributes correctly" file="tests\Unit\Models\UserTest.php::`User Model` → it casts attributes correctly" class="Tests\Unit\Models\UserTest" classname="Tests.Unit.Models.UserTest" assertions="0" time="0.000000">
          <error type="Illuminate\Database\QueryException">`User Model` → it casts attributes correctlyIlluminate\Database\QueryException: SQLSTATE[HY000]: General error: 1 no such table: car_rental_users (Connection: sqlite, SQL: insert into "car_rental_users" ("name", "email", "email_verified_at", "password", "phone", "role", "status", "license_number", "id_document_path", "license_document_path", "is_verified", "date_of_birth", "address", "remember_token", "updated_at", "created_at") values (John Doe, john@example.com, 2025-09-24 12:53:29, $2y$04$78g4B33dBB9yvLZHXPZyOuzF4w5wzk7FwYQTRiFHrXZoaR9VfYlfW, 650.418.4271, renter, pending, xax-7937-7558, documents/ids/8a2cc3f0-fd52-39cd-a5b0-fb406c549a07.pdf, documents/licenses/7973bbc3-48ff-3443-a876-c007f72a6be1.pdf, 0, 1993-10-19 00:00:00, 90973 Ernser Lane Apt. 529
Rennerton, NC 65060-7062, ElkdmaSc4r, 2025-09-24 12:53:29, 2025-09-24 12:53:29))&#13;
at vendor\laravel\framework\src\Illuminate\Database\Connection.php:564
at vendor\laravel\framework\src\Illuminate\Database\Connection.php:811
at vendor\laravel\framework\src\Illuminate\Database\Connection.php:778
at vendor\laravel\framework\src\Illuminate\Database\Connection.php:559
at vendor\laravel\framework\src\Illuminate\Database\Connection.php:523
at vendor\laravel\framework\src\Illuminate\Database\Query\Processors\Processor.php:32
at vendor\laravel\framework\src\Illuminate\Database\Query\Builder.php:3853
at vendor\laravel\framework\src\Illuminate\Database\Eloquent\Builder.php:2235
at vendor\laravel\framework\src\Illuminate\Database\Eloquent\Model.php:1436
at vendor\laravel\framework\src\Illuminate\Database\Eloquent\Model.php:1401
at vendor\laravel\framework\src\Illuminate\Database\Eloquent\Model.php:1240
at vendor\laravel\framework\src\Illuminate\Database\Eloquent\Factories\Factory.php:370
at vendor\laravel\framework\src\Illuminate\Collections\Traits\EnumeratesValues.php:271
at vendor\laravel\framework\src\Illuminate\Database\Eloquent\Factories\Factory.php:365
at vendor\laravel\framework\src\Illuminate\Database\Eloquent\Factories\Factory.php:321
at vendor\laravel\framework\src\Illuminate\Database\Eloquent\Factories\Factory.php:315
at tests\Unit\Models\UserTest.php:15
Caused by
PDOException: SQLSTATE[HY000]: General error: 1 no such table: car_rental_users

at vendor\laravel\framework\src\Illuminate\Database\Connection.php:564
at vendor\laravel\framework\src\Illuminate\Database\Connection.php:811
at vendor\laravel\framework\src\Illuminate\Database\Connection.php:778
at vendor\laravel\framework\src\Illuminate\Database\Connection.php:559
at vendor\laravel\framework\src\Illuminate\Database\Connection.php:523
at vendor\laravel\framework\src\Illuminate\Database\Query\Processors\Processor.php:32
at vendor\laravel\framework\src\Illuminate\Database\Query\Builder.php:3853
at vendor\laravel\framework\src\Illuminate\Database\Eloquent\Builder.php:2235
at vendor\laravel\framework\src\Illuminate\Database\Eloquent\Model.php:1436
at vendor\laravel\framework\src\Illuminate\Database\Eloquent\Model.php:1401
at vendor\laravel\framework\src\Illuminate\Database\Eloquent\Model.php:1240
at vendor\laravel\framework\src\Illuminate\Database\Eloquent\Factories\Factory.php:370
at vendor\laravel\framework\src\Illuminate\Collections\Traits\EnumeratesValues.php:271
at vendor\laravel\framework\src\Illuminate\Database\Eloquent\Factories\Factory.php:365
at vendor\laravel\framework\src\Illuminate\Database\Eloquent\Factories\Factory.php:321
at vendor\laravel\framework\src\Illuminate\Database\Eloquent\Factories\Factory.php:315
at tests\Unit\Models\UserTest.php:15</error>
        </testcase>
        <testcase name="`User Model` → it hashes password when set" file="tests\Unit\Models\UserTest.php::`User Model` → it hashes password when set" class="Tests\Unit\Models\UserTest" classname="Tests.Unit.Models.UserTest" assertions="0" time="0.000000">
          <error type="Illuminate\Database\QueryException">`User Model` → it hashes password when setIlluminate\Database\QueryException: SQLSTATE[HY000]: General error: 1 no such table: car_rental_users (Connection: sqlite, SQL: insert into "car_rental_users" ("name", "email", "email_verified_at", "password", "phone", "role", "status", "license_number", "id_document_path", "license_document_path", "is_verified", "date_of_birth", "address", "remember_token", "updated_at", "created_at") values (John Doe, john@example.com, 2025-09-24 12:53:29, $2y$04$78g4B33dBB9yvLZHXPZyOuzF4w5wzk7FwYQTRiFHrXZoaR9VfYlfW, 1-351-505-3182, renter, pending, qca-0253-9858, documents/ids/32b59deb-1852-3eff-905f-8082ca90b91e.pdf, documents/licenses/6917da1a-c174-3ecb-a27c-25f132c117b8.pdf, 1, 1968-04-18 00:00:00, 28174 Treutel Drive
Evalyntown, OH 26256-8600, 0djs6lXEYr, 2025-09-24 12:53:29, 2025-09-24 12:53:29))&#13;
at vendor\laravel\framework\src\Illuminate\Database\Connection.php:564
at vendor\laravel\framework\src\Illuminate\Database\Connection.php:811
at vendor\laravel\framework\src\Illuminate\Database\Connection.php:778
at vendor\laravel\framework\src\Illuminate\Database\Connection.php:559
at vendor\laravel\framework\src\Illuminate\Database\Connection.php:523
at vendor\laravel\framework\src\Illuminate\Database\Query\Processors\Processor.php:32
at vendor\laravel\framework\src\Illuminate\Database\Query\Builder.php:3853
at vendor\laravel\framework\src\Illuminate\Database\Eloquent\Builder.php:2235
at vendor\laravel\framework\src\Illuminate\Database\Eloquent\Model.php:1436
at vendor\laravel\framework\src\Illuminate\Database\Eloquent\Model.php:1401
at vendor\laravel\framework\src\Illuminate\Database\Eloquent\Model.php:1240
at vendor\laravel\framework\src\Illuminate\Database\Eloquent\Factories\Factory.php:370
at vendor\laravel\framework\src\Illuminate\Collections\Traits\EnumeratesValues.php:271
at vendor\laravel\framework\src\Illuminate\Database\Eloquent\Factories\Factory.php:365
at vendor\laravel\framework\src\Illuminate\Database\Eloquent\Factories\Factory.php:321
at vendor\laravel\framework\src\Illuminate\Database\Eloquent\Factories\Factory.php:315
at tests\Unit\Models\UserTest.php:15
Caused by
PDOException: SQLSTATE[HY000]: General error: 1 no such table: car_rental_users

at vendor\laravel\framework\src\Illuminate\Database\Connection.php:564
at vendor\laravel\framework\src\Illuminate\Database\Connection.php:811
at vendor\laravel\framework\src\Illuminate\Database\Connection.php:778
at vendor\laravel\framework\src\Illuminate\Database\Connection.php:559
at vendor\laravel\framework\src\Illuminate\Database\Connection.php:523
at vendor\laravel\framework\src\Illuminate\Database\Query\Processors\Processor.php:32
at vendor\laravel\framework\src\Illuminate\Database\Query\Builder.php:3853
at vendor\laravel\framework\src\Illuminate\Database\Eloquent\Builder.php:2235
at vendor\laravel\framework\src\Illuminate\Database\Eloquent\Model.php:1436
at vendor\laravel\framework\src\Illuminate\Database\Eloquent\Model.php:1401
at vendor\laravel\framework\src\Illuminate\Database\Eloquent\Model.php:1240
at vendor\laravel\framework\src\Illuminate\Database\Eloquent\Factories\Factory.php:370
at vendor\laravel\framework\src\Illuminate\Collections\Traits\EnumeratesValues.php:271
at vendor\laravel\framework\src\Illuminate\Database\Eloquent\Factories\Factory.php:365
at vendor\laravel\framework\src\Illuminate\Database\Eloquent\Factories\Factory.php:321
at vendor\laravel\framework\src\Illuminate\Database\Eloquent\Factories\Factory.php:315
at tests\Unit\Models\UserTest.php:15</error>
        </testcase>
        <testcase name="`User Model` → it owner can have many vehicles" file="tests\Unit\Models\UserTest.php::`User Model` → it owner can have many vehicles" class="Tests\Unit\Models\UserTest" classname="Tests.Unit.Models.UserTest" assertions="0" time="0.000000">
          <error type="Illuminate\Database\QueryException">`User Model` → it owner can have many vehiclesIlluminate\Database\QueryException: SQLSTATE[HY000]: General error: 1 no such table: car_rental_users (Connection: sqlite, SQL: insert into "car_rental_users" ("name", "email", "email_verified_at", "password", "phone", "role", "status", "license_number", "id_document_path", "license_document_path", "is_verified", "date_of_birth", "address", "remember_token", "updated_at", "created_at") values (John Doe, john@example.com, 2025-09-24 12:53:30, $2y$04$78g4B33dBB9yvLZHXPZyOuzF4w5wzk7FwYQTRiFHrXZoaR9VfYlfW, +15617370378, renter, pending, fha-6972-6529, documents/ids/54045735-6115-3321-ad3e-56d691811451.pdf, documents/licenses/95943580-4dd2-30cb-b2c7-38f9df6f65ac.pdf, 1, 1994-05-07 00:00:00, 49043 Susanna Divide Apt. 496
South Darwinland, AK 01333, xLV5m3ZNOh, 2025-09-24 12:53:30, 2025-09-24 12:53:30))&#13;
at vendor\laravel\framework\src\Illuminate\Database\Connection.php:564
at vendor\laravel\framework\src\Illuminate\Database\Connection.php:811
at vendor\laravel\framework\src\Illuminate\Database\Connection.php:778
at vendor\laravel\framework\src\Illuminate\Database\Connection.php:559
at vendor\laravel\framework\src\Illuminate\Database\Connection.php:523
at vendor\laravel\framework\src\Illuminate\Database\Query\Processors\Processor.php:32
at vendor\laravel\framework\src\Illuminate\Database\Query\Builder.php:3853
at vendor\laravel\framework\src\Illuminate\Database\Eloquent\Builder.php:2235
at vendor\laravel\framework\src\Illuminate\Database\Eloquent\Model.php:1436
at vendor\laravel\framework\src\Illuminate\Database\Eloquent\Model.php:1401
at vendor\laravel\framework\src\Illuminate\Database\Eloquent\Model.php:1240
at vendor\laravel\framework\src\Illuminate\Database\Eloquent\Factories\Factory.php:370
at vendor\laravel\framework\src\Illuminate\Collections\Traits\EnumeratesValues.php:271
at vendor\laravel\framework\src\Illuminate\Database\Eloquent\Factories\Factory.php:365
at vendor\laravel\framework\src\Illuminate\Database\Eloquent\Factories\Factory.php:321
at vendor\laravel\framework\src\Illuminate\Database\Eloquent\Factories\Factory.php:315
at tests\Unit\Models\UserTest.php:15
Caused by
PDOException: SQLSTATE[HY000]: General error: 1 no such table: car_rental_users

at vendor\laravel\framework\src\Illuminate\Database\Connection.php:564
at vendor\laravel\framework\src\Illuminate\Database\Connection.php:811
at vendor\laravel\framework\src\Illuminate\Database\Connection.php:778
at vendor\laravel\framework\src\Illuminate\Database\Connection.php:559
at vendor\laravel\framework\src\Illuminate\Database\Connection.php:523
at vendor\laravel\framework\src\Illuminate\Database\Query\Processors\Processor.php:32
at vendor\laravel\framework\src\Illuminate\Database\Query\Builder.php:3853
at vendor\laravel\framework\src\Illuminate\Database\Eloquent\Builder.php:2235
at vendor\laravel\framework\src\Illuminate\Database\Eloquent\Model.php:1436
at vendor\laravel\framework\src\Illuminate\Database\Eloquent\Model.php:1401
at vendor\laravel\framework\src\Illuminate\Database\Eloquent\Model.php:1240
at vendor\laravel\framework\src\Illuminate\Database\Eloquent\Factories\Factory.php:370
at vendor\laravel\framework\src\Illuminate\Collections\Traits\EnumeratesValues.php:271
at vendor\laravel\framework\src\Illuminate\Database\Eloquent\Factories\Factory.php:365
at vendor\laravel\framework\src\Illuminate\Database\Eloquent\Factories\Factory.php:321
at vendor\laravel\framework\src\Illuminate\Database\Eloquent\Factories\Factory.php:315
at tests\Unit\Models\UserTest.php:15</error>
        </testcase>
        <testcase name="`User Model` → it uses email verification" file="tests\Unit\Models\UserTest.php::`User Model` → it uses email verification" class="Tests\Unit\Models\UserTest" classname="Tests.Unit.Models.UserTest" assertions="0" time="0.000000">
          <error type="Illuminate\Database\QueryException">`User Model` → it uses email verificationIlluminate\Database\QueryException: SQLSTATE[HY000]: General error: 1 no such table: car_rental_users (Connection: sqlite, SQL: insert into "car_rental_users" ("name", "email", "email_verified_at", "password", "phone", "role", "status", "license_number", "id_document_path", "license_document_path", "is_verified", "date_of_birth", "address", "remember_token", "updated_at", "created_at") values (John Doe, john@example.com, 2025-09-24 12:53:30, $2y$04$78g4B33dBB9yvLZHXPZyOuzF4w5wzk7FwYQTRiFHrXZoaR9VfYlfW, +1.678.661.8227, renter, active, njq-2740-5026, documents/ids/fd3e0ac3-8a2a-358d-8932-80a0bacc4a2b.pdf, documents/licenses/22c31a6b-0b92-3812-a7cc-1ae7bbef3b00.pdf, 1, 1999-10-15 00:00:00, 3687 Cole Junction
West Fayhaven, DE 08324-1540, z5JHFF6lvd, 2025-09-24 12:53:30, 2025-09-24 12:53:30))&#13;
at vendor\laravel\framework\src\Illuminate\Database\Connection.php:564
at vendor\laravel\framework\src\Illuminate\Database\Connection.php:811
at vendor\laravel\framework\src\Illuminate\Database\Connection.php:778
at vendor\laravel\framework\src\Illuminate\Database\Connection.php:559
at vendor\laravel\framework\src\Illuminate\Database\Connection.php:523
at vendor\laravel\framework\src\Illuminate\Database\Query\Processors\Processor.php:32
at vendor\laravel\framework\src\Illuminate\Database\Query\Builder.php:3853
at vendor\laravel\framework\src\Illuminate\Database\Eloquent\Builder.php:2235
at vendor\laravel\framework\src\Illuminate\Database\Eloquent\Model.php:1436
at vendor\laravel\framework\src\Illuminate\Database\Eloquent\Model.php:1401
at vendor\laravel\framework\src\Illuminate\Database\Eloquent\Model.php:1240
at vendor\laravel\framework\src\Illuminate\Database\Eloquent\Factories\Factory.php:370
at vendor\laravel\framework\src\Illuminate\Collections\Traits\EnumeratesValues.php:271
at vendor\laravel\framework\src\Illuminate\Database\Eloquent\Factories\Factory.php:365
at vendor\laravel\framework\src\Illuminate\Database\Eloquent\Factories\Factory.php:321
at vendor\laravel\framework\src\Illuminate\Database\Eloquent\Factories\Factory.php:315
at tests\Unit\Models\UserTest.php:15
Caused by
PDOException: SQLSTATE[HY000]: General error: 1 no such table: car_rental_users

at vendor\laravel\framework\src\Illuminate\Database\Connection.php:564
at vendor\laravel\framework\src\Illuminate\Database\Connection.php:811
at vendor\laravel\framework\src\Illuminate\Database\Connection.php:778
at vendor\laravel\framework\src\Illuminate\Database\Connection.php:559
at vendor\laravel\framework\src\Illuminate\Database\Connection.php:523
at vendor\laravel\framework\src\Illuminate\Database\Query\Processors\Processor.php:32
at vendor\laravel\framework\src\Illuminate\Database\Query\Builder.php:3853
at vendor\laravel\framework\src\Illuminate\Database\Eloquent\Builder.php:2235
at vendor\laravel\framework\src\Illuminate\Database\Eloquent\Model.php:1436
at vendor\laravel\framework\src\Illuminate\Database\Eloquent\Model.php:1401
at vendor\laravel\framework\src\Illuminate\Database\Eloquent\Model.php:1240
at vendor\laravel\framework\src\Illuminate\Database\Eloquent\Factories\Factory.php:370
at vendor\laravel\framework\src\Illuminate\Collections\Traits\EnumeratesValues.php:271
at vendor\laravel\framework\src\Illuminate\Database\Eloquent\Factories\Factory.php:365
at vendor\laravel\framework\src\Illuminate\Database\Eloquent\Factories\Factory.php:321
at vendor\laravel\framework\src\Illuminate\Database\Eloquent\Factories\Factory.php:315
at tests\Unit\Models\UserTest.php:15</error>
        </testcase>
        <testcase name="`User Model` → it can be created with different roles" file="tests\Unit\Models\UserTest.php::`User Model` → it can be created with different roles" class="Tests\Unit\Models\UserTest" classname="Tests.Unit.Models.UserTest" assertions="0" time="0.000000">
          <error type="Illuminate\Database\QueryException">`User Model` → it can be created with different rolesIlluminate\Database\QueryException: SQLSTATE[HY000]: General error: 1 no such table: car_rental_users (Connection: sqlite, SQL: insert into "car_rental_users" ("name", "email", "email_verified_at", "password", "phone", "role", "status", "license_number", "id_document_path", "license_document_path", "is_verified", "date_of_birth", "address", "remember_token", "updated_at", "created_at") values (John Doe, john@example.com, 2025-09-24 12:53:30, $2y$04$78g4B33dBB9yvLZHXPZyOuzF4w5wzk7FwYQTRiFHrXZoaR9VfYlfW, 386-939-2451, renter, active, dqn-8953-9807, documents/ids/42ee5ab2-ef16-3b86-b81f-718243839e3b.pdf, documents/licenses/de0ddde1-dd21-3017-b06d-5d0cd37854cb.pdf, 0, 1965-09-25 00:00:00, 61992 Block Coves
South Jarrettview, DE 47221-1855, MfuzUuE9aN, 2025-09-24 12:53:30, 2025-09-24 12:53:30))&#13;
at vendor\laravel\framework\src\Illuminate\Database\Connection.php:564
at vendor\laravel\framework\src\Illuminate\Database\Connection.php:811
at vendor\laravel\framework\src\Illuminate\Database\Connection.php:778
at vendor\laravel\framework\src\Illuminate\Database\Connection.php:559
at vendor\laravel\framework\src\Illuminate\Database\Connection.php:523
at vendor\laravel\framework\src\Illuminate\Database\Query\Processors\Processor.php:32
at vendor\laravel\framework\src\Illuminate\Database\Query\Builder.php:3853
at vendor\laravel\framework\src\Illuminate\Database\Eloquent\Builder.php:2235
at vendor\laravel\framework\src\Illuminate\Database\Eloquent\Model.php:1436
at vendor\laravel\framework\src\Illuminate\Database\Eloquent\Model.php:1401
at vendor\laravel\framework\src\Illuminate\Database\Eloquent\Model.php:1240
at vendor\laravel\framework\src\Illuminate\Database\Eloquent\Factories\Factory.php:370
at vendor\laravel\framework\src\Illuminate\Collections\Traits\EnumeratesValues.php:271
at vendor\laravel\framework\src\Illuminate\Database\Eloquent\Factories\Factory.php:365
at vendor\laravel\framework\src\Illuminate\Database\Eloquent\Factories\Factory.php:321
at vendor\laravel\framework\src\Illuminate\Database\Eloquent\Factories\Factory.php:315
at tests\Unit\Models\UserTest.php:15
Caused by
PDOException: SQLSTATE[HY000]: General error: 1 no such table: car_rental_users

at vendor\laravel\framework\src\Illuminate\Database\Connection.php:564
at vendor\laravel\framework\src\Illuminate\Database\Connection.php:811
at vendor\laravel\framework\src\Illuminate\Database\Connection.php:778
at vendor\laravel\framework\src\Illuminate\Database\Connection.php:559
at vendor\laravel\framework\src\Illuminate\Database\Connection.php:523
at vendor\laravel\framework\src\Illuminate\Database\Query\Processors\Processor.php:32
at vendor\laravel\framework\src\Illuminate\Database\Query\Builder.php:3853
at vendor\laravel\framework\src\Illuminate\Database\Eloquent\Builder.php:2235
at vendor\laravel\framework\src\Illuminate\Database\Eloquent\Model.php:1436
at vendor\laravel\framework\src\Illuminate\Database\Eloquent\Model.php:1401
at vendor\laravel\framework\src\Illuminate\Database\Eloquent\Model.php:1240
at vendor\laravel\framework\src\Illuminate\Database\Eloquent\Factories\Factory.php:370
at vendor\laravel\framework\src\Illuminate\Collections\Traits\EnumeratesValues.php:271
at vendor\laravel\framework\src\Illuminate\Database\Eloquent\Factories\Factory.php:365
at vendor\laravel\framework\src\Illuminate\Database\Eloquent\Factories\Factory.php:321
at vendor\laravel\framework\src\Illuminate\Database\Eloquent\Factories\Factory.php:315
at tests\Unit\Models\UserTest.php:15</error>
        </testcase>
        <testcase name="`User Model` → it renter can have many bookings" file="tests\Unit\Models\UserTest.php::`User Model` → it renter can have many bookings" class="Tests\Unit\Models\UserTest" classname="Tests.Unit.Models.UserTest" assertions="0" time="0.000000">
          <error type="Illuminate\Database\QueryException">`User Model` → it renter can have many bookingsIlluminate\Database\QueryException: SQLSTATE[HY000]: General error: 1 no such table: car_rental_users (Connection: sqlite, SQL: insert into "car_rental_users" ("name", "email", "email_verified_at", "password", "phone", "role", "status", "license_number", "id_document_path", "license_document_path", "is_verified", "date_of_birth", "address", "remember_token", "updated_at", "created_at") values (John Doe, john@example.com, 2025-09-24 12:53:30, $2y$04$78g4B33dBB9yvLZHXPZyOuzF4w5wzk7FwYQTRiFHrXZoaR9VfYlfW, 551.767.0753, renter, active, qjn-4266-5066, documents/ids/118b976d-8ae4-318d-82f6-806edd4676d8.pdf, documents/licenses/9605eb92-87d7-3e15-9a18-17aa2d7294c3.pdf, 1, 1989-11-16 00:00:00, 4277 Harber Expressway Apt. 550
West Blanca, GA 62929-7686, XoXwUGauQ7, 2025-09-24 12:53:30, 2025-09-24 12:53:30))&#13;
at vendor\laravel\framework\src\Illuminate\Database\Connection.php:564
at vendor\laravel\framework\src\Illuminate\Database\Connection.php:811
at vendor\laravel\framework\src\Illuminate\Database\Connection.php:778
at vendor\laravel\framework\src\Illuminate\Database\Connection.php:559
at vendor\laravel\framework\src\Illuminate\Database\Connection.php:523
at vendor\laravel\framework\src\Illuminate\Database\Query\Processors\Processor.php:32
at vendor\laravel\framework\src\Illuminate\Database\Query\Builder.php:3853
at vendor\laravel\framework\src\Illuminate\Database\Eloquent\Builder.php:2235
at vendor\laravel\framework\src\Illuminate\Database\Eloquent\Model.php:1436
at vendor\laravel\framework\src\Illuminate\Database\Eloquent\Model.php:1401
at vendor\laravel\framework\src\Illuminate\Database\Eloquent\Model.php:1240
at vendor\laravel\framework\src\Illuminate\Database\Eloquent\Factories\Factory.php:370
at vendor\laravel\framework\src\Illuminate\Collections\Traits\EnumeratesValues.php:271
at vendor\laravel\framework\src\Illuminate\Database\Eloquent\Factories\Factory.php:365
at vendor\laravel\framework\src\Illuminate\Database\Eloquent\Factories\Factory.php:321
at vendor\laravel\framework\src\Illuminate\Database\Eloquent\Factories\Factory.php:315
at tests\Unit\Models\UserTest.php:15
Caused by
PDOException: SQLSTATE[HY000]: General error: 1 no such table: car_rental_users

at vendor\laravel\framework\src\Illuminate\Database\Connection.php:564
at vendor\laravel\framework\src\Illuminate\Database\Connection.php:811
at vendor\laravel\framework\src\Illuminate\Database\Connection.php:778
at vendor\laravel\framework\src\Illuminate\Database\Connection.php:559
at vendor\laravel\framework\src\Illuminate\Database\Connection.php:523
at vendor\laravel\framework\src\Illuminate\Database\Query\Processors\Processor.php:32
at vendor\laravel\framework\src\Illuminate\Database\Query\Builder.php:3853
at vendor\laravel\framework\src\Illuminate\Database\Eloquent\Builder.php:2235
at vendor\laravel\framework\src\Illuminate\Database\Eloquent\Model.php:1436
at vendor\laravel\framework\src\Illuminate\Database\Eloquent\Model.php:1401
at vendor\laravel\framework\src\Illuminate\Database\Eloquent\Model.php:1240
at vendor\laravel\framework\src\Illuminate\Database\Eloquent\Factories\Factory.php:370
at vendor\laravel\framework\src\Illuminate\Collections\Traits\EnumeratesValues.php:271
at vendor\laravel\framework\src\Illuminate\Database\Eloquent\Factories\Factory.php:365
at vendor\laravel\framework\src\Illuminate\Database\Eloquent\Factories\Factory.php:321
at vendor\laravel\framework\src\Illuminate\Database\Eloquent\Factories\Factory.php:315
at tests\Unit\Models\UserTest.php:15</error>
        </testcase>
        <testcase name="`User Model` → it renter can have many reviews" file="tests\Unit\Models\UserTest.php::`User Model` → it renter can have many reviews" class="Tests\Unit\Models\UserTest" classname="Tests.Unit.Models.UserTest" assertions="0" time="0.000000">
          <error type="Illuminate\Database\QueryException">`User Model` → it renter can have many reviewsIlluminate\Database\QueryException: SQLSTATE[HY000]: General error: 1 no such table: car_rental_users (Connection: sqlite, SQL: insert into "car_rental_users" ("name", "email", "email_verified_at", "password", "phone", "role", "status", "license_number", "id_document_path", "license_document_path", "is_verified", "date_of_birth", "address", "remember_token", "updated_at", "created_at") values (John Doe, john@example.com, 2025-09-24 12:53:30, $2y$04$78g4B33dBB9yvLZHXPZyOuzF4w5wzk7FwYQTRiFHrXZoaR9VfYlfW, 325.682.4603, renter, approved, foh-3249-8459, documents/ids/1d11bd5d-a769-3930-a764-f358f67b0f03.pdf, documents/licenses/e21b0eff-d85a-38e7-880a-314ac7cc49e7.pdf, 0, 2007-04-06 00:00:00, 265 Kovacek Squares Apt. 031
West Elizaside, NV 26054-1858, MnPz2OuLqH, 2025-09-24 12:53:30, 2025-09-24 12:53:30))&#13;
at vendor\laravel\framework\src\Illuminate\Database\Connection.php:564
at vendor\laravel\framework\src\Illuminate\Database\Connection.php:811
at vendor\laravel\framework\src\Illuminate\Database\Connection.php:778
at vendor\laravel\framework\src\Illuminate\Database\Connection.php:559
at vendor\laravel\framework\src\Illuminate\Database\Connection.php:523
at vendor\laravel\framework\src\Illuminate\Database\Query\Processors\Processor.php:32
at vendor\laravel\framework\src\Illuminate\Database\Query\Builder.php:3853
at vendor\laravel\framework\src\Illuminate\Database\Eloquent\Builder.php:2235
at vendor\laravel\framework\src\Illuminate\Database\Eloquent\Model.php:1436
at vendor\laravel\framework\src\Illuminate\Database\Eloquent\Model.php:1401
at vendor\laravel\framework\src\Illuminate\Database\Eloquent\Model.php:1240
at vendor\laravel\framework\src\Illuminate\Database\Eloquent\Factories\Factory.php:370
at vendor\laravel\framework\src\Illuminate\Collections\Traits\EnumeratesValues.php:271
at vendor\laravel\framework\src\Illuminate\Database\Eloquent\Factories\Factory.php:365
at vendor\laravel\framework\src\Illuminate\Database\Eloquent\Factories\Factory.php:321
at vendor\laravel\framework\src\Illuminate\Database\Eloquent\Factories\Factory.php:315
at tests\Unit\Models\UserTest.php:15
Caused by
PDOException: SQLSTATE[HY000]: General error: 1 no such table: car_rental_users

at vendor\laravel\framework\src\Illuminate\Database\Connection.php:564
at vendor\laravel\framework\src\Illuminate\Database\Connection.php:811
at vendor\laravel\framework\src\Illuminate\Database\Connection.php:778
at vendor\laravel\framework\src\Illuminate\Database\Connection.php:559
at vendor\laravel\framework\src\Illuminate\Database\Connection.php:523
at vendor\laravel\framework\src\Illuminate\Database\Query\Processors\Processor.php:32
at vendor\laravel\framework\src\Illuminate\Database\Query\Builder.php:3853
at vendor\laravel\framework\src\Illuminate\Database\Eloquent\Builder.php:2235
at vendor\laravel\framework\src\Illuminate\Database\Eloquent\Model.php:1436
at vendor\laravel\framework\src\Illuminate\Database\Eloquent\Model.php:1401
at vendor\laravel\framework\src\Illuminate\Database\Eloquent\Model.php:1240
at vendor\laravel\framework\src\Illuminate\Database\Eloquent\Factories\Factory.php:370
at vendor\laravel\framework\src\Illuminate\Collections\Traits\EnumeratesValues.php:271
at vendor\laravel\framework\src\Illuminate\Database\Eloquent\Factories\Factory.php:365
at vendor\laravel\framework\src\Illuminate\Database\Eloquent\Factories\Factory.php:321
at vendor\laravel\framework\src\Illuminate\Database\Eloquent\Factories\Factory.php:315
at tests\Unit\Models\UserTest.php:15</error>
        </testcase>
        <testcase name="`User Model` → it has unique email constraint" file="tests\Unit\Models\UserTest.php::`User Model` → it has unique email constraint" class="Tests\Unit\Models\UserTest" classname="Tests.Unit.Models.UserTest" assertions="0" time="0.000000">
          <error type="Illuminate\Database\QueryException">`User Model` → it has unique email constraintIlluminate\Database\QueryException: SQLSTATE[HY000]: General error: 1 no such table: car_rental_users (Connection: sqlite, SQL: insert into "car_rental_users" ("name", "email", "email_verified_at", "password", "phone", "role", "status", "license_number", "id_document_path", "license_document_path", "is_verified", "date_of_birth", "address", "remember_token", "updated_at", "created_at") values (John Doe, john@example.com, 2025-09-24 12:53:30, $2y$04$78g4B33dBB9yvLZHXPZyOuzF4w5wzk7FwYQTRiFHrXZoaR9VfYlfW, 479-854-9800, renter, pending, plw-5361-2177, documents/ids/dff84692-15af-3fe7-9c00-2d027d18be40.pdf, documents/licenses/cc6c94c4-0e95-3ea5-912c-ed407d0ccf0c.pdf, 1, 2004-08-04 00:00:00, 94892 Abdullah Row
New Nilsborough, DE 40761, syfgWtyudp, 2025-09-24 12:53:30, 2025-09-24 12:53:30))&#13;
at vendor\laravel\framework\src\Illuminate\Database\Connection.php:564
at vendor\laravel\framework\src\Illuminate\Database\Connection.php:811
at vendor\laravel\framework\src\Illuminate\Database\Connection.php:778
at vendor\laravel\framework\src\Illuminate\Database\Connection.php:559
at vendor\laravel\framework\src\Illuminate\Database\Connection.php:523
at vendor\laravel\framework\src\Illuminate\Database\Query\Processors\Processor.php:32
at vendor\laravel\framework\src\Illuminate\Database\Query\Builder.php:3853
at vendor\laravel\framework\src\Illuminate\Database\Eloquent\Builder.php:2235
at vendor\laravel\framework\src\Illuminate\Database\Eloquent\Model.php:1436
at vendor\laravel\framework\src\Illuminate\Database\Eloquent\Model.php:1401
at vendor\laravel\framework\src\Illuminate\Database\Eloquent\Model.php:1240
at vendor\laravel\framework\src\Illuminate\Database\Eloquent\Factories\Factory.php:370
at vendor\laravel\framework\src\Illuminate\Collections\Traits\EnumeratesValues.php:271
at vendor\laravel\framework\src\Illuminate\Database\Eloquent\Factories\Factory.php:365
at vendor\laravel\framework\src\Illuminate\Database\Eloquent\Factories\Factory.php:321
at vendor\laravel\framework\src\Illuminate\Database\Eloquent\Factories\Factory.php:315
at tests\Unit\Models\UserTest.php:15
Caused by
PDOException: SQLSTATE[HY000]: General error: 1 no such table: car_rental_users

at vendor\laravel\framework\src\Illuminate\Database\Connection.php:564
at vendor\laravel\framework\src\Illuminate\Database\Connection.php:811
at vendor\laravel\framework\src\Illuminate\Database\Connection.php:778
at vendor\laravel\framework\src\Illuminate\Database\Connection.php:559
at vendor\laravel\framework\src\Illuminate\Database\Connection.php:523
at vendor\laravel\framework\src\Illuminate\Database\Query\Processors\Processor.php:32
at vendor\laravel\framework\src\Illuminate\Database\Query\Builder.php:3853
at vendor\laravel\framework\src\Illuminate\Database\Eloquent\Builder.php:2235
at vendor\laravel\framework\src\Illuminate\Database\Eloquent\Model.php:1436
at vendor\laravel\framework\src\Illuminate\Database\Eloquent\Model.php:1401
at vendor\laravel\framework\src\Illuminate\Database\Eloquent\Model.php:1240
at vendor\laravel\framework\src\Illuminate\Database\Eloquent\Factories\Factory.php:370
at vendor\laravel\framework\src\Illuminate\Collections\Traits\EnumeratesValues.php:271
at vendor\laravel\framework\src\Illuminate\Database\Eloquent\Factories\Factory.php:365
at vendor\laravel\framework\src\Illuminate\Database\Eloquent\Factories\Factory.php:321
at vendor\laravel\framework\src\Illuminate\Database\Eloquent\Factories\Factory.php:315
at tests\Unit\Models\UserTest.php:15</error>
        </testcase>
        <testcase name="`User Model` → it can update profile information" file="tests\Unit\Models\UserTest.php::`User Model` → it can update profile information" class="Tests\Unit\Models\UserTest" classname="Tests.Unit.Models.UserTest" assertions="0" time="0.000000">
          <error type="Illuminate\Database\QueryException">`User Model` → it can update profile informationIlluminate\Database\QueryException: SQLSTATE[HY000]: General error: 1 no such table: car_rental_users (Connection: sqlite, SQL: insert into "car_rental_users" ("name", "email", "email_verified_at", "password", "phone", "role", "status", "license_number", "id_document_path", "license_document_path", "is_verified", "date_of_birth", "address", "remember_token", "updated_at", "created_at") values (John Doe, john@example.com, 2025-09-24 12:53:30, $2y$04$78g4B33dBB9yvLZHXPZyOuzF4w5wzk7FwYQTRiFHrXZoaR9VfYlfW, 820-879-3338, renter, active, qvh-7179-8427, documents/ids/b401fa9c-8675-38d9-b363-0dcdba6ac9b9.pdf, documents/licenses/1dc7efae-7531-3158-9131-0ce377744737.pdf, 1, 1969-10-17 00:00:00, 822 Estel Hollow Suite 056
South Cedrickfort, NC 59642, GAgs2qoY4Y, 2025-09-24 12:53:30, 2025-09-24 12:53:30))&#13;
at vendor\laravel\framework\src\Illuminate\Database\Connection.php:564
at vendor\laravel\framework\src\Illuminate\Database\Connection.php:811
at vendor\laravel\framework\src\Illuminate\Database\Connection.php:778
at vendor\laravel\framework\src\Illuminate\Database\Connection.php:559
at vendor\laravel\framework\src\Illuminate\Database\Connection.php:523
at vendor\laravel\framework\src\Illuminate\Database\Query\Processors\Processor.php:32
at vendor\laravel\framework\src\Illuminate\Database\Query\Builder.php:3853
at vendor\laravel\framework\src\Illuminate\Database\Eloquent\Builder.php:2235
at vendor\laravel\framework\src\Illuminate\Database\Eloquent\Model.php:1436
at vendor\laravel\framework\src\Illuminate\Database\Eloquent\Model.php:1401
at vendor\laravel\framework\src\Illuminate\Database\Eloquent\Model.php:1240
at vendor\laravel\framework\src\Illuminate\Database\Eloquent\Factories\Factory.php:370
at vendor\laravel\framework\src\Illuminate\Collections\Traits\EnumeratesValues.php:271
at vendor\laravel\framework\src\Illuminate\Database\Eloquent\Factories\Factory.php:365
at vendor\laravel\framework\src\Illuminate\Database\Eloquent\Factories\Factory.php:321
at vendor\laravel\framework\src\Illuminate\Database\Eloquent\Factories\Factory.php:315
at tests\Unit\Models\UserTest.php:15
Caused by
PDOException: SQLSTATE[HY000]: General error: 1 no such table: car_rental_users

at vendor\laravel\framework\src\Illuminate\Database\Connection.php:564
at vendor\laravel\framework\src\Illuminate\Database\Connection.php:811
at vendor\laravel\framework\src\Illuminate\Database\Connection.php:778
at vendor\laravel\framework\src\Illuminate\Database\Connection.php:559
at vendor\laravel\framework\src\Illuminate\Database\Connection.php:523
at vendor\laravel\framework\src\Illuminate\Database\Query\Processors\Processor.php:32
at vendor\laravel\framework\src\Illuminate\Database\Query\Builder.php:3853
at vendor\laravel\framework\src\Illuminate\Database\Eloquent\Builder.php:2235
at vendor\laravel\framework\src\Illuminate\Database\Eloquent\Model.php:1436
at vendor\laravel\framework\src\Illuminate\Database\Eloquent\Model.php:1401
at vendor\laravel\framework\src\Illuminate\Database\Eloquent\Model.php:1240
at vendor\laravel\framework\src\Illuminate\Database\Eloquent\Factories\Factory.php:370
at vendor\laravel\framework\src\Illuminate\Collections\Traits\EnumeratesValues.php:271
at vendor\laravel\framework\src\Illuminate\Database\Eloquent\Factories\Factory.php:365
at vendor\laravel\framework\src\Illuminate\Database\Eloquent\Factories\Factory.php:321
at vendor\laravel\framework\src\Illuminate\Database\Eloquent\Factories\Factory.php:315
at tests\Unit\Models\UserTest.php:15</error>
        </testcase>
      </testsuite>
      <testsuite name="Tests\Unit\ExampleTest" file="tests\Unit\ExampleTest.php" tests="1" assertions="1" errors="0" failures="0" skipped="0" time="0.070229">
        <testcase name="example" file="tests\Unit\ExampleTest.php::example" class="Tests\Unit\ExampleTest" classname="Tests.Unit.ExampleTest" assertions="1" time="0.070229"/>
      </testsuite>
      <testsuite name="Tests\Unit\Models\PaymentTest" file="tests\Unit\Models\PaymentTest.php" tests="12" assertions="0" errors="12" failures="0" skipped="0" time="0.000000">
        <testcase name="`Payment Model` → it can store cash specific fields" file="tests\Unit\Models\PaymentTest.php::`Payment Model` → it can store cash specific fields" class="Tests\Unit\Models\PaymentTest" classname="Tests.Unit.Models.PaymentTest" assertions="0" time="0.000000">
          <error type="Illuminate\Database\QueryException">`Payment Model` → it can store cash specific fieldsIlluminate\Database\QueryException: SQLSTATE[HY000]: General error: 1 no such table: car_rental_users (Connection: sqlite, SQL: insert into "car_rental_users" ("name", "email", "email_verified_at", "password", "phone", "role", "status", "license_number", "id_document_path", "license_document_path", "is_verified", "date_of_birth", "address", "remember_token", "updated_at", "created_at") values (Constance Stokes, hilda.hickle@example.com, 2025-09-24 12:53:30, $2y$04$78g4B33dBB9yvLZHXPZyOuzF4w5wzk7FwYQTRiFHrXZoaR9VfYlfW, 620-861-4245, owner, active, tjo-0176-8876, documents/ids/f8e85ac9-59cd-3dd1-9170-7dc5717c739a.pdf, documents/licenses/6beb53ad-1d55-365a-8ea1-da71788cbf03.pdf, 1, 1985-12-01 00:00:00, 87752 Predovic Station
Muellerfurt, PA 35274, dRNamL9hyr, 2025-09-24 12:53:30, 2025-09-24 12:53:30))&#13;
at vendor\laravel\framework\src\Illuminate\Database\Connection.php:564
at vendor\laravel\framework\src\Illuminate\Database\Connection.php:811
at vendor\laravel\framework\src\Illuminate\Database\Connection.php:778
at vendor\laravel\framework\src\Illuminate\Database\Connection.php:559
at vendor\laravel\framework\src\Illuminate\Database\Connection.php:523
at vendor\laravel\framework\src\Illuminate\Database\Query\Processors\Processor.php:32
at vendor\laravel\framework\src\Illuminate\Database\Query\Builder.php:3853
at vendor\laravel\framework\src\Illuminate\Database\Eloquent\Builder.php:2235
at vendor\laravel\framework\src\Illuminate\Database\Eloquent\Model.php:1436
at vendor\laravel\framework\src\Illuminate\Database\Eloquent\Model.php:1401
at vendor\laravel\framework\src\Illuminate\Database\Eloquent\Model.php:1240
at vendor\laravel\framework\src\Illuminate\Database\Eloquent\Factories\Factory.php:370
at vendor\laravel\framework\src\Illuminate\Collections\Traits\EnumeratesValues.php:271
at vendor\laravel\framework\src\Illuminate\Database\Eloquent\Factories\Factory.php:365
at vendor\laravel\framework\src\Illuminate\Database\Eloquent\Factories\Factory.php:321
at tests\Unit\Models\PaymentTest.php:16
Caused by
PDOException: SQLSTATE[HY000]: General error: 1 no such table: car_rental_users

at vendor\laravel\framework\src\Illuminate\Database\Connection.php:564
at vendor\laravel\framework\src\Illuminate\Database\Connection.php:811
at vendor\laravel\framework\src\Illuminate\Database\Connection.php:778
at vendor\laravel\framework\src\Illuminate\Database\Connection.php:559
at vendor\laravel\framework\src\Illuminate\Database\Connection.php:523
at vendor\laravel\framework\src\Illuminate\Database\Query\Processors\Processor.php:32
at vendor\laravel\framework\src\Illuminate\Database\Query\Builder.php:3853
at vendor\laravel\framework\src\Illuminate\Database\Eloquent\Builder.php:2235
at vendor\laravel\framework\src\Illuminate\Database\Eloquent\Model.php:1436
at vendor\laravel\framework\src\Illuminate\Database\Eloquent\Model.php:1401
at vendor\laravel\framework\src\Illuminate\Database\Eloquent\Model.php:1240
at vendor\laravel\framework\src\Illuminate\Database\Eloquent\Factories\Factory.php:370
at vendor\laravel\framework\src\Illuminate\Collections\Traits\EnumeratesValues.php:271
at vendor\laravel\framework\src\Illuminate\Database\Eloquent\Factories\Factory.php:365
at vendor\laravel\framework\src\Illuminate\Database\Eloquent\Factories\Factory.php:321
at tests\Unit\Models\PaymentTest.php:16</error>
        </testcase>
        <testcase name="`Payment Model` → it casts dates correctly" file="tests\Unit\Models\PaymentTest.php::`Payment Model` → it casts dates correctly" class="Tests\Unit\Models\PaymentTest" classname="Tests.Unit.Models.PaymentTest" assertions="0" time="0.000000">
          <error type="Illuminate\Database\QueryException">`Payment Model` → it casts dates correctlyIlluminate\Database\QueryException: SQLSTATE[HY000]: General error: 1 no such table: car_rental_users (Connection: sqlite, SQL: insert into "car_rental_users" ("name", "email", "email_verified_at", "password", "phone", "role", "status", "license_number", "id_document_path", "license_document_path", "is_verified", "date_of_birth", "address", "remember_token", "updated_at", "created_at") values (Bernie Klein Sr., arvid.krajcik@example.net, 2025-09-24 12:53:30, $2y$04$78g4B33dBB9yvLZHXPZyOuzF4w5wzk7FwYQTRiFHrXZoaR9VfYlfW, 1-304-502-1006, owner, pending, yen-0712-8694, documents/ids/02a3d029-2e5a-3ef4-8e4f-bbd782363d82.pdf, documents/licenses/61f22857-bc56-3199-8755-fa68f46f0c13.pdf, 1, 1980-07-10 00:00:00, 56954 Rau Shoal Suite 568
McKenziestad, WV 98390-2674, p3haDGs4ZW, 2025-09-24 12:53:30, 2025-09-24 12:53:30))&#13;
at vendor\laravel\framework\src\Illuminate\Database\Connection.php:564
at vendor\laravel\framework\src\Illuminate\Database\Connection.php:811
at vendor\laravel\framework\src\Illuminate\Database\Connection.php:778
at vendor\laravel\framework\src\Illuminate\Database\Connection.php:559
at vendor\laravel\framework\src\Illuminate\Database\Connection.php:523
at vendor\laravel\framework\src\Illuminate\Database\Query\Processors\Processor.php:32
at vendor\laravel\framework\src\Illuminate\Database\Query\Builder.php:3853
at vendor\laravel\framework\src\Illuminate\Database\Eloquent\Builder.php:2235
at vendor\laravel\framework\src\Illuminate\Database\Eloquent\Model.php:1436
at vendor\laravel\framework\src\Illuminate\Database\Eloquent\Model.php:1401
at vendor\laravel\framework\src\Illuminate\Database\Eloquent\Model.php:1240
at vendor\laravel\framework\src\Illuminate\Database\Eloquent\Factories\Factory.php:370
at vendor\laravel\framework\src\Illuminate\Collections\Traits\EnumeratesValues.php:271
at vendor\laravel\framework\src\Illuminate\Database\Eloquent\Factories\Factory.php:365
at vendor\laravel\framework\src\Illuminate\Database\Eloquent\Factories\Factory.php:321
at tests\Unit\Models\PaymentTest.php:16
Caused by
PDOException: SQLSTATE[HY000]: General error: 1 no such table: car_rental_users

at vendor\laravel\framework\src\Illuminate\Database\Connection.php:564
at vendor\laravel\framework\src\Illuminate\Database\Connection.php:811
at vendor\laravel\framework\src\Illuminate\Database\Connection.php:778
at vendor\laravel\framework\src\Illuminate\Database\Connection.php:559
at vendor\laravel\framework\src\Illuminate\Database\Connection.php:523
at vendor\laravel\framework\src\Illuminate\Database\Query\Processors\Processor.php:32
at vendor\laravel\framework\src\Illuminate\Database\Query\Builder.php:3853
at vendor\laravel\framework\src\Illuminate\Database\Eloquent\Builder.php:2235
at vendor\laravel\framework\src\Illuminate\Database\Eloquent\Model.php:1436
at vendor\laravel\framework\src\Illuminate\Database\Eloquent\Model.php:1401
at vendor\laravel\framework\src\Illuminate\Database\Eloquent\Model.php:1240
at vendor\laravel\framework\src\Illuminate\Database\Eloquent\Factories\Factory.php:370
at vendor\laravel\framework\src\Illuminate\Collections\Traits\EnumeratesValues.php:271
at vendor\laravel\framework\src\Illuminate\Database\Eloquent\Factories\Factory.php:365
at vendor\laravel\framework\src\Illuminate\Database\Eloquent\Factories\Factory.php:321
at tests\Unit\Models\PaymentTest.php:16</error>
        </testcase>
        <testcase name="`Payment Model` → it can handle payment failures" file="tests\Unit\Models\PaymentTest.php::`Payment Model` → it can handle payment failures" class="Tests\Unit\Models\PaymentTest" classname="Tests.Unit.Models.PaymentTest" assertions="0" time="0.000000">
          <error type="Illuminate\Database\QueryException">`Payment Model` → it can handle payment failuresIlluminate\Database\QueryException: SQLSTATE[HY000]: General error: 1 no such table: car_rental_users (Connection: sqlite, SQL: insert into "car_rental_users" ("name", "email", "email_verified_at", "password", "phone", "role", "status", "license_number", "id_document_path", "license_document_path", "is_verified", "date_of_birth", "address", "remember_token", "updated_at", "created_at") values (Guido Schultz, bbechtelar@example.com, 2025-09-24 12:53:30, $2y$04$78g4B33dBB9yvLZHXPZyOuzF4w5wzk7FwYQTRiFHrXZoaR9VfYlfW, 1-919-478-5094, owner, active, obo-2699-5739, documents/ids/57ada89f-2861-3bfa-8fca-2457d1be8f1d.pdf, documents/licenses/ecba6a04-4cd3-3813-84b9-15368dc1cff1.pdf, 1, 1961-11-02 00:00:00, 9604 Larson Row Apt. 807
North Hilario, DE 12853-9812, Fp6fbmVJoD, 2025-09-24 12:53:30, 2025-09-24 12:53:30))&#13;
at vendor\laravel\framework\src\Illuminate\Database\Connection.php:564
at vendor\laravel\framework\src\Illuminate\Database\Connection.php:811
at vendor\laravel\framework\src\Illuminate\Database\Connection.php:778
at vendor\laravel\framework\src\Illuminate\Database\Connection.php:559
at vendor\laravel\framework\src\Illuminate\Database\Connection.php:523
at vendor\laravel\framework\src\Illuminate\Database\Query\Processors\Processor.php:32
at vendor\laravel\framework\src\Illuminate\Database\Query\Builder.php:3853
at vendor\laravel\framework\src\Illuminate\Database\Eloquent\Builder.php:2235
at vendor\laravel\framework\src\Illuminate\Database\Eloquent\Model.php:1436
at vendor\laravel\framework\src\Illuminate\Database\Eloquent\Model.php:1401
at vendor\laravel\framework\src\Illuminate\Database\Eloquent\Model.php:1240
at vendor\laravel\framework\src\Illuminate\Database\Eloquent\Factories\Factory.php:370
at vendor\laravel\framework\src\Illuminate\Collections\Traits\EnumeratesValues.php:271
at vendor\laravel\framework\src\Illuminate\Database\Eloquent\Factories\Factory.php:365
at vendor\laravel\framework\src\Illuminate\Database\Eloquent\Factories\Factory.php:321
at tests\Unit\Models\PaymentTest.php:16
Caused by
PDOException: SQLSTATE[HY000]: General error: 1 no such table: car_rental_users

at vendor\laravel\framework\src\Illuminate\Database\Connection.php:564
at vendor\laravel\framework\src\Illuminate\Database\Connection.php:811
at vendor\laravel\framework\src\Illuminate\Database\Connection.php:778
at vendor\laravel\framework\src\Illuminate\Database\Connection.php:559
at vendor\laravel\framework\src\Illuminate\Database\Connection.php:523
at vendor\laravel\framework\src\Illuminate\Database\Query\Processors\Processor.php:32
at vendor\laravel\framework\src\Illuminate\Database\Query\Builder.php:3853
at vendor\laravel\framework\src\Illuminate\Database\Eloquent\Builder.php:2235
at vendor\laravel\framework\src\Illuminate\Database\Eloquent\Model.php:1436
at vendor\laravel\framework\src\Illuminate\Database\Eloquent\Model.php:1401
at vendor\laravel\framework\src\Illuminate\Database\Eloquent\Model.php:1240
at vendor\laravel\framework\src\Illuminate\Database\Eloquent\Factories\Factory.php:370
at vendor\laravel\framework\src\Illuminate\Collections\Traits\EnumeratesValues.php:271
at vendor\laravel\framework\src\Illuminate\Database\Eloquent\Factories\Factory.php:365
at vendor\laravel\framework\src\Illuminate\Database\Eloquent\Factories\Factory.php:321
at tests\Unit\Models\PaymentTest.php:16</error>
        </testcase>
        <testcase name="`Payment Model` → it uses correct table name" file="tests\Unit\Models\PaymentTest.php::`Payment Model` → it uses correct table name" class="Tests\Unit\Models\PaymentTest" classname="Tests.Unit.Models.PaymentTest" assertions="0" time="0.000000">
          <error type="Illuminate\Database\QueryException">`Payment Model` → it uses correct table nameIlluminate\Database\QueryException: SQLSTATE[HY000]: General error: 1 no such table: car_rental_users (Connection: sqlite, SQL: insert into "car_rental_users" ("name", "email", "email_verified_at", "password", "phone", "role", "status", "license_number", "id_document_path", "license_document_path", "is_verified", "date_of_birth", "address", "remember_token", "updated_at", "created_at") values (Valentin Jenkins, xjohnston@example.net, 2025-09-24 12:53:30, $2y$04$78g4B33dBB9yvLZHXPZyOuzF4w5wzk7FwYQTRiFHrXZoaR9VfYlfW, 212.916.4084, owner, active, fts-4483-6866, documents/ids/26169d39-2800-3689-a60c-d59649a29d23.pdf, documents/licenses/ec67fd4d-777b-305f-9732-2820834c773c.pdf, 0, 1978-05-17 00:00:00, 167 Maude Mountains Suite 601
Lake Adela, IL 12314-6051, D6mO07LPIk, 2025-09-24 12:53:30, 2025-09-24 12:53:30))&#13;
at vendor\laravel\framework\src\Illuminate\Database\Connection.php:564
at vendor\laravel\framework\src\Illuminate\Database\Connection.php:811
at vendor\laravel\framework\src\Illuminate\Database\Connection.php:778
at vendor\laravel\framework\src\Illuminate\Database\Connection.php:559
at vendor\laravel\framework\src\Illuminate\Database\Connection.php:523
at vendor\laravel\framework\src\Illuminate\Database\Query\Processors\Processor.php:32
at vendor\laravel\framework\src\Illuminate\Database\Query\Builder.php:3853
at vendor\laravel\framework\src\Illuminate\Database\Eloquent\Builder.php:2235
at vendor\laravel\framework\src\Illuminate\Database\Eloquent\Model.php:1436
at vendor\laravel\framework\src\Illuminate\Database\Eloquent\Model.php:1401
at vendor\laravel\framework\src\Illuminate\Database\Eloquent\Model.php:1240
at vendor\laravel\framework\src\Illuminate\Database\Eloquent\Factories\Factory.php:370
at vendor\laravel\framework\src\Illuminate\Collections\Traits\EnumeratesValues.php:271
at vendor\laravel\framework\src\Illuminate\Database\Eloquent\Factories\Factory.php:365
at vendor\laravel\framework\src\Illuminate\Database\Eloquent\Factories\Factory.php:321
at tests\Unit\Models\PaymentTest.php:16
Caused by
PDOException: SQLSTATE[HY000]: General error: 1 no such table: car_rental_users

at vendor\laravel\framework\src\Illuminate\Database\Connection.php:564
at vendor\laravel\framework\src\Illuminate\Database\Connection.php:811
at vendor\laravel\framework\src\Illuminate\Database\Connection.php:778
at vendor\laravel\framework\src\Illuminate\Database\Connection.php:559
at vendor\laravel\framework\src\Illuminate\Database\Connection.php:523
at vendor\laravel\framework\src\Illuminate\Database\Query\Processors\Processor.php:32
at vendor\laravel\framework\src\Illuminate\Database\Query\Builder.php:3853
at vendor\laravel\framework\src\Illuminate\Database\Eloquent\Builder.php:2235
at vendor\laravel\framework\src\Illuminate\Database\Eloquent\Model.php:1436
at vendor\laravel\framework\src\Illuminate\Database\Eloquent\Model.php:1401
at vendor\laravel\framework\src\Illuminate\Database\Eloquent\Model.php:1240
at vendor\laravel\framework\src\Illuminate\Database\Eloquent\Factories\Factory.php:370
at vendor\laravel\framework\src\Illuminate\Collections\Traits\EnumeratesValues.php:271
at vendor\laravel\framework\src\Illuminate\Database\Eloquent\Factories\Factory.php:365
at vendor\laravel\framework\src\Illuminate\Database\Eloquent\Factories\Factory.php:321
at tests\Unit\Models\PaymentTest.php:16</error>
        </testcase>
        <testcase name="`Payment Model` → it can have different payment statuses" file="tests\Unit\Models\PaymentTest.php::`Payment Model` → it can have different payment statuses" class="Tests\Unit\Models\PaymentTest" classname="Tests.Unit.Models.PaymentTest" assertions="0" time="0.000000">
          <error type="Illuminate\Database\QueryException">`Payment Model` → it can have different payment statusesIlluminate\Database\QueryException: SQLSTATE[HY000]: General error: 1 no such table: car_rental_users (Connection: sqlite, SQL: insert into "car_rental_users" ("name", "email", "email_verified_at", "password", "phone", "role", "status", "license_number", "id_document_path", "license_document_path", "is_verified", "date_of_birth", "address", "remember_token", "updated_at", "created_at") values (Favian Rice Sr., imelda17@example.net, 2025-09-24 12:53:30, $2y$04$78g4B33dBB9yvLZHXPZyOuzF4w5wzk7FwYQTRiFHrXZoaR9VfYlfW, +1-320-437-9784, owner, approved, auu-6256-4677, documents/ids/851cd775-4d82-3570-8009-6000ee7ee674.pdf, documents/licenses/3722f615-1c46-33f4-b8ef-b730e6d51bf5.pdf, 0, 1992-08-12 00:00:00, 80155 Vandervort Flat
New Emorytown, CO 52786, CkHyNMAi4T, 2025-09-24 12:53:30, 2025-09-24 12:53:30))&#13;
at vendor\laravel\framework\src\Illuminate\Database\Connection.php:564
at vendor\laravel\framework\src\Illuminate\Database\Connection.php:811
at vendor\laravel\framework\src\Illuminate\Database\Connection.php:778
at vendor\laravel\framework\src\Illuminate\Database\Connection.php:559
at vendor\laravel\framework\src\Illuminate\Database\Connection.php:523
at vendor\laravel\framework\src\Illuminate\Database\Query\Processors\Processor.php:32
at vendor\laravel\framework\src\Illuminate\Database\Query\Builder.php:3853
at vendor\laravel\framework\src\Illuminate\Database\Eloquent\Builder.php:2235
at vendor\laravel\framework\src\Illuminate\Database\Eloquent\Model.php:1436
at vendor\laravel\framework\src\Illuminate\Database\Eloquent\Model.php:1401
at vendor\laravel\framework\src\Illuminate\Database\Eloquent\Model.php:1240
at vendor\laravel\framework\src\Illuminate\Database\Eloquent\Factories\Factory.php:370
at vendor\laravel\framework\src\Illuminate\Collections\Traits\EnumeratesValues.php:271
at vendor\laravel\framework\src\Illuminate\Database\Eloquent\Factories\Factory.php:365
at vendor\laravel\framework\src\Illuminate\Database\Eloquent\Factories\Factory.php:321
at tests\Unit\Models\PaymentTest.php:16
Caused by
PDOException: SQLSTATE[HY000]: General error: 1 no such table: car_rental_users

at vendor\laravel\framework\src\Illuminate\Database\Connection.php:564
at vendor\laravel\framework\src\Illuminate\Database\Connection.php:811
at vendor\laravel\framework\src\Illuminate\Database\Connection.php:778
at vendor\laravel\framework\src\Illuminate\Database\Connection.php:559
at vendor\laravel\framework\src\Illuminate\Database\Connection.php:523
at vendor\laravel\framework\src\Illuminate\Database\Query\Processors\Processor.php:32
at vendor\laravel\framework\src\Illuminate\Database\Query\Builder.php:3853
at vendor\laravel\framework\src\Illuminate\Database\Eloquent\Builder.php:2235
at vendor\laravel\framework\src\Illuminate\Database\Eloquent\Model.php:1436
at vendor\laravel\framework\src\Illuminate\Database\Eloquent\Model.php:1401
at vendor\laravel\framework\src\Illuminate\Database\Eloquent\Model.php:1240
at vendor\laravel\framework\src\Illuminate\Database\Eloquent\Factories\Factory.php:370
at vendor\laravel\framework\src\Illuminate\Collections\Traits\EnumeratesValues.php:271
at vendor\laravel\framework\src\Illuminate\Database\Eloquent\Factories\Factory.php:365
at vendor\laravel\framework\src\Illuminate\Database\Eloquent\Factories\Factory.php:321
at tests\Unit\Models\PaymentTest.php:16</error>
        </testcase>
        <testcase name="`Payment Model` → it can store tng specific fields" file="tests\Unit\Models\PaymentTest.php::`Payment Model` → it can store tng specific fields" class="Tests\Unit\Models\PaymentTest" classname="Tests.Unit.Models.PaymentTest" assertions="0" time="0.000000">
          <error type="Illuminate\Database\QueryException">`Payment Model` → it can store tng specific fieldsIlluminate\Database\QueryException: SQLSTATE[HY000]: General error: 1 no such table: car_rental_users (Connection: sqlite, SQL: insert into "car_rental_users" ("name", "email", "email_verified_at", "password", "phone", "role", "status", "license_number", "id_document_path", "license_document_path", "is_verified", "date_of_birth", "address", "remember_token", "updated_at", "created_at") values (Laverna Connelly, gschimmel@example.com, 2025-09-24 12:53:30, $2y$04$78g4B33dBB9yvLZHXPZyOuzF4w5wzk7FwYQTRiFHrXZoaR9VfYlfW, +1-856-899-9287, owner, pending, oui-3880-8765, documents/ids/104dbb67-47a0-30fa-8ca5-896e8578f2c5.pdf, documents/licenses/b507efff-cb0a-3948-a12a-bde1ae8a7b44.pdf, 1, 1968-08-04 00:00:00, 4276 Tod Fall
Effertzberg, OH 64949, HcR6q3gtTJ, 2025-09-24 12:53:30, 2025-09-24 12:53:30))&#13;
at vendor\laravel\framework\src\Illuminate\Database\Connection.php:564
at vendor\laravel\framework\src\Illuminate\Database\Connection.php:811
at vendor\laravel\framework\src\Illuminate\Database\Connection.php:778
at vendor\laravel\framework\src\Illuminate\Database\Connection.php:559
at vendor\laravel\framework\src\Illuminate\Database\Connection.php:523
at vendor\laravel\framework\src\Illuminate\Database\Query\Processors\Processor.php:32
at vendor\laravel\framework\src\Illuminate\Database\Query\Builder.php:3853
at vendor\laravel\framework\src\Illuminate\Database\Eloquent\Builder.php:2235
at vendor\laravel\framework\src\Illuminate\Database\Eloquent\Model.php:1436
at vendor\laravel\framework\src\Illuminate\Database\Eloquent\Model.php:1401
at vendor\laravel\framework\src\Illuminate\Database\Eloquent\Model.php:1240
at vendor\laravel\framework\src\Illuminate\Database\Eloquent\Factories\Factory.php:370
at vendor\laravel\framework\src\Illuminate\Collections\Traits\EnumeratesValues.php:271
at vendor\laravel\framework\src\Illuminate\Database\Eloquent\Factories\Factory.php:365
at vendor\laravel\framework\src\Illuminate\Database\Eloquent\Factories\Factory.php:321
at tests\Unit\Models\PaymentTest.php:16
Caused by
PDOException: SQLSTATE[HY000]: General error: 1 no such table: car_rental_users

at vendor\laravel\framework\src\Illuminate\Database\Connection.php:564
at vendor\laravel\framework\src\Illuminate\Database\Connection.php:811
at vendor\laravel\framework\src\Illuminate\Database\Connection.php:778
at vendor\laravel\framework\src\Illuminate\Database\Connection.php:559
at vendor\laravel\framework\src\Illuminate\Database\Connection.php:523
at vendor\laravel\framework\src\Illuminate\Database\Query\Processors\Processor.php:32
at vendor\laravel\framework\src\Illuminate\Database\Query\Builder.php:3853
at vendor\laravel\framework\src\Illuminate\Database\Eloquent\Builder.php:2235
at vendor\laravel\framework\src\Illuminate\Database\Eloquent\Model.php:1436
at vendor\laravel\framework\src\Illuminate\Database\Eloquent\Model.php:1401
at vendor\laravel\framework\src\Illuminate\Database\Eloquent\Model.php:1240
at vendor\laravel\framework\src\Illuminate\Database\Eloquent\Factories\Factory.php:370
at vendor\laravel\framework\src\Illuminate\Collections\Traits\EnumeratesValues.php:271
at vendor\laravel\framework\src\Illuminate\Database\Eloquent\Factories\Factory.php:365
at vendor\laravel\framework\src\Illuminate\Database\Eloquent\Factories\Factory.php:321
at tests\Unit\Models\PaymentTest.php:16</error>
        </testcase>
        <testcase name="`Payment Model` → it casts attributes correctly" file="tests\Unit\Models\PaymentTest.php::`Payment Model` → it casts attributes correctly" class="Tests\Unit\Models\PaymentTest" classname="Tests.Unit.Models.PaymentTest" assertions="0" time="0.000000">
          <error type="Illuminate\Database\QueryException">`Payment Model` → it casts attributes correctlyIlluminate\Database\QueryException: SQLSTATE[HY000]: General error: 1 no such table: car_rental_users (Connection: sqlite, SQL: insert into "car_rental_users" ("name", "email", "email_verified_at", "password", "phone", "role", "status", "license_number", "id_document_path", "license_document_path", "is_verified", "date_of_birth", "address", "remember_token", "updated_at", "created_at") values (Luther Treutel, qgorczany@example.com, 2025-09-24 12:53:30, $2y$04$78g4B33dBB9yvLZHXPZyOuzF4w5wzk7FwYQTRiFHrXZoaR9VfYlfW, 814.258.4296, owner, active, xgi-8572-6127, documents/ids/e9603e2b-38d9-3251-a279-4b5a0ea1fdc1.pdf, documents/licenses/81a4e324-c0a2-3b28-b126-8ba2352201b5.pdf, 1, 1975-10-23 00:00:00, 66872 Prohaska Harbors
Gudrunfort, CO 38196, lqgEE5tGLq, 2025-09-24 12:53:30, 2025-09-24 12:53:30))&#13;
at vendor\laravel\framework\src\Illuminate\Database\Connection.php:564
at vendor\laravel\framework\src\Illuminate\Database\Connection.php:811
at vendor\laravel\framework\src\Illuminate\Database\Connection.php:778
at vendor\laravel\framework\src\Illuminate\Database\Connection.php:559
at vendor\laravel\framework\src\Illuminate\Database\Connection.php:523
at vendor\laravel\framework\src\Illuminate\Database\Query\Processors\Processor.php:32
at vendor\laravel\framework\src\Illuminate\Database\Query\Builder.php:3853
at vendor\laravel\framework\src\Illuminate\Database\Eloquent\Builder.php:2235
at vendor\laravel\framework\src\Illuminate\Database\Eloquent\Model.php:1436
at vendor\laravel\framework\src\Illuminate\Database\Eloquent\Model.php:1401
at vendor\laravel\framework\src\Illuminate\Database\Eloquent\Model.php:1240
at vendor\laravel\framework\src\Illuminate\Database\Eloquent\Factories\Factory.php:370
at vendor\laravel\framework\src\Illuminate\Collections\Traits\EnumeratesValues.php:271
at vendor\laravel\framework\src\Illuminate\Database\Eloquent\Factories\Factory.php:365
at vendor\laravel\framework\src\Illuminate\Database\Eloquent\Factories\Factory.php:321
at tests\Unit\Models\PaymentTest.php:16
Caused by
PDOException: SQLSTATE[HY000]: General error: 1 no such table: car_rental_users

at vendor\laravel\framework\src\Illuminate\Database\Connection.php:564
at vendor\laravel\framework\src\Illuminate\Database\Connection.php:811
at vendor\laravel\framework\src\Illuminate\Database\Connection.php:778
at vendor\laravel\framework\src\Illuminate\Database\Connection.php:559
at vendor\laravel\framework\src\Illuminate\Database\Connection.php:523
at vendor\laravel\framework\src\Illuminate\Database\Query\Processors\Processor.php:32
at vendor\laravel\framework\src\Illuminate\Database\Query\Builder.php:3853
at vendor\laravel\framework\src\Illuminate\Database\Eloquent\Builder.php:2235
at vendor\laravel\framework\src\Illuminate\Database\Eloquent\Model.php:1436
at vendor\laravel\framework\src\Illuminate\Database\Eloquent\Model.php:1401
at vendor\laravel\framework\src\Illuminate\Database\Eloquent\Model.php:1240
at vendor\laravel\framework\src\Illuminate\Database\Eloquent\Factories\Factory.php:370
at vendor\laravel\framework\src\Illuminate\Collections\Traits\EnumeratesValues.php:271
at vendor\laravel\framework\src\Illuminate\Database\Eloquent\Factories\Factory.php:365
at vendor\laravel\framework\src\Illuminate\Database\Eloquent\Factories\Factory.php:321
at tests\Unit\Models\PaymentTest.php:16</error>
        </testcase>
        <testcase name="`Payment Model` → it belongs to a booking" file="tests\Unit\Models\PaymentTest.php::`Payment Model` → it belongs to a booking" class="Tests\Unit\Models\PaymentTest" classname="Tests.Unit.Models.PaymentTest" assertions="0" time="0.000000">
          <error type="Illuminate\Database\QueryException">`Payment Model` → it belongs to a bookingIlluminate\Database\QueryException: SQLSTATE[HY000]: General error: 1 no such table: car_rental_users (Connection: sqlite, SQL: insert into "car_rental_users" ("name", "email", "email_verified_at", "password", "phone", "role", "status", "license_number", "id_document_path", "license_document_path", "is_verified", "date_of_birth", "address", "remember_token", "updated_at", "created_at") values (Princess Herman I, eula.monahan@example.com, 2025-09-24 12:53:31, $2y$04$78g4B33dBB9yvLZHXPZyOuzF4w5wzk7FwYQTRiFHrXZoaR9VfYlfW, +1 (772) 736-1234, owner, approved, zgk-1322-5521, documents/ids/0e75dd4d-bef6-3f87-88fe-7fd434ce6753.pdf, documents/licenses/f234d501-ea4a-36c8-90b3-1298bfb576f5.pdf, 1, 2001-01-05 00:00:00, 253 Tremblay Valley Apt. 460
Jamilton, SC 87430-5494, EjJaaTt3yY, 2025-09-24 12:53:31, 2025-09-24 12:53:31))&#13;
at vendor\laravel\framework\src\Illuminate\Database\Connection.php:564
at vendor\laravel\framework\src\Illuminate\Database\Connection.php:811
at vendor\laravel\framework\src\Illuminate\Database\Connection.php:778
at vendor\laravel\framework\src\Illuminate\Database\Connection.php:559
at vendor\laravel\framework\src\Illuminate\Database\Connection.php:523
at vendor\laravel\framework\src\Illuminate\Database\Query\Processors\Processor.php:32
at vendor\laravel\framework\src\Illuminate\Database\Query\Builder.php:3853
at vendor\laravel\framework\src\Illuminate\Database\Eloquent\Builder.php:2235
at vendor\laravel\framework\src\Illuminate\Database\Eloquent\Model.php:1436
at vendor\laravel\framework\src\Illuminate\Database\Eloquent\Model.php:1401
at vendor\laravel\framework\src\Illuminate\Database\Eloquent\Model.php:1240
at vendor\laravel\framework\src\Illuminate\Database\Eloquent\Factories\Factory.php:370
at vendor\laravel\framework\src\Illuminate\Collections\Traits\EnumeratesValues.php:271
at vendor\laravel\framework\src\Illuminate\Database\Eloquent\Factories\Factory.php:365
at vendor\laravel\framework\src\Illuminate\Database\Eloquent\Factories\Factory.php:321
at tests\Unit\Models\PaymentTest.php:16
Caused by
PDOException: SQLSTATE[HY000]: General error: 1 no such table: car_rental_users

at vendor\laravel\framework\src\Illuminate\Database\Connection.php:564
at vendor\laravel\framework\src\Illuminate\Database\Connection.php:811
at vendor\laravel\framework\src\Illuminate\Database\Connection.php:778
at vendor\laravel\framework\src\Illuminate\Database\Connection.php:559
at vendor\laravel\framework\src\Illuminate\Database\Connection.php:523
at vendor\laravel\framework\src\Illuminate\Database\Query\Processors\Processor.php:32
at vendor\laravel\framework\src\Illuminate\Database\Query\Builder.php:3853
at vendor\laravel\framework\src\Illuminate\Database\Eloquent\Builder.php:2235
at vendor\laravel\framework\src\Illuminate\Database\Eloquent\Model.php:1436
at vendor\laravel\framework\src\Illuminate\Database\Eloquent\Model.php:1401
at vendor\laravel\framework\src\Illuminate\Database\Eloquent\Model.php:1240
at vendor\laravel\framework\src\Illuminate\Database\Eloquent\Factories\Factory.php:370
at vendor\laravel\framework\src\Illuminate\Collections\Traits\EnumeratesValues.php:271
at vendor\laravel\framework\src\Illuminate\Database\Eloquent\Factories\Factory.php:365
at vendor\laravel\framework\src\Illuminate\Database\Eloquent\Factories\Factory.php:321
at tests\Unit\Models\PaymentTest.php:16</error>
        </testcase>
        <testcase name="`Payment Model` → it can store stripe specific fields" file="tests\Unit\Models\PaymentTest.php::`Payment Model` → it can store stripe specific fields" class="Tests\Unit\Models\PaymentTest" classname="Tests.Unit.Models.PaymentTest" assertions="0" time="0.000000">
          <error type="Illuminate\Database\QueryException">`Payment Model` → it can store stripe specific fieldsIlluminate\Database\QueryException: SQLSTATE[HY000]: General error: 1 no such table: car_rental_users (Connection: sqlite, SQL: insert into "car_rental_users" ("name", "email", "email_verified_at", "password", "phone", "role", "status", "license_number", "id_document_path", "license_document_path", "is_verified", "date_of_birth", "address", "remember_token", "updated_at", "created_at") values (Dr. Gilda Wisoky Sr., hammes.jesus@example.org, 2025-09-24 12:53:31, $2y$04$78g4B33dBB9yvLZHXPZyOuzF4w5wzk7FwYQTRiFHrXZoaR9VfYlfW, 414-692-7403, owner, approved, cfj-6240-3530, documents/ids/ac4c17d2-b0df-3918-898b-5854cbaae350.pdf, documents/licenses/cdd8a110-efb1-3308-b86a-d91da99c454c.pdf, 0, 1971-10-08 00:00:00, 1192 Eden Passage Apt. 504
Estelmouth, MT 29647-8899, PuZOLjqILK, 2025-09-24 12:53:31, 2025-09-24 12:53:31))&#13;
at vendor\laravel\framework\src\Illuminate\Database\Connection.php:564
at vendor\laravel\framework\src\Illuminate\Database\Connection.php:811
at vendor\laravel\framework\src\Illuminate\Database\Connection.php:778
at vendor\laravel\framework\src\Illuminate\Database\Connection.php:559
at vendor\laravel\framework\src\Illuminate\Database\Connection.php:523
at vendor\laravel\framework\src\Illuminate\Database\Query\Processors\Processor.php:32
at vendor\laravel\framework\src\Illuminate\Database\Query\Builder.php:3853
at vendor\laravel\framework\src\Illuminate\Database\Eloquent\Builder.php:2235
at vendor\laravel\framework\src\Illuminate\Database\Eloquent\Model.php:1436
at vendor\laravel\framework\src\Illuminate\Database\Eloquent\Model.php:1401
at vendor\laravel\framework\src\Illuminate\Database\Eloquent\Model.php:1240
at vendor\laravel\framework\src\Illuminate\Database\Eloquent\Factories\Factory.php:370
at vendor\laravel\framework\src\Illuminate\Collections\Traits\EnumeratesValues.php:271
at vendor\laravel\framework\src\Illuminate\Database\Eloquent\Factories\Factory.php:365
at vendor\laravel\framework\src\Illuminate\Database\Eloquent\Factories\Factory.php:321
at tests\Unit\Models\PaymentTest.php:16
Caused by
PDOException: SQLSTATE[HY000]: General error: 1 no such table: car_rental_users

at vendor\laravel\framework\src\Illuminate\Database\Connection.php:564
at vendor\laravel\framework\src\Illuminate\Database\Connection.php:811
at vendor\laravel\framework\src\Illuminate\Database\Connection.php:778
at vendor\laravel\framework\src\Illuminate\Database\Connection.php:559
at vendor\laravel\framework\src\Illuminate\Database\Connection.php:523
at vendor\laravel\framework\src\Illuminate\Database\Query\Processors\Processor.php:32
at vendor\laravel\framework\src\Illuminate\Database\Query\Builder.php:3853
at vendor\laravel\framework\src\Illuminate\Database\Eloquent\Builder.php:2235
at vendor\laravel\framework\src\Illuminate\Database\Eloquent\Model.php:1436
at vendor\laravel\framework\src\Illuminate\Database\Eloquent\Model.php:1401
at vendor\laravel\framework\src\Illuminate\Database\Eloquent\Model.php:1240
at vendor\laravel\framework\src\Illuminate\Database\Eloquent\Factories\Factory.php:370
at vendor\laravel\framework\src\Illuminate\Collections\Traits\EnumeratesValues.php:271
at vendor\laravel\framework\src\Illuminate\Database\Eloquent\Factories\Factory.php:365
at vendor\laravel\framework\src\Illuminate\Database\Eloquent\Factories\Factory.php:321
at tests\Unit\Models\PaymentTest.php:16</error>
        </testcase>
        <testcase name="`Payment Model` → it can handle refunds" file="tests\Unit\Models\PaymentTest.php::`Payment Model` → it can handle refunds" class="Tests\Unit\Models\PaymentTest" classname="Tests.Unit.Models.PaymentTest" assertions="0" time="0.000000">
          <error type="Illuminate\Database\QueryException">`Payment Model` → it can handle refundsIlluminate\Database\QueryException: SQLSTATE[HY000]: General error: 1 no such table: car_rental_users (Connection: sqlite, SQL: insert into "car_rental_users" ("name", "email", "email_verified_at", "password", "phone", "role", "status", "license_number", "id_document_path", "license_document_path", "is_verified", "date_of_birth", "address", "remember_token", "updated_at", "created_at") values (Clinton Erdman III, gorczany.quincy@example.com, 2025-09-24 12:53:31, $2y$04$78g4B33dBB9yvLZHXPZyOuzF4w5wzk7FwYQTRiFHrXZoaR9VfYlfW, 931.662.3306, owner, active, auu-4535-9735, documents/ids/e2151c77-bcd2-3e3d-94dd-b49583d9c193.pdf, documents/licenses/bf52683d-fa6c-3e8f-b83e-c925c76a35cc.pdf, 0, 1978-04-22 00:00:00, 63812 Aileen Road Apt. 578
Port Candelario, NJ 39653-9246, hOyzV2ENwN, 2025-09-24 12:53:31, 2025-09-24 12:53:31))&#13;
at vendor\laravel\framework\src\Illuminate\Database\Connection.php:564
at vendor\laravel\framework\src\Illuminate\Database\Connection.php:811
at vendor\laravel\framework\src\Illuminate\Database\Connection.php:778
at vendor\laravel\framework\src\Illuminate\Database\Connection.php:559
at vendor\laravel\framework\src\Illuminate\Database\Connection.php:523
at vendor\laravel\framework\src\Illuminate\Database\Query\Processors\Processor.php:32
at vendor\laravel\framework\src\Illuminate\Database\Query\Builder.php:3853
at vendor\laravel\framework\src\Illuminate\Database\Eloquent\Builder.php:2235
at vendor\laravel\framework\src\Illuminate\Database\Eloquent\Model.php:1436
at vendor\laravel\framework\src\Illuminate\Database\Eloquent\Model.php:1401
at vendor\laravel\framework\src\Illuminate\Database\Eloquent\Model.php:1240
at vendor\laravel\framework\src\Illuminate\Database\Eloquent\Factories\Factory.php:370
at vendor\laravel\framework\src\Illuminate\Collections\Traits\EnumeratesValues.php:271
at vendor\laravel\framework\src\Illuminate\Database\Eloquent\Factories\Factory.php:365
at vendor\laravel\framework\src\Illuminate\Database\Eloquent\Factories\Factory.php:321
at tests\Unit\Models\PaymentTest.php:16
Caused by
PDOException: SQLSTATE[HY000]: General error: 1 no such table: car_rental_users

at vendor\laravel\framework\src\Illuminate\Database\Connection.php:564
at vendor\laravel\framework\src\Illuminate\Database\Connection.php:811
at vendor\laravel\framework\src\Illuminate\Database\Connection.php:778
at vendor\laravel\framework\src\Illuminate\Database\Connection.php:559
at vendor\laravel\framework\src\Illuminate\Database\Connection.php:523
at vendor\laravel\framework\src\Illuminate\Database\Query\Processors\Processor.php:32
at vendor\laravel\framework\src\Illuminate\Database\Query\Builder.php:3853
at vendor\laravel\framework\src\Illuminate\Database\Eloquent\Builder.php:2235
at vendor\laravel\framework\src\Illuminate\Database\Eloquent\Model.php:1436
at vendor\laravel\framework\src\Illuminate\Database\Eloquent\Model.php:1401
at vendor\laravel\framework\src\Illuminate\Database\Eloquent\Model.php:1240
at vendor\laravel\framework\src\Illuminate\Database\Eloquent\Factories\Factory.php:370
at vendor\laravel\framework\src\Illuminate\Collections\Traits\EnumeratesValues.php:271
at vendor\laravel\framework\src\Illuminate\Database\Eloquent\Factories\Factory.php:365
at vendor\laravel\framework\src\Illuminate\Database\Eloquent\Factories\Factory.php:321
at tests\Unit\Models\PaymentTest.php:16</error>
        </testcase>
        <testcase name="`Payment Model` → it can have different payment methods" file="tests\Unit\Models\PaymentTest.php::`Payment Model` → it can have different payment methods" class="Tests\Unit\Models\PaymentTest" classname="Tests.Unit.Models.PaymentTest" assertions="0" time="0.000000">
          <error type="Illuminate\Database\QueryException">`Payment Model` → it can have different payment methodsIlluminate\Database\QueryException: SQLSTATE[HY000]: General error: 1 no such table: car_rental_users (Connection: sqlite, SQL: insert into "car_rental_users" ("name", "email", "email_verified_at", "password", "phone", "role", "status", "license_number", "id_document_path", "license_document_path", "is_verified", "date_of_birth", "address", "remember_token", "updated_at", "created_at") values (Monroe Cruickshank DDS, abbott.jayden@example.com, 2025-09-24 12:53:31, $2y$04$78g4B33dBB9yvLZHXPZyOuzF4w5wzk7FwYQTRiFHrXZoaR9VfYlfW, +12108863059, owner, pending, fbz-3415-4136, documents/ids/b6ed288b-c75f-3748-9df8-492cdc373c2b.pdf, documents/licenses/6737ef3b-9767-3b1c-8158-5563b48bb689.pdf, 0, 1995-01-17 00:00:00, 267 Derek Ways
Lake Amir, SC 32874, mIuroiFTaV, 2025-09-24 12:53:31, 2025-09-24 12:53:31))&#13;
at vendor\laravel\framework\src\Illuminate\Database\Connection.php:564
at vendor\laravel\framework\src\Illuminate\Database\Connection.php:811
at vendor\laravel\framework\src\Illuminate\Database\Connection.php:778
at vendor\laravel\framework\src\Illuminate\Database\Connection.php:559
at vendor\laravel\framework\src\Illuminate\Database\Connection.php:523
at vendor\laravel\framework\src\Illuminate\Database\Query\Processors\Processor.php:32
at vendor\laravel\framework\src\Illuminate\Database\Query\Builder.php:3853
at vendor\laravel\framework\src\Illuminate\Database\Eloquent\Builder.php:2235
at vendor\laravel\framework\src\Illuminate\Database\Eloquent\Model.php:1436
at vendor\laravel\framework\src\Illuminate\Database\Eloquent\Model.php:1401
at vendor\laravel\framework\src\Illuminate\Database\Eloquent\Model.php:1240
at vendor\laravel\framework\src\Illuminate\Database\Eloquent\Factories\Factory.php:370
at vendor\laravel\framework\src\Illuminate\Collections\Traits\EnumeratesValues.php:271
at vendor\laravel\framework\src\Illuminate\Database\Eloquent\Factories\Factory.php:365
at vendor\laravel\framework\src\Illuminate\Database\Eloquent\Factories\Factory.php:321
at tests\Unit\Models\PaymentTest.php:16
Caused by
PDOException: SQLSTATE[HY000]: General error: 1 no such table: car_rental_users

at vendor\laravel\framework\src\Illuminate\Database\Connection.php:564
at vendor\laravel\framework\src\Illuminate\Database\Connection.php:811
at vendor\laravel\framework\src\Illuminate\Database\Connection.php:778
at vendor\laravel\framework\src\Illuminate\Database\Connection.php:559
at vendor\laravel\framework\src\Illuminate\Database\Connection.php:523
at vendor\laravel\framework\src\Illuminate\Database\Query\Processors\Processor.php:32
at vendor\laravel\framework\src\Illuminate\Database\Query\Builder.php:3853
at vendor\laravel\framework\src\Illuminate\Database\Eloquent\Builder.php:2235
at vendor\laravel\framework\src\Illuminate\Database\Eloquent\Model.php:1436
at vendor\laravel\framework\src\Illuminate\Database\Eloquent\Model.php:1401
at vendor\laravel\framework\src\Illuminate\Database\Eloquent\Model.php:1240
at vendor\laravel\framework\src\Illuminate\Database\Eloquent\Factories\Factory.php:370
at vendor\laravel\framework\src\Illuminate\Collections\Traits\EnumeratesValues.php:271
at vendor\laravel\framework\src\Illuminate\Database\Eloquent\Factories\Factory.php:365
at vendor\laravel\framework\src\Illuminate\Database\Eloquent\Factories\Factory.php:321
at tests\Unit\Models\PaymentTest.php:16</error>
        </testcase>
        <testcase name="`Payment Model` → it has correct fillable attributes" file="tests\Unit\Models\PaymentTest.php::`Payment Model` → it has correct fillable attributes" class="Tests\Unit\Models\PaymentTest" classname="Tests.Unit.Models.PaymentTest" assertions="0" time="0.000000">
          <error type="Illuminate\Database\QueryException">`Payment Model` → it has correct fillable attributesIlluminate\Database\QueryException: SQLSTATE[HY000]: General error: 1 no such table: car_rental_users (Connection: sqlite, SQL: insert into "car_rental_users" ("name", "email", "email_verified_at", "password", "phone", "role", "status", "license_number", "id_document_path", "license_document_path", "is_verified", "date_of_birth", "address", "remember_token", "updated_at", "created_at") values (Kole Medhurst PhD, vcassin@example.org, 2025-09-24 12:53:31, $2y$04$78g4B33dBB9yvLZHXPZyOuzF4w5wzk7FwYQTRiFHrXZoaR9VfYlfW, 1-714-494-5790, owner, pending, qdj-8985-0135, documents/ids/b259c827-9467-3f5c-9098-bb2c83088b74.pdf, documents/licenses/5d67de8f-583f-33f4-9027-a49c60063d62.pdf, 1, 1995-12-01 00:00:00, 761 Batz Ports
Kaylahland, MD 28041-2453, l00LesZTi0, 2025-09-24 12:53:31, 2025-09-24 12:53:31))&#13;
at vendor\laravel\framework\src\Illuminate\Database\Connection.php:564
at vendor\laravel\framework\src\Illuminate\Database\Connection.php:811
at vendor\laravel\framework\src\Illuminate\Database\Connection.php:778
at vendor\laravel\framework\src\Illuminate\Database\Connection.php:559
at vendor\laravel\framework\src\Illuminate\Database\Connection.php:523
at vendor\laravel\framework\src\Illuminate\Database\Query\Processors\Processor.php:32
at vendor\laravel\framework\src\Illuminate\Database\Query\Builder.php:3853
at vendor\laravel\framework\src\Illuminate\Database\Eloquent\Builder.php:2235
at vendor\laravel\framework\src\Illuminate\Database\Eloquent\Model.php:1436
at vendor\laravel\framework\src\Illuminate\Database\Eloquent\Model.php:1401
at vendor\laravel\framework\src\Illuminate\Database\Eloquent\Model.php:1240
at vendor\laravel\framework\src\Illuminate\Database\Eloquent\Factories\Factory.php:370
at vendor\laravel\framework\src\Illuminate\Collections\Traits\EnumeratesValues.php:271
at vendor\laravel\framework\src\Illuminate\Database\Eloquent\Factories\Factory.php:365
at vendor\laravel\framework\src\Illuminate\Database\Eloquent\Factories\Factory.php:321
at tests\Unit\Models\PaymentTest.php:16
Caused by
PDOException: SQLSTATE[HY000]: General error: 1 no such table: car_rental_users

at vendor\laravel\framework\src\Illuminate\Database\Connection.php:564
at vendor\laravel\framework\src\Illuminate\Database\Connection.php:811
at vendor\laravel\framework\src\Illuminate\Database\Connection.php:778
at vendor\laravel\framework\src\Illuminate\Database\Connection.php:559
at vendor\laravel\framework\src\Illuminate\Database\Connection.php:523
at vendor\laravel\framework\src\Illuminate\Database\Query\Processors\Processor.php:32
at vendor\laravel\framework\src\Illuminate\Database\Query\Builder.php:3853
at vendor\laravel\framework\src\Illuminate\Database\Eloquent\Builder.php:2235
at vendor\laravel\framework\src\Illuminate\Database\Eloquent\Model.php:1436
at vendor\laravel\framework\src\Illuminate\Database\Eloquent\Model.php:1401
at vendor\laravel\framework\src\Illuminate\Database\Eloquent\Model.php:1240
at vendor\laravel\framework\src\Illuminate\Database\Eloquent\Factories\Factory.php:370
at vendor\laravel\framework\src\Illuminate\Collections\Traits\EnumeratesValues.php:271
at vendor\laravel\framework\src\Illuminate\Database\Eloquent\Factories\Factory.php:365
at vendor\laravel\framework\src\Illuminate\Database\Eloquent\Factories\Factory.php:321
at tests\Unit\Models\PaymentTest.php:16</error>
        </testcase>
      </testsuite>
    </testsuite>
  </testsuite>
</testsuites>
