<?xml version="1.0" encoding="UTF-8"?>
<testsuites>
  <testsuite name="CLI Arguments" tests="22" assertions="80" errors="0" failures="1" skipped="0" time="15.353233">
    <testsuite name="Tests\Unit\Models\VehicleTest" file="tests\Unit\Models\VehicleTest.php" tests="19" assertions="34" errors="0" failures="1" skipped="0" time="14.997109">
      <testcase name="`Vehicle Model` → it uses correct table name" file="tests\Unit\Models\VehicleTest.php::`Vehicle Model` → it uses correct table name" class="Tests\Unit\Models\VehicleTest" classname="Tests.Unit.Models.VehicleTest" assertions="1" time="13.764131"/>
      <testcase name="`Vehicle Model` → `Query Scopes` → it filters available vehicles for rent" file="tests\Unit\Models\VehicleTest.php::`Vehicle Model` → `Query Scopes` → it filters available vehicles for rent" class="Tests\Unit\Models\VehicleTest" classname="Tests.Unit.Models.VehicleTest" assertions="2" time="0.063425"/>
      <testcase name="`Vehicle Model` → it has many vehicle images" file="tests\Unit\Models\VehicleTest.php::`Vehicle Model` → it has many vehicle images" class="Tests\Unit\Models\VehicleTest" classname="Tests.Unit.Models.VehicleTest" assertions="2" time="0.076513"/>
      <testcase name="`Vehicle Model` → `Query Scopes` → it excludes vehicles with conflicting bookings" file="tests\Unit\Models\VehicleTest.php::`Vehicle Model` → `Query Scopes` → it excludes vehicles with conflicting bookings" class="Tests\Unit\Models\VehicleTest" classname="Tests.Unit.Models.VehicleTest" assertions="1" time="0.095114">
        <failure type="PHPUnit\Framework\ExpectationFailedException">`Vehicle Model` → `Query Scopes` → it excludes vehicles with conflicting bookingsFailed asserting that actual size 2 matches expected size 1.&#13;
at tests\Unit\Models\VehicleTest.php:295</failure>
      </testcase>
      <testcase name="`Vehicle Model` → it has correct fillable attributes" file="tests\Unit\Models\VehicleTest.php::`Vehicle Model` → it has correct fillable attributes" class="Tests\Unit\Models\VehicleTest" classname="Tests.Unit.Models.VehicleTest" assertions="1" time="0.043670"/>
      <testcase name="`Vehicle Model` → `Featured Image URL Generation` → it returns first image when no primary image exists" file="tests\Unit\Models\VehicleTest.php::`Vehicle Model` → `Featured Image URL Generation` → it returns first image when no primary image exists" class="Tests\Unit\Models\VehicleTest" classname="Tests.Unit.Models.VehicleTest" assertions="1" time="0.071083"/>
      <testcase name="`Vehicle Model` → it can create vehicle with required attributes" file="tests\Unit\Models\VehicleTest.php::`Vehicle Model` → it can create vehicle with required attributes" class="Tests\Unit\Models\VehicleTest" classname="Tests.Unit.Models.VehicleTest" assertions="4" time="0.059810"/>
      <testcase name="`Vehicle Model` → `Query Scopes` → it filters vehicles by owner" file="tests\Unit\Models\VehicleTest.php::`Vehicle Model` → `Query Scopes` → it filters vehicles by owner" class="Tests\Unit\Models\VehicleTest" classname="Tests.Unit.Models.VehicleTest" assertions="2" time="0.069412"/>
      <testcase name="`Vehicle Model` → it casts attributes correctly" file="tests\Unit\Models\VehicleTest.php::`Vehicle Model` → it casts attributes correctly" class="Tests\Unit\Models\VehicleTest" classname="Tests.Unit.Models.VehicleTest" assertions="5" time="0.052529"/>
      <testcase name="`Vehicle Model` → it has many bookings" file="tests\Unit\Models\VehicleTest.php::`Vehicle Model` → it has many bookings" class="Tests\Unit\Models\VehicleTest" classname="Tests.Unit.Models.VehicleTest" assertions="2" time="0.094765"/>
      <testcase name="`Vehicle Model` → `Query Scopes` → it filters by price range" file="tests\Unit\Models\VehicleTest.php::`Vehicle Model` → `Query Scopes` → it filters by price range" class="Tests\Unit\Models\VehicleTest" classname="Tests.Unit.Models.VehicleTest" assertions="2" time="0.089492"/>
      <testcase name="`Vehicle Model` → `Featured Image URL Generation` → it falls back to featured_image field" file="tests\Unit\Models\VehicleTest.php::`Vehicle Model` → `Featured Image URL Generation` → it falls back to featured_image field" class="Tests\Unit\Models\VehicleTest" classname="Tests.Unit.Models.VehicleTest" assertions="1" time="0.064432"/>
      <testcase name="`Vehicle Model` → it belongs to an owner" file="tests\Unit\Models\VehicleTest.php::`Vehicle Model` → it belongs to an owner" class="Tests\Unit\Models\VehicleTest" classname="Tests.Unit.Models.VehicleTest" assertions="2" time="0.076009"/>
      <testcase name="`Vehicle Model` → `Featured Image URL Generation` → it returns null when no images available" file="tests\Unit\Models\VehicleTest.php::`Vehicle Model` → `Featured Image URL Generation` → it returns null when no images available" class="Tests\Unit\Models\VehicleTest" classname="Tests.Unit.Models.VehicleTest" assertions="1" time="0.076840"/>
      <testcase name="`Vehicle Model` → it has many reviews" file="tests\Unit\Models\VehicleTest.php::`Vehicle Model` → it has many reviews" class="Tests\Unit\Models\VehicleTest" classname="Tests.Unit.Models.VehicleTest" assertions="2" time="0.085141"/>
      <testcase name="`Vehicle Model` → `Featured Image URL Generation` → it falls back to first gallery image" file="tests\Unit\Models\VehicleTest.php::`Vehicle Model` → `Featured Image URL Generation` → it falls back to first gallery image" class="Tests\Unit\Models\VehicleTest" classname="Tests.Unit.Models.VehicleTest" assertions="1" time="0.056471"/>
      <testcase name="`Vehicle Model` → `Featured Image URL Generation` → it returns primary image from images relationship when loaded" file="tests\Unit\Models\VehicleTest.php::`Vehicle Model` → `Featured Image URL Generation` → it returns primary image from images relationship when loaded" class="Tests\Unit\Models\VehicleTest" classname="Tests.Unit.Models.VehicleTest" assertions="1" time="0.053379"/>
      <testcase name="`Vehicle Model` → it can soft delete" file="tests\Unit\Models\VehicleTest.php::`Vehicle Model` → it can soft delete" class="Tests\Unit\Models\VehicleTest" classname="Tests.Unit.Models.VehicleTest" assertions="2" time="0.055729"/>
      <testcase name="`Vehicle Model` → it handles invalid daily rate gracefully" file="tests\Unit\Models\VehicleTest.php::`Vehicle Model` → it handles invalid daily rate gracefully" class="Tests\Unit\Models\VehicleTest" classname="Tests.Unit.Models.VehicleTest" assertions="1" time="0.049167"/>
    </testsuite>
    <testsuite name="Tests\Feature\Api\CarControllerTest" file="tests\Feature\Api\CarControllerTest.php" tests="3" assertions="46" errors="0" failures="0" skipped="0" time="0.356124">
      <testcase name="can filter cars by location" file="tests\Feature\Api\CarControllerTest.php::can filter cars by location" class="Tests\Feature\Api\CarControllerTest" classname="Tests.Feature.Api.CarControllerTest" assertions="3" time="0.136651"/>
      <testcase name="can show single car" file="tests\Feature\Api\CarControllerTest.php::can show single car" class="Tests\Feature\Api\CarControllerTest" classname="Tests.Feature.Api.CarControllerTest" assertions="15" time="0.105700"/>
      <testcase name="can list available cars" file="tests\Feature\Api\CarControllerTest.php::can list available cars" class="Tests\Feature\Api\CarControllerTest" classname="Tests.Feature.Api.CarControllerTest" assertions="28" time="0.113772"/>
    </testsuite>
  </testsuite>
</testsuites>
