<?xml version="1.0" encoding="UTF-8"?>
<testsuites name="PHPUnit tests">
  <testsuite name="" tests="360" assertions="680" errors="21" failures="133" skipped="10" time="843.170936">
    <testsuite name="Tests\Arch\ArchitectureTest" file="tests\Arch\ArchitectureTest.php" tests="33" assertions="47" errors="5" failures="12" skipped="0" time="18.375069">
      <testcase name="`Application Architecture` → `Models Architecture` → it ensures models are properly structured" class="Tests\Arch\ArchitectureTest" classname="Tests.Arch.ArchitectureTest" file="tests\Arch\ArchitectureTest.php::`Application Architecture` → `Models Architecture` → it ensures models are properly structured" line="0" assertions="1" time="1.280904">
        <failure type="PHPUnit\Framework\ExpectationFailedException">`Application Architecture` → `Models Architecture` → it ensures models are properly structuredExpecting 'App\Models' to only use 'Illuminate\Database\Eloquent\Model, Illuminate\Database\Eloquent\Factories\HasFactory, Illuminate\Database\Eloquent\SoftDeletes, Illuminate\Database\Eloquent\Relations, Illuminate\Database\Eloquent\Casts\Attribute, Illuminate\Database\Eloquent\Builder, Illuminate\Database\Eloquent\Collection, Illuminate\Support\Carbon, Carbon\Carbon, App\Enums, Spatie\Activitylog\Traits\LogsActivity, Spatie\Activitylog\LogOptions'. However, it also uses 'auth'.&#13;
at vendor\pestphp\pest-plugin-arch\src\Expectations\ToOnlyUse.php:46
at vendor\pestphp\pest-plugin-arch\src\Blueprint.php:170
at vendor\pestphp\pest-plugin-arch\src\Expectations\ToOnlyUse.php:39
at vendor\pestphp\pest-plugin-arch\src\SingleArchExpectation.php:162
at vendor\pestphp\pest-plugin-arch\src\SingleArchExpectation.php:146
at tests\Arch\ArchitectureTest.php:56</failure>
      </testcase>
      <testcase name="`Application Architecture` → `Models Architecture` → it ensures models extend Eloquent Model" class="Tests\Arch\ArchitectureTest" classname="Tests.Arch.ArchitectureTest" file="tests\Arch\ArchitectureTest.php::`Application Architecture` → `Models Architecture` → it ensures models extend Eloquent Model" line="0" assertions="1" time="0.015169"/>
      <testcase name="`Application Architecture` → `Models Architecture` → it ensures models use HasFactory trait" class="Tests\Arch\ArchitectureTest" classname="Tests.Arch.ArchitectureTest" file="tests\Arch\ArchitectureTest.php::`Application Architecture` → `Models Architecture` → it ensures models use HasFactory trait" line="0" assertions="1" time="0.260038"/>
      <testcase name="`Application Architecture` → `Models Architecture` → it ensures models have proper naming conventions" class="Tests\Arch\ArchitectureTest" classname="Tests.Arch.ArchitectureTest" file="tests\Arch\ArchitectureTest.php::`Application Architecture` → `Models Architecture` → it ensures models have proper naming conventions" line="0" assertions="2" time="0.003820"/>
      <testcase name="`Application Architecture` → `Controllers Architecture` → it ensures controllers have proper structure" class="Tests\Arch\ArchitectureTest" classname="Tests.Arch.ArchitectureTest" file="tests\Arch\ArchitectureTest.php::`Application Architecture` → `Controllers Architecture` → it ensures controllers have proper structure" line="0" assertions="1" time="0.324467">
        <failure type="PHPUnit\Framework\ExpectationFailedException">`Application Architecture` → `Controllers Architecture` → it ensures controllers have proper structureExpecting 'App\Http\Controllers' to only use 'Illuminate\Http\Request, Illuminate\Http\Response, Illuminate\Http\RedirectResponse, Illuminate\Http\JsonResponse, Illuminate\Routing\Controller, Illuminate\Foundation\Auth\Access\AuthorizesRequests, Illuminate\Foundation\Validation\ValidatesRequests, Illuminate\View\View, App\Models, App\Http\Requests, App\Enums'. However, it also uses 'App\Actions\Booking\CreateBookingAction'.&#13;
at vendor\pestphp\pest-plugin-arch\src\Expectations\ToOnlyUse.php:46
at vendor\pestphp\pest-plugin-arch\src\Blueprint.php:170
at vendor\pestphp\pest-plugin-arch\src\Expectations\ToOnlyUse.php:39
at vendor\pestphp\pest-plugin-arch\src\SingleArchExpectation.php:162
at vendor\pestphp\pest-plugin-arch\src\SingleArchExpectation.php:146
at tests\Arch\ArchitectureTest.php:92</failure>
      </testcase>
      <testcase name="`Application Architecture` → `Controllers Architecture` → it ensures controllers extend base Controller" class="Tests\Arch\ArchitectureTest" classname="Tests.Arch.ArchitectureTest" file="tests\Arch\ArchitectureTest.php::`Application Architecture` → `Controllers Architecture` → it ensures controllers extend base Controller" line="0" assertions="0" time="0.002815">
        <error type="BadMethodCallException">`Application Architecture` → `Controllers Architecture` → it ensures controllers extend base ControllerBadMethodCallException: Method "ignoring" does not exist in string.&#13;
at tests\Arch\ArchitectureTest.php:109</error>
      </testcase>
      <testcase name="`Application Architecture` → `Controllers Architecture` → it ensures auth controllers follow Laravel conventions" class="Tests\Arch\ArchitectureTest" classname="Tests.Arch.ArchitectureTest" file="tests\Arch\ArchitectureTest.php::`Application Architecture` → `Controllers Architecture` → it ensures auth controllers follow Laravel conventions" line="0" assertions="1" time="0.212763">
        <failure type="PHPUnit\Framework\ExpectationFailedException">`Application Architecture` → `Controllers Architecture` → it ensures auth controllers follow Laravel conventionsExpecting 'App\Http\Controllers\Auth' to only use 'Illuminate\Http\Request, Illuminate\Http\RedirectResponse, Illuminate\View\View, Illuminate\Auth\Events\Registered, Illuminate\Support\Facades\Auth, Illuminate\Support\Facades\Hash, Illuminate\Validation\Rules, App\Http\Controllers\Controller, App\Models\User, App\Http\Requests\Auth, App\Providers\RouteServiceProvider'. However, it also uses 'Illuminate\Http\Response'.&#13;
at vendor\pestphp\pest-plugin-arch\src\Expectations\ToOnlyUse.php:46
at vendor\pestphp\pest-plugin-arch\src\Blueprint.php:170
at vendor\pestphp\pest-plugin-arch\src\Expectations\ToOnlyUse.php:39
at vendor\pestphp\pest-plugin-arch\src\SingleArchExpectation.php:162
at vendor\pestphp\pest-plugin-arch\src\SingleArchExpectation.php:146
at tests\Arch\ArchitectureTest.php:115</failure>
      </testcase>
      <testcase name="`Application Architecture` → `Requests Architecture` → it ensures requests have proper structure" class="Tests\Arch\ArchitectureTest" classname="Tests.Arch.ArchitectureTest" file="tests\Arch\ArchitectureTest.php::`Application Architecture` → `Requests Architecture` → it ensures requests have proper structure" line="0" assertions="3" time="0.004501"/>
      <testcase name="`Application Architecture` → `Requests Architecture` → it ensures request classes follow naming conventions" class="Tests\Arch\ArchitectureTest" classname="Tests.Arch.ArchitectureTest" file="tests\Arch\ArchitectureTest.php::`Application Architecture` → `Requests Architecture` → it ensures request classes follow naming conventions" line="0" assertions="1" time="0.034211">
        <failure type="PHPUnit\Framework\ExpectationFailedException">`Application Architecture` → `Requests Architecture` → it ensures request classes follow naming conventionsExpecting 'App\Http\Requests' to only use 'Illuminate\Foundation\Http\FormRequest, Illuminate\Validation\Rule, App\Models, App\Enums'. However, it also uses 'Illuminate\Auth\Events\Lockout'.&#13;
at vendor\pestphp\pest-plugin-arch\src\Expectations\ToOnlyUse.php:46
at vendor\pestphp\pest-plugin-arch\src\Blueprint.php:170
at vendor\pestphp\pest-plugin-arch\src\Expectations\ToOnlyUse.php:39
at vendor\pestphp\pest-plugin-arch\src\SingleArchExpectation.php:162
at vendor\pestphp\pest-plugin-arch\src\SingleArchExpectation.php:146
at tests\Arch\ArchitectureTest.php:141</failure>
      </testcase>
      <testcase name="`Application Architecture` → `Enums Architecture` → it ensures enums are backed enums" class="Tests\Arch\ArchitectureTest" classname="Tests.Arch.ArchitectureTest" file="tests\Arch\ArchitectureTest.php::`Application Architecture` → `Enums Architecture` → it ensures enums are backed enums" line="0" assertions="1" time="0.003175">
        <error type="BadMethodCallException">`Application Architecture` → `Enums Architecture` → it ensures enums are backed enumsBadMethodCallException: Method "toBeBacked" does not exist in string.&#13;
at vendor\pestphp\pest-plugin-arch\src\SingleArchExpectation.php:108
at tests\Arch\ArchitectureTest.php:154</error>
      </testcase>
      <testcase name="`Application Architecture` → `Enums Architecture` → it ensures enums use proper case conventions" class="Tests\Arch\ArchitectureTest" classname="Tests.Arch.ArchitectureTest" file="tests\Arch\ArchitectureTest.php::`Application Architecture` → `Enums Architecture` → it ensures enums use proper case conventions" line="0" assertions="1" time="0.005599">
        <failure type="PHPUnit\Framework\ExpectationFailedException">`Application Architecture` → `Enums Architecture` → it ensures enums use proper case conventionsExpecting 'App\Enums' to use nothing. However, it uses '__'.&#13;
at vendor\pestphp\pest-plugin-arch\src\Expectations\ToOnlyUse.php:46
at vendor\pestphp\pest-plugin-arch\src\Blueprint.php:170
at vendor\pestphp\pest-plugin-arch\src\Expectations\ToOnlyUse.php:39
at vendor\pestphp\pest-plugin-arch\src\SingleArchExpectation.php:162
at vendor\pestphp\pest-plugin-arch\src\SingleArchExpectation.php:146
at tests\Arch\ArchitectureTest.php:159</failure>
      </testcase>
      <testcase name="`Application Architecture` → `Middleware Architecture` → it ensures middleware follows Laravel conventions" class="Tests\Arch\ArchitectureTest" classname="Tests.Arch.ArchitectureTest" file="tests\Arch\ArchitectureTest.php::`Application Architecture` → `Middleware Architecture` → it ensures middleware follows Laravel conventions" line="0" assertions="1" time="0.209637">
        <failure type="PHPUnit\Framework\ExpectationFailedException">`Application Architecture` → `Middleware Architecture` → it ensures middleware follows Laravel conventionsExpecting 'App\Http\Middleware' to only use 'Illuminate\Http\Request, Illuminate\Http\Response, Symfony\Component\HttpFoundation\Response, Closure, Illuminate\Auth\Middleware\Authenticate, Illuminate\Foundation\Http\Middleware\VerifyCsrfToken, Illuminate\Http\Middleware\TrustProxies, Illuminate\Routing\Middleware\SubstituteBindings, Illuminate\View\Middleware\ShareErrorsFromSession, App\Models'. However, it also uses 'App\Exceptions\BookingException'.&#13;
at vendor\pestphp\pest-plugin-arch\src\Expectations\ToOnlyUse.php:46
at vendor\pestphp\pest-plugin-arch\src\Blueprint.php:170
at vendor\pestphp\pest-plugin-arch\src\Expectations\ToOnlyUse.php:39
at vendor\pestphp\pest-plugin-arch\src\SingleArchExpectation.php:162
at vendor\pestphp\pest-plugin-arch\src\SingleArchExpectation.php:146
at tests\Arch\ArchitectureTest.php:166</failure>
      </testcase>
      <testcase name="`Application Architecture` → `Observers Architecture` → it ensures observers follow proper structure" class="Tests\Arch\ArchitectureTest" classname="Tests.Arch.ArchitectureTest" file="tests\Arch\ArchitectureTest.php::`Application Architecture` → `Observers Architecture` → it ensures observers follow proper structure" line="0" assertions="1" time="0.115668"/>
      <testcase name="`Application Architecture` → `Providers Architecture` → it ensures providers extend ServiceProvider" class="Tests\Arch\ArchitectureTest" classname="Tests.Arch.ArchitectureTest" file="tests\Arch\ArchitectureTest.php::`Application Architecture` → `Providers Architecture` → it ensures providers extend ServiceProvider" line="0" assertions="3" time="0.069928">
        <failure type="Pest\Arch\Exceptions\ArchExpectationFailedException">`Application Architecture` → `Providers Architecture` → it ensures providers extend ServiceProviderExpecting 'app\Providers\Filament\AdminPanelProvider.php' to have method 'boot'.&#13;
at app\Providers\Filament\AdminPanelProvider.php:26
at vendor\pestphp\pest-plugin-arch\src\Expectations\Targeted.php:46
at vendor\pestphp\pest-plugin-arch\src\Blueprint.php:137
at vendor\pestphp\pest-plugin-arch\src\Expectations\Targeted.php:43
at vendor\pestphp\pest-plugin-arch\src\SingleArchExpectation.php:162
at vendor\pestphp\pest-plugin-arch\src\SingleArchExpectation.php:146
at vendor\pestphp\pest-plugin-arch\src\SingleArchExpectation.php:108
at tests\Arch\ArchitectureTest.php:198</failure>
      </testcase>
      <testcase name="`Application Architecture` → `Providers Architecture` → it ensures providers follow Laravel conventions" class="Tests\Arch\ArchitectureTest" classname="Tests.Arch.ArchitectureTest" file="tests\Arch\ArchitectureTest.php::`Application Architecture` → `Providers Architecture` → it ensures providers follow Laravel conventions" line="0" assertions="1" time="0.072838">
        <failure type="PHPUnit\Framework\ExpectationFailedException">`Application Architecture` → `Providers Architecture` → it ensures providers follow Laravel conventionsExpecting 'App\Providers' to only use 'Illuminate\Support\ServiceProvider, Illuminate\Support\Facades\Gate, Illuminate\Foundation\Support\Providers\AuthServiceProvider, Illuminate\Cache\RateLimiting\Limit, Illuminate\Http\Request, Illuminate\Support\Facades\RateLimiter, Illuminate\Support\Facades\Route, Illuminate\Foundation\Support\Providers\RouteServiceProvider, Illuminate\Auth\Notifications\ResetPassword, App\Models, App\Observers, BezhanSalleh\LanguageSwitch\LanguageSwitch'. However, it also uses 'App\Policies\BookingPolicy'.&#13;
at vendor\pestphp\pest-plugin-arch\src\Expectations\ToOnlyUse.php:46
at vendor\pestphp\pest-plugin-arch\src\Blueprint.php:170
at vendor\pestphp\pest-plugin-arch\src\Expectations\ToOnlyUse.php:39
at vendor\pestphp\pest-plugin-arch\src\SingleArchExpectation.php:162
at vendor\pestphp\pest-plugin-arch\src\SingleArchExpectation.php:146
at tests\Arch\ArchitectureTest.php:203</failure>
      </testcase>
      <testcase name="`Application Architecture` → `Filament Resources Architecture` → it ensures Filament resources follow proper structure" class="Tests\Arch\ArchitectureTest" classname="Tests.Arch.ArchitectureTest" file="tests\Arch\ArchitectureTest.php::`Application Architecture` → `Filament Resources Architecture` → it ensures Filament resources follow proper structure" line="0" assertions="1" time="6.114043">
        <failure type="PHPUnit\Framework\ExpectationFailedException">`Application Architecture` → `Filament Resources Architecture` → it ensures Filament resources follow proper structureExpecting 'App\Filament\Resources' to only use 'Filament\Forms, Filament\Resources, Filament\Tables, Filament\Actions, Filament\Infolists, Illuminate\Database\Eloquent\Builder, Illuminate\Database\Eloquent\SoftDeletingScope, App\Models, App\Enums, App\Filament\Resources'. However, it also uses 'Filament\Schemas\Components\Tabs\Tab'.&#13;
at vendor\pestphp\pest-plugin-arch\src\Expectations\ToOnlyUse.php:46
at vendor\pestphp\pest-plugin-arch\src\Blueprint.php:170
at vendor\pestphp\pest-plugin-arch\src\Expectations\ToOnlyUse.php:39
at vendor\pestphp\pest-plugin-arch\src\SingleArchExpectation.php:162
at vendor\pestphp\pest-plugin-arch\src\SingleArchExpectation.php:146
at tests\Arch\ArchitectureTest.php:223</failure>
      </testcase>
      <testcase name="`Application Architecture` → `Filament Resources Architecture` → it ensures Filament resource pages extend proper classes" class="Tests\Arch\ArchitectureTest" classname="Tests.Arch.ArchitectureTest" file="tests\Arch\ArchitectureTest.php::`Application Architecture` → `Filament Resources Architecture` → it ensures Filament resource pages extend proper classes" line="0" assertions="0" time="0.003477">
        <error type="BadMethodCallException">`Application Architecture` → `Filament Resources Architecture` → it ensures Filament resource pages extend proper classesBadMethodCallException: Method "that" does not exist in string.&#13;
at vendor\pestphp\pest-plugin-arch\src\PendingArchExpectation.php:138
at tests\Arch\ArchitectureTest.php:240</error>
      </testcase>
      <testcase name="`Application Architecture` → `Testing Architecture` → it ensures test classes follow proper structure" class="Tests\Arch\ArchitectureTest" classname="Tests.Arch.ArchitectureTest" file="tests\Arch\ArchitectureTest.php::`Application Architecture` → `Testing Architecture` → it ensures test classes follow proper structure" line="0" assertions="1" time="0.931275">
        <failure type="PHPUnit\Framework\ExpectationFailedException">`Application Architecture` → `Testing Architecture` → it ensures test classes follow proper structureExpecting 'Tests' to only use 'PHPUnit\Framework\TestCase, Illuminate\Foundation\Testing\TestCase, Illuminate\Foundation\Testing\RefreshDatabase, Illuminate\Foundation\Testing\WithFaker, Tests\TestCase, App\Models, App\Enums, Laravel\Dusk\Browser, Carbon\Carbon, Illuminate\Support\Facades'. However, it also uses 'Illuminate\Contracts\Console\Kernel'.&#13;
at vendor\pestphp\pest-plugin-arch\src\Expectations\ToOnlyUse.php:46
at vendor\pestphp\pest-plugin-arch\src\Blueprint.php:170
at vendor\pestphp\pest-plugin-arch\src\Expectations\ToOnlyUse.php:39
at vendor\pestphp\pest-plugin-arch\src\SingleArchExpectation.php:162
at vendor\pestphp\pest-plugin-arch\src\SingleArchExpectation.php:146
at tests\Arch\ArchitectureTest.php:256</failure>
      </testcase>
      <testcase name="`Application Architecture` → `Testing Architecture` → it ensures feature tests extend proper base" class="Tests\Arch\ArchitectureTest" classname="Tests.Arch.ArchitectureTest" file="tests\Arch\ArchitectureTest.php::`Application Architecture` → `Testing Architecture` → it ensures feature tests extend proper base" line="0" assertions="1" time="0.417378"/>
      <testcase name="`Application Architecture` → `Testing Architecture` → it ensures unit tests extend proper base" class="Tests\Arch\ArchitectureTest" classname="Tests.Arch.ArchitectureTest" file="tests\Arch\ArchitectureTest.php::`Application Architecture` → `Testing Architecture` → it ensures unit tests extend proper base" line="0" assertions="1" time="0.223307"/>
      <testcase name="`Application Architecture` → `Database Architecture` → it ensures migrations follow proper structure" class="Tests\Arch\ArchitectureTest" classname="Tests.Arch.ArchitectureTest" file="tests\Arch\ArchitectureTest.php::`Application Architecture` → `Database Architecture` → it ensures migrations follow proper structure" line="0" assertions="1" time="0.097669"/>
      <testcase name="`Application Architecture` → `Database Architecture` → it ensures factories follow proper structure" class="Tests\Arch\ArchitectureTest" classname="Tests.Arch.ArchitectureTest" file="tests\Arch\ArchitectureTest.php::`Application Architecture` → `Database Architecture` → it ensures factories follow proper structure" line="0" assertions="2" time="0.180046"/>
      <testcase name="`Application Architecture` → `Database Architecture` → it ensures seeders follow proper structure" class="Tests\Arch\ArchitectureTest" classname="Tests.Arch.ArchitectureTest" file="tests\Arch\ArchitectureTest.php::`Application Architecture` → `Database Architecture` → it ensures seeders follow proper structure" line="0" assertions="2" time="0.203478"/>
      <testcase name="`Application Architecture` → `Security Architecture` → it ensures no debug statements in production code" class="Tests\Arch\ArchitectureTest" classname="Tests.Arch.ArchitectureTest" file="tests\Arch\ArchitectureTest.php::`Application Architecture` → `Security Architecture` → it ensures no debug statements in production code" line="0" assertions="8" time="3.480328"/>
      <testcase name="`Application Architecture` → `Security Architecture` → it ensures proper authorization is used" class="Tests\Arch\ArchitectureTest" classname="Tests.Arch.ArchitectureTest" file="tests\Arch\ArchitectureTest.php::`Application Architecture` → `Security Architecture` → it ensures proper authorization is used" line="0" assertions="1" time="0.005648">
        <failure type="PHPUnit\Framework\ExpectationFailedException">`Application Architecture` → `Security Architecture` → it ensures proper authorization is usedExpecting 'App\Http\Controllers' to only use 'Illuminate\Foundation\Auth\Access\AuthorizesRequests'. However, it also uses 'App\Actions\Booking\CreateBookingAction'.&#13;
at vendor\pestphp\pest-plugin-arch\src\Expectations\ToOnlyUse.php:46
at vendor\pestphp\pest-plugin-arch\src\Blueprint.php:170
at vendor\pestphp\pest-plugin-arch\src\Expectations\ToOnlyUse.php:39
at vendor\pestphp\pest-plugin-arch\src\SingleArchExpectation.php:162
at vendor\pestphp\pest-plugin-arch\src\SingleArchExpectation.php:146
at tests\Arch\ArchitectureTest.php:321</failure>
      </testcase>
      <testcase name="`Application Architecture` → `Security Architecture` → it ensures models use proper mass assignment protection" class="Tests\Arch\ArchitectureTest" classname="Tests.Arch.ArchitectureTest" file="tests\Arch\ArchitectureTest.php::`Application Architecture` → `Security Architecture` → it ensures models use proper mass assignment protection" line="0" assertions="1" time="0.039989">
        <failure type="PHPUnit\Framework\ExpectationFailedException">`Application Architecture` → `Security Architecture` → it ensures models use proper mass assignment protectionFailed asserting that 'App\Models' is of type object.&#13;
at tests\Arch\ArchitectureTest.php:326</failure>
      </testcase>
      <testcase name="`Application Architecture` → `Dependency Architecture` → it ensures controllers do not depend on each other" class="Tests\Arch\ArchitectureTest" classname="Tests.Arch.ArchitectureTest" file="tests\Arch\ArchitectureTest.php::`Application Architecture` → `Dependency Architecture` → it ensures controllers do not depend on each other" line="0" assertions="2" time="0.201744"/>
      <testcase name="`Application Architecture` → `Dependency Architecture` → it ensures models do not depend on controllers" class="Tests\Arch\ArchitectureTest" classname="Tests.Arch.ArchitectureTest" file="tests\Arch\ArchitectureTest.php::`Application Architecture` → `Dependency Architecture` → it ensures models do not depend on controllers" line="0" assertions="2" time="0.004802"/>
      <testcase name="`Application Architecture` → `Dependency Architecture` → it ensures models do not depend on requests" class="Tests\Arch\ArchitectureTest" classname="Tests.Arch.ArchitectureTest" file="tests\Arch\ArchitectureTest.php::`Application Architecture` → `Dependency Architecture` → it ensures models do not depend on requests" line="0" assertions="2" time="0.005068"/>
      <testcase name="`Application Architecture` → `Dependency Architecture` → it ensures requests do not depend on controllers" class="Tests\Arch\ArchitectureTest" classname="Tests.Arch.ArchitectureTest" file="tests\Arch\ArchitectureTest.php::`Application Architecture` → `Dependency Architecture` → it ensures requests do not depend on controllers" line="0" assertions="2" time="0.045124"/>
      <testcase name="`Application Architecture` → `Code Quality Architecture` → it ensures proper class naming conventions" class="Tests\Arch\ArchitectureTest" classname="Tests.Arch.ArchitectureTest" file="tests\Arch\ArchitectureTest.php::`Application Architecture` → `Code Quality Architecture` → it ensures proper class naming conventions" line="0" assertions="0" time="0.003501">
        <error type="BadMethodCallException">`Application Architecture` → `Code Quality Architecture` → it ensures proper class naming conventionsBadMethodCallException: Method "ignoring" does not exist in string.&#13;
at tests\Arch\ArchitectureTest.php:361</error>
      </testcase>
      <testcase name="`Application Architecture` → `Code Quality Architecture` → it ensures no global functions in app namespace" class="Tests\Arch\ArchitectureTest" classname="Tests.Arch.ArchitectureTest" file="tests\Arch\ArchitectureTest.php::`Application Architecture` → `Code Quality Architecture` → it ensures no global functions in app namespace" line="0" assertions="0" time="0.002751">
        <error type="BadMethodCallException">`Application Architecture` → `Code Quality Architecture` → it ensures no global functions in app namespaceBadMethodCallException: Method "toHaveGlobalFunctions" does not exist in string.&#13;
at tests\Arch\ArchitectureTest.php:369</error>
      </testcase>
      <testcase name="`Application Architecture` → `Code Quality Architecture` → it ensures proper interface implementations" class="Tests\Arch\ArchitectureTest" classname="Tests.Arch.ArchitectureTest" file="tests\Arch\ArchitectureTest.php::`Application Architecture` → `Code Quality Architecture` → it ensures proper interface implementations" line="0" assertions="1" time="3.799910"/>
    </testsuite>
    <testsuite name="Tests\Feature\ActivityLogManagementTest" file="tests\Feature\ActivityLogManagementTest.php" tests="25" assertions="21" errors="5" failures="14" skipped="0" time="111.723206">
      <testcase name="`Activity Log Management` → `Activity Log Listing` → it allows admin to view all activity logs" class="Tests\Feature\ActivityLogManagementTest" classname="Tests.Feature.ActivityLogManagementTest" file="tests\Feature\ActivityLogManagementTest.php::`Activity Log Management` → `Activity Log Listing` → it allows admin to view all activity logs" line="0" assertions="2" time="1.184048"/>
      <testcase name="`Activity Log Management` → `Activity Log Listing` → it restricts owner access to activity logs" class="Tests\Feature\ActivityLogManagementTest" classname="Tests.Feature.ActivityLogManagementTest" file="tests\Feature\ActivityLogManagementTest.php::`Activity Log Management` → `Activity Log Listing` → it restricts owner access to activity logs" line="0" assertions="1" time="0.203411"/>
      <testcase name="`Activity Log Management` → `Activity Log Listing` → it restricts renter access to activity logs" class="Tests\Feature\ActivityLogManagementTest" classname="Tests.Feature.ActivityLogManagementTest" file="tests\Feature\ActivityLogManagementTest.php::`Activity Log Management` → `Activity Log Listing` → it restricts renter access to activity logs" line="0" assertions="1" time="0.095401"/>
      <testcase name="`Activity Log Management` → `Activity Log Listing` → it filters logs by user" class="Tests\Feature\ActivityLogManagementTest" classname="Tests.Feature.ActivityLogManagementTest" file="tests\Feature\ActivityLogManagementTest.php::`Activity Log Management` → `Activity Log Listing` → it filters logs by user" line="0" assertions="1" time="0.721218"/>
      <testcase name="`Activity Log Management` → `Activity Log Listing` → it filters logs by action type" class="Tests\Feature\ActivityLogManagementTest" classname="Tests.Feature.ActivityLogManagementTest" file="tests\Feature\ActivityLogManagementTest.php::`Activity Log Management` → `Activity Log Listing` → it filters logs by action type" line="0" assertions="1" time="0.744050"/>
      <testcase name="`Activity Log Management` → `Activity Log Listing` → it filters logs by date range" class="Tests\Feature\ActivityLogManagementTest" classname="Tests.Feature.ActivityLogManagementTest" file="tests\Feature\ActivityLogManagementTest.php::`Activity Log Management` → `Activity Log Listing` → it filters logs by date range" line="0" assertions="1" time="0.677879"/>
      <testcase name="`Activity Log Management` → `Activity Log Creation` → it logs user login activities" class="Tests\Feature\ActivityLogManagementTest" classname="Tests.Feature.ActivityLogManagementTest" file="tests\Feature\ActivityLogManagementTest.php::`Activity Log Management` → `Activity Log Creation` → it logs user login activities" line="0" assertions="1" time="36.261072">
        <failure type="PHPUnit\Framework\ExpectationFailedException">`Activity Log Management` → `Activity Log Creation` → it logs user login activitiesExpecting null not to be null .&#13;
at tests\Feature\ActivityLogManagementTest.php:81</failure>
      </testcase>
      <testcase name="`Activity Log Management` → `Activity Log Creation` → it logs vehicle creation activities" class="Tests\Feature\ActivityLogManagementTest" classname="Tests.Feature.ActivityLogManagementTest" file="tests\Feature\ActivityLogManagementTest.php::`Activity Log Management` → `Activity Log Creation` → it logs vehicle creation activities" line="0" assertions="1" time="12.130927">
        <failure type="PHPUnit\Framework\ExpectationFailedException">`Activity Log Management` → `Activity Log Creation` → it logs vehicle creation activitiesExpecting null not to be null .&#13;
at tests\Feature\ActivityLogManagementTest.php:103</failure>
      </testcase>
      <testcase name="`Activity Log Management` → `Activity Log Creation` → it logs booking status changes" class="Tests\Feature\ActivityLogManagementTest" classname="Tests.Feature.ActivityLogManagementTest" file="tests\Feature\ActivityLogManagementTest.php::`Activity Log Management` → `Activity Log Creation` → it logs booking status changes" line="0" assertions="1" time="9.150888">
        <failure type="PHPUnit\Framework\ExpectationFailedException">`Activity Log Management` → `Activity Log Creation` → it logs booking status changesExpecting null not to be null .&#13;
at tests\Feature\ActivityLogManagementTest.php:120</failure>
      </testcase>
      <testcase name="`Activity Log Management` → `Activity Log Creation` → it stores request details in log" class="Tests\Feature\ActivityLogManagementTest" classname="Tests.Feature.ActivityLogManagementTest" file="tests\Feature\ActivityLogManagementTest.php::`Activity Log Management` → `Activity Log Creation` → it stores request details in log" line="0" assertions="0" time="0.164628">
        <error type="Illuminate\Database\QueryException">`Activity Log Management` → `Activity Log Creation` → it stores request details in logIlluminate\Database\QueryException: SQLSTATE[HY000]: General error: 1 table car_rental_logs has no column named request_data (Connection: sqlite, SQL: insert into "car_rental_logs" ("vehicle_id", "user_id", "action", "description", "metadata", "request_data", "user_agent", "ip_address", "updated_at", "created_at") values (1, 1, vehicle_updated, Vehicle was suspended, ?, {"daily_rate":120}, Mozilla/5.0 Test Browser, 192.168.1.1, 2025-09-27 04:32:56, 2025-09-27 04:32:56))&#13;
at vendor\laravel\framework\src\Illuminate\Database\Connection.php:564
at vendor\laravel\framework\src\Illuminate\Database\Connection.php:811
at vendor\laravel\framework\src\Illuminate\Database\Connection.php:778
at vendor\laravel\framework\src\Illuminate\Database\Connection.php:559
at vendor\laravel\framework\src\Illuminate\Database\Connection.php:523
at vendor\laravel\framework\src\Illuminate\Database\Query\Processors\Processor.php:32
at vendor\laravel\framework\src\Illuminate\Database\Query\Builder.php:3853
at vendor\laravel\framework\src\Illuminate\Database\Eloquent\Builder.php:2235
at vendor\laravel\framework\src\Illuminate\Database\Eloquent\Model.php:1436
at vendor\laravel\framework\src\Illuminate\Database\Eloquent\Model.php:1401
at vendor\laravel\framework\src\Illuminate\Database\Eloquent\Model.php:1240
at vendor\laravel\framework\src\Illuminate\Database\Eloquent\Factories\Factory.php:370
at vendor\laravel\framework\src\Illuminate\Collections\Traits\EnumeratesValues.php:271
at vendor\laravel\framework\src\Illuminate\Database\Eloquent\Factories\Factory.php:365
at vendor\laravel\framework\src\Illuminate\Database\Eloquent\Factories\Factory.php:321
at vendor\laravel\framework\src\Illuminate\Database\Eloquent\Factories\Factory.php:315
at tests\Feature\ActivityLogManagementTest.php:125
Caused by
PDOException: SQLSTATE[HY000]: General error: 1 table car_rental_logs has no column named request_data

at vendor\laravel\framework\src\Illuminate\Database\Connection.php:564
at vendor\laravel\framework\src\Illuminate\Database\Connection.php:811
at vendor\laravel\framework\src\Illuminate\Database\Connection.php:778
at vendor\laravel\framework\src\Illuminate\Database\Connection.php:559
at vendor\laravel\framework\src\Illuminate\Database\Connection.php:523
at vendor\laravel\framework\src\Illuminate\Database\Query\Processors\Processor.php:32
at vendor\laravel\framework\src\Illuminate\Database\Query\Builder.php:3853
at vendor\laravel\framework\src\Illuminate\Database\Eloquent\Builder.php:2235
at vendor\laravel\framework\src\Illuminate\Database\Eloquent\Model.php:1436
at vendor\laravel\framework\src\Illuminate\Database\Eloquent\Model.php:1401
at vendor\laravel\framework\src\Illuminate\Database\Eloquent\Model.php:1240
at vendor\laravel\framework\src\Illuminate\Database\Eloquent\Factories\Factory.php:370
at vendor\laravel\framework\src\Illuminate\Collections\Traits\EnumeratesValues.php:271
at vendor\laravel\framework\src\Illuminate\Database\Eloquent\Factories\Factory.php:365
at vendor\laravel\framework\src\Illuminate\Database\Eloquent\Factories\Factory.php:321
at vendor\laravel\framework\src\Illuminate\Database\Eloquent\Factories\Factory.php:315
at tests\Feature\ActivityLogManagementTest.php:125</error>
      </testcase>
      <testcase name="`Activity Log Management` → `Activity Log Analysis` → it displays activity summary by action type" class="Tests\Feature\ActivityLogManagementTest" classname="Tests.Feature.ActivityLogManagementTest" file="tests\Feature\ActivityLogManagementTest.php::`Activity Log Management` → `Activity Log Analysis` → it displays activity summary by action type" line="0" assertions="1" time="0.328955">
        <failure type="PHPUnit\Framework\ExpectationFailedException">`Activity Log Management` → `Activity Log Analysis` → it displays activity summary by action typeExpected response status code [&gt;=200, &lt;300] but received 404.
Failed asserting that false is true.&#13;
at vendor\laravel\framework\src\Illuminate\Testing\TestResponseAssert.php:45
at vendor\laravel\framework\src\Illuminate\Testing\TestResponse.php:103
at tests\Feature\ActivityLogManagementTest.php:148</failure>
      </testcase>
      <testcase name="`Activity Log Management` → `Activity Log Analysis` → it shows most active users" class="Tests\Feature\ActivityLogManagementTest" classname="Tests.Feature.ActivityLogManagementTest" file="tests\Feature\ActivityLogManagementTest.php::`Activity Log Management` → `Activity Log Analysis` → it shows most active users" line="0" assertions="1" time="0.281965">
        <failure type="PHPUnit\Framework\ExpectationFailedException">`Activity Log Management` → `Activity Log Analysis` → it shows most active usersExpected response status code [&gt;=200, &lt;300] but received 404.
Failed asserting that false is true.&#13;
at vendor\laravel\framework\src\Illuminate\Testing\TestResponseAssert.php:45
at vendor\laravel\framework\src\Illuminate\Testing\TestResponse.php:103
at tests\Feature\ActivityLogManagementTest.php:158</failure>
      </testcase>
      <testcase name="`Activity Log Management` → `Activity Log Analysis` → it tracks login patterns" class="Tests\Feature\ActivityLogManagementTest" classname="Tests.Feature.ActivityLogManagementTest" file="tests\Feature\ActivityLogManagementTest.php::`Activity Log Management` → `Activity Log Analysis` → it tracks login patterns" line="0" assertions="1" time="0.231001">
        <failure type="PHPUnit\Framework\ExpectationFailedException">`Activity Log Management` → `Activity Log Analysis` → it tracks login patternsExpected response status code [&gt;=200, &lt;300] but received 404.
Failed asserting that false is true.&#13;
at vendor\laravel\framework\src\Illuminate\Testing\TestResponseAssert.php:45
at vendor\laravel\framework\src\Illuminate\Testing\TestResponse.php:103
at tests\Feature\ActivityLogManagementTest.php:173</failure>
      </testcase>
      <testcase name="`Activity Log Management` → `Security Monitoring` → it tracks failed login attempts" class="Tests\Feature\ActivityLogManagementTest" classname="Tests.Feature.ActivityLogManagementTest" file="tests\Feature\ActivityLogManagementTest.php::`Activity Log Management` → `Security Monitoring` → it tracks failed login attempts" line="0" assertions="1" time="0.342300">
        <failure type="PHPUnit\Framework\ExpectationFailedException">`Activity Log Management` → `Security Monitoring` → it tracks failed login attemptsExpecting null not to be null .&#13;
at tests\Feature\ActivityLogManagementTest.php:185</failure>
      </testcase>
      <testcase name="`Activity Log Management` → `Security Monitoring` → it logs suspicious activity patterns" class="Tests\Feature\ActivityLogManagementTest" classname="Tests.Feature.ActivityLogManagementTest" file="tests\Feature\ActivityLogManagementTest.php::`Activity Log Management` → `Security Monitoring` → it logs suspicious activity patterns" line="0" assertions="0" time="0.224337">
        <error type="Illuminate\Database\QueryException">`Activity Log Management` → `Security Monitoring` → it logs suspicious activity patternsIlluminate\Database\QueryException: SQLSTATE[HY000]: General error: 1 table car_rental_logs has no column named ip_address (Connection: sqlite, SQL: insert into "car_rental_logs" ("vehicle_id", "user_id", "action", "description", "metadata", "ip_address", "created_at", "updated_at") values (1, 5, login_failed, Vehicle was approved by admin, ?, 192.168.1.100, 2025-09-27 04:32:58, 2025-09-27 04:32:58))&#13;
at vendor\laravel\framework\src\Illuminate\Database\Connection.php:564
at vendor\laravel\framework\src\Illuminate\Database\Connection.php:811
at vendor\laravel\framework\src\Illuminate\Database\Connection.php:778
at vendor\laravel\framework\src\Illuminate\Database\Connection.php:559
at vendor\laravel\framework\src\Illuminate\Database\Connection.php:523
at vendor\laravel\framework\src\Illuminate\Database\Query\Processors\Processor.php:32
at vendor\laravel\framework\src\Illuminate\Database\Query\Builder.php:3853
at vendor\laravel\framework\src\Illuminate\Database\Eloquent\Builder.php:2235
at vendor\laravel\framework\src\Illuminate\Database\Eloquent\Model.php:1436
at vendor\laravel\framework\src\Illuminate\Database\Eloquent\Model.php:1401
at vendor\laravel\framework\src\Illuminate\Database\Eloquent\Model.php:1240
at vendor\laravel\framework\src\Illuminate\Database\Eloquent\Factories\Factory.php:370
at vendor\laravel\framework\src\Illuminate\Collections\Traits\EnumeratesValues.php:271
at vendor\laravel\framework\src\Illuminate\Database\Eloquent\Factories\Factory.php:365
at vendor\laravel\framework\src\Illuminate\Database\Eloquent\Factories\Factory.php:321
at vendor\laravel\framework\src\Illuminate\Database\Eloquent\Factories\Factory.php:315
at tests\Feature\ActivityLogManagementTest.php:192
Caused by
PDOException: SQLSTATE[HY000]: General error: 1 table car_rental_logs has no column named ip_address

at vendor\laravel\framework\src\Illuminate\Database\Connection.php:564
at vendor\laravel\framework\src\Illuminate\Database\Connection.php:811
at vendor\laravel\framework\src\Illuminate\Database\Connection.php:778
at vendor\laravel\framework\src\Illuminate\Database\Connection.php:559
at vendor\laravel\framework\src\Illuminate\Database\Connection.php:523
at vendor\laravel\framework\src\Illuminate\Database\Query\Processors\Processor.php:32
at vendor\laravel\framework\src\Illuminate\Database\Query\Builder.php:3853
at vendor\laravel\framework\src\Illuminate\Database\Eloquent\Builder.php:2235
at vendor\laravel\framework\src\Illuminate\Database\Eloquent\Model.php:1436
at vendor\laravel\framework\src\Illuminate\Database\Eloquent\Model.php:1401
at vendor\laravel\framework\src\Illuminate\Database\Eloquent\Model.php:1240
at vendor\laravel\framework\src\Illuminate\Database\Eloquent\Factories\Factory.php:370
at vendor\laravel\framework\src\Illuminate\Collections\Traits\EnumeratesValues.php:271
at vendor\laravel\framework\src\Illuminate\Database\Eloquent\Factories\Factory.php:365
at vendor\laravel\framework\src\Illuminate\Database\Eloquent\Factories\Factory.php:321
at vendor\laravel\framework\src\Illuminate\Database\Eloquent\Factories\Factory.php:315
at tests\Feature\ActivityLogManagementTest.php:192</error>
      </testcase>
      <testcase name="`Activity Log Management` → `Security Monitoring` → it tracks admin actions" class="Tests\Feature\ActivityLogManagementTest" classname="Tests.Feature.ActivityLogManagementTest" file="tests\Feature\ActivityLogManagementTest.php::`Activity Log Management` → `Security Monitoring` → it tracks admin actions" line="0" assertions="0" time="0.124981">
        <error type="Illuminate\Database\QueryException">`Activity Log Management` → `Security Monitoring` → it tracks admin actionsIlluminate\Database\QueryException: SQLSTATE[HY000]: General error: 1 table car_rental_logs has no column named model_type (Connection: sqlite, SQL: insert into "car_rental_logs" ("vehicle_id", "user_id", "action", "description", "metadata", "model_type", "model_id", "changes", "updated_at", "created_at") values (1, 1, user_role_changed, New image was uploaded for vehicle, {"ip_address":"52.153.98.73","user_agent":"Mozilla\/5.0 (Android 11; Mobile; rv:68.0) Gecko\/68.0 Firefox\/88.0","browser":"Edge","device_type":"tablet","location":"Labadieton","session_id":"41d2e077-a216-3a60-adc0-2c69635c668e","previous_value":null,"new_value":null}, User, 3, {"role":["renter","owner"]}, 2025-09-27 04:32:58, 2025-09-27 04:32:58))&#13;
at vendor\laravel\framework\src\Illuminate\Database\Connection.php:564
at vendor\laravel\framework\src\Illuminate\Database\Connection.php:811
at vendor\laravel\framework\src\Illuminate\Database\Connection.php:778
at vendor\laravel\framework\src\Illuminate\Database\Connection.php:559
at vendor\laravel\framework\src\Illuminate\Database\Connection.php:523
at vendor\laravel\framework\src\Illuminate\Database\Query\Processors\Processor.php:32
at vendor\laravel\framework\src\Illuminate\Database\Query\Builder.php:3853
at vendor\laravel\framework\src\Illuminate\Database\Eloquent\Builder.php:2235
at vendor\laravel\framework\src\Illuminate\Database\Eloquent\Model.php:1436
at vendor\laravel\framework\src\Illuminate\Database\Eloquent\Model.php:1401
at vendor\laravel\framework\src\Illuminate\Database\Eloquent\Model.php:1240
at vendor\laravel\framework\src\Illuminate\Database\Eloquent\Factories\Factory.php:370
at vendor\laravel\framework\src\Illuminate\Collections\Traits\EnumeratesValues.php:271
at vendor\laravel\framework\src\Illuminate\Database\Eloquent\Factories\Factory.php:365
at vendor\laravel\framework\src\Illuminate\Database\Eloquent\Factories\Factory.php:321
at vendor\laravel\framework\src\Illuminate\Database\Eloquent\Factories\Factory.php:315
at tests\Feature\ActivityLogManagementTest.php:205
Caused by
PDOException: SQLSTATE[HY000]: General error: 1 table car_rental_logs has no column named model_type

at vendor\laravel\framework\src\Illuminate\Database\Connection.php:564
at vendor\laravel\framework\src\Illuminate\Database\Connection.php:811
at vendor\laravel\framework\src\Illuminate\Database\Connection.php:778
at vendor\laravel\framework\src\Illuminate\Database\Connection.php:559
at vendor\laravel\framework\src\Illuminate\Database\Connection.php:523
at vendor\laravel\framework\src\Illuminate\Database\Query\Processors\Processor.php:32
at vendor\laravel\framework\src\Illuminate\Database\Query\Builder.php:3853
at vendor\laravel\framework\src\Illuminate\Database\Eloquent\Builder.php:2235
at vendor\laravel\framework\src\Illuminate\Database\Eloquent\Model.php:1436
at vendor\laravel\framework\src\Illuminate\Database\Eloquent\Model.php:1401
at vendor\laravel\framework\src\Illuminate\Database\Eloquent\Model.php:1240
at vendor\laravel\framework\src\Illuminate\Database\Eloquent\Factories\Factory.php:370
at vendor\laravel\framework\src\Illuminate\Collections\Traits\EnumeratesValues.php:271
at vendor\laravel\framework\src\Illuminate\Database\Eloquent\Factories\Factory.php:365
at vendor\laravel\framework\src\Illuminate\Database\Eloquent\Factories\Factory.php:321
at vendor\laravel\framework\src\Illuminate\Database\Eloquent\Factories\Factory.php:315
at tests\Feature\ActivityLogManagementTest.php:205</error>
      </testcase>
      <testcase name="`Activity Log Management` → `Activity Log Export` → it exports activity logs to CSV" class="Tests\Feature\ActivityLogManagementTest" classname="Tests.Feature.ActivityLogManagementTest" file="tests\Feature\ActivityLogManagementTest.php::`Activity Log Management` → `Activity Log Export` → it exports activity logs to CSV" line="0" assertions="1" time="0.579457">
        <failure type="PHPUnit\Framework\ExpectationFailedException">`Activity Log Management` → `Activity Log Export` → it exports activity logs to CSVExpected response status code [&gt;=200, &lt;300] but received 404.
Failed asserting that false is true.&#13;
at vendor\laravel\framework\src\Illuminate\Testing\TestResponseAssert.php:45
at vendor\laravel\framework\src\Illuminate\Testing\TestResponse.php:103
at tests\Feature\ActivityLogManagementTest.php:227</failure>
      </testcase>
      <testcase name="`Activity Log Management` → `Activity Log Export` → it exports filtered logs" class="Tests\Feature\ActivityLogManagementTest" classname="Tests.Feature.ActivityLogManagementTest" file="tests\Feature\ActivityLogManagementTest.php::`Activity Log Management` → `Activity Log Export` → it exports filtered logs" line="0" assertions="1" time="0.259917">
        <failure type="PHPUnit\Framework\ExpectationFailedException">`Activity Log Management` → `Activity Log Export` → it exports filtered logsExpected response status code [&gt;=200, &lt;300] but received 404.
Failed asserting that false is true.&#13;
at vendor\laravel\framework\src\Illuminate\Testing\TestResponseAssert.php:45
at vendor\laravel\framework\src\Illuminate\Testing\TestResponse.php:103
at tests\Feature\ActivityLogManagementTest.php:237</failure>
      </testcase>
      <testcase name="`Activity Log Management` → `Activity Log Export` → it exports logs for specific date range" class="Tests\Feature\ActivityLogManagementTest" classname="Tests.Feature.ActivityLogManagementTest" file="tests\Feature\ActivityLogManagementTest.php::`Activity Log Management` → `Activity Log Export` → it exports logs for specific date range" line="0" assertions="1" time="0.236063">
        <failure type="PHPUnit\Framework\ExpectationFailedException">`Activity Log Management` → `Activity Log Export` → it exports logs for specific date rangeExpected response status code [&gt;=200, &lt;300] but received 404.
Failed asserting that false is true.&#13;
at vendor\laravel\framework\src\Illuminate\Testing\TestResponseAssert.php:45
at vendor\laravel\framework\src\Illuminate\Testing\TestResponse.php:103
at tests\Feature\ActivityLogManagementTest.php:249</failure>
      </testcase>
      <testcase name="`Activity Log Management` → `System Performance Logs` → it logs slow query performance" class="Tests\Feature\ActivityLogManagementTest" classname="Tests.Feature.ActivityLogManagementTest" file="tests\Feature\ActivityLogManagementTest.php::`Activity Log Management` → `System Performance Logs` → it logs slow query performance" line="0" assertions="0" time="0.134826">
        <error type="Illuminate\Database\QueryException">`Activity Log Management` → `System Performance Logs` → it logs slow query performanceIlluminate\Database\QueryException: SQLSTATE[HY000]: General error: 1 table car_rental_logs has no column named request_data (Connection: sqlite, SQL: insert into "car_rental_logs" ("vehicle_id", "user_id", "action", "description", "metadata", "request_data", "updated_at", "created_at") values (1, 5, slow_query, Vehicle was published and is now available for rent, {"ip_address":"162.220.25.219","user_agent":"Mozilla\/5.0 (Windows NT 10.0; Win64; x64) AppleWebKit\/537.36","browser":"Firefox","device_type":"mobile","location":"Jastport","session_id":"95f63e7e-fcb0-396e-b04a-e9a21f49d7ce","previous_value":null,"new_value":null}, {"query":"SELECT * FROM bookings WHERE...","execution_time":2.5,"url":"\/admin\/bookings"}, 2025-09-27 04:32:59, 2025-09-27 04:32:59))&#13;
at vendor\laravel\framework\src\Illuminate\Database\Connection.php:564
at vendor\laravel\framework\src\Illuminate\Database\Connection.php:811
at vendor\laravel\framework\src\Illuminate\Database\Connection.php:778
at vendor\laravel\framework\src\Illuminate\Database\Connection.php:559
at vendor\laravel\framework\src\Illuminate\Database\Connection.php:523
at vendor\laravel\framework\src\Illuminate\Database\Query\Processors\Processor.php:32
at vendor\laravel\framework\src\Illuminate\Database\Query\Builder.php:3853
at vendor\laravel\framework\src\Illuminate\Database\Eloquent\Builder.php:2235
at vendor\laravel\framework\src\Illuminate\Database\Eloquent\Model.php:1436
at vendor\laravel\framework\src\Illuminate\Database\Eloquent\Model.php:1401
at vendor\laravel\framework\src\Illuminate\Database\Eloquent\Model.php:1240
at vendor\laravel\framework\src\Illuminate\Database\Eloquent\Factories\Factory.php:370
at vendor\laravel\framework\src\Illuminate\Collections\Traits\EnumeratesValues.php:271
at vendor\laravel\framework\src\Illuminate\Database\Eloquent\Factories\Factory.php:365
at vendor\laravel\framework\src\Illuminate\Database\Eloquent\Factories\Factory.php:321
at vendor\laravel\framework\src\Illuminate\Database\Eloquent\Factories\Factory.php:315
at tests\Feature\ActivityLogManagementTest.php:255
Caused by
PDOException: SQLSTATE[HY000]: General error: 1 table car_rental_logs has no column named request_data

at vendor\laravel\framework\src\Illuminate\Database\Connection.php:564
at vendor\laravel\framework\src\Illuminate\Database\Connection.php:811
at vendor\laravel\framework\src\Illuminate\Database\Connection.php:778
at vendor\laravel\framework\src\Illuminate\Database\Connection.php:559
at vendor\laravel\framework\src\Illuminate\Database\Connection.php:523
at vendor\laravel\framework\src\Illuminate\Database\Query\Processors\Processor.php:32
at vendor\laravel\framework\src\Illuminate\Database\Query\Builder.php:3853
at vendor\laravel\framework\src\Illuminate\Database\Eloquent\Builder.php:2235
at vendor\laravel\framework\src\Illuminate\Database\Eloquent\Model.php:1436
at vendor\laravel\framework\src\Illuminate\Database\Eloquent\Model.php:1401
at vendor\laravel\framework\src\Illuminate\Database\Eloquent\Model.php:1240
at vendor\laravel\framework\src\Illuminate\Database\Eloquent\Factories\Factory.php:370
at vendor\laravel\framework\src\Illuminate\Collections\Traits\EnumeratesValues.php:271
at vendor\laravel\framework\src\Illuminate\Database\Eloquent\Factories\Factory.php:365
at vendor\laravel\framework\src\Illuminate\Database\Eloquent\Factories\Factory.php:321
at vendor\laravel\framework\src\Illuminate\Database\Eloquent\Factories\Factory.php:315
at tests\Feature\ActivityLogManagementTest.php:255</error>
      </testcase>
      <testcase name="`Activity Log Management` → `System Performance Logs` → it tracks API response times" class="Tests\Feature\ActivityLogManagementTest" classname="Tests.Feature.ActivityLogManagementTest" file="tests\Feature\ActivityLogManagementTest.php::`Activity Log Management` → `System Performance Logs` → it tracks API response times" line="0" assertions="0" time="0.194010">
        <error type="Illuminate\Database\QueryException">`Activity Log Management` → `System Performance Logs` → it tracks API response timesIlluminate\Database\QueryException: SQLSTATE[HY000]: General error: 1 table car_rental_logs has no column named request_data (Connection: sqlite, SQL: insert into "car_rental_logs" ("vehicle_id", "user_id", "action", "description", "metadata", "request_data", "updated_at", "created_at") values (1, 5, api_request, Vehicle was reported for issues, {"ip_address":"78.108.26.67","user_agent":"Mozilla\/5.0 (iPhone; CPU iPhone OS 15_0 like Mac OS X) AppleWebKit\/605.1.15","browser":"Firefox","device_type":"tablet","location":"New Sibyl","session_id":"e7ca4ab8-900d-3d32-9af8-f6f58ebd06bb","previous_value":null,"new_value":"placeat"}, {"endpoint":"\/api\/vehicles","response_time":178,"status_code":200}, 2025-09-27 04:32:59, 2025-09-27 04:32:59))&#13;
at vendor\laravel\framework\src\Illuminate\Database\Connection.php:564
at vendor\laravel\framework\src\Illuminate\Database\Connection.php:811
at vendor\laravel\framework\src\Illuminate\Database\Connection.php:778
at vendor\laravel\framework\src\Illuminate\Database\Connection.php:559
at vendor\laravel\framework\src\Illuminate\Database\Connection.php:523
at vendor\laravel\framework\src\Illuminate\Database\Query\Processors\Processor.php:32
at vendor\laravel\framework\src\Illuminate\Database\Query\Builder.php:3853
at vendor\laravel\framework\src\Illuminate\Database\Eloquent\Builder.php:2235
at vendor\laravel\framework\src\Illuminate\Database\Eloquent\Model.php:1436
at vendor\laravel\framework\src\Illuminate\Database\Eloquent\Model.php:1401
at vendor\laravel\framework\src\Illuminate\Database\Eloquent\Model.php:1240
at vendor\laravel\framework\src\Illuminate\Database\Eloquent\Factories\Factory.php:370
at vendor\laravel\framework\src\Illuminate\Collections\Traits\EnumeratesValues.php:271
at vendor\laravel\framework\src\Illuminate\Database\Eloquent\Factories\Factory.php:365
at vendor\laravel\framework\src\Illuminate\Database\Eloquent\Factories\Factory.php:325
at vendor\laravel\framework\src\Illuminate\Database\Eloquent\Factories\Factory.php:315
at tests\Feature\ActivityLogManagementTest.php:272
Caused by
PDOException: SQLSTATE[HY000]: General error: 1 table car_rental_logs has no column named request_data

at vendor\laravel\framework\src\Illuminate\Database\Connection.php:564
at vendor\laravel\framework\src\Illuminate\Database\Connection.php:811
at vendor\laravel\framework\src\Illuminate\Database\Connection.php:778
at vendor\laravel\framework\src\Illuminate\Database\Connection.php:559
at vendor\laravel\framework\src\Illuminate\Database\Connection.php:523
at vendor\laravel\framework\src\Illuminate\Database\Query\Processors\Processor.php:32
at vendor\laravel\framework\src\Illuminate\Database\Query\Builder.php:3853
at vendor\laravel\framework\src\Illuminate\Database\Eloquent\Builder.php:2235
at vendor\laravel\framework\src\Illuminate\Database\Eloquent\Model.php:1436
at vendor\laravel\framework\src\Illuminate\Database\Eloquent\Model.php:1401
at vendor\laravel\framework\src\Illuminate\Database\Eloquent\Model.php:1240
at vendor\laravel\framework\src\Illuminate\Database\Eloquent\Factories\Factory.php:370
at vendor\laravel\framework\src\Illuminate\Collections\Traits\EnumeratesValues.php:271
at vendor\laravel\framework\src\Illuminate\Database\Eloquent\Factories\Factory.php:365
at vendor\laravel\framework\src\Illuminate\Database\Eloquent\Factories\Factory.php:325
at vendor\laravel\framework\src\Illuminate\Database\Eloquent\Factories\Factory.php:315
at tests\Feature\ActivityLogManagementTest.php:272</error>
      </testcase>
      <testcase name="`Activity Log Management` → `Log Cleanup` → it allows admin to cleanup old logs" class="Tests\Feature\ActivityLogManagementTest" classname="Tests.Feature.ActivityLogManagementTest" file="tests\Feature\ActivityLogManagementTest.php::`Activity Log Management` → `Log Cleanup` → it allows admin to cleanup old logs" line="0" assertions="1" time="29.614138">
        <failure type="PHPUnit\Framework\ExpectationFailedException">`Activity Log Management` → `Log Cleanup` → it allows admin to cleanup old logsExpected response status code [&gt;=200, &lt;300] but received 405.
Failed asserting that false is true.&#13;
at vendor\laravel\framework\src\Illuminate\Testing\TestResponseAssert.php:45
at vendor\laravel\framework\src\Illuminate\Testing\TestResponse.php:103
at tests\Feature\ActivityLogManagementTest.php:294</failure>
      </testcase>
      <testcase name="`Activity Log Management` → `Log Cleanup` → it prevents cleanup of recent logs" class="Tests\Feature\ActivityLogManagementTest" classname="Tests.Feature.ActivityLogManagementTest" file="tests\Feature\ActivityLogManagementTest.php::`Activity Log Management` → `Log Cleanup` → it prevents cleanup of recent logs" line="0" assertions="1" time="17.264171">
        <failure type="PHPUnit\Framework\ExpectationFailedException">`Activity Log Management` → `Log Cleanup` → it prevents cleanup of recent logsSession is missing expected key [errors].
Failed asserting that false is true.&#13;
at vendor\laravel\framework\src\Illuminate\Testing\TestResponseAssert.php:45
at vendor\laravel\framework\src\Illuminate\Testing\TestResponse.php:1517
at vendor\laravel\framework\src\Illuminate\Testing\TestResponse.php:1594
at tests\Feature\ActivityLogManagementTest.php:302</failure>
      </testcase>
      <testcase name="`Activity Log Management` → `Real-time Activity Monitoring` → it displays live activity feed" class="Tests\Feature\ActivityLogManagementTest" classname="Tests.Feature.ActivityLogManagementTest" file="tests\Feature\ActivityLogManagementTest.php::`Activity Log Management` → `Real-time Activity Monitoring` → it displays live activity feed" line="0" assertions="1" time="0.310211">
        <failure type="PHPUnit\Framework\ExpectationFailedException">`Activity Log Management` → `Real-time Activity Monitoring` → it displays live activity feedExpected response status code [&gt;=200, &lt;300] but received 404.
Failed asserting that false is true.&#13;
at vendor\laravel\framework\src\Illuminate\Testing\TestResponseAssert.php:45
at vendor\laravel\framework\src\Illuminate\Testing\TestResponse.php:103
at tests\Feature\ActivityLogManagementTest.php:312</failure>
      </testcase>
      <testcase name="`Activity Log Management` → `Real-time Activity Monitoring` → it filters live activity by action type" class="Tests\Feature\ActivityLogManagementTest" classname="Tests.Feature.ActivityLogManagementTest" file="tests\Feature\ActivityLogManagementTest.php::`Activity Log Management` → `Real-time Activity Monitoring` → it filters live activity by action type" line="0" assertions="1" time="0.263354">
        <failure type="PHPUnit\Framework\ExpectationFailedException">`Activity Log Management` → `Real-time Activity Monitoring` → it filters live activity by action typeExpected response status code [&gt;=200, &lt;300] but received 404.
Failed asserting that false is true.&#13;
at vendor\laravel\framework\src\Illuminate\Testing\TestResponseAssert.php:45
at vendor\laravel\framework\src\Illuminate\Testing\TestResponse.php:103
at tests\Feature\ActivityLogManagementTest.php:323</failure>
      </testcase>
    </testsuite>
    <testsuite name="Tests\Feature\AdminPermissionsTest" file="tests\Feature\AdminPermissionsTest.php" tests="6" assertions="8" errors="0" failures="0" skipped="0" time="3.906726">
      <testcase name="it allows admin to access users resource methods" class="Tests\Feature\AdminPermissionsTest" classname="Tests.Feature.AdminPermissionsTest" file="tests\Feature\AdminPermissionsTest.php::it allows admin to access users resource methods" line="0" assertions="3" time="0.213413"/>
      <testcase name="it allows admin to access vehicle actions" class="Tests\Feature\AdminPermissionsTest" classname="Tests.Feature.AdminPermissionsTest" file="tests\Feature\AdminPermissionsTest.php::it allows admin to access vehicle actions" line="0" assertions="1" time="0.197488"/>
      <testcase name="it allows admin to view users resource page" class="Tests\Feature\AdminPermissionsTest" classname="Tests.Feature.AdminPermissionsTest" file="tests\Feature\AdminPermissionsTest.php::it allows admin to view users resource page" line="0" assertions="1" time="0.853203"/>
      <testcase name="it allows admin to view vehicles with actions available" class="Tests\Feature\AdminPermissionsTest" classname="Tests.Feature.AdminPermissionsTest" file="tests\Feature\AdminPermissionsTest.php::it allows admin to view vehicles with actions available" line="0" assertions="1" time="0.608093"/>
      <testcase name="it allows admin to view individual vehicle record" class="Tests\Feature\AdminPermissionsTest" classname="Tests.Feature.AdminPermissionsTest" file="tests\Feature\AdminPermissionsTest.php::it allows admin to view individual vehicle record" line="0" assertions="1" time="1.130187"/>
      <testcase name="it allows admin to edit vehicle record" class="Tests\Feature\AdminPermissionsTest" classname="Tests.Feature.AdminPermissionsTest" file="tests\Feature\AdminPermissionsTest.php::it allows admin to edit vehicle record" line="0" assertions="1" time="0.904341"/>
    </testsuite>
    <testsuite name="Tests\Feature\Api\BookingControllerTest" file="tests\Feature\Api\BookingControllerTest.php" tests="7" assertions="7" errors="0" failures="7" skipped="0" time="1.277715">
      <testcase name="can create booking with visa payment" class="Tests\Feature\Api\BookingControllerTest" classname="Tests.Feature.Api.BookingControllerTest" file="tests\Feature\Api\BookingControllerTest.php::can create booking with visa payment" line="0" assertions="1" time="0.294198">
        <failure type="PHPUnit\Framework\ExpectationFailedException">can create booking with visa paymentExpected response status code [&gt;=200, &lt;300] but received 500.
Failed asserting that false is true.&#13;
&#13;
The following exception occurred during the last request:

Error: Class "Stripe\Stripe" not found in C:\laragon\www\CarRentSystem\app\Services\PaymentService.php:19
Stack trace:
#0 [internal function]: App\Services\PaymentService-&gt;__construct()
#1 C:\laragon\www\CarRentSystem\vendor\laravel\framework\src\Illuminate\Container\Container.php(1211): ReflectionClass-&gt;newInstanceArgs(Array)
#2 C:\laragon\www\CarRentSystem\vendor\laravel\framework\src\Illuminate\Container\Container.php(972): Illuminate\Container\Container-&gt;build('App\\Services\\Pa...')
#3 C:\laragon\www\CarRentSystem\vendor\laravel\framework\src\Illuminate\Foundation\Application.php(1078): Illuminate\Container\Container-&gt;resolve('App\\Services\\Pa...', Array, true)
#4 C:\laragon\www\CarRentSystem\vendor\laravel\framework\src\Illuminate\Container\Container.php(903): Illuminate\Foundation\Application-&gt;resolve('App\\Services\\Pa...', Array)
#5 C:\laragon\www\CarRentSystem\vendor\laravel\framework\src\Illuminate\Foundation\Application.php(1058): Illuminate\Container\Container-&gt;make('App\\Services\\Pa...', Array)
#6 C:\laragon\www\CarRentSystem\vendor\laravel\framework\src\Illuminate\Container\Container.php(1379): Illuminate\Foundation\Application-&gt;make('App\\Services\\Pa...')
#7 C:\laragon\www\CarRentSystem\vendor\laravel\framework\src\Illuminate\Container\Container.php(1278): Illuminate\Container\Container-&gt;resolveClass(Object(ReflectionParameter))
#8 C:\laragon\www\CarRentSystem\vendor\laravel\framework\src\Illuminate\Container\Container.php(1201): Illuminate\Container\Container-&gt;resolveDependencies(Array)
#9 C:\laragon\www\CarRentSystem\vendor\laravel\framework\src\Illuminate\Container\Container.php(972): Illuminate\Container\Container-&gt;build('App\\Actions\\Boo...')
#10 C:\laragon\www\CarRentSystem\vendor\laravel\framework\src\Illuminate\Foundation\Application.php(1078): Illuminate\Container\Container-&gt;resolve('App\\Actions\\Boo...', Array, true)
#11 C:\laragon\www\CarRentSystem\vendor\laravel\framework\src\Illuminate\Container\Container.php(903): Illuminate\Foundation\Application-&gt;resolve('App\\Actions\\Boo...', Array)
#12 C:\laragon\www\CarRentSystem\vendor\laravel\framework\src\Illuminate\Foundation\Application.php(1058): Illuminate\Container\Container-&gt;make('App\\Actions\\Boo...', Array)
#13 C:\laragon\www\CarRentSystem\vendor\laravel\framework\src\Illuminate\Container\Container.php(1379): Illuminate\Foundation\Application-&gt;make('App\\Actions\\Boo...')
#14 C:\laragon\www\CarRentSystem\vendor\laravel\framework\src\Illuminate\Container\Container.php(1278): Illuminate\Container\Container-&gt;resolveClass(Object(ReflectionParameter))
#15 C:\laragon\www\CarRentSystem\vendor\laravel\framework\src\Illuminate\Container\Container.php(1201): Illuminate\Container\Container-&gt;resolveDependencies(Array)
#16 C:\laragon\www\CarRentSystem\vendor\laravel\framework\src\Illuminate\Container\Container.php(972): Illuminate\Container\Container-&gt;build('App\\Http\\Contro...')
#17 C:\laragon\www\CarRentSystem\vendor\laravel\framework\src\Illuminate\Foundation\Application.php(1078): Illuminate\Container\Container-&gt;resolve('App\\Http\\Contro...', Array, true)
#18 C:\laragon\www\CarRentSystem\vendor\laravel\framework\src\Illuminate\Container\Container.php(903): Illuminate\Foundation\Application-&gt;resolve('App\\Http\\Contro...', Array)
#19 C:\laragon\www\CarRentSystem\vendor\laravel\framework\src\Illuminate\Foundation\Application.php(1058): Illuminate\Container\Container-&gt;make('App\\Http\\Contro...', Array)
#20 C:\laragon\www\CarRentSystem\vendor\laravel\framework\src\Illuminate\Routing\Route.php(286): Illuminate\Foundation\Application-&gt;make('App\\Http\\Contro...')
#21 C:\laragon\www\CarRentSystem\vendor\laravel\framework\src\Illuminate\Routing\Route.php(266): Illuminate\Routing\Route-&gt;getController()
#22 C:\laragon\www\CarRentSystem\vendor\laravel\framework\src\Illuminate\Routing\Route.php(211): Illuminate\Routing\Route-&gt;runController()
#23 C:\laragon\www\CarRentSystem\vendor\laravel\framework\src\Illuminate\Routing\Router.php(822): Illuminate\Routing\Route-&gt;run()
#24 C:\laragon\www\CarRentSystem\vendor\laravel\framework\src\Illuminate\Pipeline\Pipeline.php(180): Illuminate\Routing\Router-&gt;{closure:Illuminate\Routing\Router::runRouteWithinStack():821}(Object(Illuminate\Http\Request))
#25 C:\laragon\www\CarRentSystem\vendor\laravel\framework\src\Illuminate\Routing\Middleware\SubstituteBindings.php(50): Illuminate\Pipeline\Pipeline-&gt;{closure:Illuminate\Pipeline\Pipeline::prepareDestination():178}(Object(Illuminate\Http\Request))
#26 C:\laragon\www\CarRentSystem\vendor\laravel\framework\src\Illuminate\Pipeline\Pipeline.php(219): Illuminate\Routing\Middleware\SubstituteBindings-&gt;handle(Object(Illuminate\Http\Request), Object(Closure))
#27 C:\laragon\www\CarRentSystem\vendor\laravel\framework\src\Illuminate\Routing\Middleware\ThrottleRequests.php(160): Illuminate\Pipeline\Pipeline-&gt;{closure:{closure:Illuminate\Pipeline\Pipeline::carry():194}:195}(Object(Illuminate\Http\Request))
#28 C:\laragon\www\CarRentSystem\vendor\laravel\framework\src\Illuminate\Routing\Middleware\ThrottleRequests.php(91): Illuminate\Routing\Middleware\ThrottleRequests-&gt;handleRequest(Object(Illuminate\Http\Request), Object(Closure), Array)
#29 C:\laragon\www\CarRentSystem\vendor\laravel\framework\src\Illuminate\Pipeline\Pipeline.php(219): Illuminate\Routing\Middleware\ThrottleRequests-&gt;handle(Object(Illuminate\Http\Request), Object(Closure), '10', '1')
#30 C:\laragon\www\CarRentSystem\vendor\laravel\framework\src\Illuminate\Auth\Middleware\Authenticate.php(63): Illuminate\Pipeline\Pipeline-&gt;{closure:{closure:Illuminate\Pipeline\Pipeline::carry():194}:195}(Object(Illuminate\Http\Request))
#31 C:\laragon\www\CarRentSystem\vendor\laravel\framework\src\Illuminate\Pipeline\Pipeline.php(219): Illuminate\Auth\Middleware\Authenticate-&gt;handle(Object(Illuminate\Http\Request), Object(Closure), 'sanctum')
#32 C:\laragon\www\CarRentSystem\vendor\laravel\sanctum\src\Http\Middleware\EnsureFrontendRequestsAreStateful.php(26): Illuminate\Pipeline\Pipeline-&gt;{closure:{closure:Illuminate\Pipeline\Pipeline::carry():194}:195}(Object(Illuminate\Http\Request))
#33 C:\laragon\www\CarRentSystem\vendor\laravel\framework\src\Illuminate\Pipeline\Pipeline.php(180): Laravel\Sanctum\Http\Middleware\EnsureFrontendRequestsAreStateful-&gt;{closure:Laravel\Sanctum\Http\Middleware\EnsureFrontendRequestsAreStateful::handle():25}(Object(Illuminate\Http\Request))
#34 C:\laragon\www\CarRentSystem\vendor\laravel\framework\src\Illuminate\Pipeline\Pipeline.php(137): Illuminate\Pipeline\Pipeline-&gt;{closure:Illuminate\Pipeline\Pipeline::prepareDestination():178}(Object(Illuminate\Http\Request))
#35 C:\laragon\www\CarRentSystem\vendor\laravel\sanctum\src\Http\Middleware\EnsureFrontendRequestsAreStateful.php(25): Illuminate\Pipeline\Pipeline-&gt;then(Object(Closure))
#36 C:\laragon\www\CarRentSystem\vendor\laravel\framework\src\Illuminate\Pipeline\Pipeline.php(219): Laravel\Sanctum\Http\Middleware\EnsureFrontendRequestsAreStateful-&gt;handle(Object(Illuminate\Http\Request), Object(Closure))
#37 C:\laragon\www\CarRentSystem\vendor\laravel\framework\src\Illuminate\Pipeline\Pipeline.php(137): Illuminate\Pipeline\Pipeline-&gt;{closure:{closure:Illuminate\Pipeline\Pipeline::carry():194}:195}(Object(Illuminate\Http\Request))
#38 C:\laragon\www\CarRentSystem\vendor\laravel\framework\src\Illuminate\Routing\Router.php(821): Illuminate\Pipeline\Pipeline-&gt;then(Object(Closure))
#39 C:\laragon\www\CarRentSystem\vendor\laravel\framework\src\Illuminate\Routing\Router.php(800): Illuminate\Routing\Router-&gt;runRouteWithinStack(Object(Illuminate\Routing\Route), Object(Illuminate\Http\Request))
#40 C:\laragon\www\CarRentSystem\vendor\laravel\framework\src\Illuminate\Routing\Router.php(764): Illuminate\Routing\Router-&gt;runRoute(Object(Illuminate\Http\Request), Object(Illuminate\Routing\Route))
#41 C:\laragon\www\CarRentSystem\vendor\laravel\framework\src\Illuminate\Routing\Router.php(753): Illuminate\Routing\Router-&gt;dispatchToRoute(Object(Illuminate\Http\Request))
#42 C:\laragon\www\CarRentSystem\vendor\laravel\framework\src\Illuminate\Foundation\Http\Kernel.php(200): Illuminate\Routing\Router-&gt;dispatch(Object(Illuminate\Http\Request))
#43 C:\laragon\www\CarRentSystem\vendor\laravel\framework\src\Illuminate\Pipeline\Pipeline.php(180): Illuminate\Foundation\Http\Kernel-&gt;{closure:Illuminate\Foundation\Http\Kernel::dispatchToRouter():197}(Object(Illuminate\Http\Request))
#44 C:\laragon\www\CarRentSystem\vendor\livewire\livewire\src\Features\SupportDisablingBackButtonCache\DisableBackButtonCacheMiddleware.php(19): Illuminate\Pipeline\Pipeline-&gt;{closure:Illuminate\Pipeline\Pipeline::prepareDestination():178}(Object(Illuminate\Http\Request))
#45 C:\laragon\www\CarRentSystem\vendor\laravel\framework\src\Illuminate\Pipeline\Pipeline.php(219): Livewire\Features\SupportDisablingBackButtonCache\DisableBackButtonCacheMiddleware-&gt;handle(Object(Illuminate\Http\Request), Object(Closure))
#46 C:\laragon\www\CarRentSystem\vendor\laravel\framework\src\Illuminate\Foundation\Http\Middleware\TransformsRequest.php(21): Illuminate\Pipeline\Pipeline-&gt;{closure:{closure:Illuminate\Pipeline\Pipeline::carry():194}:195}(Object(Illuminate\Http\Request))
#47 C:\laragon\www\CarRentSystem\vendor\laravel\framework\src\Illuminate\Foundation\Http\Middleware\ConvertEmptyStringsToNull.php(31): Illuminate\Foundation\Http\Middleware\TransformsRequest-&gt;handle(Object(Illuminate\Http\Request), Object(Closure))
#48 C:\laragon\www\CarRentSystem\vendor\laravel\framework\src\Illuminate\Pipeline\Pipeline.php(219): Illuminate\Foundation\Http\Middleware\ConvertEmptyStringsToNull-&gt;handle(Object(Illuminate\Http\Request), Object(Closure))
#49 C:\laragon\www\CarRentSystem\vendor\laravel\framework\src\Illuminate\Foundation\Http\Middleware\TransformsRequest.php(21): Illuminate\Pipeline\Pipeline-&gt;{closure:{closure:Illuminate\Pipeline\Pipeline::carry():194}:195}(Object(Illuminate\Http\Request))
#50 C:\laragon\www\CarRentSystem\vendor\laravel\framework\src\Illuminate\Foundation\Http\Middleware\TrimStrings.php(51): Illuminate\Foundation\Http\Middleware\TransformsRequest-&gt;handle(Object(Illuminate\Http\Request), Object(Closure))
#51 C:\laragon\www\CarRentSystem\vendor\laravel\framework\src\Illuminate\Pipeline\Pipeline.php(219): Illuminate\Foundation\Http\Middleware\TrimStrings-&gt;handle(Object(Illuminate\Http\Request), Object(Closure))
#52 C:\laragon\www\CarRentSystem\vendor\laravel\framework\src\Illuminate\Http\Middleware\ValidatePostSize.php(27): Illuminate\Pipeline\Pipeline-&gt;{closure:{closure:Illuminate\Pipeline\Pipeline::carry():194}:195}(Object(Illuminate\Http\Request))
#53 C:\laragon\www\CarRentSystem\vendor\laravel\framework\src\Illuminate\Pipeline\Pipeline.php(219): Illuminate\Http\Middleware\ValidatePostSize-&gt;handle(Object(Illuminate\Http\Request), Object(Closure))
#54 C:\laragon\www\CarRentSystem\vendor\laravel\framework\src\Illuminate\Foundation\Http\Middleware\PreventRequestsDuringMaintenance.php(109): Illuminate\Pipeline\Pipeline-&gt;{closure:{closure:Illuminate\Pipeline\Pipeline::carry():194}:195}(Object(Illuminate\Http\Request))
#55 C:\laragon\www\CarRentSystem\vendor\laravel\framework\src\Illuminate\Pipeline\Pipeline.php(219): Illuminate\Foundation\Http\Middleware\PreventRequestsDuringMaintenance-&gt;handle(Object(Illuminate\Http\Request), Object(Closure))
#56 C:\laragon\www\CarRentSystem\vendor\laravel\framework\src\Illuminate\Http\Middleware\HandleCors.php(61): Illuminate\Pipeline\Pipeline-&gt;{closure:{closure:Illuminate\Pipeline\Pipeline::carry():194}:195}(Object(Illuminate\Http\Request))
#57 C:\laragon\www\CarRentSystem\vendor\laravel\framework\src\Illuminate\Pipeline\Pipeline.php(219): Illuminate\Http\Middleware\HandleCors-&gt;handle(Object(Illuminate\Http\Request), Object(Closure))
#58 C:\laragon\www\CarRentSystem\vendor\laravel\framework\src\Illuminate\Http\Middleware\TrustProxies.php(58): Illuminate\Pipeline\Pipeline-&gt;{closure:{closure:Illuminate\Pipeline\Pipeline::carry():194}:195}(Object(Illuminate\Http\Request))
#59 C:\laragon\www\CarRentSystem\vendor\laravel\framework\src\Illuminate\Pipeline\Pipeline.php(219): Illuminate\Http\Middleware\TrustProxies-&gt;handle(Object(Illuminate\Http\Request), Object(Closure))
#60 C:\laragon\www\CarRentSystem\vendor\laravel\framework\src\Illuminate\Foundation\Http\Middleware\InvokeDeferredCallbacks.php(22): Illuminate\Pipeline\Pipeline-&gt;{closure:{closure:Illuminate\Pipeline\Pipeline::carry():194}:195}(Object(Illuminate\Http\Request))
#61 C:\laragon\www\CarRentSystem\vendor\laravel\framework\src\Illuminate\Pipeline\Pipeline.php(219): Illuminate\Foundation\Http\Middleware\InvokeDeferredCallbacks-&gt;handle(Object(Illuminate\Http\Request), Object(Closure))
#62 C:\laragon\www\CarRentSystem\vendor\laravel\framework\src\Illuminate\Http\Middleware\ValidatePathEncoding.php(26): Illuminate\Pipeline\Pipeline-&gt;{closure:{closure:Illuminate\Pipeline\Pipeline::carry():194}:195}(Object(Illuminate\Http\Request))
#63 C:\laragon\www\CarRentSystem\vendor\laravel\framework\src\Illuminate\Pipeline\Pipeline.php(219): Illuminate\Http\Middleware\ValidatePathEncoding-&gt;handle(Object(Illuminate\Http\Request), Object(Closure))
#64 C:\laragon\www\CarRentSystem\vendor\laravel\framework\src\Illuminate\Pipeline\Pipeline.php(137): Illuminate\Pipeline\Pipeline-&gt;{closure:{closure:Illuminate\Pipeline\Pipeline::carry():194}:195}(Object(Illuminate\Http\Request))
#65 C:\laragon\www\CarRentSystem\vendor\laravel\framework\src\Illuminate\Foundation\Http\Kernel.php(175): Illuminate\Pipeline\Pipeline-&gt;then(Object(Closure))
#66 C:\laragon\www\CarRentSystem\vendor\laravel\framework\src\Illuminate\Foundation\Http\Kernel.php(144): Illuminate\Foundation\Http\Kernel-&gt;sendRequestThroughRouter(Object(Illuminate\Http\Request))
#67 C:\laragon\www\CarRentSystem\vendor\laravel\framework\src\Illuminate\Foundation\Testing\Concerns\MakesHttpRequests.php(607): Illuminate\Foundation\Http\Kernel-&gt;handle(Object(Illuminate\Http\Request))
#68 C:\laragon\www\CarRentSystem\vendor\laravel\framework\src\Illuminate\Foundation\Testing\Concerns\MakesHttpRequests.php(573): Illuminate\Foundation\Testing\TestCase-&gt;call('POST', '/api/bookings', Array, Array, Array, Array, '{"car_id":1,"st...')
#69 C:\laragon\www\CarRentSystem\vendor\laravel\framework\src\Illuminate\Foundation\Testing\Concerns\MakesHttpRequests.php(411): Illuminate\Foundation\Testing\TestCase-&gt;json('POST', '/api/bookings', Array, Array, 0)
#70 C:\laragon\www\CarRentSystem\tests\Feature\Api\BookingControllerTest.php(19): Illuminate\Foundation\Testing\TestCase-&gt;postJson('/api/bookings', Array)
#71 C:\laragon\www\CarRentSystem\vendor\pestphp\pest\src\Factories\TestCaseMethodFactory.php(168): P\Tests\Feature\Api\BookingControllerTest-&gt;{closure:C:\laragon\www\CarRentSystem\tests\Feature\Api\BookingControllerTest.php:7}()
#72 [internal function]: P\Tests\Feature\Api\BookingControllerTest-&gt;{closure:Pest\Factories\TestCaseMethodFactory::getClosure():158}()
#73 C:\laragon\www\CarRentSystem\vendor\pestphp\pest\src\Concerns\Testable.php(429): call_user_func_array(Object(Closure), Array)
#74 C:\laragon\www\CarRentSystem\vendor\pestphp\pest\src\Support\ExceptionTrace.php(26): P\Tests\Feature\Api\BookingControllerTest-&gt;{closure:Pest\Concerns\Testable::__callClosure():429}()
#75 C:\laragon\www\CarRentSystem\vendor\pestphp\pest\src\Concerns\Testable.php(429): Pest\Support\ExceptionTrace::ensure(Object(Closure))
#76 C:\laragon\www\CarRentSystem\vendor\pestphp\pest\src\Concerns\Testable.php(331): P\Tests\Feature\Api\BookingControllerTest-&gt;__callClosure(Object(Closure), Array)
#77 C:\laragon\www\CarRentSystem\vendor\pestphp\pest\src\Factories\TestCaseFactory.php(169) : eval()'d code(19): P\Tests\Feature\Api\BookingControllerTest-&gt;__runTest(Object(Closure))
#78 C:\laragon\www\CarRentSystem\vendor\phpunit\phpunit\src\Framework\TestCase.php(1316): P\Tests\Feature\Api\BookingControllerTest-&gt;__pest_evaluable_can_create_booking_with_visa_payment()
#79 C:\laragon\www\CarRentSystem\vendor\phpunit\phpunit\src\Framework\TestCase.php(516): PHPUnit\Framework\TestCase-&gt;runTest()
#80 C:\laragon\www\CarRentSystem\vendor\phpunit\phpunit\src\Framework\TestRunner\TestRunner.php(99): PHPUnit\Framework\TestCase-&gt;runBare()
#81 C:\laragon\www\CarRentSystem\vendor\phpunit\phpunit\src\Framework\TestCase.php(357): PHPUnit\Framework\TestRunner-&gt;run(Object(P\Tests\Feature\Api\BookingControllerTest))
#82 C:\laragon\www\CarRentSystem\vendor\phpunit\phpunit\src\Framework\TestSuite.php(374): PHPUnit\Framework\TestCase-&gt;run()
#83 C:\laragon\www\CarRentSystem\vendor\brianium\paratest\src\WrapperRunner\ApplicationForWrapperWorker.php(116): PHPUnit\Framework\TestSuite-&gt;run()
#84 C:\laragon\www\CarRentSystem\vendor\pestphp\pest\bin\worker.php(105): ParaTest\WrapperRunner\ApplicationForWrapperWorker-&gt;runTest('C:\\laragon\\www\\...')
#85 C:\laragon\www\CarRentSystem\vendor\pestphp\pest\bin\worker.php(110): {closure:C:\laragon\www\CarRentSystem\vendor\pestphp\pest\bin\worker.php:30}()
#86 {main}

----------------------------------------------------------------------------------

Class "Stripe\Stripe" not found&#13;
&#13;
at vendor\laravel\framework\src\Illuminate\Testing\TestResponseAssert.php:45
at vendor\laravel\framework\src\Illuminate\Testing\TestResponse.php:103
at tests\Feature\Api\BookingControllerTest.php:26</failure>
      </testcase>
      <testcase name="can create booking with cash payment" class="Tests\Feature\Api\BookingControllerTest" classname="Tests.Feature.Api.BookingControllerTest" file="tests\Feature\Api\BookingControllerTest.php::can create booking with cash payment" line="0" assertions="1" time="0.157941">
        <failure type="PHPUnit\Framework\ExpectationFailedException">can create booking with cash paymentExpected response status code [&gt;=200, &lt;300] but received 500.
Failed asserting that false is true.&#13;
&#13;
The following exception occurred during the last request:

Error: Class "Stripe\Stripe" not found in C:\laragon\www\CarRentSystem\app\Services\PaymentService.php:19
Stack trace:
#0 [internal function]: App\Services\PaymentService-&gt;__construct()
#1 C:\laragon\www\CarRentSystem\vendor\laravel\framework\src\Illuminate\Container\Container.php(1211): ReflectionClass-&gt;newInstanceArgs(Array)
#2 C:\laragon\www\CarRentSystem\vendor\laravel\framework\src\Illuminate\Container\Container.php(972): Illuminate\Container\Container-&gt;build('App\\Services\\Pa...')
#3 C:\laragon\www\CarRentSystem\vendor\laravel\framework\src\Illuminate\Foundation\Application.php(1078): Illuminate\Container\Container-&gt;resolve('App\\Services\\Pa...', Array, true)
#4 C:\laragon\www\CarRentSystem\vendor\laravel\framework\src\Illuminate\Container\Container.php(903): Illuminate\Foundation\Application-&gt;resolve('App\\Services\\Pa...', Array)
#5 C:\laragon\www\CarRentSystem\vendor\laravel\framework\src\Illuminate\Foundation\Application.php(1058): Illuminate\Container\Container-&gt;make('App\\Services\\Pa...', Array)
#6 C:\laragon\www\CarRentSystem\vendor\laravel\framework\src\Illuminate\Container\Container.php(1379): Illuminate\Foundation\Application-&gt;make('App\\Services\\Pa...')
#7 C:\laragon\www\CarRentSystem\vendor\laravel\framework\src\Illuminate\Container\Container.php(1278): Illuminate\Container\Container-&gt;resolveClass(Object(ReflectionParameter))
#8 C:\laragon\www\CarRentSystem\vendor\laravel\framework\src\Illuminate\Container\Container.php(1201): Illuminate\Container\Container-&gt;resolveDependencies(Array)
#9 C:\laragon\www\CarRentSystem\vendor\laravel\framework\src\Illuminate\Container\Container.php(972): Illuminate\Container\Container-&gt;build('App\\Actions\\Boo...')
#10 C:\laragon\www\CarRentSystem\vendor\laravel\framework\src\Illuminate\Foundation\Application.php(1078): Illuminate\Container\Container-&gt;resolve('App\\Actions\\Boo...', Array, true)
#11 C:\laragon\www\CarRentSystem\vendor\laravel\framework\src\Illuminate\Container\Container.php(903): Illuminate\Foundation\Application-&gt;resolve('App\\Actions\\Boo...', Array)
#12 C:\laragon\www\CarRentSystem\vendor\laravel\framework\src\Illuminate\Foundation\Application.php(1058): Illuminate\Container\Container-&gt;make('App\\Actions\\Boo...', Array)
#13 C:\laragon\www\CarRentSystem\vendor\laravel\framework\src\Illuminate\Container\Container.php(1379): Illuminate\Foundation\Application-&gt;make('App\\Actions\\Boo...')
#14 C:\laragon\www\CarRentSystem\vendor\laravel\framework\src\Illuminate\Container\Container.php(1278): Illuminate\Container\Container-&gt;resolveClass(Object(ReflectionParameter))
#15 C:\laragon\www\CarRentSystem\vendor\laravel\framework\src\Illuminate\Container\Container.php(1201): Illuminate\Container\Container-&gt;resolveDependencies(Array)
#16 C:\laragon\www\CarRentSystem\vendor\laravel\framework\src\Illuminate\Container\Container.php(972): Illuminate\Container\Container-&gt;build('App\\Http\\Contro...')
#17 C:\laragon\www\CarRentSystem\vendor\laravel\framework\src\Illuminate\Foundation\Application.php(1078): Illuminate\Container\Container-&gt;resolve('App\\Http\\Contro...', Array, true)
#18 C:\laragon\www\CarRentSystem\vendor\laravel\framework\src\Illuminate\Container\Container.php(903): Illuminate\Foundation\Application-&gt;resolve('App\\Http\\Contro...', Array)
#19 C:\laragon\www\CarRentSystem\vendor\laravel\framework\src\Illuminate\Foundation\Application.php(1058): Illuminate\Container\Container-&gt;make('App\\Http\\Contro...', Array)
#20 C:\laragon\www\CarRentSystem\vendor\laravel\framework\src\Illuminate\Routing\Route.php(286): Illuminate\Foundation\Application-&gt;make('App\\Http\\Contro...')
#21 C:\laragon\www\CarRentSystem\vendor\laravel\framework\src\Illuminate\Routing\Route.php(266): Illuminate\Routing\Route-&gt;getController()
#22 C:\laragon\www\CarRentSystem\vendor\laravel\framework\src\Illuminate\Routing\Route.php(211): Illuminate\Routing\Route-&gt;runController()
#23 C:\laragon\www\CarRentSystem\vendor\laravel\framework\src\Illuminate\Routing\Router.php(822): Illuminate\Routing\Route-&gt;run()
#24 C:\laragon\www\CarRentSystem\vendor\laravel\framework\src\Illuminate\Pipeline\Pipeline.php(180): Illuminate\Routing\Router-&gt;{closure:Illuminate\Routing\Router::runRouteWithinStack():821}(Object(Illuminate\Http\Request))
#25 C:\laragon\www\CarRentSystem\vendor\laravel\framework\src\Illuminate\Routing\Middleware\SubstituteBindings.php(50): Illuminate\Pipeline\Pipeline-&gt;{closure:Illuminate\Pipeline\Pipeline::prepareDestination():178}(Object(Illuminate\Http\Request))
#26 C:\laragon\www\CarRentSystem\vendor\laravel\framework\src\Illuminate\Pipeline\Pipeline.php(219): Illuminate\Routing\Middleware\SubstituteBindings-&gt;handle(Object(Illuminate\Http\Request), Object(Closure))
#27 C:\laragon\www\CarRentSystem\vendor\laravel\framework\src\Illuminate\Routing\Middleware\ThrottleRequests.php(160): Illuminate\Pipeline\Pipeline-&gt;{closure:{closure:Illuminate\Pipeline\Pipeline::carry():194}:195}(Object(Illuminate\Http\Request))
#28 C:\laragon\www\CarRentSystem\vendor\laravel\framework\src\Illuminate\Routing\Middleware\ThrottleRequests.php(91): Illuminate\Routing\Middleware\ThrottleRequests-&gt;handleRequest(Object(Illuminate\Http\Request), Object(Closure), Array)
#29 C:\laragon\www\CarRentSystem\vendor\laravel\framework\src\Illuminate\Pipeline\Pipeline.php(219): Illuminate\Routing\Middleware\ThrottleRequests-&gt;handle(Object(Illuminate\Http\Request), Object(Closure), '10', '1')
#30 C:\laragon\www\CarRentSystem\vendor\laravel\framework\src\Illuminate\Auth\Middleware\Authenticate.php(63): Illuminate\Pipeline\Pipeline-&gt;{closure:{closure:Illuminate\Pipeline\Pipeline::carry():194}:195}(Object(Illuminate\Http\Request))
#31 C:\laragon\www\CarRentSystem\vendor\laravel\framework\src\Illuminate\Pipeline\Pipeline.php(219): Illuminate\Auth\Middleware\Authenticate-&gt;handle(Object(Illuminate\Http\Request), Object(Closure), 'sanctum')
#32 C:\laragon\www\CarRentSystem\vendor\laravel\sanctum\src\Http\Middleware\EnsureFrontendRequestsAreStateful.php(26): Illuminate\Pipeline\Pipeline-&gt;{closure:{closure:Illuminate\Pipeline\Pipeline::carry():194}:195}(Object(Illuminate\Http\Request))
#33 C:\laragon\www\CarRentSystem\vendor\laravel\framework\src\Illuminate\Pipeline\Pipeline.php(180): Laravel\Sanctum\Http\Middleware\EnsureFrontendRequestsAreStateful-&gt;{closure:Laravel\Sanctum\Http\Middleware\EnsureFrontendRequestsAreStateful::handle():25}(Object(Illuminate\Http\Request))
#34 C:\laragon\www\CarRentSystem\vendor\laravel\framework\src\Illuminate\Pipeline\Pipeline.php(137): Illuminate\Pipeline\Pipeline-&gt;{closure:Illuminate\Pipeline\Pipeline::prepareDestination():178}(Object(Illuminate\Http\Request))
#35 C:\laragon\www\CarRentSystem\vendor\laravel\sanctum\src\Http\Middleware\EnsureFrontendRequestsAreStateful.php(25): Illuminate\Pipeline\Pipeline-&gt;then(Object(Closure))
#36 C:\laragon\www\CarRentSystem\vendor\laravel\framework\src\Illuminate\Pipeline\Pipeline.php(219): Laravel\Sanctum\Http\Middleware\EnsureFrontendRequestsAreStateful-&gt;handle(Object(Illuminate\Http\Request), Object(Closure))
#37 C:\laragon\www\CarRentSystem\vendor\laravel\framework\src\Illuminate\Pipeline\Pipeline.php(137): Illuminate\Pipeline\Pipeline-&gt;{closure:{closure:Illuminate\Pipeline\Pipeline::carry():194}:195}(Object(Illuminate\Http\Request))
#38 C:\laragon\www\CarRentSystem\vendor\laravel\framework\src\Illuminate\Routing\Router.php(821): Illuminate\Pipeline\Pipeline-&gt;then(Object(Closure))
#39 C:\laragon\www\CarRentSystem\vendor\laravel\framework\src\Illuminate\Routing\Router.php(800): Illuminate\Routing\Router-&gt;runRouteWithinStack(Object(Illuminate\Routing\Route), Object(Illuminate\Http\Request))
#40 C:\laragon\www\CarRentSystem\vendor\laravel\framework\src\Illuminate\Routing\Router.php(764): Illuminate\Routing\Router-&gt;runRoute(Object(Illuminate\Http\Request), Object(Illuminate\Routing\Route))
#41 C:\laragon\www\CarRentSystem\vendor\laravel\framework\src\Illuminate\Routing\Router.php(753): Illuminate\Routing\Router-&gt;dispatchToRoute(Object(Illuminate\Http\Request))
#42 C:\laragon\www\CarRentSystem\vendor\laravel\framework\src\Illuminate\Foundation\Http\Kernel.php(200): Illuminate\Routing\Router-&gt;dispatch(Object(Illuminate\Http\Request))
#43 C:\laragon\www\CarRentSystem\vendor\laravel\framework\src\Illuminate\Pipeline\Pipeline.php(180): Illuminate\Foundation\Http\Kernel-&gt;{closure:Illuminate\Foundation\Http\Kernel::dispatchToRouter():197}(Object(Illuminate\Http\Request))
#44 C:\laragon\www\CarRentSystem\vendor\livewire\livewire\src\Features\SupportDisablingBackButtonCache\DisableBackButtonCacheMiddleware.php(19): Illuminate\Pipeline\Pipeline-&gt;{closure:Illuminate\Pipeline\Pipeline::prepareDestination():178}(Object(Illuminate\Http\Request))
#45 C:\laragon\www\CarRentSystem\vendor\laravel\framework\src\Illuminate\Pipeline\Pipeline.php(219): Livewire\Features\SupportDisablingBackButtonCache\DisableBackButtonCacheMiddleware-&gt;handle(Object(Illuminate\Http\Request), Object(Closure))
#46 C:\laragon\www\CarRentSystem\vendor\laravel\framework\src\Illuminate\Foundation\Http\Middleware\TransformsRequest.php(21): Illuminate\Pipeline\Pipeline-&gt;{closure:{closure:Illuminate\Pipeline\Pipeline::carry():194}:195}(Object(Illuminate\Http\Request))
#47 C:\laragon\www\CarRentSystem\vendor\laravel\framework\src\Illuminate\Foundation\Http\Middleware\ConvertEmptyStringsToNull.php(31): Illuminate\Foundation\Http\Middleware\TransformsRequest-&gt;handle(Object(Illuminate\Http\Request), Object(Closure))
#48 C:\laragon\www\CarRentSystem\vendor\laravel\framework\src\Illuminate\Pipeline\Pipeline.php(219): Illuminate\Foundation\Http\Middleware\ConvertEmptyStringsToNull-&gt;handle(Object(Illuminate\Http\Request), Object(Closure))
#49 C:\laragon\www\CarRentSystem\vendor\laravel\framework\src\Illuminate\Foundation\Http\Middleware\TransformsRequest.php(21): Illuminate\Pipeline\Pipeline-&gt;{closure:{closure:Illuminate\Pipeline\Pipeline::carry():194}:195}(Object(Illuminate\Http\Request))
#50 C:\laragon\www\CarRentSystem\vendor\laravel\framework\src\Illuminate\Foundation\Http\Middleware\TrimStrings.php(51): Illuminate\Foundation\Http\Middleware\TransformsRequest-&gt;handle(Object(Illuminate\Http\Request), Object(Closure))
#51 C:\laragon\www\CarRentSystem\vendor\laravel\framework\src\Illuminate\Pipeline\Pipeline.php(219): Illuminate\Foundation\Http\Middleware\TrimStrings-&gt;handle(Object(Illuminate\Http\Request), Object(Closure))
#52 C:\laragon\www\CarRentSystem\vendor\laravel\framework\src\Illuminate\Http\Middleware\ValidatePostSize.php(27): Illuminate\Pipeline\Pipeline-&gt;{closure:{closure:Illuminate\Pipeline\Pipeline::carry():194}:195}(Object(Illuminate\Http\Request))
#53 C:\laragon\www\CarRentSystem\vendor\laravel\framework\src\Illuminate\Pipeline\Pipeline.php(219): Illuminate\Http\Middleware\ValidatePostSize-&gt;handle(Object(Illuminate\Http\Request), Object(Closure))
#54 C:\laragon\www\CarRentSystem\vendor\laravel\framework\src\Illuminate\Foundation\Http\Middleware\PreventRequestsDuringMaintenance.php(109): Illuminate\Pipeline\Pipeline-&gt;{closure:{closure:Illuminate\Pipeline\Pipeline::carry():194}:195}(Object(Illuminate\Http\Request))
#55 C:\laragon\www\CarRentSystem\vendor\laravel\framework\src\Illuminate\Pipeline\Pipeline.php(219): Illuminate\Foundation\Http\Middleware\PreventRequestsDuringMaintenance-&gt;handle(Object(Illuminate\Http\Request), Object(Closure))
#56 C:\laragon\www\CarRentSystem\vendor\laravel\framework\src\Illuminate\Http\Middleware\HandleCors.php(61): Illuminate\Pipeline\Pipeline-&gt;{closure:{closure:Illuminate\Pipeline\Pipeline::carry():194}:195}(Object(Illuminate\Http\Request))
#57 C:\laragon\www\CarRentSystem\vendor\laravel\framework\src\Illuminate\Pipeline\Pipeline.php(219): Illuminate\Http\Middleware\HandleCors-&gt;handle(Object(Illuminate\Http\Request), Object(Closure))
#58 C:\laragon\www\CarRentSystem\vendor\laravel\framework\src\Illuminate\Http\Middleware\TrustProxies.php(58): Illuminate\Pipeline\Pipeline-&gt;{closure:{closure:Illuminate\Pipeline\Pipeline::carry():194}:195}(Object(Illuminate\Http\Request))
#59 C:\laragon\www\CarRentSystem\vendor\laravel\framework\src\Illuminate\Pipeline\Pipeline.php(219): Illuminate\Http\Middleware\TrustProxies-&gt;handle(Object(Illuminate\Http\Request), Object(Closure))
#60 C:\laragon\www\CarRentSystem\vendor\laravel\framework\src\Illuminate\Foundation\Http\Middleware\InvokeDeferredCallbacks.php(22): Illuminate\Pipeline\Pipeline-&gt;{closure:{closure:Illuminate\Pipeline\Pipeline::carry():194}:195}(Object(Illuminate\Http\Request))
#61 C:\laragon\www\CarRentSystem\vendor\laravel\framework\src\Illuminate\Pipeline\Pipeline.php(219): Illuminate\Foundation\Http\Middleware\InvokeDeferredCallbacks-&gt;handle(Object(Illuminate\Http\Request), Object(Closure))
#62 C:\laragon\www\CarRentSystem\vendor\laravel\framework\src\Illuminate\Http\Middleware\ValidatePathEncoding.php(26): Illuminate\Pipeline\Pipeline-&gt;{closure:{closure:Illuminate\Pipeline\Pipeline::carry():194}:195}(Object(Illuminate\Http\Request))
#63 C:\laragon\www\CarRentSystem\vendor\laravel\framework\src\Illuminate\Pipeline\Pipeline.php(219): Illuminate\Http\Middleware\ValidatePathEncoding-&gt;handle(Object(Illuminate\Http\Request), Object(Closure))
#64 C:\laragon\www\CarRentSystem\vendor\laravel\framework\src\Illuminate\Pipeline\Pipeline.php(137): Illuminate\Pipeline\Pipeline-&gt;{closure:{closure:Illuminate\Pipeline\Pipeline::carry():194}:195}(Object(Illuminate\Http\Request))
#65 C:\laragon\www\CarRentSystem\vendor\laravel\framework\src\Illuminate\Foundation\Http\Kernel.php(175): Illuminate\Pipeline\Pipeline-&gt;then(Object(Closure))
#66 C:\laragon\www\CarRentSystem\vendor\laravel\framework\src\Illuminate\Foundation\Http\Kernel.php(144): Illuminate\Foundation\Http\Kernel-&gt;sendRequestThroughRouter(Object(Illuminate\Http\Request))
#67 C:\laragon\www\CarRentSystem\vendor\laravel\framework\src\Illuminate\Foundation\Testing\Concerns\MakesHttpRequests.php(607): Illuminate\Foundation\Http\Kernel-&gt;handle(Object(Illuminate\Http\Request))
#68 C:\laragon\www\CarRentSystem\vendor\laravel\framework\src\Illuminate\Foundation\Testing\Concerns\MakesHttpRequests.php(573): Illuminate\Foundation\Testing\TestCase-&gt;call('POST', '/api/bookings', Array, Array, Array, Array, '{"car_id":1,"st...')
#69 C:\laragon\www\CarRentSystem\vendor\laravel\framework\src\Illuminate\Foundation\Testing\Concerns\MakesHttpRequests.php(411): Illuminate\Foundation\Testing\TestCase-&gt;json('POST', '/api/bookings', Array, Array, 0)
#70 C:\laragon\www\CarRentSystem\tests\Feature\Api\BookingControllerTest.php(62): Illuminate\Foundation\Testing\TestCase-&gt;postJson('/api/bookings', Array)
#71 C:\laragon\www\CarRentSystem\vendor\pestphp\pest\src\Factories\TestCaseMethodFactory.php(168): P\Tests\Feature\Api\BookingControllerTest-&gt;{closure:C:\laragon\www\CarRentSystem\tests\Feature\Api\BookingControllerTest.php:50}()
#72 [internal function]: P\Tests\Feature\Api\BookingControllerTest-&gt;{closure:Pest\Factories\TestCaseMethodFactory::getClosure():158}()
#73 C:\laragon\www\CarRentSystem\vendor\pestphp\pest\src\Concerns\Testable.php(429): call_user_func_array(Object(Closure), Array)
#74 C:\laragon\www\CarRentSystem\vendor\pestphp\pest\src\Support\ExceptionTrace.php(26): P\Tests\Feature\Api\BookingControllerTest-&gt;{closure:Pest\Concerns\Testable::__callClosure():429}()
#75 C:\laragon\www\CarRentSystem\vendor\pestphp\pest\src\Concerns\Testable.php(429): Pest\Support\ExceptionTrace::ensure(Object(Closure))
#76 C:\laragon\www\CarRentSystem\vendor\pestphp\pest\src\Concerns\Testable.php(331): P\Tests\Feature\Api\BookingControllerTest-&gt;__callClosure(Object(Closure), Array)
#77 C:\laragon\www\CarRentSystem\vendor\pestphp\pest\src\Factories\TestCaseFactory.php(169) : eval()'d code(30): P\Tests\Feature\Api\BookingControllerTest-&gt;__runTest(Object(Closure))
#78 C:\laragon\www\CarRentSystem\vendor\phpunit\phpunit\src\Framework\TestCase.php(1316): P\Tests\Feature\Api\BookingControllerTest-&gt;__pest_evaluable_can_create_booking_with_cash_payment()
#79 C:\laragon\www\CarRentSystem\vendor\phpunit\phpunit\src\Framework\TestCase.php(516): PHPUnit\Framework\TestCase-&gt;runTest()
#80 C:\laragon\www\CarRentSystem\vendor\phpunit\phpunit\src\Framework\TestRunner\TestRunner.php(99): PHPUnit\Framework\TestCase-&gt;runBare()
#81 C:\laragon\www\CarRentSystem\vendor\phpunit\phpunit\src\Framework\TestCase.php(357): PHPUnit\Framework\TestRunner-&gt;run(Object(P\Tests\Feature\Api\BookingControllerTest))
#82 C:\laragon\www\CarRentSystem\vendor\phpunit\phpunit\src\Framework\TestSuite.php(374): PHPUnit\Framework\TestCase-&gt;run()
#83 C:\laragon\www\CarRentSystem\vendor\brianium\paratest\src\WrapperRunner\ApplicationForWrapperWorker.php(116): PHPUnit\Framework\TestSuite-&gt;run()
#84 C:\laragon\www\CarRentSystem\vendor\pestphp\pest\bin\worker.php(105): ParaTest\WrapperRunner\ApplicationForWrapperWorker-&gt;runTest('C:\\laragon\\www\\...')
#85 C:\laragon\www\CarRentSystem\vendor\pestphp\pest\bin\worker.php(110): {closure:C:\laragon\www\CarRentSystem\vendor\pestphp\pest\bin\worker.php:30}()
#86 {main}

----------------------------------------------------------------------------------

Class "Stripe\Stripe" not found&#13;
&#13;
at vendor\laravel\framework\src\Illuminate\Testing\TestResponseAssert.php:45
at vendor\laravel\framework\src\Illuminate\Testing\TestResponse.php:103
at tests\Feature\Api\BookingControllerTest.php:69</failure>
      </testcase>
      <testcase name="cannot book unavailable car" class="Tests\Feature\Api\BookingControllerTest" classname="Tests.Feature.Api.BookingControllerTest" file="tests\Feature\Api\BookingControllerTest.php::cannot book unavailable car" line="0" assertions="1" time="0.130968">
        <failure type="PHPUnit\Framework\ExpectationFailedException">cannot book unavailable carExpected response status code [422] but received 500.
Failed asserting that 500 is identical to 422.&#13;
&#13;
The following exception occurred during the last request:

Error: Class "Stripe\Stripe" not found in C:\laragon\www\CarRentSystem\app\Services\PaymentService.php:19
Stack trace:
#0 [internal function]: App\Services\PaymentService-&gt;__construct()
#1 C:\laragon\www\CarRentSystem\vendor\laravel\framework\src\Illuminate\Container\Container.php(1211): ReflectionClass-&gt;newInstanceArgs(Array)
#2 C:\laragon\www\CarRentSystem\vendor\laravel\framework\src\Illuminate\Container\Container.php(972): Illuminate\Container\Container-&gt;build('App\\Services\\Pa...')
#3 C:\laragon\www\CarRentSystem\vendor\laravel\framework\src\Illuminate\Foundation\Application.php(1078): Illuminate\Container\Container-&gt;resolve('App\\Services\\Pa...', Array, true)
#4 C:\laragon\www\CarRentSystem\vendor\laravel\framework\src\Illuminate\Container\Container.php(903): Illuminate\Foundation\Application-&gt;resolve('App\\Services\\Pa...', Array)
#5 C:\laragon\www\CarRentSystem\vendor\laravel\framework\src\Illuminate\Foundation\Application.php(1058): Illuminate\Container\Container-&gt;make('App\\Services\\Pa...', Array)
#6 C:\laragon\www\CarRentSystem\vendor\laravel\framework\src\Illuminate\Container\Container.php(1379): Illuminate\Foundation\Application-&gt;make('App\\Services\\Pa...')
#7 C:\laragon\www\CarRentSystem\vendor\laravel\framework\src\Illuminate\Container\Container.php(1278): Illuminate\Container\Container-&gt;resolveClass(Object(ReflectionParameter))
#8 C:\laragon\www\CarRentSystem\vendor\laravel\framework\src\Illuminate\Container\Container.php(1201): Illuminate\Container\Container-&gt;resolveDependencies(Array)
#9 C:\laragon\www\CarRentSystem\vendor\laravel\framework\src\Illuminate\Container\Container.php(972): Illuminate\Container\Container-&gt;build('App\\Actions\\Boo...')
#10 C:\laragon\www\CarRentSystem\vendor\laravel\framework\src\Illuminate\Foundation\Application.php(1078): Illuminate\Container\Container-&gt;resolve('App\\Actions\\Boo...', Array, true)
#11 C:\laragon\www\CarRentSystem\vendor\laravel\framework\src\Illuminate\Container\Container.php(903): Illuminate\Foundation\Application-&gt;resolve('App\\Actions\\Boo...', Array)
#12 C:\laragon\www\CarRentSystem\vendor\laravel\framework\src\Illuminate\Foundation\Application.php(1058): Illuminate\Container\Container-&gt;make('App\\Actions\\Boo...', Array)
#13 C:\laragon\www\CarRentSystem\vendor\laravel\framework\src\Illuminate\Container\Container.php(1379): Illuminate\Foundation\Application-&gt;make('App\\Actions\\Boo...')
#14 C:\laragon\www\CarRentSystem\vendor\laravel\framework\src\Illuminate\Container\Container.php(1278): Illuminate\Container\Container-&gt;resolveClass(Object(ReflectionParameter))
#15 C:\laragon\www\CarRentSystem\vendor\laravel\framework\src\Illuminate\Container\Container.php(1201): Illuminate\Container\Container-&gt;resolveDependencies(Array)
#16 C:\laragon\www\CarRentSystem\vendor\laravel\framework\src\Illuminate\Container\Container.php(972): Illuminate\Container\Container-&gt;build('App\\Http\\Contro...')
#17 C:\laragon\www\CarRentSystem\vendor\laravel\framework\src\Illuminate\Foundation\Application.php(1078): Illuminate\Container\Container-&gt;resolve('App\\Http\\Contro...', Array, true)
#18 C:\laragon\www\CarRentSystem\vendor\laravel\framework\src\Illuminate\Container\Container.php(903): Illuminate\Foundation\Application-&gt;resolve('App\\Http\\Contro...', Array)
#19 C:\laragon\www\CarRentSystem\vendor\laravel\framework\src\Illuminate\Foundation\Application.php(1058): Illuminate\Container\Container-&gt;make('App\\Http\\Contro...', Array)
#20 C:\laragon\www\CarRentSystem\vendor\laravel\framework\src\Illuminate\Routing\Route.php(286): Illuminate\Foundation\Application-&gt;make('App\\Http\\Contro...')
#21 C:\laragon\www\CarRentSystem\vendor\laravel\framework\src\Illuminate\Routing\Route.php(266): Illuminate\Routing\Route-&gt;getController()
#22 C:\laragon\www\CarRentSystem\vendor\laravel\framework\src\Illuminate\Routing\Route.php(211): Illuminate\Routing\Route-&gt;runController()
#23 C:\laragon\www\CarRentSystem\vendor\laravel\framework\src\Illuminate\Routing\Router.php(822): Illuminate\Routing\Route-&gt;run()
#24 C:\laragon\www\CarRentSystem\vendor\laravel\framework\src\Illuminate\Pipeline\Pipeline.php(180): Illuminate\Routing\Router-&gt;{closure:Illuminate\Routing\Router::runRouteWithinStack():821}(Object(Illuminate\Http\Request))
#25 C:\laragon\www\CarRentSystem\vendor\laravel\framework\src\Illuminate\Routing\Middleware\SubstituteBindings.php(50): Illuminate\Pipeline\Pipeline-&gt;{closure:Illuminate\Pipeline\Pipeline::prepareDestination():178}(Object(Illuminate\Http\Request))
#26 C:\laragon\www\CarRentSystem\vendor\laravel\framework\src\Illuminate\Pipeline\Pipeline.php(219): Illuminate\Routing\Middleware\SubstituteBindings-&gt;handle(Object(Illuminate\Http\Request), Object(Closure))
#27 C:\laragon\www\CarRentSystem\vendor\laravel\framework\src\Illuminate\Routing\Middleware\ThrottleRequests.php(160): Illuminate\Pipeline\Pipeline-&gt;{closure:{closure:Illuminate\Pipeline\Pipeline::carry():194}:195}(Object(Illuminate\Http\Request))
#28 C:\laragon\www\CarRentSystem\vendor\laravel\framework\src\Illuminate\Routing\Middleware\ThrottleRequests.php(91): Illuminate\Routing\Middleware\ThrottleRequests-&gt;handleRequest(Object(Illuminate\Http\Request), Object(Closure), Array)
#29 C:\laragon\www\CarRentSystem\vendor\laravel\framework\src\Illuminate\Pipeline\Pipeline.php(219): Illuminate\Routing\Middleware\ThrottleRequests-&gt;handle(Object(Illuminate\Http\Request), Object(Closure), '10', '1')
#30 C:\laragon\www\CarRentSystem\vendor\laravel\framework\src\Illuminate\Auth\Middleware\Authenticate.php(63): Illuminate\Pipeline\Pipeline-&gt;{closure:{closure:Illuminate\Pipeline\Pipeline::carry():194}:195}(Object(Illuminate\Http\Request))
#31 C:\laragon\www\CarRentSystem\vendor\laravel\framework\src\Illuminate\Pipeline\Pipeline.php(219): Illuminate\Auth\Middleware\Authenticate-&gt;handle(Object(Illuminate\Http\Request), Object(Closure), 'sanctum')
#32 C:\laragon\www\CarRentSystem\vendor\laravel\sanctum\src\Http\Middleware\EnsureFrontendRequestsAreStateful.php(26): Illuminate\Pipeline\Pipeline-&gt;{closure:{closure:Illuminate\Pipeline\Pipeline::carry():194}:195}(Object(Illuminate\Http\Request))
#33 C:\laragon\www\CarRentSystem\vendor\laravel\framework\src\Illuminate\Pipeline\Pipeline.php(180): Laravel\Sanctum\Http\Middleware\EnsureFrontendRequestsAreStateful-&gt;{closure:Laravel\Sanctum\Http\Middleware\EnsureFrontendRequestsAreStateful::handle():25}(Object(Illuminate\Http\Request))
#34 C:\laragon\www\CarRentSystem\vendor\laravel\framework\src\Illuminate\Pipeline\Pipeline.php(137): Illuminate\Pipeline\Pipeline-&gt;{closure:Illuminate\Pipeline\Pipeline::prepareDestination():178}(Object(Illuminate\Http\Request))
#35 C:\laragon\www\CarRentSystem\vendor\laravel\sanctum\src\Http\Middleware\EnsureFrontendRequestsAreStateful.php(25): Illuminate\Pipeline\Pipeline-&gt;then(Object(Closure))
#36 C:\laragon\www\CarRentSystem\vendor\laravel\framework\src\Illuminate\Pipeline\Pipeline.php(219): Laravel\Sanctum\Http\Middleware\EnsureFrontendRequestsAreStateful-&gt;handle(Object(Illuminate\Http\Request), Object(Closure))
#37 C:\laragon\www\CarRentSystem\vendor\laravel\framework\src\Illuminate\Pipeline\Pipeline.php(137): Illuminate\Pipeline\Pipeline-&gt;{closure:{closure:Illuminate\Pipeline\Pipeline::carry():194}:195}(Object(Illuminate\Http\Request))
#38 C:\laragon\www\CarRentSystem\vendor\laravel\framework\src\Illuminate\Routing\Router.php(821): Illuminate\Pipeline\Pipeline-&gt;then(Object(Closure))
#39 C:\laragon\www\CarRentSystem\vendor\laravel\framework\src\Illuminate\Routing\Router.php(800): Illuminate\Routing\Router-&gt;runRouteWithinStack(Object(Illuminate\Routing\Route), Object(Illuminate\Http\Request))
#40 C:\laragon\www\CarRentSystem\vendor\laravel\framework\src\Illuminate\Routing\Router.php(764): Illuminate\Routing\Router-&gt;runRoute(Object(Illuminate\Http\Request), Object(Illuminate\Routing\Route))
#41 C:\laragon\www\CarRentSystem\vendor\laravel\framework\src\Illuminate\Routing\Router.php(753): Illuminate\Routing\Router-&gt;dispatchToRoute(Object(Illuminate\Http\Request))
#42 C:\laragon\www\CarRentSystem\vendor\laravel\framework\src\Illuminate\Foundation\Http\Kernel.php(200): Illuminate\Routing\Router-&gt;dispatch(Object(Illuminate\Http\Request))
#43 C:\laragon\www\CarRentSystem\vendor\laravel\framework\src\Illuminate\Pipeline\Pipeline.php(180): Illuminate\Foundation\Http\Kernel-&gt;{closure:Illuminate\Foundation\Http\Kernel::dispatchToRouter():197}(Object(Illuminate\Http\Request))
#44 C:\laragon\www\CarRentSystem\vendor\livewire\livewire\src\Features\SupportDisablingBackButtonCache\DisableBackButtonCacheMiddleware.php(19): Illuminate\Pipeline\Pipeline-&gt;{closure:Illuminate\Pipeline\Pipeline::prepareDestination():178}(Object(Illuminate\Http\Request))
#45 C:\laragon\www\CarRentSystem\vendor\laravel\framework\src\Illuminate\Pipeline\Pipeline.php(219): Livewire\Features\SupportDisablingBackButtonCache\DisableBackButtonCacheMiddleware-&gt;handle(Object(Illuminate\Http\Request), Object(Closure))
#46 C:\laragon\www\CarRentSystem\vendor\laravel\framework\src\Illuminate\Foundation\Http\Middleware\TransformsRequest.php(21): Illuminate\Pipeline\Pipeline-&gt;{closure:{closure:Illuminate\Pipeline\Pipeline::carry():194}:195}(Object(Illuminate\Http\Request))
#47 C:\laragon\www\CarRentSystem\vendor\laravel\framework\src\Illuminate\Foundation\Http\Middleware\ConvertEmptyStringsToNull.php(31): Illuminate\Foundation\Http\Middleware\TransformsRequest-&gt;handle(Object(Illuminate\Http\Request), Object(Closure))
#48 C:\laragon\www\CarRentSystem\vendor\laravel\framework\src\Illuminate\Pipeline\Pipeline.php(219): Illuminate\Foundation\Http\Middleware\ConvertEmptyStringsToNull-&gt;handle(Object(Illuminate\Http\Request), Object(Closure))
#49 C:\laragon\www\CarRentSystem\vendor\laravel\framework\src\Illuminate\Foundation\Http\Middleware\TransformsRequest.php(21): Illuminate\Pipeline\Pipeline-&gt;{closure:{closure:Illuminate\Pipeline\Pipeline::carry():194}:195}(Object(Illuminate\Http\Request))
#50 C:\laragon\www\CarRentSystem\vendor\laravel\framework\src\Illuminate\Foundation\Http\Middleware\TrimStrings.php(51): Illuminate\Foundation\Http\Middleware\TransformsRequest-&gt;handle(Object(Illuminate\Http\Request), Object(Closure))
#51 C:\laragon\www\CarRentSystem\vendor\laravel\framework\src\Illuminate\Pipeline\Pipeline.php(219): Illuminate\Foundation\Http\Middleware\TrimStrings-&gt;handle(Object(Illuminate\Http\Request), Object(Closure))
#52 C:\laragon\www\CarRentSystem\vendor\laravel\framework\src\Illuminate\Http\Middleware\ValidatePostSize.php(27): Illuminate\Pipeline\Pipeline-&gt;{closure:{closure:Illuminate\Pipeline\Pipeline::carry():194}:195}(Object(Illuminate\Http\Request))
#53 C:\laragon\www\CarRentSystem\vendor\laravel\framework\src\Illuminate\Pipeline\Pipeline.php(219): Illuminate\Http\Middleware\ValidatePostSize-&gt;handle(Object(Illuminate\Http\Request), Object(Closure))
#54 C:\laragon\www\CarRentSystem\vendor\laravel\framework\src\Illuminate\Foundation\Http\Middleware\PreventRequestsDuringMaintenance.php(109): Illuminate\Pipeline\Pipeline-&gt;{closure:{closure:Illuminate\Pipeline\Pipeline::carry():194}:195}(Object(Illuminate\Http\Request))
#55 C:\laragon\www\CarRentSystem\vendor\laravel\framework\src\Illuminate\Pipeline\Pipeline.php(219): Illuminate\Foundation\Http\Middleware\PreventRequestsDuringMaintenance-&gt;handle(Object(Illuminate\Http\Request), Object(Closure))
#56 C:\laragon\www\CarRentSystem\vendor\laravel\framework\src\Illuminate\Http\Middleware\HandleCors.php(61): Illuminate\Pipeline\Pipeline-&gt;{closure:{closure:Illuminate\Pipeline\Pipeline::carry():194}:195}(Object(Illuminate\Http\Request))
#57 C:\laragon\www\CarRentSystem\vendor\laravel\framework\src\Illuminate\Pipeline\Pipeline.php(219): Illuminate\Http\Middleware\HandleCors-&gt;handle(Object(Illuminate\Http\Request), Object(Closure))
#58 C:\laragon\www\CarRentSystem\vendor\laravel\framework\src\Illuminate\Http\Middleware\TrustProxies.php(58): Illuminate\Pipeline\Pipeline-&gt;{closure:{closure:Illuminate\Pipeline\Pipeline::carry():194}:195}(Object(Illuminate\Http\Request))
#59 C:\laragon\www\CarRentSystem\vendor\laravel\framework\src\Illuminate\Pipeline\Pipeline.php(219): Illuminate\Http\Middleware\TrustProxies-&gt;handle(Object(Illuminate\Http\Request), Object(Closure))
#60 C:\laragon\www\CarRentSystem\vendor\laravel\framework\src\Illuminate\Foundation\Http\Middleware\InvokeDeferredCallbacks.php(22): Illuminate\Pipeline\Pipeline-&gt;{closure:{closure:Illuminate\Pipeline\Pipeline::carry():194}:195}(Object(Illuminate\Http\Request))
#61 C:\laragon\www\CarRentSystem\vendor\laravel\framework\src\Illuminate\Pipeline\Pipeline.php(219): Illuminate\Foundation\Http\Middleware\InvokeDeferredCallbacks-&gt;handle(Object(Illuminate\Http\Request), Object(Closure))
#62 C:\laragon\www\CarRentSystem\vendor\laravel\framework\src\Illuminate\Http\Middleware\ValidatePathEncoding.php(26): Illuminate\Pipeline\Pipeline-&gt;{closure:{closure:Illuminate\Pipeline\Pipeline::carry():194}:195}(Object(Illuminate\Http\Request))
#63 C:\laragon\www\CarRentSystem\vendor\laravel\framework\src\Illuminate\Pipeline\Pipeline.php(219): Illuminate\Http\Middleware\ValidatePathEncoding-&gt;handle(Object(Illuminate\Http\Request), Object(Closure))
#64 C:\laragon\www\CarRentSystem\vendor\laravel\framework\src\Illuminate\Pipeline\Pipeline.php(137): Illuminate\Pipeline\Pipeline-&gt;{closure:{closure:Illuminate\Pipeline\Pipeline::carry():194}:195}(Object(Illuminate\Http\Request))
#65 C:\laragon\www\CarRentSystem\vendor\laravel\framework\src\Illuminate\Foundation\Http\Kernel.php(175): Illuminate\Pipeline\Pipeline-&gt;then(Object(Closure))
#66 C:\laragon\www\CarRentSystem\vendor\laravel\framework\src\Illuminate\Foundation\Http\Kernel.php(144): Illuminate\Foundation\Http\Kernel-&gt;sendRequestThroughRouter(Object(Illuminate\Http\Request))
#67 C:\laragon\www\CarRentSystem\vendor\laravel\framework\src\Illuminate\Foundation\Testing\Concerns\MakesHttpRequests.php(607): Illuminate\Foundation\Http\Kernel-&gt;handle(Object(Illuminate\Http\Request))
#68 C:\laragon\www\CarRentSystem\vendor\laravel\framework\src\Illuminate\Foundation\Testing\Concerns\MakesHttpRequests.php(573): Illuminate\Foundation\Testing\TestCase-&gt;call('POST', '/api/bookings', Array, Array, Array, Array, '{"car_id":1,"st...')
#69 C:\laragon\www\CarRentSystem\vendor\laravel\framework\src\Illuminate\Foundation\Testing\Concerns\MakesHttpRequests.php(411): Illuminate\Foundation\Testing\TestCase-&gt;json('POST', '/api/bookings', Array, Array, 0)
#70 C:\laragon\www\CarRentSystem\tests\Feature\Api\BookingControllerTest.php(90): Illuminate\Foundation\Testing\TestCase-&gt;postJson('/api/bookings', Array)
#71 C:\laragon\www\CarRentSystem\vendor\pestphp\pest\src\Factories\TestCaseMethodFactory.php(168): P\Tests\Feature\Api\BookingControllerTest-&gt;{closure:C:\laragon\www\CarRentSystem\tests\Feature\Api\BookingControllerTest.php:79}()
#72 [internal function]: P\Tests\Feature\Api\BookingControllerTest-&gt;{closure:Pest\Factories\TestCaseMethodFactory::getClosure():158}()
#73 C:\laragon\www\CarRentSystem\vendor\pestphp\pest\src\Concerns\Testable.php(429): call_user_func_array(Object(Closure), Array)
#74 C:\laragon\www\CarRentSystem\vendor\pestphp\pest\src\Support\ExceptionTrace.php(26): P\Tests\Feature\Api\BookingControllerTest-&gt;{closure:Pest\Concerns\Testable::__callClosure():429}()
#75 C:\laragon\www\CarRentSystem\vendor\pestphp\pest\src\Concerns\Testable.php(429): Pest\Support\ExceptionTrace::ensure(Object(Closure))
#76 C:\laragon\www\CarRentSystem\vendor\pestphp\pest\src\Concerns\Testable.php(331): P\Tests\Feature\Api\BookingControllerTest-&gt;__callClosure(Object(Closure), Array)
#77 C:\laragon\www\CarRentSystem\vendor\pestphp\pest\src\Factories\TestCaseFactory.php(169) : eval()'d code(41): P\Tests\Feature\Api\BookingControllerTest-&gt;__runTest(Object(Closure))
#78 C:\laragon\www\CarRentSystem\vendor\phpunit\phpunit\src\Framework\TestCase.php(1316): P\Tests\Feature\Api\BookingControllerTest-&gt;__pest_evaluable_cannot_book_unavailable_car()
#79 C:\laragon\www\CarRentSystem\vendor\phpunit\phpunit\src\Framework\TestCase.php(516): PHPUnit\Framework\TestCase-&gt;runTest()
#80 C:\laragon\www\CarRentSystem\vendor\phpunit\phpunit\src\Framework\TestRunner\TestRunner.php(99): PHPUnit\Framework\TestCase-&gt;runBare()
#81 C:\laragon\www\CarRentSystem\vendor\phpunit\phpunit\src\Framework\TestCase.php(357): PHPUnit\Framework\TestRunner-&gt;run(Object(P\Tests\Feature\Api\BookingControllerTest))
#82 C:\laragon\www\CarRentSystem\vendor\phpunit\phpunit\src\Framework\TestSuite.php(374): PHPUnit\Framework\TestCase-&gt;run()
#83 C:\laragon\www\CarRentSystem\vendor\brianium\paratest\src\WrapperRunner\ApplicationForWrapperWorker.php(116): PHPUnit\Framework\TestSuite-&gt;run()
#84 C:\laragon\www\CarRentSystem\vendor\pestphp\pest\bin\worker.php(105): ParaTest\WrapperRunner\ApplicationForWrapperWorker-&gt;runTest('C:\\laragon\\www\\...')
#85 C:\laragon\www\CarRentSystem\vendor\pestphp\pest\bin\worker.php(110): {closure:C:\laragon\www\CarRentSystem\vendor\pestphp\pest\bin\worker.php:30}()
#86 {main}

----------------------------------------------------------------------------------

Class "Stripe\Stripe" not found&#13;
&#13;
at vendor\laravel\framework\src\Illuminate\Testing\TestResponseAssert.php:45
at vendor\laravel\framework\src\Illuminate\Testing\TestResponse.php:174
at tests\Feature\Api\BookingControllerTest.php:97</failure>
      </testcase>
      <testcase name="cannot book car with overlapping dates" class="Tests\Feature\Api\BookingControllerTest" classname="Tests.Feature.Api.BookingControllerTest" file="tests\Feature\Api\BookingControllerTest.php::cannot book car with overlapping dates" line="0" assertions="1" time="0.161590">
        <failure type="PHPUnit\Framework\ExpectationFailedException">cannot book car with overlapping datesExpected response status code [422] but received 500.
Failed asserting that 500 is identical to 422.&#13;
&#13;
The following exception occurred during the last request:

Error: Class "Stripe\Stripe" not found in C:\laragon\www\CarRentSystem\app\Services\PaymentService.php:19
Stack trace:
#0 [internal function]: App\Services\PaymentService-&gt;__construct()
#1 C:\laragon\www\CarRentSystem\vendor\laravel\framework\src\Illuminate\Container\Container.php(1211): ReflectionClass-&gt;newInstanceArgs(Array)
#2 C:\laragon\www\CarRentSystem\vendor\laravel\framework\src\Illuminate\Container\Container.php(972): Illuminate\Container\Container-&gt;build('App\\Services\\Pa...')
#3 C:\laragon\www\CarRentSystem\vendor\laravel\framework\src\Illuminate\Foundation\Application.php(1078): Illuminate\Container\Container-&gt;resolve('App\\Services\\Pa...', Array, true)
#4 C:\laragon\www\CarRentSystem\vendor\laravel\framework\src\Illuminate\Container\Container.php(903): Illuminate\Foundation\Application-&gt;resolve('App\\Services\\Pa...', Array)
#5 C:\laragon\www\CarRentSystem\vendor\laravel\framework\src\Illuminate\Foundation\Application.php(1058): Illuminate\Container\Container-&gt;make('App\\Services\\Pa...', Array)
#6 C:\laragon\www\CarRentSystem\vendor\laravel\framework\src\Illuminate\Container\Container.php(1379): Illuminate\Foundation\Application-&gt;make('App\\Services\\Pa...')
#7 C:\laragon\www\CarRentSystem\vendor\laravel\framework\src\Illuminate\Container\Container.php(1278): Illuminate\Container\Container-&gt;resolveClass(Object(ReflectionParameter))
#8 C:\laragon\www\CarRentSystem\vendor\laravel\framework\src\Illuminate\Container\Container.php(1201): Illuminate\Container\Container-&gt;resolveDependencies(Array)
#9 C:\laragon\www\CarRentSystem\vendor\laravel\framework\src\Illuminate\Container\Container.php(972): Illuminate\Container\Container-&gt;build('App\\Actions\\Boo...')
#10 C:\laragon\www\CarRentSystem\vendor\laravel\framework\src\Illuminate\Foundation\Application.php(1078): Illuminate\Container\Container-&gt;resolve('App\\Actions\\Boo...', Array, true)
#11 C:\laragon\www\CarRentSystem\vendor\laravel\framework\src\Illuminate\Container\Container.php(903): Illuminate\Foundation\Application-&gt;resolve('App\\Actions\\Boo...', Array)
#12 C:\laragon\www\CarRentSystem\vendor\laravel\framework\src\Illuminate\Foundation\Application.php(1058): Illuminate\Container\Container-&gt;make('App\\Actions\\Boo...', Array)
#13 C:\laragon\www\CarRentSystem\vendor\laravel\framework\src\Illuminate\Container\Container.php(1379): Illuminate\Foundation\Application-&gt;make('App\\Actions\\Boo...')
#14 C:\laragon\www\CarRentSystem\vendor\laravel\framework\src\Illuminate\Container\Container.php(1278): Illuminate\Container\Container-&gt;resolveClass(Object(ReflectionParameter))
#15 C:\laragon\www\CarRentSystem\vendor\laravel\framework\src\Illuminate\Container\Container.php(1201): Illuminate\Container\Container-&gt;resolveDependencies(Array)
#16 C:\laragon\www\CarRentSystem\vendor\laravel\framework\src\Illuminate\Container\Container.php(972): Illuminate\Container\Container-&gt;build('App\\Http\\Contro...')
#17 C:\laragon\www\CarRentSystem\vendor\laravel\framework\src\Illuminate\Foundation\Application.php(1078): Illuminate\Container\Container-&gt;resolve('App\\Http\\Contro...', Array, true)
#18 C:\laragon\www\CarRentSystem\vendor\laravel\framework\src\Illuminate\Container\Container.php(903): Illuminate\Foundation\Application-&gt;resolve('App\\Http\\Contro...', Array)
#19 C:\laragon\www\CarRentSystem\vendor\laravel\framework\src\Illuminate\Foundation\Application.php(1058): Illuminate\Container\Container-&gt;make('App\\Http\\Contro...', Array)
#20 C:\laragon\www\CarRentSystem\vendor\laravel\framework\src\Illuminate\Routing\Route.php(286): Illuminate\Foundation\Application-&gt;make('App\\Http\\Contro...')
#21 C:\laragon\www\CarRentSystem\vendor\laravel\framework\src\Illuminate\Routing\Route.php(266): Illuminate\Routing\Route-&gt;getController()
#22 C:\laragon\www\CarRentSystem\vendor\laravel\framework\src\Illuminate\Routing\Route.php(211): Illuminate\Routing\Route-&gt;runController()
#23 C:\laragon\www\CarRentSystem\vendor\laravel\framework\src\Illuminate\Routing\Router.php(822): Illuminate\Routing\Route-&gt;run()
#24 C:\laragon\www\CarRentSystem\vendor\laravel\framework\src\Illuminate\Pipeline\Pipeline.php(180): Illuminate\Routing\Router-&gt;{closure:Illuminate\Routing\Router::runRouteWithinStack():821}(Object(Illuminate\Http\Request))
#25 C:\laragon\www\CarRentSystem\vendor\laravel\framework\src\Illuminate\Routing\Middleware\SubstituteBindings.php(50): Illuminate\Pipeline\Pipeline-&gt;{closure:Illuminate\Pipeline\Pipeline::prepareDestination():178}(Object(Illuminate\Http\Request))
#26 C:\laragon\www\CarRentSystem\vendor\laravel\framework\src\Illuminate\Pipeline\Pipeline.php(219): Illuminate\Routing\Middleware\SubstituteBindings-&gt;handle(Object(Illuminate\Http\Request), Object(Closure))
#27 C:\laragon\www\CarRentSystem\vendor\laravel\framework\src\Illuminate\Routing\Middleware\ThrottleRequests.php(160): Illuminate\Pipeline\Pipeline-&gt;{closure:{closure:Illuminate\Pipeline\Pipeline::carry():194}:195}(Object(Illuminate\Http\Request))
#28 C:\laragon\www\CarRentSystem\vendor\laravel\framework\src\Illuminate\Routing\Middleware\ThrottleRequests.php(91): Illuminate\Routing\Middleware\ThrottleRequests-&gt;handleRequest(Object(Illuminate\Http\Request), Object(Closure), Array)
#29 C:\laragon\www\CarRentSystem\vendor\laravel\framework\src\Illuminate\Pipeline\Pipeline.php(219): Illuminate\Routing\Middleware\ThrottleRequests-&gt;handle(Object(Illuminate\Http\Request), Object(Closure), '10', '1')
#30 C:\laragon\www\CarRentSystem\vendor\laravel\framework\src\Illuminate\Auth\Middleware\Authenticate.php(63): Illuminate\Pipeline\Pipeline-&gt;{closure:{closure:Illuminate\Pipeline\Pipeline::carry():194}:195}(Object(Illuminate\Http\Request))
#31 C:\laragon\www\CarRentSystem\vendor\laravel\framework\src\Illuminate\Pipeline\Pipeline.php(219): Illuminate\Auth\Middleware\Authenticate-&gt;handle(Object(Illuminate\Http\Request), Object(Closure), 'sanctum')
#32 C:\laragon\www\CarRentSystem\vendor\laravel\sanctum\src\Http\Middleware\EnsureFrontendRequestsAreStateful.php(26): Illuminate\Pipeline\Pipeline-&gt;{closure:{closure:Illuminate\Pipeline\Pipeline::carry():194}:195}(Object(Illuminate\Http\Request))
#33 C:\laragon\www\CarRentSystem\vendor\laravel\framework\src\Illuminate\Pipeline\Pipeline.php(180): Laravel\Sanctum\Http\Middleware\EnsureFrontendRequestsAreStateful-&gt;{closure:Laravel\Sanctum\Http\Middleware\EnsureFrontendRequestsAreStateful::handle():25}(Object(Illuminate\Http\Request))
#34 C:\laragon\www\CarRentSystem\vendor\laravel\framework\src\Illuminate\Pipeline\Pipeline.php(137): Illuminate\Pipeline\Pipeline-&gt;{closure:Illuminate\Pipeline\Pipeline::prepareDestination():178}(Object(Illuminate\Http\Request))
#35 C:\laragon\www\CarRentSystem\vendor\laravel\sanctum\src\Http\Middleware\EnsureFrontendRequestsAreStateful.php(25): Illuminate\Pipeline\Pipeline-&gt;then(Object(Closure))
#36 C:\laragon\www\CarRentSystem\vendor\laravel\framework\src\Illuminate\Pipeline\Pipeline.php(219): Laravel\Sanctum\Http\Middleware\EnsureFrontendRequestsAreStateful-&gt;handle(Object(Illuminate\Http\Request), Object(Closure))
#37 C:\laragon\www\CarRentSystem\vendor\laravel\framework\src\Illuminate\Pipeline\Pipeline.php(137): Illuminate\Pipeline\Pipeline-&gt;{closure:{closure:Illuminate\Pipeline\Pipeline::carry():194}:195}(Object(Illuminate\Http\Request))
#38 C:\laragon\www\CarRentSystem\vendor\laravel\framework\src\Illuminate\Routing\Router.php(821): Illuminate\Pipeline\Pipeline-&gt;then(Object(Closure))
#39 C:\laragon\www\CarRentSystem\vendor\laravel\framework\src\Illuminate\Routing\Router.php(800): Illuminate\Routing\Router-&gt;runRouteWithinStack(Object(Illuminate\Routing\Route), Object(Illuminate\Http\Request))
#40 C:\laragon\www\CarRentSystem\vendor\laravel\framework\src\Illuminate\Routing\Router.php(764): Illuminate\Routing\Router-&gt;runRoute(Object(Illuminate\Http\Request), Object(Illuminate\Routing\Route))
#41 C:\laragon\www\CarRentSystem\vendor\laravel\framework\src\Illuminate\Routing\Router.php(753): Illuminate\Routing\Router-&gt;dispatchToRoute(Object(Illuminate\Http\Request))
#42 C:\laragon\www\CarRentSystem\vendor\laravel\framework\src\Illuminate\Foundation\Http\Kernel.php(200): Illuminate\Routing\Router-&gt;dispatch(Object(Illuminate\Http\Request))
#43 C:\laragon\www\CarRentSystem\vendor\laravel\framework\src\Illuminate\Pipeline\Pipeline.php(180): Illuminate\Foundation\Http\Kernel-&gt;{closure:Illuminate\Foundation\Http\Kernel::dispatchToRouter():197}(Object(Illuminate\Http\Request))
#44 C:\laragon\www\CarRentSystem\vendor\livewire\livewire\src\Features\SupportDisablingBackButtonCache\DisableBackButtonCacheMiddleware.php(19): Illuminate\Pipeline\Pipeline-&gt;{closure:Illuminate\Pipeline\Pipeline::prepareDestination():178}(Object(Illuminate\Http\Request))
#45 C:\laragon\www\CarRentSystem\vendor\laravel\framework\src\Illuminate\Pipeline\Pipeline.php(219): Livewire\Features\SupportDisablingBackButtonCache\DisableBackButtonCacheMiddleware-&gt;handle(Object(Illuminate\Http\Request), Object(Closure))
#46 C:\laragon\www\CarRentSystem\vendor\laravel\framework\src\Illuminate\Foundation\Http\Middleware\TransformsRequest.php(21): Illuminate\Pipeline\Pipeline-&gt;{closure:{closure:Illuminate\Pipeline\Pipeline::carry():194}:195}(Object(Illuminate\Http\Request))
#47 C:\laragon\www\CarRentSystem\vendor\laravel\framework\src\Illuminate\Foundation\Http\Middleware\ConvertEmptyStringsToNull.php(31): Illuminate\Foundation\Http\Middleware\TransformsRequest-&gt;handle(Object(Illuminate\Http\Request), Object(Closure))
#48 C:\laragon\www\CarRentSystem\vendor\laravel\framework\src\Illuminate\Pipeline\Pipeline.php(219): Illuminate\Foundation\Http\Middleware\ConvertEmptyStringsToNull-&gt;handle(Object(Illuminate\Http\Request), Object(Closure))
#49 C:\laragon\www\CarRentSystem\vendor\laravel\framework\src\Illuminate\Foundation\Http\Middleware\TransformsRequest.php(21): Illuminate\Pipeline\Pipeline-&gt;{closure:{closure:Illuminate\Pipeline\Pipeline::carry():194}:195}(Object(Illuminate\Http\Request))
#50 C:\laragon\www\CarRentSystem\vendor\laravel\framework\src\Illuminate\Foundation\Http\Middleware\TrimStrings.php(51): Illuminate\Foundation\Http\Middleware\TransformsRequest-&gt;handle(Object(Illuminate\Http\Request), Object(Closure))
#51 C:\laragon\www\CarRentSystem\vendor\laravel\framework\src\Illuminate\Pipeline\Pipeline.php(219): Illuminate\Foundation\Http\Middleware\TrimStrings-&gt;handle(Object(Illuminate\Http\Request), Object(Closure))
#52 C:\laragon\www\CarRentSystem\vendor\laravel\framework\src\Illuminate\Http\Middleware\ValidatePostSize.php(27): Illuminate\Pipeline\Pipeline-&gt;{closure:{closure:Illuminate\Pipeline\Pipeline::carry():194}:195}(Object(Illuminate\Http\Request))
#53 C:\laragon\www\CarRentSystem\vendor\laravel\framework\src\Illuminate\Pipeline\Pipeline.php(219): Illuminate\Http\Middleware\ValidatePostSize-&gt;handle(Object(Illuminate\Http\Request), Object(Closure))
#54 C:\laragon\www\CarRentSystem\vendor\laravel\framework\src\Illuminate\Foundation\Http\Middleware\PreventRequestsDuringMaintenance.php(109): Illuminate\Pipeline\Pipeline-&gt;{closure:{closure:Illuminate\Pipeline\Pipeline::carry():194}:195}(Object(Illuminate\Http\Request))
#55 C:\laragon\www\CarRentSystem\vendor\laravel\framework\src\Illuminate\Pipeline\Pipeline.php(219): Illuminate\Foundation\Http\Middleware\PreventRequestsDuringMaintenance-&gt;handle(Object(Illuminate\Http\Request), Object(Closure))
#56 C:\laragon\www\CarRentSystem\vendor\laravel\framework\src\Illuminate\Http\Middleware\HandleCors.php(61): Illuminate\Pipeline\Pipeline-&gt;{closure:{closure:Illuminate\Pipeline\Pipeline::carry():194}:195}(Object(Illuminate\Http\Request))
#57 C:\laragon\www\CarRentSystem\vendor\laravel\framework\src\Illuminate\Pipeline\Pipeline.php(219): Illuminate\Http\Middleware\HandleCors-&gt;handle(Object(Illuminate\Http\Request), Object(Closure))
#58 C:\laragon\www\CarRentSystem\vendor\laravel\framework\src\Illuminate\Http\Middleware\TrustProxies.php(58): Illuminate\Pipeline\Pipeline-&gt;{closure:{closure:Illuminate\Pipeline\Pipeline::carry():194}:195}(Object(Illuminate\Http\Request))
#59 C:\laragon\www\CarRentSystem\vendor\laravel\framework\src\Illuminate\Pipeline\Pipeline.php(219): Illuminate\Http\Middleware\TrustProxies-&gt;handle(Object(Illuminate\Http\Request), Object(Closure))
#60 C:\laragon\www\CarRentSystem\vendor\laravel\framework\src\Illuminate\Foundation\Http\Middleware\InvokeDeferredCallbacks.php(22): Illuminate\Pipeline\Pipeline-&gt;{closure:{closure:Illuminate\Pipeline\Pipeline::carry():194}:195}(Object(Illuminate\Http\Request))
#61 C:\laragon\www\CarRentSystem\vendor\laravel\framework\src\Illuminate\Pipeline\Pipeline.php(219): Illuminate\Foundation\Http\Middleware\InvokeDeferredCallbacks-&gt;handle(Object(Illuminate\Http\Request), Object(Closure))
#62 C:\laragon\www\CarRentSystem\vendor\laravel\framework\src\Illuminate\Http\Middleware\ValidatePathEncoding.php(26): Illuminate\Pipeline\Pipeline-&gt;{closure:{closure:Illuminate\Pipeline\Pipeline::carry():194}:195}(Object(Illuminate\Http\Request))
#63 C:\laragon\www\CarRentSystem\vendor\laravel\framework\src\Illuminate\Pipeline\Pipeline.php(219): Illuminate\Http\Middleware\ValidatePathEncoding-&gt;handle(Object(Illuminate\Http\Request), Object(Closure))
#64 C:\laragon\www\CarRentSystem\vendor\laravel\framework\src\Illuminate\Pipeline\Pipeline.php(137): Illuminate\Pipeline\Pipeline-&gt;{closure:{closure:Illuminate\Pipeline\Pipeline::carry():194}:195}(Object(Illuminate\Http\Request))
#65 C:\laragon\www\CarRentSystem\vendor\laravel\framework\src\Illuminate\Foundation\Http\Kernel.php(175): Illuminate\Pipeline\Pipeline-&gt;then(Object(Closure))
#66 C:\laragon\www\CarRentSystem\vendor\laravel\framework\src\Illuminate\Foundation\Http\Kernel.php(144): Illuminate\Foundation\Http\Kernel-&gt;sendRequestThroughRouter(Object(Illuminate\Http\Request))
#67 C:\laragon\www\CarRentSystem\vendor\laravel\framework\src\Illuminate\Foundation\Testing\Concerns\MakesHttpRequests.php(607): Illuminate\Foundation\Http\Kernel-&gt;handle(Object(Illuminate\Http\Request))
#68 C:\laragon\www\CarRentSystem\vendor\laravel\framework\src\Illuminate\Foundation\Testing\Concerns\MakesHttpRequests.php(573): Illuminate\Foundation\Testing\TestCase-&gt;call('POST', '/api/bookings', Array, Array, Array, Array, '{"car_id":1,"st...')
#69 C:\laragon\www\CarRentSystem\vendor\laravel\framework\src\Illuminate\Foundation\Testing\Concerns\MakesHttpRequests.php(411): Illuminate\Foundation\Testing\TestCase-&gt;json('POST', '/api/bookings', Array, Array, 0)
#70 C:\laragon\www\CarRentSystem\tests\Feature\Api\BookingControllerTest.php(123): Illuminate\Foundation\Testing\TestCase-&gt;postJson('/api/bookings', Array)
#71 C:\laragon\www\CarRentSystem\vendor\pestphp\pest\src\Factories\TestCaseMethodFactory.php(168): P\Tests\Feature\Api\BookingControllerTest-&gt;{closure:C:\laragon\www\CarRentSystem\tests\Feature\Api\BookingControllerTest.php:101}()
#72 [internal function]: P\Tests\Feature\Api\BookingControllerTest-&gt;{closure:Pest\Factories\TestCaseMethodFactory::getClosure():158}()
#73 C:\laragon\www\CarRentSystem\vendor\pestphp\pest\src\Concerns\Testable.php(429): call_user_func_array(Object(Closure), Array)
#74 C:\laragon\www\CarRentSystem\vendor\pestphp\pest\src\Support\ExceptionTrace.php(26): P\Tests\Feature\Api\BookingControllerTest-&gt;{closure:Pest\Concerns\Testable::__callClosure():429}()
#75 C:\laragon\www\CarRentSystem\vendor\pestphp\pest\src\Concerns\Testable.php(429): Pest\Support\ExceptionTrace::ensure(Object(Closure))
#76 C:\laragon\www\CarRentSystem\vendor\pestphp\pest\src\Concerns\Testable.php(331): P\Tests\Feature\Api\BookingControllerTest-&gt;__callClosure(Object(Closure), Array)
#77 C:\laragon\www\CarRentSystem\vendor\pestphp\pest\src\Factories\TestCaseFactory.php(169) : eval()'d code(52): P\Tests\Feature\Api\BookingControllerTest-&gt;__runTest(Object(Closure))
#78 C:\laragon\www\CarRentSystem\vendor\phpunit\phpunit\src\Framework\TestCase.php(1316): P\Tests\Feature\Api\BookingControllerTest-&gt;__pest_evaluable_cannot_book_car_with_overlapping_dates()
#79 C:\laragon\www\CarRentSystem\vendor\phpunit\phpunit\src\Framework\TestCase.php(516): PHPUnit\Framework\TestCase-&gt;runTest()
#80 C:\laragon\www\CarRentSystem\vendor\phpunit\phpunit\src\Framework\TestRunner\TestRunner.php(99): PHPUnit\Framework\TestCase-&gt;runBare()
#81 C:\laragon\www\CarRentSystem\vendor\phpunit\phpunit\src\Framework\TestCase.php(357): PHPUnit\Framework\TestRunner-&gt;run(Object(P\Tests\Feature\Api\BookingControllerTest))
#82 C:\laragon\www\CarRentSystem\vendor\phpunit\phpunit\src\Framework\TestSuite.php(374): PHPUnit\Framework\TestCase-&gt;run()
#83 C:\laragon\www\CarRentSystem\vendor\brianium\paratest\src\WrapperRunner\ApplicationForWrapperWorker.php(116): PHPUnit\Framework\TestSuite-&gt;run()
#84 C:\laragon\www\CarRentSystem\vendor\pestphp\pest\bin\worker.php(105): ParaTest\WrapperRunner\ApplicationForWrapperWorker-&gt;runTest('C:\\laragon\\www\\...')
#85 C:\laragon\www\CarRentSystem\vendor\pestphp\pest\bin\worker.php(110): {closure:C:\laragon\www\CarRentSystem\vendor\pestphp\pest\bin\worker.php:30}()
#86 {main}

----------------------------------------------------------------------------------

Class "Stripe\Stripe" not found&#13;
&#13;
at vendor\laravel\framework\src\Illuminate\Testing\TestResponseAssert.php:45
at vendor\laravel\framework\src\Illuminate\Testing\TestResponse.php:174
at tests\Feature\Api\BookingControllerTest.php:130</failure>
      </testcase>
      <testcase name="can show booking to renter" class="Tests\Feature\Api\BookingControllerTest" classname="Tests.Feature.Api.BookingControllerTest" file="tests\Feature\Api\BookingControllerTest.php::can show booking to renter" line="0" assertions="1" time="0.210091">
        <failure type="PHPUnit\Framework\ExpectationFailedException">can show booking to renterExpected response status code [&gt;=200, &lt;300] but received 500.
Failed asserting that false is true.&#13;
&#13;
The following exception occurred during the last request:

Error: Class "Stripe\Stripe" not found in C:\laragon\www\CarRentSystem\app\Services\PaymentService.php:19
Stack trace:
#0 [internal function]: App\Services\PaymentService-&gt;__construct()
#1 C:\laragon\www\CarRentSystem\vendor\laravel\framework\src\Illuminate\Container\Container.php(1211): ReflectionClass-&gt;newInstanceArgs(Array)
#2 C:\laragon\www\CarRentSystem\vendor\laravel\framework\src\Illuminate\Container\Container.php(972): Illuminate\Container\Container-&gt;build('App\\Services\\Pa...')
#3 C:\laragon\www\CarRentSystem\vendor\laravel\framework\src\Illuminate\Foundation\Application.php(1078): Illuminate\Container\Container-&gt;resolve('App\\Services\\Pa...', Array, true)
#4 C:\laragon\www\CarRentSystem\vendor\laravel\framework\src\Illuminate\Container\Container.php(903): Illuminate\Foundation\Application-&gt;resolve('App\\Services\\Pa...', Array)
#5 C:\laragon\www\CarRentSystem\vendor\laravel\framework\src\Illuminate\Foundation\Application.php(1058): Illuminate\Container\Container-&gt;make('App\\Services\\Pa...', Array)
#6 C:\laragon\www\CarRentSystem\vendor\laravel\framework\src\Illuminate\Container\Container.php(1379): Illuminate\Foundation\Application-&gt;make('App\\Services\\Pa...')
#7 C:\laragon\www\CarRentSystem\vendor\laravel\framework\src\Illuminate\Container\Container.php(1278): Illuminate\Container\Container-&gt;resolveClass(Object(ReflectionParameter))
#8 C:\laragon\www\CarRentSystem\vendor\laravel\framework\src\Illuminate\Container\Container.php(1201): Illuminate\Container\Container-&gt;resolveDependencies(Array)
#9 C:\laragon\www\CarRentSystem\vendor\laravel\framework\src\Illuminate\Container\Container.php(972): Illuminate\Container\Container-&gt;build('App\\Actions\\Boo...')
#10 C:\laragon\www\CarRentSystem\vendor\laravel\framework\src\Illuminate\Foundation\Application.php(1078): Illuminate\Container\Container-&gt;resolve('App\\Actions\\Boo...', Array, true)
#11 C:\laragon\www\CarRentSystem\vendor\laravel\framework\src\Illuminate\Container\Container.php(903): Illuminate\Foundation\Application-&gt;resolve('App\\Actions\\Boo...', Array)
#12 C:\laragon\www\CarRentSystem\vendor\laravel\framework\src\Illuminate\Foundation\Application.php(1058): Illuminate\Container\Container-&gt;make('App\\Actions\\Boo...', Array)
#13 C:\laragon\www\CarRentSystem\vendor\laravel\framework\src\Illuminate\Container\Container.php(1379): Illuminate\Foundation\Application-&gt;make('App\\Actions\\Boo...')
#14 C:\laragon\www\CarRentSystem\vendor\laravel\framework\src\Illuminate\Container\Container.php(1278): Illuminate\Container\Container-&gt;resolveClass(Object(ReflectionParameter))
#15 C:\laragon\www\CarRentSystem\vendor\laravel\framework\src\Illuminate\Container\Container.php(1201): Illuminate\Container\Container-&gt;resolveDependencies(Array)
#16 C:\laragon\www\CarRentSystem\vendor\laravel\framework\src\Illuminate\Container\Container.php(972): Illuminate\Container\Container-&gt;build('App\\Http\\Contro...')
#17 C:\laragon\www\CarRentSystem\vendor\laravel\framework\src\Illuminate\Foundation\Application.php(1078): Illuminate\Container\Container-&gt;resolve('App\\Http\\Contro...', Array, true)
#18 C:\laragon\www\CarRentSystem\vendor\laravel\framework\src\Illuminate\Container\Container.php(903): Illuminate\Foundation\Application-&gt;resolve('App\\Http\\Contro...', Array)
#19 C:\laragon\www\CarRentSystem\vendor\laravel\framework\src\Illuminate\Foundation\Application.php(1058): Illuminate\Container\Container-&gt;make('App\\Http\\Contro...', Array)
#20 C:\laragon\www\CarRentSystem\vendor\laravel\framework\src\Illuminate\Routing\Route.php(286): Illuminate\Foundation\Application-&gt;make('App\\Http\\Contro...')
#21 C:\laragon\www\CarRentSystem\vendor\laravel\framework\src\Illuminate\Routing\Route.php(266): Illuminate\Routing\Route-&gt;getController()
#22 C:\laragon\www\CarRentSystem\vendor\laravel\framework\src\Illuminate\Routing\Route.php(211): Illuminate\Routing\Route-&gt;runController()
#23 C:\laragon\www\CarRentSystem\vendor\laravel\framework\src\Illuminate\Routing\Router.php(822): Illuminate\Routing\Route-&gt;run()
#24 C:\laragon\www\CarRentSystem\vendor\laravel\framework\src\Illuminate\Pipeline\Pipeline.php(180): Illuminate\Routing\Router-&gt;{closure:Illuminate\Routing\Router::runRouteWithinStack():821}(Object(Illuminate\Http\Request))
#25 C:\laragon\www\CarRentSystem\vendor\laravel\framework\src\Illuminate\Routing\Middleware\SubstituteBindings.php(50): Illuminate\Pipeline\Pipeline-&gt;{closure:Illuminate\Pipeline\Pipeline::prepareDestination():178}(Object(Illuminate\Http\Request))
#26 C:\laragon\www\CarRentSystem\vendor\laravel\framework\src\Illuminate\Pipeline\Pipeline.php(219): Illuminate\Routing\Middleware\SubstituteBindings-&gt;handle(Object(Illuminate\Http\Request), Object(Closure))
#27 C:\laragon\www\CarRentSystem\vendor\laravel\framework\src\Illuminate\Routing\Middleware\ThrottleRequests.php(160): Illuminate\Pipeline\Pipeline-&gt;{closure:{closure:Illuminate\Pipeline\Pipeline::carry():194}:195}(Object(Illuminate\Http\Request))
#28 C:\laragon\www\CarRentSystem\vendor\laravel\framework\src\Illuminate\Routing\Middleware\ThrottleRequests.php(91): Illuminate\Routing\Middleware\ThrottleRequests-&gt;handleRequest(Object(Illuminate\Http\Request), Object(Closure), Array)
#29 C:\laragon\www\CarRentSystem\vendor\laravel\framework\src\Illuminate\Pipeline\Pipeline.php(219): Illuminate\Routing\Middleware\ThrottleRequests-&gt;handle(Object(Illuminate\Http\Request), Object(Closure), '100', '1')
#30 C:\laragon\www\CarRentSystem\vendor\laravel\framework\src\Illuminate\Auth\Middleware\Authenticate.php(63): Illuminate\Pipeline\Pipeline-&gt;{closure:{closure:Illuminate\Pipeline\Pipeline::carry():194}:195}(Object(Illuminate\Http\Request))
#31 C:\laragon\www\CarRentSystem\vendor\laravel\framework\src\Illuminate\Pipeline\Pipeline.php(219): Illuminate\Auth\Middleware\Authenticate-&gt;handle(Object(Illuminate\Http\Request), Object(Closure), 'sanctum')
#32 C:\laragon\www\CarRentSystem\vendor\laravel\sanctum\src\Http\Middleware\EnsureFrontendRequestsAreStateful.php(26): Illuminate\Pipeline\Pipeline-&gt;{closure:{closure:Illuminate\Pipeline\Pipeline::carry():194}:195}(Object(Illuminate\Http\Request))
#33 C:\laragon\www\CarRentSystem\vendor\laravel\framework\src\Illuminate\Pipeline\Pipeline.php(180): Laravel\Sanctum\Http\Middleware\EnsureFrontendRequestsAreStateful-&gt;{closure:Laravel\Sanctum\Http\Middleware\EnsureFrontendRequestsAreStateful::handle():25}(Object(Illuminate\Http\Request))
#34 C:\laragon\www\CarRentSystem\vendor\laravel\framework\src\Illuminate\Pipeline\Pipeline.php(137): Illuminate\Pipeline\Pipeline-&gt;{closure:Illuminate\Pipeline\Pipeline::prepareDestination():178}(Object(Illuminate\Http\Request))
#35 C:\laragon\www\CarRentSystem\vendor\laravel\sanctum\src\Http\Middleware\EnsureFrontendRequestsAreStateful.php(25): Illuminate\Pipeline\Pipeline-&gt;then(Object(Closure))
#36 C:\laragon\www\CarRentSystem\vendor\laravel\framework\src\Illuminate\Pipeline\Pipeline.php(219): Laravel\Sanctum\Http\Middleware\EnsureFrontendRequestsAreStateful-&gt;handle(Object(Illuminate\Http\Request), Object(Closure))
#37 C:\laragon\www\CarRentSystem\vendor\laravel\framework\src\Illuminate\Pipeline\Pipeline.php(137): Illuminate\Pipeline\Pipeline-&gt;{closure:{closure:Illuminate\Pipeline\Pipeline::carry():194}:195}(Object(Illuminate\Http\Request))
#38 C:\laragon\www\CarRentSystem\vendor\laravel\framework\src\Illuminate\Routing\Router.php(821): Illuminate\Pipeline\Pipeline-&gt;then(Object(Closure))
#39 C:\laragon\www\CarRentSystem\vendor\laravel\framework\src\Illuminate\Routing\Router.php(800): Illuminate\Routing\Router-&gt;runRouteWithinStack(Object(Illuminate\Routing\Route), Object(Illuminate\Http\Request))
#40 C:\laragon\www\CarRentSystem\vendor\laravel\framework\src\Illuminate\Routing\Router.php(764): Illuminate\Routing\Router-&gt;runRoute(Object(Illuminate\Http\Request), Object(Illuminate\Routing\Route))
#41 C:\laragon\www\CarRentSystem\vendor\laravel\framework\src\Illuminate\Routing\Router.php(753): Illuminate\Routing\Router-&gt;dispatchToRoute(Object(Illuminate\Http\Request))
#42 C:\laragon\www\CarRentSystem\vendor\laravel\framework\src\Illuminate\Foundation\Http\Kernel.php(200): Illuminate\Routing\Router-&gt;dispatch(Object(Illuminate\Http\Request))
#43 C:\laragon\www\CarRentSystem\vendor\laravel\framework\src\Illuminate\Pipeline\Pipeline.php(180): Illuminate\Foundation\Http\Kernel-&gt;{closure:Illuminate\Foundation\Http\Kernel::dispatchToRouter():197}(Object(Illuminate\Http\Request))
#44 C:\laragon\www\CarRentSystem\vendor\livewire\livewire\src\Features\SupportDisablingBackButtonCache\DisableBackButtonCacheMiddleware.php(19): Illuminate\Pipeline\Pipeline-&gt;{closure:Illuminate\Pipeline\Pipeline::prepareDestination():178}(Object(Illuminate\Http\Request))
#45 C:\laragon\www\CarRentSystem\vendor\laravel\framework\src\Illuminate\Pipeline\Pipeline.php(219): Livewire\Features\SupportDisablingBackButtonCache\DisableBackButtonCacheMiddleware-&gt;handle(Object(Illuminate\Http\Request), Object(Closure))
#46 C:\laragon\www\CarRentSystem\vendor\laravel\framework\src\Illuminate\Foundation\Http\Middleware\TransformsRequest.php(21): Illuminate\Pipeline\Pipeline-&gt;{closure:{closure:Illuminate\Pipeline\Pipeline::carry():194}:195}(Object(Illuminate\Http\Request))
#47 C:\laragon\www\CarRentSystem\vendor\laravel\framework\src\Illuminate\Foundation\Http\Middleware\ConvertEmptyStringsToNull.php(31): Illuminate\Foundation\Http\Middleware\TransformsRequest-&gt;handle(Object(Illuminate\Http\Request), Object(Closure))
#48 C:\laragon\www\CarRentSystem\vendor\laravel\framework\src\Illuminate\Pipeline\Pipeline.php(219): Illuminate\Foundation\Http\Middleware\ConvertEmptyStringsToNull-&gt;handle(Object(Illuminate\Http\Request), Object(Closure))
#49 C:\laragon\www\CarRentSystem\vendor\laravel\framework\src\Illuminate\Foundation\Http\Middleware\TransformsRequest.php(21): Illuminate\Pipeline\Pipeline-&gt;{closure:{closure:Illuminate\Pipeline\Pipeline::carry():194}:195}(Object(Illuminate\Http\Request))
#50 C:\laragon\www\CarRentSystem\vendor\laravel\framework\src\Illuminate\Foundation\Http\Middleware\TrimStrings.php(51): Illuminate\Foundation\Http\Middleware\TransformsRequest-&gt;handle(Object(Illuminate\Http\Request), Object(Closure))
#51 C:\laragon\www\CarRentSystem\vendor\laravel\framework\src\Illuminate\Pipeline\Pipeline.php(219): Illuminate\Foundation\Http\Middleware\TrimStrings-&gt;handle(Object(Illuminate\Http\Request), Object(Closure))
#52 C:\laragon\www\CarRentSystem\vendor\laravel\framework\src\Illuminate\Http\Middleware\ValidatePostSize.php(27): Illuminate\Pipeline\Pipeline-&gt;{closure:{closure:Illuminate\Pipeline\Pipeline::carry():194}:195}(Object(Illuminate\Http\Request))
#53 C:\laragon\www\CarRentSystem\vendor\laravel\framework\src\Illuminate\Pipeline\Pipeline.php(219): Illuminate\Http\Middleware\ValidatePostSize-&gt;handle(Object(Illuminate\Http\Request), Object(Closure))
#54 C:\laragon\www\CarRentSystem\vendor\laravel\framework\src\Illuminate\Foundation\Http\Middleware\PreventRequestsDuringMaintenance.php(109): Illuminate\Pipeline\Pipeline-&gt;{closure:{closure:Illuminate\Pipeline\Pipeline::carry():194}:195}(Object(Illuminate\Http\Request))
#55 C:\laragon\www\CarRentSystem\vendor\laravel\framework\src\Illuminate\Pipeline\Pipeline.php(219): Illuminate\Foundation\Http\Middleware\PreventRequestsDuringMaintenance-&gt;handle(Object(Illuminate\Http\Request), Object(Closure))
#56 C:\laragon\www\CarRentSystem\vendor\laravel\framework\src\Illuminate\Http\Middleware\HandleCors.php(61): Illuminate\Pipeline\Pipeline-&gt;{closure:{closure:Illuminate\Pipeline\Pipeline::carry():194}:195}(Object(Illuminate\Http\Request))
#57 C:\laragon\www\CarRentSystem\vendor\laravel\framework\src\Illuminate\Pipeline\Pipeline.php(219): Illuminate\Http\Middleware\HandleCors-&gt;handle(Object(Illuminate\Http\Request), Object(Closure))
#58 C:\laragon\www\CarRentSystem\vendor\laravel\framework\src\Illuminate\Http\Middleware\TrustProxies.php(58): Illuminate\Pipeline\Pipeline-&gt;{closure:{closure:Illuminate\Pipeline\Pipeline::carry():194}:195}(Object(Illuminate\Http\Request))
#59 C:\laragon\www\CarRentSystem\vendor\laravel\framework\src\Illuminate\Pipeline\Pipeline.php(219): Illuminate\Http\Middleware\TrustProxies-&gt;handle(Object(Illuminate\Http\Request), Object(Closure))
#60 C:\laragon\www\CarRentSystem\vendor\laravel\framework\src\Illuminate\Foundation\Http\Middleware\InvokeDeferredCallbacks.php(22): Illuminate\Pipeline\Pipeline-&gt;{closure:{closure:Illuminate\Pipeline\Pipeline::carry():194}:195}(Object(Illuminate\Http\Request))
#61 C:\laragon\www\CarRentSystem\vendor\laravel\framework\src\Illuminate\Pipeline\Pipeline.php(219): Illuminate\Foundation\Http\Middleware\InvokeDeferredCallbacks-&gt;handle(Object(Illuminate\Http\Request), Object(Closure))
#62 C:\laragon\www\CarRentSystem\vendor\laravel\framework\src\Illuminate\Http\Middleware\ValidatePathEncoding.php(26): Illuminate\Pipeline\Pipeline-&gt;{closure:{closure:Illuminate\Pipeline\Pipeline::carry():194}:195}(Object(Illuminate\Http\Request))
#63 C:\laragon\www\CarRentSystem\vendor\laravel\framework\src\Illuminate\Pipeline\Pipeline.php(219): Illuminate\Http\Middleware\ValidatePathEncoding-&gt;handle(Object(Illuminate\Http\Request), Object(Closure))
#64 C:\laragon\www\CarRentSystem\vendor\laravel\framework\src\Illuminate\Pipeline\Pipeline.php(137): Illuminate\Pipeline\Pipeline-&gt;{closure:{closure:Illuminate\Pipeline\Pipeline::carry():194}:195}(Object(Illuminate\Http\Request))
#65 C:\laragon\www\CarRentSystem\vendor\laravel\framework\src\Illuminate\Foundation\Http\Kernel.php(175): Illuminate\Pipeline\Pipeline-&gt;then(Object(Closure))
#66 C:\laragon\www\CarRentSystem\vendor\laravel\framework\src\Illuminate\Foundation\Http\Kernel.php(144): Illuminate\Foundation\Http\Kernel-&gt;sendRequestThroughRouter(Object(Illuminate\Http\Request))
#67 C:\laragon\www\CarRentSystem\vendor\laravel\framework\src\Illuminate\Foundation\Testing\Concerns\MakesHttpRequests.php(607): Illuminate\Foundation\Http\Kernel-&gt;handle(Object(Illuminate\Http\Request))
#68 C:\laragon\www\CarRentSystem\vendor\laravel\framework\src\Illuminate\Foundation\Testing\Concerns\MakesHttpRequests.php(573): Illuminate\Foundation\Testing\TestCase-&gt;call('GET', '/api/bookings/1', Array, Array, Array, Array, '[]')
#69 C:\laragon\www\CarRentSystem\vendor\laravel\framework\src\Illuminate\Foundation\Testing\Concerns\MakesHttpRequests.php(381): Illuminate\Foundation\Testing\TestCase-&gt;json('GET', '/api/bookings/1', Array, Array, 0)
#70 C:\laragon\www\CarRentSystem\tests\Feature\Api\BookingControllerTest.php(151): Illuminate\Foundation\Testing\TestCase-&gt;getJson('/api/bookings/1')
#71 C:\laragon\www\CarRentSystem\vendor\pestphp\pest\src\Factories\TestCaseMethodFactory.php(168): P\Tests\Feature\Api\BookingControllerTest-&gt;{closure:C:\laragon\www\CarRentSystem\tests\Feature\Api\BookingControllerTest.php:134}()
#72 [internal function]: P\Tests\Feature\Api\BookingControllerTest-&gt;{closure:Pest\Factories\TestCaseMethodFactory::getClosure():158}()
#73 C:\laragon\www\CarRentSystem\vendor\pestphp\pest\src\Concerns\Testable.php(429): call_user_func_array(Object(Closure), Array)
#74 C:\laragon\www\CarRentSystem\vendor\pestphp\pest\src\Support\ExceptionTrace.php(26): P\Tests\Feature\Api\BookingControllerTest-&gt;{closure:Pest\Concerns\Testable::__callClosure():429}()
#75 C:\laragon\www\CarRentSystem\vendor\pestphp\pest\src\Concerns\Testable.php(429): Pest\Support\ExceptionTrace::ensure(Object(Closure))
#76 C:\laragon\www\CarRentSystem\vendor\pestphp\pest\src\Concerns\Testable.php(331): P\Tests\Feature\Api\BookingControllerTest-&gt;__callClosure(Object(Closure), Array)
#77 C:\laragon\www\CarRentSystem\vendor\pestphp\pest\src\Factories\TestCaseFactory.php(169) : eval()'d code(63): P\Tests\Feature\Api\BookingControllerTest-&gt;__runTest(Object(Closure))
#78 C:\laragon\www\CarRentSystem\vendor\phpunit\phpunit\src\Framework\TestCase.php(1316): P\Tests\Feature\Api\BookingControllerTest-&gt;__pest_evaluable_can_show_booking_to_renter()
#79 C:\laragon\www\CarRentSystem\vendor\phpunit\phpunit\src\Framework\TestCase.php(516): PHPUnit\Framework\TestCase-&gt;runTest()
#80 C:\laragon\www\CarRentSystem\vendor\phpunit\phpunit\src\Framework\TestRunner\TestRunner.php(99): PHPUnit\Framework\TestCase-&gt;runBare()
#81 C:\laragon\www\CarRentSystem\vendor\phpunit\phpunit\src\Framework\TestCase.php(357): PHPUnit\Framework\TestRunner-&gt;run(Object(P\Tests\Feature\Api\BookingControllerTest))
#82 C:\laragon\www\CarRentSystem\vendor\phpunit\phpunit\src\Framework\TestSuite.php(374): PHPUnit\Framework\TestCase-&gt;run()
#83 C:\laragon\www\CarRentSystem\vendor\brianium\paratest\src\WrapperRunner\ApplicationForWrapperWorker.php(116): PHPUnit\Framework\TestSuite-&gt;run()
#84 C:\laragon\www\CarRentSystem\vendor\pestphp\pest\bin\worker.php(105): ParaTest\WrapperRunner\ApplicationForWrapperWorker-&gt;runTest('C:\\laragon\\www\\...')
#85 C:\laragon\www\CarRentSystem\vendor\pestphp\pest\bin\worker.php(110): {closure:C:\laragon\www\CarRentSystem\vendor\pestphp\pest\bin\worker.php:30}()
#86 {main}

----------------------------------------------------------------------------------

Class "Stripe\Stripe" not found&#13;
&#13;
at vendor\laravel\framework\src\Illuminate\Testing\TestResponseAssert.php:45
at vendor\laravel\framework\src\Illuminate\Testing\TestResponse.php:103
at tests\Feature\Api\BookingControllerTest.php:153</failure>
      </testcase>
      <testcase name="cannot show booking to unauthorized user" class="Tests\Feature\Api\BookingControllerTest" classname="Tests.Feature.Api.BookingControllerTest" file="tests\Feature\Api\BookingControllerTest.php::cannot show booking to unauthorized user" line="0" assertions="1" time="0.202683">
        <failure type="PHPUnit\Framework\ExpectationFailedException">cannot show booking to unauthorized userExpected response status code [404] but received 500.
Failed asserting that 500 is identical to 404.&#13;
&#13;
The following exception occurred during the last request:

Error: Class "Stripe\Stripe" not found in C:\laragon\www\CarRentSystem\app\Services\PaymentService.php:19
Stack trace:
#0 [internal function]: App\Services\PaymentService-&gt;__construct()
#1 C:\laragon\www\CarRentSystem\vendor\laravel\framework\src\Illuminate\Container\Container.php(1211): ReflectionClass-&gt;newInstanceArgs(Array)
#2 C:\laragon\www\CarRentSystem\vendor\laravel\framework\src\Illuminate\Container\Container.php(972): Illuminate\Container\Container-&gt;build('App\\Services\\Pa...')
#3 C:\laragon\www\CarRentSystem\vendor\laravel\framework\src\Illuminate\Foundation\Application.php(1078): Illuminate\Container\Container-&gt;resolve('App\\Services\\Pa...', Array, true)
#4 C:\laragon\www\CarRentSystem\vendor\laravel\framework\src\Illuminate\Container\Container.php(903): Illuminate\Foundation\Application-&gt;resolve('App\\Services\\Pa...', Array)
#5 C:\laragon\www\CarRentSystem\vendor\laravel\framework\src\Illuminate\Foundation\Application.php(1058): Illuminate\Container\Container-&gt;make('App\\Services\\Pa...', Array)
#6 C:\laragon\www\CarRentSystem\vendor\laravel\framework\src\Illuminate\Container\Container.php(1379): Illuminate\Foundation\Application-&gt;make('App\\Services\\Pa...')
#7 C:\laragon\www\CarRentSystem\vendor\laravel\framework\src\Illuminate\Container\Container.php(1278): Illuminate\Container\Container-&gt;resolveClass(Object(ReflectionParameter))
#8 C:\laragon\www\CarRentSystem\vendor\laravel\framework\src\Illuminate\Container\Container.php(1201): Illuminate\Container\Container-&gt;resolveDependencies(Array)
#9 C:\laragon\www\CarRentSystem\vendor\laravel\framework\src\Illuminate\Container\Container.php(972): Illuminate\Container\Container-&gt;build('App\\Actions\\Boo...')
#10 C:\laragon\www\CarRentSystem\vendor\laravel\framework\src\Illuminate\Foundation\Application.php(1078): Illuminate\Container\Container-&gt;resolve('App\\Actions\\Boo...', Array, true)
#11 C:\laragon\www\CarRentSystem\vendor\laravel\framework\src\Illuminate\Container\Container.php(903): Illuminate\Foundation\Application-&gt;resolve('App\\Actions\\Boo...', Array)
#12 C:\laragon\www\CarRentSystem\vendor\laravel\framework\src\Illuminate\Foundation\Application.php(1058): Illuminate\Container\Container-&gt;make('App\\Actions\\Boo...', Array)
#13 C:\laragon\www\CarRentSystem\vendor\laravel\framework\src\Illuminate\Container\Container.php(1379): Illuminate\Foundation\Application-&gt;make('App\\Actions\\Boo...')
#14 C:\laragon\www\CarRentSystem\vendor\laravel\framework\src\Illuminate\Container\Container.php(1278): Illuminate\Container\Container-&gt;resolveClass(Object(ReflectionParameter))
#15 C:\laragon\www\CarRentSystem\vendor\laravel\framework\src\Illuminate\Container\Container.php(1201): Illuminate\Container\Container-&gt;resolveDependencies(Array)
#16 C:\laragon\www\CarRentSystem\vendor\laravel\framework\src\Illuminate\Container\Container.php(972): Illuminate\Container\Container-&gt;build('App\\Http\\Contro...')
#17 C:\laragon\www\CarRentSystem\vendor\laravel\framework\src\Illuminate\Foundation\Application.php(1078): Illuminate\Container\Container-&gt;resolve('App\\Http\\Contro...', Array, true)
#18 C:\laragon\www\CarRentSystem\vendor\laravel\framework\src\Illuminate\Container\Container.php(903): Illuminate\Foundation\Application-&gt;resolve('App\\Http\\Contro...', Array)
#19 C:\laragon\www\CarRentSystem\vendor\laravel\framework\src\Illuminate\Foundation\Application.php(1058): Illuminate\Container\Container-&gt;make('App\\Http\\Contro...', Array)
#20 C:\laragon\www\CarRentSystem\vendor\laravel\framework\src\Illuminate\Routing\Route.php(286): Illuminate\Foundation\Application-&gt;make('App\\Http\\Contro...')
#21 C:\laragon\www\CarRentSystem\vendor\laravel\framework\src\Illuminate\Routing\Route.php(266): Illuminate\Routing\Route-&gt;getController()
#22 C:\laragon\www\CarRentSystem\vendor\laravel\framework\src\Illuminate\Routing\Route.php(211): Illuminate\Routing\Route-&gt;runController()
#23 C:\laragon\www\CarRentSystem\vendor\laravel\framework\src\Illuminate\Routing\Router.php(822): Illuminate\Routing\Route-&gt;run()
#24 C:\laragon\www\CarRentSystem\vendor\laravel\framework\src\Illuminate\Pipeline\Pipeline.php(180): Illuminate\Routing\Router-&gt;{closure:Illuminate\Routing\Router::runRouteWithinStack():821}(Object(Illuminate\Http\Request))
#25 C:\laragon\www\CarRentSystem\vendor\laravel\framework\src\Illuminate\Routing\Middleware\SubstituteBindings.php(50): Illuminate\Pipeline\Pipeline-&gt;{closure:Illuminate\Pipeline\Pipeline::prepareDestination():178}(Object(Illuminate\Http\Request))
#26 C:\laragon\www\CarRentSystem\vendor\laravel\framework\src\Illuminate\Pipeline\Pipeline.php(219): Illuminate\Routing\Middleware\SubstituteBindings-&gt;handle(Object(Illuminate\Http\Request), Object(Closure))
#27 C:\laragon\www\CarRentSystem\vendor\laravel\framework\src\Illuminate\Routing\Middleware\ThrottleRequests.php(160): Illuminate\Pipeline\Pipeline-&gt;{closure:{closure:Illuminate\Pipeline\Pipeline::carry():194}:195}(Object(Illuminate\Http\Request))
#28 C:\laragon\www\CarRentSystem\vendor\laravel\framework\src\Illuminate\Routing\Middleware\ThrottleRequests.php(91): Illuminate\Routing\Middleware\ThrottleRequests-&gt;handleRequest(Object(Illuminate\Http\Request), Object(Closure), Array)
#29 C:\laragon\www\CarRentSystem\vendor\laravel\framework\src\Illuminate\Pipeline\Pipeline.php(219): Illuminate\Routing\Middleware\ThrottleRequests-&gt;handle(Object(Illuminate\Http\Request), Object(Closure), '100', '1')
#30 C:\laragon\www\CarRentSystem\vendor\laravel\framework\src\Illuminate\Auth\Middleware\Authenticate.php(63): Illuminate\Pipeline\Pipeline-&gt;{closure:{closure:Illuminate\Pipeline\Pipeline::carry():194}:195}(Object(Illuminate\Http\Request))
#31 C:\laragon\www\CarRentSystem\vendor\laravel\framework\src\Illuminate\Pipeline\Pipeline.php(219): Illuminate\Auth\Middleware\Authenticate-&gt;handle(Object(Illuminate\Http\Request), Object(Closure), 'sanctum')
#32 C:\laragon\www\CarRentSystem\vendor\laravel\sanctum\src\Http\Middleware\EnsureFrontendRequestsAreStateful.php(26): Illuminate\Pipeline\Pipeline-&gt;{closure:{closure:Illuminate\Pipeline\Pipeline::carry():194}:195}(Object(Illuminate\Http\Request))
#33 C:\laragon\www\CarRentSystem\vendor\laravel\framework\src\Illuminate\Pipeline\Pipeline.php(180): Laravel\Sanctum\Http\Middleware\EnsureFrontendRequestsAreStateful-&gt;{closure:Laravel\Sanctum\Http\Middleware\EnsureFrontendRequestsAreStateful::handle():25}(Object(Illuminate\Http\Request))
#34 C:\laragon\www\CarRentSystem\vendor\laravel\framework\src\Illuminate\Pipeline\Pipeline.php(137): Illuminate\Pipeline\Pipeline-&gt;{closure:Illuminate\Pipeline\Pipeline::prepareDestination():178}(Object(Illuminate\Http\Request))
#35 C:\laragon\www\CarRentSystem\vendor\laravel\sanctum\src\Http\Middleware\EnsureFrontendRequestsAreStateful.php(25): Illuminate\Pipeline\Pipeline-&gt;then(Object(Closure))
#36 C:\laragon\www\CarRentSystem\vendor\laravel\framework\src\Illuminate\Pipeline\Pipeline.php(219): Laravel\Sanctum\Http\Middleware\EnsureFrontendRequestsAreStateful-&gt;handle(Object(Illuminate\Http\Request), Object(Closure))
#37 C:\laragon\www\CarRentSystem\vendor\laravel\framework\src\Illuminate\Pipeline\Pipeline.php(137): Illuminate\Pipeline\Pipeline-&gt;{closure:{closure:Illuminate\Pipeline\Pipeline::carry():194}:195}(Object(Illuminate\Http\Request))
#38 C:\laragon\www\CarRentSystem\vendor\laravel\framework\src\Illuminate\Routing\Router.php(821): Illuminate\Pipeline\Pipeline-&gt;then(Object(Closure))
#39 C:\laragon\www\CarRentSystem\vendor\laravel\framework\src\Illuminate\Routing\Router.php(800): Illuminate\Routing\Router-&gt;runRouteWithinStack(Object(Illuminate\Routing\Route), Object(Illuminate\Http\Request))
#40 C:\laragon\www\CarRentSystem\vendor\laravel\framework\src\Illuminate\Routing\Router.php(764): Illuminate\Routing\Router-&gt;runRoute(Object(Illuminate\Http\Request), Object(Illuminate\Routing\Route))
#41 C:\laragon\www\CarRentSystem\vendor\laravel\framework\src\Illuminate\Routing\Router.php(753): Illuminate\Routing\Router-&gt;dispatchToRoute(Object(Illuminate\Http\Request))
#42 C:\laragon\www\CarRentSystem\vendor\laravel\framework\src\Illuminate\Foundation\Http\Kernel.php(200): Illuminate\Routing\Router-&gt;dispatch(Object(Illuminate\Http\Request))
#43 C:\laragon\www\CarRentSystem\vendor\laravel\framework\src\Illuminate\Pipeline\Pipeline.php(180): Illuminate\Foundation\Http\Kernel-&gt;{closure:Illuminate\Foundation\Http\Kernel::dispatchToRouter():197}(Object(Illuminate\Http\Request))
#44 C:\laragon\www\CarRentSystem\vendor\livewire\livewire\src\Features\SupportDisablingBackButtonCache\DisableBackButtonCacheMiddleware.php(19): Illuminate\Pipeline\Pipeline-&gt;{closure:Illuminate\Pipeline\Pipeline::prepareDestination():178}(Object(Illuminate\Http\Request))
#45 C:\laragon\www\CarRentSystem\vendor\laravel\framework\src\Illuminate\Pipeline\Pipeline.php(219): Livewire\Features\SupportDisablingBackButtonCache\DisableBackButtonCacheMiddleware-&gt;handle(Object(Illuminate\Http\Request), Object(Closure))
#46 C:\laragon\www\CarRentSystem\vendor\laravel\framework\src\Illuminate\Foundation\Http\Middleware\TransformsRequest.php(21): Illuminate\Pipeline\Pipeline-&gt;{closure:{closure:Illuminate\Pipeline\Pipeline::carry():194}:195}(Object(Illuminate\Http\Request))
#47 C:\laragon\www\CarRentSystem\vendor\laravel\framework\src\Illuminate\Foundation\Http\Middleware\ConvertEmptyStringsToNull.php(31): Illuminate\Foundation\Http\Middleware\TransformsRequest-&gt;handle(Object(Illuminate\Http\Request), Object(Closure))
#48 C:\laragon\www\CarRentSystem\vendor\laravel\framework\src\Illuminate\Pipeline\Pipeline.php(219): Illuminate\Foundation\Http\Middleware\ConvertEmptyStringsToNull-&gt;handle(Object(Illuminate\Http\Request), Object(Closure))
#49 C:\laragon\www\CarRentSystem\vendor\laravel\framework\src\Illuminate\Foundation\Http\Middleware\TransformsRequest.php(21): Illuminate\Pipeline\Pipeline-&gt;{closure:{closure:Illuminate\Pipeline\Pipeline::carry():194}:195}(Object(Illuminate\Http\Request))
#50 C:\laragon\www\CarRentSystem\vendor\laravel\framework\src\Illuminate\Foundation\Http\Middleware\TrimStrings.php(51): Illuminate\Foundation\Http\Middleware\TransformsRequest-&gt;handle(Object(Illuminate\Http\Request), Object(Closure))
#51 C:\laragon\www\CarRentSystem\vendor\laravel\framework\src\Illuminate\Pipeline\Pipeline.php(219): Illuminate\Foundation\Http\Middleware\TrimStrings-&gt;handle(Object(Illuminate\Http\Request), Object(Closure))
#52 C:\laragon\www\CarRentSystem\vendor\laravel\framework\src\Illuminate\Http\Middleware\ValidatePostSize.php(27): Illuminate\Pipeline\Pipeline-&gt;{closure:{closure:Illuminate\Pipeline\Pipeline::carry():194}:195}(Object(Illuminate\Http\Request))
#53 C:\laragon\www\CarRentSystem\vendor\laravel\framework\src\Illuminate\Pipeline\Pipeline.php(219): Illuminate\Http\Middleware\ValidatePostSize-&gt;handle(Object(Illuminate\Http\Request), Object(Closure))
#54 C:\laragon\www\CarRentSystem\vendor\laravel\framework\src\Illuminate\Foundation\Http\Middleware\PreventRequestsDuringMaintenance.php(109): Illuminate\Pipeline\Pipeline-&gt;{closure:{closure:Illuminate\Pipeline\Pipeline::carry():194}:195}(Object(Illuminate\Http\Request))
#55 C:\laragon\www\CarRentSystem\vendor\laravel\framework\src\Illuminate\Pipeline\Pipeline.php(219): Illuminate\Foundation\Http\Middleware\PreventRequestsDuringMaintenance-&gt;handle(Object(Illuminate\Http\Request), Object(Closure))
#56 C:\laragon\www\CarRentSystem\vendor\laravel\framework\src\Illuminate\Http\Middleware\HandleCors.php(61): Illuminate\Pipeline\Pipeline-&gt;{closure:{closure:Illuminate\Pipeline\Pipeline::carry():194}:195}(Object(Illuminate\Http\Request))
#57 C:\laragon\www\CarRentSystem\vendor\laravel\framework\src\Illuminate\Pipeline\Pipeline.php(219): Illuminate\Http\Middleware\HandleCors-&gt;handle(Object(Illuminate\Http\Request), Object(Closure))
#58 C:\laragon\www\CarRentSystem\vendor\laravel\framework\src\Illuminate\Http\Middleware\TrustProxies.php(58): Illuminate\Pipeline\Pipeline-&gt;{closure:{closure:Illuminate\Pipeline\Pipeline::carry():194}:195}(Object(Illuminate\Http\Request))
#59 C:\laragon\www\CarRentSystem\vendor\laravel\framework\src\Illuminate\Pipeline\Pipeline.php(219): Illuminate\Http\Middleware\TrustProxies-&gt;handle(Object(Illuminate\Http\Request), Object(Closure))
#60 C:\laragon\www\CarRentSystem\vendor\laravel\framework\src\Illuminate\Foundation\Http\Middleware\InvokeDeferredCallbacks.php(22): Illuminate\Pipeline\Pipeline-&gt;{closure:{closure:Illuminate\Pipeline\Pipeline::carry():194}:195}(Object(Illuminate\Http\Request))
#61 C:\laragon\www\CarRentSystem\vendor\laravel\framework\src\Illuminate\Pipeline\Pipeline.php(219): Illuminate\Foundation\Http\Middleware\InvokeDeferredCallbacks-&gt;handle(Object(Illuminate\Http\Request), Object(Closure))
#62 C:\laragon\www\CarRentSystem\vendor\laravel\framework\src\Illuminate\Http\Middleware\ValidatePathEncoding.php(26): Illuminate\Pipeline\Pipeline-&gt;{closure:{closure:Illuminate\Pipeline\Pipeline::carry():194}:195}(Object(Illuminate\Http\Request))
#63 C:\laragon\www\CarRentSystem\vendor\laravel\framework\src\Illuminate\Pipeline\Pipeline.php(219): Illuminate\Http\Middleware\ValidatePathEncoding-&gt;handle(Object(Illuminate\Http\Request), Object(Closure))
#64 C:\laragon\www\CarRentSystem\vendor\laravel\framework\src\Illuminate\Pipeline\Pipeline.php(137): Illuminate\Pipeline\Pipeline-&gt;{closure:{closure:Illuminate\Pipeline\Pipeline::carry():194}:195}(Object(Illuminate\Http\Request))
#65 C:\laragon\www\CarRentSystem\vendor\laravel\framework\src\Illuminate\Foundation\Http\Kernel.php(175): Illuminate\Pipeline\Pipeline-&gt;then(Object(Closure))
#66 C:\laragon\www\CarRentSystem\vendor\laravel\framework\src\Illuminate\Foundation\Http\Kernel.php(144): Illuminate\Foundation\Http\Kernel-&gt;sendRequestThroughRouter(Object(Illuminate\Http\Request))
#67 C:\laragon\www\CarRentSystem\vendor\laravel\framework\src\Illuminate\Foundation\Testing\Concerns\MakesHttpRequests.php(607): Illuminate\Foundation\Http\Kernel-&gt;handle(Object(Illuminate\Http\Request))
#68 C:\laragon\www\CarRentSystem\vendor\laravel\framework\src\Illuminate\Foundation\Testing\Concerns\MakesHttpRequests.php(573): Illuminate\Foundation\Testing\TestCase-&gt;call('GET', '/api/bookings/1', Array, Array, Array, Array, '[]')
#69 C:\laragon\www\CarRentSystem\vendor\laravel\framework\src\Illuminate\Foundation\Testing\Concerns\MakesHttpRequests.php(381): Illuminate\Foundation\Testing\TestCase-&gt;json('GET', '/api/bookings/1', Array, Array, 0)
#70 C:\laragon\www\CarRentSystem\tests\Feature\Api\BookingControllerTest.php(194): Illuminate\Foundation\Testing\TestCase-&gt;getJson('/api/bookings/1')
#71 C:\laragon\www\CarRentSystem\vendor\pestphp\pest\src\Factories\TestCaseMethodFactory.php(168): P\Tests\Feature\Api\BookingControllerTest-&gt;{closure:C:\laragon\www\CarRentSystem\tests\Feature\Api\BookingControllerTest.php:179}()
#72 [internal function]: P\Tests\Feature\Api\BookingControllerTest-&gt;{closure:Pest\Factories\TestCaseMethodFactory::getClosure():158}()
#73 C:\laragon\www\CarRentSystem\vendor\pestphp\pest\src\Concerns\Testable.php(429): call_user_func_array(Object(Closure), Array)
#74 C:\laragon\www\CarRentSystem\vendor\pestphp\pest\src\Support\ExceptionTrace.php(26): P\Tests\Feature\Api\BookingControllerTest-&gt;{closure:Pest\Concerns\Testable::__callClosure():429}()
#75 C:\laragon\www\CarRentSystem\vendor\pestphp\pest\src\Concerns\Testable.php(429): Pest\Support\ExceptionTrace::ensure(Object(Closure))
#76 C:\laragon\www\CarRentSystem\vendor\pestphp\pest\src\Concerns\Testable.php(331): P\Tests\Feature\Api\BookingControllerTest-&gt;__callClosure(Object(Closure), Array)
#77 C:\laragon\www\CarRentSystem\vendor\pestphp\pest\src\Factories\TestCaseFactory.php(169) : eval()'d code(74): P\Tests\Feature\Api\BookingControllerTest-&gt;__runTest(Object(Closure))
#78 C:\laragon\www\CarRentSystem\vendor\phpunit\phpunit\src\Framework\TestCase.php(1316): P\Tests\Feature\Api\BookingControllerTest-&gt;__pest_evaluable_cannot_show_booking_to_unauthorized_user()
#79 C:\laragon\www\CarRentSystem\vendor\phpunit\phpunit\src\Framework\TestCase.php(516): PHPUnit\Framework\TestCase-&gt;runTest()
#80 C:\laragon\www\CarRentSystem\vendor\phpunit\phpunit\src\Framework\TestRunner\TestRunner.php(99): PHPUnit\Framework\TestCase-&gt;runBare()
#81 C:\laragon\www\CarRentSystem\vendor\phpunit\phpunit\src\Framework\TestCase.php(357): PHPUnit\Framework\TestRunner-&gt;run(Object(P\Tests\Feature\Api\BookingControllerTest))
#82 C:\laragon\www\CarRentSystem\vendor\phpunit\phpunit\src\Framework\TestSuite.php(374): PHPUnit\Framework\TestCase-&gt;run()
#83 C:\laragon\www\CarRentSystem\vendor\brianium\paratest\src\WrapperRunner\ApplicationForWrapperWorker.php(116): PHPUnit\Framework\TestSuite-&gt;run()
#84 C:\laragon\www\CarRentSystem\vendor\pestphp\pest\bin\worker.php(105): ParaTest\WrapperRunner\ApplicationForWrapperWorker-&gt;runTest('C:\\laragon\\www\\...')
#85 C:\laragon\www\CarRentSystem\vendor\pestphp\pest\bin\worker.php(110): {closure:C:\laragon\www\CarRentSystem\vendor\pestphp\pest\bin\worker.php:30}()
#86 {main}

----------------------------------------------------------------------------------

Class "Stripe\Stripe" not found&#13;
&#13;
at vendor\laravel\framework\src\Illuminate\Testing\TestResponseAssert.php:45
at vendor\laravel\framework\src\Illuminate\Testing\TestResponse.php:174
at vendor\laravel\framework\src\Illuminate\Testing\Concerns\AssertsStatusCodes.php:151
at tests\Feature\Api\BookingControllerTest.php:196</failure>
      </testcase>
      <testcase name="booking requires authentication" class="Tests\Feature\Api\BookingControllerTest" classname="Tests.Feature.Api.BookingControllerTest" file="tests\Feature\Api\BookingControllerTest.php::booking requires authentication" line="0" assertions="1" time="0.120244">
        <failure type="PHPUnit\Framework\ExpectationFailedException">booking requires authenticationExpected response status code [401] but received 500.
Failed asserting that 500 is identical to 401.&#13;
at vendor\laravel\framework\src\Illuminate\Testing\TestResponseAssert.php:45
at vendor\laravel\framework\src\Illuminate\Testing\TestResponse.php:174
at vendor\laravel\framework\src\Illuminate\Testing\Concerns\AssertsStatusCodes.php:121
at tests\Feature\Api\BookingControllerTest.php:207</failure>
      </testcase>
    </testsuite>
    <testsuite name="Tests\Feature\Api\CarControllerTest" file="tests\Feature\Api\CarControllerTest.php" tests="18" assertions="104" errors="0" failures="7" skipped="0" time="3.849889">
      <testcase name="can list available cars" class="Tests\Feature\Api\CarControllerTest" classname="Tests.Feature.Api.CarControllerTest" file="tests\Feature\Api\CarControllerTest.php::can list available cars" line="0" assertions="28" time="0.420077"/>
      <testcase name="can filter cars by location" class="Tests\Feature\Api\CarControllerTest" classname="Tests.Feature.Api.CarControllerTest" file="tests\Feature\Api\CarControllerTest.php::can filter cars by location" line="0" assertions="3" time="0.194924"/>
      <testcase name="can show single car" class="Tests\Feature\Api\CarControllerTest" classname="Tests.Feature.Api.CarControllerTest" file="tests\Feature\Api\CarControllerTest.php::can show single car" line="0" assertions="15" time="0.152581"/>
      <testcase name="returns 404 for nonexistent car" class="Tests\Feature\Api\CarControllerTest" classname="Tests.Feature.Api.CarControllerTest" file="tests\Feature\Api\CarControllerTest.php::returns 404 for nonexistent car" line="0" assertions="1" time="0.120531">
        <failure type="PHPUnit\Framework\ExpectationFailedException">returns 404 for nonexistent carExpected response status code [404] but received 500.
Failed asserting that 500 is identical to 404.&#13;
at vendor\laravel\framework\src\Illuminate\Testing\TestResponseAssert.php:45
at vendor\laravel\framework\src\Illuminate\Testing\TestResponse.php:174
at vendor\laravel\framework\src\Illuminate\Testing\Concerns\AssertsStatusCodes.php:151
at tests\Feature\Api\CarControllerTest.php:117</failure>
      </testcase>
      <testcase name="`Vehicle Search and Filtering` → it can filter by transmission type" class="Tests\Feature\Api\CarControllerTest" classname="Tests.Feature.Api.CarControllerTest" file="tests\Feature\Api\CarControllerTest.php::`Vehicle Search and Filtering` → it can filter by transmission type" line="0" assertions="5" time="0.139705"/>
      <testcase name="`Vehicle Search and Filtering` → it can filter by price range" class="Tests\Feature\Api\CarControllerTest" classname="Tests.Feature.Api.CarControllerTest" file="tests\Feature\Api\CarControllerTest.php::`Vehicle Search and Filtering` → it can filter by price range" line="0" assertions="4" time="0.286334">
        <failure type="PHPUnit\Framework\ExpectationFailedException">`Vehicle Search and Filtering` → it can filter by price rangeFailed asserting that '100.00' is identical to 100.0.&#13;
at tests\Feature\Api\CarControllerTest.php:178</failure>
      </testcase>
      <testcase name="`Vehicle Search and Filtering` → it can filter by seat count" class="Tests\Feature\Api\CarControllerTest" classname="Tests.Feature.Api.CarControllerTest" file="tests\Feature\Api\CarControllerTest.php::`Vehicle Search and Filtering` → it can filter by seat count" line="0" assertions="3" time="0.155863"/>
      <testcase name="`Vehicle Search and Filtering` → it can combine multiple filters" class="Tests\Feature\Api\CarControllerTest" classname="Tests.Feature.Api.CarControllerTest" file="tests\Feature\Api\CarControllerTest.php::`Vehicle Search and Filtering` → it can combine multiple filters" line="0" assertions="2" time="0.191478">
        <failure type="PHPUnit\Framework\ExpectationFailedException">`Vehicle Search and Filtering` → it can combine multiple filtersFailed asserting that actual size 2 matches expected size 1.&#13;
at tests\Feature\Api\CarControllerTest.php:197</failure>
      </testcase>
      <testcase name="`Vehicle Search and Filtering` → it can sort by price ascending" class="Tests\Feature\Api\CarControllerTest" classname="Tests.Feature.Api.CarControllerTest" file="tests\Feature\Api\CarControllerTest.php::`Vehicle Search and Filtering` → it can sort by price ascending" line="0" assertions="3" time="0.154985">
        <failure type="PHPUnit\Framework\ExpectationFailedException">`Vehicle Search and Filtering` → it can sort by price ascendingFailed asserting that two strings are identical.&#13;
at tests\Feature\Api\CarControllerTest.php:208</failure>
      </testcase>
      <testcase name="`Vehicle Search and Filtering` → it can sort by price descending" class="Tests\Feature\Api\CarControllerTest" classname="Tests.Feature.Api.CarControllerTest" file="tests\Feature\Api\CarControllerTest.php::`Vehicle Search and Filtering` → it can sort by price descending" line="0" assertions="3" time="0.134279">
        <failure type="PHPUnit\Framework\ExpectationFailedException">`Vehicle Search and Filtering` → it can sort by price descendingFailed asserting that two strings are identical.&#13;
at tests\Feature\Api\CarControllerTest.php:220</failure>
      </testcase>
      <testcase name="`Vehicle Search and Filtering` → it excludes vehicles with conflicting bookings" class="Tests\Feature\Api\CarControllerTest" classname="Tests.Feature.Api.CarControllerTest" file="tests\Feature\Api\CarControllerTest.php::`Vehicle Search and Filtering` → it excludes vehicles with conflicting bookings" line="0" assertions="5" time="0.135199"/>
      <testcase name="`Vehicle Search and Filtering` → it handles pagination correctly" class="Tests\Feature\Api\CarControllerTest" classname="Tests.Feature.Api.CarControllerTest" file="tests\Feature\Api\CarControllerTest.php::`Vehicle Search and Filtering` → it handles pagination correctly" line="0" assertions="9" time="0.306878"/>
      <testcase name="`Vehicle Details API` → it includes featured image URL in response" class="Tests\Feature\Api\CarControllerTest" classname="Tests.Feature.Api.CarControllerTest" file="tests\Feature\Api\CarControllerTest.php::`Vehicle Details API` → it includes featured image URL in response" line="0" assertions="3" time="0.108868">
        <failure type="PHPUnit\Framework\ExpectationFailedException">`Vehicle Details API` → it includes featured image URL in responseFailed asserting that an array has the key 'featured_image_url'.&#13;
at vendor\laravel\framework\src\Illuminate\Testing\AssertableJsonString.php:303
at vendor\laravel\framework\src\Illuminate\Testing\AssertableJsonString.php:278
at vendor\laravel\framework\src\Illuminate\Testing\AssertableJsonString.php:301
at vendor\laravel\framework\src\Illuminate\Testing\TestResponse.php:978
at tests\Feature\Api\CarControllerTest.php:286</failure>
      </testcase>
      <testcase name="`Vehicle Details API` → it includes vehicle images with primary flagging" class="Tests\Feature\Api\CarControllerTest" classname="Tests.Feature.Api.CarControllerTest" file="tests\Feature\Api\CarControllerTest.php::`Vehicle Details API` → it includes vehicle images with primary flagging" line="0" assertions="12" time="0.151262"/>
      <testcase name="`Vehicle Details API` → it includes owner information" class="Tests\Feature\Api\CarControllerTest" classname="Tests.Feature.Api.CarControllerTest" file="tests\Feature\Api\CarControllerTest.php::`Vehicle Details API` → it includes owner information" line="0" assertions="2" time="0.168540"/>
      <testcase name="`Vehicle Details API` → it returns 404 for unpublished vehicles" class="Tests\Feature\Api\CarControllerTest" classname="Tests.Feature.Api.CarControllerTest" file="tests\Feature\Api\CarControllerTest.php::`Vehicle Details API` → it returns 404 for unpublished vehicles" line="0" assertions="1" time="0.184682">
        <failure type="PHPUnit\Framework\ExpectationFailedException">`Vehicle Details API` → it returns 404 for unpublished vehiclesExpected response status code [404] but received 200.
Failed asserting that 200 is identical to 404.&#13;
at vendor\laravel\framework\src\Illuminate\Testing\TestResponseAssert.php:45
at vendor\laravel\framework\src\Illuminate\Testing\TestResponse.php:174
at vendor\laravel\framework\src\Illuminate\Testing\Concerns\AssertsStatusCodes.php:151
at tests\Feature\Api\CarControllerTest.php:370</failure>
      </testcase>
      <testcase name="`Repository Integration` → it uses VehicleRepository for search operations" class="Tests\Feature\Api\CarControllerTest" classname="Tests.Feature.Api.CarControllerTest" file="tests\Feature\Api\CarControllerTest.php::`Repository Integration` → it uses VehicleRepository for search operations" line="0" assertions="3" time="0.189895"/>
      <testcase name="`Repository Integration` → it repository maintains performance under load" class="Tests\Feature\Api\CarControllerTest" classname="Tests.Feature.Api.CarControllerTest" file="tests\Feature\Api\CarControllerTest.php::`Repository Integration` → it repository maintains performance under load" line="0" assertions="2" time="0.653809"/>
    </testsuite>
    <testsuite name="Tests\Feature\Api\Enhanced\BookingControllerEnhancedTest" file="tests\Feature\Api\Enhanced\BookingControllerEnhancedTest.php" tests="11" assertions="10" errors="1" failures="10" skipped="0" time="1.759455">
      <testcase name="`BookingController Enhanced Tests` → it creates booking with proper DTO validation" class="Tests\Feature\Api\Enhanced\BookingControllerEnhancedTest" classname="Tests.Feature.Api.Enhanced.BookingControllerEnhancedTest" file="tests\Feature\Api\Enhanced\BookingControllerEnhancedTest.php::`BookingController Enhanced Tests` → it creates booking with proper DTO validation" line="0" assertions="1" time="0.136020">
        <failure type="PHPUnit\Framework\ExpectationFailedException">`BookingController Enhanced Tests` → it creates booking with proper DTO validationExpected response status code [&gt;=200, &lt;300] but received 500.
Failed asserting that false is true.&#13;
at vendor\laravel\framework\src\Illuminate\Testing\TestResponseAssert.php:45
at vendor\laravel\framework\src\Illuminate\Testing\TestResponse.php:103
at tests\Feature\Api\Enhanced\BookingControllerEnhancedTest.php:37</failure>
      </testcase>
      <testcase name="`BookingController Enhanced Tests` → it dispatches BookingCreated event" class="Tests\Feature\Api\Enhanced\BookingControllerEnhancedTest" classname="Tests.Feature.Api.Enhanced.BookingControllerEnhancedTest" file="tests\Feature\Api\Enhanced\BookingControllerEnhancedTest.php::`BookingController Enhanced Tests` → it dispatches BookingCreated event" line="0" assertions="1" time="0.165560">
        <failure type="PHPUnit\Framework\ExpectationFailedException">`BookingController Enhanced Tests` → it dispatches BookingCreated eventThe expected [App\Events\BookingCreated] event was not dispatched.
Failed asserting that false is true.&#13;
at vendor\laravel\framework\src\Illuminate\Support\Testing\Fakes\EventFake.php:144
at vendor\laravel\framework\src\Illuminate\Support\Facades\Facade.php:363
at tests\Feature\Api\Enhanced\BookingControllerEnhancedTest.php:72</failure>
      </testcase>
      <testcase name="`BookingController Enhanced Tests` → it handles custom exceptions properly" class="Tests\Feature\Api\Enhanced\BookingControllerEnhancedTest" classname="Tests.Feature.Api.Enhanced.BookingControllerEnhancedTest" file="tests\Feature\Api\Enhanced\BookingControllerEnhancedTest.php::`BookingController Enhanced Tests` → it handles custom exceptions properly" line="0" assertions="1" time="0.135985">
        <failure type="PHPUnit\Framework\ExpectationFailedException">`BookingController Enhanced Tests` → it handles custom exceptions properlyExpected response status code [400] but received 500.
Failed asserting that 500 is identical to 400.&#13;
at vendor\laravel\framework\src\Illuminate\Testing\TestResponseAssert.php:45
at vendor\laravel\framework\src\Illuminate\Testing\TestResponse.php:174
at tests\Feature\Api\Enhanced\BookingControllerEnhancedTest.php:91</failure>
      </testcase>
      <testcase name="`BookingController Enhanced Tests` → it handles date conflicts with proper exception" class="Tests\Feature\Api\Enhanced\BookingControllerEnhancedTest" classname="Tests.Feature.Api.Enhanced.BookingControllerEnhancedTest" file="tests\Feature\Api\Enhanced\BookingControllerEnhancedTest.php::`BookingController Enhanced Tests` → it handles date conflicts with proper exception" line="0" assertions="1" time="0.231492">
        <failure type="PHPUnit\Framework\ExpectationFailedException">`BookingController Enhanced Tests` → it handles date conflicts with proper exceptionExpected response status code [409] but received 500.
Failed asserting that 500 is identical to 409.&#13;
at vendor\laravel\framework\src\Illuminate\Testing\TestResponseAssert.php:45
at vendor\laravel\framework\src\Illuminate\Testing\TestResponse.php:174
at tests\Feature\Api\Enhanced\BookingControllerEnhancedTest.php:122</failure>
      </testcase>
      <testcase name="`BookingController Enhanced Tests` → it validates DTO requirements correctly" class="Tests\Feature\Api\Enhanced\BookingControllerEnhancedTest" classname="Tests.Feature.Api.Enhanced.BookingControllerEnhancedTest" file="tests\Feature\Api\Enhanced\BookingControllerEnhancedTest.php::`BookingController Enhanced Tests` → it validates DTO requirements correctly" line="0" assertions="1" time="0.126015">
        <failure type="PHPUnit\Framework\ExpectationFailedException">`BookingController Enhanced Tests` → it validates DTO requirements correctlyExpected response status code [422] but received 500.
Failed asserting that 500 is identical to 422.&#13;
at vendor\laravel\framework\src\Illuminate\Testing\TestResponseAssert.php:45
at vendor\laravel\framework\src\Illuminate\Testing\TestResponse.php:174
at tests\Feature\Api\Enhanced\BookingControllerEnhancedTest.php:149</failure>
      </testcase>
      <testcase name="`BookingController Enhanced Tests` → it calculates amounts correctly using DTO" class="Tests\Feature\Api\Enhanced\BookingControllerEnhancedTest" classname="Tests.Feature.Api.Enhanced.BookingControllerEnhancedTest" file="tests\Feature\Api\Enhanced\BookingControllerEnhancedTest.php::`BookingController Enhanced Tests` → it calculates amounts correctly using DTO" line="0" assertions="1" time="0.145764">
        <failure type="PHPUnit\Framework\ExpectationFailedException">`BookingController Enhanced Tests` → it calculates amounts correctly using DTOExpected response status code [&gt;=200, &lt;300] but received 500.
Failed asserting that false is true.&#13;
at vendor\laravel\framework\src\Illuminate\Testing\TestResponseAssert.php:45
at vendor\laravel\framework\src\Illuminate\Testing\TestResponse.php:103
at tests\Feature\Api\Enhanced\BookingControllerEnhancedTest.php:169</failure>
      </testcase>
      <testcase name="`BookingController Enhanced Tests` → it uses transaction service for atomic operations" class="Tests\Feature\Api\Enhanced\BookingControllerEnhancedTest" classname="Tests.Feature.Api.Enhanced.BookingControllerEnhancedTest" file="tests\Feature\Api\Enhanced\BookingControllerEnhancedTest.php::`BookingController Enhanced Tests` → it uses transaction service for atomic operations" line="0" assertions="0" time="0.115104">
        <error type="BadMethodCallException">`BookingController Enhanced Tests` → it uses transaction service for atomic operationsBadMethodCallException: Method Illuminate\Http\JsonResponse::successful does not exist.&#13;
at vendor\laravel\framework\src\Illuminate\Macroable\Traits\Macroable.php:115
at vendor\laravel\framework\src\Illuminate\Testing\TestResponse.php:1977
at tests\Feature\Api\Enhanced\BookingControllerEnhancedTest.php:199</error>
      </testcase>
      <testcase name="`Booking Authorization Middleware` → it allows renter to access their booking" class="Tests\Feature\Api\Enhanced\BookingControllerEnhancedTest" classname="Tests.Feature.Api.Enhanced.BookingControllerEnhancedTest" file="tests\Feature\Api\Enhanced\BookingControllerEnhancedTest.php::`Booking Authorization Middleware` → it allows renter to access their booking" line="0" assertions="1" time="0.162078">
        <failure type="PHPUnit\Framework\ExpectationFailedException">`Booking Authorization Middleware` → it allows renter to access their bookingExpected response status code [&gt;=200, &lt;300] but received 500.
Failed asserting that false is true.&#13;
&#13;
The following exception occurred during the last request:

Error: Class "Stripe\Stripe" not found in C:\laragon\www\CarRentSystem\app\Services\PaymentService.php:19
Stack trace:
#0 [internal function]: App\Services\PaymentService-&gt;__construct()
#1 C:\laragon\www\CarRentSystem\vendor\laravel\framework\src\Illuminate\Container\Container.php(1211): ReflectionClass-&gt;newInstanceArgs(Array)
#2 C:\laragon\www\CarRentSystem\vendor\laravel\framework\src\Illuminate\Container\Container.php(972): Illuminate\Container\Container-&gt;build('App\\Services\\Pa...')
#3 C:\laragon\www\CarRentSystem\vendor\laravel\framework\src\Illuminate\Foundation\Application.php(1078): Illuminate\Container\Container-&gt;resolve('App\\Services\\Pa...', Array, true)
#4 C:\laragon\www\CarRentSystem\vendor\laravel\framework\src\Illuminate\Container\Container.php(903): Illuminate\Foundation\Application-&gt;resolve('App\\Services\\Pa...', Array)
#5 C:\laragon\www\CarRentSystem\vendor\laravel\framework\src\Illuminate\Foundation\Application.php(1058): Illuminate\Container\Container-&gt;make('App\\Services\\Pa...', Array)
#6 C:\laragon\www\CarRentSystem\vendor\laravel\framework\src\Illuminate\Container\Container.php(1379): Illuminate\Foundation\Application-&gt;make('App\\Services\\Pa...')
#7 C:\laragon\www\CarRentSystem\vendor\laravel\framework\src\Illuminate\Container\Container.php(1278): Illuminate\Container\Container-&gt;resolveClass(Object(ReflectionParameter))
#8 C:\laragon\www\CarRentSystem\vendor\laravel\framework\src\Illuminate\Container\Container.php(1201): Illuminate\Container\Container-&gt;resolveDependencies(Array)
#9 C:\laragon\www\CarRentSystem\vendor\laravel\framework\src\Illuminate\Container\Container.php(972): Illuminate\Container\Container-&gt;build('App\\Actions\\Boo...')
#10 C:\laragon\www\CarRentSystem\vendor\laravel\framework\src\Illuminate\Foundation\Application.php(1078): Illuminate\Container\Container-&gt;resolve('App\\Actions\\Boo...', Array, true)
#11 C:\laragon\www\CarRentSystem\vendor\laravel\framework\src\Illuminate\Container\Container.php(903): Illuminate\Foundation\Application-&gt;resolve('App\\Actions\\Boo...', Array)
#12 C:\laragon\www\CarRentSystem\vendor\laravel\framework\src\Illuminate\Foundation\Application.php(1058): Illuminate\Container\Container-&gt;make('App\\Actions\\Boo...', Array)
#13 C:\laragon\www\CarRentSystem\vendor\laravel\framework\src\Illuminate\Container\Container.php(1379): Illuminate\Foundation\Application-&gt;make('App\\Actions\\Boo...')
#14 C:\laragon\www\CarRentSystem\vendor\laravel\framework\src\Illuminate\Container\Container.php(1278): Illuminate\Container\Container-&gt;resolveClass(Object(ReflectionParameter))
#15 C:\laragon\www\CarRentSystem\vendor\laravel\framework\src\Illuminate\Container\Container.php(1201): Illuminate\Container\Container-&gt;resolveDependencies(Array)
#16 C:\laragon\www\CarRentSystem\vendor\laravel\framework\src\Illuminate\Container\Container.php(972): Illuminate\Container\Container-&gt;build('App\\Http\\Contro...')
#17 C:\laragon\www\CarRentSystem\vendor\laravel\framework\src\Illuminate\Foundation\Application.php(1078): Illuminate\Container\Container-&gt;resolve('App\\Http\\Contro...', Array, true)
#18 C:\laragon\www\CarRentSystem\vendor\laravel\framework\src\Illuminate\Container\Container.php(903): Illuminate\Foundation\Application-&gt;resolve('App\\Http\\Contro...', Array)
#19 C:\laragon\www\CarRentSystem\vendor\laravel\framework\src\Illuminate\Foundation\Application.php(1058): Illuminate\Container\Container-&gt;make('App\\Http\\Contro...', Array)
#20 C:\laragon\www\CarRentSystem\vendor\laravel\framework\src\Illuminate\Routing\Route.php(286): Illuminate\Foundation\Application-&gt;make('App\\Http\\Contro...')
#21 C:\laragon\www\CarRentSystem\vendor\laravel\framework\src\Illuminate\Routing\Route.php(266): Illuminate\Routing\Route-&gt;getController()
#22 C:\laragon\www\CarRentSystem\vendor\laravel\framework\src\Illuminate\Routing\Route.php(211): Illuminate\Routing\Route-&gt;runController()
#23 C:\laragon\www\CarRentSystem\vendor\laravel\framework\src\Illuminate\Routing\Router.php(822): Illuminate\Routing\Route-&gt;run()
#24 C:\laragon\www\CarRentSystem\vendor\laravel\framework\src\Illuminate\Pipeline\Pipeline.php(180): Illuminate\Routing\Router-&gt;{closure:Illuminate\Routing\Router::runRouteWithinStack():821}(Object(Illuminate\Http\Request))
#25 C:\laragon\www\CarRentSystem\vendor\laravel\framework\src\Illuminate\Routing\Middleware\SubstituteBindings.php(50): Illuminate\Pipeline\Pipeline-&gt;{closure:Illuminate\Pipeline\Pipeline::prepareDestination():178}(Object(Illuminate\Http\Request))
#26 C:\laragon\www\CarRentSystem\vendor\laravel\framework\src\Illuminate\Pipeline\Pipeline.php(219): Illuminate\Routing\Middleware\SubstituteBindings-&gt;handle(Object(Illuminate\Http\Request), Object(Closure))
#27 C:\laragon\www\CarRentSystem\vendor\laravel\framework\src\Illuminate\Routing\Middleware\ThrottleRequests.php(160): Illuminate\Pipeline\Pipeline-&gt;{closure:{closure:Illuminate\Pipeline\Pipeline::carry():194}:195}(Object(Illuminate\Http\Request))
#28 C:\laragon\www\CarRentSystem\vendor\laravel\framework\src\Illuminate\Routing\Middleware\ThrottleRequests.php(91): Illuminate\Routing\Middleware\ThrottleRequests-&gt;handleRequest(Object(Illuminate\Http\Request), Object(Closure), Array)
#29 C:\laragon\www\CarRentSystem\vendor\laravel\framework\src\Illuminate\Pipeline\Pipeline.php(219): Illuminate\Routing\Middleware\ThrottleRequests-&gt;handle(Object(Illuminate\Http\Request), Object(Closure), '100', '1')
#30 C:\laragon\www\CarRentSystem\vendor\laravel\framework\src\Illuminate\Auth\Middleware\Authenticate.php(63): Illuminate\Pipeline\Pipeline-&gt;{closure:{closure:Illuminate\Pipeline\Pipeline::carry():194}:195}(Object(Illuminate\Http\Request))
#31 C:\laragon\www\CarRentSystem\vendor\laravel\framework\src\Illuminate\Pipeline\Pipeline.php(219): Illuminate\Auth\Middleware\Authenticate-&gt;handle(Object(Illuminate\Http\Request), Object(Closure), 'sanctum')
#32 C:\laragon\www\CarRentSystem\vendor\laravel\sanctum\src\Http\Middleware\EnsureFrontendRequestsAreStateful.php(26): Illuminate\Pipeline\Pipeline-&gt;{closure:{closure:Illuminate\Pipeline\Pipeline::carry():194}:195}(Object(Illuminate\Http\Request))
#33 C:\laragon\www\CarRentSystem\vendor\laravel\framework\src\Illuminate\Pipeline\Pipeline.php(180): Laravel\Sanctum\Http\Middleware\EnsureFrontendRequestsAreStateful-&gt;{closure:Laravel\Sanctum\Http\Middleware\EnsureFrontendRequestsAreStateful::handle():25}(Object(Illuminate\Http\Request))
#34 C:\laragon\www\CarRentSystem\vendor\laravel\framework\src\Illuminate\Pipeline\Pipeline.php(137): Illuminate\Pipeline\Pipeline-&gt;{closure:Illuminate\Pipeline\Pipeline::prepareDestination():178}(Object(Illuminate\Http\Request))
#35 C:\laragon\www\CarRentSystem\vendor\laravel\sanctum\src\Http\Middleware\EnsureFrontendRequestsAreStateful.php(25): Illuminate\Pipeline\Pipeline-&gt;then(Object(Closure))
#36 C:\laragon\www\CarRentSystem\vendor\laravel\framework\src\Illuminate\Pipeline\Pipeline.php(219): Laravel\Sanctum\Http\Middleware\EnsureFrontendRequestsAreStateful-&gt;handle(Object(Illuminate\Http\Request), Object(Closure))
#37 C:\laragon\www\CarRentSystem\vendor\laravel\framework\src\Illuminate\Pipeline\Pipeline.php(137): Illuminate\Pipeline\Pipeline-&gt;{closure:{closure:Illuminate\Pipeline\Pipeline::carry():194}:195}(Object(Illuminate\Http\Request))
#38 C:\laragon\www\CarRentSystem\vendor\laravel\framework\src\Illuminate\Routing\Router.php(821): Illuminate\Pipeline\Pipeline-&gt;then(Object(Closure))
#39 C:\laragon\www\CarRentSystem\vendor\laravel\framework\src\Illuminate\Routing\Router.php(800): Illuminate\Routing\Router-&gt;runRouteWithinStack(Object(Illuminate\Routing\Route), Object(Illuminate\Http\Request))
#40 C:\laragon\www\CarRentSystem\vendor\laravel\framework\src\Illuminate\Routing\Router.php(764): Illuminate\Routing\Router-&gt;runRoute(Object(Illuminate\Http\Request), Object(Illuminate\Routing\Route))
#41 C:\laragon\www\CarRentSystem\vendor\laravel\framework\src\Illuminate\Routing\Router.php(753): Illuminate\Routing\Router-&gt;dispatchToRoute(Object(Illuminate\Http\Request))
#42 C:\laragon\www\CarRentSystem\vendor\laravel\framework\src\Illuminate\Foundation\Http\Kernel.php(200): Illuminate\Routing\Router-&gt;dispatch(Object(Illuminate\Http\Request))
#43 C:\laragon\www\CarRentSystem\vendor\laravel\framework\src\Illuminate\Pipeline\Pipeline.php(180): Illuminate\Foundation\Http\Kernel-&gt;{closure:Illuminate\Foundation\Http\Kernel::dispatchToRouter():197}(Object(Illuminate\Http\Request))
#44 C:\laragon\www\CarRentSystem\vendor\livewire\livewire\src\Features\SupportDisablingBackButtonCache\DisableBackButtonCacheMiddleware.php(19): Illuminate\Pipeline\Pipeline-&gt;{closure:Illuminate\Pipeline\Pipeline::prepareDestination():178}(Object(Illuminate\Http\Request))
#45 C:\laragon\www\CarRentSystem\vendor\laravel\framework\src\Illuminate\Pipeline\Pipeline.php(219): Livewire\Features\SupportDisablingBackButtonCache\DisableBackButtonCacheMiddleware-&gt;handle(Object(Illuminate\Http\Request), Object(Closure))
#46 C:\laragon\www\CarRentSystem\vendor\laravel\framework\src\Illuminate\Foundation\Http\Middleware\TransformsRequest.php(21): Illuminate\Pipeline\Pipeline-&gt;{closure:{closure:Illuminate\Pipeline\Pipeline::carry():194}:195}(Object(Illuminate\Http\Request))
#47 C:\laragon\www\CarRentSystem\vendor\laravel\framework\src\Illuminate\Foundation\Http\Middleware\ConvertEmptyStringsToNull.php(31): Illuminate\Foundation\Http\Middleware\TransformsRequest-&gt;handle(Object(Illuminate\Http\Request), Object(Closure))
#48 C:\laragon\www\CarRentSystem\vendor\laravel\framework\src\Illuminate\Pipeline\Pipeline.php(219): Illuminate\Foundation\Http\Middleware\ConvertEmptyStringsToNull-&gt;handle(Object(Illuminate\Http\Request), Object(Closure))
#49 C:\laragon\www\CarRentSystem\vendor\laravel\framework\src\Illuminate\Foundation\Http\Middleware\TransformsRequest.php(21): Illuminate\Pipeline\Pipeline-&gt;{closure:{closure:Illuminate\Pipeline\Pipeline::carry():194}:195}(Object(Illuminate\Http\Request))
#50 C:\laragon\www\CarRentSystem\vendor\laravel\framework\src\Illuminate\Foundation\Http\Middleware\TrimStrings.php(51): Illuminate\Foundation\Http\Middleware\TransformsRequest-&gt;handle(Object(Illuminate\Http\Request), Object(Closure))
#51 C:\laragon\www\CarRentSystem\vendor\laravel\framework\src\Illuminate\Pipeline\Pipeline.php(219): Illuminate\Foundation\Http\Middleware\TrimStrings-&gt;handle(Object(Illuminate\Http\Request), Object(Closure))
#52 C:\laragon\www\CarRentSystem\vendor\laravel\framework\src\Illuminate\Http\Middleware\ValidatePostSize.php(27): Illuminate\Pipeline\Pipeline-&gt;{closure:{closure:Illuminate\Pipeline\Pipeline::carry():194}:195}(Object(Illuminate\Http\Request))
#53 C:\laragon\www\CarRentSystem\vendor\laravel\framework\src\Illuminate\Pipeline\Pipeline.php(219): Illuminate\Http\Middleware\ValidatePostSize-&gt;handle(Object(Illuminate\Http\Request), Object(Closure))
#54 C:\laragon\www\CarRentSystem\vendor\laravel\framework\src\Illuminate\Foundation\Http\Middleware\PreventRequestsDuringMaintenance.php(109): Illuminate\Pipeline\Pipeline-&gt;{closure:{closure:Illuminate\Pipeline\Pipeline::carry():194}:195}(Object(Illuminate\Http\Request))
#55 C:\laragon\www\CarRentSystem\vendor\laravel\framework\src\Illuminate\Pipeline\Pipeline.php(219): Illuminate\Foundation\Http\Middleware\PreventRequestsDuringMaintenance-&gt;handle(Object(Illuminate\Http\Request), Object(Closure))
#56 C:\laragon\www\CarRentSystem\vendor\laravel\framework\src\Illuminate\Http\Middleware\HandleCors.php(61): Illuminate\Pipeline\Pipeline-&gt;{closure:{closure:Illuminate\Pipeline\Pipeline::carry():194}:195}(Object(Illuminate\Http\Request))
#57 C:\laragon\www\CarRentSystem\vendor\laravel\framework\src\Illuminate\Pipeline\Pipeline.php(219): Illuminate\Http\Middleware\HandleCors-&gt;handle(Object(Illuminate\Http\Request), Object(Closure))
#58 C:\laragon\www\CarRentSystem\vendor\laravel\framework\src\Illuminate\Http\Middleware\TrustProxies.php(58): Illuminate\Pipeline\Pipeline-&gt;{closure:{closure:Illuminate\Pipeline\Pipeline::carry():194}:195}(Object(Illuminate\Http\Request))
#59 C:\laragon\www\CarRentSystem\vendor\laravel\framework\src\Illuminate\Pipeline\Pipeline.php(219): Illuminate\Http\Middleware\TrustProxies-&gt;handle(Object(Illuminate\Http\Request), Object(Closure))
#60 C:\laragon\www\CarRentSystem\vendor\laravel\framework\src\Illuminate\Foundation\Http\Middleware\InvokeDeferredCallbacks.php(22): Illuminate\Pipeline\Pipeline-&gt;{closure:{closure:Illuminate\Pipeline\Pipeline::carry():194}:195}(Object(Illuminate\Http\Request))
#61 C:\laragon\www\CarRentSystem\vendor\laravel\framework\src\Illuminate\Pipeline\Pipeline.php(219): Illuminate\Foundation\Http\Middleware\InvokeDeferredCallbacks-&gt;handle(Object(Illuminate\Http\Request), Object(Closure))
#62 C:\laragon\www\CarRentSystem\vendor\laravel\framework\src\Illuminate\Http\Middleware\ValidatePathEncoding.php(26): Illuminate\Pipeline\Pipeline-&gt;{closure:{closure:Illuminate\Pipeline\Pipeline::carry():194}:195}(Object(Illuminate\Http\Request))
#63 C:\laragon\www\CarRentSystem\vendor\laravel\framework\src\Illuminate\Pipeline\Pipeline.php(219): Illuminate\Http\Middleware\ValidatePathEncoding-&gt;handle(Object(Illuminate\Http\Request), Object(Closure))
#64 C:\laragon\www\CarRentSystem\vendor\laravel\framework\src\Illuminate\Pipeline\Pipeline.php(137): Illuminate\Pipeline\Pipeline-&gt;{closure:{closure:Illuminate\Pipeline\Pipeline::carry():194}:195}(Object(Illuminate\Http\Request))
#65 C:\laragon\www\CarRentSystem\vendor\laravel\framework\src\Illuminate\Foundation\Http\Kernel.php(175): Illuminate\Pipeline\Pipeline-&gt;then(Object(Closure))
#66 C:\laragon\www\CarRentSystem\vendor\laravel\framework\src\Illuminate\Foundation\Http\Kernel.php(144): Illuminate\Foundation\Http\Kernel-&gt;sendRequestThroughRouter(Object(Illuminate\Http\Request))
#67 C:\laragon\www\CarRentSystem\vendor\laravel\framework\src\Illuminate\Foundation\Testing\Concerns\MakesHttpRequests.php(607): Illuminate\Foundation\Http\Kernel-&gt;handle(Object(Illuminate\Http\Request))
#68 C:\laragon\www\CarRentSystem\vendor\laravel\framework\src\Illuminate\Foundation\Testing\Concerns\MakesHttpRequests.php(573): Illuminate\Foundation\Testing\TestCase-&gt;call('GET', '/api/bookings/1', Array, Array, Array, Array, '[]')
#69 C:\laragon\www\CarRentSystem\vendor\laravel\framework\src\Illuminate\Foundation\Testing\Concerns\MakesHttpRequests.php(381): Illuminate\Foundation\Testing\TestCase-&gt;json('GET', '/api/bookings/1', Array, Array, 0)
#70 C:\laragon\www\CarRentSystem\tests\Feature\Api\Enhanced\BookingControllerEnhancedTest.php(223): Illuminate\Foundation\Testing\TestCase-&gt;getJson('/api/bookings/1')
#71 C:\laragon\www\CarRentSystem\vendor\pestphp\pest\src\Factories\TestCaseMethodFactory.php(168): P\Tests\Feature\Api\Enhanced\BookingControllerEnhancedTest-&gt;{closure:{closure:C:\laragon\www\CarRentSystem\tests\Feature\Api\Enhanced\BookingControllerEnhancedTest.php:208}:221}()
#72 [internal function]: P\Tests\Feature\Api\Enhanced\BookingControllerEnhancedTest-&gt;{closure:Pest\Factories\TestCaseMethodFactory::getClosure():158}()
#73 C:\laragon\www\CarRentSystem\vendor\pestphp\pest\src\Concerns\Testable.php(429): call_user_func_array(Object(Closure), Array)
#74 C:\laragon\www\CarRentSystem\vendor\pestphp\pest\src\Support\ExceptionTrace.php(26): P\Tests\Feature\Api\Enhanced\BookingControllerEnhancedTest-&gt;{closure:Pest\Concerns\Testable::__callClosure():429}()
#75 C:\laragon\www\CarRentSystem\vendor\pestphp\pest\src\Concerns\Testable.php(429): Pest\Support\ExceptionTrace::ensure(Object(Closure))
#76 C:\laragon\www\CarRentSystem\vendor\pestphp\pest\src\Concerns\Testable.php(331): P\Tests\Feature\Api\Enhanced\BookingControllerEnhancedTest-&gt;__callClosure(Object(Closure), Array)
#77 C:\laragon\www\CarRentSystem\vendor\pestphp\pest\src\Factories\TestCaseFactory.php(169) : eval()'d code(96): P\Tests\Feature\Api\Enhanced\BookingControllerEnhancedTest-&gt;__runTest(Object(Closure))
#78 C:\laragon\www\CarRentSystem\vendor\phpunit\phpunit\src\Framework\TestCase.php(1316): P\Tests\Feature\Api\Enhanced\BookingControllerEnhancedTest-&gt;__pest_evaluable__Booking_Authorization_Middleware__→_it_allows_renter_to_access_their_booking()
#79 C:\laragon\www\CarRentSystem\vendor\phpunit\phpunit\src\Framework\TestCase.php(516): PHPUnit\Framework\TestCase-&gt;runTest()
#80 C:\laragon\www\CarRentSystem\vendor\phpunit\phpunit\src\Framework\TestRunner\TestRunner.php(99): PHPUnit\Framework\TestCase-&gt;runBare()
#81 C:\laragon\www\CarRentSystem\vendor\phpunit\phpunit\src\Framework\TestCase.php(357): PHPUnit\Framework\TestRunner-&gt;run(Object(P\Tests\Feature\Api\Enhanced\BookingControllerEnhancedTest))
#82 C:\laragon\www\CarRentSystem\vendor\phpunit\phpunit\src\Framework\TestSuite.php(374): PHPUnit\Framework\TestCase-&gt;run()
#83 C:\laragon\www\CarRentSystem\vendor\brianium\paratest\src\WrapperRunner\ApplicationForWrapperWorker.php(116): PHPUnit\Framework\TestSuite-&gt;run()
#84 C:\laragon\www\CarRentSystem\vendor\pestphp\pest\bin\worker.php(105): ParaTest\WrapperRunner\ApplicationForWrapperWorker-&gt;runTest('C:\\laragon\\www\\...')
#85 C:\laragon\www\CarRentSystem\vendor\pestphp\pest\bin\worker.php(110): {closure:C:\laragon\www\CarRentSystem\vendor\pestphp\pest\bin\worker.php:30}()
#86 {main}

----------------------------------------------------------------------------------

Class "Stripe\Stripe" not found&#13;
&#13;
at vendor\laravel\framework\src\Illuminate\Testing\TestResponseAssert.php:45
at vendor\laravel\framework\src\Illuminate\Testing\TestResponse.php:103
at tests\Feature\Api\Enhanced\BookingControllerEnhancedTest.php:225</failure>
      </testcase>
      <testcase name="`Booking Authorization Middleware` → it allows vehicle owner to access booking" class="Tests\Feature\Api\Enhanced\BookingControllerEnhancedTest" classname="Tests.Feature.Api.Enhanced.BookingControllerEnhancedTest" file="tests\Feature\Api\Enhanced\BookingControllerEnhancedTest.php::`Booking Authorization Middleware` → it allows vehicle owner to access booking" line="0" assertions="1" time="0.186256">
        <failure type="PHPUnit\Framework\ExpectationFailedException">`Booking Authorization Middleware` → it allows vehicle owner to access bookingExpected response status code [&gt;=200, &lt;300] but received 500.
Failed asserting that false is true.&#13;
&#13;
The following exception occurred during the last request:

Error: Class "Stripe\Stripe" not found in C:\laragon\www\CarRentSystem\app\Services\PaymentService.php:19
Stack trace:
#0 [internal function]: App\Services\PaymentService-&gt;__construct()
#1 C:\laragon\www\CarRentSystem\vendor\laravel\framework\src\Illuminate\Container\Container.php(1211): ReflectionClass-&gt;newInstanceArgs(Array)
#2 C:\laragon\www\CarRentSystem\vendor\laravel\framework\src\Illuminate\Container\Container.php(972): Illuminate\Container\Container-&gt;build('App\\Services\\Pa...')
#3 C:\laragon\www\CarRentSystem\vendor\laravel\framework\src\Illuminate\Foundation\Application.php(1078): Illuminate\Container\Container-&gt;resolve('App\\Services\\Pa...', Array, true)
#4 C:\laragon\www\CarRentSystem\vendor\laravel\framework\src\Illuminate\Container\Container.php(903): Illuminate\Foundation\Application-&gt;resolve('App\\Services\\Pa...', Array)
#5 C:\laragon\www\CarRentSystem\vendor\laravel\framework\src\Illuminate\Foundation\Application.php(1058): Illuminate\Container\Container-&gt;make('App\\Services\\Pa...', Array)
#6 C:\laragon\www\CarRentSystem\vendor\laravel\framework\src\Illuminate\Container\Container.php(1379): Illuminate\Foundation\Application-&gt;make('App\\Services\\Pa...')
#7 C:\laragon\www\CarRentSystem\vendor\laravel\framework\src\Illuminate\Container\Container.php(1278): Illuminate\Container\Container-&gt;resolveClass(Object(ReflectionParameter))
#8 C:\laragon\www\CarRentSystem\vendor\laravel\framework\src\Illuminate\Container\Container.php(1201): Illuminate\Container\Container-&gt;resolveDependencies(Array)
#9 C:\laragon\www\CarRentSystem\vendor\laravel\framework\src\Illuminate\Container\Container.php(972): Illuminate\Container\Container-&gt;build('App\\Actions\\Boo...')
#10 C:\laragon\www\CarRentSystem\vendor\laravel\framework\src\Illuminate\Foundation\Application.php(1078): Illuminate\Container\Container-&gt;resolve('App\\Actions\\Boo...', Array, true)
#11 C:\laragon\www\CarRentSystem\vendor\laravel\framework\src\Illuminate\Container\Container.php(903): Illuminate\Foundation\Application-&gt;resolve('App\\Actions\\Boo...', Array)
#12 C:\laragon\www\CarRentSystem\vendor\laravel\framework\src\Illuminate\Foundation\Application.php(1058): Illuminate\Container\Container-&gt;make('App\\Actions\\Boo...', Array)
#13 C:\laragon\www\CarRentSystem\vendor\laravel\framework\src\Illuminate\Container\Container.php(1379): Illuminate\Foundation\Application-&gt;make('App\\Actions\\Boo...')
#14 C:\laragon\www\CarRentSystem\vendor\laravel\framework\src\Illuminate\Container\Container.php(1278): Illuminate\Container\Container-&gt;resolveClass(Object(ReflectionParameter))
#15 C:\laragon\www\CarRentSystem\vendor\laravel\framework\src\Illuminate\Container\Container.php(1201): Illuminate\Container\Container-&gt;resolveDependencies(Array)
#16 C:\laragon\www\CarRentSystem\vendor\laravel\framework\src\Illuminate\Container\Container.php(972): Illuminate\Container\Container-&gt;build('App\\Http\\Contro...')
#17 C:\laragon\www\CarRentSystem\vendor\laravel\framework\src\Illuminate\Foundation\Application.php(1078): Illuminate\Container\Container-&gt;resolve('App\\Http\\Contro...', Array, true)
#18 C:\laragon\www\CarRentSystem\vendor\laravel\framework\src\Illuminate\Container\Container.php(903): Illuminate\Foundation\Application-&gt;resolve('App\\Http\\Contro...', Array)
#19 C:\laragon\www\CarRentSystem\vendor\laravel\framework\src\Illuminate\Foundation\Application.php(1058): Illuminate\Container\Container-&gt;make('App\\Http\\Contro...', Array)
#20 C:\laragon\www\CarRentSystem\vendor\laravel\framework\src\Illuminate\Routing\Route.php(286): Illuminate\Foundation\Application-&gt;make('App\\Http\\Contro...')
#21 C:\laragon\www\CarRentSystem\vendor\laravel\framework\src\Illuminate\Routing\Route.php(266): Illuminate\Routing\Route-&gt;getController()
#22 C:\laragon\www\CarRentSystem\vendor\laravel\framework\src\Illuminate\Routing\Route.php(211): Illuminate\Routing\Route-&gt;runController()
#23 C:\laragon\www\CarRentSystem\vendor\laravel\framework\src\Illuminate\Routing\Router.php(822): Illuminate\Routing\Route-&gt;run()
#24 C:\laragon\www\CarRentSystem\vendor\laravel\framework\src\Illuminate\Pipeline\Pipeline.php(180): Illuminate\Routing\Router-&gt;{closure:Illuminate\Routing\Router::runRouteWithinStack():821}(Object(Illuminate\Http\Request))
#25 C:\laragon\www\CarRentSystem\vendor\laravel\framework\src\Illuminate\Routing\Middleware\SubstituteBindings.php(50): Illuminate\Pipeline\Pipeline-&gt;{closure:Illuminate\Pipeline\Pipeline::prepareDestination():178}(Object(Illuminate\Http\Request))
#26 C:\laragon\www\CarRentSystem\vendor\laravel\framework\src\Illuminate\Pipeline\Pipeline.php(219): Illuminate\Routing\Middleware\SubstituteBindings-&gt;handle(Object(Illuminate\Http\Request), Object(Closure))
#27 C:\laragon\www\CarRentSystem\vendor\laravel\framework\src\Illuminate\Routing\Middleware\ThrottleRequests.php(160): Illuminate\Pipeline\Pipeline-&gt;{closure:{closure:Illuminate\Pipeline\Pipeline::carry():194}:195}(Object(Illuminate\Http\Request))
#28 C:\laragon\www\CarRentSystem\vendor\laravel\framework\src\Illuminate\Routing\Middleware\ThrottleRequests.php(91): Illuminate\Routing\Middleware\ThrottleRequests-&gt;handleRequest(Object(Illuminate\Http\Request), Object(Closure), Array)
#29 C:\laragon\www\CarRentSystem\vendor\laravel\framework\src\Illuminate\Pipeline\Pipeline.php(219): Illuminate\Routing\Middleware\ThrottleRequests-&gt;handle(Object(Illuminate\Http\Request), Object(Closure), '100', '1')
#30 C:\laragon\www\CarRentSystem\vendor\laravel\framework\src\Illuminate\Auth\Middleware\Authenticate.php(63): Illuminate\Pipeline\Pipeline-&gt;{closure:{closure:Illuminate\Pipeline\Pipeline::carry():194}:195}(Object(Illuminate\Http\Request))
#31 C:\laragon\www\CarRentSystem\vendor\laravel\framework\src\Illuminate\Pipeline\Pipeline.php(219): Illuminate\Auth\Middleware\Authenticate-&gt;handle(Object(Illuminate\Http\Request), Object(Closure), 'sanctum')
#32 C:\laragon\www\CarRentSystem\vendor\laravel\sanctum\src\Http\Middleware\EnsureFrontendRequestsAreStateful.php(26): Illuminate\Pipeline\Pipeline-&gt;{closure:{closure:Illuminate\Pipeline\Pipeline::carry():194}:195}(Object(Illuminate\Http\Request))
#33 C:\laragon\www\CarRentSystem\vendor\laravel\framework\src\Illuminate\Pipeline\Pipeline.php(180): Laravel\Sanctum\Http\Middleware\EnsureFrontendRequestsAreStateful-&gt;{closure:Laravel\Sanctum\Http\Middleware\EnsureFrontendRequestsAreStateful::handle():25}(Object(Illuminate\Http\Request))
#34 C:\laragon\www\CarRentSystem\vendor\laravel\framework\src\Illuminate\Pipeline\Pipeline.php(137): Illuminate\Pipeline\Pipeline-&gt;{closure:Illuminate\Pipeline\Pipeline::prepareDestination():178}(Object(Illuminate\Http\Request))
#35 C:\laragon\www\CarRentSystem\vendor\laravel\sanctum\src\Http\Middleware\EnsureFrontendRequestsAreStateful.php(25): Illuminate\Pipeline\Pipeline-&gt;then(Object(Closure))
#36 C:\laragon\www\CarRentSystem\vendor\laravel\framework\src\Illuminate\Pipeline\Pipeline.php(219): Laravel\Sanctum\Http\Middleware\EnsureFrontendRequestsAreStateful-&gt;handle(Object(Illuminate\Http\Request), Object(Closure))
#37 C:\laragon\www\CarRentSystem\vendor\laravel\framework\src\Illuminate\Pipeline\Pipeline.php(137): Illuminate\Pipeline\Pipeline-&gt;{closure:{closure:Illuminate\Pipeline\Pipeline::carry():194}:195}(Object(Illuminate\Http\Request))
#38 C:\laragon\www\CarRentSystem\vendor\laravel\framework\src\Illuminate\Routing\Router.php(821): Illuminate\Pipeline\Pipeline-&gt;then(Object(Closure))
#39 C:\laragon\www\CarRentSystem\vendor\laravel\framework\src\Illuminate\Routing\Router.php(800): Illuminate\Routing\Router-&gt;runRouteWithinStack(Object(Illuminate\Routing\Route), Object(Illuminate\Http\Request))
#40 C:\laragon\www\CarRentSystem\vendor\laravel\framework\src\Illuminate\Routing\Router.php(764): Illuminate\Routing\Router-&gt;runRoute(Object(Illuminate\Http\Request), Object(Illuminate\Routing\Route))
#41 C:\laragon\www\CarRentSystem\vendor\laravel\framework\src\Illuminate\Routing\Router.php(753): Illuminate\Routing\Router-&gt;dispatchToRoute(Object(Illuminate\Http\Request))
#42 C:\laragon\www\CarRentSystem\vendor\laravel\framework\src\Illuminate\Foundation\Http\Kernel.php(200): Illuminate\Routing\Router-&gt;dispatch(Object(Illuminate\Http\Request))
#43 C:\laragon\www\CarRentSystem\vendor\laravel\framework\src\Illuminate\Pipeline\Pipeline.php(180): Illuminate\Foundation\Http\Kernel-&gt;{closure:Illuminate\Foundation\Http\Kernel::dispatchToRouter():197}(Object(Illuminate\Http\Request))
#44 C:\laragon\www\CarRentSystem\vendor\livewire\livewire\src\Features\SupportDisablingBackButtonCache\DisableBackButtonCacheMiddleware.php(19): Illuminate\Pipeline\Pipeline-&gt;{closure:Illuminate\Pipeline\Pipeline::prepareDestination():178}(Object(Illuminate\Http\Request))
#45 C:\laragon\www\CarRentSystem\vendor\laravel\framework\src\Illuminate\Pipeline\Pipeline.php(219): Livewire\Features\SupportDisablingBackButtonCache\DisableBackButtonCacheMiddleware-&gt;handle(Object(Illuminate\Http\Request), Object(Closure))
#46 C:\laragon\www\CarRentSystem\vendor\laravel\framework\src\Illuminate\Foundation\Http\Middleware\TransformsRequest.php(21): Illuminate\Pipeline\Pipeline-&gt;{closure:{closure:Illuminate\Pipeline\Pipeline::carry():194}:195}(Object(Illuminate\Http\Request))
#47 C:\laragon\www\CarRentSystem\vendor\laravel\framework\src\Illuminate\Foundation\Http\Middleware\ConvertEmptyStringsToNull.php(31): Illuminate\Foundation\Http\Middleware\TransformsRequest-&gt;handle(Object(Illuminate\Http\Request), Object(Closure))
#48 C:\laragon\www\CarRentSystem\vendor\laravel\framework\src\Illuminate\Pipeline\Pipeline.php(219): Illuminate\Foundation\Http\Middleware\ConvertEmptyStringsToNull-&gt;handle(Object(Illuminate\Http\Request), Object(Closure))
#49 C:\laragon\www\CarRentSystem\vendor\laravel\framework\src\Illuminate\Foundation\Http\Middleware\TransformsRequest.php(21): Illuminate\Pipeline\Pipeline-&gt;{closure:{closure:Illuminate\Pipeline\Pipeline::carry():194}:195}(Object(Illuminate\Http\Request))
#50 C:\laragon\www\CarRentSystem\vendor\laravel\framework\src\Illuminate\Foundation\Http\Middleware\TrimStrings.php(51): Illuminate\Foundation\Http\Middleware\TransformsRequest-&gt;handle(Object(Illuminate\Http\Request), Object(Closure))
#51 C:\laragon\www\CarRentSystem\vendor\laravel\framework\src\Illuminate\Pipeline\Pipeline.php(219): Illuminate\Foundation\Http\Middleware\TrimStrings-&gt;handle(Object(Illuminate\Http\Request), Object(Closure))
#52 C:\laragon\www\CarRentSystem\vendor\laravel\framework\src\Illuminate\Http\Middleware\ValidatePostSize.php(27): Illuminate\Pipeline\Pipeline-&gt;{closure:{closure:Illuminate\Pipeline\Pipeline::carry():194}:195}(Object(Illuminate\Http\Request))
#53 C:\laragon\www\CarRentSystem\vendor\laravel\framework\src\Illuminate\Pipeline\Pipeline.php(219): Illuminate\Http\Middleware\ValidatePostSize-&gt;handle(Object(Illuminate\Http\Request), Object(Closure))
#54 C:\laragon\www\CarRentSystem\vendor\laravel\framework\src\Illuminate\Foundation\Http\Middleware\PreventRequestsDuringMaintenance.php(109): Illuminate\Pipeline\Pipeline-&gt;{closure:{closure:Illuminate\Pipeline\Pipeline::carry():194}:195}(Object(Illuminate\Http\Request))
#55 C:\laragon\www\CarRentSystem\vendor\laravel\framework\src\Illuminate\Pipeline\Pipeline.php(219): Illuminate\Foundation\Http\Middleware\PreventRequestsDuringMaintenance-&gt;handle(Object(Illuminate\Http\Request), Object(Closure))
#56 C:\laragon\www\CarRentSystem\vendor\laravel\framework\src\Illuminate\Http\Middleware\HandleCors.php(61): Illuminate\Pipeline\Pipeline-&gt;{closure:{closure:Illuminate\Pipeline\Pipeline::carry():194}:195}(Object(Illuminate\Http\Request))
#57 C:\laragon\www\CarRentSystem\vendor\laravel\framework\src\Illuminate\Pipeline\Pipeline.php(219): Illuminate\Http\Middleware\HandleCors-&gt;handle(Object(Illuminate\Http\Request), Object(Closure))
#58 C:\laragon\www\CarRentSystem\vendor\laravel\framework\src\Illuminate\Http\Middleware\TrustProxies.php(58): Illuminate\Pipeline\Pipeline-&gt;{closure:{closure:Illuminate\Pipeline\Pipeline::carry():194}:195}(Object(Illuminate\Http\Request))
#59 C:\laragon\www\CarRentSystem\vendor\laravel\framework\src\Illuminate\Pipeline\Pipeline.php(219): Illuminate\Http\Middleware\TrustProxies-&gt;handle(Object(Illuminate\Http\Request), Object(Closure))
#60 C:\laragon\www\CarRentSystem\vendor\laravel\framework\src\Illuminate\Foundation\Http\Middleware\InvokeDeferredCallbacks.php(22): Illuminate\Pipeline\Pipeline-&gt;{closure:{closure:Illuminate\Pipeline\Pipeline::carry():194}:195}(Object(Illuminate\Http\Request))
#61 C:\laragon\www\CarRentSystem\vendor\laravel\framework\src\Illuminate\Pipeline\Pipeline.php(219): Illuminate\Foundation\Http\Middleware\InvokeDeferredCallbacks-&gt;handle(Object(Illuminate\Http\Request), Object(Closure))
#62 C:\laragon\www\CarRentSystem\vendor\laravel\framework\src\Illuminate\Http\Middleware\ValidatePathEncoding.php(26): Illuminate\Pipeline\Pipeline-&gt;{closure:{closure:Illuminate\Pipeline\Pipeline::carry():194}:195}(Object(Illuminate\Http\Request))
#63 C:\laragon\www\CarRentSystem\vendor\laravel\framework\src\Illuminate\Pipeline\Pipeline.php(219): Illuminate\Http\Middleware\ValidatePathEncoding-&gt;handle(Object(Illuminate\Http\Request), Object(Closure))
#64 C:\laragon\www\CarRentSystem\vendor\laravel\framework\src\Illuminate\Pipeline\Pipeline.php(137): Illuminate\Pipeline\Pipeline-&gt;{closure:{closure:Illuminate\Pipeline\Pipeline::carry():194}:195}(Object(Illuminate\Http\Request))
#65 C:\laragon\www\CarRentSystem\vendor\laravel\framework\src\Illuminate\Foundation\Http\Kernel.php(175): Illuminate\Pipeline\Pipeline-&gt;then(Object(Closure))
#66 C:\laragon\www\CarRentSystem\vendor\laravel\framework\src\Illuminate\Foundation\Http\Kernel.php(144): Illuminate\Foundation\Http\Kernel-&gt;sendRequestThroughRouter(Object(Illuminate\Http\Request))
#67 C:\laragon\www\CarRentSystem\vendor\laravel\framework\src\Illuminate\Foundation\Testing\Concerns\MakesHttpRequests.php(607): Illuminate\Foundation\Http\Kernel-&gt;handle(Object(Illuminate\Http\Request))
#68 C:\laragon\www\CarRentSystem\vendor\laravel\framework\src\Illuminate\Foundation\Testing\Concerns\MakesHttpRequests.php(573): Illuminate\Foundation\Testing\TestCase-&gt;call('GET', '/api/bookings/1', Array, Array, Array, Array, '[]')
#69 C:\laragon\www\CarRentSystem\vendor\laravel\framework\src\Illuminate\Foundation\Testing\Concerns\MakesHttpRequests.php(381): Illuminate\Foundation\Testing\TestCase-&gt;json('GET', '/api/bookings/1', Array, Array, 0)
#70 C:\laragon\www\CarRentSystem\tests\Feature\Api\Enhanced\BookingControllerEnhancedTest.php(230): Illuminate\Foundation\Testing\TestCase-&gt;getJson('/api/bookings/1')
#71 C:\laragon\www\CarRentSystem\vendor\pestphp\pest\src\Factories\TestCaseMethodFactory.php(168): P\Tests\Feature\Api\Enhanced\BookingControllerEnhancedTest-&gt;{closure:{closure:C:\laragon\www\CarRentSystem\tests\Feature\Api\Enhanced\BookingControllerEnhancedTest.php:208}:228}()
#72 [internal function]: P\Tests\Feature\Api\Enhanced\BookingControllerEnhancedTest-&gt;{closure:Pest\Factories\TestCaseMethodFactory::getClosure():158}()
#73 C:\laragon\www\CarRentSystem\vendor\pestphp\pest\src\Concerns\Testable.php(429): call_user_func_array(Object(Closure), Array)
#74 C:\laragon\www\CarRentSystem\vendor\pestphp\pest\src\Support\ExceptionTrace.php(26): P\Tests\Feature\Api\Enhanced\BookingControllerEnhancedTest-&gt;{closure:Pest\Concerns\Testable::__callClosure():429}()
#75 C:\laragon\www\CarRentSystem\vendor\pestphp\pest\src\Concerns\Testable.php(429): Pest\Support\ExceptionTrace::ensure(Object(Closure))
#76 C:\laragon\www\CarRentSystem\vendor\pestphp\pest\src\Concerns\Testable.php(331): P\Tests\Feature\Api\Enhanced\BookingControllerEnhancedTest-&gt;__callClosure(Object(Closure), Array)
#77 C:\laragon\www\CarRentSystem\vendor\pestphp\pest\src\Factories\TestCaseFactory.php(169) : eval()'d code(107): P\Tests\Feature\Api\Enhanced\BookingControllerEnhancedTest-&gt;__runTest(Object(Closure))
#78 C:\laragon\www\CarRentSystem\vendor\phpunit\phpunit\src\Framework\TestCase.php(1316): P\Tests\Feature\Api\Enhanced\BookingControllerEnhancedTest-&gt;__pest_evaluable__Booking_Authorization_Middleware__→_it_allows_vehicle_owner_to_access_booking()
#79 C:\laragon\www\CarRentSystem\vendor\phpunit\phpunit\src\Framework\TestCase.php(516): PHPUnit\Framework\TestCase-&gt;runTest()
#80 C:\laragon\www\CarRentSystem\vendor\phpunit\phpunit\src\Framework\TestRunner\TestRunner.php(99): PHPUnit\Framework\TestCase-&gt;runBare()
#81 C:\laragon\www\CarRentSystem\vendor\phpunit\phpunit\src\Framework\TestCase.php(357): PHPUnit\Framework\TestRunner-&gt;run(Object(P\Tests\Feature\Api\Enhanced\BookingControllerEnhancedTest))
#82 C:\laragon\www\CarRentSystem\vendor\phpunit\phpunit\src\Framework\TestSuite.php(374): PHPUnit\Framework\TestCase-&gt;run()
#83 C:\laragon\www\CarRentSystem\vendor\brianium\paratest\src\WrapperRunner\ApplicationForWrapperWorker.php(116): PHPUnit\Framework\TestSuite-&gt;run()
#84 C:\laragon\www\CarRentSystem\vendor\pestphp\pest\bin\worker.php(105): ParaTest\WrapperRunner\ApplicationForWrapperWorker-&gt;runTest('C:\\laragon\\www\\...')
#85 C:\laragon\www\CarRentSystem\vendor\pestphp\pest\bin\worker.php(110): {closure:C:\laragon\www\CarRentSystem\vendor\pestphp\pest\bin\worker.php:30}()
#86 {main}

----------------------------------------------------------------------------------

Class "Stripe\Stripe" not found&#13;
&#13;
at vendor\laravel\framework\src\Illuminate\Testing\TestResponseAssert.php:45
at vendor\laravel\framework\src\Illuminate\Testing\TestResponse.php:103
at tests\Feature\Api\Enhanced\BookingControllerEnhancedTest.php:232</failure>
      </testcase>
      <testcase name="`Booking Authorization Middleware` → it prevents unauthorized users from accessing booking" class="Tests\Feature\Api\Enhanced\BookingControllerEnhancedTest" classname="Tests.Feature.Api.Enhanced.BookingControllerEnhancedTest" file="tests\Feature\Api\Enhanced\BookingControllerEnhancedTest.php::`Booking Authorization Middleware` → it prevents unauthorized users from accessing booking" line="0" assertions="1" time="0.199981">
        <failure type="PHPUnit\Framework\ExpectationFailedException">`Booking Authorization Middleware` → it prevents unauthorized users from accessing bookingExpected response status code [403] but received 500.
Failed asserting that 500 is identical to 403.&#13;
&#13;
The following exception occurred during the last request:

Error: Class "Stripe\Stripe" not found in C:\laragon\www\CarRentSystem\app\Services\PaymentService.php:19
Stack trace:
#0 [internal function]: App\Services\PaymentService-&gt;__construct()
#1 C:\laragon\www\CarRentSystem\vendor\laravel\framework\src\Illuminate\Container\Container.php(1211): ReflectionClass-&gt;newInstanceArgs(Array)
#2 C:\laragon\www\CarRentSystem\vendor\laravel\framework\src\Illuminate\Container\Container.php(972): Illuminate\Container\Container-&gt;build('App\\Services\\Pa...')
#3 C:\laragon\www\CarRentSystem\vendor\laravel\framework\src\Illuminate\Foundation\Application.php(1078): Illuminate\Container\Container-&gt;resolve('App\\Services\\Pa...', Array, true)
#4 C:\laragon\www\CarRentSystem\vendor\laravel\framework\src\Illuminate\Container\Container.php(903): Illuminate\Foundation\Application-&gt;resolve('App\\Services\\Pa...', Array)
#5 C:\laragon\www\CarRentSystem\vendor\laravel\framework\src\Illuminate\Foundation\Application.php(1058): Illuminate\Container\Container-&gt;make('App\\Services\\Pa...', Array)
#6 C:\laragon\www\CarRentSystem\vendor\laravel\framework\src\Illuminate\Container\Container.php(1379): Illuminate\Foundation\Application-&gt;make('App\\Services\\Pa...')
#7 C:\laragon\www\CarRentSystem\vendor\laravel\framework\src\Illuminate\Container\Container.php(1278): Illuminate\Container\Container-&gt;resolveClass(Object(ReflectionParameter))
#8 C:\laragon\www\CarRentSystem\vendor\laravel\framework\src\Illuminate\Container\Container.php(1201): Illuminate\Container\Container-&gt;resolveDependencies(Array)
#9 C:\laragon\www\CarRentSystem\vendor\laravel\framework\src\Illuminate\Container\Container.php(972): Illuminate\Container\Container-&gt;build('App\\Actions\\Boo...')
#10 C:\laragon\www\CarRentSystem\vendor\laravel\framework\src\Illuminate\Foundation\Application.php(1078): Illuminate\Container\Container-&gt;resolve('App\\Actions\\Boo...', Array, true)
#11 C:\laragon\www\CarRentSystem\vendor\laravel\framework\src\Illuminate\Container\Container.php(903): Illuminate\Foundation\Application-&gt;resolve('App\\Actions\\Boo...', Array)
#12 C:\laragon\www\CarRentSystem\vendor\laravel\framework\src\Illuminate\Foundation\Application.php(1058): Illuminate\Container\Container-&gt;make('App\\Actions\\Boo...', Array)
#13 C:\laragon\www\CarRentSystem\vendor\laravel\framework\src\Illuminate\Container\Container.php(1379): Illuminate\Foundation\Application-&gt;make('App\\Actions\\Boo...')
#14 C:\laragon\www\CarRentSystem\vendor\laravel\framework\src\Illuminate\Container\Container.php(1278): Illuminate\Container\Container-&gt;resolveClass(Object(ReflectionParameter))
#15 C:\laragon\www\CarRentSystem\vendor\laravel\framework\src\Illuminate\Container\Container.php(1201): Illuminate\Container\Container-&gt;resolveDependencies(Array)
#16 C:\laragon\www\CarRentSystem\vendor\laravel\framework\src\Illuminate\Container\Container.php(972): Illuminate\Container\Container-&gt;build('App\\Http\\Contro...')
#17 C:\laragon\www\CarRentSystem\vendor\laravel\framework\src\Illuminate\Foundation\Application.php(1078): Illuminate\Container\Container-&gt;resolve('App\\Http\\Contro...', Array, true)
#18 C:\laragon\www\CarRentSystem\vendor\laravel\framework\src\Illuminate\Container\Container.php(903): Illuminate\Foundation\Application-&gt;resolve('App\\Http\\Contro...', Array)
#19 C:\laragon\www\CarRentSystem\vendor\laravel\framework\src\Illuminate\Foundation\Application.php(1058): Illuminate\Container\Container-&gt;make('App\\Http\\Contro...', Array)
#20 C:\laragon\www\CarRentSystem\vendor\laravel\framework\src\Illuminate\Routing\Route.php(286): Illuminate\Foundation\Application-&gt;make('App\\Http\\Contro...')
#21 C:\laragon\www\CarRentSystem\vendor\laravel\framework\src\Illuminate\Routing\Route.php(266): Illuminate\Routing\Route-&gt;getController()
#22 C:\laragon\www\CarRentSystem\vendor\laravel\framework\src\Illuminate\Routing\Route.php(211): Illuminate\Routing\Route-&gt;runController()
#23 C:\laragon\www\CarRentSystem\vendor\laravel\framework\src\Illuminate\Routing\Router.php(822): Illuminate\Routing\Route-&gt;run()
#24 C:\laragon\www\CarRentSystem\vendor\laravel\framework\src\Illuminate\Pipeline\Pipeline.php(180): Illuminate\Routing\Router-&gt;{closure:Illuminate\Routing\Router::runRouteWithinStack():821}(Object(Illuminate\Http\Request))
#25 C:\laragon\www\CarRentSystem\vendor\laravel\framework\src\Illuminate\Routing\Middleware\SubstituteBindings.php(50): Illuminate\Pipeline\Pipeline-&gt;{closure:Illuminate\Pipeline\Pipeline::prepareDestination():178}(Object(Illuminate\Http\Request))
#26 C:\laragon\www\CarRentSystem\vendor\laravel\framework\src\Illuminate\Pipeline\Pipeline.php(219): Illuminate\Routing\Middleware\SubstituteBindings-&gt;handle(Object(Illuminate\Http\Request), Object(Closure))
#27 C:\laragon\www\CarRentSystem\vendor\laravel\framework\src\Illuminate\Routing\Middleware\ThrottleRequests.php(160): Illuminate\Pipeline\Pipeline-&gt;{closure:{closure:Illuminate\Pipeline\Pipeline::carry():194}:195}(Object(Illuminate\Http\Request))
#28 C:\laragon\www\CarRentSystem\vendor\laravel\framework\src\Illuminate\Routing\Middleware\ThrottleRequests.php(91): Illuminate\Routing\Middleware\ThrottleRequests-&gt;handleRequest(Object(Illuminate\Http\Request), Object(Closure), Array)
#29 C:\laragon\www\CarRentSystem\vendor\laravel\framework\src\Illuminate\Pipeline\Pipeline.php(219): Illuminate\Routing\Middleware\ThrottleRequests-&gt;handle(Object(Illuminate\Http\Request), Object(Closure), '100', '1')
#30 C:\laragon\www\CarRentSystem\vendor\laravel\framework\src\Illuminate\Auth\Middleware\Authenticate.php(63): Illuminate\Pipeline\Pipeline-&gt;{closure:{closure:Illuminate\Pipeline\Pipeline::carry():194}:195}(Object(Illuminate\Http\Request))
#31 C:\laragon\www\CarRentSystem\vendor\laravel\framework\src\Illuminate\Pipeline\Pipeline.php(219): Illuminate\Auth\Middleware\Authenticate-&gt;handle(Object(Illuminate\Http\Request), Object(Closure), 'sanctum')
#32 C:\laragon\www\CarRentSystem\vendor\laravel\sanctum\src\Http\Middleware\EnsureFrontendRequestsAreStateful.php(26): Illuminate\Pipeline\Pipeline-&gt;{closure:{closure:Illuminate\Pipeline\Pipeline::carry():194}:195}(Object(Illuminate\Http\Request))
#33 C:\laragon\www\CarRentSystem\vendor\laravel\framework\src\Illuminate\Pipeline\Pipeline.php(180): Laravel\Sanctum\Http\Middleware\EnsureFrontendRequestsAreStateful-&gt;{closure:Laravel\Sanctum\Http\Middleware\EnsureFrontendRequestsAreStateful::handle():25}(Object(Illuminate\Http\Request))
#34 C:\laragon\www\CarRentSystem\vendor\laravel\framework\src\Illuminate\Pipeline\Pipeline.php(137): Illuminate\Pipeline\Pipeline-&gt;{closure:Illuminate\Pipeline\Pipeline::prepareDestination():178}(Object(Illuminate\Http\Request))
#35 C:\laragon\www\CarRentSystem\vendor\laravel\sanctum\src\Http\Middleware\EnsureFrontendRequestsAreStateful.php(25): Illuminate\Pipeline\Pipeline-&gt;then(Object(Closure))
#36 C:\laragon\www\CarRentSystem\vendor\laravel\framework\src\Illuminate\Pipeline\Pipeline.php(219): Laravel\Sanctum\Http\Middleware\EnsureFrontendRequestsAreStateful-&gt;handle(Object(Illuminate\Http\Request), Object(Closure))
#37 C:\laragon\www\CarRentSystem\vendor\laravel\framework\src\Illuminate\Pipeline\Pipeline.php(137): Illuminate\Pipeline\Pipeline-&gt;{closure:{closure:Illuminate\Pipeline\Pipeline::carry():194}:195}(Object(Illuminate\Http\Request))
#38 C:\laragon\www\CarRentSystem\vendor\laravel\framework\src\Illuminate\Routing\Router.php(821): Illuminate\Pipeline\Pipeline-&gt;then(Object(Closure))
#39 C:\laragon\www\CarRentSystem\vendor\laravel\framework\src\Illuminate\Routing\Router.php(800): Illuminate\Routing\Router-&gt;runRouteWithinStack(Object(Illuminate\Routing\Route), Object(Illuminate\Http\Request))
#40 C:\laragon\www\CarRentSystem\vendor\laravel\framework\src\Illuminate\Routing\Router.php(764): Illuminate\Routing\Router-&gt;runRoute(Object(Illuminate\Http\Request), Object(Illuminate\Routing\Route))
#41 C:\laragon\www\CarRentSystem\vendor\laravel\framework\src\Illuminate\Routing\Router.php(753): Illuminate\Routing\Router-&gt;dispatchToRoute(Object(Illuminate\Http\Request))
#42 C:\laragon\www\CarRentSystem\vendor\laravel\framework\src\Illuminate\Foundation\Http\Kernel.php(200): Illuminate\Routing\Router-&gt;dispatch(Object(Illuminate\Http\Request))
#43 C:\laragon\www\CarRentSystem\vendor\laravel\framework\src\Illuminate\Pipeline\Pipeline.php(180): Illuminate\Foundation\Http\Kernel-&gt;{closure:Illuminate\Foundation\Http\Kernel::dispatchToRouter():197}(Object(Illuminate\Http\Request))
#44 C:\laragon\www\CarRentSystem\vendor\livewire\livewire\src\Features\SupportDisablingBackButtonCache\DisableBackButtonCacheMiddleware.php(19): Illuminate\Pipeline\Pipeline-&gt;{closure:Illuminate\Pipeline\Pipeline::prepareDestination():178}(Object(Illuminate\Http\Request))
#45 C:\laragon\www\CarRentSystem\vendor\laravel\framework\src\Illuminate\Pipeline\Pipeline.php(219): Livewire\Features\SupportDisablingBackButtonCache\DisableBackButtonCacheMiddleware-&gt;handle(Object(Illuminate\Http\Request), Object(Closure))
#46 C:\laragon\www\CarRentSystem\vendor\laravel\framework\src\Illuminate\Foundation\Http\Middleware\TransformsRequest.php(21): Illuminate\Pipeline\Pipeline-&gt;{closure:{closure:Illuminate\Pipeline\Pipeline::carry():194}:195}(Object(Illuminate\Http\Request))
#47 C:\laragon\www\CarRentSystem\vendor\laravel\framework\src\Illuminate\Foundation\Http\Middleware\ConvertEmptyStringsToNull.php(31): Illuminate\Foundation\Http\Middleware\TransformsRequest-&gt;handle(Object(Illuminate\Http\Request), Object(Closure))
#48 C:\laragon\www\CarRentSystem\vendor\laravel\framework\src\Illuminate\Pipeline\Pipeline.php(219): Illuminate\Foundation\Http\Middleware\ConvertEmptyStringsToNull-&gt;handle(Object(Illuminate\Http\Request), Object(Closure))
#49 C:\laragon\www\CarRentSystem\vendor\laravel\framework\src\Illuminate\Foundation\Http\Middleware\TransformsRequest.php(21): Illuminate\Pipeline\Pipeline-&gt;{closure:{closure:Illuminate\Pipeline\Pipeline::carry():194}:195}(Object(Illuminate\Http\Request))
#50 C:\laragon\www\CarRentSystem\vendor\laravel\framework\src\Illuminate\Foundation\Http\Middleware\TrimStrings.php(51): Illuminate\Foundation\Http\Middleware\TransformsRequest-&gt;handle(Object(Illuminate\Http\Request), Object(Closure))
#51 C:\laragon\www\CarRentSystem\vendor\laravel\framework\src\Illuminate\Pipeline\Pipeline.php(219): Illuminate\Foundation\Http\Middleware\TrimStrings-&gt;handle(Object(Illuminate\Http\Request), Object(Closure))
#52 C:\laragon\www\CarRentSystem\vendor\laravel\framework\src\Illuminate\Http\Middleware\ValidatePostSize.php(27): Illuminate\Pipeline\Pipeline-&gt;{closure:{closure:Illuminate\Pipeline\Pipeline::carry():194}:195}(Object(Illuminate\Http\Request))
#53 C:\laragon\www\CarRentSystem\vendor\laravel\framework\src\Illuminate\Pipeline\Pipeline.php(219): Illuminate\Http\Middleware\ValidatePostSize-&gt;handle(Object(Illuminate\Http\Request), Object(Closure))
#54 C:\laragon\www\CarRentSystem\vendor\laravel\framework\src\Illuminate\Foundation\Http\Middleware\PreventRequestsDuringMaintenance.php(109): Illuminate\Pipeline\Pipeline-&gt;{closure:{closure:Illuminate\Pipeline\Pipeline::carry():194}:195}(Object(Illuminate\Http\Request))
#55 C:\laragon\www\CarRentSystem\vendor\laravel\framework\src\Illuminate\Pipeline\Pipeline.php(219): Illuminate\Foundation\Http\Middleware\PreventRequestsDuringMaintenance-&gt;handle(Object(Illuminate\Http\Request), Object(Closure))
#56 C:\laragon\www\CarRentSystem\vendor\laravel\framework\src\Illuminate\Http\Middleware\HandleCors.php(61): Illuminate\Pipeline\Pipeline-&gt;{closure:{closure:Illuminate\Pipeline\Pipeline::carry():194}:195}(Object(Illuminate\Http\Request))
#57 C:\laragon\www\CarRentSystem\vendor\laravel\framework\src\Illuminate\Pipeline\Pipeline.php(219): Illuminate\Http\Middleware\HandleCors-&gt;handle(Object(Illuminate\Http\Request), Object(Closure))
#58 C:\laragon\www\CarRentSystem\vendor\laravel\framework\src\Illuminate\Http\Middleware\TrustProxies.php(58): Illuminate\Pipeline\Pipeline-&gt;{closure:{closure:Illuminate\Pipeline\Pipeline::carry():194}:195}(Object(Illuminate\Http\Request))
#59 C:\laragon\www\CarRentSystem\vendor\laravel\framework\src\Illuminate\Pipeline\Pipeline.php(219): Illuminate\Http\Middleware\TrustProxies-&gt;handle(Object(Illuminate\Http\Request), Object(Closure))
#60 C:\laragon\www\CarRentSystem\vendor\laravel\framework\src\Illuminate\Foundation\Http\Middleware\InvokeDeferredCallbacks.php(22): Illuminate\Pipeline\Pipeline-&gt;{closure:{closure:Illuminate\Pipeline\Pipeline::carry():194}:195}(Object(Illuminate\Http\Request))
#61 C:\laragon\www\CarRentSystem\vendor\laravel\framework\src\Illuminate\Pipeline\Pipeline.php(219): Illuminate\Foundation\Http\Middleware\InvokeDeferredCallbacks-&gt;handle(Object(Illuminate\Http\Request), Object(Closure))
#62 C:\laragon\www\CarRentSystem\vendor\laravel\framework\src\Illuminate\Http\Middleware\ValidatePathEncoding.php(26): Illuminate\Pipeline\Pipeline-&gt;{closure:{closure:Illuminate\Pipeline\Pipeline::carry():194}:195}(Object(Illuminate\Http\Request))
#63 C:\laragon\www\CarRentSystem\vendor\laravel\framework\src\Illuminate\Pipeline\Pipeline.php(219): Illuminate\Http\Middleware\ValidatePathEncoding-&gt;handle(Object(Illuminate\Http\Request), Object(Closure))
#64 C:\laragon\www\CarRentSystem\vendor\laravel\framework\src\Illuminate\Pipeline\Pipeline.php(137): Illuminate\Pipeline\Pipeline-&gt;{closure:{closure:Illuminate\Pipeline\Pipeline::carry():194}:195}(Object(Illuminate\Http\Request))
#65 C:\laragon\www\CarRentSystem\vendor\laravel\framework\src\Illuminate\Foundation\Http\Kernel.php(175): Illuminate\Pipeline\Pipeline-&gt;then(Object(Closure))
#66 C:\laragon\www\CarRentSystem\vendor\laravel\framework\src\Illuminate\Foundation\Http\Kernel.php(144): Illuminate\Foundation\Http\Kernel-&gt;sendRequestThroughRouter(Object(Illuminate\Http\Request))
#67 C:\laragon\www\CarRentSystem\vendor\laravel\framework\src\Illuminate\Foundation\Testing\Concerns\MakesHttpRequests.php(607): Illuminate\Foundation\Http\Kernel-&gt;handle(Object(Illuminate\Http\Request))
#68 C:\laragon\www\CarRentSystem\vendor\laravel\framework\src\Illuminate\Foundation\Testing\Concerns\MakesHttpRequests.php(573): Illuminate\Foundation\Testing\TestCase-&gt;call('GET', '/api/bookings/1', Array, Array, Array, Array, '[]')
#69 C:\laragon\www\CarRentSystem\vendor\laravel\framework\src\Illuminate\Foundation\Testing\Concerns\MakesHttpRequests.php(381): Illuminate\Foundation\Testing\TestCase-&gt;json('GET', '/api/bookings/1', Array, Array, 0)
#70 C:\laragon\www\CarRentSystem\tests\Feature\Api\Enhanced\BookingControllerEnhancedTest.php(237): Illuminate\Foundation\Testing\TestCase-&gt;getJson('/api/bookings/1')
#71 C:\laragon\www\CarRentSystem\vendor\pestphp\pest\src\Factories\TestCaseMethodFactory.php(168): P\Tests\Feature\Api\Enhanced\BookingControllerEnhancedTest-&gt;{closure:{closure:C:\laragon\www\CarRentSystem\tests\Feature\Api\Enhanced\BookingControllerEnhancedTest.php:208}:235}()
#72 [internal function]: P\Tests\Feature\Api\Enhanced\BookingControllerEnhancedTest-&gt;{closure:Pest\Factories\TestCaseMethodFactory::getClosure():158}()
#73 C:\laragon\www\CarRentSystem\vendor\pestphp\pest\src\Concerns\Testable.php(429): call_user_func_array(Object(Closure), Array)
#74 C:\laragon\www\CarRentSystem\vendor\pestphp\pest\src\Support\ExceptionTrace.php(26): P\Tests\Feature\Api\Enhanced\BookingControllerEnhancedTest-&gt;{closure:Pest\Concerns\Testable::__callClosure():429}()
#75 C:\laragon\www\CarRentSystem\vendor\pestphp\pest\src\Concerns\Testable.php(429): Pest\Support\ExceptionTrace::ensure(Object(Closure))
#76 C:\laragon\www\CarRentSystem\vendor\pestphp\pest\src\Concerns\Testable.php(331): P\Tests\Feature\Api\Enhanced\BookingControllerEnhancedTest-&gt;__callClosure(Object(Closure), Array)
#77 C:\laragon\www\CarRentSystem\vendor\pestphp\pest\src\Factories\TestCaseFactory.php(169) : eval()'d code(118): P\Tests\Feature\Api\Enhanced\BookingControllerEnhancedTest-&gt;__runTest(Object(Closure))
#78 C:\laragon\www\CarRentSystem\vendor\phpunit\phpunit\src\Framework\TestCase.php(1316): P\Tests\Feature\Api\Enhanced\BookingControllerEnhancedTest-&gt;__pest_evaluable__Booking_Authorization_Middleware__→_it_prevents_unauthorized_users_from_accessing_booking()
#79 C:\laragon\www\CarRentSystem\vendor\phpunit\phpunit\src\Framework\TestCase.php(516): PHPUnit\Framework\TestCase-&gt;runTest()
#80 C:\laragon\www\CarRentSystem\vendor\phpunit\phpunit\src\Framework\TestRunner\TestRunner.php(99): PHPUnit\Framework\TestCase-&gt;runBare()
#81 C:\laragon\www\CarRentSystem\vendor\phpunit\phpunit\src\Framework\TestCase.php(357): PHPUnit\Framework\TestRunner-&gt;run(Object(P\Tests\Feature\Api\Enhanced\BookingControllerEnhancedTest))
#82 C:\laragon\www\CarRentSystem\vendor\phpunit\phpunit\src\Framework\TestSuite.php(374): PHPUnit\Framework\TestCase-&gt;run()
#83 C:\laragon\www\CarRentSystem\vendor\brianium\paratest\src\WrapperRunner\ApplicationForWrapperWorker.php(116): PHPUnit\Framework\TestSuite-&gt;run()
#84 C:\laragon\www\CarRentSystem\vendor\pestphp\pest\bin\worker.php(105): ParaTest\WrapperRunner\ApplicationForWrapperWorker-&gt;runTest('C:\\laragon\\www\\...')
#85 C:\laragon\www\CarRentSystem\vendor\pestphp\pest\bin\worker.php(110): {closure:C:\laragon\www\CarRentSystem\vendor\pestphp\pest\bin\worker.php:30}()
#86 {main}

----------------------------------------------------------------------------------

Class "Stripe\Stripe" not found&#13;
&#13;
at vendor\laravel\framework\src\Illuminate\Testing\TestResponseAssert.php:45
at vendor\laravel\framework\src\Illuminate\Testing\TestResponse.php:174
at tests\Feature\Api\Enhanced\BookingControllerEnhancedTest.php:239</failure>
      </testcase>
      <testcase name="`Booking Authorization Middleware` → it allows admin to access any booking" class="Tests\Feature\Api\Enhanced\BookingControllerEnhancedTest" classname="Tests.Feature.Api.Enhanced.BookingControllerEnhancedTest" file="tests\Feature\Api\Enhanced\BookingControllerEnhancedTest.php::`Booking Authorization Middleware` → it allows admin to access any booking" line="0" assertions="1" time="0.155199">
        <failure type="PHPUnit\Framework\ExpectationFailedException">`Booking Authorization Middleware` → it allows admin to access any bookingExpected response status code [&gt;=200, &lt;300] but received 500.
Failed asserting that false is true.&#13;
&#13;
The following exception occurred during the last request:

Error: Class "Stripe\Stripe" not found in C:\laragon\www\CarRentSystem\app\Services\PaymentService.php:19
Stack trace:
#0 [internal function]: App\Services\PaymentService-&gt;__construct()
#1 C:\laragon\www\CarRentSystem\vendor\laravel\framework\src\Illuminate\Container\Container.php(1211): ReflectionClass-&gt;newInstanceArgs(Array)
#2 C:\laragon\www\CarRentSystem\vendor\laravel\framework\src\Illuminate\Container\Container.php(972): Illuminate\Container\Container-&gt;build('App\\Services\\Pa...')
#3 C:\laragon\www\CarRentSystem\vendor\laravel\framework\src\Illuminate\Foundation\Application.php(1078): Illuminate\Container\Container-&gt;resolve('App\\Services\\Pa...', Array, true)
#4 C:\laragon\www\CarRentSystem\vendor\laravel\framework\src\Illuminate\Container\Container.php(903): Illuminate\Foundation\Application-&gt;resolve('App\\Services\\Pa...', Array)
#5 C:\laragon\www\CarRentSystem\vendor\laravel\framework\src\Illuminate\Foundation\Application.php(1058): Illuminate\Container\Container-&gt;make('App\\Services\\Pa...', Array)
#6 C:\laragon\www\CarRentSystem\vendor\laravel\framework\src\Illuminate\Container\Container.php(1379): Illuminate\Foundation\Application-&gt;make('App\\Services\\Pa...')
#7 C:\laragon\www\CarRentSystem\vendor\laravel\framework\src\Illuminate\Container\Container.php(1278): Illuminate\Container\Container-&gt;resolveClass(Object(ReflectionParameter))
#8 C:\laragon\www\CarRentSystem\vendor\laravel\framework\src\Illuminate\Container\Container.php(1201): Illuminate\Container\Container-&gt;resolveDependencies(Array)
#9 C:\laragon\www\CarRentSystem\vendor\laravel\framework\src\Illuminate\Container\Container.php(972): Illuminate\Container\Container-&gt;build('App\\Actions\\Boo...')
#10 C:\laragon\www\CarRentSystem\vendor\laravel\framework\src\Illuminate\Foundation\Application.php(1078): Illuminate\Container\Container-&gt;resolve('App\\Actions\\Boo...', Array, true)
#11 C:\laragon\www\CarRentSystem\vendor\laravel\framework\src\Illuminate\Container\Container.php(903): Illuminate\Foundation\Application-&gt;resolve('App\\Actions\\Boo...', Array)
#12 C:\laragon\www\CarRentSystem\vendor\laravel\framework\src\Illuminate\Foundation\Application.php(1058): Illuminate\Container\Container-&gt;make('App\\Actions\\Boo...', Array)
#13 C:\laragon\www\CarRentSystem\vendor\laravel\framework\src\Illuminate\Container\Container.php(1379): Illuminate\Foundation\Application-&gt;make('App\\Actions\\Boo...')
#14 C:\laragon\www\CarRentSystem\vendor\laravel\framework\src\Illuminate\Container\Container.php(1278): Illuminate\Container\Container-&gt;resolveClass(Object(ReflectionParameter))
#15 C:\laragon\www\CarRentSystem\vendor\laravel\framework\src\Illuminate\Container\Container.php(1201): Illuminate\Container\Container-&gt;resolveDependencies(Array)
#16 C:\laragon\www\CarRentSystem\vendor\laravel\framework\src\Illuminate\Container\Container.php(972): Illuminate\Container\Container-&gt;build('App\\Http\\Contro...')
#17 C:\laragon\www\CarRentSystem\vendor\laravel\framework\src\Illuminate\Foundation\Application.php(1078): Illuminate\Container\Container-&gt;resolve('App\\Http\\Contro...', Array, true)
#18 C:\laragon\www\CarRentSystem\vendor\laravel\framework\src\Illuminate\Container\Container.php(903): Illuminate\Foundation\Application-&gt;resolve('App\\Http\\Contro...', Array)
#19 C:\laragon\www\CarRentSystem\vendor\laravel\framework\src\Illuminate\Foundation\Application.php(1058): Illuminate\Container\Container-&gt;make('App\\Http\\Contro...', Array)
#20 C:\laragon\www\CarRentSystem\vendor\laravel\framework\src\Illuminate\Routing\Route.php(286): Illuminate\Foundation\Application-&gt;make('App\\Http\\Contro...')
#21 C:\laragon\www\CarRentSystem\vendor\laravel\framework\src\Illuminate\Routing\Route.php(266): Illuminate\Routing\Route-&gt;getController()
#22 C:\laragon\www\CarRentSystem\vendor\laravel\framework\src\Illuminate\Routing\Route.php(211): Illuminate\Routing\Route-&gt;runController()
#23 C:\laragon\www\CarRentSystem\vendor\laravel\framework\src\Illuminate\Routing\Router.php(822): Illuminate\Routing\Route-&gt;run()
#24 C:\laragon\www\CarRentSystem\vendor\laravel\framework\src\Illuminate\Pipeline\Pipeline.php(180): Illuminate\Routing\Router-&gt;{closure:Illuminate\Routing\Router::runRouteWithinStack():821}(Object(Illuminate\Http\Request))
#25 C:\laragon\www\CarRentSystem\vendor\laravel\framework\src\Illuminate\Routing\Middleware\SubstituteBindings.php(50): Illuminate\Pipeline\Pipeline-&gt;{closure:Illuminate\Pipeline\Pipeline::prepareDestination():178}(Object(Illuminate\Http\Request))
#26 C:\laragon\www\CarRentSystem\vendor\laravel\framework\src\Illuminate\Pipeline\Pipeline.php(219): Illuminate\Routing\Middleware\SubstituteBindings-&gt;handle(Object(Illuminate\Http\Request), Object(Closure))
#27 C:\laragon\www\CarRentSystem\vendor\laravel\framework\src\Illuminate\Routing\Middleware\ThrottleRequests.php(160): Illuminate\Pipeline\Pipeline-&gt;{closure:{closure:Illuminate\Pipeline\Pipeline::carry():194}:195}(Object(Illuminate\Http\Request))
#28 C:\laragon\www\CarRentSystem\vendor\laravel\framework\src\Illuminate\Routing\Middleware\ThrottleRequests.php(91): Illuminate\Routing\Middleware\ThrottleRequests-&gt;handleRequest(Object(Illuminate\Http\Request), Object(Closure), Array)
#29 C:\laragon\www\CarRentSystem\vendor\laravel\framework\src\Illuminate\Pipeline\Pipeline.php(219): Illuminate\Routing\Middleware\ThrottleRequests-&gt;handle(Object(Illuminate\Http\Request), Object(Closure), '100', '1')
#30 C:\laragon\www\CarRentSystem\vendor\laravel\framework\src\Illuminate\Auth\Middleware\Authenticate.php(63): Illuminate\Pipeline\Pipeline-&gt;{closure:{closure:Illuminate\Pipeline\Pipeline::carry():194}:195}(Object(Illuminate\Http\Request))
#31 C:\laragon\www\CarRentSystem\vendor\laravel\framework\src\Illuminate\Pipeline\Pipeline.php(219): Illuminate\Auth\Middleware\Authenticate-&gt;handle(Object(Illuminate\Http\Request), Object(Closure), 'sanctum')
#32 C:\laragon\www\CarRentSystem\vendor\laravel\sanctum\src\Http\Middleware\EnsureFrontendRequestsAreStateful.php(26): Illuminate\Pipeline\Pipeline-&gt;{closure:{closure:Illuminate\Pipeline\Pipeline::carry():194}:195}(Object(Illuminate\Http\Request))
#33 C:\laragon\www\CarRentSystem\vendor\laravel\framework\src\Illuminate\Pipeline\Pipeline.php(180): Laravel\Sanctum\Http\Middleware\EnsureFrontendRequestsAreStateful-&gt;{closure:Laravel\Sanctum\Http\Middleware\EnsureFrontendRequestsAreStateful::handle():25}(Object(Illuminate\Http\Request))
#34 C:\laragon\www\CarRentSystem\vendor\laravel\framework\src\Illuminate\Pipeline\Pipeline.php(137): Illuminate\Pipeline\Pipeline-&gt;{closure:Illuminate\Pipeline\Pipeline::prepareDestination():178}(Object(Illuminate\Http\Request))
#35 C:\laragon\www\CarRentSystem\vendor\laravel\sanctum\src\Http\Middleware\EnsureFrontendRequestsAreStateful.php(25): Illuminate\Pipeline\Pipeline-&gt;then(Object(Closure))
#36 C:\laragon\www\CarRentSystem\vendor\laravel\framework\src\Illuminate\Pipeline\Pipeline.php(219): Laravel\Sanctum\Http\Middleware\EnsureFrontendRequestsAreStateful-&gt;handle(Object(Illuminate\Http\Request), Object(Closure))
#37 C:\laragon\www\CarRentSystem\vendor\laravel\framework\src\Illuminate\Pipeline\Pipeline.php(137): Illuminate\Pipeline\Pipeline-&gt;{closure:{closure:Illuminate\Pipeline\Pipeline::carry():194}:195}(Object(Illuminate\Http\Request))
#38 C:\laragon\www\CarRentSystem\vendor\laravel\framework\src\Illuminate\Routing\Router.php(821): Illuminate\Pipeline\Pipeline-&gt;then(Object(Closure))
#39 C:\laragon\www\CarRentSystem\vendor\laravel\framework\src\Illuminate\Routing\Router.php(800): Illuminate\Routing\Router-&gt;runRouteWithinStack(Object(Illuminate\Routing\Route), Object(Illuminate\Http\Request))
#40 C:\laragon\www\CarRentSystem\vendor\laravel\framework\src\Illuminate\Routing\Router.php(764): Illuminate\Routing\Router-&gt;runRoute(Object(Illuminate\Http\Request), Object(Illuminate\Routing\Route))
#41 C:\laragon\www\CarRentSystem\vendor\laravel\framework\src\Illuminate\Routing\Router.php(753): Illuminate\Routing\Router-&gt;dispatchToRoute(Object(Illuminate\Http\Request))
#42 C:\laragon\www\CarRentSystem\vendor\laravel\framework\src\Illuminate\Foundation\Http\Kernel.php(200): Illuminate\Routing\Router-&gt;dispatch(Object(Illuminate\Http\Request))
#43 C:\laragon\www\CarRentSystem\vendor\laravel\framework\src\Illuminate\Pipeline\Pipeline.php(180): Illuminate\Foundation\Http\Kernel-&gt;{closure:Illuminate\Foundation\Http\Kernel::dispatchToRouter():197}(Object(Illuminate\Http\Request))
#44 C:\laragon\www\CarRentSystem\vendor\livewire\livewire\src\Features\SupportDisablingBackButtonCache\DisableBackButtonCacheMiddleware.php(19): Illuminate\Pipeline\Pipeline-&gt;{closure:Illuminate\Pipeline\Pipeline::prepareDestination():178}(Object(Illuminate\Http\Request))
#45 C:\laragon\www\CarRentSystem\vendor\laravel\framework\src\Illuminate\Pipeline\Pipeline.php(219): Livewire\Features\SupportDisablingBackButtonCache\DisableBackButtonCacheMiddleware-&gt;handle(Object(Illuminate\Http\Request), Object(Closure))
#46 C:\laragon\www\CarRentSystem\vendor\laravel\framework\src\Illuminate\Foundation\Http\Middleware\TransformsRequest.php(21): Illuminate\Pipeline\Pipeline-&gt;{closure:{closure:Illuminate\Pipeline\Pipeline::carry():194}:195}(Object(Illuminate\Http\Request))
#47 C:\laragon\www\CarRentSystem\vendor\laravel\framework\src\Illuminate\Foundation\Http\Middleware\ConvertEmptyStringsToNull.php(31): Illuminate\Foundation\Http\Middleware\TransformsRequest-&gt;handle(Object(Illuminate\Http\Request), Object(Closure))
#48 C:\laragon\www\CarRentSystem\vendor\laravel\framework\src\Illuminate\Pipeline\Pipeline.php(219): Illuminate\Foundation\Http\Middleware\ConvertEmptyStringsToNull-&gt;handle(Object(Illuminate\Http\Request), Object(Closure))
#49 C:\laragon\www\CarRentSystem\vendor\laravel\framework\src\Illuminate\Foundation\Http\Middleware\TransformsRequest.php(21): Illuminate\Pipeline\Pipeline-&gt;{closure:{closure:Illuminate\Pipeline\Pipeline::carry():194}:195}(Object(Illuminate\Http\Request))
#50 C:\laragon\www\CarRentSystem\vendor\laravel\framework\src\Illuminate\Foundation\Http\Middleware\TrimStrings.php(51): Illuminate\Foundation\Http\Middleware\TransformsRequest-&gt;handle(Object(Illuminate\Http\Request), Object(Closure))
#51 C:\laragon\www\CarRentSystem\vendor\laravel\framework\src\Illuminate\Pipeline\Pipeline.php(219): Illuminate\Foundation\Http\Middleware\TrimStrings-&gt;handle(Object(Illuminate\Http\Request), Object(Closure))
#52 C:\laragon\www\CarRentSystem\vendor\laravel\framework\src\Illuminate\Http\Middleware\ValidatePostSize.php(27): Illuminate\Pipeline\Pipeline-&gt;{closure:{closure:Illuminate\Pipeline\Pipeline::carry():194}:195}(Object(Illuminate\Http\Request))
#53 C:\laragon\www\CarRentSystem\vendor\laravel\framework\src\Illuminate\Pipeline\Pipeline.php(219): Illuminate\Http\Middleware\ValidatePostSize-&gt;handle(Object(Illuminate\Http\Request), Object(Closure))
#54 C:\laragon\www\CarRentSystem\vendor\laravel\framework\src\Illuminate\Foundation\Http\Middleware\PreventRequestsDuringMaintenance.php(109): Illuminate\Pipeline\Pipeline-&gt;{closure:{closure:Illuminate\Pipeline\Pipeline::carry():194}:195}(Object(Illuminate\Http\Request))
#55 C:\laragon\www\CarRentSystem\vendor\laravel\framework\src\Illuminate\Pipeline\Pipeline.php(219): Illuminate\Foundation\Http\Middleware\PreventRequestsDuringMaintenance-&gt;handle(Object(Illuminate\Http\Request), Object(Closure))
#56 C:\laragon\www\CarRentSystem\vendor\laravel\framework\src\Illuminate\Http\Middleware\HandleCors.php(61): Illuminate\Pipeline\Pipeline-&gt;{closure:{closure:Illuminate\Pipeline\Pipeline::carry():194}:195}(Object(Illuminate\Http\Request))
#57 C:\laragon\www\CarRentSystem\vendor\laravel\framework\src\Illuminate\Pipeline\Pipeline.php(219): Illuminate\Http\Middleware\HandleCors-&gt;handle(Object(Illuminate\Http\Request), Object(Closure))
#58 C:\laragon\www\CarRentSystem\vendor\laravel\framework\src\Illuminate\Http\Middleware\TrustProxies.php(58): Illuminate\Pipeline\Pipeline-&gt;{closure:{closure:Illuminate\Pipeline\Pipeline::carry():194}:195}(Object(Illuminate\Http\Request))
#59 C:\laragon\www\CarRentSystem\vendor\laravel\framework\src\Illuminate\Pipeline\Pipeline.php(219): Illuminate\Http\Middleware\TrustProxies-&gt;handle(Object(Illuminate\Http\Request), Object(Closure))
#60 C:\laragon\www\CarRentSystem\vendor\laravel\framework\src\Illuminate\Foundation\Http\Middleware\InvokeDeferredCallbacks.php(22): Illuminate\Pipeline\Pipeline-&gt;{closure:{closure:Illuminate\Pipeline\Pipeline::carry():194}:195}(Object(Illuminate\Http\Request))
#61 C:\laragon\www\CarRentSystem\vendor\laravel\framework\src\Illuminate\Pipeline\Pipeline.php(219): Illuminate\Foundation\Http\Middleware\InvokeDeferredCallbacks-&gt;handle(Object(Illuminate\Http\Request), Object(Closure))
#62 C:\laragon\www\CarRentSystem\vendor\laravel\framework\src\Illuminate\Http\Middleware\ValidatePathEncoding.php(26): Illuminate\Pipeline\Pipeline-&gt;{closure:{closure:Illuminate\Pipeline\Pipeline::carry():194}:195}(Object(Illuminate\Http\Request))
#63 C:\laragon\www\CarRentSystem\vendor\laravel\framework\src\Illuminate\Pipeline\Pipeline.php(219): Illuminate\Http\Middleware\ValidatePathEncoding-&gt;handle(Object(Illuminate\Http\Request), Object(Closure))
#64 C:\laragon\www\CarRentSystem\vendor\laravel\framework\src\Illuminate\Pipeline\Pipeline.php(137): Illuminate\Pipeline\Pipeline-&gt;{closure:{closure:Illuminate\Pipeline\Pipeline::carry():194}:195}(Object(Illuminate\Http\Request))
#65 C:\laragon\www\CarRentSystem\vendor\laravel\framework\src\Illuminate\Foundation\Http\Kernel.php(175): Illuminate\Pipeline\Pipeline-&gt;then(Object(Closure))
#66 C:\laragon\www\CarRentSystem\vendor\laravel\framework\src\Illuminate\Foundation\Http\Kernel.php(144): Illuminate\Foundation\Http\Kernel-&gt;sendRequestThroughRouter(Object(Illuminate\Http\Request))
#67 C:\laragon\www\CarRentSystem\vendor\laravel\framework\src\Illuminate\Foundation\Testing\Concerns\MakesHttpRequests.php(607): Illuminate\Foundation\Http\Kernel-&gt;handle(Object(Illuminate\Http\Request))
#68 C:\laragon\www\CarRentSystem\vendor\laravel\framework\src\Illuminate\Foundation\Testing\Concerns\MakesHttpRequests.php(573): Illuminate\Foundation\Testing\TestCase-&gt;call('GET', '/api/bookings/1', Array, Array, Array, Array, '[]')
#69 C:\laragon\www\CarRentSystem\vendor\laravel\framework\src\Illuminate\Foundation\Testing\Concerns\MakesHttpRequests.php(381): Illuminate\Foundation\Testing\TestCase-&gt;json('GET', '/api/bookings/1', Array, Array, 0)
#70 C:\laragon\www\CarRentSystem\tests\Feature\Api\Enhanced\BookingControllerEnhancedTest.php(250): Illuminate\Foundation\Testing\TestCase-&gt;getJson('/api/bookings/1')
#71 C:\laragon\www\CarRentSystem\vendor\pestphp\pest\src\Factories\TestCaseMethodFactory.php(168): P\Tests\Feature\Api\Enhanced\BookingControllerEnhancedTest-&gt;{closure:{closure:C:\laragon\www\CarRentSystem\tests\Feature\Api\Enhanced\BookingControllerEnhancedTest.php:208}:246}()
#72 [internal function]: P\Tests\Feature\Api\Enhanced\BookingControllerEnhancedTest-&gt;{closure:Pest\Factories\TestCaseMethodFactory::getClosure():158}()
#73 C:\laragon\www\CarRentSystem\vendor\pestphp\pest\src\Concerns\Testable.php(429): call_user_func_array(Object(Closure), Array)
#74 C:\laragon\www\CarRentSystem\vendor\pestphp\pest\src\Support\ExceptionTrace.php(26): P\Tests\Feature\Api\Enhanced\BookingControllerEnhancedTest-&gt;{closure:Pest\Concerns\Testable::__callClosure():429}()
#75 C:\laragon\www\CarRentSystem\vendor\pestphp\pest\src\Concerns\Testable.php(429): Pest\Support\ExceptionTrace::ensure(Object(Closure))
#76 C:\laragon\www\CarRentSystem\vendor\pestphp\pest\src\Concerns\Testable.php(331): P\Tests\Feature\Api\Enhanced\BookingControllerEnhancedTest-&gt;__callClosure(Object(Closure), Array)
#77 C:\laragon\www\CarRentSystem\vendor\pestphp\pest\src\Factories\TestCaseFactory.php(169) : eval()'d code(129): P\Tests\Feature\Api\Enhanced\BookingControllerEnhancedTest-&gt;__runTest(Object(Closure))
#78 C:\laragon\www\CarRentSystem\vendor\phpunit\phpunit\src\Framework\TestCase.php(1316): P\Tests\Feature\Api\Enhanced\BookingControllerEnhancedTest-&gt;__pest_evaluable__Booking_Authorization_Middleware__→_it_allows_admin_to_access_any_booking()
#79 C:\laragon\www\CarRentSystem\vendor\phpunit\phpunit\src\Framework\TestCase.php(516): PHPUnit\Framework\TestCase-&gt;runTest()
#80 C:\laragon\www\CarRentSystem\vendor\phpunit\phpunit\src\Framework\TestRunner\TestRunner.php(99): PHPUnit\Framework\TestCase-&gt;runBare()
#81 C:\laragon\www\CarRentSystem\vendor\phpunit\phpunit\src\Framework\TestCase.php(357): PHPUnit\Framework\TestRunner-&gt;run(Object(P\Tests\Feature\Api\Enhanced\BookingControllerEnhancedTest))
#82 C:\laragon\www\CarRentSystem\vendor\phpunit\phpunit\src\Framework\TestSuite.php(374): PHPUnit\Framework\TestCase-&gt;run()
#83 C:\laragon\www\CarRentSystem\vendor\brianium\paratest\src\WrapperRunner\ApplicationForWrapperWorker.php(116): PHPUnit\Framework\TestSuite-&gt;run()
#84 C:\laragon\www\CarRentSystem\vendor\pestphp\pest\bin\worker.php(105): ParaTest\WrapperRunner\ApplicationForWrapperWorker-&gt;runTest('C:\\laragon\\www\\...')
#85 C:\laragon\www\CarRentSystem\vendor\pestphp\pest\bin\worker.php(110): {closure:C:\laragon\www\CarRentSystem\vendor\pestphp\pest\bin\worker.php:30}()
#86 {main}

----------------------------------------------------------------------------------

Class "Stripe\Stripe" not found&#13;
&#13;
at vendor\laravel\framework\src\Illuminate\Testing\TestResponseAssert.php:45
at vendor\laravel\framework\src\Illuminate\Testing\TestResponse.php:103
at tests\Feature\Api\Enhanced\BookingControllerEnhancedTest.php:252</failure>
      </testcase>
    </testsuite>
    <testsuite name="Tests\Feature\Auth\AuthenticationTest" file="tests\Feature\Auth\AuthenticationTest.php" tests="3" assertions="7" errors="0" failures="0" skipped="0" time="7.74424">
      <testcase name="users can authenticate using the login screen" class="Tests\Feature\Auth\AuthenticationTest" classname="Tests.Feature.Auth.AuthenticationTest" file="tests\Feature\Auth\AuthenticationTest.php::users can authenticate using the login screen" line="0" assertions="3" time="7.198085"/>
      <testcase name="users can not authenticate with invalid password" class="Tests\Feature\Auth\AuthenticationTest" classname="Tests.Feature.Auth.AuthenticationTest" file="tests\Feature\Auth\AuthenticationTest.php::users can not authenticate with invalid password" line="0" assertions="1" time="0.439356"/>
      <testcase name="users can logout" class="Tests\Feature\Auth\AuthenticationTest" classname="Tests.Feature.Auth.AuthenticationTest" file="tests\Feature\Auth\AuthenticationTest.php::users can logout" line="0" assertions="3" time="0.106799"/>
    </testsuite>
    <testsuite name="Tests\Feature\Auth\EmailVerificationTest" file="tests\Feature\Auth\EmailVerificationTest.php" tests="2" assertions="5" errors="0" failures="0" skipped="0" time="0.267818">
      <testcase name="email can be verified" class="Tests\Feature\Auth\EmailVerificationTest" classname="Tests.Feature.Auth.EmailVerificationTest" file="tests\Feature\Auth\EmailVerificationTest.php::email can be verified" line="0" assertions="4" time="0.121653"/>
      <testcase name="email is not verified with invalid hash" class="Tests\Feature\Auth\EmailVerificationTest" classname="Tests.Feature.Auth.EmailVerificationTest" file="tests\Feature\Auth\EmailVerificationTest.php::email is not verified with invalid hash" line="0" assertions="1" time="0.146166"/>
    </testsuite>
    <testsuite name="Tests\Feature\Auth\PasswordResetTest" file="tests\Feature\Auth\PasswordResetTest.php" tests="2" assertions="4" errors="0" failures="0" skipped="0" time="0.700103">
      <testcase name="reset password link can be requested" class="Tests\Feature\Auth\PasswordResetTest" classname="Tests.Feature.Auth.PasswordResetTest" file="tests\Feature\Auth\PasswordResetTest.php::reset password link can be requested" line="0" assertions="1" time="0.349564"/>
      <testcase name="password can be reset with valid token" class="Tests\Feature\Auth\PasswordResetTest" classname="Tests.Feature.Auth.PasswordResetTest" file="tests\Feature\Auth\PasswordResetTest.php::password can be reset with valid token" line="0" assertions="3" time="0.350540"/>
    </testsuite>
    <testsuite name="Tests\Feature\Auth\RegistrationTest" file="tests\Feature\Auth\RegistrationTest.php" tests="1" assertions="3" errors="0" failures="0" skipped="0" time="5.141124">
      <testcase name="new users can register" class="Tests\Feature\Auth\RegistrationTest" classname="Tests.Feature.Auth.RegistrationTest" file="tests\Feature\Auth\RegistrationTest.php::new users can register" line="0" assertions="3" time="5.141124"/>
    </testsuite>
    <testsuite name="Tests\Feature\AuthorizationPolicyTest" file="tests\Feature\AuthorizationPolicyTest.php" tests="9" assertions="28" errors="0" failures="2" skipped="0" time="1.029034">
      <testcase name="`User Authorization Policy` → it allows admins to view any users" class="Tests\Feature\AuthorizationPolicyTest" classname="Tests.Feature.AuthorizationPolicyTest" file="tests\Feature\AuthorizationPolicyTest.php::`User Authorization Policy` → it allows admins to view any users" line="0" assertions="2" time="0.108640">
        <failure type="PHPUnit\Framework\ExpectationFailedException">`User Authorization Policy` → it allows admins to view any usersFailed asserting that true is false.&#13;
at tests\Feature\AuthorizationPolicyTest.php:19</failure>
      </testcase>
      <testcase name="`User Authorization Policy` → it allows admins to create users" class="Tests\Feature\AuthorizationPolicyTest" classname="Tests.Feature.AuthorizationPolicyTest" file="tests\Feature\AuthorizationPolicyTest.php::`User Authorization Policy` → it allows admins to create users" line="0" assertions="3" time="0.090023"/>
      <testcase name="`User Authorization Policy` → it allows admins to delete users except themselves" class="Tests\Feature\AuthorizationPolicyTest" classname="Tests.Feature.AuthorizationPolicyTest" file="tests\Feature\AuthorizationPolicyTest.php::`User Authorization Policy` → it allows admins to delete users except themselves" line="0" assertions="3" time="0.110328"/>
      <testcase name="`User Authorization Policy` → it allows users to view their own profile" class="Tests\Feature\AuthorizationPolicyTest" classname="Tests.Feature.AuthorizationPolicyTest" file="tests\Feature\AuthorizationPolicyTest.php::`User Authorization Policy` → it allows users to view their own profile" line="0" assertions="3" time="0.093796">
        <failure type="PHPUnit\Framework\ExpectationFailedException">`User Authorization Policy` → it allows users to view their own profileFailed asserting that true is false.&#13;
at tests\Feature\AuthorizationPolicyTest.php:38</failure>
      </testcase>
      <testcase name="`Vehicle Authorization Policy` → it allows admins and owners to create vehicles" class="Tests\Feature\AuthorizationPolicyTest" classname="Tests.Feature.AuthorizationPolicyTest" file="tests\Feature\AuthorizationPolicyTest.php::`Vehicle Authorization Policy` → it allows admins and owners to create vehicles" line="0" assertions="3" time="0.106473"/>
      <testcase name="`Vehicle Authorization Policy` → it allows admins and vehicle owners to update vehicles" class="Tests\Feature\AuthorizationPolicyTest" classname="Tests.Feature.AuthorizationPolicyTest" file="tests\Feature\AuthorizationPolicyTest.php::`Vehicle Authorization Policy` → it allows admins and vehicle owners to update vehicles" line="0" assertions="4" time="0.145485"/>
      <testcase name="`Vehicle Authorization Policy` → it allows admins and vehicle owners to delete vehicles" class="Tests\Feature\AuthorizationPolicyTest" classname="Tests.Feature.AuthorizationPolicyTest" file="tests\Feature\AuthorizationPolicyTest.php::`Vehicle Authorization Policy` → it allows admins and vehicle owners to delete vehicles" line="0" assertions="4" time="0.130893"/>
      <testcase name="`Vehicle Authorization Policy` → it allows everyone to view published vehicles" class="Tests\Feature\AuthorizationPolicyTest" classname="Tests.Feature.AuthorizationPolicyTest" file="tests\Feature\AuthorizationPolicyTest.php::`Vehicle Authorization Policy` → it allows everyone to view published vehicles" line="0" assertions="3" time="0.132363"/>
      <testcase name="`Vehicle Authorization Policy` → it only allows admin to permanently delete vehicles" class="Tests\Feature\AuthorizationPolicyTest" classname="Tests.Feature.AuthorizationPolicyTest" file="tests\Feature\AuthorizationPolicyTest.php::`Vehicle Authorization Policy` → it only allows admin to permanently delete vehicles" line="0" assertions="3" time="0.111032"/>
    </testsuite>
    <testsuite name="Tests\Feature\BookingCreationTest" file="tests\Feature\BookingCreationTest.php" tests="3" assertions="9" errors="0" failures="1" skipped="0" time="0.339027">
      <testcase name="can create booking with calculated fields" class="Tests\Feature\BookingCreationTest" classname="Tests.Feature.BookingCreationTest" file="tests\Feature\BookingCreationTest.php::can create booking with calculated fields" line="0" assertions="4" time="0.110022">
        <failure type="PHPUnit\Framework\ExpectationFailedException">can create booking with calculated fieldsFailed asserting that 3 is identical to 2.&#13;
at tests\Feature\BookingCreationTest.php:49</failure>
      </testcase>
      <testcase name="booking model has working days attribute" class="Tests\Feature\BookingCreationTest" classname="Tests.Feature.BookingCreationTest" file="tests\Feature\BookingCreationTest.php::booking model has working days attribute" line="0" assertions="1" time="0.122639"/>
      <testcase name="booking relationships work correctly" class="Tests\Feature\BookingCreationTest" classname="Tests.Feature.BookingCreationTest" file="tests\Feature\BookingCreationTest.php::booking relationships work correctly" line="0" assertions="4" time="0.106366"/>
    </testsuite>
    <testsuite name="Tests\Feature\BookingManagementTest" file="tests\Feature\BookingManagementTest.php" tests="14" assertions="16" errors="0" failures="11" skipped="0" time="74.658084">
      <testcase name="`Booking Management` → `Booking Listing` → it allows admin to view all bookings" class="Tests\Feature\BookingManagementTest" classname="Tests.Feature.BookingManagementTest" file="tests\Feature\BookingManagementTest.php::`Booking Management` → `Booking Listing` → it allows admin to view all bookings" line="0" assertions="2" time="0.723883"/>
      <testcase name="`Booking Management` → `Booking Listing` → it allows renter to view only their bookings" class="Tests\Feature\BookingManagementTest" classname="Tests.Feature.BookingManagementTest" file="tests\Feature\BookingManagementTest.php::`Booking Management` → `Booking Listing` → it allows renter to view only their bookings" line="0" assertions="1" time="0.119608">
        <failure type="PHPUnit\Framework\ExpectationFailedException">`Booking Management` → `Booking Listing` → it allows renter to view only their bookingsExpected response status code [&gt;=200, &lt;300] but received 403.
Failed asserting that false is true.&#13;
at vendor\laravel\framework\src\Illuminate\Testing\TestResponseAssert.php:45
at vendor\laravel\framework\src\Illuminate\Testing\TestResponse.php:103
at tests\Feature\BookingManagementTest.php:39</failure>
      </testcase>
      <testcase name="`Booking Management` → `Booking Listing` → it filters bookings by status" class="Tests\Feature\BookingManagementTest" classname="Tests.Feature.BookingManagementTest" file="tests\Feature\BookingManagementTest.php::`Booking Management` → `Booking Listing` → it filters bookings by status" line="0" assertions="1" time="0.485573"/>
      <testcase name="`Booking Management` → `Booking Creation` → it allows renter to create new booking" class="Tests\Feature\BookingManagementTest" classname="Tests.Feature.BookingManagementTest" file="tests\Feature\BookingManagementTest.php::`Booking Management` → `Booking Creation` → it allows renter to create new booking" line="0" assertions="1" time="0.115667">
        <failure type="PHPUnit\Framework\ExpectationFailedException">`Booking Management` → `Booking Creation` → it allows renter to create new bookingExpected response status code [&gt;=200, &lt;300] but received 403.
Failed asserting that false is true.&#13;
at vendor\laravel\framework\src\Illuminate\Testing\TestResponseAssert.php:45
at vendor\laravel\framework\src\Illuminate\Testing\TestResponse.php:103
at tests\Feature\BookingManagementTest.php:67</failure>
      </testcase>
      <testcase name="`Booking Management` → `Booking Creation` → it validates booking dates" class="Tests\Feature\BookingManagementTest" classname="Tests.Feature.BookingManagementTest" file="tests\Feature\BookingManagementTest.php::`Booking Management` → `Booking Creation` → it validates booking dates" line="0" assertions="1" time="15.659151">
        <failure type="PHPUnit\Framework\ExpectationFailedException">`Booking Management` → `Booking Creation` → it validates booking datesSession is missing expected key [errors].
Failed asserting that false is true.&#13;
at vendor\laravel\framework\src\Illuminate\Testing\TestResponseAssert.php:45
at vendor\laravel\framework\src\Illuminate\Testing\TestResponse.php:1517
at vendor\laravel\framework\src\Illuminate\Testing\TestResponse.php:1594
at tests\Feature\BookingManagementTest.php:80</failure>
      </testcase>
      <testcase name="`Booking Management` → `Booking Creation` → it prevents double booking for same dates" class="Tests\Feature\BookingManagementTest" classname="Tests.Feature.BookingManagementTest" file="tests\Feature\BookingManagementTest.php::`Booking Management` → `Booking Creation` → it prevents double booking for same dates" line="0" assertions="1" time="16.886020">
        <failure type="PHPUnit\Framework\ExpectationFailedException">`Booking Management` → `Booking Creation` → it prevents double booking for same datesSession is missing expected key [errors].
Failed asserting that false is true.&#13;
at vendor\laravel\framework\src\Illuminate\Testing\TestResponseAssert.php:45
at vendor\laravel\framework\src\Illuminate\Testing\TestResponse.php:1517
at vendor\laravel\framework\src\Illuminate\Testing\TestResponse.php:1594
at tests\Feature\BookingManagementTest.php:101</failure>
      </testcase>
      <testcase name="`Booking Management` → `Booking Status Management` → it allows admin to update booking status" class="Tests\Feature\BookingManagementTest" classname="Tests.Feature.BookingManagementTest" file="tests\Feature\BookingManagementTest.php::`Booking Management` → `Booking Status Management` → it allows admin to update booking status" line="0" assertions="1" time="13.966587">
        <failure type="PHPUnit\Framework\ExpectationFailedException">`Booking Management` → `Booking Status Management` → it allows admin to update booking statusFailed asserting that two variables reference the same object.&#13;
at tests\Feature\BookingManagementTest.php:121</failure>
      </testcase>
      <testcase name="`Booking Management` → `Booking Status Management` → it allows owner to confirm bookings for their vehicles" class="Tests\Feature\BookingManagementTest" classname="Tests.Feature.BookingManagementTest" file="tests\Feature\BookingManagementTest.php::`Booking Management` → `Booking Status Management` → it allows owner to confirm bookings for their vehicles" line="0" assertions="1" time="8.537409">
        <failure type="PHPUnit\Framework\ExpectationFailedException">`Booking Management` → `Booking Status Management` → it allows owner to confirm bookings for their vehiclesFailed asserting that two variables reference the same object.&#13;
at tests\Feature\BookingManagementTest.php:131</failure>
      </testcase>
      <testcase name="`Booking Management` → `Booking Status Management` → it allows renter to cancel their own bookings" class="Tests\Feature\BookingManagementTest" classname="Tests.Feature.BookingManagementTest" file="tests\Feature\BookingManagementTest.php::`Booking Management` → `Booking Status Management` → it allows renter to cancel their own bookings" line="0" assertions="1" time="10.032061">
        <failure type="PHPUnit\Framework\ExpectationFailedException">`Booking Management` → `Booking Status Management` → it allows renter to cancel their own bookingsFailed asserting that two variables reference the same object.&#13;
at tests\Feature\BookingManagementTest.php:141</failure>
      </testcase>
      <testcase name="`Booking Management` → `Booking Calendar Integration` → it displays bookings in calendar format" class="Tests\Feature\BookingManagementTest" classname="Tests.Feature.BookingManagementTest" file="tests\Feature\BookingManagementTest.php::`Booking Management` → `Booking Calendar Integration` → it displays bookings in calendar format" line="0" assertions="1" time="0.268925">
        <failure type="PHPUnit\Framework\ExpectationFailedException">`Booking Management` → `Booking Calendar Integration` → it displays bookings in calendar formatExpected response status code [&gt;=200, &lt;300] but received 404.
Failed asserting that false is true.&#13;
at vendor\laravel\framework\src\Illuminate\Testing\TestResponseAssert.php:45
at vendor\laravel\framework\src\Illuminate\Testing\TestResponse.php:103
at tests\Feature\BookingManagementTest.php:156</failure>
      </testcase>
      <testcase name="`Booking Management` → `Booking Calendar Integration` → it allows creating bookings from calendar" class="Tests\Feature\BookingManagementTest" classname="Tests.Feature.BookingManagementTest" file="tests\Feature\BookingManagementTest.php::`Booking Management` → `Booking Calendar Integration` → it allows creating bookings from calendar" line="0" assertions="1" time="0.231570">
        <failure type="PHPUnit\Framework\ExpectationFailedException">`Booking Management` → `Booking Calendar Integration` → it allows creating bookings from calendarExpected response status code [&gt;=200, &lt;300] but received 403.
Failed asserting that false is true.&#13;
at vendor\laravel\framework\src\Illuminate\Testing\TestResponseAssert.php:45
at vendor\laravel\framework\src\Illuminate\Testing\TestResponse.php:103
at tests\Feature\BookingManagementTest.php:162</failure>
      </testcase>
      <testcase name="`Booking Management` → `Booking Payment Status` → it tracks payment status separately from booking status" class="Tests\Feature\BookingManagementTest" classname="Tests.Feature.BookingManagementTest" file="tests\Feature\BookingManagementTest.php::`Booking Management` → `Booking Payment Status` → it tracks payment status separately from booking status" line="0" assertions="2" time="0.224423"/>
      <testcase name="`Booking Management` → `Booking Commission Calculation` → it calculates commission amount correctly" class="Tests\Feature\BookingManagementTest" classname="Tests.Feature.BookingManagementTest" file="tests\Feature\BookingManagementTest.php::`Booking Management` → `Booking Commission Calculation` → it calculates commission amount correctly" line="0" assertions="1" time="0.205897">
        <failure type="PHPUnit\Framework\ExpectationFailedException">`Booking Management` → `Booking Commission Calculation` → it calculates commission amount correctlyFailed asserting that '50.00' is identical to 50.0.&#13;
at tests\Feature\BookingManagementTest.php:189</failure>
      </testcase>
      <testcase name="`Booking Management` → `Booking Soft Deletion` → it soft deletes bookings instead of hard deletion" class="Tests\Feature\BookingManagementTest" classname="Tests.Feature.BookingManagementTest" file="tests\Feature\BookingManagementTest.php::`Booking Management` → `Booking Soft Deletion` → it soft deletes bookings instead of hard deletion" line="0" assertions="1" time="7.201312">
        <failure type="PHPUnit\Framework\ExpectationFailedException">`Booking Management` → `Booking Soft Deletion` → it soft deletes bookings instead of hard deletionFailed asserting that App\Models\Booking Object #11141 (
    'connection' =&gt; 'sqlite',
    'table' =&gt; 'car_rental_bookings',
    'primaryKey' =&gt; 'id',
    'keyType' =&gt; 'int',
    'incrementing' =&gt; true,
    'with' =&gt; Array &amp;0 [],
    'withCount' =&gt; Array &amp;1 [],
    'preventsLazyLoading' =&gt; false,
    'perPage' =&gt; 15,
    'exists' =&gt; true,
    'wasRecentlyCreated' =&gt; false,
    'escapeWhenCastingToString' =&gt; false,
    'attributes' =&gt; Array &amp;2 [
        'id' =&gt; 1,
        'renter_id' =&gt; 3,
        'vehicle_id' =&gt; 1,
        'start_date' =&gt; '2025-10-31 01:52:40',
        'end_date' =&gt; '2025-11-13 01:52:40',
        'total_amount' =&gt; 2016,
        'status' =&gt; 'confirmed',
        'pickup_location' =&gt; '5427 Metz Inlet\n
New Annie, SD 16037',
        'dropoff_location' =&gt; '6503 Treutel Passage Suite 002\n
Champlinfort, IA 06422',
        'special_requests' =&gt; 'Odit fugiat ut quis rerum quis eum quia. Aliquid ducimus optio officia iure rerum dolor mollitia.',
        'deposit_amount' =&gt; 403.2,
        'commission_amount' =&gt; 302.4,
        'created_at' =&gt; '2025-09-27 04:33:11',
        'updated_at' =&gt; '2025-09-27 04:33:11',
        'deleted_at' =&gt; null,
        'payment_status' =&gt; 'unpaid',
        'payment_method' =&gt; null,
        'days' =&gt; null,
        'daily_rate' =&gt; null,
        'subtotal' =&gt; null,
        'insurance_fee' =&gt; null,
        'tax_amount' =&gt; null,
    ],
    'original' =&gt; Array &amp;3 [
        'id' =&gt; 1,
        'renter_id' =&gt; 3,
        'vehicle_id' =&gt; 1,
        'start_date' =&gt; '2025-10-31 01:52:40',
        'end_date' =&gt; '2025-11-13 01:52:40',
        'total_amount' =&gt; 2016,
        'status' =&gt; 'confirmed',
        'pickup_location' =&gt; '5427 Metz Inlet\n
New Annie, SD 16037',
        'dropoff_location' =&gt; '6503 Treutel Passage Suite 002\n
Champlinfort, IA 06422',
        'special_requests' =&gt; 'Odit fugiat ut quis rerum quis eum quia. Aliquid ducimus optio officia iure rerum dolor mollitia.',
        'deposit_amount' =&gt; 403.2,
        'commission_amount' =&gt; 302.4,
        'created_at' =&gt; '2025-09-27 04:33:11',
        'updated_at' =&gt; '2025-09-27 04:33:11',
        'deleted_at' =&gt; null,
        'payment_status' =&gt; 'unpaid',
        'payment_method' =&gt; null,
        'days' =&gt; null,
        'daily_rate' =&gt; null,
        'subtotal' =&gt; null,
        'insurance_fee' =&gt; null,
        'tax_amount' =&gt; null,
    ],
    'changes' =&gt; Array &amp;4 [],
    'previous' =&gt; Array &amp;5 [],
    'casts' =&gt; Array &amp;6 [
        'start_date' =&gt; 'datetime',
        'end_date' =&gt; 'datetime',
        'status' =&gt; 'App\Enums\BookingStatus',
        'daily_rate' =&gt; 'decimal:2',
        'subtotal' =&gt; 'decimal:2',
        'insurance_fee' =&gt; 'decimal:2',
        'tax_amount' =&gt; 'decimal:2',
        'total_amount' =&gt; 'decimal:2',
        'deposit_amount' =&gt; 'decimal:2',
        'commission_amount' =&gt; 'decimal:2',
        'deleted_at' =&gt; 'datetime',
    ],
    'classCastCache' =&gt; Array &amp;7 [],
    'attributeCastCache' =&gt; Array &amp;8 [],
    'dateFormat' =&gt; null,
    'appends' =&gt; Array &amp;9 [],
    'dispatchesEvents' =&gt; Array &amp;10 [],
    'observables' =&gt; Array &amp;11 [],
    'relations' =&gt; Array &amp;12 [],
    'touches' =&gt; Array &amp;13 [],
    'relationAutoloadCallback' =&gt; null,
    'relationAutoloadContext' =&gt; null,
    'timestamps' =&gt; true,
    'usesUniqueIds' =&gt; false,
    'hidden' =&gt; Array &amp;14 [],
    'visible' =&gt; Array &amp;15 [],
    'fillable' =&gt; Array &amp;16 [
        0 =&gt; 'renter_id',
        1 =&gt; 'vehicle_id',
        2 =&gt; 'start_date',
        3 =&gt; 'end_date',
        4 =&gt; 'days',
        5 =&gt; 'daily_rate',
        6 =&gt; 'subtotal',
        7 =&gt; 'insurance_fee',
        8 =&gt; 'tax_amount',
        9 =&gt; 'total_amount',
        10 =&gt; 'status',
        11 =&gt; 'pickup_location',
        12 =&gt; 'dropoff_location',
        13 =&gt; 'special_requests',
        14 =&gt; 'deposit_amount',
        15 =&gt; 'commission_amount',
        16 =&gt; 'payment_status',
        17 =&gt; 'payment_method',
    ],
    'guarded' =&gt; Array &amp;17 [
        0 =&gt; '*',
    ],
    'forceDeleting' =&gt; false,
) is null.&#13;
at tests\Feature\BookingManagementTest.php:206</failure>
      </testcase>
    </testsuite>
    <testsuite name="Tests\Feature\ImageUploadTest" file="tests\Feature\ImageUploadTest.php" tests="4" assertions="7" errors="0" failures="0" skipped="0" time="0.393754">
      <testcase name="it validates image upload service exists" class="Tests\Feature\ImageUploadTest" classname="Tests.Feature.ImageUploadTest" file="tests\Feature\ImageUploadTest.php::it validates image upload service exists" line="0" assertions="1" time="0.115860"/>
      <testcase name="it validates file upload request classes exist" class="Tests\Feature\ImageUploadTest" classname="Tests.Feature.ImageUploadTest" file="tests\Feature\ImageUploadTest.php::it validates file upload request classes exist" line="0" assertions="2" time="0.084324"/>
      <testcase name="it validates image controller exists" class="Tests\Feature\ImageUploadTest" classname="Tests.Feature.ImageUploadTest" file="tests\Feature\ImageUploadTest.php::it validates image controller exists" line="0" assertions="1" time="0.088417"/>
      <testcase name="it validates image configuration exists" class="Tests\Feature\ImageUploadTest" classname="Tests.Feature.ImageUploadTest" file="tests\Feature\ImageUploadTest.php::it validates image configuration exists" line="0" assertions="3" time="0.105153"/>
    </testsuite>
    <testsuite name="Tests\Feature\PaymentManagementTest" file="tests\Feature\PaymentManagementTest.php" tests="16" assertions="13" errors="1" failures="8" skipped="3" time="65.233288">
      <testcase name="`Payment Management` → `Payment Listing` → it allows admin to view all payments" class="Tests\Feature\PaymentManagementTest" classname="Tests.Feature.PaymentManagementTest" file="tests\Feature\PaymentManagementTest.php::`Payment Management` → `Payment Listing` → it allows admin to view all payments" line="0" assertions="2" time="0.612448"/>
      <testcase name="`Payment Management` → `Payment Listing` → it allows owner to view payments for their vehicle bookings" class="Tests\Feature\PaymentManagementTest" classname="Tests.Feature.PaymentManagementTest" file="tests\Feature\PaymentManagementTest.php::`Payment Management` → `Payment Listing` → it allows owner to view payments for their vehicle bookings" line="0" assertions="1" time="0.261023">
        <failure type="PHPUnit\Framework\ExpectationFailedException">`Payment Management` → `Payment Listing` → it allows owner to view payments for their vehicle bookingsExpected response status code [&gt;=200, &lt;300] but received 403.
Failed asserting that false is true.&#13;
at vendor\laravel\framework\src\Illuminate\Testing\TestResponseAssert.php:45
at vendor\laravel\framework\src\Illuminate\Testing\TestResponse.php:103
at tests\Feature\PaymentManagementTest.php:48</failure>
      </testcase>
      <testcase name="`Payment Management` → `Payment Listing` → it restricts renter access to payment management" class="Tests\Feature\PaymentManagementTest" classname="Tests.Feature.PaymentManagementTest" file="tests\Feature\PaymentManagementTest.php::`Payment Management` → `Payment Listing` → it restricts renter access to payment management" line="0" assertions="1" time="0.168801"/>
      <testcase name="`Payment Management` → `Payment Listing` → it filters payments by status" class="Tests\Feature\PaymentManagementTest" classname="Tests.Feature.PaymentManagementTest" file="tests\Feature\PaymentManagementTest.php::`Payment Management` → `Payment Listing` → it filters payments by status" line="0" assertions="1" time="0.528732"/>
      <testcase name="`Payment Management` → `Payment Listing` → it filters payments by method" class="Tests\Feature\PaymentManagementTest" classname="Tests.Feature.PaymentManagementTest" file="tests\Feature\PaymentManagementTest.php::`Payment Management` → `Payment Listing` → it filters payments by method" line="0" assertions="1" time="0.648266"/>
      <testcase name="`Payment Management` → `Payment Processing` → it allows creating stripe payment" class="Tests\Feature\PaymentManagementTest" classname="Tests.Feature.PaymentManagementTest" file="tests\Feature\PaymentManagementTest.php::`Payment Management` → `Payment Processing` → it allows creating stripe payment" line="0" assertions="0" time="22.480690">
        <error type="ErrorException">`Payment Management` → `Payment Processing` → it allows creating stripe paymentErrorException: Attempt to read property "method" on null&#13;
at vendor\laravel\framework\src\Illuminate\Foundation\Bootstrap\HandleExceptions.php:258
at tests\Feature\PaymentManagementTest.php:96</error>
      </testcase>
      <testcase name="`Payment Management` → `Payment Processing` → it allows creating cash payment" class="Tests\Feature\PaymentManagementTest" classname="Tests.Feature.PaymentManagementTest" file="tests\Feature\PaymentManagementTest.php::`Payment Management` → `Payment Processing` → it allows creating cash payment" line="0" assertions="0" time="0.189378">
        <skipped/>
      </testcase>
      <testcase name="`Payment Management` → `Payment Processing` → it validates payment amount against booking total" class="Tests\Feature\PaymentManagementTest" classname="Tests.Feature.PaymentManagementTest" file="tests\Feature\PaymentManagementTest.php::`Payment Management` → `Payment Processing` → it validates payment amount against booking total" line="0" assertions="1" time="14.800907">
        <failure type="PHPUnit\Framework\ExpectationFailedException">`Payment Management` → `Payment Processing` → it validates payment amount against booking totalSession is missing expected key [errors].
Failed asserting that false is true.&#13;
at vendor\laravel\framework\src\Illuminate\Testing\TestResponseAssert.php:45
at vendor\laravel\framework\src\Illuminate\Testing\TestResponse.php:1517
at vendor\laravel\framework\src\Illuminate\Testing\TestResponse.php:1594
at tests\Feature\PaymentManagementTest.php:125</failure>
      </testcase>
      <testcase name="`Payment Management` → `Payment Status Updates` → it allows admin to confirm payment" class="Tests\Feature\PaymentManagementTest" classname="Tests.Feature.PaymentManagementTest" file="tests\Feature\PaymentManagementTest.php::`Payment Management` → `Payment Status Updates` → it allows admin to confirm payment" line="0" assertions="1" time="0.233022">
        <failure type="PHPUnit\Framework\ExpectationFailedException">`Payment Management` → `Payment Status Updates` → it allows admin to confirm paymentFailed asserting that 'pending' is identical to an object of class "App\Enums\PaymentStatus".&#13;
at tests\Feature\PaymentManagementTest.php:145</failure>
      </testcase>
      <testcase name="`Payment Management` → `Payment Status Updates` → it allows marking payment as failed with reason" class="Tests\Feature\PaymentManagementTest" classname="Tests.Feature.PaymentManagementTest" file="tests\Feature\PaymentManagementTest.php::`Payment Management` → `Payment Status Updates` → it allows marking payment as failed with reason" line="0" assertions="1" time="0.308857">
        <failure type="PHPUnit\Framework\ExpectationFailedException">`Payment Management` → `Payment Status Updates` → it allows marking payment as failed with reasonFailed asserting that 'pending' is identical to an object of class "App\Enums\PaymentStatus".&#13;
at tests\Feature\PaymentManagementTest.php:158</failure>
      </testcase>
      <testcase name="`Payment Management` → `Payment Refunds` → it allows processing partial refund" class="Tests\Feature\PaymentManagementTest" classname="Tests.Feature.PaymentManagementTest" file="tests\Feature\PaymentManagementTest.php::`Payment Management` → `Payment Refunds` → it allows processing partial refund" line="0" assertions="1" time="0.354995">
        <failure type="PHPUnit\Framework\ExpectationFailedException">`Payment Management` → `Payment Refunds` → it allows processing partial refundFailed asserting that null is identical to an object of class "App\Enums\PaymentStatus".&#13;
at tests\Feature\PaymentManagementTest.php:183</failure>
      </testcase>
      <testcase name="`Payment Management` → `Payment Refunds` → it prevents refund amount exceeding original amount" class="Tests\Feature\PaymentManagementTest" classname="Tests.Feature.PaymentManagementTest" file="tests\Feature\PaymentManagementTest.php::`Payment Management` → `Payment Refunds` → it prevents refund amount exceeding original amount" line="0" assertions="1" time="0.287821">
        <failure type="PHPUnit\Framework\ExpectationFailedException">`Payment Management` → `Payment Refunds` → it prevents refund amount exceeding original amountSession is missing expected key [errors].
Failed asserting that false is true.&#13;
at vendor\laravel\framework\src\Illuminate\Testing\TestResponseAssert.php:45
at vendor\laravel\framework\src\Illuminate\Testing\TestResponse.php:1517
at vendor\laravel\framework\src\Illuminate\Testing\TestResponse.php:1594
at tests\Feature\PaymentManagementTest.php:195</failure>
      </testcase>
      <testcase name="`Payment Management` → `Payment Reports` → it displays payment analytics" class="Tests\Feature\PaymentManagementTest" classname="Tests.Feature.PaymentManagementTest" file="tests\Feature\PaymentManagementTest.php::`Payment Management` → `Payment Reports` → it displays payment analytics" line="0" assertions="0" time="0.231106">
        <skipped/>
      </testcase>
      <testcase name="`Payment Management` → `Payment Reports` → it exports payment data" class="Tests\Feature\PaymentManagementTest" classname="Tests.Feature.PaymentManagementTest" file="tests\Feature\PaymentManagementTest.php::`Payment Management` → `Payment Reports` → it exports payment data" line="0" assertions="0" time="0.197797">
        <skipped/>
      </testcase>
      <testcase name="`Payment Management` → `Gateway Integration` → it handles stripe webhook processing" class="Tests\Feature\PaymentManagementTest" classname="Tests.Feature.PaymentManagementTest" file="tests\Feature\PaymentManagementTest.php::`Payment Management` → `Gateway Integration` → it handles stripe webhook processing" line="0" assertions="1" time="11.340340">
        <failure type="PHPUnit\Framework\ExpectationFailedException">`Payment Management` → `Gateway Integration` → it handles stripe webhook processingExpected response status code [&gt;=200, &lt;300] but received 500.
Failed asserting that false is true.&#13;
&#13;
The following exception occurred during the last request:

Error: Class "Stripe\Stripe" not found in C:\laragon\www\CarRentSystem\app\Services\PaymentService.php:19
Stack trace:
#0 [internal function]: App\Services\PaymentService-&gt;__construct()
#1 C:\laragon\www\CarRentSystem\vendor\laravel\framework\src\Illuminate\Container\Container.php(1211): ReflectionClass-&gt;newInstanceArgs(Array)
#2 C:\laragon\www\CarRentSystem\vendor\laravel\framework\src\Illuminate\Container\Container.php(972): Illuminate\Container\Container-&gt;build('App\\Services\\Pa...')
#3 C:\laragon\www\CarRentSystem\vendor\laravel\framework\src\Illuminate\Foundation\Application.php(1078): Illuminate\Container\Container-&gt;resolve('App\\Services\\Pa...', Array, true)
#4 C:\laragon\www\CarRentSystem\vendor\laravel\framework\src\Illuminate\Container\Container.php(903): Illuminate\Foundation\Application-&gt;resolve('App\\Services\\Pa...', Array)
#5 C:\laragon\www\CarRentSystem\vendor\laravel\framework\src\Illuminate\Foundation\Application.php(1058): Illuminate\Container\Container-&gt;make('App\\Services\\Pa...', Array)
#6 C:\laragon\www\CarRentSystem\vendor\laravel\framework\src\Illuminate\Container\Container.php(1379): Illuminate\Foundation\Application-&gt;make('App\\Services\\Pa...')
#7 C:\laragon\www\CarRentSystem\vendor\laravel\framework\src\Illuminate\Container\Container.php(1278): Illuminate\Container\Container-&gt;resolveClass(Object(ReflectionParameter))
#8 C:\laragon\www\CarRentSystem\vendor\laravel\framework\src\Illuminate\Container\Container.php(1201): Illuminate\Container\Container-&gt;resolveDependencies(Array)
#9 C:\laragon\www\CarRentSystem\vendor\laravel\framework\src\Illuminate\Container\Container.php(972): Illuminate\Container\Container-&gt;build('App\\Http\\Contro...')
#10 C:\laragon\www\CarRentSystem\vendor\laravel\framework\src\Illuminate\Foundation\Application.php(1078): Illuminate\Container\Container-&gt;resolve('App\\Http\\Contro...', Array, true)
#11 C:\laragon\www\CarRentSystem\vendor\laravel\framework\src\Illuminate\Container\Container.php(903): Illuminate\Foundation\Application-&gt;resolve('App\\Http\\Contro...', Array)
#12 C:\laragon\www\CarRentSystem\vendor\laravel\framework\src\Illuminate\Foundation\Application.php(1058): Illuminate\Container\Container-&gt;make('App\\Http\\Contro...', Array)
#13 C:\laragon\www\CarRentSystem\vendor\laravel\framework\src\Illuminate\Routing\Route.php(286): Illuminate\Foundation\Application-&gt;make('App\\Http\\Contro...')
#14 C:\laragon\www\CarRentSystem\vendor\laravel\framework\src\Illuminate\Routing\Route.php(266): Illuminate\Routing\Route-&gt;getController()
#15 C:\laragon\www\CarRentSystem\vendor\laravel\framework\src\Illuminate\Routing\Route.php(211): Illuminate\Routing\Route-&gt;runController()
#16 C:\laragon\www\CarRentSystem\vendor\laravel\framework\src\Illuminate\Routing\Router.php(822): Illuminate\Routing\Route-&gt;run()
#17 C:\laragon\www\CarRentSystem\vendor\laravel\framework\src\Illuminate\Pipeline\Pipeline.php(180): Illuminate\Routing\Router-&gt;{closure:Illuminate\Routing\Router::runRouteWithinStack():821}(Object(Illuminate\Http\Request))
#18 C:\laragon\www\CarRentSystem\vendor\laravel\framework\src\Illuminate\Routing\Middleware\SubstituteBindings.php(50): Illuminate\Pipeline\Pipeline-&gt;{closure:Illuminate\Pipeline\Pipeline::prepareDestination():178}(Object(Illuminate\Http\Request))
#19 C:\laragon\www\CarRentSystem\vendor\laravel\framework\src\Illuminate\Pipeline\Pipeline.php(219): Illuminate\Routing\Middleware\SubstituteBindings-&gt;handle(Object(Illuminate\Http\Request), Object(Closure))
#20 C:\laragon\www\CarRentSystem\vendor\laravel\sanctum\src\Http\Middleware\EnsureFrontendRequestsAreStateful.php(26): Illuminate\Pipeline\Pipeline-&gt;{closure:{closure:Illuminate\Pipeline\Pipeline::carry():194}:195}(Object(Illuminate\Http\Request))
#21 C:\laragon\www\CarRentSystem\vendor\laravel\framework\src\Illuminate\Pipeline\Pipeline.php(180): Laravel\Sanctum\Http\Middleware\EnsureFrontendRequestsAreStateful-&gt;{closure:Laravel\Sanctum\Http\Middleware\EnsureFrontendRequestsAreStateful::handle():25}(Object(Illuminate\Http\Request))
#22 C:\laragon\www\CarRentSystem\vendor\laravel\framework\src\Illuminate\Pipeline\Pipeline.php(137): Illuminate\Pipeline\Pipeline-&gt;{closure:Illuminate\Pipeline\Pipeline::prepareDestination():178}(Object(Illuminate\Http\Request))
#23 C:\laragon\www\CarRentSystem\vendor\laravel\sanctum\src\Http\Middleware\EnsureFrontendRequestsAreStateful.php(25): Illuminate\Pipeline\Pipeline-&gt;then(Object(Closure))
#24 C:\laragon\www\CarRentSystem\vendor\laravel\framework\src\Illuminate\Pipeline\Pipeline.php(219): Laravel\Sanctum\Http\Middleware\EnsureFrontendRequestsAreStateful-&gt;handle(Object(Illuminate\Http\Request), Object(Closure))
#25 C:\laragon\www\CarRentSystem\vendor\laravel\framework\src\Illuminate\Pipeline\Pipeline.php(137): Illuminate\Pipeline\Pipeline-&gt;{closure:{closure:Illuminate\Pipeline\Pipeline::carry():194}:195}(Object(Illuminate\Http\Request))
#26 C:\laragon\www\CarRentSystem\vendor\laravel\framework\src\Illuminate\Routing\Router.php(821): Illuminate\Pipeline\Pipeline-&gt;then(Object(Closure))
#27 C:\laragon\www\CarRentSystem\vendor\laravel\framework\src\Illuminate\Routing\Router.php(800): Illuminate\Routing\Router-&gt;runRouteWithinStack(Object(Illuminate\Routing\Route), Object(Illuminate\Http\Request))
#28 C:\laragon\www\CarRentSystem\vendor\laravel\framework\src\Illuminate\Routing\Router.php(764): Illuminate\Routing\Router-&gt;runRoute(Object(Illuminate\Http\Request), Object(Illuminate\Routing\Route))
#29 C:\laragon\www\CarRentSystem\vendor\laravel\framework\src\Illuminate\Routing\Router.php(753): Illuminate\Routing\Router-&gt;dispatchToRoute(Object(Illuminate\Http\Request))
#30 C:\laragon\www\CarRentSystem\vendor\laravel\framework\src\Illuminate\Foundation\Http\Kernel.php(200): Illuminate\Routing\Router-&gt;dispatch(Object(Illuminate\Http\Request))
#31 C:\laragon\www\CarRentSystem\vendor\laravel\framework\src\Illuminate\Pipeline\Pipeline.php(180): Illuminate\Foundation\Http\Kernel-&gt;{closure:Illuminate\Foundation\Http\Kernel::dispatchToRouter():197}(Object(Illuminate\Http\Request))
#32 C:\laragon\www\CarRentSystem\vendor\livewire\livewire\src\Features\SupportDisablingBackButtonCache\DisableBackButtonCacheMiddleware.php(19): Illuminate\Pipeline\Pipeline-&gt;{closure:Illuminate\Pipeline\Pipeline::prepareDestination():178}(Object(Illuminate\Http\Request))
#33 C:\laragon\www\CarRentSystem\vendor\laravel\framework\src\Illuminate\Pipeline\Pipeline.php(219): Livewire\Features\SupportDisablingBackButtonCache\DisableBackButtonCacheMiddleware-&gt;handle(Object(Illuminate\Http\Request), Object(Closure))
#34 C:\laragon\www\CarRentSystem\vendor\laravel\framework\src\Illuminate\Foundation\Http\Middleware\TransformsRequest.php(21): Illuminate\Pipeline\Pipeline-&gt;{closure:{closure:Illuminate\Pipeline\Pipeline::carry():194}:195}(Object(Illuminate\Http\Request))
#35 C:\laragon\www\CarRentSystem\vendor\laravel\framework\src\Illuminate\Foundation\Http\Middleware\ConvertEmptyStringsToNull.php(31): Illuminate\Foundation\Http\Middleware\TransformsRequest-&gt;handle(Object(Illuminate\Http\Request), Object(Closure))
#36 C:\laragon\www\CarRentSystem\vendor\laravel\framework\src\Illuminate\Pipeline\Pipeline.php(219): Illuminate\Foundation\Http\Middleware\ConvertEmptyStringsToNull-&gt;handle(Object(Illuminate\Http\Request), Object(Closure))
#37 C:\laragon\www\CarRentSystem\vendor\laravel\framework\src\Illuminate\Foundation\Http\Middleware\TransformsRequest.php(21): Illuminate\Pipeline\Pipeline-&gt;{closure:{closure:Illuminate\Pipeline\Pipeline::carry():194}:195}(Object(Illuminate\Http\Request))
#38 C:\laragon\www\CarRentSystem\vendor\laravel\framework\src\Illuminate\Foundation\Http\Middleware\TrimStrings.php(51): Illuminate\Foundation\Http\Middleware\TransformsRequest-&gt;handle(Object(Illuminate\Http\Request), Object(Closure))
#39 C:\laragon\www\CarRentSystem\vendor\laravel\framework\src\Illuminate\Pipeline\Pipeline.php(219): Illuminate\Foundation\Http\Middleware\TrimStrings-&gt;handle(Object(Illuminate\Http\Request), Object(Closure))
#40 C:\laragon\www\CarRentSystem\vendor\laravel\framework\src\Illuminate\Http\Middleware\ValidatePostSize.php(27): Illuminate\Pipeline\Pipeline-&gt;{closure:{closure:Illuminate\Pipeline\Pipeline::carry():194}:195}(Object(Illuminate\Http\Request))
#41 C:\laragon\www\CarRentSystem\vendor\laravel\framework\src\Illuminate\Pipeline\Pipeline.php(219): Illuminate\Http\Middleware\ValidatePostSize-&gt;handle(Object(Illuminate\Http\Request), Object(Closure))
#42 C:\laragon\www\CarRentSystem\vendor\laravel\framework\src\Illuminate\Foundation\Http\Middleware\PreventRequestsDuringMaintenance.php(109): Illuminate\Pipeline\Pipeline-&gt;{closure:{closure:Illuminate\Pipeline\Pipeline::carry():194}:195}(Object(Illuminate\Http\Request))
#43 C:\laragon\www\CarRentSystem\vendor\laravel\framework\src\Illuminate\Pipeline\Pipeline.php(219): Illuminate\Foundation\Http\Middleware\PreventRequestsDuringMaintenance-&gt;handle(Object(Illuminate\Http\Request), Object(Closure))
#44 C:\laragon\www\CarRentSystem\vendor\laravel\framework\src\Illuminate\Http\Middleware\HandleCors.php(61): Illuminate\Pipeline\Pipeline-&gt;{closure:{closure:Illuminate\Pipeline\Pipeline::carry():194}:195}(Object(Illuminate\Http\Request))
#45 C:\laragon\www\CarRentSystem\vendor\laravel\framework\src\Illuminate\Pipeline\Pipeline.php(219): Illuminate\Http\Middleware\HandleCors-&gt;handle(Object(Illuminate\Http\Request), Object(Closure))
#46 C:\laragon\www\CarRentSystem\vendor\laravel\framework\src\Illuminate\Http\Middleware\TrustProxies.php(58): Illuminate\Pipeline\Pipeline-&gt;{closure:{closure:Illuminate\Pipeline\Pipeline::carry():194}:195}(Object(Illuminate\Http\Request))
#47 C:\laragon\www\CarRentSystem\vendor\laravel\framework\src\Illuminate\Pipeline\Pipeline.php(219): Illuminate\Http\Middleware\TrustProxies-&gt;handle(Object(Illuminate\Http\Request), Object(Closure))
#48 C:\laragon\www\CarRentSystem\vendor\laravel\framework\src\Illuminate\Foundation\Http\Middleware\InvokeDeferredCallbacks.php(22): Illuminate\Pipeline\Pipeline-&gt;{closure:{closure:Illuminate\Pipeline\Pipeline::carry():194}:195}(Object(Illuminate\Http\Request))
#49 C:\laragon\www\CarRentSystem\vendor\laravel\framework\src\Illuminate\Pipeline\Pipeline.php(219): Illuminate\Foundation\Http\Middleware\InvokeDeferredCallbacks-&gt;handle(Object(Illuminate\Http\Request), Object(Closure))
#50 C:\laragon\www\CarRentSystem\vendor\laravel\framework\src\Illuminate\Http\Middleware\ValidatePathEncoding.php(26): Illuminate\Pipeline\Pipeline-&gt;{closure:{closure:Illuminate\Pipeline\Pipeline::carry():194}:195}(Object(Illuminate\Http\Request))
#51 C:\laragon\www\CarRentSystem\vendor\laravel\framework\src\Illuminate\Pipeline\Pipeline.php(219): Illuminate\Http\Middleware\ValidatePathEncoding-&gt;handle(Object(Illuminate\Http\Request), Object(Closure))
#52 C:\laragon\www\CarRentSystem\vendor\laravel\framework\src\Illuminate\Pipeline\Pipeline.php(137): Illuminate\Pipeline\Pipeline-&gt;{closure:{closure:Illuminate\Pipeline\Pipeline::carry():194}:195}(Object(Illuminate\Http\Request))
#53 C:\laragon\www\CarRentSystem\vendor\laravel\framework\src\Illuminate\Foundation\Http\Kernel.php(175): Illuminate\Pipeline\Pipeline-&gt;then(Object(Closure))
#54 C:\laragon\www\CarRentSystem\vendor\laravel\framework\src\Illuminate\Foundation\Http\Kernel.php(144): Illuminate\Foundation\Http\Kernel-&gt;sendRequestThroughRouter(Object(Illuminate\Http\Request))
#55 C:\laragon\www\CarRentSystem\vendor\laravel\framework\src\Illuminate\Foundation\Testing\Concerns\MakesHttpRequests.php(607): Illuminate\Foundation\Http\Kernel-&gt;handle(Object(Illuminate\Http\Request))
#56 C:\laragon\www\CarRentSystem\vendor\laravel\framework\src\Illuminate\Foundation\Testing\Concerns\MakesHttpRequests.php(397): Illuminate\Foundation\Testing\TestCase-&gt;call('POST', '/api/webhooks/s...', Array, Array, Array, Array)
#57 C:\laragon\www\CarRentSystem\tests\Feature\PaymentManagementTest.php(228): Illuminate\Foundation\Testing\TestCase-&gt;post('/api/webhooks/s...', Array)
#58 C:\laragon\www\CarRentSystem\vendor\pestphp\pest\src\Factories\TestCaseMethodFactory.php(168): P\Tests\Feature\PaymentManagementTest-&gt;{closure:{closure:{closure:C:\laragon\www\CarRentSystem\tests\Feature\PaymentManagementTest.php:14}:215}:216}()
#59 [internal function]: P\Tests\Feature\PaymentManagementTest-&gt;{closure:Pest\Factories\TestCaseMethodFactory::getClosure():158}()
#60 C:\laragon\www\CarRentSystem\vendor\pestphp\pest\src\Concerns\Testable.php(429): call_user_func_array(Object(Closure), Array)
#61 C:\laragon\www\CarRentSystem\vendor\pestphp\pest\src\Support\ExceptionTrace.php(26): P\Tests\Feature\PaymentManagementTest-&gt;{closure:Pest\Concerns\Testable::__callClosure():429}()
#62 C:\laragon\www\CarRentSystem\vendor\pestphp\pest\src\Concerns\Testable.php(429): Pest\Support\ExceptionTrace::ensure(Object(Closure))
#63 C:\laragon\www\CarRentSystem\vendor\pestphp\pest\src\Concerns\Testable.php(331): P\Tests\Feature\PaymentManagementTest-&gt;__callClosure(Object(Closure), Array)
#64 C:\laragon\www\CarRentSystem\vendor\pestphp\pest\src\Factories\TestCaseFactory.php(169) : eval()'d code(143): P\Tests\Feature\PaymentManagementTest-&gt;__runTest(Object(Closure))
#65 C:\laragon\www\CarRentSystem\vendor\phpunit\phpunit\src\Framework\TestCase.php(1316): P\Tests\Feature\PaymentManagementTest-&gt;__pest_evaluable__Payment_Management__→__Gateway_Integration__→_it_handles_stripe_webhook_processing()
#66 C:\laragon\www\CarRentSystem\vendor\phpunit\phpunit\src\Framework\TestCase.php(516): PHPUnit\Framework\TestCase-&gt;runTest()
#67 C:\laragon\www\CarRentSystem\vendor\phpunit\phpunit\src\Framework\TestRunner\TestRunner.php(99): PHPUnit\Framework\TestCase-&gt;runBare()
#68 C:\laragon\www\CarRentSystem\vendor\phpunit\phpunit\src\Framework\TestCase.php(357): PHPUnit\Framework\TestRunner-&gt;run(Object(P\Tests\Feature\PaymentManagementTest))
#69 C:\laragon\www\CarRentSystem\vendor\phpunit\phpunit\src\Framework\TestSuite.php(374): PHPUnit\Framework\TestCase-&gt;run()
#70 C:\laragon\www\CarRentSystem\vendor\brianium\paratest\src\WrapperRunner\ApplicationForWrapperWorker.php(116): PHPUnit\Framework\TestSuite-&gt;run()
#71 C:\laragon\www\CarRentSystem\vendor\pestphp\pest\bin\worker.php(105): ParaTest\WrapperRunner\ApplicationForWrapperWorker-&gt;runTest('C:\\laragon\\www\\...')
#72 C:\laragon\www\CarRentSystem\vendor\pestphp\pest\bin\worker.php(110): {closure:C:\laragon\www\CarRentSystem\vendor\pestphp\pest\bin\worker.php:30}()
#73 {main}

----------------------------------------------------------------------------------

Class "Stripe\Stripe" not found&#13;
&#13;
at vendor\laravel\framework\src\Illuminate\Testing\TestResponseAssert.php:45
at vendor\laravel\framework\src\Illuminate\Testing\TestResponse.php:103
at tests\Feature\PaymentManagementTest.php:229</failure>
      </testcase>
      <testcase name="`Payment Management` → `Gateway Integration` → it validates webhook signatures" class="Tests\Feature\PaymentManagementTest" classname="Tests.Feature.PaymentManagementTest" file="tests\Feature\PaymentManagementTest.php::`Payment Management` → `Gateway Integration` → it validates webhook signatures" line="0" assertions="1" time="12.589105">
        <failure type="PHPUnit\Framework\ExpectationFailedException">`Payment Management` → `Gateway Integration` → it validates webhook signaturesExpected response status code [400] but received 500.
Failed asserting that 500 is identical to 400.&#13;
&#13;
The following exception occurred during the last request:

Error: Class "Stripe\Stripe" not found in C:\laragon\www\CarRentSystem\app\Services\PaymentService.php:19
Stack trace:
#0 [internal function]: App\Services\PaymentService-&gt;__construct()
#1 C:\laragon\www\CarRentSystem\vendor\laravel\framework\src\Illuminate\Container\Container.php(1211): ReflectionClass-&gt;newInstanceArgs(Array)
#2 C:\laragon\www\CarRentSystem\vendor\laravel\framework\src\Illuminate\Container\Container.php(972): Illuminate\Container\Container-&gt;build('App\\Services\\Pa...')
#3 C:\laragon\www\CarRentSystem\vendor\laravel\framework\src\Illuminate\Foundation\Application.php(1078): Illuminate\Container\Container-&gt;resolve('App\\Services\\Pa...', Array, true)
#4 C:\laragon\www\CarRentSystem\vendor\laravel\framework\src\Illuminate\Container\Container.php(903): Illuminate\Foundation\Application-&gt;resolve('App\\Services\\Pa...', Array)
#5 C:\laragon\www\CarRentSystem\vendor\laravel\framework\src\Illuminate\Foundation\Application.php(1058): Illuminate\Container\Container-&gt;make('App\\Services\\Pa...', Array)
#6 C:\laragon\www\CarRentSystem\vendor\laravel\framework\src\Illuminate\Container\Container.php(1379): Illuminate\Foundation\Application-&gt;make('App\\Services\\Pa...')
#7 C:\laragon\www\CarRentSystem\vendor\laravel\framework\src\Illuminate\Container\Container.php(1278): Illuminate\Container\Container-&gt;resolveClass(Object(ReflectionParameter))
#8 C:\laragon\www\CarRentSystem\vendor\laravel\framework\src\Illuminate\Container\Container.php(1201): Illuminate\Container\Container-&gt;resolveDependencies(Array)
#9 C:\laragon\www\CarRentSystem\vendor\laravel\framework\src\Illuminate\Container\Container.php(972): Illuminate\Container\Container-&gt;build('App\\Http\\Contro...')
#10 C:\laragon\www\CarRentSystem\vendor\laravel\framework\src\Illuminate\Foundation\Application.php(1078): Illuminate\Container\Container-&gt;resolve('App\\Http\\Contro...', Array, true)
#11 C:\laragon\www\CarRentSystem\vendor\laravel\framework\src\Illuminate\Container\Container.php(903): Illuminate\Foundation\Application-&gt;resolve('App\\Http\\Contro...', Array)
#12 C:\laragon\www\CarRentSystem\vendor\laravel\framework\src\Illuminate\Foundation\Application.php(1058): Illuminate\Container\Container-&gt;make('App\\Http\\Contro...', Array)
#13 C:\laragon\www\CarRentSystem\vendor\laravel\framework\src\Illuminate\Routing\Route.php(286): Illuminate\Foundation\Application-&gt;make('App\\Http\\Contro...')
#14 C:\laragon\www\CarRentSystem\vendor\laravel\framework\src\Illuminate\Routing\Route.php(266): Illuminate\Routing\Route-&gt;getController()
#15 C:\laragon\www\CarRentSystem\vendor\laravel\framework\src\Illuminate\Routing\Route.php(211): Illuminate\Routing\Route-&gt;runController()
#16 C:\laragon\www\CarRentSystem\vendor\laravel\framework\src\Illuminate\Routing\Router.php(822): Illuminate\Routing\Route-&gt;run()
#17 C:\laragon\www\CarRentSystem\vendor\laravel\framework\src\Illuminate\Pipeline\Pipeline.php(180): Illuminate\Routing\Router-&gt;{closure:Illuminate\Routing\Router::runRouteWithinStack():821}(Object(Illuminate\Http\Request))
#18 C:\laragon\www\CarRentSystem\vendor\laravel\framework\src\Illuminate\Routing\Middleware\SubstituteBindings.php(50): Illuminate\Pipeline\Pipeline-&gt;{closure:Illuminate\Pipeline\Pipeline::prepareDestination():178}(Object(Illuminate\Http\Request))
#19 C:\laragon\www\CarRentSystem\vendor\laravel\framework\src\Illuminate\Pipeline\Pipeline.php(219): Illuminate\Routing\Middleware\SubstituteBindings-&gt;handle(Object(Illuminate\Http\Request), Object(Closure))
#20 C:\laragon\www\CarRentSystem\vendor\laravel\sanctum\src\Http\Middleware\EnsureFrontendRequestsAreStateful.php(26): Illuminate\Pipeline\Pipeline-&gt;{closure:{closure:Illuminate\Pipeline\Pipeline::carry():194}:195}(Object(Illuminate\Http\Request))
#21 C:\laragon\www\CarRentSystem\vendor\laravel\framework\src\Illuminate\Pipeline\Pipeline.php(180): Laravel\Sanctum\Http\Middleware\EnsureFrontendRequestsAreStateful-&gt;{closure:Laravel\Sanctum\Http\Middleware\EnsureFrontendRequestsAreStateful::handle():25}(Object(Illuminate\Http\Request))
#22 C:\laragon\www\CarRentSystem\vendor\laravel\framework\src\Illuminate\Pipeline\Pipeline.php(137): Illuminate\Pipeline\Pipeline-&gt;{closure:Illuminate\Pipeline\Pipeline::prepareDestination():178}(Object(Illuminate\Http\Request))
#23 C:\laragon\www\CarRentSystem\vendor\laravel\sanctum\src\Http\Middleware\EnsureFrontendRequestsAreStateful.php(25): Illuminate\Pipeline\Pipeline-&gt;then(Object(Closure))
#24 C:\laragon\www\CarRentSystem\vendor\laravel\framework\src\Illuminate\Pipeline\Pipeline.php(219): Laravel\Sanctum\Http\Middleware\EnsureFrontendRequestsAreStateful-&gt;handle(Object(Illuminate\Http\Request), Object(Closure))
#25 C:\laragon\www\CarRentSystem\vendor\laravel\framework\src\Illuminate\Pipeline\Pipeline.php(137): Illuminate\Pipeline\Pipeline-&gt;{closure:{closure:Illuminate\Pipeline\Pipeline::carry():194}:195}(Object(Illuminate\Http\Request))
#26 C:\laragon\www\CarRentSystem\vendor\laravel\framework\src\Illuminate\Routing\Router.php(821): Illuminate\Pipeline\Pipeline-&gt;then(Object(Closure))
#27 C:\laragon\www\CarRentSystem\vendor\laravel\framework\src\Illuminate\Routing\Router.php(800): Illuminate\Routing\Router-&gt;runRouteWithinStack(Object(Illuminate\Routing\Route), Object(Illuminate\Http\Request))
#28 C:\laragon\www\CarRentSystem\vendor\laravel\framework\src\Illuminate\Routing\Router.php(764): Illuminate\Routing\Router-&gt;runRoute(Object(Illuminate\Http\Request), Object(Illuminate\Routing\Route))
#29 C:\laragon\www\CarRentSystem\vendor\laravel\framework\src\Illuminate\Routing\Router.php(753): Illuminate\Routing\Router-&gt;dispatchToRoute(Object(Illuminate\Http\Request))
#30 C:\laragon\www\CarRentSystem\vendor\laravel\framework\src\Illuminate\Foundation\Http\Kernel.php(200): Illuminate\Routing\Router-&gt;dispatch(Object(Illuminate\Http\Request))
#31 C:\laragon\www\CarRentSystem\vendor\laravel\framework\src\Illuminate\Pipeline\Pipeline.php(180): Illuminate\Foundation\Http\Kernel-&gt;{closure:Illuminate\Foundation\Http\Kernel::dispatchToRouter():197}(Object(Illuminate\Http\Request))
#32 C:\laragon\www\CarRentSystem\vendor\livewire\livewire\src\Features\SupportDisablingBackButtonCache\DisableBackButtonCacheMiddleware.php(19): Illuminate\Pipeline\Pipeline-&gt;{closure:Illuminate\Pipeline\Pipeline::prepareDestination():178}(Object(Illuminate\Http\Request))
#33 C:\laragon\www\CarRentSystem\vendor\laravel\framework\src\Illuminate\Pipeline\Pipeline.php(219): Livewire\Features\SupportDisablingBackButtonCache\DisableBackButtonCacheMiddleware-&gt;handle(Object(Illuminate\Http\Request), Object(Closure))
#34 C:\laragon\www\CarRentSystem\vendor\laravel\framework\src\Illuminate\Foundation\Http\Middleware\TransformsRequest.php(21): Illuminate\Pipeline\Pipeline-&gt;{closure:{closure:Illuminate\Pipeline\Pipeline::carry():194}:195}(Object(Illuminate\Http\Request))
#35 C:\laragon\www\CarRentSystem\vendor\laravel\framework\src\Illuminate\Foundation\Http\Middleware\ConvertEmptyStringsToNull.php(31): Illuminate\Foundation\Http\Middleware\TransformsRequest-&gt;handle(Object(Illuminate\Http\Request), Object(Closure))
#36 C:\laragon\www\CarRentSystem\vendor\laravel\framework\src\Illuminate\Pipeline\Pipeline.php(219): Illuminate\Foundation\Http\Middleware\ConvertEmptyStringsToNull-&gt;handle(Object(Illuminate\Http\Request), Object(Closure))
#37 C:\laragon\www\CarRentSystem\vendor\laravel\framework\src\Illuminate\Foundation\Http\Middleware\TransformsRequest.php(21): Illuminate\Pipeline\Pipeline-&gt;{closure:{closure:Illuminate\Pipeline\Pipeline::carry():194}:195}(Object(Illuminate\Http\Request))
#38 C:\laragon\www\CarRentSystem\vendor\laravel\framework\src\Illuminate\Foundation\Http\Middleware\TrimStrings.php(51): Illuminate\Foundation\Http\Middleware\TransformsRequest-&gt;handle(Object(Illuminate\Http\Request), Object(Closure))
#39 C:\laragon\www\CarRentSystem\vendor\laravel\framework\src\Illuminate\Pipeline\Pipeline.php(219): Illuminate\Foundation\Http\Middleware\TrimStrings-&gt;handle(Object(Illuminate\Http\Request), Object(Closure))
#40 C:\laragon\www\CarRentSystem\vendor\laravel\framework\src\Illuminate\Http\Middleware\ValidatePostSize.php(27): Illuminate\Pipeline\Pipeline-&gt;{closure:{closure:Illuminate\Pipeline\Pipeline::carry():194}:195}(Object(Illuminate\Http\Request))
#41 C:\laragon\www\CarRentSystem\vendor\laravel\framework\src\Illuminate\Pipeline\Pipeline.php(219): Illuminate\Http\Middleware\ValidatePostSize-&gt;handle(Object(Illuminate\Http\Request), Object(Closure))
#42 C:\laragon\www\CarRentSystem\vendor\laravel\framework\src\Illuminate\Foundation\Http\Middleware\PreventRequestsDuringMaintenance.php(109): Illuminate\Pipeline\Pipeline-&gt;{closure:{closure:Illuminate\Pipeline\Pipeline::carry():194}:195}(Object(Illuminate\Http\Request))
#43 C:\laragon\www\CarRentSystem\vendor\laravel\framework\src\Illuminate\Pipeline\Pipeline.php(219): Illuminate\Foundation\Http\Middleware\PreventRequestsDuringMaintenance-&gt;handle(Object(Illuminate\Http\Request), Object(Closure))
#44 C:\laragon\www\CarRentSystem\vendor\laravel\framework\src\Illuminate\Http\Middleware\HandleCors.php(61): Illuminate\Pipeline\Pipeline-&gt;{closure:{closure:Illuminate\Pipeline\Pipeline::carry():194}:195}(Object(Illuminate\Http\Request))
#45 C:\laragon\www\CarRentSystem\vendor\laravel\framework\src\Illuminate\Pipeline\Pipeline.php(219): Illuminate\Http\Middleware\HandleCors-&gt;handle(Object(Illuminate\Http\Request), Object(Closure))
#46 C:\laragon\www\CarRentSystem\vendor\laravel\framework\src\Illuminate\Http\Middleware\TrustProxies.php(58): Illuminate\Pipeline\Pipeline-&gt;{closure:{closure:Illuminate\Pipeline\Pipeline::carry():194}:195}(Object(Illuminate\Http\Request))
#47 C:\laragon\www\CarRentSystem\vendor\laravel\framework\src\Illuminate\Pipeline\Pipeline.php(219): Illuminate\Http\Middleware\TrustProxies-&gt;handle(Object(Illuminate\Http\Request), Object(Closure))
#48 C:\laragon\www\CarRentSystem\vendor\laravel\framework\src\Illuminate\Foundation\Http\Middleware\InvokeDeferredCallbacks.php(22): Illuminate\Pipeline\Pipeline-&gt;{closure:{closure:Illuminate\Pipeline\Pipeline::carry():194}:195}(Object(Illuminate\Http\Request))
#49 C:\laragon\www\CarRentSystem\vendor\laravel\framework\src\Illuminate\Pipeline\Pipeline.php(219): Illuminate\Foundation\Http\Middleware\InvokeDeferredCallbacks-&gt;handle(Object(Illuminate\Http\Request), Object(Closure))
#50 C:\laragon\www\CarRentSystem\vendor\laravel\framework\src\Illuminate\Http\Middleware\ValidatePathEncoding.php(26): Illuminate\Pipeline\Pipeline-&gt;{closure:{closure:Illuminate\Pipeline\Pipeline::carry():194}:195}(Object(Illuminate\Http\Request))
#51 C:\laragon\www\CarRentSystem\vendor\laravel\framework\src\Illuminate\Pipeline\Pipeline.php(219): Illuminate\Http\Middleware\ValidatePathEncoding-&gt;handle(Object(Illuminate\Http\Request), Object(Closure))
#52 C:\laragon\www\CarRentSystem\vendor\laravel\framework\src\Illuminate\Pipeline\Pipeline.php(137): Illuminate\Pipeline\Pipeline-&gt;{closure:{closure:Illuminate\Pipeline\Pipeline::carry():194}:195}(Object(Illuminate\Http\Request))
#53 C:\laragon\www\CarRentSystem\vendor\laravel\framework\src\Illuminate\Foundation\Http\Kernel.php(175): Illuminate\Pipeline\Pipeline-&gt;then(Object(Closure))
#54 C:\laragon\www\CarRentSystem\vendor\laravel\framework\src\Illuminate\Foundation\Http\Kernel.php(144): Illuminate\Foundation\Http\Kernel-&gt;sendRequestThroughRouter(Object(Illuminate\Http\Request))
#55 C:\laragon\www\CarRentSystem\vendor\laravel\framework\src\Illuminate\Foundation\Testing\Concerns\MakesHttpRequests.php(607): Illuminate\Foundation\Http\Kernel-&gt;handle(Object(Illuminate\Http\Request))
#56 C:\laragon\www\CarRentSystem\vendor\laravel\framework\src\Illuminate\Foundation\Testing\Concerns\MakesHttpRequests.php(397): Illuminate\Foundation\Testing\TestCase-&gt;call('POST', '/api/webhooks/s...', Array, Array, Array, Array)
#57 C:\laragon\www\CarRentSystem\tests\Feature\PaymentManagementTest.php(239): Illuminate\Foundation\Testing\TestCase-&gt;post('/api/webhooks/s...', Array)
#58 C:\laragon\www\CarRentSystem\vendor\pestphp\pest\src\Factories\TestCaseMethodFactory.php(168): P\Tests\Feature\PaymentManagementTest-&gt;{closure:{closure:{closure:C:\laragon\www\CarRentSystem\tests\Feature\PaymentManagementTest.php:14}:215}:232}()
#59 [internal function]: P\Tests\Feature\PaymentManagementTest-&gt;{closure:Pest\Factories\TestCaseMethodFactory::getClosure():158}()
#60 C:\laragon\www\CarRentSystem\vendor\pestphp\pest\src\Concerns\Testable.php(429): call_user_func_array(Object(Closure), Array)
#61 C:\laragon\www\CarRentSystem\vendor\pestphp\pest\src\Support\ExceptionTrace.php(26): P\Tests\Feature\PaymentManagementTest-&gt;{closure:Pest\Concerns\Testable::__callClosure():429}()
#62 C:\laragon\www\CarRentSystem\vendor\pestphp\pest\src\Concerns\Testable.php(429): Pest\Support\ExceptionTrace::ensure(Object(Closure))
#63 C:\laragon\www\CarRentSystem\vendor\pestphp\pest\src\Concerns\Testable.php(331): P\Tests\Feature\PaymentManagementTest-&gt;__callClosure(Object(Closure), Array)
#64 C:\laragon\www\CarRentSystem\vendor\pestphp\pest\src\Factories\TestCaseFactory.php(169) : eval()'d code(152): P\Tests\Feature\PaymentManagementTest-&gt;__runTest(Object(Closure))
#65 C:\laragon\www\CarRentSystem\vendor\phpunit\phpunit\src\Framework\TestCase.php(1316): P\Tests\Feature\PaymentManagementTest-&gt;__pest_evaluable__Payment_Management__→__Gateway_Integration__→_it_validates_webhook_signatures()
#66 C:\laragon\www\CarRentSystem\vendor\phpunit\phpunit\src\Framework\TestCase.php(516): PHPUnit\Framework\TestCase-&gt;runTest()
#67 C:\laragon\www\CarRentSystem\vendor\phpunit\phpunit\src\Framework\TestRunner\TestRunner.php(99): PHPUnit\Framework\TestCase-&gt;runBare()
#68 C:\laragon\www\CarRentSystem\vendor\phpunit\phpunit\src\Framework\TestCase.php(357): PHPUnit\Framework\TestRunner-&gt;run(Object(P\Tests\Feature\PaymentManagementTest))
#69 C:\laragon\www\CarRentSystem\vendor\phpunit\phpunit\src\Framework\TestSuite.php(374): PHPUnit\Framework\TestCase-&gt;run()
#70 C:\laragon\www\CarRentSystem\vendor\brianium\paratest\src\WrapperRunner\ApplicationForWrapperWorker.php(116): PHPUnit\Framework\TestSuite-&gt;run()
#71 C:\laragon\www\CarRentSystem\vendor\pestphp\pest\bin\worker.php(105): ParaTest\WrapperRunner\ApplicationForWrapperWorker-&gt;runTest('C:\\laragon\\www\\...')
#72 C:\laragon\www\CarRentSystem\vendor\pestphp\pest\bin\worker.php(110): {closure:C:\laragon\www\CarRentSystem\vendor\pestphp\pest\bin\worker.php:30}()
#73 {main}

----------------------------------------------------------------------------------

Class "Stripe\Stripe" not found&#13;
&#13;
at vendor\laravel\framework\src\Illuminate\Testing\TestResponseAssert.php:45
at vendor\laravel\framework\src\Illuminate\Testing\TestResponse.php:174
at tests\Feature\PaymentManagementTest.php:240</failure>
      </testcase>
    </testsuite>
    <testsuite name="Tests\Feature\PowerFeaturesTest" file="tests\Feature\PowerFeaturesTest.php" tests="10" assertions="41" errors="3" failures="2" skipped="0" time="28.887877">
      <testcase name="`Power Features Demo` → `Rate Limiting Tests` → API rate limits work for different user roles" class="Tests\Feature\PowerFeaturesTest" classname="Tests.Feature.PowerFeaturesTest" file="tests\Feature\PowerFeaturesTest.php::`Power Features Demo` → `Rate Limiting Tests` → API rate limits work for different user roles" line="0" assertions="18" time="0.405961"/>
      <testcase name="`Power Features Demo` → `Rate Limiting Tests` → critical operations have stricter rate limits" class="Tests\Feature\PowerFeaturesTest" classname="Tests.Feature.PowerFeaturesTest" file="tests\Feature\PowerFeaturesTest.php::`Power Features Demo` → `Rate Limiting Tests` → critical operations have stricter rate limits" line="0" assertions="3" time="26.686943"/>
      <testcase name="`Power Features Demo` → `Eloquent Scopes Tests` → forRole scope filters vehicles correctly" class="Tests\Feature\PowerFeaturesTest" classname="Tests.Feature.PowerFeaturesTest" file="tests\Feature\PowerFeaturesTest.php::`Power Features Demo` → `Eloquent Scopes Tests` → forRole scope filters vehicles correctly" line="0" assertions="7" time="0.230521"/>
      <testcase name="`Power Features Demo` → `Eloquent Scopes Tests` → advanced search scope with multiple filters" class="Tests\Feature\PowerFeaturesTest" classname="Tests.Feature.PowerFeaturesTest" file="tests\Feature\PowerFeaturesTest.php::`Power Features Demo` → `Eloquent Scopes Tests` → advanced search scope with multiple filters" line="0" assertions="1" time="0.273056">
        <failure type="PHPUnit\Framework\ExpectationFailedException">`Power Features Demo` → `Eloquent Scopes Tests` → advanced search scope with multiple filtersExpecting Illuminate\Database\Eloquent\Collection not to be empty .&#13;
at tests\Feature\PowerFeaturesTest.php:114</failure>
      </testcase>
      <testcase name="`Power Features Demo` → `Eloquent Scopes Tests` → popular vehicles scope with complex calculations" class="Tests\Feature\PowerFeaturesTest" classname="Tests.Feature.PowerFeaturesTest" file="tests\Feature\PowerFeaturesTest.php::`Power Features Demo` → `Eloquent Scopes Tests` → popular vehicles scope with complex calculations" line="0" assertions="0" time="0.224414">
        <error type="Illuminate\Database\QueryException">`Power Features Demo` → `Eloquent Scopes Tests` → popular vehicles scope with complex calculationsIlluminate\Database\QueryException: SQLSTATE[HY000]: General error: 1 HAVING clause on a non-aggregate query (Connection: sqlite, SQL: select "car_rental_vehicles".*, (select count(*) from "car_rental_bookings" where "car_rental_vehicles"."id" = "car_rental_bookings"."vehicle_id" and "car_rental_bookings"."deleted_at" is null) as "bookings_count", (select count(*) from "car_rental_reviews" where "car_rental_vehicles"."id" = "car_rental_reviews"."vehicle_id") as "reviews_count", (select avg("car_rental_reviews"."rating") from "car_rental_reviews" where "car_rental_vehicles"."id" = "car_rental_reviews"."vehicle_id") as "reviews_avg_rating" from "car_rental_vehicles" where "car_rental_vehicles"."deleted_at" is null having "bookings_count" &gt; 0 order by (bookings_count * 0.7 + COALESCE(reviews_avg_rating, 0) * 0.3) DESC limit 5)&#13;
at vendor\laravel\framework\src\Illuminate\Database\Connection.php:406
at vendor\laravel\framework\src\Illuminate\Database\Connection.php:811
at vendor\laravel\framework\src\Illuminate\Database\Connection.php:778
at vendor\laravel\framework\src\Illuminate\Database\Connection.php:397
at vendor\laravel\framework\src\Illuminate\Database\Query\Builder.php:3188
at vendor\laravel\framework\src\Illuminate\Database\Query\Builder.php:3173
at vendor\laravel\framework\src\Illuminate\Database\Query\Builder.php:3763
at vendor\laravel\framework\src\Illuminate\Database\Query\Builder.php:3172
at vendor\laravel\framework\src\Illuminate\Database\Eloquent\Builder.php:902
at vendor\laravel\framework\src\Illuminate\Database\Eloquent\Builder.php:884
at tests\Feature\PowerFeaturesTest.php:126
Caused by
PDOException: SQLSTATE[HY000]: General error: 1 HAVING clause on a non-aggregate query

at vendor\laravel\framework\src\Illuminate\Database\Connection.php:406
at vendor\laravel\framework\src\Illuminate\Database\Connection.php:811
at vendor\laravel\framework\src\Illuminate\Database\Connection.php:778
at vendor\laravel\framework\src\Illuminate\Database\Connection.php:397
at vendor\laravel\framework\src\Illuminate\Database\Query\Builder.php:3188
at vendor\laravel\framework\src\Illuminate\Database\Query\Builder.php:3173
at vendor\laravel\framework\src\Illuminate\Database\Query\Builder.php:3763
at vendor\laravel\framework\src\Illuminate\Database\Query\Builder.php:3172
at vendor\laravel\framework\src\Illuminate\Database\Eloquent\Builder.php:902
at vendor\laravel\framework\src\Illuminate\Database\Eloquent\Builder.php:884
at tests\Feature\PowerFeaturesTest.php:126</error>
      </testcase>
      <testcase name="`Power Features Demo` → `Eloquent Scopes Tests` → requiring attention scope finds problematic vehicles" class="Tests\Feature\PowerFeaturesTest" classname="Tests.Feature.PowerFeaturesTest" file="tests\Feature\PowerFeaturesTest.php::`Power Features Demo` → `Eloquent Scopes Tests` → requiring attention scope finds problematic vehicles" line="0" assertions="3" time="0.142420"/>
      <testcase name="`Power Features Demo` → `Eloquent Scopes Tests` → booking scopes work with complex conditions" class="Tests\Feature\PowerFeaturesTest" classname="Tests.Feature.PowerFeaturesTest" file="tests\Feature\PowerFeaturesTest.php::`Power Features Demo` → `Eloquent Scopes Tests` → booking scopes work with complex conditions" line="0" assertions="3" time="0.192305">
        <failure type="PHPUnit\Framework\ExpectationFailedException">`Power Features Demo` → `Eloquent Scopes Tests` → booking scopes work with complex conditionsFailed asserting that actual size 0 matches expected size 1.&#13;
at tests\Feature\PowerFeaturesTest.php:162</failure>
      </testcase>
      <testcase name="`Power Features Demo` → `Performance Monitoring` → query performance meets requirements" class="Tests\Feature\PowerFeaturesTest" classname="Tests.Feature.PowerFeaturesTest" file="tests\Feature\PowerFeaturesTest.php::`Power Features Demo` → `Performance Monitoring` → query performance meets requirements" line="0" assertions="0" time="0.351253">
        <error type="Illuminate\Database\QueryException">`Power Features Demo` → `Performance Monitoring` → query performance meets requirementsIlluminate\Database\QueryException: SQLSTATE[HY000]: General error: 1 HAVING clause on a non-aggregate query (Connection: sqlite, SQL: select "car_rental_vehicles".*, (select count(*) from "car_rental_bookings" where "car_rental_vehicles"."id" = "car_rental_bookings"."vehicle_id" and "car_rental_bookings"."deleted_at" is null) as "bookings_count", (select count(*) from "car_rental_reviews" where "car_rental_vehicles"."id" = "car_rental_reviews"."vehicle_id") as "reviews_count", (select avg("car_rental_reviews"."rating") from "car_rental_reviews" where "car_rental_vehicles"."id" = "car_rental_reviews"."vehicle_id") as "reviews_avg_rating" from "car_rental_vehicles" where "category" = luxury and "car_rental_vehicles"."deleted_at" is null having "bookings_count" &gt; 0 order by (bookings_count * 0.7 + COALESCE(reviews_avg_rating, 0) * 0.3) DESC limit 10)&#13;
at vendor\laravel\framework\src\Illuminate\Database\Connection.php:406
at vendor\laravel\framework\src\Illuminate\Database\Connection.php:811
at vendor\laravel\framework\src\Illuminate\Database\Connection.php:778
at vendor\laravel\framework\src\Illuminate\Database\Connection.php:397
at vendor\laravel\framework\src\Illuminate\Database\Query\Builder.php:3188
at vendor\laravel\framework\src\Illuminate\Database\Query\Builder.php:3173
at vendor\laravel\framework\src\Illuminate\Database\Query\Builder.php:3763
at vendor\laravel\framework\src\Illuminate\Database\Query\Builder.php:3172
at vendor\laravel\framework\src\Illuminate\Database\Eloquent\Builder.php:902
at vendor\laravel\framework\src\Illuminate\Database\Eloquent\Builder.php:884
at tests\Feature\PowerFeaturesTest.php:176
at tests\Pest.php:50
at tests\Pest.php:65
at tests\Feature\PowerFeaturesTest.php:173
Caused by
PDOException: SQLSTATE[HY000]: General error: 1 HAVING clause on a non-aggregate query

at vendor\laravel\framework\src\Illuminate\Database\Connection.php:406
at vendor\laravel\framework\src\Illuminate\Database\Connection.php:811
at vendor\laravel\framework\src\Illuminate\Database\Connection.php:778
at vendor\laravel\framework\src\Illuminate\Database\Connection.php:397
at vendor\laravel\framework\src\Illuminate\Database\Query\Builder.php:3188
at vendor\laravel\framework\src\Illuminate\Database\Query\Builder.php:3173
at vendor\laravel\framework\src\Illuminate\Database\Query\Builder.php:3763
at vendor\laravel\framework\src\Illuminate\Database\Query\Builder.php:3172
at vendor\laravel\framework\src\Illuminate\Database\Eloquent\Builder.php:902
at vendor\laravel\framework\src\Illuminate\Database\Eloquent\Builder.php:884
at tests\Feature\PowerFeaturesTest.php:176
at tests\Pest.php:50
at tests\Pest.php:65
at tests\Feature\PowerFeaturesTest.php:173</error>
      </testcase>
      <testcase name="`Power Features Demo` → `Performance Monitoring` → scope chaining performance" class="Tests\Feature\PowerFeaturesTest" classname="Tests.Feature.PowerFeaturesTest" file="tests\Feature\PowerFeaturesTest.php::`Power Features Demo` → `Performance Monitoring` → scope chaining performance" line="0" assertions="0" time="0.222592">
        <error type="Illuminate\Database\QueryException">`Power Features Demo` → `Performance Monitoring` → scope chaining performanceIlluminate\Database\QueryException: SQLSTATE[HY000]: General error: 1 HAVING clause on a non-aggregate query (Connection: sqlite, SQL: select "car_rental_vehicles".*, (select count(*) from "car_rental_bookings" where "car_rental_vehicles"."id" = "car_rental_bookings"."vehicle_id" and "car_rental_bookings"."deleted_at" is null) as "bookings_count", (select count(*) from "car_rental_reviews" where "car_rental_vehicles"."id" = "car_rental_reviews"."vehicle_id") as "reviews_count", (select avg("car_rental_reviews"."rating") from "car_rental_reviews" where "car_rental_vehicles"."id" = "car_rental_reviews"."vehicle_id") as "reviews_avg_rating" from "car_rental_vehicles" where "status" = published and "is_available" = 1 and "status" = published and "is_available" = 1 and "insurance_expiry" &gt; 2025-09-27 04:32:36 and not exists (select * from "car_rental_bookings" where "car_rental_vehicles"."id" = "car_rental_bookings"."vehicle_id" and "status" != cancelled and ("start_date" between 2025-09-27 04:32:36 and 2025-10-04 04:32:36 or "end_date" between 2025-09-27 04:32:36 and 2025-10-04 04:32:36 or ("start_date" &lt;= 2025-09-27 04:32:36 and "end_date" &gt;= 2025-10-04 04:32:36)) and "car_rental_bookings"."deleted_at" is null) and "daily_rate" &gt;= 50 and ("location" like %Kuala Lumpur% or "pickup_location" like %Kuala Lumpur%) and "car_rental_vehicles"."deleted_at" is null having "bookings_count" &gt; 0 order by (bookings_count * 0.7 + COALESCE(reviews_avg_rating, 0) * 0.3) DESC limit 5)&#13;
at vendor\laravel\framework\src\Illuminate\Database\Connection.php:406
at vendor\laravel\framework\src\Illuminate\Database\Connection.php:811
at vendor\laravel\framework\src\Illuminate\Database\Connection.php:778
at vendor\laravel\framework\src\Illuminate\Database\Connection.php:397
at vendor\laravel\framework\src\Illuminate\Database\Query\Builder.php:3188
at vendor\laravel\framework\src\Illuminate\Database\Query\Builder.php:3173
at vendor\laravel\framework\src\Illuminate\Database\Query\Builder.php:3763
at vendor\laravel\framework\src\Illuminate\Database\Query\Builder.php:3172
at vendor\laravel\framework\src\Illuminate\Database\Eloquent\Builder.php:902
at vendor\laravel\framework\src\Illuminate\Database\Eloquent\Builder.php:884
at tests\Feature\PowerFeaturesTest.php:189
at tests\Pest.php:50
at tests\Feature\PowerFeaturesTest.php:184
Caused by
PDOException: SQLSTATE[HY000]: General error: 1 HAVING clause on a non-aggregate query

at vendor\laravel\framework\src\Illuminate\Database\Connection.php:406
at vendor\laravel\framework\src\Illuminate\Database\Connection.php:811
at vendor\laravel\framework\src\Illuminate\Database\Connection.php:778
at vendor\laravel\framework\src\Illuminate\Database\Connection.php:397
at vendor\laravel\framework\src\Illuminate\Database\Query\Builder.php:3188
at vendor\laravel\framework\src\Illuminate\Database\Query\Builder.php:3173
at vendor\laravel\framework\src\Illuminate\Database\Query\Builder.php:3763
at vendor\laravel\framework\src\Illuminate\Database\Query\Builder.php:3172
at vendor\laravel\framework\src\Illuminate\Database\Eloquent\Builder.php:902
at vendor\laravel\framework\src\Illuminate\Database\Eloquent\Builder.php:884
at tests\Feature\PowerFeaturesTest.php:189
at tests\Pest.php:50
at tests\Feature\PowerFeaturesTest.php:184</error>
      </testcase>
      <testcase name="`Power Features Demo` → `Integration Test` → all features work together seamlessly" class="Tests\Feature\PowerFeaturesTest" classname="Tests.Feature.PowerFeaturesTest" file="tests\Feature\PowerFeaturesTest.php::`Power Features Demo` → `Integration Test` → all features work together seamlessly" line="0" assertions="6" time="0.158414"/>
    </testsuite>
    <testsuite name="Tests\Feature\ResourcePermissionsTest" file="tests\Feature\ResourcePermissionsTest.php" tests="13" assertions="34" errors="0" failures="5" skipped="0" time="9.85439">
      <testcase name="`Resource Permissions Test` → `Vehicle Resource Permissions` → admin can view vehicles" class="Tests\Feature\ResourcePermissionsTest" classname="Tests.Feature.ResourcePermissionsTest" file="tests\Feature\ResourcePermissionsTest.php::`Resource Permissions Test` → `Vehicle Resource Permissions` → admin can view vehicles" line="0" assertions="3" time="0.190058"/>
      <testcase name="`Resource Permissions Test` → `Vehicle Resource Permissions` → owner can view vehicles" class="Tests\Feature\ResourcePermissionsTest" classname="Tests.Feature.ResourcePermissionsTest" file="tests\Feature\ResourcePermissionsTest.php::`Resource Permissions Test` → `Vehicle Resource Permissions` → owner can view vehicles" line="0" assertions="3" time="0.272629"/>
      <testcase name="`Resource Permissions Test` → `Vehicle Resource Permissions` → admin can create vehicles" class="Tests\Feature\ResourcePermissionsTest" classname="Tests.Feature.ResourcePermissionsTest" file="tests\Feature\ResourcePermissionsTest.php::`Resource Permissions Test` → `Vehicle Resource Permissions` → admin can create vehicles" line="0" assertions="2" time="0.218676"/>
      <testcase name="`Resource Permissions Test` → `Vehicle Resource Permissions` → owner can create vehicles" class="Tests\Feature\ResourcePermissionsTest" classname="Tests.Feature.ResourcePermissionsTest" file="tests\Feature\ResourcePermissionsTest.php::`Resource Permissions Test` → `Vehicle Resource Permissions` → owner can create vehicles" line="0" assertions="2" time="0.176228"/>
      <testcase name="`Resource Permissions Test` → `Vehicle Resource Permissions` → renter cannot create vehicles" class="Tests\Feature\ResourcePermissionsTest" classname="Tests.Feature.ResourcePermissionsTest" file="tests\Feature\ResourcePermissionsTest.php::`Resource Permissions Test` → `Vehicle Resource Permissions` → renter cannot create vehicles" line="0" assertions="2" time="0.168690"/>
      <testcase name="`Resource Permissions Test` → `Vehicle Resource Permissions` → vehicle view action visibility" class="Tests\Feature\ResourcePermissionsTest" classname="Tests.Feature.ResourcePermissionsTest" file="tests\Feature\ResourcePermissionsTest.php::`Resource Permissions Test` → `Vehicle Resource Permissions` → vehicle view action visibility" line="0" assertions="1" time="0.152950">
        <failure type="PHPUnit\Framework\ExpectationFailedException">`Resource Permissions Test` → `Vehicle Resource Permissions` → vehicle view action visibilityFailed asserting that false is true.&#13;
at tests\Feature\ResourcePermissionsTest.php:68</failure>
      </testcase>
      <testcase name="`Resource Permissions Test` → `User Resource Permissions` → admin has full permissions on users" class="Tests\Feature\ResourcePermissionsTest" classname="Tests.Feature.ResourcePermissionsTest" file="tests\Feature\ResourcePermissionsTest.php::`Resource Permissions Test` → `User Resource Permissions` → admin has full permissions on users" line="0" assertions="6" time="0.225616"/>
      <testcase name="`Resource Permissions Test` → `User Resource Permissions` → owner cannot access users resource" class="Tests\Feature\ResourcePermissionsTest" classname="Tests.Feature.ResourcePermissionsTest" file="tests\Feature\ResourcePermissionsTest.php::`Resource Permissions Test` → `User Resource Permissions` → owner cannot access users resource" line="0" assertions="2" time="0.152288">
        <failure type="PHPUnit\Framework\ExpectationFailedException">`Resource Permissions Test` → `User Resource Permissions` → owner cannot access users resourceFailed asserting that true is false.&#13;
at tests\Feature\ResourcePermissionsTest.php:106</failure>
      </testcase>
      <testcase name="`Resource Permissions Test` → `User Resource Permissions` → renter cannot access users resource" class="Tests\Feature\ResourcePermissionsTest" classname="Tests.Feature.ResourcePermissionsTest" file="tests\Feature\ResourcePermissionsTest.php::`Resource Permissions Test` → `User Resource Permissions` → renter cannot access users resource" line="0" assertions="2" time="0.130952">
        <failure type="PHPUnit\Framework\ExpectationFailedException">`Resource Permissions Test` → `User Resource Permissions` → renter cannot access users resourceFailed asserting that true is false.&#13;
at tests\Feature\ResourcePermissionsTest.php:119</failure>
      </testcase>
      <testcase name="`Resource Permissions Test` → `User Resource Permissions` → user resource navigation visibility" class="Tests\Feature\ResourcePermissionsTest" classname="Tests.Feature.ResourcePermissionsTest" file="tests\Feature\ResourcePermissionsTest.php::`Resource Permissions Test` → `User Resource Permissions` → user resource navigation visibility" line="0" assertions="4" time="0.129893"/>
      <testcase name="`Resource Permissions Test` → `Integration Tests` → admin can access all resources" class="Tests\Feature\ResourcePermissionsTest" classname="Tests.Feature.ResourcePermissionsTest" file="tests\Feature\ResourcePermissionsTest.php::`Resource Permissions Test` → `Integration Tests` → admin can access all resources" line="0" assertions="5" time="3.590647"/>
      <testcase name="`Resource Permissions Test` → `Integration Tests` → owner has limited access" class="Tests\Feature\ResourcePermissionsTest" classname="Tests.Feature.ResourcePermissionsTest" file="tests\Feature\ResourcePermissionsTest.php::`Resource Permissions Test` → `Integration Tests` → owner has limited access" line="0" assertions="1" time="4.060879">
        <failure type="PHPUnit\Framework\ExpectationFailedException">`Resource Permissions Test` → `Integration Tests` → owner has limited accessFailed asserting that 403 is identical to 200.&#13;
at tests\Feature\ResourcePermissionsTest.php:178</failure>
      </testcase>
      <testcase name="`Resource Permissions Test` → `Integration Tests` → renter has minimal access" class="Tests\Feature\ResourcePermissionsTest" classname="Tests.Feature.ResourcePermissionsTest" file="tests\Feature\ResourcePermissionsTest.php::`Resource Permissions Test` → `Integration Tests` → renter has minimal access" line="0" assertions="1" time="0.384883">
        <failure type="PHPUnit\Framework\ExpectationFailedException">`Resource Permissions Test` → `Integration Tests` → renter has minimal accessFailed asserting that 403 is identical to 200.&#13;
at tests\Feature\ResourcePermissionsTest.php:200</failure>
      </testcase>
    </testsuite>
    <testsuite name="Tests\Feature\ReviewManagementTest" file="tests\Feature\ReviewManagementTest.php" tests="21" assertions="20" errors="2" failures="16" skipped="0" time="129.275624">
      <testcase name="`Review Management` → `Review Listing` → it allows admin to view all reviews" class="Tests\Feature\ReviewManagementTest" classname="Tests.Feature.ReviewManagementTest" file="tests\Feature\ReviewManagementTest.php::`Review Management` → `Review Listing` → it allows admin to view all reviews" line="0" assertions="2" time="1.154100"/>
      <testcase name="`Review Management` → `Review Listing` → it allows owner to view reviews for their vehicles" class="Tests\Feature\ReviewManagementTest" classname="Tests.Feature.ReviewManagementTest" file="tests\Feature\ReviewManagementTest.php::`Review Management` → `Review Listing` → it allows owner to view reviews for their vehicles" line="0" assertions="1" time="0.294981">
        <failure type="PHPUnit\Framework\ExpectationFailedException">`Review Management` → `Review Listing` → it allows owner to view reviews for their vehiclesExpected response status code [&gt;=200, &lt;300] but received 403.
Failed asserting that false is true.&#13;
at vendor\laravel\framework\src\Illuminate\Testing\TestResponseAssert.php:45
at vendor\laravel\framework\src\Illuminate\Testing\TestResponse.php:103
at tests\Feature\ReviewManagementTest.php:42</failure>
      </testcase>
      <testcase name="`Review Management` → `Review Listing` → it allows renter to view their own reviews" class="Tests\Feature\ReviewManagementTest" classname="Tests.Feature.ReviewManagementTest" file="tests\Feature\ReviewManagementTest.php::`Review Management` → `Review Listing` → it allows renter to view their own reviews" line="0" assertions="1" time="0.253647">
        <failure type="PHPUnit\Framework\ExpectationFailedException">`Review Management` → `Review Listing` → it allows renter to view their own reviewsExpected response status code [&gt;=200, &lt;300] but received 403.
Failed asserting that false is true.&#13;
at vendor\laravel\framework\src\Illuminate\Testing\TestResponseAssert.php:45
at vendor\laravel\framework\src\Illuminate\Testing\TestResponse.php:103
at tests\Feature\ReviewManagementTest.php:54</failure>
      </testcase>
      <testcase name="`Review Management` → `Review Listing` → it filters reviews by rating" class="Tests\Feature\ReviewManagementTest" classname="Tests.Feature.ReviewManagementTest" file="tests\Feature\ReviewManagementTest.php::`Review Management` → `Review Listing` → it filters reviews by rating" line="0" assertions="1" time="1.023812"/>
      <testcase name="`Review Management` → `Review Listing` → it filters reviews by vehicle" class="Tests\Feature\ReviewManagementTest" classname="Tests.Feature.ReviewManagementTest" file="tests\Feature\ReviewManagementTest.php::`Review Management` → `Review Listing` → it filters reviews by vehicle" line="0" assertions="1" time="0.844458"/>
      <testcase name="`Review Management` → `Review Creation` → it allows renter to create review after completed booking" class="Tests\Feature\ReviewManagementTest" classname="Tests.Feature.ReviewManagementTest" file="tests\Feature\ReviewManagementTest.php::`Review Management` → `Review Creation` → it allows renter to create review after completed booking" line="0" assertions="0" time="8.486655">
        <error type="ErrorException">`Review Management` → `Review Creation` → it allows renter to create review after completed bookingErrorException: Attempt to read property "rating" on null&#13;
at vendor\laravel\framework\src\Illuminate\Foundation\Bootstrap\HandleExceptions.php:258
at tests\Feature\ReviewManagementTest.php:94</error>
      </testcase>
      <testcase name="`Review Management` → `Review Creation` → it prevents review creation for non-completed bookings" class="Tests\Feature\ReviewManagementTest" classname="Tests.Feature.ReviewManagementTest" file="tests\Feature\ReviewManagementTest.php::`Review Management` → `Review Creation` → it prevents review creation for non-completed bookings" line="0" assertions="1" time="9.992659">
        <failure type="PHPUnit\Framework\ExpectationFailedException">`Review Management` → `Review Creation` → it prevents review creation for non-completed bookingsSession is missing expected key [errors].
Failed asserting that false is true.&#13;
at vendor\laravel\framework\src\Illuminate\Testing\TestResponseAssert.php:45
at vendor\laravel\framework\src\Illuminate\Testing\TestResponse.php:1517
at vendor\laravel\framework\src\Illuminate\Testing\TestResponse.php:1594
at tests\Feature\ReviewManagementTest.php:114</failure>
      </testcase>
      <testcase name="`Review Management` → `Review Creation` → it prevents duplicate reviews for same booking" class="Tests\Feature\ReviewManagementTest" classname="Tests.Feature.ReviewManagementTest" file="tests\Feature\ReviewManagementTest.php::`Review Management` → `Review Creation` → it prevents duplicate reviews for same booking" line="0" assertions="1" time="7.708837">
        <failure type="PHPUnit\Framework\ExpectationFailedException">`Review Management` → `Review Creation` → it prevents duplicate reviews for same bookingSession is missing expected key [errors].
Failed asserting that false is true.&#13;
at vendor\laravel\framework\src\Illuminate\Testing\TestResponseAssert.php:45
at vendor\laravel\framework\src\Illuminate\Testing\TestResponse.php:1517
at vendor\laravel\framework\src\Illuminate\Testing\TestResponse.php:1594
at tests\Feature\ReviewManagementTest.php:133</failure>
      </testcase>
      <testcase name="`Review Management` → `Review Creation` → it validates rating range" class="Tests\Feature\ReviewManagementTest" classname="Tests.Feature.ReviewManagementTest" file="tests\Feature\ReviewManagementTest.php::`Review Management` → `Review Creation` → it validates rating range" line="0" assertions="1" time="10.563916">
        <failure type="PHPUnit\Framework\ExpectationFailedException">`Review Management` → `Review Creation` → it validates rating rangeSession is missing expected key [errors].
Failed asserting that false is true.&#13;
at vendor\laravel\framework\src\Illuminate\Testing\TestResponseAssert.php:45
at vendor\laravel\framework\src\Illuminate\Testing\TestResponse.php:1517
at vendor\laravel\framework\src\Illuminate\Testing\TestResponse.php:1594
at tests\Feature\ReviewManagementTest.php:146</failure>
      </testcase>
      <testcase name="`Review Management` → `Review Updates` → it allows renter to update their own review" class="Tests\Feature\ReviewManagementTest" classname="Tests.Feature.ReviewManagementTest" file="tests\Feature\ReviewManagementTest.php::`Review Management` → `Review Updates` → it allows renter to update their own review" line="0" assertions="1" time="8.480745">
        <failure type="PHPUnit\Framework\ExpectationFailedException">`Review Management` → `Review Updates` → it allows renter to update their own reviewFailed asserting that 4 is identical to 5.&#13;
at tests\Feature\ReviewManagementTest.php:170</failure>
      </testcase>
      <testcase name="`Review Management` → `Review Updates` → it prevents renter from updating other renters reviews" class="Tests\Feature\ReviewManagementTest" classname="Tests.Feature.ReviewManagementTest" file="tests\Feature\ReviewManagementTest.php::`Review Management` → `Review Updates` → it prevents renter from updating other renters reviews" line="0" assertions="1" time="9.294567">
        <failure type="PHPUnit\Framework\ExpectationFailedException">`Review Management` → `Review Updates` → it prevents renter from updating other renters reviewsExpected response status code [403] but received 405.
Failed asserting that 405 is identical to 403.&#13;
at vendor\laravel\framework\src\Illuminate\Testing\TestResponseAssert.php:45
at vendor\laravel\framework\src\Illuminate\Testing\TestResponse.php:174
at vendor\laravel\framework\src\Illuminate\Testing\Concerns\AssertsStatusCodes.php:141
at tests\Feature\ReviewManagementTest.php:180</failure>
      </testcase>
      <testcase name="`Review Management` → `Review Updates` → it allows admin to update any review" class="Tests\Feature\ReviewManagementTest" classname="Tests.Feature.ReviewManagementTest" file="tests\Feature\ReviewManagementTest.php::`Review Management` → `Review Updates` → it allows admin to update any review" line="0" assertions="1" time="8.116654">
        <failure type="PHPUnit\Framework\ExpectationFailedException">`Review Management` → `Review Updates` → it allows admin to update any reviewFailed asserting that 4 is identical to 3.&#13;
at tests\Feature\ReviewManagementTest.php:190</failure>
      </testcase>
      <testcase name="`Review Management` → `Review Moderation` → it allows admin to hide inappropriate reviews" class="Tests\Feature\ReviewManagementTest" classname="Tests.Feature.ReviewManagementTest" file="tests\Feature\ReviewManagementTest.php::`Review Management` → `Review Moderation` → it allows admin to hide inappropriate reviews" line="0" assertions="1" time="9.870406">
        <failure type="PHPUnit\Framework\ExpectationFailedException">`Review Management` → `Review Moderation` → it allows admin to hide inappropriate reviewsFailed asserting that true is false.&#13;
at tests\Feature\ReviewManagementTest.php:209</failure>
      </testcase>
      <testcase name="`Review Management` → `Review Moderation` → it allows admin to approve hidden reviews" class="Tests\Feature\ReviewManagementTest" classname="Tests.Feature.ReviewManagementTest" file="tests\Feature\ReviewManagementTest.php::`Review Management` → `Review Moderation` → it allows admin to approve hidden reviews" line="0" assertions="1" time="18.228614">
        <failure type="PHPUnit\Framework\ExpectationFailedException">`Review Management` → `Review Moderation` → it allows admin to approve hidden reviewsFailed asserting that false is true.&#13;
at tests\Feature\ReviewManagementTest.php:221</failure>
      </testcase>
      <testcase name="`Review Management` → `Review Moderation` → it filters visible reviews in public views" class="Tests\Feature\ReviewManagementTest" classname="Tests.Feature.ReviewManagementTest" file="tests\Feature\ReviewManagementTest.php::`Review Management` → `Review Moderation` → it filters visible reviews in public views" line="0" assertions="1" time="0.575060">
        <failure type="PHPUnit\Framework\ExpectationFailedException">`Review Management` → `Review Moderation` → it filters visible reviews in public viewsExpected response status code [&gt;=200, &lt;300] but received 404.
Failed asserting that false is true.&#13;
at vendor\laravel\framework\src\Illuminate\Testing\TestResponseAssert.php:45
at vendor\laravel\framework\src\Illuminate\Testing\TestResponse.php:103
at tests\Feature\ReviewManagementTest.php:229</failure>
      </testcase>
      <testcase name="`Review Management` → `Review Analytics` → it calculates average rating for vehicle" class="Tests\Feature\ReviewManagementTest" classname="Tests.Feature.ReviewManagementTest" file="tests\Feature\ReviewManagementTest.php::`Review Management` → `Review Analytics` → it calculates average rating for vehicle" line="0" assertions="1" time="0.483108">
        <failure type="PHPUnit\Framework\ExpectationFailedException">`Review Management` → `Review Analytics` → it calculates average rating for vehicleExpected response status code [&gt;=200, &lt;300] but received 404.
Failed asserting that false is true.&#13;
at vendor\laravel\framework\src\Illuminate\Testing\TestResponseAssert.php:45
at vendor\laravel\framework\src\Illuminate\Testing\TestResponse.php:103
at tests\Feature\ReviewManagementTest.php:241</failure>
      </testcase>
      <testcase name="`Review Management` → `Review Analytics` → it displays rating distribution" class="Tests\Feature\ReviewManagementTest" classname="Tests.Feature.ReviewManagementTest" file="tests\Feature\ReviewManagementTest.php::`Review Management` → `Review Analytics` → it displays rating distribution" line="0" assertions="1" time="0.299791">
        <failure type="PHPUnit\Framework\ExpectationFailedException">`Review Management` → `Review Analytics` → it displays rating distributionExpected response status code [&gt;=200, &lt;300] but received 404.
Failed asserting that false is true.&#13;
at vendor\laravel\framework\src\Illuminate\Testing\TestResponseAssert.php:45
at vendor\laravel\framework\src\Illuminate\Testing\TestResponse.php:103
at tests\Feature\ReviewManagementTest.php:251</failure>
      </testcase>
      <testcase name="`Review Management` → `Review with Detailed Ratings` → it creates review with all detailed ratings" class="Tests\Feature\ReviewManagementTest" classname="Tests.Feature.ReviewManagementTest" file="tests\Feature\ReviewManagementTest.php::`Review Management` → `Review with Detailed Ratings` → it creates review with all detailed ratings" line="0" assertions="0" time="7.413995">
        <error type="ErrorException">`Review Management` → `Review with Detailed Ratings` → it creates review with all detailed ratingsErrorException: Attempt to read property "cleanliness_rating" on null&#13;
at vendor\laravel\framework\src\Illuminate\Foundation\Bootstrap\HandleExceptions.php:258
at tests\Feature\ReviewManagementTest.php:274</error>
      </testcase>
      <testcase name="`Review Management` → `Review Deletion` → it allows admin to delete any review" class="Tests\Feature\ReviewManagementTest" classname="Tests.Feature.ReviewManagementTest" file="tests\Feature\ReviewManagementTest.php::`Review Management` → `Review Deletion` → it allows admin to delete any review" line="0" assertions="1" time="7.943306">
        <failure type="PHPUnit\Framework\ExpectationFailedException">`Review Management` → `Review Deletion` → it allows admin to delete any reviewFailed asserting that App\Models\Review Object #21851 (
    'connection' =&gt; 'sqlite',
    'table' =&gt; 'car_rental_reviews',
    'primaryKey' =&gt; 'id',
    'keyType' =&gt; 'int',
    'incrementing' =&gt; true,
    'with' =&gt; Array &amp;0 [],
    'withCount' =&gt; Array &amp;1 [],
    'preventsLazyLoading' =&gt; false,
    'perPage' =&gt; 15,
    'exists' =&gt; true,
    'wasRecentlyCreated' =&gt; false,
    'escapeWhenCastingToString' =&gt; false,
    'attributes' =&gt; Array &amp;2 [
        'id' =&gt; 1,
        'booking_id' =&gt; 2,
        'vehicle_id' =&gt; 1,
        'renter_id' =&gt; 3,
        'rating' =&gt; 1,
        'comment' =&gt; 'The rental went smoothly overall. The car served its purpose for our city trip, though it showed signs of wear and tear. The owner was polite and the transaction was straightforward.',
        'is_visible' =&gt; 1,
        'created_at' =&gt; '2025-09-27 04:34:31',
        'updated_at' =&gt; '2025-09-27 04:34:31',
    ],
    'original' =&gt; Array &amp;3 [
        'id' =&gt; 1,
        'booking_id' =&gt; 2,
        'vehicle_id' =&gt; 1,
        'renter_id' =&gt; 3,
        'rating' =&gt; 1,
        'comment' =&gt; 'The rental went smoothly overall. The car served its purpose for our city trip, though it showed signs of wear and tear. The owner was polite and the transaction was straightforward.',
        'is_visible' =&gt; 1,
        'created_at' =&gt; '2025-09-27 04:34:31',
        'updated_at' =&gt; '2025-09-27 04:34:31',
    ],
    'changes' =&gt; Array &amp;4 [],
    'previous' =&gt; Array &amp;5 [],
    'casts' =&gt; Array &amp;6 [
        'rating' =&gt; 'integer',
        'is_visible' =&gt; 'boolean',
    ],
    'classCastCache' =&gt; Array &amp;7 [],
    'attributeCastCache' =&gt; Array &amp;8 [],
    'dateFormat' =&gt; null,
    'appends' =&gt; Array &amp;9 [],
    'dispatchesEvents' =&gt; Array &amp;10 [],
    'observables' =&gt; Array &amp;11 [],
    'relations' =&gt; Array &amp;12 [],
    'touches' =&gt; Array &amp;13 [],
    'relationAutoloadCallback' =&gt; null,
    'relationAutoloadContext' =&gt; null,
    'timestamps' =&gt; true,
    'usesUniqueIds' =&gt; false,
    'hidden' =&gt; Array &amp;14 [],
    'visible' =&gt; Array &amp;15 [],
    'fillable' =&gt; Array &amp;16 [
        0 =&gt; 'booking_id',
        1 =&gt; 'vehicle_id',
        2 =&gt; 'renter_id',
        3 =&gt; 'rating',
        4 =&gt; 'comment',
        5 =&gt; 'is_visible',
    ],
    'guarded' =&gt; Array &amp;17 [
        0 =&gt; '*',
    ],
) is null.&#13;
at tests\Feature\ReviewManagementTest.php:294</failure>
      </testcase>
      <testcase name="`Review Management` → `Review Deletion` → it allows renter to delete their own review" class="Tests\Feature\ReviewManagementTest" classname="Tests.Feature.ReviewManagementTest" file="tests\Feature\ReviewManagementTest.php::`Review Management` → `Review Deletion` → it allows renter to delete their own review" line="0" assertions="1" time="8.840188">
        <failure type="PHPUnit\Framework\ExpectationFailedException">`Review Management` → `Review Deletion` → it allows renter to delete their own reviewFailed asserting that App\Models\Review Object #26738 (
    'connection' =&gt; 'sqlite',
    'table' =&gt; 'car_rental_reviews',
    'primaryKey' =&gt; 'id',
    'keyType' =&gt; 'int',
    'incrementing' =&gt; true,
    'with' =&gt; Array &amp;0 [],
    'withCount' =&gt; Array &amp;1 [],
    'preventsLazyLoading' =&gt; false,
    'perPage' =&gt; 15,
    'exists' =&gt; true,
    'wasRecentlyCreated' =&gt; false,
    'escapeWhenCastingToString' =&gt; false,
    'attributes' =&gt; Array &amp;2 [
        'id' =&gt; 1,
        'booking_id' =&gt; 2,
        'vehicle_id' =&gt; 1,
        'renter_id' =&gt; 3,
        'rating' =&gt; 2,
        'comment' =&gt; 'While the car was functional, it was not clean when we picked it up. There were stains on the seats and the fuel tank was not full as promised. The pickup process was also delayed by 30 minutes.',
        'is_visible' =&gt; 1,
        'created_at' =&gt; '2025-09-27 04:34:38',
        'updated_at' =&gt; '2025-09-27 04:34:38',
    ],
    'original' =&gt; Array &amp;3 [
        'id' =&gt; 1,
        'booking_id' =&gt; 2,
        'vehicle_id' =&gt; 1,
        'renter_id' =&gt; 3,
        'rating' =&gt; 2,
        'comment' =&gt; 'While the car was functional, it was not clean when we picked it up. There were stains on the seats and the fuel tank was not full as promised. The pickup process was also delayed by 30 minutes.',
        'is_visible' =&gt; 1,
        'created_at' =&gt; '2025-09-27 04:34:38',
        'updated_at' =&gt; '2025-09-27 04:34:38',
    ],
    'changes' =&gt; Array &amp;4 [],
    'previous' =&gt; Array &amp;5 [],
    'casts' =&gt; Array &amp;6 [
        'rating' =&gt; 'integer',
        'is_visible' =&gt; 'boolean',
    ],
    'classCastCache' =&gt; Array &amp;7 [],
    'attributeCastCache' =&gt; Array &amp;8 [],
    'dateFormat' =&gt; null,
    'appends' =&gt; Array &amp;9 [],
    'dispatchesEvents' =&gt; Array &amp;10 [],
    'observables' =&gt; Array &amp;11 [],
    'relations' =&gt; Array &amp;12 [],
    'touches' =&gt; Array &amp;13 [],
    'relationAutoloadCallback' =&gt; null,
    'relationAutoloadContext' =&gt; null,
    'timestamps' =&gt; true,
    'usesUniqueIds' =&gt; false,
    'hidden' =&gt; Array &amp;14 [],
    'visible' =&gt; Array &amp;15 [],
    'fillable' =&gt; Array &amp;16 [
        0 =&gt; 'booking_id',
        1 =&gt; 'vehicle_id',
        2 =&gt; 'renter_id',
        3 =&gt; 'rating',
        4 =&gt; 'comment',
        5 =&gt; 'is_visible',
    ],
    'guarded' =&gt; Array &amp;17 [
        0 =&gt; '*',
    ],
) is null.&#13;
at tests\Feature\ReviewManagementTest.php:301</failure>
      </testcase>
      <testcase name="`Review Management` → `Review Deletion` → it prevents renter from deleting other renters reviews" class="Tests\Feature\ReviewManagementTest" classname="Tests.Feature.ReviewManagementTest" file="tests\Feature\ReviewManagementTest.php::`Review Management` → `Review Deletion` → it prevents renter from deleting other renters reviews" line="0" assertions="1" time="9.406125">
        <failure type="PHPUnit\Framework\ExpectationFailedException">`Review Management` → `Review Deletion` → it prevents renter from deleting other renters reviewsExpected response status code [403] but received 405.
Failed asserting that 405 is identical to 403.&#13;
at vendor\laravel\framework\src\Illuminate\Testing\TestResponseAssert.php:45
at vendor\laravel\framework\src\Illuminate\Testing\TestResponse.php:174
at vendor\laravel\framework\src\Illuminate\Testing\Concerns\AssertsStatusCodes.php:141
at tests\Feature\ReviewManagementTest.php:309</failure>
      </testcase>
    </testsuite>
    <testsuite name="Tests\Feature\SnapshotTest" file="tests\Feature\SnapshotTest.php" tests="15" assertions="16" errors="1" failures="6" skipped="0" time="4.429094">
      <testcase name="`Snapshot Tests` → `API Response Snapshots` → it matches vehicle list API response structure" class="Tests\Feature\SnapshotTest" classname="Tests.Feature.SnapshotTest" file="tests\Feature\SnapshotTest.php::`Snapshot Tests` → `API Response Snapshots` → it matches vehicle list API response structure" line="0" assertions="2" time="0.601405">
        <failure type="PHPUnit\Framework\AssertionFailedError">`Snapshot Tests` → `API Response Snapshots` → it matches vehicle list API response structureInvalid JSON was returned from the route.&#13;
at vendor\laravel\framework\src\Illuminate\Testing\TestResponseAssert.php:45
at vendor\laravel\framework\src\Illuminate\Testing\TestResponse.php:1220
at vendor\laravel\framework\src\Illuminate\Testing\TestResponse.php:1235
at tests\Feature\SnapshotTest.php:25</failure>
      </testcase>
      <testcase name="`Snapshot Tests` → `API Response Snapshots` → it matches booking creation response structure" class="Tests\Feature\SnapshotTest" classname="Tests.Feature.SnapshotTest" file="tests\Feature\SnapshotTest.php::`Snapshot Tests` → `API Response Snapshots` → it matches booking creation response structure" line="0" assertions="1" time="0.187002"/>
      <testcase name="`Snapshot Tests` → `API Response Snapshots` → it matches user profile response structure" class="Tests\Feature\SnapshotTest" classname="Tests.Feature.SnapshotTest" file="tests\Feature\SnapshotTest.php::`Snapshot Tests` → `API Response Snapshots` → it matches user profile response structure" line="0" assertions="2" time="0.447329">
        <failure type="PHPUnit\Framework\AssertionFailedError">`Snapshot Tests` → `API Response Snapshots` → it matches user profile response structureInvalid JSON was returned from the route.&#13;
at vendor\laravel\framework\src\Illuminate\Testing\TestResponseAssert.php:45
at vendor\laravel\framework\src\Illuminate\Testing\TestResponse.php:1220
at vendor\laravel\framework\src\Illuminate\Testing\TestResponse.php:1235
at tests\Feature\SnapshotTest.php:67</failure>
      </testcase>
      <testcase name="`Snapshot Tests` → `Database Query Snapshots` → it matches complex booking query structure" class="Tests\Feature\SnapshotTest" classname="Tests.Feature.SnapshotTest" file="tests\Feature\SnapshotTest.php::`Snapshot Tests` → `Database Query Snapshots` → it matches complex booking query structure" line="0" assertions="1" time="0.267912"/>
      <testcase name="`Snapshot Tests` → `Database Query Snapshots` → it matches vehicle search query with filters" class="Tests\Feature\SnapshotTest" classname="Tests.Feature.SnapshotTest" file="tests\Feature\SnapshotTest.php::`Snapshot Tests` → `Database Query Snapshots` → it matches vehicle search query with filters" line="0" assertions="1" time="0.158612"/>
      <testcase name="`Snapshot Tests` → `HTML Response Snapshots` → it matches dashboard HTML structure" class="Tests\Feature\SnapshotTest" classname="Tests.Feature.SnapshotTest" file="tests\Feature\SnapshotTest.php::`Snapshot Tests` → `HTML Response Snapshots` → it matches dashboard HTML structure" line="0" assertions="1" time="0.390301"/>
      <testcase name="`Snapshot Tests` → `HTML Response Snapshots` → it matches vehicle form HTML structure" class="Tests\Feature\SnapshotTest" classname="Tests.Feature.SnapshotTest" file="tests\Feature\SnapshotTest.php::`Snapshot Tests` → `HTML Response Snapshots` → it matches vehicle form HTML structure" line="0" assertions="1" time="0.755548"/>
      <testcase name="`Snapshot Tests` → `Configuration Snapshots` → it matches database configuration structure" class="Tests\Feature\SnapshotTest" classname="Tests.Feature.SnapshotTest" file="tests\Feature\SnapshotTest.php::`Snapshot Tests` → `Configuration Snapshots` → it matches database configuration structure" line="0" assertions="1" time="0.156946"/>
      <testcase name="`Snapshot Tests` → `Configuration Snapshots` → it matches mail configuration structure" class="Tests\Feature\SnapshotTest" classname="Tests.Feature.SnapshotTest" file="tests\Feature\SnapshotTest.php::`Snapshot Tests` → `Configuration Snapshots` → it matches mail configuration structure" line="0" assertions="1" time="0.220260"/>
      <testcase name="`Snapshot Tests` → `Configuration Snapshots` → it matches filament configuration structure" class="Tests\Feature\SnapshotTest" classname="Tests.Feature.SnapshotTest" file="tests\Feature\SnapshotTest.php::`Snapshot Tests` → `Configuration Snapshots` → it matches filament configuration structure" line="0" assertions="1" time="0.166173"/>
      <testcase name="`Snapshot Tests` → `Validation Error Snapshots` → it matches vehicle validation error structure" class="Tests\Feature\SnapshotTest" classname="Tests.Feature.SnapshotTest" file="tests\Feature\SnapshotTest.php::`Snapshot Tests` → `Validation Error Snapshots` → it matches vehicle validation error structure" line="0" assertions="1" time="0.114286">
        <failure type="PHPUnit\Framework\ExpectationFailedException">`Snapshot Tests` → `Validation Error Snapshots` → it matches vehicle validation error structureExpected response status code [422] but received 500.
Failed asserting that 500 is identical to 422.&#13;
at vendor\laravel\framework\src\Illuminate\Testing\TestResponseAssert.php:45
at vendor\laravel\framework\src\Illuminate\Testing\TestResponse.php:174
at tests\Feature\SnapshotTest.php:211</failure>
      </testcase>
      <testcase name="`Snapshot Tests` → `Validation Error Snapshots` → it matches booking validation error structure" class="Tests\Feature\SnapshotTest" classname="Tests.Feature.SnapshotTest" file="tests\Feature\SnapshotTest.php::`Snapshot Tests` → `Validation Error Snapshots` → it matches booking validation error structure" line="0" assertions="1" time="0.142708">
        <failure type="PHPUnit\Framework\ExpectationFailedException">`Snapshot Tests` → `Validation Error Snapshots` → it matches booking validation error structureExpected response status code [422] but received 500.
Failed asserting that 500 is identical to 422.&#13;
at vendor\laravel\framework\src\Illuminate\Testing\TestResponseAssert.php:45
at vendor\laravel\framework\src\Illuminate\Testing\TestResponse.php:174
at tests\Feature\SnapshotTest.php:224</failure>
      </testcase>
      <testcase name="`Snapshot Tests` → `Validation Error Snapshots` → it matches user registration validation errors" class="Tests\Feature\SnapshotTest" classname="Tests.Feature.SnapshotTest" file="tests\Feature\SnapshotTest.php::`Snapshot Tests` → `Validation Error Snapshots` → it matches user registration validation errors" line="0" assertions="1" time="0.440515">
        <failure type="PHPUnit\Framework\ExpectationFailedException">`Snapshot Tests` → `Validation Error Snapshots` → it matches user registration validation errorsExpected response status code [422] but received 500.
Failed asserting that 500 is identical to 422.&#13;
at vendor\laravel\framework\src\Illuminate\Testing\TestResponseAssert.php:45
at vendor\laravel\framework\src\Illuminate\Testing\TestResponse.php:174
at tests\Feature\SnapshotTest.php:236</failure>
      </testcase>
      <testcase name="`Snapshot Tests` → `Model Relationship Snapshots` → it matches vehicle with relationships structure" class="Tests\Feature\SnapshotTest" classname="Tests.Feature.SnapshotTest" file="tests\Feature\SnapshotTest.php::`Snapshot Tests` → `Model Relationship Snapshots` → it matches vehicle with relationships structure" line="0" assertions="1" time="0.207893">
        <failure type="PHPUnit\Framework\ExpectationFailedException">`Snapshot Tests` → `Model Relationship Snapshots` → it matches vehicle with relationships structureFailed asserting that the string value matches its snapshot (C:\laragon\www\CarRentSystem\tests/.pest\snapshots\Feature\SnapshotTest/_Snapshot_Tests__→__Model_Relationship_Snapshots__→_it_matches_vehicle_with_relationships_structure.snap).
Failed asserting that two strings are identical.&#13;
at tests\Feature\SnapshotTest.php:259</failure>
      </testcase>
      <testcase name="`Snapshot Tests` → `Model Relationship Snapshots` → it matches user with full profile structure" class="Tests\Feature\SnapshotTest" classname="Tests.Feature.SnapshotTest" file="tests\Feature\SnapshotTest.php::`Snapshot Tests` → `Model Relationship Snapshots` → it matches user with full profile structure" line="0" assertions="0" time="0.172203">
        <error type="Illuminate\Database\Eloquent\RelationNotFoundException">`Snapshot Tests` → `Model Relationship Snapshots` → it matches user with full profile structureIlluminate\Database\Eloquent\RelationNotFoundException: Call to undefined relationship [ownedBookings] on model [App\Models\User].&#13;
at vendor\laravel\framework\src\Illuminate\Database\Eloquent\RelationNotFoundException.php:35
at vendor\laravel\framework\src\Illuminate\Database\Eloquent\Builder.php:969
at vendor\laravel\framework\src\Illuminate\Database\Eloquent\Relations\Relation.php:119
at vendor\laravel\framework\src\Illuminate\Database\Eloquent\Builder.php:965
at vendor\laravel\framework\src\Illuminate\Database\Eloquent\Builder.php:939
at vendor\laravel\framework\src\Illuminate\Database\Eloquent\Builder.php:919
at vendor\laravel\framework\src\Illuminate\Database\Eloquent\Model.php:800
at tests\Feature\SnapshotTest.php:267</error>
      </testcase>
    </testsuite>
    <testsuite name="Tests\Feature\UserManagementTest" file="tests\Feature\UserManagementTest.php" tests="30" assertions="28" errors="2" failures="19" skipped="0" time="102.32089">
      <testcase name="`User Management` → `User Listing` → it allows admin to view all users" class="Tests\Feature\UserManagementTest" classname="Tests.Feature.UserManagementTest" file="tests\Feature\UserManagementTest.php::`User Management` → `User Listing` → it allows admin to view all users" line="0" assertions="2" time="0.882565"/>
      <testcase name="`User Management` → `User Listing` → it restricts owner access to user management" class="Tests\Feature\UserManagementTest" classname="Tests.Feature.UserManagementTest" file="tests\Feature\UserManagementTest.php::`User Management` → `User Listing` → it restricts owner access to user management" line="0" assertions="1" time="0.203701"/>
      <testcase name="`User Management` → `User Listing` → it restricts renter access to user management" class="Tests\Feature\UserManagementTest" classname="Tests.Feature.UserManagementTest" file="tests\Feature\UserManagementTest.php::`User Management` → `User Listing` → it restricts renter access to user management" line="0" assertions="1" time="0.150384"/>
      <testcase name="`User Management` → `User Listing` → it filters users by role" class="Tests\Feature\UserManagementTest" classname="Tests.Feature.UserManagementTest" file="tests\Feature\UserManagementTest.php::`User Management` → `User Listing` → it filters users by role" line="0" assertions="1" time="0.786138"/>
      <testcase name="`User Management` → `User Listing` → it searches users by name or email" class="Tests\Feature\UserManagementTest" classname="Tests.Feature.UserManagementTest" file="tests\Feature\UserManagementTest.php::`User Management` → `User Listing` → it searches users by name or email" line="0" assertions="1" time="0.563010"/>
      <testcase name="`User Management` → `User Creation` → it allows admin to create new users" class="Tests\Feature\UserManagementTest" classname="Tests.Feature.UserManagementTest" file="tests\Feature\UserManagementTest.php::`User Management` → `User Creation` → it allows admin to create new users" line="0" assertions="0" time="9.010384">
        <error type="ErrorException">`User Management` → `User Creation` → it allows admin to create new usersErrorException: Attempt to read property "name" on null&#13;
at vendor\laravel\framework\src\Illuminate\Foundation\Bootstrap\HandleExceptions.php:258
at tests\Feature\UserManagementTest.php:74</error>
      </testcase>
      <testcase name="`User Management` → `User Creation` → it validates unique email addresses" class="Tests\Feature\UserManagementTest" classname="Tests.Feature.UserManagementTest" file="tests\Feature\UserManagementTest.php::`User Management` → `User Creation` → it validates unique email addresses" line="0" assertions="1" time="6.800522">
        <failure type="PHPUnit\Framework\ExpectationFailedException">`User Management` → `User Creation` → it validates unique email addressesSession is missing expected key [errors].
Failed asserting that false is true.&#13;
at vendor\laravel\framework\src\Illuminate\Testing\TestResponseAssert.php:45
at vendor\laravel\framework\src\Illuminate\Testing\TestResponse.php:1517
at vendor\laravel\framework\src\Illuminate\Testing\TestResponse.php:1594
at tests\Feature\UserManagementTest.php:89</failure>
      </testcase>
      <testcase name="`User Management` → `User Creation` → it validates password confirmation" class="Tests\Feature\UserManagementTest" classname="Tests.Feature.UserManagementTest" file="tests\Feature\UserManagementTest.php::`User Management` → `User Creation` → it validates password confirmation" line="0" assertions="1" time="7.490162">
        <failure type="PHPUnit\Framework\ExpectationFailedException">`User Management` → `User Creation` → it validates password confirmationSession is missing expected key [errors].
Failed asserting that false is true.&#13;
at vendor\laravel\framework\src\Illuminate\Testing\TestResponseAssert.php:45
at vendor\laravel\framework\src\Illuminate\Testing\TestResponse.php:1517
at vendor\laravel\framework\src\Illuminate\Testing\TestResponse.php:1594
at tests\Feature\UserManagementTest.php:103</failure>
      </testcase>
      <testcase name="`User Management` → `User Creation` → it hashes passwords correctly" class="Tests\Feature\UserManagementTest" classname="Tests.Feature.UserManagementTest" file="tests\Feature\UserManagementTest.php::`User Management` → `User Creation` → it hashes passwords correctly" line="0" assertions="0" time="6.904414">
        <error type="ErrorException">`User Management` → `User Creation` → it hashes passwords correctlyErrorException: Attempt to read property "password" on null&#13;
at vendor\laravel\framework\src\Illuminate\Foundation\Bootstrap\HandleExceptions.php:258
at tests\Feature\UserManagementTest.php:119</error>
      </testcase>
      <testcase name="`User Management` → `User Viewing` → it allows admin to view any user profile" class="Tests\Feature\UserManagementTest" classname="Tests.Feature.UserManagementTest" file="tests\Feature\UserManagementTest.php::`User Management` → `User Viewing` → it allows admin to view any user profile" line="0" assertions="1" time="0.532771"/>
      <testcase name="`User Management` → `User Viewing` → it allows users to view their own profile" class="Tests\Feature\UserManagementTest" classname="Tests.Feature.UserManagementTest" file="tests\Feature\UserManagementTest.php::`User Management` → `User Viewing` → it allows users to view their own profile" line="0" assertions="1" time="0.221587">
        <failure type="PHPUnit\Framework\ExpectationFailedException">`User Management` → `User Viewing` → it allows users to view their own profileExpected response status code [&gt;=200, &lt;300] but received 403.
Failed asserting that false is true.&#13;
at vendor\laravel\framework\src\Illuminate\Testing\TestResponseAssert.php:45
at vendor\laravel\framework\src\Illuminate\Testing\TestResponse.php:103
at tests\Feature\UserManagementTest.php:133</failure>
      </testcase>
      <testcase name="`User Management` → `User Viewing` → it prevents users from viewing other users profiles" class="Tests\Feature\UserManagementTest" classname="Tests.Feature.UserManagementTest" file="tests\Feature\UserManagementTest.php::`User Management` → `User Viewing` → it prevents users from viewing other users profiles" line="0" assertions="1" time="0.276540"/>
      <testcase name="`User Management` → `User Updates` → it allows admin to update any user" class="Tests\Feature\UserManagementTest" classname="Tests.Feature.UserManagementTest" file="tests\Feature\UserManagementTest.php::`User Management` → `User Updates` → it allows admin to update any user" line="0" assertions="1" time="5.629221">
        <failure type="PHPUnit\Framework\ExpectationFailedException">`User Management` → `User Updates` → it allows admin to update any userFailed asserting that two strings are identical.&#13;
at tests\Feature\UserManagementTest.php:156</failure>
      </testcase>
      <testcase name="`User Management` → `User Updates` → it allows users to update their own profile" class="Tests\Feature\UserManagementTest" classname="Tests.Feature.UserManagementTest" file="tests\Feature\UserManagementTest.php::`User Management` → `User Updates` → it allows users to update their own profile" line="0" assertions="1" time="6.208331">
        <failure type="PHPUnit\Framework\ExpectationFailedException">`User Management` → `User Updates` → it allows users to update their own profileFailed asserting that two strings are identical.&#13;
at tests\Feature\UserManagementTest.php:170</failure>
      </testcase>
      <testcase name="`User Management` → `User Updates` → it prevents users from updating other users" class="Tests\Feature\UserManagementTest" classname="Tests.Feature.UserManagementTest" file="tests\Feature\UserManagementTest.php::`User Management` → `User Updates` → it prevents users from updating other users" line="0" assertions="1" time="11.997741">
        <failure type="PHPUnit\Framework\ExpectationFailedException">`User Management` → `User Updates` → it prevents users from updating other usersExpected response status code [403] but received 405.
Failed asserting that 405 is identical to 403.&#13;
at vendor\laravel\framework\src\Illuminate\Testing\TestResponseAssert.php:45
at vendor\laravel\framework\src\Illuminate\Testing\TestResponse.php:174
at vendor\laravel\framework\src\Illuminate\Testing\Concerns\AssertsStatusCodes.php:141
at tests\Feature\UserManagementTest.php:179</failure>
      </testcase>
      <testcase name="`User Management` → `User Updates` → it allows admin to change user roles" class="Tests\Feature\UserManagementTest" classname="Tests.Feature.UserManagementTest" file="tests\Feature\UserManagementTest.php::`User Management` → `User Updates` → it allows admin to change user roles" line="0" assertions="1" time="10.476795">
        <failure type="PHPUnit\Framework\ExpectationFailedException">`User Management` → `User Updates` → it allows admin to change user rolesFailed asserting that two variables reference the same object.&#13;
at tests\Feature\UserManagementTest.php:189</failure>
      </testcase>
      <testcase name="`User Management` → `User Updates` → it prevents non-admin from changing roles" class="Tests\Feature\UserManagementTest" classname="Tests.Feature.UserManagementTest" file="tests\Feature\UserManagementTest.php::`User Management` → `User Updates` → it prevents non-admin from changing roles" line="0" assertions="1" time="4.956143">
        <failure type="PHPUnit\Framework\ExpectationFailedException">`User Management` → `User Updates` → it prevents non-admin from changing rolesSession is missing expected key [errors].
Failed asserting that false is true.&#13;
at vendor\laravel\framework\src\Illuminate\Testing\TestResponseAssert.php:45
at vendor\laravel\framework\src\Illuminate\Testing\TestResponse.php:1517
at vendor\laravel\framework\src\Illuminate\Testing\TestResponse.php:1594
at tests\Feature\UserManagementTest.php:197</failure>
      </testcase>
      <testcase name="`User Management` → `Password Management` → it allows password updates with proper validation" class="Tests\Feature\UserManagementTest" classname="Tests.Feature.UserManagementTest" file="tests\Feature\UserManagementTest.php::`User Management` → `Password Management` → it allows password updates with proper validation" line="0" assertions="1" time="0.133035">
        <failure type="PHPUnit\Framework\ExpectationFailedException">`User Management` → `Password Management` → it allows password updates with proper validationFailed asserting that false is true.&#13;
at tests\Feature\UserManagementTest.php:213</failure>
      </testcase>
      <testcase name="`User Management` → `Password Management` → it validates current password before update" class="Tests\Feature\UserManagementTest" classname="Tests.Feature.UserManagementTest" file="tests\Feature\UserManagementTest.php::`User Management` → `Password Management` → it validates current password before update" line="0" assertions="1" time="0.140696">
        <failure type="PHPUnit\Framework\ExpectationFailedException">`User Management` → `Password Management` → it validates current password before updateSession is missing expected key [errors].
Failed asserting that false is true.&#13;
at vendor\laravel\framework\src\Illuminate\Testing\TestResponseAssert.php:45
at vendor\laravel\framework\src\Illuminate\Testing\TestResponse.php:1517
at vendor\laravel\framework\src\Illuminate\Testing\TestResponse.php:1594
at tests\Feature\UserManagementTest.php:225</failure>
      </testcase>
      <testcase name="`User Management` → `Password Management` → it allows admin to reset any user password" class="Tests\Feature\UserManagementTest" classname="Tests.Feature.UserManagementTest" file="tests\Feature\UserManagementTest.php::`User Management` → `Password Management` → it allows admin to reset any user password" line="0" assertions="1" time="0.151659">
        <failure type="PHPUnit\Framework\ExpectationFailedException">`User Management` → `Password Management` → it allows admin to reset any user passwordFailed asserting that false is true.&#13;
at tests\Feature\UserManagementTest.php:238</failure>
      </testcase>
      <testcase name="`User Management` → `User Activity Tracking` → it displays user login history" class="Tests\Feature\UserManagementTest" classname="Tests.Feature.UserManagementTest" file="tests\Feature\UserManagementTest.php::`User Management` → `User Activity Tracking` → it displays user login history" line="0" assertions="1" time="0.116790">
        <failure type="PHPUnit\Framework\ExpectationFailedException">`User Management` → `User Activity Tracking` → it displays user login historyExpected response status code [&gt;=200, &lt;300] but received 404.
Failed asserting that false is true.&#13;
at vendor\laravel\framework\src\Illuminate\Testing\TestResponseAssert.php:45
at vendor\laravel\framework\src\Illuminate\Testing\TestResponse.php:103
at tests\Feature\UserManagementTest.php:246</failure>
      </testcase>
      <testcase name="`User Management` → `User Activity Tracking` → it shows user booking history" class="Tests\Feature\UserManagementTest" classname="Tests.Feature.UserManagementTest" file="tests\Feature\UserManagementTest.php::`User Management` → `User Activity Tracking` → it shows user booking history" line="0" assertions="1" time="0.161064">
        <failure type="PHPUnit\Framework\ExpectationFailedException">`User Management` → `User Activity Tracking` → it shows user booking historyExpected response status code [&gt;=200, &lt;300] but received 404.
Failed asserting that false is true.&#13;
at vendor\laravel\framework\src\Illuminate\Testing\TestResponseAssert.php:45
at vendor\laravel\framework\src\Illuminate\Testing\TestResponse.php:103
at tests\Feature\UserManagementTest.php:258</failure>
      </testcase>
      <testcase name="`User Management` → `User Activity Tracking` → it shows owner vehicle statistics" class="Tests\Feature\UserManagementTest" classname="Tests.Feature.UserManagementTest" file="tests\Feature\UserManagementTest.php::`User Management` → `User Activity Tracking` → it shows owner vehicle statistics" line="0" assertions="1" time="0.165063">
        <failure type="PHPUnit\Framework\ExpectationFailedException">`User Management` → `User Activity Tracking` → it shows owner vehicle statisticsExpected response status code [&gt;=200, &lt;300] but received 404.
Failed asserting that false is true.&#13;
at vendor\laravel\framework\src\Illuminate\Testing\TestResponseAssert.php:45
at vendor\laravel\framework\src\Illuminate\Testing\TestResponse.php:103
at tests\Feature\UserManagementTest.php:266</failure>
      </testcase>
      <testcase name="`User Management` → `User Deletion` → it allows admin to soft delete users" class="Tests\Feature\UserManagementTest" classname="Tests.Feature.UserManagementTest" file="tests\Feature\UserManagementTest.php::`User Management` → `User Deletion` → it allows admin to soft delete users" line="0" assertions="1" time="5.115151">
        <failure type="PHPUnit\Framework\ExpectationFailedException">`User Management` → `User Deletion` → it allows admin to soft delete usersFailed asserting that App\Models\User Object #30026 (
    'connection' =&gt; 'sqlite',
    'table' =&gt; 'car_rental_users',
    'primaryKey' =&gt; 'id',
    'keyType' =&gt; 'int',
    'incrementing' =&gt; true,
    'with' =&gt; Array &amp;0 [],
    'withCount' =&gt; Array &amp;1 [],
    'preventsLazyLoading' =&gt; false,
    'perPage' =&gt; 15,
    'exists' =&gt; true,
    'wasRecentlyCreated' =&gt; false,
    'escapeWhenCastingToString' =&gt; false,
    'attributes' =&gt; Array &amp;2 [
        'id' =&gt; 3,
        'name' =&gt; 'Bradley Donnelly',
        'email' =&gt; 'sauer.maida@example.com',
        'email_verified_at' =&gt; '2025-09-27 04:34:31',
        'password' =&gt; '$2y$04$tent8Zj6cxpe8/cyjn4hvO.42MsJljK5z9xxvfx8daXI1AoDhnUtO',
        'phone' =&gt; '(863) 887-3785',
        'role' =&gt; 'renter',
        'license_number' =&gt; 'hel-2311-8655',
        'id_document_path' =&gt; 'documents/ids/1d9bc432-24f3-3784-967f-b1915adb43f4.pdf',
        'license_document_path' =&gt; 'documents/licenses/18738677-9759-3426-8496-a2269da1690d.pdf',
        'is_verified' =&gt; 0,
        'date_of_birth' =&gt; '1983-12-07 00:00:00',
        'address' =&gt; '5693 Kub Ridges Suite 555\n
Lake Gildaborough, CT 18861-3971',
        'status' =&gt; 'approved',
        'remember_token' =&gt; 'aYh3b1QQpw',
        'created_at' =&gt; '2025-09-27 04:34:31',
        'updated_at' =&gt; '2025-09-27 04:34:31',
        'deleted_at' =&gt; null,
        'is_new_user' =&gt; 1,
        'has_changed_default_password' =&gt; 0,
        'last_login_at' =&gt; null,
        'password_changed_at' =&gt; null,
        'avatar' =&gt; null,
    ],
    'original' =&gt; Array &amp;3 [
        'id' =&gt; 3,
        'name' =&gt; 'Bradley Donnelly',
        'email' =&gt; 'sauer.maida@example.com',
        'email_verified_at' =&gt; '2025-09-27 04:34:31',
        'password' =&gt; '$2y$04$tent8Zj6cxpe8/cyjn4hvO.42MsJljK5z9xxvfx8daXI1AoDhnUtO',
        'phone' =&gt; '(863) 887-3785',
        'role' =&gt; 'renter',
        'license_number' =&gt; 'hel-2311-8655',
        'id_document_path' =&gt; 'documents/ids/1d9bc432-24f3-3784-967f-b1915adb43f4.pdf',
        'license_document_path' =&gt; 'documents/licenses/18738677-9759-3426-8496-a2269da1690d.pdf',
        'is_verified' =&gt; 0,
        'date_of_birth' =&gt; '1983-12-07 00:00:00',
        'address' =&gt; '5693 Kub Ridges Suite 555\n
Lake Gildaborough, CT 18861-3971',
        'status' =&gt; 'approved',
        'remember_token' =&gt; 'aYh3b1QQpw',
        'created_at' =&gt; '2025-09-27 04:34:31',
        'updated_at' =&gt; '2025-09-27 04:34:31',
        'deleted_at' =&gt; null,
        'is_new_user' =&gt; 1,
        'has_changed_default_password' =&gt; 0,
        'last_login_at' =&gt; null,
        'password_changed_at' =&gt; null,
        'avatar' =&gt; null,
    ],
    'changes' =&gt; Array &amp;4 [],
    'previous' =&gt; Array &amp;5 [],
    'casts' =&gt; Array &amp;6 [
        'email_verified_at' =&gt; 'datetime',
        'password' =&gt; 'hashed',
        'is_verified' =&gt; 'boolean',
        'date_of_birth' =&gt; 'date',
        'role' =&gt; 'App\Enums\UserRole',
        'status' =&gt; 'App\Enums\UserStatus',
        'is_new_user' =&gt; 'boolean',
        'has_changed_default_password' =&gt; 'boolean',
        'last_login_at' =&gt; 'datetime',
        'password_changed_at' =&gt; 'datetime',
        'deleted_at' =&gt; 'datetime',
    ],
    'classCastCache' =&gt; Array &amp;7 [],
    'attributeCastCache' =&gt; Array &amp;8 [],
    'dateFormat' =&gt; null,
    'appends' =&gt; Array &amp;9 [],
    'dispatchesEvents' =&gt; Array &amp;10 [],
    'observables' =&gt; Array &amp;11 [],
    'relations' =&gt; Array &amp;12 [],
    'touches' =&gt; Array &amp;13 [],
    'relationAutoloadCallback' =&gt; null,
    'relationAutoloadContext' =&gt; null,
    'timestamps' =&gt; true,
    'usesUniqueIds' =&gt; false,
    'hidden' =&gt; Array &amp;14 [
        0 =&gt; 'password',
        1 =&gt; 'remember_token',
    ],
    'visible' =&gt; Array &amp;15 [],
    'fillable' =&gt; Array &amp;16 [
        0 =&gt; 'name',
        1 =&gt; 'email',
        2 =&gt; 'password',
        3 =&gt; 'phone',
        4 =&gt; 'role',
        5 =&gt; 'status',
        6 =&gt; 'license_number',
        7 =&gt; 'id_document_path',
        8 =&gt; 'license_document_path',
        9 =&gt; 'avatar',
        10 =&gt; 'is_verified',
        11 =&gt; 'date_of_birth',
        12 =&gt; 'address',
        13 =&gt; 'is_new_user',
        14 =&gt; 'has_changed_default_password',
        15 =&gt; 'last_login_at',
        16 =&gt; 'password_changed_at',
    ],
    'guarded' =&gt; Array &amp;17 [
        0 =&gt; '*',
    ],
    'authPasswordName' =&gt; 'password',
    'rememberTokenName' =&gt; 'remember_token',
    'forceDeleting' =&gt; false,
) is null.&#13;
at tests\Feature\UserManagementTest.php:277</failure>
      </testcase>
      <testcase name="`User Management` → `User Deletion` → it prevents deletion of users with active bookings" class="Tests\Feature\UserManagementTest" classname="Tests.Feature.UserManagementTest" file="tests\Feature\UserManagementTest.php::`User Management` → `User Deletion` → it prevents deletion of users with active bookings" line="0" assertions="1" time="5.989015">
        <failure type="PHPUnit\Framework\ExpectationFailedException">`User Management` → `User Deletion` → it prevents deletion of users with active bookingsSession is missing expected key [errors].
Failed asserting that false is true.&#13;
at vendor\laravel\framework\src\Illuminate\Testing\TestResponseAssert.php:45
at vendor\laravel\framework\src\Illuminate\Testing\TestResponse.php:1517
at vendor\laravel\framework\src\Illuminate\Testing\TestResponse.php:1594
at tests\Feature\UserManagementTest.php:290</failure>
      </testcase>
      <testcase name="`User Management` → `User Deletion` → it prevents self-deletion" class="Tests\Feature\UserManagementTest" classname="Tests.Feature.UserManagementTest" file="tests\Feature\UserManagementTest.php::`User Management` → `User Deletion` → it prevents self-deletion" line="0" assertions="1" time="5.706192">
        <failure type="PHPUnit\Framework\ExpectationFailedException">`User Management` → `User Deletion` → it prevents self-deletionExpected response status code [403] but received 405.
Failed asserting that 405 is identical to 403.&#13;
at vendor\laravel\framework\src\Illuminate\Testing\TestResponseAssert.php:45
at vendor\laravel\framework\src\Illuminate\Testing\TestResponse.php:174
at vendor\laravel\framework\src\Illuminate\Testing\Concerns\AssertsStatusCodes.php:141
at tests\Feature\UserManagementTest.php:296</failure>
      </testcase>
      <testcase name="`User Management` → `Email Verification` → it handles email verification status" class="Tests\Feature\UserManagementTest" classname="Tests.Feature.UserManagementTest" file="tests\Feature\UserManagementTest.php::`User Management` → `Email Verification` → it handles email verification status" line="0" assertions="1" time="6.716428">
        <failure type="PHPUnit\Framework\ExpectationFailedException">`User Management` → `Email Verification` → it handles email verification statusExpecting null not to be null .&#13;
at tests\Feature\UserManagementTest.php:310</failure>
      </testcase>
      <testcase name="`User Management` → `Email Verification` → it allows resending verification emails" class="Tests\Feature\UserManagementTest" classname="Tests.Feature.UserManagementTest" file="tests\Feature\UserManagementTest.php::`User Management` → `Email Verification` → it allows resending verification emails" line="0" assertions="0" time="0.116843"/>
      <testcase name="`User Management` → `User Profile Completion` → it tracks profile completion status" class="Tests\Feature\UserManagementTest" classname="Tests.Feature.UserManagementTest" file="tests\Feature\UserManagementTest.php::`User Management` → `User Profile Completion` → it tracks profile completion status" line="0" assertions="1" time="0.461133"/>
      <testcase name="`User Management` → `User Profile Completion` → it validates required profile fields" class="Tests\Feature\UserManagementTest" classname="Tests.Feature.UserManagementTest" file="tests\Feature\UserManagementTest.php::`User Management` → `User Profile Completion` → it validates required profile fields" line="0" assertions="1" time="4.257413">
        <failure type="PHPUnit\Framework\ExpectationFailedException">`User Management` → `User Profile Completion` → it validates required profile fieldsSession is missing expected key [errors].
Failed asserting that false is true.&#13;
at vendor\laravel\framework\src\Illuminate\Testing\TestResponseAssert.php:45
at vendor\laravel\framework\src\Illuminate\Testing\TestResponse.php:1517
at vendor\laravel\framework\src\Illuminate\Testing\TestResponse.php:1594
at tests\Feature\UserManagementTest.php:340</failure>
      </testcase>
    </testsuite>
    <testsuite name="Tests\Feature\VehicleManagementTest" file="tests\Feature\VehicleManagementTest.php" tests="16" assertions="16" errors="1" failures="10" skipped="0" time="76.644154">
      <testcase name="`Vehicle Management` → `Vehicle Listing` → it allows admin to view all vehicles" class="Tests\Feature\VehicleManagementTest" classname="Tests.Feature.VehicleManagementTest" file="tests\Feature\VehicleManagementTest.php::`Vehicle Management` → `Vehicle Listing` → it allows admin to view all vehicles" line="0" assertions="2" time="0.870514"/>
      <testcase name="`Vehicle Management` → `Vehicle Listing` → it allows owner to view only their vehicles" class="Tests\Feature\VehicleManagementTest" classname="Tests.Feature.VehicleManagementTest" file="tests\Feature\VehicleManagementTest.php::`Vehicle Management` → `Vehicle Listing` → it allows owner to view only their vehicles" line="0" assertions="1" time="0.251175">
        <failure type="PHPUnit\Framework\ExpectationFailedException">`Vehicle Management` → `Vehicle Listing` → it allows owner to view only their vehiclesExpected response status code [&gt;=200, &lt;300] but received 403.
Failed asserting that false is true.&#13;
at vendor\laravel\framework\src\Illuminate\Testing\TestResponseAssert.php:45
at vendor\laravel\framework\src\Illuminate\Testing\TestResponse.php:103
at tests\Feature\VehicleManagementTest.php:33</failure>
      </testcase>
      <testcase name="`Vehicle Management` → `Vehicle Listing` → it restricts renter access to vehicle management" class="Tests\Feature\VehicleManagementTest" classname="Tests.Feature.VehicleManagementTest" file="tests\Feature\VehicleManagementTest.php::`Vehicle Management` → `Vehicle Listing` → it restricts renter access to vehicle management" line="0" assertions="1" time="0.112551"/>
      <testcase name="`Vehicle Management` → `Vehicle Creation` → it allows admin to create vehicles" class="Tests\Feature\VehicleManagementTest" classname="Tests.Feature.VehicleManagementTest" file="tests\Feature\VehicleManagementTest.php::`Vehicle Management` → `Vehicle Creation` → it allows admin to create vehicles" line="0" assertions="1" time="1.038925"/>
      <testcase name="`Vehicle Management` → `Vehicle Creation` → it allows owner to create their own vehicles" class="Tests\Feature\VehicleManagementTest" classname="Tests.Feature.VehicleManagementTest" file="tests\Feature\VehicleManagementTest.php::`Vehicle Management` → `Vehicle Creation` → it allows owner to create their own vehicles" line="0" assertions="1" time="0.114040">
        <failure type="PHPUnit\Framework\ExpectationFailedException">`Vehicle Management` → `Vehicle Creation` → it allows owner to create their own vehiclesExpected response status code [&gt;=200, &lt;300] but received 403.
Failed asserting that false is true.&#13;
at vendor\laravel\framework\src\Illuminate\Testing\TestResponseAssert.php:45
at vendor\laravel\framework\src\Illuminate\Testing\TestResponse.php:103
at tests\Feature\VehicleManagementTest.php:73</failure>
      </testcase>
      <testcase name="`Vehicle Management` → `Vehicle Creation` → it automatically assigns owner_id when creating vehicle" class="Tests\Feature\VehicleManagementTest" classname="Tests.Feature.VehicleManagementTest" file="tests\Feature\VehicleManagementTest.php::`Vehicle Management` → `Vehicle Creation` → it automatically assigns owner_id when creating vehicle" line="0" assertions="0" time="9.382721">
        <error type="ErrorException">`Vehicle Management` → `Vehicle Creation` → it automatically assigns owner_id when creating vehicleErrorException: Attempt to read property "owner_id" on null&#13;
at vendor\laravel\framework\src\Illuminate\Foundation\Bootstrap\HandleExceptions.php:258
at tests\Feature\VehicleManagementTest.php:100</error>
      </testcase>
      <testcase name="`Vehicle Management` → `Vehicle Viewing` → it allows admin to view any vehicle" class="Tests\Feature\VehicleManagementTest" classname="Tests.Feature.VehicleManagementTest" file="tests\Feature\VehicleManagementTest.php::`Vehicle Management` → `Vehicle Viewing` → it allows admin to view any vehicle" line="0" assertions="1" time="0.580453"/>
      <testcase name="`Vehicle Management` → `Vehicle Viewing` → it allows owner to view their own vehicles" class="Tests\Feature\VehicleManagementTest" classname="Tests.Feature.VehicleManagementTest" file="tests\Feature\VehicleManagementTest.php::`Vehicle Management` → `Vehicle Viewing` → it allows owner to view their own vehicles" line="0" assertions="1" time="0.168252">
        <failure type="PHPUnit\Framework\ExpectationFailedException">`Vehicle Management` → `Vehicle Viewing` → it allows owner to view their own vehiclesExpected response status code [&gt;=200, &lt;300] but received 403.
Failed asserting that false is true.&#13;
at vendor\laravel\framework\src\Illuminate\Testing\TestResponseAssert.php:45
at vendor\laravel\framework\src\Illuminate\Testing\TestResponse.php:103
at tests\Feature\VehicleManagementTest.php:118</failure>
      </testcase>
      <testcase name="`Vehicle Management` → `Vehicle Viewing` → it prevents owner from viewing other owners vehicles" class="Tests\Feature\VehicleManagementTest" classname="Tests.Feature.VehicleManagementTest" file="tests\Feature\VehicleManagementTest.php::`Vehicle Management` → `Vehicle Viewing` → it prevents owner from viewing other owners vehicles" line="0" assertions="1" time="0.240047"/>
      <testcase name="`Vehicle Management` → `Vehicle Updates` → it allows admin to update any vehicle" class="Tests\Feature\VehicleManagementTest" classname="Tests.Feature.VehicleManagementTest" file="tests\Feature\VehicleManagementTest.php::`Vehicle Management` → `Vehicle Updates` → it allows admin to update any vehicle" line="0" assertions="1" time="7.758557">
        <failure type="PHPUnit\Framework\ExpectationFailedException">`Vehicle Management` → `Vehicle Updates` → it allows admin to update any vehicleFailed asserting that '36.00' is identical to 120.0.&#13;
at tests\Feature\VehicleManagementTest.php:142</failure>
      </testcase>
      <testcase name="`Vehicle Management` → `Vehicle Updates` → it allows owner to update their own vehicles" class="Tests\Feature\VehicleManagementTest" classname="Tests.Feature.VehicleManagementTest" file="tests\Feature\VehicleManagementTest.php::`Vehicle Management` → `Vehicle Updates` → it allows owner to update their own vehicles" line="0" assertions="1" time="9.149544">
        <failure type="PHPUnit\Framework\ExpectationFailedException">`Vehicle Management` → `Vehicle Updates` → it allows owner to update their own vehiclesFailed asserting that '219.00' is identical to 95.0.&#13;
at tests\Feature\VehicleManagementTest.php:152</failure>
      </testcase>
      <testcase name="`Vehicle Management` → `Vehicle Updates` → it prevents owner from updating other owners vehicles" class="Tests\Feature\VehicleManagementTest" classname="Tests.Feature.VehicleManagementTest" file="tests\Feature\VehicleManagementTest.php::`Vehicle Management` → `Vehicle Updates` → it prevents owner from updating other owners vehicles" line="0" assertions="1" time="8.690037">
        <failure type="PHPUnit\Framework\ExpectationFailedException">`Vehicle Management` → `Vehicle Updates` → it prevents owner from updating other owners vehiclesExpected response status code [403] but received 405.
Failed asserting that 405 is identical to 403.&#13;
at vendor\laravel\framework\src\Illuminate\Testing\TestResponseAssert.php:45
at vendor\laravel\framework\src\Illuminate\Testing\TestResponse.php:174
at vendor\laravel\framework\src\Illuminate\Testing\Concerns\AssertsStatusCodes.php:141
at tests\Feature\VehicleManagementTest.php:161</failure>
      </testcase>
      <testcase name="`Vehicle Management` → `Vehicle Deletion` → it allows admin to delete any vehicle" class="Tests\Feature\VehicleManagementTest" classname="Tests.Feature.VehicleManagementTest" file="tests\Feature\VehicleManagementTest.php::`Vehicle Management` → `Vehicle Deletion` → it allows admin to delete any vehicle" line="0" assertions="1" time="7.363383">
        <failure type="PHPUnit\Framework\ExpectationFailedException">`Vehicle Management` → `Vehicle Deletion` → it allows admin to delete any vehicleFailed asserting that App\Models\Vehicle Object #12300 (
    'connection' =&gt; 'sqlite',
    'table' =&gt; 'car_rental_vehicles',
    'primaryKey' =&gt; 'id',
    'keyType' =&gt; 'int',
    'incrementing' =&gt; true,
    'with' =&gt; Array &amp;0 [],
    'withCount' =&gt; Array &amp;1 [],
    'preventsLazyLoading' =&gt; false,
    'perPage' =&gt; 15,
    'exists' =&gt; true,
    'wasRecentlyCreated' =&gt; false,
    'escapeWhenCastingToString' =&gt; false,
    'attributes' =&gt; Array &amp;2 [
        'id' =&gt; 1,
        'owner_id' =&gt; 2,
        'make' =&gt; 'Audi',
        'model' =&gt; 'TT',
        'year' =&gt; 2021,
        'plate_number' =&gt; 'lsh-9710',
        'vin' =&gt; '19j1n6k2h9h8d0z1z9x',
        'fuel_type' =&gt; 'diesel',
        'transmission' =&gt; 'cvt',
        'daily_rate' =&gt; 164,
        'status' =&gt; 'approved',
        'created_at' =&gt; '2025-09-27 04:33:57',
        'updated_at' =&gt; '2025-09-27 04:33:57',
        'deleted_at' =&gt; null,
        'oil_type' =&gt; '5W-40',
        'last_oil_change' =&gt; '2024-10-03 01:47:02',
        'policy' =&gt; null,
        'is_available' =&gt; 1,
        'traffic_violations' =&gt; null,
        'violations_last_checked' =&gt; null,
        'total_violations_count' =&gt; 0,
        'total_fines_amount' =&gt; 0,
        'has_pending_violations' =&gt; 0,
        'category' =&gt; 'convertible',
        'doors' =&gt; 5,
        'seats' =&gt; 2,
        'color' =&gt; 'Red',
        'engine_size' =&gt; 4,
        'mileage' =&gt; 34091,
        'location' =&gt; 'Leorafurt',
        'pickup_location' =&gt; '22796 Swift Haven\n
Greenstad, ND 00932',
        'insurance_included' =&gt; 1,
        'insurance_expiry' =&gt; '2027-01-15 01:30:39',
        'featured_image' =&gt; 'vehicles/convertible-audi-tt.jpg',
        'gallery_images' =&gt; null,
        'documents' =&gt; null,
        'features' =&gt; null,
        'description' =&gt; 'Maxime corrupti harum officia suscipit nihil. Quas veritatis error libero hic eum. Ab magnam modi in labore omnis ut dolorum. Illo magnam laborum modi eaque molestiae aut.',
        'terms_and_conditions' =&gt; 'Voluptas vel cumque aliquid quod aut minus. Veritatis accusamus aut quae eum. Laboriosam iste est et.',
    ],
    'original' =&gt; Array &amp;3 [
        'id' =&gt; 1,
        'owner_id' =&gt; 2,
        'make' =&gt; 'Audi',
        'model' =&gt; 'TT',
        'year' =&gt; 2021,
        'plate_number' =&gt; 'lsh-9710',
        'vin' =&gt; '19j1n6k2h9h8d0z1z9x',
        'fuel_type' =&gt; 'diesel',
        'transmission' =&gt; 'cvt',
        'daily_rate' =&gt; 164,
        'status' =&gt; 'approved',
        'created_at' =&gt; '2025-09-27 04:33:57',
        'updated_at' =&gt; '2025-09-27 04:33:57',
        'deleted_at' =&gt; null,
        'oil_type' =&gt; '5W-40',
        'last_oil_change' =&gt; '2024-10-03 01:47:02',
        'policy' =&gt; null,
        'is_available' =&gt; 1,
        'traffic_violations' =&gt; null,
        'violations_last_checked' =&gt; null,
        'total_violations_count' =&gt; 0,
        'total_fines_amount' =&gt; 0,
        'has_pending_violations' =&gt; 0,
        'category' =&gt; 'convertible',
        'doors' =&gt; 5,
        'seats' =&gt; 2,
        'color' =&gt; 'Red',
        'engine_size' =&gt; 4,
        'mileage' =&gt; 34091,
        'location' =&gt; 'Leorafurt',
        'pickup_location' =&gt; '22796 Swift Haven\n
Greenstad, ND 00932',
        'insurance_included' =&gt; 1,
        'insurance_expiry' =&gt; '2027-01-15 01:30:39',
        'featured_image' =&gt; 'vehicles/convertible-audi-tt.jpg',
        'gallery_images' =&gt; null,
        'documents' =&gt; null,
        'features' =&gt; null,
        'description' =&gt; 'Maxime corrupti harum officia suscipit nihil. Quas veritatis error libero hic eum. Ab magnam modi in labore omnis ut dolorum. Illo magnam laborum modi eaque molestiae aut.',
        'terms_and_conditions' =&gt; 'Voluptas vel cumque aliquid quod aut minus. Veritatis accusamus aut quae eum. Laboriosam iste est et.',
    ],
    'changes' =&gt; Array &amp;4 [],
    'previous' =&gt; Array &amp;5 [],
    'casts' =&gt; Array &amp;6 [
        'daily_rate' =&gt; 'decimal:2',
        'year' =&gt; 'integer',
        'seats' =&gt; 'integer',
        'doors' =&gt; 'integer',
        'mileage' =&gt; 'integer',
        'engine_size' =&gt; 'decimal:1',
        'last_oil_change' =&gt; 'date',
        'insurance_expiry' =&gt; 'date',
        'fuel_type' =&gt; 'App\Enums\VehicleFuelType',
        'transmission' =&gt; 'App\Enums\VehicleTransmission',
        'status' =&gt; 'App\Enums\VehicleStatus',
        'is_available' =&gt; 'boolean',
        'insurance_included' =&gt; 'boolean',
        'gallery_images' =&gt; 'array',
        'documents' =&gt; 'array',
        'features' =&gt; 'array',
        'traffic_violations' =&gt; 'array',
        'violations_last_checked' =&gt; 'datetime',
        'total_violations_count' =&gt; 'integer',
        'total_fines_amount' =&gt; 'decimal:2',
        'has_pending_violations' =&gt; 'boolean',
        'deleted_at' =&gt; 'datetime',
    ],
    'classCastCache' =&gt; Array &amp;7 [],
    'attributeCastCache' =&gt; Array &amp;8 [],
    'dateFormat' =&gt; null,
    'appends' =&gt; Array &amp;9 [],
    'dispatchesEvents' =&gt; Array &amp;10 [],
    'observables' =&gt; Array &amp;11 [],
    'relations' =&gt; Array &amp;12 [],
    'touches' =&gt; Array &amp;13 [],
    'relationAutoloadCallback' =&gt; null,
    'relationAutoloadContext' =&gt; null,
    'timestamps' =&gt; true,
    'usesUniqueIds' =&gt; false,
    'hidden' =&gt; Array &amp;14 [],
    'visible' =&gt; Array &amp;15 [],
    'fillable' =&gt; Array &amp;16 [
        0 =&gt; 'owner_id',
        1 =&gt; 'make',
        2 =&gt; 'model',
        3 =&gt; 'year',
        4 =&gt; 'color',
        5 =&gt; 'plate_number',
        6 =&gt; 'vin',
        7 =&gt; 'fuel_type',
        8 =&gt; 'transmission',
        9 =&gt; 'seats',
        10 =&gt; 'daily_rate',
        11 =&gt; 'description',
        12 =&gt; 'status',
        13 =&gt; 'is_available',
        14 =&gt; 'location',
        15 =&gt; 'mileage',
        16 =&gt; 'insurance_expiry',
        17 =&gt; 'oil_type',
        18 =&gt; 'last_oil_change',
        19 =&gt; 'policy',
        20 =&gt; 'category',
        21 =&gt; 'doors',
        22 =&gt; 'engine_size',
        23 =&gt; 'pickup_location',
        24 =&gt; 'insurance_included',
        25 =&gt; 'featured_image',
        26 =&gt; 'gallery_images',
        27 =&gt; 'documents',
        28 =&gt; 'features',
        29 =&gt; 'terms_and_conditions',
        30 =&gt; 'traffic_violations',
        31 =&gt; 'violations_last_checked',
        32 =&gt; 'total_violations_count',
        33 =&gt; 'total_fines_amount',
        34 =&gt; 'has_pending_violations',
    ],
    'guarded' =&gt; Array &amp;17 [
        0 =&gt; '*',
    ],
    'oldAttributes' =&gt; Array &amp;18 [],
    'enableLoggingModelsEvents' =&gt; true,
    'forceDeleting' =&gt; false,
) is null.&#13;
at tests\Feature\VehicleManagementTest.php:174</failure>
      </testcase>
      <testcase name="`Vehicle Management` → `Vehicle Deletion` → it allows owner to delete their own vehicles" class="Tests\Feature\VehicleManagementTest" classname="Tests.Feature.VehicleManagementTest" file="tests\Feature\VehicleManagementTest.php::`Vehicle Management` → `Vehicle Deletion` → it allows owner to delete their own vehicles" line="0" assertions="1" time="14.409954">
        <failure type="PHPUnit\Framework\ExpectationFailedException">`Vehicle Management` → `Vehicle Deletion` → it allows owner to delete their own vehiclesFailed asserting that App\Models\Vehicle Object #26952 (
    'connection' =&gt; 'sqlite',
    'table' =&gt; 'car_rental_vehicles',
    'primaryKey' =&gt; 'id',
    'keyType' =&gt; 'int',
    'incrementing' =&gt; true,
    'with' =&gt; Array &amp;0 [],
    'withCount' =&gt; Array &amp;1 [],
    'preventsLazyLoading' =&gt; false,
    'perPage' =&gt; 15,
    'exists' =&gt; true,
    'wasRecentlyCreated' =&gt; false,
    'escapeWhenCastingToString' =&gt; false,
    'attributes' =&gt; Array &amp;2 [
        'id' =&gt; 1,
        'owner_id' =&gt; 2,
        'make' =&gt; 'Honda',
        'model' =&gt; 'Accord',
        'year' =&gt; 2019,
        'plate_number' =&gt; 'jah-3948',
        'vin' =&gt; '14h7o6r3f9t9d5a1q4l',
        'fuel_type' =&gt; 'hybrid',
        'transmission' =&gt; 'cvt',
        'daily_rate' =&gt; 72,
        'status' =&gt; 'approved',
        'created_at' =&gt; '2025-09-27 04:34:04',
        'updated_at' =&gt; '2025-09-27 04:34:04',
        'deleted_at' =&gt; null,
        'oil_type' =&gt; '10W-30',
        'last_oil_change' =&gt; null,
        'policy' =&gt; null,
        'is_available' =&gt; 1,
        'traffic_violations' =&gt; null,
        'violations_last_checked' =&gt; null,
        'total_violations_count' =&gt; 0,
        'total_fines_amount' =&gt; 0,
        'has_pending_violations' =&gt; 0,
        'category' =&gt; 'midsize',
        'doors' =&gt; 5,
        'seats' =&gt; 2,
        'color' =&gt; 'Silver',
        'engine_size' =&gt; 1.1,
        'mileage' =&gt; 64268,
        'location' =&gt; 'Neomaland',
        'pickup_location' =&gt; '264 Corkery Inlet Suite 009\n
Lake Alene, MD 99860-3605',
        'insurance_included' =&gt; 1,
        'insurance_expiry' =&gt; '2026-07-08 16:46:51',
        'featured_image' =&gt; 'vehicles/midsize-honda-accord.jpg',
        'gallery_images' =&gt; null,
        'documents' =&gt; null,
        'features' =&gt; null,
        'description' =&gt; 'Quisquam sit optio eos ipsum quod consectetur quis fuga. Et rerum sed recusandae a debitis. Nam tempora repudiandae quo qui omnis unde. Itaque non hic libero excepturi beatae eos.',
        'terms_and_conditions' =&gt; 'Maxime dolor tempore rerum alias est ut mollitia. Laboriosam nobis exercitationem harum.',
    ],
    'original' =&gt; Array &amp;3 [
        'id' =&gt; 1,
        'owner_id' =&gt; 2,
        'make' =&gt; 'Honda',
        'model' =&gt; 'Accord',
        'year' =&gt; 2019,
        'plate_number' =&gt; 'jah-3948',
        'vin' =&gt; '14h7o6r3f9t9d5a1q4l',
        'fuel_type' =&gt; 'hybrid',
        'transmission' =&gt; 'cvt',
        'daily_rate' =&gt; 72,
        'status' =&gt; 'approved',
        'created_at' =&gt; '2025-09-27 04:34:04',
        'updated_at' =&gt; '2025-09-27 04:34:04',
        'deleted_at' =&gt; null,
        'oil_type' =&gt; '10W-30',
        'last_oil_change' =&gt; null,
        'policy' =&gt; null,
        'is_available' =&gt; 1,
        'traffic_violations' =&gt; null,
        'violations_last_checked' =&gt; null,
        'total_violations_count' =&gt; 0,
        'total_fines_amount' =&gt; 0,
        'has_pending_violations' =&gt; 0,
        'category' =&gt; 'midsize',
        'doors' =&gt; 5,
        'seats' =&gt; 2,
        'color' =&gt; 'Silver',
        'engine_size' =&gt; 1.1,
        'mileage' =&gt; 64268,
        'location' =&gt; 'Neomaland',
        'pickup_location' =&gt; '264 Corkery Inlet Suite 009\n
Lake Alene, MD 99860-3605',
        'insurance_included' =&gt; 1,
        'insurance_expiry' =&gt; '2026-07-08 16:46:51',
        'featured_image' =&gt; 'vehicles/midsize-honda-accord.jpg',
        'gallery_images' =&gt; null,
        'documents' =&gt; null,
        'features' =&gt; null,
        'description' =&gt; 'Quisquam sit optio eos ipsum quod consectetur quis fuga. Et rerum sed recusandae a debitis. Nam tempora repudiandae quo qui omnis unde. Itaque non hic libero excepturi beatae eos.',
        'terms_and_conditions' =&gt; 'Maxime dolor tempore rerum alias est ut mollitia. Laboriosam nobis exercitationem harum.',
    ],
    'changes' =&gt; Array &amp;4 [],
    'previous' =&gt; Array &amp;5 [],
    'casts' =&gt; Array &amp;6 [
        'daily_rate' =&gt; 'decimal:2',
        'year' =&gt; 'integer',
        'seats' =&gt; 'integer',
        'doors' =&gt; 'integer',
        'mileage' =&gt; 'integer',
        'engine_size' =&gt; 'decimal:1',
        'last_oil_change' =&gt; 'date',
        'insurance_expiry' =&gt; 'date',
        'fuel_type' =&gt; 'App\Enums\VehicleFuelType',
        'transmission' =&gt; 'App\Enums\VehicleTransmission',
        'status' =&gt; 'App\Enums\VehicleStatus',
        'is_available' =&gt; 'boolean',
        'insurance_included' =&gt; 'boolean',
        'gallery_images' =&gt; 'array',
        'documents' =&gt; 'array',
        'features' =&gt; 'array',
        'traffic_violations' =&gt; 'array',
        'violations_last_checked' =&gt; 'datetime',
        'total_violations_count' =&gt; 'integer',
        'total_fines_amount' =&gt; 'decimal:2',
        'has_pending_violations' =&gt; 'boolean',
        'deleted_at' =&gt; 'datetime',
    ],
    'classCastCache' =&gt; Array &amp;7 [],
    'attributeCastCache' =&gt; Array &amp;8 [],
    'dateFormat' =&gt; null,
    'appends' =&gt; Array &amp;9 [],
    'dispatchesEvents' =&gt; Array &amp;10 [],
    'observables' =&gt; Array &amp;11 [],
    'relations' =&gt; Array &amp;12 [],
    'touches' =&gt; Array &amp;13 [],
    'relationAutoloadCallback' =&gt; null,
    'relationAutoloadContext' =&gt; null,
    'timestamps' =&gt; true,
    'usesUniqueIds' =&gt; false,
    'hidden' =&gt; Array &amp;14 [],
    'visible' =&gt; Array &amp;15 [],
    'fillable' =&gt; Array &amp;16 [
        0 =&gt; 'owner_id',
        1 =&gt; 'make',
        2 =&gt; 'model',
        3 =&gt; 'year',
        4 =&gt; 'color',
        5 =&gt; 'plate_number',
        6 =&gt; 'vin',
        7 =&gt; 'fuel_type',
        8 =&gt; 'transmission',
        9 =&gt; 'seats',
        10 =&gt; 'daily_rate',
        11 =&gt; 'description',
        12 =&gt; 'status',
        13 =&gt; 'is_available',
        14 =&gt; 'location',
        15 =&gt; 'mileage',
        16 =&gt; 'insurance_expiry',
        17 =&gt; 'oil_type',
        18 =&gt; 'last_oil_change',
        19 =&gt; 'policy',
        20 =&gt; 'category',
        21 =&gt; 'doors',
        22 =&gt; 'engine_size',
        23 =&gt; 'pickup_location',
        24 =&gt; 'insurance_included',
        25 =&gt; 'featured_image',
        26 =&gt; 'gallery_images',
        27 =&gt; 'documents',
        28 =&gt; 'features',
        29 =&gt; 'terms_and_conditions',
        30 =&gt; 'traffic_violations',
        31 =&gt; 'violations_last_checked',
        32 =&gt; 'total_violations_count',
        33 =&gt; 'total_fines_amount',
        34 =&gt; 'has_pending_violations',
    ],
    'guarded' =&gt; Array &amp;17 [
        0 =&gt; '*',
    ],
    'oldAttributes' =&gt; Array &amp;18 [],
    'enableLoggingModelsEvents' =&gt; true,
    'forceDeleting' =&gt; false,
) is null.&#13;
at tests\Feature\VehicleManagementTest.php:181</failure>
      </testcase>
      <testcase name="`Vehicle Management` → `Vehicle Deletion` → it prevents owner from deleting other owners vehicles" class="Tests\Feature\VehicleManagementTest" classname="Tests.Feature.VehicleManagementTest" file="tests\Feature\VehicleManagementTest.php::`Vehicle Management` → `Vehicle Deletion` → it prevents owner from deleting other owners vehicles" line="0" assertions="1" time="10.617983">
        <failure type="PHPUnit\Framework\ExpectationFailedException">`Vehicle Management` → `Vehicle Deletion` → it prevents owner from deleting other owners vehiclesExpected response status code [403] but received 405.
Failed asserting that 405 is identical to 403.&#13;
at vendor\laravel\framework\src\Illuminate\Testing\TestResponseAssert.php:45
at vendor\laravel\framework\src\Illuminate\Testing\TestResponse.php:174
at vendor\laravel\framework\src\Illuminate\Testing\Concerns\AssertsStatusCodes.php:141
at tests\Feature\VehicleManagementTest.php:189</failure>
      </testcase>
      <testcase name="`Vehicle Management` → `Vehicle Status Management` → it allows changing vehicle status" class="Tests\Feature\VehicleManagementTest" classname="Tests.Feature.VehicleManagementTest" file="tests\Feature\VehicleManagementTest.php::`Vehicle Management` → `Vehicle Status Management` → it allows changing vehicle status" line="0" assertions="1" time="5.896017">
        <failure type="PHPUnit\Framework\ExpectationFailedException">`Vehicle Management` → `Vehicle Status Management` → it allows changing vehicle statusFailed asserting that two variables reference the same object.&#13;
at tests\Feature\VehicleManagementTest.php:206</failure>
      </testcase>
    </testsuite>
    <testsuite name="Tests\Feature\VehiclePermissionsTest" file="tests\Feature\VehiclePermissionsTest.php" tests="5" assertions="11" errors="0" failures="1" skipped="0" time="1.605735">
      <testcase name="`Vehicle Creation Permissions` → admin can create vehicles" class="Tests\Feature\VehiclePermissionsTest" classname="Tests.Feature.VehiclePermissionsTest" file="tests\Feature\VehiclePermissionsTest.php::`Vehicle Creation Permissions` → admin can create vehicles" line="0" assertions="2" time="0.968927"/>
      <testcase name="`Vehicle Creation Permissions` → owner can create vehicles" class="Tests\Feature\VehiclePermissionsTest" classname="Tests.Feature.VehiclePermissionsTest" file="tests\Feature\VehiclePermissionsTest.php::`Vehicle Creation Permissions` → owner can create vehicles" line="0" assertions="1" time="0.177169">
        <failure type="PHPUnit\Framework\ExpectationFailedException">`Vehicle Creation Permissions` → owner can create vehiclesFailed asserting that 403 is identical to 200.&#13;
at tests\Feature\VehiclePermissionsTest.php:26</failure>
      </testcase>
      <testcase name="`Vehicle Creation Permissions` → renter cannot create vehicles" class="Tests\Feature\VehiclePermissionsTest" classname="Tests.Feature.VehiclePermissionsTest" file="tests\Feature\VehiclePermissionsTest.php::`Vehicle Creation Permissions` → renter cannot create vehicles" line="0" assertions="2" time="0.151474"/>
      <testcase name="`Vehicle Creation Permissions` → guest cannot create vehicles" class="Tests\Feature\VehiclePermissionsTest" classname="Tests.Feature.VehiclePermissionsTest" file="tests\Feature\VehiclePermissionsTest.php::`Vehicle Creation Permissions` → guest cannot create vehicles" line="0" assertions="2" time="0.132501"/>
      <testcase name="`Vehicle Creation Permissions` → vehicle resource canCreate method works correctly" class="Tests\Feature\VehiclePermissionsTest" classname="Tests.Feature.VehiclePermissionsTest" file="tests\Feature\VehiclePermissionsTest.php::`Vehicle Creation Permissions` → vehicle resource canCreate method works correctly" line="0" assertions="4" time="0.175664"/>
    </testsuite>
    <testsuite name="Tests\Performance\PerformanceTest" file="tests\Performance\PerformanceTest.php" tests="10" assertions="19" errors="0" failures="2" skipped="2" time="153.478681">
      <testcase name="`Performance Tests` → `Database Performance` → it handles large vehicle dataset efficiently" class="Tests\Performance\PerformanceTest" classname="Tests.Performance.PerformanceTest" file="tests\Performance\PerformanceTest.php::`Performance Tests` → `Database Performance` → it handles large vehicle dataset efficiently" line="0" assertions="0" time="0.235492">
        <skipped/>
      </testcase>
      <testcase name="`Performance Tests` → `Database Performance` → it handles concurrent booking creation" class="Tests\Performance\PerformanceTest" classname="Tests.Performance.PerformanceTest" file="tests\Performance\PerformanceTest.php::`Performance Tests` → `Database Performance` → it handles concurrent booking creation" line="0" assertions="2" time="0.537246"/>
      <testcase name="`Performance Tests` → `Database Performance` → it optimizes search queries" class="Tests\Performance\PerformanceTest" classname="Tests.Performance.PerformanceTest" file="tests\Performance\PerformanceTest.php::`Performance Tests` → `Database Performance` → it optimizes search queries" line="0" assertions="2" time="8.411522"/>
      <testcase name="`Performance Tests` → `Memory Usage` → it maintains reasonable memory usage during bulk operations" class="Tests\Performance\PerformanceTest" classname="Tests.Performance.PerformanceTest" file="tests\Performance\PerformanceTest.php::`Performance Tests` → `Memory Usage` → it maintains reasonable memory usage during bulk operations" line="0" assertions="1" time="27.176372"/>
      <testcase name="`Performance Tests` → `Memory Usage` → it handles pagination efficiently" class="Tests\Performance\PerformanceTest" classname="Tests.Performance.PerformanceTest" file="tests\Performance\PerformanceTest.php::`Performance Tests` → `Memory Usage` → it handles pagination efficiently" line="0" assertions="2" time="99.900952"/>
      <testcase name="`Performance Tests` → `Stress Testing` → it handles high concurrent user load" class="Tests\Performance\PerformanceTest" classname="Tests.Performance.PerformanceTest" file="tests\Performance\PerformanceTest.php::`Performance Tests` → `Stress Testing` → it handles high concurrent user load" line="0" assertions="1" time="0.930242">
        <failure type="PHPUnit\Framework\ExpectationFailedException">`Performance Tests` → `Stress Testing` → it handles high concurrent user loadExpected response status code [&gt;=200, &lt;300] but received 403.
Failed asserting that false is true.&#13;
at vendor\laravel\framework\src\Illuminate\Testing\TestResponseAssert.php:45
at vendor\laravel\framework\src\Illuminate\Testing\TestResponse.php:103
at tests\Performance\PerformanceTest.php:114</failure>
      </testcase>
      <testcase name="`Performance Tests` → `Stress Testing` → it maintains performance under booking stress" class="Tests\Performance\PerformanceTest" classname="Tests.Performance.PerformanceTest" file="tests\Performance\PerformanceTest.php::`Performance Tests` → `Stress Testing` → it maintains performance under booking stress" line="0" assertions="2" time="1.030168"/>
      <testcase name="`Performance Tests` → `API Performance` → it API endpoints respond within acceptable time" class="Tests\Performance\PerformanceTest" classname="Tests.Performance.PerformanceTest" file="tests\Performance\PerformanceTest.php::`Performance Tests` → `API Performance` → it API endpoints respond within acceptable time" line="0" assertions="8" time="2.873853"/>
      <testcase name="`Performance Tests` → `API Performance` → it handles bulk API operations efficiently" class="Tests\Performance\PerformanceTest" classname="Tests.Performance.PerformanceTest" file="tests\Performance\PerformanceTest.php::`Performance Tests` → `API Performance` → it handles bulk API operations efficiently" line="0" assertions="0" time="0.118497">
        <skipped/>
      </testcase>
      <testcase name="`Performance Tests` → `Database Query Performance` → it uses efficient queries for complex operations" class="Tests\Performance\PerformanceTest" classname="Tests.Performance.PerformanceTest" file="tests\Performance\PerformanceTest.php::`Performance Tests` → `Database Query Performance` → it uses efficient queries for complex operations" line="0" assertions="1" time="12.264339">
        <failure type="PHPUnit\Framework\ExpectationFailedException">`Performance Tests` → `Database Query Performance` → it uses efficient queries for complex operationsExpected response status code [&gt;=200, &lt;300] but received 404.
Failed asserting that false is true.&#13;
at vendor\laravel\framework\src\Illuminate\Testing\TestResponseAssert.php:45
at vendor\laravel\framework\src\Illuminate\Testing\TestResponse.php:103
at tests\Performance\PerformanceTest.php:191</failure>
      </testcase>
    </testsuite>
    <testsuite name="Tests\Unit\DTOs\BookingCalculationDTOTest" file="tests\Unit\DTOs\BookingCalculationDTOTest.php" tests="4" assertions="19" errors="0" failures="0" skipped="0" time="5.120006">
      <testcase name="`BookingCalculationDTO` → it calculates booking totals correctly" class="Tests\Unit\DTOs\BookingCalculationDTOTest" classname="Tests.Unit.DTOs.BookingCalculationDTOTest" file="tests\Unit\DTOs\BookingCalculationDTOTest.php::`BookingCalculationDTO` → it calculates booking totals correctly" line="0" assertions="6" time="4.626463"/>
      <testcase name="`BookingCalculationDTO` → it handles zero days correctly" class="Tests\Unit\DTOs\BookingCalculationDTOTest" classname="Tests.Unit.DTOs.BookingCalculationDTOTest" file="tests\Unit\DTOs\BookingCalculationDTOTest.php::`BookingCalculationDTO` → it handles zero days correctly" line="0" assertions="2" time="0.224244"/>
      <testcase name="`BookingCalculationDTO` → it converts to array with formatted amounts" class="Tests\Unit\DTOs\BookingCalculationDTOTest" classname="Tests.Unit.DTOs.BookingCalculationDTOTest" file="tests\Unit\DTOs\BookingCalculationDTOTest.php::`BookingCalculationDTO` → it converts to array with formatted amounts" line="0" assertions="10" time="0.124440"/>
      <testcase name="`BookingCalculationDTO` → it formats total with currency" class="Tests\Unit\DTOs\BookingCalculationDTOTest" classname="Tests.Unit.DTOs.BookingCalculationDTOTest" file="tests\Unit\DTOs\BookingCalculationDTOTest.php::`BookingCalculationDTO` → it formats total with currency" line="0" assertions="1" time="0.144859"/>
    </testsuite>
    <testsuite name="Tests\Unit\DTOs\CreateBookingDTOTest" file="tests\Unit\DTOs\CreateBookingDTOTest.php" tests="5" assertions="27" errors="0" failures="0" skipped="0" time="5.050339">
      <testcase name="`CreateBookingDTO` → it can be created from array" class="Tests\Unit\DTOs\CreateBookingDTOTest" classname="Tests.Unit.DTOs.CreateBookingDTOTest" file="tests\Unit\DTOs\CreateBookingDTOTest.php::`CreateBookingDTO` → it can be created from array" line="0" assertions="10" time="4.407984"/>
      <testcase name="`CreateBookingDTO` → it can convert back to array" class="Tests\Unit\DTOs\CreateBookingDTOTest" classname="Tests.Unit.DTOs.CreateBookingDTOTest" file="tests\Unit\DTOs\CreateBookingDTOTest.php::`CreateBookingDTO` → it can convert back to array" line="0" assertions="13" time="0.197814"/>
      <testcase name="`CreateBookingDTO` → it validates date range correctly" class="Tests\Unit\DTOs\CreateBookingDTOTest" classname="Tests.Unit.DTOs.CreateBookingDTOTest" file="tests\Unit\DTOs\CreateBookingDTOTest.php::`CreateBookingDTO` → it validates date range correctly" line="0" assertions="1" time="0.173956"/>
      <testcase name="`CreateBookingDTO` → it detects invalid date range" class="Tests\Unit\DTOs\CreateBookingDTOTest" classname="Tests.Unit.DTOs.CreateBookingDTOTest" file="tests\Unit\DTOs\CreateBookingDTOTest.php::`CreateBookingDTO` → it detects invalid date range" line="0" assertions="1" time="0.141758"/>
      <testcase name="`CreateBookingDTO` → it determines when payment method ID is required" class="Tests\Unit\DTOs\CreateBookingDTOTest" classname="Tests.Unit.DTOs.CreateBookingDTOTest" file="tests\Unit\DTOs\CreateBookingDTOTest.php::`CreateBookingDTO` → it determines when payment method ID is required" line="0" assertions="2" time="0.128828"/>
    </testsuite>
    <testsuite name="Tests\Unit\Models\BookingTest" file="tests\Unit\Models\BookingTest.php" tests="13" assertions="25" errors="0" failures="0" skipped="0" time="12.259816">
      <testcase name="`Booking Model` → it belongs to a renter" class="Tests\Unit\Models\BookingTest" classname="Tests.Unit.Models.BookingTest" file="tests\Unit\Models\BookingTest.php::`Booking Model` → it belongs to a renter" line="0" assertions="2" time="10.393911"/>
      <testcase name="`Booking Model` → it belongs to a vehicle" class="Tests\Unit\Models\BookingTest" classname="Tests.Unit.Models.BookingTest" file="tests\Unit\Models\BookingTest.php::`Booking Model` → it belongs to a vehicle" line="0" assertions="2" time="0.162676"/>
      <testcase name="`Booking Model` → it has many payments" class="Tests\Unit\Models\BookingTest" classname="Tests.Unit.Models.BookingTest" file="tests\Unit\Models\BookingTest.php::`Booking Model` → it has many payments" line="0" assertions="2" time="0.125189"/>
      <testcase name="`Booking Model` → it has one review" class="Tests\Unit\Models\BookingTest" classname="Tests.Unit.Models.BookingTest" file="tests\Unit\Models\BookingTest.php::`Booking Model` → it has one review" line="0" assertions="1" time="0.153408"/>
      <testcase name="`Booking Model` → it casts dates correctly" class="Tests\Unit\Models\BookingTest" classname="Tests.Unit.Models.BookingTest" file="tests\Unit\Models\BookingTest.php::`Booking Model` → it casts dates correctly" line="0" assertions="3" time="0.111647"/>
      <testcase name="`Booking Model` → it casts amounts to decimal" class="Tests\Unit\Models\BookingTest" classname="Tests.Unit.Models.BookingTest" file="tests\Unit\Models\BookingTest.php::`Booking Model` → it casts amounts to decimal" line="0" assertions="3" time="0.123002"/>
      <testcase name="`Booking Model` → it has correct fillable attributes" class="Tests\Unit\Models\BookingTest" classname="Tests.Unit.Models.BookingTest" file="tests\Unit\Models\BookingTest.php::`Booking Model` → it has correct fillable attributes" line="0" assertions="1" time="0.137990"/>
      <testcase name="`Booking Model` → it uses correct table name" class="Tests\Unit\Models\BookingTest" classname="Tests.Unit.Models.BookingTest" file="tests\Unit\Models\BookingTest.php::`Booking Model` → it uses correct table name" line="0" assertions="1" time="0.119948"/>
      <testcase name="`Booking Model` → it calculates booking duration correctly" class="Tests\Unit\Models\BookingTest" classname="Tests.Unit.Models.BookingTest" file="tests\Unit\Models\BookingTest.php::`Booking Model` → it calculates booking duration correctly" line="0" assertions="1" time="0.171728"/>
      <testcase name="`Booking Model` → it can have different statuses" class="Tests\Unit\Models\BookingTest" classname="Tests.Unit.Models.BookingTest" file="tests\Unit\Models\BookingTest.php::`Booking Model` → it can have different statuses" line="0" assertions="4" time="0.234187"/>
      <testcase name="`Booking Model` → it validates date logic" class="Tests\Unit\Models\BookingTest" classname="Tests.Unit.Models.BookingTest" file="tests\Unit\Models\BookingTest.php::`Booking Model` → it validates date logic" line="0" assertions="1" time="0.147921"/>
      <testcase name="`Booking Model` → it can calculate total with commission" class="Tests\Unit\Models\BookingTest" classname="Tests.Unit.Models.BookingTest" file="tests\Unit\Models\BookingTest.php::`Booking Model` → it can calculate total with commission" line="0" assertions="2" time="0.194457"/>
      <testcase name="`Booking Model` → it can soft delete" class="Tests\Unit\Models\BookingTest" classname="Tests.Unit.Models.BookingTest" file="tests\Unit\Models\BookingTest.php::`Booking Model` → it can soft delete" line="0" assertions="2" time="0.183751"/>
    </testsuite>
    <testsuite name="Tests\Unit\Models\PaymentTest" file="tests\Unit\Models\PaymentTest.php" tests="12" assertions="26" errors="0" failures="0" skipped="2" time="7.404996">
      <testcase name="`Payment Model` → it belongs to a booking" class="Tests\Unit\Models\PaymentTest" classname="Tests.Unit.Models.PaymentTest" file="tests\Unit\Models\PaymentTest.php::`Payment Model` → it belongs to a booking" line="0" assertions="2" time="4.522265"/>
      <testcase name="`Payment Model` → it uses correct table name" class="Tests\Unit\Models\PaymentTest" classname="Tests.Unit.Models.PaymentTest" file="tests\Unit\Models\PaymentTest.php::`Payment Model` → it uses correct table name" line="0" assertions="1" time="0.201810"/>
      <testcase name="`Payment Model` → it has correct fillable attributes" class="Tests\Unit\Models\PaymentTest" classname="Tests.Unit.Models.PaymentTest" file="tests\Unit\Models\PaymentTest.php::`Payment Model` → it has correct fillable attributes" line="0" assertions="1" time="0.156023"/>
      <testcase name="`Payment Model` → it casts attributes correctly" class="Tests\Unit\Models\PaymentTest" classname="Tests.Unit.Models.PaymentTest" file="tests\Unit\Models\PaymentTest.php::`Payment Model` → it casts attributes correctly" line="0" assertions="2" time="0.206436"/>
      <testcase name="`Payment Model` → it casts dates correctly" class="Tests\Unit\Models\PaymentTest" classname="Tests.Unit.Models.PaymentTest" file="tests\Unit\Models\PaymentTest.php::`Payment Model` → it casts dates correctly" line="0" assertions="2" time="0.388756"/>
      <testcase name="`Payment Model` → it can have different payment methods" class="Tests\Unit\Models\PaymentTest" classname="Tests.Unit.Models.PaymentTest" file="tests\Unit\Models\PaymentTest.php::`Payment Model` → it can have different payment methods" line="0" assertions="3" time="0.345353"/>
      <testcase name="`Payment Model` → it can have different payment statuses" class="Tests\Unit\Models\PaymentTest" classname="Tests.Unit.Models.PaymentTest" file="tests\Unit\Models\PaymentTest.php::`Payment Model` → it can have different payment statuses" line="0" assertions="4" time="0.232209"/>
      <testcase name="`Payment Model` → it can store gateway response data" class="Tests\Unit\Models\PaymentTest" classname="Tests.Unit.Models.PaymentTest" file="tests\Unit\Models\PaymentTest.php::`Payment Model` → it can store gateway response data" line="0" assertions="0" time="0.314585">
        <skipped/>
      </testcase>
      <testcase name="`Payment Model` → it can store digital payment data in gateway response" class="Tests\Unit\Models\PaymentTest" classname="Tests.Unit.Models.PaymentTest" file="tests\Unit\Models\PaymentTest.php::`Payment Model` → it can store digital payment data in gateway response" line="0" assertions="3" time="0.341711"/>
      <testcase name="`Payment Model` → it can handle cash payments with gateway response data" class="Tests\Unit\Models\PaymentTest" classname="Tests.Unit.Models.PaymentTest" file="tests\Unit\Models\PaymentTest.php::`Payment Model` → it can handle cash payments with gateway response data" line="0" assertions="5" time="0.276872"/>
      <testcase name="`Payment Model` → it can handle refunds" class="Tests\Unit\Models\PaymentTest" classname="Tests.Unit.Models.PaymentTest" file="tests\Unit\Models\PaymentTest.php::`Payment Model` → it can handle refunds" line="0" assertions="3" time="0.249185"/>
      <testcase name="`Payment Model` → it can handle payment failures" class="Tests\Unit\Models\PaymentTest" classname="Tests.Unit.Models.PaymentTest" file="tests\Unit\Models\PaymentTest.php::`Payment Model` → it can handle payment failures" line="0" assertions="0" time="0.169791">
        <skipped/>
      </testcase>
    </testsuite>
    <testsuite name="Tests\Unit\Models\ReviewTest" file="tests\Unit\Models\ReviewTest.php" tests="15" assertions="26" errors="0" failures="0" skipped="3" time="3.693724">
      <testcase name="`Review Model` → it belongs to a booking" class="Tests\Unit\Models\ReviewTest" classname="Tests.Unit.Models.ReviewTest" file="tests\Unit\Models\ReviewTest.php::`Review Model` → it belongs to a booking" line="0" assertions="2" time="0.404280"/>
      <testcase name="`Review Model` → it belongs to a vehicle" class="Tests\Unit\Models\ReviewTest" classname="Tests.Unit.Models.ReviewTest" file="tests\Unit\Models\ReviewTest.php::`Review Model` → it belongs to a vehicle" line="0" assertions="2" time="0.132932"/>
      <testcase name="`Review Model` → it belongs to a renter" class="Tests\Unit\Models\ReviewTest" classname="Tests.Unit.Models.ReviewTest" file="tests\Unit\Models\ReviewTest.php::`Review Model` → it belongs to a renter" line="0" assertions="2" time="0.291761"/>
      <testcase name="`Review Model` → it uses correct table name" class="Tests\Unit\Models\ReviewTest" classname="Tests.Unit.Models.ReviewTest" file="tests\Unit\Models\ReviewTest.php::`Review Model` → it uses correct table name" line="0" assertions="1" time="0.281543"/>
      <testcase name="`Review Model` → it has correct fillable attributes" class="Tests\Unit\Models\ReviewTest" classname="Tests.Unit.Models.ReviewTest" file="tests\Unit\Models\ReviewTest.php::`Review Model` → it has correct fillable attributes" line="0" assertions="1" time="0.261574"/>
      <testcase name="`Review Model` → it casts attributes correctly" class="Tests\Unit\Models\ReviewTest" classname="Tests.Unit.Models.ReviewTest" file="tests\Unit\Models\ReviewTest.php::`Review Model` → it casts attributes correctly" line="0" assertions="2" time="0.232535"/>
      <testcase name="`Review Model` → it validates rating range" class="Tests\Unit\Models\ReviewTest" classname="Tests.Unit.Models.ReviewTest" file="tests\Unit\Models\ReviewTest.php::`Review Model` → it validates rating range" line="0" assertions="5" time="0.419848"/>
      <testcase name="`Review Model` → it can have detailed ratings" class="Tests\Unit\Models\ReviewTest" classname="Tests.Unit.Models.ReviewTest" file="tests\Unit\Models\ReviewTest.php::`Review Model` → it can have detailed ratings" line="0" assertions="0" time="0.108986">
        <skipped/>
      </testcase>
      <testcase name="`Review Model` → it can have recommendation status" class="Tests\Unit\Models\ReviewTest" classname="Tests.Unit.Models.ReviewTest" file="tests\Unit\Models\ReviewTest.php::`Review Model` → it can have recommendation status" line="0" assertions="0" time="0.149665">
        <skipped/>
      </testcase>
      <testcase name="`Review Model` → it can have pros and cons" class="Tests\Unit\Models\ReviewTest" classname="Tests.Unit.Models.ReviewTest" file="tests\Unit\Models\ReviewTest.php::`Review Model` → it can have pros and cons" line="0" assertions="0" time="0.160638">
        <skipped/>
      </testcase>
      <testcase name="`Review Model` → it can be visible or hidden" class="Tests\Unit\Models\ReviewTest" classname="Tests.Unit.Models.ReviewTest" file="tests\Unit\Models\ReviewTest.php::`Review Model` → it can be visible or hidden" line="0" assertions="2" time="0.310035"/>
      <testcase name="`Review Model` → it creates reviews with factory states" class="Tests\Unit\Models\ReviewTest" classname="Tests.Unit.Models.ReviewTest" file="tests\Unit\Models\ReviewTest.php::`Review Model` → it creates reviews with factory states" line="0" assertions="3" time="0.291092"/>
      <testcase name="`Review Model` → it can calculate average rating" class="Tests\Unit\Models\ReviewTest" classname="Tests.Unit.Models.ReviewTest" file="tests\Unit\Models\ReviewTest.php::`Review Model` → it can calculate average rating" line="0" assertions="4" time="0.217405"/>
      <testcase name="`Review Model` → it ensures unique booking review constraint" class="Tests\Unit\Models\ReviewTest" classname="Tests.Unit.Models.ReviewTest" file="tests\Unit\Models\ReviewTest.php::`Review Model` → it ensures unique booking review constraint" line="0" assertions="1" time="0.202653"/>
      <testcase name="`Review Model` → it can filter visible reviews" class="Tests\Unit\Models\ReviewTest" classname="Tests.Unit.Models.ReviewTest" file="tests\Unit\Models\ReviewTest.php::`Review Model` → it can filter visible reviews" line="0" assertions="1" time="0.228778"/>
    </testsuite>
    <testsuite name="Tests\Unit\Models\UserTest" file="tests\Unit\Models\UserTest.php" tests="11" assertions="22" errors="0" failures="0" skipped="0" time="2.212722">
      <testcase name="`User Model` → it has correct fillable attributes" class="Tests\Unit\Models\UserTest" classname="Tests.Unit.Models.UserTest" file="tests\Unit\Models\UserTest.php::`User Model` → it has correct fillable attributes" line="0" assertions="1" time="0.224658"/>
      <testcase name="`User Model` → it has correct hidden attributes" class="Tests\Unit\Models\UserTest" classname="Tests.Unit.Models.UserTest" file="tests\Unit\Models\UserTest.php::`User Model` → it has correct hidden attributes" line="0" assertions="1" time="0.179801"/>
      <testcase name="`User Model` → it casts attributes correctly" class="Tests\Unit\Models\UserTest" classname="Tests.Unit.Models.UserTest" file="tests\Unit\Models\UserTest.php::`User Model` → it casts attributes correctly" line="0" assertions="3" time="0.141865"/>
      <testcase name="`User Model` → it hashes password when set" class="Tests\Unit\Models\UserTest" classname="Tests.Unit.Models.UserTest" file="tests\Unit\Models\UserTest.php::`User Model` → it hashes password when set" line="0" assertions="2" time="0.121854"/>
      <testcase name="`User Model` → it can be created with different roles" class="Tests\Unit\Models\UserTest" classname="Tests.Unit.Models.UserTest" file="tests\Unit\Models\UserTest.php::`User Model` → it can be created with different roles" line="0" assertions="3" time="0.295673"/>
      <testcase name="`User Model` → it owner can have many vehicles" class="Tests\Unit\Models\UserTest" classname="Tests.Unit.Models.UserTest" file="tests\Unit\Models\UserTest.php::`User Model` → it owner can have many vehicles" line="0" assertions="2" time="0.423677"/>
      <testcase name="`User Model` → it renter can have many bookings" class="Tests\Unit\Models\UserTest" classname="Tests.Unit.Models.UserTest" file="tests\Unit\Models\UserTest.php::`User Model` → it renter can have many bookings" line="0" assertions="2" time="0.229696"/>
      <testcase name="`User Model` → it renter can have many reviews" class="Tests\Unit\Models\UserTest" classname="Tests.Unit.Models.UserTest" file="tests\Unit\Models\UserTest.php::`User Model` → it renter can have many reviews" line="0" assertions="2" time="0.278868"/>
      <testcase name="`User Model` → it has unique email constraint" class="Tests\Unit\Models\UserTest" classname="Tests.Unit.Models.UserTest" file="tests\Unit\Models\UserTest.php::`User Model` → it has unique email constraint" line="0" assertions="1" time="0.118918"/>
      <testcase name="`User Model` → it can update profile information" class="Tests\Unit\Models\UserTest" classname="Tests.Unit.Models.UserTest" file="tests\Unit\Models\UserTest.php::`User Model` → it can update profile information" line="0" assertions="3" time="0.091591"/>
      <testcase name="`User Model` → it uses email verification" class="Tests\Unit\Models\UserTest" classname="Tests.Unit.Models.UserTest" file="tests\Unit\Models\UserTest.php::`User Model` → it uses email verification" line="0" assertions="2" time="0.106123"/>
    </testsuite>
    <testsuite name="Tests\Unit\Models\VehicleTest" file="tests\Unit\Models\VehicleTest.php" tests="19" assertions="35" errors="0" failures="0" skipped="0" time="3.119972">
      <testcase name="`Vehicle Model` → it belongs to an owner" class="Tests\Unit\Models\VehicleTest" classname="Tests.Unit.Models.VehicleTest" file="tests\Unit\Models\VehicleTest.php::`Vehicle Model` → it belongs to an owner" line="0" assertions="2" time="0.119896"/>
      <testcase name="`Vehicle Model` → it has many vehicle images" class="Tests\Unit\Models\VehicleTest" classname="Tests.Unit.Models.VehicleTest" file="tests\Unit\Models\VehicleTest.php::`Vehicle Model` → it has many vehicle images" line="0" assertions="2" time="0.148293"/>
      <testcase name="`Vehicle Model` → it has many bookings" class="Tests\Unit\Models\VehicleTest" classname="Tests.Unit.Models.VehicleTest" file="tests\Unit\Models\VehicleTest.php::`Vehicle Model` → it has many bookings" line="0" assertions="2" time="0.240489"/>
      <testcase name="`Vehicle Model` → it has many reviews" class="Tests\Unit\Models\VehicleTest" classname="Tests.Unit.Models.VehicleTest" file="tests\Unit\Models\VehicleTest.php::`Vehicle Model` → it has many reviews" line="0" assertions="2" time="0.203207"/>
      <testcase name="`Vehicle Model` → it casts attributes correctly" class="Tests\Unit\Models\VehicleTest" classname="Tests.Unit.Models.VehicleTest" file="tests\Unit\Models\VehicleTest.php::`Vehicle Model` → it casts attributes correctly" line="0" assertions="5" time="0.152402"/>
      <testcase name="`Vehicle Model` → it has correct fillable attributes" class="Tests\Unit\Models\VehicleTest" classname="Tests.Unit.Models.VehicleTest" file="tests\Unit\Models\VehicleTest.php::`Vehicle Model` → it has correct fillable attributes" line="0" assertions="1" time="0.127906"/>
      <testcase name="`Vehicle Model` → it uses correct table name" class="Tests\Unit\Models\VehicleTest" classname="Tests.Unit.Models.VehicleTest" file="tests\Unit\Models\VehicleTest.php::`Vehicle Model` → it uses correct table name" line="0" assertions="1" time="0.131373"/>
      <testcase name="`Vehicle Model` → it can create vehicle with required attributes" class="Tests\Unit\Models\VehicleTest" classname="Tests.Unit.Models.VehicleTest" file="tests\Unit\Models\VehicleTest.php::`Vehicle Model` → it can create vehicle with required attributes" line="0" assertions="4" time="0.193001"/>
      <testcase name="`Vehicle Model` → it handles invalid daily rate gracefully" class="Tests\Unit\Models\VehicleTest" classname="Tests.Unit.Models.VehicleTest" file="tests\Unit\Models\VehicleTest.php::`Vehicle Model` → it handles invalid daily rate gracefully" line="0" assertions="1" time="0.207507"/>
      <testcase name="`Vehicle Model` → it can soft delete" class="Tests\Unit\Models\VehicleTest" classname="Tests.Unit.Models.VehicleTest" file="tests\Unit\Models\VehicleTest.php::`Vehicle Model` → it can soft delete" line="0" assertions="2" time="0.122147"/>
      <testcase name="`Vehicle Model` → `Featured Image URL Generation` → it returns primary image from images relationship when loaded" class="Tests\Unit\Models\VehicleTest" classname="Tests.Unit.Models.VehicleTest" file="tests\Unit\Models\VehicleTest.php::`Vehicle Model` → `Featured Image URL Generation` → it returns primary image from images relationship when loaded" line="0" assertions="1" time="0.138381"/>
      <testcase name="`Vehicle Model` → `Featured Image URL Generation` → it returns first image when no primary image exists" class="Tests\Unit\Models\VehicleTest" classname="Tests.Unit.Models.VehicleTest" file="tests\Unit\Models\VehicleTest.php::`Vehicle Model` → `Featured Image URL Generation` → it returns first image when no primary image exists" line="0" assertions="1" time="0.183968"/>
      <testcase name="`Vehicle Model` → `Featured Image URL Generation` → it falls back to featured_image field" class="Tests\Unit\Models\VehicleTest" classname="Tests.Unit.Models.VehicleTest" file="tests\Unit\Models\VehicleTest.php::`Vehicle Model` → `Featured Image URL Generation` → it falls back to featured_image field" line="0" assertions="1" time="0.186667"/>
      <testcase name="`Vehicle Model` → `Featured Image URL Generation` → it falls back to first gallery image" class="Tests\Unit\Models\VehicleTest" classname="Tests.Unit.Models.VehicleTest" file="tests\Unit\Models\VehicleTest.php::`Vehicle Model` → `Featured Image URL Generation` → it falls back to first gallery image" line="0" assertions="1" time="0.195761"/>
      <testcase name="`Vehicle Model` → `Featured Image URL Generation` → it returns null when no images available" class="Tests\Unit\Models\VehicleTest" classname="Tests.Unit.Models.VehicleTest" file="tests\Unit\Models\VehicleTest.php::`Vehicle Model` → `Featured Image URL Generation` → it returns null when no images available" line="0" assertions="1" time="0.159900"/>
      <testcase name="`Vehicle Model` → `Query Scopes` → it filters available vehicles for rent" class="Tests\Unit\Models\VehicleTest" classname="Tests.Unit.Models.VehicleTest" file="tests\Unit\Models\VehicleTest.php::`Vehicle Model` → `Query Scopes` → it filters available vehicles for rent" line="0" assertions="2" time="0.166328"/>
      <testcase name="`Vehicle Model` → `Query Scopes` → it filters vehicles by owner" class="Tests\Unit\Models\VehicleTest" classname="Tests.Unit.Models.VehicleTest" file="tests\Unit\Models\VehicleTest.php::`Vehicle Model` → `Query Scopes` → it filters vehicles by owner" line="0" assertions="2" time="0.133952"/>
      <testcase name="`Vehicle Model` → `Query Scopes` → it filters by price range" class="Tests\Unit\Models\VehicleTest" classname="Tests.Unit.Models.VehicleTest" file="tests\Unit\Models\VehicleTest.php::`Vehicle Model` → `Query Scopes` → it filters by price range" line="0" assertions="2" time="0.150090"/>
      <testcase name="`Vehicle Model` → `Query Scopes` → it excludes vehicles with conflicting bookings" class="Tests\Unit\Models\VehicleTest" classname="Tests.Unit.Models.VehicleTest" file="tests\Unit\Models\VehicleTest.php::`Vehicle Model` → `Query Scopes` → it excludes vehicles with conflicting bookings" line="0" assertions="2" time="0.158704"/>
    </testsuite>
    <testsuite name="Tests\Unit\Repositories\VehicleRepositoryTest" file="tests\Unit\Repositories\VehicleRepositoryTest.php" tests="7" assertions="26" errors="0" failures="0" skipped="0" time="1.414384">
      <testcase name="`VehicleRepository` → it can search vehicles with filters" class="Tests\Unit\Repositories\VehicleRepositoryTest" classname="Tests.Unit.Repositories.VehicleRepositoryTest" file="tests\Unit\Repositories\VehicleRepositoryTest.php::`VehicleRepository` → it can search vehicles with filters" line="0" assertions="2" time="0.286351"/>
      <testcase name="`VehicleRepository` → it can find vehicle with details" class="Tests\Unit\Repositories\VehicleRepositoryTest" classname="Tests.Unit.Repositories.VehicleRepositoryTest" file="tests\Unit\Repositories\VehicleRepositoryTest.php::`VehicleRepository` → it can find vehicle with details" line="0" assertions="5" time="0.132093"/>
      <testcase name="`VehicleRepository` → it can check vehicle availability" class="Tests\Unit\Repositories\VehicleRepositoryTest" classname="Tests.Unit.Repositories.VehicleRepositoryTest" file="tests\Unit\Repositories\VehicleRepositoryTest.php::`VehicleRepository` → it can check vehicle availability" line="0" assertions="2" time="0.147509"/>
      <testcase name="`VehicleRepository` → it can get owner vehicles" class="Tests\Unit\Repositories\VehicleRepositoryTest" classname="Tests.Unit.Repositories.VehicleRepositoryTest" file="tests\Unit\Repositories\VehicleRepositoryTest.php::`VehicleRepository` → it can get owner vehicles" line="0" assertions="2" time="0.253955"/>
      <testcase name="`VehicleRepository` → it can get vehicle statistics" class="Tests\Unit\Repositories\VehicleRepositoryTest" classname="Tests.Unit.Repositories.VehicleRepositoryTest" file="tests\Unit\Repositories\VehicleRepositoryTest.php::`VehicleRepository` → it can get vehicle statistics" line="0" assertions="10" time="0.245123"/>
      <testcase name="`VehicleRepository` → it can get vehicles needing attention" class="Tests\Unit\Repositories\VehicleRepositoryTest" classname="Tests.Unit.Repositories.VehicleRepositoryTest" file="tests\Unit\Repositories\VehicleRepositoryTest.php::`VehicleRepository` → it can get vehicles needing attention" line="0" assertions="3" time="0.191663"/>
      <testcase name="`VehicleRepository` → it can get popular vehicles" class="Tests\Unit\Repositories\VehicleRepositoryTest" classname="Tests.Unit.Repositories.VehicleRepositoryTest" file="tests\Unit\Repositories\VehicleRepositoryTest.php::`VehicleRepository` → it can get popular vehicles" line="0" assertions="2" time="0.157690"/>
    </testsuite>
  </testsuite>
</testsuites>
