<?xml version="1.0" encoding="UTF-8"?>
<testsuites>
  <testsuite name="C:\laragon\www\CarRentSystem\phpunit.xml" tests="522" assertions="622" errors="164" failures="193" skipped="0" time="1101.616567">
    <testsuite name="Architecture" tests="33" assertions="48" errors="4" failures="14" skipped="0" time="16.455227">
      <testsuite name="Tests\Arch\ArchitectureTest" file="tests\Arch\ArchitectureTest.php" tests="33" assertions="48" errors="4" failures="14" skipped="0" time="16.455227">
        <testcase name="`Application Architecture` → `Dependency Architecture` → it ensures controllers do not depend on each other" file="tests\Arch\ArchitectureTest.php::`Application Architecture` → `Dependency Architecture` → it ensures controllers do not depend on each other" class="Tests\Arch\ArchitectureTest" classname="Tests.Arch.ArchitectureTest" assertions="2" time="0.744014"/>
        <testcase name="`Application Architecture` → `Database Architecture` → it ensures seeders follow proper structure" file="tests\Arch\ArchitectureTest.php::`Application Architecture` → `Database Architecture` → it ensures seeders follow proper structure" class="Tests\Arch\ArchitectureTest" classname="Tests.Arch.ArchitectureTest" assertions="2" time="0.335302"/>
        <testcase name="`Application Architecture` → `Requests Architecture` → it ensures request classes follow naming conventions" file="tests\Arch\ArchitectureTest.php::`Application Architecture` → `Requests Architecture` → it ensures request classes follow naming conventions" class="Tests\Arch\ArchitectureTest" classname="Tests.Arch.ArchitectureTest" assertions="1" time="0.439541">
          <failure type="PHPUnit\Framework\ExpectationFailedException">`Application Architecture` → `Requests Architecture` → it ensures request classes follow naming conventionsExpecting 'App\Http\Requests' to only use 'Illuminate\Foundation\Http\FormRequest, Illuminate\Validation\Rule, App\Models, App\Enums'. However, it also uses 'Illuminate\Auth\Events\Lockout'.&#13;
at vendor\pestphp\pest-plugin-arch\src\Expectations\ToOnlyUse.php:46
at vendor\pestphp\pest-plugin-arch\src\Blueprint.php:170
at vendor\pestphp\pest-plugin-arch\src\Expectations\ToOnlyUse.php:39
at vendor\pestphp\pest-plugin-arch\src\SingleArchExpectation.php:162
at vendor\pestphp\pest-plugin-arch\src\SingleArchExpectation.php:146
at tests\Arch\ArchitectureTest.php:142</failure>
        </testcase>
        <testcase name="`Application Architecture` → `Controllers Architecture` → it ensures controllers extend base Controller" file="tests\Arch\ArchitectureTest.php::`Application Architecture` → `Controllers Architecture` → it ensures controllers extend base Controller" class="Tests\Arch\ArchitectureTest" classname="Tests.Arch.ArchitectureTest" assertions="0" time="0.004727">
          <error type="BadMethodCallException">`Application Architecture` → `Controllers Architecture` → it ensures controllers extend base ControllerBadMethodCallException: Method "ignoring" does not exist in string.&#13;
at tests\Arch\ArchitectureTest.php:110</error>
        </testcase>
        <testcase name="`Application Architecture` → `Security Architecture` → it ensures proper authorization is used" file="tests\Arch\ArchitectureTest.php::`Application Architecture` → `Security Architecture` → it ensures proper authorization is used" class="Tests\Arch\ArchitectureTest" classname="Tests.Arch.ArchitectureTest" assertions="1" time="0.025441">
          <failure type="PHPUnit\Framework\ExpectationFailedException">`Application Architecture` → `Security Architecture` → it ensures proper authorization is usedExpecting 'App\Http\Controllers' to only use 'Illuminate\Foundation\Auth\Access\AuthorizesRequests'. However, it also uses 'App\Actions\Booking\CreateBookingAction'.&#13;
at vendor\pestphp\pest-plugin-arch\src\Expectations\ToOnlyUse.php:46
at vendor\pestphp\pest-plugin-arch\src\Blueprint.php:170
at vendor\pestphp\pest-plugin-arch\src\Expectations\ToOnlyUse.php:39
at vendor\pestphp\pest-plugin-arch\src\SingleArchExpectation.php:162
at vendor\pestphp\pest-plugin-arch\src\SingleArchExpectation.php:146
at tests\Arch\ArchitectureTest.php:321</failure>
        </testcase>
        <testcase name="`Application Architecture` → `Code Quality Architecture` → it ensures proper interface implementations" file="tests\Arch\ArchitectureTest.php::`Application Architecture` → `Code Quality Architecture` → it ensures proper interface implementations" class="Tests\Arch\ArchitectureTest" classname="Tests.Arch.ArchitectureTest" assertions="1" time="4.631738"/>
        <testcase name="`Application Architecture` → `Code Quality Architecture` → it ensures no global functions in app namespace" file="tests\Arch\ArchitectureTest.php::`Application Architecture` → `Code Quality Architecture` → it ensures no global functions in app namespace" class="Tests\Arch\ArchitectureTest" classname="Tests.Arch.ArchitectureTest" assertions="0" time="0.004095">
          <error type="BadMethodCallException">`Application Architecture` → `Code Quality Architecture` → it ensures no global functions in app namespaceBadMethodCallException: Method "toHaveGlobalFunctions" does not exist in string.&#13;
at tests\Arch\ArchitectureTest.php:368</error>
        </testcase>
        <testcase name="`Application Architecture` → `Database Architecture` → it ensures factories follow proper structure" file="tests\Arch\ArchitectureTest.php::`Application Architecture` → `Database Architecture` → it ensures factories follow proper structure" class="Tests\Arch\ArchitectureTest" classname="Tests.Arch.ArchitectureTest" assertions="2" time="0.135585"/>
        <testcase name="`Application Architecture` → `Security Architecture` → it ensures models use proper mass assignment protection" file="tests\Arch\ArchitectureTest.php::`Application Architecture` → `Security Architecture` → it ensures models use proper mass assignment protection" class="Tests\Arch\ArchitectureTest" classname="Tests.Arch.ArchitectureTest" assertions="1" time="0.013527">
          <failure type="PHPUnit\Framework\ExpectationFailedException">`Application Architecture` → `Security Architecture` → it ensures models use proper mass assignment protectionFailed asserting that 'App\Models' is of type object.&#13;
at tests\Arch\ArchitectureTest.php:326</failure>
        </testcase>
        <testcase name="`Application Architecture` → `Models Architecture` → it ensures models have proper naming conventions" file="tests\Arch\ArchitectureTest.php::`Application Architecture` → `Models Architecture` → it ensures models have proper naming conventions" class="Tests\Arch\ArchitectureTest" classname="Tests.Arch.ArchitectureTest" assertions="2" time="0.004031"/>
        <testcase name="`Application Architecture` → `Models Architecture` → it ensures models use HasFactory trait" file="tests\Arch\ArchitectureTest.php::`Application Architecture` → `Models Architecture` → it ensures models use HasFactory trait" class="Tests\Arch\ArchitectureTest" classname="Tests.Arch.ArchitectureTest" assertions="1" time="0.193225"/>
        <testcase name="`Application Architecture` → `Observers Architecture` → it ensures observers follow proper structure" file="tests\Arch\ArchitectureTest.php::`Application Architecture` → `Observers Architecture` → it ensures observers follow proper structure" class="Tests\Arch\ArchitectureTest" classname="Tests.Arch.ArchitectureTest" assertions="1" time="0.015970">
          <failure type="PHPUnit\Framework\ExpectationFailedException">`Application Architecture` → `Observers Architecture` → it ensures observers follow proper structureExpecting 'App\Observers' to only use 'App\Models, Illuminate\Support\Facades\Log, Spatie\Activitylog\Models\Activity'. However, it also uses 'App\Notifications\VehicleCreated'.&#13;
at vendor\pestphp\pest-plugin-arch\src\Expectations\ToOnlyUse.php:46
at vendor\pestphp\pest-plugin-arch\src\Blueprint.php:170
at vendor\pestphp\pest-plugin-arch\src\Expectations\ToOnlyUse.php:39
at vendor\pestphp\pest-plugin-arch\src\SingleArchExpectation.php:162
at vendor\pestphp\pest-plugin-arch\src\SingleArchExpectation.php:146
at tests\Arch\ArchitectureTest.php:185</failure>
        </testcase>
        <testcase name="`Application Architecture` → `Models Architecture` → it ensures models are properly structured" file="tests\Arch\ArchitectureTest.php::`Application Architecture` → `Models Architecture` → it ensures models are properly structured" class="Tests\Arch\ArchitectureTest" classname="Tests.Arch.ArchitectureTest" assertions="1" time="0.506176">
          <failure type="PHPUnit\Framework\ExpectationFailedException">`Application Architecture` → `Models Architecture` → it ensures models are properly structuredExpecting 'App\Models' to only use 'Illuminate\Database\Eloquent\Model, Illuminate\Database\Eloquent\Factories\HasFactory, Illuminate\Database\Eloquent\SoftDeletes, Illuminate\Database\Eloquent\Relations, Illuminate\Database\Eloquent\Casts\Attribute, Illuminate\Database\Eloquent\Builder, Illuminate\Database\Eloquent\Collection, Illuminate\Support\Carbon, Carbon\Carbon, App\Enums, Spatie\Activitylog\Traits\LogsActivity, Spatie\Activitylog\LogOptions'. However, it also uses 'auth'.&#13;
at vendor\pestphp\pest-plugin-arch\src\Expectations\ToOnlyUse.php:46
at vendor\pestphp\pest-plugin-arch\src\Blueprint.php:170
at vendor\pestphp\pest-plugin-arch\src\Expectations\ToOnlyUse.php:39
at vendor\pestphp\pest-plugin-arch\src\SingleArchExpectation.php:162
at vendor\pestphp\pest-plugin-arch\src\SingleArchExpectation.php:146
at tests\Arch\ArchitectureTest.php:57</failure>
        </testcase>
        <testcase name="`Application Architecture` → `Security Architecture` → it ensures no debug statements in production code" file="tests\Arch\ArchitectureTest.php::`Application Architecture` → `Security Architecture` → it ensures no debug statements in production code" class="Tests\Arch\ArchitectureTest" classname="Tests.Arch.ArchitectureTest" assertions="8" time="0.049733"/>
        <testcase name="`Application Architecture` → `Filament Resources Architecture` → it ensures Filament resources follow proper structure" file="tests\Arch\ArchitectureTest.php::`Application Architecture` → `Filament Resources Architecture` → it ensures Filament resources follow proper structure" class="Tests\Arch\ArchitectureTest" classname="Tests.Arch.ArchitectureTest" assertions="1" time="6.877197">
          <failure type="PHPUnit\Framework\ExpectationFailedException">`Application Architecture` → `Filament Resources Architecture` → it ensures Filament resources follow proper structureExpecting 'App\Filament\Resources' to only use 'Filament\Forms, Filament\Resources\Resource, Filament\Tables, Filament\Actions, Filament\Infolists, Illuminate\Database\Eloquent\Builder, Illuminate\Database\Eloquent\SoftDeletingScope, App\Models, App\Enums, App\Filament\Resources'. However, it also uses 'Filament\Resources\Pages\ListRecords'.&#13;
at vendor\pestphp\pest-plugin-arch\src\Expectations\ToOnlyUse.php:46
at vendor\pestphp\pest-plugin-arch\src\Blueprint.php:170
at vendor\pestphp\pest-plugin-arch\src\Expectations\ToOnlyUse.php:39
at vendor\pestphp\pest-plugin-arch\src\SingleArchExpectation.php:162
at vendor\pestphp\pest-plugin-arch\src\SingleArchExpectation.php:146
at tests\Arch\ArchitectureTest.php:223</failure>
        </testcase>
        <testcase name="`Application Architecture` → `Providers Architecture` → it ensures providers follow Laravel conventions" file="tests\Arch\ArchitectureTest.php::`Application Architecture` → `Providers Architecture` → it ensures providers follow Laravel conventions" class="Tests\Arch\ArchitectureTest" classname="Tests.Arch.ArchitectureTest" assertions="1" time="0.207167">
          <failure type="PHPUnit\Framework\ExpectationFailedException">`Application Architecture` → `Providers Architecture` → it ensures providers follow Laravel conventionsExpecting 'App\Providers' to only use 'Illuminate\Support\ServiceProvider, Illuminate\Support\Facades\Gate, Illuminate\Foundation\Support\Providers\AuthServiceProvider, Illuminate\Cache\RateLimiting\Limit, Illuminate\Http\Request, Illuminate\Support\Facades\RateLimiter, Illuminate\Support\Facades\Route, Illuminate\Foundation\Support\Providers\RouteServiceProvider, Illuminate\Auth\Notifications\ResetPassword, App\Models, App\Observers, BezhanSalleh\LanguageSwitch\LanguageSwitch'. However, it also uses 'App\Policies\BookingPolicy'.&#13;
at vendor\pestphp\pest-plugin-arch\src\Expectations\ToOnlyUse.php:46
at vendor\pestphp\pest-plugin-arch\src\Blueprint.php:170
at vendor\pestphp\pest-plugin-arch\src\Expectations\ToOnlyUse.php:39
at vendor\pestphp\pest-plugin-arch\src\SingleArchExpectation.php:162
at vendor\pestphp\pest-plugin-arch\src\SingleArchExpectation.php:146
at tests\Arch\ArchitectureTest.php:203</failure>
        </testcase>
        <testcase name="`Application Architecture` → `Providers Architecture` → it ensures providers extend ServiceProvider" file="tests\Arch\ArchitectureTest.php::`Application Architecture` → `Providers Architecture` → it ensures providers extend ServiceProvider" class="Tests\Arch\ArchitectureTest" classname="Tests.Arch.ArchitectureTest" assertions="3" time="0.010524">
          <failure type="Pest\Arch\Exceptions\ArchExpectationFailedException">`Application Architecture` → `Providers Architecture` → it ensures providers extend ServiceProviderExpecting 'app\Providers\Filament\AdminPanelProvider.php' to have method 'boot'.&#13;
at app\Providers\Filament\AdminPanelProvider.php:26
at vendor\pestphp\pest-plugin-arch\src\Expectations\Targeted.php:46
at vendor\pestphp\pest-plugin-arch\src\Blueprint.php:137
at vendor\pestphp\pest-plugin-arch\src\Expectations\Targeted.php:43
at vendor\pestphp\pest-plugin-arch\src\SingleArchExpectation.php:162
at vendor\pestphp\pest-plugin-arch\src\SingleArchExpectation.php:146
at vendor\pestphp\pest-plugin-arch\src\SingleArchExpectation.php:108
at tests\Arch\ArchitectureTest.php:198</failure>
        </testcase>
        <testcase name="`Application Architecture` → `Dependency Architecture` → it ensures models do not depend on requests" file="tests\Arch\ArchitectureTest.php::`Application Architecture` → `Dependency Architecture` → it ensures models do not depend on requests" class="Tests\Arch\ArchitectureTest" classname="Tests.Arch.ArchitectureTest" assertions="2" time="0.004879"/>
        <testcase name="`Application Architecture` → `Database Architecture` → it ensures migrations follow proper structure" file="tests\Arch\ArchitectureTest.php::`Application Architecture` → `Database Architecture` → it ensures migrations follow proper structure" class="Tests\Arch\ArchitectureTest" classname="Tests.Arch.ArchitectureTest" assertions="1" time="0.102961"/>
        <testcase name="`Application Architecture` → `Enums Architecture` → it ensures enums use proper case conventions" file="tests\Arch\ArchitectureTest.php::`Application Architecture` → `Enums Architecture` → it ensures enums use proper case conventions" class="Tests\Arch\ArchitectureTest" classname="Tests.Arch.ArchitectureTest" assertions="1" time="0.005337">
          <failure type="PHPUnit\Framework\ExpectationFailedException">`Application Architecture` → `Enums Architecture` → it ensures enums use proper case conventionsExpecting 'App\Enums' to use nothing. However, it uses '__'.&#13;
at vendor\pestphp\pest-plugin-arch\src\Expectations\ToOnlyUse.php:46
at vendor\pestphp\pest-plugin-arch\src\Blueprint.php:170
at vendor\pestphp\pest-plugin-arch\src\Expectations\ToOnlyUse.php:39
at vendor\pestphp\pest-plugin-arch\src\SingleArchExpectation.php:162
at vendor\pestphp\pest-plugin-arch\src\SingleArchExpectation.php:146
at tests\Arch\ArchitectureTest.php:160</failure>
        </testcase>
        <testcase name="`Application Architecture` → `Controllers Architecture` → it ensures auth controllers follow Laravel conventions" file="tests\Arch\ArchitectureTest.php::`Application Architecture` → `Controllers Architecture` → it ensures auth controllers follow Laravel conventions" class="Tests\Arch\ArchitectureTest" classname="Tests.Arch.ArchitectureTest" assertions="1" time="0.271922">
          <failure type="PHPUnit\Framework\ExpectationFailedException">`Application Architecture` → `Controllers Architecture` → it ensures auth controllers follow Laravel conventionsExpecting 'App\Http\Controllers\Auth' to only use 'Illuminate\Http\Request, Illuminate\Http\RedirectResponse, Illuminate\View\View, Illuminate\Auth\Events\Registered, Illuminate\Support\Facades\Auth, Illuminate\Support\Facades\Hash, Illuminate\Validation\Rules, App\Http\Controllers\Controller, App\Models\User, App\Http\Requests\Auth, App\Providers\RouteServiceProvider'. However, it also uses 'Illuminate\Http\Response'.&#13;
at vendor\pestphp\pest-plugin-arch\src\Expectations\ToOnlyUse.php:46
at vendor\pestphp\pest-plugin-arch\src\Blueprint.php:170
at vendor\pestphp\pest-plugin-arch\src\Expectations\ToOnlyUse.php:39
at vendor\pestphp\pest-plugin-arch\src\SingleArchExpectation.php:162
at vendor\pestphp\pest-plugin-arch\src\SingleArchExpectation.php:146
at tests\Arch\ArchitectureTest.php:116</failure>
        </testcase>
        <testcase name="`Application Architecture` → `Controllers Architecture` → it ensures controllers have proper structure" file="tests\Arch\ArchitectureTest.php::`Application Architecture` → `Controllers Architecture` → it ensures controllers have proper structure" class="Tests\Arch\ArchitectureTest" classname="Tests.Arch.ArchitectureTest" assertions="1" time="0.051984">
          <failure type="PHPUnit\Framework\ExpectationFailedException">`Application Architecture` → `Controllers Architecture` → it ensures controllers have proper structureExpecting 'App\Http\Controllers' to only use 'Illuminate\Http\Request, Illuminate\Http\Response, Illuminate\Http\RedirectResponse, Illuminate\Http\JsonResponse, Illuminate\Routing\Controller, Illuminate\Foundation\Auth\Access\AuthorizesRequests, Illuminate\Foundation\Validation\ValidatesRequests, Illuminate\View\View, App\Models, App\Http\Requests, App\Enums'. However, it also uses 'App\Actions\Booking\CreateBookingAction'.&#13;
at vendor\pestphp\pest-plugin-arch\src\Expectations\ToOnlyUse.php:46
at vendor\pestphp\pest-plugin-arch\src\Blueprint.php:170
at vendor\pestphp\pest-plugin-arch\src\Expectations\ToOnlyUse.php:39
at vendor\pestphp\pest-plugin-arch\src\SingleArchExpectation.php:162
at vendor\pestphp\pest-plugin-arch\src\SingleArchExpectation.php:146
at tests\Arch\ArchitectureTest.php:93</failure>
        </testcase>
        <testcase name="`Application Architecture` → `Testing Architecture` → it ensures unit tests extend proper base" file="tests\Arch\ArchitectureTest.php::`Application Architecture` → `Testing Architecture` → it ensures unit tests extend proper base" class="Tests\Arch\ArchitectureTest" classname="Tests.Arch.ArchitectureTest" assertions="1" time="0.178637"/>
        <testcase name="`Application Architecture` → `Enums Architecture` → it ensures enums are backed enums" file="tests\Arch\ArchitectureTest.php::`Application Architecture` → `Enums Architecture` → it ensures enums are backed enums" class="Tests\Arch\ArchitectureTest" classname="Tests.Arch.ArchitectureTest" assertions="1" time="0.004452">
          <error type="BadMethodCallException">`Application Architecture` → `Enums Architecture` → it ensures enums are backed enumsBadMethodCallException: Method "toBeBacked" does not exist in string.&#13;
at vendor\pestphp\pest-plugin-arch\src\SingleArchExpectation.php:108
at tests\Arch\ArchitectureTest.php:155</error>
        </testcase>
        <testcase name="`Application Architecture` → `Middleware Architecture` → it ensures middleware follows Laravel conventions" file="tests\Arch\ArchitectureTest.php::`Application Architecture` → `Middleware Architecture` → it ensures middleware follows Laravel conventions" class="Tests\Arch\ArchitectureTest" classname="Tests.Arch.ArchitectureTest" assertions="1" time="0.163701">
          <failure type="PHPUnit\Framework\ExpectationFailedException">`Application Architecture` → `Middleware Architecture` → it ensures middleware follows Laravel conventionsExpecting 'App\Http\Middleware' to only use 'Illuminate\Http\Request, Illuminate\Http\Response, Symfony\Component\HttpFoundation\Response, Closure, Illuminate\Auth\Middleware\Authenticate, Illuminate\Foundation\Http\Middleware\VerifyCsrfToken, Illuminate\Http\Middleware\TrustProxies, Illuminate\Routing\Middleware\SubstituteBindings, Illuminate\View\Middleware\ShareErrorsFromSession, App\Models'. However, it also uses 'App\Exceptions\BookingException'.&#13;
at vendor\pestphp\pest-plugin-arch\src\Expectations\ToOnlyUse.php:46
at vendor\pestphp\pest-plugin-arch\src\Blueprint.php:170
at vendor\pestphp\pest-plugin-arch\src\Expectations\ToOnlyUse.php:39
at vendor\pestphp\pest-plugin-arch\src\SingleArchExpectation.php:162
at vendor\pestphp\pest-plugin-arch\src\SingleArchExpectation.php:146
at tests\Arch\ArchitectureTest.php:167</failure>
        </testcase>
        <testcase name="`Application Architecture` → `Dependency Architecture` → it ensures models do not depend on controllers" file="tests\Arch\ArchitectureTest.php::`Application Architecture` → `Dependency Architecture` → it ensures models do not depend on controllers" class="Tests\Arch\ArchitectureTest" classname="Tests.Arch.ArchitectureTest" assertions="2" time="0.005834"/>
        <testcase name="`Application Architecture` → `Code Quality Architecture` → it ensures proper class naming conventions" file="tests\Arch\ArchitectureTest.php::`Application Architecture` → `Code Quality Architecture` → it ensures proper class naming conventions" class="Tests\Arch\ArchitectureTest" classname="Tests.Arch.ArchitectureTest" assertions="1" time="0.008523">
          <failure type="Pest\Arch\Exceptions\ArchExpectationFailedException">`Application Architecture` → `Code Quality Architecture` → it ensures proper class naming conventionsExpecting 'app\Enums\BookingStatus.php' to be class.&#13;
at app\Enums\BookingStatus.php:1
at vendor\pestphp\pest-plugin-arch\src\Expectations\Targeted.php:46
at vendor\pestphp\pest-plugin-arch\src\Blueprint.php:137
at vendor\pestphp\pest-plugin-arch\src\Expectations\Targeted.php:43
at vendor\pestphp\pest-plugin-arch\src\SingleArchExpectation.php:162
at vendor\pestphp\pest-plugin-arch\src\SingleArchExpectation.php:106
at tests\Arch\ArchitectureTest.php:362</failure>
        </testcase>
        <testcase name="`Application Architecture` → `Filament Resources Architecture` → it ensures Filament resource pages extend proper classes" file="tests\Arch\ArchitectureTest.php::`Application Architecture` → `Filament Resources Architecture` → it ensures Filament resource pages extend proper classes" class="Tests\Arch\ArchitectureTest" classname="Tests.Arch.ArchitectureTest" assertions="0" time="0.004256">
          <error type="BadMethodCallException">`Application Architecture` → `Filament Resources Architecture` → it ensures Filament resource pages extend proper classesBadMethodCallException: Method "that" does not exist in string.&#13;
at vendor\pestphp\pest-plugin-arch\src\PendingArchExpectation.php:138
at tests\Arch\ArchitectureTest.php:240</error>
        </testcase>
        <testcase name="`Application Architecture` → `Testing Architecture` → it ensures test classes follow proper structure" file="tests\Arch\ArchitectureTest.php::`Application Architecture` → `Testing Architecture` → it ensures test classes follow proper structure" class="Tests\Arch\ArchitectureTest" classname="Tests.Arch.ArchitectureTest" assertions="1" time="1.046201">
          <failure type="PHPUnit\Framework\ExpectationFailedException">`Application Architecture` → `Testing Architecture` → it ensures test classes follow proper structureExpecting 'Tests' to only use 'PHPUnit\Framework\TestCase, Illuminate\Foundation\Testing\TestCase, Illuminate\Foundation\Testing\RefreshDatabase, Illuminate\Foundation\Testing\WithFaker, Tests\TestCase, App\Models, App\Enums, Laravel\Dusk\Browser, Carbon\Carbon, Illuminate\Support\Facades'. However, it also uses 'Illuminate\Foundation\Testing\DatabaseMigrations'.&#13;
at vendor\pestphp\pest-plugin-arch\src\Expectations\ToOnlyUse.php:46
at vendor\pestphp\pest-plugin-arch\src\Blueprint.php:170
at vendor\pestphp\pest-plugin-arch\src\Expectations\ToOnlyUse.php:39
at vendor\pestphp\pest-plugin-arch\src\SingleArchExpectation.php:162
at vendor\pestphp\pest-plugin-arch\src\SingleArchExpectation.php:146
at tests\Arch\ArchitectureTest.php:256</failure>
        </testcase>
        <testcase name="`Application Architecture` → `Testing Architecture` → it ensures feature tests extend proper base" file="tests\Arch\ArchitectureTest.php::`Application Architecture` → `Testing Architecture` → it ensures feature tests extend proper base" class="Tests\Arch\ArchitectureTest" classname="Tests.Arch.ArchitectureTest" assertions="1" time="0.347643"/>
        <testcase name="`Application Architecture` → `Dependency Architecture` → it ensures requests do not depend on controllers" file="tests\Arch\ArchitectureTest.php::`Application Architecture` → `Dependency Architecture` → it ensures requests do not depend on controllers" class="Tests\Arch\ArchitectureTest" classname="Tests.Arch.ArchitectureTest" assertions="2" time="0.053180"/>
        <testcase name="`Application Architecture` → `Models Architecture` → it ensures models extend Eloquent Model" file="tests\Arch\ArchitectureTest.php::`Application Architecture` → `Models Architecture` → it ensures models extend Eloquent Model" class="Tests\Arch\ArchitectureTest" classname="Tests.Arch.ArchitectureTest" assertions="1" time="0.003410"/>
        <testcase name="`Application Architecture` → `Requests Architecture` → it ensures requests have proper structure" file="tests\Arch\ArchitectureTest.php::`Application Architecture` → `Requests Architecture` → it ensures requests have proper structure" class="Tests\Arch\ArchitectureTest" classname="Tests.Arch.ArchitectureTest" assertions="3" time="0.004314"/>
      </testsuite>
    </testsuite>
    <testsuite name="Unit" tests="87" assertions="166" errors="17" failures="9" skipped="0" time="12.971101">
      <testsuite name="Tests\Unit\Models\ReviewTest" file="tests\Unit\Models\ReviewTest.php" tests="15" assertions="26" errors="3" failures="4" skipped="0" time="3.848917">
        <testcase name="`Review Model` → it creates reviews with factory states" file="tests\Unit\Models\ReviewTest.php::`Review Model` → it creates reviews with factory states" class="Tests\Unit\Models\ReviewTest" classname="Tests.Unit.Models.ReviewTest" assertions="3" time="1.444953"/>
        <testcase name="`Review Model` → it can be visible or hidden" file="tests\Unit\Models\ReviewTest.php::`Review Model` → it can be visible or hidden" class="Tests\Unit\Models\ReviewTest" classname="Tests.Unit.Models.ReviewTest" assertions="2" time="0.188880"/>
        <testcase name="`Review Model` → it belongs to a renter" file="tests\Unit\Models\ReviewTest.php::`Review Model` → it belongs to a renter" class="Tests\Unit\Models\ReviewTest" classname="Tests.Unit.Models.ReviewTest" assertions="2" time="0.174836"/>
        <testcase name="`Review Model` → it uses correct table name" file="tests\Unit\Models\ReviewTest.php::`Review Model` → it uses correct table name" class="Tests\Unit\Models\ReviewTest" classname="Tests.Unit.Models.ReviewTest" assertions="1" time="0.163081"/>
        <testcase name="`Review Model` → it ensures unique booking review constraint" file="tests\Unit\Models\ReviewTest.php::`Review Model` → it ensures unique booking review constraint" class="Tests\Unit\Models\ReviewTest" classname="Tests.Unit.Models.ReviewTest" assertions="1" time="0.115609">
          <failure type="PHPUnit\Framework\ExpectationFailedException">`Review Model` → it ensures unique booking review constraintException "Illuminate\Database\QueryException" not thrown.&#13;
at tests\Unit\Models\ReviewTest.php:145</failure>
        </testcase>
        <testcase name="`Review Model` → it casts attributes correctly" file="tests\Unit\Models\ReviewTest.php::`Review Model` → it casts attributes correctly" class="Tests\Unit\Models\ReviewTest" classname="Tests.Unit.Models.ReviewTest" assertions="2" time="0.101369">
          <failure type="PHPUnit\Framework\ExpectationFailedException">`Review Model` → it casts attributes correctlyFailed asserting that null is of type int.&#13;
at tests\Unit\Models\ReviewTest.php:61</failure>
        </testcase>
        <testcase name="`Review Model` → it validates rating range" file="tests\Unit\Models\ReviewTest.php::`Review Model` → it validates rating range" class="Tests\Unit\Models\ReviewTest" classname="Tests.Unit.Models.ReviewTest" assertions="5" time="0.291415"/>
        <testcase name="`Review Model` → it can calculate average rating" file="tests\Unit\Models\ReviewTest.php::`Review Model` → it can calculate average rating" class="Tests\Unit\Models\ReviewTest" classname="Tests.Unit.Models.ReviewTest" assertions="4" time="0.240370"/>
        <testcase name="`Review Model` → it has correct fillable attributes" file="tests\Unit\Models\ReviewTest.php::`Review Model` → it has correct fillable attributes" class="Tests\Unit\Models\ReviewTest" classname="Tests.Unit.Models.ReviewTest" assertions="1" time="0.168086">
          <failure type="PHPUnit\Framework\ExpectationFailedException">`Review Model` → it has correct fillable attributesFailed asserting that two arrays are equal.&#13;
at tests\Unit\Models\ReviewTest.php:56</failure>
        </testcase>
        <testcase name="`Review Model` → it can have pros and cons" file="tests\Unit\Models\ReviewTest.php::`Review Model` → it can have pros and cons" class="Tests\Unit\Models\ReviewTest" classname="Tests.Unit.Models.ReviewTest" assertions="0" time="0.200495">
          <error type="Illuminate\Database\QueryException">`Review Model` → it can have pros and consIlluminate\Database\QueryException: SQLSTATE[HY000]: General error: 1 table car_rental_reviews has no column named pros (Connection: sqlite, SQL: insert into "car_rental_reviews" ("booking_id", "vehicle_id", "renter_id", "rating", "comment", "is_visible", "pros", "cons", "updated_at", "created_at") values (2, 3, 6, 5, While the car was functional, it was not clean when we picked it up. There were stains on the seats and the fuel tank was not full as promised. The pickup process was also delayed by 30 minutes., 1, Clean, comfortable, good fuel efficiency, Slightly noisy engine, small trunk space, 2025-09-24 11:55:43, 2025-09-24 11:55:43))&#13;
at vendor\laravel\framework\src\Illuminate\Database\Connection.php:564
at vendor\laravel\framework\src\Illuminate\Database\Connection.php:811
at vendor\laravel\framework\src\Illuminate\Database\Connection.php:778
at vendor\laravel\framework\src\Illuminate\Database\Connection.php:559
at vendor\laravel\framework\src\Illuminate\Database\Connection.php:523
at vendor\laravel\framework\src\Illuminate\Database\Query\Processors\Processor.php:32
at vendor\laravel\framework\src\Illuminate\Database\Query\Builder.php:3853
at vendor\laravel\framework\src\Illuminate\Database\Eloquent\Builder.php:2235
at vendor\laravel\framework\src\Illuminate\Database\Eloquent\Model.php:1436
at vendor\laravel\framework\src\Illuminate\Database\Eloquent\Model.php:1401
at vendor\laravel\framework\src\Illuminate\Database\Eloquent\Model.php:1240
at vendor\laravel\framework\src\Illuminate\Database\Eloquent\Factories\Factory.php:370
at vendor\laravel\framework\src\Illuminate\Collections\Traits\EnumeratesValues.php:271
at vendor\laravel\framework\src\Illuminate\Database\Eloquent\Factories\Factory.php:365
at vendor\laravel\framework\src\Illuminate\Database\Eloquent\Factories\Factory.php:321
at vendor\laravel\framework\src\Illuminate\Database\Eloquent\Factories\Factory.php:315
at tests\Unit\Models\ReviewTest.php:100
Caused by
PDOException: SQLSTATE[HY000]: General error: 1 table car_rental_reviews has no column named pros

at vendor\laravel\framework\src\Illuminate\Database\Connection.php:564
at vendor\laravel\framework\src\Illuminate\Database\Connection.php:811
at vendor\laravel\framework\src\Illuminate\Database\Connection.php:778
at vendor\laravel\framework\src\Illuminate\Database\Connection.php:559
at vendor\laravel\framework\src\Illuminate\Database\Connection.php:523
at vendor\laravel\framework\src\Illuminate\Database\Query\Processors\Processor.php:32
at vendor\laravel\framework\src\Illuminate\Database\Query\Builder.php:3853
at vendor\laravel\framework\src\Illuminate\Database\Eloquent\Builder.php:2235
at vendor\laravel\framework\src\Illuminate\Database\Eloquent\Model.php:1436
at vendor\laravel\framework\src\Illuminate\Database\Eloquent\Model.php:1401
at vendor\laravel\framework\src\Illuminate\Database\Eloquent\Model.php:1240
at vendor\laravel\framework\src\Illuminate\Database\Eloquent\Factories\Factory.php:370
at vendor\laravel\framework\src\Illuminate\Collections\Traits\EnumeratesValues.php:271
at vendor\laravel\framework\src\Illuminate\Database\Eloquent\Factories\Factory.php:365
at vendor\laravel\framework\src\Illuminate\Database\Eloquent\Factories\Factory.php:321
at vendor\laravel\framework\src\Illuminate\Database\Eloquent\Factories\Factory.php:315
at tests\Unit\Models\ReviewTest.php:100</error>
        </testcase>
        <testcase name="`Review Model` → it can filter visible reviews" file="tests\Unit\Models\ReviewTest.php::`Review Model` → it can filter visible reviews" class="Tests\Unit\Models\ReviewTest" classname="Tests.Unit.Models.ReviewTest" assertions="1" time="0.213821">
          <failure type="PHPUnit\Framework\ExpectationFailedException">`Review Model` → it can filter visible reviewsFailed asserting that actual size 2 matches expected size 3.&#13;
at tests\Unit\Models\ReviewTest.php:154</failure>
        </testcase>
        <testcase name="`Review Model` → it can have recommendation status" file="tests\Unit\Models\ReviewTest.php::`Review Model` → it can have recommendation status" class="Tests\Unit\Models\ReviewTest" classname="Tests.Unit.Models.ReviewTest" assertions="0" time="0.137886">
          <error type="Illuminate\Database\QueryException">`Review Model` → it can have recommendation statusIlluminate\Database\QueryException: SQLSTATE[HY000]: General error: 1 table car_rental_reviews has no column named recommendation (Connection: sqlite, SQL: insert into "car_rental_reviews" ("booking_id", "vehicle_id", "renter_id", "rating", "comment", "is_visible", "recommendation", "updated_at", "created_at") values (2, 3, 6, 4, Good value for money. Owner was helpful., 1, yes, 2025-09-24 11:55:43, 2025-09-24 11:55:43))&#13;
at vendor\laravel\framework\src\Illuminate\Database\Connection.php:564
at vendor\laravel\framework\src\Illuminate\Database\Connection.php:811
at vendor\laravel\framework\src\Illuminate\Database\Connection.php:778
at vendor\laravel\framework\src\Illuminate\Database\Connection.php:559
at vendor\laravel\framework\src\Illuminate\Database\Connection.php:523
at vendor\laravel\framework\src\Illuminate\Database\Query\Processors\Processor.php:32
at vendor\laravel\framework\src\Illuminate\Database\Query\Builder.php:3853
at vendor\laravel\framework\src\Illuminate\Database\Eloquent\Builder.php:2235
at vendor\laravel\framework\src\Illuminate\Database\Eloquent\Model.php:1436
at vendor\laravel\framework\src\Illuminate\Database\Eloquent\Model.php:1401
at vendor\laravel\framework\src\Illuminate\Database\Eloquent\Model.php:1240
at vendor\laravel\framework\src\Illuminate\Database\Eloquent\Factories\Factory.php:370
at vendor\laravel\framework\src\Illuminate\Collections\Traits\EnumeratesValues.php:271
at vendor\laravel\framework\src\Illuminate\Database\Eloquent\Factories\Factory.php:365
at vendor\laravel\framework\src\Illuminate\Database\Eloquent\Factories\Factory.php:321
at vendor\laravel\framework\src\Illuminate\Database\Eloquent\Factories\Factory.php:315
at tests\Unit\Models\ReviewTest.php:90
Caused by
PDOException: SQLSTATE[HY000]: General error: 1 table car_rental_reviews has no column named recommendation

at vendor\laravel\framework\src\Illuminate\Database\Connection.php:564
at vendor\laravel\framework\src\Illuminate\Database\Connection.php:811
at vendor\laravel\framework\src\Illuminate\Database\Connection.php:778
at vendor\laravel\framework\src\Illuminate\Database\Connection.php:559
at vendor\laravel\framework\src\Illuminate\Database\Connection.php:523
at vendor\laravel\framework\src\Illuminate\Database\Query\Processors\Processor.php:32
at vendor\laravel\framework\src\Illuminate\Database\Query\Builder.php:3853
at vendor\laravel\framework\src\Illuminate\Database\Eloquent\Builder.php:2235
at vendor\laravel\framework\src\Illuminate\Database\Eloquent\Model.php:1436
at vendor\laravel\framework\src\Illuminate\Database\Eloquent\Model.php:1401
at vendor\laravel\framework\src\Illuminate\Database\Eloquent\Model.php:1240
at vendor\laravel\framework\src\Illuminate\Database\Eloquent\Factories\Factory.php:370
at vendor\laravel\framework\src\Illuminate\Collections\Traits\EnumeratesValues.php:271
at vendor\laravel\framework\src\Illuminate\Database\Eloquent\Factories\Factory.php:365
at vendor\laravel\framework\src\Illuminate\Database\Eloquent\Factories\Factory.php:321
at vendor\laravel\framework\src\Illuminate\Database\Eloquent\Factories\Factory.php:315
at tests\Unit\Models\ReviewTest.php:90</error>
        </testcase>
        <testcase name="`Review Model` → it belongs to a booking" file="tests\Unit\Models\ReviewTest.php::`Review Model` → it belongs to a booking" class="Tests\Unit\Models\ReviewTest" classname="Tests.Unit.Models.ReviewTest" assertions="2" time="0.107720"/>
        <testcase name="`Review Model` → it can have detailed ratings" file="tests\Unit\Models\ReviewTest.php::`Review Model` → it can have detailed ratings" class="Tests\Unit\Models\ReviewTest" classname="Tests.Unit.Models.ReviewTest" assertions="0" time="0.158555">
          <error type="Illuminate\Database\QueryException">`Review Model` → it can have detailed ratingsIlluminate\Database\QueryException: SQLSTATE[HY000]: General error: 1 table car_rental_reviews has no column named cleanliness_rating (Connection: sqlite, SQL: insert into "car_rental_reviews" ("booking_id", "vehicle_id", "renter_id", "rating", "comment", "is_visible", "cleanliness_rating", "comfort_rating", "value_rating", "updated_at", "created_at") values (2, 3, 6, 4, Excellent experience! Perfect car and great owner., 1, 5, 4, 3, 2025-09-24 11:55:43, 2025-09-24 11:55:43))&#13;
at vendor\laravel\framework\src\Illuminate\Database\Connection.php:564
at vendor\laravel\framework\src\Illuminate\Database\Connection.php:811
at vendor\laravel\framework\src\Illuminate\Database\Connection.php:778
at vendor\laravel\framework\src\Illuminate\Database\Connection.php:559
at vendor\laravel\framework\src\Illuminate\Database\Connection.php:523
at vendor\laravel\framework\src\Illuminate\Database\Query\Processors\Processor.php:32
at vendor\laravel\framework\src\Illuminate\Database\Query\Builder.php:3853
at vendor\laravel\framework\src\Illuminate\Database\Eloquent\Builder.php:2235
at vendor\laravel\framework\src\Illuminate\Database\Eloquent\Model.php:1436
at vendor\laravel\framework\src\Illuminate\Database\Eloquent\Model.php:1401
at vendor\laravel\framework\src\Illuminate\Database\Eloquent\Model.php:1240
at vendor\laravel\framework\src\Illuminate\Database\Eloquent\Factories\Factory.php:370
at vendor\laravel\framework\src\Illuminate\Collections\Traits\EnumeratesValues.php:271
at vendor\laravel\framework\src\Illuminate\Database\Eloquent\Factories\Factory.php:365
at vendor\laravel\framework\src\Illuminate\Database\Eloquent\Factories\Factory.php:321
at vendor\laravel\framework\src\Illuminate\Database\Eloquent\Factories\Factory.php:315
at tests\Unit\Models\ReviewTest.php:77
Caused by
PDOException: SQLSTATE[HY000]: General error: 1 table car_rental_reviews has no column named cleanliness_rating

at vendor\laravel\framework\src\Illuminate\Database\Connection.php:564
at vendor\laravel\framework\src\Illuminate\Database\Connection.php:811
at vendor\laravel\framework\src\Illuminate\Database\Connection.php:778
at vendor\laravel\framework\src\Illuminate\Database\Connection.php:559
at vendor\laravel\framework\src\Illuminate\Database\Connection.php:523
at vendor\laravel\framework\src\Illuminate\Database\Query\Processors\Processor.php:32
at vendor\laravel\framework\src\Illuminate\Database\Query\Builder.php:3853
at vendor\laravel\framework\src\Illuminate\Database\Eloquent\Builder.php:2235
at vendor\laravel\framework\src\Illuminate\Database\Eloquent\Model.php:1436
at vendor\laravel\framework\src\Illuminate\Database\Eloquent\Model.php:1401
at vendor\laravel\framework\src\Illuminate\Database\Eloquent\Model.php:1240
at vendor\laravel\framework\src\Illuminate\Database\Eloquent\Factories\Factory.php:370
at vendor\laravel\framework\src\Illuminate\Collections\Traits\EnumeratesValues.php:271
at vendor\laravel\framework\src\Illuminate\Database\Eloquent\Factories\Factory.php:365
at vendor\laravel\framework\src\Illuminate\Database\Eloquent\Factories\Factory.php:321
at vendor\laravel\framework\src\Illuminate\Database\Eloquent\Factories\Factory.php:315
at tests\Unit\Models\ReviewTest.php:77</error>
        </testcase>
        <testcase name="`Review Model` → it belongs to a vehicle" file="tests\Unit\Models\ReviewTest.php::`Review Model` → it belongs to a vehicle" class="Tests\Unit\Models\ReviewTest" classname="Tests.Unit.Models.ReviewTest" assertions="2" time="0.141838"/>
      </testsuite>
      <testsuite name="Tests\Unit\Models\PaymentTest" file="tests\Unit\Models\PaymentTest.php" tests="12" assertions="0" errors="12" failures="0" skipped="0" time="0.000000">
        <testcase name="`Payment Model` → it belongs to a booking" file="tests\Unit\Models\PaymentTest.php::`Payment Model` → it belongs to a booking" class="Tests\Unit\Models\PaymentTest" classname="Tests.Unit.Models.PaymentTest" assertions="0" time="0.000000">
          <error type="Illuminate\Database\QueryException">`Payment Model` → it belongs to a bookingIlluminate\Database\QueryException: SQLSTATE[HY000]: General error: 1 table car_rental_payments has no column named method (Connection: sqlite, SQL: insert into "car_rental_payments" ("booking_id", "amount", "payment_method", "payment_status", "transaction_id", "processed_at", "gateway_response", "refunded_at", "refund_amount", "method", "status", "updated_at", "created_at") values (1, 400, google_pay, processing, TXN-1y8s9k2w3f0n, ?, {"gateway":"braintree","response_code":"402","message":"Network timeout","reference_id":"REF-2c8e0b9t"}, ?, 0, stripe, confirmed, 2025-09-24 11:55:43, 2025-09-24 11:55:43))&#13;
at vendor\laravel\framework\src\Illuminate\Database\Connection.php:564
at vendor\laravel\framework\src\Illuminate\Database\Connection.php:811
at vendor\laravel\framework\src\Illuminate\Database\Connection.php:778
at vendor\laravel\framework\src\Illuminate\Database\Connection.php:559
at vendor\laravel\framework\src\Illuminate\Database\Connection.php:523
at vendor\laravel\framework\src\Illuminate\Database\Query\Processors\Processor.php:32
at vendor\laravel\framework\src\Illuminate\Database\Query\Builder.php:3853
at vendor\laravel\framework\src\Illuminate\Database\Eloquent\Builder.php:2235
at vendor\laravel\framework\src\Illuminate\Database\Eloquent\Model.php:1436
at vendor\laravel\framework\src\Illuminate\Database\Eloquent\Model.php:1401
at vendor\laravel\framework\src\Illuminate\Database\Eloquent\Model.php:1240
at vendor\laravel\framework\src\Illuminate\Database\Eloquent\Factories\Factory.php:370
at vendor\laravel\framework\src\Illuminate\Collections\Traits\EnumeratesValues.php:271
at vendor\laravel\framework\src\Illuminate\Database\Eloquent\Factories\Factory.php:365
at vendor\laravel\framework\src\Illuminate\Database\Eloquent\Factories\Factory.php:321
at vendor\laravel\framework\src\Illuminate\Database\Eloquent\Factories\Factory.php:315
at tests\Unit\Models\PaymentTest.php:23
Caused by
PDOException: SQLSTATE[HY000]: General error: 1 table car_rental_payments has no column named method

at vendor\laravel\framework\src\Illuminate\Database\Connection.php:564
at vendor\laravel\framework\src\Illuminate\Database\Connection.php:811
at vendor\laravel\framework\src\Illuminate\Database\Connection.php:778
at vendor\laravel\framework\src\Illuminate\Database\Connection.php:559
at vendor\laravel\framework\src\Illuminate\Database\Connection.php:523
at vendor\laravel\framework\src\Illuminate\Database\Query\Processors\Processor.php:32
at vendor\laravel\framework\src\Illuminate\Database\Query\Builder.php:3853
at vendor\laravel\framework\src\Illuminate\Database\Eloquent\Builder.php:2235
at vendor\laravel\framework\src\Illuminate\Database\Eloquent\Model.php:1436
at vendor\laravel\framework\src\Illuminate\Database\Eloquent\Model.php:1401
at vendor\laravel\framework\src\Illuminate\Database\Eloquent\Model.php:1240
at vendor\laravel\framework\src\Illuminate\Database\Eloquent\Factories\Factory.php:370
at vendor\laravel\framework\src\Illuminate\Collections\Traits\EnumeratesValues.php:271
at vendor\laravel\framework\src\Illuminate\Database\Eloquent\Factories\Factory.php:365
at vendor\laravel\framework\src\Illuminate\Database\Eloquent\Factories\Factory.php:321
at vendor\laravel\framework\src\Illuminate\Database\Eloquent\Factories\Factory.php:315
at tests\Unit\Models\PaymentTest.php:23</error>
        </testcase>
        <testcase name="`Payment Model` → it uses correct table name" file="tests\Unit\Models\PaymentTest.php::`Payment Model` → it uses correct table name" class="Tests\Unit\Models\PaymentTest" classname="Tests.Unit.Models.PaymentTest" assertions="0" time="0.000000">
          <error type="Illuminate\Database\QueryException">`Payment Model` → it uses correct table nameIlluminate\Database\QueryException: SQLSTATE[HY000]: General error: 1 table car_rental_payments has no column named method (Connection: sqlite, SQL: insert into "car_rental_payments" ("booking_id", "amount", "payment_method", "payment_status", "transaction_id", "processed_at", "gateway_response", "refunded_at", "refund_amount", "method", "status", "updated_at", "created_at") values (1, 400, paypal, failed, TXN-6k5z1m4r6f4u, ?, {"gateway":"razorpay","response_code":"400","message":"Invalid card details","reference_id":"REF-6x1z2t2f"}, ?, 0, stripe, confirmed, 2025-09-24 11:55:44, 2025-09-24 11:55:44))&#13;
at vendor\laravel\framework\src\Illuminate\Database\Connection.php:564
at vendor\laravel\framework\src\Illuminate\Database\Connection.php:811
at vendor\laravel\framework\src\Illuminate\Database\Connection.php:778
at vendor\laravel\framework\src\Illuminate\Database\Connection.php:559
at vendor\laravel\framework\src\Illuminate\Database\Connection.php:523
at vendor\laravel\framework\src\Illuminate\Database\Query\Processors\Processor.php:32
at vendor\laravel\framework\src\Illuminate\Database\Query\Builder.php:3853
at vendor\laravel\framework\src\Illuminate\Database\Eloquent\Builder.php:2235
at vendor\laravel\framework\src\Illuminate\Database\Eloquent\Model.php:1436
at vendor\laravel\framework\src\Illuminate\Database\Eloquent\Model.php:1401
at vendor\laravel\framework\src\Illuminate\Database\Eloquent\Model.php:1240
at vendor\laravel\framework\src\Illuminate\Database\Eloquent\Factories\Factory.php:370
at vendor\laravel\framework\src\Illuminate\Collections\Traits\EnumeratesValues.php:271
at vendor\laravel\framework\src\Illuminate\Database\Eloquent\Factories\Factory.php:365
at vendor\laravel\framework\src\Illuminate\Database\Eloquent\Factories\Factory.php:321
at vendor\laravel\framework\src\Illuminate\Database\Eloquent\Factories\Factory.php:315
at tests\Unit\Models\PaymentTest.php:23
Caused by
PDOException: SQLSTATE[HY000]: General error: 1 table car_rental_payments has no column named method

at vendor\laravel\framework\src\Illuminate\Database\Connection.php:564
at vendor\laravel\framework\src\Illuminate\Database\Connection.php:811
at vendor\laravel\framework\src\Illuminate\Database\Connection.php:778
at vendor\laravel\framework\src\Illuminate\Database\Connection.php:559
at vendor\laravel\framework\src\Illuminate\Database\Connection.php:523
at vendor\laravel\framework\src\Illuminate\Database\Query\Processors\Processor.php:32
at vendor\laravel\framework\src\Illuminate\Database\Query\Builder.php:3853
at vendor\laravel\framework\src\Illuminate\Database\Eloquent\Builder.php:2235
at vendor\laravel\framework\src\Illuminate\Database\Eloquent\Model.php:1436
at vendor\laravel\framework\src\Illuminate\Database\Eloquent\Model.php:1401
at vendor\laravel\framework\src\Illuminate\Database\Eloquent\Model.php:1240
at vendor\laravel\framework\src\Illuminate\Database\Eloquent\Factories\Factory.php:370
at vendor\laravel\framework\src\Illuminate\Collections\Traits\EnumeratesValues.php:271
at vendor\laravel\framework\src\Illuminate\Database\Eloquent\Factories\Factory.php:365
at vendor\laravel\framework\src\Illuminate\Database\Eloquent\Factories\Factory.php:321
at vendor\laravel\framework\src\Illuminate\Database\Eloquent\Factories\Factory.php:315
at tests\Unit\Models\PaymentTest.php:23</error>
        </testcase>
        <testcase name="`Payment Model` → it can have different payment methods" file="tests\Unit\Models\PaymentTest.php::`Payment Model` → it can have different payment methods" class="Tests\Unit\Models\PaymentTest" classname="Tests.Unit.Models.PaymentTest" assertions="0" time="0.000000">
          <error type="Illuminate\Database\QueryException">`Payment Model` → it can have different payment methodsIlluminate\Database\QueryException: SQLSTATE[HY000]: General error: 1 table car_rental_payments has no column named method (Connection: sqlite, SQL: insert into "car_rental_payments" ("booking_id", "amount", "payment_method", "payment_status", "transaction_id", "processed_at", "gateway_response", "refunded_at", "refund_amount", "method", "status", "updated_at", "created_at") values (1, 400, bank_transfer, pending, TXN-5q0k5g0b7g2c, ?, {"gateway":"razorpay","response_code":"500","message":"Bank processing error","reference_id":"REF-8p9a1q4q"}, ?, 0, stripe, confirmed, 2025-09-24 11:55:44, 2025-09-24 11:55:44))&#13;
at vendor\laravel\framework\src\Illuminate\Database\Connection.php:564
at vendor\laravel\framework\src\Illuminate\Database\Connection.php:811
at vendor\laravel\framework\src\Illuminate\Database\Connection.php:778
at vendor\laravel\framework\src\Illuminate\Database\Connection.php:559
at vendor\laravel\framework\src\Illuminate\Database\Connection.php:523
at vendor\laravel\framework\src\Illuminate\Database\Query\Processors\Processor.php:32
at vendor\laravel\framework\src\Illuminate\Database\Query\Builder.php:3853
at vendor\laravel\framework\src\Illuminate\Database\Eloquent\Builder.php:2235
at vendor\laravel\framework\src\Illuminate\Database\Eloquent\Model.php:1436
at vendor\laravel\framework\src\Illuminate\Database\Eloquent\Model.php:1401
at vendor\laravel\framework\src\Illuminate\Database\Eloquent\Model.php:1240
at vendor\laravel\framework\src\Illuminate\Database\Eloquent\Factories\Factory.php:370
at vendor\laravel\framework\src\Illuminate\Collections\Traits\EnumeratesValues.php:271
at vendor\laravel\framework\src\Illuminate\Database\Eloquent\Factories\Factory.php:365
at vendor\laravel\framework\src\Illuminate\Database\Eloquent\Factories\Factory.php:321
at vendor\laravel\framework\src\Illuminate\Database\Eloquent\Factories\Factory.php:315
at tests\Unit\Models\PaymentTest.php:23
Caused by
PDOException: SQLSTATE[HY000]: General error: 1 table car_rental_payments has no column named method

at vendor\laravel\framework\src\Illuminate\Database\Connection.php:564
at vendor\laravel\framework\src\Illuminate\Database\Connection.php:811
at vendor\laravel\framework\src\Illuminate\Database\Connection.php:778
at vendor\laravel\framework\src\Illuminate\Database\Connection.php:559
at vendor\laravel\framework\src\Illuminate\Database\Connection.php:523
at vendor\laravel\framework\src\Illuminate\Database\Query\Processors\Processor.php:32
at vendor\laravel\framework\src\Illuminate\Database\Query\Builder.php:3853
at vendor\laravel\framework\src\Illuminate\Database\Eloquent\Builder.php:2235
at vendor\laravel\framework\src\Illuminate\Database\Eloquent\Model.php:1436
at vendor\laravel\framework\src\Illuminate\Database\Eloquent\Model.php:1401
at vendor\laravel\framework\src\Illuminate\Database\Eloquent\Model.php:1240
at vendor\laravel\framework\src\Illuminate\Database\Eloquent\Factories\Factory.php:370
at vendor\laravel\framework\src\Illuminate\Collections\Traits\EnumeratesValues.php:271
at vendor\laravel\framework\src\Illuminate\Database\Eloquent\Factories\Factory.php:365
at vendor\laravel\framework\src\Illuminate\Database\Eloquent\Factories\Factory.php:321
at vendor\laravel\framework\src\Illuminate\Database\Eloquent\Factories\Factory.php:315
at tests\Unit\Models\PaymentTest.php:23</error>
        </testcase>
        <testcase name="`Payment Model` → it has correct fillable attributes" file="tests\Unit\Models\PaymentTest.php::`Payment Model` → it has correct fillable attributes" class="Tests\Unit\Models\PaymentTest" classname="Tests.Unit.Models.PaymentTest" assertions="0" time="0.000000">
          <error type="Illuminate\Database\QueryException">`Payment Model` → it has correct fillable attributesIlluminate\Database\QueryException: SQLSTATE[HY000]: General error: 1 table car_rental_payments has no column named method (Connection: sqlite, SQL: insert into "car_rental_payments" ("booking_id", "amount", "payment_method", "payment_status", "transaction_id", "processed_at", "gateway_response", "refunded_at", "refund_amount", "method", "status", "updated_at", "created_at") values (1, 400, apple_pay, processing, TXN-0d8x4h3t8l9t, ?, {"gateway":"paypal","response_code":"401","message":"Security check failed","reference_id":"REF-2p5o1x3x"}, ?, 0, stripe, confirmed, 2025-09-24 11:55:44, 2025-09-24 11:55:44))&#13;
at vendor\laravel\framework\src\Illuminate\Database\Connection.php:564
at vendor\laravel\framework\src\Illuminate\Database\Connection.php:811
at vendor\laravel\framework\src\Illuminate\Database\Connection.php:778
at vendor\laravel\framework\src\Illuminate\Database\Connection.php:559
at vendor\laravel\framework\src\Illuminate\Database\Connection.php:523
at vendor\laravel\framework\src\Illuminate\Database\Query\Processors\Processor.php:32
at vendor\laravel\framework\src\Illuminate\Database\Query\Builder.php:3853
at vendor\laravel\framework\src\Illuminate\Database\Eloquent\Builder.php:2235
at vendor\laravel\framework\src\Illuminate\Database\Eloquent\Model.php:1436
at vendor\laravel\framework\src\Illuminate\Database\Eloquent\Model.php:1401
at vendor\laravel\framework\src\Illuminate\Database\Eloquent\Model.php:1240
at vendor\laravel\framework\src\Illuminate\Database\Eloquent\Factories\Factory.php:370
at vendor\laravel\framework\src\Illuminate\Collections\Traits\EnumeratesValues.php:271
at vendor\laravel\framework\src\Illuminate\Database\Eloquent\Factories\Factory.php:365
at vendor\laravel\framework\src\Illuminate\Database\Eloquent\Factories\Factory.php:321
at vendor\laravel\framework\src\Illuminate\Database\Eloquent\Factories\Factory.php:315
at tests\Unit\Models\PaymentTest.php:23
Caused by
PDOException: SQLSTATE[HY000]: General error: 1 table car_rental_payments has no column named method

at vendor\laravel\framework\src\Illuminate\Database\Connection.php:564
at vendor\laravel\framework\src\Illuminate\Database\Connection.php:811
at vendor\laravel\framework\src\Illuminate\Database\Connection.php:778
at vendor\laravel\framework\src\Illuminate\Database\Connection.php:559
at vendor\laravel\framework\src\Illuminate\Database\Connection.php:523
at vendor\laravel\framework\src\Illuminate\Database\Query\Processors\Processor.php:32
at vendor\laravel\framework\src\Illuminate\Database\Query\Builder.php:3853
at vendor\laravel\framework\src\Illuminate\Database\Eloquent\Builder.php:2235
at vendor\laravel\framework\src\Illuminate\Database\Eloquent\Model.php:1436
at vendor\laravel\framework\src\Illuminate\Database\Eloquent\Model.php:1401
at vendor\laravel\framework\src\Illuminate\Database\Eloquent\Model.php:1240
at vendor\laravel\framework\src\Illuminate\Database\Eloquent\Factories\Factory.php:370
at vendor\laravel\framework\src\Illuminate\Collections\Traits\EnumeratesValues.php:271
at vendor\laravel\framework\src\Illuminate\Database\Eloquent\Factories\Factory.php:365
at vendor\laravel\framework\src\Illuminate\Database\Eloquent\Factories\Factory.php:321
at vendor\laravel\framework\src\Illuminate\Database\Eloquent\Factories\Factory.php:315
at tests\Unit\Models\PaymentTest.php:23</error>
        </testcase>
        <testcase name="`Payment Model` → it casts attributes correctly" file="tests\Unit\Models\PaymentTest.php::`Payment Model` → it casts attributes correctly" class="Tests\Unit\Models\PaymentTest" classname="Tests.Unit.Models.PaymentTest" assertions="0" time="0.000000">
          <error type="Illuminate\Database\QueryException">`Payment Model` → it casts attributes correctlyIlluminate\Database\QueryException: SQLSTATE[HY000]: General error: 1 table car_rental_payments has no column named method (Connection: sqlite, SQL: insert into "car_rental_payments" ("booking_id", "amount", "payment_method", "payment_status", "transaction_id", "processed_at", "gateway_response", "refunded_at", "refund_amount", "method", "status", "updated_at", "created_at") values (1, 400, bank_transfer, failed, TXN-8g4z2n7i0e4v, ?, {"gateway":"square","response_code":"500","message":"Card declined","reference_id":"REF-3e2y7f4z"}, ?, 0, stripe, confirmed, 2025-09-24 11:55:44, 2025-09-24 11:55:44))&#13;
at vendor\laravel\framework\src\Illuminate\Database\Connection.php:564
at vendor\laravel\framework\src\Illuminate\Database\Connection.php:811
at vendor\laravel\framework\src\Illuminate\Database\Connection.php:778
at vendor\laravel\framework\src\Illuminate\Database\Connection.php:559
at vendor\laravel\framework\src\Illuminate\Database\Connection.php:523
at vendor\laravel\framework\src\Illuminate\Database\Query\Processors\Processor.php:32
at vendor\laravel\framework\src\Illuminate\Database\Query\Builder.php:3853
at vendor\laravel\framework\src\Illuminate\Database\Eloquent\Builder.php:2235
at vendor\laravel\framework\src\Illuminate\Database\Eloquent\Model.php:1436
at vendor\laravel\framework\src\Illuminate\Database\Eloquent\Model.php:1401
at vendor\laravel\framework\src\Illuminate\Database\Eloquent\Model.php:1240
at vendor\laravel\framework\src\Illuminate\Database\Eloquent\Factories\Factory.php:370
at vendor\laravel\framework\src\Illuminate\Collections\Traits\EnumeratesValues.php:271
at vendor\laravel\framework\src\Illuminate\Database\Eloquent\Factories\Factory.php:365
at vendor\laravel\framework\src\Illuminate\Database\Eloquent\Factories\Factory.php:321
at vendor\laravel\framework\src\Illuminate\Database\Eloquent\Factories\Factory.php:315
at tests\Unit\Models\PaymentTest.php:23
Caused by
PDOException: SQLSTATE[HY000]: General error: 1 table car_rental_payments has no column named method

at vendor\laravel\framework\src\Illuminate\Database\Connection.php:564
at vendor\laravel\framework\src\Illuminate\Database\Connection.php:811
at vendor\laravel\framework\src\Illuminate\Database\Connection.php:778
at vendor\laravel\framework\src\Illuminate\Database\Connection.php:559
at vendor\laravel\framework\src\Illuminate\Database\Connection.php:523
at vendor\laravel\framework\src\Illuminate\Database\Query\Processors\Processor.php:32
at vendor\laravel\framework\src\Illuminate\Database\Query\Builder.php:3853
at vendor\laravel\framework\src\Illuminate\Database\Eloquent\Builder.php:2235
at vendor\laravel\framework\src\Illuminate\Database\Eloquent\Model.php:1436
at vendor\laravel\framework\src\Illuminate\Database\Eloquent\Model.php:1401
at vendor\laravel\framework\src\Illuminate\Database\Eloquent\Model.php:1240
at vendor\laravel\framework\src\Illuminate\Database\Eloquent\Factories\Factory.php:370
at vendor\laravel\framework\src\Illuminate\Collections\Traits\EnumeratesValues.php:271
at vendor\laravel\framework\src\Illuminate\Database\Eloquent\Factories\Factory.php:365
at vendor\laravel\framework\src\Illuminate\Database\Eloquent\Factories\Factory.php:321
at vendor\laravel\framework\src\Illuminate\Database\Eloquent\Factories\Factory.php:315
at tests\Unit\Models\PaymentTest.php:23</error>
        </testcase>
        <testcase name="`Payment Model` → it can have different payment statuses" file="tests\Unit\Models\PaymentTest.php::`Payment Model` → it can have different payment statuses" class="Tests\Unit\Models\PaymentTest" classname="Tests.Unit.Models.PaymentTest" assertions="0" time="0.000000">
          <error type="Illuminate\Database\QueryException">`Payment Model` → it can have different payment statusesIlluminate\Database\QueryException: SQLSTATE[HY000]: General error: 1 table car_rental_payments has no column named method (Connection: sqlite, SQL: insert into "car_rental_payments" ("booking_id", "amount", "payment_method", "payment_status", "transaction_id", "processed_at", "gateway_response", "refunded_at", "refund_amount", "method", "status", "updated_at", "created_at") values (1, 400, paypal, cancelled, TXN-0i3b3v3b0c6q, ?, {"gateway":"braintree","response_code":"403","message":"Expired card","reference_id":"REF-8t0q3k2k"}, ?, 0, stripe, confirmed, 2025-09-24 11:55:44, 2025-09-24 11:55:44))&#13;
at vendor\laravel\framework\src\Illuminate\Database\Connection.php:564
at vendor\laravel\framework\src\Illuminate\Database\Connection.php:811
at vendor\laravel\framework\src\Illuminate\Database\Connection.php:778
at vendor\laravel\framework\src\Illuminate\Database\Connection.php:559
at vendor\laravel\framework\src\Illuminate\Database\Connection.php:523
at vendor\laravel\framework\src\Illuminate\Database\Query\Processors\Processor.php:32
at vendor\laravel\framework\src\Illuminate\Database\Query\Builder.php:3853
at vendor\laravel\framework\src\Illuminate\Database\Eloquent\Builder.php:2235
at vendor\laravel\framework\src\Illuminate\Database\Eloquent\Model.php:1436
at vendor\laravel\framework\src\Illuminate\Database\Eloquent\Model.php:1401
at vendor\laravel\framework\src\Illuminate\Database\Eloquent\Model.php:1240
at vendor\laravel\framework\src\Illuminate\Database\Eloquent\Factories\Factory.php:370
at vendor\laravel\framework\src\Illuminate\Collections\Traits\EnumeratesValues.php:271
at vendor\laravel\framework\src\Illuminate\Database\Eloquent\Factories\Factory.php:365
at vendor\laravel\framework\src\Illuminate\Database\Eloquent\Factories\Factory.php:321
at vendor\laravel\framework\src\Illuminate\Database\Eloquent\Factories\Factory.php:315
at tests\Unit\Models\PaymentTest.php:23
Caused by
PDOException: SQLSTATE[HY000]: General error: 1 table car_rental_payments has no column named method

at vendor\laravel\framework\src\Illuminate\Database\Connection.php:564
at vendor\laravel\framework\src\Illuminate\Database\Connection.php:811
at vendor\laravel\framework\src\Illuminate\Database\Connection.php:778
at vendor\laravel\framework\src\Illuminate\Database\Connection.php:559
at vendor\laravel\framework\src\Illuminate\Database\Connection.php:523
at vendor\laravel\framework\src\Illuminate\Database\Query\Processors\Processor.php:32
at vendor\laravel\framework\src\Illuminate\Database\Query\Builder.php:3853
at vendor\laravel\framework\src\Illuminate\Database\Eloquent\Builder.php:2235
at vendor\laravel\framework\src\Illuminate\Database\Eloquent\Model.php:1436
at vendor\laravel\framework\src\Illuminate\Database\Eloquent\Model.php:1401
at vendor\laravel\framework\src\Illuminate\Database\Eloquent\Model.php:1240
at vendor\laravel\framework\src\Illuminate\Database\Eloquent\Factories\Factory.php:370
at vendor\laravel\framework\src\Illuminate\Collections\Traits\EnumeratesValues.php:271
at vendor\laravel\framework\src\Illuminate\Database\Eloquent\Factories\Factory.php:365
at vendor\laravel\framework\src\Illuminate\Database\Eloquent\Factories\Factory.php:321
at vendor\laravel\framework\src\Illuminate\Database\Eloquent\Factories\Factory.php:315
at tests\Unit\Models\PaymentTest.php:23</error>
        </testcase>
        <testcase name="`Payment Model` → it casts dates correctly" file="tests\Unit\Models\PaymentTest.php::`Payment Model` → it casts dates correctly" class="Tests\Unit\Models\PaymentTest" classname="Tests.Unit.Models.PaymentTest" assertions="0" time="0.000000">
          <error type="Illuminate\Database\QueryException">`Payment Model` → it casts dates correctlyIlluminate\Database\QueryException: SQLSTATE[HY000]: General error: 1 table car_rental_payments has no column named method (Connection: sqlite, SQL: insert into "car_rental_payments" ("booking_id", "amount", "payment_method", "payment_status", "transaction_id", "processed_at", "gateway_response", "refunded_at", "refund_amount", "method", "status", "updated_at", "created_at") values (1, 400, apple_pay, cancelled, TXN-5q9u2a1z9d7n, ?, {"gateway":"razorpay","response_code":"402","message":"Card declined","reference_id":"REF-9q1y9y7n"}, ?, 0, stripe, confirmed, 2025-09-24 11:55:44, 2025-09-24 11:55:44))&#13;
at vendor\laravel\framework\src\Illuminate\Database\Connection.php:564
at vendor\laravel\framework\src\Illuminate\Database\Connection.php:811
at vendor\laravel\framework\src\Illuminate\Database\Connection.php:778
at vendor\laravel\framework\src\Illuminate\Database\Connection.php:559
at vendor\laravel\framework\src\Illuminate\Database\Connection.php:523
at vendor\laravel\framework\src\Illuminate\Database\Query\Processors\Processor.php:32
at vendor\laravel\framework\src\Illuminate\Database\Query\Builder.php:3853
at vendor\laravel\framework\src\Illuminate\Database\Eloquent\Builder.php:2235
at vendor\laravel\framework\src\Illuminate\Database\Eloquent\Model.php:1436
at vendor\laravel\framework\src\Illuminate\Database\Eloquent\Model.php:1401
at vendor\laravel\framework\src\Illuminate\Database\Eloquent\Model.php:1240
at vendor\laravel\framework\src\Illuminate\Database\Eloquent\Factories\Factory.php:370
at vendor\laravel\framework\src\Illuminate\Collections\Traits\EnumeratesValues.php:271
at vendor\laravel\framework\src\Illuminate\Database\Eloquent\Factories\Factory.php:365
at vendor\laravel\framework\src\Illuminate\Database\Eloquent\Factories\Factory.php:321
at vendor\laravel\framework\src\Illuminate\Database\Eloquent\Factories\Factory.php:315
at tests\Unit\Models\PaymentTest.php:23
Caused by
PDOException: SQLSTATE[HY000]: General error: 1 table car_rental_payments has no column named method

at vendor\laravel\framework\src\Illuminate\Database\Connection.php:564
at vendor\laravel\framework\src\Illuminate\Database\Connection.php:811
at vendor\laravel\framework\src\Illuminate\Database\Connection.php:778
at vendor\laravel\framework\src\Illuminate\Database\Connection.php:559
at vendor\laravel\framework\src\Illuminate\Database\Connection.php:523
at vendor\laravel\framework\src\Illuminate\Database\Query\Processors\Processor.php:32
at vendor\laravel\framework\src\Illuminate\Database\Query\Builder.php:3853
at vendor\laravel\framework\src\Illuminate\Database\Eloquent\Builder.php:2235
at vendor\laravel\framework\src\Illuminate\Database\Eloquent\Model.php:1436
at vendor\laravel\framework\src\Illuminate\Database\Eloquent\Model.php:1401
at vendor\laravel\framework\src\Illuminate\Database\Eloquent\Model.php:1240
at vendor\laravel\framework\src\Illuminate\Database\Eloquent\Factories\Factory.php:370
at vendor\laravel\framework\src\Illuminate\Collections\Traits\EnumeratesValues.php:271
at vendor\laravel\framework\src\Illuminate\Database\Eloquent\Factories\Factory.php:365
at vendor\laravel\framework\src\Illuminate\Database\Eloquent\Factories\Factory.php:321
at vendor\laravel\framework\src\Illuminate\Database\Eloquent\Factories\Factory.php:315
at tests\Unit\Models\PaymentTest.php:23</error>
        </testcase>
        <testcase name="`Payment Model` → it can handle payment failures" file="tests\Unit\Models\PaymentTest.php::`Payment Model` → it can handle payment failures" class="Tests\Unit\Models\PaymentTest" classname="Tests.Unit.Models.PaymentTest" assertions="0" time="0.000000">
          <error type="Illuminate\Database\QueryException">`Payment Model` → it can handle payment failuresIlluminate\Database\QueryException: SQLSTATE[HY000]: General error: 1 table car_rental_payments has no column named method (Connection: sqlite, SQL: insert into "car_rental_payments" ("booking_id", "amount", "payment_method", "payment_status", "transaction_id", "processed_at", "gateway_response", "refunded_at", "refund_amount", "method", "status", "updated_at", "created_at") values (1, 400, cash, confirmed, ?, 2025-09-09 13:16:57, ?, ?, 0, stripe, confirmed, 2025-09-24 11:55:44, 2025-09-24 11:55:44))&#13;
at vendor\laravel\framework\src\Illuminate\Database\Connection.php:564
at vendor\laravel\framework\src\Illuminate\Database\Connection.php:811
at vendor\laravel\framework\src\Illuminate\Database\Connection.php:778
at vendor\laravel\framework\src\Illuminate\Database\Connection.php:559
at vendor\laravel\framework\src\Illuminate\Database\Connection.php:523
at vendor\laravel\framework\src\Illuminate\Database\Query\Processors\Processor.php:32
at vendor\laravel\framework\src\Illuminate\Database\Query\Builder.php:3853
at vendor\laravel\framework\src\Illuminate\Database\Eloquent\Builder.php:2235
at vendor\laravel\framework\src\Illuminate\Database\Eloquent\Model.php:1436
at vendor\laravel\framework\src\Illuminate\Database\Eloquent\Model.php:1401
at vendor\laravel\framework\src\Illuminate\Database\Eloquent\Model.php:1240
at vendor\laravel\framework\src\Illuminate\Database\Eloquent\Factories\Factory.php:370
at vendor\laravel\framework\src\Illuminate\Collections\Traits\EnumeratesValues.php:271
at vendor\laravel\framework\src\Illuminate\Database\Eloquent\Factories\Factory.php:365
at vendor\laravel\framework\src\Illuminate\Database\Eloquent\Factories\Factory.php:321
at vendor\laravel\framework\src\Illuminate\Database\Eloquent\Factories\Factory.php:315
at tests\Unit\Models\PaymentTest.php:23
Caused by
PDOException: SQLSTATE[HY000]: General error: 1 table car_rental_payments has no column named method

at vendor\laravel\framework\src\Illuminate\Database\Connection.php:564
at vendor\laravel\framework\src\Illuminate\Database\Connection.php:811
at vendor\laravel\framework\src\Illuminate\Database\Connection.php:778
at vendor\laravel\framework\src\Illuminate\Database\Connection.php:559
at vendor\laravel\framework\src\Illuminate\Database\Connection.php:523
at vendor\laravel\framework\src\Illuminate\Database\Query\Processors\Processor.php:32
at vendor\laravel\framework\src\Illuminate\Database\Query\Builder.php:3853
at vendor\laravel\framework\src\Illuminate\Database\Eloquent\Builder.php:2235
at vendor\laravel\framework\src\Illuminate\Database\Eloquent\Model.php:1436
at vendor\laravel\framework\src\Illuminate\Database\Eloquent\Model.php:1401
at vendor\laravel\framework\src\Illuminate\Database\Eloquent\Model.php:1240
at vendor\laravel\framework\src\Illuminate\Database\Eloquent\Factories\Factory.php:370
at vendor\laravel\framework\src\Illuminate\Collections\Traits\EnumeratesValues.php:271
at vendor\laravel\framework\src\Illuminate\Database\Eloquent\Factories\Factory.php:365
at vendor\laravel\framework\src\Illuminate\Database\Eloquent\Factories\Factory.php:321
at vendor\laravel\framework\src\Illuminate\Database\Eloquent\Factories\Factory.php:315
at tests\Unit\Models\PaymentTest.php:23</error>
        </testcase>
        <testcase name="`Payment Model` → it can store stripe specific fields" file="tests\Unit\Models\PaymentTest.php::`Payment Model` → it can store stripe specific fields" class="Tests\Unit\Models\PaymentTest" classname="Tests.Unit.Models.PaymentTest" assertions="0" time="0.000000">
          <error type="Illuminate\Database\QueryException">`Payment Model` → it can store stripe specific fieldsIlluminate\Database\QueryException: SQLSTATE[HY000]: General error: 1 table car_rental_payments has no column named method (Connection: sqlite, SQL: insert into "car_rental_payments" ("booking_id", "amount", "payment_method", "payment_status", "transaction_id", "processed_at", "gateway_response", "refunded_at", "refund_amount", "method", "status", "updated_at", "created_at") values (1, 400, visa, pending, TXN-7r9r3c8y3u0u, ?, {"gateway":"razorpay","response_code":"402","message":"Security check failed","reference_id":"REF-0k1y8j5k"}, ?, 0, stripe, confirmed, 2025-09-24 11:55:44, 2025-09-24 11:55:44))&#13;
at vendor\laravel\framework\src\Illuminate\Database\Connection.php:564
at vendor\laravel\framework\src\Illuminate\Database\Connection.php:811
at vendor\laravel\framework\src\Illuminate\Database\Connection.php:778
at vendor\laravel\framework\src\Illuminate\Database\Connection.php:559
at vendor\laravel\framework\src\Illuminate\Database\Connection.php:523
at vendor\laravel\framework\src\Illuminate\Database\Query\Processors\Processor.php:32
at vendor\laravel\framework\src\Illuminate\Database\Query\Builder.php:3853
at vendor\laravel\framework\src\Illuminate\Database\Eloquent\Builder.php:2235
at vendor\laravel\framework\src\Illuminate\Database\Eloquent\Model.php:1436
at vendor\laravel\framework\src\Illuminate\Database\Eloquent\Model.php:1401
at vendor\laravel\framework\src\Illuminate\Database\Eloquent\Model.php:1240
at vendor\laravel\framework\src\Illuminate\Database\Eloquent\Factories\Factory.php:370
at vendor\laravel\framework\src\Illuminate\Collections\Traits\EnumeratesValues.php:271
at vendor\laravel\framework\src\Illuminate\Database\Eloquent\Factories\Factory.php:365
at vendor\laravel\framework\src\Illuminate\Database\Eloquent\Factories\Factory.php:321
at vendor\laravel\framework\src\Illuminate\Database\Eloquent\Factories\Factory.php:315
at tests\Unit\Models\PaymentTest.php:23
Caused by
PDOException: SQLSTATE[HY000]: General error: 1 table car_rental_payments has no column named method

at vendor\laravel\framework\src\Illuminate\Database\Connection.php:564
at vendor\laravel\framework\src\Illuminate\Database\Connection.php:811
at vendor\laravel\framework\src\Illuminate\Database\Connection.php:778
at vendor\laravel\framework\src\Illuminate\Database\Connection.php:559
at vendor\laravel\framework\src\Illuminate\Database\Connection.php:523
at vendor\laravel\framework\src\Illuminate\Database\Query\Processors\Processor.php:32
at vendor\laravel\framework\src\Illuminate\Database\Query\Builder.php:3853
at vendor\laravel\framework\src\Illuminate\Database\Eloquent\Builder.php:2235
at vendor\laravel\framework\src\Illuminate\Database\Eloquent\Model.php:1436
at vendor\laravel\framework\src\Illuminate\Database\Eloquent\Model.php:1401
at vendor\laravel\framework\src\Illuminate\Database\Eloquent\Model.php:1240
at vendor\laravel\framework\src\Illuminate\Database\Eloquent\Factories\Factory.php:370
at vendor\laravel\framework\src\Illuminate\Collections\Traits\EnumeratesValues.php:271
at vendor\laravel\framework\src\Illuminate\Database\Eloquent\Factories\Factory.php:365
at vendor\laravel\framework\src\Illuminate\Database\Eloquent\Factories\Factory.php:321
at vendor\laravel\framework\src\Illuminate\Database\Eloquent\Factories\Factory.php:315
at tests\Unit\Models\PaymentTest.php:23</error>
        </testcase>
        <testcase name="`Payment Model` → it can store tng specific fields" file="tests\Unit\Models\PaymentTest.php::`Payment Model` → it can store tng specific fields" class="Tests\Unit\Models\PaymentTest" classname="Tests.Unit.Models.PaymentTest" assertions="0" time="0.000000">
          <error type="Illuminate\Database\QueryException">`Payment Model` → it can store tng specific fieldsIlluminate\Database\QueryException: SQLSTATE[HY000]: General error: 1 table car_rental_payments has no column named method (Connection: sqlite, SQL: insert into "car_rental_payments" ("booking_id", "amount", "payment_method", "payment_status", "transaction_id", "processed_at", "gateway_response", "refunded_at", "refund_amount", "method", "status", "updated_at", "created_at") values (1, 400, bank_transfer, processing, TXN-6u9l1a2i2j4v, ?, {"gateway":"paypal","response_code":"500","message":"Bank processing error","reference_id":"REF-0m2b6y9r"}, ?, 0, stripe, confirmed, 2025-09-24 11:55:45, 2025-09-24 11:55:45))&#13;
at vendor\laravel\framework\src\Illuminate\Database\Connection.php:564
at vendor\laravel\framework\src\Illuminate\Database\Connection.php:811
at vendor\laravel\framework\src\Illuminate\Database\Connection.php:778
at vendor\laravel\framework\src\Illuminate\Database\Connection.php:559
at vendor\laravel\framework\src\Illuminate\Database\Connection.php:523
at vendor\laravel\framework\src\Illuminate\Database\Query\Processors\Processor.php:32
at vendor\laravel\framework\src\Illuminate\Database\Query\Builder.php:3853
at vendor\laravel\framework\src\Illuminate\Database\Eloquent\Builder.php:2235
at vendor\laravel\framework\src\Illuminate\Database\Eloquent\Model.php:1436
at vendor\laravel\framework\src\Illuminate\Database\Eloquent\Model.php:1401
at vendor\laravel\framework\src\Illuminate\Database\Eloquent\Model.php:1240
at vendor\laravel\framework\src\Illuminate\Database\Eloquent\Factories\Factory.php:370
at vendor\laravel\framework\src\Illuminate\Collections\Traits\EnumeratesValues.php:271
at vendor\laravel\framework\src\Illuminate\Database\Eloquent\Factories\Factory.php:365
at vendor\laravel\framework\src\Illuminate\Database\Eloquent\Factories\Factory.php:321
at vendor\laravel\framework\src\Illuminate\Database\Eloquent\Factories\Factory.php:315
at tests\Unit\Models\PaymentTest.php:23
Caused by
PDOException: SQLSTATE[HY000]: General error: 1 table car_rental_payments has no column named method

at vendor\laravel\framework\src\Illuminate\Database\Connection.php:564
at vendor\laravel\framework\src\Illuminate\Database\Connection.php:811
at vendor\laravel\framework\src\Illuminate\Database\Connection.php:778
at vendor\laravel\framework\src\Illuminate\Database\Connection.php:559
at vendor\laravel\framework\src\Illuminate\Database\Connection.php:523
at vendor\laravel\framework\src\Illuminate\Database\Query\Processors\Processor.php:32
at vendor\laravel\framework\src\Illuminate\Database\Query\Builder.php:3853
at vendor\laravel\framework\src\Illuminate\Database\Eloquent\Builder.php:2235
at vendor\laravel\framework\src\Illuminate\Database\Eloquent\Model.php:1436
at vendor\laravel\framework\src\Illuminate\Database\Eloquent\Model.php:1401
at vendor\laravel\framework\src\Illuminate\Database\Eloquent\Model.php:1240
at vendor\laravel\framework\src\Illuminate\Database\Eloquent\Factories\Factory.php:370
at vendor\laravel\framework\src\Illuminate\Collections\Traits\EnumeratesValues.php:271
at vendor\laravel\framework\src\Illuminate\Database\Eloquent\Factories\Factory.php:365
at vendor\laravel\framework\src\Illuminate\Database\Eloquent\Factories\Factory.php:321
at vendor\laravel\framework\src\Illuminate\Database\Eloquent\Factories\Factory.php:315
at tests\Unit\Models\PaymentTest.php:23</error>
        </testcase>
        <testcase name="`Payment Model` → it can store cash specific fields" file="tests\Unit\Models\PaymentTest.php::`Payment Model` → it can store cash specific fields" class="Tests\Unit\Models\PaymentTest" classname="Tests.Unit.Models.PaymentTest" assertions="0" time="0.000000">
          <error type="Illuminate\Database\QueryException">`Payment Model` → it can store cash specific fieldsIlluminate\Database\QueryException: SQLSTATE[HY000]: General error: 1 table car_rental_payments has no column named method (Connection: sqlite, SQL: insert into "car_rental_payments" ("booking_id", "amount", "payment_method", "payment_status", "transaction_id", "processed_at", "gateway_response", "refunded_at", "refund_amount", "method", "status", "updated_at", "created_at") values (1, 400, cash, processing, ?, ?, ?, ?, 0, stripe, confirmed, 2025-09-24 11:55:45, 2025-09-24 11:55:45))&#13;
at vendor\laravel\framework\src\Illuminate\Database\Connection.php:564
at vendor\laravel\framework\src\Illuminate\Database\Connection.php:811
at vendor\laravel\framework\src\Illuminate\Database\Connection.php:778
at vendor\laravel\framework\src\Illuminate\Database\Connection.php:559
at vendor\laravel\framework\src\Illuminate\Database\Connection.php:523
at vendor\laravel\framework\src\Illuminate\Database\Query\Processors\Processor.php:32
at vendor\laravel\framework\src\Illuminate\Database\Query\Builder.php:3853
at vendor\laravel\framework\src\Illuminate\Database\Eloquent\Builder.php:2235
at vendor\laravel\framework\src\Illuminate\Database\Eloquent\Model.php:1436
at vendor\laravel\framework\src\Illuminate\Database\Eloquent\Model.php:1401
at vendor\laravel\framework\src\Illuminate\Database\Eloquent\Model.php:1240
at vendor\laravel\framework\src\Illuminate\Database\Eloquent\Factories\Factory.php:370
at vendor\laravel\framework\src\Illuminate\Collections\Traits\EnumeratesValues.php:271
at vendor\laravel\framework\src\Illuminate\Database\Eloquent\Factories\Factory.php:365
at vendor\laravel\framework\src\Illuminate\Database\Eloquent\Factories\Factory.php:321
at vendor\laravel\framework\src\Illuminate\Database\Eloquent\Factories\Factory.php:315
at tests\Unit\Models\PaymentTest.php:23
Caused by
PDOException: SQLSTATE[HY000]: General error: 1 table car_rental_payments has no column named method

at vendor\laravel\framework\src\Illuminate\Database\Connection.php:564
at vendor\laravel\framework\src\Illuminate\Database\Connection.php:811
at vendor\laravel\framework\src\Illuminate\Database\Connection.php:778
at vendor\laravel\framework\src\Illuminate\Database\Connection.php:559
at vendor\laravel\framework\src\Illuminate\Database\Connection.php:523
at vendor\laravel\framework\src\Illuminate\Database\Query\Processors\Processor.php:32
at vendor\laravel\framework\src\Illuminate\Database\Query\Builder.php:3853
at vendor\laravel\framework\src\Illuminate\Database\Eloquent\Builder.php:2235
at vendor\laravel\framework\src\Illuminate\Database\Eloquent\Model.php:1436
at vendor\laravel\framework\src\Illuminate\Database\Eloquent\Model.php:1401
at vendor\laravel\framework\src\Illuminate\Database\Eloquent\Model.php:1240
at vendor\laravel\framework\src\Illuminate\Database\Eloquent\Factories\Factory.php:370
at vendor\laravel\framework\src\Illuminate\Collections\Traits\EnumeratesValues.php:271
at vendor\laravel\framework\src\Illuminate\Database\Eloquent\Factories\Factory.php:365
at vendor\laravel\framework\src\Illuminate\Database\Eloquent\Factories\Factory.php:321
at vendor\laravel\framework\src\Illuminate\Database\Eloquent\Factories\Factory.php:315
at tests\Unit\Models\PaymentTest.php:23</error>
        </testcase>
        <testcase name="`Payment Model` → it can handle refunds" file="tests\Unit\Models\PaymentTest.php::`Payment Model` → it can handle refunds" class="Tests\Unit\Models\PaymentTest" classname="Tests.Unit.Models.PaymentTest" assertions="0" time="0.000000">
          <error type="Illuminate\Database\QueryException">`Payment Model` → it can handle refundsIlluminate\Database\QueryException: SQLSTATE[HY000]: General error: 1 table car_rental_payments has no column named method (Connection: sqlite, SQL: insert into "car_rental_payments" ("booking_id", "amount", "payment_method", "payment_status", "transaction_id", "processed_at", "gateway_response", "refunded_at", "refund_amount", "method", "status", "updated_at", "created_at") values (1, 400, paypal, refunded, TXN-8d2w6a6u0x3i, ?, {"gateway":"square","response_code":"500","message":"Network timeout","reference_id":"REF-1y0x1z9x"}, ?, 0, stripe, confirmed, 2025-09-24 11:55:45, 2025-09-24 11:55:45))&#13;
at vendor\laravel\framework\src\Illuminate\Database\Connection.php:564
at vendor\laravel\framework\src\Illuminate\Database\Connection.php:811
at vendor\laravel\framework\src\Illuminate\Database\Connection.php:778
at vendor\laravel\framework\src\Illuminate\Database\Connection.php:559
at vendor\laravel\framework\src\Illuminate\Database\Connection.php:523
at vendor\laravel\framework\src\Illuminate\Database\Query\Processors\Processor.php:32
at vendor\laravel\framework\src\Illuminate\Database\Query\Builder.php:3853
at vendor\laravel\framework\src\Illuminate\Database\Eloquent\Builder.php:2235
at vendor\laravel\framework\src\Illuminate\Database\Eloquent\Model.php:1436
at vendor\laravel\framework\src\Illuminate\Database\Eloquent\Model.php:1401
at vendor\laravel\framework\src\Illuminate\Database\Eloquent\Model.php:1240
at vendor\laravel\framework\src\Illuminate\Database\Eloquent\Factories\Factory.php:370
at vendor\laravel\framework\src\Illuminate\Collections\Traits\EnumeratesValues.php:271
at vendor\laravel\framework\src\Illuminate\Database\Eloquent\Factories\Factory.php:365
at vendor\laravel\framework\src\Illuminate\Database\Eloquent\Factories\Factory.php:321
at vendor\laravel\framework\src\Illuminate\Database\Eloquent\Factories\Factory.php:315
at tests\Unit\Models\PaymentTest.php:23
Caused by
PDOException: SQLSTATE[HY000]: General error: 1 table car_rental_payments has no column named method

at vendor\laravel\framework\src\Illuminate\Database\Connection.php:564
at vendor\laravel\framework\src\Illuminate\Database\Connection.php:811
at vendor\laravel\framework\src\Illuminate\Database\Connection.php:778
at vendor\laravel\framework\src\Illuminate\Database\Connection.php:559
at vendor\laravel\framework\src\Illuminate\Database\Connection.php:523
at vendor\laravel\framework\src\Illuminate\Database\Query\Processors\Processor.php:32
at vendor\laravel\framework\src\Illuminate\Database\Query\Builder.php:3853
at vendor\laravel\framework\src\Illuminate\Database\Eloquent\Builder.php:2235
at vendor\laravel\framework\src\Illuminate\Database\Eloquent\Model.php:1436
at vendor\laravel\framework\src\Illuminate\Database\Eloquent\Model.php:1401
at vendor\laravel\framework\src\Illuminate\Database\Eloquent\Model.php:1240
at vendor\laravel\framework\src\Illuminate\Database\Eloquent\Factories\Factory.php:370
at vendor\laravel\framework\src\Illuminate\Collections\Traits\EnumeratesValues.php:271
at vendor\laravel\framework\src\Illuminate\Database\Eloquent\Factories\Factory.php:365
at vendor\laravel\framework\src\Illuminate\Database\Eloquent\Factories\Factory.php:321
at vendor\laravel\framework\src\Illuminate\Database\Eloquent\Factories\Factory.php:315
at tests\Unit\Models\PaymentTest.php:23</error>
        </testcase>
      </testsuite>
      <testsuite name="Tests\Unit\DTOs\BookingCalculationDTOTest" file="tests\Unit\DTOs\BookingCalculationDTOTest.php" tests="4" assertions="18" errors="0" failures="1" skipped="0" time="0.408704">
        <testcase name="`BookingCalculationDTO` → it calculates booking totals correctly" file="tests\Unit\DTOs\BookingCalculationDTOTest.php::`BookingCalculationDTO` → it calculates booking totals correctly" class="Tests\Unit\DTOs\BookingCalculationDTOTest" classname="Tests.Unit.DTOs.BookingCalculationDTOTest" assertions="5" time="0.138240">
          <failure type="PHPUnit\Framework\ExpectationFailedException">`BookingCalculationDTO` → it calculates booking totals correctlyFailed asserting that 26.400000000000002 is identical to 26.4.&#13;
at tests\Unit\DTOs\BookingCalculationDTOTest.php:18</failure>
        </testcase>
        <testcase name="`BookingCalculationDTO` → it converts to array with formatted amounts" file="tests\Unit\DTOs\BookingCalculationDTOTest.php::`BookingCalculationDTO` → it converts to array with formatted amounts" class="Tests\Unit\DTOs\BookingCalculationDTOTest" classname="Tests.Unit.DTOs.BookingCalculationDTOTest" assertions="10" time="0.087547"/>
        <testcase name="`BookingCalculationDTO` → it handles zero days correctly" file="tests\Unit\DTOs\BookingCalculationDTOTest.php::`BookingCalculationDTO` → it handles zero days correctly" class="Tests\Unit\DTOs\BookingCalculationDTOTest" classname="Tests.Unit.DTOs.BookingCalculationDTOTest" assertions="2" time="0.105641"/>
        <testcase name="`BookingCalculationDTO` → it formats total with currency" file="tests\Unit\DTOs\BookingCalculationDTOTest.php::`BookingCalculationDTO` → it formats total with currency" class="Tests\Unit\DTOs\BookingCalculationDTOTest" classname="Tests.Unit.DTOs.BookingCalculationDTOTest" assertions="1" time="0.077276"/>
      </testsuite>
      <testsuite name="Tests\Unit\Repositories\VehicleRepositoryTest" file="tests\Unit\Repositories\VehicleRepositoryTest.php" tests="7" assertions="16" errors="1" failures="0" skipped="0" time="2.038118">
        <testcase name="`VehicleRepository` → it can search vehicles with filters" file="tests\Unit\Repositories\VehicleRepositoryTest.php::`VehicleRepository` → it can search vehicles with filters" class="Tests\Unit\Repositories\VehicleRepositoryTest" classname="Tests.Unit.Repositories.VehicleRepositoryTest" assertions="2" time="0.126591"/>
        <testcase name="`VehicleRepository` → it can get owner vehicles" file="tests\Unit\Repositories\VehicleRepositoryTest.php::`VehicleRepository` → it can get owner vehicles" class="Tests\Unit\Repositories\VehicleRepositoryTest" classname="Tests.Unit.Repositories.VehicleRepositoryTest" assertions="2" time="0.151292"/>
        <testcase name="`VehicleRepository` → it can find vehicle with details" file="tests\Unit\Repositories\VehicleRepositoryTest.php::`VehicleRepository` → it can find vehicle with details" class="Tests\Unit\Repositories\VehicleRepositoryTest" classname="Tests.Unit.Repositories.VehicleRepositoryTest" assertions="5" time="0.257878"/>
        <testcase name="`VehicleRepository` → it can check vehicle availability" file="tests\Unit\Repositories\VehicleRepositoryTest.php::`VehicleRepository` → it can check vehicle availability" class="Tests\Unit\Repositories\VehicleRepositoryTest" classname="Tests.Unit.Repositories.VehicleRepositoryTest" assertions="2" time="0.507906"/>
        <testcase name="`VehicleRepository` → it can get vehicle statistics" file="tests\Unit\Repositories\VehicleRepositoryTest.php::`VehicleRepository` → it can get vehicle statistics" class="Tests\Unit\Repositories\VehicleRepositoryTest" classname="Tests.Unit.Repositories.VehicleRepositoryTest" assertions="0" time="0.350462">
          <error type="Illuminate\Database\QueryException">`VehicleRepository` → it can get vehicle statisticsIlluminate\Database\QueryException: SQLSTATE[HY000]: General error: 1 no such function: DATEDIFF (Connection: sqlite, SQL: select sum(DATEDIFF(end_date, start_date) + 1) as aggregate from "car_rental_bookings" where "car_rental_bookings"."vehicle_id" = 1 and "car_rental_bookings"."vehicle_id" is not null and "status" = completed and "created_at" &gt;= 2024-09-24 11:55:47 and "car_rental_bookings"."deleted_at" is null)&#13;
at vendor\laravel\framework\src\Illuminate\Database\Connection.php:406
at vendor\laravel\framework\src\Illuminate\Database\Connection.php:811
at vendor\laravel\framework\src\Illuminate\Database\Connection.php:778
at vendor\laravel\framework\src\Illuminate\Database\Connection.php:397
at vendor\laravel\framework\src\Illuminate\Database\Query\Builder.php:3188
at vendor\laravel\framework\src\Illuminate\Database\Query\Builder.php:3173
at vendor\laravel\framework\src\Illuminate\Database\Query\Builder.php:3763
at vendor\laravel\framework\src\Illuminate\Database\Query\Builder.php:3172
at vendor\laravel\framework\src\Illuminate\Database\Query\Builder.php:3687
at vendor\laravel\framework\src\Illuminate\Database\Query\Builder.php:3648
at vendor\laravel\framework\src\Illuminate\Database\Eloquent\Builder.php:2235
at vendor\laravel\framework\src\Illuminate\Support\Traits\ForwardsCalls.php:23
at vendor\laravel\framework\src\Illuminate\Support\Traits\ForwardsCalls.php:52
at vendor\laravel\framework\src\Illuminate\Database\Eloquent\Relations\Relation.php:538
at app\Repositories\VehicleRepository.php:197
at app\Repositories\VehicleRepository.php:96
at tests\Unit\Repositories\VehicleRepositoryTest.php:141
Caused by
PDOException: SQLSTATE[HY000]: General error: 1 no such function: DATEDIFF

at vendor\laravel\framework\src\Illuminate\Database\Connection.php:406
at vendor\laravel\framework\src\Illuminate\Database\Connection.php:811
at vendor\laravel\framework\src\Illuminate\Database\Connection.php:778
at vendor\laravel\framework\src\Illuminate\Database\Connection.php:397
at vendor\laravel\framework\src\Illuminate\Database\Query\Builder.php:3188
at vendor\laravel\framework\src\Illuminate\Database\Query\Builder.php:3173
at vendor\laravel\framework\src\Illuminate\Database\Query\Builder.php:3763
at vendor\laravel\framework\src\Illuminate\Database\Query\Builder.php:3172
at vendor\laravel\framework\src\Illuminate\Database\Query\Builder.php:3687
at vendor\laravel\framework\src\Illuminate\Database\Query\Builder.php:3648
at vendor\laravel\framework\src\Illuminate\Database\Eloquent\Builder.php:2235
at vendor\laravel\framework\src\Illuminate\Support\Traits\ForwardsCalls.php:23
at vendor\laravel\framework\src\Illuminate\Support\Traits\ForwardsCalls.php:52
at vendor\laravel\framework\src\Illuminate\Database\Eloquent\Relations\Relation.php:538
at app\Repositories\VehicleRepository.php:197
at app\Repositories\VehicleRepository.php:96
at tests\Unit\Repositories\VehicleRepositoryTest.php:141</error>
        </testcase>
        <testcase name="`VehicleRepository` → it can get vehicles needing attention" file="tests\Unit\Repositories\VehicleRepositoryTest.php::`VehicleRepository` → it can get vehicles needing attention" class="Tests\Unit\Repositories\VehicleRepositoryTest" classname="Tests.Unit.Repositories.VehicleRepositoryTest" assertions="3" time="0.383381"/>
        <testcase name="`VehicleRepository` → it can get popular vehicles" file="tests\Unit\Repositories\VehicleRepositoryTest.php::`VehicleRepository` → it can get popular vehicles" class="Tests\Unit\Repositories\VehicleRepositoryTest" classname="Tests.Unit.Repositories.VehicleRepositoryTest" assertions="2" time="0.260606"/>
      </testsuite>
      <testsuite name="Tests\Unit\Models\VehicleTest" file="tests\Unit\Models\VehicleTest.php" tests="19" assertions="35" errors="0" failures="0" skipped="0" time="3.461094">
        <testcase name="`Vehicle Model` → `Query Scopes` → it filters vehicles by owner" file="tests\Unit\Models\VehicleTest.php::`Vehicle Model` → `Query Scopes` → it filters vehicles by owner" class="Tests\Unit\Models\VehicleTest" classname="Tests.Unit.Models.VehicleTest" assertions="2" time="0.600165"/>
        <testcase name="`Vehicle Model` → it can create vehicle with required attributes" file="tests\Unit\Models\VehicleTest.php::`Vehicle Model` → it can create vehicle with required attributes" class="Tests\Unit\Models\VehicleTest" classname="Tests.Unit.Models.VehicleTest" assertions="4" time="0.297479"/>
        <testcase name="`Vehicle Model` → `Featured Image URL Generation` → it falls back to first gallery image" file="tests\Unit\Models\VehicleTest.php::`Vehicle Model` → `Featured Image URL Generation` → it falls back to first gallery image" class="Tests\Unit\Models\VehicleTest" classname="Tests.Unit.Models.VehicleTest" assertions="1" time="0.194885"/>
        <testcase name="`Vehicle Model` → it can soft delete" file="tests\Unit\Models\VehicleTest.php::`Vehicle Model` → it can soft delete" class="Tests\Unit\Models\VehicleTest" classname="Tests.Unit.Models.VehicleTest" assertions="2" time="0.209078"/>
        <testcase name="`Vehicle Model` → `Featured Image URL Generation` → it falls back to featured_image field" file="tests\Unit\Models\VehicleTest.php::`Vehicle Model` → `Featured Image URL Generation` → it falls back to featured_image field" class="Tests\Unit\Models\VehicleTest" classname="Tests.Unit.Models.VehicleTest" assertions="1" time="0.166052"/>
        <testcase name="`Vehicle Model` → it has many reviews" file="tests\Unit\Models\VehicleTest.php::`Vehicle Model` → it has many reviews" class="Tests\Unit\Models\VehicleTest" classname="Tests.Unit.Models.VehicleTest" assertions="2" time="0.211693"/>
        <testcase name="`Vehicle Model` → it has many vehicle images" file="tests\Unit\Models\VehicleTest.php::`Vehicle Model` → it has many vehicle images" class="Tests\Unit\Models\VehicleTest" classname="Tests.Unit.Models.VehicleTest" assertions="2" time="0.085933"/>
        <testcase name="`Vehicle Model` → `Query Scopes` → it filters available vehicles for rent" file="tests\Unit\Models\VehicleTest.php::`Vehicle Model` → `Query Scopes` → it filters available vehicles for rent" class="Tests\Unit\Models\VehicleTest" classname="Tests.Unit.Models.VehicleTest" assertions="2" time="0.147266"/>
        <testcase name="`Vehicle Model` → `Query Scopes` → it excludes vehicles with conflicting bookings" file="tests\Unit\Models\VehicleTest.php::`Vehicle Model` → `Query Scopes` → it excludes vehicles with conflicting bookings" class="Tests\Unit\Models\VehicleTest" classname="Tests.Unit.Models.VehicleTest" assertions="2" time="0.124844"/>
        <testcase name="`Vehicle Model` → `Featured Image URL Generation` → it returns primary image from images relationship when loaded" file="tests\Unit\Models\VehicleTest.php::`Vehicle Model` → `Featured Image URL Generation` → it returns primary image from images relationship when loaded" class="Tests\Unit\Models\VehicleTest" classname="Tests.Unit.Models.VehicleTest" assertions="1" time="0.090594"/>
        <testcase name="`Vehicle Model` → `Query Scopes` → it filters by price range" file="tests\Unit\Models\VehicleTest.php::`Vehicle Model` → `Query Scopes` → it filters by price range" class="Tests\Unit\Models\VehicleTest" classname="Tests.Unit.Models.VehicleTest" assertions="2" time="0.175267"/>
        <testcase name="`Vehicle Model` → it uses correct table name" file="tests\Unit\Models\VehicleTest.php::`Vehicle Model` → it uses correct table name" class="Tests\Unit\Models\VehicleTest" classname="Tests.Unit.Models.VehicleTest" assertions="1" time="0.219336"/>
        <testcase name="`Vehicle Model` → it handles invalid daily rate gracefully" file="tests\Unit\Models\VehicleTest.php::`Vehicle Model` → it handles invalid daily rate gracefully" class="Tests\Unit\Models\VehicleTest" classname="Tests.Unit.Models.VehicleTest" assertions="1" time="0.170982"/>
        <testcase name="`Vehicle Model` → it has many bookings" file="tests\Unit\Models\VehicleTest.php::`Vehicle Model` → it has many bookings" class="Tests\Unit\Models\VehicleTest" classname="Tests.Unit.Models.VehicleTest" assertions="2" time="0.135123"/>
        <testcase name="`Vehicle Model` → it belongs to an owner" file="tests\Unit\Models\VehicleTest.php::`Vehicle Model` → it belongs to an owner" class="Tests\Unit\Models\VehicleTest" classname="Tests.Unit.Models.VehicleTest" assertions="2" time="0.138178"/>
        <testcase name="`Vehicle Model` → it has correct fillable attributes" file="tests\Unit\Models\VehicleTest.php::`Vehicle Model` → it has correct fillable attributes" class="Tests\Unit\Models\VehicleTest" classname="Tests.Unit.Models.VehicleTest" assertions="1" time="0.132053"/>
        <testcase name="`Vehicle Model` → `Featured Image URL Generation` → it returns first image when no primary image exists" file="tests\Unit\Models\VehicleTest.php::`Vehicle Model` → `Featured Image URL Generation` → it returns first image when no primary image exists" class="Tests\Unit\Models\VehicleTest" classname="Tests.Unit.Models.VehicleTest" assertions="1" time="0.115560"/>
        <testcase name="`Vehicle Model` → `Featured Image URL Generation` → it returns null when no images available" file="tests\Unit\Models\VehicleTest.php::`Vehicle Model` → `Featured Image URL Generation` → it returns null when no images available" class="Tests\Unit\Models\VehicleTest" classname="Tests.Unit.Models.VehicleTest" assertions="1" time="0.115872"/>
        <testcase name="`Vehicle Model` → it casts attributes correctly" file="tests\Unit\Models\VehicleTest.php::`Vehicle Model` → it casts attributes correctly" class="Tests\Unit\Models\VehicleTest" classname="Tests.Unit.Models.VehicleTest" assertions="5" time="0.130735"/>
      </testsuite>
      <testsuite name="Tests\Unit\ExampleTest" file="tests\Unit\ExampleTest.php" tests="1" assertions="1" errors="0" failures="0" skipped="0" time="0.173083">
        <testcase name="example" file="tests\Unit\ExampleTest.php::example" class="Tests\Unit\ExampleTest" classname="Tests.Unit.ExampleTest" assertions="1" time="0.173083"/>
      </testsuite>
      <testsuite name="Tests\Unit\Models\UserTest" file="tests\Unit\Models\UserTest.php" tests="11" assertions="22" errors="0" failures="0" skipped="0" time="1.009649">
        <testcase name="`User Model` → it owner can have many vehicles" file="tests\Unit\Models\UserTest.php::`User Model` → it owner can have many vehicles" class="Tests\Unit\Models\UserTest" classname="Tests.Unit.Models.UserTest" assertions="2" time="0.113139"/>
        <testcase name="`User Model` → it casts attributes correctly" file="tests\Unit\Models\UserTest.php::`User Model` → it casts attributes correctly" class="Tests\Unit\Models\UserTest" classname="Tests.Unit.Models.UserTest" assertions="3" time="0.075363"/>
        <testcase name="`User Model` → it has correct fillable attributes" file="tests\Unit\Models\UserTest.php::`User Model` → it has correct fillable attributes" class="Tests\Unit\Models\UserTest" classname="Tests.Unit.Models.UserTest" assertions="1" time="0.081973"/>
        <testcase name="`User Model` → it has correct hidden attributes" file="tests\Unit\Models\UserTest.php::`User Model` → it has correct hidden attributes" class="Tests\Unit\Models\UserTest" classname="Tests.Unit.Models.UserTest" assertions="1" time="0.078401"/>
        <testcase name="`User Model` → it renter can have many reviews" file="tests\Unit\Models\UserTest.php::`User Model` → it renter can have many reviews" class="Tests\Unit\Models\UserTest" classname="Tests.Unit.Models.UserTest" assertions="2" time="0.146338"/>
        <testcase name="`User Model` → it uses email verification" file="tests\Unit\Models\UserTest.php::`User Model` → it uses email verification" class="Tests\Unit\Models\UserTest" classname="Tests.Unit.Models.UserTest" assertions="2" time="0.091841"/>
        <testcase name="`User Model` → it can update profile information" file="tests\Unit\Models\UserTest.php::`User Model` → it can update profile information" class="Tests\Unit\Models\UserTest" classname="Tests.Unit.Models.UserTest" assertions="3" time="0.074240"/>
        <testcase name="`User Model` → it can be created with different roles" file="tests\Unit\Models\UserTest.php::`User Model` → it can be created with different roles" class="Tests\Unit\Models\UserTest" classname="Tests.Unit.Models.UserTest" assertions="3" time="0.085863"/>
        <testcase name="`User Model` → it has unique email constraint" file="tests\Unit\Models\UserTest.php::`User Model` → it has unique email constraint" class="Tests\Unit\Models\UserTest" classname="Tests.Unit.Models.UserTest" assertions="1" time="0.080827"/>
        <testcase name="`User Model` → it hashes password when set" file="tests\Unit\Models\UserTest.php::`User Model` → it hashes password when set" class="Tests\Unit\Models\UserTest" classname="Tests.Unit.Models.UserTest" assertions="2" time="0.083011"/>
        <testcase name="`User Model` → it renter can have many bookings" file="tests\Unit\Models\UserTest.php::`User Model` → it renter can have many bookings" class="Tests\Unit\Models\UserTest" classname="Tests.Unit.Models.UserTest" assertions="2" time="0.098653"/>
      </testsuite>
      <testsuite name="Tests\Unit\DTOs\CreateBookingDTOTest" file="tests\Unit\DTOs\CreateBookingDTOTest.php" tests="5" assertions="27" errors="0" failures="0" skipped="0" time="0.498657">
        <testcase name="`CreateBookingDTO` → it can be created from array" file="tests\Unit\DTOs\CreateBookingDTOTest.php::`CreateBookingDTO` → it can be created from array" class="Tests\Unit\DTOs\CreateBookingDTOTest" classname="Tests.Unit.DTOs.CreateBookingDTOTest" assertions="10" time="0.183194"/>
        <testcase name="`CreateBookingDTO` → it validates date range correctly" file="tests\Unit\DTOs\CreateBookingDTOTest.php::`CreateBookingDTO` → it validates date range correctly" class="Tests\Unit\DTOs\CreateBookingDTOTest" classname="Tests.Unit.DTOs.CreateBookingDTOTest" assertions="1" time="0.074003"/>
        <testcase name="`CreateBookingDTO` → it determines when payment method ID is required" file="tests\Unit\DTOs\CreateBookingDTOTest.php::`CreateBookingDTO` → it determines when payment method ID is required" class="Tests\Unit\DTOs\CreateBookingDTOTest" classname="Tests.Unit.DTOs.CreateBookingDTOTest" assertions="2" time="0.078956"/>
        <testcase name="`CreateBookingDTO` → it can convert back to array" file="tests\Unit\DTOs\CreateBookingDTOTest.php::`CreateBookingDTO` → it can convert back to array" class="Tests\Unit\DTOs\CreateBookingDTOTest" classname="Tests.Unit.DTOs.CreateBookingDTOTest" assertions="13" time="0.079400"/>
        <testcase name="`CreateBookingDTO` → it detects invalid date range" file="tests\Unit\DTOs\CreateBookingDTOTest.php::`CreateBookingDTO` → it detects invalid date range" class="Tests\Unit\DTOs\CreateBookingDTOTest" classname="Tests.Unit.DTOs.CreateBookingDTOTest" assertions="1" time="0.083104"/>
      </testsuite>
      <testsuite name="Tests\Unit\Models\BookingTest" file="tests\Unit\Models\BookingTest.php" tests="13" assertions="21" errors="1" failures="4" skipped="0" time="1.532880">
        <testcase name="`Booking Model` → it can have different statuses" file="tests\Unit\Models\BookingTest.php::`Booking Model` → it can have different statuses" class="Tests\Unit\Models\BookingTest" classname="Tests.Unit.Models.BookingTest" assertions="4" time="0.231029"/>
        <testcase name="`Booking Model` → it belongs to a vehicle" file="tests\Unit\Models\BookingTest.php::`Booking Model` → it belongs to a vehicle" class="Tests\Unit\Models\BookingTest" classname="Tests.Unit.Models.BookingTest" assertions="2" time="0.095135"/>
        <testcase name="`Booking Model` → it has many payments" file="tests\Unit\Models\BookingTest.php::`Booking Model` → it has many payments" class="Tests\Unit\Models\BookingTest" classname="Tests.Unit.Models.BookingTest" assertions="2" time="0.099713"/>
        <testcase name="`Booking Model` → it casts dates correctly" file="tests\Unit\Models\BookingTest.php::`Booking Model` → it casts dates correctly" class="Tests\Unit\Models\BookingTest" classname="Tests.Unit.Models.BookingTest" assertions="3" time="0.104118"/>
        <testcase name="`Booking Model` → it casts amounts to decimal" file="tests\Unit\Models\BookingTest.php::`Booking Model` → it casts amounts to decimal" class="Tests\Unit\Models\BookingTest" classname="Tests.Unit.Models.BookingTest" assertions="1" time="0.125009">
          <failure type="PHPUnit\Framework\ExpectationFailedException">`Booking Model` → it casts amounts to decimalFailed asserting that '400.00' is of type float.&#13;
at tests\Unit\Models\BookingTest.php:63</failure>
        </testcase>
        <testcase name="`Booking Model` → it belongs to a renter" file="tests\Unit\Models\BookingTest.php::`Booking Model` → it belongs to a renter" class="Tests\Unit\Models\BookingTest" classname="Tests.Unit.Models.BookingTest" assertions="2" time="0.110778"/>
        <testcase name="`Booking Model` → it can soft delete" file="tests\Unit\Models\BookingTest.php::`Booking Model` → it can soft delete" class="Tests\Unit\Models\BookingTest" classname="Tests.Unit.Models.BookingTest" assertions="2" time="0.102057"/>
        <testcase name="`Booking Model` → it can calculate total with commission" file="tests\Unit\Models\BookingTest.php::`Booking Model` → it can calculate total with commission" class="Tests\Unit\Models\BookingTest" classname="Tests.Unit.Models.BookingTest" assertions="1" time="0.117548">
          <failure type="PHPUnit\Framework\ExpectationFailedException">`Booking Model` → it can calculate total with commissionFailed asserting that '400.00' is identical to 400.0.&#13;
at tests\Unit\Models\BookingTest.php:120</failure>
        </testcase>
        <testcase name="`Booking Model` → it calculates booking duration correctly" file="tests\Unit\Models\BookingTest.php::`Booking Model` → it calculates booking duration correctly" class="Tests\Unit\Models\BookingTest" classname="Tests.Unit.Models.BookingTest" assertions="1" time="0.120935">
          <failure type="PHPUnit\Framework\ExpectationFailedException">`Booking Model` → it calculates booking duration correctlyFailed asserting that 4.0 is identical to 4.&#13;
at tests\Unit\Models\BookingTest.php:89</failure>
        </testcase>
        <testcase name="`Booking Model` → it has one review" file="tests\Unit\Models\BookingTest.php::`Booking Model` → it has one review" class="Tests\Unit\Models\BookingTest" classname="Tests.Unit.Models.BookingTest" assertions="1" time="0.102124"/>
        <testcase name="`Booking Model` → it uses correct table name" file="tests\Unit\Models\BookingTest.php::`Booking Model` → it uses correct table name" class="Tests\Unit\Models\BookingTest" classname="Tests.Unit.Models.BookingTest" assertions="1" time="0.102023"/>
        <testcase name="`Booking Model` → it has correct fillable attributes" file="tests\Unit\Models\BookingTest.php::`Booking Model` → it has correct fillable attributes" class="Tests\Unit\Models\BookingTest" classname="Tests.Unit.Models.BookingTest" assertions="1" time="0.099028">
          <failure type="PHPUnit\Framework\ExpectationFailedException">`Booking Model` → it has correct fillable attributesFailed asserting that two arrays are equal.&#13;
at tests\Unit\Models\BookingTest.php:75</failure>
        </testcase>
        <testcase name="`Booking Model` → it validates date logic" file="tests\Unit\Models\BookingTest.php::`Booking Model` → it validates date logic" class="Tests\Unit\Models\BookingTest" classname="Tests.Unit.Models.BookingTest" assertions="0" time="0.123381">
          <error type="Carbon\Exceptions\UnknownMethodException">`Booking Model` → it validates date logicCarbon\Exceptions\UnknownMethodException: Method toBeBefore does not exist.&#13;
at vendor\nesbot\carbon\src\Carbon\Traits\Date.php:2945
at vendor\nesbot\carbon\src\Carbon\Traits\Mixin.php:187
at vendor\nesbot\carbon\src\Carbon\Traits\Date.php:2932
at vendor\nesbot\carbon\src\Carbon\Traits\Date.php:2599
at tests\Unit\Models\BookingTest.php:111</error>
        </testcase>
      </testsuite>
    </testsuite>
    <testsuite name="Performance" tests="10" assertions="0" errors="10" failures="0" skipped="0" time="0.000000">
      <testsuite name="Tests\Performance\PerformanceTest" file="tests\Performance\PerformanceTest.php" tests="10" assertions="0" errors="10" failures="0" skipped="0" time="0.000000">
        <testcase name="`Performance Tests` → `Database Performance` → it handles concurrent booking creation" file="tests\Performance\PerformanceTest.php::`Performance Tests` → `Database Performance` → it handles concurrent booking creation" class="Tests\Performance\PerformanceTest" classname="Tests.Performance.PerformanceTest" assertions="0" time="0.000000">
          <error type="Illuminate\Contracts\Container\BindingResolutionException">`Performance Tests` → `Database Performance` → it handles concurrent booking creationIlluminate\Contracts\Container\BindingResolutionException: Target class [config] does not exist.&#13;
at vendor\laravel\framework\src\Illuminate\Container\Container.php:1161
at vendor\laravel\framework\src\Illuminate\Container\Container.php:972
at vendor\laravel\framework\src\Illuminate\Foundation\Application.php:1078
at vendor\laravel\framework\src\Illuminate\Container\Container.php:903
at vendor\laravel\framework\src\Illuminate\Foundation\Application.php:1058
at vendor\laravel\framework\src\Illuminate\Container\Container.php:1856
at vendor\laravel\framework\src\Illuminate\Database\DatabaseManager.php:382
at vendor\laravel\framework\src\Illuminate\Database\DatabaseManager.php:95
at vendor\laravel\framework\src\Illuminate\Database\Eloquent\Model.php:1980
at vendor\laravel\framework\src\Illuminate\Database\Eloquent\Model.php:1946
at vendor\laravel\framework\src\Illuminate\Database\Eloquent\Concerns\HasAttributes.php:1642
at vendor\laravel\framework\src\Illuminate\Database\Eloquent\Concerns\HasAttributes.php:1594
at vendor\laravel\framework\src\Illuminate\Database\Eloquent\Concerns\HasAttributes.php:1075
at vendor\laravel\framework\src\Illuminate\Database\Eloquent\Model.php:619
at vendor\laravel\framework\src\Illuminate\Database\Eloquent\Model.php:305
at vendor\laravel\framework\src\Illuminate\Database\Eloquent\Factories\Factory.php:854
at vendor\laravel\framework\src\Illuminate\Database\Eloquent\Factories\Factory.php:459
at vendor\laravel\framework\src\Illuminate\Database\Eloquent\Concerns\GuardsAttributes.php:157
at vendor\laravel\framework\src\Illuminate\Database\Eloquent\Factories\Factory.php:458
at vendor\laravel\framework\src\Illuminate\Database\Eloquent\Factories\Factory.php:429
at vendor\laravel\framework\src\Illuminate\Database\Eloquent\Factories\Factory.php:318
at tests\Performance\PerformanceTest.php:12
Caused by
ReflectionException: Class "config" does not exist

at vendor\laravel\framework\src\Illuminate\Container\Container.php:1161
at vendor\laravel\framework\src\Illuminate\Container\Container.php:972
at vendor\laravel\framework\src\Illuminate\Foundation\Application.php:1078
at vendor\laravel\framework\src\Illuminate\Container\Container.php:903
at vendor\laravel\framework\src\Illuminate\Foundation\Application.php:1058
at vendor\laravel\framework\src\Illuminate\Container\Container.php:1856
at vendor\laravel\framework\src\Illuminate\Database\DatabaseManager.php:382
at vendor\laravel\framework\src\Illuminate\Database\DatabaseManager.php:95
at vendor\laravel\framework\src\Illuminate\Database\Eloquent\Model.php:1980
at vendor\laravel\framework\src\Illuminate\Database\Eloquent\Model.php:1946
at vendor\laravel\framework\src\Illuminate\Database\Eloquent\Concerns\HasAttributes.php:1642
at vendor\laravel\framework\src\Illuminate\Database\Eloquent\Concerns\HasAttributes.php:1594
at vendor\laravel\framework\src\Illuminate\Database\Eloquent\Concerns\HasAttributes.php:1075
at vendor\laravel\framework\src\Illuminate\Database\Eloquent\Model.php:619
at vendor\laravel\framework\src\Illuminate\Database\Eloquent\Model.php:305
at vendor\laravel\framework\src\Illuminate\Database\Eloquent\Factories\Factory.php:854
at vendor\laravel\framework\src\Illuminate\Database\Eloquent\Factories\Factory.php:459
at vendor\laravel\framework\src\Illuminate\Database\Eloquent\Concerns\GuardsAttributes.php:157
at vendor\laravel\framework\src\Illuminate\Database\Eloquent\Factories\Factory.php:458
at vendor\laravel\framework\src\Illuminate\Database\Eloquent\Factories\Factory.php:429
at vendor\laravel\framework\src\Illuminate\Database\Eloquent\Factories\Factory.php:318
at tests\Performance\PerformanceTest.php:12</error>
        </testcase>
        <testcase name="`Performance Tests` → `Database Query Performance` → it uses efficient queries for complex operations" file="tests\Performance\PerformanceTest.php::`Performance Tests` → `Database Query Performance` → it uses efficient queries for complex operations" class="Tests\Performance\PerformanceTest" classname="Tests.Performance.PerformanceTest" assertions="0" time="0.000000">
          <error type="Illuminate\Contracts\Container\BindingResolutionException">`Performance Tests` → `Database Query Performance` → it uses efficient queries for complex operationsIlluminate\Contracts\Container\BindingResolutionException: Target class [config] does not exist.&#13;
at vendor\laravel\framework\src\Illuminate\Container\Container.php:1161
at vendor\laravel\framework\src\Illuminate\Container\Container.php:972
at vendor\laravel\framework\src\Illuminate\Foundation\Application.php:1078
at vendor\laravel\framework\src\Illuminate\Container\Container.php:903
at vendor\laravel\framework\src\Illuminate\Foundation\Application.php:1058
at vendor\laravel\framework\src\Illuminate\Container\Container.php:1856
at vendor\laravel\framework\src\Illuminate\Database\DatabaseManager.php:382
at vendor\laravel\framework\src\Illuminate\Database\DatabaseManager.php:95
at vendor\laravel\framework\src\Illuminate\Database\Eloquent\Model.php:1980
at vendor\laravel\framework\src\Illuminate\Database\Eloquent\Model.php:1946
at vendor\laravel\framework\src\Illuminate\Database\Eloquent\Concerns\HasAttributes.php:1642
at vendor\laravel\framework\src\Illuminate\Database\Eloquent\Concerns\HasAttributes.php:1594
at vendor\laravel\framework\src\Illuminate\Database\Eloquent\Concerns\HasAttributes.php:1075
at vendor\laravel\framework\src\Illuminate\Database\Eloquent\Model.php:619
at vendor\laravel\framework\src\Illuminate\Database\Eloquent\Model.php:305
at vendor\laravel\framework\src\Illuminate\Database\Eloquent\Factories\Factory.php:854
at vendor\laravel\framework\src\Illuminate\Database\Eloquent\Factories\Factory.php:459
at vendor\laravel\framework\src\Illuminate\Database\Eloquent\Concerns\GuardsAttributes.php:157
at vendor\laravel\framework\src\Illuminate\Database\Eloquent\Factories\Factory.php:458
at vendor\laravel\framework\src\Illuminate\Database\Eloquent\Factories\Factory.php:429
at vendor\laravel\framework\src\Illuminate\Database\Eloquent\Factories\Factory.php:318
at tests\Performance\PerformanceTest.php:12
Caused by
ReflectionException: Class "config" does not exist

at vendor\laravel\framework\src\Illuminate\Container\Container.php:1161
at vendor\laravel\framework\src\Illuminate\Container\Container.php:972
at vendor\laravel\framework\src\Illuminate\Foundation\Application.php:1078
at vendor\laravel\framework\src\Illuminate\Container\Container.php:903
at vendor\laravel\framework\src\Illuminate\Foundation\Application.php:1058
at vendor\laravel\framework\src\Illuminate\Container\Container.php:1856
at vendor\laravel\framework\src\Illuminate\Database\DatabaseManager.php:382
at vendor\laravel\framework\src\Illuminate\Database\DatabaseManager.php:95
at vendor\laravel\framework\src\Illuminate\Database\Eloquent\Model.php:1980
at vendor\laravel\framework\src\Illuminate\Database\Eloquent\Model.php:1946
at vendor\laravel\framework\src\Illuminate\Database\Eloquent\Concerns\HasAttributes.php:1642
at vendor\laravel\framework\src\Illuminate\Database\Eloquent\Concerns\HasAttributes.php:1594
at vendor\laravel\framework\src\Illuminate\Database\Eloquent\Concerns\HasAttributes.php:1075
at vendor\laravel\framework\src\Illuminate\Database\Eloquent\Model.php:619
at vendor\laravel\framework\src\Illuminate\Database\Eloquent\Model.php:305
at vendor\laravel\framework\src\Illuminate\Database\Eloquent\Factories\Factory.php:854
at vendor\laravel\framework\src\Illuminate\Database\Eloquent\Factories\Factory.php:459
at vendor\laravel\framework\src\Illuminate\Database\Eloquent\Concerns\GuardsAttributes.php:157
at vendor\laravel\framework\src\Illuminate\Database\Eloquent\Factories\Factory.php:458
at vendor\laravel\framework\src\Illuminate\Database\Eloquent\Factories\Factory.php:429
at vendor\laravel\framework\src\Illuminate\Database\Eloquent\Factories\Factory.php:318
at tests\Performance\PerformanceTest.php:12</error>
        </testcase>
        <testcase name="`Performance Tests` → `API Performance` → it API endpoints respond within acceptable time" file="tests\Performance\PerformanceTest.php::`Performance Tests` → `API Performance` → it API endpoints respond within acceptable time" class="Tests\Performance\PerformanceTest" classname="Tests.Performance.PerformanceTest" assertions="0" time="0.000000">
          <error type="Illuminate\Contracts\Container\BindingResolutionException">`Performance Tests` → `API Performance` → it API endpoints respond within acceptable timeIlluminate\Contracts\Container\BindingResolutionException: Target class [config] does not exist.&#13;
at vendor\laravel\framework\src\Illuminate\Container\Container.php:1161
at vendor\laravel\framework\src\Illuminate\Container\Container.php:972
at vendor\laravel\framework\src\Illuminate\Foundation\Application.php:1078
at vendor\laravel\framework\src\Illuminate\Container\Container.php:903
at vendor\laravel\framework\src\Illuminate\Foundation\Application.php:1058
at vendor\laravel\framework\src\Illuminate\Container\Container.php:1856
at vendor\laravel\framework\src\Illuminate\Database\DatabaseManager.php:382
at vendor\laravel\framework\src\Illuminate\Database\DatabaseManager.php:95
at vendor\laravel\framework\src\Illuminate\Database\Eloquent\Model.php:1980
at vendor\laravel\framework\src\Illuminate\Database\Eloquent\Model.php:1946
at vendor\laravel\framework\src\Illuminate\Database\Eloquent\Concerns\HasAttributes.php:1642
at vendor\laravel\framework\src\Illuminate\Database\Eloquent\Concerns\HasAttributes.php:1594
at vendor\laravel\framework\src\Illuminate\Database\Eloquent\Concerns\HasAttributes.php:1075
at vendor\laravel\framework\src\Illuminate\Database\Eloquent\Model.php:619
at vendor\laravel\framework\src\Illuminate\Database\Eloquent\Model.php:305
at vendor\laravel\framework\src\Illuminate\Database\Eloquent\Factories\Factory.php:854
at vendor\laravel\framework\src\Illuminate\Database\Eloquent\Factories\Factory.php:459
at vendor\laravel\framework\src\Illuminate\Database\Eloquent\Concerns\GuardsAttributes.php:157
at vendor\laravel\framework\src\Illuminate\Database\Eloquent\Factories\Factory.php:458
at vendor\laravel\framework\src\Illuminate\Database\Eloquent\Factories\Factory.php:429
at vendor\laravel\framework\src\Illuminate\Database\Eloquent\Factories\Factory.php:318
at tests\Performance\PerformanceTest.php:12
Caused by
ReflectionException: Class "config" does not exist

at vendor\laravel\framework\src\Illuminate\Container\Container.php:1161
at vendor\laravel\framework\src\Illuminate\Container\Container.php:972
at vendor\laravel\framework\src\Illuminate\Foundation\Application.php:1078
at vendor\laravel\framework\src\Illuminate\Container\Container.php:903
at vendor\laravel\framework\src\Illuminate\Foundation\Application.php:1058
at vendor\laravel\framework\src\Illuminate\Container\Container.php:1856
at vendor\laravel\framework\src\Illuminate\Database\DatabaseManager.php:382
at vendor\laravel\framework\src\Illuminate\Database\DatabaseManager.php:95
at vendor\laravel\framework\src\Illuminate\Database\Eloquent\Model.php:1980
at vendor\laravel\framework\src\Illuminate\Database\Eloquent\Model.php:1946
at vendor\laravel\framework\src\Illuminate\Database\Eloquent\Concerns\HasAttributes.php:1642
at vendor\laravel\framework\src\Illuminate\Database\Eloquent\Concerns\HasAttributes.php:1594
at vendor\laravel\framework\src\Illuminate\Database\Eloquent\Concerns\HasAttributes.php:1075
at vendor\laravel\framework\src\Illuminate\Database\Eloquent\Model.php:619
at vendor\laravel\framework\src\Illuminate\Database\Eloquent\Model.php:305
at vendor\laravel\framework\src\Illuminate\Database\Eloquent\Factories\Factory.php:854
at vendor\laravel\framework\src\Illuminate\Database\Eloquent\Factories\Factory.php:459
at vendor\laravel\framework\src\Illuminate\Database\Eloquent\Concerns\GuardsAttributes.php:157
at vendor\laravel\framework\src\Illuminate\Database\Eloquent\Factories\Factory.php:458
at vendor\laravel\framework\src\Illuminate\Database\Eloquent\Factories\Factory.php:429
at vendor\laravel\framework\src\Illuminate\Database\Eloquent\Factories\Factory.php:318
at tests\Performance\PerformanceTest.php:12</error>
        </testcase>
        <testcase name="`Performance Tests` → `Memory Usage` → it handles pagination efficiently" file="tests\Performance\PerformanceTest.php::`Performance Tests` → `Memory Usage` → it handles pagination efficiently" class="Tests\Performance\PerformanceTest" classname="Tests.Performance.PerformanceTest" assertions="0" time="0.000000">
          <error type="Illuminate\Contracts\Container\BindingResolutionException">`Performance Tests` → `Memory Usage` → it handles pagination efficientlyIlluminate\Contracts\Container\BindingResolutionException: Target class [config] does not exist.&#13;
at vendor\laravel\framework\src\Illuminate\Container\Container.php:1161
at vendor\laravel\framework\src\Illuminate\Container\Container.php:972
at vendor\laravel\framework\src\Illuminate\Foundation\Application.php:1078
at vendor\laravel\framework\src\Illuminate\Container\Container.php:903
at vendor\laravel\framework\src\Illuminate\Foundation\Application.php:1058
at vendor\laravel\framework\src\Illuminate\Container\Container.php:1856
at vendor\laravel\framework\src\Illuminate\Database\DatabaseManager.php:382
at vendor\laravel\framework\src\Illuminate\Database\DatabaseManager.php:95
at vendor\laravel\framework\src\Illuminate\Database\Eloquent\Model.php:1980
at vendor\laravel\framework\src\Illuminate\Database\Eloquent\Model.php:1946
at vendor\laravel\framework\src\Illuminate\Database\Eloquent\Concerns\HasAttributes.php:1642
at vendor\laravel\framework\src\Illuminate\Database\Eloquent\Concerns\HasAttributes.php:1594
at vendor\laravel\framework\src\Illuminate\Database\Eloquent\Concerns\HasAttributes.php:1075
at vendor\laravel\framework\src\Illuminate\Database\Eloquent\Model.php:619
at vendor\laravel\framework\src\Illuminate\Database\Eloquent\Model.php:305
at vendor\laravel\framework\src\Illuminate\Database\Eloquent\Factories\Factory.php:854
at vendor\laravel\framework\src\Illuminate\Database\Eloquent\Factories\Factory.php:459
at vendor\laravel\framework\src\Illuminate\Database\Eloquent\Concerns\GuardsAttributes.php:157
at vendor\laravel\framework\src\Illuminate\Database\Eloquent\Factories\Factory.php:458
at vendor\laravel\framework\src\Illuminate\Database\Eloquent\Factories\Factory.php:429
at vendor\laravel\framework\src\Illuminate\Database\Eloquent\Factories\Factory.php:318
at tests\Performance\PerformanceTest.php:12
Caused by
ReflectionException: Class "config" does not exist

at vendor\laravel\framework\src\Illuminate\Container\Container.php:1161
at vendor\laravel\framework\src\Illuminate\Container\Container.php:972
at vendor\laravel\framework\src\Illuminate\Foundation\Application.php:1078
at vendor\laravel\framework\src\Illuminate\Container\Container.php:903
at vendor\laravel\framework\src\Illuminate\Foundation\Application.php:1058
at vendor\laravel\framework\src\Illuminate\Container\Container.php:1856
at vendor\laravel\framework\src\Illuminate\Database\DatabaseManager.php:382
at vendor\laravel\framework\src\Illuminate\Database\DatabaseManager.php:95
at vendor\laravel\framework\src\Illuminate\Database\Eloquent\Model.php:1980
at vendor\laravel\framework\src\Illuminate\Database\Eloquent\Model.php:1946
at vendor\laravel\framework\src\Illuminate\Database\Eloquent\Concerns\HasAttributes.php:1642
at vendor\laravel\framework\src\Illuminate\Database\Eloquent\Concerns\HasAttributes.php:1594
at vendor\laravel\framework\src\Illuminate\Database\Eloquent\Concerns\HasAttributes.php:1075
at vendor\laravel\framework\src\Illuminate\Database\Eloquent\Model.php:619
at vendor\laravel\framework\src\Illuminate\Database\Eloquent\Model.php:305
at vendor\laravel\framework\src\Illuminate\Database\Eloquent\Factories\Factory.php:854
at vendor\laravel\framework\src\Illuminate\Database\Eloquent\Factories\Factory.php:459
at vendor\laravel\framework\src\Illuminate\Database\Eloquent\Concerns\GuardsAttributes.php:157
at vendor\laravel\framework\src\Illuminate\Database\Eloquent\Factories\Factory.php:458
at vendor\laravel\framework\src\Illuminate\Database\Eloquent\Factories\Factory.php:429
at vendor\laravel\framework\src\Illuminate\Database\Eloquent\Factories\Factory.php:318
at tests\Performance\PerformanceTest.php:12</error>
        </testcase>
        <testcase name="`Performance Tests` → `API Performance` → it handles bulk API operations efficiently" file="tests\Performance\PerformanceTest.php::`Performance Tests` → `API Performance` → it handles bulk API operations efficiently" class="Tests\Performance\PerformanceTest" classname="Tests.Performance.PerformanceTest" assertions="0" time="0.000000">
          <error type="Illuminate\Contracts\Container\BindingResolutionException">`Performance Tests` → `API Performance` → it handles bulk API operations efficientlyIlluminate\Contracts\Container\BindingResolutionException: Target class [config] does not exist.&#13;
at vendor\laravel\framework\src\Illuminate\Container\Container.php:1161
at vendor\laravel\framework\src\Illuminate\Container\Container.php:972
at vendor\laravel\framework\src\Illuminate\Foundation\Application.php:1078
at vendor\laravel\framework\src\Illuminate\Container\Container.php:903
at vendor\laravel\framework\src\Illuminate\Foundation\Application.php:1058
at vendor\laravel\framework\src\Illuminate\Container\Container.php:1856
at vendor\laravel\framework\src\Illuminate\Database\DatabaseManager.php:382
at vendor\laravel\framework\src\Illuminate\Database\DatabaseManager.php:95
at vendor\laravel\framework\src\Illuminate\Database\Eloquent\Model.php:1980
at vendor\laravel\framework\src\Illuminate\Database\Eloquent\Model.php:1946
at vendor\laravel\framework\src\Illuminate\Database\Eloquent\Concerns\HasAttributes.php:1642
at vendor\laravel\framework\src\Illuminate\Database\Eloquent\Concerns\HasAttributes.php:1594
at vendor\laravel\framework\src\Illuminate\Database\Eloquent\Concerns\HasAttributes.php:1075
at vendor\laravel\framework\src\Illuminate\Database\Eloquent\Model.php:619
at vendor\laravel\framework\src\Illuminate\Database\Eloquent\Model.php:305
at vendor\laravel\framework\src\Illuminate\Database\Eloquent\Factories\Factory.php:854
at vendor\laravel\framework\src\Illuminate\Database\Eloquent\Factories\Factory.php:459
at vendor\laravel\framework\src\Illuminate\Database\Eloquent\Concerns\GuardsAttributes.php:157
at vendor\laravel\framework\src\Illuminate\Database\Eloquent\Factories\Factory.php:458
at vendor\laravel\framework\src\Illuminate\Database\Eloquent\Factories\Factory.php:429
at vendor\laravel\framework\src\Illuminate\Database\Eloquent\Factories\Factory.php:318
at tests\Performance\PerformanceTest.php:12
Caused by
ReflectionException: Class "config" does not exist

at vendor\laravel\framework\src\Illuminate\Container\Container.php:1161
at vendor\laravel\framework\src\Illuminate\Container\Container.php:972
at vendor\laravel\framework\src\Illuminate\Foundation\Application.php:1078
at vendor\laravel\framework\src\Illuminate\Container\Container.php:903
at vendor\laravel\framework\src\Illuminate\Foundation\Application.php:1058
at vendor\laravel\framework\src\Illuminate\Container\Container.php:1856
at vendor\laravel\framework\src\Illuminate\Database\DatabaseManager.php:382
at vendor\laravel\framework\src\Illuminate\Database\DatabaseManager.php:95
at vendor\laravel\framework\src\Illuminate\Database\Eloquent\Model.php:1980
at vendor\laravel\framework\src\Illuminate\Database\Eloquent\Model.php:1946
at vendor\laravel\framework\src\Illuminate\Database\Eloquent\Concerns\HasAttributes.php:1642
at vendor\laravel\framework\src\Illuminate\Database\Eloquent\Concerns\HasAttributes.php:1594
at vendor\laravel\framework\src\Illuminate\Database\Eloquent\Concerns\HasAttributes.php:1075
at vendor\laravel\framework\src\Illuminate\Database\Eloquent\Model.php:619
at vendor\laravel\framework\src\Illuminate\Database\Eloquent\Model.php:305
at vendor\laravel\framework\src\Illuminate\Database\Eloquent\Factories\Factory.php:854
at vendor\laravel\framework\src\Illuminate\Database\Eloquent\Factories\Factory.php:459
at vendor\laravel\framework\src\Illuminate\Database\Eloquent\Concerns\GuardsAttributes.php:157
at vendor\laravel\framework\src\Illuminate\Database\Eloquent\Factories\Factory.php:458
at vendor\laravel\framework\src\Illuminate\Database\Eloquent\Factories\Factory.php:429
at vendor\laravel\framework\src\Illuminate\Database\Eloquent\Factories\Factory.php:318
at tests\Performance\PerformanceTest.php:12</error>
        </testcase>
        <testcase name="`Performance Tests` → `Stress Testing` → it maintains performance under booking stress" file="tests\Performance\PerformanceTest.php::`Performance Tests` → `Stress Testing` → it maintains performance under booking stress" class="Tests\Performance\PerformanceTest" classname="Tests.Performance.PerformanceTest" assertions="0" time="0.000000">
          <error type="Illuminate\Contracts\Container\BindingResolutionException">`Performance Tests` → `Stress Testing` → it maintains performance under booking stressIlluminate\Contracts\Container\BindingResolutionException: Target class [config] does not exist.&#13;
at vendor\laravel\framework\src\Illuminate\Container\Container.php:1161
at vendor\laravel\framework\src\Illuminate\Container\Container.php:972
at vendor\laravel\framework\src\Illuminate\Foundation\Application.php:1078
at vendor\laravel\framework\src\Illuminate\Container\Container.php:903
at vendor\laravel\framework\src\Illuminate\Foundation\Application.php:1058
at vendor\laravel\framework\src\Illuminate\Container\Container.php:1856
at vendor\laravel\framework\src\Illuminate\Database\DatabaseManager.php:382
at vendor\laravel\framework\src\Illuminate\Database\DatabaseManager.php:95
at vendor\laravel\framework\src\Illuminate\Database\Eloquent\Model.php:1980
at vendor\laravel\framework\src\Illuminate\Database\Eloquent\Model.php:1946
at vendor\laravel\framework\src\Illuminate\Database\Eloquent\Concerns\HasAttributes.php:1642
at vendor\laravel\framework\src\Illuminate\Database\Eloquent\Concerns\HasAttributes.php:1594
at vendor\laravel\framework\src\Illuminate\Database\Eloquent\Concerns\HasAttributes.php:1075
at vendor\laravel\framework\src\Illuminate\Database\Eloquent\Model.php:619
at vendor\laravel\framework\src\Illuminate\Database\Eloquent\Model.php:305
at vendor\laravel\framework\src\Illuminate\Database\Eloquent\Factories\Factory.php:854
at vendor\laravel\framework\src\Illuminate\Database\Eloquent\Factories\Factory.php:459
at vendor\laravel\framework\src\Illuminate\Database\Eloquent\Concerns\GuardsAttributes.php:157
at vendor\laravel\framework\src\Illuminate\Database\Eloquent\Factories\Factory.php:458
at vendor\laravel\framework\src\Illuminate\Database\Eloquent\Factories\Factory.php:429
at vendor\laravel\framework\src\Illuminate\Database\Eloquent\Factories\Factory.php:318
at tests\Performance\PerformanceTest.php:12
Caused by
ReflectionException: Class "config" does not exist

at vendor\laravel\framework\src\Illuminate\Container\Container.php:1161
at vendor\laravel\framework\src\Illuminate\Container\Container.php:972
at vendor\laravel\framework\src\Illuminate\Foundation\Application.php:1078
at vendor\laravel\framework\src\Illuminate\Container\Container.php:903
at vendor\laravel\framework\src\Illuminate\Foundation\Application.php:1058
at vendor\laravel\framework\src\Illuminate\Container\Container.php:1856
at vendor\laravel\framework\src\Illuminate\Database\DatabaseManager.php:382
at vendor\laravel\framework\src\Illuminate\Database\DatabaseManager.php:95
at vendor\laravel\framework\src\Illuminate\Database\Eloquent\Model.php:1980
at vendor\laravel\framework\src\Illuminate\Database\Eloquent\Model.php:1946
at vendor\laravel\framework\src\Illuminate\Database\Eloquent\Concerns\HasAttributes.php:1642
at vendor\laravel\framework\src\Illuminate\Database\Eloquent\Concerns\HasAttributes.php:1594
at vendor\laravel\framework\src\Illuminate\Database\Eloquent\Concerns\HasAttributes.php:1075
at vendor\laravel\framework\src\Illuminate\Database\Eloquent\Model.php:619
at vendor\laravel\framework\src\Illuminate\Database\Eloquent\Model.php:305
at vendor\laravel\framework\src\Illuminate\Database\Eloquent\Factories\Factory.php:854
at vendor\laravel\framework\src\Illuminate\Database\Eloquent\Factories\Factory.php:459
at vendor\laravel\framework\src\Illuminate\Database\Eloquent\Concerns\GuardsAttributes.php:157
at vendor\laravel\framework\src\Illuminate\Database\Eloquent\Factories\Factory.php:458
at vendor\laravel\framework\src\Illuminate\Database\Eloquent\Factories\Factory.php:429
at vendor\laravel\framework\src\Illuminate\Database\Eloquent\Factories\Factory.php:318
at tests\Performance\PerformanceTest.php:12</error>
        </testcase>
        <testcase name="`Performance Tests` → `Stress Testing` → it handles high concurrent user load" file="tests\Performance\PerformanceTest.php::`Performance Tests` → `Stress Testing` → it handles high concurrent user load" class="Tests\Performance\PerformanceTest" classname="Tests.Performance.PerformanceTest" assertions="0" time="0.000000">
          <error type="Illuminate\Contracts\Container\BindingResolutionException">`Performance Tests` → `Stress Testing` → it handles high concurrent user loadIlluminate\Contracts\Container\BindingResolutionException: Target class [config] does not exist.&#13;
at vendor\laravel\framework\src\Illuminate\Container\Container.php:1161
at vendor\laravel\framework\src\Illuminate\Container\Container.php:972
at vendor\laravel\framework\src\Illuminate\Foundation\Application.php:1078
at vendor\laravel\framework\src\Illuminate\Container\Container.php:903
at vendor\laravel\framework\src\Illuminate\Foundation\Application.php:1058
at vendor\laravel\framework\src\Illuminate\Container\Container.php:1856
at vendor\laravel\framework\src\Illuminate\Database\DatabaseManager.php:382
at vendor\laravel\framework\src\Illuminate\Database\DatabaseManager.php:95
at vendor\laravel\framework\src\Illuminate\Database\Eloquent\Model.php:1980
at vendor\laravel\framework\src\Illuminate\Database\Eloquent\Model.php:1946
at vendor\laravel\framework\src\Illuminate\Database\Eloquent\Concerns\HasAttributes.php:1642
at vendor\laravel\framework\src\Illuminate\Database\Eloquent\Concerns\HasAttributes.php:1594
at vendor\laravel\framework\src\Illuminate\Database\Eloquent\Concerns\HasAttributes.php:1075
at vendor\laravel\framework\src\Illuminate\Database\Eloquent\Model.php:619
at vendor\laravel\framework\src\Illuminate\Database\Eloquent\Model.php:305
at vendor\laravel\framework\src\Illuminate\Database\Eloquent\Factories\Factory.php:854
at vendor\laravel\framework\src\Illuminate\Database\Eloquent\Factories\Factory.php:459
at vendor\laravel\framework\src\Illuminate\Database\Eloquent\Concerns\GuardsAttributes.php:157
at vendor\laravel\framework\src\Illuminate\Database\Eloquent\Factories\Factory.php:458
at vendor\laravel\framework\src\Illuminate\Database\Eloquent\Factories\Factory.php:429
at vendor\laravel\framework\src\Illuminate\Database\Eloquent\Factories\Factory.php:318
at tests\Performance\PerformanceTest.php:12
Caused by
ReflectionException: Class "config" does not exist

at vendor\laravel\framework\src\Illuminate\Container\Container.php:1161
at vendor\laravel\framework\src\Illuminate\Container\Container.php:972
at vendor\laravel\framework\src\Illuminate\Foundation\Application.php:1078
at vendor\laravel\framework\src\Illuminate\Container\Container.php:903
at vendor\laravel\framework\src\Illuminate\Foundation\Application.php:1058
at vendor\laravel\framework\src\Illuminate\Container\Container.php:1856
at vendor\laravel\framework\src\Illuminate\Database\DatabaseManager.php:382
at vendor\laravel\framework\src\Illuminate\Database\DatabaseManager.php:95
at vendor\laravel\framework\src\Illuminate\Database\Eloquent\Model.php:1980
at vendor\laravel\framework\src\Illuminate\Database\Eloquent\Model.php:1946
at vendor\laravel\framework\src\Illuminate\Database\Eloquent\Concerns\HasAttributes.php:1642
at vendor\laravel\framework\src\Illuminate\Database\Eloquent\Concerns\HasAttributes.php:1594
at vendor\laravel\framework\src\Illuminate\Database\Eloquent\Concerns\HasAttributes.php:1075
at vendor\laravel\framework\src\Illuminate\Database\Eloquent\Model.php:619
at vendor\laravel\framework\src\Illuminate\Database\Eloquent\Model.php:305
at vendor\laravel\framework\src\Illuminate\Database\Eloquent\Factories\Factory.php:854
at vendor\laravel\framework\src\Illuminate\Database\Eloquent\Factories\Factory.php:459
at vendor\laravel\framework\src\Illuminate\Database\Eloquent\Concerns\GuardsAttributes.php:157
at vendor\laravel\framework\src\Illuminate\Database\Eloquent\Factories\Factory.php:458
at vendor\laravel\framework\src\Illuminate\Database\Eloquent\Factories\Factory.php:429
at vendor\laravel\framework\src\Illuminate\Database\Eloquent\Factories\Factory.php:318
at tests\Performance\PerformanceTest.php:12</error>
        </testcase>
        <testcase name="`Performance Tests` → `Database Performance` → it optimizes search queries" file="tests\Performance\PerformanceTest.php::`Performance Tests` → `Database Performance` → it optimizes search queries" class="Tests\Performance\PerformanceTest" classname="Tests.Performance.PerformanceTest" assertions="0" time="0.000000">
          <error type="Illuminate\Contracts\Container\BindingResolutionException">`Performance Tests` → `Database Performance` → it optimizes search queriesIlluminate\Contracts\Container\BindingResolutionException: Target class [config] does not exist.&#13;
at vendor\laravel\framework\src\Illuminate\Container\Container.php:1161
at vendor\laravel\framework\src\Illuminate\Container\Container.php:972
at vendor\laravel\framework\src\Illuminate\Foundation\Application.php:1078
at vendor\laravel\framework\src\Illuminate\Container\Container.php:903
at vendor\laravel\framework\src\Illuminate\Foundation\Application.php:1058
at vendor\laravel\framework\src\Illuminate\Container\Container.php:1856
at vendor\laravel\framework\src\Illuminate\Database\DatabaseManager.php:382
at vendor\laravel\framework\src\Illuminate\Database\DatabaseManager.php:95
at vendor\laravel\framework\src\Illuminate\Database\Eloquent\Model.php:1980
at vendor\laravel\framework\src\Illuminate\Database\Eloquent\Model.php:1946
at vendor\laravel\framework\src\Illuminate\Database\Eloquent\Concerns\HasAttributes.php:1642
at vendor\laravel\framework\src\Illuminate\Database\Eloquent\Concerns\HasAttributes.php:1594
at vendor\laravel\framework\src\Illuminate\Database\Eloquent\Concerns\HasAttributes.php:1075
at vendor\laravel\framework\src\Illuminate\Database\Eloquent\Model.php:619
at vendor\laravel\framework\src\Illuminate\Database\Eloquent\Model.php:305
at vendor\laravel\framework\src\Illuminate\Database\Eloquent\Factories\Factory.php:854
at vendor\laravel\framework\src\Illuminate\Database\Eloquent\Factories\Factory.php:459
at vendor\laravel\framework\src\Illuminate\Database\Eloquent\Concerns\GuardsAttributes.php:157
at vendor\laravel\framework\src\Illuminate\Database\Eloquent\Factories\Factory.php:458
at vendor\laravel\framework\src\Illuminate\Database\Eloquent\Factories\Factory.php:429
at vendor\laravel\framework\src\Illuminate\Database\Eloquent\Factories\Factory.php:318
at tests\Performance\PerformanceTest.php:12
Caused by
ReflectionException: Class "config" does not exist

at vendor\laravel\framework\src\Illuminate\Container\Container.php:1161
at vendor\laravel\framework\src\Illuminate\Container\Container.php:972
at vendor\laravel\framework\src\Illuminate\Foundation\Application.php:1078
at vendor\laravel\framework\src\Illuminate\Container\Container.php:903
at vendor\laravel\framework\src\Illuminate\Foundation\Application.php:1058
at vendor\laravel\framework\src\Illuminate\Container\Container.php:1856
at vendor\laravel\framework\src\Illuminate\Database\DatabaseManager.php:382
at vendor\laravel\framework\src\Illuminate\Database\DatabaseManager.php:95
at vendor\laravel\framework\src\Illuminate\Database\Eloquent\Model.php:1980
at vendor\laravel\framework\src\Illuminate\Database\Eloquent\Model.php:1946
at vendor\laravel\framework\src\Illuminate\Database\Eloquent\Concerns\HasAttributes.php:1642
at vendor\laravel\framework\src\Illuminate\Database\Eloquent\Concerns\HasAttributes.php:1594
at vendor\laravel\framework\src\Illuminate\Database\Eloquent\Concerns\HasAttributes.php:1075
at vendor\laravel\framework\src\Illuminate\Database\Eloquent\Model.php:619
at vendor\laravel\framework\src\Illuminate\Database\Eloquent\Model.php:305
at vendor\laravel\framework\src\Illuminate\Database\Eloquent\Factories\Factory.php:854
at vendor\laravel\framework\src\Illuminate\Database\Eloquent\Factories\Factory.php:459
at vendor\laravel\framework\src\Illuminate\Database\Eloquent\Concerns\GuardsAttributes.php:157
at vendor\laravel\framework\src\Illuminate\Database\Eloquent\Factories\Factory.php:458
at vendor\laravel\framework\src\Illuminate\Database\Eloquent\Factories\Factory.php:429
at vendor\laravel\framework\src\Illuminate\Database\Eloquent\Factories\Factory.php:318
at tests\Performance\PerformanceTest.php:12</error>
        </testcase>
        <testcase name="`Performance Tests` → `Memory Usage` → it maintains reasonable memory usage during bulk operations" file="tests\Performance\PerformanceTest.php::`Performance Tests` → `Memory Usage` → it maintains reasonable memory usage during bulk operations" class="Tests\Performance\PerformanceTest" classname="Tests.Performance.PerformanceTest" assertions="0" time="0.000000">
          <error type="Illuminate\Contracts\Container\BindingResolutionException">`Performance Tests` → `Memory Usage` → it maintains reasonable memory usage during bulk operationsIlluminate\Contracts\Container\BindingResolutionException: Target class [config] does not exist.&#13;
at vendor\laravel\framework\src\Illuminate\Container\Container.php:1161
at vendor\laravel\framework\src\Illuminate\Container\Container.php:972
at vendor\laravel\framework\src\Illuminate\Foundation\Application.php:1078
at vendor\laravel\framework\src\Illuminate\Container\Container.php:903
at vendor\laravel\framework\src\Illuminate\Foundation\Application.php:1058
at vendor\laravel\framework\src\Illuminate\Container\Container.php:1856
at vendor\laravel\framework\src\Illuminate\Database\DatabaseManager.php:382
at vendor\laravel\framework\src\Illuminate\Database\DatabaseManager.php:95
at vendor\laravel\framework\src\Illuminate\Database\Eloquent\Model.php:1980
at vendor\laravel\framework\src\Illuminate\Database\Eloquent\Model.php:1946
at vendor\laravel\framework\src\Illuminate\Database\Eloquent\Concerns\HasAttributes.php:1642
at vendor\laravel\framework\src\Illuminate\Database\Eloquent\Concerns\HasAttributes.php:1594
at vendor\laravel\framework\src\Illuminate\Database\Eloquent\Concerns\HasAttributes.php:1075
at vendor\laravel\framework\src\Illuminate\Database\Eloquent\Model.php:619
at vendor\laravel\framework\src\Illuminate\Database\Eloquent\Model.php:305
at vendor\laravel\framework\src\Illuminate\Database\Eloquent\Factories\Factory.php:854
at vendor\laravel\framework\src\Illuminate\Database\Eloquent\Factories\Factory.php:459
at vendor\laravel\framework\src\Illuminate\Database\Eloquent\Concerns\GuardsAttributes.php:157
at vendor\laravel\framework\src\Illuminate\Database\Eloquent\Factories\Factory.php:458
at vendor\laravel\framework\src\Illuminate\Database\Eloquent\Factories\Factory.php:429
at vendor\laravel\framework\src\Illuminate\Database\Eloquent\Factories\Factory.php:318
at tests\Performance\PerformanceTest.php:12
Caused by
ReflectionException: Class "config" does not exist

at vendor\laravel\framework\src\Illuminate\Container\Container.php:1161
at vendor\laravel\framework\src\Illuminate\Container\Container.php:972
at vendor\laravel\framework\src\Illuminate\Foundation\Application.php:1078
at vendor\laravel\framework\src\Illuminate\Container\Container.php:903
at vendor\laravel\framework\src\Illuminate\Foundation\Application.php:1058
at vendor\laravel\framework\src\Illuminate\Container\Container.php:1856
at vendor\laravel\framework\src\Illuminate\Database\DatabaseManager.php:382
at vendor\laravel\framework\src\Illuminate\Database\DatabaseManager.php:95
at vendor\laravel\framework\src\Illuminate\Database\Eloquent\Model.php:1980
at vendor\laravel\framework\src\Illuminate\Database\Eloquent\Model.php:1946
at vendor\laravel\framework\src\Illuminate\Database\Eloquent\Concerns\HasAttributes.php:1642
at vendor\laravel\framework\src\Illuminate\Database\Eloquent\Concerns\HasAttributes.php:1594
at vendor\laravel\framework\src\Illuminate\Database\Eloquent\Concerns\HasAttributes.php:1075
at vendor\laravel\framework\src\Illuminate\Database\Eloquent\Model.php:619
at vendor\laravel\framework\src\Illuminate\Database\Eloquent\Model.php:305
at vendor\laravel\framework\src\Illuminate\Database\Eloquent\Factories\Factory.php:854
at vendor\laravel\framework\src\Illuminate\Database\Eloquent\Factories\Factory.php:459
at vendor\laravel\framework\src\Illuminate\Database\Eloquent\Concerns\GuardsAttributes.php:157
at vendor\laravel\framework\src\Illuminate\Database\Eloquent\Factories\Factory.php:458
at vendor\laravel\framework\src\Illuminate\Database\Eloquent\Factories\Factory.php:429
at vendor\laravel\framework\src\Illuminate\Database\Eloquent\Factories\Factory.php:318
at tests\Performance\PerformanceTest.php:12</error>
        </testcase>
        <testcase name="`Performance Tests` → `Database Performance` → it handles large vehicle dataset efficiently" file="tests\Performance\PerformanceTest.php::`Performance Tests` → `Database Performance` → it handles large vehicle dataset efficiently" class="Tests\Performance\PerformanceTest" classname="Tests.Performance.PerformanceTest" assertions="0" time="0.000000">
          <error type="Illuminate\Contracts\Container\BindingResolutionException">`Performance Tests` → `Database Performance` → it handles large vehicle dataset efficientlyIlluminate\Contracts\Container\BindingResolutionException: Target class [config] does not exist.&#13;
at vendor\laravel\framework\src\Illuminate\Container\Container.php:1161
at vendor\laravel\framework\src\Illuminate\Container\Container.php:972
at vendor\laravel\framework\src\Illuminate\Foundation\Application.php:1078
at vendor\laravel\framework\src\Illuminate\Container\Container.php:903
at vendor\laravel\framework\src\Illuminate\Foundation\Application.php:1058
at vendor\laravel\framework\src\Illuminate\Container\Container.php:1856
at vendor\laravel\framework\src\Illuminate\Database\DatabaseManager.php:382
at vendor\laravel\framework\src\Illuminate\Database\DatabaseManager.php:95
at vendor\laravel\framework\src\Illuminate\Database\Eloquent\Model.php:1980
at vendor\laravel\framework\src\Illuminate\Database\Eloquent\Model.php:1946
at vendor\laravel\framework\src\Illuminate\Database\Eloquent\Concerns\HasAttributes.php:1642
at vendor\laravel\framework\src\Illuminate\Database\Eloquent\Concerns\HasAttributes.php:1594
at vendor\laravel\framework\src\Illuminate\Database\Eloquent\Concerns\HasAttributes.php:1075
at vendor\laravel\framework\src\Illuminate\Database\Eloquent\Model.php:619
at vendor\laravel\framework\src\Illuminate\Database\Eloquent\Model.php:305
at vendor\laravel\framework\src\Illuminate\Database\Eloquent\Factories\Factory.php:854
at vendor\laravel\framework\src\Illuminate\Database\Eloquent\Factories\Factory.php:459
at vendor\laravel\framework\src\Illuminate\Database\Eloquent\Concerns\GuardsAttributes.php:157
at vendor\laravel\framework\src\Illuminate\Database\Eloquent\Factories\Factory.php:458
at vendor\laravel\framework\src\Illuminate\Database\Eloquent\Factories\Factory.php:429
at vendor\laravel\framework\src\Illuminate\Database\Eloquent\Factories\Factory.php:318
at tests\Performance\PerformanceTest.php:12
Caused by
ReflectionException: Class "config" does not exist

at vendor\laravel\framework\src\Illuminate\Container\Container.php:1161
at vendor\laravel\framework\src\Illuminate\Container\Container.php:972
at vendor\laravel\framework\src\Illuminate\Foundation\Application.php:1078
at vendor\laravel\framework\src\Illuminate\Container\Container.php:903
at vendor\laravel\framework\src\Illuminate\Foundation\Application.php:1058
at vendor\laravel\framework\src\Illuminate\Container\Container.php:1856
at vendor\laravel\framework\src\Illuminate\Database\DatabaseManager.php:382
at vendor\laravel\framework\src\Illuminate\Database\DatabaseManager.php:95
at vendor\laravel\framework\src\Illuminate\Database\Eloquent\Model.php:1980
at vendor\laravel\framework\src\Illuminate\Database\Eloquent\Model.php:1946
at vendor\laravel\framework\src\Illuminate\Database\Eloquent\Concerns\HasAttributes.php:1642
at vendor\laravel\framework\src\Illuminate\Database\Eloquent\Concerns\HasAttributes.php:1594
at vendor\laravel\framework\src\Illuminate\Database\Eloquent\Concerns\HasAttributes.php:1075
at vendor\laravel\framework\src\Illuminate\Database\Eloquent\Model.php:619
at vendor\laravel\framework\src\Illuminate\Database\Eloquent\Model.php:305
at vendor\laravel\framework\src\Illuminate\Database\Eloquent\Factories\Factory.php:854
at vendor\laravel\framework\src\Illuminate\Database\Eloquent\Factories\Factory.php:459
at vendor\laravel\framework\src\Illuminate\Database\Eloquent\Concerns\GuardsAttributes.php:157
at vendor\laravel\framework\src\Illuminate\Database\Eloquent\Factories\Factory.php:458
at vendor\laravel\framework\src\Illuminate\Database\Eloquent\Factories\Factory.php:429
at vendor\laravel\framework\src\Illuminate\Database\Eloquent\Factories\Factory.php:318
at tests\Performance\PerformanceTest.php:12</error>
        </testcase>
      </testsuite>
    </testsuite>
    <testsuite name="Feature" tests="232" assertions="408" errors="24" failures="119" skipped="0" time="496.356044">
      <testsuite name="Tests\Feature\ReviewManagementTest" file="tests\Feature\ReviewManagementTest.php" tests="21" assertions="20" errors="2" failures="14" skipped="0" time="126.986558">
        <testcase name="`Review Management` → `Review Creation` → it validates rating range" file="tests\Feature\ReviewManagementTest.php::`Review Management` → `Review Creation` → it validates rating range" class="Tests\Feature\ReviewManagementTest" classname="Tests.Feature.ReviewManagementTest" assertions="1" time="8.142137">
          <failure type="PHPUnit\Framework\ExpectationFailedException">`Review Management` → `Review Creation` → it validates rating rangeSession is missing expected key [errors].
Failed asserting that false is true.&#13;
at vendor\laravel\framework\src\Illuminate\Testing\TestResponseAssert.php:45
at vendor\laravel\framework\src\Illuminate\Testing\TestResponse.php:1517
at vendor\laravel\framework\src\Illuminate\Testing\TestResponse.php:1594
at tests\Feature\ReviewManagementTest.php:146</failure>
        </testcase>
        <testcase name="`Review Management` → `Review Creation` → it prevents duplicate reviews for same booking" file="tests\Feature\ReviewManagementTest.php::`Review Management` → `Review Creation` → it prevents duplicate reviews for same booking" class="Tests\Feature\ReviewManagementTest" classname="Tests.Feature.ReviewManagementTest" assertions="1" time="7.066337">
          <failure type="PHPUnit\Framework\ExpectationFailedException">`Review Management` → `Review Creation` → it prevents duplicate reviews for same bookingSession is missing expected key [errors].
Failed asserting that false is true.&#13;
at vendor\laravel\framework\src\Illuminate\Testing\TestResponseAssert.php:45
at vendor\laravel\framework\src\Illuminate\Testing\TestResponse.php:1517
at vendor\laravel\framework\src\Illuminate\Testing\TestResponse.php:1594
at tests\Feature\ReviewManagementTest.php:133</failure>
        </testcase>
        <testcase name="`Review Management` → `Review Moderation` → it filters visible reviews in public views" file="tests\Feature\ReviewManagementTest.php::`Review Management` → `Review Moderation` → it filters visible reviews in public views" class="Tests\Feature\ReviewManagementTest" classname="Tests.Feature.ReviewManagementTest" assertions="1" time="0.258505">
          <failure type="PHPUnit\Framework\ExpectationFailedException">`Review Management` → `Review Moderation` → it filters visible reviews in public viewsExpected response status code [&gt;=200, &lt;300] but received 404.
Failed asserting that false is true.&#13;
at vendor\laravel\framework\src\Illuminate\Testing\TestResponseAssert.php:45
at vendor\laravel\framework\src\Illuminate\Testing\TestResponse.php:103
at tests\Feature\ReviewManagementTest.php:229</failure>
        </testcase>
        <testcase name="`Review Management` → `Review Listing` → it filters reviews by vehicle" file="tests\Feature\ReviewManagementTest.php::`Review Management` → `Review Listing` → it filters reviews by vehicle" class="Tests\Feature\ReviewManagementTest" classname="Tests.Feature.ReviewManagementTest" assertions="1" time="0.837654"/>
        <testcase name="`Review Management` → `Review with Detailed Ratings` → it creates review with all detailed ratings" file="tests\Feature\ReviewManagementTest.php::`Review Management` → `Review with Detailed Ratings` → it creates review with all detailed ratings" class="Tests\Feature\ReviewManagementTest" classname="Tests.Feature.ReviewManagementTest" assertions="0" time="7.750856">
          <error type="ErrorException">`Review Management` → `Review with Detailed Ratings` → it creates review with all detailed ratingsErrorException: Attempt to read property "cleanliness_rating" on null&#13;
at vendor\laravel\framework\src\Illuminate\Foundation\Bootstrap\HandleExceptions.php:258
at tests\Feature\ReviewManagementTest.php:274</error>
        </testcase>
        <testcase name="`Review Management` → `Review Deletion` → it prevents renter from deleting other renters reviews" file="tests\Feature\ReviewManagementTest.php::`Review Management` → `Review Deletion` → it prevents renter from deleting other renters reviews" class="Tests\Feature\ReviewManagementTest" classname="Tests.Feature.ReviewManagementTest" assertions="1" time="14.277840">
          <failure type="PHPUnit\Framework\ExpectationFailedException">`Review Management` → `Review Deletion` → it prevents renter from deleting other renters reviewsExpected response status code [403] but received 405.
Failed asserting that 405 is identical to 403.&#13;
at vendor\laravel\framework\src\Illuminate\Testing\TestResponseAssert.php:45
at vendor\laravel\framework\src\Illuminate\Testing\TestResponse.php:174
at vendor\laravel\framework\src\Illuminate\Testing\Concerns\AssertsStatusCodes.php:141
at tests\Feature\ReviewManagementTest.php:309</failure>
        </testcase>
        <testcase name="`Review Management` → `Review Deletion` → it allows admin to delete any review" file="tests\Feature\ReviewManagementTest.php::`Review Management` → `Review Deletion` → it allows admin to delete any review" class="Tests\Feature\ReviewManagementTest" classname="Tests.Feature.ReviewManagementTest" assertions="1" time="16.818513">
          <failure type="PHPUnit\Framework\ExpectationFailedException">`Review Management` → `Review Deletion` → it allows admin to delete any reviewFailed asserting that App\Models\Review Object #192814 (
    'connection' =&gt; 'sqlite',
    'table' =&gt; 'car_rental_reviews',
    'primaryKey' =&gt; 'id',
    'keyType' =&gt; 'int',
    'incrementing' =&gt; true,
    'with' =&gt; Array &amp;0 [],
    'withCount' =&gt; Array &amp;1 [],
    'preventsLazyLoading' =&gt; false,
    'perPage' =&gt; 15,
    'exists' =&gt; true,
    'wasRecentlyCreated' =&gt; false,
    'escapeWhenCastingToString' =&gt; false,
    'attributes' =&gt; Array &amp;2 [
        'id' =&gt; 1,
        'booking_id' =&gt; 2,
        'vehicle_id' =&gt; 1,
        'renter_id' =&gt; 3,
        'rating' =&gt; 3,
        'comment' =&gt; 'Car was fine but nothing exceptional.',
        'is_visible' =&gt; 1,
        'created_at' =&gt; '2025-09-24 11:56:33',
        'updated_at' =&gt; '2025-09-24 11:56:33',
    ],
    'original' =&gt; Array &amp;3 [
        'id' =&gt; 1,
        'booking_id' =&gt; 2,
        'vehicle_id' =&gt; 1,
        'renter_id' =&gt; 3,
        'rating' =&gt; 3,
        'comment' =&gt; 'Car was fine but nothing exceptional.',
        'is_visible' =&gt; 1,
        'created_at' =&gt; '2025-09-24 11:56:33',
        'updated_at' =&gt; '2025-09-24 11:56:33',
    ],
    'changes' =&gt; Array &amp;4 [],
    'previous' =&gt; Array &amp;5 [],
    'casts' =&gt; Array &amp;6 [
        'rating' =&gt; 'integer',
        'is_visible' =&gt; 'boolean',
    ],
    'classCastCache' =&gt; Array &amp;7 [],
    'attributeCastCache' =&gt; Array &amp;8 [],
    'dateFormat' =&gt; null,
    'appends' =&gt; Array &amp;9 [],
    'dispatchesEvents' =&gt; Array &amp;10 [],
    'observables' =&gt; Array &amp;11 [],
    'relations' =&gt; Array &amp;12 [],
    'touches' =&gt; Array &amp;13 [],
    'relationAutoloadCallback' =&gt; null,
    'relationAutoloadContext' =&gt; null,
    'timestamps' =&gt; true,
    'usesUniqueIds' =&gt; false,
    'hidden' =&gt; Array &amp;14 [],
    'visible' =&gt; Array &amp;15 [],
    'fillable' =&gt; Array &amp;16 [
        0 =&gt; 'booking_id',
        1 =&gt; 'vehicle_id',
        2 =&gt; 'renter_id',
        3 =&gt; 'rating',
        4 =&gt; 'comment',
        5 =&gt; 'is_visible',
    ],
    'guarded' =&gt; Array &amp;17 [
        0 =&gt; '*',
    ],
) is null.&#13;
at tests\Feature\ReviewManagementTest.php:294</failure>
        </testcase>
        <testcase name="`Review Management` → `Review Creation` → it prevents review creation for non-completed bookings" file="tests\Feature\ReviewManagementTest.php::`Review Management` → `Review Creation` → it prevents review creation for non-completed bookings" class="Tests\Feature\ReviewManagementTest" classname="Tests.Feature.ReviewManagementTest" assertions="1" time="7.945991">
          <failure type="PHPUnit\Framework\ExpectationFailedException">`Review Management` → `Review Creation` → it prevents review creation for non-completed bookingsSession is missing expected key [errors].
Failed asserting that false is true.&#13;
at vendor\laravel\framework\src\Illuminate\Testing\TestResponseAssert.php:45
at vendor\laravel\framework\src\Illuminate\Testing\TestResponse.php:1517
at vendor\laravel\framework\src\Illuminate\Testing\TestResponse.php:1594
at tests\Feature\ReviewManagementTest.php:114</failure>
        </testcase>
        <testcase name="`Review Management` → `Review Updates` → it prevents renter from updating other renters reviews" file="tests\Feature\ReviewManagementTest.php::`Review Management` → `Review Updates` → it prevents renter from updating other renters reviews" class="Tests\Feature\ReviewManagementTest" classname="Tests.Feature.ReviewManagementTest" assertions="1" time="6.414152">
          <failure type="PHPUnit\Framework\ExpectationFailedException">`Review Management` → `Review Updates` → it prevents renter from updating other renters reviewsExpected response status code [403] but received 405.
Failed asserting that 405 is identical to 403.&#13;
at vendor\laravel\framework\src\Illuminate\Testing\TestResponseAssert.php:45
at vendor\laravel\framework\src\Illuminate\Testing\TestResponse.php:174
at vendor\laravel\framework\src\Illuminate\Testing\Concerns\AssertsStatusCodes.php:141
at tests\Feature\ReviewManagementTest.php:180</failure>
        </testcase>
        <testcase name="`Review Management` → `Review Moderation` → it allows admin to hide inappropriate reviews" file="tests\Feature\ReviewManagementTest.php::`Review Management` → `Review Moderation` → it allows admin to hide inappropriate reviews" class="Tests\Feature\ReviewManagementTest" classname="Tests.Feature.ReviewManagementTest" assertions="1" time="18.404724">
          <failure type="PHPUnit\Framework\ExpectationFailedException">`Review Management` → `Review Moderation` → it allows admin to hide inappropriate reviewsFailed asserting that true is false.&#13;
at tests\Feature\ReviewManagementTest.php:209</failure>
        </testcase>
        <testcase name="`Review Management` → `Review Listing` → it allows owner to view reviews for their vehicles" file="tests\Feature\ReviewManagementTest.php::`Review Management` → `Review Listing` → it allows owner to view reviews for their vehicles" class="Tests\Feature\ReviewManagementTest" classname="Tests.Feature.ReviewManagementTest" assertions="1" time="1.141609"/>
        <testcase name="`Review Management` → `Review Analytics` → it displays rating distribution" file="tests\Feature\ReviewManagementTest.php::`Review Management` → `Review Analytics` → it displays rating distribution" class="Tests\Feature\ReviewManagementTest" classname="Tests.Feature.ReviewManagementTest" assertions="1" time="0.289042">
          <failure type="PHPUnit\Framework\ExpectationFailedException">`Review Management` → `Review Analytics` → it displays rating distributionExpected response status code [&gt;=200, &lt;300] but received 404.
Failed asserting that false is true.&#13;
at vendor\laravel\framework\src\Illuminate\Testing\TestResponseAssert.php:45
at vendor\laravel\framework\src\Illuminate\Testing\TestResponse.php:103
at tests\Feature\ReviewManagementTest.php:251</failure>
        </testcase>
        <testcase name="`Review Management` → `Review Updates` → it allows admin to update any review" file="tests\Feature\ReviewManagementTest.php::`Review Management` → `Review Updates` → it allows admin to update any review" class="Tests\Feature\ReviewManagementTest" classname="Tests.Feature.ReviewManagementTest" assertions="1" time="4.312828">
          <failure type="PHPUnit\Framework\ExpectationFailedException">`Review Management` → `Review Updates` → it allows admin to update any reviewFailed asserting that 4 is identical to 3.&#13;
at tests\Feature\ReviewManagementTest.php:190</failure>
        </testcase>
        <testcase name="`Review Management` → `Review Listing` → it allows renter to view their own reviews" file="tests\Feature\ReviewManagementTest.php::`Review Management` → `Review Listing` → it allows renter to view their own reviews" class="Tests\Feature\ReviewManagementTest" classname="Tests.Feature.ReviewManagementTest" assertions="1" time="0.318884"/>
        <testcase name="`Review Management` → `Review Listing` → it allows admin to view all reviews" file="tests\Feature\ReviewManagementTest.php::`Review Management` → `Review Listing` → it allows admin to view all reviews" class="Tests\Feature\ReviewManagementTest" classname="Tests.Feature.ReviewManagementTest" assertions="2" time="0.338032"/>
        <testcase name="`Review Management` → `Review Updates` → it allows renter to update their own review" file="tests\Feature\ReviewManagementTest.php::`Review Management` → `Review Updates` → it allows renter to update their own review" class="Tests\Feature\ReviewManagementTest" classname="Tests.Feature.ReviewManagementTest" assertions="1" time="3.288727">
          <failure type="PHPUnit\Framework\ExpectationFailedException">`Review Management` → `Review Updates` → it allows renter to update their own reviewFailed asserting that 4 is identical to 5.&#13;
at tests\Feature\ReviewManagementTest.php:170</failure>
        </testcase>
        <testcase name="`Review Management` → `Review Listing` → it filters reviews by rating" file="tests\Feature\ReviewManagementTest.php::`Review Management` → `Review Listing` → it filters reviews by rating" class="Tests\Feature\ReviewManagementTest" classname="Tests.Feature.ReviewManagementTest" assertions="1" time="0.298716"/>
        <testcase name="`Review Management` → `Review Analytics` → it calculates average rating for vehicle" file="tests\Feature\ReviewManagementTest.php::`Review Management` → `Review Analytics` → it calculates average rating for vehicle" class="Tests\Feature\ReviewManagementTest" classname="Tests.Feature.ReviewManagementTest" assertions="1" time="0.102835">
          <failure type="PHPUnit\Framework\ExpectationFailedException">`Review Management` → `Review Analytics` → it calculates average rating for vehicleExpected response status code [&gt;=200, &lt;300] but received 404.
Failed asserting that false is true.&#13;
at vendor\laravel\framework\src\Illuminate\Testing\TestResponseAssert.php:45
at vendor\laravel\framework\src\Illuminate\Testing\TestResponse.php:103
at tests\Feature\ReviewManagementTest.php:241</failure>
        </testcase>
        <testcase name="`Review Management` → `Review Deletion` → it allows renter to delete their own review" file="tests\Feature\ReviewManagementTest.php::`Review Management` → `Review Deletion` → it allows renter to delete their own review" class="Tests\Feature\ReviewManagementTest" classname="Tests.Feature.ReviewManagementTest" assertions="1" time="8.961758">
          <failure type="PHPUnit\Framework\ExpectationFailedException">`Review Management` → `Review Deletion` → it allows renter to delete their own reviewFailed asserting that App\Models\Review Object #208181 (
    'connection' =&gt; 'sqlite',
    'table' =&gt; 'car_rental_reviews',
    'primaryKey' =&gt; 'id',
    'keyType' =&gt; 'int',
    'incrementing' =&gt; true,
    'with' =&gt; Array &amp;0 [],
    'withCount' =&gt; Array &amp;1 [],
    'preventsLazyLoading' =&gt; false,
    'perPage' =&gt; 15,
    'exists' =&gt; true,
    'wasRecentlyCreated' =&gt; false,
    'escapeWhenCastingToString' =&gt; false,
    'attributes' =&gt; Array &amp;2 [
        'id' =&gt; 1,
        'booking_id' =&gt; 2,
        'vehicle_id' =&gt; 1,
        'renter_id' =&gt; 3,
        'rating' =&gt; 4,
        'comment' =&gt; 'The rental went smoothly overall. The car served its purpose for our city trip, though it showed signs of wear and tear. The owner was polite and the transaction was straightforward.',
        'is_visible' =&gt; 1,
        'created_at' =&gt; '2025-09-24 11:57:32',
        'updated_at' =&gt; '2025-09-24 11:57:32',
    ],
    'original' =&gt; Array &amp;3 [
        'id' =&gt; 1,
        'booking_id' =&gt; 2,
        'vehicle_id' =&gt; 1,
        'renter_id' =&gt; 3,
        'rating' =&gt; 4,
        'comment' =&gt; 'The rental went smoothly overall. The car served its purpose for our city trip, though it showed signs of wear and tear. The owner was polite and the transaction was straightforward.',
        'is_visible' =&gt; 1,
        'created_at' =&gt; '2025-09-24 11:57:32',
        'updated_at' =&gt; '2025-09-24 11:57:32',
    ],
    'changes' =&gt; Array &amp;4 [],
    'previous' =&gt; Array &amp;5 [],
    'casts' =&gt; Array &amp;6 [
        'rating' =&gt; 'integer',
        'is_visible' =&gt; 'boolean',
    ],
    'classCastCache' =&gt; Array &amp;7 [],
    'attributeCastCache' =&gt; Array &amp;8 [],
    'dateFormat' =&gt; null,
    'appends' =&gt; Array &amp;9 [],
    'dispatchesEvents' =&gt; Array &amp;10 [],
    'observables' =&gt; Array &amp;11 [],
    'relations' =&gt; Array &amp;12 [],
    'touches' =&gt; Array &amp;13 [],
    'relationAutoloadCallback' =&gt; null,
    'relationAutoloadContext' =&gt; null,
    'timestamps' =&gt; true,
    'usesUniqueIds' =&gt; false,
    'hidden' =&gt; Array &amp;14 [],
    'visible' =&gt; Array &amp;15 [],
    'fillable' =&gt; Array &amp;16 [
        0 =&gt; 'booking_id',
        1 =&gt; 'vehicle_id',
        2 =&gt; 'renter_id',
        3 =&gt; 'rating',
        4 =&gt; 'comment',
        5 =&gt; 'is_visible',
    ],
    'guarded' =&gt; Array &amp;17 [
        0 =&gt; '*',
    ],
) is null.&#13;
at tests\Feature\ReviewManagementTest.php:301</failure>
        </testcase>
        <testcase name="`Review Management` → `Review Creation` → it allows renter to create review after completed booking" file="tests\Feature\ReviewManagementTest.php::`Review Management` → `Review Creation` → it allows renter to create review after completed booking" class="Tests\Feature\ReviewManagementTest" classname="Tests.Feature.ReviewManagementTest" assertions="0" time="8.781122">
          <error type="ErrorException">`Review Management` → `Review Creation` → it allows renter to create review after completed bookingErrorException: Attempt to read property "rating" on null&#13;
at vendor\laravel\framework\src\Illuminate\Foundation\Bootstrap\HandleExceptions.php:258
at tests\Feature\ReviewManagementTest.php:94</error>
        </testcase>
        <testcase name="`Review Management` → `Review Moderation` → it allows admin to approve hidden reviews" file="tests\Feature\ReviewManagementTest.php::`Review Management` → `Review Moderation` → it allows admin to approve hidden reviews" class="Tests\Feature\ReviewManagementTest" classname="Tests.Feature.ReviewManagementTest" assertions="1" time="11.236295">
          <failure type="PHPUnit\Framework\ExpectationFailedException">`Review Management` → `Review Moderation` → it allows admin to approve hidden reviewsFailed asserting that false is true.&#13;
at tests\Feature\ReviewManagementTest.php:221</failure>
        </testcase>
      </testsuite>
      <testsuite name="Tests\Feature\Auth\PasswordResetTest" file="tests\Feature\Auth\PasswordResetTest.php" tests="2" assertions="4" errors="0" failures="0" skipped="0" time="0.826191">
        <testcase name="password can be reset with valid token" file="tests\Feature\Auth\PasswordResetTest.php::password can be reset with valid token" class="Tests\Feature\Auth\PasswordResetTest" classname="Tests.Feature.Auth.PasswordResetTest" assertions="3" time="0.478221"/>
        <testcase name="reset password link can be requested" file="tests\Feature\Auth\PasswordResetTest.php::reset password link can be requested" class="Tests\Feature\Auth\PasswordResetTest" classname="Tests.Feature.Auth.PasswordResetTest" assertions="1" time="0.347970"/>
      </testsuite>
      <testsuite name="Tests\Feature\ResourcePermissionsTest" file="tests\Feature\ResourcePermissionsTest.php" tests="13" assertions="38" errors="0" failures="5" skipped="0" time="20.037636">
        <testcase name="`Resource Permissions Test` → `User Resource Permissions` → renter cannot access users resource" file="tests\Feature\ResourcePermissionsTest.php::`Resource Permissions Test` → `User Resource Permissions` → renter cannot access users resource" class="Tests\Feature\ResourcePermissionsTest" classname="Tests.Feature.ResourcePermissionsTest" assertions="2" time="0.126124">
          <failure type="PHPUnit\Framework\ExpectationFailedException">`Resource Permissions Test` → `User Resource Permissions` → renter cannot access users resourceFailed asserting that true is false.&#13;
at tests\Feature\ResourcePermissionsTest.php:119</failure>
        </testcase>
        <testcase name="`Resource Permissions Test` → `Vehicle Resource Permissions` → admin can create vehicles" file="tests\Feature\ResourcePermissionsTest.php::`Resource Permissions Test` → `Vehicle Resource Permissions` → admin can create vehicles" class="Tests\Feature\ResourcePermissionsTest" classname="Tests.Feature.ResourcePermissionsTest" assertions="2" time="0.124783"/>
        <testcase name="`Resource Permissions Test` → `Vehicle Resource Permissions` → vehicle view action visibility" file="tests\Feature\ResourcePermissionsTest.php::`Resource Permissions Test` → `Vehicle Resource Permissions` → vehicle view action visibility" class="Tests\Feature\ResourcePermissionsTest" classname="Tests.Feature.ResourcePermissionsTest" assertions="1" time="0.122075">
          <failure type="PHPUnit\Framework\ExpectationFailedException">`Resource Permissions Test` → `Vehicle Resource Permissions` → vehicle view action visibilityFailed asserting that false is true.&#13;
at tests\Feature\ResourcePermissionsTest.php:68</failure>
        </testcase>
        <testcase name="`Resource Permissions Test` → `Vehicle Resource Permissions` → owner can view vehicles" file="tests\Feature\ResourcePermissionsTest.php::`Resource Permissions Test` → `Vehicle Resource Permissions` → owner can view vehicles" class="Tests\Feature\ResourcePermissionsTest" classname="Tests.Feature.ResourcePermissionsTest" assertions="3" time="0.122368"/>
        <testcase name="`Resource Permissions Test` → `Integration Tests` → renter has minimal access" file="tests\Feature\ResourcePermissionsTest.php::`Resource Permissions Test` → `Integration Tests` → renter has minimal access" class="Tests\Feature\ResourcePermissionsTest" classname="Tests.Feature.ResourcePermissionsTest" assertions="2" time="13.311106">
          <failure type="PHPUnit\Framework\ExpectationFailedException">`Resource Permissions Test` → `Integration Tests` → renter has minimal accessFailed asserting that 500 is identical to 200.&#13;
at tests\Feature\ResourcePermissionsTest.php:204</failure>
        </testcase>
        <testcase name="`Resource Permissions Test` → `Integration Tests` → owner has limited access" file="tests\Feature\ResourcePermissionsTest.php::`Resource Permissions Test` → `Integration Tests` → owner has limited access" class="Tests\Feature\ResourcePermissionsTest" classname="Tests.Feature.ResourcePermissionsTest" assertions="4" time="1.667422">
          <failure type="PHPUnit\Framework\ExpectationFailedException">`Resource Permissions Test` → `Integration Tests` → owner has limited accessFailed asserting that 200 is identical to 403.&#13;
at tests\Feature\ResourcePermissionsTest.php:189</failure>
        </testcase>
        <testcase name="`Resource Permissions Test` → `Vehicle Resource Permissions` → admin can view vehicles" file="tests\Feature\ResourcePermissionsTest.php::`Resource Permissions Test` → `Vehicle Resource Permissions` → admin can view vehicles" class="Tests\Feature\ResourcePermissionsTest" classname="Tests.Feature.ResourcePermissionsTest" assertions="3" time="0.359753"/>
        <testcase name="`Resource Permissions Test` → `Vehicle Resource Permissions` → owner can create vehicles" file="tests\Feature\ResourcePermissionsTest.php::`Resource Permissions Test` → `Vehicle Resource Permissions` → owner can create vehicles" class="Tests\Feature\ResourcePermissionsTest" classname="Tests.Feature.ResourcePermissionsTest" assertions="2" time="0.502086"/>
        <testcase name="`Resource Permissions Test` → `User Resource Permissions` → user resource navigation visibility" file="tests\Feature\ResourcePermissionsTest.php::`Resource Permissions Test` → `User Resource Permissions` → user resource navigation visibility" class="Tests\Feature\ResourcePermissionsTest" classname="Tests.Feature.ResourcePermissionsTest" assertions="4" time="0.242690"/>
        <testcase name="`Resource Permissions Test` → `Vehicle Resource Permissions` → renter cannot create vehicles" file="tests\Feature\ResourcePermissionsTest.php::`Resource Permissions Test` → `Vehicle Resource Permissions` → renter cannot create vehicles" class="Tests\Feature\ResourcePermissionsTest" classname="Tests.Feature.ResourcePermissionsTest" assertions="2" time="0.338751"/>
        <testcase name="`Resource Permissions Test` → `User Resource Permissions` → admin has full permissions on users" file="tests\Feature\ResourcePermissionsTest.php::`Resource Permissions Test` → `User Resource Permissions` → admin has full permissions on users" class="Tests\Feature\ResourcePermissionsTest" classname="Tests.Feature.ResourcePermissionsTest" assertions="6" time="0.309230"/>
        <testcase name="`Resource Permissions Test` → `Integration Tests` → admin can access all resources" file="tests\Feature\ResourcePermissionsTest.php::`Resource Permissions Test` → `Integration Tests` → admin can access all resources" class="Tests\Feature\ResourcePermissionsTest" classname="Tests.Feature.ResourcePermissionsTest" assertions="5" time="2.615633"/>
        <testcase name="`Resource Permissions Test` → `User Resource Permissions` → owner cannot access users resource" file="tests\Feature\ResourcePermissionsTest.php::`Resource Permissions Test` → `User Resource Permissions` → owner cannot access users resource" class="Tests\Feature\ResourcePermissionsTest" classname="Tests.Feature.ResourcePermissionsTest" assertions="2" time="0.195616">
          <failure type="PHPUnit\Framework\ExpectationFailedException">`Resource Permissions Test` → `User Resource Permissions` → owner cannot access users resourceFailed asserting that true is false.&#13;
at tests\Feature\ResourcePermissionsTest.php:106</failure>
        </testcase>
      </testsuite>
      <testsuite name="Tests\Feature\AuthorizationPolicyTest" file="tests\Feature\AuthorizationPolicyTest.php" tests="9" assertions="28" errors="0" failures="2" skipped="0" time="1.482046">
        <testcase name="`Vehicle Authorization Policy` → it allows admins and owners to create vehicles" file="tests\Feature\AuthorizationPolicyTest.php::`Vehicle Authorization Policy` → it allows admins and owners to create vehicles" class="Tests\Feature\AuthorizationPolicyTest" classname="Tests.Feature.AuthorizationPolicyTest" assertions="3" time="0.251873"/>
        <testcase name="`User Authorization Policy` → it allows admins to view any users" file="tests\Feature\AuthorizationPolicyTest.php::`User Authorization Policy` → it allows admins to view any users" class="Tests\Feature\AuthorizationPolicyTest" classname="Tests.Feature.AuthorizationPolicyTest" assertions="2" time="0.221907">
          <failure type="PHPUnit\Framework\ExpectationFailedException">`User Authorization Policy` → it allows admins to view any usersFailed asserting that true is false.&#13;
at tests\Feature\AuthorizationPolicyTest.php:19</failure>
        </testcase>
        <testcase name="`User Authorization Policy` → it allows users to view their own profile" file="tests\Feature\AuthorizationPolicyTest.php::`User Authorization Policy` → it allows users to view their own profile" class="Tests\Feature\AuthorizationPolicyTest" classname="Tests.Feature.AuthorizationPolicyTest" assertions="3" time="0.147334">
          <failure type="PHPUnit\Framework\ExpectationFailedException">`User Authorization Policy` → it allows users to view their own profileFailed asserting that true is false.&#13;
at tests\Feature\AuthorizationPolicyTest.php:38</failure>
        </testcase>
        <testcase name="`User Authorization Policy` → it allows admins to delete users except themselves" file="tests\Feature\AuthorizationPolicyTest.php::`User Authorization Policy` → it allows admins to delete users except themselves" class="Tests\Feature\AuthorizationPolicyTest" classname="Tests.Feature.AuthorizationPolicyTest" assertions="3" time="0.129332"/>
        <testcase name="`Vehicle Authorization Policy` → it only allows admin to permanently delete vehicles" file="tests\Feature\AuthorizationPolicyTest.php::`Vehicle Authorization Policy` → it only allows admin to permanently delete vehicles" class="Tests\Feature\AuthorizationPolicyTest" classname="Tests.Feature.AuthorizationPolicyTest" assertions="3" time="0.153753"/>
        <testcase name="`Vehicle Authorization Policy` → it allows admins and vehicle owners to update vehicles" file="tests\Feature\AuthorizationPolicyTest.php::`Vehicle Authorization Policy` → it allows admins and vehicle owners to update vehicles" class="Tests\Feature\AuthorizationPolicyTest" classname="Tests.Feature.AuthorizationPolicyTest" assertions="4" time="0.150487"/>
        <testcase name="`User Authorization Policy` → it allows admins to create users" file="tests\Feature\AuthorizationPolicyTest.php::`User Authorization Policy` → it allows admins to create users" class="Tests\Feature\AuthorizationPolicyTest" classname="Tests.Feature.AuthorizationPolicyTest" assertions="3" time="0.131441"/>
        <testcase name="`Vehicle Authorization Policy` → it allows everyone to view published vehicles" file="tests\Feature\AuthorizationPolicyTest.php::`Vehicle Authorization Policy` → it allows everyone to view published vehicles" class="Tests\Feature\AuthorizationPolicyTest" classname="Tests.Feature.AuthorizationPolicyTest" assertions="3" time="0.158761"/>
        <testcase name="`Vehicle Authorization Policy` → it allows admins and vehicle owners to delete vehicles" file="tests\Feature\AuthorizationPolicyTest.php::`Vehicle Authorization Policy` → it allows admins and vehicle owners to delete vehicles" class="Tests\Feature\AuthorizationPolicyTest" classname="Tests.Feature.AuthorizationPolicyTest" assertions="4" time="0.137158"/>
      </testsuite>
      <testsuite name="Tests\Feature\PaymentManagementTest" file="tests\Feature\PaymentManagementTest.php" tests="16" assertions="9" errors="8" failures="6" skipped="0" time="19.674190">
        <testcase name="`Payment Management` → `Payment Reports` → it exports payment data" file="tests\Feature\PaymentManagementTest.php::`Payment Management` → `Payment Reports` → it exports payment data" class="Tests\Feature\PaymentManagementTest" classname="Tests.Feature.PaymentManagementTest" assertions="1" time="0.217171">
          <failure type="PHPUnit\Framework\ExpectationFailedException">`Payment Management` → `Payment Reports` → it exports payment dataExpected response status code [&gt;=200, &lt;300] but received 404.
Failed asserting that false is true.&#13;
at vendor\laravel\framework\src\Illuminate\Testing\TestResponseAssert.php:45
at vendor\laravel\framework\src\Illuminate\Testing\TestResponse.php:103
at tests\Feature\PaymentManagementTest.php:211</failure>
        </testcase>
        <testcase name="`Payment Management` → `Payment Refunds` → it prevents refund amount exceeding original amount" file="tests\Feature\PaymentManagementTest.php::`Payment Management` → `Payment Refunds` → it prevents refund amount exceeding original amount" class="Tests\Feature\PaymentManagementTest" classname="Tests.Feature.PaymentManagementTest" assertions="0" time="0.000000">
          <error type="Illuminate\Database\QueryException">`Payment Management` → `Payment Refunds` → it prevents refund amount exceeding original amountIlluminate\Database\QueryException: SQLSTATE[HY000]: General error: 1 table car_rental_payments has no column named status (Connection: sqlite, SQL: insert into "car_rental_payments" ("booking_id", "amount", "payment_method", "payment_status", "transaction_id", "processed_at", "gateway_response", "refunded_at", "refund_amount", "status", "updated_at", "created_at") values (1, 400, debit_card, confirmed, TXN-9r8j3v9q9p1b, 2025-09-02 12:45:30, {"gateway":"braintree","response_code":"200","message":"Payment processed successfully","reference_id":"REF-1u4q0q5s"}, ?, 0, confirmed, 2025-09-24 11:58:24, 2025-09-24 11:58:24))&#13;
at vendor\laravel\framework\src\Illuminate\Database\Connection.php:564
at vendor\laravel\framework\src\Illuminate\Database\Connection.php:811
at vendor\laravel\framework\src\Illuminate\Database\Connection.php:778
at vendor\laravel\framework\src\Illuminate\Database\Connection.php:559
at vendor\laravel\framework\src\Illuminate\Database\Connection.php:523
at vendor\laravel\framework\src\Illuminate\Database\Query\Processors\Processor.php:32
at vendor\laravel\framework\src\Illuminate\Database\Query\Builder.php:3853
at vendor\laravel\framework\src\Illuminate\Database\Eloquent\Builder.php:2235
at vendor\laravel\framework\src\Illuminate\Database\Eloquent\Model.php:1436
at vendor\laravel\framework\src\Illuminate\Database\Eloquent\Model.php:1401
at vendor\laravel\framework\src\Illuminate\Database\Eloquent\Model.php:1240
at vendor\laravel\framework\src\Illuminate\Database\Eloquent\Factories\Factory.php:370
at vendor\laravel\framework\src\Illuminate\Collections\Traits\EnumeratesValues.php:271
at vendor\laravel\framework\src\Illuminate\Database\Eloquent\Factories\Factory.php:365
at vendor\laravel\framework\src\Illuminate\Database\Eloquent\Factories\Factory.php:321
at vendor\laravel\framework\src\Illuminate\Database\Eloquent\Factories\Factory.php:315
at tests\Feature\PaymentManagementTest.php:162
Caused by
PDOException: SQLSTATE[HY000]: General error: 1 table car_rental_payments has no column named status

at vendor\laravel\framework\src\Illuminate\Database\Connection.php:564
at vendor\laravel\framework\src\Illuminate\Database\Connection.php:811
at vendor\laravel\framework\src\Illuminate\Database\Connection.php:778
at vendor\laravel\framework\src\Illuminate\Database\Connection.php:559
at vendor\laravel\framework\src\Illuminate\Database\Connection.php:523
at vendor\laravel\framework\src\Illuminate\Database\Query\Processors\Processor.php:32
at vendor\laravel\framework\src\Illuminate\Database\Query\Builder.php:3853
at vendor\laravel\framework\src\Illuminate\Database\Eloquent\Builder.php:2235
at vendor\laravel\framework\src\Illuminate\Database\Eloquent\Model.php:1436
at vendor\laravel\framework\src\Illuminate\Database\Eloquent\Model.php:1401
at vendor\laravel\framework\src\Illuminate\Database\Eloquent\Model.php:1240
at vendor\laravel\framework\src\Illuminate\Database\Eloquent\Factories\Factory.php:370
at vendor\laravel\framework\src\Illuminate\Collections\Traits\EnumeratesValues.php:271
at vendor\laravel\framework\src\Illuminate\Database\Eloquent\Factories\Factory.php:365
at vendor\laravel\framework\src\Illuminate\Database\Eloquent\Factories\Factory.php:321
at vendor\laravel\framework\src\Illuminate\Database\Eloquent\Factories\Factory.php:315
at tests\Feature\PaymentManagementTest.php:162</error>
        </testcase>
        <testcase name="`Payment Management` → `Payment Listing` → it allows admin to view all payments" file="tests\Feature\PaymentManagementTest.php::`Payment Management` → `Payment Listing` → it allows admin to view all payments" class="Tests\Feature\PaymentManagementTest" classname="Tests.Feature.PaymentManagementTest" assertions="2" time="0.466671"/>
        <testcase name="`Payment Management` → `Payment Processing` → it allows creating cash payment" file="tests\Feature\PaymentManagementTest.php::`Payment Management` → `Payment Processing` → it allows creating cash payment" class="Tests\Feature\PaymentManagementTest" classname="Tests.Feature.PaymentManagementTest" assertions="0" time="5.498904">
          <error type="ErrorException">`Payment Management` → `Payment Processing` → it allows creating cash paymentErrorException: Attempt to read property "method" on null&#13;
at vendor\laravel\framework\src\Illuminate\Foundation\Bootstrap\HandleExceptions.php:258
at tests\Feature\PaymentManagementTest.php:108</error>
        </testcase>
        <testcase name="`Payment Management` → `Payment Reports` → it displays payment analytics" file="tests\Feature\PaymentManagementTest.php::`Payment Management` → `Payment Reports` → it displays payment analytics" class="Tests\Feature\PaymentManagementTest" classname="Tests.Feature.PaymentManagementTest" assertions="1" time="0.097685">
          <failure type="PHPUnit\Framework\ExpectationFailedException">`Payment Management` → `Payment Reports` → it displays payment analyticsExpected response status code [&gt;=200, &lt;300] but received 404.
Failed asserting that false is true.&#13;
at vendor\laravel\framework\src\Illuminate\Testing\TestResponseAssert.php:45
at vendor\laravel\framework\src\Illuminate\Testing\TestResponse.php:103
at tests\Feature\PaymentManagementTest.php:203</failure>
        </testcase>
        <testcase name="`Payment Management` → `Payment Processing` → it validates payment amount against booking total" file="tests\Feature\PaymentManagementTest.php::`Payment Management` → `Payment Processing` → it validates payment amount against booking total" class="Tests\Feature\PaymentManagementTest" classname="Tests.Feature.PaymentManagementTest" assertions="1" time="6.615892">
          <failure type="PHPUnit\Framework\ExpectationFailedException">`Payment Management` → `Payment Processing` → it validates payment amount against booking totalSession is missing expected key [errors].
Failed asserting that false is true.&#13;
at vendor\laravel\framework\src\Illuminate\Testing\TestResponseAssert.php:45
at vendor\laravel\framework\src\Illuminate\Testing\TestResponse.php:1517
at vendor\laravel\framework\src\Illuminate\Testing\TestResponse.php:1594
at tests\Feature\PaymentManagementTest.php:122</failure>
        </testcase>
        <testcase name="`Payment Management` → `Payment Status Updates` → it allows admin to confirm payment" file="tests\Feature\PaymentManagementTest.php::`Payment Management` → `Payment Status Updates` → it allows admin to confirm payment" class="Tests\Feature\PaymentManagementTest" classname="Tests.Feature.PaymentManagementTest" assertions="0" time="0.000000">
          <error type="Illuminate\Database\QueryException">`Payment Management` → `Payment Status Updates` → it allows admin to confirm paymentIlluminate\Database\QueryException: SQLSTATE[HY000]: General error: 1 table car_rental_payments has no column named status (Connection: sqlite, SQL: insert into "car_rental_payments" ("booking_id", "amount", "payment_method", "payment_status", "transaction_id", "processed_at", "gateway_response", "refunded_at", "refund_amount", "status", "updated_at", "created_at") values (1, 447, bank_transfer, refunded, TXN-3g2l1a2j0o7j, ?, {"gateway":"stripe","response_code":"403","message":"Network timeout","reference_id":"REF-5g3c4s1l"}, ?, 0, pending, 2025-09-24 11:58:37, 2025-09-24 11:58:37))&#13;
at vendor\laravel\framework\src\Illuminate\Database\Connection.php:564
at vendor\laravel\framework\src\Illuminate\Database\Connection.php:811
at vendor\laravel\framework\src\Illuminate\Database\Connection.php:778
at vendor\laravel\framework\src\Illuminate\Database\Connection.php:559
at vendor\laravel\framework\src\Illuminate\Database\Connection.php:523
at vendor\laravel\framework\src\Illuminate\Database\Query\Processors\Processor.php:32
at vendor\laravel\framework\src\Illuminate\Database\Query\Builder.php:3853
at vendor\laravel\framework\src\Illuminate\Database\Eloquent\Builder.php:2235
at vendor\laravel\framework\src\Illuminate\Database\Eloquent\Model.php:1436
at vendor\laravel\framework\src\Illuminate\Database\Eloquent\Model.php:1401
at vendor\laravel\framework\src\Illuminate\Database\Eloquent\Model.php:1240
at vendor\laravel\framework\src\Illuminate\Database\Eloquent\Factories\Factory.php:370
at vendor\laravel\framework\src\Illuminate\Collections\Traits\EnumeratesValues.php:271
at vendor\laravel\framework\src\Illuminate\Database\Eloquent\Factories\Factory.php:365
at vendor\laravel\framework\src\Illuminate\Database\Eloquent\Factories\Factory.php:321
at vendor\laravel\framework\src\Illuminate\Database\Eloquent\Factories\Factory.php:315
at tests\Feature\PaymentManagementTest.php:128
Caused by
PDOException: SQLSTATE[HY000]: General error: 1 table car_rental_payments has no column named status

at vendor\laravel\framework\src\Illuminate\Database\Connection.php:564
at vendor\laravel\framework\src\Illuminate\Database\Connection.php:811
at vendor\laravel\framework\src\Illuminate\Database\Connection.php:778
at vendor\laravel\framework\src\Illuminate\Database\Connection.php:559
at vendor\laravel\framework\src\Illuminate\Database\Connection.php:523
at vendor\laravel\framework\src\Illuminate\Database\Query\Processors\Processor.php:32
at vendor\laravel\framework\src\Illuminate\Database\Query\Builder.php:3853
at vendor\laravel\framework\src\Illuminate\Database\Eloquent\Builder.php:2235
at vendor\laravel\framework\src\Illuminate\Database\Eloquent\Model.php:1436
at vendor\laravel\framework\src\Illuminate\Database\Eloquent\Model.php:1401
at vendor\laravel\framework\src\Illuminate\Database\Eloquent\Model.php:1240
at vendor\laravel\framework\src\Illuminate\Database\Eloquent\Factories\Factory.php:370
at vendor\laravel\framework\src\Illuminate\Collections\Traits\EnumeratesValues.php:271
at vendor\laravel\framework\src\Illuminate\Database\Eloquent\Factories\Factory.php:365
at vendor\laravel\framework\src\Illuminate\Database\Eloquent\Factories\Factory.php:321
at vendor\laravel\framework\src\Illuminate\Database\Eloquent\Factories\Factory.php:315
at tests\Feature\PaymentManagementTest.php:128</error>
        </testcase>
        <testcase name="`Payment Management` → `Payment Listing` → it filters payments by status" file="tests\Feature\PaymentManagementTest.php::`Payment Management` → `Payment Listing` → it filters payments by status" class="Tests\Feature\PaymentManagementTest" classname="Tests.Feature.PaymentManagementTest" assertions="0" time="0.422980">
          <error type="Illuminate\Database\QueryException">`Payment Management` → `Payment Listing` → it filters payments by statusIlluminate\Database\QueryException: SQLSTATE[HY000]: General error: 1 table car_rental_payments has no column named status (Connection: sqlite, SQL: insert into "car_rental_payments" ("booking_id", "amount", "payment_method", "payment_status", "transaction_id", "processed_at", "gateway_response", "refunded_at", "refund_amount", "status", "updated_at", "created_at") values (1, 442, paypal, refunded, TXN-8m3n5o5e1x5c, ?, {"gateway":"razorpay","response_code":"402","message":"Expired card","reference_id":"REF-1z6y1d9z"}, ?, 0, pending, 2025-09-24 11:58:37, 2025-09-24 11:58:37))&#13;
at vendor\laravel\framework\src\Illuminate\Database\Connection.php:564
at vendor\laravel\framework\src\Illuminate\Database\Connection.php:811
at vendor\laravel\framework\src\Illuminate\Database\Connection.php:778
at vendor\laravel\framework\src\Illuminate\Database\Connection.php:559
at vendor\laravel\framework\src\Illuminate\Database\Connection.php:523
at vendor\laravel\framework\src\Illuminate\Database\Query\Processors\Processor.php:32
at vendor\laravel\framework\src\Illuminate\Database\Query\Builder.php:3853
at vendor\laravel\framework\src\Illuminate\Database\Eloquent\Builder.php:2235
at vendor\laravel\framework\src\Illuminate\Database\Eloquent\Model.php:1436
at vendor\laravel\framework\src\Illuminate\Database\Eloquent\Model.php:1401
at vendor\laravel\framework\src\Illuminate\Database\Eloquent\Model.php:1240
at vendor\laravel\framework\src\Illuminate\Database\Eloquent\Factories\Factory.php:370
at vendor\laravel\framework\src\Illuminate\Collections\Traits\EnumeratesValues.php:271
at vendor\laravel\framework\src\Illuminate\Database\Eloquent\Factories\Factory.php:365
at vendor\laravel\framework\src\Illuminate\Database\Eloquent\Factories\Factory.php:321
at vendor\laravel\framework\src\Illuminate\Database\Eloquent\Factories\Factory.php:315
at tests\Feature\PaymentManagementTest.php:52
Caused by
PDOException: SQLSTATE[HY000]: General error: 1 table car_rental_payments has no column named status

at vendor\laravel\framework\src\Illuminate\Database\Connection.php:564
at vendor\laravel\framework\src\Illuminate\Database\Connection.php:811
at vendor\laravel\framework\src\Illuminate\Database\Connection.php:778
at vendor\laravel\framework\src\Illuminate\Database\Connection.php:559
at vendor\laravel\framework\src\Illuminate\Database\Connection.php:523
at vendor\laravel\framework\src\Illuminate\Database\Query\Processors\Processor.php:32
at vendor\laravel\framework\src\Illuminate\Database\Query\Builder.php:3853
at vendor\laravel\framework\src\Illuminate\Database\Eloquent\Builder.php:2235
at vendor\laravel\framework\src\Illuminate\Database\Eloquent\Model.php:1436
at vendor\laravel\framework\src\Illuminate\Database\Eloquent\Model.php:1401
at vendor\laravel\framework\src\Illuminate\Database\Eloquent\Model.php:1240
at vendor\laravel\framework\src\Illuminate\Database\Eloquent\Factories\Factory.php:370
at vendor\laravel\framework\src\Illuminate\Collections\Traits\EnumeratesValues.php:271
at vendor\laravel\framework\src\Illuminate\Database\Eloquent\Factories\Factory.php:365
at vendor\laravel\framework\src\Illuminate\Database\Eloquent\Factories\Factory.php:321
at vendor\laravel\framework\src\Illuminate\Database\Eloquent\Factories\Factory.php:315
at tests\Feature\PaymentManagementTest.php:52</error>
        </testcase>
        <testcase name="`Payment Management` → `Gateway Integration` → it validates webhook signatures" file="tests\Feature\PaymentManagementTest.php::`Payment Management` → `Gateway Integration` → it validates webhook signatures" class="Tests\Feature\PaymentManagementTest" classname="Tests.Feature.PaymentManagementTest" assertions="1" time="0.178910">
          <failure type="PHPUnit\Framework\ExpectationFailedException">`Payment Management` → `Gateway Integration` → it validates webhook signaturesExpected response status code [400] but received 404.
Failed asserting that 404 is identical to 400.&#13;
at vendor\laravel\framework\src\Illuminate\Testing\TestResponseAssert.php:45
at vendor\laravel\framework\src\Illuminate\Testing\TestResponse.php:174
at tests\Feature\PaymentManagementTest.php:240</failure>
        </testcase>
        <testcase name="`Payment Management` → `Payment Refunds` → it allows processing partial refund" file="tests\Feature\PaymentManagementTest.php::`Payment Management` → `Payment Refunds` → it allows processing partial refund" class="Tests\Feature\PaymentManagementTest" classname="Tests.Feature.PaymentManagementTest" assertions="0" time="0.000000">
          <error type="Illuminate\Database\QueryException">`Payment Management` → `Payment Refunds` → it allows processing partial refundIlluminate\Database\QueryException: SQLSTATE[HY000]: General error: 1 table car_rental_payments has no column named status (Connection: sqlite, SQL: insert into "car_rental_payments" ("booking_id", "amount", "payment_method", "payment_status", "transaction_id", "processed_at", "gateway_response", "refunded_at", "refund_amount", "status", "updated_at", "created_at") values (1, 400, paypal, failed, TXN-8z3q2h6s3t7l, ?, {"gateway":"razorpay","response_code":"401","message":"Insufficient funds","reference_id":"REF-8j8j6i5e"}, ?, 0, confirmed, 2025-09-24 11:58:38, 2025-09-24 11:58:38))&#13;
at vendor\laravel\framework\src\Illuminate\Database\Connection.php:564
at vendor\laravel\framework\src\Illuminate\Database\Connection.php:811
at vendor\laravel\framework\src\Illuminate\Database\Connection.php:778
at vendor\laravel\framework\src\Illuminate\Database\Connection.php:559
at vendor\laravel\framework\src\Illuminate\Database\Connection.php:523
at vendor\laravel\framework\src\Illuminate\Database\Query\Processors\Processor.php:32
at vendor\laravel\framework\src\Illuminate\Database\Query\Builder.php:3853
at vendor\laravel\framework\src\Illuminate\Database\Eloquent\Builder.php:2235
at vendor\laravel\framework\src\Illuminate\Database\Eloquent\Model.php:1436
at vendor\laravel\framework\src\Illuminate\Database\Eloquent\Model.php:1401
at vendor\laravel\framework\src\Illuminate\Database\Eloquent\Model.php:1240
at vendor\laravel\framework\src\Illuminate\Database\Eloquent\Factories\Factory.php:370
at vendor\laravel\framework\src\Illuminate\Collections\Traits\EnumeratesValues.php:271
at vendor\laravel\framework\src\Illuminate\Database\Eloquent\Factories\Factory.php:365
at vendor\laravel\framework\src\Illuminate\Database\Eloquent\Factories\Factory.php:321
at vendor\laravel\framework\src\Illuminate\Database\Eloquent\Factories\Factory.php:315
at tests\Feature\PaymentManagementTest.php:162
Caused by
PDOException: SQLSTATE[HY000]: General error: 1 table car_rental_payments has no column named status

at vendor\laravel\framework\src\Illuminate\Database\Connection.php:564
at vendor\laravel\framework\src\Illuminate\Database\Connection.php:811
at vendor\laravel\framework\src\Illuminate\Database\Connection.php:778
at vendor\laravel\framework\src\Illuminate\Database\Connection.php:559
at vendor\laravel\framework\src\Illuminate\Database\Connection.php:523
at vendor\laravel\framework\src\Illuminate\Database\Query\Processors\Processor.php:32
at vendor\laravel\framework\src\Illuminate\Database\Query\Builder.php:3853
at vendor\laravel\framework\src\Illuminate\Database\Eloquent\Builder.php:2235
at vendor\laravel\framework\src\Illuminate\Database\Eloquent\Model.php:1436
at vendor\laravel\framework\src\Illuminate\Database\Eloquent\Model.php:1401
at vendor\laravel\framework\src\Illuminate\Database\Eloquent\Model.php:1240
at vendor\laravel\framework\src\Illuminate\Database\Eloquent\Factories\Factory.php:370
at vendor\laravel\framework\src\Illuminate\Collections\Traits\EnumeratesValues.php:271
at vendor\laravel\framework\src\Illuminate\Database\Eloquent\Factories\Factory.php:365
at vendor\laravel\framework\src\Illuminate\Database\Eloquent\Factories\Factory.php:321
at vendor\laravel\framework\src\Illuminate\Database\Eloquent\Factories\Factory.php:315
at tests\Feature\PaymentManagementTest.php:162</error>
        </testcase>
        <testcase name="`Payment Management` → `Gateway Integration` → it handles stripe webhook processing" file="tests\Feature\PaymentManagementTest.php::`Payment Management` → `Gateway Integration` → it handles stripe webhook processing" class="Tests\Feature\PaymentManagementTest" classname="Tests.Feature.PaymentManagementTest" assertions="1" time="0.146569">
          <failure type="PHPUnit\Framework\ExpectationFailedException">`Payment Management` → `Gateway Integration` → it handles stripe webhook processingExpected response status code [&gt;=200, &lt;300] but received 404.
Failed asserting that false is true.&#13;
at vendor\laravel\framework\src\Illuminate\Testing\TestResponseAssert.php:45
at vendor\laravel\framework\src\Illuminate\Testing\TestResponse.php:103
at tests\Feature\PaymentManagementTest.php:229</failure>
        </testcase>
        <testcase name="`Payment Management` → `Payment Listing` → it filters payments by method" file="tests\Feature\PaymentManagementTest.php::`Payment Management` → `Payment Listing` → it filters payments by method" class="Tests\Feature\PaymentManagementTest" classname="Tests.Feature.PaymentManagementTest" assertions="0" time="0.130917">
          <error type="Illuminate\Database\QueryException">`Payment Management` → `Payment Listing` → it filters payments by methodIlluminate\Database\QueryException: SQLSTATE[HY000]: General error: 1 table car_rental_payments has no column named method (Connection: sqlite, SQL: insert into "car_rental_payments" ("booking_id", "amount", "payment_method", "payment_status", "transaction_id", "processed_at", "gateway_response", "refunded_at", "refund_amount", "method", "updated_at", "created_at") values (1, 158, apple_pay, unpaid, TXN-3n9p5g8l9e1w, ?, {"gateway":"stripe","response_code":"400","message":"Bank processing error","reference_id":"REF-6z8k3i3z"}, ?, 0, stripe, 2025-09-24 11:58:38, 2025-09-24 11:58:38))&#13;
at vendor\laravel\framework\src\Illuminate\Database\Connection.php:564
at vendor\laravel\framework\src\Illuminate\Database\Connection.php:811
at vendor\laravel\framework\src\Illuminate\Database\Connection.php:778
at vendor\laravel\framework\src\Illuminate\Database\Connection.php:559
at vendor\laravel\framework\src\Illuminate\Database\Connection.php:523
at vendor\laravel\framework\src\Illuminate\Database\Query\Processors\Processor.php:32
at vendor\laravel\framework\src\Illuminate\Database\Query\Builder.php:3853
at vendor\laravel\framework\src\Illuminate\Database\Eloquent\Builder.php:2235
at vendor\laravel\framework\src\Illuminate\Database\Eloquent\Model.php:1436
at vendor\laravel\framework\src\Illuminate\Database\Eloquent\Model.php:1401
at vendor\laravel\framework\src\Illuminate\Database\Eloquent\Model.php:1240
at vendor\laravel\framework\src\Illuminate\Database\Eloquent\Factories\Factory.php:370
at vendor\laravel\framework\src\Illuminate\Collections\Traits\EnumeratesValues.php:271
at vendor\laravel\framework\src\Illuminate\Database\Eloquent\Factories\Factory.php:365
at vendor\laravel\framework\src\Illuminate\Database\Eloquent\Factories\Factory.php:321
at vendor\laravel\framework\src\Illuminate\Database\Eloquent\Factories\Factory.php:315
at tests\Feature\PaymentManagementTest.php:63
Caused by
PDOException: SQLSTATE[HY000]: General error: 1 table car_rental_payments has no column named method

at vendor\laravel\framework\src\Illuminate\Database\Connection.php:564
at vendor\laravel\framework\src\Illuminate\Database\Connection.php:811
at vendor\laravel\framework\src\Illuminate\Database\Connection.php:778
at vendor\laravel\framework\src\Illuminate\Database\Connection.php:559
at vendor\laravel\framework\src\Illuminate\Database\Connection.php:523
at vendor\laravel\framework\src\Illuminate\Database\Query\Processors\Processor.php:32
at vendor\laravel\framework\src\Illuminate\Database\Query\Builder.php:3853
at vendor\laravel\framework\src\Illuminate\Database\Eloquent\Builder.php:2235
at vendor\laravel\framework\src\Illuminate\Database\Eloquent\Model.php:1436
at vendor\laravel\framework\src\Illuminate\Database\Eloquent\Model.php:1401
at vendor\laravel\framework\src\Illuminate\Database\Eloquent\Model.php:1240
at vendor\laravel\framework\src\Illuminate\Database\Eloquent\Factories\Factory.php:370
at vendor\laravel\framework\src\Illuminate\Collections\Traits\EnumeratesValues.php:271
at vendor\laravel\framework\src\Illuminate\Database\Eloquent\Factories\Factory.php:365
at vendor\laravel\framework\src\Illuminate\Database\Eloquent\Factories\Factory.php:321
at vendor\laravel\framework\src\Illuminate\Database\Eloquent\Factories\Factory.php:315
at tests\Feature\PaymentManagementTest.php:63</error>
        </testcase>
        <testcase name="`Payment Management` → `Payment Listing` → it allows owner to view payments for their vehicle bookings" file="tests\Feature\PaymentManagementTest.php::`Payment Management` → `Payment Listing` → it allows owner to view payments for their vehicle bookings" class="Tests\Feature\PaymentManagementTest" classname="Tests.Feature.PaymentManagementTest" assertions="1" time="0.353633"/>
        <testcase name="`Payment Management` → `Payment Listing` → it restricts renter access to payment management" file="tests\Feature\PaymentManagementTest.php::`Payment Management` → `Payment Listing` → it restricts renter access to payment management" class="Tests\Feature\PaymentManagementTest" classname="Tests.Feature.PaymentManagementTest" assertions="1" time="0.410031">
          <failure type="PHPUnit\Framework\ExpectationFailedException">`Payment Management` → `Payment Listing` → it restricts renter access to payment managementExpected response status code [403] but received 200.
Failed asserting that 200 is identical to 403.&#13;
at vendor\laravel\framework\src\Illuminate\Testing\TestResponseAssert.php:45
at vendor\laravel\framework\src\Illuminate\Testing\TestResponse.php:174
at vendor\laravel\framework\src\Illuminate\Testing\Concerns\AssertsStatusCodes.php:141
at tests\Feature\PaymentManagementTest.php:48</failure>
        </testcase>
        <testcase name="`Payment Management` → `Payment Status Updates` → it allows marking payment as failed with reason" file="tests\Feature\PaymentManagementTest.php::`Payment Management` → `Payment Status Updates` → it allows marking payment as failed with reason" class="Tests\Feature\PaymentManagementTest" classname="Tests.Feature.PaymentManagementTest" assertions="0" time="0.000000">
          <error type="Illuminate\Database\QueryException">`Payment Management` → `Payment Status Updates` → it allows marking payment as failed with reasonIlluminate\Database\QueryException: SQLSTATE[HY000]: General error: 1 table car_rental_payments has no column named status (Connection: sqlite, SQL: insert into "car_rental_payments" ("booking_id", "amount", "payment_method", "payment_status", "transaction_id", "processed_at", "gateway_response", "refunded_at", "refund_amount", "status", "updated_at", "created_at") values (1, 606, cash, processing, ?, ?, ?, ?, 0, pending, 2025-09-24 11:58:39, 2025-09-24 11:58:39))&#13;
at vendor\laravel\framework\src\Illuminate\Database\Connection.php:564
at vendor\laravel\framework\src\Illuminate\Database\Connection.php:811
at vendor\laravel\framework\src\Illuminate\Database\Connection.php:778
at vendor\laravel\framework\src\Illuminate\Database\Connection.php:559
at vendor\laravel\framework\src\Illuminate\Database\Connection.php:523
at vendor\laravel\framework\src\Illuminate\Database\Query\Processors\Processor.php:32
at vendor\laravel\framework\src\Illuminate\Database\Query\Builder.php:3853
at vendor\laravel\framework\src\Illuminate\Database\Eloquent\Builder.php:2235
at vendor\laravel\framework\src\Illuminate\Database\Eloquent\Model.php:1436
at vendor\laravel\framework\src\Illuminate\Database\Eloquent\Model.php:1401
at vendor\laravel\framework\src\Illuminate\Database\Eloquent\Model.php:1240
at vendor\laravel\framework\src\Illuminate\Database\Eloquent\Factories\Factory.php:370
at vendor\laravel\framework\src\Illuminate\Collections\Traits\EnumeratesValues.php:271
at vendor\laravel\framework\src\Illuminate\Database\Eloquent\Factories\Factory.php:365
at vendor\laravel\framework\src\Illuminate\Database\Eloquent\Factories\Factory.php:321
at vendor\laravel\framework\src\Illuminate\Database\Eloquent\Factories\Factory.php:315
at tests\Feature\PaymentManagementTest.php:128
Caused by
PDOException: SQLSTATE[HY000]: General error: 1 table car_rental_payments has no column named status

at vendor\laravel\framework\src\Illuminate\Database\Connection.php:564
at vendor\laravel\framework\src\Illuminate\Database\Connection.php:811
at vendor\laravel\framework\src\Illuminate\Database\Connection.php:778
at vendor\laravel\framework\src\Illuminate\Database\Connection.php:559
at vendor\laravel\framework\src\Illuminate\Database\Connection.php:523
at vendor\laravel\framework\src\Illuminate\Database\Query\Processors\Processor.php:32
at vendor\laravel\framework\src\Illuminate\Database\Query\Builder.php:3853
at vendor\laravel\framework\src\Illuminate\Database\Eloquent\Builder.php:2235
at vendor\laravel\framework\src\Illuminate\Database\Eloquent\Model.php:1436
at vendor\laravel\framework\src\Illuminate\Database\Eloquent\Model.php:1401
at vendor\laravel\framework\src\Illuminate\Database\Eloquent\Model.php:1240
at vendor\laravel\framework\src\Illuminate\Database\Eloquent\Factories\Factory.php:370
at vendor\laravel\framework\src\Illuminate\Collections\Traits\EnumeratesValues.php:271
at vendor\laravel\framework\src\Illuminate\Database\Eloquent\Factories\Factory.php:365
at vendor\laravel\framework\src\Illuminate\Database\Eloquent\Factories\Factory.php:321
at vendor\laravel\framework\src\Illuminate\Database\Eloquent\Factories\Factory.php:315
at tests\Feature\PaymentManagementTest.php:128</error>
        </testcase>
        <testcase name="`Payment Management` → `Payment Processing` → it allows creating stripe payment" file="tests\Feature\PaymentManagementTest.php::`Payment Management` → `Payment Processing` → it allows creating stripe payment" class="Tests\Feature\PaymentManagementTest" classname="Tests.Feature.PaymentManagementTest" assertions="0" time="5.134828">
          <error type="ErrorException">`Payment Management` → `Payment Processing` → it allows creating stripe paymentErrorException: Attempt to read property "method" on null&#13;
at vendor\laravel\framework\src\Illuminate\Foundation\Bootstrap\HandleExceptions.php:258
at tests\Feature\PaymentManagementTest.php:90</error>
        </testcase>
      </testsuite>
      <testsuite name="Tests\Feature\VehiclePermissionsTest" file="tests\Feature\VehiclePermissionsTest.php" tests="5" assertions="12" errors="0" failures="0" skipped="0" time="1.082617">
        <testcase name="`Vehicle Creation Permissions` → guest cannot create vehicles" file="tests\Feature\VehiclePermissionsTest.php::`Vehicle Creation Permissions` → guest cannot create vehicles" class="Tests\Feature\VehiclePermissionsTest" classname="Tests.Feature.VehiclePermissionsTest" assertions="2" time="0.093892"/>
        <testcase name="`Vehicle Creation Permissions` → owner can create vehicles" file="tests\Feature\VehiclePermissionsTest.php::`Vehicle Creation Permissions` → owner can create vehicles" class="Tests\Feature\VehiclePermissionsTest" classname="Tests.Feature.VehiclePermissionsTest" assertions="2" time="0.455611"/>
        <testcase name="`Vehicle Creation Permissions` → vehicle resource canCreate method works correctly" file="tests\Feature\VehiclePermissionsTest.php::`Vehicle Creation Permissions` → vehicle resource canCreate method works correctly" class="Tests\Feature\VehiclePermissionsTest" classname="Tests.Feature.VehiclePermissionsTest" assertions="4" time="0.097249"/>
        <testcase name="`Vehicle Creation Permissions` → admin can create vehicles" file="tests\Feature\VehiclePermissionsTest.php::`Vehicle Creation Permissions` → admin can create vehicles" class="Tests\Feature\VehiclePermissionsTest" classname="Tests.Feature.VehiclePermissionsTest" assertions="2" time="0.360867"/>
        <testcase name="`Vehicle Creation Permissions` → renter cannot create vehicles" file="tests\Feature\VehiclePermissionsTest.php::`Vehicle Creation Permissions` → renter cannot create vehicles" class="Tests\Feature\VehiclePermissionsTest" classname="Tests.Feature.VehiclePermissionsTest" assertions="2" time="0.074998"/>
      </testsuite>
      <testsuite name="Tests\Feature\Api\Enhanced\BookingControllerEnhancedTest" file="tests\Feature\Api\Enhanced\BookingControllerEnhancedTest.php" tests="11" assertions="10" errors="1" failures="10" skipped="0" time="2.967755">
        <testcase name="`BookingController Enhanced Tests` → it dispatches BookingCreated event" file="tests\Feature\Api\Enhanced\BookingControllerEnhancedTest.php::`BookingController Enhanced Tests` → it dispatches BookingCreated event" class="Tests\Feature\Api\Enhanced\BookingControllerEnhancedTest" classname="Tests.Feature.Api.Enhanced.BookingControllerEnhancedTest" assertions="1" time="0.102167">
          <failure type="PHPUnit\Framework\ExpectationFailedException">`BookingController Enhanced Tests` → it dispatches BookingCreated eventThe expected [App\Events\BookingCreated] event was not dispatched.
Failed asserting that false is true.&#13;
at vendor\laravel\framework\src\Illuminate\Support\Testing\Fakes\EventFake.php:144
at vendor\laravel\framework\src\Illuminate\Support\Facades\Facade.php:363
at tests\Feature\Api\Enhanced\BookingControllerEnhancedTest.php:72</failure>
        </testcase>
        <testcase name="`BookingController Enhanced Tests` → it handles date conflicts with proper exception" file="tests\Feature\Api\Enhanced\BookingControllerEnhancedTest.php::`BookingController Enhanced Tests` → it handles date conflicts with proper exception" class="Tests\Feature\Api\Enhanced\BookingControllerEnhancedTest" classname="Tests.Feature.Api.Enhanced.BookingControllerEnhancedTest" assertions="1" time="0.095692">
          <failure type="PHPUnit\Framework\ExpectationFailedException">`BookingController Enhanced Tests` → it handles date conflicts with proper exceptionExpected response status code [409] but received 500.
Failed asserting that 500 is identical to 409.&#13;
at vendor\laravel\framework\src\Illuminate\Testing\TestResponseAssert.php:45
at vendor\laravel\framework\src\Illuminate\Testing\TestResponse.php:174
at tests\Feature\Api\Enhanced\BookingControllerEnhancedTest.php:122</failure>
        </testcase>
        <testcase name="`BookingController Enhanced Tests` → it uses transaction service for atomic operations" file="tests\Feature\Api\Enhanced\BookingControllerEnhancedTest.php::`BookingController Enhanced Tests` → it uses transaction service for atomic operations" class="Tests\Feature\Api\Enhanced\BookingControllerEnhancedTest" classname="Tests.Feature.Api.Enhanced.BookingControllerEnhancedTest" assertions="0" time="0.083247">
          <error type="BadMethodCallException">`BookingController Enhanced Tests` → it uses transaction service for atomic operationsBadMethodCallException: Method Illuminate\Http\JsonResponse::successful does not exist.&#13;
at vendor\laravel\framework\src\Illuminate\Macroable\Traits\Macroable.php:115
at vendor\laravel\framework\src\Illuminate\Testing\TestResponse.php:1977
at tests\Feature\Api\Enhanced\BookingControllerEnhancedTest.php:199</error>
        </testcase>
        <testcase name="`BookingController Enhanced Tests` → it validates DTO requirements correctly" file="tests\Feature\Api\Enhanced\BookingControllerEnhancedTest.php::`BookingController Enhanced Tests` → it validates DTO requirements correctly" class="Tests\Feature\Api\Enhanced\BookingControllerEnhancedTest" classname="Tests.Feature.Api.Enhanced.BookingControllerEnhancedTest" assertions="1" time="0.085598">
          <failure type="PHPUnit\Framework\ExpectationFailedException">`BookingController Enhanced Tests` → it validates DTO requirements correctlyExpected response status code [422] but received 500.
Failed asserting that 500 is identical to 422.&#13;
at vendor\laravel\framework\src\Illuminate\Testing\TestResponseAssert.php:45
at vendor\laravel\framework\src\Illuminate\Testing\TestResponse.php:174
at tests\Feature\Api\Enhanced\BookingControllerEnhancedTest.php:149</failure>
        </testcase>
        <testcase name="`Booking Authorization Middleware` → it allows admin to access any booking" file="tests\Feature\Api\Enhanced\BookingControllerEnhancedTest.php::`Booking Authorization Middleware` → it allows admin to access any booking" class="Tests\Feature\Api\Enhanced\BookingControllerEnhancedTest" classname="Tests.Feature.Api.Enhanced.BookingControllerEnhancedTest" assertions="1" time="0.197460">
          <failure type="PHPUnit\Framework\ExpectationFailedException">`Booking Authorization Middleware` → it allows admin to access any bookingExpected response status code [&gt;=200, &lt;300] but received 500.
Failed asserting that false is true.&#13;
&#13;
The following exception occurred during the last request:

Error: Class "Stripe\Stripe" not found in C:\laragon\www\CarRentSystem\app\Services\PaymentService.php:19
Stack trace:
#0 [internal function]: App\Services\PaymentService-&gt;__construct()
#1 C:\laragon\www\CarRentSystem\vendor\laravel\framework\src\Illuminate\Container\Container.php(1211): ReflectionClass-&gt;newInstanceArgs(Array)
#2 C:\laragon\www\CarRentSystem\vendor\laravel\framework\src\Illuminate\Container\Container.php(972): Illuminate\Container\Container-&gt;build('App\\Services\\Pa...')
#3 C:\laragon\www\CarRentSystem\vendor\laravel\framework\src\Illuminate\Foundation\Application.php(1078): Illuminate\Container\Container-&gt;resolve('App\\Services\\Pa...', Array, true)
#4 C:\laragon\www\CarRentSystem\vendor\laravel\framework\src\Illuminate\Container\Container.php(903): Illuminate\Foundation\Application-&gt;resolve('App\\Services\\Pa...', Array)
#5 C:\laragon\www\CarRentSystem\vendor\laravel\framework\src\Illuminate\Foundation\Application.php(1058): Illuminate\Container\Container-&gt;make('App\\Services\\Pa...', Array)
#6 C:\laragon\www\CarRentSystem\vendor\laravel\framework\src\Illuminate\Container\Container.php(1379): Illuminate\Foundation\Application-&gt;make('App\\Services\\Pa...')
#7 C:\laragon\www\CarRentSystem\vendor\laravel\framework\src\Illuminate\Container\Container.php(1278): Illuminate\Container\Container-&gt;resolveClass(Object(ReflectionParameter))
#8 C:\laragon\www\CarRentSystem\vendor\laravel\framework\src\Illuminate\Container\Container.php(1201): Illuminate\Container\Container-&gt;resolveDependencies(Array)
#9 C:\laragon\www\CarRentSystem\vendor\laravel\framework\src\Illuminate\Container\Container.php(972): Illuminate\Container\Container-&gt;build('App\\Actions\\Boo...')
#10 C:\laragon\www\CarRentSystem\vendor\laravel\framework\src\Illuminate\Foundation\Application.php(1078): Illuminate\Container\Container-&gt;resolve('App\\Actions\\Boo...', Array, true)
#11 C:\laragon\www\CarRentSystem\vendor\laravel\framework\src\Illuminate\Container\Container.php(903): Illuminate\Foundation\Application-&gt;resolve('App\\Actions\\Boo...', Array)
#12 C:\laragon\www\CarRentSystem\vendor\laravel\framework\src\Illuminate\Foundation\Application.php(1058): Illuminate\Container\Container-&gt;make('App\\Actions\\Boo...', Array)
#13 C:\laragon\www\CarRentSystem\vendor\laravel\framework\src\Illuminate\Container\Container.php(1379): Illuminate\Foundation\Application-&gt;make('App\\Actions\\Boo...')
#14 C:\laragon\www\CarRentSystem\vendor\laravel\framework\src\Illuminate\Container\Container.php(1278): Illuminate\Container\Container-&gt;resolveClass(Object(ReflectionParameter))
#15 C:\laragon\www\CarRentSystem\vendor\laravel\framework\src\Illuminate\Container\Container.php(1201): Illuminate\Container\Container-&gt;resolveDependencies(Array)
#16 C:\laragon\www\CarRentSystem\vendor\laravel\framework\src\Illuminate\Container\Container.php(972): Illuminate\Container\Container-&gt;build('App\\Http\\Contro...')
#17 C:\laragon\www\CarRentSystem\vendor\laravel\framework\src\Illuminate\Foundation\Application.php(1078): Illuminate\Container\Container-&gt;resolve('App\\Http\\Contro...', Array, true)
#18 C:\laragon\www\CarRentSystem\vendor\laravel\framework\src\Illuminate\Container\Container.php(903): Illuminate\Foundation\Application-&gt;resolve('App\\Http\\Contro...', Array)
#19 C:\laragon\www\CarRentSystem\vendor\laravel\framework\src\Illuminate\Foundation\Application.php(1058): Illuminate\Container\Container-&gt;make('App\\Http\\Contro...', Array)
#20 C:\laragon\www\CarRentSystem\vendor\laravel\framework\src\Illuminate\Routing\Route.php(286): Illuminate\Foundation\Application-&gt;make('App\\Http\\Contro...')
#21 C:\laragon\www\CarRentSystem\vendor\laravel\framework\src\Illuminate\Routing\Route.php(266): Illuminate\Routing\Route-&gt;getController()
#22 C:\laragon\www\CarRentSystem\vendor\laravel\framework\src\Illuminate\Routing\Route.php(211): Illuminate\Routing\Route-&gt;runController()
#23 C:\laragon\www\CarRentSystem\vendor\laravel\framework\src\Illuminate\Routing\Router.php(822): Illuminate\Routing\Route-&gt;run()
#24 C:\laragon\www\CarRentSystem\vendor\laravel\framework\src\Illuminate\Pipeline\Pipeline.php(180): Illuminate\Routing\Router-&gt;{closure:Illuminate\Routing\Router::runRouteWithinStack():821}(Object(Illuminate\Http\Request))
#25 C:\laragon\www\CarRentSystem\vendor\laravel\framework\src\Illuminate\Routing\Middleware\SubstituteBindings.php(50): Illuminate\Pipeline\Pipeline-&gt;{closure:Illuminate\Pipeline\Pipeline::prepareDestination():178}(Object(Illuminate\Http\Request))
#26 C:\laragon\www\CarRentSystem\vendor\laravel\framework\src\Illuminate\Pipeline\Pipeline.php(219): Illuminate\Routing\Middleware\SubstituteBindings-&gt;handle(Object(Illuminate\Http\Request), Object(Closure))
#27 C:\laragon\www\CarRentSystem\vendor\laravel\framework\src\Illuminate\Routing\Middleware\ThrottleRequests.php(160): Illuminate\Pipeline\Pipeline-&gt;{closure:{closure:Illuminate\Pipeline\Pipeline::carry():194}:195}(Object(Illuminate\Http\Request))
#28 C:\laragon\www\CarRentSystem\vendor\laravel\framework\src\Illuminate\Routing\Middleware\ThrottleRequests.php(91): Illuminate\Routing\Middleware\ThrottleRequests-&gt;handleRequest(Object(Illuminate\Http\Request), Object(Closure), Array)
#29 C:\laragon\www\CarRentSystem\vendor\laravel\framework\src\Illuminate\Pipeline\Pipeline.php(219): Illuminate\Routing\Middleware\ThrottleRequests-&gt;handle(Object(Illuminate\Http\Request), Object(Closure), '100', '1')
#30 C:\laragon\www\CarRentSystem\vendor\laravel\framework\src\Illuminate\Auth\Middleware\Authenticate.php(63): Illuminate\Pipeline\Pipeline-&gt;{closure:{closure:Illuminate\Pipeline\Pipeline::carry():194}:195}(Object(Illuminate\Http\Request))
#31 C:\laragon\www\CarRentSystem\vendor\laravel\framework\src\Illuminate\Pipeline\Pipeline.php(219): Illuminate\Auth\Middleware\Authenticate-&gt;handle(Object(Illuminate\Http\Request), Object(Closure), 'sanctum')
#32 C:\laragon\www\CarRentSystem\vendor\laravel\sanctum\src\Http\Middleware\EnsureFrontendRequestsAreStateful.php(26): Illuminate\Pipeline\Pipeline-&gt;{closure:{closure:Illuminate\Pipeline\Pipeline::carry():194}:195}(Object(Illuminate\Http\Request))
#33 C:\laragon\www\CarRentSystem\vendor\laravel\framework\src\Illuminate\Pipeline\Pipeline.php(180): Laravel\Sanctum\Http\Middleware\EnsureFrontendRequestsAreStateful-&gt;{closure:Laravel\Sanctum\Http\Middleware\EnsureFrontendRequestsAreStateful::handle():25}(Object(Illuminate\Http\Request))
#34 C:\laragon\www\CarRentSystem\vendor\laravel\framework\src\Illuminate\Pipeline\Pipeline.php(137): Illuminate\Pipeline\Pipeline-&gt;{closure:Illuminate\Pipeline\Pipeline::prepareDestination():178}(Object(Illuminate\Http\Request))
#35 C:\laragon\www\CarRentSystem\vendor\laravel\sanctum\src\Http\Middleware\EnsureFrontendRequestsAreStateful.php(25): Illuminate\Pipeline\Pipeline-&gt;then(Object(Closure))
#36 C:\laragon\www\CarRentSystem\vendor\laravel\framework\src\Illuminate\Pipeline\Pipeline.php(219): Laravel\Sanctum\Http\Middleware\EnsureFrontendRequestsAreStateful-&gt;handle(Object(Illuminate\Http\Request), Object(Closure))
#37 C:\laragon\www\CarRentSystem\vendor\laravel\framework\src\Illuminate\Pipeline\Pipeline.php(137): Illuminate\Pipeline\Pipeline-&gt;{closure:{closure:Illuminate\Pipeline\Pipeline::carry():194}:195}(Object(Illuminate\Http\Request))
#38 C:\laragon\www\CarRentSystem\vendor\laravel\framework\src\Illuminate\Routing\Router.php(821): Illuminate\Pipeline\Pipeline-&gt;then(Object(Closure))
#39 C:\laragon\www\CarRentSystem\vendor\laravel\framework\src\Illuminate\Routing\Router.php(800): Illuminate\Routing\Router-&gt;runRouteWithinStack(Object(Illuminate\Routing\Route), Object(Illuminate\Http\Request))
#40 C:\laragon\www\CarRentSystem\vendor\laravel\framework\src\Illuminate\Routing\Router.php(764): Illuminate\Routing\Router-&gt;runRoute(Object(Illuminate\Http\Request), Object(Illuminate\Routing\Route))
#41 C:\laragon\www\CarRentSystem\vendor\laravel\framework\src\Illuminate\Routing\Router.php(753): Illuminate\Routing\Router-&gt;dispatchToRoute(Object(Illuminate\Http\Request))
#42 C:\laragon\www\CarRentSystem\vendor\laravel\framework\src\Illuminate\Foundation\Http\Kernel.php(200): Illuminate\Routing\Router-&gt;dispatch(Object(Illuminate\Http\Request))
#43 C:\laragon\www\CarRentSystem\vendor\laravel\framework\src\Illuminate\Pipeline\Pipeline.php(180): Illuminate\Foundation\Http\Kernel-&gt;{closure:Illuminate\Foundation\Http\Kernel::dispatchToRouter():197}(Object(Illuminate\Http\Request))
#44 C:\laragon\www\CarRentSystem\vendor\livewire\livewire\src\Features\SupportDisablingBackButtonCache\DisableBackButtonCacheMiddleware.php(19): Illuminate\Pipeline\Pipeline-&gt;{closure:Illuminate\Pipeline\Pipeline::prepareDestination():178}(Object(Illuminate\Http\Request))
#45 C:\laragon\www\CarRentSystem\vendor\laravel\framework\src\Illuminate\Pipeline\Pipeline.php(219): Livewire\Features\SupportDisablingBackButtonCache\DisableBackButtonCacheMiddleware-&gt;handle(Object(Illuminate\Http\Request), Object(Closure))
#46 C:\laragon\www\CarRentSystem\vendor\laravel\framework\src\Illuminate\Foundation\Http\Middleware\TransformsRequest.php(21): Illuminate\Pipeline\Pipeline-&gt;{closure:{closure:Illuminate\Pipeline\Pipeline::carry():194}:195}(Object(Illuminate\Http\Request))
#47 C:\laragon\www\CarRentSystem\vendor\laravel\framework\src\Illuminate\Foundation\Http\Middleware\ConvertEmptyStringsToNull.php(31): Illuminate\Foundation\Http\Middleware\TransformsRequest-&gt;handle(Object(Illuminate\Http\Request), Object(Closure))
#48 C:\laragon\www\CarRentSystem\vendor\laravel\framework\src\Illuminate\Pipeline\Pipeline.php(219): Illuminate\Foundation\Http\Middleware\ConvertEmptyStringsToNull-&gt;handle(Object(Illuminate\Http\Request), Object(Closure))
#49 C:\laragon\www\CarRentSystem\vendor\laravel\framework\src\Illuminate\Foundation\Http\Middleware\TransformsRequest.php(21): Illuminate\Pipeline\Pipeline-&gt;{closure:{closure:Illuminate\Pipeline\Pipeline::carry():194}:195}(Object(Illuminate\Http\Request))
#50 C:\laragon\www\CarRentSystem\vendor\laravel\framework\src\Illuminate\Foundation\Http\Middleware\TrimStrings.php(51): Illuminate\Foundation\Http\Middleware\TransformsRequest-&gt;handle(Object(Illuminate\Http\Request), Object(Closure))
#51 C:\laragon\www\CarRentSystem\vendor\laravel\framework\src\Illuminate\Pipeline\Pipeline.php(219): Illuminate\Foundation\Http\Middleware\TrimStrings-&gt;handle(Object(Illuminate\Http\Request), Object(Closure))
#52 C:\laragon\www\CarRentSystem\vendor\laravel\framework\src\Illuminate\Http\Middleware\ValidatePostSize.php(27): Illuminate\Pipeline\Pipeline-&gt;{closure:{closure:Illuminate\Pipeline\Pipeline::carry():194}:195}(Object(Illuminate\Http\Request))
#53 C:\laragon\www\CarRentSystem\vendor\laravel\framework\src\Illuminate\Pipeline\Pipeline.php(219): Illuminate\Http\Middleware\ValidatePostSize-&gt;handle(Object(Illuminate\Http\Request), Object(Closure))
#54 C:\laragon\www\CarRentSystem\vendor\laravel\framework\src\Illuminate\Foundation\Http\Middleware\PreventRequestsDuringMaintenance.php(109): Illuminate\Pipeline\Pipeline-&gt;{closure:{closure:Illuminate\Pipeline\Pipeline::carry():194}:195}(Object(Illuminate\Http\Request))
#55 C:\laragon\www\CarRentSystem\vendor\laravel\framework\src\Illuminate\Pipeline\Pipeline.php(219): Illuminate\Foundation\Http\Middleware\PreventRequestsDuringMaintenance-&gt;handle(Object(Illuminate\Http\Request), Object(Closure))
#56 C:\laragon\www\CarRentSystem\vendor\laravel\framework\src\Illuminate\Http\Middleware\HandleCors.php(61): Illuminate\Pipeline\Pipeline-&gt;{closure:{closure:Illuminate\Pipeline\Pipeline::carry():194}:195}(Object(Illuminate\Http\Request))
#57 C:\laragon\www\CarRentSystem\vendor\laravel\framework\src\Illuminate\Pipeline\Pipeline.php(219): Illuminate\Http\Middleware\HandleCors-&gt;handle(Object(Illuminate\Http\Request), Object(Closure))
#58 C:\laragon\www\CarRentSystem\vendor\laravel\framework\src\Illuminate\Http\Middleware\TrustProxies.php(58): Illuminate\Pipeline\Pipeline-&gt;{closure:{closure:Illuminate\Pipeline\Pipeline::carry():194}:195}(Object(Illuminate\Http\Request))
#59 C:\laragon\www\CarRentSystem\vendor\laravel\framework\src\Illuminate\Pipeline\Pipeline.php(219): Illuminate\Http\Middleware\TrustProxies-&gt;handle(Object(Illuminate\Http\Request), Object(Closure))
#60 C:\laragon\www\CarRentSystem\vendor\laravel\framework\src\Illuminate\Foundation\Http\Middleware\InvokeDeferredCallbacks.php(22): Illuminate\Pipeline\Pipeline-&gt;{closure:{closure:Illuminate\Pipeline\Pipeline::carry():194}:195}(Object(Illuminate\Http\Request))
#61 C:\laragon\www\CarRentSystem\vendor\laravel\framework\src\Illuminate\Pipeline\Pipeline.php(219): Illuminate\Foundation\Http\Middleware\InvokeDeferredCallbacks-&gt;handle(Object(Illuminate\Http\Request), Object(Closure))
#62 C:\laragon\www\CarRentSystem\vendor\laravel\framework\src\Illuminate\Http\Middleware\ValidatePathEncoding.php(26): Illuminate\Pipeline\Pipeline-&gt;{closure:{closure:Illuminate\Pipeline\Pipeline::carry():194}:195}(Object(Illuminate\Http\Request))
#63 C:\laragon\www\CarRentSystem\vendor\laravel\framework\src\Illuminate\Pipeline\Pipeline.php(219): Illuminate\Http\Middleware\ValidatePathEncoding-&gt;handle(Object(Illuminate\Http\Request), Object(Closure))
#64 C:\laragon\www\CarRentSystem\vendor\laravel\framework\src\Illuminate\Pipeline\Pipeline.php(137): Illuminate\Pipeline\Pipeline-&gt;{closure:{closure:Illuminate\Pipeline\Pipeline::carry():194}:195}(Object(Illuminate\Http\Request))
#65 C:\laragon\www\CarRentSystem\vendor\laravel\framework\src\Illuminate\Foundation\Http\Kernel.php(175): Illuminate\Pipeline\Pipeline-&gt;then(Object(Closure))
#66 C:\laragon\www\CarRentSystem\vendor\laravel\framework\src\Illuminate\Foundation\Http\Kernel.php(144): Illuminate\Foundation\Http\Kernel-&gt;sendRequestThroughRouter(Object(Illuminate\Http\Request))
#67 C:\laragon\www\CarRentSystem\vendor\laravel\framework\src\Illuminate\Foundation\Testing\Concerns\MakesHttpRequests.php(607): Illuminate\Foundation\Http\Kernel-&gt;handle(Object(Illuminate\Http\Request))
#68 C:\laragon\www\CarRentSystem\vendor\laravel\framework\src\Illuminate\Foundation\Testing\Concerns\MakesHttpRequests.php(573): Illuminate\Foundation\Testing\TestCase-&gt;call('GET', '/api/bookings/1', Array, Array, Array, Array, '[]')
#69 C:\laragon\www\CarRentSystem\vendor\laravel\framework\src\Illuminate\Foundation\Testing\Concerns\MakesHttpRequests.php(381): Illuminate\Foundation\Testing\TestCase-&gt;json('GET', '/api/bookings/1', Array, Array, 0)
#70 C:\laragon\www\CarRentSystem\tests\Feature\Api\Enhanced\BookingControllerEnhancedTest.php(250): Illuminate\Foundation\Testing\TestCase-&gt;getJson('/api/bookings/1')
#71 C:\laragon\www\CarRentSystem\vendor\pestphp\pest\src\Factories\TestCaseMethodFactory.php(168): P\Tests\Feature\Api\Enhanced\BookingControllerEnhancedTest-&gt;{closure:{closure:C:\laragon\www\CarRentSystem\tests\Feature\Api\Enhanced\BookingControllerEnhancedTest.php:208}:246}()
#72 [internal function]: P\Tests\Feature\Api\Enhanced\BookingControllerEnhancedTest-&gt;{closure:Pest\Factories\TestCaseMethodFactory::getClosure():158}()
#73 C:\laragon\www\CarRentSystem\vendor\pestphp\pest\src\Concerns\Testable.php(429): call_user_func_array(Object(Closure), Array)
#74 C:\laragon\www\CarRentSystem\vendor\pestphp\pest\src\Support\ExceptionTrace.php(26): P\Tests\Feature\Api\Enhanced\BookingControllerEnhancedTest-&gt;{closure:Pest\Concerns\Testable::__callClosure():429}()
#75 C:\laragon\www\CarRentSystem\vendor\pestphp\pest\src\Concerns\Testable.php(429): Pest\Support\ExceptionTrace::ensure(Object(Closure))
#76 C:\laragon\www\CarRentSystem\vendor\pestphp\pest\src\Concerns\Testable.php(331): P\Tests\Feature\Api\Enhanced\BookingControllerEnhancedTest-&gt;__callClosure(Object(Closure), Array)
#77 C:\laragon\www\CarRentSystem\vendor\pestphp\pest\src\Factories\TestCaseFactory.php(169) : eval()'d code(129): P\Tests\Feature\Api\Enhanced\BookingControllerEnhancedTest-&gt;__runTest(Object(Closure))
#78 C:\laragon\www\CarRentSystem\vendor\phpunit\phpunit\src\Framework\TestCase.php(1316): P\Tests\Feature\Api\Enhanced\BookingControllerEnhancedTest-&gt;__pest_evaluable__Booking_Authorization_Middleware__→_it_allows_admin_to_access_any_booking()
#79 C:\laragon\www\CarRentSystem\vendor\phpunit\phpunit\src\Framework\TestCase.php(516): PHPUnit\Framework\TestCase-&gt;runTest()
#80 C:\laragon\www\CarRentSystem\vendor\phpunit\phpunit\src\Framework\TestRunner\TestRunner.php(99): PHPUnit\Framework\TestCase-&gt;runBare()
#81 C:\laragon\www\CarRentSystem\vendor\phpunit\phpunit\src\Framework\TestCase.php(357): PHPUnit\Framework\TestRunner-&gt;run(Object(P\Tests\Feature\Api\Enhanced\BookingControllerEnhancedTest))
#82 C:\laragon\www\CarRentSystem\vendor\phpunit\phpunit\src\Framework\TestSuite.php(374): PHPUnit\Framework\TestCase-&gt;run()
#83 C:\laragon\www\CarRentSystem\vendor\phpunit\phpunit\src\Framework\TestSuite.php(374): PHPUnit\Framework\TestSuite-&gt;run()
#84 C:\laragon\www\CarRentSystem\vendor\phpunit\phpunit\src\Framework\TestSuite.php(374): PHPUnit\Framework\TestSuite-&gt;run()
#85 C:\laragon\www\CarRentSystem\vendor\phpunit\phpunit\src\TextUI\TestRunner.php(64): PHPUnit\Framework\TestSuite-&gt;run()
#86 C:\laragon\www\CarRentSystem\vendor\phpunit\phpunit\src\TextUI\Application.php(229): PHPUnit\TextUI\TestRunner-&gt;run(Object(PHPUnit\TextUI\Configuration\Configuration), Object(PHPUnit\Runner\ResultCache\DefaultResultCache), Object(PHPUnit\Framework\TestSuite))
#87 C:\laragon\www\CarRentSystem\vendor\pestphp\pest\src\Kernel.php(103): PHPUnit\TextUI\Application-&gt;run(Array)
#88 C:\laragon\www\CarRentSystem\vendor\pestphp\pest\bin\pest(184): Pest\Kernel-&gt;handle(Array, Array)
#89 C:\laragon\www\CarRentSystem\vendor\pestphp\pest\bin\pest(192): {closure:C:\laragon\www\CarRentSystem\vendor\pestphp\pest\bin\pest:18}()
#90 C:\laragon\www\CarRentSystem\vendor\bin\pest(119): include('C:\\laragon\\www\\...')
#91 {main}

----------------------------------------------------------------------------------

Class "Stripe\Stripe" not found&#13;
&#13;
at vendor\laravel\framework\src\Illuminate\Testing\TestResponseAssert.php:45
at vendor\laravel\framework\src\Illuminate\Testing\TestResponse.php:103
at tests\Feature\Api\Enhanced\BookingControllerEnhancedTest.php:252</failure>
        </testcase>
        <testcase name="`Booking Authorization Middleware` → it prevents unauthorized users from accessing booking" file="tests\Feature\Api\Enhanced\BookingControllerEnhancedTest.php::`Booking Authorization Middleware` → it prevents unauthorized users from accessing booking" class="Tests\Feature\Api\Enhanced\BookingControllerEnhancedTest" classname="Tests.Feature.Api.Enhanced.BookingControllerEnhancedTest" assertions="1" time="0.157416">
          <failure type="PHPUnit\Framework\ExpectationFailedException">`Booking Authorization Middleware` → it prevents unauthorized users from accessing bookingExpected response status code [403] but received 500.
Failed asserting that 500 is identical to 403.&#13;
&#13;
The following exception occurred during the last request:

Error: Class "Stripe\Stripe" not found in C:\laragon\www\CarRentSystem\app\Services\PaymentService.php:19
Stack trace:
#0 [internal function]: App\Services\PaymentService-&gt;__construct()
#1 C:\laragon\www\CarRentSystem\vendor\laravel\framework\src\Illuminate\Container\Container.php(1211): ReflectionClass-&gt;newInstanceArgs(Array)
#2 C:\laragon\www\CarRentSystem\vendor\laravel\framework\src\Illuminate\Container\Container.php(972): Illuminate\Container\Container-&gt;build('App\\Services\\Pa...')
#3 C:\laragon\www\CarRentSystem\vendor\laravel\framework\src\Illuminate\Foundation\Application.php(1078): Illuminate\Container\Container-&gt;resolve('App\\Services\\Pa...', Array, true)
#4 C:\laragon\www\CarRentSystem\vendor\laravel\framework\src\Illuminate\Container\Container.php(903): Illuminate\Foundation\Application-&gt;resolve('App\\Services\\Pa...', Array)
#5 C:\laragon\www\CarRentSystem\vendor\laravel\framework\src\Illuminate\Foundation\Application.php(1058): Illuminate\Container\Container-&gt;make('App\\Services\\Pa...', Array)
#6 C:\laragon\www\CarRentSystem\vendor\laravel\framework\src\Illuminate\Container\Container.php(1379): Illuminate\Foundation\Application-&gt;make('App\\Services\\Pa...')
#7 C:\laragon\www\CarRentSystem\vendor\laravel\framework\src\Illuminate\Container\Container.php(1278): Illuminate\Container\Container-&gt;resolveClass(Object(ReflectionParameter))
#8 C:\laragon\www\CarRentSystem\vendor\laravel\framework\src\Illuminate\Container\Container.php(1201): Illuminate\Container\Container-&gt;resolveDependencies(Array)
#9 C:\laragon\www\CarRentSystem\vendor\laravel\framework\src\Illuminate\Container\Container.php(972): Illuminate\Container\Container-&gt;build('App\\Actions\\Boo...')
#10 C:\laragon\www\CarRentSystem\vendor\laravel\framework\src\Illuminate\Foundation\Application.php(1078): Illuminate\Container\Container-&gt;resolve('App\\Actions\\Boo...', Array, true)
#11 C:\laragon\www\CarRentSystem\vendor\laravel\framework\src\Illuminate\Container\Container.php(903): Illuminate\Foundation\Application-&gt;resolve('App\\Actions\\Boo...', Array)
#12 C:\laragon\www\CarRentSystem\vendor\laravel\framework\src\Illuminate\Foundation\Application.php(1058): Illuminate\Container\Container-&gt;make('App\\Actions\\Boo...', Array)
#13 C:\laragon\www\CarRentSystem\vendor\laravel\framework\src\Illuminate\Container\Container.php(1379): Illuminate\Foundation\Application-&gt;make('App\\Actions\\Boo...')
#14 C:\laragon\www\CarRentSystem\vendor\laravel\framework\src\Illuminate\Container\Container.php(1278): Illuminate\Container\Container-&gt;resolveClass(Object(ReflectionParameter))
#15 C:\laragon\www\CarRentSystem\vendor\laravel\framework\src\Illuminate\Container\Container.php(1201): Illuminate\Container\Container-&gt;resolveDependencies(Array)
#16 C:\laragon\www\CarRentSystem\vendor\laravel\framework\src\Illuminate\Container\Container.php(972): Illuminate\Container\Container-&gt;build('App\\Http\\Contro...')
#17 C:\laragon\www\CarRentSystem\vendor\laravel\framework\src\Illuminate\Foundation\Application.php(1078): Illuminate\Container\Container-&gt;resolve('App\\Http\\Contro...', Array, true)
#18 C:\laragon\www\CarRentSystem\vendor\laravel\framework\src\Illuminate\Container\Container.php(903): Illuminate\Foundation\Application-&gt;resolve('App\\Http\\Contro...', Array)
#19 C:\laragon\www\CarRentSystem\vendor\laravel\framework\src\Illuminate\Foundation\Application.php(1058): Illuminate\Container\Container-&gt;make('App\\Http\\Contro...', Array)
#20 C:\laragon\www\CarRentSystem\vendor\laravel\framework\src\Illuminate\Routing\Route.php(286): Illuminate\Foundation\Application-&gt;make('App\\Http\\Contro...')
#21 C:\laragon\www\CarRentSystem\vendor\laravel\framework\src\Illuminate\Routing\Route.php(266): Illuminate\Routing\Route-&gt;getController()
#22 C:\laragon\www\CarRentSystem\vendor\laravel\framework\src\Illuminate\Routing\Route.php(211): Illuminate\Routing\Route-&gt;runController()
#23 C:\laragon\www\CarRentSystem\vendor\laravel\framework\src\Illuminate\Routing\Router.php(822): Illuminate\Routing\Route-&gt;run()
#24 C:\laragon\www\CarRentSystem\vendor\laravel\framework\src\Illuminate\Pipeline\Pipeline.php(180): Illuminate\Routing\Router-&gt;{closure:Illuminate\Routing\Router::runRouteWithinStack():821}(Object(Illuminate\Http\Request))
#25 C:\laragon\www\CarRentSystem\vendor\laravel\framework\src\Illuminate\Routing\Middleware\SubstituteBindings.php(50): Illuminate\Pipeline\Pipeline-&gt;{closure:Illuminate\Pipeline\Pipeline::prepareDestination():178}(Object(Illuminate\Http\Request))
#26 C:\laragon\www\CarRentSystem\vendor\laravel\framework\src\Illuminate\Pipeline\Pipeline.php(219): Illuminate\Routing\Middleware\SubstituteBindings-&gt;handle(Object(Illuminate\Http\Request), Object(Closure))
#27 C:\laragon\www\CarRentSystem\vendor\laravel\framework\src\Illuminate\Routing\Middleware\ThrottleRequests.php(160): Illuminate\Pipeline\Pipeline-&gt;{closure:{closure:Illuminate\Pipeline\Pipeline::carry():194}:195}(Object(Illuminate\Http\Request))
#28 C:\laragon\www\CarRentSystem\vendor\laravel\framework\src\Illuminate\Routing\Middleware\ThrottleRequests.php(91): Illuminate\Routing\Middleware\ThrottleRequests-&gt;handleRequest(Object(Illuminate\Http\Request), Object(Closure), Array)
#29 C:\laragon\www\CarRentSystem\vendor\laravel\framework\src\Illuminate\Pipeline\Pipeline.php(219): Illuminate\Routing\Middleware\ThrottleRequests-&gt;handle(Object(Illuminate\Http\Request), Object(Closure), '100', '1')
#30 C:\laragon\www\CarRentSystem\vendor\laravel\framework\src\Illuminate\Auth\Middleware\Authenticate.php(63): Illuminate\Pipeline\Pipeline-&gt;{closure:{closure:Illuminate\Pipeline\Pipeline::carry():194}:195}(Object(Illuminate\Http\Request))
#31 C:\laragon\www\CarRentSystem\vendor\laravel\framework\src\Illuminate\Pipeline\Pipeline.php(219): Illuminate\Auth\Middleware\Authenticate-&gt;handle(Object(Illuminate\Http\Request), Object(Closure), 'sanctum')
#32 C:\laragon\www\CarRentSystem\vendor\laravel\sanctum\src\Http\Middleware\EnsureFrontendRequestsAreStateful.php(26): Illuminate\Pipeline\Pipeline-&gt;{closure:{closure:Illuminate\Pipeline\Pipeline::carry():194}:195}(Object(Illuminate\Http\Request))
#33 C:\laragon\www\CarRentSystem\vendor\laravel\framework\src\Illuminate\Pipeline\Pipeline.php(180): Laravel\Sanctum\Http\Middleware\EnsureFrontendRequestsAreStateful-&gt;{closure:Laravel\Sanctum\Http\Middleware\EnsureFrontendRequestsAreStateful::handle():25}(Object(Illuminate\Http\Request))
#34 C:\laragon\www\CarRentSystem\vendor\laravel\framework\src\Illuminate\Pipeline\Pipeline.php(137): Illuminate\Pipeline\Pipeline-&gt;{closure:Illuminate\Pipeline\Pipeline::prepareDestination():178}(Object(Illuminate\Http\Request))
#35 C:\laragon\www\CarRentSystem\vendor\laravel\sanctum\src\Http\Middleware\EnsureFrontendRequestsAreStateful.php(25): Illuminate\Pipeline\Pipeline-&gt;then(Object(Closure))
#36 C:\laragon\www\CarRentSystem\vendor\laravel\framework\src\Illuminate\Pipeline\Pipeline.php(219): Laravel\Sanctum\Http\Middleware\EnsureFrontendRequestsAreStateful-&gt;handle(Object(Illuminate\Http\Request), Object(Closure))
#37 C:\laragon\www\CarRentSystem\vendor\laravel\framework\src\Illuminate\Pipeline\Pipeline.php(137): Illuminate\Pipeline\Pipeline-&gt;{closure:{closure:Illuminate\Pipeline\Pipeline::carry():194}:195}(Object(Illuminate\Http\Request))
#38 C:\laragon\www\CarRentSystem\vendor\laravel\framework\src\Illuminate\Routing\Router.php(821): Illuminate\Pipeline\Pipeline-&gt;then(Object(Closure))
#39 C:\laragon\www\CarRentSystem\vendor\laravel\framework\src\Illuminate\Routing\Router.php(800): Illuminate\Routing\Router-&gt;runRouteWithinStack(Object(Illuminate\Routing\Route), Object(Illuminate\Http\Request))
#40 C:\laragon\www\CarRentSystem\vendor\laravel\framework\src\Illuminate\Routing\Router.php(764): Illuminate\Routing\Router-&gt;runRoute(Object(Illuminate\Http\Request), Object(Illuminate\Routing\Route))
#41 C:\laragon\www\CarRentSystem\vendor\laravel\framework\src\Illuminate\Routing\Router.php(753): Illuminate\Routing\Router-&gt;dispatchToRoute(Object(Illuminate\Http\Request))
#42 C:\laragon\www\CarRentSystem\vendor\laravel\framework\src\Illuminate\Foundation\Http\Kernel.php(200): Illuminate\Routing\Router-&gt;dispatch(Object(Illuminate\Http\Request))
#43 C:\laragon\www\CarRentSystem\vendor\laravel\framework\src\Illuminate\Pipeline\Pipeline.php(180): Illuminate\Foundation\Http\Kernel-&gt;{closure:Illuminate\Foundation\Http\Kernel::dispatchToRouter():197}(Object(Illuminate\Http\Request))
#44 C:\laragon\www\CarRentSystem\vendor\livewire\livewire\src\Features\SupportDisablingBackButtonCache\DisableBackButtonCacheMiddleware.php(19): Illuminate\Pipeline\Pipeline-&gt;{closure:Illuminate\Pipeline\Pipeline::prepareDestination():178}(Object(Illuminate\Http\Request))
#45 C:\laragon\www\CarRentSystem\vendor\laravel\framework\src\Illuminate\Pipeline\Pipeline.php(219): Livewire\Features\SupportDisablingBackButtonCache\DisableBackButtonCacheMiddleware-&gt;handle(Object(Illuminate\Http\Request), Object(Closure))
#46 C:\laragon\www\CarRentSystem\vendor\laravel\framework\src\Illuminate\Foundation\Http\Middleware\TransformsRequest.php(21): Illuminate\Pipeline\Pipeline-&gt;{closure:{closure:Illuminate\Pipeline\Pipeline::carry():194}:195}(Object(Illuminate\Http\Request))
#47 C:\laragon\www\CarRentSystem\vendor\laravel\framework\src\Illuminate\Foundation\Http\Middleware\ConvertEmptyStringsToNull.php(31): Illuminate\Foundation\Http\Middleware\TransformsRequest-&gt;handle(Object(Illuminate\Http\Request), Object(Closure))
#48 C:\laragon\www\CarRentSystem\vendor\laravel\framework\src\Illuminate\Pipeline\Pipeline.php(219): Illuminate\Foundation\Http\Middleware\ConvertEmptyStringsToNull-&gt;handle(Object(Illuminate\Http\Request), Object(Closure))
#49 C:\laragon\www\CarRentSystem\vendor\laravel\framework\src\Illuminate\Foundation\Http\Middleware\TransformsRequest.php(21): Illuminate\Pipeline\Pipeline-&gt;{closure:{closure:Illuminate\Pipeline\Pipeline::carry():194}:195}(Object(Illuminate\Http\Request))
#50 C:\laragon\www\CarRentSystem\vendor\laravel\framework\src\Illuminate\Foundation\Http\Middleware\TrimStrings.php(51): Illuminate\Foundation\Http\Middleware\TransformsRequest-&gt;handle(Object(Illuminate\Http\Request), Object(Closure))
#51 C:\laragon\www\CarRentSystem\vendor\laravel\framework\src\Illuminate\Pipeline\Pipeline.php(219): Illuminate\Foundation\Http\Middleware\TrimStrings-&gt;handle(Object(Illuminate\Http\Request), Object(Closure))
#52 C:\laragon\www\CarRentSystem\vendor\laravel\framework\src\Illuminate\Http\Middleware\ValidatePostSize.php(27): Illuminate\Pipeline\Pipeline-&gt;{closure:{closure:Illuminate\Pipeline\Pipeline::carry():194}:195}(Object(Illuminate\Http\Request))
#53 C:\laragon\www\CarRentSystem\vendor\laravel\framework\src\Illuminate\Pipeline\Pipeline.php(219): Illuminate\Http\Middleware\ValidatePostSize-&gt;handle(Object(Illuminate\Http\Request), Object(Closure))
#54 C:\laragon\www\CarRentSystem\vendor\laravel\framework\src\Illuminate\Foundation\Http\Middleware\PreventRequestsDuringMaintenance.php(109): Illuminate\Pipeline\Pipeline-&gt;{closure:{closure:Illuminate\Pipeline\Pipeline::carry():194}:195}(Object(Illuminate\Http\Request))
#55 C:\laragon\www\CarRentSystem\vendor\laravel\framework\src\Illuminate\Pipeline\Pipeline.php(219): Illuminate\Foundation\Http\Middleware\PreventRequestsDuringMaintenance-&gt;handle(Object(Illuminate\Http\Request), Object(Closure))
#56 C:\laragon\www\CarRentSystem\vendor\laravel\framework\src\Illuminate\Http\Middleware\HandleCors.php(61): Illuminate\Pipeline\Pipeline-&gt;{closure:{closure:Illuminate\Pipeline\Pipeline::carry():194}:195}(Object(Illuminate\Http\Request))
#57 C:\laragon\www\CarRentSystem\vendor\laravel\framework\src\Illuminate\Pipeline\Pipeline.php(219): Illuminate\Http\Middleware\HandleCors-&gt;handle(Object(Illuminate\Http\Request), Object(Closure))
#58 C:\laragon\www\CarRentSystem\vendor\laravel\framework\src\Illuminate\Http\Middleware\TrustProxies.php(58): Illuminate\Pipeline\Pipeline-&gt;{closure:{closure:Illuminate\Pipeline\Pipeline::carry():194}:195}(Object(Illuminate\Http\Request))
#59 C:\laragon\www\CarRentSystem\vendor\laravel\framework\src\Illuminate\Pipeline\Pipeline.php(219): Illuminate\Http\Middleware\TrustProxies-&gt;handle(Object(Illuminate\Http\Request), Object(Closure))
#60 C:\laragon\www\CarRentSystem\vendor\laravel\framework\src\Illuminate\Foundation\Http\Middleware\InvokeDeferredCallbacks.php(22): Illuminate\Pipeline\Pipeline-&gt;{closure:{closure:Illuminate\Pipeline\Pipeline::carry():194}:195}(Object(Illuminate\Http\Request))
#61 C:\laragon\www\CarRentSystem\vendor\laravel\framework\src\Illuminate\Pipeline\Pipeline.php(219): Illuminate\Foundation\Http\Middleware\InvokeDeferredCallbacks-&gt;handle(Object(Illuminate\Http\Request), Object(Closure))
#62 C:\laragon\www\CarRentSystem\vendor\laravel\framework\src\Illuminate\Http\Middleware\ValidatePathEncoding.php(26): Illuminate\Pipeline\Pipeline-&gt;{closure:{closure:Illuminate\Pipeline\Pipeline::carry():194}:195}(Object(Illuminate\Http\Request))
#63 C:\laragon\www\CarRentSystem\vendor\laravel\framework\src\Illuminate\Pipeline\Pipeline.php(219): Illuminate\Http\Middleware\ValidatePathEncoding-&gt;handle(Object(Illuminate\Http\Request), Object(Closure))
#64 C:\laragon\www\CarRentSystem\vendor\laravel\framework\src\Illuminate\Pipeline\Pipeline.php(137): Illuminate\Pipeline\Pipeline-&gt;{closure:{closure:Illuminate\Pipeline\Pipeline::carry():194}:195}(Object(Illuminate\Http\Request))
#65 C:\laragon\www\CarRentSystem\vendor\laravel\framework\src\Illuminate\Foundation\Http\Kernel.php(175): Illuminate\Pipeline\Pipeline-&gt;then(Object(Closure))
#66 C:\laragon\www\CarRentSystem\vendor\laravel\framework\src\Illuminate\Foundation\Http\Kernel.php(144): Illuminate\Foundation\Http\Kernel-&gt;sendRequestThroughRouter(Object(Illuminate\Http\Request))
#67 C:\laragon\www\CarRentSystem\vendor\laravel\framework\src\Illuminate\Foundation\Testing\Concerns\MakesHttpRequests.php(607): Illuminate\Foundation\Http\Kernel-&gt;handle(Object(Illuminate\Http\Request))
#68 C:\laragon\www\CarRentSystem\vendor\laravel\framework\src\Illuminate\Foundation\Testing\Concerns\MakesHttpRequests.php(573): Illuminate\Foundation\Testing\TestCase-&gt;call('GET', '/api/bookings/1', Array, Array, Array, Array, '[]')
#69 C:\laragon\www\CarRentSystem\vendor\laravel\framework\src\Illuminate\Foundation\Testing\Concerns\MakesHttpRequests.php(381): Illuminate\Foundation\Testing\TestCase-&gt;json('GET', '/api/bookings/1', Array, Array, 0)
#70 C:\laragon\www\CarRentSystem\tests\Feature\Api\Enhanced\BookingControllerEnhancedTest.php(237): Illuminate\Foundation\Testing\TestCase-&gt;getJson('/api/bookings/1')
#71 C:\laragon\www\CarRentSystem\vendor\pestphp\pest\src\Factories\TestCaseMethodFactory.php(168): P\Tests\Feature\Api\Enhanced\BookingControllerEnhancedTest-&gt;{closure:{closure:C:\laragon\www\CarRentSystem\tests\Feature\Api\Enhanced\BookingControllerEnhancedTest.php:208}:235}()
#72 [internal function]: P\Tests\Feature\Api\Enhanced\BookingControllerEnhancedTest-&gt;{closure:Pest\Factories\TestCaseMethodFactory::getClosure():158}()
#73 C:\laragon\www\CarRentSystem\vendor\pestphp\pest\src\Concerns\Testable.php(429): call_user_func_array(Object(Closure), Array)
#74 C:\laragon\www\CarRentSystem\vendor\pestphp\pest\src\Support\ExceptionTrace.php(26): P\Tests\Feature\Api\Enhanced\BookingControllerEnhancedTest-&gt;{closure:Pest\Concerns\Testable::__callClosure():429}()
#75 C:\laragon\www\CarRentSystem\vendor\pestphp\pest\src\Concerns\Testable.php(429): Pest\Support\ExceptionTrace::ensure(Object(Closure))
#76 C:\laragon\www\CarRentSystem\vendor\pestphp\pest\src\Concerns\Testable.php(331): P\Tests\Feature\Api\Enhanced\BookingControllerEnhancedTest-&gt;__callClosure(Object(Closure), Array)
#77 C:\laragon\www\CarRentSystem\vendor\pestphp\pest\src\Factories\TestCaseFactory.php(169) : eval()'d code(118): P\Tests\Feature\Api\Enhanced\BookingControllerEnhancedTest-&gt;__runTest(Object(Closure))
#78 C:\laragon\www\CarRentSystem\vendor\phpunit\phpunit\src\Framework\TestCase.php(1316): P\Tests\Feature\Api\Enhanced\BookingControllerEnhancedTest-&gt;__pest_evaluable__Booking_Authorization_Middleware__→_it_prevents_unauthorized_users_from_accessing_booking()
#79 C:\laragon\www\CarRentSystem\vendor\phpunit\phpunit\src\Framework\TestCase.php(516): PHPUnit\Framework\TestCase-&gt;runTest()
#80 C:\laragon\www\CarRentSystem\vendor\phpunit\phpunit\src\Framework\TestRunner\TestRunner.php(99): PHPUnit\Framework\TestCase-&gt;runBare()
#81 C:\laragon\www\CarRentSystem\vendor\phpunit\phpunit\src\Framework\TestCase.php(357): PHPUnit\Framework\TestRunner-&gt;run(Object(P\Tests\Feature\Api\Enhanced\BookingControllerEnhancedTest))
#82 C:\laragon\www\CarRentSystem\vendor\phpunit\phpunit\src\Framework\TestSuite.php(374): PHPUnit\Framework\TestCase-&gt;run()
#83 C:\laragon\www\CarRentSystem\vendor\phpunit\phpunit\src\Framework\TestSuite.php(374): PHPUnit\Framework\TestSuite-&gt;run()
#84 C:\laragon\www\CarRentSystem\vendor\phpunit\phpunit\src\Framework\TestSuite.php(374): PHPUnit\Framework\TestSuite-&gt;run()
#85 C:\laragon\www\CarRentSystem\vendor\phpunit\phpunit\src\TextUI\TestRunner.php(64): PHPUnit\Framework\TestSuite-&gt;run()
#86 C:\laragon\www\CarRentSystem\vendor\phpunit\phpunit\src\TextUI\Application.php(229): PHPUnit\TextUI\TestRunner-&gt;run(Object(PHPUnit\TextUI\Configuration\Configuration), Object(PHPUnit\Runner\ResultCache\DefaultResultCache), Object(PHPUnit\Framework\TestSuite))
#87 C:\laragon\www\CarRentSystem\vendor\pestphp\pest\src\Kernel.php(103): PHPUnit\TextUI\Application-&gt;run(Array)
#88 C:\laragon\www\CarRentSystem\vendor\pestphp\pest\bin\pest(184): Pest\Kernel-&gt;handle(Array, Array)
#89 C:\laragon\www\CarRentSystem\vendor\pestphp\pest\bin\pest(192): {closure:C:\laragon\www\CarRentSystem\vendor\pestphp\pest\bin\pest:18}()
#90 C:\laragon\www\CarRentSystem\vendor\bin\pest(119): include('C:\\laragon\\www\\...')
#91 {main}

----------------------------------------------------------------------------------

Class "Stripe\Stripe" not found&#13;
&#13;
at vendor\laravel\framework\src\Illuminate\Testing\TestResponseAssert.php:45
at vendor\laravel\framework\src\Illuminate\Testing\TestResponse.php:174
at tests\Feature\Api\Enhanced\BookingControllerEnhancedTest.php:239</failure>
        </testcase>
        <testcase name="`BookingController Enhanced Tests` → it handles custom exceptions properly" file="tests\Feature\Api\Enhanced\BookingControllerEnhancedTest.php::`BookingController Enhanced Tests` → it handles custom exceptions properly" class="Tests\Feature\Api\Enhanced\BookingControllerEnhancedTest" classname="Tests.Feature.Api.Enhanced.BookingControllerEnhancedTest" assertions="1" time="0.268832">
          <failure type="PHPUnit\Framework\ExpectationFailedException">`BookingController Enhanced Tests` → it handles custom exceptions properlyExpected response status code [400] but received 500.
Failed asserting that 500 is identical to 400.&#13;
at vendor\laravel\framework\src\Illuminate\Testing\TestResponseAssert.php:45
at vendor\laravel\framework\src\Illuminate\Testing\TestResponse.php:174
at tests\Feature\Api\Enhanced\BookingControllerEnhancedTest.php:91</failure>
        </testcase>
        <testcase name="`Booking Authorization Middleware` → it allows renter to access their booking" file="tests\Feature\Api\Enhanced\BookingControllerEnhancedTest.php::`Booking Authorization Middleware` → it allows renter to access their booking" class="Tests\Feature\Api\Enhanced\BookingControllerEnhancedTest" classname="Tests.Feature.Api.Enhanced.BookingControllerEnhancedTest" assertions="1" time="0.205080">
          <failure type="PHPUnit\Framework\ExpectationFailedException">`Booking Authorization Middleware` → it allows renter to access their bookingExpected response status code [&gt;=200, &lt;300] but received 500.
Failed asserting that false is true.&#13;
&#13;
The following exception occurred during the last request:

Error: Class "Stripe\Stripe" not found in C:\laragon\www\CarRentSystem\app\Services\PaymentService.php:19
Stack trace:
#0 [internal function]: App\Services\PaymentService-&gt;__construct()
#1 C:\laragon\www\CarRentSystem\vendor\laravel\framework\src\Illuminate\Container\Container.php(1211): ReflectionClass-&gt;newInstanceArgs(Array)
#2 C:\laragon\www\CarRentSystem\vendor\laravel\framework\src\Illuminate\Container\Container.php(972): Illuminate\Container\Container-&gt;build('App\\Services\\Pa...')
#3 C:\laragon\www\CarRentSystem\vendor\laravel\framework\src\Illuminate\Foundation\Application.php(1078): Illuminate\Container\Container-&gt;resolve('App\\Services\\Pa...', Array, true)
#4 C:\laragon\www\CarRentSystem\vendor\laravel\framework\src\Illuminate\Container\Container.php(903): Illuminate\Foundation\Application-&gt;resolve('App\\Services\\Pa...', Array)
#5 C:\laragon\www\CarRentSystem\vendor\laravel\framework\src\Illuminate\Foundation\Application.php(1058): Illuminate\Container\Container-&gt;make('App\\Services\\Pa...', Array)
#6 C:\laragon\www\CarRentSystem\vendor\laravel\framework\src\Illuminate\Container\Container.php(1379): Illuminate\Foundation\Application-&gt;make('App\\Services\\Pa...')
#7 C:\laragon\www\CarRentSystem\vendor\laravel\framework\src\Illuminate\Container\Container.php(1278): Illuminate\Container\Container-&gt;resolveClass(Object(ReflectionParameter))
#8 C:\laragon\www\CarRentSystem\vendor\laravel\framework\src\Illuminate\Container\Container.php(1201): Illuminate\Container\Container-&gt;resolveDependencies(Array)
#9 C:\laragon\www\CarRentSystem\vendor\laravel\framework\src\Illuminate\Container\Container.php(972): Illuminate\Container\Container-&gt;build('App\\Actions\\Boo...')
#10 C:\laragon\www\CarRentSystem\vendor\laravel\framework\src\Illuminate\Foundation\Application.php(1078): Illuminate\Container\Container-&gt;resolve('App\\Actions\\Boo...', Array, true)
#11 C:\laragon\www\CarRentSystem\vendor\laravel\framework\src\Illuminate\Container\Container.php(903): Illuminate\Foundation\Application-&gt;resolve('App\\Actions\\Boo...', Array)
#12 C:\laragon\www\CarRentSystem\vendor\laravel\framework\src\Illuminate\Foundation\Application.php(1058): Illuminate\Container\Container-&gt;make('App\\Actions\\Boo...', Array)
#13 C:\laragon\www\CarRentSystem\vendor\laravel\framework\src\Illuminate\Container\Container.php(1379): Illuminate\Foundation\Application-&gt;make('App\\Actions\\Boo...')
#14 C:\laragon\www\CarRentSystem\vendor\laravel\framework\src\Illuminate\Container\Container.php(1278): Illuminate\Container\Container-&gt;resolveClass(Object(ReflectionParameter))
#15 C:\laragon\www\CarRentSystem\vendor\laravel\framework\src\Illuminate\Container\Container.php(1201): Illuminate\Container\Container-&gt;resolveDependencies(Array)
#16 C:\laragon\www\CarRentSystem\vendor\laravel\framework\src\Illuminate\Container\Container.php(972): Illuminate\Container\Container-&gt;build('App\\Http\\Contro...')
#17 C:\laragon\www\CarRentSystem\vendor\laravel\framework\src\Illuminate\Foundation\Application.php(1078): Illuminate\Container\Container-&gt;resolve('App\\Http\\Contro...', Array, true)
#18 C:\laragon\www\CarRentSystem\vendor\laravel\framework\src\Illuminate\Container\Container.php(903): Illuminate\Foundation\Application-&gt;resolve('App\\Http\\Contro...', Array)
#19 C:\laragon\www\CarRentSystem\vendor\laravel\framework\src\Illuminate\Foundation\Application.php(1058): Illuminate\Container\Container-&gt;make('App\\Http\\Contro...', Array)
#20 C:\laragon\www\CarRentSystem\vendor\laravel\framework\src\Illuminate\Routing\Route.php(286): Illuminate\Foundation\Application-&gt;make('App\\Http\\Contro...')
#21 C:\laragon\www\CarRentSystem\vendor\laravel\framework\src\Illuminate\Routing\Route.php(266): Illuminate\Routing\Route-&gt;getController()
#22 C:\laragon\www\CarRentSystem\vendor\laravel\framework\src\Illuminate\Routing\Route.php(211): Illuminate\Routing\Route-&gt;runController()
#23 C:\laragon\www\CarRentSystem\vendor\laravel\framework\src\Illuminate\Routing\Router.php(822): Illuminate\Routing\Route-&gt;run()
#24 C:\laragon\www\CarRentSystem\vendor\laravel\framework\src\Illuminate\Pipeline\Pipeline.php(180): Illuminate\Routing\Router-&gt;{closure:Illuminate\Routing\Router::runRouteWithinStack():821}(Object(Illuminate\Http\Request))
#25 C:\laragon\www\CarRentSystem\vendor\laravel\framework\src\Illuminate\Routing\Middleware\SubstituteBindings.php(50): Illuminate\Pipeline\Pipeline-&gt;{closure:Illuminate\Pipeline\Pipeline::prepareDestination():178}(Object(Illuminate\Http\Request))
#26 C:\laragon\www\CarRentSystem\vendor\laravel\framework\src\Illuminate\Pipeline\Pipeline.php(219): Illuminate\Routing\Middleware\SubstituteBindings-&gt;handle(Object(Illuminate\Http\Request), Object(Closure))
#27 C:\laragon\www\CarRentSystem\vendor\laravel\framework\src\Illuminate\Routing\Middleware\ThrottleRequests.php(160): Illuminate\Pipeline\Pipeline-&gt;{closure:{closure:Illuminate\Pipeline\Pipeline::carry():194}:195}(Object(Illuminate\Http\Request))
#28 C:\laragon\www\CarRentSystem\vendor\laravel\framework\src\Illuminate\Routing\Middleware\ThrottleRequests.php(91): Illuminate\Routing\Middleware\ThrottleRequests-&gt;handleRequest(Object(Illuminate\Http\Request), Object(Closure), Array)
#29 C:\laragon\www\CarRentSystem\vendor\laravel\framework\src\Illuminate\Pipeline\Pipeline.php(219): Illuminate\Routing\Middleware\ThrottleRequests-&gt;handle(Object(Illuminate\Http\Request), Object(Closure), '100', '1')
#30 C:\laragon\www\CarRentSystem\vendor\laravel\framework\src\Illuminate\Auth\Middleware\Authenticate.php(63): Illuminate\Pipeline\Pipeline-&gt;{closure:{closure:Illuminate\Pipeline\Pipeline::carry():194}:195}(Object(Illuminate\Http\Request))
#31 C:\laragon\www\CarRentSystem\vendor\laravel\framework\src\Illuminate\Pipeline\Pipeline.php(219): Illuminate\Auth\Middleware\Authenticate-&gt;handle(Object(Illuminate\Http\Request), Object(Closure), 'sanctum')
#32 C:\laragon\www\CarRentSystem\vendor\laravel\sanctum\src\Http\Middleware\EnsureFrontendRequestsAreStateful.php(26): Illuminate\Pipeline\Pipeline-&gt;{closure:{closure:Illuminate\Pipeline\Pipeline::carry():194}:195}(Object(Illuminate\Http\Request))
#33 C:\laragon\www\CarRentSystem\vendor\laravel\framework\src\Illuminate\Pipeline\Pipeline.php(180): Laravel\Sanctum\Http\Middleware\EnsureFrontendRequestsAreStateful-&gt;{closure:Laravel\Sanctum\Http\Middleware\EnsureFrontendRequestsAreStateful::handle():25}(Object(Illuminate\Http\Request))
#34 C:\laragon\www\CarRentSystem\vendor\laravel\framework\src\Illuminate\Pipeline\Pipeline.php(137): Illuminate\Pipeline\Pipeline-&gt;{closure:Illuminate\Pipeline\Pipeline::prepareDestination():178}(Object(Illuminate\Http\Request))
#35 C:\laragon\www\CarRentSystem\vendor\laravel\sanctum\src\Http\Middleware\EnsureFrontendRequestsAreStateful.php(25): Illuminate\Pipeline\Pipeline-&gt;then(Object(Closure))
#36 C:\laragon\www\CarRentSystem\vendor\laravel\framework\src\Illuminate\Pipeline\Pipeline.php(219): Laravel\Sanctum\Http\Middleware\EnsureFrontendRequestsAreStateful-&gt;handle(Object(Illuminate\Http\Request), Object(Closure))
#37 C:\laragon\www\CarRentSystem\vendor\laravel\framework\src\Illuminate\Pipeline\Pipeline.php(137): Illuminate\Pipeline\Pipeline-&gt;{closure:{closure:Illuminate\Pipeline\Pipeline::carry():194}:195}(Object(Illuminate\Http\Request))
#38 C:\laragon\www\CarRentSystem\vendor\laravel\framework\src\Illuminate\Routing\Router.php(821): Illuminate\Pipeline\Pipeline-&gt;then(Object(Closure))
#39 C:\laragon\www\CarRentSystem\vendor\laravel\framework\src\Illuminate\Routing\Router.php(800): Illuminate\Routing\Router-&gt;runRouteWithinStack(Object(Illuminate\Routing\Route), Object(Illuminate\Http\Request))
#40 C:\laragon\www\CarRentSystem\vendor\laravel\framework\src\Illuminate\Routing\Router.php(764): Illuminate\Routing\Router-&gt;runRoute(Object(Illuminate\Http\Request), Object(Illuminate\Routing\Route))
#41 C:\laragon\www\CarRentSystem\vendor\laravel\framework\src\Illuminate\Routing\Router.php(753): Illuminate\Routing\Router-&gt;dispatchToRoute(Object(Illuminate\Http\Request))
#42 C:\laragon\www\CarRentSystem\vendor\laravel\framework\src\Illuminate\Foundation\Http\Kernel.php(200): Illuminate\Routing\Router-&gt;dispatch(Object(Illuminate\Http\Request))
#43 C:\laragon\www\CarRentSystem\vendor\laravel\framework\src\Illuminate\Pipeline\Pipeline.php(180): Illuminate\Foundation\Http\Kernel-&gt;{closure:Illuminate\Foundation\Http\Kernel::dispatchToRouter():197}(Object(Illuminate\Http\Request))
#44 C:\laragon\www\CarRentSystem\vendor\livewire\livewire\src\Features\SupportDisablingBackButtonCache\DisableBackButtonCacheMiddleware.php(19): Illuminate\Pipeline\Pipeline-&gt;{closure:Illuminate\Pipeline\Pipeline::prepareDestination():178}(Object(Illuminate\Http\Request))
#45 C:\laragon\www\CarRentSystem\vendor\laravel\framework\src\Illuminate\Pipeline\Pipeline.php(219): Livewire\Features\SupportDisablingBackButtonCache\DisableBackButtonCacheMiddleware-&gt;handle(Object(Illuminate\Http\Request), Object(Closure))
#46 C:\laragon\www\CarRentSystem\vendor\laravel\framework\src\Illuminate\Foundation\Http\Middleware\TransformsRequest.php(21): Illuminate\Pipeline\Pipeline-&gt;{closure:{closure:Illuminate\Pipeline\Pipeline::carry():194}:195}(Object(Illuminate\Http\Request))
#47 C:\laragon\www\CarRentSystem\vendor\laravel\framework\src\Illuminate\Foundation\Http\Middleware\ConvertEmptyStringsToNull.php(31): Illuminate\Foundation\Http\Middleware\TransformsRequest-&gt;handle(Object(Illuminate\Http\Request), Object(Closure))
#48 C:\laragon\www\CarRentSystem\vendor\laravel\framework\src\Illuminate\Pipeline\Pipeline.php(219): Illuminate\Foundation\Http\Middleware\ConvertEmptyStringsToNull-&gt;handle(Object(Illuminate\Http\Request), Object(Closure))
#49 C:\laragon\www\CarRentSystem\vendor\laravel\framework\src\Illuminate\Foundation\Http\Middleware\TransformsRequest.php(21): Illuminate\Pipeline\Pipeline-&gt;{closure:{closure:Illuminate\Pipeline\Pipeline::carry():194}:195}(Object(Illuminate\Http\Request))
#50 C:\laragon\www\CarRentSystem\vendor\laravel\framework\src\Illuminate\Foundation\Http\Middleware\TrimStrings.php(51): Illuminate\Foundation\Http\Middleware\TransformsRequest-&gt;handle(Object(Illuminate\Http\Request), Object(Closure))
#51 C:\laragon\www\CarRentSystem\vendor\laravel\framework\src\Illuminate\Pipeline\Pipeline.php(219): Illuminate\Foundation\Http\Middleware\TrimStrings-&gt;handle(Object(Illuminate\Http\Request), Object(Closure))
#52 C:\laragon\www\CarRentSystem\vendor\laravel\framework\src\Illuminate\Http\Middleware\ValidatePostSize.php(27): Illuminate\Pipeline\Pipeline-&gt;{closure:{closure:Illuminate\Pipeline\Pipeline::carry():194}:195}(Object(Illuminate\Http\Request))
#53 C:\laragon\www\CarRentSystem\vendor\laravel\framework\src\Illuminate\Pipeline\Pipeline.php(219): Illuminate\Http\Middleware\ValidatePostSize-&gt;handle(Object(Illuminate\Http\Request), Object(Closure))
#54 C:\laragon\www\CarRentSystem\vendor\laravel\framework\src\Illuminate\Foundation\Http\Middleware\PreventRequestsDuringMaintenance.php(109): Illuminate\Pipeline\Pipeline-&gt;{closure:{closure:Illuminate\Pipeline\Pipeline::carry():194}:195}(Object(Illuminate\Http\Request))
#55 C:\laragon\www\CarRentSystem\vendor\laravel\framework\src\Illuminate\Pipeline\Pipeline.php(219): Illuminate\Foundation\Http\Middleware\PreventRequestsDuringMaintenance-&gt;handle(Object(Illuminate\Http\Request), Object(Closure))
#56 C:\laragon\www\CarRentSystem\vendor\laravel\framework\src\Illuminate\Http\Middleware\HandleCors.php(61): Illuminate\Pipeline\Pipeline-&gt;{closure:{closure:Illuminate\Pipeline\Pipeline::carry():194}:195}(Object(Illuminate\Http\Request))
#57 C:\laragon\www\CarRentSystem\vendor\laravel\framework\src\Illuminate\Pipeline\Pipeline.php(219): Illuminate\Http\Middleware\HandleCors-&gt;handle(Object(Illuminate\Http\Request), Object(Closure))
#58 C:\laragon\www\CarRentSystem\vendor\laravel\framework\src\Illuminate\Http\Middleware\TrustProxies.php(58): Illuminate\Pipeline\Pipeline-&gt;{closure:{closure:Illuminate\Pipeline\Pipeline::carry():194}:195}(Object(Illuminate\Http\Request))
#59 C:\laragon\www\CarRentSystem\vendor\laravel\framework\src\Illuminate\Pipeline\Pipeline.php(219): Illuminate\Http\Middleware\TrustProxies-&gt;handle(Object(Illuminate\Http\Request), Object(Closure))
#60 C:\laragon\www\CarRentSystem\vendor\laravel\framework\src\Illuminate\Foundation\Http\Middleware\InvokeDeferredCallbacks.php(22): Illuminate\Pipeline\Pipeline-&gt;{closure:{closure:Illuminate\Pipeline\Pipeline::carry():194}:195}(Object(Illuminate\Http\Request))
#61 C:\laragon\www\CarRentSystem\vendor\laravel\framework\src\Illuminate\Pipeline\Pipeline.php(219): Illuminate\Foundation\Http\Middleware\InvokeDeferredCallbacks-&gt;handle(Object(Illuminate\Http\Request), Object(Closure))
#62 C:\laragon\www\CarRentSystem\vendor\laravel\framework\src\Illuminate\Http\Middleware\ValidatePathEncoding.php(26): Illuminate\Pipeline\Pipeline-&gt;{closure:{closure:Illuminate\Pipeline\Pipeline::carry():194}:195}(Object(Illuminate\Http\Request))
#63 C:\laragon\www\CarRentSystem\vendor\laravel\framework\src\Illuminate\Pipeline\Pipeline.php(219): Illuminate\Http\Middleware\ValidatePathEncoding-&gt;handle(Object(Illuminate\Http\Request), Object(Closure))
#64 C:\laragon\www\CarRentSystem\vendor\laravel\framework\src\Illuminate\Pipeline\Pipeline.php(137): Illuminate\Pipeline\Pipeline-&gt;{closure:{closure:Illuminate\Pipeline\Pipeline::carry():194}:195}(Object(Illuminate\Http\Request))
#65 C:\laragon\www\CarRentSystem\vendor\laravel\framework\src\Illuminate\Foundation\Http\Kernel.php(175): Illuminate\Pipeline\Pipeline-&gt;then(Object(Closure))
#66 C:\laragon\www\CarRentSystem\vendor\laravel\framework\src\Illuminate\Foundation\Http\Kernel.php(144): Illuminate\Foundation\Http\Kernel-&gt;sendRequestThroughRouter(Object(Illuminate\Http\Request))
#67 C:\laragon\www\CarRentSystem\vendor\laravel\framework\src\Illuminate\Foundation\Testing\Concerns\MakesHttpRequests.php(607): Illuminate\Foundation\Http\Kernel-&gt;handle(Object(Illuminate\Http\Request))
#68 C:\laragon\www\CarRentSystem\vendor\laravel\framework\src\Illuminate\Foundation\Testing\Concerns\MakesHttpRequests.php(573): Illuminate\Foundation\Testing\TestCase-&gt;call('GET', '/api/bookings/1', Array, Array, Array, Array, '[]')
#69 C:\laragon\www\CarRentSystem\vendor\laravel\framework\src\Illuminate\Foundation\Testing\Concerns\MakesHttpRequests.php(381): Illuminate\Foundation\Testing\TestCase-&gt;json('GET', '/api/bookings/1', Array, Array, 0)
#70 C:\laragon\www\CarRentSystem\tests\Feature\Api\Enhanced\BookingControllerEnhancedTest.php(223): Illuminate\Foundation\Testing\TestCase-&gt;getJson('/api/bookings/1')
#71 C:\laragon\www\CarRentSystem\vendor\pestphp\pest\src\Factories\TestCaseMethodFactory.php(168): P\Tests\Feature\Api\Enhanced\BookingControllerEnhancedTest-&gt;{closure:{closure:C:\laragon\www\CarRentSystem\tests\Feature\Api\Enhanced\BookingControllerEnhancedTest.php:208}:221}()
#72 [internal function]: P\Tests\Feature\Api\Enhanced\BookingControllerEnhancedTest-&gt;{closure:Pest\Factories\TestCaseMethodFactory::getClosure():158}()
#73 C:\laragon\www\CarRentSystem\vendor\pestphp\pest\src\Concerns\Testable.php(429): call_user_func_array(Object(Closure), Array)
#74 C:\laragon\www\CarRentSystem\vendor\pestphp\pest\src\Support\ExceptionTrace.php(26): P\Tests\Feature\Api\Enhanced\BookingControllerEnhancedTest-&gt;{closure:Pest\Concerns\Testable::__callClosure():429}()
#75 C:\laragon\www\CarRentSystem\vendor\pestphp\pest\src\Concerns\Testable.php(429): Pest\Support\ExceptionTrace::ensure(Object(Closure))
#76 C:\laragon\www\CarRentSystem\vendor\pestphp\pest\src\Concerns\Testable.php(331): P\Tests\Feature\Api\Enhanced\BookingControllerEnhancedTest-&gt;__callClosure(Object(Closure), Array)
#77 C:\laragon\www\CarRentSystem\vendor\pestphp\pest\src\Factories\TestCaseFactory.php(169) : eval()'d code(96): P\Tests\Feature\Api\Enhanced\BookingControllerEnhancedTest-&gt;__runTest(Object(Closure))
#78 C:\laragon\www\CarRentSystem\vendor\phpunit\phpunit\src\Framework\TestCase.php(1316): P\Tests\Feature\Api\Enhanced\BookingControllerEnhancedTest-&gt;__pest_evaluable__Booking_Authorization_Middleware__→_it_allows_renter_to_access_their_booking()
#79 C:\laragon\www\CarRentSystem\vendor\phpunit\phpunit\src\Framework\TestCase.php(516): PHPUnit\Framework\TestCase-&gt;runTest()
#80 C:\laragon\www\CarRentSystem\vendor\phpunit\phpunit\src\Framework\TestRunner\TestRunner.php(99): PHPUnit\Framework\TestCase-&gt;runBare()
#81 C:\laragon\www\CarRentSystem\vendor\phpunit\phpunit\src\Framework\TestCase.php(357): PHPUnit\Framework\TestRunner-&gt;run(Object(P\Tests\Feature\Api\Enhanced\BookingControllerEnhancedTest))
#82 C:\laragon\www\CarRentSystem\vendor\phpunit\phpunit\src\Framework\TestSuite.php(374): PHPUnit\Framework\TestCase-&gt;run()
#83 C:\laragon\www\CarRentSystem\vendor\phpunit\phpunit\src\Framework\TestSuite.php(374): PHPUnit\Framework\TestSuite-&gt;run()
#84 C:\laragon\www\CarRentSystem\vendor\phpunit\phpunit\src\Framework\TestSuite.php(374): PHPUnit\Framework\TestSuite-&gt;run()
#85 C:\laragon\www\CarRentSystem\vendor\phpunit\phpunit\src\TextUI\TestRunner.php(64): PHPUnit\Framework\TestSuite-&gt;run()
#86 C:\laragon\www\CarRentSystem\vendor\phpunit\phpunit\src\TextUI\Application.php(229): PHPUnit\TextUI\TestRunner-&gt;run(Object(PHPUnit\TextUI\Configuration\Configuration), Object(PHPUnit\Runner\ResultCache\DefaultResultCache), Object(PHPUnit\Framework\TestSuite))
#87 C:\laragon\www\CarRentSystem\vendor\pestphp\pest\src\Kernel.php(103): PHPUnit\TextUI\Application-&gt;run(Array)
#88 C:\laragon\www\CarRentSystem\vendor\pestphp\pest\bin\pest(184): Pest\Kernel-&gt;handle(Array, Array)
#89 C:\laragon\www\CarRentSystem\vendor\pestphp\pest\bin\pest(192): {closure:C:\laragon\www\CarRentSystem\vendor\pestphp\pest\bin\pest:18}()
#90 C:\laragon\www\CarRentSystem\vendor\bin\pest(119): include('C:\\laragon\\www\\...')
#91 {main}

----------------------------------------------------------------------------------

Class "Stripe\Stripe" not found&#13;
&#13;
at vendor\laravel\framework\src\Illuminate\Testing\TestResponseAssert.php:45
at vendor\laravel\framework\src\Illuminate\Testing\TestResponse.php:103
at tests\Feature\Api\Enhanced\BookingControllerEnhancedTest.php:225</failure>
        </testcase>
        <testcase name="`BookingController Enhanced Tests` → it creates booking with proper DTO validation" file="tests\Feature\Api\Enhanced\BookingControllerEnhancedTest.php::`BookingController Enhanced Tests` → it creates booking with proper DTO validation" class="Tests\Feature\Api\Enhanced\BookingControllerEnhancedTest" classname="Tests.Feature.Api.Enhanced.BookingControllerEnhancedTest" assertions="1" time="0.697887">
          <failure type="PHPUnit\Framework\ExpectationFailedException">`BookingController Enhanced Tests` → it creates booking with proper DTO validationExpected response status code [&gt;=200, &lt;300] but received 500.
Failed asserting that false is true.&#13;
at vendor\laravel\framework\src\Illuminate\Testing\TestResponseAssert.php:45
at vendor\laravel\framework\src\Illuminate\Testing\TestResponse.php:103
at tests\Feature\Api\Enhanced\BookingControllerEnhancedTest.php:37</failure>
        </testcase>
        <testcase name="`Booking Authorization Middleware` → it allows vehicle owner to access booking" file="tests\Feature\Api\Enhanced\BookingControllerEnhancedTest.php::`Booking Authorization Middleware` → it allows vehicle owner to access booking" class="Tests\Feature\Api\Enhanced\BookingControllerEnhancedTest" classname="Tests.Feature.Api.Enhanced.BookingControllerEnhancedTest" assertions="1" time="0.462491">
          <failure type="PHPUnit\Framework\ExpectationFailedException">`Booking Authorization Middleware` → it allows vehicle owner to access bookingExpected response status code [&gt;=200, &lt;300] but received 500.
Failed asserting that false is true.&#13;
&#13;
The following exception occurred during the last request:

Error: Class "Stripe\Stripe" not found in C:\laragon\www\CarRentSystem\app\Services\PaymentService.php:19
Stack trace:
#0 [internal function]: App\Services\PaymentService-&gt;__construct()
#1 C:\laragon\www\CarRentSystem\vendor\laravel\framework\src\Illuminate\Container\Container.php(1211): ReflectionClass-&gt;newInstanceArgs(Array)
#2 C:\laragon\www\CarRentSystem\vendor\laravel\framework\src\Illuminate\Container\Container.php(972): Illuminate\Container\Container-&gt;build('App\\Services\\Pa...')
#3 C:\laragon\www\CarRentSystem\vendor\laravel\framework\src\Illuminate\Foundation\Application.php(1078): Illuminate\Container\Container-&gt;resolve('App\\Services\\Pa...', Array, true)
#4 C:\laragon\www\CarRentSystem\vendor\laravel\framework\src\Illuminate\Container\Container.php(903): Illuminate\Foundation\Application-&gt;resolve('App\\Services\\Pa...', Array)
#5 C:\laragon\www\CarRentSystem\vendor\laravel\framework\src\Illuminate\Foundation\Application.php(1058): Illuminate\Container\Container-&gt;make('App\\Services\\Pa...', Array)
#6 C:\laragon\www\CarRentSystem\vendor\laravel\framework\src\Illuminate\Container\Container.php(1379): Illuminate\Foundation\Application-&gt;make('App\\Services\\Pa...')
#7 C:\laragon\www\CarRentSystem\vendor\laravel\framework\src\Illuminate\Container\Container.php(1278): Illuminate\Container\Container-&gt;resolveClass(Object(ReflectionParameter))
#8 C:\laragon\www\CarRentSystem\vendor\laravel\framework\src\Illuminate\Container\Container.php(1201): Illuminate\Container\Container-&gt;resolveDependencies(Array)
#9 C:\laragon\www\CarRentSystem\vendor\laravel\framework\src\Illuminate\Container\Container.php(972): Illuminate\Container\Container-&gt;build('App\\Actions\\Boo...')
#10 C:\laragon\www\CarRentSystem\vendor\laravel\framework\src\Illuminate\Foundation\Application.php(1078): Illuminate\Container\Container-&gt;resolve('App\\Actions\\Boo...', Array, true)
#11 C:\laragon\www\CarRentSystem\vendor\laravel\framework\src\Illuminate\Container\Container.php(903): Illuminate\Foundation\Application-&gt;resolve('App\\Actions\\Boo...', Array)
#12 C:\laragon\www\CarRentSystem\vendor\laravel\framework\src\Illuminate\Foundation\Application.php(1058): Illuminate\Container\Container-&gt;make('App\\Actions\\Boo...', Array)
#13 C:\laragon\www\CarRentSystem\vendor\laravel\framework\src\Illuminate\Container\Container.php(1379): Illuminate\Foundation\Application-&gt;make('App\\Actions\\Boo...')
#14 C:\laragon\www\CarRentSystem\vendor\laravel\framework\src\Illuminate\Container\Container.php(1278): Illuminate\Container\Container-&gt;resolveClass(Object(ReflectionParameter))
#15 C:\laragon\www\CarRentSystem\vendor\laravel\framework\src\Illuminate\Container\Container.php(1201): Illuminate\Container\Container-&gt;resolveDependencies(Array)
#16 C:\laragon\www\CarRentSystem\vendor\laravel\framework\src\Illuminate\Container\Container.php(972): Illuminate\Container\Container-&gt;build('App\\Http\\Contro...')
#17 C:\laragon\www\CarRentSystem\vendor\laravel\framework\src\Illuminate\Foundation\Application.php(1078): Illuminate\Container\Container-&gt;resolve('App\\Http\\Contro...', Array, true)
#18 C:\laragon\www\CarRentSystem\vendor\laravel\framework\src\Illuminate\Container\Container.php(903): Illuminate\Foundation\Application-&gt;resolve('App\\Http\\Contro...', Array)
#19 C:\laragon\www\CarRentSystem\vendor\laravel\framework\src\Illuminate\Foundation\Application.php(1058): Illuminate\Container\Container-&gt;make('App\\Http\\Contro...', Array)
#20 C:\laragon\www\CarRentSystem\vendor\laravel\framework\src\Illuminate\Routing\Route.php(286): Illuminate\Foundation\Application-&gt;make('App\\Http\\Contro...')
#21 C:\laragon\www\CarRentSystem\vendor\laravel\framework\src\Illuminate\Routing\Route.php(266): Illuminate\Routing\Route-&gt;getController()
#22 C:\laragon\www\CarRentSystem\vendor\laravel\framework\src\Illuminate\Routing\Route.php(211): Illuminate\Routing\Route-&gt;runController()
#23 C:\laragon\www\CarRentSystem\vendor\laravel\framework\src\Illuminate\Routing\Router.php(822): Illuminate\Routing\Route-&gt;run()
#24 C:\laragon\www\CarRentSystem\vendor\laravel\framework\src\Illuminate\Pipeline\Pipeline.php(180): Illuminate\Routing\Router-&gt;{closure:Illuminate\Routing\Router::runRouteWithinStack():821}(Object(Illuminate\Http\Request))
#25 C:\laragon\www\CarRentSystem\vendor\laravel\framework\src\Illuminate\Routing\Middleware\SubstituteBindings.php(50): Illuminate\Pipeline\Pipeline-&gt;{closure:Illuminate\Pipeline\Pipeline::prepareDestination():178}(Object(Illuminate\Http\Request))
#26 C:\laragon\www\CarRentSystem\vendor\laravel\framework\src\Illuminate\Pipeline\Pipeline.php(219): Illuminate\Routing\Middleware\SubstituteBindings-&gt;handle(Object(Illuminate\Http\Request), Object(Closure))
#27 C:\laragon\www\CarRentSystem\vendor\laravel\framework\src\Illuminate\Routing\Middleware\ThrottleRequests.php(160): Illuminate\Pipeline\Pipeline-&gt;{closure:{closure:Illuminate\Pipeline\Pipeline::carry():194}:195}(Object(Illuminate\Http\Request))
#28 C:\laragon\www\CarRentSystem\vendor\laravel\framework\src\Illuminate\Routing\Middleware\ThrottleRequests.php(91): Illuminate\Routing\Middleware\ThrottleRequests-&gt;handleRequest(Object(Illuminate\Http\Request), Object(Closure), Array)
#29 C:\laragon\www\CarRentSystem\vendor\laravel\framework\src\Illuminate\Pipeline\Pipeline.php(219): Illuminate\Routing\Middleware\ThrottleRequests-&gt;handle(Object(Illuminate\Http\Request), Object(Closure), '100', '1')
#30 C:\laragon\www\CarRentSystem\vendor\laravel\framework\src\Illuminate\Auth\Middleware\Authenticate.php(63): Illuminate\Pipeline\Pipeline-&gt;{closure:{closure:Illuminate\Pipeline\Pipeline::carry():194}:195}(Object(Illuminate\Http\Request))
#31 C:\laragon\www\CarRentSystem\vendor\laravel\framework\src\Illuminate\Pipeline\Pipeline.php(219): Illuminate\Auth\Middleware\Authenticate-&gt;handle(Object(Illuminate\Http\Request), Object(Closure), 'sanctum')
#32 C:\laragon\www\CarRentSystem\vendor\laravel\sanctum\src\Http\Middleware\EnsureFrontendRequestsAreStateful.php(26): Illuminate\Pipeline\Pipeline-&gt;{closure:{closure:Illuminate\Pipeline\Pipeline::carry():194}:195}(Object(Illuminate\Http\Request))
#33 C:\laragon\www\CarRentSystem\vendor\laravel\framework\src\Illuminate\Pipeline\Pipeline.php(180): Laravel\Sanctum\Http\Middleware\EnsureFrontendRequestsAreStateful-&gt;{closure:Laravel\Sanctum\Http\Middleware\EnsureFrontendRequestsAreStateful::handle():25}(Object(Illuminate\Http\Request))
#34 C:\laragon\www\CarRentSystem\vendor\laravel\framework\src\Illuminate\Pipeline\Pipeline.php(137): Illuminate\Pipeline\Pipeline-&gt;{closure:Illuminate\Pipeline\Pipeline::prepareDestination():178}(Object(Illuminate\Http\Request))
#35 C:\laragon\www\CarRentSystem\vendor\laravel\sanctum\src\Http\Middleware\EnsureFrontendRequestsAreStateful.php(25): Illuminate\Pipeline\Pipeline-&gt;then(Object(Closure))
#36 C:\laragon\www\CarRentSystem\vendor\laravel\framework\src\Illuminate\Pipeline\Pipeline.php(219): Laravel\Sanctum\Http\Middleware\EnsureFrontendRequestsAreStateful-&gt;handle(Object(Illuminate\Http\Request), Object(Closure))
#37 C:\laragon\www\CarRentSystem\vendor\laravel\framework\src\Illuminate\Pipeline\Pipeline.php(137): Illuminate\Pipeline\Pipeline-&gt;{closure:{closure:Illuminate\Pipeline\Pipeline::carry():194}:195}(Object(Illuminate\Http\Request))
#38 C:\laragon\www\CarRentSystem\vendor\laravel\framework\src\Illuminate\Routing\Router.php(821): Illuminate\Pipeline\Pipeline-&gt;then(Object(Closure))
#39 C:\laragon\www\CarRentSystem\vendor\laravel\framework\src\Illuminate\Routing\Router.php(800): Illuminate\Routing\Router-&gt;runRouteWithinStack(Object(Illuminate\Routing\Route), Object(Illuminate\Http\Request))
#40 C:\laragon\www\CarRentSystem\vendor\laravel\framework\src\Illuminate\Routing\Router.php(764): Illuminate\Routing\Router-&gt;runRoute(Object(Illuminate\Http\Request), Object(Illuminate\Routing\Route))
#41 C:\laragon\www\CarRentSystem\vendor\laravel\framework\src\Illuminate\Routing\Router.php(753): Illuminate\Routing\Router-&gt;dispatchToRoute(Object(Illuminate\Http\Request))
#42 C:\laragon\www\CarRentSystem\vendor\laravel\framework\src\Illuminate\Foundation\Http\Kernel.php(200): Illuminate\Routing\Router-&gt;dispatch(Object(Illuminate\Http\Request))
#43 C:\laragon\www\CarRentSystem\vendor\laravel\framework\src\Illuminate\Pipeline\Pipeline.php(180): Illuminate\Foundation\Http\Kernel-&gt;{closure:Illuminate\Foundation\Http\Kernel::dispatchToRouter():197}(Object(Illuminate\Http\Request))
#44 C:\laragon\www\CarRentSystem\vendor\livewire\livewire\src\Features\SupportDisablingBackButtonCache\DisableBackButtonCacheMiddleware.php(19): Illuminate\Pipeline\Pipeline-&gt;{closure:Illuminate\Pipeline\Pipeline::prepareDestination():178}(Object(Illuminate\Http\Request))
#45 C:\laragon\www\CarRentSystem\vendor\laravel\framework\src\Illuminate\Pipeline\Pipeline.php(219): Livewire\Features\SupportDisablingBackButtonCache\DisableBackButtonCacheMiddleware-&gt;handle(Object(Illuminate\Http\Request), Object(Closure))
#46 C:\laragon\www\CarRentSystem\vendor\laravel\framework\src\Illuminate\Foundation\Http\Middleware\TransformsRequest.php(21): Illuminate\Pipeline\Pipeline-&gt;{closure:{closure:Illuminate\Pipeline\Pipeline::carry():194}:195}(Object(Illuminate\Http\Request))
#47 C:\laragon\www\CarRentSystem\vendor\laravel\framework\src\Illuminate\Foundation\Http\Middleware\ConvertEmptyStringsToNull.php(31): Illuminate\Foundation\Http\Middleware\TransformsRequest-&gt;handle(Object(Illuminate\Http\Request), Object(Closure))
#48 C:\laragon\www\CarRentSystem\vendor\laravel\framework\src\Illuminate\Pipeline\Pipeline.php(219): Illuminate\Foundation\Http\Middleware\ConvertEmptyStringsToNull-&gt;handle(Object(Illuminate\Http\Request), Object(Closure))
#49 C:\laragon\www\CarRentSystem\vendor\laravel\framework\src\Illuminate\Foundation\Http\Middleware\TransformsRequest.php(21): Illuminate\Pipeline\Pipeline-&gt;{closure:{closure:Illuminate\Pipeline\Pipeline::carry():194}:195}(Object(Illuminate\Http\Request))
#50 C:\laragon\www\CarRentSystem\vendor\laravel\framework\src\Illuminate\Foundation\Http\Middleware\TrimStrings.php(51): Illuminate\Foundation\Http\Middleware\TransformsRequest-&gt;handle(Object(Illuminate\Http\Request), Object(Closure))
#51 C:\laragon\www\CarRentSystem\vendor\laravel\framework\src\Illuminate\Pipeline\Pipeline.php(219): Illuminate\Foundation\Http\Middleware\TrimStrings-&gt;handle(Object(Illuminate\Http\Request), Object(Closure))
#52 C:\laragon\www\CarRentSystem\vendor\laravel\framework\src\Illuminate\Http\Middleware\ValidatePostSize.php(27): Illuminate\Pipeline\Pipeline-&gt;{closure:{closure:Illuminate\Pipeline\Pipeline::carry():194}:195}(Object(Illuminate\Http\Request))
#53 C:\laragon\www\CarRentSystem\vendor\laravel\framework\src\Illuminate\Pipeline\Pipeline.php(219): Illuminate\Http\Middleware\ValidatePostSize-&gt;handle(Object(Illuminate\Http\Request), Object(Closure))
#54 C:\laragon\www\CarRentSystem\vendor\laravel\framework\src\Illuminate\Foundation\Http\Middleware\PreventRequestsDuringMaintenance.php(109): Illuminate\Pipeline\Pipeline-&gt;{closure:{closure:Illuminate\Pipeline\Pipeline::carry():194}:195}(Object(Illuminate\Http\Request))
#55 C:\laragon\www\CarRentSystem\vendor\laravel\framework\src\Illuminate\Pipeline\Pipeline.php(219): Illuminate\Foundation\Http\Middleware\PreventRequestsDuringMaintenance-&gt;handle(Object(Illuminate\Http\Request), Object(Closure))
#56 C:\laragon\www\CarRentSystem\vendor\laravel\framework\src\Illuminate\Http\Middleware\HandleCors.php(61): Illuminate\Pipeline\Pipeline-&gt;{closure:{closure:Illuminate\Pipeline\Pipeline::carry():194}:195}(Object(Illuminate\Http\Request))
#57 C:\laragon\www\CarRentSystem\vendor\laravel\framework\src\Illuminate\Pipeline\Pipeline.php(219): Illuminate\Http\Middleware\HandleCors-&gt;handle(Object(Illuminate\Http\Request), Object(Closure))
#58 C:\laragon\www\CarRentSystem\vendor\laravel\framework\src\Illuminate\Http\Middleware\TrustProxies.php(58): Illuminate\Pipeline\Pipeline-&gt;{closure:{closure:Illuminate\Pipeline\Pipeline::carry():194}:195}(Object(Illuminate\Http\Request))
#59 C:\laragon\www\CarRentSystem\vendor\laravel\framework\src\Illuminate\Pipeline\Pipeline.php(219): Illuminate\Http\Middleware\TrustProxies-&gt;handle(Object(Illuminate\Http\Request), Object(Closure))
#60 C:\laragon\www\CarRentSystem\vendor\laravel\framework\src\Illuminate\Foundation\Http\Middleware\InvokeDeferredCallbacks.php(22): Illuminate\Pipeline\Pipeline-&gt;{closure:{closure:Illuminate\Pipeline\Pipeline::carry():194}:195}(Object(Illuminate\Http\Request))
#61 C:\laragon\www\CarRentSystem\vendor\laravel\framework\src\Illuminate\Pipeline\Pipeline.php(219): Illuminate\Foundation\Http\Middleware\InvokeDeferredCallbacks-&gt;handle(Object(Illuminate\Http\Request), Object(Closure))
#62 C:\laragon\www\CarRentSystem\vendor\laravel\framework\src\Illuminate\Http\Middleware\ValidatePathEncoding.php(26): Illuminate\Pipeline\Pipeline-&gt;{closure:{closure:Illuminate\Pipeline\Pipeline::carry():194}:195}(Object(Illuminate\Http\Request))
#63 C:\laragon\www\CarRentSystem\vendor\laravel\framework\src\Illuminate\Pipeline\Pipeline.php(219): Illuminate\Http\Middleware\ValidatePathEncoding-&gt;handle(Object(Illuminate\Http\Request), Object(Closure))
#64 C:\laragon\www\CarRentSystem\vendor\laravel\framework\src\Illuminate\Pipeline\Pipeline.php(137): Illuminate\Pipeline\Pipeline-&gt;{closure:{closure:Illuminate\Pipeline\Pipeline::carry():194}:195}(Object(Illuminate\Http\Request))
#65 C:\laragon\www\CarRentSystem\vendor\laravel\framework\src\Illuminate\Foundation\Http\Kernel.php(175): Illuminate\Pipeline\Pipeline-&gt;then(Object(Closure))
#66 C:\laragon\www\CarRentSystem\vendor\laravel\framework\src\Illuminate\Foundation\Http\Kernel.php(144): Illuminate\Foundation\Http\Kernel-&gt;sendRequestThroughRouter(Object(Illuminate\Http\Request))
#67 C:\laragon\www\CarRentSystem\vendor\laravel\framework\src\Illuminate\Foundation\Testing\Concerns\MakesHttpRequests.php(607): Illuminate\Foundation\Http\Kernel-&gt;handle(Object(Illuminate\Http\Request))
#68 C:\laragon\www\CarRentSystem\vendor\laravel\framework\src\Illuminate\Foundation\Testing\Concerns\MakesHttpRequests.php(573): Illuminate\Foundation\Testing\TestCase-&gt;call('GET', '/api/bookings/1', Array, Array, Array, Array, '[]')
#69 C:\laragon\www\CarRentSystem\vendor\laravel\framework\src\Illuminate\Foundation\Testing\Concerns\MakesHttpRequests.php(381): Illuminate\Foundation\Testing\TestCase-&gt;json('GET', '/api/bookings/1', Array, Array, 0)
#70 C:\laragon\www\CarRentSystem\tests\Feature\Api\Enhanced\BookingControllerEnhancedTest.php(230): Illuminate\Foundation\Testing\TestCase-&gt;getJson('/api/bookings/1')
#71 C:\laragon\www\CarRentSystem\vendor\pestphp\pest\src\Factories\TestCaseMethodFactory.php(168): P\Tests\Feature\Api\Enhanced\BookingControllerEnhancedTest-&gt;{closure:{closure:C:\laragon\www\CarRentSystem\tests\Feature\Api\Enhanced\BookingControllerEnhancedTest.php:208}:228}()
#72 [internal function]: P\Tests\Feature\Api\Enhanced\BookingControllerEnhancedTest-&gt;{closure:Pest\Factories\TestCaseMethodFactory::getClosure():158}()
#73 C:\laragon\www\CarRentSystem\vendor\pestphp\pest\src\Concerns\Testable.php(429): call_user_func_array(Object(Closure), Array)
#74 C:\laragon\www\CarRentSystem\vendor\pestphp\pest\src\Support\ExceptionTrace.php(26): P\Tests\Feature\Api\Enhanced\BookingControllerEnhancedTest-&gt;{closure:Pest\Concerns\Testable::__callClosure():429}()
#75 C:\laragon\www\CarRentSystem\vendor\pestphp\pest\src\Concerns\Testable.php(429): Pest\Support\ExceptionTrace::ensure(Object(Closure))
#76 C:\laragon\www\CarRentSystem\vendor\pestphp\pest\src\Concerns\Testable.php(331): P\Tests\Feature\Api\Enhanced\BookingControllerEnhancedTest-&gt;__callClosure(Object(Closure), Array)
#77 C:\laragon\www\CarRentSystem\vendor\pestphp\pest\src\Factories\TestCaseFactory.php(169) : eval()'d code(107): P\Tests\Feature\Api\Enhanced\BookingControllerEnhancedTest-&gt;__runTest(Object(Closure))
#78 C:\laragon\www\CarRentSystem\vendor\phpunit\phpunit\src\Framework\TestCase.php(1316): P\Tests\Feature\Api\Enhanced\BookingControllerEnhancedTest-&gt;__pest_evaluable__Booking_Authorization_Middleware__→_it_allows_vehicle_owner_to_access_booking()
#79 C:\laragon\www\CarRentSystem\vendor\phpunit\phpunit\src\Framework\TestCase.php(516): PHPUnit\Framework\TestCase-&gt;runTest()
#80 C:\laragon\www\CarRentSystem\vendor\phpunit\phpunit\src\Framework\TestRunner\TestRunner.php(99): PHPUnit\Framework\TestCase-&gt;runBare()
#81 C:\laragon\www\CarRentSystem\vendor\phpunit\phpunit\src\Framework\TestCase.php(357): PHPUnit\Framework\TestRunner-&gt;run(Object(P\Tests\Feature\Api\Enhanced\BookingControllerEnhancedTest))
#82 C:\laragon\www\CarRentSystem\vendor\phpunit\phpunit\src\Framework\TestSuite.php(374): PHPUnit\Framework\TestCase-&gt;run()
#83 C:\laragon\www\CarRentSystem\vendor\phpunit\phpunit\src\Framework\TestSuite.php(374): PHPUnit\Framework\TestSuite-&gt;run()
#84 C:\laragon\www\CarRentSystem\vendor\phpunit\phpunit\src\Framework\TestSuite.php(374): PHPUnit\Framework\TestSuite-&gt;run()
#85 C:\laragon\www\CarRentSystem\vendor\phpunit\phpunit\src\TextUI\TestRunner.php(64): PHPUnit\Framework\TestSuite-&gt;run()
#86 C:\laragon\www\CarRentSystem\vendor\phpunit\phpunit\src\TextUI\Application.php(229): PHPUnit\TextUI\TestRunner-&gt;run(Object(PHPUnit\TextUI\Configuration\Configuration), Object(PHPUnit\Runner\ResultCache\DefaultResultCache), Object(PHPUnit\Framework\TestSuite))
#87 C:\laragon\www\CarRentSystem\vendor\pestphp\pest\src\Kernel.php(103): PHPUnit\TextUI\Application-&gt;run(Array)
#88 C:\laragon\www\CarRentSystem\vendor\pestphp\pest\bin\pest(184): Pest\Kernel-&gt;handle(Array, Array)
#89 C:\laragon\www\CarRentSystem\vendor\pestphp\pest\bin\pest(192): {closure:C:\laragon\www\CarRentSystem\vendor\pestphp\pest\bin\pest:18}()
#90 C:\laragon\www\CarRentSystem\vendor\bin\pest(119): include('C:\\laragon\\www\\...')
#91 {main}

----------------------------------------------------------------------------------

Class "Stripe\Stripe" not found&#13;
&#13;
at vendor\laravel\framework\src\Illuminate\Testing\TestResponseAssert.php:45
at vendor\laravel\framework\src\Illuminate\Testing\TestResponse.php:103
at tests\Feature\Api\Enhanced\BookingControllerEnhancedTest.php:232</failure>
        </testcase>
        <testcase name="`BookingController Enhanced Tests` → it calculates amounts correctly using DTO" file="tests\Feature\Api\Enhanced\BookingControllerEnhancedTest.php::`BookingController Enhanced Tests` → it calculates amounts correctly using DTO" class="Tests\Feature\Api\Enhanced\BookingControllerEnhancedTest" classname="Tests.Feature.Api.Enhanced.BookingControllerEnhancedTest" assertions="1" time="0.611884">
          <failure type="PHPUnit\Framework\ExpectationFailedException">`BookingController Enhanced Tests` → it calculates amounts correctly using DTOExpected response status code [&gt;=200, &lt;300] but received 500.
Failed asserting that false is true.&#13;
at vendor\laravel\framework\src\Illuminate\Testing\TestResponseAssert.php:45
at vendor\laravel\framework\src\Illuminate\Testing\TestResponse.php:103
at tests\Feature\Api\Enhanced\BookingControllerEnhancedTest.php:169</failure>
        </testcase>
      </testsuite>
      <testsuite name="Tests\Feature\Auth\AuthenticationTest" file="tests\Feature\Auth\AuthenticationTest.php" tests="3" assertions="7" errors="0" failures="0" skipped="0" time="0.932265">
        <testcase name="users can not authenticate with invalid password" file="tests\Feature\Auth\AuthenticationTest.php::users can not authenticate with invalid password" class="Tests\Feature\Auth\AuthenticationTest" classname="Tests.Feature.Auth.AuthenticationTest" assertions="1" time="0.497803"/>
        <testcase name="users can logout" file="tests\Feature\Auth\AuthenticationTest.php::users can logout" class="Tests\Feature\Auth\AuthenticationTest" classname="Tests.Feature.Auth.AuthenticationTest" assertions="3" time="0.108092"/>
        <testcase name="users can authenticate using the login screen" file="tests\Feature\Auth\AuthenticationTest.php::users can authenticate using the login screen" class="Tests\Feature\Auth\AuthenticationTest" classname="Tests.Feature.Auth.AuthenticationTest" assertions="3" time="0.326371"/>
      </testsuite>
      <testsuite name="Tests\Feature\Api\CarControllerTest" file="tests\Feature\Api\CarControllerTest.php" tests="18" assertions="104" errors="0" failures="7" skipped="0" time="4.792748">
        <testcase name="`Repository Integration` → it repository maintains performance under load" file="tests\Feature\Api\CarControllerTest.php::`Repository Integration` → it repository maintains performance under load" class="Tests\Feature\Api\CarControllerTest" classname="Tests.Feature.Api.CarControllerTest" assertions="2" time="0.829328"/>
        <testcase name="can list available cars" file="tests\Feature\Api\CarControllerTest.php::can list available cars" class="Tests\Feature\Api\CarControllerTest" classname="Tests.Feature.Api.CarControllerTest" assertions="28" time="0.257030"/>
        <testcase name="`Vehicle Search and Filtering` → it excludes vehicles with conflicting bookings" file="tests\Feature\Api\CarControllerTest.php::`Vehicle Search and Filtering` → it excludes vehicles with conflicting bookings" class="Tests\Feature\Api\CarControllerTest" classname="Tests.Feature.Api.CarControllerTest" assertions="5" time="0.330498"/>
        <testcase name="returns 404 for nonexistent car" file="tests\Feature\Api\CarControllerTest.php::returns 404 for nonexistent car" class="Tests\Feature\Api\CarControllerTest" classname="Tests.Feature.Api.CarControllerTest" assertions="1" time="1.040075">
          <failure type="PHPUnit\Framework\ExpectationFailedException">returns 404 for nonexistent carExpected response status code [404] but received 500.
Failed asserting that 500 is identical to 404.&#13;
at vendor\laravel\framework\src\Illuminate\Testing\TestResponseAssert.php:45
at vendor\laravel\framework\src\Illuminate\Testing\TestResponse.php:174
at vendor\laravel\framework\src\Illuminate\Testing\Concerns\AssertsStatusCodes.php:151
at tests\Feature\Api\CarControllerTest.php:117</failure>
        </testcase>
        <testcase name="`Repository Integration` → it uses VehicleRepository for search operations" file="tests\Feature\Api\CarControllerTest.php::`Repository Integration` → it uses VehicleRepository for search operations" class="Tests\Feature\Api\CarControllerTest" classname="Tests.Feature.Api.CarControllerTest" assertions="3" time="0.267699"/>
        <testcase name="`Vehicle Details API` → it includes featured image URL in response" file="tests\Feature\Api\CarControllerTest.php::`Vehicle Details API` → it includes featured image URL in response" class="Tests\Feature\Api\CarControllerTest" classname="Tests.Feature.Api.CarControllerTest" assertions="3" time="0.194761">
          <failure type="PHPUnit\Framework\ExpectationFailedException">`Vehicle Details API` → it includes featured image URL in responseFailed asserting that an array has the key 'featured_image_url'.&#13;
at vendor\laravel\framework\src\Illuminate\Testing\AssertableJsonString.php:303
at vendor\laravel\framework\src\Illuminate\Testing\AssertableJsonString.php:278
at vendor\laravel\framework\src\Illuminate\Testing\AssertableJsonString.php:301
at vendor\laravel\framework\src\Illuminate\Testing\TestResponse.php:978
at tests\Feature\Api\CarControllerTest.php:286</failure>
        </testcase>
        <testcase name="`Vehicle Search and Filtering` → it can sort by price ascending" file="tests\Feature\Api\CarControllerTest.php::`Vehicle Search and Filtering` → it can sort by price ascending" class="Tests\Feature\Api\CarControllerTest" classname="Tests.Feature.Api.CarControllerTest" assertions="3" time="0.186740">
          <failure type="PHPUnit\Framework\ExpectationFailedException">`Vehicle Search and Filtering` → it can sort by price ascendingFailed asserting that two strings are identical.&#13;
at tests\Feature\Api\CarControllerTest.php:208</failure>
        </testcase>
        <testcase name="`Vehicle Search and Filtering` → it can filter by transmission type" file="tests\Feature\Api\CarControllerTest.php::`Vehicle Search and Filtering` → it can filter by transmission type" class="Tests\Feature\Api\CarControllerTest" classname="Tests.Feature.Api.CarControllerTest" assertions="5" time="0.156218"/>
        <testcase name="can filter cars by location" file="tests\Feature\Api\CarControllerTest.php::can filter cars by location" class="Tests\Feature\Api\CarControllerTest" classname="Tests.Feature.Api.CarControllerTest" assertions="3" time="0.137277"/>
        <testcase name="`Vehicle Details API` → it returns 404 for unpublished vehicles" file="tests\Feature\Api\CarControllerTest.php::`Vehicle Details API` → it returns 404 for unpublished vehicles" class="Tests\Feature\Api\CarControllerTest" classname="Tests.Feature.Api.CarControllerTest" assertions="1" time="0.201619">
          <failure type="PHPUnit\Framework\ExpectationFailedException">`Vehicle Details API` → it returns 404 for unpublished vehiclesExpected response status code [404] but received 200.
Failed asserting that 200 is identical to 404.&#13;
at vendor\laravel\framework\src\Illuminate\Testing\TestResponseAssert.php:45
at vendor\laravel\framework\src\Illuminate\Testing\TestResponse.php:174
at vendor\laravel\framework\src\Illuminate\Testing\Concerns\AssertsStatusCodes.php:151
at tests\Feature\Api\CarControllerTest.php:370</failure>
        </testcase>
        <testcase name="can show single car" file="tests\Feature\Api\CarControllerTest.php::can show single car" class="Tests\Feature\Api\CarControllerTest" classname="Tests.Feature.Api.CarControllerTest" assertions="15" time="0.117231"/>
        <testcase name="`Vehicle Search and Filtering` → it can filter by price range" file="tests\Feature\Api\CarControllerTest.php::`Vehicle Search and Filtering` → it can filter by price range" class="Tests\Feature\Api\CarControllerTest" classname="Tests.Feature.Api.CarControllerTest" assertions="4" time="0.139309">
          <failure type="PHPUnit\Framework\ExpectationFailedException">`Vehicle Search and Filtering` → it can filter by price rangeFailed asserting that '100.00' is identical to 100.0.&#13;
at tests\Feature\Api\CarControllerTest.php:178</failure>
        </testcase>
        <testcase name="`Vehicle Search and Filtering` → it can combine multiple filters" file="tests\Feature\Api\CarControllerTest.php::`Vehicle Search and Filtering` → it can combine multiple filters" class="Tests\Feature\Api\CarControllerTest" classname="Tests.Feature.Api.CarControllerTest" assertions="2" time="0.154135">
          <failure type="PHPUnit\Framework\ExpectationFailedException">`Vehicle Search and Filtering` → it can combine multiple filtersFailed asserting that actual size 2 matches expected size 1.&#13;
at tests\Feature\Api\CarControllerTest.php:197</failure>
        </testcase>
        <testcase name="`Vehicle Search and Filtering` → it handles pagination correctly" file="tests\Feature\Api\CarControllerTest.php::`Vehicle Search and Filtering` → it handles pagination correctly" class="Tests\Feature\Api\CarControllerTest" classname="Tests.Feature.Api.CarControllerTest" assertions="9" time="0.285114"/>
        <testcase name="`Vehicle Search and Filtering` → it can filter by seat count" file="tests\Feature\Api\CarControllerTest.php::`Vehicle Search and Filtering` → it can filter by seat count" class="Tests\Feature\Api\CarControllerTest" classname="Tests.Feature.Api.CarControllerTest" assertions="3" time="0.138005"/>
        <testcase name="`Vehicle Search and Filtering` → it can sort by price descending" file="tests\Feature\Api\CarControllerTest.php::`Vehicle Search and Filtering` → it can sort by price descending" class="Tests\Feature\Api\CarControllerTest" classname="Tests.Feature.Api.CarControllerTest" assertions="3" time="0.147201">
          <failure type="PHPUnit\Framework\ExpectationFailedException">`Vehicle Search and Filtering` → it can sort by price descendingFailed asserting that two strings are identical.&#13;
at tests\Feature\Api\CarControllerTest.php:220</failure>
        </testcase>
        <testcase name="`Vehicle Details API` → it includes owner information" file="tests\Feature\Api\CarControllerTest.php::`Vehicle Details API` → it includes owner information" class="Tests\Feature\Api\CarControllerTest" classname="Tests.Feature.Api.CarControllerTest" assertions="2" time="0.100980"/>
        <testcase name="`Vehicle Details API` → it includes vehicle images with primary flagging" file="tests\Feature\Api\CarControllerTest.php::`Vehicle Details API` → it includes vehicle images with primary flagging" class="Tests\Feature\Api\CarControllerTest" classname="Tests.Feature.Api.CarControllerTest" assertions="12" time="0.109529"/>
      </testsuite>
      <testsuite name="Tests\Feature\ActivityLogManagementTest" file="tests\Feature\ActivityLogManagementTest.php" tests="25" assertions="20" errors="5" failures="20" skipped="0" time="154.105523">
        <testcase name="`Activity Log Management` → `Activity Log Listing` → it filters logs by user" file="tests\Feature\ActivityLogManagementTest.php::`Activity Log Management` → `Activity Log Listing` → it filters logs by user" class="Tests\Feature\ActivityLogManagementTest" classname="Tests.Feature.ActivityLogManagementTest" assertions="1" time="20.325289">
          <failure type="PHPUnit\Framework\ExpectationFailedException">`Activity Log Management` → `Activity Log Listing` → it filters logs by userExpected response status code [&gt;=200, &lt;300] but received 500.
Failed asserting that false is true.&#13;
&#13;
The following exception occurred during the last request:

PDOException: SQLSTATE[HY000]: General error: 1 no such column: activity_log.name in C:\laragon\www\CarRentSystem\vendor\laravel\framework\src\Illuminate\Database\Connection.php:406
Stack trace:
#0 C:\laragon\www\CarRentSystem\vendor\laravel\framework\src\Illuminate\Database\Connection.php(406): PDO-&gt;prepare('select "activit...')
#1 C:\laragon\www\CarRentSystem\vendor\laravel\framework\src\Illuminate\Database\Connection.php(811): Illuminate\Database\Connection-&gt;{closure:Illuminate\Database\Connection::select():397}('select "activit...', Array)
#2 C:\laragon\www\CarRentSystem\vendor\laravel\framework\src\Illuminate\Database\Connection.php(778): Illuminate\Database\Connection-&gt;runQueryCallback('select "activit...', Array, Object(Closure))
#3 C:\laragon\www\CarRentSystem\vendor\laravel\framework\src\Illuminate\Database\Connection.php(397): Illuminate\Database\Connection-&gt;run('select "activit...', Array, Object(Closure))
#4 C:\laragon\www\CarRentSystem\vendor\laravel\framework\src\Illuminate\Database\Query\Builder.php(3188): Illuminate\Database\Connection-&gt;select('select "activit...', Array, true)
#5 C:\laragon\www\CarRentSystem\vendor\laravel\framework\src\Illuminate\Database\Query\Builder.php(3446): Illuminate\Database\Query\Builder-&gt;runSelect()
#6 C:\laragon\www\CarRentSystem\vendor\laravel\framework\src\Illuminate\Database\Query\Builder.php(3763): Illuminate\Database\Query\Builder-&gt;{closure:Illuminate\Database\Query\Builder::pluck():3444}()
#7 C:\laragon\www\CarRentSystem\vendor\laravel\framework\src\Illuminate\Database\Query\Builder.php(3442): Illuminate\Database\Query\Builder-&gt;onceWithColumns(Array, Object(Closure))
#8 C:\laragon\www\CarRentSystem\vendor\laravel\framework\src\Illuminate\Database\Eloquent\Builder.php(1082): Illuminate\Database\Query\Builder-&gt;pluck('activity_log.na...', '')
#9 C:\laragon\www\CarRentSystem\vendor\filament\tables\src\Filters\SelectFilter.php(454): Illuminate\Database\Eloquent\Builder-&gt;pluck('activity_log.na...', '')
#10 C:\laragon\www\CarRentSystem\vendor\filament\support\src\Concerns\EvaluatesClosures.php(36): Filament\Tables\Filters\SelectFilter-&gt;{closure:Filament\Tables\Filters\SelectFilter::getFormField():391}(Object(Filament\Forms\Components\Select))
#11 C:\laragon\www\CarRentSystem\vendor\filament\forms\src\Components\Concerns\HasOptions.php(36): Filament\Support\Components\Component-&gt;evaluate(Object(Closure))
#12 C:\laragon\www\CarRentSystem\vendor\filament\forms\src\Components\Select.php(708): Filament\Forms\Components\Select-&gt;getOptions()
#13 C:\laragon\www\CarRentSystem\storage\framework\views\785d21797565f791af709268f8dfbe8e.php(182): Filament\Forms\Components\Select-&gt;getOptionsForJs()
#14 C:\laragon\www\CarRentSystem\vendor\livewire\livewire\src\Mechanisms\ExtendBlade\ExtendedCompilerEngine.php(37): include('C:\\laragon\\www\\...')
#15 C:\laragon\www\CarRentSystem\vendor\livewire\livewire\src\Mechanisms\ExtendBlade\ExtendedCompilerEngine.php(38): App\Filament\Resources\ActivityLogResource\Pages\ListActivityLogs-&gt;{closure:Livewire\Mechanisms\ExtendBlade\ExtendedCompilerEngine::evaluatePath():35}()
#16 C:\laragon\www\CarRentSystem\vendor\laravel\framework\src\Illuminate\View\Engines\CompilerEngine.php(76): Livewire\Mechanisms\ExtendBlade\ExtendedCompilerEngine-&gt;evaluatePath('C:\\laragon\\www\\...', Array)
#17 C:\laragon\www\CarRentSystem\vendor\livewire\livewire\src\Mechanisms\ExtendBlade\ExtendedCompilerEngine.php(16): Illuminate\View\Engines\CompilerEngine-&gt;get('C:\\laragon\\www\\...', Array)
#18 C:\laragon\www\CarRentSystem\vendor\laravel\framework\src\Illuminate\View\View.php(208): Livewire\Mechanisms\ExtendBlade\ExtendedCompilerEngine-&gt;get('C:\\laragon\\www\\...', Array)
#19 C:\laragon\www\CarRentSystem\vendor\laravel\framework\src\Illuminate\View\View.php(191): Illuminate\View\View-&gt;getContents()
#20 C:\laragon\www\CarRentSystem\vendor\laravel\framework\src\Illuminate\View\View.php(160): Illuminate\View\View-&gt;renderContents()
#21 C:\laragon\www\CarRentSystem\vendor\filament\support\src\Components\ViewComponent.php(125): Illuminate\View\View-&gt;render()
#22 C:\laragon\www\CarRentSystem\vendor\filament\schemas\src\Components\Component.php(221): Filament\Support\Components\ViewComponent-&gt;toHtml()
#23 C:\laragon\www\CarRentSystem\vendor\filament\schemas\src\Schema.php(205): Filament\Schemas\Components\Component-&gt;toSchemaHtml(true)
#24 C:\laragon\www\CarRentSystem\vendor\filament\support\src\Components\ViewComponent.php(122): Filament\Schemas\Schema-&gt;toEmbeddedHtml()
#25 C:\laragon\www\CarRentSystem\vendor\laravel\framework\src\Illuminate\Support\helpers.php(130): Filament\Support\Components\ViewComponent-&gt;toHtml()
#26 C:\laragon\www\CarRentSystem\storage\framework\views\5110ca74321f0dcab372f3d94aa125c2.php(9): e(Object(Filament\Schemas\Schema))
#27 C:\laragon\www\CarRentSystem\vendor\livewire\livewire\src\Mechanisms\ExtendBlade\ExtendedCompilerEngine.php(37): include('C:\\laragon\\www\\...')
#28 C:\laragon\www\CarRentSystem\vendor\livewire\livewire\src\Mechanisms\ExtendBlade\ExtendedCompilerEngine.php(38): App\Filament\Resources\ActivityLogResource\Pages\ListActivityLogs-&gt;{closure:Livewire\Mechanisms\ExtendBlade\ExtendedCompilerEngine::evaluatePath():35}()
#29 C:\laragon\www\CarRentSystem\vendor\laravel\framework\src\Illuminate\View\Engines\CompilerEngine.php(76): Livewire\Mechanisms\ExtendBlade\ExtendedCompilerEngine-&gt;evaluatePath('C:\\laragon\\www\\...', Array)
#30 C:\laragon\www\CarRentSystem\vendor\livewire\livewire\src\Mechanisms\ExtendBlade\ExtendedCompilerEngine.php(16): Illuminate\View\Engines\CompilerEngine-&gt;get('C:\\laragon\\www\\...', Array)
#31 C:\laragon\www\CarRentSystem\vendor\laravel\framework\src\Illuminate\View\View.php(208): Livewire\Mechanisms\ExtendBlade\ExtendedCompilerEngine-&gt;get('C:\\laragon\\www\\...', Array)
#32 C:\laragon\www\CarRentSystem\vendor\laravel\framework\src\Illuminate\View\View.php(191): Illuminate\View\View-&gt;getContents()
#33 C:\laragon\www\CarRentSystem\vendor\laravel\framework\src\Illuminate\View\View.php(160): Illuminate\View\View-&gt;renderContents()
#34 C:\laragon\www\CarRentSystem\vendor\filament\support\src\Components\ViewComponent.php(125): Illuminate\View\View-&gt;render()
#35 C:\laragon\www\CarRentSystem\vendor\filament\schemas\src\Components\Component.php(221): Filament\Support\Components\ViewComponent-&gt;toHtml()
#36 C:\laragon\www\CarRentSystem\vendor\filament\schemas\src\Schema.php(205): Filament\Schemas\Components\Component-&gt;toSchemaHtml(true)
#37 C:\laragon\www\CarRentSystem\vendor\filament\support\src\Components\ViewComponent.php(122): Filament\Schemas\Schema-&gt;toEmbeddedHtml()
#38 C:\laragon\www\CarRentSystem\vendor\laravel\framework\src\Illuminate\Support\helpers.php(130): Filament\Support\Components\ViewComponent-&gt;toHtml()
#39 C:\laragon\www\CarRentSystem\storage\framework\views\1a3d3d822b7060b360e0a4f4cc781bd5.php(92): e(Object(Filament\Schemas\Schema))
#40 C:\laragon\www\CarRentSystem\vendor\livewire\livewire\src\Mechanisms\ExtendBlade\ExtendedCompilerEngine.php(37): include('C:\\laragon\\www\\...')
#41 C:\laragon\www\CarRentSystem\vendor\livewire\livewire\src\Mechanisms\ExtendBlade\ExtendedCompilerEngine.php(38): App\Filament\Resources\ActivityLogResource\Pages\ListActivityLogs-&gt;{closure:Livewire\Mechanisms\ExtendBlade\ExtendedCompilerEngine::evaluatePath():35}()
#42 C:\laragon\www\CarRentSystem\vendor\laravel\framework\src\Illuminate\View\Engines\CompilerEngine.php(76): Livewire\Mechanisms\ExtendBlade\ExtendedCompilerEngine-&gt;evaluatePath('C:\\laragon\\www\\...', Array)
#43 C:\laragon\www\CarRentSystem\vendor\livewire\livewire\src\Mechanisms\ExtendBlade\ExtendedCompilerEngine.php(16): Illuminate\View\Engines\CompilerEngine-&gt;get('C:\\laragon\\www\\...', Array)
#44 C:\laragon\www\CarRentSystem\vendor\laravel\framework\src\Illuminate\View\View.php(208): Livewire\Mechanisms\ExtendBlade\ExtendedCompilerEngine-&gt;get('C:\\laragon\\www\\...', Array)
#45 C:\laragon\www\CarRentSystem\vendor\laravel\framework\src\Illuminate\View\View.php(191): Illuminate\View\View-&gt;getContents()
#46 C:\laragon\www\CarRentSystem\vendor\laravel\framework\src\Illuminate\View\View.php(160): Illuminate\View\View-&gt;renderContents()
#47 C:\laragon\www\CarRentSystem\vendor\laravel\framework\src\Illuminate\View\Concerns\ManagesComponents.php(103): Illuminate\View\View-&gt;render()
#48 C:\laragon\www\CarRentSystem\storage\framework\views\63d0da9e86cc349a52193e89442d61e4.php(727): Illuminate\View\Factory-&gt;renderComponent()
#49 C:\laragon\www\CarRentSystem\vendor\livewire\livewire\src\Mechanisms\ExtendBlade\ExtendedCompilerEngine.php(37): include('C:\\laragon\\www\\...')
#50 C:\laragon\www\CarRentSystem\vendor\livewire\livewire\src\Mechanisms\ExtendBlade\ExtendedCompilerEngine.php(38): App\Filament\Resources\ActivityLogResource\Pages\ListActivityLogs-&gt;{closure:Livewire\Mechanisms\ExtendBlade\ExtendedCompilerEngine::evaluatePath():35}()
#51 C:\laragon\www\CarRentSystem\vendor\laravel\framework\src\Illuminate\View\Engines\CompilerEngine.php(76): Livewire\Mechanisms\ExtendBlade\ExtendedCompilerEngine-&gt;evaluatePath('C:\\laragon\\www\\...', Array)
#52 C:\laragon\www\CarRentSystem\vendor\livewire\livewire\src\Mechanisms\ExtendBlade\ExtendedCompilerEngine.php(16): Illuminate\View\Engines\CompilerEngine-&gt;get('C:\\laragon\\www\\...', Array)
#53 C:\laragon\www\CarRentSystem\vendor\laravel\framework\src\Illuminate\View\View.php(208): Livewire\Mechanisms\ExtendBlade\ExtendedCompilerEngine-&gt;get('C:\\laragon\\www\\...', Array)
#54 C:\laragon\www\CarRentSystem\vendor\laravel\framework\src\Illuminate\View\View.php(191): Illuminate\View\View-&gt;getContents()
#55 C:\laragon\www\CarRentSystem\vendor\laravel\framework\src\Illuminate\View\View.php(160): Illuminate\View\View-&gt;renderContents()
#56 C:\laragon\www\CarRentSystem\vendor\filament\support\src\Components\ViewComponent.php(125): Illuminate\View\View-&gt;render()
#57 C:\laragon\www\CarRentSystem\vendor\filament\schemas\src\Components\Component.php(221): Filament\Support\Components\ViewComponent-&gt;toHtml()
#58 C:\laragon\www\CarRentSystem\vendor\filament\schemas\src\Schema.php(205): Filament\Schemas\Components\Component-&gt;toSchemaHtml(true)
#59 C:\laragon\www\CarRentSystem\vendor\filament\support\src\Components\ViewComponent.php(122): Filament\Schemas\Schema-&gt;toEmbeddedHtml()
#60 C:\laragon\www\CarRentSystem\vendor\laravel\framework\src\Illuminate\Support\helpers.php(130): Filament\Support\Components\ViewComponent-&gt;toHtml()
#61 C:\laragon\www\CarRentSystem\storage\framework\views\440b755faea75388110fdd3acae41dc5.php(11): e(Object(Filament\Schemas\Schema))
#62 C:\laragon\www\CarRentSystem\vendor\livewire\livewire\src\Mechanisms\ExtendBlade\ExtendedCompilerEngine.php(37): include('C:\\laragon\\www\\...')
#63 C:\laragon\www\CarRentSystem\vendor\livewire\livewire\src\Mechanisms\ExtendBlade\ExtendedCompilerEngine.php(38): App\Filament\Resources\ActivityLogResource\Pages\ListActivityLogs-&gt;{closure:Livewire\Mechanisms\ExtendBlade\ExtendedCompilerEngine::evaluatePath():35}()
#64 C:\laragon\www\CarRentSystem\vendor\laravel\framework\src\Illuminate\View\Engines\CompilerEngine.php(76): Livewire\Mechanisms\ExtendBlade\ExtendedCompilerEngine-&gt;evaluatePath('C:\\laragon\\www\\...', Array)
#65 C:\laragon\www\CarRentSystem\vendor\livewire\livewire\src\Mechanisms\ExtendBlade\ExtendedCompilerEngine.php(16): Illuminate\View\Engines\CompilerEngine-&gt;get('C:\\laragon\\www\\...', Array)
#66 C:\laragon\www\CarRentSystem\vendor\laravel\framework\src\Illuminate\View\View.php(208): Livewire\Mechanisms\ExtendBlade\ExtendedCompilerEngine-&gt;get('C:\\laragon\\www\\...', Array)
#67 C:\laragon\www\CarRentSystem\vendor\laravel\framework\src\Illuminate\View\View.php(191): Illuminate\View\View-&gt;getContents()
#68 C:\laragon\www\CarRentSystem\vendor\laravel\framework\src\Illuminate\View\View.php(160): Illuminate\View\View-&gt;renderContents()
#69 C:\laragon\www\CarRentSystem\vendor\livewire\livewire\src\Mechanisms\HandleComponents\HandleComponents.php(259): Illuminate\View\View-&gt;render(Object(Closure))
#70 C:\laragon\www\CarRentSystem\vendor\livewire\livewire\src\Mechanisms\HandleComponents\HandleComponents.php(303): Livewire\Mechanisms\HandleComponents\HandleComponents-&gt;{closure:Livewire\Mechanisms\HandleComponents\HandleComponents::render():251}()
#71 C:\laragon\www\CarRentSystem\vendor\livewire\livewire\src\Mechanisms\HandleComponents\HandleComponents.php(251): Livewire\Mechanisms\HandleComponents\HandleComponents-&gt;trackInRenderStack(Object(App\Filament\Resources\ActivityLogResource\Pages\ListActivityLogs), Object(Closure))
#72 C:\laragon\www\CarRentSystem\vendor\livewire\livewire\src\Mechanisms\HandleComponents\HandleComponents.php(54): Livewire\Mechanisms\HandleComponents\HandleComponents-&gt;render(Object(App\Filament\Resources\ActivityLogResource\Pages\ListActivityLogs), '&lt;div&gt;&lt;/div&gt;')
#73 C:\laragon\www\CarRentSystem\vendor\livewire\livewire\src\LivewireManager.php(73): Livewire\Mechanisms\HandleComponents\HandleComponents-&gt;mount('App\\Filament\\Re...', Array, NULL)
#74 C:\laragon\www\CarRentSystem\vendor\livewire\livewire\src\Features\SupportPageComponents\HandlesPageComponents.php(17): Livewire\LivewireManager-&gt;mount('App\\Filament\\Re...', Array)
#75 C:\laragon\www\CarRentSystem\vendor\livewire\livewire\src\Features\SupportPageComponents\SupportPageComponents.php(117): Livewire\Component-&gt;{closure:Livewire\Features\SupportPageComponents\HandlesPageComponents::__invoke():14}()
#76 C:\laragon\www\CarRentSystem\vendor\livewire\livewire\src\Features\SupportPageComponents\HandlesPageComponents.php(14): Livewire\Features\SupportPageComponents\SupportPageComponents::interceptTheRenderOfTheComponentAndRetreiveTheLayoutConfiguration(Object(Closure))
#77 C:\laragon\www\CarRentSystem\vendor\laravel\framework\src\Illuminate\Routing\ControllerDispatcher.php(46): Livewire\Component-&gt;__invoke()
#78 C:\laragon\www\CarRentSystem\vendor\laravel\framework\src\Illuminate\Routing\Route.php(265): Illuminate\Routing\ControllerDispatcher-&gt;dispatch(Object(Illuminate\Routing\Route), Object(App\Filament\Resources\ActivityLogResource\Pages\ListActivityLogs), '__invoke')
#79 C:\laragon\www\CarRentSystem\vendor\laravel\framework\src\Illuminate\Routing\Route.php(211): Illuminate\Routing\Route-&gt;runController()
#80 C:\laragon\www\CarRentSystem\vendor\laravel\framework\src\Illuminate\Routing\Router.php(822): Illuminate\Routing\Route-&gt;run()
#81 C:\laragon\www\CarRentSystem\vendor\laravel\framework\src\Illuminate\Pipeline\Pipeline.php(180): Illuminate\Routing\Router-&gt;{closure:Illuminate\Routing\Router::runRouteWithinStack():821}(Object(Illuminate\Http\Request))
#82 C:\laragon\www\CarRentSystem\vendor\filament\filament\src\Http\Middleware\DispatchServingFilamentEvent.php(15): Illuminate\Pipeline\Pipeline-&gt;{closure:Illuminate\Pipeline\Pipeline::prepareDestination():178}(Object(Illuminate\Http\Request))
#83 C:\laragon\www\CarRentSystem\vendor\laravel\framework\src\Illuminate\Pipeline\Pipeline.php(219): Filament\Http\Middleware\DispatchServingFilamentEvent-&gt;handle(Object(Illuminate\Http\Request), Object(Closure))
#84 C:\laragon\www\CarRentSystem\vendor\filament\filament\src\Http\Middleware\DisableBladeIconComponents.php(14): Illuminate\Pipeline\Pipeline-&gt;{closure:{closure:Illuminate\Pipeline\Pipeline::carry():194}:195}(Object(Illuminate\Http\Request))
#85 C:\laragon\www\CarRentSystem\vendor\laravel\framework\src\Illuminate\Pipeline\Pipeline.php(219): Filament\Http\Middleware\DisableBladeIconComponents-&gt;handle(Object(Illuminate\Http\Request), Object(Closure))
#86 C:\laragon\www\CarRentSystem\app\Http\Middleware\LocalizationMiddleware.php(41): Illuminate\Pipeline\Pipeline-&gt;{closure:{closure:Illuminate\Pipeline\Pipeline::carry():194}:195}(Object(Illuminate\Http\Request))
#87 C:\laragon\www\CarRentSystem\vendor\laravel\framework\src\Illuminate\Pipeline\Pipeline.php(219): App\Http\Middleware\LocalizationMiddleware-&gt;handle(Object(Illuminate\Http\Request), Object(Closure))
#88 C:\laragon\www\CarRentSystem\vendor\laravel\framework\src\Illuminate\Routing\Middleware\SubstituteBindings.php(50): Illuminate\Pipeline\Pipeline-&gt;{closure:{closure:Illuminate\Pipeline\Pipeline::carry():194}:195}(Object(Illuminate\Http\Request))
#89 C:\laragon\www\CarRentSystem\vendor\laravel\framework\src\Illuminate\Pipeline\Pipeline.php(219): Illuminate\Routing\Middleware\SubstituteBindings-&gt;handle(Object(Illuminate\Http\Request), Object(Closure))
#90 C:\laragon\www\CarRentSystem\vendor\laravel\framework\src\Illuminate\Auth\Middleware\Authenticate.php(63): Illuminate\Pipeline\Pipeline-&gt;{closure:{closure:Illuminate\Pipeline\Pipeline::carry():194}:195}(Object(Illuminate\Http\Request))
#91 C:\laragon\www\CarRentSystem\vendor\laravel\framework\src\Illuminate\Pipeline\Pipeline.php(219): Illuminate\Auth\Middleware\Authenticate-&gt;handle(Object(Illuminate\Http\Request), Object(Closure))
#92 C:\laragon\www\CarRentSystem\vendor\laravel\framework\src\Illuminate\View\Middleware\ShareErrorsFromSession.php(48): Illuminate\Pipeline\Pipeline-&gt;{closure:{closure:Illuminate\Pipeline\Pipeline::carry():194}:195}(Object(Illuminate\Http\Request))
#93 C:\laragon\www\CarRentSystem\vendor\laravel\framework\src\Illuminate\Pipeline\Pipeline.php(219): Illuminate\View\Middleware\ShareErrorsFromSession-&gt;handle(Object(Illuminate\Http\Request), Object(Closure))
#94 C:\laragon\www\CarRentSystem\vendor\laravel\framework\src\Illuminate\Session\Middleware\StartSession.php(120): Illuminate\Pipeline\Pipeline-&gt;{closure:{closure:Illuminate\Pipeline\Pipeline::carry():194}:195}(Object(Illuminate\Http\Request))
#95 C:\laragon\www\CarRentSystem\vendor\laravel\framework\src\Illuminate\Session\Middleware\StartSession.php(63): Illuminate\Session\Middleware\StartSession-&gt;handleStatefulRequest(Object(Illuminate\Http\Request), Object(Illuminate\Session\Store), Object(Closure))
#96 C:\laragon\www\CarRentSystem\vendor\laravel\framework\src\Illuminate\Pipeline\Pipeline.php(219): Illuminate\Session\Middleware\StartSession-&gt;handle(Object(Illuminate\Http\Request), Object(Closure))
#97 C:\laragon\www\CarRentSystem\vendor\laravel\framework\src\Illuminate\Cookie\Middleware\AddQueuedCookiesToResponse.php(36): Illuminate\Pipeline\Pipeline-&gt;{closure:{closure:Illuminate\Pipeline\Pipeline::carry():194}:195}(Object(Illuminate\Http\Request))
#98 C:\laragon\www\CarRentSystem\vendor\laravel\framework\src\Illuminate\Pipeline\Pipeline.php(219): Illuminate\Cookie\Middleware\AddQueuedCookiesToResponse-&gt;handle(Object(Illuminate\Http\Request), Object(Closure))
#99 C:\laragon\www\CarRentSystem\vendor\laravel\framework\src\Illuminate\Cookie\Middleware\EncryptCookies.php(74): Illuminate\Pipeline\Pipeline-&gt;{closure:{closure:Illuminate\Pipeline\Pipeline::carry():194}:195}(Object(Illuminate\Http\Request))
#100 C:\laragon\www\CarRentSystem\vendor\laravel\framework\src\Illuminate\Pipeline\Pipeline.php(219): Illuminate\Cookie\Middleware\EncryptCookies-&gt;handle(Object(Illuminate\Http\Request), Object(Closure))
#101 C:\laragon\www\CarRentSystem\vendor\filament\filament\src\Http\Middleware\SetUpPanel.php(19): Illuminate\Pipeline\Pipeline-&gt;{closure:{closure:Illuminate\Pipeline\Pipeline::carry():194}:195}(Object(Illuminate\Http\Request))
#102 C:\laragon\www\CarRentSystem\vendor\laravel\framework\src\Illuminate\Pipeline\Pipeline.php(219): Filament\Http\Middleware\SetUpPanel-&gt;handle(Object(Illuminate\Http\Request), Object(Closure), Object(Filament\Panel))
#103 C:\laragon\www\CarRentSystem\vendor\laravel\framework\src\Illuminate\Pipeline\Pipeline.php(137): Illuminate\Pipeline\Pipeline-&gt;{closure:{closure:Illuminate\Pipeline\Pipeline::carry():194}:195}(Object(Illuminate\Http\Request))
#104 C:\laragon\www\CarRentSystem\vendor\laravel\framework\src\Illuminate\Routing\Router.php(821): Illuminate\Pipeline\Pipeline-&gt;then(Object(Closure))
#105 C:\laragon\www\CarRentSystem\vendor\laravel\framework\src\Illuminate\Routing\Router.php(800): Illuminate\Routing\Router-&gt;runRouteWithinStack(Object(Illuminate\Routing\Route), Object(Illuminate\Http\Request))
#106 C:\laragon\www\CarRentSystem\vendor\laravel\framework\src\Illuminate\Routing\Router.php(764): Illuminate\Routing\Router-&gt;runRoute(Object(Illuminate\Http\Request), Object(Illuminate\Routing\Route))
#107 C:\laragon\www\CarRentSystem\vendor\laravel\framework\src\Illuminate\Routing\Router.php(753): Illuminate\Routing\Router-&gt;dispatchToRoute(Object(Illuminate\Http\Request))
#108 C:\laragon\www\CarRentSystem\vendor\laravel\framework\src\Illuminate\Foundation\Http\Kernel.php(200): Illuminate\Routing\Router-&gt;dispatch(Object(Illuminate\Http\Request))
#109 C:\laragon\www\CarRentSystem\vendor\laravel\framework\src\Illuminate\Pipeline\Pipeline.php(180): Illuminate\Foundation\Http\Kernel-&gt;{closure:Illuminate\Foundation\Http\Kernel::dispatchToRouter():197}(Object(Illuminate\Http\Request))
#110 C:\laragon\www\CarRentSystem\vendor\livewire\livewire\src\Features\SupportDisablingBackButtonCache\DisableBackButtonCacheMiddleware.php(19): Illuminate\Pipeline\Pipeline-&gt;{closure:Illuminate\Pipeline\Pipeline::prepareDestination():178}(Object(Illuminate\Http\Request))
#111 C:\laragon\www\CarRentSystem\vendor\laravel\framework\src\Illuminate\Pipeline\Pipeline.php(219): Livewire\Features\SupportDisablingBackButtonCache\DisableBackButtonCacheMiddleware-&gt;handle(Object(Illuminate\Http\Request), Object(Closure))
#112 C:\laragon\www\CarRentSystem\vendor\laravel\framework\src\Illuminate\Foundation\Http\Middleware\TransformsRequest.php(21): Illuminate\Pipeline\Pipeline-&gt;{closure:{closure:Illuminate\Pipeline\Pipeline::carry():194}:195}(Object(Illuminate\Http\Request))
#113 C:\laragon\www\CarRentSystem\vendor\laravel\framework\src\Illuminate\Foundation\Http\Middleware\ConvertEmptyStringsToNull.php(31): Illuminate\Foundation\Http\Middleware\TransformsRequest-&gt;handle(Object(Illuminate\Http\Request), Object(Closure))
#114 C:\laragon\www\CarRentSystem\vendor\laravel\framework\src\Illuminate\Pipeline\Pipeline.php(219): Illuminate\Foundation\Http\Middleware\ConvertEmptyStringsToNull-&gt;handle(Object(Illuminate\Http\Request), Object(Closure))
#115 C:\laragon\www\CarRentSystem\vendor\laravel\framework\src\Illuminate\Foundation\Http\Middleware\TransformsRequest.php(21): Illuminate\Pipeline\Pipeline-&gt;{closure:{closure:Illuminate\Pipeline\Pipeline::carry():194}:195}(Object(Illuminate\Http\Request))
#116 C:\laragon\www\CarRentSystem\vendor\laravel\framework\src\Illuminate\Foundation\Http\Middleware\TrimStrings.php(51): Illuminate\Foundation\Http\Middleware\TransformsRequest-&gt;handle(Object(Illuminate\Http\Request), Object(Closure))
#117 C:\laragon\www\CarRentSystem\vendor\laravel\framework\src\Illuminate\Pipeline\Pipeline.php(219): Illuminate\Foundation\Http\Middleware\TrimStrings-&gt;handle(Object(Illuminate\Http\Request), Object(Closure))
#118 C:\laragon\www\CarRentSystem\vendor\laravel\framework\src\Illuminate\Http\Middleware\ValidatePostSize.php(27): Illuminate\Pipeline\Pipeline-&gt;{closure:{closure:Illuminate\Pipeline\Pipeline::carry():194}:195}(Object(Illuminate\Http\Request))
#119 C:\laragon\www\CarRentSystem\vendor\laravel\framework\src\Illuminate\Pipeline\Pipeline.php(219): Illuminate\Http\Middleware\ValidatePostSize-&gt;handle(Object(Illuminate\Http\Request), Object(Closure))
#120 C:\laragon\www\CarRentSystem\vendor\laravel\framework\src\Illuminate\Foundation\Http\Middleware\PreventRequestsDuringMaintenance.php(109): Illuminate\Pipeline\Pipeline-&gt;{closure:{closure:Illuminate\Pipeline\Pipeline::carry():194}:195}(Object(Illuminate\Http\Request))
#121 C:\laragon\www\CarRentSystem\vendor\laravel\framework\src\Illuminate\Pipeline\Pipeline.php(219): Illuminate\Foundation\Http\Middleware\PreventRequestsDuringMaintenance-&gt;handle(Object(Illuminate\Http\Request), Object(Closure))
#122 C:\laragon\www\CarRentSystem\vendor\laravel\framework\src\Illuminate\Http\Middleware\HandleCors.php(61): Illuminate\Pipeline\Pipeline-&gt;{closure:{closure:Illuminate\Pipeline\Pipeline::carry():194}:195}(Object(Illuminate\Http\Request))
#123 C:\laragon\www\CarRentSystem\vendor\laravel\framework\src\Illuminate\Pipeline\Pipeline.php(219): Illuminate\Http\Middleware\HandleCors-&gt;handle(Object(Illuminate\Http\Request), Object(Closure))
#124 C:\laragon\www\CarRentSystem\vendor\laravel\framework\src\Illuminate\Http\Middleware\TrustProxies.php(58): Illuminate\Pipeline\Pipeline-&gt;{closure:{closure:Illuminate\Pipeline\Pipeline::carry():194}:195}(Object(Illuminate\Http\Request))
#125 C:\laragon\www\CarRentSystem\vendor\laravel\framework\src\Illuminate\Pipeline\Pipeline.php(219): Illuminate\Http\Middleware\TrustProxies-&gt;handle(Object(Illuminate\Http\Request), Object(Closure))
#126 C:\laragon\www\CarRentSystem\vendor\laravel\framework\src\Illuminate\Foundation\Http\Middleware\InvokeDeferredCallbacks.php(22): Illuminate\Pipeline\Pipeline-&gt;{closure:{closure:Illuminate\Pipeline\Pipeline::carry():194}:195}(Object(Illuminate\Http\Request))
#127 C:\laragon\www\CarRentSystem\vendor\laravel\framework\src\Illuminate\Pipeline\Pipeline.php(219): Illuminate\Foundation\Http\Middleware\InvokeDeferredCallbacks-&gt;handle(Object(Illuminate\Http\Request), Object(Closure))
#128 C:\laragon\www\CarRentSystem\vendor\laravel\framework\src\Illuminate\Http\Middleware\ValidatePathEncoding.php(26): Illuminate\Pipeline\Pipeline-&gt;{closure:{closure:Illuminate\Pipeline\Pipeline::carry():194}:195}(Object(Illuminate\Http\Request))
#129 C:\laragon\www\CarRentSystem\vendor\laravel\framework\src\Illuminate\Pipeline\Pipeline.php(219): Illuminate\Http\Middleware\ValidatePathEncoding-&gt;handle(Object(Illuminate\Http\Request), Object(Closure))
#130 C:\laragon\www\CarRentSystem\vendor\laravel\framework\src\Illuminate\Pipeline\Pipeline.php(137): Illuminate\Pipeline\Pipeline-&gt;{closure:{closure:Illuminate\Pipeline\Pipeline::carry():194}:195}(Object(Illuminate\Http\Request))
#131 C:\laragon\www\CarRentSystem\vendor\laravel\framework\src\Illuminate\Foundation\Http\Kernel.php(175): Illuminate\Pipeline\Pipeline-&gt;then(Object(Closure))
#132 C:\laragon\www\CarRentSystem\vendor\laravel\framework\src\Illuminate\Foundation\Http\Kernel.php(144): Illuminate\Foundation\Http\Kernel-&gt;sendRequestThroughRouter(Object(Illuminate\Http\Request))
#133 C:\laragon\www\CarRentSystem\vendor\laravel\framework\src\Illuminate\Foundation\Testing\Concerns\MakesHttpRequests.php(607): Illuminate\Foundation\Http\Kernel-&gt;handle(Object(Illuminate\Http\Request))
#134 C:\laragon\www\CarRentSystem\vendor\laravel\framework\src\Illuminate\Foundation\Testing\Concerns\MakesHttpRequests.php(368): Illuminate\Foundation\Testing\TestCase-&gt;call('GET', '/admin/activity...', Array, Array, Array, Array)
#135 C:\laragon\www\CarRentSystem\tests\Feature\ActivityLogManagementTest.php(47): Illuminate\Foundation\Testing\TestCase-&gt;get('/admin/activity...')
#136 C:\laragon\www\CarRentSystem\vendor\pestphp\pest\src\Factories\TestCaseMethodFactory.php(168): P\Tests\Feature\ActivityLogManagementTest-&gt;{closure:{closure:{closure:C:\laragon\www\CarRentSystem\tests\Feature\ActivityLogManagementTest.php:13}:20}:42}()
#137 [internal function]: P\Tests\Feature\ActivityLogManagementTest-&gt;{closure:Pest\Factories\TestCaseMethodFactory::getClosure():158}()
#138 C:\laragon\www\CarRentSystem\vendor\pestphp\pest\src\Concerns\Testable.php(429): call_user_func_array(Object(Closure), Array)
#139 C:\laragon\www\CarRentSystem\vendor\pestphp\pest\src\Support\ExceptionTrace.php(26): P\Tests\Feature\ActivityLogManagementTest-&gt;{closure:Pest\Concerns\Testable::__callClosure():429}()
#140 C:\laragon\www\CarRentSystem\vendor\pestphp\pest\src\Concerns\Testable.php(429): Pest\Support\ExceptionTrace::ensure(Object(Closure))
#141 C:\laragon\www\CarRentSystem\vendor\pestphp\pest\src\Concerns\Testable.php(331): P\Tests\Feature\ActivityLogManagementTest-&gt;__callClosure(Object(Closure), Array)
#142 C:\laragon\www\CarRentSystem\vendor\pestphp\pest\src\Factories\TestCaseFactory.php(169) : eval()'d code(44): P\Tests\Feature\ActivityLogManagementTest-&gt;__runTest(Object(Closure))
#143 C:\laragon\www\CarRentSystem\vendor\phpunit\phpunit\src\Framework\TestCase.php(1316): P\Tests\Feature\ActivityLogManagementTest-&gt;__pest_evaluable__Activity_Log_Management__→__Activity_Log_Listing__→_it_filters_logs_by_user()
#144 C:\laragon\www\CarRentSystem\vendor\phpunit\phpunit\src\Framework\TestCase.php(516): PHPUnit\Framework\TestCase-&gt;runTest()
#145 C:\laragon\www\CarRentSystem\vendor\phpunit\phpunit\src\Framework\TestRunner\TestRunner.php(99): PHPUnit\Framework\TestCase-&gt;runBare()
#146 C:\laragon\www\CarRentSystem\vendor\phpunit\phpunit\src\Framework\TestCase.php(357): PHPUnit\Framework\TestRunner-&gt;run(Object(P\Tests\Feature\ActivityLogManagementTest))
#147 C:\laragon\www\CarRentSystem\vendor\phpunit\phpunit\src\Framework\TestSuite.php(374): PHPUnit\Framework\TestCase-&gt;run()
#148 C:\laragon\www\CarRentSystem\vendor\phpunit\phpunit\src\Framework\TestSuite.php(374): PHPUnit\Framework\TestSuite-&gt;run()
#149 C:\laragon\www\CarRentSystem\vendor\phpunit\phpunit\src\Framework\TestSuite.php(374): PHPUnit\Framework\TestSuite-&gt;run()
#150 C:\laragon\www\CarRentSystem\vendor\phpunit\phpunit\src\TextUI\TestRunner.php(64): PHPUnit\Framework\TestSuite-&gt;run()
#151 C:\laragon\www\CarRentSystem\vendor\phpunit\phpunit\src\TextUI\Application.php(229): PHPUnit\TextUI\TestRunner-&gt;run(Object(PHPUnit\TextUI\Configuration\Configuration), Object(PHPUnit\Runner\ResultCache\DefaultResultCache), Object(PHPUnit\Framework\TestSuite))
#152 C:\laragon\www\CarRentSystem\vendor\pestphp\pest\src\Kernel.php(103): PHPUnit\TextUI\Application-&gt;run(Array)
#153 C:\laragon\www\CarRentSystem\vendor\pestphp\pest\bin\pest(184): Pest\Kernel-&gt;handle(Array, Array)
#154 C:\laragon\www\CarRentSystem\vendor\pestphp\pest\bin\pest(192): {closure:C:\laragon\www\CarRentSystem\vendor\pestphp\pest\bin\pest:18}()
#155 C:\laragon\www\CarRentSystem\vendor\bin\pest(119): include('C:\\laragon\\www\\...')
#156 {main}

Next Illuminate\Database\QueryException: SQLSTATE[HY000]: General error: 1 no such column: activity_log.name (Connection: sqlite, SQL: select "activity_log"."name", "" from "activity_log" order by "activity_log"."name" asc limit 50) in C:\laragon\www\CarRentSystem\vendor\laravel\framework\src\Illuminate\Database\Connection.php:824
Stack trace:
#0 C:\laragon\www\CarRentSystem\vendor\laravel\framework\src\Illuminate\Database\Connection.php(778): Illuminate\Database\Connection-&gt;runQueryCallback('select "activit...', Array, Object(Closure))
#1 C:\laragon\www\CarRentSystem\vendor\laravel\framework\src\Illuminate\Database\Connection.php(397): Illuminate\Database\Connection-&gt;run('select "activit...', Array, Object(Closure))
#2 C:\laragon\www\CarRentSystem\vendor\laravel\framework\src\Illuminate\Database\Query\Builder.php(3188): Illuminate\Database\Connection-&gt;select('select "activit...', Array, true)
#3 C:\laragon\www\CarRentSystem\vendor\laravel\framework\src\Illuminate\Database\Query\Builder.php(3446): Illuminate\Database\Query\Builder-&gt;runSelect()
#4 C:\laragon\www\CarRentSystem\vendor\laravel\framework\src\Illuminate\Database\Query\Builder.php(3763): Illuminate\Database\Query\Builder-&gt;{closure:Illuminate\Database\Query\Builder::pluck():3444}()
#5 C:\laragon\www\CarRentSystem\vendor\laravel\framework\src\Illuminate\Database\Query\Builder.php(3442): Illuminate\Database\Query\Builder-&gt;onceWithColumns(Array, Object(Closure))
#6 C:\laragon\www\CarRentSystem\vendor\laravel\framework\src\Illuminate\Database\Eloquent\Builder.php(1082): Illuminate\Database\Query\Builder-&gt;pluck('activity_log.na...', '')
#7 C:\laragon\www\CarRentSystem\vendor\filament\tables\src\Filters\SelectFilter.php(454): Illuminate\Database\Eloquent\Builder-&gt;pluck('activity_log.na...', '')
#8 C:\laragon\www\CarRentSystem\vendor\filament\support\src\Concerns\EvaluatesClosures.php(36): Filament\Tables\Filters\SelectFilter-&gt;{closure:Filament\Tables\Filters\SelectFilter::getFormField():391}(Object(Filament\Forms\Components\Select))
#9 C:\laragon\www\CarRentSystem\vendor\filament\forms\src\Components\Concerns\HasOptions.php(36): Filament\Support\Components\Component-&gt;evaluate(Object(Closure))
#10 C:\laragon\www\CarRentSystem\vendor\filament\forms\src\Components\Select.php(708): Filament\Forms\Components\Select-&gt;getOptions()
#11 C:\laragon\www\CarRentSystem\storage\framework\views\785d21797565f791af709268f8dfbe8e.php(182): Filament\Forms\Components\Select-&gt;getOptionsForJs()
#12 C:\laragon\www\CarRentSystem\vendor\livewire\livewire\src\Mechanisms\ExtendBlade\ExtendedCompilerEngine.php(37): include('C:\\laragon\\www\\...')
#13 C:\laragon\www\CarRentSystem\vendor\livewire\livewire\src\Mechanisms\ExtendBlade\ExtendedCompilerEngine.php(38): App\Filament\Resources\ActivityLogResource\Pages\ListActivityLogs-&gt;{closure:Livewire\Mechanisms\ExtendBlade\ExtendedCompilerEngine::evaluatePath():35}()
#14 C:\laragon\www\CarRentSystem\vendor\laravel\framework\src\Illuminate\View\Engines\CompilerEngine.php(76): Livewire\Mechanisms\ExtendBlade\ExtendedCompilerEngine-&gt;evaluatePath('C:\\laragon\\www\\...', Array)
#15 C:\laragon\www\CarRentSystem\vendor\livewire\livewire\src\Mechanisms\ExtendBlade\ExtendedCompilerEngine.php(16): Illuminate\View\Engines\CompilerEngine-&gt;get('C:\\laragon\\www\\...', Array)
#16 C:\laragon\www\CarRentSystem\vendor\laravel\framework\src\Illuminate\View\View.php(208): Livewire\Mechanisms\ExtendBlade\ExtendedCompilerEngine-&gt;get('C:\\laragon\\www\\...', Array)
#17 C:\laragon\www\CarRentSystem\vendor\laravel\framework\src\Illuminate\View\View.php(191): Illuminate\View\View-&gt;getContents()
#18 C:\laragon\www\CarRentSystem\vendor\laravel\framework\src\Illuminate\View\View.php(160): Illuminate\View\View-&gt;renderContents()
#19 C:\laragon\www\CarRentSystem\vendor\filament\support\src\Components\ViewComponent.php(125): Illuminate\View\View-&gt;render()
#20 C:\laragon\www\CarRentSystem\vendor\filament\schemas\src\Components\Component.php(221): Filament\Support\Components\ViewComponent-&gt;toHtml()
#21 C:\laragon\www\CarRentSystem\vendor\filament\schemas\src\Schema.php(205): Filament\Schemas\Components\Component-&gt;toSchemaHtml(true)
#22 C:\laragon\www\CarRentSystem\vendor\filament\support\src\Components\ViewComponent.php(122): Filament\Schemas\Schema-&gt;toEmbeddedHtml()
#23 C:\laragon\www\CarRentSystem\vendor\laravel\framework\src\Illuminate\Support\helpers.php(130): Filament\Support\Components\ViewComponent-&gt;toHtml()
#24 C:\laragon\www\CarRentSystem\storage\framework\views\5110ca74321f0dcab372f3d94aa125c2.php(9): e(Object(Filament\Schemas\Schema))
#25 C:\laragon\www\CarRentSystem\vendor\livewire\livewire\src\Mechanisms\ExtendBlade\ExtendedCompilerEngine.php(37): include('C:\\laragon\\www\\...')
#26 C:\laragon\www\CarRentSystem\vendor\livewire\livewire\src\Mechanisms\ExtendBlade\ExtendedCompilerEngine.php(38): App\Filament\Resources\ActivityLogResource\Pages\ListActivityLogs-&gt;{closure:Livewire\Mechanisms\ExtendBlade\ExtendedCompilerEngine::evaluatePath():35}()
#27 C:\laragon\www\CarRentSystem\vendor\laravel\framework\src\Illuminate\View\Engines\CompilerEngine.php(76): Livewire\Mechanisms\ExtendBlade\ExtendedCompilerEngine-&gt;evaluatePath('C:\\laragon\\www\\...', Array)
#28 C:\laragon\www\CarRentSystem\vendor\livewire\livewire\src\Mechanisms\ExtendBlade\ExtendedCompilerEngine.php(16): Illuminate\View\Engines\CompilerEngine-&gt;get('C:\\laragon\\www\\...', Array)
#29 C:\laragon\www\CarRentSystem\vendor\laravel\framework\src\Illuminate\View\View.php(208): Livewire\Mechanisms\ExtendBlade\ExtendedCompilerEngine-&gt;get('C:\\laragon\\www\\...', Array)
#30 C:\laragon\www\CarRentSystem\vendor\laravel\framework\src\Illuminate\View\View.php(191): Illuminate\View\View-&gt;getContents()
#31 C:\laragon\www\CarRentSystem\vendor\laravel\framework\src\Illuminate\View\View.php(160): Illuminate\View\View-&gt;renderContents()
#32 C:\laragon\www\CarRentSystem\vendor\filament\support\src\Components\ViewComponent.php(125): Illuminate\View\View-&gt;render()
#33 C:\laragon\www\CarRentSystem\vendor\filament\schemas\src\Components\Component.php(221): Filament\Support\Components\ViewComponent-&gt;toHtml()
#34 C:\laragon\www\CarRentSystem\vendor\filament\schemas\src\Schema.php(205): Filament\Schemas\Components\Component-&gt;toSchemaHtml(true)
#35 C:\laragon\www\CarRentSystem\vendor\filament\support\src\Components\ViewComponent.php(122): Filament\Schemas\Schema-&gt;toEmbeddedHtml()
#36 C:\laragon\www\CarRentSystem\vendor\laravel\framework\src\Illuminate\Support\helpers.php(130): Filament\Support\Components\ViewComponent-&gt;toHtml()
#37 C:\laragon\www\CarRentSystem\storage\framework\views\1a3d3d822b7060b360e0a4f4cc781bd5.php(92): e(Object(Filament\Schemas\Schema))
#38 C:\laragon\www\CarRentSystem\vendor\livewire\livewire\src\Mechanisms\ExtendBlade\ExtendedCompilerEngine.php(37): include('C:\\laragon\\www\\...')
#39 C:\laragon\www\CarRentSystem\vendor\livewire\livewire\src\Mechanisms\ExtendBlade\ExtendedCompilerEngine.php(38): App\Filament\Resources\ActivityLogResource\Pages\ListActivityLogs-&gt;{closure:Livewire\Mechanisms\ExtendBlade\ExtendedCompilerEngine::evaluatePath():35}()
#40 C:\laragon\www\CarRentSystem\vendor\laravel\framework\src\Illuminate\View\Engines\CompilerEngine.php(76): Livewire\Mechanisms\ExtendBlade\ExtendedCompilerEngine-&gt;evaluatePath('C:\\laragon\\www\\...', Array)
#41 C:\laragon\www\CarRentSystem\vendor\livewire\livewire\src\Mechanisms\ExtendBlade\ExtendedCompilerEngine.php(16): Illuminate\View\Engines\CompilerEngine-&gt;get('C:\\laragon\\www\\...', Array)
#42 C:\laragon\www\CarRentSystem\vendor\laravel\framework\src\Illuminate\View\View.php(208): Livewire\Mechanisms\ExtendBlade\ExtendedCompilerEngine-&gt;get('C:\\laragon\\www\\...', Array)
#43 C:\laragon\www\CarRentSystem\vendor\laravel\framework\src\Illuminate\View\View.php(191): Illuminate\View\View-&gt;getContents()
#44 C:\laragon\www\CarRentSystem\vendor\laravel\framework\src\Illuminate\View\View.php(160): Illuminate\View\View-&gt;renderContents()
#45 C:\laragon\www\CarRentSystem\vendor\laravel\framework\src\Illuminate\View\Concerns\ManagesComponents.php(103): Illuminate\View\View-&gt;render()
#46 C:\laragon\www\CarRentSystem\storage\framework\views\63d0da9e86cc349a52193e89442d61e4.php(727): Illuminate\View\Factory-&gt;renderComponent()
#47 C:\laragon\www\CarRentSystem\vendor\livewire\livewire\src\Mechanisms\ExtendBlade\ExtendedCompilerEngine.php(37): include('C:\\laragon\\www\\...')
#48 C:\laragon\www\CarRentSystem\vendor\livewire\livewire\src\Mechanisms\ExtendBlade\ExtendedCompilerEngine.php(38): App\Filament\Resources\ActivityLogResource\Pages\ListActivityLogs-&gt;{closure:Livewire\Mechanisms\ExtendBlade\ExtendedCompilerEngine::evaluatePath():35}()
#49 C:\laragon\www\CarRentSystem\vendor\laravel\framework\src\Illuminate\View\Engines\CompilerEngine.php(76): Livewire\Mechanisms\ExtendBlade\ExtendedCompilerEngine-&gt;evaluatePath('C:\\laragon\\www\\...', Array)
#50 C:\laragon\www\CarRentSystem\vendor\livewire\livewire\src\Mechanisms\ExtendBlade\ExtendedCompilerEngine.php(16): Illuminate\View\Engines\CompilerEngine-&gt;get('C:\\laragon\\www\\...', Array)
#51 C:\laragon\www\CarRentSystem\vendor\laravel\framework\src\Illuminate\View\View.php(208): Livewire\Mechanisms\ExtendBlade\ExtendedCompilerEngine-&gt;get('C:\\laragon\\www\\...', Array)
#52 C:\laragon\www\CarRentSystem\vendor\laravel\framework\src\Illuminate\View\View.php(191): Illuminate\View\View-&gt;getContents()
#53 C:\laragon\www\CarRentSystem\vendor\laravel\framework\src\Illuminate\View\View.php(160): Illuminate\View\View-&gt;renderContents()
#54 C:\laragon\www\CarRentSystem\vendor\filament\support\src\Components\ViewComponent.php(125): Illuminate\View\View-&gt;render()
#55 C:\laragon\www\CarRentSystem\vendor\filament\schemas\src\Components\Component.php(221): Filament\Support\Components\ViewComponent-&gt;toHtml()
#56 C:\laragon\www\CarRentSystem\vendor\filament\schemas\src\Schema.php(205): Filament\Schemas\Components\Component-&gt;toSchemaHtml(true)
#57 C:\laragon\www\CarRentSystem\vendor\filament\support\src\Components\ViewComponent.php(122): Filament\Schemas\Schema-&gt;toEmbeddedHtml()
#58 C:\laragon\www\CarRentSystem\vendor\laravel\framework\src\Illuminate\Support\helpers.php(130): Filament\Support\Components\ViewComponent-&gt;toHtml()
#59 C:\laragon\www\CarRentSystem\storage\framework\views\440b755faea75388110fdd3acae41dc5.php(11): e(Object(Filament\Schemas\Schema))
#60 C:\laragon\www\CarRentSystem\vendor\livewire\livewire\src\Mechanisms\ExtendBlade\ExtendedCompilerEngine.php(37): include('C:\\laragon\\www\\...')
#61 C:\laragon\www\CarRentSystem\vendor\livewire\livewire\src\Mechanisms\ExtendBlade\ExtendedCompilerEngine.php(38): App\Filament\Resources\ActivityLogResource\Pages\ListActivityLogs-&gt;{closure:Livewire\Mechanisms\ExtendBlade\ExtendedCompilerEngine::evaluatePath():35}()
#62 C:\laragon\www\CarRentSystem\vendor\laravel\framework\src\Illuminate\View\Engines\CompilerEngine.php(76): Livewire\Mechanisms\ExtendBlade\ExtendedCompilerEngine-&gt;evaluatePath('C:\\laragon\\www\\...', Array)
#63 C:\laragon\www\CarRentSystem\vendor\livewire\livewire\src\Mechanisms\ExtendBlade\ExtendedCompilerEngine.php(16): Illuminate\View\Engines\CompilerEngine-&gt;get('C:\\laragon\\www\\...', Array)
#64 C:\laragon\www\CarRentSystem\vendor\laravel\framework\src\Illuminate\View\View.php(208): Livewire\Mechanisms\ExtendBlade\ExtendedCompilerEngine-&gt;get('C:\\laragon\\www\\...', Array)
#65 C:\laragon\www\CarRentSystem\vendor\laravel\framework\src\Illuminate\View\View.php(191): Illuminate\View\View-&gt;getContents()
#66 C:\laragon\www\CarRentSystem\vendor\laravel\framework\src\Illuminate\View\View.php(160): Illuminate\View\View-&gt;renderContents()
#67 C:\laragon\www\CarRentSystem\vendor\livewire\livewire\src\Mechanisms\HandleComponents\HandleComponents.php(259): Illuminate\View\View-&gt;render(Object(Closure))
#68 C:\laragon\www\CarRentSystem\vendor\livewire\livewire\src\Mechanisms\HandleComponents\HandleComponents.php(303): Livewire\Mechanisms\HandleComponents\HandleComponents-&gt;{closure:Livewire\Mechanisms\HandleComponents\HandleComponents::render():251}()
#69 C:\laragon\www\CarRentSystem\vendor\livewire\livewire\src\Mechanisms\HandleComponents\HandleComponents.php(251): Livewire\Mechanisms\HandleComponents\HandleComponents-&gt;trackInRenderStack(Object(App\Filament\Resources\ActivityLogResource\Pages\ListActivityLogs), Object(Closure))
#70 C:\laragon\www\CarRentSystem\vendor\livewire\livewire\src\Mechanisms\HandleComponents\HandleComponents.php(54): Livewire\Mechanisms\HandleComponents\HandleComponents-&gt;render(Object(App\Filament\Resources\ActivityLogResource\Pages\ListActivityLogs), '&lt;div&gt;&lt;/div&gt;')
#71 C:\laragon\www\CarRentSystem\vendor\livewire\livewire\src\LivewireManager.php(73): Livewire\Mechanisms\HandleComponents\HandleComponents-&gt;mount('App\\Filament\\Re...', Array, NULL)
#72 C:\laragon\www\CarRentSystem\vendor\livewire\livewire\src\Features\SupportPageComponents\HandlesPageComponents.php(17): Livewire\LivewireManager-&gt;mount('App\\Filament\\Re...', Array)
#73 C:\laragon\www\CarRentSystem\vendor\livewire\livewire\src\Features\SupportPageComponents\SupportPageComponents.php(117): Livewire\Component-&gt;{closure:Livewire\Features\SupportPageComponents\HandlesPageComponents::__invoke():14}()
#74 C:\laragon\www\CarRentSystem\vendor\livewire\livewire\src\Features\SupportPageComponents\HandlesPageComponents.php(14): Livewire\Features\SupportPageComponents\SupportPageComponents::interceptTheRenderOfTheComponentAndRetreiveTheLayoutConfiguration(Object(Closure))
#75 C:\laragon\www\CarRentSystem\vendor\laravel\framework\src\Illuminate\Routing\ControllerDispatcher.php(46): Livewire\Component-&gt;__invoke()
#76 C:\laragon\www\CarRentSystem\vendor\laravel\framework\src\Illuminate\Routing\Route.php(265): Illuminate\Routing\ControllerDispatcher-&gt;dispatch(Object(Illuminate\Routing\Route), Object(App\Filament\Resources\ActivityLogResource\Pages\ListActivityLogs), '__invoke')
#77 C:\laragon\www\CarRentSystem\vendor\laravel\framework\src\Illuminate\Routing\Route.php(211): Illuminate\Routing\Route-&gt;runController()
#78 C:\laragon\www\CarRentSystem\vendor\laravel\framework\src\Illuminate\Routing\Router.php(822): Illuminate\Routing\Route-&gt;run()
#79 C:\laragon\www\CarRentSystem\vendor\laravel\framework\src\Illuminate\Pipeline\Pipeline.php(180): Illuminate\Routing\Router-&gt;{closure:Illuminate\Routing\Router::runRouteWithinStack():821}(Object(Illuminate\Http\Request))
#80 C:\laragon\www\CarRentSystem\vendor\filament\filament\src\Http\Middleware\DispatchServingFilamentEvent.php(15): Illuminate\Pipeline\Pipeline-&gt;{closure:Illuminate\Pipeline\Pipeline::prepareDestination():178}(Object(Illuminate\Http\Request))
#81 C:\laragon\www\CarRentSystem\vendor\laravel\framework\src\Illuminate\Pipeline\Pipeline.php(219): Filament\Http\Middleware\DispatchServingFilamentEvent-&gt;handle(Object(Illuminate\Http\Request), Object(Closure))
#82 C:\laragon\www\CarRentSystem\vendor\filament\filament\src\Http\Middleware\DisableBladeIconComponents.php(14): Illuminate\Pipeline\Pipeline-&gt;{closure:{closure:Illuminate\Pipeline\Pipeline::carry():194}:195}(Object(Illuminate\Http\Request))
#83 C:\laragon\www\CarRentSystem\vendor\laravel\framework\src\Illuminate\Pipeline\Pipeline.php(219): Filament\Http\Middleware\DisableBladeIconComponents-&gt;handle(Object(Illuminate\Http\Request), Object(Closure))
#84 C:\laragon\www\CarRentSystem\app\Http\Middleware\LocalizationMiddleware.php(41): Illuminate\Pipeline\Pipeline-&gt;{closure:{closure:Illuminate\Pipeline\Pipeline::carry():194}:195}(Object(Illuminate\Http\Request))
#85 C:\laragon\www\CarRentSystem\vendor\laravel\framework\src\Illuminate\Pipeline\Pipeline.php(219): App\Http\Middleware\LocalizationMiddleware-&gt;handle(Object(Illuminate\Http\Request), Object(Closure))
#86 C:\laragon\www\CarRentSystem\vendor\laravel\framework\src\Illuminate\Routing\Middleware\SubstituteBindings.php(50): Illuminate\Pipeline\Pipeline-&gt;{closure:{closure:Illuminate\Pipeline\Pipeline::carry():194}:195}(Object(Illuminate\Http\Request))
#87 C:\laragon\www\CarRentSystem\vendor\laravel\framework\src\Illuminate\Pipeline\Pipeline.php(219): Illuminate\Routing\Middleware\SubstituteBindings-&gt;handle(Object(Illuminate\Http\Request), Object(Closure))
#88 C:\laragon\www\CarRentSystem\vendor\laravel\framework\src\Illuminate\Auth\Middleware\Authenticate.php(63): Illuminate\Pipeline\Pipeline-&gt;{closure:{closure:Illuminate\Pipeline\Pipeline::carry():194}:195}(Object(Illuminate\Http\Request))
#89 C:\laragon\www\CarRentSystem\vendor\laravel\framework\src\Illuminate\Pipeline\Pipeline.php(219): Illuminate\Auth\Middleware\Authenticate-&gt;handle(Object(Illuminate\Http\Request), Object(Closure))
#90 C:\laragon\www\CarRentSystem\vendor\laravel\framework\src\Illuminate\View\Middleware\ShareErrorsFromSession.php(48): Illuminate\Pipeline\Pipeline-&gt;{closure:{closure:Illuminate\Pipeline\Pipeline::carry():194}:195}(Object(Illuminate\Http\Request))
#91 C:\laragon\www\CarRentSystem\vendor\laravel\framework\src\Illuminate\Pipeline\Pipeline.php(219): Illuminate\View\Middleware\ShareErrorsFromSession-&gt;handle(Object(Illuminate\Http\Request), Object(Closure))
#92 C:\laragon\www\CarRentSystem\vendor\laravel\framework\src\Illuminate\Session\Middleware\StartSession.php(120): Illuminate\Pipeline\Pipeline-&gt;{closure:{closure:Illuminate\Pipeline\Pipeline::carry():194}:195}(Object(Illuminate\Http\Request))
#93 C:\laragon\www\CarRentSystem\vendor\laravel\framework\src\Illuminate\Session\Middleware\StartSession.php(63): Illuminate\Session\Middleware\StartSession-&gt;handleStatefulRequest(Object(Illuminate\Http\Request), Object(Illuminate\Session\Store), Object(Closure))
#94 C:\laragon\www\CarRentSystem\vendor\laravel\framework\src\Illuminate\Pipeline\Pipeline.php(219): Illuminate\Session\Middleware\StartSession-&gt;handle(Object(Illuminate\Http\Request), Object(Closure))
#95 C:\laragon\www\CarRentSystem\vendor\laravel\framework\src\Illuminate\Cookie\Middleware\AddQueuedCookiesToResponse.php(36): Illuminate\Pipeline\Pipeline-&gt;{closure:{closure:Illuminate\Pipeline\Pipeline::carry():194}:195}(Object(Illuminate\Http\Request))
#96 C:\laragon\www\CarRentSystem\vendor\laravel\framework\src\Illuminate\Pipeline\Pipeline.php(219): Illuminate\Cookie\Middleware\AddQueuedCookiesToResponse-&gt;handle(Object(Illuminate\Http\Request), Object(Closure))
#97 C:\laragon\www\CarRentSystem\vendor\laravel\framework\src\Illuminate\Cookie\Middleware\EncryptCookies.php(74): Illuminate\Pipeline\Pipeline-&gt;{closure:{closure:Illuminate\Pipeline\Pipeline::carry():194}:195}(Object(Illuminate\Http\Request))
#98 C:\laragon\www\CarRentSystem\vendor\laravel\framework\src\Illuminate\Pipeline\Pipeline.php(219): Illuminate\Cookie\Middleware\EncryptCookies-&gt;handle(Object(Illuminate\Http\Request), Object(Closure))
#99 C:\laragon\www\CarRentSystem\vendor\filament\filament\src\Http\Middleware\SetUpPanel.php(19): Illuminate\Pipeline\Pipeline-&gt;{closure:{closure:Illuminate\Pipeline\Pipeline::carry():194}:195}(Object(Illuminate\Http\Request))
#100 C:\laragon\www\CarRentSystem\vendor\laravel\framework\src\Illuminate\Pipeline\Pipeline.php(219): Filament\Http\Middleware\SetUpPanel-&gt;handle(Object(Illuminate\Http\Request), Object(Closure), Object(Filament\Panel))
#101 C:\laragon\www\CarRentSystem\vendor\laravel\framework\src\Illuminate\Pipeline\Pipeline.php(137): Illuminate\Pipeline\Pipeline-&gt;{closure:{closure:Illuminate\Pipeline\Pipeline::carry():194}:195}(Object(Illuminate\Http\Request))
#102 C:\laragon\www\CarRentSystem\vendor\laravel\framework\src\Illuminate\Routing\Router.php(821): Illuminate\Pipeline\Pipeline-&gt;then(Object(Closure))
#103 C:\laragon\www\CarRentSystem\vendor\laravel\framework\src\Illuminate\Routing\Router.php(800): Illuminate\Routing\Router-&gt;runRouteWithinStack(Object(Illuminate\Routing\Route), Object(Illuminate\Http\Request))
#104 C:\laragon\www\CarRentSystem\vendor\laravel\framework\src\Illuminate\Routing\Router.php(764): Illuminate\Routing\Router-&gt;runRoute(Object(Illuminate\Http\Request), Object(Illuminate\Routing\Route))
#105 C:\laragon\www\CarRentSystem\vendor\laravel\framework\src\Illuminate\Routing\Router.php(753): Illuminate\Routing\Router-&gt;dispatchToRoute(Object(Illuminate\Http\Request))
#106 C:\laragon\www\CarRentSystem\vendor\laravel\framework\src\Illuminate\Foundation\Http\Kernel.php(200): Illuminate\Routing\Router-&gt;dispatch(Object(Illuminate\Http\Request))
#107 C:\laragon\www\CarRentSystem\vendor\laravel\framework\src\Illuminate\Pipeline\Pipeline.php(180): Illuminate\Foundation\Http\Kernel-&gt;{closure:Illuminate\Foundation\Http\Kernel::dispatchToRouter():197}(Object(Illuminate\Http\Request))
#108 C:\laragon\www\CarRentSystem\vendor\livewire\livewire\src\Features\SupportDisablingBackButtonCache\DisableBackButtonCacheMiddleware.php(19): Illuminate\Pipeline\Pipeline-&gt;{closure:Illuminate\Pipeline\Pipeline::prepareDestination():178}(Object(Illuminate\Http\Request))
#109 C:\laragon\www\CarRentSystem\vendor\laravel\framework\src\Illuminate\Pipeline\Pipeline.php(219): Livewire\Features\SupportDisablingBackButtonCache\DisableBackButtonCacheMiddleware-&gt;handle(Object(Illuminate\Http\Request), Object(Closure))
#110 C:\laragon\www\CarRentSystem\vendor\laravel\framework\src\Illuminate\Foundation\Http\Middleware\TransformsRequest.php(21): Illuminate\Pipeline\Pipeline-&gt;{closure:{closure:Illuminate\Pipeline\Pipeline::carry():194}:195}(Object(Illuminate\Http\Request))
#111 C:\laragon\www\CarRentSystem\vendor\laravel\framework\src\Illuminate\Foundation\Http\Middleware\ConvertEmptyStringsToNull.php(31): Illuminate\Foundation\Http\Middleware\TransformsRequest-&gt;handle(Object(Illuminate\Http\Request), Object(Closure))
#112 C:\laragon\www\CarRentSystem\vendor\laravel\framework\src\Illuminate\Pipeline\Pipeline.php(219): Illuminate\Foundation\Http\Middleware\ConvertEmptyStringsToNull-&gt;handle(Object(Illuminate\Http\Request), Object(Closure))
#113 C:\laragon\www\CarRentSystem\vendor\laravel\framework\src\Illuminate\Foundation\Http\Middleware\TransformsRequest.php(21): Illuminate\Pipeline\Pipeline-&gt;{closure:{closure:Illuminate\Pipeline\Pipeline::carry():194}:195}(Object(Illuminate\Http\Request))
#114 C:\laragon\www\CarRentSystem\vendor\laravel\framework\src\Illuminate\Foundation\Http\Middleware\TrimStrings.php(51): Illuminate\Foundation\Http\Middleware\TransformsRequest-&gt;handle(Object(Illuminate\Http\Request), Object(Closure))
#115 C:\laragon\www\CarRentSystem\vendor\laravel\framework\src\Illuminate\Pipeline\Pipeline.php(219): Illuminate\Foundation\Http\Middleware\TrimStrings-&gt;handle(Object(Illuminate\Http\Request), Object(Closure))
#116 C:\laragon\www\CarRentSystem\vendor\laravel\framework\src\Illuminate\Http\Middleware\ValidatePostSize.php(27): Illuminate\Pipeline\Pipeline-&gt;{closure:{closure:Illuminate\Pipeline\Pipeline::carry():194}:195}(Object(Illuminate\Http\Request))
#117 C:\laragon\www\CarRentSystem\vendor\laravel\framework\src\Illuminate\Pipeline\Pipeline.php(219): Illuminate\Http\Middleware\ValidatePostSize-&gt;handle(Object(Illuminate\Http\Request), Object(Closure))
#118 C:\laragon\www\CarRentSystem\vendor\laravel\framework\src\Illuminate\Foundation\Http\Middleware\PreventRequestsDuringMaintenance.php(109): Illuminate\Pipeline\Pipeline-&gt;{closure:{closure:Illuminate\Pipeline\Pipeline::carry():194}:195}(Object(Illuminate\Http\Request))
#119 C:\laragon\www\CarRentSystem\vendor\laravel\framework\src\Illuminate\Pipeline\Pipeline.php(219): Illuminate\Foundation\Http\Middleware\PreventRequestsDuringMaintenance-&gt;handle(Object(Illuminate\Http\Request), Object(Closure))
#120 C:\laragon\www\CarRentSystem\vendor\laravel\framework\src\Illuminate\Http\Middleware\HandleCors.php(61): Illuminate\Pipeline\Pipeline-&gt;{closure:{closure:Illuminate\Pipeline\Pipeline::carry():194}:195}(Object(Illuminate\Http\Request))
#121 C:\laragon\www\CarRentSystem\vendor\laravel\framework\src\Illuminate\Pipeline\Pipeline.php(219): Illuminate\Http\Middleware\HandleCors-&gt;handle(Object(Illuminate\Http\Request), Object(Closure))
#122 C:\laragon\www\CarRentSystem\vendor\laravel\framework\src\Illuminate\Http\Middleware\TrustProxies.php(58): Illuminate\Pipeline\Pipeline-&gt;{closure:{closure:Illuminate\Pipeline\Pipeline::carry():194}:195}(Object(Illuminate\Http\Request))
#123 C:\laragon\www\CarRentSystem\vendor\laravel\framework\src\Illuminate\Pipeline\Pipeline.php(219): Illuminate\Http\Middleware\TrustProxies-&gt;handle(Object(Illuminate\Http\Request), Object(Closure))
#124 C:\laragon\www\CarRentSystem\vendor\laravel\framework\src\Illuminate\Foundation\Http\Middleware\InvokeDeferredCallbacks.php(22): Illuminate\Pipeline\Pipeline-&gt;{closure:{closure:Illuminate\Pipeline\Pipeline::carry():194}:195}(Object(Illuminate\Http\Request))
#125 C:\laragon\www\CarRentSystem\vendor\laravel\framework\src\Illuminate\Pipeline\Pipeline.php(219): Illuminate\Foundation\Http\Middleware\InvokeDeferredCallbacks-&gt;handle(Object(Illuminate\Http\Request), Object(Closure))
#126 C:\laragon\www\CarRentSystem\vendor\laravel\framework\src\Illuminate\Http\Middleware\ValidatePathEncoding.php(26): Illuminate\Pipeline\Pipeline-&gt;{closure:{closure:Illuminate\Pipeline\Pipeline::carry():194}:195}(Object(Illuminate\Http\Request))
#127 C:\laragon\www\CarRentSystem\vendor\laravel\framework\src\Illuminate\Pipeline\Pipeline.php(219): Illuminate\Http\Middleware\ValidatePathEncoding-&gt;handle(Object(Illuminate\Http\Request), Object(Closure))
#128 C:\laragon\www\CarRentSystem\vendor\laravel\framework\src\Illuminate\Pipeline\Pipeline.php(137): Illuminate\Pipeline\Pipeline-&gt;{closure:{closure:Illuminate\Pipeline\Pipeline::carry():194}:195}(Object(Illuminate\Http\Request))
#129 C:\laragon\www\CarRentSystem\vendor\laravel\framework\src\Illuminate\Foundation\Http\Kernel.php(175): Illuminate\Pipeline\Pipeline-&gt;then(Object(Closure))
#130 C:\laragon\www\CarRentSystem\vendor\laravel\framework\src\Illuminate\Foundation\Http\Kernel.php(144): Illuminate\Foundation\Http\Kernel-&gt;sendRequestThroughRouter(Object(Illuminate\Http\Request))
#131 C:\laragon\www\CarRentSystem\vendor\laravel\framework\src\Illuminate\Foundation\Testing\Concerns\MakesHttpRequests.php(607): Illuminate\Foundation\Http\Kernel-&gt;handle(Object(Illuminate\Http\Request))
#132 C:\laragon\www\CarRentSystem\vendor\laravel\framework\src\Illuminate\Foundation\Testing\Concerns\MakesHttpRequests.php(368): Illuminate\Foundation\Testing\TestCase-&gt;call('GET', '/admin/activity...', Array, Array, Array, Array)
#133 C:\laragon\www\CarRentSystem\tests\Feature\ActivityLogManagementTest.php(47): Illuminate\Foundation\Testing\TestCase-&gt;get('/admin/activity...')
#134 C:\laragon\www\CarRentSystem\vendor\pestphp\pest\src\Factories\TestCaseMethodFactory.php(168): P\Tests\Feature\ActivityLogManagementTest-&gt;{closure:{closure:{closure:C:\laragon\www\CarRentSystem\tests\Feature\ActivityLogManagementTest.php:13}:20}:42}()
#135 [internal function]: P\Tests\Feature\ActivityLogManagementTest-&gt;{closure:Pest\Factories\TestCaseMethodFactory::getClosure():158}()
#136 C:\laragon\www\CarRentSystem\vendor\pestphp\pest\src\Concerns\Testable.php(429): call_user_func_array(Object(Closure), Array)
#137 C:\laragon\www\CarRentSystem\vendor\pestphp\pest\src\Support\ExceptionTrace.php(26): P\Tests\Feature\ActivityLogManagementTest-&gt;{closure:Pest\Concerns\Testable::__callClosure():429}()
#138 C:\laragon\www\CarRentSystem\vendor\pestphp\pest\src\Concerns\Testable.php(429): Pest\Support\ExceptionTrace::ensure(Object(Closure))
#139 C:\laragon\www\CarRentSystem\vendor\pestphp\pest\src\Concerns\Testable.php(331): P\Tests\Feature\ActivityLogManagementTest-&gt;__callClosure(Object(Closure), Array)
#140 C:\laragon\www\CarRentSystem\vendor\pestphp\pest\src\Factories\TestCaseFactory.php(169) : eval()'d code(44): P\Tests\Feature\ActivityLogManagementTest-&gt;__runTest(Object(Closure))
#141 C:\laragon\www\CarRentSystem\vendor\phpunit\phpunit\src\Framework\TestCase.php(1316): P\Tests\Feature\ActivityLogManagementTest-&gt;__pest_evaluable__Activity_Log_Management__→__Activity_Log_Listing__→_it_filters_logs_by_user()
#142 C:\laragon\www\CarRentSystem\vendor\phpunit\phpunit\src\Framework\TestCase.php(516): PHPUnit\Framework\TestCase-&gt;runTest()
#143 C:\laragon\www\CarRentSystem\vendor\phpunit\phpunit\src\Framework\TestRunner\TestRunner.php(99): PHPUnit\Framework\TestCase-&gt;runBare()
#144 C:\laragon\www\CarRentSystem\vendor\phpunit\phpunit\src\Framework\TestCase.php(357): PHPUnit\Framework\TestRunner-&gt;run(Object(P\Tests\Feature\ActivityLogManagementTest))
#145 C:\laragon\www\CarRentSystem\vendor\phpunit\phpunit\src\Framework\TestSuite.php(374): PHPUnit\Framework\TestCase-&gt;run()
#146 C:\laragon\www\CarRentSystem\vendor\phpunit\phpunit\src\Framework\TestSuite.php(374): PHPUnit\Framework\TestSuite-&gt;run()
#147 C:\laragon\www\CarRentSystem\vendor\phpunit\phpunit\src\Framework\TestSuite.php(374): PHPUnit\Framework\TestSuite-&gt;run()
#148 C:\laragon\www\CarRentSystem\vendor\phpunit\phpunit\src\TextUI\TestRunner.php(64): PHPUnit\Framework\TestSuite-&gt;run()
#149 C:\laragon\www\CarRentSystem\vendor\phpunit\phpunit\src\TextUI\Application.php(229): PHPUnit\TextUI\TestRunner-&gt;run(Object(PHPUnit\TextUI\Configuration\Configuration), Object(PHPUnit\Runner\ResultCache\DefaultResultCache), Object(PHPUnit\Framework\TestSuite))
#150 C:\laragon\www\CarRentSystem\vendor\pestphp\pest\src\Kernel.php(103): PHPUnit\TextUI\Application-&gt;run(Array)
#151 C:\laragon\www\CarRentSystem\vendor\pestphp\pest\bin\pest(184): Pest\Kernel-&gt;handle(Array, Array)
#152 C:\laragon\www\CarRentSystem\vendor\pestphp\pest\bin\pest(192): {closure:C:\laragon\www\CarRentSystem\vendor\pestphp\pest\bin\pest:18}()
#153 C:\laragon\www\CarRentSystem\vendor\bin\pest(119): include('C:\\laragon\\www\\...')
#154 {main}

Next Illuminate\View\ViewException: SQLSTATE[HY000]: General error: 1 no such column: activity_log.name (Connection: sqlite, SQL: select "activity_log"."name", "" from "activity_log" order by "activity_log"."name" asc limit 50) (View: C:\laragon\www\CarRentSystem\vendor\filament\forms\resources\views\components\select.blade.php) in C:\laragon\www\CarRentSystem\vendor\laravel\framework\src\Illuminate\Database\Connection.php:824
Stack trace:
#0 C:\laragon\www\CarRentSystem\vendor\livewire\livewire\src\Mechanisms\ExtendBlade\ExtendedCompilerEngine.php(58): Illuminate\View\Engines\CompilerEngine-&gt;handleViewException(Object(Illuminate\Database\QueryException), 14)
#1 C:\laragon\www\CarRentSystem\vendor\livewire\livewire\src\Mechanisms\ExtendBlade\ExtendedCompilerEngine.php(40): Livewire\Mechanisms\ExtendBlade\ExtendedCompilerEngine-&gt;handleViewException(Object(Illuminate\Database\QueryException), 14)
#2 C:\laragon\www\CarRentSystem\vendor\laravel\framework\src\Illuminate\View\Engines\CompilerEngine.php(76): Livewire\Mechanisms\ExtendBlade\ExtendedCompilerEngine-&gt;evaluatePath('C:\\laragon\\www\\...', Array)
#3 C:\laragon\www\CarRentSystem\vendor\livewire\livewire\src\Mechanisms\ExtendBlade\ExtendedCompilerEngine.php(16): Illuminate\View\Engines\CompilerEngine-&gt;get('C:\\laragon\\www\\...', Array)
#4 C:\laragon\www\CarRentSystem\vendor\laravel\framework\src\Illuminate\View\View.php(208): Livewire\Mechanisms\ExtendBlade\ExtendedCompilerEngine-&gt;get('C:\\laragon\\www\\...', Array)
#5 C:\laragon\www\CarRentSystem\vendor\laravel\framework\src\Illuminate\View\View.php(191): Illuminate\View\View-&gt;getContents()
#6 C:\laragon\www\CarRentSystem\vendor\laravel\framework\src\Illuminate\View\View.php(160): Illuminate\View\View-&gt;renderContents()
#7 C:\laragon\www\CarRentSystem\vendor\filament\support\src\Components\ViewComponent.php(125): Illuminate\View\View-&gt;render()
#8 C:\laragon\www\CarRentSystem\vendor\filament\schemas\src\Components\Component.php(221): Filament\Support\Components\ViewComponent-&gt;toHtml()
#9 C:\laragon\www\CarRentSystem\vendor\filament\schemas\src\Schema.php(205): Filament\Schemas\Components\Component-&gt;toSchemaHtml(true)
#10 C:\laragon\www\CarRentSystem\vendor\filament\support\src\Components\ViewComponent.php(122): Filament\Schemas\Schema-&gt;toEmbeddedHtml()
#11 C:\laragon\www\CarRentSystem\vendor\laravel\framework\src\Illuminate\Support\helpers.php(130): Filament\Support\Components\ViewComponent-&gt;toHtml()
#12 C:\laragon\www\CarRentSystem\storage\framework\views\5110ca74321f0dcab372f3d94aa125c2.php(9): e(Object(Filament\Schemas\Schema))
#13 C:\laragon\www\CarRentSystem\vendor\livewire\livewire\src\Mechanisms\ExtendBlade\ExtendedCompilerEngine.php(37): include('C:\\laragon\\www\\...')
#14 C:\laragon\www\CarRentSystem\vendor\livewire\livewire\src\Mechanisms\ExtendBlade\ExtendedCompilerEngine.php(38): App\Filament\Resources\ActivityLogResource\Pages\ListActivityLogs-&gt;{closure:Livewire\Mechanisms\ExtendBlade\ExtendedCompilerEngine::evaluatePath():35}()
#15 C:\laragon\www\CarRentSystem\vendor\laravel\framework\src\Illuminate\View\Engines\CompilerEngine.php(76): Livewire\Mechanisms\ExtendBlade\ExtendedCompilerEngine-&gt;evaluatePath('C:\\laragon\\www\\...', Array)
#16 C:\laragon\www\CarRentSystem\vendor\livewire\livewire\src\Mechanisms\ExtendBlade\ExtendedCompilerEngine.php(16): Illuminate\View\Engines\CompilerEngine-&gt;get('C:\\laragon\\www\\...', Array)
#17 C:\laragon\www\CarRentSystem\vendor\laravel\framework\src\Illuminate\View\View.php(208): Livewire\Mechanisms\ExtendBlade\ExtendedCompilerEngine-&gt;get('C:\\laragon\\www\\...', Array)
#18 C:\laragon\www\CarRentSystem\vendor\laravel\framework\src\Illuminate\View\View.php(191): Illuminate\View\View-&gt;getContents()
#19 C:\laragon\www\CarRentSystem\vendor\laravel\framework\src\Illuminate\View\View.php(160): Illuminate\View\View-&gt;renderContents()
#20 C:\laragon\www\CarRentSystem\vendor\filament\support\src\Components\ViewComponent.php(125): Illuminate\View\View-&gt;render()
#21 C:\laragon\www\CarRentSystem\vendor\filament\schemas\src\Components\Component.php(221): Filament\Support\Components\ViewComponent-&gt;toHtml()
#22 C:\laragon\www\CarRentSystem\vendor\filament\schemas\src\Schema.php(205): Filament\Schemas\Components\Component-&gt;toSchemaHtml(true)
#23 C:\laragon\www\CarRentSystem\vendor\filament\support\src\Components\ViewComponent.php(122): Filament\Schemas\Schema-&gt;toEmbeddedHtml()
#24 C:\laragon\www\CarRentSystem\vendor\laravel\framework\src\Illuminate\Support\helpers.php(130): Filament\Support\Components\ViewComponent-&gt;toHtml()
#25 C:\laragon\www\CarRentSystem\storage\framework\views\1a3d3d822b7060b360e0a4f4cc781bd5.php(92): e(Object(Filament\Schemas\Schema))
#26 C:\laragon\www\CarRentSystem\vendor\livewire\livewire\src\Mechanisms\ExtendBlade\ExtendedCompilerEngine.php(37): include('C:\\laragon\\www\\...')
#27 C:\laragon\www\CarRentSystem\vendor\livewire\livewire\src\Mechanisms\ExtendBlade\ExtendedCompilerEngine.php(38): App\Filament\Resources\ActivityLogResource\Pages\ListActivityLogs-&gt;{closure:Livewire\Mechanisms\ExtendBlade\ExtendedCompilerEngine::evaluatePath():35}()
#28 C:\laragon\www\CarRentSystem\vendor\laravel\framework\src\Illuminate\View\Engines\CompilerEngine.php(76): Livewire\Mechanisms\ExtendBlade\ExtendedCompilerEngine-&gt;evaluatePath('C:\\laragon\\www\\...', Array)
#29 C:\laragon\www\CarRentSystem\vendor\livewire\livewire\src\Mechanisms\ExtendBlade\ExtendedCompilerEngine.php(16): Illuminate\View\Engines\CompilerEngine-&gt;get('C:\\laragon\\www\\...', Array)
#30 C:\laragon\www\CarRentSystem\vendor\laravel\framework\src\Illuminate\View\View.php(208): Livewire\Mechanisms\ExtendBlade\ExtendedCompilerEngine-&gt;get('C:\\laragon\\www\\...', Array)
#31 C:\laragon\www\CarRentSystem\vendor\laravel\framework\src\Illuminate\View\View.php(191): Illuminate\View\View-&gt;getContents()
#32 C:\laragon\www\CarRentSystem\vendor\laravel\framework\src\Illuminate\View\View.php(160): Illuminate\View\View-&gt;renderContents()
#33 C:\laragon\www\CarRentSystem\vendor\laravel\framework\src\Illuminate\View\Concerns\ManagesComponents.php(103): Illuminate\View\View-&gt;render()
#34 C:\laragon\www\CarRentSystem\storage\framework\views\63d0da9e86cc349a52193e89442d61e4.php(727): Illuminate\View\Factory-&gt;renderComponent()
#35 C:\laragon\www\CarRentSystem\vendor\livewire\livewire\src\Mechanisms\ExtendBlade\ExtendedCompilerEngine.php(37): include('C:\\laragon\\www\\...')
#36 C:\laragon\www\CarRentSystem\vendor\livewire\livewire\src\Mechanisms\ExtendBlade\ExtendedCompilerEngine.php(38): App\Filament\Resources\ActivityLogResource\Pages\ListActivityLogs-&gt;{closure:Livewire\Mechanisms\ExtendBlade\ExtendedCompilerEngine::evaluatePath():35}()
#37 C:\laragon\www\CarRentSystem\vendor\laravel\framework\src\Illuminate\View\Engines\CompilerEngine.php(76): Livewire\Mechanisms\ExtendBlade\ExtendedCompilerEngine-&gt;evaluatePath('C:\\laragon\\www\\...', Array)
#38 C:\laragon\www\CarRentSystem\vendor\livewire\livewire\src\Mechanisms\ExtendBlade\ExtendedCompilerEngine.php(16): Illuminate\View\Engines\CompilerEngine-&gt;get('C:\\laragon\\www\\...', Array)
#39 C:\laragon\www\CarRentSystem\vendor\laravel\framework\src\Illuminate\View\View.php(208): Livewire\Mechanisms\ExtendBlade\ExtendedCompilerEngine-&gt;get('C:\\laragon\\www\\...', Array)
#40 C:\laragon\www\CarRentSystem\vendor\laravel\framework\src\Illuminate\View\View.php(191): Illuminate\View\View-&gt;getContents()
#41 C:\laragon\www\CarRentSystem\vendor\laravel\framework\src\Illuminate\View\View.php(160): Illuminate\View\View-&gt;renderContents()
#42 C:\laragon\www\CarRentSystem\vendor\filament\support\src\Components\ViewComponent.php(125): Illuminate\View\View-&gt;render()
#43 C:\laragon\www\CarRentSystem\vendor\filament\schemas\src\Components\Component.php(221): Filament\Support\Components\ViewComponent-&gt;toHtml()
#44 C:\laragon\www\CarRentSystem\vendor\filament\schemas\src\Schema.php(205): Filament\Schemas\Components\Component-&gt;toSchemaHtml(true)
#45 C:\laragon\www\CarRentSystem\vendor\filament\support\src\Components\ViewComponent.php(122): Filament\Schemas\Schema-&gt;toEmbeddedHtml()
#46 C:\laragon\www\CarRentSystem\vendor\laravel\framework\src\Illuminate\Support\helpers.php(130): Filament\Support\Components\ViewComponent-&gt;toHtml()
#47 C:\laragon\www\CarRentSystem\storage\framework\views\440b755faea75388110fdd3acae41dc5.php(11): e(Object(Filament\Schemas\Schema))
#48 C:\laragon\www\CarRentSystem\vendor\livewire\livewire\src\Mechanisms\ExtendBlade\ExtendedCompilerEngine.php(37): include('C:\\laragon\\www\\...')
#49 C:\laragon\www\CarRentSystem\vendor\livewire\livewire\src\Mechanisms\ExtendBlade\ExtendedCompilerEngine.php(38): App\Filament\Resources\ActivityLogResource\Pages\ListActivityLogs-&gt;{closure:Livewire\Mechanisms\ExtendBlade\ExtendedCompilerEngine::evaluatePath():35}()
#50 C:\laragon\www\CarRentSystem\vendor\laravel\framework\src\Illuminate\View\Engines\CompilerEngine.php(76): Livewire\Mechanisms\ExtendBlade\ExtendedCompilerEngine-&gt;evaluatePath('C:\\laragon\\www\\...', Array)
#51 C:\laragon\www\CarRentSystem\vendor\livewire\livewire\src\Mechanisms\ExtendBlade\ExtendedCompilerEngine.php(16): Illuminate\View\Engines\CompilerEngine-&gt;get('C:\\laragon\\www\\...', Array)
#52 C:\laragon\www\CarRentSystem\vendor\laravel\framework\src\Illuminate\View\View.php(208): Livewire\Mechanisms\ExtendBlade\ExtendedCompilerEngine-&gt;get('C:\\laragon\\www\\...', Array)
#53 C:\laragon\www\CarRentSystem\vendor\laravel\framework\src\Illuminate\View\View.php(191): Illuminate\View\View-&gt;getContents()
#54 C:\laragon\www\CarRentSystem\vendor\laravel\framework\src\Illuminate\View\View.php(160): Illuminate\View\View-&gt;renderContents()
#55 C:\laragon\www\CarRentSystem\vendor\livewire\livewire\src\Mechanisms\HandleComponents\HandleComponents.php(259): Illuminate\View\View-&gt;render(Object(Closure))
#56 C:\laragon\www\CarRentSystem\vendor\livewire\livewire\src\Mechanisms\HandleComponents\HandleComponents.php(303): Livewire\Mechanisms\HandleComponents\HandleComponents-&gt;{closure:Livewire\Mechanisms\HandleComponents\HandleComponents::render():251}()
#57 C:\laragon\www\CarRentSystem\vendor\livewire\livewire\src\Mechanisms\HandleComponents\HandleComponents.php(251): Livewire\Mechanisms\HandleComponents\HandleComponents-&gt;trackInRenderStack(Object(App\Filament\Resources\ActivityLogResource\Pages\ListActivityLogs), Object(Closure))
#58 C:\laragon\www\CarRentSystem\vendor\livewire\livewire\src\Mechanisms\HandleComponents\HandleComponents.php(54): Livewire\Mechanisms\HandleComponents\HandleComponents-&gt;render(Object(App\Filament\Resources\ActivityLogResource\Pages\ListActivityLogs), '&lt;div&gt;&lt;/div&gt;')
#59 C:\laragon\www\CarRentSystem\vendor\livewire\livewire\src\LivewireManager.php(73): Livewire\Mechanisms\HandleComponents\HandleComponents-&gt;mount('App\\Filament\\Re...', Array, NULL)
#60 C:\laragon\www\CarRentSystem\vendor\livewire\livewire\src\Features\SupportPageComponents\HandlesPageComponents.php(17): Livewire\LivewireManager-&gt;mount('App\\Filament\\Re...', Array)
#61 C:\laragon\www\CarRentSystem\vendor\livewire\livewire\src\Features\SupportPageComponents\SupportPageComponents.php(117): Livewire\Component-&gt;{closure:Livewire\Features\SupportPageComponents\HandlesPageComponents::__invoke():14}()
#62 C:\laragon\www\CarRentSystem\vendor\livewire\livewire\src\Features\SupportPageComponents\HandlesPageComponents.php(14): Livewire\Features\SupportPageComponents\SupportPageComponents::interceptTheRenderOfTheComponentAndRetreiveTheLayoutConfiguration(Object(Closure))
#63 C:\laragon\www\CarRentSystem\vendor\laravel\framework\src\Illuminate\Routing\ControllerDispatcher.php(46): Livewire\Component-&gt;__invoke()
#64 C:\laragon\www\CarRentSystem\vendor\laravel\framework\src\Illuminate\Routing\Route.php(265): Illuminate\Routing\ControllerDispatcher-&gt;dispatch(Object(Illuminate\Routing\Route), Object(App\Filament\Resources\ActivityLogResource\Pages\ListActivityLogs), '__invoke')
#65 C:\laragon\www\CarRentSystem\vendor\laravel\framework\src\Illuminate\Routing\Route.php(211): Illuminate\Routing\Route-&gt;runController()
#66 C:\laragon\www\CarRentSystem\vendor\laravel\framework\src\Illuminate\Routing\Router.php(822): Illuminate\Routing\Route-&gt;run()
#67 C:\laragon\www\CarRentSystem\vendor\laravel\framework\src\Illuminate\Pipeline\Pipeline.php(180): Illuminate\Routing\Router-&gt;{closure:Illuminate\Routing\Router::runRouteWithinStack():821}(Object(Illuminate\Http\Request))
#68 C:\laragon\www\CarRentSystem\vendor\filament\filament\src\Http\Middleware\DispatchServingFilamentEvent.php(15): Illuminate\Pipeline\Pipeline-&gt;{closure:Illuminate\Pipeline\Pipeline::prepareDestination():178}(Object(Illuminate\Http\Request))
#69 C:\laragon\www\CarRentSystem\vendor\laravel\framework\src\Illuminate\Pipeline\Pipeline.php(219): Filament\Http\Middleware\DispatchServingFilamentEvent-&gt;handle(Object(Illuminate\Http\Request), Object(Closure))
#70 C:\laragon\www\CarRentSystem\vendor\filament\filament\src\Http\Middleware\DisableBladeIconComponents.php(14): Illuminate\Pipeline\Pipeline-&gt;{closure:{closure:Illuminate\Pipeline\Pipeline::carry():194}:195}(Object(Illuminate\Http\Request))
#71 C:\laragon\www\CarRentSystem\vendor\laravel\framework\src\Illuminate\Pipeline\Pipeline.php(219): Filament\Http\Middleware\DisableBladeIconComponents-&gt;handle(Object(Illuminate\Http\Request), Object(Closure))
#72 C:\laragon\www\CarRentSystem\app\Http\Middleware\LocalizationMiddleware.php(41): Illuminate\Pipeline\Pipeline-&gt;{closure:{closure:Illuminate\Pipeline\Pipeline::carry():194}:195}(Object(Illuminate\Http\Request))
#73 C:\laragon\www\CarRentSystem\vendor\laravel\framework\src\Illuminate\Pipeline\Pipeline.php(219): App\Http\Middleware\LocalizationMiddleware-&gt;handle(Object(Illuminate\Http\Request), Object(Closure))
#74 C:\laragon\www\CarRentSystem\vendor\laravel\framework\src\Illuminate\Routing\Middleware\SubstituteBindings.php(50): Illuminate\Pipeline\Pipeline-&gt;{closure:{closure:Illuminate\Pipeline\Pipeline::carry():194}:195}(Object(Illuminate\Http\Request))
#75 C:\laragon\www\CarRentSystem\vendor\laravel\framework\src\Illuminate\Pipeline\Pipeline.php(219): Illuminate\Routing\Middleware\SubstituteBindings-&gt;handle(Object(Illuminate\Http\Request), Object(Closure))
#76 C:\laragon\www\CarRentSystem\vendor\laravel\framework\src\Illuminate\Auth\Middleware\Authenticate.php(63): Illuminate\Pipeline\Pipeline-&gt;{closure:{closure:Illuminate\Pipeline\Pipeline::carry():194}:195}(Object(Illuminate\Http\Request))
#77 C:\laragon\www\CarRentSystem\vendor\laravel\framework\src\Illuminate\Pipeline\Pipeline.php(219): Illuminate\Auth\Middleware\Authenticate-&gt;handle(Object(Illuminate\Http\Request), Object(Closure))
#78 C:\laragon\www\CarRentSystem\vendor\laravel\framework\src\Illuminate\View\Middleware\ShareErrorsFromSession.php(48): Illuminate\Pipeline\Pipeline-&gt;{closure:{closure:Illuminate\Pipeline\Pipeline::carry():194}:195}(Object(Illuminate\Http\Request))
#79 C:\laragon\www\CarRentSystem\vendor\laravel\framework\src\Illuminate\Pipeline\Pipeline.php(219): Illuminate\View\Middleware\ShareErrorsFromSession-&gt;handle(Object(Illuminate\Http\Request), Object(Closure))
#80 C:\laragon\www\CarRentSystem\vendor\laravel\framework\src\Illuminate\Session\Middleware\StartSession.php(120): Illuminate\Pipeline\Pipeline-&gt;{closure:{closure:Illuminate\Pipeline\Pipeline::carry():194}:195}(Object(Illuminate\Http\Request))
#81 C:\laragon\www\CarRentSystem\vendor\laravel\framework\src\Illuminate\Session\Middleware\StartSession.php(63): Illuminate\Session\Middleware\StartSession-&gt;handleStatefulRequest(Object(Illuminate\Http\Request), Object(Illuminate\Session\Store), Object(Closure))
#82 C:\laragon\www\CarRentSystem\vendor\laravel\framework\src\Illuminate\Pipeline\Pipeline.php(219): Illuminate\Session\Middleware\StartSession-&gt;handle(Object(Illuminate\Http\Request), Object(Closure))
#83 C:\laragon\www\CarRentSystem\vendor\laravel\framework\src\Illuminate\Cookie\Middleware\AddQueuedCookiesToResponse.php(36): Illuminate\Pipeline\Pipeline-&gt;{closure:{closure:Illuminate\Pipeline\Pipeline::carry():194}:195}(Object(Illuminate\Http\Request))
#84 C:\laragon\www\CarRentSystem\vendor\laravel\framework\src\Illuminate\Pipeline\Pipeline.php(219): Illuminate\Cookie\Middleware\AddQueuedCookiesToResponse-&gt;handle(Object(Illuminate\Http\Request), Object(Closure))
#85 C:\laragon\www\CarRentSystem\vendor\laravel\framework\src\Illuminate\Cookie\Middleware\EncryptCookies.php(74): Illuminate\Pipeline\Pipeline-&gt;{closure:{closure:Illuminate\Pipeline\Pipeline::carry():194}:195}(Object(Illuminate\Http\Request))
#86 C:\laragon\www\CarRentSystem\vendor\laravel\framework\src\Illuminate\Pipeline\Pipeline.php(219): Illuminate\Cookie\Middleware\EncryptCookies-&gt;handle(Object(Illuminate\Http\Request), Object(Closure))
#87 C:\laragon\www\CarRentSystem\vendor\filament\filament\src\Http\Middleware\SetUpPanel.php(19): Illuminate\Pipeline\Pipeline-&gt;{closure:{closure:Illuminate\Pipeline\Pipeline::carry():194}:195}(Object(Illuminate\Http\Request))
#88 C:\laragon\www\CarRentSystem\vendor\laravel\framework\src\Illuminate\Pipeline\Pipeline.php(219): Filament\Http\Middleware\SetUpPanel-&gt;handle(Object(Illuminate\Http\Request), Object(Closure), Object(Filament\Panel))
#89 C:\laragon\www\CarRentSystem\vendor\laravel\framework\src\Illuminate\Pipeline\Pipeline.php(137): Illuminate\Pipeline\Pipeline-&gt;{closure:{closure:Illuminate\Pipeline\Pipeline::carry():194}:195}(Object(Illuminate\Http\Request))
#90 C:\laragon\www\CarRentSystem\vendor\laravel\framework\src\Illuminate\Routing\Router.php(821): Illuminate\Pipeline\Pipeline-&gt;then(Object(Closure))
#91 C:\laragon\www\CarRentSystem\vendor\laravel\framework\src\Illuminate\Routing\Router.php(800): Illuminate\Routing\Router-&gt;runRouteWithinStack(Object(Illuminate\Routing\Route), Object(Illuminate\Http\Request))
#92 C:\laragon\www\CarRentSystem\vendor\laravel\framework\src\Illuminate\Routing\Router.php(764): Illuminate\Routing\Router-&gt;runRoute(Object(Illuminate\Http\Request), Object(Illuminate\Routing\Route))
#93 C:\laragon\www\CarRentSystem\vendor\laravel\framework\src\Illuminate\Routing\Router.php(753): Illuminate\Routing\Router-&gt;dispatchToRoute(Object(Illuminate\Http\Request))
#94 C:\laragon\www\CarRentSystem\vendor\laravel\framework\src\Illuminate\Foundation\Http\Kernel.php(200): Illuminate\Routing\Router-&gt;dispatch(Object(Illuminate\Http\Request))
#95 C:\laragon\www\CarRentSystem\vendor\laravel\framework\src\Illuminate\Pipeline\Pipeline.php(180): Illuminate\Foundation\Http\Kernel-&gt;{closure:Illuminate\Foundation\Http\Kernel::dispatchToRouter():197}(Object(Illuminate\Http\Request))
#96 C:\laragon\www\CarRentSystem\vendor\livewire\livewire\src\Features\SupportDisablingBackButtonCache\DisableBackButtonCacheMiddleware.php(19): Illuminate\Pipeline\Pipeline-&gt;{closure:Illuminate\Pipeline\Pipeline::prepareDestination():178}(Object(Illuminate\Http\Request))
#97 C:\laragon\www\CarRentSystem\vendor\laravel\framework\src\Illuminate\Pipeline\Pipeline.php(219): Livewire\Features\SupportDisablingBackButtonCache\DisableBackButtonCacheMiddleware-&gt;handle(Object(Illuminate\Http\Request), Object(Closure))
#98 C:\laragon\www\CarRentSystem\vendor\laravel\framework\src\Illuminate\Foundation\Http\Middleware\TransformsRequest.php(21): Illuminate\Pipeline\Pipeline-&gt;{closure:{closure:Illuminate\Pipeline\Pipeline::carry():194}:195}(Object(Illuminate\Http\Request))
#99 C:\laragon\www\CarRentSystem\vendor\laravel\framework\src\Illuminate\Foundation\Http\Middleware\ConvertEmptyStringsToNull.php(31): Illuminate\Foundation\Http\Middleware\TransformsRequest-&gt;handle(Object(Illuminate\Http\Request), Object(Closure))
#100 C:\laragon\www\CarRentSystem\vendor\laravel\framework\src\Illuminate\Pipeline\Pipeline.php(219): Illuminate\Foundation\Http\Middleware\ConvertEmptyStringsToNull-&gt;handle(Object(Illuminate\Http\Request), Object(Closure))
#101 C:\laragon\www\CarRentSystem\vendor\laravel\framework\src\Illuminate\Foundation\Http\Middleware\TransformsRequest.php(21): Illuminate\Pipeline\Pipeline-&gt;{closure:{closure:Illuminate\Pipeline\Pipeline::carry():194}:195}(Object(Illuminate\Http\Request))
#102 C:\laragon\www\CarRentSystem\vendor\laravel\framework\src\Illuminate\Foundation\Http\Middleware\TrimStrings.php(51): Illuminate\Foundation\Http\Middleware\TransformsRequest-&gt;handle(Object(Illuminate\Http\Request), Object(Closure))
#103 C:\laragon\www\CarRentSystem\vendor\laravel\framework\src\Illuminate\Pipeline\Pipeline.php(219): Illuminate\Foundation\Http\Middleware\TrimStrings-&gt;handle(Object(Illuminate\Http\Request), Object(Closure))
#104 C:\laragon\www\CarRentSystem\vendor\laravel\framework\src\Illuminate\Http\Middleware\ValidatePostSize.php(27): Illuminate\Pipeline\Pipeline-&gt;{closure:{closure:Illuminate\Pipeline\Pipeline::carry():194}:195}(Object(Illuminate\Http\Request))
#105 C:\laragon\www\CarRentSystem\vendor\laravel\framework\src\Illuminate\Pipeline\Pipeline.php(219): Illuminate\Http\Middleware\ValidatePostSize-&gt;handle(Object(Illuminate\Http\Request), Object(Closure))
#106 C:\laragon\www\CarRentSystem\vendor\laravel\framework\src\Illuminate\Foundation\Http\Middleware\PreventRequestsDuringMaintenance.php(109): Illuminate\Pipeline\Pipeline-&gt;{closure:{closure:Illuminate\Pipeline\Pipeline::carry():194}:195}(Object(Illuminate\Http\Request))
#107 C:\laragon\www\CarRentSystem\vendor\laravel\framework\src\Illuminate\Pipeline\Pipeline.php(219): Illuminate\Foundation\Http\Middleware\PreventRequestsDuringMaintenance-&gt;handle(Object(Illuminate\Http\Request), Object(Closure))
#108 C:\laragon\www\CarRentSystem\vendor\laravel\framework\src\Illuminate\Http\Middleware\HandleCors.php(61): Illuminate\Pipeline\Pipeline-&gt;{closure:{closure:Illuminate\Pipeline\Pipeline::carry():194}:195}(Object(Illuminate\Http\Request))
#109 C:\laragon\www\CarRentSystem\vendor\laravel\framework\src\Illuminate\Pipeline\Pipeline.php(219): Illuminate\Http\Middleware\HandleCors-&gt;handle(Object(Illuminate\Http\Request), Object(Closure))
#110 C:\laragon\www\CarRentSystem\vendor\laravel\framework\src\Illuminate\Http\Middleware\TrustProxies.php(58): Illuminate\Pipeline\Pipeline-&gt;{closure:{closure:Illuminate\Pipeline\Pipeline::carry():194}:195}(Object(Illuminate\Http\Request))
#111 C:\laragon\www\CarRentSystem\vendor\laravel\framework\src\Illuminate\Pipeline\Pipeline.php(219): Illuminate\Http\Middleware\TrustProxies-&gt;handle(Object(Illuminate\Http\Request), Object(Closure))
#112 C:\laragon\www\CarRentSystem\vendor\laravel\framework\src\Illuminate\Foundation\Http\Middleware\InvokeDeferredCallbacks.php(22): Illuminate\Pipeline\Pipeline-&gt;{closure:{closure:Illuminate\Pipeline\Pipeline::carry():194}:195}(Object(Illuminate\Http\Request))
#113 C:\laragon\www\CarRentSystem\vendor\laravel\framework\src\Illuminate\Pipeline\Pipeline.php(219): Illuminate\Foundation\Http\Middleware\InvokeDeferredCallbacks-&gt;handle(Object(Illuminate\Http\Request), Object(Closure))
#114 C:\laragon\www\CarRentSystem\vendor\laravel\framework\src\Illuminate\Http\Middleware\ValidatePathEncoding.php(26): Illuminate\Pipeline\Pipeline-&gt;{closure:{closure:Illuminate\Pipeline\Pipeline::carry():194}:195}(Object(Illuminate\Http\Request))
#115 C:\laragon\www\CarRentSystem\vendor\laravel\framework\src\Illuminate\Pipeline\Pipeline.php(219): Illuminate\Http\Middleware\ValidatePathEncoding-&gt;handle(Object(Illuminate\Http\Request), Object(Closure))
#116 C:\laragon\www\CarRentSystem\vendor\laravel\framework\src\Illuminate\Pipeline\Pipeline.php(137): Illuminate\Pipeline\Pipeline-&gt;{closure:{closure:Illuminate\Pipeline\Pipeline::carry():194}:195}(Object(Illuminate\Http\Request))
#117 C:\laragon\www\CarRentSystem\vendor\laravel\framework\src\Illuminate\Foundation\Http\Kernel.php(175): Illuminate\Pipeline\Pipeline-&gt;then(Object(Closure))
#118 C:\laragon\www\CarRentSystem\vendor\laravel\framework\src\Illuminate\Foundation\Http\Kernel.php(144): Illuminate\Foundation\Http\Kernel-&gt;sendRequestThroughRouter(Object(Illuminate\Http\Request))
#119 C:\laragon\www\CarRentSystem\vendor\laravel\framework\src\Illuminate\Foundation\Testing\Concerns\MakesHttpRequests.php(607): Illuminate\Foundation\Http\Kernel-&gt;handle(Object(Illuminate\Http\Request))
#120 C:\laragon\www\CarRentSystem\vendor\laravel\framework\src\Illuminate\Foundation\Testing\Concerns\MakesHttpRequests.php(368): Illuminate\Foundation\Testing\TestCase-&gt;call('GET', '/admin/activity...', Array, Array, Array, Array)
#121 C:\laragon\www\CarRentSystem\tests\Feature\ActivityLogManagementTest.php(47): Illuminate\Foundation\Testing\TestCase-&gt;get('/admin/activity...')
#122 C:\laragon\www\CarRentSystem\vendor\pestphp\pest\src\Factories\TestCaseMethodFactory.php(168): P\Tests\Feature\ActivityLogManagementTest-&gt;{closure:{closure:{closure:C:\laragon\www\CarRentSystem\tests\Feature\ActivityLogManagementTest.php:13}:20}:42}()
#123 [internal function]: P\Tests\Feature\ActivityLogManagementTest-&gt;{closure:Pest\Factories\TestCaseMethodFactory::getClosure():158}()
#124 C:\laragon\www\CarRentSystem\vendor\pestphp\pest\src\Concerns\Testable.php(429): call_user_func_array(Object(Closure), Array)
#125 C:\laragon\www\CarRentSystem\vendor\pestphp\pest\src\Support\ExceptionTrace.php(26): P\Tests\Feature\ActivityLogManagementTest-&gt;{closure:Pest\Concerns\Testable::__callClosure():429}()
#126 C:\laragon\www\CarRentSystem\vendor\pestphp\pest\src\Concerns\Testable.php(429): Pest\Support\ExceptionTrace::ensure(Object(Closure))
#127 C:\laragon\www\CarRentSystem\vendor\pestphp\pest\src\Concerns\Testable.php(331): P\Tests\Feature\ActivityLogManagementTest-&gt;__callClosure(Object(Closure), Array)
#128 C:\laragon\www\CarRentSystem\vendor\pestphp\pest\src\Factories\TestCaseFactory.php(169) : eval()'d code(44): P\Tests\Feature\ActivityLogManagementTest-&gt;__runTest(Object(Closure))
#129 C:\laragon\www\CarRentSystem\vendor\phpunit\phpunit\src\Framework\TestCase.php(1316): P\Tests\Feature\ActivityLogManagementTest-&gt;__pest_evaluable__Activity_Log_Management__→__Activity_Log_Listing__→_it_filters_logs_by_user()
#130 C:\laragon\www\CarRentSystem\vendor\phpunit\phpunit\src\Framework\TestCase.php(516): PHPUnit\Framework\TestCase-&gt;runTest()
#131 C:\laragon\www\CarRentSystem\vendor\phpunit\phpunit\src\Framework\TestRunner\TestRunner.php(99): PHPUnit\Framework\TestCase-&gt;runBare()
#132 C:\laragon\www\CarRentSystem\vendor\phpunit\phpunit\src\Framework\TestCase.php(357): PHPUnit\Framework\TestRunner-&gt;run(Object(P\Tests\Feature\ActivityLogManagementTest))
#133 C:\laragon\www\CarRentSystem\vendor\phpunit\phpunit\src\Framework\TestSuite.php(374): PHPUnit\Framework\TestCase-&gt;run()
#134 C:\laragon\www\CarRentSystem\vendor\phpunit\phpunit\src\Framework\TestSuite.php(374): PHPUnit\Framework\TestSuite-&gt;run()
#135 C:\laragon\www\CarRentSystem\vendor\phpunit\phpunit\src\Framework\TestSuite.php(374): PHPUnit\Framework\TestSuite-&gt;run()
#136 C:\laragon\www\CarRentSystem\vendor\phpunit\phpunit\src\TextUI\TestRunner.php(64): PHPUnit\Framework\TestSuite-&gt;run()
#137 C:\laragon\www\CarRentSystem\vendor\phpunit\phpunit\src\TextUI\Application.php(229): PHPUnit\TextUI\TestRunner-&gt;run(Object(PHPUnit\TextUI\Configuration\Configuration), Object(PHPUnit\Runner\ResultCache\DefaultResultCache), Object(PHPUnit\Framework\TestSuite))
#138 C:\laragon\www\CarRentSystem\vendor\pestphp\pest\src\Kernel.php(103): PHPUnit\TextUI\Application-&gt;run(Array)
#139 C:\laragon\www\CarRentSystem\vendor\pestphp\pest\bin\pest(184): Pest\Kernel-&gt;handle(Array, Array)
#140 C:\laragon\www\CarRentSystem\vendor\pestphp\pest\bin\pest(192): {closure:C:\laragon\www\CarRentSystem\vendor\pestphp\pest\bin\pest:18}()
#141 C:\laragon\www\CarRentSystem\vendor\bin\pest(119): include('C:\\laragon\\www\\...')
#142 {main}

Next Illuminate\View\ViewException: SQLSTATE[HY000]: General error: 1 no such column: activity_log.name (Connection: sqlite, SQL: select "activity_log"."name", "" from "activity_log" order by "activity_log"."name" asc limit 50) (View: C:\laragon\www\CarRentSystem\vendor\filament\forms\resources\views\components\select.blade.php) (View: C:\laragon\www\CarRentSystem\vendor\filament\forms\resources\views\components\select.blade.php) in C:\laragon\www\CarRentSystem\vendor\laravel\framework\src\Illuminate\Database\Connection.php:824
Stack trace:
#0 C:\laragon\www\CarRentSystem\vendor\livewire\livewire\src\Mechanisms\ExtendBlade\ExtendedCompilerEngine.php(58): Illuminate\View\Engines\CompilerEngine-&gt;handleViewException(Object(Illuminate\View\ViewException), 11)
#1 C:\laragon\www\CarRentSystem\vendor\livewire\livewire\src\Mechanisms\ExtendBlade\ExtendedCompilerEngine.php(40): Livewire\Mechanisms\ExtendBlade\ExtendedCompilerEngine-&gt;handleViewException(Object(Illuminate\View\ViewException), 11)
#2 C:\laragon\www\CarRentSystem\vendor\laravel\framework\src\Illuminate\View\Engines\CompilerEngine.php(76): Livewire\Mechanisms\ExtendBlade\ExtendedCompilerEngine-&gt;evaluatePath('C:\\laragon\\www\\...', Array)
#3 C:\laragon\www\CarRentSystem\vendor\livewire\livewire\src\Mechanisms\ExtendBlade\ExtendedCompilerEngine.php(16): Illuminate\View\Engines\CompilerEngine-&gt;get('C:\\laragon\\www\\...', Array)
#4 C:\laragon\www\CarRentSystem\vendor\laravel\framework\src\Illuminate\View\View.php(208): Livewire\Mechanisms\ExtendBlade\ExtendedCompilerEngine-&gt;get('C:\\laragon\\www\\...', Array)
#5 C:\laragon\www\CarRentSystem\vendor\laravel\framework\src\Illuminate\View\View.php(191): Illuminate\View\View-&gt;getContents()
#6 C:\laragon\www\CarRentSystem\vendor\laravel\framework\src\Illuminate\View\View.php(160): Illuminate\View\View-&gt;renderContents()
#7 C:\laragon\www\CarRentSystem\vendor\filament\support\src\Components\ViewComponent.php(125): Illuminate\View\View-&gt;render()
#8 C:\laragon\www\CarRentSystem\vendor\filament\schemas\src\Components\Component.php(221): Filament\Support\Components\ViewComponent-&gt;toHtml()
#9 C:\laragon\www\CarRentSystem\vendor\filament\schemas\src\Schema.php(205): Filament\Schemas\Components\Component-&gt;toSchemaHtml(true)
#10 C:\laragon\www\CarRentSystem\vendor\filament\support\src\Components\ViewComponent.php(122): Filament\Schemas\Schema-&gt;toEmbeddedHtml()
#11 C:\laragon\www\CarRentSystem\vendor\laravel\framework\src\Illuminate\Support\helpers.php(130): Filament\Support\Components\ViewComponent-&gt;toHtml()
#12 C:\laragon\www\CarRentSystem\storage\framework\views\1a3d3d822b7060b360e0a4f4cc781bd5.php(92): e(Object(Filament\Schemas\Schema))
#13 C:\laragon\www\CarRentSystem\vendor\livewire\livewire\src\Mechanisms\ExtendBlade\ExtendedCompilerEngine.php(37): include('C:\\laragon\\www\\...')
#14 C:\laragon\www\CarRentSystem\vendor\livewire\livewire\src\Mechanisms\ExtendBlade\ExtendedCompilerEngine.php(38): App\Filament\Resources\ActivityLogResource\Pages\ListActivityLogs-&gt;{closure:Livewire\Mechanisms\ExtendBlade\ExtendedCompilerEngine::evaluatePath():35}()
#15 C:\laragon\www\CarRentSystem\vendor\laravel\framework\src\Illuminate\View\Engines\CompilerEngine.php(76): Livewire\Mechanisms\ExtendBlade\ExtendedCompilerEngine-&gt;evaluatePath('C:\\laragon\\www\\...', Array)
#16 C:\laragon\www\CarRentSystem\vendor\livewire\livewire\src\Mechanisms\ExtendBlade\ExtendedCompilerEngine.php(16): Illuminate\View\Engines\CompilerEngine-&gt;get('C:\\laragon\\www\\...', Array)
#17 C:\laragon\www\CarRentSystem\vendor\laravel\framework\src\Illuminate\View\View.php(208): Livewire\Mechanisms\ExtendBlade\ExtendedCompilerEngine-&gt;get('C:\\laragon\\www\\...', Array)
#18 C:\laragon\www\CarRentSystem\vendor\laravel\framework\src\Illuminate\View\View.php(191): Illuminate\View\View-&gt;getContents()
#19 C:\laragon\www\CarRentSystem\vendor\laravel\framework\src\Illuminate\View\View.php(160): Illuminate\View\View-&gt;renderContents()
#20 C:\laragon\www\CarRentSystem\vendor\laravel\framework\src\Illuminate\View\Concerns\ManagesComponents.php(103): Illuminate\View\View-&gt;render()
#21 C:\laragon\www\CarRentSystem\storage\framework\views\63d0da9e86cc349a52193e89442d61e4.php(727): Illuminate\View\Factory-&gt;renderComponent()
#22 C:\laragon\www\CarRentSystem\vendor\livewire\livewire\src\Mechanisms\ExtendBlade\ExtendedCompilerEngine.php(37): include('C:\\laragon\\www\\...')
#23 C:\laragon\www\CarRentSystem\vendor\livewire\livewire\src\Mechanisms\ExtendBlade\ExtendedCompilerEngine.php(38): App\Filament\Resources\ActivityLogResource\Pages\ListActivityLogs-&gt;{closure:Livewire\Mechanisms\ExtendBlade\ExtendedCompilerEngine::evaluatePath():35}()
#24 C:\laragon\www\CarRentSystem\vendor\laravel\framework\src\Illuminate\View\Engines\CompilerEngine.php(76): Livewire\Mechanisms\ExtendBlade\ExtendedCompilerEngine-&gt;evaluatePath('C:\\laragon\\www\\...', Array)
#25 C:\laragon\www\CarRentSystem\vendor\livewire\livewire\src\Mechanisms\ExtendBlade\ExtendedCompilerEngine.php(16): Illuminate\View\Engines\CompilerEngine-&gt;get('C:\\laragon\\www\\...', Array)
#26 C:\laragon\www\CarRentSystem\vendor\laravel\framework\src\Illuminate\View\View.php(208): Livewire\Mechanisms\ExtendBlade\ExtendedCompilerEngine-&gt;get('C:\\laragon\\www\\...', Array)
#27 C:\laragon\www\CarRentSystem\vendor\laravel\framework\src\Illuminate\View\View.php(191): Illuminate\View\View-&gt;getContents()
#28 C:\laragon\www\CarRentSystem\vendor\laravel\framework\src\Illuminate\View\View.php(160): Illuminate\View\View-&gt;renderContents()
#29 C:\laragon\www\CarRentSystem\vendor\filament\support\src\Components\ViewComponent.php(125): Illuminate\View\View-&gt;render()
#30 C:\laragon\www\CarRentSystem\vendor\filament\schemas\src\Components\Component.php(221): Filament\Support\Components\ViewComponent-&gt;toHtml()
#31 C:\laragon\www\CarRentSystem\vendor\filament\schemas\src\Schema.php(205): Filament\Schemas\Components\Component-&gt;toSchemaHtml(true)
#32 C:\laragon\www\CarRentSystem\vendor\filament\support\src\Components\ViewComponent.php(122): Filament\Schemas\Schema-&gt;toEmbeddedHtml()
#33 C:\laragon\www\CarRentSystem\vendor\laravel\framework\src\Illuminate\Support\helpers.php(130): Filament\Support\Components\ViewComponent-&gt;toHtml()
#34 C:\laragon\www\CarRentSystem\storage\framework\views\440b755faea75388110fdd3acae41dc5.php(11): e(Object(Filament\Schemas\Schema))
#35 C:\laragon\www\CarRentSystem\vendor\livewire\livewire\src\Mechanisms\ExtendBlade\ExtendedCompilerEngine.php(37): include('C:\\laragon\\www\\...')
#36 C:\laragon\www\CarRentSystem\vendor\livewire\livewire\src\Mechanisms\ExtendBlade\ExtendedCompilerEngine.php(38): App\Filament\Resources\ActivityLogResource\Pages\ListActivityLogs-&gt;{closure:Livewire\Mechanisms\ExtendBlade\ExtendedCompilerEngine::evaluatePath():35}()
#37 C:\laragon\www\CarRentSystem\vendor\laravel\framework\src\Illuminate\View\Engines\CompilerEngine.php(76): Livewire\Mechanisms\ExtendBlade\ExtendedCompilerEngine-&gt;evaluatePath('C:\\laragon\\www\\...', Array)
#38 C:\laragon\www\CarRentSystem\vendor\livewire\livewire\src\Mechanisms\ExtendBlade\ExtendedCompilerEngine.php(16): Illuminate\View\Engines\CompilerEngine-&gt;get('C:\\laragon\\www\\...', Array)
#39 C:\laragon\www\CarRentSystem\vendor\laravel\framework\src\Illuminate\View\View.php(208): Livewire\Mechanisms\ExtendBlade\ExtendedCompilerEngine-&gt;get('C:\\laragon\\www\\...', Array)
#40 C:\laragon\www\CarRentSystem\vendor\laravel\framework\src\Illuminate\View\View.php(191): Illuminate\View\View-&gt;getContents()
#41 C:\laragon\www\CarRentSystem\vendor\laravel\framework\src\Illuminate\View\View.php(160): Illuminate\View\View-&gt;renderContents()
#42 C:\laragon\www\CarRentSystem\vendor\livewire\livewire\src\Mechanisms\HandleComponents\HandleComponents.php(259): Illuminate\View\View-&gt;render(Object(Closure))
#43 C:\laragon\www\CarRentSystem\vendor\livewire\livewire\src\Mechanisms\HandleComponents\HandleComponents.php(303): Livewire\Mechanisms\HandleComponents\HandleComponents-&gt;{closure:Livewire\Mechanisms\HandleComponents\HandleComponents::render():251}()
#44 C:\laragon\www\CarRentSystem\vendor\livewire\livewire\src\Mechanisms\HandleComponents\HandleComponents.php(251): Livewire\Mechanisms\HandleComponents\HandleComponents-&gt;trackInRenderStack(Object(App\Filament\Resources\ActivityLogResource\Pages\ListActivityLogs), Object(Closure))
#45 C:\laragon\www\CarRentSystem\vendor\livewire\livewire\src\Mechanisms\HandleComponents\HandleComponents.php(54): Livewire\Mechanisms\HandleComponents\HandleComponents-&gt;render(Object(App\Filament\Resources\ActivityLogResource\Pages\ListActivityLogs), '&lt;div&gt;&lt;/div&gt;')
#46 C:\laragon\www\CarRentSystem\vendor\livewire\livewire\src\LivewireManager.php(73): Livewire\Mechanisms\HandleComponents\HandleComponents-&gt;mount('App\\Filament\\Re...', Array, NULL)
#47 C:\laragon\www\CarRentSystem\vendor\livewire\livewire\src\Features\SupportPageComponents\HandlesPageComponents.php(17): Livewire\LivewireManager-&gt;mount('App\\Filament\\Re...', Array)
#48 C:\laragon\www\CarRentSystem\vendor\livewire\livewire\src\Features\SupportPageComponents\SupportPageComponents.php(117): Livewire\Component-&gt;{closure:Livewire\Features\SupportPageComponents\HandlesPageComponents::__invoke():14}()
#49 C:\laragon\www\CarRentSystem\vendor\livewire\livewire\src\Features\SupportPageComponents\HandlesPageComponents.php(14): Livewire\Features\SupportPageComponents\SupportPageComponents::interceptTheRenderOfTheComponentAndRetreiveTheLayoutConfiguration(Object(Closure))
#50 C:\laragon\www\CarRentSystem\vendor\laravel\framework\src\Illuminate\Routing\ControllerDispatcher.php(46): Livewire\Component-&gt;__invoke()
#51 C:\laragon\www\CarRentSystem\vendor\laravel\framework\src\Illuminate\Routing\Route.php(265): Illuminate\Routing\ControllerDispatcher-&gt;dispatch(Object(Illuminate\Routing\Route), Object(App\Filament\Resources\ActivityLogResource\Pages\ListActivityLogs), '__invoke')
#52 C:\laragon\www\CarRentSystem\vendor\laravel\framework\src\Illuminate\Routing\Route.php(211): Illuminate\Routing\Route-&gt;runController()
#53 C:\laragon\www\CarRentSystem\vendor\laravel\framework\src\Illuminate\Routing\Router.php(822): Illuminate\Routing\Route-&gt;run()
#54 C:\laragon\www\CarRentSystem\vendor\laravel\framework\src\Illuminate\Pipeline\Pipeline.php(180): Illuminate\Routing\Router-&gt;{closure:Illuminate\Routing\Router::runRouteWithinStack():821}(Object(Illuminate\Http\Request))
#55 C:\laragon\www\CarRentSystem\vendor\filament\filament\src\Http\Middleware\DispatchServingFilamentEvent.php(15): Illuminate\Pipeline\Pipeline-&gt;{closure:Illuminate\Pipeline\Pipeline::prepareDestination():178}(Object(Illuminate\Http\Request))
#56 C:\laragon\www\CarRentSystem\vendor\laravel\framework\src\Illuminate\Pipeline\Pipeline.php(219): Filament\Http\Middleware\DispatchServingFilamentEvent-&gt;handle(Object(Illuminate\Http\Request), Object(Closure))
#57 C:\laragon\www\CarRentSystem\vendor\filament\filament\src\Http\Middleware\DisableBladeIconComponents.php(14): Illuminate\Pipeline\Pipeline-&gt;{closure:{closure:Illuminate\Pipeline\Pipeline::carry():194}:195}(Object(Illuminate\Http\Request))
#58 C:\laragon\www\CarRentSystem\vendor\laravel\framework\src\Illuminate\Pipeline\Pipeline.php(219): Filament\Http\Middleware\DisableBladeIconComponents-&gt;handle(Object(Illuminate\Http\Request), Object(Closure))
#59 C:\laragon\www\CarRentSystem\app\Http\Middleware\LocalizationMiddleware.php(41): Illuminate\Pipeline\Pipeline-&gt;{closure:{closure:Illuminate\Pipeline\Pipeline::carry():194}:195}(Object(Illuminate\Http\Request))
#60 C:\laragon\www\CarRentSystem\vendor\laravel\framework\src\Illuminate\Pipeline\Pipeline.php(219): App\Http\Middleware\LocalizationMiddleware-&gt;handle(Object(Illuminate\Http\Request), Object(Closure))
#61 C:\laragon\www\CarRentSystem\vendor\laravel\framework\src\Illuminate\Routing\Middleware\SubstituteBindings.php(50): Illuminate\Pipeline\Pipeline-&gt;{closure:{closure:Illuminate\Pipeline\Pipeline::carry():194}:195}(Object(Illuminate\Http\Request))
#62 C:\laragon\www\CarRentSystem\vendor\laravel\framework\src\Illuminate\Pipeline\Pipeline.php(219): Illuminate\Routing\Middleware\SubstituteBindings-&gt;handle(Object(Illuminate\Http\Request), Object(Closure))
#63 C:\laragon\www\CarRentSystem\vendor\laravel\framework\src\Illuminate\Auth\Middleware\Authenticate.php(63): Illuminate\Pipeline\Pipeline-&gt;{closure:{closure:Illuminate\Pipeline\Pipeline::carry():194}:195}(Object(Illuminate\Http\Request))
#64 C:\laragon\www\CarRentSystem\vendor\laravel\framework\src\Illuminate\Pipeline\Pipeline.php(219): Illuminate\Auth\Middleware\Authenticate-&gt;handle(Object(Illuminate\Http\Request), Object(Closure))
#65 C:\laragon\www\CarRentSystem\vendor\laravel\framework\src\Illuminate\View\Middleware\ShareErrorsFromSession.php(48): Illuminate\Pipeline\Pipeline-&gt;{closure:{closure:Illuminate\Pipeline\Pipeline::carry():194}:195}(Object(Illuminate\Http\Request))
#66 C:\laragon\www\CarRentSystem\vendor\laravel\framework\src\Illuminate\Pipeline\Pipeline.php(219): Illuminate\View\Middleware\ShareErrorsFromSession-&gt;handle(Object(Illuminate\Http\Request), Object(Closure))
#67 C:\laragon\www\CarRentSystem\vendor\laravel\framework\src\Illuminate\Session\Middleware\StartSession.php(120): Illuminate\Pipeline\Pipeline-&gt;{closure:{closure:Illuminate\Pipeline\Pipeline::carry():194}:195}(Object(Illuminate\Http\Request))
#68 C:\laragon\www\CarRentSystem\vendor\laravel\framework\src\Illuminate\Session\Middleware\StartSession.php(63): Illuminate\Session\Middleware\StartSession-&gt;handleStatefulRequest(Object(Illuminate\Http\Request), Object(Illuminate\Session\Store), Object(Closure))
#69 C:\laragon\www\CarRentSystem\vendor\laravel\framework\src\Illuminate\Pipeline\Pipeline.php(219): Illuminate\Session\Middleware\StartSession-&gt;handle(Object(Illuminate\Http\Request), Object(Closure))
#70 C:\laragon\www\CarRentSystem\vendor\laravel\framework\src\Illuminate\Cookie\Middleware\AddQueuedCookiesToResponse.php(36): Illuminate\Pipeline\Pipeline-&gt;{closure:{closure:Illuminate\Pipeline\Pipeline::carry():194}:195}(Object(Illuminate\Http\Request))
#71 C:\laragon\www\CarRentSystem\vendor\laravel\framework\src\Illuminate\Pipeline\Pipeline.php(219): Illuminate\Cookie\Middleware\AddQueuedCookiesToResponse-&gt;handle(Object(Illuminate\Http\Request), Object(Closure))
#72 C:\laragon\www\CarRentSystem\vendor\laravel\framework\src\Illuminate\Cookie\Middleware\EncryptCookies.php(74): Illuminate\Pipeline\Pipeline-&gt;{closure:{closure:Illuminate\Pipeline\Pipeline::carry():194}:195}(Object(Illuminate\Http\Request))
#73 C:\laragon\www\CarRentSystem\vendor\laravel\framework\src\Illuminate\Pipeline\Pipeline.php(219): Illuminate\Cookie\Middleware\EncryptCookies-&gt;handle(Object(Illuminate\Http\Request), Object(Closure))
#74 C:\laragon\www\CarRentSystem\vendor\filament\filament\src\Http\Middleware\SetUpPanel.php(19): Illuminate\Pipeline\Pipeline-&gt;{closure:{closure:Illuminate\Pipeline\Pipeline::carry():194}:195}(Object(Illuminate\Http\Request))
#75 C:\laragon\www\CarRentSystem\vendor\laravel\framework\src\Illuminate\Pipeline\Pipeline.php(219): Filament\Http\Middleware\SetUpPanel-&gt;handle(Object(Illuminate\Http\Request), Object(Closure), Object(Filament\Panel))
#76 C:\laragon\www\CarRentSystem\vendor\laravel\framework\src\Illuminate\Pipeline\Pipeline.php(137): Illuminate\Pipeline\Pipeline-&gt;{closure:{closure:Illuminate\Pipeline\Pipeline::carry():194}:195}(Object(Illuminate\Http\Request))
#77 C:\laragon\www\CarRentSystem\vendor\laravel\framework\src\Illuminate\Routing\Router.php(821): Illuminate\Pipeline\Pipeline-&gt;then(Object(Closure))
#78 C:\laragon\www\CarRentSystem\vendor\laravel\framework\src\Illuminate\Routing\Router.php(800): Illuminate\Routing\Router-&gt;runRouteWithinStack(Object(Illuminate\Routing\Route), Object(Illuminate\Http\Request))
#79 C:\laragon\www\CarRentSystem\vendor\laravel\framework\src\Illuminate\Routing\Router.php(764): Illuminate\Routing\Router-&gt;runRoute(Object(Illuminate\Http\Request), Object(Illuminate\Routing\Route))
#80 C:\laragon\www\CarRentSystem\vendor\laravel\framework\src\Illuminate\Routing\Router.php(753): Illuminate\Routing\Router-&gt;dispatchToRoute(Object(Illuminate\Http\Request))
#81 C:\laragon\www\CarRentSystem\vendor\laravel\framework\src\Illuminate\Foundation\Http\Kernel.php(200): Illuminate\Routing\Router-&gt;dispatch(Object(Illuminate\Http\Request))
#82 C:\laragon\www\CarRentSystem\vendor\laravel\framework\src\Illuminate\Pipeline\Pipeline.php(180): Illuminate\Foundation\Http\Kernel-&gt;{closure:Illuminate\Foundation\Http\Kernel::dispatchToRouter():197}(Object(Illuminate\Http\Request))
#83 C:\laragon\www\CarRentSystem\vendor\livewire\livewire\src\Features\SupportDisablingBackButtonCache\DisableBackButtonCacheMiddleware.php(19): Illuminate\Pipeline\Pipeline-&gt;{closure:Illuminate\Pipeline\Pipeline::prepareDestination():178}(Object(Illuminate\Http\Request))
#84 C:\laragon\www\CarRentSystem\vendor\laravel\framework\src\Illuminate\Pipeline\Pipeline.php(219): Livewire\Features\SupportDisablingBackButtonCache\DisableBackButtonCacheMiddleware-&gt;handle(Object(Illuminate\Http\Request), Object(Closure))
#85 C:\laragon\www\CarRentSystem\vendor\laravel\framework\src\Illuminate\Foundation\Http\Middleware\TransformsRequest.php(21): Illuminate\Pipeline\Pipeline-&gt;{closure:{closure:Illuminate\Pipeline\Pipeline::carry():194}:195}(Object(Illuminate\Http\Request))
#86 C:\laragon\www\CarRentSystem\vendor\laravel\framework\src\Illuminate\Foundation\Http\Middleware\ConvertEmptyStringsToNull.php(31): Illuminate\Foundation\Http\Middleware\TransformsRequest-&gt;handle(Object(Illuminate\Http\Request), Object(Closure))
#87 C:\laragon\www\CarRentSystem\vendor\laravel\framework\src\Illuminate\Pipeline\Pipeline.php(219): Illuminate\Foundation\Http\Middleware\ConvertEmptyStringsToNull-&gt;handle(Object(Illuminate\Http\Request), Object(Closure))
#88 C:\laragon\www\CarRentSystem\vendor\laravel\framework\src\Illuminate\Foundation\Http\Middleware\TransformsRequest.php(21): Illuminate\Pipeline\Pipeline-&gt;{closure:{closure:Illuminate\Pipeline\Pipeline::carry():194}:195}(Object(Illuminate\Http\Request))
#89 C:\laragon\www\CarRentSystem\vendor\laravel\framework\src\Illuminate\Foundation\Http\Middleware\TrimStrings.php(51): Illuminate\Foundation\Http\Middleware\TransformsRequest-&gt;handle(Object(Illuminate\Http\Request), Object(Closure))
#90 C:\laragon\www\CarRentSystem\vendor\laravel\framework\src\Illuminate\Pipeline\Pipeline.php(219): Illuminate\Foundation\Http\Middleware\TrimStrings-&gt;handle(Object(Illuminate\Http\Request), Object(Closure))
#91 C:\laragon\www\CarRentSystem\vendor\laravel\framework\src\Illuminate\Http\Middleware\ValidatePostSize.php(27): Illuminate\Pipeline\Pipeline-&gt;{closure:{closure:Illuminate\Pipeline\Pipeline::carry():194}:195}(Object(Illuminate\Http\Request))
#92 C:\laragon\www\CarRentSystem\vendor\laravel\framework\src\Illuminate\Pipeline\Pipeline.php(219): Illuminate\Http\Middleware\ValidatePostSize-&gt;handle(Object(Illuminate\Http\Request), Object(Closure))
#93 C:\laragon\www\CarRentSystem\vendor\laravel\framework\src\Illuminate\Foundation\Http\Middleware\PreventRequestsDuringMaintenance.php(109): Illuminate\Pipeline\Pipeline-&gt;{closure:{closure:Illuminate\Pipeline\Pipeline::carry():194}:195}(Object(Illuminate\Http\Request))
#94 C:\laragon\www\CarRentSystem\vendor\laravel\framework\src\Illuminate\Pipeline\Pipeline.php(219): Illuminate\Foundation\Http\Middleware\PreventRequestsDuringMaintenance-&gt;handle(Object(Illuminate\Http\Request), Object(Closure))
#95 C:\laragon\www\CarRentSystem\vendor\laravel\framework\src\Illuminate\Http\Middleware\HandleCors.php(61): Illuminate\Pipeline\Pipeline-&gt;{closure:{closure:Illuminate\Pipeline\Pipeline::carry():194}:195}(Object(Illuminate\Http\Request))
#96 C:\laragon\www\CarRentSystem\vendor\laravel\framework\src\Illuminate\Pipeline\Pipeline.php(219): Illuminate\Http\Middleware\HandleCors-&gt;handle(Object(Illuminate\Http\Request), Object(Closure))
#97 C:\laragon\www\CarRentSystem\vendor\laravel\framework\src\Illuminate\Http\Middleware\TrustProxies.php(58): Illuminate\Pipeline\Pipeline-&gt;{closure:{closure:Illuminate\Pipeline\Pipeline::carry():194}:195}(Object(Illuminate\Http\Request))
#98 C:\laragon\www\CarRentSystem\vendor\laravel\framework\src\Illuminate\Pipeline\Pipeline.php(219): Illuminate\Http\Middleware\TrustProxies-&gt;handle(Object(Illuminate\Http\Request), Object(Closure))
#99 C:\laragon\www\CarRentSystem\vendor\laravel\framework\src\Illuminate\Foundation\Http\Middleware\InvokeDeferredCallbacks.php(22): Illuminate\Pipeline\Pipeline-&gt;{closure:{closure:Illuminate\Pipeline\Pipeline::carry():194}:195}(Object(Illuminate\Http\Request))
#100 C:\laragon\www\CarRentSystem\vendor\laravel\framework\src\Illuminate\Pipeline\Pipeline.php(219): Illuminate\Foundation\Http\Middleware\InvokeDeferredCallbacks-&gt;handle(Object(Illuminate\Http\Request), Object(Closure))
#101 C:\laragon\www\CarRentSystem\vendor\laravel\framework\src\Illuminate\Http\Middleware\ValidatePathEncoding.php(26): Illuminate\Pipeline\Pipeline-&gt;{closure:{closure:Illuminate\Pipeline\Pipeline::carry():194}:195}(Object(Illuminate\Http\Request))
#102 C:\laragon\www\CarRentSystem\vendor\laravel\framework\src\Illuminate\Pipeline\Pipeline.php(219): Illuminate\Http\Middleware\ValidatePathEncoding-&gt;handle(Object(Illuminate\Http\Request), Object(Closure))
#103 C:\laragon\www\CarRentSystem\vendor\laravel\framework\src\Illuminate\Pipeline\Pipeline.php(137): Illuminate\Pipeline\Pipeline-&gt;{closure:{closure:Illuminate\Pipeline\Pipeline::carry():194}:195}(Object(Illuminate\Http\Request))
#104 C:\laragon\www\CarRentSystem\vendor\laravel\framework\src\Illuminate\Foundation\Http\Kernel.php(175): Illuminate\Pipeline\Pipeline-&gt;then(Object(Closure))
#105 C:\laragon\www\CarRentSystem\vendor\laravel\framework\src\Illuminate\Foundation\Http\Kernel.php(144): Illuminate\Foundation\Http\Kernel-&gt;sendRequestThroughRouter(Object(Illuminate\Http\Request))
#106 C:\laragon\www\CarRentSystem\vendor\laravel\framework\src\Illuminate\Foundation\Testing\Concerns\MakesHttpRequests.php(607): Illuminate\Foundation\Http\Kernel-&gt;handle(Object(Illuminate\Http\Request))
#107 C:\laragon\www\CarRentSystem\vendor\laravel\framework\src\Illuminate\Foundation\Testing\Concerns\MakesHttpRequests.php(368): Illuminate\Foundation\Testing\TestCase-&gt;call('GET', '/admin/activity...', Array, Array, Array, Array)
#108 C:\laragon\www\CarRentSystem\tests\Feature\ActivityLogManagementTest.php(47): Illuminate\Foundation\Testing\TestCase-&gt;get('/admin/activity...')
#109 C:\laragon\www\CarRentSystem\vendor\pestphp\pest\src\Factories\TestCaseMethodFactory.php(168): P\Tests\Feature\ActivityLogManagementTest-&gt;{closure:{closure:{closure:C:\laragon\www\CarRentSystem\tests\Feature\ActivityLogManagementTest.php:13}:20}:42}()
#110 [internal function]: P\Tests\Feature\ActivityLogManagementTest-&gt;{closure:Pest\Factories\TestCaseMethodFactory::getClosure():158}()
#111 C:\laragon\www\CarRentSystem\vendor\pestphp\pest\src\Concerns\Testable.php(429): call_user_func_array(Object(Closure), Array)
#112 C:\laragon\www\CarRentSystem\vendor\pestphp\pest\src\Support\ExceptionTrace.php(26): P\Tests\Feature\ActivityLogManagementTest-&gt;{closure:Pest\Concerns\Testable::__callClosure():429}()
#113 C:\laragon\www\CarRentSystem\vendor\pestphp\pest\src\Concerns\Testable.php(429): Pest\Support\ExceptionTrace::ensure(Object(Closure))
#114 C:\laragon\www\CarRentSystem\vendor\pestphp\pest\src\Concerns\Testable.php(331): P\Tests\Feature\ActivityLogManagementTest-&gt;__callClosure(Object(Closure), Array)
#115 C:\laragon\www\CarRentSystem\vendor\pestphp\pest\src\Factories\TestCaseFactory.php(169) : eval()'d code(44): P\Tests\Feature\ActivityLogManagementTest-&gt;__runTest(Object(Closure))
#116 C:\laragon\www\CarRentSystem\vendor\phpunit\phpunit\src\Framework\TestCase.php(1316): P\Tests\Feature\ActivityLogManagementTest-&gt;__pest_evaluable__Activity_Log_Management__→__Activity_Log_Listing__→_it_filters_logs_by_user()
#117 C:\laragon\www\CarRentSystem\vendor\phpunit\phpunit\src\Framework\TestCase.php(516): PHPUnit\Framework\TestCase-&gt;runTest()
#118 C:\laragon\www\CarRentSystem\vendor\phpunit\phpunit\src\Framework\TestRunner\TestRunner.php(99): PHPUnit\Framework\TestCase-&gt;runBare()
#119 C:\laragon\www\CarRentSystem\vendor\phpunit\phpunit\src\Framework\TestCase.php(357): PHPUnit\Framework\TestRunner-&gt;run(Object(P\Tests\Feature\ActivityLogManagementTest))
#120 C:\laragon\www\CarRentSystem\vendor\phpunit\phpunit\src\Framework\TestSuite.php(374): PHPUnit\Framework\TestCase-&gt;run()
#121 C:\laragon\www\CarRentSystem\vendor\phpunit\phpunit\src\Framework\TestSuite.php(374): PHPUnit\Framework\TestSuite-&gt;run()
#122 C:\laragon\www\CarRentSystem\vendor\phpunit\phpunit\src\Framework\TestSuite.php(374): PHPUnit\Framework\TestSuite-&gt;run()
#123 C:\laragon\www\CarRentSystem\vendor\phpunit\phpunit\src\TextUI\TestRunner.php(64): PHPUnit\Framework\TestSuite-&gt;run()
#124 C:\laragon\www\CarRentSystem\vendor\phpunit\phpunit\src\TextUI\Application.php(229): PHPUnit\TextUI\TestRunner-&gt;run(Object(PHPUnit\TextUI\Configuration\Configuration), Object(PHPUnit\Runner\ResultCache\DefaultResultCache), Object(PHPUnit\Framework\TestSuite))
#125 C:\laragon\www\CarRentSystem\vendor\pestphp\pest\src\Kernel.php(103): PHPUnit\TextUI\Application-&gt;run(Array)
#126 C:\laragon\www\CarRentSystem\vendor\pestphp\pest\bin\pest(184): Pest\Kernel-&gt;handle(Array, Array)
#127 C:\laragon\www\CarRentSystem\vendor\pestphp\pest\bin\pest(192): {closure:C:\laragon\www\CarRentSystem\vendor\pestphp\pest\bin\pest:18}()
#128 C:\laragon\www\CarRentSystem\vendor\bin\pest(119): include('C:\\laragon\\www\\...')
#129 {main}

Next Illuminate\View\ViewException: SQLSTATE[HY000]: General error: 1 no such column: activity_log.name (Connection: sqlite, SQL: select "activity_log"."name", "" from "activity_log" order by "activity_log"."name" asc limit 50) (View: C:\laragon\www\CarRentSystem\vendor\filament\forms\resources\views\components\select.blade.php) (View: C:\laragon\www\CarRentSystem\vendor\filament\forms\resources\views\components\select.blade.php) (View: C:\laragon\www\CarRentSystem\vendor\filament\forms\resources\views\components\select.blade.php) in C:\laragon\www\CarRentSystem\vendor\laravel\framework\src\Illuminate\Database\Connection.php:824
Stack trace:
#0 C:\laragon\www\CarRentSystem\vendor\livewire\livewire\src\Mechanisms\ExtendBlade\ExtendedCompilerEngine.php(58): Illuminate\View\Engines\CompilerEngine-&gt;handleViewException(Object(Illuminate\View\ViewException), 8)
#1 C:\laragon\www\CarRentSystem\vendor\livewire\livewire\src\Mechanisms\ExtendBlade\ExtendedCompilerEngine.php(40): Livewire\Mechanisms\ExtendBlade\ExtendedCompilerEngine-&gt;handleViewException(Object(Illuminate\View\ViewException), 8)
#2 C:\laragon\www\CarRentSystem\vendor\laravel\framework\src\Illuminate\View\Engines\CompilerEngine.php(76): Livewire\Mechanisms\ExtendBlade\ExtendedCompilerEngine-&gt;evaluatePath('C:\\laragon\\www\\...', Array)
#3 C:\laragon\www\CarRentSystem\vendor\livewire\livewire\src\Mechanisms\ExtendBlade\ExtendedCompilerEngine.php(16): Illuminate\View\Engines\CompilerEngine-&gt;get('C:\\laragon\\www\\...', Array)
#4 C:\laragon\www\CarRentSystem\vendor\laravel\framework\src\Illuminate\View\View.php(208): Livewire\Mechanisms\ExtendBlade\ExtendedCompilerEngine-&gt;get('C:\\laragon\\www\\...', Array)
#5 C:\laragon\www\CarRentSystem\vendor\laravel\framework\src\Illuminate\View\View.php(191): Illuminate\View\View-&gt;getContents()
#6 C:\laragon\www\CarRentSystem\vendor\laravel\framework\src\Illuminate\View\View.php(160): Illuminate\View\View-&gt;renderContents()
#7 C:\laragon\www\CarRentSystem\vendor\laravel\framework\src\Illuminate\View\Concerns\ManagesComponents.php(103): Illuminate\View\View-&gt;render()
#8 C:\laragon\www\CarRentSystem\storage\framework\views\63d0da9e86cc349a52193e89442d61e4.php(727): Illuminate\View\Factory-&gt;renderComponent()
#9 C:\laragon\www\CarRentSystem\vendor\livewire\livewire\src\Mechanisms\ExtendBlade\ExtendedCompilerEngine.php(37): include('C:\\laragon\\www\\...')
#10 C:\laragon\www\CarRentSystem\vendor\livewire\livewire\src\Mechanisms\ExtendBlade\ExtendedCompilerEngine.php(38): App\Filament\Resources\ActivityLogResource\Pages\ListActivityLogs-&gt;{closure:Livewire\Mechanisms\ExtendBlade\ExtendedCompilerEngine::evaluatePath():35}()
#11 C:\laragon\www\CarRentSystem\vendor\laravel\framework\src\Illuminate\View\Engines\CompilerEngine.php(76): Livewire\Mechanisms\ExtendBlade\ExtendedCompilerEngine-&gt;evaluatePath('C:\\laragon\\www\\...', Array)
#12 C:\laragon\www\CarRentSystem\vendor\livewire\livewire\src\Mechanisms\ExtendBlade\ExtendedCompilerEngine.php(16): Illuminate\View\Engines\CompilerEngine-&gt;get('C:\\laragon\\www\\...', Array)
#13 C:\laragon\www\CarRentSystem\vendor\laravel\framework\src\Illuminate\View\View.php(208): Livewire\Mechanisms\ExtendBlade\ExtendedCompilerEngine-&gt;get('C:\\laragon\\www\\...', Array)
#14 C:\laragon\www\CarRentSystem\vendor\laravel\framework\src\Illuminate\View\View.php(191): Illuminate\View\View-&gt;getContents()
#15 C:\laragon\www\CarRentSystem\vendor\laravel\framework\src\Illuminate\View\View.php(160): Illuminate\View\View-&gt;renderContents()
#16 C:\laragon\www\CarRentSystem\vendor\filament\support\src\Components\ViewComponent.php(125): Illuminate\View\View-&gt;render()
#17 C:\laragon\www\CarRentSystem\vendor\filament\schemas\src\Components\Component.php(221): Filament\Support\Components\ViewComponent-&gt;toHtml()
#18 C:\laragon\www\CarRentSystem\vendor\filament\schemas\src\Schema.php(205): Filament\Schemas\Components\Component-&gt;toSchemaHtml(true)
#19 C:\laragon\www\CarRentSystem\vendor\filament\support\src\Components\ViewComponent.php(122): Filament\Schemas\Schema-&gt;toEmbeddedHtml()
#20 C:\laragon\www\CarRentSystem\vendor\laravel\framework\src\Illuminate\Support\helpers.php(130): Filament\Support\Components\ViewComponent-&gt;toHtml()
#21 C:\laragon\www\CarRentSystem\storage\framework\views\440b755faea75388110fdd3acae41dc5.php(11): e(Object(Filament\Schemas\Schema))
#22 C:\laragon\www\CarRentSystem\vendor\livewire\livewire\src\Mechanisms\ExtendBlade\ExtendedCompilerEngine.php(37): include('C:\\laragon\\www\\...')
#23 C:\laragon\www\CarRentSystem\vendor\livewire\livewire\src\Mechanisms\ExtendBlade\ExtendedCompilerEngine.php(38): App\Filament\Resources\ActivityLogResource\Pages\ListActivityLogs-&gt;{closure:Livewire\Mechanisms\ExtendBlade\ExtendedCompilerEngine::evaluatePath():35}()
#24 C:\laragon\www\CarRentSystem\vendor\laravel\framework\src\Illuminate\View\Engines\CompilerEngine.php(76): Livewire\Mechanisms\ExtendBlade\ExtendedCompilerEngine-&gt;evaluatePath('C:\\laragon\\www\\...', Array)
#25 C:\laragon\www\CarRentSystem\vendor\livewire\livewire\src\Mechanisms\ExtendBlade\ExtendedCompilerEngine.php(16): Illuminate\View\Engines\CompilerEngine-&gt;get('C:\\laragon\\www\\...', Array)
#26 C:\laragon\www\CarRentSystem\vendor\laravel\framework\src\Illuminate\View\View.php(208): Livewire\Mechanisms\ExtendBlade\ExtendedCompilerEngine-&gt;get('C:\\laragon\\www\\...', Array)
#27 C:\laragon\www\CarRentSystem\vendor\laravel\framework\src\Illuminate\View\View.php(191): Illuminate\View\View-&gt;getContents()
#28 C:\laragon\www\CarRentSystem\vendor\laravel\framework\src\Illuminate\View\View.php(160): Illuminate\View\View-&gt;renderContents()
#29 C:\laragon\www\CarRentSystem\vendor\livewire\livewire\src\Mechanisms\HandleComponents\HandleComponents.php(259): Illuminate\View\View-&gt;render(Object(Closure))
#30 C:\laragon\www\CarRentSystem\vendor\livewire\livewire\src\Mechanisms\HandleComponents\HandleComponents.php(303): Livewire\Mechanisms\HandleComponents\HandleComponents-&gt;{closure:Livewire\Mechanisms\HandleComponents\HandleComponents::render():251}()
#31 C:\laragon\www\CarRentSystem\vendor\livewire\livewire\src\Mechanisms\HandleComponents\HandleComponents.php(251): Livewire\Mechanisms\HandleComponents\HandleComponents-&gt;trackInRenderStack(Object(App\Filament\Resources\ActivityLogResource\Pages\ListActivityLogs), Object(Closure))
#32 C:\laragon\www\CarRentSystem\vendor\livewire\livewire\src\Mechanisms\HandleComponents\HandleComponents.php(54): Livewire\Mechanisms\HandleComponents\HandleComponents-&gt;render(Object(App\Filament\Resources\ActivityLogResource\Pages\ListActivityLogs), '&lt;div&gt;&lt;/div&gt;')
#33 C:\laragon\www\CarRentSystem\vendor\livewire\livewire\src\LivewireManager.php(73): Livewire\Mechanisms\HandleComponents\HandleComponents-&gt;mount('App\\Filament\\Re...', Array, NULL)
#34 C:\laragon\www\CarRentSystem\vendor\livewire\livewire\src\Features\SupportPageComponents\HandlesPageComponents.php(17): Livewire\LivewireManager-&gt;mount('App\\Filament\\Re...', Array)
#35 C:\laragon\www\CarRentSystem\vendor\livewire\livewire\src\Features\SupportPageComponents\SupportPageComponents.php(117): Livewire\Component-&gt;{closure:Livewire\Features\SupportPageComponents\HandlesPageComponents::__invoke():14}()
#36 C:\laragon\www\CarRentSystem\vendor\livewire\livewire\src\Features\SupportPageComponents\HandlesPageComponents.php(14): Livewire\Features\SupportPageComponents\SupportPageComponents::interceptTheRenderOfTheComponentAndRetreiveTheLayoutConfiguration(Object(Closure))
#37 C:\laragon\www\CarRentSystem\vendor\laravel\framework\src\Illuminate\Routing\ControllerDispatcher.php(46): Livewire\Component-&gt;__invoke()
#38 C:\laragon\www\CarRentSystem\vendor\laravel\framework\src\Illuminate\Routing\Route.php(265): Illuminate\Routing\ControllerDispatcher-&gt;dispatch(Object(Illuminate\Routing\Route), Object(App\Filament\Resources\ActivityLogResource\Pages\ListActivityLogs), '__invoke')
#39 C:\laragon\www\CarRentSystem\vendor\laravel\framework\src\Illuminate\Routing\Route.php(211): Illuminate\Routing\Route-&gt;runController()
#40 C:\laragon\www\CarRentSystem\vendor\laravel\framework\src\Illuminate\Routing\Router.php(822): Illuminate\Routing\Route-&gt;run()
#41 C:\laragon\www\CarRentSystem\vendor\laravel\framework\src\Illuminate\Pipeline\Pipeline.php(180): Illuminate\Routing\Router-&gt;{closure:Illuminate\Routing\Router::runRouteWithinStack():821}(Object(Illuminate\Http\Request))
#42 C:\laragon\www\CarRentSystem\vendor\filament\filament\src\Http\Middleware\DispatchServingFilamentEvent.php(15): Illuminate\Pipeline\Pipeline-&gt;{closure:Illuminate\Pipeline\Pipeline::prepareDestination():178}(Object(Illuminate\Http\Request))
#43 C:\laragon\www\CarRentSystem\vendor\laravel\framework\src\Illuminate\Pipeline\Pipeline.php(219): Filament\Http\Middleware\DispatchServingFilamentEvent-&gt;handle(Object(Illuminate\Http\Request), Object(Closure))
#44 C:\laragon\www\CarRentSystem\vendor\filament\filament\src\Http\Middleware\DisableBladeIconComponents.php(14): Illuminate\Pipeline\Pipeline-&gt;{closure:{closure:Illuminate\Pipeline\Pipeline::carry():194}:195}(Object(Illuminate\Http\Request))
#45 C:\laragon\www\CarRentSystem\vendor\laravel\framework\src\Illuminate\Pipeline\Pipeline.php(219): Filament\Http\Middleware\DisableBladeIconComponents-&gt;handle(Object(Illuminate\Http\Request), Object(Closure))
#46 C:\laragon\www\CarRentSystem\app\Http\Middleware\LocalizationMiddleware.php(41): Illuminate\Pipeline\Pipeline-&gt;{closure:{closure:Illuminate\Pipeline\Pipeline::carry():194}:195}(Object(Illuminate\Http\Request))
#47 C:\laragon\www\CarRentSystem\vendor\laravel\framework\src\Illuminate\Pipeline\Pipeline.php(219): App\Http\Middleware\LocalizationMiddleware-&gt;handle(Object(Illuminate\Http\Request), Object(Closure))
#48 C:\laragon\www\CarRentSystem\vendor\laravel\framework\src\Illuminate\Routing\Middleware\SubstituteBindings.php(50): Illuminate\Pipeline\Pipeline-&gt;{closure:{closure:Illuminate\Pipeline\Pipeline::carry():194}:195}(Object(Illuminate\Http\Request))
#49 C:\laragon\www\CarRentSystem\vendor\laravel\framework\src\Illuminate\Pipeline\Pipeline.php(219): Illuminate\Routing\Middleware\SubstituteBindings-&gt;handle(Object(Illuminate\Http\Request), Object(Closure))
#50 C:\laragon\www\CarRentSystem\vendor\laravel\framework\src\Illuminate\Auth\Middleware\Authenticate.php(63): Illuminate\Pipeline\Pipeline-&gt;{closure:{closure:Illuminate\Pipeline\Pipeline::carry():194}:195}(Object(Illuminate\Http\Request))
#51 C:\laragon\www\CarRentSystem\vendor\laravel\framework\src\Illuminate\Pipeline\Pipeline.php(219): Illuminate\Auth\Middleware\Authenticate-&gt;handle(Object(Illuminate\Http\Request), Object(Closure))
#52 C:\laragon\www\CarRentSystem\vendor\laravel\framework\src\Illuminate\View\Middleware\ShareErrorsFromSession.php(48): Illuminate\Pipeline\Pipeline-&gt;{closure:{closure:Illuminate\Pipeline\Pipeline::carry():194}:195}(Object(Illuminate\Http\Request))
#53 C:\laragon\www\CarRentSystem\vendor\laravel\framework\src\Illuminate\Pipeline\Pipeline.php(219): Illuminate\View\Middleware\ShareErrorsFromSession-&gt;handle(Object(Illuminate\Http\Request), Object(Closure))
#54 C:\laragon\www\CarRentSystem\vendor\laravel\framework\src\Illuminate\Session\Middleware\StartSession.php(120): Illuminate\Pipeline\Pipeline-&gt;{closure:{closure:Illuminate\Pipeline\Pipeline::carry():194}:195}(Object(Illuminate\Http\Request))
#55 C:\laragon\www\CarRentSystem\vendor\laravel\framework\src\Illuminate\Session\Middleware\StartSession.php(63): Illuminate\Session\Middleware\StartSession-&gt;handleStatefulRequest(Object(Illuminate\Http\Request), Object(Illuminate\Session\Store), Object(Closure))
#56 C:\laragon\www\CarRentSystem\vendor\laravel\framework\src\Illuminate\Pipeline\Pipeline.php(219): Illuminate\Session\Middleware\StartSession-&gt;handle(Object(Illuminate\Http\Request), Object(Closure))
#57 C:\laragon\www\CarRentSystem\vendor\laravel\framework\src\Illuminate\Cookie\Middleware\AddQueuedCookiesToResponse.php(36): Illuminate\Pipeline\Pipeline-&gt;{closure:{closure:Illuminate\Pipeline\Pipeline::carry():194}:195}(Object(Illuminate\Http\Request))
#58 C:\laragon\www\CarRentSystem\vendor\laravel\framework\src\Illuminate\Pipeline\Pipeline.php(219): Illuminate\Cookie\Middleware\AddQueuedCookiesToResponse-&gt;handle(Object(Illuminate\Http\Request), Object(Closure))
#59 C:\laragon\www\CarRentSystem\vendor\laravel\framework\src\Illuminate\Cookie\Middleware\EncryptCookies.php(74): Illuminate\Pipeline\Pipeline-&gt;{closure:{closure:Illuminate\Pipeline\Pipeline::carry():194}:195}(Object(Illuminate\Http\Request))
#60 C:\laragon\www\CarRentSystem\vendor\laravel\framework\src\Illuminate\Pipeline\Pipeline.php(219): Illuminate\Cookie\Middleware\EncryptCookies-&gt;handle(Object(Illuminate\Http\Request), Object(Closure))
#61 C:\laragon\www\CarRentSystem\vendor\filament\filament\src\Http\Middleware\SetUpPanel.php(19): Illuminate\Pipeline\Pipeline-&gt;{closure:{closure:Illuminate\Pipeline\Pipeline::carry():194}:195}(Object(Illuminate\Http\Request))
#62 C:\laragon\www\CarRentSystem\vendor\laravel\framework\src\Illuminate\Pipeline\Pipeline.php(219): Filament\Http\Middleware\SetUpPanel-&gt;handle(Object(Illuminate\Http\Request), Object(Closure), Object(Filament\Panel))
#63 C:\laragon\www\CarRentSystem\vendor\laravel\framework\src\Illuminate\Pipeline\Pipeline.php(137): Illuminate\Pipeline\Pipeline-&gt;{closure:{closure:Illuminate\Pipeline\Pipeline::carry():194}:195}(Object(Illuminate\Http\Request))
#64 C:\laragon\www\CarRentSystem\vendor\laravel\framework\src\Illuminate\Routing\Router.php(821): Illuminate\Pipeline\Pipeline-&gt;then(Object(Closure))
#65 C:\laragon\www\CarRentSystem\vendor\laravel\framework\src\Illuminate\Routing\Router.php(800): Illuminate\Routing\Router-&gt;runRouteWithinStack(Object(Illuminate\Routing\Route), Object(Illuminate\Http\Request))
#66 C:\laragon\www\CarRentSystem\vendor\laravel\framework\src\Illuminate\Routing\Router.php(764): Illuminate\Routing\Router-&gt;runRoute(Object(Illuminate\Http\Request), Object(Illuminate\Routing\Route))
#67 C:\laragon\www\CarRentSystem\vendor\laravel\framework\src\Illuminate\Routing\Router.php(753): Illuminate\Routing\Router-&gt;dispatchToRoute(Object(Illuminate\Http\Request))
#68 C:\laragon\www\CarRentSystem\vendor\laravel\framework\src\Illuminate\Foundation\Http\Kernel.php(200): Illuminate\Routing\Router-&gt;dispatch(Object(Illuminate\Http\Request))
#69 C:\laragon\www\CarRentSystem\vendor\laravel\framework\src\Illuminate\Pipeline\Pipeline.php(180): Illuminate\Foundation\Http\Kernel-&gt;{closure:Illuminate\Foundation\Http\Kernel::dispatchToRouter():197}(Object(Illuminate\Http\Request))
#70 C:\laragon\www\CarRentSystem\vendor\livewire\livewire\src\Features\SupportDisablingBackButtonCache\DisableBackButtonCacheMiddleware.php(19): Illuminate\Pipeline\Pipeline-&gt;{closure:Illuminate\Pipeline\Pipeline::prepareDestination():178}(Object(Illuminate\Http\Request))
#71 C:\laragon\www\CarRentSystem\vendor\laravel\framework\src\Illuminate\Pipeline\Pipeline.php(219): Livewire\Features\SupportDisablingBackButtonCache\DisableBackButtonCacheMiddleware-&gt;handle(Object(Illuminate\Http\Request), Object(Closure))
#72 C:\laragon\www\CarRentSystem\vendor\laravel\framework\src\Illuminate\Foundation\Http\Middleware\TransformsRequest.php(21): Illuminate\Pipeline\Pipeline-&gt;{closure:{closure:Illuminate\Pipeline\Pipeline::carry():194}:195}(Object(Illuminate\Http\Request))
#73 C:\laragon\www\CarRentSystem\vendor\laravel\framework\src\Illuminate\Foundation\Http\Middleware\ConvertEmptyStringsToNull.php(31): Illuminate\Foundation\Http\Middleware\TransformsRequest-&gt;handle(Object(Illuminate\Http\Request), Object(Closure))
#74 C:\laragon\www\CarRentSystem\vendor\laravel\framework\src\Illuminate\Pipeline\Pipeline.php(219): Illuminate\Foundation\Http\Middleware\ConvertEmptyStringsToNull-&gt;handle(Object(Illuminate\Http\Request), Object(Closure))
#75 C:\laragon\www\CarRentSystem\vendor\laravel\framework\src\Illuminate\Foundation\Http\Middleware\TransformsRequest.php(21): Illuminate\Pipeline\Pipeline-&gt;{closure:{closure:Illuminate\Pipeline\Pipeline::carry():194}:195}(Object(Illuminate\Http\Request))
#76 C:\laragon\www\CarRentSystem\vendor\laravel\framework\src\Illuminate\Foundation\Http\Middleware\TrimStrings.php(51): Illuminate\Foundation\Http\Middleware\TransformsRequest-&gt;handle(Object(Illuminate\Http\Request), Object(Closure))
#77 C:\laragon\www\CarRentSystem\vendor\laravel\framework\src\Illuminate\Pipeline\Pipeline.php(219): Illuminate\Foundation\Http\Middleware\TrimStrings-&gt;handle(Object(Illuminate\Http\Request), Object(Closure))
#78 C:\laragon\www\CarRentSystem\vendor\laravel\framework\src\Illuminate\Http\Middleware\ValidatePostSize.php(27): Illuminate\Pipeline\Pipeline-&gt;{closure:{closure:Illuminate\Pipeline\Pipeline::carry():194}:195}(Object(Illuminate\Http\Request))
#79 C:\laragon\www\CarRentSystem\vendor\laravel\framework\src\Illuminate\Pipeline\Pipeline.php(219): Illuminate\Http\Middleware\ValidatePostSize-&gt;handle(Object(Illuminate\Http\Request), Object(Closure))
#80 C:\laragon\www\CarRentSystem\vendor\laravel\framework\src\Illuminate\Foundation\Http\Middleware\PreventRequestsDuringMaintenance.php(109): Illuminate\Pipeline\Pipeline-&gt;{closure:{closure:Illuminate\Pipeline\Pipeline::carry():194}:195}(Object(Illuminate\Http\Request))
#81 C:\laragon\www\CarRentSystem\vendor\laravel\framework\src\Illuminate\Pipeline\Pipeline.php(219): Illuminate\Foundation\Http\Middleware\PreventRequestsDuringMaintenance-&gt;handle(Object(Illuminate\Http\Request), Object(Closure))
#82 C:\laragon\www\CarRentSystem\vendor\laravel\framework\src\Illuminate\Http\Middleware\HandleCors.php(61): Illuminate\Pipeline\Pipeline-&gt;{closure:{closure:Illuminate\Pipeline\Pipeline::carry():194}:195}(Object(Illuminate\Http\Request))
#83 C:\laragon\www\CarRentSystem\vendor\laravel\framework\src\Illuminate\Pipeline\Pipeline.php(219): Illuminate\Http\Middleware\HandleCors-&gt;handle(Object(Illuminate\Http\Request), Object(Closure))
#84 C:\laragon\www\CarRentSystem\vendor\laravel\framework\src\Illuminate\Http\Middleware\TrustProxies.php(58): Illuminate\Pipeline\Pipeline-&gt;{closure:{closure:Illuminate\Pipeline\Pipeline::carry():194}:195}(Object(Illuminate\Http\Request))
#85 C:\laragon\www\CarRentSystem\vendor\laravel\framework\src\Illuminate\Pipeline\Pipeline.php(219): Illuminate\Http\Middleware\TrustProxies-&gt;handle(Object(Illuminate\Http\Request), Object(Closure))
#86 C:\laragon\www\CarRentSystem\vendor\laravel\framework\src\Illuminate\Foundation\Http\Middleware\InvokeDeferredCallbacks.php(22): Illuminate\Pipeline\Pipeline-&gt;{closure:{closure:Illuminate\Pipeline\Pipeline::carry():194}:195}(Object(Illuminate\Http\Request))
#87 C:\laragon\www\CarRentSystem\vendor\laravel\framework\src\Illuminate\Pipeline\Pipeline.php(219): Illuminate\Foundation\Http\Middleware\InvokeDeferredCallbacks-&gt;handle(Object(Illuminate\Http\Request), Object(Closure))
#88 C:\laragon\www\CarRentSystem\vendor\laravel\framework\src\Illuminate\Http\Middleware\ValidatePathEncoding.php(26): Illuminate\Pipeline\Pipeline-&gt;{closure:{closure:Illuminate\Pipeline\Pipeline::carry():194}:195}(Object(Illuminate\Http\Request))
#89 C:\laragon\www\CarRentSystem\vendor\laravel\framework\src\Illuminate\Pipeline\Pipeline.php(219): Illuminate\Http\Middleware\ValidatePathEncoding-&gt;handle(Object(Illuminate\Http\Request), Object(Closure))
#90 C:\laragon\www\CarRentSystem\vendor\laravel\framework\src\Illuminate\Pipeline\Pipeline.php(137): Illuminate\Pipeline\Pipeline-&gt;{closure:{closure:Illuminate\Pipeline\Pipeline::carry():194}:195}(Object(Illuminate\Http\Request))
#91 C:\laragon\www\CarRentSystem\vendor\laravel\framework\src\Illuminate\Foundation\Http\Kernel.php(175): Illuminate\Pipeline\Pipeline-&gt;then(Object(Closure))
#92 C:\laragon\www\CarRentSystem\vendor\laravel\framework\src\Illuminate\Foundation\Http\Kernel.php(144): Illuminate\Foundation\Http\Kernel-&gt;sendRequestThroughRouter(Object(Illuminate\Http\Request))
#93 C:\laragon\www\CarRentSystem\vendor\laravel\framework\src\Illuminate\Foundation\Testing\Concerns\MakesHttpRequests.php(607): Illuminate\Foundation\Http\Kernel-&gt;handle(Object(Illuminate\Http\Request))
#94 C:\laragon\www\CarRentSystem\vendor\laravel\framework\src\Illuminate\Foundation\Testing\Concerns\MakesHttpRequests.php(368): Illuminate\Foundation\Testing\TestCase-&gt;call('GET', '/admin/activity...', Array, Array, Array, Array)
#95 C:\laragon\www\CarRentSystem\tests\Feature\ActivityLogManagementTest.php(47): Illuminate\Foundation\Testing\TestCase-&gt;get('/admin/activity...')
#96 C:\laragon\www\CarRentSystem\vendor\pestphp\pest\src\Factories\TestCaseMethodFactory.php(168): P\Tests\Feature\ActivityLogManagementTest-&gt;{closure:{closure:{closure:C:\laragon\www\CarRentSystem\tests\Feature\ActivityLogManagementTest.php:13}:20}:42}()
#97 [internal function]: P\Tests\Feature\ActivityLogManagementTest-&gt;{closure:Pest\Factories\TestCaseMethodFactory::getClosure():158}()
#98 C:\laragon\www\CarRentSystem\vendor\pestphp\pest\src\Concerns\Testable.php(429): call_user_func_array(Object(Closure), Array)
#99 C:\laragon\www\CarRentSystem\vendor\pestphp\pest\src\Support\ExceptionTrace.php(26): P\Tests\Feature\ActivityLogManagementTest-&gt;{closure:Pest\Concerns\Testable::__callClosure():429}()
#100 C:\laragon\www\CarRentSystem\vendor\pestphp\pest\src\Concerns\Testable.php(429): Pest\Support\ExceptionTrace::ensure(Object(Closure))
#101 C:\laragon\www\CarRentSystem\vendor\pestphp\pest\src\Concerns\Testable.php(331): P\Tests\Feature\ActivityLogManagementTest-&gt;__callClosure(Object(Closure), Array)
#102 C:\laragon\www\CarRentSystem\vendor\pestphp\pest\src\Factories\TestCaseFactory.php(169) : eval()'d code(44): P\Tests\Feature\ActivityLogManagementTest-&gt;__runTest(Object(Closure))
#103 C:\laragon\www\CarRentSystem\vendor\phpunit\phpunit\src\Framework\TestCase.php(1316): P\Tests\Feature\ActivityLogManagementTest-&gt;__pest_evaluable__Activity_Log_Management__→__Activity_Log_Listing__→_it_filters_logs_by_user()
#104 C:\laragon\www\CarRentSystem\vendor\phpunit\phpunit\src\Framework\TestCase.php(516): PHPUnit\Framework\TestCase-&gt;runTest()
#105 C:\laragon\www\CarRentSystem\vendor\phpunit\phpunit\src\Framework\TestRunner\TestRunner.php(99): PHPUnit\Framework\TestCase-&gt;runBare()
#106 C:\laragon\www\CarRentSystem\vendor\phpunit\phpunit\src\Framework\TestCase.php(357): PHPUnit\Framework\TestRunner-&gt;run(Object(P\Tests\Feature\ActivityLogManagementTest))
#107 C:\laragon\www\CarRentSystem\vendor\phpunit\phpunit\src\Framework\TestSuite.php(374): PHPUnit\Framework\TestCase-&gt;run()
#108 C:\laragon\www\CarRentSystem\vendor\phpunit\phpunit\src\Framework\TestSuite.php(374): PHPUnit\Framework\TestSuite-&gt;run()
#109 C:\laragon\www\CarRentSystem\vendor\phpunit\phpunit\src\Framework\TestSuite.php(374): PHPUnit\Framework\TestSuite-&gt;run()
#110 C:\laragon\www\CarRentSystem\vendor\phpunit\phpunit\src\TextUI\TestRunner.php(64): PHPUnit\Framework\TestSuite-&gt;run()
#111 C:\laragon\www\CarRentSystem\vendor\phpunit\phpunit\src\TextUI\Application.php(229): PHPUnit\TextUI\TestRunner-&gt;run(Object(PHPUnit\TextUI\Configuration\Configuration), Object(PHPUnit\Runner\ResultCache\DefaultResultCache), Object(PHPUnit\Framework\TestSuite))
#112 C:\laragon\www\CarRentSystem\vendor\pestphp\pest\src\Kernel.php(103): PHPUnit\TextUI\Application-&gt;run(Array)
#113 C:\laragon\www\CarRentSystem\vendor\pestphp\pest\bin\pest(184): Pest\Kernel-&gt;handle(Array, Array)
#114 C:\laragon\www\CarRentSystem\vendor\pestphp\pest\bin\pest(192): {closure:C:\laragon\www\CarRentSystem\vendor\pestphp\pest\bin\pest:18}()
#115 C:\laragon\www\CarRentSystem\vendor\bin\pest(119): include('C:\\laragon\\www\\...')
#116 {main}

Next Illuminate\View\ViewException: SQLSTATE[HY000]: General error: 1 no such column: activity_log.name (Connection: sqlite, SQL: select "activity_log"."name", "" from "activity_log" order by "activity_log"."name" asc limit 50) (View: C:\laragon\www\CarRentSystem\vendor\filament\forms\resources\views\components\select.blade.php) (View: C:\laragon\www\CarRentSystem\vendor\filament\forms\resources\views\components\select.blade.php) (View: C:\laragon\www\CarRentSystem\vendor\filament\forms\resources\views\components\select.blade.php) (View: C:\laragon\www\CarRentSystem\vendor\filament\forms\resources\views\components\select.blade.php) in C:\laragon\www\CarRentSystem\vendor\laravel\framework\src\Illuminate\Database\Connection.php:824
Stack trace:
#0 C:\laragon\www\CarRentSystem\vendor\livewire\livewire\src\Mechanisms\ExtendBlade\ExtendedCompilerEngine.php(58): Illuminate\View\Engines\CompilerEngine-&gt;handleViewException(Object(Illuminate\View\ViewException), 6)
#1 C:\laragon\www\CarRentSystem\vendor\livewire\livewire\src\Mechanisms\ExtendBlade\ExtendedCompilerEngine.php(40): Livewire\Mechanisms\ExtendBlade\ExtendedCompilerEngine-&gt;handleViewException(Object(Illuminate\View\ViewException), 6)
#2 C:\laragon\www\CarRentSystem\vendor\laravel\framework\src\Illuminate\View\Engines\CompilerEngine.php(76): Livewire\Mechanisms\ExtendBlade\ExtendedCompilerEngine-&gt;evaluatePath('C:\\laragon\\www\\...', Array)
#3 C:\laragon\www\CarRentSystem\vendor\livewire\livewire\src\Mechanisms\ExtendBlade\ExtendedCompilerEngine.php(16): Illuminate\View\Engines\CompilerEngine-&gt;get('C:\\laragon\\www\\...', Array)
#4 C:\laragon\www\CarRentSystem\vendor\laravel\framework\src\Illuminate\View\View.php(208): Livewire\Mechanisms\ExtendBlade\ExtendedCompilerEngine-&gt;get('C:\\laragon\\www\\...', Array)
#5 C:\laragon\www\CarRentSystem\vendor\laravel\framework\src\Illuminate\View\View.php(191): Illuminate\View\View-&gt;getContents()
#6 C:\laragon\www\CarRentSystem\vendor\laravel\framework\src\Illuminate\View\View.php(160): Illuminate\View\View-&gt;renderContents()
#7 C:\laragon\www\CarRentSystem\vendor\filament\support\src\Components\ViewComponent.php(125): Illuminate\View\View-&gt;render()
#8 C:\laragon\www\CarRentSystem\vendor\filament\schemas\src\Components\Component.php(221): Filament\Support\Components\ViewComponent-&gt;toHtml()
#9 C:\laragon\www\CarRentSystem\vendor\filament\schemas\src\Schema.php(205): Filament\Schemas\Components\Component-&gt;toSchemaHtml(true)
#10 C:\laragon\www\CarRentSystem\vendor\filament\support\src\Components\ViewComponent.php(122): Filament\Schemas\Schema-&gt;toEmbeddedHtml()
#11 C:\laragon\www\CarRentSystem\vendor\laravel\framework\src\Illuminate\Support\helpers.php(130): Filament\Support\Components\ViewComponent-&gt;toHtml()
#12 C:\laragon\www\CarRentSystem\storage\framework\views\440b755faea75388110fdd3acae41dc5.php(11): e(Object(Filament\Schemas\Schema))
#13 C:\laragon\www\CarRentSystem\vendor\livewire\livewire\src\Mechanisms\ExtendBlade\ExtendedCompilerEngine.php(37): include('C:\\laragon\\www\\...')
#14 C:\laragon\www\CarRentSystem\vendor\livewire\livewire\src\Mechanisms\ExtendBlade\ExtendedCompilerEngine.php(38): App\Filament\Resources\ActivityLogResource\Pages\ListActivityLogs-&gt;{closure:Livewire\Mechanisms\ExtendBlade\ExtendedCompilerEngine::evaluatePath():35}()
#15 C:\laragon\www\CarRentSystem\vendor\laravel\framework\src\Illuminate\View\Engines\CompilerEngine.php(76): Livewire\Mechanisms\ExtendBlade\ExtendedCompilerEngine-&gt;evaluatePath('C:\\laragon\\www\\...', Array)
#16 C:\laragon\www\CarRentSystem\vendor\livewire\livewire\src\Mechanisms\ExtendBlade\ExtendedCompilerEngine.php(16): Illuminate\View\Engines\CompilerEngine-&gt;get('C:\\laragon\\www\\...', Array)
#17 C:\laragon\www\CarRentSystem\vendor\laravel\framework\src\Illuminate\View\View.php(208): Livewire\Mechanisms\ExtendBlade\ExtendedCompilerEngine-&gt;get('C:\\laragon\\www\\...', Array)
#18 C:\laragon\www\CarRentSystem\vendor\laravel\framework\src\Illuminate\View\View.php(191): Illuminate\View\View-&gt;getContents()
#19 C:\laragon\www\CarRentSystem\vendor\laravel\framework\src\Illuminate\View\View.php(160): Illuminate\View\View-&gt;renderContents()
#20 C:\laragon\www\CarRentSystem\vendor\livewire\livewire\src\Mechanisms\HandleComponents\HandleComponents.php(259): Illuminate\View\View-&gt;render(Object(Closure))
#21 C:\laragon\www\CarRentSystem\vendor\livewire\livewire\src\Mechanisms\HandleComponents\HandleComponents.php(303): Livewire\Mechanisms\HandleComponents\HandleComponents-&gt;{closure:Livewire\Mechanisms\HandleComponents\HandleComponents::render():251}()
#22 C:\laragon\www\CarRentSystem\vendor\livewire\livewire\src\Mechanisms\HandleComponents\HandleComponents.php(251): Livewire\Mechanisms\HandleComponents\HandleComponents-&gt;trackInRenderStack(Object(App\Filament\Resources\ActivityLogResource\Pages\ListActivityLogs), Object(Closure))
#23 C:\laragon\www\CarRentSystem\vendor\livewire\livewire\src\Mechanisms\HandleComponents\HandleComponents.php(54): Livewire\Mechanisms\HandleComponents\HandleComponents-&gt;render(Object(App\Filament\Resources\ActivityLogResource\Pages\ListActivityLogs), '&lt;div&gt;&lt;/div&gt;')
#24 C:\laragon\www\CarRentSystem\vendor\livewire\livewire\src\LivewireManager.php(73): Livewire\Mechanisms\HandleComponents\HandleComponents-&gt;mount('App\\Filament\\Re...', Array, NULL)
#25 C:\laragon\www\CarRentSystem\vendor\livewire\livewire\src\Features\SupportPageComponents\HandlesPageComponents.php(17): Livewire\LivewireManager-&gt;mount('App\\Filament\\Re...', Array)
#26 C:\laragon\www\CarRentSystem\vendor\livewire\livewire\src\Features\SupportPageComponents\SupportPageComponents.php(117): Livewire\Component-&gt;{closure:Livewire\Features\SupportPageComponents\HandlesPageComponents::__invoke():14}()
#27 C:\laragon\www\CarRentSystem\vendor\livewire\livewire\src\Features\SupportPageComponents\HandlesPageComponents.php(14): Livewire\Features\SupportPageComponents\SupportPageComponents::interceptTheRenderOfTheComponentAndRetreiveTheLayoutConfiguration(Object(Closure))
#28 C:\laragon\www\CarRentSystem\vendor\laravel\framework\src\Illuminate\Routing\ControllerDispatcher.php(46): Livewire\Component-&gt;__invoke()
#29 C:\laragon\www\CarRentSystem\vendor\laravel\framework\src\Illuminate\Routing\Route.php(265): Illuminate\Routing\ControllerDispatcher-&gt;dispatch(Object(Illuminate\Routing\Route), Object(App\Filament\Resources\ActivityLogResource\Pages\ListActivityLogs), '__invoke')
#30 C:\laragon\www\CarRentSystem\vendor\laravel\framework\src\Illuminate\Routing\Route.php(211): Illuminate\Routing\Route-&gt;runController()
#31 C:\laragon\www\CarRentSystem\vendor\laravel\framework\src\Illuminate\Routing\Router.php(822): Illuminate\Routing\Route-&gt;run()
#32 C:\laragon\www\CarRentSystem\vendor\laravel\framework\src\Illuminate\Pipeline\Pipeline.php(180): Illuminate\Routing\Router-&gt;{closure:Illuminate\Routing\Router::runRouteWithinStack():821}(Object(Illuminate\Http\Request))
#33 C:\laragon\www\CarRentSystem\vendor\filament\filament\src\Http\Middleware\DispatchServingFilamentEvent.php(15): Illuminate\Pipeline\Pipeline-&gt;{closure:Illuminate\Pipeline\Pipeline::prepareDestination():178}(Object(Illuminate\Http\Request))
#34 C:\laragon\www\CarRentSystem\vendor\laravel\framework\src\Illuminate\Pipeline\Pipeline.php(219): Filament\Http\Middleware\DispatchServingFilamentEvent-&gt;handle(Object(Illuminate\Http\Request), Object(Closure))
#35 C:\laragon\www\CarRentSystem\vendor\filament\filament\src\Http\Middleware\DisableBladeIconComponents.php(14): Illuminate\Pipeline\Pipeline-&gt;{closure:{closure:Illuminate\Pipeline\Pipeline::carry():194}:195}(Object(Illuminate\Http\Request))
#36 C:\laragon\www\CarRentSystem\vendor\laravel\framework\src\Illuminate\Pipeline\Pipeline.php(219): Filament\Http\Middleware\DisableBladeIconComponents-&gt;handle(Object(Illuminate\Http\Request), Object(Closure))
#37 C:\laragon\www\CarRentSystem\app\Http\Middleware\LocalizationMiddleware.php(41): Illuminate\Pipeline\Pipeline-&gt;{closure:{closure:Illuminate\Pipeline\Pipeline::carry():194}:195}(Object(Illuminate\Http\Request))
#38 C:\laragon\www\CarRentSystem\vendor\laravel\framework\src\Illuminate\Pipeline\Pipeline.php(219): App\Http\Middleware\LocalizationMiddleware-&gt;handle(Object(Illuminate\Http\Request), Object(Closure))
#39 C:\laragon\www\CarRentSystem\vendor\laravel\framework\src\Illuminate\Routing\Middleware\SubstituteBindings.php(50): Illuminate\Pipeline\Pipeline-&gt;{closure:{closure:Illuminate\Pipeline\Pipeline::carry():194}:195}(Object(Illuminate\Http\Request))
#40 C:\laragon\www\CarRentSystem\vendor\laravel\framework\src\Illuminate\Pipeline\Pipeline.php(219): Illuminate\Routing\Middleware\SubstituteBindings-&gt;handle(Object(Illuminate\Http\Request), Object(Closure))
#41 C:\laragon\www\CarRentSystem\vendor\laravel\framework\src\Illuminate\Auth\Middleware\Authenticate.php(63): Illuminate\Pipeline\Pipeline-&gt;{closure:{closure:Illuminate\Pipeline\Pipeline::carry():194}:195}(Object(Illuminate\Http\Request))
#42 C:\laragon\www\CarRentSystem\vendor\laravel\framework\src\Illuminate\Pipeline\Pipeline.php(219): Illuminate\Auth\Middleware\Authenticate-&gt;handle(Object(Illuminate\Http\Request), Object(Closure))
#43 C:\laragon\www\CarRentSystem\vendor\laravel\framework\src\Illuminate\View\Middleware\ShareErrorsFromSession.php(48): Illuminate\Pipeline\Pipeline-&gt;{closure:{closure:Illuminate\Pipeline\Pipeline::carry():194}:195}(Object(Illuminate\Http\Request))
#44 C:\laragon\www\CarRentSystem\vendor\laravel\framework\src\Illuminate\Pipeline\Pipeline.php(219): Illuminate\View\Middleware\ShareErrorsFromSession-&gt;handle(Object(Illuminate\Http\Request), Object(Closure))
#45 C:\laragon\www\CarRentSystem\vendor\laravel\framework\src\Illuminate\Session\Middleware\StartSession.php(120): Illuminate\Pipeline\Pipeline-&gt;{closure:{closure:Illuminate\Pipeline\Pipeline::carry():194}:195}(Object(Illuminate\Http\Request))
#46 C:\laragon\www\CarRentSystem\vendor\laravel\framework\src\Illuminate\Session\Middleware\StartSession.php(63): Illuminate\Session\Middleware\StartSession-&gt;handleStatefulRequest(Object(Illuminate\Http\Request), Object(Illuminate\Session\Store), Object(Closure))
#47 C:\laragon\www\CarRentSystem\vendor\laravel\framework\src\Illuminate\Pipeline\Pipeline.php(219): Illuminate\Session\Middleware\StartSession-&gt;handle(Object(Illuminate\Http\Request), Object(Closure))
#48 C:\laragon\www\CarRentSystem\vendor\laravel\framework\src\Illuminate\Cookie\Middleware\AddQueuedCookiesToResponse.php(36): Illuminate\Pipeline\Pipeline-&gt;{closure:{closure:Illuminate\Pipeline\Pipeline::carry():194}:195}(Object(Illuminate\Http\Request))
#49 C:\laragon\www\CarRentSystem\vendor\laravel\framework\src\Illuminate\Pipeline\Pipeline.php(219): Illuminate\Cookie\Middleware\AddQueuedCookiesToResponse-&gt;handle(Object(Illuminate\Http\Request), Object(Closure))
#50 C:\laragon\www\CarRentSystem\vendor\laravel\framework\src\Illuminate\Cookie\Middleware\EncryptCookies.php(74): Illuminate\Pipeline\Pipeline-&gt;{closure:{closure:Illuminate\Pipeline\Pipeline::carry():194}:195}(Object(Illuminate\Http\Request))
#51 C:\laragon\www\CarRentSystem\vendor\laravel\framework\src\Illuminate\Pipeline\Pipeline.php(219): Illuminate\Cookie\Middleware\EncryptCookies-&gt;handle(Object(Illuminate\Http\Request), Object(Closure))
#52 C:\laragon\www\CarRentSystem\vendor\filament\filament\src\Http\Middleware\SetUpPanel.php(19): Illuminate\Pipeline\Pipeline-&gt;{closure:{closure:Illuminate\Pipeline\Pipeline::carry():194}:195}(Object(Illuminate\Http\Request))
#53 C:\laragon\www\CarRentSystem\vendor\laravel\framework\src\Illuminate\Pipeline\Pipeline.php(219): Filament\Http\Middleware\SetUpPanel-&gt;handle(Object(Illuminate\Http\Request), Object(Closure), Object(Filament\Panel))
#54 C:\laragon\www\CarRentSystem\vendor\laravel\framework\src\Illuminate\Pipeline\Pipeline.php(137): Illuminate\Pipeline\Pipeline-&gt;{closure:{closure:Illuminate\Pipeline\Pipeline::carry():194}:195}(Object(Illuminate\Http\Request))
#55 C:\laragon\www\CarRentSystem\vendor\laravel\framework\src\Illuminate\Routing\Router.php(821): Illuminate\Pipeline\Pipeline-&gt;then(Object(Closure))
#56 C:\laragon\www\CarRentSystem\vendor\laravel\framework\src\Illuminate\Routing\Router.php(800): Illuminate\Routing\Router-&gt;runRouteWithinStack(Object(Illuminate\Routing\Route), Object(Illuminate\Http\Request))
#57 C:\laragon\www\CarRentSystem\vendor\laravel\framework\src\Illuminate\Routing\Router.php(764): Illuminate\Routing\Router-&gt;runRoute(Object(Illuminate\Http\Request), Object(Illuminate\Routing\Route))
#58 C:\laragon\www\CarRentSystem\vendor\laravel\framework\src\Illuminate\Routing\Router.php(753): Illuminate\Routing\Router-&gt;dispatchToRoute(Object(Illuminate\Http\Request))
#59 C:\laragon\www\CarRentSystem\vendor\laravel\framework\src\Illuminate\Foundation\Http\Kernel.php(200): Illuminate\Routing\Router-&gt;dispatch(Object(Illuminate\Http\Request))
#60 C:\laragon\www\CarRentSystem\vendor\laravel\framework\src\Illuminate\Pipeline\Pipeline.php(180): Illuminate\Foundation\Http\Kernel-&gt;{closure:Illuminate\Foundation\Http\Kernel::dispatchToRouter():197}(Object(Illuminate\Http\Request))
#61 C:\laragon\www\CarRentSystem\vendor\livewire\livewire\src\Features\SupportDisablingBackButtonCache\DisableBackButtonCacheMiddleware.php(19): Illuminate\Pipeline\Pipeline-&gt;{closure:Illuminate\Pipeline\Pipeline::prepareDestination():178}(Object(Illuminate\Http\Request))
#62 C:\laragon\www\CarRentSystem\vendor\laravel\framework\src\Illuminate\Pipeline\Pipeline.php(219): Livewire\Features\SupportDisablingBackButtonCache\DisableBackButtonCacheMiddleware-&gt;handle(Object(Illuminate\Http\Request), Object(Closure))
#63 C:\laragon\www\CarRentSystem\vendor\laravel\framework\src\Illuminate\Foundation\Http\Middleware\TransformsRequest.php(21): Illuminate\Pipeline\Pipeline-&gt;{closure:{closure:Illuminate\Pipeline\Pipeline::carry():194}:195}(Object(Illuminate\Http\Request))
#64 C:\laragon\www\CarRentSystem\vendor\laravel\framework\src\Illuminate\Foundation\Http\Middleware\ConvertEmptyStringsToNull.php(31): Illuminate\Foundation\Http\Middleware\TransformsRequest-&gt;handle(Object(Illuminate\Http\Request), Object(Closure))
#65 C:\laragon\www\CarRentSystem\vendor\laravel\framework\src\Illuminate\Pipeline\Pipeline.php(219): Illuminate\Foundation\Http\Middleware\ConvertEmptyStringsToNull-&gt;handle(Object(Illuminate\Http\Request), Object(Closure))
#66 C:\laragon\www\CarRentSystem\vendor\laravel\framework\src\Illuminate\Foundation\Http\Middleware\TransformsRequest.php(21): Illuminate\Pipeline\Pipeline-&gt;{closure:{closure:Illuminate\Pipeline\Pipeline::carry():194}:195}(Object(Illuminate\Http\Request))
#67 C:\laragon\www\CarRentSystem\vendor\laravel\framework\src\Illuminate\Foundation\Http\Middleware\TrimStrings.php(51): Illuminate\Foundation\Http\Middleware\TransformsRequest-&gt;handle(Object(Illuminate\Http\Request), Object(Closure))
#68 C:\laragon\www\CarRentSystem\vendor\laravel\framework\src\Illuminate\Pipeline\Pipeline.php(219): Illuminate\Foundation\Http\Middleware\TrimStrings-&gt;handle(Object(Illuminate\Http\Request), Object(Closure))
#69 C:\laragon\www\CarRentSystem\vendor\laravel\framework\src\Illuminate\Http\Middleware\ValidatePostSize.php(27): Illuminate\Pipeline\Pipeline-&gt;{closure:{closure:Illuminate\Pipeline\Pipeline::carry():194}:195}(Object(Illuminate\Http\Request))
#70 C:\laragon\www\CarRentSystem\vendor\laravel\framework\src\Illuminate\Pipeline\Pipeline.php(219): Illuminate\Http\Middleware\ValidatePostSize-&gt;handle(Object(Illuminate\Http\Request), Object(Closure))
#71 C:\laragon\www\CarRentSystem\vendor\laravel\framework\src\Illuminate\Foundation\Http\Middleware\PreventRequestsDuringMaintenance.php(109): Illuminate\Pipeline\Pipeline-&gt;{closure:{closure:Illuminate\Pipeline\Pipeline::carry():194}:195}(Object(Illuminate\Http\Request))
#72 C:\laragon\www\CarRentSystem\vendor\laravel\framework\src\Illuminate\Pipeline\Pipeline.php(219): Illuminate\Foundation\Http\Middleware\PreventRequestsDuringMaintenance-&gt;handle(Object(Illuminate\Http\Request), Object(Closure))
#73 C:\laragon\www\CarRentSystem\vendor\laravel\framework\src\Illuminate\Http\Middleware\HandleCors.php(61): Illuminate\Pipeline\Pipeline-&gt;{closure:{closure:Illuminate\Pipeline\Pipeline::carry():194}:195}(Object(Illuminate\Http\Request))
#74 C:\laragon\www\CarRentSystem\vendor\laravel\framework\src\Illuminate\Pipeline\Pipeline.php(219): Illuminate\Http\Middleware\HandleCors-&gt;handle(Object(Illuminate\Http\Request), Object(Closure))
#75 C:\laragon\www\CarRentSystem\vendor\laravel\framework\src\Illuminate\Http\Middleware\TrustProxies.php(58): Illuminate\Pipeline\Pipeline-&gt;{closure:{closure:Illuminate\Pipeline\Pipeline::carry():194}:195}(Object(Illuminate\Http\Request))
#76 C:\laragon\www\CarRentSystem\vendor\laravel\framework\src\Illuminate\Pipeline\Pipeline.php(219): Illuminate\Http\Middleware\TrustProxies-&gt;handle(Object(Illuminate\Http\Request), Object(Closure))
#77 C:\laragon\www\CarRentSystem\vendor\laravel\framework\src\Illuminate\Foundation\Http\Middleware\InvokeDeferredCallbacks.php(22): Illuminate\Pipeline\Pipeline-&gt;{closure:{closure:Illuminate\Pipeline\Pipeline::carry():194}:195}(Object(Illuminate\Http\Request))
#78 C:\laragon\www\CarRentSystem\vendor\laravel\framework\src\Illuminate\Pipeline\Pipeline.php(219): Illuminate\Foundation\Http\Middleware\InvokeDeferredCallbacks-&gt;handle(Object(Illuminate\Http\Request), Object(Closure))
#79 C:\laragon\www\CarRentSystem\vendor\laravel\framework\src\Illuminate\Http\Middleware\ValidatePathEncoding.php(26): Illuminate\Pipeline\Pipeline-&gt;{closure:{closure:Illuminate\Pipeline\Pipeline::carry():194}:195}(Object(Illuminate\Http\Request))
#80 C:\laragon\www\CarRentSystem\vendor\laravel\framework\src\Illuminate\Pipeline\Pipeline.php(219): Illuminate\Http\Middleware\ValidatePathEncoding-&gt;handle(Object(Illuminate\Http\Request), Object(Closure))
#81 C:\laragon\www\CarRentSystem\vendor\laravel\framework\src\Illuminate\Pipeline\Pipeline.php(137): Illuminate\Pipeline\Pipeline-&gt;{closure:{closure:Illuminate\Pipeline\Pipeline::carry():194}:195}(Object(Illuminate\Http\Request))
#82 C:\laragon\www\CarRentSystem\vendor\laravel\framework\src\Illuminate\Foundation\Http\Kernel.php(175): Illuminate\Pipeline\Pipeline-&gt;then(Object(Closure))
#83 C:\laragon\www\CarRentSystem\vendor\laravel\framework\src\Illuminate\Foundation\Http\Kernel.php(144): Illuminate\Foundation\Http\Kernel-&gt;sendRequestThroughRouter(Object(Illuminate\Http\Request))
#84 C:\laragon\www\CarRentSystem\vendor\laravel\framework\src\Illuminate\Foundation\Testing\Concerns\MakesHttpRequests.php(607): Illuminate\Foundation\Http\Kernel-&gt;handle(Object(Illuminate\Http\Request))
#85 C:\laragon\www\CarRentSystem\vendor\laravel\framework\src\Illuminate\Foundation\Testing\Concerns\MakesHttpRequests.php(368): Illuminate\Foundation\Testing\TestCase-&gt;call('GET', '/admin/activity...', Array, Array, Array, Array)
#86 C:\laragon\www\CarRentSystem\tests\Feature\ActivityLogManagementTest.php(47): Illuminate\Foundation\Testing\TestCase-&gt;get('/admin/activity...')
#87 C:\laragon\www\CarRentSystem\vendor\pestphp\pest\src\Factories\TestCaseMethodFactory.php(168): P\Tests\Feature\ActivityLogManagementTest-&gt;{closure:{closure:{closure:C:\laragon\www\CarRentSystem\tests\Feature\ActivityLogManagementTest.php:13}:20}:42}()
#88 [internal function]: P\Tests\Feature\ActivityLogManagementTest-&gt;{closure:Pest\Factories\TestCaseMethodFactory::getClosure():158}()
#89 C:\laragon\www\CarRentSystem\vendor\pestphp\pest\src\Concerns\Testable.php(429): call_user_func_array(Object(Closure), Array)
#90 C:\laragon\www\CarRentSystem\vendor\pestphp\pest\src\Support\ExceptionTrace.php(26): P\Tests\Feature\ActivityLogManagementTest-&gt;{closure:Pest\Concerns\Testable::__callClosure():429}()
#91 C:\laragon\www\CarRentSystem\vendor\pestphp\pest\src\Concerns\Testable.php(429): Pest\Support\ExceptionTrace::ensure(Object(Closure))
#92 C:\laragon\www\CarRentSystem\vendor\pestphp\pest\src\Concerns\Testable.php(331): P\Tests\Feature\ActivityLogManagementTest-&gt;__callClosure(Object(Closure), Array)
#93 C:\laragon\www\CarRentSystem\vendor\pestphp\pest\src\Factories\TestCaseFactory.php(169) : eval()'d code(44): P\Tests\Feature\ActivityLogManagementTest-&gt;__runTest(Object(Closure))
#94 C:\laragon\www\CarRentSystem\vendor\phpunit\phpunit\src\Framework\TestCase.php(1316): P\Tests\Feature\ActivityLogManagementTest-&gt;__pest_evaluable__Activity_Log_Management__→__Activity_Log_Listing__→_it_filters_logs_by_user()
#95 C:\laragon\www\CarRentSystem\vendor\phpunit\phpunit\src\Framework\TestCase.php(516): PHPUnit\Framework\TestCase-&gt;runTest()
#96 C:\laragon\www\CarRentSystem\vendor\phpunit\phpunit\src\Framework\TestRunner\TestRunner.php(99): PHPUnit\Framework\TestCase-&gt;runBare()
#97 C:\laragon\www\CarRentSystem\vendor\phpunit\phpunit\src\Framework\TestCase.php(357): PHPUnit\Framework\TestRunner-&gt;run(Object(P\Tests\Feature\ActivityLogManagementTest))
#98 C:\laragon\www\CarRentSystem\vendor\phpunit\phpunit\src\Framework\TestSuite.php(374): PHPUnit\Framework\TestCase-&gt;run()
#99 C:\laragon\www\CarRentSystem\vendor\phpunit\phpunit\src\Framework\TestSuite.php(374): PHPUnit\Framework\TestSuite-&gt;run()
#100 C:\laragon\www\CarRentSystem\vendor\phpunit\phpunit\src\Framework\TestSuite.php(374): PHPUnit\Framework\TestSuite-&gt;run()
#101 C:\laragon\www\CarRentSystem\vendor\phpunit\phpunit\src\TextUI\TestRunner.php(64): PHPUnit\Framework\TestSuite-&gt;run()
#102 C:\laragon\www\CarRentSystem\vendor\phpunit\phpunit\src\TextUI\Application.php(229): PHPUnit\TextUI\TestRunner-&gt;run(Object(PHPUnit\TextUI\Configuration\Configuration), Object(PHPUnit\Runner\ResultCache\DefaultResultCache), Object(PHPUnit\Framework\TestSuite))
#103 C:\laragon\www\CarRentSystem\vendor\pestphp\pest\src\Kernel.php(103): PHPUnit\TextUI\Application-&gt;run(Array)
#104 C:\laragon\www\CarRentSystem\vendor\pestphp\pest\bin\pest(184): Pest\Kernel-&gt;handle(Array, Array)
#105 C:\laragon\www\CarRentSystem\vendor\pestphp\pest\bin\pest(192): {closure:C:\laragon\www\CarRentSystem\vendor\pestphp\pest\bin\pest:18}()
#106 C:\laragon\www\CarRentSystem\vendor\bin\pest(119): include('C:\\laragon\\www\\...')
#107 {main}

Next Illuminate\View\ViewException: SQLSTATE[HY000]: General error: 1 no such column: activity_log.name (Connection: sqlite, SQL: select "activity_log"."name", "" from "activity_log" order by "activity_log"."name" asc limit 50) (View: C:\laragon\www\CarRentSystem\vendor\filament\forms\resources\views\components\select.blade.php) (View: C:\laragon\www\CarRentSystem\vendor\filament\forms\resources\views\components\select.blade.php) (View: C:\laragon\www\CarRentSystem\vendor\filament\forms\resources\views\components\select.blade.php) (View: C:\laragon\www\CarRentSystem\vendor\filament\forms\resources\views\components\select.blade.php) (View: C:\laragon\www\CarRentSystem\vendor\filament\forms\resources\views\components\select.blade.php) in C:\laragon\www\CarRentSystem\vendor\laravel\framework\src\Illuminate\Database\Connection.php:824
Stack trace:
#0 C:\laragon\www\CarRentSystem\vendor\livewire\livewire\src\Mechanisms\ExtendBlade\ExtendedCompilerEngine.php(58): Illuminate\View\Engines\CompilerEngine-&gt;handleViewException(Object(Illuminate\View\ViewException), 2)
#1 C:\laragon\www\CarRentSystem\vendor\livewire\livewire\src\Mechanisms\ExtendBlade\ExtendedCompilerEngine.php(40): Livewire\Mechanisms\ExtendBlade\ExtendedCompilerEngine-&gt;handleViewException(Object(Illuminate\View\ViewException), 2)
#2 C:\laragon\www\CarRentSystem\vendor\laravel\framework\src\Illuminate\View\Engines\CompilerEngine.php(76): Livewire\Mechanisms\ExtendBlade\ExtendedCompilerEngine-&gt;evaluatePath('C:\\laragon\\www\\...', Array)
#3 C:\laragon\www\CarRentSystem\vendor\livewire\livewire\src\Mechanisms\ExtendBlade\ExtendedCompilerEngine.php(16): Illuminate\View\Engines\CompilerEngine-&gt;get('C:\\laragon\\www\\...', Array)
#4 C:\laragon\www\CarRentSystem\vendor\laravel\framework\src\Illuminate\View\View.php(208): Livewire\Mechanisms\ExtendBlade\ExtendedCompilerEngine-&gt;get('C:\\laragon\\www\\...', Array)
#5 C:\laragon\www\CarRentSystem\vendor\laravel\framework\src\Illuminate\View\View.php(191): Illuminate\View\View-&gt;getContents()
#6 C:\laragon\www\CarRentSystem\vendor\laravel\framework\src\Illuminate\View\View.php(160): Illuminate\View\View-&gt;renderContents()
#7 C:\laragon\www\CarRentSystem\vendor\livewire\livewire\src\Mechanisms\HandleComponents\HandleComponents.php(259): Illuminate\View\View-&gt;render(Object(Closure))
#8 C:\laragon\www\CarRentSystem\vendor\livewire\livewire\src\Mechanisms\HandleComponents\HandleComponents.php(303): Livewire\Mechanisms\HandleComponents\HandleComponents-&gt;{closure:Livewire\Mechanisms\HandleComponents\HandleComponents::render():251}()
#9 C:\laragon\www\CarRentSystem\vendor\livewire\livewire\src\Mechanisms\HandleComponents\HandleComponents.php(251): Livewire\Mechanisms\HandleComponents\HandleComponents-&gt;trackInRenderStack(Object(App\Filament\Resources\ActivityLogResource\Pages\ListActivityLogs), Object(Closure))
#10 C:\laragon\www\CarRentSystem\vendor\livewire\livewire\src\Mechanisms\HandleComponents\HandleComponents.php(54): Livewire\Mechanisms\HandleComponents\HandleComponents-&gt;render(Object(App\Filament\Resources\ActivityLogResource\Pages\ListActivityLogs), '&lt;div&gt;&lt;/div&gt;')
#11 C:\laragon\www\CarRentSystem\vendor\livewire\livewire\src\LivewireManager.php(73): Livewire\Mechanisms\HandleComponents\HandleComponents-&gt;mount('App\\Filament\\Re...', Array, NULL)
#12 C:\laragon\www\CarRentSystem\vendor\livewire\livewire\src\Features\SupportPageComponents\HandlesPageComponents.php(17): Livewire\LivewireManager-&gt;mount('App\\Filament\\Re...', Array)
#13 C:\laragon\www\CarRentSystem\vendor\livewire\livewire\src\Features\SupportPageComponents\SupportPageComponents.php(117): Livewire\Component-&gt;{closure:Livewire\Features\SupportPageComponents\HandlesPageComponents::__invoke():14}()
#14 C:\laragon\www\CarRentSystem\vendor\livewire\livewire\src\Features\SupportPageComponents\HandlesPageComponents.php(14): Livewire\Features\SupportPageComponents\SupportPageComponents::interceptTheRenderOfTheComponentAndRetreiveTheLayoutConfiguration(Object(Closure))
#15 C:\laragon\www\CarRentSystem\vendor\laravel\framework\src\Illuminate\Routing\ControllerDispatcher.php(46): Livewire\Component-&gt;__invoke()
#16 C:\laragon\www\CarRentSystem\vendor\laravel\framework\src\Illuminate\Routing\Route.php(265): Illuminate\Routing\ControllerDispatcher-&gt;dispatch(Object(Illuminate\Routing\Route), Object(App\Filament\Resources\ActivityLogResource\Pages\ListActivityLogs), '__invoke')
#17 C:\laragon\www\CarRentSystem\vendor\laravel\framework\src\Illuminate\Routing\Route.php(211): Illuminate\Routing\Route-&gt;runController()
#18 C:\laragon\www\CarRentSystem\vendor\laravel\framework\src\Illuminate\Routing\Router.php(822): Illuminate\Routing\Route-&gt;run()
#19 C:\laragon\www\CarRentSystem\vendor\laravel\framework\src\Illuminate\Pipeline\Pipeline.php(180): Illuminate\Routing\Router-&gt;{closure:Illuminate\Routing\Router::runRouteWithinStack():821}(Object(Illuminate\Http\Request))
#20 C:\laragon\www\CarRentSystem\vendor\filament\filament\src\Http\Middleware\DispatchServingFilamentEvent.php(15): Illuminate\Pipeline\Pipeline-&gt;{closure:Illuminate\Pipeline\Pipeline::prepareDestination():178}(Object(Illuminate\Http\Request))
#21 C:\laragon\www\CarRentSystem\vendor\laravel\framework\src\Illuminate\Pipeline\Pipeline.php(219): Filament\Http\Middleware\DispatchServingFilamentEvent-&gt;handle(Object(Illuminate\Http\Request), Object(Closure))
#22 C:\laragon\www\CarRentSystem\vendor\filament\filament\src\Http\Middleware\DisableBladeIconComponents.php(14): Illuminate\Pipeline\Pipeline-&gt;{closure:{closure:Illuminate\Pipeline\Pipeline::carry():194}:195}(Object(Illuminate\Http\Request))
#23 C:\laragon\www\CarRentSystem\vendor\laravel\framework\src\Illuminate\Pipeline\Pipeline.php(219): Filament\Http\Middleware\DisableBladeIconComponents-&gt;handle(Object(Illuminate\Http\Request), Object(Closure))
#24 C:\laragon\www\CarRentSystem\app\Http\Middleware\LocalizationMiddleware.php(41): Illuminate\Pipeline\Pipeline-&gt;{closure:{closure:Illuminate\Pipeline\Pipeline::carry():194}:195}(Object(Illuminate\Http\Request))
#25 C:\laragon\www\CarRentSystem\vendor\laravel\framework\src\Illuminate\Pipeline\Pipeline.php(219): App\Http\Middleware\LocalizationMiddleware-&gt;handle(Object(Illuminate\Http\Request), Object(Closure))
#26 C:\laragon\www\CarRentSystem\vendor\laravel\framework\src\Illuminate\Routing\Middleware\SubstituteBindings.php(50): Illuminate\Pipeline\Pipeline-&gt;{closure:{closure:Illuminate\Pipeline\Pipeline::carry():194}:195}(Object(Illuminate\Http\Request))
#27 C:\laragon\www\CarRentSystem\vendor\laravel\framework\src\Illuminate\Pipeline\Pipeline.php(219): Illuminate\Routing\Middleware\SubstituteBindings-&gt;handle(Object(Illuminate\Http\Request), Object(Closure))
#28 C:\laragon\www\CarRentSystem\vendor\laravel\framework\src\Illuminate\Auth\Middleware\Authenticate.php(63): Illuminate\Pipeline\Pipeline-&gt;{closure:{closure:Illuminate\Pipeline\Pipeline::carry():194}:195}(Object(Illuminate\Http\Request))
#29 C:\laragon\www\CarRentSystem\vendor\laravel\framework\src\Illuminate\Pipeline\Pipeline.php(219): Illuminate\Auth\Middleware\Authenticate-&gt;handle(Object(Illuminate\Http\Request), Object(Closure))
#30 C:\laragon\www\CarRentSystem\vendor\laravel\framework\src\Illuminate\View\Middleware\ShareErrorsFromSession.php(48): Illuminate\Pipeline\Pipeline-&gt;{closure:{closure:Illuminate\Pipeline\Pipeline::carry():194}:195}(Object(Illuminate\Http\Request))
#31 C:\laragon\www\CarRentSystem\vendor\laravel\framework\src\Illuminate\Pipeline\Pipeline.php(219): Illuminate\View\Middleware\ShareErrorsFromSession-&gt;handle(Object(Illuminate\Http\Request), Object(Closure))
#32 C:\laragon\www\CarRentSystem\vendor\laravel\framework\src\Illuminate\Session\Middleware\StartSession.php(120): Illuminate\Pipeline\Pipeline-&gt;{closure:{closure:Illuminate\Pipeline\Pipeline::carry():194}:195}(Object(Illuminate\Http\Request))
#33 C:\laragon\www\CarRentSystem\vendor\laravel\framework\src\Illuminate\Session\Middleware\StartSession.php(63): Illuminate\Session\Middleware\StartSession-&gt;handleStatefulRequest(Object(Illuminate\Http\Request), Object(Illuminate\Session\Store), Object(Closure))
#34 C:\laragon\www\CarRentSystem\vendor\laravel\framework\src\Illuminate\Pipeline\Pipeline.php(219): Illuminate\Session\Middleware\StartSession-&gt;handle(Object(Illuminate\Http\Request), Object(Closure))
#35 C:\laragon\www\CarRentSystem\vendor\laravel\framework\src\Illuminate\Cookie\Middleware\AddQueuedCookiesToResponse.php(36): Illuminate\Pipeline\Pipeline-&gt;{closure:{closure:Illuminate\Pipeline\Pipeline::carry():194}:195}(Object(Illuminate\Http\Request))
#36 C:\laragon\www\CarRentSystem\vendor\laravel\framework\src\Illuminate\Pipeline\Pipeline.php(219): Illuminate\Cookie\Middleware\AddQueuedCookiesToResponse-&gt;handle(Object(Illuminate\Http\Request), Object(Closure))
#37 C:\laragon\www\CarRentSystem\vendor\laravel\framework\src\Illuminate\Cookie\Middleware\EncryptCookies.php(74): Illuminate\Pipeline\Pipeline-&gt;{closure:{closure:Illuminate\Pipeline\Pipeline::carry():194}:195}(Object(Illuminate\Http\Request))
#38 C:\laragon\www\CarRentSystem\vendor\laravel\framework\src\Illuminate\Pipeline\Pipeline.php(219): Illuminate\Cookie\Middleware\EncryptCookies-&gt;handle(Object(Illuminate\Http\Request), Object(Closure))
#39 C:\laragon\www\CarRentSystem\vendor\filament\filament\src\Http\Middleware\SetUpPanel.php(19): Illuminate\Pipeline\Pipeline-&gt;{closure:{closure:Illuminate\Pipeline\Pipeline::carry():194}:195}(Object(Illuminate\Http\Request))
#40 C:\laragon\www\CarRentSystem\vendor\laravel\framework\src\Illuminate\Pipeline\Pipeline.php(219): Filament\Http\Middleware\SetUpPanel-&gt;handle(Object(Illuminate\Http\Request), Object(Closure), Object(Filament\Panel))
#41 C:\laragon\www\CarRentSystem\vendor\laravel\framework\src\Illuminate\Pipeline\Pipeline.php(137): Illuminate\Pipeline\Pipeline-&gt;{closure:{closure:Illuminate\Pipeline\Pipeline::carry():194}:195}(Object(Illuminate\Http\Request))
#42 C:\laragon\www\CarRentSystem\vendor\laravel\framework\src\Illuminate\Routing\Router.php(821): Illuminate\Pipeline\Pipeline-&gt;then(Object(Closure))
#43 C:\laragon\www\CarRentSystem\vendor\laravel\framework\src\Illuminate\Routing\Router.php(800): Illuminate\Routing\Router-&gt;runRouteWithinStack(Object(Illuminate\Routing\Route), Object(Illuminate\Http\Request))
#44 C:\laragon\www\CarRentSystem\vendor\laravel\framework\src\Illuminate\Routing\Router.php(764): Illuminate\Routing\Router-&gt;runRoute(Object(Illuminate\Http\Request), Object(Illuminate\Routing\Route))
#45 C:\laragon\www\CarRentSystem\vendor\laravel\framework\src\Illuminate\Routing\Router.php(753): Illuminate\Routing\Router-&gt;dispatchToRoute(Object(Illuminate\Http\Request))
#46 C:\laragon\www\CarRentSystem\vendor\laravel\framework\src\Illuminate\Foundation\Http\Kernel.php(200): Illuminate\Routing\Router-&gt;dispatch(Object(Illuminate\Http\Request))
#47 C:\laragon\www\CarRentSystem\vendor\laravel\framework\src\Illuminate\Pipeline\Pipeline.php(180): Illuminate\Foundation\Http\Kernel-&gt;{closure:Illuminate\Foundation\Http\Kernel::dispatchToRouter():197}(Object(Illuminate\Http\Request))
#48 C:\laragon\www\CarRentSystem\vendor\livewire\livewire\src\Features\SupportDisablingBackButtonCache\DisableBackButtonCacheMiddleware.php(19): Illuminate\Pipeline\Pipeline-&gt;{closure:Illuminate\Pipeline\Pipeline::prepareDestination():178}(Object(Illuminate\Http\Request))
#49 C:\laragon\www\CarRentSystem\vendor\laravel\framework\src\Illuminate\Pipeline\Pipeline.php(219): Livewire\Features\SupportDisablingBackButtonCache\DisableBackButtonCacheMiddleware-&gt;handle(Object(Illuminate\Http\Request), Object(Closure))
#50 C:\laragon\www\CarRentSystem\vendor\laravel\framework\src\Illuminate\Foundation\Http\Middleware\TransformsRequest.php(21): Illuminate\Pipeline\Pipeline-&gt;{closure:{closure:Illuminate\Pipeline\Pipeline::carry():194}:195}(Object(Illuminate\Http\Request))
#51 C:\laragon\www\CarRentSystem\vendor\laravel\framework\src\Illuminate\Foundation\Http\Middleware\ConvertEmptyStringsToNull.php(31): Illuminate\Foundation\Http\Middleware\TransformsRequest-&gt;handle(Object(Illuminate\Http\Request), Object(Closure))
#52 C:\laragon\www\CarRentSystem\vendor\laravel\framework\src\Illuminate\Pipeline\Pipeline.php(219): Illuminate\Foundation\Http\Middleware\ConvertEmptyStringsToNull-&gt;handle(Object(Illuminate\Http\Request), Object(Closure))
#53 C:\laragon\www\CarRentSystem\vendor\laravel\framework\src\Illuminate\Foundation\Http\Middleware\TransformsRequest.php(21): Illuminate\Pipeline\Pipeline-&gt;{closure:{closure:Illuminate\Pipeline\Pipeline::carry():194}:195}(Object(Illuminate\Http\Request))
#54 C:\laragon\www\CarRentSystem\vendor\laravel\framework\src\Illuminate\Foundation\Http\Middleware\TrimStrings.php(51): Illuminate\Foundation\Http\Middleware\TransformsRequest-&gt;handle(Object(Illuminate\Http\Request), Object(Closure))
#55 C:\laragon\www\CarRentSystem\vendor\laravel\framework\src\Illuminate\Pipeline\Pipeline.php(219): Illuminate\Foundation\Http\Middleware\TrimStrings-&gt;handle(Object(Illuminate\Http\Request), Object(Closure))
#56 C:\laragon\www\CarRentSystem\vendor\laravel\framework\src\Illuminate\Http\Middleware\ValidatePostSize.php(27): Illuminate\Pipeline\Pipeline-&gt;{closure:{closure:Illuminate\Pipeline\Pipeline::carry():194}:195}(Object(Illuminate\Http\Request))
#57 C:\laragon\www\CarRentSystem\vendor\laravel\framework\src\Illuminate\Pipeline\Pipeline.php(219): Illuminate\Http\Middleware\ValidatePostSize-&gt;handle(Object(Illuminate\Http\Request), Object(Closure))
#58 C:\laragon\www\CarRentSystem\vendor\laravel\framework\src\Illuminate\Foundation\Http\Middleware\PreventRequestsDuringMaintenance.php(109): Illuminate\Pipeline\Pipeline-&gt;{closure:{closure:Illuminate\Pipeline\Pipeline::carry():194}:195}(Object(Illuminate\Http\Request))
#59 C:\laragon\www\CarRentSystem\vendor\laravel\framework\src\Illuminate\Pipeline\Pipeline.php(219): Illuminate\Foundation\Http\Middleware\PreventRequestsDuringMaintenance-&gt;handle(Object(Illuminate\Http\Request), Object(Closure))
#60 C:\laragon\www\CarRentSystem\vendor\laravel\framework\src\Illuminate\Http\Middleware\HandleCors.php(61): Illuminate\Pipeline\Pipeline-&gt;{closure:{closure:Illuminate\Pipeline\Pipeline::carry():194}:195}(Object(Illuminate\Http\Request))
#61 C:\laragon\www\CarRentSystem\vendor\laravel\framework\src\Illuminate\Pipeline\Pipeline.php(219): Illuminate\Http\Middleware\HandleCors-&gt;handle(Object(Illuminate\Http\Request), Object(Closure))
#62 C:\laragon\www\CarRentSystem\vendor\laravel\framework\src\Illuminate\Http\Middleware\TrustProxies.php(58): Illuminate\Pipeline\Pipeline-&gt;{closure:{closure:Illuminate\Pipeline\Pipeline::carry():194}:195}(Object(Illuminate\Http\Request))
#63 C:\laragon\www\CarRentSystem\vendor\laravel\framework\src\Illuminate\Pipeline\Pipeline.php(219): Illuminate\Http\Middleware\TrustProxies-&gt;handle(Object(Illuminate\Http\Request), Object(Closure))
#64 C:\laragon\www\CarRentSystem\vendor\laravel\framework\src\Illuminate\Foundation\Http\Middleware\InvokeDeferredCallbacks.php(22): Illuminate\Pipeline\Pipeline-&gt;{closure:{closure:Illuminate\Pipeline\Pipeline::carry():194}:195}(Object(Illuminate\Http\Request))
#65 C:\laragon\www\CarRentSystem\vendor\laravel\framework\src\Illuminate\Pipeline\Pipeline.php(219): Illuminate\Foundation\Http\Middleware\InvokeDeferredCallbacks-&gt;handle(Object(Illuminate\Http\Request), Object(Closure))
#66 C:\laragon\www\CarRentSystem\vendor\laravel\framework\src\Illuminate\Http\Middleware\ValidatePathEncoding.php(26): Illuminate\Pipeline\Pipeline-&gt;{closure:{closure:Illuminate\Pipeline\Pipeline::carry():194}:195}(Object(Illuminate\Http\Request))
#67 C:\laragon\www\CarRentSystem\vendor\laravel\framework\src\Illuminate\Pipeline\Pipeline.php(219): Illuminate\Http\Middleware\ValidatePathEncoding-&gt;handle(Object(Illuminate\Http\Request), Object(Closure))
#68 C:\laragon\www\CarRentSystem\vendor\laravel\framework\src\Illuminate\Pipeline\Pipeline.php(137): Illuminate\Pipeline\Pipeline-&gt;{closure:{closure:Illuminate\Pipeline\Pipeline::carry():194}:195}(Object(Illuminate\Http\Request))
#69 C:\laragon\www\CarRentSystem\vendor\laravel\framework\src\Illuminate\Foundation\Http\Kernel.php(175): Illuminate\Pipeline\Pipeline-&gt;then(Object(Closure))
#70 C:\laragon\www\CarRentSystem\vendor\laravel\framework\src\Illuminate\Foundation\Http\Kernel.php(144): Illuminate\Foundation\Http\Kernel-&gt;sendRequestThroughRouter(Object(Illuminate\Http\Request))
#71 C:\laragon\www\CarRentSystem\vendor\laravel\framework\src\Illuminate\Foundation\Testing\Concerns\MakesHttpRequests.php(607): Illuminate\Foundation\Http\Kernel-&gt;handle(Object(Illuminate\Http\Request))
#72 C:\laragon\www\CarRentSystem\vendor\laravel\framework\src\Illuminate\Foundation\Testing\Concerns\MakesHttpRequests.php(368): Illuminate\Foundation\Testing\TestCase-&gt;call('GET', '/admin/activity...', Array, Array, Array, Array)
#73 C:\laragon\www\CarRentSystem\tests\Feature\ActivityLogManagementTest.php(47): Illuminate\Foundation\Testing\TestCase-&gt;get('/admin/activity...')
#74 C:\laragon\www\CarRentSystem\vendor\pestphp\pest\src\Factories\TestCaseMethodFactory.php(168): P\Tests\Feature\ActivityLogManagementTest-&gt;{closure:{closure:{closure:C:\laragon\www\CarRentSystem\tests\Feature\ActivityLogManagementTest.php:13}:20}:42}()
#75 [internal function]: P\Tests\Feature\ActivityLogManagementTest-&gt;{closure:Pest\Factories\TestCaseMethodFactory::getClosure():158}()
#76 C:\laragon\www\CarRentSystem\vendor\pestphp\pest\src\Concerns\Testable.php(429): call_user_func_array(Object(Closure), Array)
#77 C:\laragon\www\CarRentSystem\vendor\pestphp\pest\src\Support\ExceptionTrace.php(26): P\Tests\Feature\ActivityLogManagementTest-&gt;{closure:Pest\Concerns\Testable::__callClosure():429}()
#78 C:\laragon\www\CarRentSystem\vendor\pestphp\pest\src\Concerns\Testable.php(429): Pest\Support\ExceptionTrace::ensure(Object(Closure))
#79 C:\laragon\www\CarRentSystem\vendor\pestphp\pest\src\Concerns\Testable.php(331): P\Tests\Feature\ActivityLogManagementTest-&gt;__callClosure(Object(Closure), Array)
#80 C:\laragon\www\CarRentSystem\vendor\pestphp\pest\src\Factories\TestCaseFactory.php(169) : eval()'d code(44): P\Tests\Feature\ActivityLogManagementTest-&gt;__runTest(Object(Closure))
#81 C:\laragon\www\CarRentSystem\vendor\phpunit\phpunit\src\Framework\TestCase.php(1316): P\Tests\Feature\ActivityLogManagementTest-&gt;__pest_evaluable__Activity_Log_Management__→__Activity_Log_Listing__→_it_filters_logs_by_user()
#82 C:\laragon\www\CarRentSystem\vendor\phpunit\phpunit\src\Framework\TestCase.php(516): PHPUnit\Framework\TestCase-&gt;runTest()
#83 C:\laragon\www\CarRentSystem\vendor\phpunit\phpunit\src\Framework\TestRunner\TestRunner.php(99): PHPUnit\Framework\TestCase-&gt;runBare()
#84 C:\laragon\www\CarRentSystem\vendor\phpunit\phpunit\src\Framework\TestCase.php(357): PHPUnit\Framework\TestRunner-&gt;run(Object(P\Tests\Feature\ActivityLogManagementTest))
#85 C:\laragon\www\CarRentSystem\vendor\phpunit\phpunit\src\Framework\TestSuite.php(374): PHPUnit\Framework\TestCase-&gt;run()
#86 C:\laragon\www\CarRentSystem\vendor\phpunit\phpunit\src\Framework\TestSuite.php(374): PHPUnit\Framework\TestSuite-&gt;run()
#87 C:\laragon\www\CarRentSystem\vendor\phpunit\phpunit\src\Framework\TestSuite.php(374): PHPUnit\Framework\TestSuite-&gt;run()
#88 C:\laragon\www\CarRentSystem\vendor\phpunit\phpunit\src\TextUI\TestRunner.php(64): PHPUnit\Framework\TestSuite-&gt;run()
#89 C:\laragon\www\CarRentSystem\vendor\phpunit\phpunit\src\TextUI\Application.php(229): PHPUnit\TextUI\TestRunner-&gt;run(Object(PHPUnit\TextUI\Configuration\Configuration), Object(PHPUnit\Runner\ResultCache\DefaultResultCache), Object(PHPUnit\Framework\TestSuite))
#90 C:\laragon\www\CarRentSystem\vendor\pestphp\pest\src\Kernel.php(103): PHPUnit\TextUI\Application-&gt;run(Array)
#91 C:\laragon\www\CarRentSystem\vendor\pestphp\pest\bin\pest(184): Pest\Kernel-&gt;handle(Array, Array)
#92 C:\laragon\www\CarRentSystem\vendor\pestphp\pest\bin\pest(192): {closure:C:\laragon\www\CarRentSystem\vendor\pestphp\pest\bin\pest:18}()
#93 C:\laragon\www\CarRentSystem\vendor\bin\pest(119): include('C:\\laragon\\www\\...')
#94 {main}

----------------------------------------------------------------------------------

SQLSTATE[HY000]: General error: 1 no such column: activity_log.name (Connection: sqlite, SQL: select "activity_log"."name", "" from "activity_log" order by "activity_log"."name" asc limit 50) (View: C:\laragon\www\CarRentSystem\vendor\filament\forms\resources\views\components\select.blade.php) (View: C:\laragon\www\CarRentSystem\vendor\filament\forms\resources\views\components\select.blade.php) (View: C:\laragon\www\CarRentSystem\vendor\filament\forms\resources\views\components\select.blade.php) (View: C:\laragon\www\CarRentSystem\vendor\filament\forms\resources\views\components\select.blade.php) (View: C:\laragon\www\CarRentSystem\vendor\filament\forms\resources\views\components\select.blade.php)&#13;
&#13;
at vendor\laravel\framework\src\Illuminate\Testing\TestResponseAssert.php:45
at vendor\laravel\framework\src\Illuminate\Testing\TestResponse.php:103
at tests\Feature\ActivityLogManagementTest.php:48</failure>
        </testcase>
        <testcase name="`Activity Log Management` → `Activity Log Listing` → it restricts owner access to activity logs" file="tests\Feature\ActivityLogManagementTest.php::`Activity Log Management` → `Activity Log Listing` → it restricts owner access to activity logs" class="Tests\Feature\ActivityLogManagementTest" classname="Tests.Feature.ActivityLogManagementTest" assertions="1" time="20.776696">
          <failure type="PHPUnit\Framework\ExpectationFailedException">`Activity Log Management` → `Activity Log Listing` → it restricts owner access to activity logsExpected response status code [403] but received 500.
Failed asserting that 500 is identical to 403.&#13;
&#13;
The following exception occurred during the last request:

PDOException: SQLSTATE[HY000]: General error: 1 no such column: activity_log.name in C:\laragon\www\CarRentSystem\vendor\laravel\framework\src\Illuminate\Database\Connection.php:406
Stack trace:
#0 C:\laragon\www\CarRentSystem\vendor\laravel\framework\src\Illuminate\Database\Connection.php(406): PDO-&gt;prepare('select "activit...')
#1 C:\laragon\www\CarRentSystem\vendor\laravel\framework\src\Illuminate\Database\Connection.php(811): Illuminate\Database\Connection-&gt;{closure:Illuminate\Database\Connection::select():397}('select "activit...', Array)
#2 C:\laragon\www\CarRentSystem\vendor\laravel\framework\src\Illuminate\Database\Connection.php(778): Illuminate\Database\Connection-&gt;runQueryCallback('select "activit...', Array, Object(Closure))
#3 C:\laragon\www\CarRentSystem\vendor\laravel\framework\src\Illuminate\Database\Connection.php(397): Illuminate\Database\Connection-&gt;run('select "activit...', Array, Object(Closure))
#4 C:\laragon\www\CarRentSystem\vendor\laravel\framework\src\Illuminate\Database\Query\Builder.php(3188): Illuminate\Database\Connection-&gt;select('select "activit...', Array, true)
#5 C:\laragon\www\CarRentSystem\vendor\laravel\framework\src\Illuminate\Database\Query\Builder.php(3446): Illuminate\Database\Query\Builder-&gt;runSelect()
#6 C:\laragon\www\CarRentSystem\vendor\laravel\framework\src\Illuminate\Database\Query\Builder.php(3763): Illuminate\Database\Query\Builder-&gt;{closure:Illuminate\Database\Query\Builder::pluck():3444}()
#7 C:\laragon\www\CarRentSystem\vendor\laravel\framework\src\Illuminate\Database\Query\Builder.php(3442): Illuminate\Database\Query\Builder-&gt;onceWithColumns(Array, Object(Closure))
#8 C:\laragon\www\CarRentSystem\vendor\laravel\framework\src\Illuminate\Database\Eloquent\Builder.php(1082): Illuminate\Database\Query\Builder-&gt;pluck('activity_log.na...', '')
#9 C:\laragon\www\CarRentSystem\vendor\filament\tables\src\Filters\SelectFilter.php(454): Illuminate\Database\Eloquent\Builder-&gt;pluck('activity_log.na...', '')
#10 C:\laragon\www\CarRentSystem\vendor\filament\support\src\Concerns\EvaluatesClosures.php(36): Filament\Tables\Filters\SelectFilter-&gt;{closure:Filament\Tables\Filters\SelectFilter::getFormField():391}(Object(Filament\Forms\Components\Select))
#11 C:\laragon\www\CarRentSystem\vendor\filament\forms\src\Components\Concerns\HasOptions.php(36): Filament\Support\Components\Component-&gt;evaluate(Object(Closure))
#12 C:\laragon\www\CarRentSystem\vendor\filament\forms\src\Components\Select.php(708): Filament\Forms\Components\Select-&gt;getOptions()
#13 C:\laragon\www\CarRentSystem\storage\framework\views\785d21797565f791af709268f8dfbe8e.php(182): Filament\Forms\Components\Select-&gt;getOptionsForJs()
#14 C:\laragon\www\CarRentSystem\vendor\livewire\livewire\src\Mechanisms\ExtendBlade\ExtendedCompilerEngine.php(37): include('C:\\laragon\\www\\...')
#15 C:\laragon\www\CarRentSystem\vendor\livewire\livewire\src\Mechanisms\ExtendBlade\ExtendedCompilerEngine.php(38): App\Filament\Resources\ActivityLogResource\Pages\ListActivityLogs-&gt;{closure:Livewire\Mechanisms\ExtendBlade\ExtendedCompilerEngine::evaluatePath():35}()
#16 C:\laragon\www\CarRentSystem\vendor\laravel\framework\src\Illuminate\View\Engines\CompilerEngine.php(76): Livewire\Mechanisms\ExtendBlade\ExtendedCompilerEngine-&gt;evaluatePath('C:\\laragon\\www\\...', Array)
#17 C:\laragon\www\CarRentSystem\vendor\livewire\livewire\src\Mechanisms\ExtendBlade\ExtendedCompilerEngine.php(16): Illuminate\View\Engines\CompilerEngine-&gt;get('C:\\laragon\\www\\...', Array)
#18 C:\laragon\www\CarRentSystem\vendor\laravel\framework\src\Illuminate\View\View.php(208): Livewire\Mechanisms\ExtendBlade\ExtendedCompilerEngine-&gt;get('C:\\laragon\\www\\...', Array)
#19 C:\laragon\www\CarRentSystem\vendor\laravel\framework\src\Illuminate\View\View.php(191): Illuminate\View\View-&gt;getContents()
#20 C:\laragon\www\CarRentSystem\vendor\laravel\framework\src\Illuminate\View\View.php(160): Illuminate\View\View-&gt;renderContents()
#21 C:\laragon\www\CarRentSystem\vendor\filament\support\src\Components\ViewComponent.php(125): Illuminate\View\View-&gt;render()
#22 C:\laragon\www\CarRentSystem\vendor\filament\schemas\src\Components\Component.php(221): Filament\Support\Components\ViewComponent-&gt;toHtml()
#23 C:\laragon\www\CarRentSystem\vendor\filament\schemas\src\Schema.php(205): Filament\Schemas\Components\Component-&gt;toSchemaHtml(true)
#24 C:\laragon\www\CarRentSystem\vendor\filament\support\src\Components\ViewComponent.php(122): Filament\Schemas\Schema-&gt;toEmbeddedHtml()
#25 C:\laragon\www\CarRentSystem\vendor\laravel\framework\src\Illuminate\Support\helpers.php(130): Filament\Support\Components\ViewComponent-&gt;toHtml()
#26 C:\laragon\www\CarRentSystem\storage\framework\views\5110ca74321f0dcab372f3d94aa125c2.php(9): e(Object(Filament\Schemas\Schema))
#27 C:\laragon\www\CarRentSystem\vendor\livewire\livewire\src\Mechanisms\ExtendBlade\ExtendedCompilerEngine.php(37): include('C:\\laragon\\www\\...')
#28 C:\laragon\www\CarRentSystem\vendor\livewire\livewire\src\Mechanisms\ExtendBlade\ExtendedCompilerEngine.php(38): App\Filament\Resources\ActivityLogResource\Pages\ListActivityLogs-&gt;{closure:Livewire\Mechanisms\ExtendBlade\ExtendedCompilerEngine::evaluatePath():35}()
#29 C:\laragon\www\CarRentSystem\vendor\laravel\framework\src\Illuminate\View\Engines\CompilerEngine.php(76): Livewire\Mechanisms\ExtendBlade\ExtendedCompilerEngine-&gt;evaluatePath('C:\\laragon\\www\\...', Array)
#30 C:\laragon\www\CarRentSystem\vendor\livewire\livewire\src\Mechanisms\ExtendBlade\ExtendedCompilerEngine.php(16): Illuminate\View\Engines\CompilerEngine-&gt;get('C:\\laragon\\www\\...', Array)
#31 C:\laragon\www\CarRentSystem\vendor\laravel\framework\src\Illuminate\View\View.php(208): Livewire\Mechanisms\ExtendBlade\ExtendedCompilerEngine-&gt;get('C:\\laragon\\www\\...', Array)
#32 C:\laragon\www\CarRentSystem\vendor\laravel\framework\src\Illuminate\View\View.php(191): Illuminate\View\View-&gt;getContents()
#33 C:\laragon\www\CarRentSystem\vendor\laravel\framework\src\Illuminate\View\View.php(160): Illuminate\View\View-&gt;renderContents()
#34 C:\laragon\www\CarRentSystem\vendor\filament\support\src\Components\ViewComponent.php(125): Illuminate\View\View-&gt;render()
#35 C:\laragon\www\CarRentSystem\vendor\filament\schemas\src\Components\Component.php(221): Filament\Support\Components\ViewComponent-&gt;toHtml()
#36 C:\laragon\www\CarRentSystem\vendor\filament\schemas\src\Schema.php(205): Filament\Schemas\Components\Component-&gt;toSchemaHtml(true)
#37 C:\laragon\www\CarRentSystem\vendor\filament\support\src\Components\ViewComponent.php(122): Filament\Schemas\Schema-&gt;toEmbeddedHtml()
#38 C:\laragon\www\CarRentSystem\vendor\laravel\framework\src\Illuminate\Support\helpers.php(130): Filament\Support\Components\ViewComponent-&gt;toHtml()
#39 C:\laragon\www\CarRentSystem\storage\framework\views\1a3d3d822b7060b360e0a4f4cc781bd5.php(92): e(Object(Filament\Schemas\Schema))
#40 C:\laragon\www\CarRentSystem\vendor\livewire\livewire\src\Mechanisms\ExtendBlade\ExtendedCompilerEngine.php(37): include('C:\\laragon\\www\\...')
#41 C:\laragon\www\CarRentSystem\vendor\livewire\livewire\src\Mechanisms\ExtendBlade\ExtendedCompilerEngine.php(38): App\Filament\Resources\ActivityLogResource\Pages\ListActivityLogs-&gt;{closure:Livewire\Mechanisms\ExtendBlade\ExtendedCompilerEngine::evaluatePath():35}()
#42 C:\laragon\www\CarRentSystem\vendor\laravel\framework\src\Illuminate\View\Engines\CompilerEngine.php(76): Livewire\Mechanisms\ExtendBlade\ExtendedCompilerEngine-&gt;evaluatePath('C:\\laragon\\www\\...', Array)
#43 C:\laragon\www\CarRentSystem\vendor\livewire\livewire\src\Mechanisms\ExtendBlade\ExtendedCompilerEngine.php(16): Illuminate\View\Engines\CompilerEngine-&gt;get('C:\\laragon\\www\\...', Array)
#44 C:\laragon\www\CarRentSystem\vendor\laravel\framework\src\Illuminate\View\View.php(208): Livewire\Mechanisms\ExtendBlade\ExtendedCompilerEngine-&gt;get('C:\\laragon\\www\\...', Array)
#45 C:\laragon\www\CarRentSystem\vendor\laravel\framework\src\Illuminate\View\View.php(191): Illuminate\View\View-&gt;getContents()
#46 C:\laragon\www\CarRentSystem\vendor\laravel\framework\src\Illuminate\View\View.php(160): Illuminate\View\View-&gt;renderContents()
#47 C:\laragon\www\CarRentSystem\vendor\laravel\framework\src\Illuminate\View\Concerns\ManagesComponents.php(103): Illuminate\View\View-&gt;render()
#48 C:\laragon\www\CarRentSystem\storage\framework\views\63d0da9e86cc349a52193e89442d61e4.php(727): Illuminate\View\Factory-&gt;renderComponent()
#49 C:\laragon\www\CarRentSystem\vendor\livewire\livewire\src\Mechanisms\ExtendBlade\ExtendedCompilerEngine.php(37): include('C:\\laragon\\www\\...')
#50 C:\laragon\www\CarRentSystem\vendor\livewire\livewire\src\Mechanisms\ExtendBlade\ExtendedCompilerEngine.php(38): App\Filament\Resources\ActivityLogResource\Pages\ListActivityLogs-&gt;{closure:Livewire\Mechanisms\ExtendBlade\ExtendedCompilerEngine::evaluatePath():35}()
#51 C:\laragon\www\CarRentSystem\vendor\laravel\framework\src\Illuminate\View\Engines\CompilerEngine.php(76): Livewire\Mechanisms\ExtendBlade\ExtendedCompilerEngine-&gt;evaluatePath('C:\\laragon\\www\\...', Array)
#52 C:\laragon\www\CarRentSystem\vendor\livewire\livewire\src\Mechanisms\ExtendBlade\ExtendedCompilerEngine.php(16): Illuminate\View\Engines\CompilerEngine-&gt;get('C:\\laragon\\www\\...', Array)
#53 C:\laragon\www\CarRentSystem\vendor\laravel\framework\src\Illuminate\View\View.php(208): Livewire\Mechanisms\ExtendBlade\ExtendedCompilerEngine-&gt;get('C:\\laragon\\www\\...', Array)
#54 C:\laragon\www\CarRentSystem\vendor\laravel\framework\src\Illuminate\View\View.php(191): Illuminate\View\View-&gt;getContents()
#55 C:\laragon\www\CarRentSystem\vendor\laravel\framework\src\Illuminate\View\View.php(160): Illuminate\View\View-&gt;renderContents()
#56 C:\laragon\www\CarRentSystem\vendor\filament\support\src\Components\ViewComponent.php(125): Illuminate\View\View-&gt;render()
#57 C:\laragon\www\CarRentSystem\vendor\filament\schemas\src\Components\Component.php(221): Filament\Support\Components\ViewComponent-&gt;toHtml()
#58 C:\laragon\www\CarRentSystem\vendor\filament\schemas\src\Schema.php(205): Filament\Schemas\Components\Component-&gt;toSchemaHtml(true)
#59 C:\laragon\www\CarRentSystem\vendor\filament\support\src\Components\ViewComponent.php(122): Filament\Schemas\Schema-&gt;toEmbeddedHtml()
#60 C:\laragon\www\CarRentSystem\vendor\laravel\framework\src\Illuminate\Support\helpers.php(130): Filament\Support\Components\ViewComponent-&gt;toHtml()
#61 C:\laragon\www\CarRentSystem\storage\framework\views\440b755faea75388110fdd3acae41dc5.php(11): e(Object(Filament\Schemas\Schema))
#62 C:\laragon\www\CarRentSystem\vendor\livewire\livewire\src\Mechanisms\ExtendBlade\ExtendedCompilerEngine.php(37): include('C:\\laragon\\www\\...')
#63 C:\laragon\www\CarRentSystem\vendor\livewire\livewire\src\Mechanisms\ExtendBlade\ExtendedCompilerEngine.php(38): App\Filament\Resources\ActivityLogResource\Pages\ListActivityLogs-&gt;{closure:Livewire\Mechanisms\ExtendBlade\ExtendedCompilerEngine::evaluatePath():35}()
#64 C:\laragon\www\CarRentSystem\vendor\laravel\framework\src\Illuminate\View\Engines\CompilerEngine.php(76): Livewire\Mechanisms\ExtendBlade\ExtendedCompilerEngine-&gt;evaluatePath('C:\\laragon\\www\\...', Array)
#65 C:\laragon\www\CarRentSystem\vendor\livewire\livewire\src\Mechanisms\ExtendBlade\ExtendedCompilerEngine.php(16): Illuminate\View\Engines\CompilerEngine-&gt;get('C:\\laragon\\www\\...', Array)
#66 C:\laragon\www\CarRentSystem\vendor\laravel\framework\src\Illuminate\View\View.php(208): Livewire\Mechanisms\ExtendBlade\ExtendedCompilerEngine-&gt;get('C:\\laragon\\www\\...', Array)
#67 C:\laragon\www\CarRentSystem\vendor\laravel\framework\src\Illuminate\View\View.php(191): Illuminate\View\View-&gt;getContents()
#68 C:\laragon\www\CarRentSystem\vendor\laravel\framework\src\Illuminate\View\View.php(160): Illuminate\View\View-&gt;renderContents()
#69 C:\laragon\www\CarRentSystem\vendor\livewire\livewire\src\Mechanisms\HandleComponents\HandleComponents.php(259): Illuminate\View\View-&gt;render(Object(Closure))
#70 C:\laragon\www\CarRentSystem\vendor\livewire\livewire\src\Mechanisms\HandleComponents\HandleComponents.php(303): Livewire\Mechanisms\HandleComponents\HandleComponents-&gt;{closure:Livewire\Mechanisms\HandleComponents\HandleComponents::render():251}()
#71 C:\laragon\www\CarRentSystem\vendor\livewire\livewire\src\Mechanisms\HandleComponents\HandleComponents.php(251): Livewire\Mechanisms\HandleComponents\HandleComponents-&gt;trackInRenderStack(Object(App\Filament\Resources\ActivityLogResource\Pages\ListActivityLogs), Object(Closure))
#72 C:\laragon\www\CarRentSystem\vendor\livewire\livewire\src\Mechanisms\HandleComponents\HandleComponents.php(54): Livewire\Mechanisms\HandleComponents\HandleComponents-&gt;render(Object(App\Filament\Resources\ActivityLogResource\Pages\ListActivityLogs), '&lt;div&gt;&lt;/div&gt;')
#73 C:\laragon\www\CarRentSystem\vendor\livewire\livewire\src\LivewireManager.php(73): Livewire\Mechanisms\HandleComponents\HandleComponents-&gt;mount('App\\Filament\\Re...', Array, NULL)
#74 C:\laragon\www\CarRentSystem\vendor\livewire\livewire\src\Features\SupportPageComponents\HandlesPageComponents.php(17): Livewire\LivewireManager-&gt;mount('App\\Filament\\Re...', Array)
#75 C:\laragon\www\CarRentSystem\vendor\livewire\livewire\src\Features\SupportPageComponents\SupportPageComponents.php(117): Livewire\Component-&gt;{closure:Livewire\Features\SupportPageComponents\HandlesPageComponents::__invoke():14}()
#76 C:\laragon\www\CarRentSystem\vendor\livewire\livewire\src\Features\SupportPageComponents\HandlesPageComponents.php(14): Livewire\Features\SupportPageComponents\SupportPageComponents::interceptTheRenderOfTheComponentAndRetreiveTheLayoutConfiguration(Object(Closure))
#77 C:\laragon\www\CarRentSystem\vendor\laravel\framework\src\Illuminate\Routing\ControllerDispatcher.php(46): Livewire\Component-&gt;__invoke()
#78 C:\laragon\www\CarRentSystem\vendor\laravel\framework\src\Illuminate\Routing\Route.php(265): Illuminate\Routing\ControllerDispatcher-&gt;dispatch(Object(Illuminate\Routing\Route), Object(App\Filament\Resources\ActivityLogResource\Pages\ListActivityLogs), '__invoke')
#79 C:\laragon\www\CarRentSystem\vendor\laravel\framework\src\Illuminate\Routing\Route.php(211): Illuminate\Routing\Route-&gt;runController()
#80 C:\laragon\www\CarRentSystem\vendor\laravel\framework\src\Illuminate\Routing\Router.php(822): Illuminate\Routing\Route-&gt;run()
#81 C:\laragon\www\CarRentSystem\vendor\laravel\framework\src\Illuminate\Pipeline\Pipeline.php(180): Illuminate\Routing\Router-&gt;{closure:Illuminate\Routing\Router::runRouteWithinStack():821}(Object(Illuminate\Http\Request))
#82 C:\laragon\www\CarRentSystem\vendor\filament\filament\src\Http\Middleware\DispatchServingFilamentEvent.php(15): Illuminate\Pipeline\Pipeline-&gt;{closure:Illuminate\Pipeline\Pipeline::prepareDestination():178}(Object(Illuminate\Http\Request))
#83 C:\laragon\www\CarRentSystem\vendor\laravel\framework\src\Illuminate\Pipeline\Pipeline.php(219): Filament\Http\Middleware\DispatchServingFilamentEvent-&gt;handle(Object(Illuminate\Http\Request), Object(Closure))
#84 C:\laragon\www\CarRentSystem\vendor\filament\filament\src\Http\Middleware\DisableBladeIconComponents.php(14): Illuminate\Pipeline\Pipeline-&gt;{closure:{closure:Illuminate\Pipeline\Pipeline::carry():194}:195}(Object(Illuminate\Http\Request))
#85 C:\laragon\www\CarRentSystem\vendor\laravel\framework\src\Illuminate\Pipeline\Pipeline.php(219): Filament\Http\Middleware\DisableBladeIconComponents-&gt;handle(Object(Illuminate\Http\Request), Object(Closure))
#86 C:\laragon\www\CarRentSystem\app\Http\Middleware\LocalizationMiddleware.php(41): Illuminate\Pipeline\Pipeline-&gt;{closure:{closure:Illuminate\Pipeline\Pipeline::carry():194}:195}(Object(Illuminate\Http\Request))
#87 C:\laragon\www\CarRentSystem\vendor\laravel\framework\src\Illuminate\Pipeline\Pipeline.php(219): App\Http\Middleware\LocalizationMiddleware-&gt;handle(Object(Illuminate\Http\Request), Object(Closure))
#88 C:\laragon\www\CarRentSystem\vendor\laravel\framework\src\Illuminate\Routing\Middleware\SubstituteBindings.php(50): Illuminate\Pipeline\Pipeline-&gt;{closure:{closure:Illuminate\Pipeline\Pipeline::carry():194}:195}(Object(Illuminate\Http\Request))
#89 C:\laragon\www\CarRentSystem\vendor\laravel\framework\src\Illuminate\Pipeline\Pipeline.php(219): Illuminate\Routing\Middleware\SubstituteBindings-&gt;handle(Object(Illuminate\Http\Request), Object(Closure))
#90 C:\laragon\www\CarRentSystem\vendor\laravel\framework\src\Illuminate\Auth\Middleware\Authenticate.php(63): Illuminate\Pipeline\Pipeline-&gt;{closure:{closure:Illuminate\Pipeline\Pipeline::carry():194}:195}(Object(Illuminate\Http\Request))
#91 C:\laragon\www\CarRentSystem\vendor\laravel\framework\src\Illuminate\Pipeline\Pipeline.php(219): Illuminate\Auth\Middleware\Authenticate-&gt;handle(Object(Illuminate\Http\Request), Object(Closure))
#92 C:\laragon\www\CarRentSystem\vendor\laravel\framework\src\Illuminate\View\Middleware\ShareErrorsFromSession.php(48): Illuminate\Pipeline\Pipeline-&gt;{closure:{closure:Illuminate\Pipeline\Pipeline::carry():194}:195}(Object(Illuminate\Http\Request))
#93 C:\laragon\www\CarRentSystem\vendor\laravel\framework\src\Illuminate\Pipeline\Pipeline.php(219): Illuminate\View\Middleware\ShareErrorsFromSession-&gt;handle(Object(Illuminate\Http\Request), Object(Closure))
#94 C:\laragon\www\CarRentSystem\vendor\laravel\framework\src\Illuminate\Session\Middleware\StartSession.php(120): Illuminate\Pipeline\Pipeline-&gt;{closure:{closure:Illuminate\Pipeline\Pipeline::carry():194}:195}(Object(Illuminate\Http\Request))
#95 C:\laragon\www\CarRentSystem\vendor\laravel\framework\src\Illuminate\Session\Middleware\StartSession.php(63): Illuminate\Session\Middleware\StartSession-&gt;handleStatefulRequest(Object(Illuminate\Http\Request), Object(Illuminate\Session\Store), Object(Closure))
#96 C:\laragon\www\CarRentSystem\vendor\laravel\framework\src\Illuminate\Pipeline\Pipeline.php(219): Illuminate\Session\Middleware\StartSession-&gt;handle(Object(Illuminate\Http\Request), Object(Closure))
#97 C:\laragon\www\CarRentSystem\vendor\laravel\framework\src\Illuminate\Cookie\Middleware\AddQueuedCookiesToResponse.php(36): Illuminate\Pipeline\Pipeline-&gt;{closure:{closure:Illuminate\Pipeline\Pipeline::carry():194}:195}(Object(Illuminate\Http\Request))
#98 C:\laragon\www\CarRentSystem\vendor\laravel\framework\src\Illuminate\Pipeline\Pipeline.php(219): Illuminate\Cookie\Middleware\AddQueuedCookiesToResponse-&gt;handle(Object(Illuminate\Http\Request), Object(Closure))
#99 C:\laragon\www\CarRentSystem\vendor\laravel\framework\src\Illuminate\Cookie\Middleware\EncryptCookies.php(74): Illuminate\Pipeline\Pipeline-&gt;{closure:{closure:Illuminate\Pipeline\Pipeline::carry():194}:195}(Object(Illuminate\Http\Request))
#100 C:\laragon\www\CarRentSystem\vendor\laravel\framework\src\Illuminate\Pipeline\Pipeline.php(219): Illuminate\Cookie\Middleware\EncryptCookies-&gt;handle(Object(Illuminate\Http\Request), Object(Closure))
#101 C:\laragon\www\CarRentSystem\vendor\filament\filament\src\Http\Middleware\SetUpPanel.php(19): Illuminate\Pipeline\Pipeline-&gt;{closure:{closure:Illuminate\Pipeline\Pipeline::carry():194}:195}(Object(Illuminate\Http\Request))
#102 C:\laragon\www\CarRentSystem\vendor\laravel\framework\src\Illuminate\Pipeline\Pipeline.php(219): Filament\Http\Middleware\SetUpPanel-&gt;handle(Object(Illuminate\Http\Request), Object(Closure), Object(Filament\Panel))
#103 C:\laragon\www\CarRentSystem\vendor\laravel\framework\src\Illuminate\Pipeline\Pipeline.php(137): Illuminate\Pipeline\Pipeline-&gt;{closure:{closure:Illuminate\Pipeline\Pipeline::carry():194}:195}(Object(Illuminate\Http\Request))
#104 C:\laragon\www\CarRentSystem\vendor\laravel\framework\src\Illuminate\Routing\Router.php(821): Illuminate\Pipeline\Pipeline-&gt;then(Object(Closure))
#105 C:\laragon\www\CarRentSystem\vendor\laravel\framework\src\Illuminate\Routing\Router.php(800): Illuminate\Routing\Router-&gt;runRouteWithinStack(Object(Illuminate\Routing\Route), Object(Illuminate\Http\Request))
#106 C:\laragon\www\CarRentSystem\vendor\laravel\framework\src\Illuminate\Routing\Router.php(764): Illuminate\Routing\Router-&gt;runRoute(Object(Illuminate\Http\Request), Object(Illuminate\Routing\Route))
#107 C:\laragon\www\CarRentSystem\vendor\laravel\framework\src\Illuminate\Routing\Router.php(753): Illuminate\Routing\Router-&gt;dispatchToRoute(Object(Illuminate\Http\Request))
#108 C:\laragon\www\CarRentSystem\vendor\laravel\framework\src\Illuminate\Foundation\Http\Kernel.php(200): Illuminate\Routing\Router-&gt;dispatch(Object(Illuminate\Http\Request))
#109 C:\laragon\www\CarRentSystem\vendor\laravel\framework\src\Illuminate\Pipeline\Pipeline.php(180): Illuminate\Foundation\Http\Kernel-&gt;{closure:Illuminate\Foundation\Http\Kernel::dispatchToRouter():197}(Object(Illuminate\Http\Request))
#110 C:\laragon\www\CarRentSystem\vendor\livewire\livewire\src\Features\SupportDisablingBackButtonCache\DisableBackButtonCacheMiddleware.php(19): Illuminate\Pipeline\Pipeline-&gt;{closure:Illuminate\Pipeline\Pipeline::prepareDestination():178}(Object(Illuminate\Http\Request))
#111 C:\laragon\www\CarRentSystem\vendor\laravel\framework\src\Illuminate\Pipeline\Pipeline.php(219): Livewire\Features\SupportDisablingBackButtonCache\DisableBackButtonCacheMiddleware-&gt;handle(Object(Illuminate\Http\Request), Object(Closure))
#112 C:\laragon\www\CarRentSystem\vendor\laravel\framework\src\Illuminate\Foundation\Http\Middleware\TransformsRequest.php(21): Illuminate\Pipeline\Pipeline-&gt;{closure:{closure:Illuminate\Pipeline\Pipeline::carry():194}:195}(Object(Illuminate\Http\Request))
#113 C:\laragon\www\CarRentSystem\vendor\laravel\framework\src\Illuminate\Foundation\Http\Middleware\ConvertEmptyStringsToNull.php(31): Illuminate\Foundation\Http\Middleware\TransformsRequest-&gt;handle(Object(Illuminate\Http\Request), Object(Closure))
#114 C:\laragon\www\CarRentSystem\vendor\laravel\framework\src\Illuminate\Pipeline\Pipeline.php(219): Illuminate\Foundation\Http\Middleware\ConvertEmptyStringsToNull-&gt;handle(Object(Illuminate\Http\Request), Object(Closure))
#115 C:\laragon\www\CarRentSystem\vendor\laravel\framework\src\Illuminate\Foundation\Http\Middleware\TransformsRequest.php(21): Illuminate\Pipeline\Pipeline-&gt;{closure:{closure:Illuminate\Pipeline\Pipeline::carry():194}:195}(Object(Illuminate\Http\Request))
#116 C:\laragon\www\CarRentSystem\vendor\laravel\framework\src\Illuminate\Foundation\Http\Middleware\TrimStrings.php(51): Illuminate\Foundation\Http\Middleware\TransformsRequest-&gt;handle(Object(Illuminate\Http\Request), Object(Closure))
#117 C:\laragon\www\CarRentSystem\vendor\laravel\framework\src\Illuminate\Pipeline\Pipeline.php(219): Illuminate\Foundation\Http\Middleware\TrimStrings-&gt;handle(Object(Illuminate\Http\Request), Object(Closure))
#118 C:\laragon\www\CarRentSystem\vendor\laravel\framework\src\Illuminate\Http\Middleware\ValidatePostSize.php(27): Illuminate\Pipeline\Pipeline-&gt;{closure:{closure:Illuminate\Pipeline\Pipeline::carry():194}:195}(Object(Illuminate\Http\Request))
#119 C:\laragon\www\CarRentSystem\vendor\laravel\framework\src\Illuminate\Pipeline\Pipeline.php(219): Illuminate\Http\Middleware\ValidatePostSize-&gt;handle(Object(Illuminate\Http\Request), Object(Closure))
#120 C:\laragon\www\CarRentSystem\vendor\laravel\framework\src\Illuminate\Foundation\Http\Middleware\PreventRequestsDuringMaintenance.php(109): Illuminate\Pipeline\Pipeline-&gt;{closure:{closure:Illuminate\Pipeline\Pipeline::carry():194}:195}(Object(Illuminate\Http\Request))
#121 C:\laragon\www\CarRentSystem\vendor\laravel\framework\src\Illuminate\Pipeline\Pipeline.php(219): Illuminate\Foundation\Http\Middleware\PreventRequestsDuringMaintenance-&gt;handle(Object(Illuminate\Http\Request), Object(Closure))
#122 C:\laragon\www\CarRentSystem\vendor\laravel\framework\src\Illuminate\Http\Middleware\HandleCors.php(61): Illuminate\Pipeline\Pipeline-&gt;{closure:{closure:Illuminate\Pipeline\Pipeline::carry():194}:195}(Object(Illuminate\Http\Request))
#123 C:\laragon\www\CarRentSystem\vendor\laravel\framework\src\Illuminate\Pipeline\Pipeline.php(219): Illuminate\Http\Middleware\HandleCors-&gt;handle(Object(Illuminate\Http\Request), Object(Closure))
#124 C:\laragon\www\CarRentSystem\vendor\laravel\framework\src\Illuminate\Http\Middleware\TrustProxies.php(58): Illuminate\Pipeline\Pipeline-&gt;{closure:{closure:Illuminate\Pipeline\Pipeline::carry():194}:195}(Object(Illuminate\Http\Request))
#125 C:\laragon\www\CarRentSystem\vendor\laravel\framework\src\Illuminate\Pipeline\Pipeline.php(219): Illuminate\Http\Middleware\TrustProxies-&gt;handle(Object(Illuminate\Http\Request), Object(Closure))
#126 C:\laragon\www\CarRentSystem\vendor\laravel\framework\src\Illuminate\Foundation\Http\Middleware\InvokeDeferredCallbacks.php(22): Illuminate\Pipeline\Pipeline-&gt;{closure:{closure:Illuminate\Pipeline\Pipeline::carry():194}:195}(Object(Illuminate\Http\Request))
#127 C:\laragon\www\CarRentSystem\vendor\laravel\framework\src\Illuminate\Pipeline\Pipeline.php(219): Illuminate\Foundation\Http\Middleware\InvokeDeferredCallbacks-&gt;handle(Object(Illuminate\Http\Request), Object(Closure))
#128 C:\laragon\www\CarRentSystem\vendor\laravel\framework\src\Illuminate\Http\Middleware\ValidatePathEncoding.php(26): Illuminate\Pipeline\Pipeline-&gt;{closure:{closure:Illuminate\Pipeline\Pipeline::carry():194}:195}(Object(Illuminate\Http\Request))
#129 C:\laragon\www\CarRentSystem\vendor\laravel\framework\src\Illuminate\Pipeline\Pipeline.php(219): Illuminate\Http\Middleware\ValidatePathEncoding-&gt;handle(Object(Illuminate\Http\Request), Object(Closure))
#130 C:\laragon\www\CarRentSystem\vendor\laravel\framework\src\Illuminate\Pipeline\Pipeline.php(137): Illuminate\Pipeline\Pipeline-&gt;{closure:{closure:Illuminate\Pipeline\Pipeline::carry():194}:195}(Object(Illuminate\Http\Request))
#131 C:\laragon\www\CarRentSystem\vendor\laravel\framework\src\Illuminate\Foundation\Http\Kernel.php(175): Illuminate\Pipeline\Pipeline-&gt;then(Object(Closure))
#132 C:\laragon\www\CarRentSystem\vendor\laravel\framework\src\Illuminate\Foundation\Http\Kernel.php(144): Illuminate\Foundation\Http\Kernel-&gt;sendRequestThroughRouter(Object(Illuminate\Http\Request))
#133 C:\laragon\www\CarRentSystem\vendor\laravel\framework\src\Illuminate\Foundation\Testing\Concerns\MakesHttpRequests.php(607): Illuminate\Foundation\Http\Kernel-&gt;handle(Object(Illuminate\Http\Request))
#134 C:\laragon\www\CarRentSystem\vendor\laravel\framework\src\Illuminate\Foundation\Testing\Concerns\MakesHttpRequests.php(368): Illuminate\Foundation\Testing\TestCase-&gt;call('GET', '/admin/activity...', Array, Array, Array, Array)
#135 C:\laragon\www\CarRentSystem\tests\Feature\ActivityLogManagementTest.php(32): Illuminate\Foundation\Testing\TestCase-&gt;get('/admin/activity...')
#136 C:\laragon\www\CarRentSystem\vendor\pestphp\pest\src\Factories\TestCaseMethodFactory.php(168): P\Tests\Feature\ActivityLogManagementTest-&gt;{closure:{closure:{closure:C:\laragon\www\CarRentSystem\tests\Feature\ActivityLogManagementTest.php:13}:20}:30}()
#137 [internal function]: P\Tests\Feature\ActivityLogManagementTest-&gt;{closure:Pest\Factories\TestCaseMethodFactory::getClosure():158}()
#138 C:\laragon\www\CarRentSystem\vendor\pestphp\pest\src\Concerns\Testable.php(429): call_user_func_array(Object(Closure), Array)
#139 C:\laragon\www\CarRentSystem\vendor\pestphp\pest\src\Support\ExceptionTrace.php(26): P\Tests\Feature\ActivityLogManagementTest-&gt;{closure:Pest\Concerns\Testable::__callClosure():429}()
#140 C:\laragon\www\CarRentSystem\vendor\pestphp\pest\src\Concerns\Testable.php(429): Pest\Support\ExceptionTrace::ensure(Object(Closure))
#141 C:\laragon\www\CarRentSystem\vendor\pestphp\pest\src\Concerns\Testable.php(331): P\Tests\Feature\ActivityLogManagementTest-&gt;__callClosure(Object(Closure), Array)
#142 C:\laragon\www\CarRentSystem\vendor\pestphp\pest\src\Factories\TestCaseFactory.php(169) : eval()'d code(26): P\Tests\Feature\ActivityLogManagementTest-&gt;__runTest(Object(Closure))
#143 C:\laragon\www\CarRentSystem\vendor\phpunit\phpunit\src\Framework\TestCase.php(1316): P\Tests\Feature\ActivityLogManagementTest-&gt;__pest_evaluable__Activity_Log_Management__→__Activity_Log_Listing__→_it_restricts_owner_access_to_activity_logs()
#144 C:\laragon\www\CarRentSystem\vendor\phpunit\phpunit\src\Framework\TestCase.php(516): PHPUnit\Framework\TestCase-&gt;runTest()
#145 C:\laragon\www\CarRentSystem\vendor\phpunit\phpunit\src\Framework\TestRunner\TestRunner.php(99): PHPUnit\Framework\TestCase-&gt;runBare()
#146 C:\laragon\www\CarRentSystem\vendor\phpunit\phpunit\src\Framework\TestCase.php(357): PHPUnit\Framework\TestRunner-&gt;run(Object(P\Tests\Feature\ActivityLogManagementTest))
#147 C:\laragon\www\CarRentSystem\vendor\phpunit\phpunit\src\Framework\TestSuite.php(374): PHPUnit\Framework\TestCase-&gt;run()
#148 C:\laragon\www\CarRentSystem\vendor\phpunit\phpunit\src\Framework\TestSuite.php(374): PHPUnit\Framework\TestSuite-&gt;run()
#149 C:\laragon\www\CarRentSystem\vendor\phpunit\phpunit\src\Framework\TestSuite.php(374): PHPUnit\Framework\TestSuite-&gt;run()
#150 C:\laragon\www\CarRentSystem\vendor\phpunit\phpunit\src\TextUI\TestRunner.php(64): PHPUnit\Framework\TestSuite-&gt;run()
#151 C:\laragon\www\CarRentSystem\vendor\phpunit\phpunit\src\TextUI\Application.php(229): PHPUnit\TextUI\TestRunner-&gt;run(Object(PHPUnit\TextUI\Configuration\Configuration), Object(PHPUnit\Runner\ResultCache\DefaultResultCache), Object(PHPUnit\Framework\TestSuite))
#152 C:\laragon\www\CarRentSystem\vendor\pestphp\pest\src\Kernel.php(103): PHPUnit\TextUI\Application-&gt;run(Array)
#153 C:\laragon\www\CarRentSystem\vendor\pestphp\pest\bin\pest(184): Pest\Kernel-&gt;handle(Array, Array)
#154 C:\laragon\www\CarRentSystem\vendor\pestphp\pest\bin\pest(192): {closure:C:\laragon\www\CarRentSystem\vendor\pestphp\pest\bin\pest:18}()
#155 C:\laragon\www\CarRentSystem\vendor\bin\pest(119): include('C:\\laragon\\www\\...')
#156 {main}

Next Illuminate\Database\QueryException: SQLSTATE[HY000]: General error: 1 no such column: activity_log.name (Connection: sqlite, SQL: select "activity_log"."name", "" from "activity_log" order by "activity_log"."name" asc limit 50) in C:\laragon\www\CarRentSystem\vendor\laravel\framework\src\Illuminate\Database\Connection.php:824
Stack trace:
#0 C:\laragon\www\CarRentSystem\vendor\laravel\framework\src\Illuminate\Database\Connection.php(778): Illuminate\Database\Connection-&gt;runQueryCallback('select "activit...', Array, Object(Closure))
#1 C:\laragon\www\CarRentSystem\vendor\laravel\framework\src\Illuminate\Database\Connection.php(397): Illuminate\Database\Connection-&gt;run('select "activit...', Array, Object(Closure))
#2 C:\laragon\www\CarRentSystem\vendor\laravel\framework\src\Illuminate\Database\Query\Builder.php(3188): Illuminate\Database\Connection-&gt;select('select "activit...', Array, true)
#3 C:\laragon\www\CarRentSystem\vendor\laravel\framework\src\Illuminate\Database\Query\Builder.php(3446): Illuminate\Database\Query\Builder-&gt;runSelect()
#4 C:\laragon\www\CarRentSystem\vendor\laravel\framework\src\Illuminate\Database\Query\Builder.php(3763): Illuminate\Database\Query\Builder-&gt;{closure:Illuminate\Database\Query\Builder::pluck():3444}()
#5 C:\laragon\www\CarRentSystem\vendor\laravel\framework\src\Illuminate\Database\Query\Builder.php(3442): Illuminate\Database\Query\Builder-&gt;onceWithColumns(Array, Object(Closure))
#6 C:\laragon\www\CarRentSystem\vendor\laravel\framework\src\Illuminate\Database\Eloquent\Builder.php(1082): Illuminate\Database\Query\Builder-&gt;pluck('activity_log.na...', '')
#7 C:\laragon\www\CarRentSystem\vendor\filament\tables\src\Filters\SelectFilter.php(454): Illuminate\Database\Eloquent\Builder-&gt;pluck('activity_log.na...', '')
#8 C:\laragon\www\CarRentSystem\vendor\filament\support\src\Concerns\EvaluatesClosures.php(36): Filament\Tables\Filters\SelectFilter-&gt;{closure:Filament\Tables\Filters\SelectFilter::getFormField():391}(Object(Filament\Forms\Components\Select))
#9 C:\laragon\www\CarRentSystem\vendor\filament\forms\src\Components\Concerns\HasOptions.php(36): Filament\Support\Components\Component-&gt;evaluate(Object(Closure))
#10 C:\laragon\www\CarRentSystem\vendor\filament\forms\src\Components\Select.php(708): Filament\Forms\Components\Select-&gt;getOptions()
#11 C:\laragon\www\CarRentSystem\storage\framework\views\785d21797565f791af709268f8dfbe8e.php(182): Filament\Forms\Components\Select-&gt;getOptionsForJs()
#12 C:\laragon\www\CarRentSystem\vendor\livewire\livewire\src\Mechanisms\ExtendBlade\ExtendedCompilerEngine.php(37): include('C:\\laragon\\www\\...')
#13 C:\laragon\www\CarRentSystem\vendor\livewire\livewire\src\Mechanisms\ExtendBlade\ExtendedCompilerEngine.php(38): App\Filament\Resources\ActivityLogResource\Pages\ListActivityLogs-&gt;{closure:Livewire\Mechanisms\ExtendBlade\ExtendedCompilerEngine::evaluatePath():35}()
#14 C:\laragon\www\CarRentSystem\vendor\laravel\framework\src\Illuminate\View\Engines\CompilerEngine.php(76): Livewire\Mechanisms\ExtendBlade\ExtendedCompilerEngine-&gt;evaluatePath('C:\\laragon\\www\\...', Array)
#15 C:\laragon\www\CarRentSystem\vendor\livewire\livewire\src\Mechanisms\ExtendBlade\ExtendedCompilerEngine.php(16): Illuminate\View\Engines\CompilerEngine-&gt;get('C:\\laragon\\www\\...', Array)
#16 C:\laragon\www\CarRentSystem\vendor\laravel\framework\src\Illuminate\View\View.php(208): Livewire\Mechanisms\ExtendBlade\ExtendedCompilerEngine-&gt;get('C:\\laragon\\www\\...', Array)
#17 C:\laragon\www\CarRentSystem\vendor\laravel\framework\src\Illuminate\View\View.php(191): Illuminate\View\View-&gt;getContents()
#18 C:\laragon\www\CarRentSystem\vendor\laravel\framework\src\Illuminate\View\View.php(160): Illuminate\View\View-&gt;renderContents()
#19 C:\laragon\www\CarRentSystem\vendor\filament\support\src\Components\ViewComponent.php(125): Illuminate\View\View-&gt;render()
#20 C:\laragon\www\CarRentSystem\vendor\filament\schemas\src\Components\Component.php(221): Filament\Support\Components\ViewComponent-&gt;toHtml()
#21 C:\laragon\www\CarRentSystem\vendor\filament\schemas\src\Schema.php(205): Filament\Schemas\Components\Component-&gt;toSchemaHtml(true)
#22 C:\laragon\www\CarRentSystem\vendor\filament\support\src\Components\ViewComponent.php(122): Filament\Schemas\Schema-&gt;toEmbeddedHtml()
#23 C:\laragon\www\CarRentSystem\vendor\laravel\framework\src\Illuminate\Support\helpers.php(130): Filament\Support\Components\ViewComponent-&gt;toHtml()
#24 C:\laragon\www\CarRentSystem\storage\framework\views\5110ca74321f0dcab372f3d94aa125c2.php(9): e(Object(Filament\Schemas\Schema))
#25 C:\laragon\www\CarRentSystem\vendor\livewire\livewire\src\Mechanisms\ExtendBlade\ExtendedCompilerEngine.php(37): include('C:\\laragon\\www\\...')
#26 C:\laragon\www\CarRentSystem\vendor\livewire\livewire\src\Mechanisms\ExtendBlade\ExtendedCompilerEngine.php(38): App\Filament\Resources\ActivityLogResource\Pages\ListActivityLogs-&gt;{closure:Livewire\Mechanisms\ExtendBlade\ExtendedCompilerEngine::evaluatePath():35}()
#27 C:\laragon\www\CarRentSystem\vendor\laravel\framework\src\Illuminate\View\Engines\CompilerEngine.php(76): Livewire\Mechanisms\ExtendBlade\ExtendedCompilerEngine-&gt;evaluatePath('C:\\laragon\\www\\...', Array)
#28 C:\laragon\www\CarRentSystem\vendor\livewire\livewire\src\Mechanisms\ExtendBlade\ExtendedCompilerEngine.php(16): Illuminate\View\Engines\CompilerEngine-&gt;get('C:\\laragon\\www\\...', Array)
#29 C:\laragon\www\CarRentSystem\vendor\laravel\framework\src\Illuminate\View\View.php(208): Livewire\Mechanisms\ExtendBlade\ExtendedCompilerEngine-&gt;get('C:\\laragon\\www\\...', Array)
#30 C:\laragon\www\CarRentSystem\vendor\laravel\framework\src\Illuminate\View\View.php(191): Illuminate\View\View-&gt;getContents()
#31 C:\laragon\www\CarRentSystem\vendor\laravel\framework\src\Illuminate\View\View.php(160): Illuminate\View\View-&gt;renderContents()
#32 C:\laragon\www\CarRentSystem\vendor\filament\support\src\Components\ViewComponent.php(125): Illuminate\View\View-&gt;render()
#33 C:\laragon\www\CarRentSystem\vendor\filament\schemas\src\Components\Component.php(221): Filament\Support\Components\ViewComponent-&gt;toHtml()
#34 C:\laragon\www\CarRentSystem\vendor\filament\schemas\src\Schema.php(205): Filament\Schemas\Components\Component-&gt;toSchemaHtml(true)
#35 C:\laragon\www\CarRentSystem\vendor\filament\support\src\Components\ViewComponent.php(122): Filament\Schemas\Schema-&gt;toEmbeddedHtml()
#36 C:\laragon\www\CarRentSystem\vendor\laravel\framework\src\Illuminate\Support\helpers.php(130): Filament\Support\Components\ViewComponent-&gt;toHtml()
#37 C:\laragon\www\CarRentSystem\storage\framework\views\1a3d3d822b7060b360e0a4f4cc781bd5.php(92): e(Object(Filament\Schemas\Schema))
#38 C:\laragon\www\CarRentSystem\vendor\livewire\livewire\src\Mechanisms\ExtendBlade\ExtendedCompilerEngine.php(37): include('C:\\laragon\\www\\...')
#39 C:\laragon\www\CarRentSystem\vendor\livewire\livewire\src\Mechanisms\ExtendBlade\ExtendedCompilerEngine.php(38): App\Filament\Resources\ActivityLogResource\Pages\ListActivityLogs-&gt;{closure:Livewire\Mechanisms\ExtendBlade\ExtendedCompilerEngine::evaluatePath():35}()
#40 C:\laragon\www\CarRentSystem\vendor\laravel\framework\src\Illuminate\View\Engines\CompilerEngine.php(76): Livewire\Mechanisms\ExtendBlade\ExtendedCompilerEngine-&gt;evaluatePath('C:\\laragon\\www\\...', Array)
#41 C:\laragon\www\CarRentSystem\vendor\livewire\livewire\src\Mechanisms\ExtendBlade\ExtendedCompilerEngine.php(16): Illuminate\View\Engines\CompilerEngine-&gt;get('C:\\laragon\\www\\...', Array)
#42 C:\laragon\www\CarRentSystem\vendor\laravel\framework\src\Illuminate\View\View.php(208): Livewire\Mechanisms\ExtendBlade\ExtendedCompilerEngine-&gt;get('C:\\laragon\\www\\...', Array)
#43 C:\laragon\www\CarRentSystem\vendor\laravel\framework\src\Illuminate\View\View.php(191): Illuminate\View\View-&gt;getContents()
#44 C:\laragon\www\CarRentSystem\vendor\laravel\framework\src\Illuminate\View\View.php(160): Illuminate\View\View-&gt;renderContents()
#45 C:\laragon\www\CarRentSystem\vendor\laravel\framework\src\Illuminate\View\Concerns\ManagesComponents.php(103): Illuminate\View\View-&gt;render()
#46 C:\laragon\www\CarRentSystem\storage\framework\views\63d0da9e86cc349a52193e89442d61e4.php(727): Illuminate\View\Factory-&gt;renderComponent()
#47 C:\laragon\www\CarRentSystem\vendor\livewire\livewire\src\Mechanisms\ExtendBlade\ExtendedCompilerEngine.php(37): include('C:\\laragon\\www\\...')
#48 C:\laragon\www\CarRentSystem\vendor\livewire\livewire\src\Mechanisms\ExtendBlade\ExtendedCompilerEngine.php(38): App\Filament\Resources\ActivityLogResource\Pages\ListActivityLogs-&gt;{closure:Livewire\Mechanisms\ExtendBlade\ExtendedCompilerEngine::evaluatePath():35}()
#49 C:\laragon\www\CarRentSystem\vendor\laravel\framework\src\Illuminate\View\Engines\CompilerEngine.php(76): Livewire\Mechanisms\ExtendBlade\ExtendedCompilerEngine-&gt;evaluatePath('C:\\laragon\\www\\...', Array)
#50 C:\laragon\www\CarRentSystem\vendor\livewire\livewire\src\Mechanisms\ExtendBlade\ExtendedCompilerEngine.php(16): Illuminate\View\Engines\CompilerEngine-&gt;get('C:\\laragon\\www\\...', Array)
#51 C:\laragon\www\CarRentSystem\vendor\laravel\framework\src\Illuminate\View\View.php(208): Livewire\Mechanisms\ExtendBlade\ExtendedCompilerEngine-&gt;get('C:\\laragon\\www\\...', Array)
#52 C:\laragon\www\CarRentSystem\vendor\laravel\framework\src\Illuminate\View\View.php(191): Illuminate\View\View-&gt;getContents()
#53 C:\laragon\www\CarRentSystem\vendor\laravel\framework\src\Illuminate\View\View.php(160): Illuminate\View\View-&gt;renderContents()
#54 C:\laragon\www\CarRentSystem\vendor\filament\support\src\Components\ViewComponent.php(125): Illuminate\View\View-&gt;render()
#55 C:\laragon\www\CarRentSystem\vendor\filament\schemas\src\Components\Component.php(221): Filament\Support\Components\ViewComponent-&gt;toHtml()
#56 C:\laragon\www\CarRentSystem\vendor\filament\schemas\src\Schema.php(205): Filament\Schemas\Components\Component-&gt;toSchemaHtml(true)
#57 C:\laragon\www\CarRentSystem\vendor\filament\support\src\Components\ViewComponent.php(122): Filament\Schemas\Schema-&gt;toEmbeddedHtml()
#58 C:\laragon\www\CarRentSystem\vendor\laravel\framework\src\Illuminate\Support\helpers.php(130): Filament\Support\Components\ViewComponent-&gt;toHtml()
#59 C:\laragon\www\CarRentSystem\storage\framework\views\440b755faea75388110fdd3acae41dc5.php(11): e(Object(Filament\Schemas\Schema))
#60 C:\laragon\www\CarRentSystem\vendor\livewire\livewire\src\Mechanisms\ExtendBlade\ExtendedCompilerEngine.php(37): include('C:\\laragon\\www\\...')
#61 C:\laragon\www\CarRentSystem\vendor\livewire\livewire\src\Mechanisms\ExtendBlade\ExtendedCompilerEngine.php(38): App\Filament\Resources\ActivityLogResource\Pages\ListActivityLogs-&gt;{closure:Livewire\Mechanisms\ExtendBlade\ExtendedCompilerEngine::evaluatePath():35}()
#62 C:\laragon\www\CarRentSystem\vendor\laravel\framework\src\Illuminate\View\Engines\CompilerEngine.php(76): Livewire\Mechanisms\ExtendBlade\ExtendedCompilerEngine-&gt;evaluatePath('C:\\laragon\\www\\...', Array)
#63 C:\laragon\www\CarRentSystem\vendor\livewire\livewire\src\Mechanisms\ExtendBlade\ExtendedCompilerEngine.php(16): Illuminate\View\Engines\CompilerEngine-&gt;get('C:\\laragon\\www\\...', Array)
#64 C:\laragon\www\CarRentSystem\vendor\laravel\framework\src\Illuminate\View\View.php(208): Livewire\Mechanisms\ExtendBlade\ExtendedCompilerEngine-&gt;get('C:\\laragon\\www\\...', Array)
#65 C:\laragon\www\CarRentSystem\vendor\laravel\framework\src\Illuminate\View\View.php(191): Illuminate\View\View-&gt;getContents()
#66 C:\laragon\www\CarRentSystem\vendor\laravel\framework\src\Illuminate\View\View.php(160): Illuminate\View\View-&gt;renderContents()
#67 C:\laragon\www\CarRentSystem\vendor\livewire\livewire\src\Mechanisms\HandleComponents\HandleComponents.php(259): Illuminate\View\View-&gt;render(Object(Closure))
#68 C:\laragon\www\CarRentSystem\vendor\livewire\livewire\src\Mechanisms\HandleComponents\HandleComponents.php(303): Livewire\Mechanisms\HandleComponents\HandleComponents-&gt;{closure:Livewire\Mechanisms\HandleComponents\HandleComponents::render():251}()
#69 C:\laragon\www\CarRentSystem\vendor\livewire\livewire\src\Mechanisms\HandleComponents\HandleComponents.php(251): Livewire\Mechanisms\HandleComponents\HandleComponents-&gt;trackInRenderStack(Object(App\Filament\Resources\ActivityLogResource\Pages\ListActivityLogs), Object(Closure))
#70 C:\laragon\www\CarRentSystem\vendor\livewire\livewire\src\Mechanisms\HandleComponents\HandleComponents.php(54): Livewire\Mechanisms\HandleComponents\HandleComponents-&gt;render(Object(App\Filament\Resources\ActivityLogResource\Pages\ListActivityLogs), '&lt;div&gt;&lt;/div&gt;')
#71 C:\laragon\www\CarRentSystem\vendor\livewire\livewire\src\LivewireManager.php(73): Livewire\Mechanisms\HandleComponents\HandleComponents-&gt;mount('App\\Filament\\Re...', Array, NULL)
#72 C:\laragon\www\CarRentSystem\vendor\livewire\livewire\src\Features\SupportPageComponents\HandlesPageComponents.php(17): Livewire\LivewireManager-&gt;mount('App\\Filament\\Re...', Array)
#73 C:\laragon\www\CarRentSystem\vendor\livewire\livewire\src\Features\SupportPageComponents\SupportPageComponents.php(117): Livewire\Component-&gt;{closure:Livewire\Features\SupportPageComponents\HandlesPageComponents::__invoke():14}()
#74 C:\laragon\www\CarRentSystem\vendor\livewire\livewire\src\Features\SupportPageComponents\HandlesPageComponents.php(14): Livewire\Features\SupportPageComponents\SupportPageComponents::interceptTheRenderOfTheComponentAndRetreiveTheLayoutConfiguration(Object(Closure))
#75 C:\laragon\www\CarRentSystem\vendor\laravel\framework\src\Illuminate\Routing\ControllerDispatcher.php(46): Livewire\Component-&gt;__invoke()
#76 C:\laragon\www\CarRentSystem\vendor\laravel\framework\src\Illuminate\Routing\Route.php(265): Illuminate\Routing\ControllerDispatcher-&gt;dispatch(Object(Illuminate\Routing\Route), Object(App\Filament\Resources\ActivityLogResource\Pages\ListActivityLogs), '__invoke')
#77 C:\laragon\www\CarRentSystem\vendor\laravel\framework\src\Illuminate\Routing\Route.php(211): Illuminate\Routing\Route-&gt;runController()
#78 C:\laragon\www\CarRentSystem\vendor\laravel\framework\src\Illuminate\Routing\Router.php(822): Illuminate\Routing\Route-&gt;run()
#79 C:\laragon\www\CarRentSystem\vendor\laravel\framework\src\Illuminate\Pipeline\Pipeline.php(180): Illuminate\Routing\Router-&gt;{closure:Illuminate\Routing\Router::runRouteWithinStack():821}(Object(Illuminate\Http\Request))
#80 C:\laragon\www\CarRentSystem\vendor\filament\filament\src\Http\Middleware\DispatchServingFilamentEvent.php(15): Illuminate\Pipeline\Pipeline-&gt;{closure:Illuminate\Pipeline\Pipeline::prepareDestination():178}(Object(Illuminate\Http\Request))
#81 C:\laragon\www\CarRentSystem\vendor\laravel\framework\src\Illuminate\Pipeline\Pipeline.php(219): Filament\Http\Middleware\DispatchServingFilamentEvent-&gt;handle(Object(Illuminate\Http\Request), Object(Closure))
#82 C:\laragon\www\CarRentSystem\vendor\filament\filament\src\Http\Middleware\DisableBladeIconComponents.php(14): Illuminate\Pipeline\Pipeline-&gt;{closure:{closure:Illuminate\Pipeline\Pipeline::carry():194}:195}(Object(Illuminate\Http\Request))
#83 C:\laragon\www\CarRentSystem\vendor\laravel\framework\src\Illuminate\Pipeline\Pipeline.php(219): Filament\Http\Middleware\DisableBladeIconComponents-&gt;handle(Object(Illuminate\Http\Request), Object(Closure))
#84 C:\laragon\www\CarRentSystem\app\Http\Middleware\LocalizationMiddleware.php(41): Illuminate\Pipeline\Pipeline-&gt;{closure:{closure:Illuminate\Pipeline\Pipeline::carry():194}:195}(Object(Illuminate\Http\Request))
#85 C:\laragon\www\CarRentSystem\vendor\laravel\framework\src\Illuminate\Pipeline\Pipeline.php(219): App\Http\Middleware\LocalizationMiddleware-&gt;handle(Object(Illuminate\Http\Request), Object(Closure))
#86 C:\laragon\www\CarRentSystem\vendor\laravel\framework\src\Illuminate\Routing\Middleware\SubstituteBindings.php(50): Illuminate\Pipeline\Pipeline-&gt;{closure:{closure:Illuminate\Pipeline\Pipeline::carry():194}:195}(Object(Illuminate\Http\Request))
#87 C:\laragon\www\CarRentSystem\vendor\laravel\framework\src\Illuminate\Pipeline\Pipeline.php(219): Illuminate\Routing\Middleware\SubstituteBindings-&gt;handle(Object(Illuminate\Http\Request), Object(Closure))
#88 C:\laragon\www\CarRentSystem\vendor\laravel\framework\src\Illuminate\Auth\Middleware\Authenticate.php(63): Illuminate\Pipeline\Pipeline-&gt;{closure:{closure:Illuminate\Pipeline\Pipeline::carry():194}:195}(Object(Illuminate\Http\Request))
#89 C:\laragon\www\CarRentSystem\vendor\laravel\framework\src\Illuminate\Pipeline\Pipeline.php(219): Illuminate\Auth\Middleware\Authenticate-&gt;handle(Object(Illuminate\Http\Request), Object(Closure))
#90 C:\laragon\www\CarRentSystem\vendor\laravel\framework\src\Illuminate\View\Middleware\ShareErrorsFromSession.php(48): Illuminate\Pipeline\Pipeline-&gt;{closure:{closure:Illuminate\Pipeline\Pipeline::carry():194}:195}(Object(Illuminate\Http\Request))
#91 C:\laragon\www\CarRentSystem\vendor\laravel\framework\src\Illuminate\Pipeline\Pipeline.php(219): Illuminate\View\Middleware\ShareErrorsFromSession-&gt;handle(Object(Illuminate\Http\Request), Object(Closure))
#92 C:\laragon\www\CarRentSystem\vendor\laravel\framework\src\Illuminate\Session\Middleware\StartSession.php(120): Illuminate\Pipeline\Pipeline-&gt;{closure:{closure:Illuminate\Pipeline\Pipeline::carry():194}:195}(Object(Illuminate\Http\Request))
#93 C:\laragon\www\CarRentSystem\vendor\laravel\framework\src\Illuminate\Session\Middleware\StartSession.php(63): Illuminate\Session\Middleware\StartSession-&gt;handleStatefulRequest(Object(Illuminate\Http\Request), Object(Illuminate\Session\Store), Object(Closure))
#94 C:\laragon\www\CarRentSystem\vendor\laravel\framework\src\Illuminate\Pipeline\Pipeline.php(219): Illuminate\Session\Middleware\StartSession-&gt;handle(Object(Illuminate\Http\Request), Object(Closure))
#95 C:\laragon\www\CarRentSystem\vendor\laravel\framework\src\Illuminate\Cookie\Middleware\AddQueuedCookiesToResponse.php(36): Illuminate\Pipeline\Pipeline-&gt;{closure:{closure:Illuminate\Pipeline\Pipeline::carry():194}:195}(Object(Illuminate\Http\Request))
#96 C:\laragon\www\CarRentSystem\vendor\laravel\framework\src\Illuminate\Pipeline\Pipeline.php(219): Illuminate\Cookie\Middleware\AddQueuedCookiesToResponse-&gt;handle(Object(Illuminate\Http\Request), Object(Closure))
#97 C:\laragon\www\CarRentSystem\vendor\laravel\framework\src\Illuminate\Cookie\Middleware\EncryptCookies.php(74): Illuminate\Pipeline\Pipeline-&gt;{closure:{closure:Illuminate\Pipeline\Pipeline::carry():194}:195}(Object(Illuminate\Http\Request))
#98 C:\laragon\www\CarRentSystem\vendor\laravel\framework\src\Illuminate\Pipeline\Pipeline.php(219): Illuminate\Cookie\Middleware\EncryptCookies-&gt;handle(Object(Illuminate\Http\Request), Object(Closure))
#99 C:\laragon\www\CarRentSystem\vendor\filament\filament\src\Http\Middleware\SetUpPanel.php(19): Illuminate\Pipeline\Pipeline-&gt;{closure:{closure:Illuminate\Pipeline\Pipeline::carry():194}:195}(Object(Illuminate\Http\Request))
#100 C:\laragon\www\CarRentSystem\vendor\laravel\framework\src\Illuminate\Pipeline\Pipeline.php(219): Filament\Http\Middleware\SetUpPanel-&gt;handle(Object(Illuminate\Http\Request), Object(Closure), Object(Filament\Panel))
#101 C:\laragon\www\CarRentSystem\vendor\laravel\framework\src\Illuminate\Pipeline\Pipeline.php(137): Illuminate\Pipeline\Pipeline-&gt;{closure:{closure:Illuminate\Pipeline\Pipeline::carry():194}:195}(Object(Illuminate\Http\Request))
#102 C:\laragon\www\CarRentSystem\vendor\laravel\framework\src\Illuminate\Routing\Router.php(821): Illuminate\Pipeline\Pipeline-&gt;then(Object(Closure))
#103 C:\laragon\www\CarRentSystem\vendor\laravel\framework\src\Illuminate\Routing\Router.php(800): Illuminate\Routing\Router-&gt;runRouteWithinStack(Object(Illuminate\Routing\Route), Object(Illuminate\Http\Request))
#104 C:\laragon\www\CarRentSystem\vendor\laravel\framework\src\Illuminate\Routing\Router.php(764): Illuminate\Routing\Router-&gt;runRoute(Object(Illuminate\Http\Request), Object(Illuminate\Routing\Route))
#105 C:\laragon\www\CarRentSystem\vendor\laravel\framework\src\Illuminate\Routing\Router.php(753): Illuminate\Routing\Router-&gt;dispatchToRoute(Object(Illuminate\Http\Request))
#106 C:\laragon\www\CarRentSystem\vendor\laravel\framework\src\Illuminate\Foundation\Http\Kernel.php(200): Illuminate\Routing\Router-&gt;dispatch(Object(Illuminate\Http\Request))
#107 C:\laragon\www\CarRentSystem\vendor\laravel\framework\src\Illuminate\Pipeline\Pipeline.php(180): Illuminate\Foundation\Http\Kernel-&gt;{closure:Illuminate\Foundation\Http\Kernel::dispatchToRouter():197}(Object(Illuminate\Http\Request))
#108 C:\laragon\www\CarRentSystem\vendor\livewire\livewire\src\Features\SupportDisablingBackButtonCache\DisableBackButtonCacheMiddleware.php(19): Illuminate\Pipeline\Pipeline-&gt;{closure:Illuminate\Pipeline\Pipeline::prepareDestination():178}(Object(Illuminate\Http\Request))
#109 C:\laragon\www\CarRentSystem\vendor\laravel\framework\src\Illuminate\Pipeline\Pipeline.php(219): Livewire\Features\SupportDisablingBackButtonCache\DisableBackButtonCacheMiddleware-&gt;handle(Object(Illuminate\Http\Request), Object(Closure))
#110 C:\laragon\www\CarRentSystem\vendor\laravel\framework\src\Illuminate\Foundation\Http\Middleware\TransformsRequest.php(21): Illuminate\Pipeline\Pipeline-&gt;{closure:{closure:Illuminate\Pipeline\Pipeline::carry():194}:195}(Object(Illuminate\Http\Request))
#111 C:\laragon\www\CarRentSystem\vendor\laravel\framework\src\Illuminate\Foundation\Http\Middleware\ConvertEmptyStringsToNull.php(31): Illuminate\Foundation\Http\Middleware\TransformsRequest-&gt;handle(Object(Illuminate\Http\Request), Object(Closure))
#112 C:\laragon\www\CarRentSystem\vendor\laravel\framework\src\Illuminate\Pipeline\Pipeline.php(219): Illuminate\Foundation\Http\Middleware\ConvertEmptyStringsToNull-&gt;handle(Object(Illuminate\Http\Request), Object(Closure))
#113 C:\laragon\www\CarRentSystem\vendor\laravel\framework\src\Illuminate\Foundation\Http\Middleware\TransformsRequest.php(21): Illuminate\Pipeline\Pipeline-&gt;{closure:{closure:Illuminate\Pipeline\Pipeline::carry():194}:195}(Object(Illuminate\Http\Request))
#114 C:\laragon\www\CarRentSystem\vendor\laravel\framework\src\Illuminate\Foundation\Http\Middleware\TrimStrings.php(51): Illuminate\Foundation\Http\Middleware\TransformsRequest-&gt;handle(Object(Illuminate\Http\Request), Object(Closure))
#115 C:\laragon\www\CarRentSystem\vendor\laravel\framework\src\Illuminate\Pipeline\Pipeline.php(219): Illuminate\Foundation\Http\Middleware\TrimStrings-&gt;handle(Object(Illuminate\Http\Request), Object(Closure))
#116 C:\laragon\www\CarRentSystem\vendor\laravel\framework\src\Illuminate\Http\Middleware\ValidatePostSize.php(27): Illuminate\Pipeline\Pipeline-&gt;{closure:{closure:Illuminate\Pipeline\Pipeline::carry():194}:195}(Object(Illuminate\Http\Request))
#117 C:\laragon\www\CarRentSystem\vendor\laravel\framework\src\Illuminate\Pipeline\Pipeline.php(219): Illuminate\Http\Middleware\ValidatePostSize-&gt;handle(Object(Illuminate\Http\Request), Object(Closure))
#118 C:\laragon\www\CarRentSystem\vendor\laravel\framework\src\Illuminate\Foundation\Http\Middleware\PreventRequestsDuringMaintenance.php(109): Illuminate\Pipeline\Pipeline-&gt;{closure:{closure:Illuminate\Pipeline\Pipeline::carry():194}:195}(Object(Illuminate\Http\Request))
#119 C:\laragon\www\CarRentSystem\vendor\laravel\framework\src\Illuminate\Pipeline\Pipeline.php(219): Illuminate\Foundation\Http\Middleware\PreventRequestsDuringMaintenance-&gt;handle(Object(Illuminate\Http\Request), Object(Closure))
#120 C:\laragon\www\CarRentSystem\vendor\laravel\framework\src\Illuminate\Http\Middleware\HandleCors.php(61): Illuminate\Pipeline\Pipeline-&gt;{closure:{closure:Illuminate\Pipeline\Pipeline::carry():194}:195}(Object(Illuminate\Http\Request))
#121 C:\laragon\www\CarRentSystem\vendor\laravel\framework\src\Illuminate\Pipeline\Pipeline.php(219): Illuminate\Http\Middleware\HandleCors-&gt;handle(Object(Illuminate\Http\Request), Object(Closure))
#122 C:\laragon\www\CarRentSystem\vendor\laravel\framework\src\Illuminate\Http\Middleware\TrustProxies.php(58): Illuminate\Pipeline\Pipeline-&gt;{closure:{closure:Illuminate\Pipeline\Pipeline::carry():194}:195}(Object(Illuminate\Http\Request))
#123 C:\laragon\www\CarRentSystem\vendor\laravel\framework\src\Illuminate\Pipeline\Pipeline.php(219): Illuminate\Http\Middleware\TrustProxies-&gt;handle(Object(Illuminate\Http\Request), Object(Closure))
#124 C:\laragon\www\CarRentSystem\vendor\laravel\framework\src\Illuminate\Foundation\Http\Middleware\InvokeDeferredCallbacks.php(22): Illuminate\Pipeline\Pipeline-&gt;{closure:{closure:Illuminate\Pipeline\Pipeline::carry():194}:195}(Object(Illuminate\Http\Request))
#125 C:\laragon\www\CarRentSystem\vendor\laravel\framework\src\Illuminate\Pipeline\Pipeline.php(219): Illuminate\Foundation\Http\Middleware\InvokeDeferredCallbacks-&gt;handle(Object(Illuminate\Http\Request), Object(Closure))
#126 C:\laragon\www\CarRentSystem\vendor\laravel\framework\src\Illuminate\Http\Middleware\ValidatePathEncoding.php(26): Illuminate\Pipeline\Pipeline-&gt;{closure:{closure:Illuminate\Pipeline\Pipeline::carry():194}:195}(Object(Illuminate\Http\Request))
#127 C:\laragon\www\CarRentSystem\vendor\laravel\framework\src\Illuminate\Pipeline\Pipeline.php(219): Illuminate\Http\Middleware\ValidatePathEncoding-&gt;handle(Object(Illuminate\Http\Request), Object(Closure))
#128 C:\laragon\www\CarRentSystem\vendor\laravel\framework\src\Illuminate\Pipeline\Pipeline.php(137): Illuminate\Pipeline\Pipeline-&gt;{closure:{closure:Illuminate\Pipeline\Pipeline::carry():194}:195}(Object(Illuminate\Http\Request))
#129 C:\laragon\www\CarRentSystem\vendor\laravel\framework\src\Illuminate\Foundation\Http\Kernel.php(175): Illuminate\Pipeline\Pipeline-&gt;then(Object(Closure))
#130 C:\laragon\www\CarRentSystem\vendor\laravel\framework\src\Illuminate\Foundation\Http\Kernel.php(144): Illuminate\Foundation\Http\Kernel-&gt;sendRequestThroughRouter(Object(Illuminate\Http\Request))
#131 C:\laragon\www\CarRentSystem\vendor\laravel\framework\src\Illuminate\Foundation\Testing\Concerns\MakesHttpRequests.php(607): Illuminate\Foundation\Http\Kernel-&gt;handle(Object(Illuminate\Http\Request))
#132 C:\laragon\www\CarRentSystem\vendor\laravel\framework\src\Illuminate\Foundation\Testing\Concerns\MakesHttpRequests.php(368): Illuminate\Foundation\Testing\TestCase-&gt;call('GET', '/admin/activity...', Array, Array, Array, Array)
#133 C:\laragon\www\CarRentSystem\tests\Feature\ActivityLogManagementTest.php(32): Illuminate\Foundation\Testing\TestCase-&gt;get('/admin/activity...')
#134 C:\laragon\www\CarRentSystem\vendor\pestphp\pest\src\Factories\TestCaseMethodFactory.php(168): P\Tests\Feature\ActivityLogManagementTest-&gt;{closure:{closure:{closure:C:\laragon\www\CarRentSystem\tests\Feature\ActivityLogManagementTest.php:13}:20}:30}()
#135 [internal function]: P\Tests\Feature\ActivityLogManagementTest-&gt;{closure:Pest\Factories\TestCaseMethodFactory::getClosure():158}()
#136 C:\laragon\www\CarRentSystem\vendor\pestphp\pest\src\Concerns\Testable.php(429): call_user_func_array(Object(Closure), Array)
#137 C:\laragon\www\CarRentSystem\vendor\pestphp\pest\src\Support\ExceptionTrace.php(26): P\Tests\Feature\ActivityLogManagementTest-&gt;{closure:Pest\Concerns\Testable::__callClosure():429}()
#138 C:\laragon\www\CarRentSystem\vendor\pestphp\pest\src\Concerns\Testable.php(429): Pest\Support\ExceptionTrace::ensure(Object(Closure))
#139 C:\laragon\www\CarRentSystem\vendor\pestphp\pest\src\Concerns\Testable.php(331): P\Tests\Feature\ActivityLogManagementTest-&gt;__callClosure(Object(Closure), Array)
#140 C:\laragon\www\CarRentSystem\vendor\pestphp\pest\src\Factories\TestCaseFactory.php(169) : eval()'d code(26): P\Tests\Feature\ActivityLogManagementTest-&gt;__runTest(Object(Closure))
#141 C:\laragon\www\CarRentSystem\vendor\phpunit\phpunit\src\Framework\TestCase.php(1316): P\Tests\Feature\ActivityLogManagementTest-&gt;__pest_evaluable__Activity_Log_Management__→__Activity_Log_Listing__→_it_restricts_owner_access_to_activity_logs()
#142 C:\laragon\www\CarRentSystem\vendor\phpunit\phpunit\src\Framework\TestCase.php(516): PHPUnit\Framework\TestCase-&gt;runTest()
#143 C:\laragon\www\CarRentSystem\vendor\phpunit\phpunit\src\Framework\TestRunner\TestRunner.php(99): PHPUnit\Framework\TestCase-&gt;runBare()
#144 C:\laragon\www\CarRentSystem\vendor\phpunit\phpunit\src\Framework\TestCase.php(357): PHPUnit\Framework\TestRunner-&gt;run(Object(P\Tests\Feature\ActivityLogManagementTest))
#145 C:\laragon\www\CarRentSystem\vendor\phpunit\phpunit\src\Framework\TestSuite.php(374): PHPUnit\Framework\TestCase-&gt;run()
#146 C:\laragon\www\CarRentSystem\vendor\phpunit\phpunit\src\Framework\TestSuite.php(374): PHPUnit\Framework\TestSuite-&gt;run()
#147 C:\laragon\www\CarRentSystem\vendor\phpunit\phpunit\src\Framework\TestSuite.php(374): PHPUnit\Framework\TestSuite-&gt;run()
#148 C:\laragon\www\CarRentSystem\vendor\phpunit\phpunit\src\TextUI\TestRunner.php(64): PHPUnit\Framework\TestSuite-&gt;run()
#149 C:\laragon\www\CarRentSystem\vendor\phpunit\phpunit\src\TextUI\Application.php(229): PHPUnit\TextUI\TestRunner-&gt;run(Object(PHPUnit\TextUI\Configuration\Configuration), Object(PHPUnit\Runner\ResultCache\DefaultResultCache), Object(PHPUnit\Framework\TestSuite))
#150 C:\laragon\www\CarRentSystem\vendor\pestphp\pest\src\Kernel.php(103): PHPUnit\TextUI\Application-&gt;run(Array)
#151 C:\laragon\www\CarRentSystem\vendor\pestphp\pest\bin\pest(184): Pest\Kernel-&gt;handle(Array, Array)
#152 C:\laragon\www\CarRentSystem\vendor\pestphp\pest\bin\pest(192): {closure:C:\laragon\www\CarRentSystem\vendor\pestphp\pest\bin\pest:18}()
#153 C:\laragon\www\CarRentSystem\vendor\bin\pest(119): include('C:\\laragon\\www\\...')
#154 {main}

Next Illuminate\View\ViewException: SQLSTATE[HY000]: General error: 1 no such column: activity_log.name (Connection: sqlite, SQL: select "activity_log"."name", "" from "activity_log" order by "activity_log"."name" asc limit 50) (View: C:\laragon\www\CarRentSystem\vendor\filament\forms\resources\views\components\select.blade.php) in C:\laragon\www\CarRentSystem\vendor\laravel\framework\src\Illuminate\Database\Connection.php:824
Stack trace:
#0 C:\laragon\www\CarRentSystem\vendor\livewire\livewire\src\Mechanisms\ExtendBlade\ExtendedCompilerEngine.php(58): Illuminate\View\Engines\CompilerEngine-&gt;handleViewException(Object(Illuminate\Database\QueryException), 14)
#1 C:\laragon\www\CarRentSystem\vendor\livewire\livewire\src\Mechanisms\ExtendBlade\ExtendedCompilerEngine.php(40): Livewire\Mechanisms\ExtendBlade\ExtendedCompilerEngine-&gt;handleViewException(Object(Illuminate\Database\QueryException), 14)
#2 C:\laragon\www\CarRentSystem\vendor\laravel\framework\src\Illuminate\View\Engines\CompilerEngine.php(76): Livewire\Mechanisms\ExtendBlade\ExtendedCompilerEngine-&gt;evaluatePath('C:\\laragon\\www\\...', Array)
#3 C:\laragon\www\CarRentSystem\vendor\livewire\livewire\src\Mechanisms\ExtendBlade\ExtendedCompilerEngine.php(16): Illuminate\View\Engines\CompilerEngine-&gt;get('C:\\laragon\\www\\...', Array)
#4 C:\laragon\www\CarRentSystem\vendor\laravel\framework\src\Illuminate\View\View.php(208): Livewire\Mechanisms\ExtendBlade\ExtendedCompilerEngine-&gt;get('C:\\laragon\\www\\...', Array)
#5 C:\laragon\www\CarRentSystem\vendor\laravel\framework\src\Illuminate\View\View.php(191): Illuminate\View\View-&gt;getContents()
#6 C:\laragon\www\CarRentSystem\vendor\laravel\framework\src\Illuminate\View\View.php(160): Illuminate\View\View-&gt;renderContents()
#7 C:\laragon\www\CarRentSystem\vendor\filament\support\src\Components\ViewComponent.php(125): Illuminate\View\View-&gt;render()
#8 C:\laragon\www\CarRentSystem\vendor\filament\schemas\src\Components\Component.php(221): Filament\Support\Components\ViewComponent-&gt;toHtml()
#9 C:\laragon\www\CarRentSystem\vendor\filament\schemas\src\Schema.php(205): Filament\Schemas\Components\Component-&gt;toSchemaHtml(true)
#10 C:\laragon\www\CarRentSystem\vendor\filament\support\src\Components\ViewComponent.php(122): Filament\Schemas\Schema-&gt;toEmbeddedHtml()
#11 C:\laragon\www\CarRentSystem\vendor\laravel\framework\src\Illuminate\Support\helpers.php(130): Filament\Support\Components\ViewComponent-&gt;toHtml()
#12 C:\laragon\www\CarRentSystem\storage\framework\views\5110ca74321f0dcab372f3d94aa125c2.php(9): e(Object(Filament\Schemas\Schema))
#13 C:\laragon\www\CarRentSystem\vendor\livewire\livewire\src\Mechanisms\ExtendBlade\ExtendedCompilerEngine.php(37): include('C:\\laragon\\www\\...')
#14 C:\laragon\www\CarRentSystem\vendor\livewire\livewire\src\Mechanisms\ExtendBlade\ExtendedCompilerEngine.php(38): App\Filament\Resources\ActivityLogResource\Pages\ListActivityLogs-&gt;{closure:Livewire\Mechanisms\ExtendBlade\ExtendedCompilerEngine::evaluatePath():35}()
#15 C:\laragon\www\CarRentSystem\vendor\laravel\framework\src\Illuminate\View\Engines\CompilerEngine.php(76): Livewire\Mechanisms\ExtendBlade\ExtendedCompilerEngine-&gt;evaluatePath('C:\\laragon\\www\\...', Array)
#16 C:\laragon\www\CarRentSystem\vendor\livewire\livewire\src\Mechanisms\ExtendBlade\ExtendedCompilerEngine.php(16): Illuminate\View\Engines\CompilerEngine-&gt;get('C:\\laragon\\www\\...', Array)
#17 C:\laragon\www\CarRentSystem\vendor\laravel\framework\src\Illuminate\View\View.php(208): Livewire\Mechanisms\ExtendBlade\ExtendedCompilerEngine-&gt;get('C:\\laragon\\www\\...', Array)
#18 C:\laragon\www\CarRentSystem\vendor\laravel\framework\src\Illuminate\View\View.php(191): Illuminate\View\View-&gt;getContents()
#19 C:\laragon\www\CarRentSystem\vendor\laravel\framework\src\Illuminate\View\View.php(160): Illuminate\View\View-&gt;renderContents()
#20 C:\laragon\www\CarRentSystem\vendor\filament\support\src\Components\ViewComponent.php(125): Illuminate\View\View-&gt;render()
#21 C:\laragon\www\CarRentSystem\vendor\filament\schemas\src\Components\Component.php(221): Filament\Support\Components\ViewComponent-&gt;toHtml()
#22 C:\laragon\www\CarRentSystem\vendor\filament\schemas\src\Schema.php(205): Filament\Schemas\Components\Component-&gt;toSchemaHtml(true)
#23 C:\laragon\www\CarRentSystem\vendor\filament\support\src\Components\ViewComponent.php(122): Filament\Schemas\Schema-&gt;toEmbeddedHtml()
#24 C:\laragon\www\CarRentSystem\vendor\laravel\framework\src\Illuminate\Support\helpers.php(130): Filament\Support\Components\ViewComponent-&gt;toHtml()
#25 C:\laragon\www\CarRentSystem\storage\framework\views\1a3d3d822b7060b360e0a4f4cc781bd5.php(92): e(Object(Filament\Schemas\Schema))
#26 C:\laragon\www\CarRentSystem\vendor\livewire\livewire\src\Mechanisms\ExtendBlade\ExtendedCompilerEngine.php(37): include('C:\\laragon\\www\\...')
#27 C:\laragon\www\CarRentSystem\vendor\livewire\livewire\src\Mechanisms\ExtendBlade\ExtendedCompilerEngine.php(38): App\Filament\Resources\ActivityLogResource\Pages\ListActivityLogs-&gt;{closure:Livewire\Mechanisms\ExtendBlade\ExtendedCompilerEngine::evaluatePath():35}()
#28 C:\laragon\www\CarRentSystem\vendor\laravel\framework\src\Illuminate\View\Engines\CompilerEngine.php(76): Livewire\Mechanisms\ExtendBlade\ExtendedCompilerEngine-&gt;evaluatePath('C:\\laragon\\www\\...', Array)
#29 C:\laragon\www\CarRentSystem\vendor\livewire\livewire\src\Mechanisms\ExtendBlade\ExtendedCompilerEngine.php(16): Illuminate\View\Engines\CompilerEngine-&gt;get('C:\\laragon\\www\\...', Array)
#30 C:\laragon\www\CarRentSystem\vendor\laravel\framework\src\Illuminate\View\View.php(208): Livewire\Mechanisms\ExtendBlade\ExtendedCompilerEngine-&gt;get('C:\\laragon\\www\\...', Array)
#31 C:\laragon\www\CarRentSystem\vendor\laravel\framework\src\Illuminate\View\View.php(191): Illuminate\View\View-&gt;getContents()
#32 C:\laragon\www\CarRentSystem\vendor\laravel\framework\src\Illuminate\View\View.php(160): Illuminate\View\View-&gt;renderContents()
#33 C:\laragon\www\CarRentSystem\vendor\laravel\framework\src\Illuminate\View\Concerns\ManagesComponents.php(103): Illuminate\View\View-&gt;render()
#34 C:\laragon\www\CarRentSystem\storage\framework\views\63d0da9e86cc349a52193e89442d61e4.php(727): Illuminate\View\Factory-&gt;renderComponent()
#35 C:\laragon\www\CarRentSystem\vendor\livewire\livewire\src\Mechanisms\ExtendBlade\ExtendedCompilerEngine.php(37): include('C:\\laragon\\www\\...')
#36 C:\laragon\www\CarRentSystem\vendor\livewire\livewire\src\Mechanisms\ExtendBlade\ExtendedCompilerEngine.php(38): App\Filament\Resources\ActivityLogResource\Pages\ListActivityLogs-&gt;{closure:Livewire\Mechanisms\ExtendBlade\ExtendedCompilerEngine::evaluatePath():35}()
#37 C:\laragon\www\CarRentSystem\vendor\laravel\framework\src\Illuminate\View\Engines\CompilerEngine.php(76): Livewire\Mechanisms\ExtendBlade\ExtendedCompilerEngine-&gt;evaluatePath('C:\\laragon\\www\\...', Array)
#38 C:\laragon\www\CarRentSystem\vendor\livewire\livewire\src\Mechanisms\ExtendBlade\ExtendedCompilerEngine.php(16): Illuminate\View\Engines\CompilerEngine-&gt;get('C:\\laragon\\www\\...', Array)
#39 C:\laragon\www\CarRentSystem\vendor\laravel\framework\src\Illuminate\View\View.php(208): Livewire\Mechanisms\ExtendBlade\ExtendedCompilerEngine-&gt;get('C:\\laragon\\www\\...', Array)
#40 C:\laragon\www\CarRentSystem\vendor\laravel\framework\src\Illuminate\View\View.php(191): Illuminate\View\View-&gt;getContents()
#41 C:\laragon\www\CarRentSystem\vendor\laravel\framework\src\Illuminate\View\View.php(160): Illuminate\View\View-&gt;renderContents()
#42 C:\laragon\www\CarRentSystem\vendor\filament\support\src\Components\ViewComponent.php(125): Illuminate\View\View-&gt;render()
#43 C:\laragon\www\CarRentSystem\vendor\filament\schemas\src\Components\Component.php(221): Filament\Support\Components\ViewComponent-&gt;toHtml()
#44 C:\laragon\www\CarRentSystem\vendor\filament\schemas\src\Schema.php(205): Filament\Schemas\Components\Component-&gt;toSchemaHtml(true)
#45 C:\laragon\www\CarRentSystem\vendor\filament\support\src\Components\ViewComponent.php(122): Filament\Schemas\Schema-&gt;toEmbeddedHtml()
#46 C:\laragon\www\CarRentSystem\vendor\laravel\framework\src\Illuminate\Support\helpers.php(130): Filament\Support\Components\ViewComponent-&gt;toHtml()
#47 C:\laragon\www\CarRentSystem\storage\framework\views\440b755faea75388110fdd3acae41dc5.php(11): e(Object(Filament\Schemas\Schema))
#48 C:\laragon\www\CarRentSystem\vendor\livewire\livewire\src\Mechanisms\ExtendBlade\ExtendedCompilerEngine.php(37): include('C:\\laragon\\www\\...')
#49 C:\laragon\www\CarRentSystem\vendor\livewire\livewire\src\Mechanisms\ExtendBlade\ExtendedCompilerEngine.php(38): App\Filament\Resources\ActivityLogResource\Pages\ListActivityLogs-&gt;{closure:Livewire\Mechanisms\ExtendBlade\ExtendedCompilerEngine::evaluatePath():35}()
#50 C:\laragon\www\CarRentSystem\vendor\laravel\framework\src\Illuminate\View\Engines\CompilerEngine.php(76): Livewire\Mechanisms\ExtendBlade\ExtendedCompilerEngine-&gt;evaluatePath('C:\\laragon\\www\\...', Array)
#51 C:\laragon\www\CarRentSystem\vendor\livewire\livewire\src\Mechanisms\ExtendBlade\ExtendedCompilerEngine.php(16): Illuminate\View\Engines\CompilerEngine-&gt;get('C:\\laragon\\www\\...', Array)
#52 C:\laragon\www\CarRentSystem\vendor\laravel\framework\src\Illuminate\View\View.php(208): Livewire\Mechanisms\ExtendBlade\ExtendedCompilerEngine-&gt;get('C:\\laragon\\www\\...', Array)
#53 C:\laragon\www\CarRentSystem\vendor\laravel\framework\src\Illuminate\View\View.php(191): Illuminate\View\View-&gt;getContents()
#54 C:\laragon\www\CarRentSystem\vendor\laravel\framework\src\Illuminate\View\View.php(160): Illuminate\View\View-&gt;renderContents()
#55 C:\laragon\www\CarRentSystem\vendor\livewire\livewire\src\Mechanisms\HandleComponents\HandleComponents.php(259): Illuminate\View\View-&gt;render(Object(Closure))
#56 C:\laragon\www\CarRentSystem\vendor\livewire\livewire\src\Mechanisms\HandleComponents\HandleComponents.php(303): Livewire\Mechanisms\HandleComponents\HandleComponents-&gt;{closure:Livewire\Mechanisms\HandleComponents\HandleComponents::render():251}()
#57 C:\laragon\www\CarRentSystem\vendor\livewire\livewire\src\Mechanisms\HandleComponents\HandleComponents.php(251): Livewire\Mechanisms\HandleComponents\HandleComponents-&gt;trackInRenderStack(Object(App\Filament\Resources\ActivityLogResource\Pages\ListActivityLogs), Object(Closure))
#58 C:\laragon\www\CarRentSystem\vendor\livewire\livewire\src\Mechanisms\HandleComponents\HandleComponents.php(54): Livewire\Mechanisms\HandleComponents\HandleComponents-&gt;render(Object(App\Filament\Resources\ActivityLogResource\Pages\ListActivityLogs), '&lt;div&gt;&lt;/div&gt;')
#59 C:\laragon\www\CarRentSystem\vendor\livewire\livewire\src\LivewireManager.php(73): Livewire\Mechanisms\HandleComponents\HandleComponents-&gt;mount('App\\Filament\\Re...', Array, NULL)
#60 C:\laragon\www\CarRentSystem\vendor\livewire\livewire\src\Features\SupportPageComponents\HandlesPageComponents.php(17): Livewire\LivewireManager-&gt;mount('App\\Filament\\Re...', Array)
#61 C:\laragon\www\CarRentSystem\vendor\livewire\livewire\src\Features\SupportPageComponents\SupportPageComponents.php(117): Livewire\Component-&gt;{closure:Livewire\Features\SupportPageComponents\HandlesPageComponents::__invoke():14}()
#62 C:\laragon\www\CarRentSystem\vendor\livewire\livewire\src\Features\SupportPageComponents\HandlesPageComponents.php(14): Livewire\Features\SupportPageComponents\SupportPageComponents::interceptTheRenderOfTheComponentAndRetreiveTheLayoutConfiguration(Object(Closure))
#63 C:\laragon\www\CarRentSystem\vendor\laravel\framework\src\Illuminate\Routing\ControllerDispatcher.php(46): Livewire\Component-&gt;__invoke()
#64 C:\laragon\www\CarRentSystem\vendor\laravel\framework\src\Illuminate\Routing\Route.php(265): Illuminate\Routing\ControllerDispatcher-&gt;dispatch(Object(Illuminate\Routing\Route), Object(App\Filament\Resources\ActivityLogResource\Pages\ListActivityLogs), '__invoke')
#65 C:\laragon\www\CarRentSystem\vendor\laravel\framework\src\Illuminate\Routing\Route.php(211): Illuminate\Routing\Route-&gt;runController()
#66 C:\laragon\www\CarRentSystem\vendor\laravel\framework\src\Illuminate\Routing\Router.php(822): Illuminate\Routing\Route-&gt;run()
#67 C:\laragon\www\CarRentSystem\vendor\laravel\framework\src\Illuminate\Pipeline\Pipeline.php(180): Illuminate\Routing\Router-&gt;{closure:Illuminate\Routing\Router::runRouteWithinStack():821}(Object(Illuminate\Http\Request))
#68 C:\laragon\www\CarRentSystem\vendor\filament\filament\src\Http\Middleware\DispatchServingFilamentEvent.php(15): Illuminate\Pipeline\Pipeline-&gt;{closure:Illuminate\Pipeline\Pipeline::prepareDestination():178}(Object(Illuminate\Http\Request))
#69 C:\laragon\www\CarRentSystem\vendor\laravel\framework\src\Illuminate\Pipeline\Pipeline.php(219): Filament\Http\Middleware\DispatchServingFilamentEvent-&gt;handle(Object(Illuminate\Http\Request), Object(Closure))
#70 C:\laragon\www\CarRentSystem\vendor\filament\filament\src\Http\Middleware\DisableBladeIconComponents.php(14): Illuminate\Pipeline\Pipeline-&gt;{closure:{closure:Illuminate\Pipeline\Pipeline::carry():194}:195}(Object(Illuminate\Http\Request))
#71 C:\laragon\www\CarRentSystem\vendor\laravel\framework\src\Illuminate\Pipeline\Pipeline.php(219): Filament\Http\Middleware\DisableBladeIconComponents-&gt;handle(Object(Illuminate\Http\Request), Object(Closure))
#72 C:\laragon\www\CarRentSystem\app\Http\Middleware\LocalizationMiddleware.php(41): Illuminate\Pipeline\Pipeline-&gt;{closure:{closure:Illuminate\Pipeline\Pipeline::carry():194}:195}(Object(Illuminate\Http\Request))
#73 C:\laragon\www\CarRentSystem\vendor\laravel\framework\src\Illuminate\Pipeline\Pipeline.php(219): App\Http\Middleware\LocalizationMiddleware-&gt;handle(Object(Illuminate\Http\Request), Object(Closure))
#74 C:\laragon\www\CarRentSystem\vendor\laravel\framework\src\Illuminate\Routing\Middleware\SubstituteBindings.php(50): Illuminate\Pipeline\Pipeline-&gt;{closure:{closure:Illuminate\Pipeline\Pipeline::carry():194}:195}(Object(Illuminate\Http\Request))
#75 C:\laragon\www\CarRentSystem\vendor\laravel\framework\src\Illuminate\Pipeline\Pipeline.php(219): Illuminate\Routing\Middleware\SubstituteBindings-&gt;handle(Object(Illuminate\Http\Request), Object(Closure))
#76 C:\laragon\www\CarRentSystem\vendor\laravel\framework\src\Illuminate\Auth\Middleware\Authenticate.php(63): Illuminate\Pipeline\Pipeline-&gt;{closure:{closure:Illuminate\Pipeline\Pipeline::carry():194}:195}(Object(Illuminate\Http\Request))
#77 C:\laragon\www\CarRentSystem\vendor\laravel\framework\src\Illuminate\Pipeline\Pipeline.php(219): Illuminate\Auth\Middleware\Authenticate-&gt;handle(Object(Illuminate\Http\Request), Object(Closure))
#78 C:\laragon\www\CarRentSystem\vendor\laravel\framework\src\Illuminate\View\Middleware\ShareErrorsFromSession.php(48): Illuminate\Pipeline\Pipeline-&gt;{closure:{closure:Illuminate\Pipeline\Pipeline::carry():194}:195}(Object(Illuminate\Http\Request))
#79 C:\laragon\www\CarRentSystem\vendor\laravel\framework\src\Illuminate\Pipeline\Pipeline.php(219): Illuminate\View\Middleware\ShareErrorsFromSession-&gt;handle(Object(Illuminate\Http\Request), Object(Closure))
#80 C:\laragon\www\CarRentSystem\vendor\laravel\framework\src\Illuminate\Session\Middleware\StartSession.php(120): Illuminate\Pipeline\Pipeline-&gt;{closure:{closure:Illuminate\Pipeline\Pipeline::carry():194}:195}(Object(Illuminate\Http\Request))
#81 C:\laragon\www\CarRentSystem\vendor\laravel\framework\src\Illuminate\Session\Middleware\StartSession.php(63): Illuminate\Session\Middleware\StartSession-&gt;handleStatefulRequest(Object(Illuminate\Http\Request), Object(Illuminate\Session\Store), Object(Closure))
#82 C:\laragon\www\CarRentSystem\vendor\laravel\framework\src\Illuminate\Pipeline\Pipeline.php(219): Illuminate\Session\Middleware\StartSession-&gt;handle(Object(Illuminate\Http\Request), Object(Closure))
#83 C:\laragon\www\CarRentSystem\vendor\laravel\framework\src\Illuminate\Cookie\Middleware\AddQueuedCookiesToResponse.php(36): Illuminate\Pipeline\Pipeline-&gt;{closure:{closure:Illuminate\Pipeline\Pipeline::carry():194}:195}(Object(Illuminate\Http\Request))
#84 C:\laragon\www\CarRentSystem\vendor\laravel\framework\src\Illuminate\Pipeline\Pipeline.php(219): Illuminate\Cookie\Middleware\AddQueuedCookiesToResponse-&gt;handle(Object(Illuminate\Http\Request), Object(Closure))
#85 C:\laragon\www\CarRentSystem\vendor\laravel\framework\src\Illuminate\Cookie\Middleware\EncryptCookies.php(74): Illuminate\Pipeline\Pipeline-&gt;{closure:{closure:Illuminate\Pipeline\Pipeline::carry():194}:195}(Object(Illuminate\Http\Request))
#86 C:\laragon\www\CarRentSystem\vendor\laravel\framework\src\Illuminate\Pipeline\Pipeline.php(219): Illuminate\Cookie\Middleware\EncryptCookies-&gt;handle(Object(Illuminate\Http\Request), Object(Closure))
#87 C:\laragon\www\CarRentSystem\vendor\filament\filament\src\Http\Middleware\SetUpPanel.php(19): Illuminate\Pipeline\Pipeline-&gt;{closure:{closure:Illuminate\Pipeline\Pipeline::carry():194}:195}(Object(Illuminate\Http\Request))
#88 C:\laragon\www\CarRentSystem\vendor\laravel\framework\src\Illuminate\Pipeline\Pipeline.php(219): Filament\Http\Middleware\SetUpPanel-&gt;handle(Object(Illuminate\Http\Request), Object(Closure), Object(Filament\Panel))
#89 C:\laragon\www\CarRentSystem\vendor\laravel\framework\src\Illuminate\Pipeline\Pipeline.php(137): Illuminate\Pipeline\Pipeline-&gt;{closure:{closure:Illuminate\Pipeline\Pipeline::carry():194}:195}(Object(Illuminate\Http\Request))
#90 C:\laragon\www\CarRentSystem\vendor\laravel\framework\src\Illuminate\Routing\Router.php(821): Illuminate\Pipeline\Pipeline-&gt;then(Object(Closure))
#91 C:\laragon\www\CarRentSystem\vendor\laravel\framework\src\Illuminate\Routing\Router.php(800): Illuminate\Routing\Router-&gt;runRouteWithinStack(Object(Illuminate\Routing\Route), Object(Illuminate\Http\Request))
#92 C:\laragon\www\CarRentSystem\vendor\laravel\framework\src\Illuminate\Routing\Router.php(764): Illuminate\Routing\Router-&gt;runRoute(Object(Illuminate\Http\Request), Object(Illuminate\Routing\Route))
#93 C:\laragon\www\CarRentSystem\vendor\laravel\framework\src\Illuminate\Routing\Router.php(753): Illuminate\Routing\Router-&gt;dispatchToRoute(Object(Illuminate\Http\Request))
#94 C:\laragon\www\CarRentSystem\vendor\laravel\framework\src\Illuminate\Foundation\Http\Kernel.php(200): Illuminate\Routing\Router-&gt;dispatch(Object(Illuminate\Http\Request))
#95 C:\laragon\www\CarRentSystem\vendor\laravel\framework\src\Illuminate\Pipeline\Pipeline.php(180): Illuminate\Foundation\Http\Kernel-&gt;{closure:Illuminate\Foundation\Http\Kernel::dispatchToRouter():197}(Object(Illuminate\Http\Request))
#96 C:\laragon\www\CarRentSystem\vendor\livewire\livewire\src\Features\SupportDisablingBackButtonCache\DisableBackButtonCacheMiddleware.php(19): Illuminate\Pipeline\Pipeline-&gt;{closure:Illuminate\Pipeline\Pipeline::prepareDestination():178}(Object(Illuminate\Http\Request))
#97 C:\laragon\www\CarRentSystem\vendor\laravel\framework\src\Illuminate\Pipeline\Pipeline.php(219): Livewire\Features\SupportDisablingBackButtonCache\DisableBackButtonCacheMiddleware-&gt;handle(Object(Illuminate\Http\Request), Object(Closure))
#98 C:\laragon\www\CarRentSystem\vendor\laravel\framework\src\Illuminate\Foundation\Http\Middleware\TransformsRequest.php(21): Illuminate\Pipeline\Pipeline-&gt;{closure:{closure:Illuminate\Pipeline\Pipeline::carry():194}:195}(Object(Illuminate\Http\Request))
#99 C:\laragon\www\CarRentSystem\vendor\laravel\framework\src\Illuminate\Foundation\Http\Middleware\ConvertEmptyStringsToNull.php(31): Illuminate\Foundation\Http\Middleware\TransformsRequest-&gt;handle(Object(Illuminate\Http\Request), Object(Closure))
#100 C:\laragon\www\CarRentSystem\vendor\laravel\framework\src\Illuminate\Pipeline\Pipeline.php(219): Illuminate\Foundation\Http\Middleware\ConvertEmptyStringsToNull-&gt;handle(Object(Illuminate\Http\Request), Object(Closure))
#101 C:\laragon\www\CarRentSystem\vendor\laravel\framework\src\Illuminate\Foundation\Http\Middleware\TransformsRequest.php(21): Illuminate\Pipeline\Pipeline-&gt;{closure:{closure:Illuminate\Pipeline\Pipeline::carry():194}:195}(Object(Illuminate\Http\Request))
#102 C:\laragon\www\CarRentSystem\vendor\laravel\framework\src\Illuminate\Foundation\Http\Middleware\TrimStrings.php(51): Illuminate\Foundation\Http\Middleware\TransformsRequest-&gt;handle(Object(Illuminate\Http\Request), Object(Closure))
#103 C:\laragon\www\CarRentSystem\vendor\laravel\framework\src\Illuminate\Pipeline\Pipeline.php(219): Illuminate\Foundation\Http\Middleware\TrimStrings-&gt;handle(Object(Illuminate\Http\Request), Object(Closure))
#104 C:\laragon\www\CarRentSystem\vendor\laravel\framework\src\Illuminate\Http\Middleware\ValidatePostSize.php(27): Illuminate\Pipeline\Pipeline-&gt;{closure:{closure:Illuminate\Pipeline\Pipeline::carry():194}:195}(Object(Illuminate\Http\Request))
#105 C:\laragon\www\CarRentSystem\vendor\laravel\framework\src\Illuminate\Pipeline\Pipeline.php(219): Illuminate\Http\Middleware\ValidatePostSize-&gt;handle(Object(Illuminate\Http\Request), Object(Closure))
#106 C:\laragon\www\CarRentSystem\vendor\laravel\framework\src\Illuminate\Foundation\Http\Middleware\PreventRequestsDuringMaintenance.php(109): Illuminate\Pipeline\Pipeline-&gt;{closure:{closure:Illuminate\Pipeline\Pipeline::carry():194}:195}(Object(Illuminate\Http\Request))
#107 C:\laragon\www\CarRentSystem\vendor\laravel\framework\src\Illuminate\Pipeline\Pipeline.php(219): Illuminate\Foundation\Http\Middleware\PreventRequestsDuringMaintenance-&gt;handle(Object(Illuminate\Http\Request), Object(Closure))
#108 C:\laragon\www\CarRentSystem\vendor\laravel\framework\src\Illuminate\Http\Middleware\HandleCors.php(61): Illuminate\Pipeline\Pipeline-&gt;{closure:{closure:Illuminate\Pipeline\Pipeline::carry():194}:195}(Object(Illuminate\Http\Request))
#109 C:\laragon\www\CarRentSystem\vendor\laravel\framework\src\Illuminate\Pipeline\Pipeline.php(219): Illuminate\Http\Middleware\HandleCors-&gt;handle(Object(Illuminate\Http\Request), Object(Closure))
#110 C:\laragon\www\CarRentSystem\vendor\laravel\framework\src\Illuminate\Http\Middleware\TrustProxies.php(58): Illuminate\Pipeline\Pipeline-&gt;{closure:{closure:Illuminate\Pipeline\Pipeline::carry():194}:195}(Object(Illuminate\Http\Request))
#111 C:\laragon\www\CarRentSystem\vendor\laravel\framework\src\Illuminate\Pipeline\Pipeline.php(219): Illuminate\Http\Middleware\TrustProxies-&gt;handle(Object(Illuminate\Http\Request), Object(Closure))
#112 C:\laragon\www\CarRentSystem\vendor\laravel\framework\src\Illuminate\Foundation\Http\Middleware\InvokeDeferredCallbacks.php(22): Illuminate\Pipeline\Pipeline-&gt;{closure:{closure:Illuminate\Pipeline\Pipeline::carry():194}:195}(Object(Illuminate\Http\Request))
#113 C:\laragon\www\CarRentSystem\vendor\laravel\framework\src\Illuminate\Pipeline\Pipeline.php(219): Illuminate\Foundation\Http\Middleware\InvokeDeferredCallbacks-&gt;handle(Object(Illuminate\Http\Request), Object(Closure))
#114 C:\laragon\www\CarRentSystem\vendor\laravel\framework\src\Illuminate\Http\Middleware\ValidatePathEncoding.php(26): Illuminate\Pipeline\Pipeline-&gt;{closure:{closure:Illuminate\Pipeline\Pipeline::carry():194}:195}(Object(Illuminate\Http\Request))
#115 C:\laragon\www\CarRentSystem\vendor\laravel\framework\src\Illuminate\Pipeline\Pipeline.php(219): Illuminate\Http\Middleware\ValidatePathEncoding-&gt;handle(Object(Illuminate\Http\Request), Object(Closure))
#116 C:\laragon\www\CarRentSystem\vendor\laravel\framework\src\Illuminate\Pipeline\Pipeline.php(137): Illuminate\Pipeline\Pipeline-&gt;{closure:{closure:Illuminate\Pipeline\Pipeline::carry():194}:195}(Object(Illuminate\Http\Request))
#117 C:\laragon\www\CarRentSystem\vendor\laravel\framework\src\Illuminate\Foundation\Http\Kernel.php(175): Illuminate\Pipeline\Pipeline-&gt;then(Object(Closure))
#118 C:\laragon\www\CarRentSystem\vendor\laravel\framework\src\Illuminate\Foundation\Http\Kernel.php(144): Illuminate\Foundation\Http\Kernel-&gt;sendRequestThroughRouter(Object(Illuminate\Http\Request))
#119 C:\laragon\www\CarRentSystem\vendor\laravel\framework\src\Illuminate\Foundation\Testing\Concerns\MakesHttpRequests.php(607): Illuminate\Foundation\Http\Kernel-&gt;handle(Object(Illuminate\Http\Request))
#120 C:\laragon\www\CarRentSystem\vendor\laravel\framework\src\Illuminate\Foundation\Testing\Concerns\MakesHttpRequests.php(368): Illuminate\Foundation\Testing\TestCase-&gt;call('GET', '/admin/activity...', Array, Array, Array, Array)
#121 C:\laragon\www\CarRentSystem\tests\Feature\ActivityLogManagementTest.php(32): Illuminate\Foundation\Testing\TestCase-&gt;get('/admin/activity...')
#122 C:\laragon\www\CarRentSystem\vendor\pestphp\pest\src\Factories\TestCaseMethodFactory.php(168): P\Tests\Feature\ActivityLogManagementTest-&gt;{closure:{closure:{closure:C:\laragon\www\CarRentSystem\tests\Feature\ActivityLogManagementTest.php:13}:20}:30}()
#123 [internal function]: P\Tests\Feature\ActivityLogManagementTest-&gt;{closure:Pest\Factories\TestCaseMethodFactory::getClosure():158}()
#124 C:\laragon\www\CarRentSystem\vendor\pestphp\pest\src\Concerns\Testable.php(429): call_user_func_array(Object(Closure), Array)
#125 C:\laragon\www\CarRentSystem\vendor\pestphp\pest\src\Support\ExceptionTrace.php(26): P\Tests\Feature\ActivityLogManagementTest-&gt;{closure:Pest\Concerns\Testable::__callClosure():429}()
#126 C:\laragon\www\CarRentSystem\vendor\pestphp\pest\src\Concerns\Testable.php(429): Pest\Support\ExceptionTrace::ensure(Object(Closure))
#127 C:\laragon\www\CarRentSystem\vendor\pestphp\pest\src\Concerns\Testable.php(331): P\Tests\Feature\ActivityLogManagementTest-&gt;__callClosure(Object(Closure), Array)
#128 C:\laragon\www\CarRentSystem\vendor\pestphp\pest\src\Factories\TestCaseFactory.php(169) : eval()'d code(26): P\Tests\Feature\ActivityLogManagementTest-&gt;__runTest(Object(Closure))
#129 C:\laragon\www\CarRentSystem\vendor\phpunit\phpunit\src\Framework\TestCase.php(1316): P\Tests\Feature\ActivityLogManagementTest-&gt;__pest_evaluable__Activity_Log_Management__→__Activity_Log_Listing__→_it_restricts_owner_access_to_activity_logs()
#130 C:\laragon\www\CarRentSystem\vendor\phpunit\phpunit\src\Framework\TestCase.php(516): PHPUnit\Framework\TestCase-&gt;runTest()
#131 C:\laragon\www\CarRentSystem\vendor\phpunit\phpunit\src\Framework\TestRunner\TestRunner.php(99): PHPUnit\Framework\TestCase-&gt;runBare()
#132 C:\laragon\www\CarRentSystem\vendor\phpunit\phpunit\src\Framework\TestCase.php(357): PHPUnit\Framework\TestRunner-&gt;run(Object(P\Tests\Feature\ActivityLogManagementTest))
#133 C:\laragon\www\CarRentSystem\vendor\phpunit\phpunit\src\Framework\TestSuite.php(374): PHPUnit\Framework\TestCase-&gt;run()
#134 C:\laragon\www\CarRentSystem\vendor\phpunit\phpunit\src\Framework\TestSuite.php(374): PHPUnit\Framework\TestSuite-&gt;run()
#135 C:\laragon\www\CarRentSystem\vendor\phpunit\phpunit\src\Framework\TestSuite.php(374): PHPUnit\Framework\TestSuite-&gt;run()
#136 C:\laragon\www\CarRentSystem\vendor\phpunit\phpunit\src\TextUI\TestRunner.php(64): PHPUnit\Framework\TestSuite-&gt;run()
#137 C:\laragon\www\CarRentSystem\vendor\phpunit\phpunit\src\TextUI\Application.php(229): PHPUnit\TextUI\TestRunner-&gt;run(Object(PHPUnit\TextUI\Configuration\Configuration), Object(PHPUnit\Runner\ResultCache\DefaultResultCache), Object(PHPUnit\Framework\TestSuite))
#138 C:\laragon\www\CarRentSystem\vendor\pestphp\pest\src\Kernel.php(103): PHPUnit\TextUI\Application-&gt;run(Array)
#139 C:\laragon\www\CarRentSystem\vendor\pestphp\pest\bin\pest(184): Pest\Kernel-&gt;handle(Array, Array)
#140 C:\laragon\www\CarRentSystem\vendor\pestphp\pest\bin\pest(192): {closure:C:\laragon\www\CarRentSystem\vendor\pestphp\pest\bin\pest:18}()
#141 C:\laragon\www\CarRentSystem\vendor\bin\pest(119): include('C:\\laragon\\www\\...')
#142 {main}

Next Illuminate\View\ViewException: SQLSTATE[HY000]: General error: 1 no such column: activity_log.name (Connection: sqlite, SQL: select "activity_log"."name", "" from "activity_log" order by "activity_log"."name" asc limit 50) (View: C:\laragon\www\CarRentSystem\vendor\filament\forms\resources\views\components\select.blade.php) (View: C:\laragon\www\CarRentSystem\vendor\filament\forms\resources\views\components\select.blade.php) in C:\laragon\www\CarRentSystem\vendor\laravel\framework\src\Illuminate\Database\Connection.php:824
Stack trace:
#0 C:\laragon\www\CarRentSystem\vendor\livewire\livewire\src\Mechanisms\ExtendBlade\ExtendedCompilerEngine.php(58): Illuminate\View\Engines\CompilerEngine-&gt;handleViewException(Object(Illuminate\View\ViewException), 11)
#1 C:\laragon\www\CarRentSystem\vendor\livewire\livewire\src\Mechanisms\ExtendBlade\ExtendedCompilerEngine.php(40): Livewire\Mechanisms\ExtendBlade\ExtendedCompilerEngine-&gt;handleViewException(Object(Illuminate\View\ViewException), 11)
#2 C:\laragon\www\CarRentSystem\vendor\laravel\framework\src\Illuminate\View\Engines\CompilerEngine.php(76): Livewire\Mechanisms\ExtendBlade\ExtendedCompilerEngine-&gt;evaluatePath('C:\\laragon\\www\\...', Array)
#3 C:\laragon\www\CarRentSystem\vendor\livewire\livewire\src\Mechanisms\ExtendBlade\ExtendedCompilerEngine.php(16): Illuminate\View\Engines\CompilerEngine-&gt;get('C:\\laragon\\www\\...', Array)
#4 C:\laragon\www\CarRentSystem\vendor\laravel\framework\src\Illuminate\View\View.php(208): Livewire\Mechanisms\ExtendBlade\ExtendedCompilerEngine-&gt;get('C:\\laragon\\www\\...', Array)
#5 C:\laragon\www\CarRentSystem\vendor\laravel\framework\src\Illuminate\View\View.php(191): Illuminate\View\View-&gt;getContents()
#6 C:\laragon\www\CarRentSystem\vendor\laravel\framework\src\Illuminate\View\View.php(160): Illuminate\View\View-&gt;renderContents()
#7 C:\laragon\www\CarRentSystem\vendor\filament\support\src\Components\ViewComponent.php(125): Illuminate\View\View-&gt;render()
#8 C:\laragon\www\CarRentSystem\vendor\filament\schemas\src\Components\Component.php(221): Filament\Support\Components\ViewComponent-&gt;toHtml()
#9 C:\laragon\www\CarRentSystem\vendor\filament\schemas\src\Schema.php(205): Filament\Schemas\Components\Component-&gt;toSchemaHtml(true)
#10 C:\laragon\www\CarRentSystem\vendor\filament\support\src\Components\ViewComponent.php(122): Filament\Schemas\Schema-&gt;toEmbeddedHtml()
#11 C:\laragon\www\CarRentSystem\vendor\laravel\framework\src\Illuminate\Support\helpers.php(130): Filament\Support\Components\ViewComponent-&gt;toHtml()
#12 C:\laragon\www\CarRentSystem\storage\framework\views\1a3d3d822b7060b360e0a4f4cc781bd5.php(92): e(Object(Filament\Schemas\Schema))
#13 C:\laragon\www\CarRentSystem\vendor\livewire\livewire\src\Mechanisms\ExtendBlade\ExtendedCompilerEngine.php(37): include('C:\\laragon\\www\\...')
#14 C:\laragon\www\CarRentSystem\vendor\livewire\livewire\src\Mechanisms\ExtendBlade\ExtendedCompilerEngine.php(38): App\Filament\Resources\ActivityLogResource\Pages\ListActivityLogs-&gt;{closure:Livewire\Mechanisms\ExtendBlade\ExtendedCompilerEngine::evaluatePath():35}()
#15 C:\laragon\www\CarRentSystem\vendor\laravel\framework\src\Illuminate\View\Engines\CompilerEngine.php(76): Livewire\Mechanisms\ExtendBlade\ExtendedCompilerEngine-&gt;evaluatePath('C:\\laragon\\www\\...', Array)
#16 C:\laragon\www\CarRentSystem\vendor\livewire\livewire\src\Mechanisms\ExtendBlade\ExtendedCompilerEngine.php(16): Illuminate\View\Engines\CompilerEngine-&gt;get('C:\\laragon\\www\\...', Array)
#17 C:\laragon\www\CarRentSystem\vendor\laravel\framework\src\Illuminate\View\View.php(208): Livewire\Mechanisms\ExtendBlade\ExtendedCompilerEngine-&gt;get('C:\\laragon\\www\\...', Array)
#18 C:\laragon\www\CarRentSystem\vendor\laravel\framework\src\Illuminate\View\View.php(191): Illuminate\View\View-&gt;getContents()
#19 C:\laragon\www\CarRentSystem\vendor\laravel\framework\src\Illuminate\View\View.php(160): Illuminate\View\View-&gt;renderContents()
#20 C:\laragon\www\CarRentSystem\vendor\laravel\framework\src\Illuminate\View\Concerns\ManagesComponents.php(103): Illuminate\View\View-&gt;render()
#21 C:\laragon\www\CarRentSystem\storage\framework\views\63d0da9e86cc349a52193e89442d61e4.php(727): Illuminate\View\Factory-&gt;renderComponent()
#22 C:\laragon\www\CarRentSystem\vendor\livewire\livewire\src\Mechanisms\ExtendBlade\ExtendedCompilerEngine.php(37): include('C:\\laragon\\www\\...')
#23 C:\laragon\www\CarRentSystem\vendor\livewire\livewire\src\Mechanisms\ExtendBlade\ExtendedCompilerEngine.php(38): App\Filament\Resources\ActivityLogResource\Pages\ListActivityLogs-&gt;{closure:Livewire\Mechanisms\ExtendBlade\ExtendedCompilerEngine::evaluatePath():35}()
#24 C:\laragon\www\CarRentSystem\vendor\laravel\framework\src\Illuminate\View\Engines\CompilerEngine.php(76): Livewire\Mechanisms\ExtendBlade\ExtendedCompilerEngine-&gt;evaluatePath('C:\\laragon\\www\\...', Array)
#25 C:\laragon\www\CarRentSystem\vendor\livewire\livewire\src\Mechanisms\ExtendBlade\ExtendedCompilerEngine.php(16): Illuminate\View\Engines\CompilerEngine-&gt;get('C:\\laragon\\www\\...', Array)
#26 C:\laragon\www\CarRentSystem\vendor\laravel\framework\src\Illuminate\View\View.php(208): Livewire\Mechanisms\ExtendBlade\ExtendedCompilerEngine-&gt;get('C:\\laragon\\www\\...', Array)
#27 C:\laragon\www\CarRentSystem\vendor\laravel\framework\src\Illuminate\View\View.php(191): Illuminate\View\View-&gt;getContents()
#28 C:\laragon\www\CarRentSystem\vendor\laravel\framework\src\Illuminate\View\View.php(160): Illuminate\View\View-&gt;renderContents()
#29 C:\laragon\www\CarRentSystem\vendor\filament\support\src\Components\ViewComponent.php(125): Illuminate\View\View-&gt;render()
#30 C:\laragon\www\CarRentSystem\vendor\filament\schemas\src\Components\Component.php(221): Filament\Support\Components\ViewComponent-&gt;toHtml()
#31 C:\laragon\www\CarRentSystem\vendor\filament\schemas\src\Schema.php(205): Filament\Schemas\Components\Component-&gt;toSchemaHtml(true)
#32 C:\laragon\www\CarRentSystem\vendor\filament\support\src\Components\ViewComponent.php(122): Filament\Schemas\Schema-&gt;toEmbeddedHtml()
#33 C:\laragon\www\CarRentSystem\vendor\laravel\framework\src\Illuminate\Support\helpers.php(130): Filament\Support\Components\ViewComponent-&gt;toHtml()
#34 C:\laragon\www\CarRentSystem\storage\framework\views\440b755faea75388110fdd3acae41dc5.php(11): e(Object(Filament\Schemas\Schema))
#35 C:\laragon\www\CarRentSystem\vendor\livewire\livewire\src\Mechanisms\ExtendBlade\ExtendedCompilerEngine.php(37): include('C:\\laragon\\www\\...')
#36 C:\laragon\www\CarRentSystem\vendor\livewire\livewire\src\Mechanisms\ExtendBlade\ExtendedCompilerEngine.php(38): App\Filament\Resources\ActivityLogResource\Pages\ListActivityLogs-&gt;{closure:Livewire\Mechanisms\ExtendBlade\ExtendedCompilerEngine::evaluatePath():35}()
#37 C:\laragon\www\CarRentSystem\vendor\laravel\framework\src\Illuminate\View\Engines\CompilerEngine.php(76): Livewire\Mechanisms\ExtendBlade\ExtendedCompilerEngine-&gt;evaluatePath('C:\\laragon\\www\\...', Array)
#38 C:\laragon\www\CarRentSystem\vendor\livewire\livewire\src\Mechanisms\ExtendBlade\ExtendedCompilerEngine.php(16): Illuminate\View\Engines\CompilerEngine-&gt;get('C:\\laragon\\www\\...', Array)
#39 C:\laragon\www\CarRentSystem\vendor\laravel\framework\src\Illuminate\View\View.php(208): Livewire\Mechanisms\ExtendBlade\ExtendedCompilerEngine-&gt;get('C:\\laragon\\www\\...', Array)
#40 C:\laragon\www\CarRentSystem\vendor\laravel\framework\src\Illuminate\View\View.php(191): Illuminate\View\View-&gt;getContents()
#41 C:\laragon\www\CarRentSystem\vendor\laravel\framework\src\Illuminate\View\View.php(160): Illuminate\View\View-&gt;renderContents()
#42 C:\laragon\www\CarRentSystem\vendor\livewire\livewire\src\Mechanisms\HandleComponents\HandleComponents.php(259): Illuminate\View\View-&gt;render(Object(Closure))
#43 C:\laragon\www\CarRentSystem\vendor\livewire\livewire\src\Mechanisms\HandleComponents\HandleComponents.php(303): Livewire\Mechanisms\HandleComponents\HandleComponents-&gt;{closure:Livewire\Mechanisms\HandleComponents\HandleComponents::render():251}()
#44 C:\laragon\www\CarRentSystem\vendor\livewire\livewire\src\Mechanisms\HandleComponents\HandleComponents.php(251): Livewire\Mechanisms\HandleComponents\HandleComponents-&gt;trackInRenderStack(Object(App\Filament\Resources\ActivityLogResource\Pages\ListActivityLogs), Object(Closure))
#45 C:\laragon\www\CarRentSystem\vendor\livewire\livewire\src\Mechanisms\HandleComponents\HandleComponents.php(54): Livewire\Mechanisms\HandleComponents\HandleComponents-&gt;render(Object(App\Filament\Resources\ActivityLogResource\Pages\ListActivityLogs), '&lt;div&gt;&lt;/div&gt;')
#46 C:\laragon\www\CarRentSystem\vendor\livewire\livewire\src\LivewireManager.php(73): Livewire\Mechanisms\HandleComponents\HandleComponents-&gt;mount('App\\Filament\\Re...', Array, NULL)
#47 C:\laragon\www\CarRentSystem\vendor\livewire\livewire\src\Features\SupportPageComponents\HandlesPageComponents.php(17): Livewire\LivewireManager-&gt;mount('App\\Filament\\Re...', Array)
#48 C:\laragon\www\CarRentSystem\vendor\livewire\livewire\src\Features\SupportPageComponents\SupportPageComponents.php(117): Livewire\Component-&gt;{closure:Livewire\Features\SupportPageComponents\HandlesPageComponents::__invoke():14}()
#49 C:\laragon\www\CarRentSystem\vendor\livewire\livewire\src\Features\SupportPageComponents\HandlesPageComponents.php(14): Livewire\Features\SupportPageComponents\SupportPageComponents::interceptTheRenderOfTheComponentAndRetreiveTheLayoutConfiguration(Object(Closure))
#50 C:\laragon\www\CarRentSystem\vendor\laravel\framework\src\Illuminate\Routing\ControllerDispatcher.php(46): Livewire\Component-&gt;__invoke()
#51 C:\laragon\www\CarRentSystem\vendor\laravel\framework\src\Illuminate\Routing\Route.php(265): Illuminate\Routing\ControllerDispatcher-&gt;dispatch(Object(Illuminate\Routing\Route), Object(App\Filament\Resources\ActivityLogResource\Pages\ListActivityLogs), '__invoke')
#52 C:\laragon\www\CarRentSystem\vendor\laravel\framework\src\Illuminate\Routing\Route.php(211): Illuminate\Routing\Route-&gt;runController()
#53 C:\laragon\www\CarRentSystem\vendor\laravel\framework\src\Illuminate\Routing\Router.php(822): Illuminate\Routing\Route-&gt;run()
#54 C:\laragon\www\CarRentSystem\vendor\laravel\framework\src\Illuminate\Pipeline\Pipeline.php(180): Illuminate\Routing\Router-&gt;{closure:Illuminate\Routing\Router::runRouteWithinStack():821}(Object(Illuminate\Http\Request))
#55 C:\laragon\www\CarRentSystem\vendor\filament\filament\src\Http\Middleware\DispatchServingFilamentEvent.php(15): Illuminate\Pipeline\Pipeline-&gt;{closure:Illuminate\Pipeline\Pipeline::prepareDestination():178}(Object(Illuminate\Http\Request))
#56 C:\laragon\www\CarRentSystem\vendor\laravel\framework\src\Illuminate\Pipeline\Pipeline.php(219): Filament\Http\Middleware\DispatchServingFilamentEvent-&gt;handle(Object(Illuminate\Http\Request), Object(Closure))
#57 C:\laragon\www\CarRentSystem\vendor\filament\filament\src\Http\Middleware\DisableBladeIconComponents.php(14): Illuminate\Pipeline\Pipeline-&gt;{closure:{closure:Illuminate\Pipeline\Pipeline::carry():194}:195}(Object(Illuminate\Http\Request))
#58 C:\laragon\www\CarRentSystem\vendor\laravel\framework\src\Illuminate\Pipeline\Pipeline.php(219): Filament\Http\Middleware\DisableBladeIconComponents-&gt;handle(Object(Illuminate\Http\Request), Object(Closure))
#59 C:\laragon\www\CarRentSystem\app\Http\Middleware\LocalizationMiddleware.php(41): Illuminate\Pipeline\Pipeline-&gt;{closure:{closure:Illuminate\Pipeline\Pipeline::carry():194}:195}(Object(Illuminate\Http\Request))
#60 C:\laragon\www\CarRentSystem\vendor\laravel\framework\src\Illuminate\Pipeline\Pipeline.php(219): App\Http\Middleware\LocalizationMiddleware-&gt;handle(Object(Illuminate\Http\Request), Object(Closure))
#61 C:\laragon\www\CarRentSystem\vendor\laravel\framework\src\Illuminate\Routing\Middleware\SubstituteBindings.php(50): Illuminate\Pipeline\Pipeline-&gt;{closure:{closure:Illuminate\Pipeline\Pipeline::carry():194}:195}(Object(Illuminate\Http\Request))
#62 C:\laragon\www\CarRentSystem\vendor\laravel\framework\src\Illuminate\Pipeline\Pipeline.php(219): Illuminate\Routing\Middleware\SubstituteBindings-&gt;handle(Object(Illuminate\Http\Request), Object(Closure))
#63 C:\laragon\www\CarRentSystem\vendor\laravel\framework\src\Illuminate\Auth\Middleware\Authenticate.php(63): Illuminate\Pipeline\Pipeline-&gt;{closure:{closure:Illuminate\Pipeline\Pipeline::carry():194}:195}(Object(Illuminate\Http\Request))
#64 C:\laragon\www\CarRentSystem\vendor\laravel\framework\src\Illuminate\Pipeline\Pipeline.php(219): Illuminate\Auth\Middleware\Authenticate-&gt;handle(Object(Illuminate\Http\Request), Object(Closure))
#65 C:\laragon\www\CarRentSystem\vendor\laravel\framework\src\Illuminate\View\Middleware\ShareErrorsFromSession.php(48): Illuminate\Pipeline\Pipeline-&gt;{closure:{closure:Illuminate\Pipeline\Pipeline::carry():194}:195}(Object(Illuminate\Http\Request))
#66 C:\laragon\www\CarRentSystem\vendor\laravel\framework\src\Illuminate\Pipeline\Pipeline.php(219): Illuminate\View\Middleware\ShareErrorsFromSession-&gt;handle(Object(Illuminate\Http\Request), Object(Closure))
#67 C:\laragon\www\CarRentSystem\vendor\laravel\framework\src\Illuminate\Session\Middleware\StartSession.php(120): Illuminate\Pipeline\Pipeline-&gt;{closure:{closure:Illuminate\Pipeline\Pipeline::carry():194}:195}(Object(Illuminate\Http\Request))
#68 C:\laragon\www\CarRentSystem\vendor\laravel\framework\src\Illuminate\Session\Middleware\StartSession.php(63): Illuminate\Session\Middleware\StartSession-&gt;handleStatefulRequest(Object(Illuminate\Http\Request), Object(Illuminate\Session\Store), Object(Closure))
#69 C:\laragon\www\CarRentSystem\vendor\laravel\framework\src\Illuminate\Pipeline\Pipeline.php(219): Illuminate\Session\Middleware\StartSession-&gt;handle(Object(Illuminate\Http\Request), Object(Closure))
#70 C:\laragon\www\CarRentSystem\vendor\laravel\framework\src\Illuminate\Cookie\Middleware\AddQueuedCookiesToResponse.php(36): Illuminate\Pipeline\Pipeline-&gt;{closure:{closure:Illuminate\Pipeline\Pipeline::carry():194}:195}(Object(Illuminate\Http\Request))
#71 C:\laragon\www\CarRentSystem\vendor\laravel\framework\src\Illuminate\Pipeline\Pipeline.php(219): Illuminate\Cookie\Middleware\AddQueuedCookiesToResponse-&gt;handle(Object(Illuminate\Http\Request), Object(Closure))
#72 C:\laragon\www\CarRentSystem\vendor\laravel\framework\src\Illuminate\Cookie\Middleware\EncryptCookies.php(74): Illuminate\Pipeline\Pipeline-&gt;{closure:{closure:Illuminate\Pipeline\Pipeline::carry():194}:195}(Object(Illuminate\Http\Request))
#73 C:\laragon\www\CarRentSystem\vendor\laravel\framework\src\Illuminate\Pipeline\Pipeline.php(219): Illuminate\Cookie\Middleware\EncryptCookies-&gt;handle(Object(Illuminate\Http\Request), Object(Closure))
#74 C:\laragon\www\CarRentSystem\vendor\filament\filament\src\Http\Middleware\SetUpPanel.php(19): Illuminate\Pipeline\Pipeline-&gt;{closure:{closure:Illuminate\Pipeline\Pipeline::carry():194}:195}(Object(Illuminate\Http\Request))
#75 C:\laragon\www\CarRentSystem\vendor\laravel\framework\src\Illuminate\Pipeline\Pipeline.php(219): Filament\Http\Middleware\SetUpPanel-&gt;handle(Object(Illuminate\Http\Request), Object(Closure), Object(Filament\Panel))
#76 C:\laragon\www\CarRentSystem\vendor\laravel\framework\src\Illuminate\Pipeline\Pipeline.php(137): Illuminate\Pipeline\Pipeline-&gt;{closure:{closure:Illuminate\Pipeline\Pipeline::carry():194}:195}(Object(Illuminate\Http\Request))
#77 C:\laragon\www\CarRentSystem\vendor\laravel\framework\src\Illuminate\Routing\Router.php(821): Illuminate\Pipeline\Pipeline-&gt;then(Object(Closure))
#78 C:\laragon\www\CarRentSystem\vendor\laravel\framework\src\Illuminate\Routing\Router.php(800): Illuminate\Routing\Router-&gt;runRouteWithinStack(Object(Illuminate\Routing\Route), Object(Illuminate\Http\Request))
#79 C:\laragon\www\CarRentSystem\vendor\laravel\framework\src\Illuminate\Routing\Router.php(764): Illuminate\Routing\Router-&gt;runRoute(Object(Illuminate\Http\Request), Object(Illuminate\Routing\Route))
#80 C:\laragon\www\CarRentSystem\vendor\laravel\framework\src\Illuminate\Routing\Router.php(753): Illuminate\Routing\Router-&gt;dispatchToRoute(Object(Illuminate\Http\Request))
#81 C:\laragon\www\CarRentSystem\vendor\laravel\framework\src\Illuminate\Foundation\Http\Kernel.php(200): Illuminate\Routing\Router-&gt;dispatch(Object(Illuminate\Http\Request))
#82 C:\laragon\www\CarRentSystem\vendor\laravel\framework\src\Illuminate\Pipeline\Pipeline.php(180): Illuminate\Foundation\Http\Kernel-&gt;{closure:Illuminate\Foundation\Http\Kernel::dispatchToRouter():197}(Object(Illuminate\Http\Request))
#83 C:\laragon\www\CarRentSystem\vendor\livewire\livewire\src\Features\SupportDisablingBackButtonCache\DisableBackButtonCacheMiddleware.php(19): Illuminate\Pipeline\Pipeline-&gt;{closure:Illuminate\Pipeline\Pipeline::prepareDestination():178}(Object(Illuminate\Http\Request))
#84 C:\laragon\www\CarRentSystem\vendor\laravel\framework\src\Illuminate\Pipeline\Pipeline.php(219): Livewire\Features\SupportDisablingBackButtonCache\DisableBackButtonCacheMiddleware-&gt;handle(Object(Illuminate\Http\Request), Object(Closure))
#85 C:\laragon\www\CarRentSystem\vendor\laravel\framework\src\Illuminate\Foundation\Http\Middleware\TransformsRequest.php(21): Illuminate\Pipeline\Pipeline-&gt;{closure:{closure:Illuminate\Pipeline\Pipeline::carry():194}:195}(Object(Illuminate\Http\Request))
#86 C:\laragon\www\CarRentSystem\vendor\laravel\framework\src\Illuminate\Foundation\Http\Middleware\ConvertEmptyStringsToNull.php(31): Illuminate\Foundation\Http\Middleware\TransformsRequest-&gt;handle(Object(Illuminate\Http\Request), Object(Closure))
#87 C:\laragon\www\CarRentSystem\vendor\laravel\framework\src\Illuminate\Pipeline\Pipeline.php(219): Illuminate\Foundation\Http\Middleware\ConvertEmptyStringsToNull-&gt;handle(Object(Illuminate\Http\Request), Object(Closure))
#88 C:\laragon\www\CarRentSystem\vendor\laravel\framework\src\Illuminate\Foundation\Http\Middleware\TransformsRequest.php(21): Illuminate\Pipeline\Pipeline-&gt;{closure:{closure:Illuminate\Pipeline\Pipeline::carry():194}:195}(Object(Illuminate\Http\Request))
#89 C:\laragon\www\CarRentSystem\vendor\laravel\framework\src\Illuminate\Foundation\Http\Middleware\TrimStrings.php(51): Illuminate\Foundation\Http\Middleware\TransformsRequest-&gt;handle(Object(Illuminate\Http\Request), Object(Closure))
#90 C:\laragon\www\CarRentSystem\vendor\laravel\framework\src\Illuminate\Pipeline\Pipeline.php(219): Illuminate\Foundation\Http\Middleware\TrimStrings-&gt;handle(Object(Illuminate\Http\Request), Object(Closure))
#91 C:\laragon\www\CarRentSystem\vendor\laravel\framework\src\Illuminate\Http\Middleware\ValidatePostSize.php(27): Illuminate\Pipeline\Pipeline-&gt;{closure:{closure:Illuminate\Pipeline\Pipeline::carry():194}:195}(Object(Illuminate\Http\Request))
#92 C:\laragon\www\CarRentSystem\vendor\laravel\framework\src\Illuminate\Pipeline\Pipeline.php(219): Illuminate\Http\Middleware\ValidatePostSize-&gt;handle(Object(Illuminate\Http\Request), Object(Closure))
#93 C:\laragon\www\CarRentSystem\vendor\laravel\framework\src\Illuminate\Foundation\Http\Middleware\PreventRequestsDuringMaintenance.php(109): Illuminate\Pipeline\Pipeline-&gt;{closure:{closure:Illuminate\Pipeline\Pipeline::carry():194}:195}(Object(Illuminate\Http\Request))
#94 C:\laragon\www\CarRentSystem\vendor\laravel\framework\src\Illuminate\Pipeline\Pipeline.php(219): Illuminate\Foundation\Http\Middleware\PreventRequestsDuringMaintenance-&gt;handle(Object(Illuminate\Http\Request), Object(Closure))
#95 C:\laragon\www\CarRentSystem\vendor\laravel\framework\src\Illuminate\Http\Middleware\HandleCors.php(61): Illuminate\Pipeline\Pipeline-&gt;{closure:{closure:Illuminate\Pipeline\Pipeline::carry():194}:195}(Object(Illuminate\Http\Request))
#96 C:\laragon\www\CarRentSystem\vendor\laravel\framework\src\Illuminate\Pipeline\Pipeline.php(219): Illuminate\Http\Middleware\HandleCors-&gt;handle(Object(Illuminate\Http\Request), Object(Closure))
#97 C:\laragon\www\CarRentSystem\vendor\laravel\framework\src\Illuminate\Http\Middleware\TrustProxies.php(58): Illuminate\Pipeline\Pipeline-&gt;{closure:{closure:Illuminate\Pipeline\Pipeline::carry():194}:195}(Object(Illuminate\Http\Request))
#98 C:\laragon\www\CarRentSystem\vendor\laravel\framework\src\Illuminate\Pipeline\Pipeline.php(219): Illuminate\Http\Middleware\TrustProxies-&gt;handle(Object(Illuminate\Http\Request), Object(Closure))
#99 C:\laragon\www\CarRentSystem\vendor\laravel\framework\src\Illuminate\Foundation\Http\Middleware\InvokeDeferredCallbacks.php(22): Illuminate\Pipeline\Pipeline-&gt;{closure:{closure:Illuminate\Pipeline\Pipeline::carry():194}:195}(Object(Illuminate\Http\Request))
#100 C:\laragon\www\CarRentSystem\vendor\laravel\framework\src\Illuminate\Pipeline\Pipeline.php(219): Illuminate\Foundation\Http\Middleware\InvokeDeferredCallbacks-&gt;handle(Object(Illuminate\Http\Request), Object(Closure))
#101 C:\laragon\www\CarRentSystem\vendor\laravel\framework\src\Illuminate\Http\Middleware\ValidatePathEncoding.php(26): Illuminate\Pipeline\Pipeline-&gt;{closure:{closure:Illuminate\Pipeline\Pipeline::carry():194}:195}(Object(Illuminate\Http\Request))
#102 C:\laragon\www\CarRentSystem\vendor\laravel\framework\src\Illuminate\Pipeline\Pipeline.php(219): Illuminate\Http\Middleware\ValidatePathEncoding-&gt;handle(Object(Illuminate\Http\Request), Object(Closure))
#103 C:\laragon\www\CarRentSystem\vendor\laravel\framework\src\Illuminate\Pipeline\Pipeline.php(137): Illuminate\Pipeline\Pipeline-&gt;{closure:{closure:Illuminate\Pipeline\Pipeline::carry():194}:195}(Object(Illuminate\Http\Request))
#104 C:\laragon\www\CarRentSystem\vendor\laravel\framework\src\Illuminate\Foundation\Http\Kernel.php(175): Illuminate\Pipeline\Pipeline-&gt;then(Object(Closure))
#105 C:\laragon\www\CarRentSystem\vendor\laravel\framework\src\Illuminate\Foundation\Http\Kernel.php(144): Illuminate\Foundation\Http\Kernel-&gt;sendRequestThroughRouter(Object(Illuminate\Http\Request))
#106 C:\laragon\www\CarRentSystem\vendor\laravel\framework\src\Illuminate\Foundation\Testing\Concerns\MakesHttpRequests.php(607): Illuminate\Foundation\Http\Kernel-&gt;handle(Object(Illuminate\Http\Request))
#107 C:\laragon\www\CarRentSystem\vendor\laravel\framework\src\Illuminate\Foundation\Testing\Concerns\MakesHttpRequests.php(368): Illuminate\Foundation\Testing\TestCase-&gt;call('GET', '/admin/activity...', Array, Array, Array, Array)
#108 C:\laragon\www\CarRentSystem\tests\Feature\ActivityLogManagementTest.php(32): Illuminate\Foundation\Testing\TestCase-&gt;get('/admin/activity...')
#109 C:\laragon\www\CarRentSystem\vendor\pestphp\pest\src\Factories\TestCaseMethodFactory.php(168): P\Tests\Feature\ActivityLogManagementTest-&gt;{closure:{closure:{closure:C:\laragon\www\CarRentSystem\tests\Feature\ActivityLogManagementTest.php:13}:20}:30}()
#110 [internal function]: P\Tests\Feature\ActivityLogManagementTest-&gt;{closure:Pest\Factories\TestCaseMethodFactory::getClosure():158}()
#111 C:\laragon\www\CarRentSystem\vendor\pestphp\pest\src\Concerns\Testable.php(429): call_user_func_array(Object(Closure), Array)
#112 C:\laragon\www\CarRentSystem\vendor\pestphp\pest\src\Support\ExceptionTrace.php(26): P\Tests\Feature\ActivityLogManagementTest-&gt;{closure:Pest\Concerns\Testable::__callClosure():429}()
#113 C:\laragon\www\CarRentSystem\vendor\pestphp\pest\src\Concerns\Testable.php(429): Pest\Support\ExceptionTrace::ensure(Object(Closure))
#114 C:\laragon\www\CarRentSystem\vendor\pestphp\pest\src\Concerns\Testable.php(331): P\Tests\Feature\ActivityLogManagementTest-&gt;__callClosure(Object(Closure), Array)
#115 C:\laragon\www\CarRentSystem\vendor\pestphp\pest\src\Factories\TestCaseFactory.php(169) : eval()'d code(26): P\Tests\Feature\ActivityLogManagementTest-&gt;__runTest(Object(Closure))
#116 C:\laragon\www\CarRentSystem\vendor\phpunit\phpunit\src\Framework\TestCase.php(1316): P\Tests\Feature\ActivityLogManagementTest-&gt;__pest_evaluable__Activity_Log_Management__→__Activity_Log_Listing__→_it_restricts_owner_access_to_activity_logs()
#117 C:\laragon\www\CarRentSystem\vendor\phpunit\phpunit\src\Framework\TestCase.php(516): PHPUnit\Framework\TestCase-&gt;runTest()
#118 C:\laragon\www\CarRentSystem\vendor\phpunit\phpunit\src\Framework\TestRunner\TestRunner.php(99): PHPUnit\Framework\TestCase-&gt;runBare()
#119 C:\laragon\www\CarRentSystem\vendor\phpunit\phpunit\src\Framework\TestCase.php(357): PHPUnit\Framework\TestRunner-&gt;run(Object(P\Tests\Feature\ActivityLogManagementTest))
#120 C:\laragon\www\CarRentSystem\vendor\phpunit\phpunit\src\Framework\TestSuite.php(374): PHPUnit\Framework\TestCase-&gt;run()
#121 C:\laragon\www\CarRentSystem\vendor\phpunit\phpunit\src\Framework\TestSuite.php(374): PHPUnit\Framework\TestSuite-&gt;run()
#122 C:\laragon\www\CarRentSystem\vendor\phpunit\phpunit\src\Framework\TestSuite.php(374): PHPUnit\Framework\TestSuite-&gt;run()
#123 C:\laragon\www\CarRentSystem\vendor\phpunit\phpunit\src\TextUI\TestRunner.php(64): PHPUnit\Framework\TestSuite-&gt;run()
#124 C:\laragon\www\CarRentSystem\vendor\phpunit\phpunit\src\TextUI\Application.php(229): PHPUnit\TextUI\TestRunner-&gt;run(Object(PHPUnit\TextUI\Configuration\Configuration), Object(PHPUnit\Runner\ResultCache\DefaultResultCache), Object(PHPUnit\Framework\TestSuite))
#125 C:\laragon\www\CarRentSystem\vendor\pestphp\pest\src\Kernel.php(103): PHPUnit\TextUI\Application-&gt;run(Array)
#126 C:\laragon\www\CarRentSystem\vendor\pestphp\pest\bin\pest(184): Pest\Kernel-&gt;handle(Array, Array)
#127 C:\laragon\www\CarRentSystem\vendor\pestphp\pest\bin\pest(192): {closure:C:\laragon\www\CarRentSystem\vendor\pestphp\pest\bin\pest:18}()
#128 C:\laragon\www\CarRentSystem\vendor\bin\pest(119): include('C:\\laragon\\www\\...')
#129 {main}

Next Illuminate\View\ViewException: SQLSTATE[HY000]: General error: 1 no such column: activity_log.name (Connection: sqlite, SQL: select "activity_log"."name", "" from "activity_log" order by "activity_log"."name" asc limit 50) (View: C:\laragon\www\CarRentSystem\vendor\filament\forms\resources\views\components\select.blade.php) (View: C:\laragon\www\CarRentSystem\vendor\filament\forms\resources\views\components\select.blade.php) (View: C:\laragon\www\CarRentSystem\vendor\filament\forms\resources\views\components\select.blade.php) in C:\laragon\www\CarRentSystem\vendor\laravel\framework\src\Illuminate\Database\Connection.php:824
Stack trace:
#0 C:\laragon\www\CarRentSystem\vendor\livewire\livewire\src\Mechanisms\ExtendBlade\ExtendedCompilerEngine.php(58): Illuminate\View\Engines\CompilerEngine-&gt;handleViewException(Object(Illuminate\View\ViewException), 8)
#1 C:\laragon\www\CarRentSystem\vendor\livewire\livewire\src\Mechanisms\ExtendBlade\ExtendedCompilerEngine.php(40): Livewire\Mechanisms\ExtendBlade\ExtendedCompilerEngine-&gt;handleViewException(Object(Illuminate\View\ViewException), 8)
#2 C:\laragon\www\CarRentSystem\vendor\laravel\framework\src\Illuminate\View\Engines\CompilerEngine.php(76): Livewire\Mechanisms\ExtendBlade\ExtendedCompilerEngine-&gt;evaluatePath('C:\\laragon\\www\\...', Array)
#3 C:\laragon\www\CarRentSystem\vendor\livewire\livewire\src\Mechanisms\ExtendBlade\ExtendedCompilerEngine.php(16): Illuminate\View\Engines\CompilerEngine-&gt;get('C:\\laragon\\www\\...', Array)
#4 C:\laragon\www\CarRentSystem\vendor\laravel\framework\src\Illuminate\View\View.php(208): Livewire\Mechanisms\ExtendBlade\ExtendedCompilerEngine-&gt;get('C:\\laragon\\www\\...', Array)
#5 C:\laragon\www\CarRentSystem\vendor\laravel\framework\src\Illuminate\View\View.php(191): Illuminate\View\View-&gt;getContents()
#6 C:\laragon\www\CarRentSystem\vendor\laravel\framework\src\Illuminate\View\View.php(160): Illuminate\View\View-&gt;renderContents()
#7 C:\laragon\www\CarRentSystem\vendor\laravel\framework\src\Illuminate\View\Concerns\ManagesComponents.php(103): Illuminate\View\View-&gt;render()
#8 C:\laragon\www\CarRentSystem\storage\framework\views\63d0da9e86cc349a52193e89442d61e4.php(727): Illuminate\View\Factory-&gt;renderComponent()
#9 C:\laragon\www\CarRentSystem\vendor\livewire\livewire\src\Mechanisms\ExtendBlade\ExtendedCompilerEngine.php(37): include('C:\\laragon\\www\\...')
#10 C:\laragon\www\CarRentSystem\vendor\livewire\livewire\src\Mechanisms\ExtendBlade\ExtendedCompilerEngine.php(38): App\Filament\Resources\ActivityLogResource\Pages\ListActivityLogs-&gt;{closure:Livewire\Mechanisms\ExtendBlade\ExtendedCompilerEngine::evaluatePath():35}()
#11 C:\laragon\www\CarRentSystem\vendor\laravel\framework\src\Illuminate\View\Engines\CompilerEngine.php(76): Livewire\Mechanisms\ExtendBlade\ExtendedCompilerEngine-&gt;evaluatePath('C:\\laragon\\www\\...', Array)
#12 C:\laragon\www\CarRentSystem\vendor\livewire\livewire\src\Mechanisms\ExtendBlade\ExtendedCompilerEngine.php(16): Illuminate\View\Engines\CompilerEngine-&gt;get('C:\\laragon\\www\\...', Array)
#13 C:\laragon\www\CarRentSystem\vendor\laravel\framework\src\Illuminate\View\View.php(208): Livewire\Mechanisms\ExtendBlade\ExtendedCompilerEngine-&gt;get('C:\\laragon\\www\\...', Array)
#14 C:\laragon\www\CarRentSystem\vendor\laravel\framework\src\Illuminate\View\View.php(191): Illuminate\View\View-&gt;getContents()
#15 C:\laragon\www\CarRentSystem\vendor\laravel\framework\src\Illuminate\View\View.php(160): Illuminate\View\View-&gt;renderContents()
#16 C:\laragon\www\CarRentSystem\vendor\filament\support\src\Components\ViewComponent.php(125): Illuminate\View\View-&gt;render()
#17 C:\laragon\www\CarRentSystem\vendor\filament\schemas\src\Components\Component.php(221): Filament\Support\Components\ViewComponent-&gt;toHtml()
#18 C:\laragon\www\CarRentSystem\vendor\filament\schemas\src\Schema.php(205): Filament\Schemas\Components\Component-&gt;toSchemaHtml(true)
#19 C:\laragon\www\CarRentSystem\vendor\filament\support\src\Components\ViewComponent.php(122): Filament\Schemas\Schema-&gt;toEmbeddedHtml()
#20 C:\laragon\www\CarRentSystem\vendor\laravel\framework\src\Illuminate\Support\helpers.php(130): Filament\Support\Components\ViewComponent-&gt;toHtml()
#21 C:\laragon\www\CarRentSystem\storage\framework\views\440b755faea75388110fdd3acae41dc5.php(11): e(Object(Filament\Schemas\Schema))
#22 C:\laragon\www\CarRentSystem\vendor\livewire\livewire\src\Mechanisms\ExtendBlade\ExtendedCompilerEngine.php(37): include('C:\\laragon\\www\\...')
#23 C:\laragon\www\CarRentSystem\vendor\livewire\livewire\src\Mechanisms\ExtendBlade\ExtendedCompilerEngine.php(38): App\Filament\Resources\ActivityLogResource\Pages\ListActivityLogs-&gt;{closure:Livewire\Mechanisms\ExtendBlade\ExtendedCompilerEngine::evaluatePath():35}()
#24 C:\laragon\www\CarRentSystem\vendor\laravel\framework\src\Illuminate\View\Engines\CompilerEngine.php(76): Livewire\Mechanisms\ExtendBlade\ExtendedCompilerEngine-&gt;evaluatePath('C:\\laragon\\www\\...', Array)
#25 C:\laragon\www\CarRentSystem\vendor\livewire\livewire\src\Mechanisms\ExtendBlade\ExtendedCompilerEngine.php(16): Illuminate\View\Engines\CompilerEngine-&gt;get('C:\\laragon\\www\\...', Array)
#26 C:\laragon\www\CarRentSystem\vendor\laravel\framework\src\Illuminate\View\View.php(208): Livewire\Mechanisms\ExtendBlade\ExtendedCompilerEngine-&gt;get('C:\\laragon\\www\\...', Array)
#27 C:\laragon\www\CarRentSystem\vendor\laravel\framework\src\Illuminate\View\View.php(191): Illuminate\View\View-&gt;getContents()
#28 C:\laragon\www\CarRentSystem\vendor\laravel\framework\src\Illuminate\View\View.php(160): Illuminate\View\View-&gt;renderContents()
#29 C:\laragon\www\CarRentSystem\vendor\livewire\livewire\src\Mechanisms\HandleComponents\HandleComponents.php(259): Illuminate\View\View-&gt;render(Object(Closure))
#30 C:\laragon\www\CarRentSystem\vendor\livewire\livewire\src\Mechanisms\HandleComponents\HandleComponents.php(303): Livewire\Mechanisms\HandleComponents\HandleComponents-&gt;{closure:Livewire\Mechanisms\HandleComponents\HandleComponents::render():251}()
#31 C:\laragon\www\CarRentSystem\vendor\livewire\livewire\src\Mechanisms\HandleComponents\HandleComponents.php(251): Livewire\Mechanisms\HandleComponents\HandleComponents-&gt;trackInRenderStack(Object(App\Filament\Resources\ActivityLogResource\Pages\ListActivityLogs), Object(Closure))
#32 C:\laragon\www\CarRentSystem\vendor\livewire\livewire\src\Mechanisms\HandleComponents\HandleComponents.php(54): Livewire\Mechanisms\HandleComponents\HandleComponents-&gt;render(Object(App\Filament\Resources\ActivityLogResource\Pages\ListActivityLogs), '&lt;div&gt;&lt;/div&gt;')
#33 C:\laragon\www\CarRentSystem\vendor\livewire\livewire\src\LivewireManager.php(73): Livewire\Mechanisms\HandleComponents\HandleComponents-&gt;mount('App\\Filament\\Re...', Array, NULL)
#34 C:\laragon\www\CarRentSystem\vendor\livewire\livewire\src\Features\SupportPageComponents\HandlesPageComponents.php(17): Livewire\LivewireManager-&gt;mount('App\\Filament\\Re...', Array)
#35 C:\laragon\www\CarRentSystem\vendor\livewire\livewire\src\Features\SupportPageComponents\SupportPageComponents.php(117): Livewire\Component-&gt;{closure:Livewire\Features\SupportPageComponents\HandlesPageComponents::__invoke():14}()
#36 C:\laragon\www\CarRentSystem\vendor\livewire\livewire\src\Features\SupportPageComponents\HandlesPageComponents.php(14): Livewire\Features\SupportPageComponents\SupportPageComponents::interceptTheRenderOfTheComponentAndRetreiveTheLayoutConfiguration(Object(Closure))
#37 C:\laragon\www\CarRentSystem\vendor\laravel\framework\src\Illuminate\Routing\ControllerDispatcher.php(46): Livewire\Component-&gt;__invoke()
#38 C:\laragon\www\CarRentSystem\vendor\laravel\framework\src\Illuminate\Routing\Route.php(265): Illuminate\Routing\ControllerDispatcher-&gt;dispatch(Object(Illuminate\Routing\Route), Object(App\Filament\Resources\ActivityLogResource\Pages\ListActivityLogs), '__invoke')
#39 C:\laragon\www\CarRentSystem\vendor\laravel\framework\src\Illuminate\Routing\Route.php(211): Illuminate\Routing\Route-&gt;runController()
#40 C:\laragon\www\CarRentSystem\vendor\laravel\framework\src\Illuminate\Routing\Router.php(822): Illuminate\Routing\Route-&gt;run()
#41 C:\laragon\www\CarRentSystem\vendor\laravel\framework\src\Illuminate\Pipeline\Pipeline.php(180): Illuminate\Routing\Router-&gt;{closure:Illuminate\Routing\Router::runRouteWithinStack():821}(Object(Illuminate\Http\Request))
#42 C:\laragon\www\CarRentSystem\vendor\filament\filament\src\Http\Middleware\DispatchServingFilamentEvent.php(15): Illuminate\Pipeline\Pipeline-&gt;{closure:Illuminate\Pipeline\Pipeline::prepareDestination():178}(Object(Illuminate\Http\Request))
#43 C:\laragon\www\CarRentSystem\vendor\laravel\framework\src\Illuminate\Pipeline\Pipeline.php(219): Filament\Http\Middleware\DispatchServingFilamentEvent-&gt;handle(Object(Illuminate\Http\Request), Object(Closure))
#44 C:\laragon\www\CarRentSystem\vendor\filament\filament\src\Http\Middleware\DisableBladeIconComponents.php(14): Illuminate\Pipeline\Pipeline-&gt;{closure:{closure:Illuminate\Pipeline\Pipeline::carry():194}:195}(Object(Illuminate\Http\Request))
#45 C:\laragon\www\CarRentSystem\vendor\laravel\framework\src\Illuminate\Pipeline\Pipeline.php(219): Filament\Http\Middleware\DisableBladeIconComponents-&gt;handle(Object(Illuminate\Http\Request), Object(Closure))
#46 C:\laragon\www\CarRentSystem\app\Http\Middleware\LocalizationMiddleware.php(41): Illuminate\Pipeline\Pipeline-&gt;{closure:{closure:Illuminate\Pipeline\Pipeline::carry():194}:195}(Object(Illuminate\Http\Request))
#47 C:\laragon\www\CarRentSystem\vendor\laravel\framework\src\Illuminate\Pipeline\Pipeline.php(219): App\Http\Middleware\LocalizationMiddleware-&gt;handle(Object(Illuminate\Http\Request), Object(Closure))
#48 C:\laragon\www\CarRentSystem\vendor\laravel\framework\src\Illuminate\Routing\Middleware\SubstituteBindings.php(50): Illuminate\Pipeline\Pipeline-&gt;{closure:{closure:Illuminate\Pipeline\Pipeline::carry():194}:195}(Object(Illuminate\Http\Request))
#49 C:\laragon\www\CarRentSystem\vendor\laravel\framework\src\Illuminate\Pipeline\Pipeline.php(219): Illuminate\Routing\Middleware\SubstituteBindings-&gt;handle(Object(Illuminate\Http\Request), Object(Closure))
#50 C:\laragon\www\CarRentSystem\vendor\laravel\framework\src\Illuminate\Auth\Middleware\Authenticate.php(63): Illuminate\Pipeline\Pipeline-&gt;{closure:{closure:Illuminate\Pipeline\Pipeline::carry():194}:195}(Object(Illuminate\Http\Request))
#51 C:\laragon\www\CarRentSystem\vendor\laravel\framework\src\Illuminate\Pipeline\Pipeline.php(219): Illuminate\Auth\Middleware\Authenticate-&gt;handle(Object(Illuminate\Http\Request), Object(Closure))
#52 C:\laragon\www\CarRentSystem\vendor\laravel\framework\src\Illuminate\View\Middleware\ShareErrorsFromSession.php(48): Illuminate\Pipeline\Pipeline-&gt;{closure:{closure:Illuminate\Pipeline\Pipeline::carry():194}:195}(Object(Illuminate\Http\Request))
#53 C:\laragon\www\CarRentSystem\vendor\laravel\framework\src\Illuminate\Pipeline\Pipeline.php(219): Illuminate\View\Middleware\ShareErrorsFromSession-&gt;handle(Object(Illuminate\Http\Request), Object(Closure))
#54 C:\laragon\www\CarRentSystem\vendor\laravel\framework\src\Illuminate\Session\Middleware\StartSession.php(120): Illuminate\Pipeline\Pipeline-&gt;{closure:{closure:Illuminate\Pipeline\Pipeline::carry():194}:195}(Object(Illuminate\Http\Request))
#55 C:\laragon\www\CarRentSystem\vendor\laravel\framework\src\Illuminate\Session\Middleware\StartSession.php(63): Illuminate\Session\Middleware\StartSession-&gt;handleStatefulRequest(Object(Illuminate\Http\Request), Object(Illuminate\Session\Store), Object(Closure))
#56 C:\laragon\www\CarRentSystem\vendor\laravel\framework\src\Illuminate\Pipeline\Pipeline.php(219): Illuminate\Session\Middleware\StartSession-&gt;handle(Object(Illuminate\Http\Request), Object(Closure))
#57 C:\laragon\www\CarRentSystem\vendor\laravel\framework\src\Illuminate\Cookie\Middleware\AddQueuedCookiesToResponse.php(36): Illuminate\Pipeline\Pipeline-&gt;{closure:{closure:Illuminate\Pipeline\Pipeline::carry():194}:195}(Object(Illuminate\Http\Request))
#58 C:\laragon\www\CarRentSystem\vendor\laravel\framework\src\Illuminate\Pipeline\Pipeline.php(219): Illuminate\Cookie\Middleware\AddQueuedCookiesToResponse-&gt;handle(Object(Illuminate\Http\Request), Object(Closure))
#59 C:\laragon\www\CarRentSystem\vendor\laravel\framework\src\Illuminate\Cookie\Middleware\EncryptCookies.php(74): Illuminate\Pipeline\Pipeline-&gt;{closure:{closure:Illuminate\Pipeline\Pipeline::carry():194}:195}(Object(Illuminate\Http\Request))
#60 C:\laragon\www\CarRentSystem\vendor\laravel\framework\src\Illuminate\Pipeline\Pipeline.php(219): Illuminate\Cookie\Middleware\EncryptCookies-&gt;handle(Object(Illuminate\Http\Request), Object(Closure))
#61 C:\laragon\www\CarRentSystem\vendor\filament\filament\src\Http\Middleware\SetUpPanel.php(19): Illuminate\Pipeline\Pipeline-&gt;{closure:{closure:Illuminate\Pipeline\Pipeline::carry():194}:195}(Object(Illuminate\Http\Request))
#62 C:\laragon\www\CarRentSystem\vendor\laravel\framework\src\Illuminate\Pipeline\Pipeline.php(219): Filament\Http\Middleware\SetUpPanel-&gt;handle(Object(Illuminate\Http\Request), Object(Closure), Object(Filament\Panel))
#63 C:\laragon\www\CarRentSystem\vendor\laravel\framework\src\Illuminate\Pipeline\Pipeline.php(137): Illuminate\Pipeline\Pipeline-&gt;{closure:{closure:Illuminate\Pipeline\Pipeline::carry():194}:195}(Object(Illuminate\Http\Request))
#64 C:\laragon\www\CarRentSystem\vendor\laravel\framework\src\Illuminate\Routing\Router.php(821): Illuminate\Pipeline\Pipeline-&gt;then(Object(Closure))
#65 C:\laragon\www\CarRentSystem\vendor\laravel\framework\src\Illuminate\Routing\Router.php(800): Illuminate\Routing\Router-&gt;runRouteWithinStack(Object(Illuminate\Routing\Route), Object(Illuminate\Http\Request))
#66 C:\laragon\www\CarRentSystem\vendor\laravel\framework\src\Illuminate\Routing\Router.php(764): Illuminate\Routing\Router-&gt;runRoute(Object(Illuminate\Http\Request), Object(Illuminate\Routing\Route))
#67 C:\laragon\www\CarRentSystem\vendor\laravel\framework\src\Illuminate\Routing\Router.php(753): Illuminate\Routing\Router-&gt;dispatchToRoute(Object(Illuminate\Http\Request))
#68 C:\laragon\www\CarRentSystem\vendor\laravel\framework\src\Illuminate\Foundation\Http\Kernel.php(200): Illuminate\Routing\Router-&gt;dispatch(Object(Illuminate\Http\Request))
#69 C:\laragon\www\CarRentSystem\vendor\laravel\framework\src\Illuminate\Pipeline\Pipeline.php(180): Illuminate\Foundation\Http\Kernel-&gt;{closure:Illuminate\Foundation\Http\Kernel::dispatchToRouter():197}(Object(Illuminate\Http\Request))
#70 C:\laragon\www\CarRentSystem\vendor\livewire\livewire\src\Features\SupportDisablingBackButtonCache\DisableBackButtonCacheMiddleware.php(19): Illuminate\Pipeline\Pipeline-&gt;{closure:Illuminate\Pipeline\Pipeline::prepareDestination():178}(Object(Illuminate\Http\Request))
#71 C:\laragon\www\CarRentSystem\vendor\laravel\framework\src\Illuminate\Pipeline\Pipeline.php(219): Livewire\Features\SupportDisablingBackButtonCache\DisableBackButtonCacheMiddleware-&gt;handle(Object(Illuminate\Http\Request), Object(Closure))
#72 C:\laragon\www\CarRentSystem\vendor\laravel\framework\src\Illuminate\Foundation\Http\Middleware\TransformsRequest.php(21): Illuminate\Pipeline\Pipeline-&gt;{closure:{closure:Illuminate\Pipeline\Pipeline::carry():194}:195}(Object(Illuminate\Http\Request))
#73 C:\laragon\www\CarRentSystem\vendor\laravel\framework\src\Illuminate\Foundation\Http\Middleware\ConvertEmptyStringsToNull.php(31): Illuminate\Foundation\Http\Middleware\TransformsRequest-&gt;handle(Object(Illuminate\Http\Request), Object(Closure))
#74 C:\laragon\www\CarRentSystem\vendor\laravel\framework\src\Illuminate\Pipeline\Pipeline.php(219): Illuminate\Foundation\Http\Middleware\ConvertEmptyStringsToNull-&gt;handle(Object(Illuminate\Http\Request), Object(Closure))
#75 C:\laragon\www\CarRentSystem\vendor\laravel\framework\src\Illuminate\Foundation\Http\Middleware\TransformsRequest.php(21): Illuminate\Pipeline\Pipeline-&gt;{closure:{closure:Illuminate\Pipeline\Pipeline::carry():194}:195}(Object(Illuminate\Http\Request))
#76 C:\laragon\www\CarRentSystem\vendor\laravel\framework\src\Illuminate\Foundation\Http\Middleware\TrimStrings.php(51): Illuminate\Foundation\Http\Middleware\TransformsRequest-&gt;handle(Object(Illuminate\Http\Request), Object(Closure))
#77 C:\laragon\www\CarRentSystem\vendor\laravel\framework\src\Illuminate\Pipeline\Pipeline.php(219): Illuminate\Foundation\Http\Middleware\TrimStrings-&gt;handle(Object(Illuminate\Http\Request), Object(Closure))
#78 C:\laragon\www\CarRentSystem\vendor\laravel\framework\src\Illuminate\Http\Middleware\ValidatePostSize.php(27): Illuminate\Pipeline\Pipeline-&gt;{closure:{closure:Illuminate\Pipeline\Pipeline::carry():194}:195}(Object(Illuminate\Http\Request))
#79 C:\laragon\www\CarRentSystem\vendor\laravel\framework\src\Illuminate\Pipeline\Pipeline.php(219): Illuminate\Http\Middleware\ValidatePostSize-&gt;handle(Object(Illuminate\Http\Request), Object(Closure))
#80 C:\laragon\www\CarRentSystem\vendor\laravel\framework\src\Illuminate\Foundation\Http\Middleware\PreventRequestsDuringMaintenance.php(109): Illuminate\Pipeline\Pipeline-&gt;{closure:{closure:Illuminate\Pipeline\Pipeline::carry():194}:195}(Object(Illuminate\Http\Request))
#81 C:\laragon\www\CarRentSystem\vendor\laravel\framework\src\Illuminate\Pipeline\Pipeline.php(219): Illuminate\Foundation\Http\Middleware\PreventRequestsDuringMaintenance-&gt;handle(Object(Illuminate\Http\Request), Object(Closure))
#82 C:\laragon\www\CarRentSystem\vendor\laravel\framework\src\Illuminate\Http\Middleware\HandleCors.php(61): Illuminate\Pipeline\Pipeline-&gt;{closure:{closure:Illuminate\Pipeline\Pipeline::carry():194}:195}(Object(Illuminate\Http\Request))
#83 C:\laragon\www\CarRentSystem\vendor\laravel\framework\src\Illuminate\Pipeline\Pipeline.php(219): Illuminate\Http\Middleware\HandleCors-&gt;handle(Object(Illuminate\Http\Request), Object(Closure))
#84 C:\laragon\www\CarRentSystem\vendor\laravel\framework\src\Illuminate\Http\Middleware\TrustProxies.php(58): Illuminate\Pipeline\Pipeline-&gt;{closure:{closure:Illuminate\Pipeline\Pipeline::carry():194}:195}(Object(Illuminate\Http\Request))
#85 C:\laragon\www\CarRentSystem\vendor\laravel\framework\src\Illuminate\Pipeline\Pipeline.php(219): Illuminate\Http\Middleware\TrustProxies-&gt;handle(Object(Illuminate\Http\Request), Object(Closure))
#86 C:\laragon\www\CarRentSystem\vendor\laravel\framework\src\Illuminate\Foundation\Http\Middleware\InvokeDeferredCallbacks.php(22): Illuminate\Pipeline\Pipeline-&gt;{closure:{closure:Illuminate\Pipeline\Pipeline::carry():194}:195}(Object(Illuminate\Http\Request))
#87 C:\laragon\www\CarRentSystem\vendor\laravel\framework\src\Illuminate\Pipeline\Pipeline.php(219): Illuminate\Foundation\Http\Middleware\InvokeDeferredCallbacks-&gt;handle(Object(Illuminate\Http\Request), Object(Closure))
#88 C:\laragon\www\CarRentSystem\vendor\laravel\framework\src\Illuminate\Http\Middleware\ValidatePathEncoding.php(26): Illuminate\Pipeline\Pipeline-&gt;{closure:{closure:Illuminate\Pipeline\Pipeline::carry():194}:195}(Object(Illuminate\Http\Request))
#89 C:\laragon\www\CarRentSystem\vendor\laravel\framework\src\Illuminate\Pipeline\Pipeline.php(219): Illuminate\Http\Middleware\ValidatePathEncoding-&gt;handle(Object(Illuminate\Http\Request), Object(Closure))
#90 C:\laragon\www\CarRentSystem\vendor\laravel\framework\src\Illuminate\Pipeline\Pipeline.php(137): Illuminate\Pipeline\Pipeline-&gt;{closure:{closure:Illuminate\Pipeline\Pipeline::carry():194}:195}(Object(Illuminate\Http\Request))
#91 C:\laragon\www\CarRentSystem\vendor\laravel\framework\src\Illuminate\Foundation\Http\Kernel.php(175): Illuminate\Pipeline\Pipeline-&gt;then(Object(Closure))
#92 C:\laragon\www\CarRentSystem\vendor\laravel\framework\src\Illuminate\Foundation\Http\Kernel.php(144): Illuminate\Foundation\Http\Kernel-&gt;sendRequestThroughRouter(Object(Illuminate\Http\Request))
#93 C:\laragon\www\CarRentSystem\vendor\laravel\framework\src\Illuminate\Foundation\Testing\Concerns\MakesHttpRequests.php(607): Illuminate\Foundation\Http\Kernel-&gt;handle(Object(Illuminate\Http\Request))
#94 C:\laragon\www\CarRentSystem\vendor\laravel\framework\src\Illuminate\Foundation\Testing\Concerns\MakesHttpRequests.php(368): Illuminate\Foundation\Testing\TestCase-&gt;call('GET', '/admin/activity...', Array, Array, Array, Array)
#95 C:\laragon\www\CarRentSystem\tests\Feature\ActivityLogManagementTest.php(32): Illuminate\Foundation\Testing\TestCase-&gt;get('/admin/activity...')
#96 C:\laragon\www\CarRentSystem\vendor\pestphp\pest\src\Factories\TestCaseMethodFactory.php(168): P\Tests\Feature\ActivityLogManagementTest-&gt;{closure:{closure:{closure:C:\laragon\www\CarRentSystem\tests\Feature\ActivityLogManagementTest.php:13}:20}:30}()
#97 [internal function]: P\Tests\Feature\ActivityLogManagementTest-&gt;{closure:Pest\Factories\TestCaseMethodFactory::getClosure():158}()
#98 C:\laragon\www\CarRentSystem\vendor\pestphp\pest\src\Concerns\Testable.php(429): call_user_func_array(Object(Closure), Array)
#99 C:\laragon\www\CarRentSystem\vendor\pestphp\pest\src\Support\ExceptionTrace.php(26): P\Tests\Feature\ActivityLogManagementTest-&gt;{closure:Pest\Concerns\Testable::__callClosure():429}()
#100 C:\laragon\www\CarRentSystem\vendor\pestphp\pest\src\Concerns\Testable.php(429): Pest\Support\ExceptionTrace::ensure(Object(Closure))
#101 C:\laragon\www\CarRentSystem\vendor\pestphp\pest\src\Concerns\Testable.php(331): P\Tests\Feature\ActivityLogManagementTest-&gt;__callClosure(Object(Closure), Array)
#102 C:\laragon\www\CarRentSystem\vendor\pestphp\pest\src\Factories\TestCaseFactory.php(169) : eval()'d code(26): P\Tests\Feature\ActivityLogManagementTest-&gt;__runTest(Object(Closure))
#103 C:\laragon\www\CarRentSystem\vendor\phpunit\phpunit\src\Framework\TestCase.php(1316): P\Tests\Feature\ActivityLogManagementTest-&gt;__pest_evaluable__Activity_Log_Management__→__Activity_Log_Listing__→_it_restricts_owner_access_to_activity_logs()
#104 C:\laragon\www\CarRentSystem\vendor\phpunit\phpunit\src\Framework\TestCase.php(516): PHPUnit\Framework\TestCase-&gt;runTest()
#105 C:\laragon\www\CarRentSystem\vendor\phpunit\phpunit\src\Framework\TestRunner\TestRunner.php(99): PHPUnit\Framework\TestCase-&gt;runBare()
#106 C:\laragon\www\CarRentSystem\vendor\phpunit\phpunit\src\Framework\TestCase.php(357): PHPUnit\Framework\TestRunner-&gt;run(Object(P\Tests\Feature\ActivityLogManagementTest))
#107 C:\laragon\www\CarRentSystem\vendor\phpunit\phpunit\src\Framework\TestSuite.php(374): PHPUnit\Framework\TestCase-&gt;run()
#108 C:\laragon\www\CarRentSystem\vendor\phpunit\phpunit\src\Framework\TestSuite.php(374): PHPUnit\Framework\TestSuite-&gt;run()
#109 C:\laragon\www\CarRentSystem\vendor\phpunit\phpunit\src\Framework\TestSuite.php(374): PHPUnit\Framework\TestSuite-&gt;run()
#110 C:\laragon\www\CarRentSystem\vendor\phpunit\phpunit\src\TextUI\TestRunner.php(64): PHPUnit\Framework\TestSuite-&gt;run()
#111 C:\laragon\www\CarRentSystem\vendor\phpunit\phpunit\src\TextUI\Application.php(229): PHPUnit\TextUI\TestRunner-&gt;run(Object(PHPUnit\TextUI\Configuration\Configuration), Object(PHPUnit\Runner\ResultCache\DefaultResultCache), Object(PHPUnit\Framework\TestSuite))
#112 C:\laragon\www\CarRentSystem\vendor\pestphp\pest\src\Kernel.php(103): PHPUnit\TextUI\Application-&gt;run(Array)
#113 C:\laragon\www\CarRentSystem\vendor\pestphp\pest\bin\pest(184): Pest\Kernel-&gt;handle(Array, Array)
#114 C:\laragon\www\CarRentSystem\vendor\pestphp\pest\bin\pest(192): {closure:C:\laragon\www\CarRentSystem\vendor\pestphp\pest\bin\pest:18}()
#115 C:\laragon\www\CarRentSystem\vendor\bin\pest(119): include('C:\\laragon\\www\\...')
#116 {main}

Next Illuminate\View\ViewException: SQLSTATE[HY000]: General error: 1 no such column: activity_log.name (Connection: sqlite, SQL: select "activity_log"."name", "" from "activity_log" order by "activity_log"."name" asc limit 50) (View: C:\laragon\www\CarRentSystem\vendor\filament\forms\resources\views\components\select.blade.php) (View: C:\laragon\www\CarRentSystem\vendor\filament\forms\resources\views\components\select.blade.php) (View: C:\laragon\www\CarRentSystem\vendor\filament\forms\resources\views\components\select.blade.php) (View: C:\laragon\www\CarRentSystem\vendor\filament\forms\resources\views\components\select.blade.php) in C:\laragon\www\CarRentSystem\vendor\laravel\framework\src\Illuminate\Database\Connection.php:824
Stack trace:
#0 C:\laragon\www\CarRentSystem\vendor\livewire\livewire\src\Mechanisms\ExtendBlade\ExtendedCompilerEngine.php(58): Illuminate\View\Engines\CompilerEngine-&gt;handleViewException(Object(Illuminate\View\ViewException), 6)
#1 C:\laragon\www\CarRentSystem\vendor\livewire\livewire\src\Mechanisms\ExtendBlade\ExtendedCompilerEngine.php(40): Livewire\Mechanisms\ExtendBlade\ExtendedCompilerEngine-&gt;handleViewException(Object(Illuminate\View\ViewException), 6)
#2 C:\laragon\www\CarRentSystem\vendor\laravel\framework\src\Illuminate\View\Engines\CompilerEngine.php(76): Livewire\Mechanisms\ExtendBlade\ExtendedCompilerEngine-&gt;evaluatePath('C:\\laragon\\www\\...', Array)
#3 C:\laragon\www\CarRentSystem\vendor\livewire\livewire\src\Mechanisms\ExtendBlade\ExtendedCompilerEngine.php(16): Illuminate\View\Engines\CompilerEngine-&gt;get('C:\\laragon\\www\\...', Array)
#4 C:\laragon\www\CarRentSystem\vendor\laravel\framework\src\Illuminate\View\View.php(208): Livewire\Mechanisms\ExtendBlade\ExtendedCompilerEngine-&gt;get('C:\\laragon\\www\\...', Array)
#5 C:\laragon\www\CarRentSystem\vendor\laravel\framework\src\Illuminate\View\View.php(191): Illuminate\View\View-&gt;getContents()
#6 C:\laragon\www\CarRentSystem\vendor\laravel\framework\src\Illuminate\View\View.php(160): Illuminate\View\View-&gt;renderContents()
#7 C:\laragon\www\CarRentSystem\vendor\filament\support\src\Components\ViewComponent.php(125): Illuminate\View\View-&gt;render()
#8 C:\laragon\www\CarRentSystem\vendor\filament\schemas\src\Components\Component.php(221): Filament\Support\Components\ViewComponent-&gt;toHtml()
#9 C:\laragon\www\CarRentSystem\vendor\filament\schemas\src\Schema.php(205): Filament\Schemas\Components\Component-&gt;toSchemaHtml(true)
#10 C:\laragon\www\CarRentSystem\vendor\filament\support\src\Components\ViewComponent.php(122): Filament\Schemas\Schema-&gt;toEmbeddedHtml()
#11 C:\laragon\www\CarRentSystem\vendor\laravel\framework\src\Illuminate\Support\helpers.php(130): Filament\Support\Components\ViewComponent-&gt;toHtml()
#12 C:\laragon\www\CarRentSystem\storage\framework\views\440b755faea75388110fdd3acae41dc5.php(11): e(Object(Filament\Schemas\Schema))
#13 C:\laragon\www\CarRentSystem\vendor\livewire\livewire\src\Mechanisms\ExtendBlade\ExtendedCompilerEngine.php(37): include('C:\\laragon\\www\\...')
#14 C:\laragon\www\CarRentSystem\vendor\livewire\livewire\src\Mechanisms\ExtendBlade\ExtendedCompilerEngine.php(38): App\Filament\Resources\ActivityLogResource\Pages\ListActivityLogs-&gt;{closure:Livewire\Mechanisms\ExtendBlade\ExtendedCompilerEngine::evaluatePath():35}()
#15 C:\laragon\www\CarRentSystem\vendor\laravel\framework\src\Illuminate\View\Engines\CompilerEngine.php(76): Livewire\Mechanisms\ExtendBlade\ExtendedCompilerEngine-&gt;evaluatePath('C:\\laragon\\www\\...', Array)
#16 C:\laragon\www\CarRentSystem\vendor\livewire\livewire\src\Mechanisms\ExtendBlade\ExtendedCompilerEngine.php(16): Illuminate\View\Engines\CompilerEngine-&gt;get('C:\\laragon\\www\\...', Array)
#17 C:\laragon\www\CarRentSystem\vendor\laravel\framework\src\Illuminate\View\View.php(208): Livewire\Mechanisms\ExtendBlade\ExtendedCompilerEngine-&gt;get('C:\\laragon\\www\\...', Array)
#18 C:\laragon\www\CarRentSystem\vendor\laravel\framework\src\Illuminate\View\View.php(191): Illuminate\View\View-&gt;getContents()
#19 C:\laragon\www\CarRentSystem\vendor\laravel\framework\src\Illuminate\View\View.php(160): Illuminate\View\View-&gt;renderContents()
#20 C:\laragon\www\CarRentSystem\vendor\livewire\livewire\src\Mechanisms\HandleComponents\HandleComponents.php(259): Illuminate\View\View-&gt;render(Object(Closure))
#21 C:\laragon\www\CarRentSystem\vendor\livewire\livewire\src\Mechanisms\HandleComponents\HandleComponents.php(303): Livewire\Mechanisms\HandleComponents\HandleComponents-&gt;{closure:Livewire\Mechanisms\HandleComponents\HandleComponents::render():251}()
#22 C:\laragon\www\CarRentSystem\vendor\livewire\livewire\src\Mechanisms\HandleComponents\HandleComponents.php(251): Livewire\Mechanisms\HandleComponents\HandleComponents-&gt;trackInRenderStack(Object(App\Filament\Resources\ActivityLogResource\Pages\ListActivityLogs), Object(Closure))
#23 C:\laragon\www\CarRentSystem\vendor\livewire\livewire\src\Mechanisms\HandleComponents\HandleComponents.php(54): Livewire\Mechanisms\HandleComponents\HandleComponents-&gt;render(Object(App\Filament\Resources\ActivityLogResource\Pages\ListActivityLogs), '&lt;div&gt;&lt;/div&gt;')
#24 C:\laragon\www\CarRentSystem\vendor\livewire\livewire\src\LivewireManager.php(73): Livewire\Mechanisms\HandleComponents\HandleComponents-&gt;mount('App\\Filament\\Re...', Array, NULL)
#25 C:\laragon\www\CarRentSystem\vendor\livewire\livewire\src\Features\SupportPageComponents\HandlesPageComponents.php(17): Livewire\LivewireManager-&gt;mount('App\\Filament\\Re...', Array)
#26 C:\laragon\www\CarRentSystem\vendor\livewire\livewire\src\Features\SupportPageComponents\SupportPageComponents.php(117): Livewire\Component-&gt;{closure:Livewire\Features\SupportPageComponents\HandlesPageComponents::__invoke():14}()
#27 C:\laragon\www\CarRentSystem\vendor\livewire\livewire\src\Features\SupportPageComponents\HandlesPageComponents.php(14): Livewire\Features\SupportPageComponents\SupportPageComponents::interceptTheRenderOfTheComponentAndRetreiveTheLayoutConfiguration(Object(Closure))
#28 C:\laragon\www\CarRentSystem\vendor\laravel\framework\src\Illuminate\Routing\ControllerDispatcher.php(46): Livewire\Component-&gt;__invoke()
#29 C:\laragon\www\CarRentSystem\vendor\laravel\framework\src\Illuminate\Routing\Route.php(265): Illuminate\Routing\ControllerDispatcher-&gt;dispatch(Object(Illuminate\Routing\Route), Object(App\Filament\Resources\ActivityLogResource\Pages\ListActivityLogs), '__invoke')
#30 C:\laragon\www\CarRentSystem\vendor\laravel\framework\src\Illuminate\Routing\Route.php(211): Illuminate\Routing\Route-&gt;runController()
#31 C:\laragon\www\CarRentSystem\vendor\laravel\framework\src\Illuminate\Routing\Router.php(822): Illuminate\Routing\Route-&gt;run()
#32 C:\laragon\www\CarRentSystem\vendor\laravel\framework\src\Illuminate\Pipeline\Pipeline.php(180): Illuminate\Routing\Router-&gt;{closure:Illuminate\Routing\Router::runRouteWithinStack():821}(Object(Illuminate\Http\Request))
#33 C:\laragon\www\CarRentSystem\vendor\filament\filament\src\Http\Middleware\DispatchServingFilamentEvent.php(15): Illuminate\Pipeline\Pipeline-&gt;{closure:Illuminate\Pipeline\Pipeline::prepareDestination():178}(Object(Illuminate\Http\Request))
#34 C:\laragon\www\CarRentSystem\vendor\laravel\framework\src\Illuminate\Pipeline\Pipeline.php(219): Filament\Http\Middleware\DispatchServingFilamentEvent-&gt;handle(Object(Illuminate\Http\Request), Object(Closure))
#35 C:\laragon\www\CarRentSystem\vendor\filament\filament\src\Http\Middleware\DisableBladeIconComponents.php(14): Illuminate\Pipeline\Pipeline-&gt;{closure:{closure:Illuminate\Pipeline\Pipeline::carry():194}:195}(Object(Illuminate\Http\Request))
#36 C:\laragon\www\CarRentSystem\vendor\laravel\framework\src\Illuminate\Pipeline\Pipeline.php(219): Filament\Http\Middleware\DisableBladeIconComponents-&gt;handle(Object(Illuminate\Http\Request), Object(Closure))
#37 C:\laragon\www\CarRentSystem\app\Http\Middleware\LocalizationMiddleware.php(41): Illuminate\Pipeline\Pipeline-&gt;{closure:{closure:Illuminate\Pipeline\Pipeline::carry():194}:195}(Object(Illuminate\Http\Request))
#38 C:\laragon\www\CarRentSystem\vendor\laravel\framework\src\Illuminate\Pipeline\Pipeline.php(219): App\Http\Middleware\LocalizationMiddleware-&gt;handle(Object(Illuminate\Http\Request), Object(Closure))
#39 C:\laragon\www\CarRentSystem\vendor\laravel\framework\src\Illuminate\Routing\Middleware\SubstituteBindings.php(50): Illuminate\Pipeline\Pipeline-&gt;{closure:{closure:Illuminate\Pipeline\Pipeline::carry():194}:195}(Object(Illuminate\Http\Request))
#40 C:\laragon\www\CarRentSystem\vendor\laravel\framework\src\Illuminate\Pipeline\Pipeline.php(219): Illuminate\Routing\Middleware\SubstituteBindings-&gt;handle(Object(Illuminate\Http\Request), Object(Closure))
#41 C:\laragon\www\CarRentSystem\vendor\laravel\framework\src\Illuminate\Auth\Middleware\Authenticate.php(63): Illuminate\Pipeline\Pipeline-&gt;{closure:{closure:Illuminate\Pipeline\Pipeline::carry():194}:195}(Object(Illuminate\Http\Request))
#42 C:\laragon\www\CarRentSystem\vendor\laravel\framework\src\Illuminate\Pipeline\Pipeline.php(219): Illuminate\Auth\Middleware\Authenticate-&gt;handle(Object(Illuminate\Http\Request), Object(Closure))
#43 C:\laragon\www\CarRentSystem\vendor\laravel\framework\src\Illuminate\View\Middleware\ShareErrorsFromSession.php(48): Illuminate\Pipeline\Pipeline-&gt;{closure:{closure:Illuminate\Pipeline\Pipeline::carry():194}:195}(Object(Illuminate\Http\Request))
#44 C:\laragon\www\CarRentSystem\vendor\laravel\framework\src\Illuminate\Pipeline\Pipeline.php(219): Illuminate\View\Middleware\ShareErrorsFromSession-&gt;handle(Object(Illuminate\Http\Request), Object(Closure))
#45 C:\laragon\www\CarRentSystem\vendor\laravel\framework\src\Illuminate\Session\Middleware\StartSession.php(120): Illuminate\Pipeline\Pipeline-&gt;{closure:{closure:Illuminate\Pipeline\Pipeline::carry():194}:195}(Object(Illuminate\Http\Request))
#46 C:\laragon\www\CarRentSystem\vendor\laravel\framework\src\Illuminate\Session\Middleware\StartSession.php(63): Illuminate\Session\Middleware\StartSession-&gt;handleStatefulRequest(Object(Illuminate\Http\Request), Object(Illuminate\Session\Store), Object(Closure))
#47 C:\laragon\www\CarRentSystem\vendor\laravel\framework\src\Illuminate\Pipeline\Pipeline.php(219): Illuminate\Session\Middleware\StartSession-&gt;handle(Object(Illuminate\Http\Request), Object(Closure))
#48 C:\laragon\www\CarRentSystem\vendor\laravel\framework\src\Illuminate\Cookie\Middleware\AddQueuedCookiesToResponse.php(36): Illuminate\Pipeline\Pipeline-&gt;{closure:{closure:Illuminate\Pipeline\Pipeline::carry():194}:195}(Object(Illuminate\Http\Request))
#49 C:\laragon\www\CarRentSystem\vendor\laravel\framework\src\Illuminate\Pipeline\Pipeline.php(219): Illuminate\Cookie\Middleware\AddQueuedCookiesToResponse-&gt;handle(Object(Illuminate\Http\Request), Object(Closure))
#50 C:\laragon\www\CarRentSystem\vendor\laravel\framework\src\Illuminate\Cookie\Middleware\EncryptCookies.php(74): Illuminate\Pipeline\Pipeline-&gt;{closure:{closure:Illuminate\Pipeline\Pipeline::carry():194}:195}(Object(Illuminate\Http\Request))
#51 C:\laragon\www\CarRentSystem\vendor\laravel\framework\src\Illuminate\Pipeline\Pipeline.php(219): Illuminate\Cookie\Middleware\EncryptCookies-&gt;handle(Object(Illuminate\Http\Request), Object(Closure))
#52 C:\laragon\www\CarRentSystem\vendor\filament\filament\src\Http\Middleware\SetUpPanel.php(19): Illuminate\Pipeline\Pipeline-&gt;{closure:{closure:Illuminate\Pipeline\Pipeline::carry():194}:195}(Object(Illuminate\Http\Request))
#53 C:\laragon\www\CarRentSystem\vendor\laravel\framework\src\Illuminate\Pipeline\Pipeline.php(219): Filament\Http\Middleware\SetUpPanel-&gt;handle(Object(Illuminate\Http\Request), Object(Closure), Object(Filament\Panel))
#54 C:\laragon\www\CarRentSystem\vendor\laravel\framework\src\Illuminate\Pipeline\Pipeline.php(137): Illuminate\Pipeline\Pipeline-&gt;{closure:{closure:Illuminate\Pipeline\Pipeline::carry():194}:195}(Object(Illuminate\Http\Request))
#55 C:\laragon\www\CarRentSystem\vendor\laravel\framework\src\Illuminate\Routing\Router.php(821): Illuminate\Pipeline\Pipeline-&gt;then(Object(Closure))
#56 C:\laragon\www\CarRentSystem\vendor\laravel\framework\src\Illuminate\Routing\Router.php(800): Illuminate\Routing\Router-&gt;runRouteWithinStack(Object(Illuminate\Routing\Route), Object(Illuminate\Http\Request))
#57 C:\laragon\www\CarRentSystem\vendor\laravel\framework\src\Illuminate\Routing\Router.php(764): Illuminate\Routing\Router-&gt;runRoute(Object(Illuminate\Http\Request), Object(Illuminate\Routing\Route))
#58 C:\laragon\www\CarRentSystem\vendor\laravel\framework\src\Illuminate\Routing\Router.php(753): Illuminate\Routing\Router-&gt;dispatchToRoute(Object(Illuminate\Http\Request))
#59 C:\laragon\www\CarRentSystem\vendor\laravel\framework\src\Illuminate\Foundation\Http\Kernel.php(200): Illuminate\Routing\Router-&gt;dispatch(Object(Illuminate\Http\Request))
#60 C:\laragon\www\CarRentSystem\vendor\laravel\framework\src\Illuminate\Pipeline\Pipeline.php(180): Illuminate\Foundation\Http\Kernel-&gt;{closure:Illuminate\Foundation\Http\Kernel::dispatchToRouter():197}(Object(Illuminate\Http\Request))
#61 C:\laragon\www\CarRentSystem\vendor\livewire\livewire\src\Features\SupportDisablingBackButtonCache\DisableBackButtonCacheMiddleware.php(19): Illuminate\Pipeline\Pipeline-&gt;{closure:Illuminate\Pipeline\Pipeline::prepareDestination():178}(Object(Illuminate\Http\Request))
#62 C:\laragon\www\CarRentSystem\vendor\laravel\framework\src\Illuminate\Pipeline\Pipeline.php(219): Livewire\Features\SupportDisablingBackButtonCache\DisableBackButtonCacheMiddleware-&gt;handle(Object(Illuminate\Http\Request), Object(Closure))
#63 C:\laragon\www\CarRentSystem\vendor\laravel\framework\src\Illuminate\Foundation\Http\Middleware\TransformsRequest.php(21): Illuminate\Pipeline\Pipeline-&gt;{closure:{closure:Illuminate\Pipeline\Pipeline::carry():194}:195}(Object(Illuminate\Http\Request))
#64 C:\laragon\www\CarRentSystem\vendor\laravel\framework\src\Illuminate\Foundation\Http\Middleware\ConvertEmptyStringsToNull.php(31): Illuminate\Foundation\Http\Middleware\TransformsRequest-&gt;handle(Object(Illuminate\Http\Request), Object(Closure))
#65 C:\laragon\www\CarRentSystem\vendor\laravel\framework\src\Illuminate\Pipeline\Pipeline.php(219): Illuminate\Foundation\Http\Middleware\ConvertEmptyStringsToNull-&gt;handle(Object(Illuminate\Http\Request), Object(Closure))
#66 C:\laragon\www\CarRentSystem\vendor\laravel\framework\src\Illuminate\Foundation\Http\Middleware\TransformsRequest.php(21): Illuminate\Pipeline\Pipeline-&gt;{closure:{closure:Illuminate\Pipeline\Pipeline::carry():194}:195}(Object(Illuminate\Http\Request))
#67 C:\laragon\www\CarRentSystem\vendor\laravel\framework\src\Illuminate\Foundation\Http\Middleware\TrimStrings.php(51): Illuminate\Foundation\Http\Middleware\TransformsRequest-&gt;handle(Object(Illuminate\Http\Request), Object(Closure))
#68 C:\laragon\www\CarRentSystem\vendor\laravel\framework\src\Illuminate\Pipeline\Pipeline.php(219): Illuminate\Foundation\Http\Middleware\TrimStrings-&gt;handle(Object(Illuminate\Http\Request), Object(Closure))
#69 C:\laragon\www\CarRentSystem\vendor\laravel\framework\src\Illuminate\Http\Middleware\ValidatePostSize.php(27): Illuminate\Pipeline\Pipeline-&gt;{closure:{closure:Illuminate\Pipeline\Pipeline::carry():194}:195}(Object(Illuminate\Http\Request))
#70 C:\laragon\www\CarRentSystem\vendor\laravel\framework\src\Illuminate\Pipeline\Pipeline.php(219): Illuminate\Http\Middleware\ValidatePostSize-&gt;handle(Object(Illuminate\Http\Request), Object(Closure))
#71 C:\laragon\www\CarRentSystem\vendor\laravel\framework\src\Illuminate\Foundation\Http\Middleware\PreventRequestsDuringMaintenance.php(109): Illuminate\Pipeline\Pipeline-&gt;{closure:{closure:Illuminate\Pipeline\Pipeline::carry():194}:195}(Object(Illuminate\Http\Request))
#72 C:\laragon\www\CarRentSystem\vendor\laravel\framework\src\Illuminate\Pipeline\Pipeline.php(219): Illuminate\Foundation\Http\Middleware\PreventRequestsDuringMaintenance-&gt;handle(Object(Illuminate\Http\Request), Object(Closure))
#73 C:\laragon\www\CarRentSystem\vendor\laravel\framework\src\Illuminate\Http\Middleware\HandleCors.php(61): Illuminate\Pipeline\Pipeline-&gt;{closure:{closure:Illuminate\Pipeline\Pipeline::carry():194}:195}(Object(Illuminate\Http\Request))
#74 C:\laragon\www\CarRentSystem\vendor\laravel\framework\src\Illuminate\Pipeline\Pipeline.php(219): Illuminate\Http\Middleware\HandleCors-&gt;handle(Object(Illuminate\Http\Request), Object(Closure))
#75 C:\laragon\www\CarRentSystem\vendor\laravel\framework\src\Illuminate\Http\Middleware\TrustProxies.php(58): Illuminate\Pipeline\Pipeline-&gt;{closure:{closure:Illuminate\Pipeline\Pipeline::carry():194}:195}(Object(Illuminate\Http\Request))
#76 C:\laragon\www\CarRentSystem\vendor\laravel\framework\src\Illuminate\Pipeline\Pipeline.php(219): Illuminate\Http\Middleware\TrustProxies-&gt;handle(Object(Illuminate\Http\Request), Object(Closure))
#77 C:\laragon\www\CarRentSystem\vendor\laravel\framework\src\Illuminate\Foundation\Http\Middleware\InvokeDeferredCallbacks.php(22): Illuminate\Pipeline\Pipeline-&gt;{closure:{closure:Illuminate\Pipeline\Pipeline::carry():194}:195}(Object(Illuminate\Http\Request))
#78 C:\laragon\www\CarRentSystem\vendor\laravel\framework\src\Illuminate\Pipeline\Pipeline.php(219): Illuminate\Foundation\Http\Middleware\InvokeDeferredCallbacks-&gt;handle(Object(Illuminate\Http\Request), Object(Closure))
#79 C:\laragon\www\CarRentSystem\vendor\laravel\framework\src\Illuminate\Http\Middleware\ValidatePathEncoding.php(26): Illuminate\Pipeline\Pipeline-&gt;{closure:{closure:Illuminate\Pipeline\Pipeline::carry():194}:195}(Object(Illuminate\Http\Request))
#80 C:\laragon\www\CarRentSystem\vendor\laravel\framework\src\Illuminate\Pipeline\Pipeline.php(219): Illuminate\Http\Middleware\ValidatePathEncoding-&gt;handle(Object(Illuminate\Http\Request), Object(Closure))
#81 C:\laragon\www\CarRentSystem\vendor\laravel\framework\src\Illuminate\Pipeline\Pipeline.php(137): Illuminate\Pipeline\Pipeline-&gt;{closure:{closure:Illuminate\Pipeline\Pipeline::carry():194}:195}(Object(Illuminate\Http\Request))
#82 C:\laragon\www\CarRentSystem\vendor\laravel\framework\src\Illuminate\Foundation\Http\Kernel.php(175): Illuminate\Pipeline\Pipeline-&gt;then(Object(Closure))
#83 C:\laragon\www\CarRentSystem\vendor\laravel\framework\src\Illuminate\Foundation\Http\Kernel.php(144): Illuminate\Foundation\Http\Kernel-&gt;sendRequestThroughRouter(Object(Illuminate\Http\Request))
#84 C:\laragon\www\CarRentSystem\vendor\laravel\framework\src\Illuminate\Foundation\Testing\Concerns\MakesHttpRequests.php(607): Illuminate\Foundation\Http\Kernel-&gt;handle(Object(Illuminate\Http\Request))
#85 C:\laragon\www\CarRentSystem\vendor\laravel\framework\src\Illuminate\Foundation\Testing\Concerns\MakesHttpRequests.php(368): Illuminate\Foundation\Testing\TestCase-&gt;call('GET', '/admin/activity...', Array, Array, Array, Array)
#86 C:\laragon\www\CarRentSystem\tests\Feature\ActivityLogManagementTest.php(32): Illuminate\Foundation\Testing\TestCase-&gt;get('/admin/activity...')
#87 C:\laragon\www\CarRentSystem\vendor\pestphp\pest\src\Factories\TestCaseMethodFactory.php(168): P\Tests\Feature\ActivityLogManagementTest-&gt;{closure:{closure:{closure:C:\laragon\www\CarRentSystem\tests\Feature\ActivityLogManagementTest.php:13}:20}:30}()
#88 [internal function]: P\Tests\Feature\ActivityLogManagementTest-&gt;{closure:Pest\Factories\TestCaseMethodFactory::getClosure():158}()
#89 C:\laragon\www\CarRentSystem\vendor\pestphp\pest\src\Concerns\Testable.php(429): call_user_func_array(Object(Closure), Array)
#90 C:\laragon\www\CarRentSystem\vendor\pestphp\pest\src\Support\ExceptionTrace.php(26): P\Tests\Feature\ActivityLogManagementTest-&gt;{closure:Pest\Concerns\Testable::__callClosure():429}()
#91 C:\laragon\www\CarRentSystem\vendor\pestphp\pest\src\Concerns\Testable.php(429): Pest\Support\ExceptionTrace::ensure(Object(Closure))
#92 C:\laragon\www\CarRentSystem\vendor\pestphp\pest\src\Concerns\Testable.php(331): P\Tests\Feature\ActivityLogManagementTest-&gt;__callClosure(Object(Closure), Array)
#93 C:\laragon\www\CarRentSystem\vendor\pestphp\pest\src\Factories\TestCaseFactory.php(169) : eval()'d code(26): P\Tests\Feature\ActivityLogManagementTest-&gt;__runTest(Object(Closure))
#94 C:\laragon\www\CarRentSystem\vendor\phpunit\phpunit\src\Framework\TestCase.php(1316): P\Tests\Feature\ActivityLogManagementTest-&gt;__pest_evaluable__Activity_Log_Management__→__Activity_Log_Listing__→_it_restricts_owner_access_to_activity_logs()
#95 C:\laragon\www\CarRentSystem\vendor\phpunit\phpunit\src\Framework\TestCase.php(516): PHPUnit\Framework\TestCase-&gt;runTest()
#96 C:\laragon\www\CarRentSystem\vendor\phpunit\phpunit\src\Framework\TestRunner\TestRunner.php(99): PHPUnit\Framework\TestCase-&gt;runBare()
#97 C:\laragon\www\CarRentSystem\vendor\phpunit\phpunit\src\Framework\TestCase.php(357): PHPUnit\Framework\TestRunner-&gt;run(Object(P\Tests\Feature\ActivityLogManagementTest))
#98 C:\laragon\www\CarRentSystem\vendor\phpunit\phpunit\src\Framework\TestSuite.php(374): PHPUnit\Framework\TestCase-&gt;run()
#99 C:\laragon\www\CarRentSystem\vendor\phpunit\phpunit\src\Framework\TestSuite.php(374): PHPUnit\Framework\TestSuite-&gt;run()
#100 C:\laragon\www\CarRentSystem\vendor\phpunit\phpunit\src\Framework\TestSuite.php(374): PHPUnit\Framework\TestSuite-&gt;run()
#101 C:\laragon\www\CarRentSystem\vendor\phpunit\phpunit\src\TextUI\TestRunner.php(64): PHPUnit\Framework\TestSuite-&gt;run()
#102 C:\laragon\www\CarRentSystem\vendor\phpunit\phpunit\src\TextUI\Application.php(229): PHPUnit\TextUI\TestRunner-&gt;run(Object(PHPUnit\TextUI\Configuration\Configuration), Object(PHPUnit\Runner\ResultCache\DefaultResultCache), Object(PHPUnit\Framework\TestSuite))
#103 C:\laragon\www\CarRentSystem\vendor\pestphp\pest\src\Kernel.php(103): PHPUnit\TextUI\Application-&gt;run(Array)
#104 C:\laragon\www\CarRentSystem\vendor\pestphp\pest\bin\pest(184): Pest\Kernel-&gt;handle(Array, Array)
#105 C:\laragon\www\CarRentSystem\vendor\pestphp\pest\bin\pest(192): {closure:C:\laragon\www\CarRentSystem\vendor\pestphp\pest\bin\pest:18}()
#106 C:\laragon\www\CarRentSystem\vendor\bin\pest(119): include('C:\\laragon\\www\\...')
#107 {main}

Next Illuminate\View\ViewException: SQLSTATE[HY000]: General error: 1 no such column: activity_log.name (Connection: sqlite, SQL: select "activity_log"."name", "" from "activity_log" order by "activity_log"."name" asc limit 50) (View: C:\laragon\www\CarRentSystem\vendor\filament\forms\resources\views\components\select.blade.php) (View: C:\laragon\www\CarRentSystem\vendor\filament\forms\resources\views\components\select.blade.php) (View: C:\laragon\www\CarRentSystem\vendor\filament\forms\resources\views\components\select.blade.php) (View: C:\laragon\www\CarRentSystem\vendor\filament\forms\resources\views\components\select.blade.php) (View: C:\laragon\www\CarRentSystem\vendor\filament\forms\resources\views\components\select.blade.php) in C:\laragon\www\CarRentSystem\vendor\laravel\framework\src\Illuminate\Database\Connection.php:824
Stack trace:
#0 C:\laragon\www\CarRentSystem\vendor\livewire\livewire\src\Mechanisms\ExtendBlade\ExtendedCompilerEngine.php(58): Illuminate\View\Engines\CompilerEngine-&gt;handleViewException(Object(Illuminate\View\ViewException), 2)
#1 C:\laragon\www\CarRentSystem\vendor\livewire\livewire\src\Mechanisms\ExtendBlade\ExtendedCompilerEngine.php(40): Livewire\Mechanisms\ExtendBlade\ExtendedCompilerEngine-&gt;handleViewException(Object(Illuminate\View\ViewException), 2)
#2 C:\laragon\www\CarRentSystem\vendor\laravel\framework\src\Illuminate\View\Engines\CompilerEngine.php(76): Livewire\Mechanisms\ExtendBlade\ExtendedCompilerEngine-&gt;evaluatePath('C:\\laragon\\www\\...', Array)
#3 C:\laragon\www\CarRentSystem\vendor\livewire\livewire\src\Mechanisms\ExtendBlade\ExtendedCompilerEngine.php(16): Illuminate\View\Engines\CompilerEngine-&gt;get('C:\\laragon\\www\\...', Array)
#4 C:\laragon\www\CarRentSystem\vendor\laravel\framework\src\Illuminate\View\View.php(208): Livewire\Mechanisms\ExtendBlade\ExtendedCompilerEngine-&gt;get('C:\\laragon\\www\\...', Array)
#5 C:\laragon\www\CarRentSystem\vendor\laravel\framework\src\Illuminate\View\View.php(191): Illuminate\View\View-&gt;getContents()
#6 C:\laragon\www\CarRentSystem\vendor\laravel\framework\src\Illuminate\View\View.php(160): Illuminate\View\View-&gt;renderContents()
#7 C:\laragon\www\CarRentSystem\vendor\livewire\livewire\src\Mechanisms\HandleComponents\HandleComponents.php(259): Illuminate\View\View-&gt;render(Object(Closure))
#8 C:\laragon\www\CarRentSystem\vendor\livewire\livewire\src\Mechanisms\HandleComponents\HandleComponents.php(303): Livewire\Mechanisms\HandleComponents\HandleComponents-&gt;{closure:Livewire\Mechanisms\HandleComponents\HandleComponents::render():251}()
#9 C:\laragon\www\CarRentSystem\vendor\livewire\livewire\src\Mechanisms\HandleComponents\HandleComponents.php(251): Livewire\Mechanisms\HandleComponents\HandleComponents-&gt;trackInRenderStack(Object(App\Filament\Resources\ActivityLogResource\Pages\ListActivityLogs), Object(Closure))
#10 C:\laragon\www\CarRentSystem\vendor\livewire\livewire\src\Mechanisms\HandleComponents\HandleComponents.php(54): Livewire\Mechanisms\HandleComponents\HandleComponents-&gt;render(Object(App\Filament\Resources\ActivityLogResource\Pages\ListActivityLogs), '&lt;div&gt;&lt;/div&gt;')
#11 C:\laragon\www\CarRentSystem\vendor\livewire\livewire\src\LivewireManager.php(73): Livewire\Mechanisms\HandleComponents\HandleComponents-&gt;mount('App\\Filament\\Re...', Array, NULL)
#12 C:\laragon\www\CarRentSystem\vendor\livewire\livewire\src\Features\SupportPageComponents\HandlesPageComponents.php(17): Livewire\LivewireManager-&gt;mount('App\\Filament\\Re...', Array)
#13 C:\laragon\www\CarRentSystem\vendor\livewire\livewire\src\Features\SupportPageComponents\SupportPageComponents.php(117): Livewire\Component-&gt;{closure:Livewire\Features\SupportPageComponents\HandlesPageComponents::__invoke():14}()
#14 C:\laragon\www\CarRentSystem\vendor\livewire\livewire\src\Features\SupportPageComponents\HandlesPageComponents.php(14): Livewire\Features\SupportPageComponents\SupportPageComponents::interceptTheRenderOfTheComponentAndRetreiveTheLayoutConfiguration(Object(Closure))
#15 C:\laragon\www\CarRentSystem\vendor\laravel\framework\src\Illuminate\Routing\ControllerDispatcher.php(46): Livewire\Component-&gt;__invoke()
#16 C:\laragon\www\CarRentSystem\vendor\laravel\framework\src\Illuminate\Routing\Route.php(265): Illuminate\Routing\ControllerDispatcher-&gt;dispatch(Object(Illuminate\Routing\Route), Object(App\Filament\Resources\ActivityLogResource\Pages\ListActivityLogs), '__invoke')
#17 C:\laragon\www\CarRentSystem\vendor\laravel\framework\src\Illuminate\Routing\Route.php(211): Illuminate\Routing\Route-&gt;runController()
#18 C:\laragon\www\CarRentSystem\vendor\laravel\framework\src\Illuminate\Routing\Router.php(822): Illuminate\Routing\Route-&gt;run()
#19 C:\laragon\www\CarRentSystem\vendor\laravel\framework\src\Illuminate\Pipeline\Pipeline.php(180): Illuminate\Routing\Router-&gt;{closure:Illuminate\Routing\Router::runRouteWithinStack():821}(Object(Illuminate\Http\Request))
#20 C:\laragon\www\CarRentSystem\vendor\filament\filament\src\Http\Middleware\DispatchServingFilamentEvent.php(15): Illuminate\Pipeline\Pipeline-&gt;{closure:Illuminate\Pipeline\Pipeline::prepareDestination():178}(Object(Illuminate\Http\Request))
#21 C:\laragon\www\CarRentSystem\vendor\laravel\framework\src\Illuminate\Pipeline\Pipeline.php(219): Filament\Http\Middleware\DispatchServingFilamentEvent-&gt;handle(Object(Illuminate\Http\Request), Object(Closure))
#22 C:\laragon\www\CarRentSystem\vendor\filament\filament\src\Http\Middleware\DisableBladeIconComponents.php(14): Illuminate\Pipeline\Pipeline-&gt;{closure:{closure:Illuminate\Pipeline\Pipeline::carry():194}:195}(Object(Illuminate\Http\Request))
#23 C:\laragon\www\CarRentSystem\vendor\laravel\framework\src\Illuminate\Pipeline\Pipeline.php(219): Filament\Http\Middleware\DisableBladeIconComponents-&gt;handle(Object(Illuminate\Http\Request), Object(Closure))
#24 C:\laragon\www\CarRentSystem\app\Http\Middleware\LocalizationMiddleware.php(41): Illuminate\Pipeline\Pipeline-&gt;{closure:{closure:Illuminate\Pipeline\Pipeline::carry():194}:195}(Object(Illuminate\Http\Request))
#25 C:\laragon\www\CarRentSystem\vendor\laravel\framework\src\Illuminate\Pipeline\Pipeline.php(219): App\Http\Middleware\LocalizationMiddleware-&gt;handle(Object(Illuminate\Http\Request), Object(Closure))
#26 C:\laragon\www\CarRentSystem\vendor\laravel\framework\src\Illuminate\Routing\Middleware\SubstituteBindings.php(50): Illuminate\Pipeline\Pipeline-&gt;{closure:{closure:Illuminate\Pipeline\Pipeline::carry():194}:195}(Object(Illuminate\Http\Request))
#27 C:\laragon\www\CarRentSystem\vendor\laravel\framework\src\Illuminate\Pipeline\Pipeline.php(219): Illuminate\Routing\Middleware\SubstituteBindings-&gt;handle(Object(Illuminate\Http\Request), Object(Closure))
#28 C:\laragon\www\CarRentSystem\vendor\laravel\framework\src\Illuminate\Auth\Middleware\Authenticate.php(63): Illuminate\Pipeline\Pipeline-&gt;{closure:{closure:Illuminate\Pipeline\Pipeline::carry():194}:195}(Object(Illuminate\Http\Request))
#29 C:\laragon\www\CarRentSystem\vendor\laravel\framework\src\Illuminate\Pipeline\Pipeline.php(219): Illuminate\Auth\Middleware\Authenticate-&gt;handle(Object(Illuminate\Http\Request), Object(Closure))
#30 C:\laragon\www\CarRentSystem\vendor\laravel\framework\src\Illuminate\View\Middleware\ShareErrorsFromSession.php(48): Illuminate\Pipeline\Pipeline-&gt;{closure:{closure:Illuminate\Pipeline\Pipeline::carry():194}:195}(Object(Illuminate\Http\Request))
#31 C:\laragon\www\CarRentSystem\vendor\laravel\framework\src\Illuminate\Pipeline\Pipeline.php(219): Illuminate\View\Middleware\ShareErrorsFromSession-&gt;handle(Object(Illuminate\Http\Request), Object(Closure))
#32 C:\laragon\www\CarRentSystem\vendor\laravel\framework\src\Illuminate\Session\Middleware\StartSession.php(120): Illuminate\Pipeline\Pipeline-&gt;{closure:{closure:Illuminate\Pipeline\Pipeline::carry():194}:195}(Object(Illuminate\Http\Request))
#33 C:\laragon\www\CarRentSystem\vendor\laravel\framework\src\Illuminate\Session\Middleware\StartSession.php(63): Illuminate\Session\Middleware\StartSession-&gt;handleStatefulRequest(Object(Illuminate\Http\Request), Object(Illuminate\Session\Store), Object(Closure))
#34 C:\laragon\www\CarRentSystem\vendor\laravel\framework\src\Illuminate\Pipeline\Pipeline.php(219): Illuminate\Session\Middleware\StartSession-&gt;handle(Object(Illuminate\Http\Request), Object(Closure))
#35 C:\laragon\www\CarRentSystem\vendor\laravel\framework\src\Illuminate\Cookie\Middleware\AddQueuedCookiesToResponse.php(36): Illuminate\Pipeline\Pipeline-&gt;{closure:{closure:Illuminate\Pipeline\Pipeline::carry():194}:195}(Object(Illuminate\Http\Request))
#36 C:\laragon\www\CarRentSystem\vendor\laravel\framework\src\Illuminate\Pipeline\Pipeline.php(219): Illuminate\Cookie\Middleware\AddQueuedCookiesToResponse-&gt;handle(Object(Illuminate\Http\Request), Object(Closure))
#37 C:\laragon\www\CarRentSystem\vendor\laravel\framework\src\Illuminate\Cookie\Middleware\EncryptCookies.php(74): Illuminate\Pipeline\Pipeline-&gt;{closure:{closure:Illuminate\Pipeline\Pipeline::carry():194}:195}(Object(Illuminate\Http\Request))
#38 C:\laragon\www\CarRentSystem\vendor\laravel\framework\src\Illuminate\Pipeline\Pipeline.php(219): Illuminate\Cookie\Middleware\EncryptCookies-&gt;handle(Object(Illuminate\Http\Request), Object(Closure))
#39 C:\laragon\www\CarRentSystem\vendor\filament\filament\src\Http\Middleware\SetUpPanel.php(19): Illuminate\Pipeline\Pipeline-&gt;{closure:{closure:Illuminate\Pipeline\Pipeline::carry():194}:195}(Object(Illuminate\Http\Request))
#40 C:\laragon\www\CarRentSystem\vendor\laravel\framework\src\Illuminate\Pipeline\Pipeline.php(219): Filament\Http\Middleware\SetUpPanel-&gt;handle(Object(Illuminate\Http\Request), Object(Closure), Object(Filament\Panel))
#41 C:\laragon\www\CarRentSystem\vendor\laravel\framework\src\Illuminate\Pipeline\Pipeline.php(137): Illuminate\Pipeline\Pipeline-&gt;{closure:{closure:Illuminate\Pipeline\Pipeline::carry():194}:195}(Object(Illuminate\Http\Request))
#42 C:\laragon\www\CarRentSystem\vendor\laravel\framework\src\Illuminate\Routing\Router.php(821): Illuminate\Pipeline\Pipeline-&gt;then(Object(Closure))
#43 C:\laragon\www\CarRentSystem\vendor\laravel\framework\src\Illuminate\Routing\Router.php(800): Illuminate\Routing\Router-&gt;runRouteWithinStack(Object(Illuminate\Routing\Route), Object(Illuminate\Http\Request))
#44 C:\laragon\www\CarRentSystem\vendor\laravel\framework\src\Illuminate\Routing\Router.php(764): Illuminate\Routing\Router-&gt;runRoute(Object(Illuminate\Http\Request), Object(Illuminate\Routing\Route))
#45 C:\laragon\www\CarRentSystem\vendor\laravel\framework\src\Illuminate\Routing\Router.php(753): Illuminate\Routing\Router-&gt;dispatchToRoute(Object(Illuminate\Http\Request))
#46 C:\laragon\www\CarRentSystem\vendor\laravel\framework\src\Illuminate\Foundation\Http\Kernel.php(200): Illuminate\Routing\Router-&gt;dispatch(Object(Illuminate\Http\Request))
#47 C:\laragon\www\CarRentSystem\vendor\laravel\framework\src\Illuminate\Pipeline\Pipeline.php(180): Illuminate\Foundation\Http\Kernel-&gt;{closure:Illuminate\Foundation\Http\Kernel::dispatchToRouter():197}(Object(Illuminate\Http\Request))
#48 C:\laragon\www\CarRentSystem\vendor\livewire\livewire\src\Features\SupportDisablingBackButtonCache\DisableBackButtonCacheMiddleware.php(19): Illuminate\Pipeline\Pipeline-&gt;{closure:Illuminate\Pipeline\Pipeline::prepareDestination():178}(Object(Illuminate\Http\Request))
#49 C:\laragon\www\CarRentSystem\vendor\laravel\framework\src\Illuminate\Pipeline\Pipeline.php(219): Livewire\Features\SupportDisablingBackButtonCache\DisableBackButtonCacheMiddleware-&gt;handle(Object(Illuminate\Http\Request), Object(Closure))
#50 C:\laragon\www\CarRentSystem\vendor\laravel\framework\src\Illuminate\Foundation\Http\Middleware\TransformsRequest.php(21): Illuminate\Pipeline\Pipeline-&gt;{closure:{closure:Illuminate\Pipeline\Pipeline::carry():194}:195}(Object(Illuminate\Http\Request))
#51 C:\laragon\www\CarRentSystem\vendor\laravel\framework\src\Illuminate\Foundation\Http\Middleware\ConvertEmptyStringsToNull.php(31): Illuminate\Foundation\Http\Middleware\TransformsRequest-&gt;handle(Object(Illuminate\Http\Request), Object(Closure))
#52 C:\laragon\www\CarRentSystem\vendor\laravel\framework\src\Illuminate\Pipeline\Pipeline.php(219): Illuminate\Foundation\Http\Middleware\ConvertEmptyStringsToNull-&gt;handle(Object(Illuminate\Http\Request), Object(Closure))
#53 C:\laragon\www\CarRentSystem\vendor\laravel\framework\src\Illuminate\Foundation\Http\Middleware\TransformsRequest.php(21): Illuminate\Pipeline\Pipeline-&gt;{closure:{closure:Illuminate\Pipeline\Pipeline::carry():194}:195}(Object(Illuminate\Http\Request))
#54 C:\laragon\www\CarRentSystem\vendor\laravel\framework\src\Illuminate\Foundation\Http\Middleware\TrimStrings.php(51): Illuminate\Foundation\Http\Middleware\TransformsRequest-&gt;handle(Object(Illuminate\Http\Request), Object(Closure))
#55 C:\laragon\www\CarRentSystem\vendor\laravel\framework\src\Illuminate\Pipeline\Pipeline.php(219): Illuminate\Foundation\Http\Middleware\TrimStrings-&gt;handle(Object(Illuminate\Http\Request), Object(Closure))
#56 C:\laragon\www\CarRentSystem\vendor\laravel\framework\src\Illuminate\Http\Middleware\ValidatePostSize.php(27): Illuminate\Pipeline\Pipeline-&gt;{closure:{closure:Illuminate\Pipeline\Pipeline::carry():194}:195}(Object(Illuminate\Http\Request))
#57 C:\laragon\www\CarRentSystem\vendor\laravel\framework\src\Illuminate\Pipeline\Pipeline.php(219): Illuminate\Http\Middleware\ValidatePostSize-&gt;handle(Object(Illuminate\Http\Request), Object(Closure))
#58 C:\laragon\www\CarRentSystem\vendor\laravel\framework\src\Illuminate\Foundation\Http\Middleware\PreventRequestsDuringMaintenance.php(109): Illuminate\Pipeline\Pipeline-&gt;{closure:{closure:Illuminate\Pipeline\Pipeline::carry():194}:195}(Object(Illuminate\Http\Request))
#59 C:\laragon\www\CarRentSystem\vendor\laravel\framework\src\Illuminate\Pipeline\Pipeline.php(219): Illuminate\Foundation\Http\Middleware\PreventRequestsDuringMaintenance-&gt;handle(Object(Illuminate\Http\Request), Object(Closure))
#60 C:\laragon\www\CarRentSystem\vendor\laravel\framework\src\Illuminate\Http\Middleware\HandleCors.php(61): Illuminate\Pipeline\Pipeline-&gt;{closure:{closure:Illuminate\Pipeline\Pipeline::carry():194}:195}(Object(Illuminate\Http\Request))
#61 C:\laragon\www\CarRentSystem\vendor\laravel\framework\src\Illuminate\Pipeline\Pipeline.php(219): Illuminate\Http\Middleware\HandleCors-&gt;handle(Object(Illuminate\Http\Request), Object(Closure))
#62 C:\laragon\www\CarRentSystem\vendor\laravel\framework\src\Illuminate\Http\Middleware\TrustProxies.php(58): Illuminate\Pipeline\Pipeline-&gt;{closure:{closure:Illuminate\Pipeline\Pipeline::carry():194}:195}(Object(Illuminate\Http\Request))
#63 C:\laragon\www\CarRentSystem\vendor\laravel\framework\src\Illuminate\Pipeline\Pipeline.php(219): Illuminate\Http\Middleware\TrustProxies-&gt;handle(Object(Illuminate\Http\Request), Object(Closure))
#64 C:\laragon\www\CarRentSystem\vendor\laravel\framework\src\Illuminate\Foundation\Http\Middleware\InvokeDeferredCallbacks.php(22): Illuminate\Pipeline\Pipeline-&gt;{closure:{closure:Illuminate\Pipeline\Pipeline::carry():194}:195}(Object(Illuminate\Http\Request))
#65 C:\laragon\www\CarRentSystem\vendor\laravel\framework\src\Illuminate\Pipeline\Pipeline.php(219): Illuminate\Foundation\Http\Middleware\InvokeDeferredCallbacks-&gt;handle(Object(Illuminate\Http\Request), Object(Closure))
#66 C:\laragon\www\CarRentSystem\vendor\laravel\framework\src\Illuminate\Http\Middleware\ValidatePathEncoding.php(26): Illuminate\Pipeline\Pipeline-&gt;{closure:{closure:Illuminate\Pipeline\Pipeline::carry():194}:195}(Object(Illuminate\Http\Request))
#67 C:\laragon\www\CarRentSystem\vendor\laravel\framework\src\Illuminate\Pipeline\Pipeline.php(219): Illuminate\Http\Middleware\ValidatePathEncoding-&gt;handle(Object(Illuminate\Http\Request), Object(Closure))
#68 C:\laragon\www\CarRentSystem\vendor\laravel\framework\src\Illuminate\Pipeline\Pipeline.php(137): Illuminate\Pipeline\Pipeline-&gt;{closure:{closure:Illuminate\Pipeline\Pipeline::carry():194}:195}(Object(Illuminate\Http\Request))
#69 C:\laragon\www\CarRentSystem\vendor\laravel\framework\src\Illuminate\Foundation\Http\Kernel.php(175): Illuminate\Pipeline\Pipeline-&gt;then(Object(Closure))
#70 C:\laragon\www\CarRentSystem\vendor\laravel\framework\src\Illuminate\Foundation\Http\Kernel.php(144): Illuminate\Foundation\Http\Kernel-&gt;sendRequestThroughRouter(Object(Illuminate\Http\Request))
#71 C:\laragon\www\CarRentSystem\vendor\laravel\framework\src\Illuminate\Foundation\Testing\Concerns\MakesHttpRequests.php(607): Illuminate\Foundation\Http\Kernel-&gt;handle(Object(Illuminate\Http\Request))
#72 C:\laragon\www\CarRentSystem\vendor\laravel\framework\src\Illuminate\Foundation\Testing\Concerns\MakesHttpRequests.php(368): Illuminate\Foundation\Testing\TestCase-&gt;call('GET', '/admin/activity...', Array, Array, Array, Array)
#73 C:\laragon\www\CarRentSystem\tests\Feature\ActivityLogManagementTest.php(32): Illuminate\Foundation\Testing\TestCase-&gt;get('/admin/activity...')
#74 C:\laragon\www\CarRentSystem\vendor\pestphp\pest\src\Factories\TestCaseMethodFactory.php(168): P\Tests\Feature\ActivityLogManagementTest-&gt;{closure:{closure:{closure:C:\laragon\www\CarRentSystem\tests\Feature\ActivityLogManagementTest.php:13}:20}:30}()
#75 [internal function]: P\Tests\Feature\ActivityLogManagementTest-&gt;{closure:Pest\Factories\TestCaseMethodFactory::getClosure():158}()
#76 C:\laragon\www\CarRentSystem\vendor\pestphp\pest\src\Concerns\Testable.php(429): call_user_func_array(Object(Closure), Array)
#77 C:\laragon\www\CarRentSystem\vendor\pestphp\pest\src\Support\ExceptionTrace.php(26): P\Tests\Feature\ActivityLogManagementTest-&gt;{closure:Pest\Concerns\Testable::__callClosure():429}()
#78 C:\laragon\www\CarRentSystem\vendor\pestphp\pest\src\Concerns\Testable.php(429): Pest\Support\ExceptionTrace::ensure(Object(Closure))
#79 C:\laragon\www\CarRentSystem\vendor\pestphp\pest\src\Concerns\Testable.php(331): P\Tests\Feature\ActivityLogManagementTest-&gt;__callClosure(Object(Closure), Array)
#80 C:\laragon\www\CarRentSystem\vendor\pestphp\pest\src\Factories\TestCaseFactory.php(169) : eval()'d code(26): P\Tests\Feature\ActivityLogManagementTest-&gt;__runTest(Object(Closure))
#81 C:\laragon\www\CarRentSystem\vendor\phpunit\phpunit\src\Framework\TestCase.php(1316): P\Tests\Feature\ActivityLogManagementTest-&gt;__pest_evaluable__Activity_Log_Management__→__Activity_Log_Listing__→_it_restricts_owner_access_to_activity_logs()
#82 C:\laragon\www\CarRentSystem\vendor\phpunit\phpunit\src\Framework\TestCase.php(516): PHPUnit\Framework\TestCase-&gt;runTest()
#83 C:\laragon\www\CarRentSystem\vendor\phpunit\phpunit\src\Framework\TestRunner\TestRunner.php(99): PHPUnit\Framework\TestCase-&gt;runBare()
#84 C:\laragon\www\CarRentSystem\vendor\phpunit\phpunit\src\Framework\TestCase.php(357): PHPUnit\Framework\TestRunner-&gt;run(Object(P\Tests\Feature\ActivityLogManagementTest))
#85 C:\laragon\www\CarRentSystem\vendor\phpunit\phpunit\src\Framework\TestSuite.php(374): PHPUnit\Framework\TestCase-&gt;run()
#86 C:\laragon\www\CarRentSystem\vendor\phpunit\phpunit\src\Framework\TestSuite.php(374): PHPUnit\Framework\TestSuite-&gt;run()
#87 C:\laragon\www\CarRentSystem\vendor\phpunit\phpunit\src\Framework\TestSuite.php(374): PHPUnit\Framework\TestSuite-&gt;run()
#88 C:\laragon\www\CarRentSystem\vendor\phpunit\phpunit\src\TextUI\TestRunner.php(64): PHPUnit\Framework\TestSuite-&gt;run()
#89 C:\laragon\www\CarRentSystem\vendor\phpunit\phpunit\src\TextUI\Application.php(229): PHPUnit\TextUI\TestRunner-&gt;run(Object(PHPUnit\TextUI\Configuration\Configuration), Object(PHPUnit\Runner\ResultCache\DefaultResultCache), Object(PHPUnit\Framework\TestSuite))
#90 C:\laragon\www\CarRentSystem\vendor\pestphp\pest\src\Kernel.php(103): PHPUnit\TextUI\Application-&gt;run(Array)
#91 C:\laragon\www\CarRentSystem\vendor\pestphp\pest\bin\pest(184): Pest\Kernel-&gt;handle(Array, Array)
#92 C:\laragon\www\CarRentSystem\vendor\pestphp\pest\bin\pest(192): {closure:C:\laragon\www\CarRentSystem\vendor\pestphp\pest\bin\pest:18}()
#93 C:\laragon\www\CarRentSystem\vendor\bin\pest(119): include('C:\\laragon\\www\\...')
#94 {main}

----------------------------------------------------------------------------------

SQLSTATE[HY000]: General error: 1 no such column: activity_log.name (Connection: sqlite, SQL: select "activity_log"."name", "" from "activity_log" order by "activity_log"."name" asc limit 50) (View: C:\laragon\www\CarRentSystem\vendor\filament\forms\resources\views\components\select.blade.php) (View: C:\laragon\www\CarRentSystem\vendor\filament\forms\resources\views\components\select.blade.php) (View: C:\laragon\www\CarRentSystem\vendor\filament\forms\resources\views\components\select.blade.php) (View: C:\laragon\www\CarRentSystem\vendor\filament\forms\resources\views\components\select.blade.php) (View: C:\laragon\www\CarRentSystem\vendor\filament\forms\resources\views\components\select.blade.php)&#13;
&#13;
at vendor\laravel\framework\src\Illuminate\Testing\TestResponseAssert.php:45
at vendor\laravel\framework\src\Illuminate\Testing\TestResponse.php:174
at vendor\laravel\framework\src\Illuminate\Testing\Concerns\AssertsStatusCodes.php:141
at tests\Feature\ActivityLogManagementTest.php:33</failure>
        </testcase>
        <testcase name="`Activity Log Management` → `Activity Log Creation` → it logs booking status changes" file="tests\Feature\ActivityLogManagementTest.php::`Activity Log Management` → `Activity Log Creation` → it logs booking status changes" class="Tests\Feature\ActivityLogManagementTest" classname="Tests.Feature.ActivityLogManagementTest" assertions="1" time="6.046435">
          <failure type="PHPUnit\Framework\ExpectationFailedException">`Activity Log Management` → `Activity Log Creation` → it logs booking status changesExpecting null not to be null .&#13;
at tests\Feature\ActivityLogManagementTest.php:120</failure>
        </testcase>
        <testcase name="`Activity Log Management` → `Real-time Activity Monitoring` → it filters live activity by action type" file="tests\Feature\ActivityLogManagementTest.php::`Activity Log Management` → `Real-time Activity Monitoring` → it filters live activity by action type" class="Tests\Feature\ActivityLogManagementTest" classname="Tests.Feature.ActivityLogManagementTest" assertions="1" time="0.129151">
          <failure type="PHPUnit\Framework\ExpectationFailedException">`Activity Log Management` → `Real-time Activity Monitoring` → it filters live activity by action typeExpected response status code [&gt;=200, &lt;300] but received 404.
Failed asserting that false is true.&#13;
at vendor\laravel\framework\src\Illuminate\Testing\TestResponseAssert.php:45
at vendor\laravel\framework\src\Illuminate\Testing\TestResponse.php:103
at tests\Feature\ActivityLogManagementTest.php:323</failure>
        </testcase>
        <testcase name="`Activity Log Management` → `Real-time Activity Monitoring` → it displays live activity feed" file="tests\Feature\ActivityLogManagementTest.php::`Activity Log Management` → `Real-time Activity Monitoring` → it displays live activity feed" class="Tests\Feature\ActivityLogManagementTest" classname="Tests.Feature.ActivityLogManagementTest" assertions="1" time="0.148387">
          <failure type="PHPUnit\Framework\ExpectationFailedException">`Activity Log Management` → `Real-time Activity Monitoring` → it displays live activity feedExpected response status code [&gt;=200, &lt;300] but received 404.
Failed asserting that false is true.&#13;
at vendor\laravel\framework\src\Illuminate\Testing\TestResponseAssert.php:45
at vendor\laravel\framework\src\Illuminate\Testing\TestResponse.php:103
at tests\Feature\ActivityLogManagementTest.php:312</failure>
        </testcase>
        <testcase name="`Activity Log Management` → `Security Monitoring` → it logs suspicious activity patterns" file="tests\Feature\ActivityLogManagementTest.php::`Activity Log Management` → `Security Monitoring` → it logs suspicious activity patterns" class="Tests\Feature\ActivityLogManagementTest" classname="Tests.Feature.ActivityLogManagementTest" assertions="0" time="0.079532">
          <error type="Illuminate\Database\QueryException">`Activity Log Management` → `Security Monitoring` → it logs suspicious activity patternsIlluminate\Database\QueryException: SQLSTATE[HY000]: General error: 1 table car_rental_logs has no column named ip_address (Connection: sqlite, SQL: insert into "car_rental_logs" ("vehicle_id", "user_id", "action", "description", "metadata", "ip_address", "created_at", "updated_at") values (1, 5, login_failed, Vehicle was approved by admin, {"ip_address":"151.152.59.176","user_agent":"Mozilla\/5.0 (iPhone; CPU iPhone OS 15_0 like Mac OS X) AppleWebKit\/605.1.15","browser":"Firefox","device_type":"tablet","location":"Kuhnbury","session_id":"4a1daffb-0529-3cde-99ae-3b5b555de56f","previous_value":"voluptatem","new_value":"quis"}, 192.168.1.100, 2025-09-24 11:59:41, 2025-09-24 11:59:41))&#13;
at vendor\laravel\framework\src\Illuminate\Database\Connection.php:564
at vendor\laravel\framework\src\Illuminate\Database\Connection.php:811
at vendor\laravel\framework\src\Illuminate\Database\Connection.php:778
at vendor\laravel\framework\src\Illuminate\Database\Connection.php:559
at vendor\laravel\framework\src\Illuminate\Database\Connection.php:523
at vendor\laravel\framework\src\Illuminate\Database\Query\Processors\Processor.php:32
at vendor\laravel\framework\src\Illuminate\Database\Query\Builder.php:3853
at vendor\laravel\framework\src\Illuminate\Database\Eloquent\Builder.php:2235
at vendor\laravel\framework\src\Illuminate\Database\Eloquent\Model.php:1436
at vendor\laravel\framework\src\Illuminate\Database\Eloquent\Model.php:1401
at vendor\laravel\framework\src\Illuminate\Database\Eloquent\Model.php:1240
at vendor\laravel\framework\src\Illuminate\Database\Eloquent\Factories\Factory.php:370
at vendor\laravel\framework\src\Illuminate\Collections\Traits\EnumeratesValues.php:271
at vendor\laravel\framework\src\Illuminate\Database\Eloquent\Factories\Factory.php:365
at vendor\laravel\framework\src\Illuminate\Database\Eloquent\Factories\Factory.php:321
at vendor\laravel\framework\src\Illuminate\Database\Eloquent\Factories\Factory.php:315
at tests\Feature\ActivityLogManagementTest.php:192
Caused by
PDOException: SQLSTATE[HY000]: General error: 1 table car_rental_logs has no column named ip_address

at vendor\laravel\framework\src\Illuminate\Database\Connection.php:564
at vendor\laravel\framework\src\Illuminate\Database\Connection.php:811
at vendor\laravel\framework\src\Illuminate\Database\Connection.php:778
at vendor\laravel\framework\src\Illuminate\Database\Connection.php:559
at vendor\laravel\framework\src\Illuminate\Database\Connection.php:523
at vendor\laravel\framework\src\Illuminate\Database\Query\Processors\Processor.php:32
at vendor\laravel\framework\src\Illuminate\Database\Query\Builder.php:3853
at vendor\laravel\framework\src\Illuminate\Database\Eloquent\Builder.php:2235
at vendor\laravel\framework\src\Illuminate\Database\Eloquent\Model.php:1436
at vendor\laravel\framework\src\Illuminate\Database\Eloquent\Model.php:1401
at vendor\laravel\framework\src\Illuminate\Database\Eloquent\Model.php:1240
at vendor\laravel\framework\src\Illuminate\Database\Eloquent\Factories\Factory.php:370
at vendor\laravel\framework\src\Illuminate\Collections\Traits\EnumeratesValues.php:271
at vendor\laravel\framework\src\Illuminate\Database\Eloquent\Factories\Factory.php:365
at vendor\laravel\framework\src\Illuminate\Database\Eloquent\Factories\Factory.php:321
at vendor\laravel\framework\src\Illuminate\Database\Eloquent\Factories\Factory.php:315
at tests\Feature\ActivityLogManagementTest.php:192</error>
        </testcase>
        <testcase name="`Activity Log Management` → `Security Monitoring` → it tracks admin actions" file="tests\Feature\ActivityLogManagementTest.php::`Activity Log Management` → `Security Monitoring` → it tracks admin actions" class="Tests\Feature\ActivityLogManagementTest" classname="Tests.Feature.ActivityLogManagementTest" assertions="0" time="0.096999">
          <error type="Illuminate\Database\QueryException">`Activity Log Management` → `Security Monitoring` → it tracks admin actionsIlluminate\Database\QueryException: SQLSTATE[HY000]: General error: 1 table car_rental_logs has no column named model_type (Connection: sqlite, SQL: insert into "car_rental_logs" ("vehicle_id", "user_id", "action", "description", "metadata", "model_type", "model_id", "changes", "updated_at", "created_at") values (1, 1, user_role_changed, Vehicle was deleted, ?, User, 3, {"role":["renter","owner"]}, 2025-09-24 11:59:41, 2025-09-24 11:59:41))&#13;
at vendor\laravel\framework\src\Illuminate\Database\Connection.php:564
at vendor\laravel\framework\src\Illuminate\Database\Connection.php:811
at vendor\laravel\framework\src\Illuminate\Database\Connection.php:778
at vendor\laravel\framework\src\Illuminate\Database\Connection.php:559
at vendor\laravel\framework\src\Illuminate\Database\Connection.php:523
at vendor\laravel\framework\src\Illuminate\Database\Query\Processors\Processor.php:32
at vendor\laravel\framework\src\Illuminate\Database\Query\Builder.php:3853
at vendor\laravel\framework\src\Illuminate\Database\Eloquent\Builder.php:2235
at vendor\laravel\framework\src\Illuminate\Database\Eloquent\Model.php:1436
at vendor\laravel\framework\src\Illuminate\Database\Eloquent\Model.php:1401
at vendor\laravel\framework\src\Illuminate\Database\Eloquent\Model.php:1240
at vendor\laravel\framework\src\Illuminate\Database\Eloquent\Factories\Factory.php:370
at vendor\laravel\framework\src\Illuminate\Collections\Traits\EnumeratesValues.php:271
at vendor\laravel\framework\src\Illuminate\Database\Eloquent\Factories\Factory.php:365
at vendor\laravel\framework\src\Illuminate\Database\Eloquent\Factories\Factory.php:321
at vendor\laravel\framework\src\Illuminate\Database\Eloquent\Factories\Factory.php:315
at tests\Feature\ActivityLogManagementTest.php:205
Caused by
PDOException: SQLSTATE[HY000]: General error: 1 table car_rental_logs has no column named model_type

at vendor\laravel\framework\src\Illuminate\Database\Connection.php:564
at vendor\laravel\framework\src\Illuminate\Database\Connection.php:811
at vendor\laravel\framework\src\Illuminate\Database\Connection.php:778
at vendor\laravel\framework\src\Illuminate\Database\Connection.php:559
at vendor\laravel\framework\src\Illuminate\Database\Connection.php:523
at vendor\laravel\framework\src\Illuminate\Database\Query\Processors\Processor.php:32
at vendor\laravel\framework\src\Illuminate\Database\Query\Builder.php:3853
at vendor\laravel\framework\src\Illuminate\Database\Eloquent\Builder.php:2235
at vendor\laravel\framework\src\Illuminate\Database\Eloquent\Model.php:1436
at vendor\laravel\framework\src\Illuminate\Database\Eloquent\Model.php:1401
at vendor\laravel\framework\src\Illuminate\Database\Eloquent\Model.php:1240
at vendor\laravel\framework\src\Illuminate\Database\Eloquent\Factories\Factory.php:370
at vendor\laravel\framework\src\Illuminate\Collections\Traits\EnumeratesValues.php:271
at vendor\laravel\framework\src\Illuminate\Database\Eloquent\Factories\Factory.php:365
at vendor\laravel\framework\src\Illuminate\Database\Eloquent\Factories\Factory.php:321
at vendor\laravel\framework\src\Illuminate\Database\Eloquent\Factories\Factory.php:315
at tests\Feature\ActivityLogManagementTest.php:205</error>
        </testcase>
        <testcase name="`Activity Log Management` → `Activity Log Creation` → it logs user login activities" file="tests\Feature\ActivityLogManagementTest.php::`Activity Log Management` → `Activity Log Creation` → it logs user login activities" class="Tests\Feature\ActivityLogManagementTest" classname="Tests.Feature.ActivityLogManagementTest" assertions="1" time="0.138216">
          <failure type="PHPUnit\Framework\ExpectationFailedException">`Activity Log Management` → `Activity Log Creation` → it logs user login activitiesExpecting null not to be null .&#13;
at tests\Feature\ActivityLogManagementTest.php:81</failure>
        </testcase>
        <testcase name="`Activity Log Management` → `Activity Log Analysis` → it displays activity summary by action type" file="tests\Feature\ActivityLogManagementTest.php::`Activity Log Management` → `Activity Log Analysis` → it displays activity summary by action type" class="Tests\Feature\ActivityLogManagementTest" classname="Tests.Feature.ActivityLogManagementTest" assertions="1" time="0.170144">
          <failure type="PHPUnit\Framework\ExpectationFailedException">`Activity Log Management` → `Activity Log Analysis` → it displays activity summary by action typeExpected response status code [&gt;=200, &lt;300] but received 404.
Failed asserting that false is true.&#13;
at vendor\laravel\framework\src\Illuminate\Testing\TestResponseAssert.php:45
at vendor\laravel\framework\src\Illuminate\Testing\TestResponse.php:103
at tests\Feature\ActivityLogManagementTest.php:148</failure>
        </testcase>
        <testcase name="`Activity Log Management` → `Activity Log Listing` → it filters logs by action type" file="tests\Feature\ActivityLogManagementTest.php::`Activity Log Management` → `Activity Log Listing` → it filters logs by action type" class="Tests\Feature\ActivityLogManagementTest" classname="Tests.Feature.ActivityLogManagementTest" assertions="1" time="20.649008">
          <failure type="PHPUnit\Framework\ExpectationFailedException">`Activity Log Management` → `Activity Log Listing` → it filters logs by action typeExpected response status code [&gt;=200, &lt;300] but received 500.
Failed asserting that false is true.&#13;
&#13;
The following exception occurred during the last request:

PDOException: SQLSTATE[HY000]: General error: 1 no such column: activity_log.name in C:\laragon\www\CarRentSystem\vendor\laravel\framework\src\Illuminate\Database\Connection.php:406
Stack trace:
#0 C:\laragon\www\CarRentSystem\vendor\laravel\framework\src\Illuminate\Database\Connection.php(406): PDO-&gt;prepare('select "activit...')
#1 C:\laragon\www\CarRentSystem\vendor\laravel\framework\src\Illuminate\Database\Connection.php(811): Illuminate\Database\Connection-&gt;{closure:Illuminate\Database\Connection::select():397}('select "activit...', Array)
#2 C:\laragon\www\CarRentSystem\vendor\laravel\framework\src\Illuminate\Database\Connection.php(778): Illuminate\Database\Connection-&gt;runQueryCallback('select "activit...', Array, Object(Closure))
#3 C:\laragon\www\CarRentSystem\vendor\laravel\framework\src\Illuminate\Database\Connection.php(397): Illuminate\Database\Connection-&gt;run('select "activit...', Array, Object(Closure))
#4 C:\laragon\www\CarRentSystem\vendor\laravel\framework\src\Illuminate\Database\Query\Builder.php(3188): Illuminate\Database\Connection-&gt;select('select "activit...', Array, true)
#5 C:\laragon\www\CarRentSystem\vendor\laravel\framework\src\Illuminate\Database\Query\Builder.php(3446): Illuminate\Database\Query\Builder-&gt;runSelect()
#6 C:\laragon\www\CarRentSystem\vendor\laravel\framework\src\Illuminate\Database\Query\Builder.php(3763): Illuminate\Database\Query\Builder-&gt;{closure:Illuminate\Database\Query\Builder::pluck():3444}()
#7 C:\laragon\www\CarRentSystem\vendor\laravel\framework\src\Illuminate\Database\Query\Builder.php(3442): Illuminate\Database\Query\Builder-&gt;onceWithColumns(Array, Object(Closure))
#8 C:\laragon\www\CarRentSystem\vendor\laravel\framework\src\Illuminate\Database\Eloquent\Builder.php(1082): Illuminate\Database\Query\Builder-&gt;pluck('activity_log.na...', '')
#9 C:\laragon\www\CarRentSystem\vendor\filament\tables\src\Filters\SelectFilter.php(454): Illuminate\Database\Eloquent\Builder-&gt;pluck('activity_log.na...', '')
#10 C:\laragon\www\CarRentSystem\vendor\filament\support\src\Concerns\EvaluatesClosures.php(36): Filament\Tables\Filters\SelectFilter-&gt;{closure:Filament\Tables\Filters\SelectFilter::getFormField():391}(Object(Filament\Forms\Components\Select))
#11 C:\laragon\www\CarRentSystem\vendor\filament\forms\src\Components\Concerns\HasOptions.php(36): Filament\Support\Components\Component-&gt;evaluate(Object(Closure))
#12 C:\laragon\www\CarRentSystem\vendor\filament\forms\src\Components\Select.php(708): Filament\Forms\Components\Select-&gt;getOptions()
#13 C:\laragon\www\CarRentSystem\storage\framework\views\785d21797565f791af709268f8dfbe8e.php(182): Filament\Forms\Components\Select-&gt;getOptionsForJs()
#14 C:\laragon\www\CarRentSystem\vendor\livewire\livewire\src\Mechanisms\ExtendBlade\ExtendedCompilerEngine.php(37): include('C:\\laragon\\www\\...')
#15 C:\laragon\www\CarRentSystem\vendor\livewire\livewire\src\Mechanisms\ExtendBlade\ExtendedCompilerEngine.php(38): App\Filament\Resources\ActivityLogResource\Pages\ListActivityLogs-&gt;{closure:Livewire\Mechanisms\ExtendBlade\ExtendedCompilerEngine::evaluatePath():35}()
#16 C:\laragon\www\CarRentSystem\vendor\laravel\framework\src\Illuminate\View\Engines\CompilerEngine.php(76): Livewire\Mechanisms\ExtendBlade\ExtendedCompilerEngine-&gt;evaluatePath('C:\\laragon\\www\\...', Array)
#17 C:\laragon\www\CarRentSystem\vendor\livewire\livewire\src\Mechanisms\ExtendBlade\ExtendedCompilerEngine.php(16): Illuminate\View\Engines\CompilerEngine-&gt;get('C:\\laragon\\www\\...', Array)
#18 C:\laragon\www\CarRentSystem\vendor\laravel\framework\src\Illuminate\View\View.php(208): Livewire\Mechanisms\ExtendBlade\ExtendedCompilerEngine-&gt;get('C:\\laragon\\www\\...', Array)
#19 C:\laragon\www\CarRentSystem\vendor\laravel\framework\src\Illuminate\View\View.php(191): Illuminate\View\View-&gt;getContents()
#20 C:\laragon\www\CarRentSystem\vendor\laravel\framework\src\Illuminate\View\View.php(160): Illuminate\View\View-&gt;renderContents()
#21 C:\laragon\www\CarRentSystem\vendor\filament\support\src\Components\ViewComponent.php(125): Illuminate\View\View-&gt;render()
#22 C:\laragon\www\CarRentSystem\vendor\filament\schemas\src\Components\Component.php(221): Filament\Support\Components\ViewComponent-&gt;toHtml()
#23 C:\laragon\www\CarRentSystem\vendor\filament\schemas\src\Schema.php(205): Filament\Schemas\Components\Component-&gt;toSchemaHtml(true)
#24 C:\laragon\www\CarRentSystem\vendor\filament\support\src\Components\ViewComponent.php(122): Filament\Schemas\Schema-&gt;toEmbeddedHtml()
#25 C:\laragon\www\CarRentSystem\vendor\laravel\framework\src\Illuminate\Support\helpers.php(130): Filament\Support\Components\ViewComponent-&gt;toHtml()
#26 C:\laragon\www\CarRentSystem\storage\framework\views\5110ca74321f0dcab372f3d94aa125c2.php(9): e(Object(Filament\Schemas\Schema))
#27 C:\laragon\www\CarRentSystem\vendor\livewire\livewire\src\Mechanisms\ExtendBlade\ExtendedCompilerEngine.php(37): include('C:\\laragon\\www\\...')
#28 C:\laragon\www\CarRentSystem\vendor\livewire\livewire\src\Mechanisms\ExtendBlade\ExtendedCompilerEngine.php(38): App\Filament\Resources\ActivityLogResource\Pages\ListActivityLogs-&gt;{closure:Livewire\Mechanisms\ExtendBlade\ExtendedCompilerEngine::evaluatePath():35}()
#29 C:\laragon\www\CarRentSystem\vendor\laravel\framework\src\Illuminate\View\Engines\CompilerEngine.php(76): Livewire\Mechanisms\ExtendBlade\ExtendedCompilerEngine-&gt;evaluatePath('C:\\laragon\\www\\...', Array)
#30 C:\laragon\www\CarRentSystem\vendor\livewire\livewire\src\Mechanisms\ExtendBlade\ExtendedCompilerEngine.php(16): Illuminate\View\Engines\CompilerEngine-&gt;get('C:\\laragon\\www\\...', Array)
#31 C:\laragon\www\CarRentSystem\vendor\laravel\framework\src\Illuminate\View\View.php(208): Livewire\Mechanisms\ExtendBlade\ExtendedCompilerEngine-&gt;get('C:\\laragon\\www\\...', Array)
#32 C:\laragon\www\CarRentSystem\vendor\laravel\framework\src\Illuminate\View\View.php(191): Illuminate\View\View-&gt;getContents()
#33 C:\laragon\www\CarRentSystem\vendor\laravel\framework\src\Illuminate\View\View.php(160): Illuminate\View\View-&gt;renderContents()
#34 C:\laragon\www\CarRentSystem\vendor\filament\support\src\Components\ViewComponent.php(125): Illuminate\View\View-&gt;render()
#35 C:\laragon\www\CarRentSystem\vendor\filament\schemas\src\Components\Component.php(221): Filament\Support\Components\ViewComponent-&gt;toHtml()
#36 C:\laragon\www\CarRentSystem\vendor\filament\schemas\src\Schema.php(205): Filament\Schemas\Components\Component-&gt;toSchemaHtml(true)
#37 C:\laragon\www\CarRentSystem\vendor\filament\support\src\Components\ViewComponent.php(122): Filament\Schemas\Schema-&gt;toEmbeddedHtml()
#38 C:\laragon\www\CarRentSystem\vendor\laravel\framework\src\Illuminate\Support\helpers.php(130): Filament\Support\Components\ViewComponent-&gt;toHtml()
#39 C:\laragon\www\CarRentSystem\storage\framework\views\1a3d3d822b7060b360e0a4f4cc781bd5.php(92): e(Object(Filament\Schemas\Schema))
#40 C:\laragon\www\CarRentSystem\vendor\livewire\livewire\src\Mechanisms\ExtendBlade\ExtendedCompilerEngine.php(37): include('C:\\laragon\\www\\...')
#41 C:\laragon\www\CarRentSystem\vendor\livewire\livewire\src\Mechanisms\ExtendBlade\ExtendedCompilerEngine.php(38): App\Filament\Resources\ActivityLogResource\Pages\ListActivityLogs-&gt;{closure:Livewire\Mechanisms\ExtendBlade\ExtendedCompilerEngine::evaluatePath():35}()
#42 C:\laragon\www\CarRentSystem\vendor\laravel\framework\src\Illuminate\View\Engines\CompilerEngine.php(76): Livewire\Mechanisms\ExtendBlade\ExtendedCompilerEngine-&gt;evaluatePath('C:\\laragon\\www\\...', Array)
#43 C:\laragon\www\CarRentSystem\vendor\livewire\livewire\src\Mechanisms\ExtendBlade\ExtendedCompilerEngine.php(16): Illuminate\View\Engines\CompilerEngine-&gt;get('C:\\laragon\\www\\...', Array)
#44 C:\laragon\www\CarRentSystem\vendor\laravel\framework\src\Illuminate\View\View.php(208): Livewire\Mechanisms\ExtendBlade\ExtendedCompilerEngine-&gt;get('C:\\laragon\\www\\...', Array)
#45 C:\laragon\www\CarRentSystem\vendor\laravel\framework\src\Illuminate\View\View.php(191): Illuminate\View\View-&gt;getContents()
#46 C:\laragon\www\CarRentSystem\vendor\laravel\framework\src\Illuminate\View\View.php(160): Illuminate\View\View-&gt;renderContents()
#47 C:\laragon\www\CarRentSystem\vendor\laravel\framework\src\Illuminate\View\Concerns\ManagesComponents.php(103): Illuminate\View\View-&gt;render()
#48 C:\laragon\www\CarRentSystem\storage\framework\views\63d0da9e86cc349a52193e89442d61e4.php(727): Illuminate\View\Factory-&gt;renderComponent()
#49 C:\laragon\www\CarRentSystem\vendor\livewire\livewire\src\Mechanisms\ExtendBlade\ExtendedCompilerEngine.php(37): include('C:\\laragon\\www\\...')
#50 C:\laragon\www\CarRentSystem\vendor\livewire\livewire\src\Mechanisms\ExtendBlade\ExtendedCompilerEngine.php(38): App\Filament\Resources\ActivityLogResource\Pages\ListActivityLogs-&gt;{closure:Livewire\Mechanisms\ExtendBlade\ExtendedCompilerEngine::evaluatePath():35}()
#51 C:\laragon\www\CarRentSystem\vendor\laravel\framework\src\Illuminate\View\Engines\CompilerEngine.php(76): Livewire\Mechanisms\ExtendBlade\ExtendedCompilerEngine-&gt;evaluatePath('C:\\laragon\\www\\...', Array)
#52 C:\laragon\www\CarRentSystem\vendor\livewire\livewire\src\Mechanisms\ExtendBlade\ExtendedCompilerEngine.php(16): Illuminate\View\Engines\CompilerEngine-&gt;get('C:\\laragon\\www\\...', Array)
#53 C:\laragon\www\CarRentSystem\vendor\laravel\framework\src\Illuminate\View\View.php(208): Livewire\Mechanisms\ExtendBlade\ExtendedCompilerEngine-&gt;get('C:\\laragon\\www\\...', Array)
#54 C:\laragon\www\CarRentSystem\vendor\laravel\framework\src\Illuminate\View\View.php(191): Illuminate\View\View-&gt;getContents()
#55 C:\laragon\www\CarRentSystem\vendor\laravel\framework\src\Illuminate\View\View.php(160): Illuminate\View\View-&gt;renderContents()
#56 C:\laragon\www\CarRentSystem\vendor\filament\support\src\Components\ViewComponent.php(125): Illuminate\View\View-&gt;render()
#57 C:\laragon\www\CarRentSystem\vendor\filament\schemas\src\Components\Component.php(221): Filament\Support\Components\ViewComponent-&gt;toHtml()
#58 C:\laragon\www\CarRentSystem\vendor\filament\schemas\src\Schema.php(205): Filament\Schemas\Components\Component-&gt;toSchemaHtml(true)
#59 C:\laragon\www\CarRentSystem\vendor\filament\support\src\Components\ViewComponent.php(122): Filament\Schemas\Schema-&gt;toEmbeddedHtml()
#60 C:\laragon\www\CarRentSystem\vendor\laravel\framework\src\Illuminate\Support\helpers.php(130): Filament\Support\Components\ViewComponent-&gt;toHtml()
#61 C:\laragon\www\CarRentSystem\storage\framework\views\440b755faea75388110fdd3acae41dc5.php(11): e(Object(Filament\Schemas\Schema))
#62 C:\laragon\www\CarRentSystem\vendor\livewire\livewire\src\Mechanisms\ExtendBlade\ExtendedCompilerEngine.php(37): include('C:\\laragon\\www\\...')
#63 C:\laragon\www\CarRentSystem\vendor\livewire\livewire\src\Mechanisms\ExtendBlade\ExtendedCompilerEngine.php(38): App\Filament\Resources\ActivityLogResource\Pages\ListActivityLogs-&gt;{closure:Livewire\Mechanisms\ExtendBlade\ExtendedCompilerEngine::evaluatePath():35}()
#64 C:\laragon\www\CarRentSystem\vendor\laravel\framework\src\Illuminate\View\Engines\CompilerEngine.php(76): Livewire\Mechanisms\ExtendBlade\ExtendedCompilerEngine-&gt;evaluatePath('C:\\laragon\\www\\...', Array)
#65 C:\laragon\www\CarRentSystem\vendor\livewire\livewire\src\Mechanisms\ExtendBlade\ExtendedCompilerEngine.php(16): Illuminate\View\Engines\CompilerEngine-&gt;get('C:\\laragon\\www\\...', Array)
#66 C:\laragon\www\CarRentSystem\vendor\laravel\framework\src\Illuminate\View\View.php(208): Livewire\Mechanisms\ExtendBlade\ExtendedCompilerEngine-&gt;get('C:\\laragon\\www\\...', Array)
#67 C:\laragon\www\CarRentSystem\vendor\laravel\framework\src\Illuminate\View\View.php(191): Illuminate\View\View-&gt;getContents()
#68 C:\laragon\www\CarRentSystem\vendor\laravel\framework\src\Illuminate\View\View.php(160): Illuminate\View\View-&gt;renderContents()
#69 C:\laragon\www\CarRentSystem\vendor\livewire\livewire\src\Mechanisms\HandleComponents\HandleComponents.php(259): Illuminate\View\View-&gt;render(Object(Closure))
#70 C:\laragon\www\CarRentSystem\vendor\livewire\livewire\src\Mechanisms\HandleComponents\HandleComponents.php(303): Livewire\Mechanisms\HandleComponents\HandleComponents-&gt;{closure:Livewire\Mechanisms\HandleComponents\HandleComponents::render():251}()
#71 C:\laragon\www\CarRentSystem\vendor\livewire\livewire\src\Mechanisms\HandleComponents\HandleComponents.php(251): Livewire\Mechanisms\HandleComponents\HandleComponents-&gt;trackInRenderStack(Object(App\Filament\Resources\ActivityLogResource\Pages\ListActivityLogs), Object(Closure))
#72 C:\laragon\www\CarRentSystem\vendor\livewire\livewire\src\Mechanisms\HandleComponents\HandleComponents.php(54): Livewire\Mechanisms\HandleComponents\HandleComponents-&gt;render(Object(App\Filament\Resources\ActivityLogResource\Pages\ListActivityLogs), '&lt;div&gt;&lt;/div&gt;')
#73 C:\laragon\www\CarRentSystem\vendor\livewire\livewire\src\LivewireManager.php(73): Livewire\Mechanisms\HandleComponents\HandleComponents-&gt;mount('App\\Filament\\Re...', Array, NULL)
#74 C:\laragon\www\CarRentSystem\vendor\livewire\livewire\src\Features\SupportPageComponents\HandlesPageComponents.php(17): Livewire\LivewireManager-&gt;mount('App\\Filament\\Re...', Array)
#75 C:\laragon\www\CarRentSystem\vendor\livewire\livewire\src\Features\SupportPageComponents\SupportPageComponents.php(117): Livewire\Component-&gt;{closure:Livewire\Features\SupportPageComponents\HandlesPageComponents::__invoke():14}()
#76 C:\laragon\www\CarRentSystem\vendor\livewire\livewire\src\Features\SupportPageComponents\HandlesPageComponents.php(14): Livewire\Features\SupportPageComponents\SupportPageComponents::interceptTheRenderOfTheComponentAndRetreiveTheLayoutConfiguration(Object(Closure))
#77 C:\laragon\www\CarRentSystem\vendor\laravel\framework\src\Illuminate\Routing\ControllerDispatcher.php(46): Livewire\Component-&gt;__invoke()
#78 C:\laragon\www\CarRentSystem\vendor\laravel\framework\src\Illuminate\Routing\Route.php(265): Illuminate\Routing\ControllerDispatcher-&gt;dispatch(Object(Illuminate\Routing\Route), Object(App\Filament\Resources\ActivityLogResource\Pages\ListActivityLogs), '__invoke')
#79 C:\laragon\www\CarRentSystem\vendor\laravel\framework\src\Illuminate\Routing\Route.php(211): Illuminate\Routing\Route-&gt;runController()
#80 C:\laragon\www\CarRentSystem\vendor\laravel\framework\src\Illuminate\Routing\Router.php(822): Illuminate\Routing\Route-&gt;run()
#81 C:\laragon\www\CarRentSystem\vendor\laravel\framework\src\Illuminate\Pipeline\Pipeline.php(180): Illuminate\Routing\Router-&gt;{closure:Illuminate\Routing\Router::runRouteWithinStack():821}(Object(Illuminate\Http\Request))
#82 C:\laragon\www\CarRentSystem\vendor\filament\filament\src\Http\Middleware\DispatchServingFilamentEvent.php(15): Illuminate\Pipeline\Pipeline-&gt;{closure:Illuminate\Pipeline\Pipeline::prepareDestination():178}(Object(Illuminate\Http\Request))
#83 C:\laragon\www\CarRentSystem\vendor\laravel\framework\src\Illuminate\Pipeline\Pipeline.php(219): Filament\Http\Middleware\DispatchServingFilamentEvent-&gt;handle(Object(Illuminate\Http\Request), Object(Closure))
#84 C:\laragon\www\CarRentSystem\vendor\filament\filament\src\Http\Middleware\DisableBladeIconComponents.php(14): Illuminate\Pipeline\Pipeline-&gt;{closure:{closure:Illuminate\Pipeline\Pipeline::carry():194}:195}(Object(Illuminate\Http\Request))
#85 C:\laragon\www\CarRentSystem\vendor\laravel\framework\src\Illuminate\Pipeline\Pipeline.php(219): Filament\Http\Middleware\DisableBladeIconComponents-&gt;handle(Object(Illuminate\Http\Request), Object(Closure))
#86 C:\laragon\www\CarRentSystem\app\Http\Middleware\LocalizationMiddleware.php(41): Illuminate\Pipeline\Pipeline-&gt;{closure:{closure:Illuminate\Pipeline\Pipeline::carry():194}:195}(Object(Illuminate\Http\Request))
#87 C:\laragon\www\CarRentSystem\vendor\laravel\framework\src\Illuminate\Pipeline\Pipeline.php(219): App\Http\Middleware\LocalizationMiddleware-&gt;handle(Object(Illuminate\Http\Request), Object(Closure))
#88 C:\laragon\www\CarRentSystem\vendor\laravel\framework\src\Illuminate\Routing\Middleware\SubstituteBindings.php(50): Illuminate\Pipeline\Pipeline-&gt;{closure:{closure:Illuminate\Pipeline\Pipeline::carry():194}:195}(Object(Illuminate\Http\Request))
#89 C:\laragon\www\CarRentSystem\vendor\laravel\framework\src\Illuminate\Pipeline\Pipeline.php(219): Illuminate\Routing\Middleware\SubstituteBindings-&gt;handle(Object(Illuminate\Http\Request), Object(Closure))
#90 C:\laragon\www\CarRentSystem\vendor\laravel\framework\src\Illuminate\Auth\Middleware\Authenticate.php(63): Illuminate\Pipeline\Pipeline-&gt;{closure:{closure:Illuminate\Pipeline\Pipeline::carry():194}:195}(Object(Illuminate\Http\Request))
#91 C:\laragon\www\CarRentSystem\vendor\laravel\framework\src\Illuminate\Pipeline\Pipeline.php(219): Illuminate\Auth\Middleware\Authenticate-&gt;handle(Object(Illuminate\Http\Request), Object(Closure))
#92 C:\laragon\www\CarRentSystem\vendor\laravel\framework\src\Illuminate\View\Middleware\ShareErrorsFromSession.php(48): Illuminate\Pipeline\Pipeline-&gt;{closure:{closure:Illuminate\Pipeline\Pipeline::carry():194}:195}(Object(Illuminate\Http\Request))
#93 C:\laragon\www\CarRentSystem\vendor\laravel\framework\src\Illuminate\Pipeline\Pipeline.php(219): Illuminate\View\Middleware\ShareErrorsFromSession-&gt;handle(Object(Illuminate\Http\Request), Object(Closure))
#94 C:\laragon\www\CarRentSystem\vendor\laravel\framework\src\Illuminate\Session\Middleware\StartSession.php(120): Illuminate\Pipeline\Pipeline-&gt;{closure:{closure:Illuminate\Pipeline\Pipeline::carry():194}:195}(Object(Illuminate\Http\Request))
#95 C:\laragon\www\CarRentSystem\vendor\laravel\framework\src\Illuminate\Session\Middleware\StartSession.php(63): Illuminate\Session\Middleware\StartSession-&gt;handleStatefulRequest(Object(Illuminate\Http\Request), Object(Illuminate\Session\Store), Object(Closure))
#96 C:\laragon\www\CarRentSystem\vendor\laravel\framework\src\Illuminate\Pipeline\Pipeline.php(219): Illuminate\Session\Middleware\StartSession-&gt;handle(Object(Illuminate\Http\Request), Object(Closure))
#97 C:\laragon\www\CarRentSystem\vendor\laravel\framework\src\Illuminate\Cookie\Middleware\AddQueuedCookiesToResponse.php(36): Illuminate\Pipeline\Pipeline-&gt;{closure:{closure:Illuminate\Pipeline\Pipeline::carry():194}:195}(Object(Illuminate\Http\Request))
#98 C:\laragon\www\CarRentSystem\vendor\laravel\framework\src\Illuminate\Pipeline\Pipeline.php(219): Illuminate\Cookie\Middleware\AddQueuedCookiesToResponse-&gt;handle(Object(Illuminate\Http\Request), Object(Closure))
#99 C:\laragon\www\CarRentSystem\vendor\laravel\framework\src\Illuminate\Cookie\Middleware\EncryptCookies.php(74): Illuminate\Pipeline\Pipeline-&gt;{closure:{closure:Illuminate\Pipeline\Pipeline::carry():194}:195}(Object(Illuminate\Http\Request))
#100 C:\laragon\www\CarRentSystem\vendor\laravel\framework\src\Illuminate\Pipeline\Pipeline.php(219): Illuminate\Cookie\Middleware\EncryptCookies-&gt;handle(Object(Illuminate\Http\Request), Object(Closure))
#101 C:\laragon\www\CarRentSystem\vendor\filament\filament\src\Http\Middleware\SetUpPanel.php(19): Illuminate\Pipeline\Pipeline-&gt;{closure:{closure:Illuminate\Pipeline\Pipeline::carry():194}:195}(Object(Illuminate\Http\Request))
#102 C:\laragon\www\CarRentSystem\vendor\laravel\framework\src\Illuminate\Pipeline\Pipeline.php(219): Filament\Http\Middleware\SetUpPanel-&gt;handle(Object(Illuminate\Http\Request), Object(Closure), Object(Filament\Panel))
#103 C:\laragon\www\CarRentSystem\vendor\laravel\framework\src\Illuminate\Pipeline\Pipeline.php(137): Illuminate\Pipeline\Pipeline-&gt;{closure:{closure:Illuminate\Pipeline\Pipeline::carry():194}:195}(Object(Illuminate\Http\Request))
#104 C:\laragon\www\CarRentSystem\vendor\laravel\framework\src\Illuminate\Routing\Router.php(821): Illuminate\Pipeline\Pipeline-&gt;then(Object(Closure))
#105 C:\laragon\www\CarRentSystem\vendor\laravel\framework\src\Illuminate\Routing\Router.php(800): Illuminate\Routing\Router-&gt;runRouteWithinStack(Object(Illuminate\Routing\Route), Object(Illuminate\Http\Request))
#106 C:\laragon\www\CarRentSystem\vendor\laravel\framework\src\Illuminate\Routing\Router.php(764): Illuminate\Routing\Router-&gt;runRoute(Object(Illuminate\Http\Request), Object(Illuminate\Routing\Route))
#107 C:\laragon\www\CarRentSystem\vendor\laravel\framework\src\Illuminate\Routing\Router.php(753): Illuminate\Routing\Router-&gt;dispatchToRoute(Object(Illuminate\Http\Request))
#108 C:\laragon\www\CarRentSystem\vendor\laravel\framework\src\Illuminate\Foundation\Http\Kernel.php(200): Illuminate\Routing\Router-&gt;dispatch(Object(Illuminate\Http\Request))
#109 C:\laragon\www\CarRentSystem\vendor\laravel\framework\src\Illuminate\Pipeline\Pipeline.php(180): Illuminate\Foundation\Http\Kernel-&gt;{closure:Illuminate\Foundation\Http\Kernel::dispatchToRouter():197}(Object(Illuminate\Http\Request))
#110 C:\laragon\www\CarRentSystem\vendor\livewire\livewire\src\Features\SupportDisablingBackButtonCache\DisableBackButtonCacheMiddleware.php(19): Illuminate\Pipeline\Pipeline-&gt;{closure:Illuminate\Pipeline\Pipeline::prepareDestination():178}(Object(Illuminate\Http\Request))
#111 C:\laragon\www\CarRentSystem\vendor\laravel\framework\src\Illuminate\Pipeline\Pipeline.php(219): Livewire\Features\SupportDisablingBackButtonCache\DisableBackButtonCacheMiddleware-&gt;handle(Object(Illuminate\Http\Request), Object(Closure))
#112 C:\laragon\www\CarRentSystem\vendor\laravel\framework\src\Illuminate\Foundation\Http\Middleware\TransformsRequest.php(21): Illuminate\Pipeline\Pipeline-&gt;{closure:{closure:Illuminate\Pipeline\Pipeline::carry():194}:195}(Object(Illuminate\Http\Request))
#113 C:\laragon\www\CarRentSystem\vendor\laravel\framework\src\Illuminate\Foundation\Http\Middleware\ConvertEmptyStringsToNull.php(31): Illuminate\Foundation\Http\Middleware\TransformsRequest-&gt;handle(Object(Illuminate\Http\Request), Object(Closure))
#114 C:\laragon\www\CarRentSystem\vendor\laravel\framework\src\Illuminate\Pipeline\Pipeline.php(219): Illuminate\Foundation\Http\Middleware\ConvertEmptyStringsToNull-&gt;handle(Object(Illuminate\Http\Request), Object(Closure))
#115 C:\laragon\www\CarRentSystem\vendor\laravel\framework\src\Illuminate\Foundation\Http\Middleware\TransformsRequest.php(21): Illuminate\Pipeline\Pipeline-&gt;{closure:{closure:Illuminate\Pipeline\Pipeline::carry():194}:195}(Object(Illuminate\Http\Request))
#116 C:\laragon\www\CarRentSystem\vendor\laravel\framework\src\Illuminate\Foundation\Http\Middleware\TrimStrings.php(51): Illuminate\Foundation\Http\Middleware\TransformsRequest-&gt;handle(Object(Illuminate\Http\Request), Object(Closure))
#117 C:\laragon\www\CarRentSystem\vendor\laravel\framework\src\Illuminate\Pipeline\Pipeline.php(219): Illuminate\Foundation\Http\Middleware\TrimStrings-&gt;handle(Object(Illuminate\Http\Request), Object(Closure))
#118 C:\laragon\www\CarRentSystem\vendor\laravel\framework\src\Illuminate\Http\Middleware\ValidatePostSize.php(27): Illuminate\Pipeline\Pipeline-&gt;{closure:{closure:Illuminate\Pipeline\Pipeline::carry():194}:195}(Object(Illuminate\Http\Request))
#119 C:\laragon\www\CarRentSystem\vendor\laravel\framework\src\Illuminate\Pipeline\Pipeline.php(219): Illuminate\Http\Middleware\ValidatePostSize-&gt;handle(Object(Illuminate\Http\Request), Object(Closure))
#120 C:\laragon\www\CarRentSystem\vendor\laravel\framework\src\Illuminate\Foundation\Http\Middleware\PreventRequestsDuringMaintenance.php(109): Illuminate\Pipeline\Pipeline-&gt;{closure:{closure:Illuminate\Pipeline\Pipeline::carry():194}:195}(Object(Illuminate\Http\Request))
#121 C:\laragon\www\CarRentSystem\vendor\laravel\framework\src\Illuminate\Pipeline\Pipeline.php(219): Illuminate\Foundation\Http\Middleware\PreventRequestsDuringMaintenance-&gt;handle(Object(Illuminate\Http\Request), Object(Closure))
#122 C:\laragon\www\CarRentSystem\vendor\laravel\framework\src\Illuminate\Http\Middleware\HandleCors.php(61): Illuminate\Pipeline\Pipeline-&gt;{closure:{closure:Illuminate\Pipeline\Pipeline::carry():194}:195}(Object(Illuminate\Http\Request))
#123 C:\laragon\www\CarRentSystem\vendor\laravel\framework\src\Illuminate\Pipeline\Pipeline.php(219): Illuminate\Http\Middleware\HandleCors-&gt;handle(Object(Illuminate\Http\Request), Object(Closure))
#124 C:\laragon\www\CarRentSystem\vendor\laravel\framework\src\Illuminate\Http\Middleware\TrustProxies.php(58): Illuminate\Pipeline\Pipeline-&gt;{closure:{closure:Illuminate\Pipeline\Pipeline::carry():194}:195}(Object(Illuminate\Http\Request))
#125 C:\laragon\www\CarRentSystem\vendor\laravel\framework\src\Illuminate\Pipeline\Pipeline.php(219): Illuminate\Http\Middleware\TrustProxies-&gt;handle(Object(Illuminate\Http\Request), Object(Closure))
#126 C:\laragon\www\CarRentSystem\vendor\laravel\framework\src\Illuminate\Foundation\Http\Middleware\InvokeDeferredCallbacks.php(22): Illuminate\Pipeline\Pipeline-&gt;{closure:{closure:Illuminate\Pipeline\Pipeline::carry():194}:195}(Object(Illuminate\Http\Request))
#127 C:\laragon\www\CarRentSystem\vendor\laravel\framework\src\Illuminate\Pipeline\Pipeline.php(219): Illuminate\Foundation\Http\Middleware\InvokeDeferredCallbacks-&gt;handle(Object(Illuminate\Http\Request), Object(Closure))
#128 C:\laragon\www\CarRentSystem\vendor\laravel\framework\src\Illuminate\Http\Middleware\ValidatePathEncoding.php(26): Illuminate\Pipeline\Pipeline-&gt;{closure:{closure:Illuminate\Pipeline\Pipeline::carry():194}:195}(Object(Illuminate\Http\Request))
#129 C:\laragon\www\CarRentSystem\vendor\laravel\framework\src\Illuminate\Pipeline\Pipeline.php(219): Illuminate\Http\Middleware\ValidatePathEncoding-&gt;handle(Object(Illuminate\Http\Request), Object(Closure))
#130 C:\laragon\www\CarRentSystem\vendor\laravel\framework\src\Illuminate\Pipeline\Pipeline.php(137): Illuminate\Pipeline\Pipeline-&gt;{closure:{closure:Illuminate\Pipeline\Pipeline::carry():194}:195}(Object(Illuminate\Http\Request))
#131 C:\laragon\www\CarRentSystem\vendor\laravel\framework\src\Illuminate\Foundation\Http\Kernel.php(175): Illuminate\Pipeline\Pipeline-&gt;then(Object(Closure))
#132 C:\laragon\www\CarRentSystem\vendor\laravel\framework\src\Illuminate\Foundation\Http\Kernel.php(144): Illuminate\Foundation\Http\Kernel-&gt;sendRequestThroughRouter(Object(Illuminate\Http\Request))
#133 C:\laragon\www\CarRentSystem\vendor\laravel\framework\src\Illuminate\Foundation\Testing\Concerns\MakesHttpRequests.php(607): Illuminate\Foundation\Http\Kernel-&gt;handle(Object(Illuminate\Http\Request))
#134 C:\laragon\www\CarRentSystem\vendor\laravel\framework\src\Illuminate\Foundation\Testing\Concerns\MakesHttpRequests.php(368): Illuminate\Foundation\Testing\TestCase-&gt;call('GET', '/admin/activity...', Array, Array, Array, Array)
#135 C:\laragon\www\CarRentSystem\tests\Feature\ActivityLogManagementTest.php(56): Illuminate\Foundation\Testing\TestCase-&gt;get('/admin/activity...')
#136 C:\laragon\www\CarRentSystem\vendor\pestphp\pest\src\Factories\TestCaseMethodFactory.php(168): P\Tests\Feature\ActivityLogManagementTest-&gt;{closure:{closure:{closure:C:\laragon\www\CarRentSystem\tests\Feature\ActivityLogManagementTest.php:13}:20}:51}()
#137 [internal function]: P\Tests\Feature\ActivityLogManagementTest-&gt;{closure:Pest\Factories\TestCaseMethodFactory::getClosure():158}()
#138 C:\laragon\www\CarRentSystem\vendor\pestphp\pest\src\Concerns\Testable.php(429): call_user_func_array(Object(Closure), Array)
#139 C:\laragon\www\CarRentSystem\vendor\pestphp\pest\src\Support\ExceptionTrace.php(26): P\Tests\Feature\ActivityLogManagementTest-&gt;{closure:Pest\Concerns\Testable::__callClosure():429}()
#140 C:\laragon\www\CarRentSystem\vendor\pestphp\pest\src\Concerns\Testable.php(429): Pest\Support\ExceptionTrace::ensure(Object(Closure))
#141 C:\laragon\www\CarRentSystem\vendor\pestphp\pest\src\Concerns\Testable.php(331): P\Tests\Feature\ActivityLogManagementTest-&gt;__callClosure(Object(Closure), Array)
#142 C:\laragon\www\CarRentSystem\vendor\pestphp\pest\src\Factories\TestCaseFactory.php(169) : eval()'d code(53): P\Tests\Feature\ActivityLogManagementTest-&gt;__runTest(Object(Closure))
#143 C:\laragon\www\CarRentSystem\vendor\phpunit\phpunit\src\Framework\TestCase.php(1316): P\Tests\Feature\ActivityLogManagementTest-&gt;__pest_evaluable__Activity_Log_Management__→__Activity_Log_Listing__→_it_filters_logs_by_action_type()
#144 C:\laragon\www\CarRentSystem\vendor\phpunit\phpunit\src\Framework\TestCase.php(516): PHPUnit\Framework\TestCase-&gt;runTest()
#145 C:\laragon\www\CarRentSystem\vendor\phpunit\phpunit\src\Framework\TestRunner\TestRunner.php(99): PHPUnit\Framework\TestCase-&gt;runBare()
#146 C:\laragon\www\CarRentSystem\vendor\phpunit\phpunit\src\Framework\TestCase.php(357): PHPUnit\Framework\TestRunner-&gt;run(Object(P\Tests\Feature\ActivityLogManagementTest))
#147 C:\laragon\www\CarRentSystem\vendor\phpunit\phpunit\src\Framework\TestSuite.php(374): PHPUnit\Framework\TestCase-&gt;run()
#148 C:\laragon\www\CarRentSystem\vendor\phpunit\phpunit\src\Framework\TestSuite.php(374): PHPUnit\Framework\TestSuite-&gt;run()
#149 C:\laragon\www\CarRentSystem\vendor\phpunit\phpunit\src\Framework\TestSuite.php(374): PHPUnit\Framework\TestSuite-&gt;run()
#150 C:\laragon\www\CarRentSystem\vendor\phpunit\phpunit\src\TextUI\TestRunner.php(64): PHPUnit\Framework\TestSuite-&gt;run()
#151 C:\laragon\www\CarRentSystem\vendor\phpunit\phpunit\src\TextUI\Application.php(229): PHPUnit\TextUI\TestRunner-&gt;run(Object(PHPUnit\TextUI\Configuration\Configuration), Object(PHPUnit\Runner\ResultCache\DefaultResultCache), Object(PHPUnit\Framework\TestSuite))
#152 C:\laragon\www\CarRentSystem\vendor\pestphp\pest\src\Kernel.php(103): PHPUnit\TextUI\Application-&gt;run(Array)
#153 C:\laragon\www\CarRentSystem\vendor\pestphp\pest\bin\pest(184): Pest\Kernel-&gt;handle(Array, Array)
#154 C:\laragon\www\CarRentSystem\vendor\pestphp\pest\bin\pest(192): {closure:C:\laragon\www\CarRentSystem\vendor\pestphp\pest\bin\pest:18}()
#155 C:\laragon\www\CarRentSystem\vendor\bin\pest(119): include('C:\\laragon\\www\\...')
#156 {main}

Next Illuminate\Database\QueryException: SQLSTATE[HY000]: General error: 1 no such column: activity_log.name (Connection: sqlite, SQL: select "activity_log"."name", "" from "activity_log" order by "activity_log"."name" asc limit 50) in C:\laragon\www\CarRentSystem\vendor\laravel\framework\src\Illuminate\Database\Connection.php:824
Stack trace:
#0 C:\laragon\www\CarRentSystem\vendor\laravel\framework\src\Illuminate\Database\Connection.php(778): Illuminate\Database\Connection-&gt;runQueryCallback('select "activit...', Array, Object(Closure))
#1 C:\laragon\www\CarRentSystem\vendor\laravel\framework\src\Illuminate\Database\Connection.php(397): Illuminate\Database\Connection-&gt;run('select "activit...', Array, Object(Closure))
#2 C:\laragon\www\CarRentSystem\vendor\laravel\framework\src\Illuminate\Database\Query\Builder.php(3188): Illuminate\Database\Connection-&gt;select('select "activit...', Array, true)
#3 C:\laragon\www\CarRentSystem\vendor\laravel\framework\src\Illuminate\Database\Query\Builder.php(3446): Illuminate\Database\Query\Builder-&gt;runSelect()
#4 C:\laragon\www\CarRentSystem\vendor\laravel\framework\src\Illuminate\Database\Query\Builder.php(3763): Illuminate\Database\Query\Builder-&gt;{closure:Illuminate\Database\Query\Builder::pluck():3444}()
#5 C:\laragon\www\CarRentSystem\vendor\laravel\framework\src\Illuminate\Database\Query\Builder.php(3442): Illuminate\Database\Query\Builder-&gt;onceWithColumns(Array, Object(Closure))
#6 C:\laragon\www\CarRentSystem\vendor\laravel\framework\src\Illuminate\Database\Eloquent\Builder.php(1082): Illuminate\Database\Query\Builder-&gt;pluck('activity_log.na...', '')
#7 C:\laragon\www\CarRentSystem\vendor\filament\tables\src\Filters\SelectFilter.php(454): Illuminate\Database\Eloquent\Builder-&gt;pluck('activity_log.na...', '')
#8 C:\laragon\www\CarRentSystem\vendor\filament\support\src\Concerns\EvaluatesClosures.php(36): Filament\Tables\Filters\SelectFilter-&gt;{closure:Filament\Tables\Filters\SelectFilter::getFormField():391}(Object(Filament\Forms\Components\Select))
#9 C:\laragon\www\CarRentSystem\vendor\filament\forms\src\Components\Concerns\HasOptions.php(36): Filament\Support\Components\Component-&gt;evaluate(Object(Closure))
#10 C:\laragon\www\CarRentSystem\vendor\filament\forms\src\Components\Select.php(708): Filament\Forms\Components\Select-&gt;getOptions()
#11 C:\laragon\www\CarRentSystem\storage\framework\views\785d21797565f791af709268f8dfbe8e.php(182): Filament\Forms\Components\Select-&gt;getOptionsForJs()
#12 C:\laragon\www\CarRentSystem\vendor\livewire\livewire\src\Mechanisms\ExtendBlade\ExtendedCompilerEngine.php(37): include('C:\\laragon\\www\\...')
#13 C:\laragon\www\CarRentSystem\vendor\livewire\livewire\src\Mechanisms\ExtendBlade\ExtendedCompilerEngine.php(38): App\Filament\Resources\ActivityLogResource\Pages\ListActivityLogs-&gt;{closure:Livewire\Mechanisms\ExtendBlade\ExtendedCompilerEngine::evaluatePath():35}()
#14 C:\laragon\www\CarRentSystem\vendor\laravel\framework\src\Illuminate\View\Engines\CompilerEngine.php(76): Livewire\Mechanisms\ExtendBlade\ExtendedCompilerEngine-&gt;evaluatePath('C:\\laragon\\www\\...', Array)
#15 C:\laragon\www\CarRentSystem\vendor\livewire\livewire\src\Mechanisms\ExtendBlade\ExtendedCompilerEngine.php(16): Illuminate\View\Engines\CompilerEngine-&gt;get('C:\\laragon\\www\\...', Array)
#16 C:\laragon\www\CarRentSystem\vendor\laravel\framework\src\Illuminate\View\View.php(208): Livewire\Mechanisms\ExtendBlade\ExtendedCompilerEngine-&gt;get('C:\\laragon\\www\\...', Array)
#17 C:\laragon\www\CarRentSystem\vendor\laravel\framework\src\Illuminate\View\View.php(191): Illuminate\View\View-&gt;getContents()
#18 C:\laragon\www\CarRentSystem\vendor\laravel\framework\src\Illuminate\View\View.php(160): Illuminate\View\View-&gt;renderContents()
#19 C:\laragon\www\CarRentSystem\vendor\filament\support\src\Components\ViewComponent.php(125): Illuminate\View\View-&gt;render()
#20 C:\laragon\www\CarRentSystem\vendor\filament\schemas\src\Components\Component.php(221): Filament\Support\Components\ViewComponent-&gt;toHtml()
#21 C:\laragon\www\CarRentSystem\vendor\filament\schemas\src\Schema.php(205): Filament\Schemas\Components\Component-&gt;toSchemaHtml(true)
#22 C:\laragon\www\CarRentSystem\vendor\filament\support\src\Components\ViewComponent.php(122): Filament\Schemas\Schema-&gt;toEmbeddedHtml()
#23 C:\laragon\www\CarRentSystem\vendor\laravel\framework\src\Illuminate\Support\helpers.php(130): Filament\Support\Components\ViewComponent-&gt;toHtml()
#24 C:\laragon\www\CarRentSystem\storage\framework\views\5110ca74321f0dcab372f3d94aa125c2.php(9): e(Object(Filament\Schemas\Schema))
#25 C:\laragon\www\CarRentSystem\vendor\livewire\livewire\src\Mechanisms\ExtendBlade\ExtendedCompilerEngine.php(37): include('C:\\laragon\\www\\...')
#26 C:\laragon\www\CarRentSystem\vendor\livewire\livewire\src\Mechanisms\ExtendBlade\ExtendedCompilerEngine.php(38): App\Filament\Resources\ActivityLogResource\Pages\ListActivityLogs-&gt;{closure:Livewire\Mechanisms\ExtendBlade\ExtendedCompilerEngine::evaluatePath():35}()
#27 C:\laragon\www\CarRentSystem\vendor\laravel\framework\src\Illuminate\View\Engines\CompilerEngine.php(76): Livewire\Mechanisms\ExtendBlade\ExtendedCompilerEngine-&gt;evaluatePath('C:\\laragon\\www\\...', Array)
#28 C:\laragon\www\CarRentSystem\vendor\livewire\livewire\src\Mechanisms\ExtendBlade\ExtendedCompilerEngine.php(16): Illuminate\View\Engines\CompilerEngine-&gt;get('C:\\laragon\\www\\...', Array)
#29 C:\laragon\www\CarRentSystem\vendor\laravel\framework\src\Illuminate\View\View.php(208): Livewire\Mechanisms\ExtendBlade\ExtendedCompilerEngine-&gt;get('C:\\laragon\\www\\...', Array)
#30 C:\laragon\www\CarRentSystem\vendor\laravel\framework\src\Illuminate\View\View.php(191): Illuminate\View\View-&gt;getContents()
#31 C:\laragon\www\CarRentSystem\vendor\laravel\framework\src\Illuminate\View\View.php(160): Illuminate\View\View-&gt;renderContents()
#32 C:\laragon\www\CarRentSystem\vendor\filament\support\src\Components\ViewComponent.php(125): Illuminate\View\View-&gt;render()
#33 C:\laragon\www\CarRentSystem\vendor\filament\schemas\src\Components\Component.php(221): Filament\Support\Components\ViewComponent-&gt;toHtml()
#34 C:\laragon\www\CarRentSystem\vendor\filament\schemas\src\Schema.php(205): Filament\Schemas\Components\Component-&gt;toSchemaHtml(true)
#35 C:\laragon\www\CarRentSystem\vendor\filament\support\src\Components\ViewComponent.php(122): Filament\Schemas\Schema-&gt;toEmbeddedHtml()
#36 C:\laragon\www\CarRentSystem\vendor\laravel\framework\src\Illuminate\Support\helpers.php(130): Filament\Support\Components\ViewComponent-&gt;toHtml()
#37 C:\laragon\www\CarRentSystem\storage\framework\views\1a3d3d822b7060b360e0a4f4cc781bd5.php(92): e(Object(Filament\Schemas\Schema))
#38 C:\laragon\www\CarRentSystem\vendor\livewire\livewire\src\Mechanisms\ExtendBlade\ExtendedCompilerEngine.php(37): include('C:\\laragon\\www\\...')
#39 C:\laragon\www\CarRentSystem\vendor\livewire\livewire\src\Mechanisms\ExtendBlade\ExtendedCompilerEngine.php(38): App\Filament\Resources\ActivityLogResource\Pages\ListActivityLogs-&gt;{closure:Livewire\Mechanisms\ExtendBlade\ExtendedCompilerEngine::evaluatePath():35}()
#40 C:\laragon\www\CarRentSystem\vendor\laravel\framework\src\Illuminate\View\Engines\CompilerEngine.php(76): Livewire\Mechanisms\ExtendBlade\ExtendedCompilerEngine-&gt;evaluatePath('C:\\laragon\\www\\...', Array)
#41 C:\laragon\www\CarRentSystem\vendor\livewire\livewire\src\Mechanisms\ExtendBlade\ExtendedCompilerEngine.php(16): Illuminate\View\Engines\CompilerEngine-&gt;get('C:\\laragon\\www\\...', Array)
#42 C:\laragon\www\CarRentSystem\vendor\laravel\framework\src\Illuminate\View\View.php(208): Livewire\Mechanisms\ExtendBlade\ExtendedCompilerEngine-&gt;get('C:\\laragon\\www\\...', Array)
#43 C:\laragon\www\CarRentSystem\vendor\laravel\framework\src\Illuminate\View\View.php(191): Illuminate\View\View-&gt;getContents()
#44 C:\laragon\www\CarRentSystem\vendor\laravel\framework\src\Illuminate\View\View.php(160): Illuminate\View\View-&gt;renderContents()
#45 C:\laragon\www\CarRentSystem\vendor\laravel\framework\src\Illuminate\View\Concerns\ManagesComponents.php(103): Illuminate\View\View-&gt;render()
#46 C:\laragon\www\CarRentSystem\storage\framework\views\63d0da9e86cc349a52193e89442d61e4.php(727): Illuminate\View\Factory-&gt;renderComponent()
#47 C:\laragon\www\CarRentSystem\vendor\livewire\livewire\src\Mechanisms\ExtendBlade\ExtendedCompilerEngine.php(37): include('C:\\laragon\\www\\...')
#48 C:\laragon\www\CarRentSystem\vendor\livewire\livewire\src\Mechanisms\ExtendBlade\ExtendedCompilerEngine.php(38): App\Filament\Resources\ActivityLogResource\Pages\ListActivityLogs-&gt;{closure:Livewire\Mechanisms\ExtendBlade\ExtendedCompilerEngine::evaluatePath():35}()
#49 C:\laragon\www\CarRentSystem\vendor\laravel\framework\src\Illuminate\View\Engines\CompilerEngine.php(76): Livewire\Mechanisms\ExtendBlade\ExtendedCompilerEngine-&gt;evaluatePath('C:\\laragon\\www\\...', Array)
#50 C:\laragon\www\CarRentSystem\vendor\livewire\livewire\src\Mechanisms\ExtendBlade\ExtendedCompilerEngine.php(16): Illuminate\View\Engines\CompilerEngine-&gt;get('C:\\laragon\\www\\...', Array)
#51 C:\laragon\www\CarRentSystem\vendor\laravel\framework\src\Illuminate\View\View.php(208): Livewire\Mechanisms\ExtendBlade\ExtendedCompilerEngine-&gt;get('C:\\laragon\\www\\...', Array)
#52 C:\laragon\www\CarRentSystem\vendor\laravel\framework\src\Illuminate\View\View.php(191): Illuminate\View\View-&gt;getContents()
#53 C:\laragon\www\CarRentSystem\vendor\laravel\framework\src\Illuminate\View\View.php(160): Illuminate\View\View-&gt;renderContents()
#54 C:\laragon\www\CarRentSystem\vendor\filament\support\src\Components\ViewComponent.php(125): Illuminate\View\View-&gt;render()
#55 C:\laragon\www\CarRentSystem\vendor\filament\schemas\src\Components\Component.php(221): Filament\Support\Components\ViewComponent-&gt;toHtml()
#56 C:\laragon\www\CarRentSystem\vendor\filament\schemas\src\Schema.php(205): Filament\Schemas\Components\Component-&gt;toSchemaHtml(true)
#57 C:\laragon\www\CarRentSystem\vendor\filament\support\src\Components\ViewComponent.php(122): Filament\Schemas\Schema-&gt;toEmbeddedHtml()
#58 C:\laragon\www\CarRentSystem\vendor\laravel\framework\src\Illuminate\Support\helpers.php(130): Filament\Support\Components\ViewComponent-&gt;toHtml()
#59 C:\laragon\www\CarRentSystem\storage\framework\views\440b755faea75388110fdd3acae41dc5.php(11): e(Object(Filament\Schemas\Schema))
#60 C:\laragon\www\CarRentSystem\vendor\livewire\livewire\src\Mechanisms\ExtendBlade\ExtendedCompilerEngine.php(37): include('C:\\laragon\\www\\...')
#61 C:\laragon\www\CarRentSystem\vendor\livewire\livewire\src\Mechanisms\ExtendBlade\ExtendedCompilerEngine.php(38): App\Filament\Resources\ActivityLogResource\Pages\ListActivityLogs-&gt;{closure:Livewire\Mechanisms\ExtendBlade\ExtendedCompilerEngine::evaluatePath():35}()
#62 C:\laragon\www\CarRentSystem\vendor\laravel\framework\src\Illuminate\View\Engines\CompilerEngine.php(76): Livewire\Mechanisms\ExtendBlade\ExtendedCompilerEngine-&gt;evaluatePath('C:\\laragon\\www\\...', Array)
#63 C:\laragon\www\CarRentSystem\vendor\livewire\livewire\src\Mechanisms\ExtendBlade\ExtendedCompilerEngine.php(16): Illuminate\View\Engines\CompilerEngine-&gt;get('C:\\laragon\\www\\...', Array)
#64 C:\laragon\www\CarRentSystem\vendor\laravel\framework\src\Illuminate\View\View.php(208): Livewire\Mechanisms\ExtendBlade\ExtendedCompilerEngine-&gt;get('C:\\laragon\\www\\...', Array)
#65 C:\laragon\www\CarRentSystem\vendor\laravel\framework\src\Illuminate\View\View.php(191): Illuminate\View\View-&gt;getContents()
#66 C:\laragon\www\CarRentSystem\vendor\laravel\framework\src\Illuminate\View\View.php(160): Illuminate\View\View-&gt;renderContents()
#67 C:\laragon\www\CarRentSystem\vendor\livewire\livewire\src\Mechanisms\HandleComponents\HandleComponents.php(259): Illuminate\View\View-&gt;render(Object(Closure))
#68 C:\laragon\www\CarRentSystem\vendor\livewire\livewire\src\Mechanisms\HandleComponents\HandleComponents.php(303): Livewire\Mechanisms\HandleComponents\HandleComponents-&gt;{closure:Livewire\Mechanisms\HandleComponents\HandleComponents::render():251}()
#69 C:\laragon\www\CarRentSystem\vendor\livewire\livewire\src\Mechanisms\HandleComponents\HandleComponents.php(251): Livewire\Mechanisms\HandleComponents\HandleComponents-&gt;trackInRenderStack(Object(App\Filament\Resources\ActivityLogResource\Pages\ListActivityLogs), Object(Closure))
#70 C:\laragon\www\CarRentSystem\vendor\livewire\livewire\src\Mechanisms\HandleComponents\HandleComponents.php(54): Livewire\Mechanisms\HandleComponents\HandleComponents-&gt;render(Object(App\Filament\Resources\ActivityLogResource\Pages\ListActivityLogs), '&lt;div&gt;&lt;/div&gt;')
#71 C:\laragon\www\CarRentSystem\vendor\livewire\livewire\src\LivewireManager.php(73): Livewire\Mechanisms\HandleComponents\HandleComponents-&gt;mount('App\\Filament\\Re...', Array, NULL)
#72 C:\laragon\www\CarRentSystem\vendor\livewire\livewire\src\Features\SupportPageComponents\HandlesPageComponents.php(17): Livewire\LivewireManager-&gt;mount('App\\Filament\\Re...', Array)
#73 C:\laragon\www\CarRentSystem\vendor\livewire\livewire\src\Features\SupportPageComponents\SupportPageComponents.php(117): Livewire\Component-&gt;{closure:Livewire\Features\SupportPageComponents\HandlesPageComponents::__invoke():14}()
#74 C:\laragon\www\CarRentSystem\vendor\livewire\livewire\src\Features\SupportPageComponents\HandlesPageComponents.php(14): Livewire\Features\SupportPageComponents\SupportPageComponents::interceptTheRenderOfTheComponentAndRetreiveTheLayoutConfiguration(Object(Closure))
#75 C:\laragon\www\CarRentSystem\vendor\laravel\framework\src\Illuminate\Routing\ControllerDispatcher.php(46): Livewire\Component-&gt;__invoke()
#76 C:\laragon\www\CarRentSystem\vendor\laravel\framework\src\Illuminate\Routing\Route.php(265): Illuminate\Routing\ControllerDispatcher-&gt;dispatch(Object(Illuminate\Routing\Route), Object(App\Filament\Resources\ActivityLogResource\Pages\ListActivityLogs), '__invoke')
#77 C:\laragon\www\CarRentSystem\vendor\laravel\framework\src\Illuminate\Routing\Route.php(211): Illuminate\Routing\Route-&gt;runController()
#78 C:\laragon\www\CarRentSystem\vendor\laravel\framework\src\Illuminate\Routing\Router.php(822): Illuminate\Routing\Route-&gt;run()
#79 C:\laragon\www\CarRentSystem\vendor\laravel\framework\src\Illuminate\Pipeline\Pipeline.php(180): Illuminate\Routing\Router-&gt;{closure:Illuminate\Routing\Router::runRouteWithinStack():821}(Object(Illuminate\Http\Request))
#80 C:\laragon\www\CarRentSystem\vendor\filament\filament\src\Http\Middleware\DispatchServingFilamentEvent.php(15): Illuminate\Pipeline\Pipeline-&gt;{closure:Illuminate\Pipeline\Pipeline::prepareDestination():178}(Object(Illuminate\Http\Request))
#81 C:\laragon\www\CarRentSystem\vendor\laravel\framework\src\Illuminate\Pipeline\Pipeline.php(219): Filament\Http\Middleware\DispatchServingFilamentEvent-&gt;handle(Object(Illuminate\Http\Request), Object(Closure))
#82 C:\laragon\www\CarRentSystem\vendor\filament\filament\src\Http\Middleware\DisableBladeIconComponents.php(14): Illuminate\Pipeline\Pipeline-&gt;{closure:{closure:Illuminate\Pipeline\Pipeline::carry():194}:195}(Object(Illuminate\Http\Request))
#83 C:\laragon\www\CarRentSystem\vendor\laravel\framework\src\Illuminate\Pipeline\Pipeline.php(219): Filament\Http\Middleware\DisableBladeIconComponents-&gt;handle(Object(Illuminate\Http\Request), Object(Closure))
#84 C:\laragon\www\CarRentSystem\app\Http\Middleware\LocalizationMiddleware.php(41): Illuminate\Pipeline\Pipeline-&gt;{closure:{closure:Illuminate\Pipeline\Pipeline::carry():194}:195}(Object(Illuminate\Http\Request))
#85 C:\laragon\www\CarRentSystem\vendor\laravel\framework\src\Illuminate\Pipeline\Pipeline.php(219): App\Http\Middleware\LocalizationMiddleware-&gt;handle(Object(Illuminate\Http\Request), Object(Closure))
#86 C:\laragon\www\CarRentSystem\vendor\laravel\framework\src\Illuminate\Routing\Middleware\SubstituteBindings.php(50): Illuminate\Pipeline\Pipeline-&gt;{closure:{closure:Illuminate\Pipeline\Pipeline::carry():194}:195}(Object(Illuminate\Http\Request))
#87 C:\laragon\www\CarRentSystem\vendor\laravel\framework\src\Illuminate\Pipeline\Pipeline.php(219): Illuminate\Routing\Middleware\SubstituteBindings-&gt;handle(Object(Illuminate\Http\Request), Object(Closure))
#88 C:\laragon\www\CarRentSystem\vendor\laravel\framework\src\Illuminate\Auth\Middleware\Authenticate.php(63): Illuminate\Pipeline\Pipeline-&gt;{closure:{closure:Illuminate\Pipeline\Pipeline::carry():194}:195}(Object(Illuminate\Http\Request))
#89 C:\laragon\www\CarRentSystem\vendor\laravel\framework\src\Illuminate\Pipeline\Pipeline.php(219): Illuminate\Auth\Middleware\Authenticate-&gt;handle(Object(Illuminate\Http\Request), Object(Closure))
#90 C:\laragon\www\CarRentSystem\vendor\laravel\framework\src\Illuminate\View\Middleware\ShareErrorsFromSession.php(48): Illuminate\Pipeline\Pipeline-&gt;{closure:{closure:Illuminate\Pipeline\Pipeline::carry():194}:195}(Object(Illuminate\Http\Request))
#91 C:\laragon\www\CarRentSystem\vendor\laravel\framework\src\Illuminate\Pipeline\Pipeline.php(219): Illuminate\View\Middleware\ShareErrorsFromSession-&gt;handle(Object(Illuminate\Http\Request), Object(Closure))
#92 C:\laragon\www\CarRentSystem\vendor\laravel\framework\src\Illuminate\Session\Middleware\StartSession.php(120): Illuminate\Pipeline\Pipeline-&gt;{closure:{closure:Illuminate\Pipeline\Pipeline::carry():194}:195}(Object(Illuminate\Http\Request))
#93 C:\laragon\www\CarRentSystem\vendor\laravel\framework\src\Illuminate\Session\Middleware\StartSession.php(63): Illuminate\Session\Middleware\StartSession-&gt;handleStatefulRequest(Object(Illuminate\Http\Request), Object(Illuminate\Session\Store), Object(Closure))
#94 C:\laragon\www\CarRentSystem\vendor\laravel\framework\src\Illuminate\Pipeline\Pipeline.php(219): Illuminate\Session\Middleware\StartSession-&gt;handle(Object(Illuminate\Http\Request), Object(Closure))
#95 C:\laragon\www\CarRentSystem\vendor\laravel\framework\src\Illuminate\Cookie\Middleware\AddQueuedCookiesToResponse.php(36): Illuminate\Pipeline\Pipeline-&gt;{closure:{closure:Illuminate\Pipeline\Pipeline::carry():194}:195}(Object(Illuminate\Http\Request))
#96 C:\laragon\www\CarRentSystem\vendor\laravel\framework\src\Illuminate\Pipeline\Pipeline.php(219): Illuminate\Cookie\Middleware\AddQueuedCookiesToResponse-&gt;handle(Object(Illuminate\Http\Request), Object(Closure))
#97 C:\laragon\www\CarRentSystem\vendor\laravel\framework\src\Illuminate\Cookie\Middleware\EncryptCookies.php(74): Illuminate\Pipeline\Pipeline-&gt;{closure:{closure:Illuminate\Pipeline\Pipeline::carry():194}:195}(Object(Illuminate\Http\Request))
#98 C:\laragon\www\CarRentSystem\vendor\laravel\framework\src\Illuminate\Pipeline\Pipeline.php(219): Illuminate\Cookie\Middleware\EncryptCookies-&gt;handle(Object(Illuminate\Http\Request), Object(Closure))
#99 C:\laragon\www\CarRentSystem\vendor\filament\filament\src\Http\Middleware\SetUpPanel.php(19): Illuminate\Pipeline\Pipeline-&gt;{closure:{closure:Illuminate\Pipeline\Pipeline::carry():194}:195}(Object(Illuminate\Http\Request))
#100 C:\laragon\www\CarRentSystem\vendor\laravel\framework\src\Illuminate\Pipeline\Pipeline.php(219): Filament\Http\Middleware\SetUpPanel-&gt;handle(Object(Illuminate\Http\Request), Object(Closure), Object(Filament\Panel))
#101 C:\laragon\www\CarRentSystem\vendor\laravel\framework\src\Illuminate\Pipeline\Pipeline.php(137): Illuminate\Pipeline\Pipeline-&gt;{closure:{closure:Illuminate\Pipeline\Pipeline::carry():194}:195}(Object(Illuminate\Http\Request))
#102 C:\laragon\www\CarRentSystem\vendor\laravel\framework\src\Illuminate\Routing\Router.php(821): Illuminate\Pipeline\Pipeline-&gt;then(Object(Closure))
#103 C:\laragon\www\CarRentSystem\vendor\laravel\framework\src\Illuminate\Routing\Router.php(800): Illuminate\Routing\Router-&gt;runRouteWithinStack(Object(Illuminate\Routing\Route), Object(Illuminate\Http\Request))
#104 C:\laragon\www\CarRentSystem\vendor\laravel\framework\src\Illuminate\Routing\Router.php(764): Illuminate\Routing\Router-&gt;runRoute(Object(Illuminate\Http\Request), Object(Illuminate\Routing\Route))
#105 C:\laragon\www\CarRentSystem\vendor\laravel\framework\src\Illuminate\Routing\Router.php(753): Illuminate\Routing\Router-&gt;dispatchToRoute(Object(Illuminate\Http\Request))
#106 C:\laragon\www\CarRentSystem\vendor\laravel\framework\src\Illuminate\Foundation\Http\Kernel.php(200): Illuminate\Routing\Router-&gt;dispatch(Object(Illuminate\Http\Request))
#107 C:\laragon\www\CarRentSystem\vendor\laravel\framework\src\Illuminate\Pipeline\Pipeline.php(180): Illuminate\Foundation\Http\Kernel-&gt;{closure:Illuminate\Foundation\Http\Kernel::dispatchToRouter():197}(Object(Illuminate\Http\Request))
#108 C:\laragon\www\CarRentSystem\vendor\livewire\livewire\src\Features\SupportDisablingBackButtonCache\DisableBackButtonCacheMiddleware.php(19): Illuminate\Pipeline\Pipeline-&gt;{closure:Illuminate\Pipeline\Pipeline::prepareDestination():178}(Object(Illuminate\Http\Request))
#109 C:\laragon\www\CarRentSystem\vendor\laravel\framework\src\Illuminate\Pipeline\Pipeline.php(219): Livewire\Features\SupportDisablingBackButtonCache\DisableBackButtonCacheMiddleware-&gt;handle(Object(Illuminate\Http\Request), Object(Closure))
#110 C:\laragon\www\CarRentSystem\vendor\laravel\framework\src\Illuminate\Foundation\Http\Middleware\TransformsRequest.php(21): Illuminate\Pipeline\Pipeline-&gt;{closure:{closure:Illuminate\Pipeline\Pipeline::carry():194}:195}(Object(Illuminate\Http\Request))
#111 C:\laragon\www\CarRentSystem\vendor\laravel\framework\src\Illuminate\Foundation\Http\Middleware\ConvertEmptyStringsToNull.php(31): Illuminate\Foundation\Http\Middleware\TransformsRequest-&gt;handle(Object(Illuminate\Http\Request), Object(Closure))
#112 C:\laragon\www\CarRentSystem\vendor\laravel\framework\src\Illuminate\Pipeline\Pipeline.php(219): Illuminate\Foundation\Http\Middleware\ConvertEmptyStringsToNull-&gt;handle(Object(Illuminate\Http\Request), Object(Closure))
#113 C:\laragon\www\CarRentSystem\vendor\laravel\framework\src\Illuminate\Foundation\Http\Middleware\TransformsRequest.php(21): Illuminate\Pipeline\Pipeline-&gt;{closure:{closure:Illuminate\Pipeline\Pipeline::carry():194}:195}(Object(Illuminate\Http\Request))
#114 C:\laragon\www\CarRentSystem\vendor\laravel\framework\src\Illuminate\Foundation\Http\Middleware\TrimStrings.php(51): Illuminate\Foundation\Http\Middleware\TransformsRequest-&gt;handle(Object(Illuminate\Http\Request), Object(Closure))
#115 C:\laragon\www\CarRentSystem\vendor\laravel\framework\src\Illuminate\Pipeline\Pipeline.php(219): Illuminate\Foundation\Http\Middleware\TrimStrings-&gt;handle(Object(Illuminate\Http\Request), Object(Closure))
#116 C:\laragon\www\CarRentSystem\vendor\laravel\framework\src\Illuminate\Http\Middleware\ValidatePostSize.php(27): Illuminate\Pipeline\Pipeline-&gt;{closure:{closure:Illuminate\Pipeline\Pipeline::carry():194}:195}(Object(Illuminate\Http\Request))
#117 C:\laragon\www\CarRentSystem\vendor\laravel\framework\src\Illuminate\Pipeline\Pipeline.php(219): Illuminate\Http\Middleware\ValidatePostSize-&gt;handle(Object(Illuminate\Http\Request), Object(Closure))
#118 C:\laragon\www\CarRentSystem\vendor\laravel\framework\src\Illuminate\Foundation\Http\Middleware\PreventRequestsDuringMaintenance.php(109): Illuminate\Pipeline\Pipeline-&gt;{closure:{closure:Illuminate\Pipeline\Pipeline::carry():194}:195}(Object(Illuminate\Http\Request))
#119 C:\laragon\www\CarRentSystem\vendor\laravel\framework\src\Illuminate\Pipeline\Pipeline.php(219): Illuminate\Foundation\Http\Middleware\PreventRequestsDuringMaintenance-&gt;handle(Object(Illuminate\Http\Request), Object(Closure))
#120 C:\laragon\www\CarRentSystem\vendor\laravel\framework\src\Illuminate\Http\Middleware\HandleCors.php(61): Illuminate\Pipeline\Pipeline-&gt;{closure:{closure:Illuminate\Pipeline\Pipeline::carry():194}:195}(Object(Illuminate\Http\Request))
#121 C:\laragon\www\CarRentSystem\vendor\laravel\framework\src\Illuminate\Pipeline\Pipeline.php(219): Illuminate\Http\Middleware\HandleCors-&gt;handle(Object(Illuminate\Http\Request), Object(Closure))
#122 C:\laragon\www\CarRentSystem\vendor\laravel\framework\src\Illuminate\Http\Middleware\TrustProxies.php(58): Illuminate\Pipeline\Pipeline-&gt;{closure:{closure:Illuminate\Pipeline\Pipeline::carry():194}:195}(Object(Illuminate\Http\Request))
#123 C:\laragon\www\CarRentSystem\vendor\laravel\framework\src\Illuminate\Pipeline\Pipeline.php(219): Illuminate\Http\Middleware\TrustProxies-&gt;handle(Object(Illuminate\Http\Request), Object(Closure))
#124 C:\laragon\www\CarRentSystem\vendor\laravel\framework\src\Illuminate\Foundation\Http\Middleware\InvokeDeferredCallbacks.php(22): Illuminate\Pipeline\Pipeline-&gt;{closure:{closure:Illuminate\Pipeline\Pipeline::carry():194}:195}(Object(Illuminate\Http\Request))
#125 C:\laragon\www\CarRentSystem\vendor\laravel\framework\src\Illuminate\Pipeline\Pipeline.php(219): Illuminate\Foundation\Http\Middleware\InvokeDeferredCallbacks-&gt;handle(Object(Illuminate\Http\Request), Object(Closure))
#126 C:\laragon\www\CarRentSystem\vendor\laravel\framework\src\Illuminate\Http\Middleware\ValidatePathEncoding.php(26): Illuminate\Pipeline\Pipeline-&gt;{closure:{closure:Illuminate\Pipeline\Pipeline::carry():194}:195}(Object(Illuminate\Http\Request))
#127 C:\laragon\www\CarRentSystem\vendor\laravel\framework\src\Illuminate\Pipeline\Pipeline.php(219): Illuminate\Http\Middleware\ValidatePathEncoding-&gt;handle(Object(Illuminate\Http\Request), Object(Closure))
#128 C:\laragon\www\CarRentSystem\vendor\laravel\framework\src\Illuminate\Pipeline\Pipeline.php(137): Illuminate\Pipeline\Pipeline-&gt;{closure:{closure:Illuminate\Pipeline\Pipeline::carry():194}:195}(Object(Illuminate\Http\Request))
#129 C:\laragon\www\CarRentSystem\vendor\laravel\framework\src\Illuminate\Foundation\Http\Kernel.php(175): Illuminate\Pipeline\Pipeline-&gt;then(Object(Closure))
#130 C:\laragon\www\CarRentSystem\vendor\laravel\framework\src\Illuminate\Foundation\Http\Kernel.php(144): Illuminate\Foundation\Http\Kernel-&gt;sendRequestThroughRouter(Object(Illuminate\Http\Request))
#131 C:\laragon\www\CarRentSystem\vendor\laravel\framework\src\Illuminate\Foundation\Testing\Concerns\MakesHttpRequests.php(607): Illuminate\Foundation\Http\Kernel-&gt;handle(Object(Illuminate\Http\Request))
#132 C:\laragon\www\CarRentSystem\vendor\laravel\framework\src\Illuminate\Foundation\Testing\Concerns\MakesHttpRequests.php(368): Illuminate\Foundation\Testing\TestCase-&gt;call('GET', '/admin/activity...', Array, Array, Array, Array)
#133 C:\laragon\www\CarRentSystem\tests\Feature\ActivityLogManagementTest.php(56): Illuminate\Foundation\Testing\TestCase-&gt;get('/admin/activity...')
#134 C:\laragon\www\CarRentSystem\vendor\pestphp\pest\src\Factories\TestCaseMethodFactory.php(168): P\Tests\Feature\ActivityLogManagementTest-&gt;{closure:{closure:{closure:C:\laragon\www\CarRentSystem\tests\Feature\ActivityLogManagementTest.php:13}:20}:51}()
#135 [internal function]: P\Tests\Feature\ActivityLogManagementTest-&gt;{closure:Pest\Factories\TestCaseMethodFactory::getClosure():158}()
#136 C:\laragon\www\CarRentSystem\vendor\pestphp\pest\src\Concerns\Testable.php(429): call_user_func_array(Object(Closure), Array)
#137 C:\laragon\www\CarRentSystem\vendor\pestphp\pest\src\Support\ExceptionTrace.php(26): P\Tests\Feature\ActivityLogManagementTest-&gt;{closure:Pest\Concerns\Testable::__callClosure():429}()
#138 C:\laragon\www\CarRentSystem\vendor\pestphp\pest\src\Concerns\Testable.php(429): Pest\Support\ExceptionTrace::ensure(Object(Closure))
#139 C:\laragon\www\CarRentSystem\vendor\pestphp\pest\src\Concerns\Testable.php(331): P\Tests\Feature\ActivityLogManagementTest-&gt;__callClosure(Object(Closure), Array)
#140 C:\laragon\www\CarRentSystem\vendor\pestphp\pest\src\Factories\TestCaseFactory.php(169) : eval()'d code(53): P\Tests\Feature\ActivityLogManagementTest-&gt;__runTest(Object(Closure))
#141 C:\laragon\www\CarRentSystem\vendor\phpunit\phpunit\src\Framework\TestCase.php(1316): P\Tests\Feature\ActivityLogManagementTest-&gt;__pest_evaluable__Activity_Log_Management__→__Activity_Log_Listing__→_it_filters_logs_by_action_type()
#142 C:\laragon\www\CarRentSystem\vendor\phpunit\phpunit\src\Framework\TestCase.php(516): PHPUnit\Framework\TestCase-&gt;runTest()
#143 C:\laragon\www\CarRentSystem\vendor\phpunit\phpunit\src\Framework\TestRunner\TestRunner.php(99): PHPUnit\Framework\TestCase-&gt;runBare()
#144 C:\laragon\www\CarRentSystem\vendor\phpunit\phpunit\src\Framework\TestCase.php(357): PHPUnit\Framework\TestRunner-&gt;run(Object(P\Tests\Feature\ActivityLogManagementTest))
#145 C:\laragon\www\CarRentSystem\vendor\phpunit\phpunit\src\Framework\TestSuite.php(374): PHPUnit\Framework\TestCase-&gt;run()
#146 C:\laragon\www\CarRentSystem\vendor\phpunit\phpunit\src\Framework\TestSuite.php(374): PHPUnit\Framework\TestSuite-&gt;run()
#147 C:\laragon\www\CarRentSystem\vendor\phpunit\phpunit\src\Framework\TestSuite.php(374): PHPUnit\Framework\TestSuite-&gt;run()
#148 C:\laragon\www\CarRentSystem\vendor\phpunit\phpunit\src\TextUI\TestRunner.php(64): PHPUnit\Framework\TestSuite-&gt;run()
#149 C:\laragon\www\CarRentSystem\vendor\phpunit\phpunit\src\TextUI\Application.php(229): PHPUnit\TextUI\TestRunner-&gt;run(Object(PHPUnit\TextUI\Configuration\Configuration), Object(PHPUnit\Runner\ResultCache\DefaultResultCache), Object(PHPUnit\Framework\TestSuite))
#150 C:\laragon\www\CarRentSystem\vendor\pestphp\pest\src\Kernel.php(103): PHPUnit\TextUI\Application-&gt;run(Array)
#151 C:\laragon\www\CarRentSystem\vendor\pestphp\pest\bin\pest(184): Pest\Kernel-&gt;handle(Array, Array)
#152 C:\laragon\www\CarRentSystem\vendor\pestphp\pest\bin\pest(192): {closure:C:\laragon\www\CarRentSystem\vendor\pestphp\pest\bin\pest:18}()
#153 C:\laragon\www\CarRentSystem\vendor\bin\pest(119): include('C:\\laragon\\www\\...')
#154 {main}

Next Illuminate\View\ViewException: SQLSTATE[HY000]: General error: 1 no such column: activity_log.name (Connection: sqlite, SQL: select "activity_log"."name", "" from "activity_log" order by "activity_log"."name" asc limit 50) (View: C:\laragon\www\CarRentSystem\vendor\filament\forms\resources\views\components\select.blade.php) in C:\laragon\www\CarRentSystem\vendor\laravel\framework\src\Illuminate\Database\Connection.php:824
Stack trace:
#0 C:\laragon\www\CarRentSystem\vendor\livewire\livewire\src\Mechanisms\ExtendBlade\ExtendedCompilerEngine.php(58): Illuminate\View\Engines\CompilerEngine-&gt;handleViewException(Object(Illuminate\Database\QueryException), 14)
#1 C:\laragon\www\CarRentSystem\vendor\livewire\livewire\src\Mechanisms\ExtendBlade\ExtendedCompilerEngine.php(40): Livewire\Mechanisms\ExtendBlade\ExtendedCompilerEngine-&gt;handleViewException(Object(Illuminate\Database\QueryException), 14)
#2 C:\laragon\www\CarRentSystem\vendor\laravel\framework\src\Illuminate\View\Engines\CompilerEngine.php(76): Livewire\Mechanisms\ExtendBlade\ExtendedCompilerEngine-&gt;evaluatePath('C:\\laragon\\www\\...', Array)
#3 C:\laragon\www\CarRentSystem\vendor\livewire\livewire\src\Mechanisms\ExtendBlade\ExtendedCompilerEngine.php(16): Illuminate\View\Engines\CompilerEngine-&gt;get('C:\\laragon\\www\\...', Array)
#4 C:\laragon\www\CarRentSystem\vendor\laravel\framework\src\Illuminate\View\View.php(208): Livewire\Mechanisms\ExtendBlade\ExtendedCompilerEngine-&gt;get('C:\\laragon\\www\\...', Array)
#5 C:\laragon\www\CarRentSystem\vendor\laravel\framework\src\Illuminate\View\View.php(191): Illuminate\View\View-&gt;getContents()
#6 C:\laragon\www\CarRentSystem\vendor\laravel\framework\src\Illuminate\View\View.php(160): Illuminate\View\View-&gt;renderContents()
#7 C:\laragon\www\CarRentSystem\vendor\filament\support\src\Components\ViewComponent.php(125): Illuminate\View\View-&gt;render()
#8 C:\laragon\www\CarRentSystem\vendor\filament\schemas\src\Components\Component.php(221): Filament\Support\Components\ViewComponent-&gt;toHtml()
#9 C:\laragon\www\CarRentSystem\vendor\filament\schemas\src\Schema.php(205): Filament\Schemas\Components\Component-&gt;toSchemaHtml(true)
#10 C:\laragon\www\CarRentSystem\vendor\filament\support\src\Components\ViewComponent.php(122): Filament\Schemas\Schema-&gt;toEmbeddedHtml()
#11 C:\laragon\www\CarRentSystem\vendor\laravel\framework\src\Illuminate\Support\helpers.php(130): Filament\Support\Components\ViewComponent-&gt;toHtml()
#12 C:\laragon\www\CarRentSystem\storage\framework\views\5110ca74321f0dcab372f3d94aa125c2.php(9): e(Object(Filament\Schemas\Schema))
#13 C:\laragon\www\CarRentSystem\vendor\livewire\livewire\src\Mechanisms\ExtendBlade\ExtendedCompilerEngine.php(37): include('C:\\laragon\\www\\...')
#14 C:\laragon\www\CarRentSystem\vendor\livewire\livewire\src\Mechanisms\ExtendBlade\ExtendedCompilerEngine.php(38): App\Filament\Resources\ActivityLogResource\Pages\ListActivityLogs-&gt;{closure:Livewire\Mechanisms\ExtendBlade\ExtendedCompilerEngine::evaluatePath():35}()
#15 C:\laragon\www\CarRentSystem\vendor\laravel\framework\src\Illuminate\View\Engines\CompilerEngine.php(76): Livewire\Mechanisms\ExtendBlade\ExtendedCompilerEngine-&gt;evaluatePath('C:\\laragon\\www\\...', Array)
#16 C:\laragon\www\CarRentSystem\vendor\livewire\livewire\src\Mechanisms\ExtendBlade\ExtendedCompilerEngine.php(16): Illuminate\View\Engines\CompilerEngine-&gt;get('C:\\laragon\\www\\...', Array)
#17 C:\laragon\www\CarRentSystem\vendor\laravel\framework\src\Illuminate\View\View.php(208): Livewire\Mechanisms\ExtendBlade\ExtendedCompilerEngine-&gt;get('C:\\laragon\\www\\...', Array)
#18 C:\laragon\www\CarRentSystem\vendor\laravel\framework\src\Illuminate\View\View.php(191): Illuminate\View\View-&gt;getContents()
#19 C:\laragon\www\CarRentSystem\vendor\laravel\framework\src\Illuminate\View\View.php(160): Illuminate\View\View-&gt;renderContents()
#20 C:\laragon\www\CarRentSystem\vendor\filament\support\src\Components\ViewComponent.php(125): Illuminate\View\View-&gt;render()
#21 C:\laragon\www\CarRentSystem\vendor\filament\schemas\src\Components\Component.php(221): Filament\Support\Components\ViewComponent-&gt;toHtml()
#22 C:\laragon\www\CarRentSystem\vendor\filament\schemas\src\Schema.php(205): Filament\Schemas\Components\Component-&gt;toSchemaHtml(true)
#23 C:\laragon\www\CarRentSystem\vendor\filament\support\src\Components\ViewComponent.php(122): Filament\Schemas\Schema-&gt;toEmbeddedHtml()
#24 C:\laragon\www\CarRentSystem\vendor\laravel\framework\src\Illuminate\Support\helpers.php(130): Filament\Support\Components\ViewComponent-&gt;toHtml()
#25 C:\laragon\www\CarRentSystem\storage\framework\views\1a3d3d822b7060b360e0a4f4cc781bd5.php(92): e(Object(Filament\Schemas\Schema))
#26 C:\laragon\www\CarRentSystem\vendor\livewire\livewire\src\Mechanisms\ExtendBlade\ExtendedCompilerEngine.php(37): include('C:\\laragon\\www\\...')
#27 C:\laragon\www\CarRentSystem\vendor\livewire\livewire\src\Mechanisms\ExtendBlade\ExtendedCompilerEngine.php(38): App\Filament\Resources\ActivityLogResource\Pages\ListActivityLogs-&gt;{closure:Livewire\Mechanisms\ExtendBlade\ExtendedCompilerEngine::evaluatePath():35}()
#28 C:\laragon\www\CarRentSystem\vendor\laravel\framework\src\Illuminate\View\Engines\CompilerEngine.php(76): Livewire\Mechanisms\ExtendBlade\ExtendedCompilerEngine-&gt;evaluatePath('C:\\laragon\\www\\...', Array)
#29 C:\laragon\www\CarRentSystem\vendor\livewire\livewire\src\Mechanisms\ExtendBlade\ExtendedCompilerEngine.php(16): Illuminate\View\Engines\CompilerEngine-&gt;get('C:\\laragon\\www\\...', Array)
#30 C:\laragon\www\CarRentSystem\vendor\laravel\framework\src\Illuminate\View\View.php(208): Livewire\Mechanisms\ExtendBlade\ExtendedCompilerEngine-&gt;get('C:\\laragon\\www\\...', Array)
#31 C:\laragon\www\CarRentSystem\vendor\laravel\framework\src\Illuminate\View\View.php(191): Illuminate\View\View-&gt;getContents()
#32 C:\laragon\www\CarRentSystem\vendor\laravel\framework\src\Illuminate\View\View.php(160): Illuminate\View\View-&gt;renderContents()
#33 C:\laragon\www\CarRentSystem\vendor\laravel\framework\src\Illuminate\View\Concerns\ManagesComponents.php(103): Illuminate\View\View-&gt;render()
#34 C:\laragon\www\CarRentSystem\storage\framework\views\63d0da9e86cc349a52193e89442d61e4.php(727): Illuminate\View\Factory-&gt;renderComponent()
#35 C:\laragon\www\CarRentSystem\vendor\livewire\livewire\src\Mechanisms\ExtendBlade\ExtendedCompilerEngine.php(37): include('C:\\laragon\\www\\...')
#36 C:\laragon\www\CarRentSystem\vendor\livewire\livewire\src\Mechanisms\ExtendBlade\ExtendedCompilerEngine.php(38): App\Filament\Resources\ActivityLogResource\Pages\ListActivityLogs-&gt;{closure:Livewire\Mechanisms\ExtendBlade\ExtendedCompilerEngine::evaluatePath():35}()
#37 C:\laragon\www\CarRentSystem\vendor\laravel\framework\src\Illuminate\View\Engines\CompilerEngine.php(76): Livewire\Mechanisms\ExtendBlade\ExtendedCompilerEngine-&gt;evaluatePath('C:\\laragon\\www\\...', Array)
#38 C:\laragon\www\CarRentSystem\vendor\livewire\livewire\src\Mechanisms\ExtendBlade\ExtendedCompilerEngine.php(16): Illuminate\View\Engines\CompilerEngine-&gt;get('C:\\laragon\\www\\...', Array)
#39 C:\laragon\www\CarRentSystem\vendor\laravel\framework\src\Illuminate\View\View.php(208): Livewire\Mechanisms\ExtendBlade\ExtendedCompilerEngine-&gt;get('C:\\laragon\\www\\...', Array)
#40 C:\laragon\www\CarRentSystem\vendor\laravel\framework\src\Illuminate\View\View.php(191): Illuminate\View\View-&gt;getContents()
#41 C:\laragon\www\CarRentSystem\vendor\laravel\framework\src\Illuminate\View\View.php(160): Illuminate\View\View-&gt;renderContents()
#42 C:\laragon\www\CarRentSystem\vendor\filament\support\src\Components\ViewComponent.php(125): Illuminate\View\View-&gt;render()
#43 C:\laragon\www\CarRentSystem\vendor\filament\schemas\src\Components\Component.php(221): Filament\Support\Components\ViewComponent-&gt;toHtml()
#44 C:\laragon\www\CarRentSystem\vendor\filament\schemas\src\Schema.php(205): Filament\Schemas\Components\Component-&gt;toSchemaHtml(true)
#45 C:\laragon\www\CarRentSystem\vendor\filament\support\src\Components\ViewComponent.php(122): Filament\Schemas\Schema-&gt;toEmbeddedHtml()
#46 C:\laragon\www\CarRentSystem\vendor\laravel\framework\src\Illuminate\Support\helpers.php(130): Filament\Support\Components\ViewComponent-&gt;toHtml()
#47 C:\laragon\www\CarRentSystem\storage\framework\views\440b755faea75388110fdd3acae41dc5.php(11): e(Object(Filament\Schemas\Schema))
#48 C:\laragon\www\CarRentSystem\vendor\livewire\livewire\src\Mechanisms\ExtendBlade\ExtendedCompilerEngine.php(37): include('C:\\laragon\\www\\...')
#49 C:\laragon\www\CarRentSystem\vendor\livewire\livewire\src\Mechanisms\ExtendBlade\ExtendedCompilerEngine.php(38): App\Filament\Resources\ActivityLogResource\Pages\ListActivityLogs-&gt;{closure:Livewire\Mechanisms\ExtendBlade\ExtendedCompilerEngine::evaluatePath():35}()
#50 C:\laragon\www\CarRentSystem\vendor\laravel\framework\src\Illuminate\View\Engines\CompilerEngine.php(76): Livewire\Mechanisms\ExtendBlade\ExtendedCompilerEngine-&gt;evaluatePath('C:\\laragon\\www\\...', Array)
#51 C:\laragon\www\CarRentSystem\vendor\livewire\livewire\src\Mechanisms\ExtendBlade\ExtendedCompilerEngine.php(16): Illuminate\View\Engines\CompilerEngine-&gt;get('C:\\laragon\\www\\...', Array)
#52 C:\laragon\www\CarRentSystem\vendor\laravel\framework\src\Illuminate\View\View.php(208): Livewire\Mechanisms\ExtendBlade\ExtendedCompilerEngine-&gt;get('C:\\laragon\\www\\...', Array)
#53 C:\laragon\www\CarRentSystem\vendor\laravel\framework\src\Illuminate\View\View.php(191): Illuminate\View\View-&gt;getContents()
#54 C:\laragon\www\CarRentSystem\vendor\laravel\framework\src\Illuminate\View\View.php(160): Illuminate\View\View-&gt;renderContents()
#55 C:\laragon\www\CarRentSystem\vendor\livewire\livewire\src\Mechanisms\HandleComponents\HandleComponents.php(259): Illuminate\View\View-&gt;render(Object(Closure))
#56 C:\laragon\www\CarRentSystem\vendor\livewire\livewire\src\Mechanisms\HandleComponents\HandleComponents.php(303): Livewire\Mechanisms\HandleComponents\HandleComponents-&gt;{closure:Livewire\Mechanisms\HandleComponents\HandleComponents::render():251}()
#57 C:\laragon\www\CarRentSystem\vendor\livewire\livewire\src\Mechanisms\HandleComponents\HandleComponents.php(251): Livewire\Mechanisms\HandleComponents\HandleComponents-&gt;trackInRenderStack(Object(App\Filament\Resources\ActivityLogResource\Pages\ListActivityLogs), Object(Closure))
#58 C:\laragon\www\CarRentSystem\vendor\livewire\livewire\src\Mechanisms\HandleComponents\HandleComponents.php(54): Livewire\Mechanisms\HandleComponents\HandleComponents-&gt;render(Object(App\Filament\Resources\ActivityLogResource\Pages\ListActivityLogs), '&lt;div&gt;&lt;/div&gt;')
#59 C:\laragon\www\CarRentSystem\vendor\livewire\livewire\src\LivewireManager.php(73): Livewire\Mechanisms\HandleComponents\HandleComponents-&gt;mount('App\\Filament\\Re...', Array, NULL)
#60 C:\laragon\www\CarRentSystem\vendor\livewire\livewire\src\Features\SupportPageComponents\HandlesPageComponents.php(17): Livewire\LivewireManager-&gt;mount('App\\Filament\\Re...', Array)
#61 C:\laragon\www\CarRentSystem\vendor\livewire\livewire\src\Features\SupportPageComponents\SupportPageComponents.php(117): Livewire\Component-&gt;{closure:Livewire\Features\SupportPageComponents\HandlesPageComponents::__invoke():14}()
#62 C:\laragon\www\CarRentSystem\vendor\livewire\livewire\src\Features\SupportPageComponents\HandlesPageComponents.php(14): Livewire\Features\SupportPageComponents\SupportPageComponents::interceptTheRenderOfTheComponentAndRetreiveTheLayoutConfiguration(Object(Closure))
#63 C:\laragon\www\CarRentSystem\vendor\laravel\framework\src\Illuminate\Routing\ControllerDispatcher.php(46): Livewire\Component-&gt;__invoke()
#64 C:\laragon\www\CarRentSystem\vendor\laravel\framework\src\Illuminate\Routing\Route.php(265): Illuminate\Routing\ControllerDispatcher-&gt;dispatch(Object(Illuminate\Routing\Route), Object(App\Filament\Resources\ActivityLogResource\Pages\ListActivityLogs), '__invoke')
#65 C:\laragon\www\CarRentSystem\vendor\laravel\framework\src\Illuminate\Routing\Route.php(211): Illuminate\Routing\Route-&gt;runController()
#66 C:\laragon\www\CarRentSystem\vendor\laravel\framework\src\Illuminate\Routing\Router.php(822): Illuminate\Routing\Route-&gt;run()
#67 C:\laragon\www\CarRentSystem\vendor\laravel\framework\src\Illuminate\Pipeline\Pipeline.php(180): Illuminate\Routing\Router-&gt;{closure:Illuminate\Routing\Router::runRouteWithinStack():821}(Object(Illuminate\Http\Request))
#68 C:\laragon\www\CarRentSystem\vendor\filament\filament\src\Http\Middleware\DispatchServingFilamentEvent.php(15): Illuminate\Pipeline\Pipeline-&gt;{closure:Illuminate\Pipeline\Pipeline::prepareDestination():178}(Object(Illuminate\Http\Request))
#69 C:\laragon\www\CarRentSystem\vendor\laravel\framework\src\Illuminate\Pipeline\Pipeline.php(219): Filament\Http\Middleware\DispatchServingFilamentEvent-&gt;handle(Object(Illuminate\Http\Request), Object(Closure))
#70 C:\laragon\www\CarRentSystem\vendor\filament\filament\src\Http\Middleware\DisableBladeIconComponents.php(14): Illuminate\Pipeline\Pipeline-&gt;{closure:{closure:Illuminate\Pipeline\Pipeline::carry():194}:195}(Object(Illuminate\Http\Request))
#71 C:\laragon\www\CarRentSystem\vendor\laravel\framework\src\Illuminate\Pipeline\Pipeline.php(219): Filament\Http\Middleware\DisableBladeIconComponents-&gt;handle(Object(Illuminate\Http\Request), Object(Closure))
#72 C:\laragon\www\CarRentSystem\app\Http\Middleware\LocalizationMiddleware.php(41): Illuminate\Pipeline\Pipeline-&gt;{closure:{closure:Illuminate\Pipeline\Pipeline::carry():194}:195}(Object(Illuminate\Http\Request))
#73 C:\laragon\www\CarRentSystem\vendor\laravel\framework\src\Illuminate\Pipeline\Pipeline.php(219): App\Http\Middleware\LocalizationMiddleware-&gt;handle(Object(Illuminate\Http\Request), Object(Closure))
#74 C:\laragon\www\CarRentSystem\vendor\laravel\framework\src\Illuminate\Routing\Middleware\SubstituteBindings.php(50): Illuminate\Pipeline\Pipeline-&gt;{closure:{closure:Illuminate\Pipeline\Pipeline::carry():194}:195}(Object(Illuminate\Http\Request))
#75 C:\laragon\www\CarRentSystem\vendor\laravel\framework\src\Illuminate\Pipeline\Pipeline.php(219): Illuminate\Routing\Middleware\SubstituteBindings-&gt;handle(Object(Illuminate\Http\Request), Object(Closure))
#76 C:\laragon\www\CarRentSystem\vendor\laravel\framework\src\Illuminate\Auth\Middleware\Authenticate.php(63): Illuminate\Pipeline\Pipeline-&gt;{closure:{closure:Illuminate\Pipeline\Pipeline::carry():194}:195}(Object(Illuminate\Http\Request))
#77 C:\laragon\www\CarRentSystem\vendor\laravel\framework\src\Illuminate\Pipeline\Pipeline.php(219): Illuminate\Auth\Middleware\Authenticate-&gt;handle(Object(Illuminate\Http\Request), Object(Closure))
#78 C:\laragon\www\CarRentSystem\vendor\laravel\framework\src\Illuminate\View\Middleware\ShareErrorsFromSession.php(48): Illuminate\Pipeline\Pipeline-&gt;{closure:{closure:Illuminate\Pipeline\Pipeline::carry():194}:195}(Object(Illuminate\Http\Request))
#79 C:\laragon\www\CarRentSystem\vendor\laravel\framework\src\Illuminate\Pipeline\Pipeline.php(219): Illuminate\View\Middleware\ShareErrorsFromSession-&gt;handle(Object(Illuminate\Http\Request), Object(Closure))
#80 C:\laragon\www\CarRentSystem\vendor\laravel\framework\src\Illuminate\Session\Middleware\StartSession.php(120): Illuminate\Pipeline\Pipeline-&gt;{closure:{closure:Illuminate\Pipeline\Pipeline::carry():194}:195}(Object(Illuminate\Http\Request))
#81 C:\laragon\www\CarRentSystem\vendor\laravel\framework\src\Illuminate\Session\Middleware\StartSession.php(63): Illuminate\Session\Middleware\StartSession-&gt;handleStatefulRequest(Object(Illuminate\Http\Request), Object(Illuminate\Session\Store), Object(Closure))
#82 C:\laragon\www\CarRentSystem\vendor\laravel\framework\src\Illuminate\Pipeline\Pipeline.php(219): Illuminate\Session\Middleware\StartSession-&gt;handle(Object(Illuminate\Http\Request), Object(Closure))
#83 C:\laragon\www\CarRentSystem\vendor\laravel\framework\src\Illuminate\Cookie\Middleware\AddQueuedCookiesToResponse.php(36): Illuminate\Pipeline\Pipeline-&gt;{closure:{closure:Illuminate\Pipeline\Pipeline::carry():194}:195}(Object(Illuminate\Http\Request))
#84 C:\laragon\www\CarRentSystem\vendor\laravel\framework\src\Illuminate\Pipeline\Pipeline.php(219): Illuminate\Cookie\Middleware\AddQueuedCookiesToResponse-&gt;handle(Object(Illuminate\Http\Request), Object(Closure))
#85 C:\laragon\www\CarRentSystem\vendor\laravel\framework\src\Illuminate\Cookie\Middleware\EncryptCookies.php(74): Illuminate\Pipeline\Pipeline-&gt;{closure:{closure:Illuminate\Pipeline\Pipeline::carry():194}:195}(Object(Illuminate\Http\Request))
#86 C:\laragon\www\CarRentSystem\vendor\laravel\framework\src\Illuminate\Pipeline\Pipeline.php(219): Illuminate\Cookie\Middleware\EncryptCookies-&gt;handle(Object(Illuminate\Http\Request), Object(Closure))
#87 C:\laragon\www\CarRentSystem\vendor\filament\filament\src\Http\Middleware\SetUpPanel.php(19): Illuminate\Pipeline\Pipeline-&gt;{closure:{closure:Illuminate\Pipeline\Pipeline::carry():194}:195}(Object(Illuminate\Http\Request))
#88 C:\laragon\www\CarRentSystem\vendor\laravel\framework\src\Illuminate\Pipeline\Pipeline.php(219): Filament\Http\Middleware\SetUpPanel-&gt;handle(Object(Illuminate\Http\Request), Object(Closure), Object(Filament\Panel))
#89 C:\laragon\www\CarRentSystem\vendor\laravel\framework\src\Illuminate\Pipeline\Pipeline.php(137): Illuminate\Pipeline\Pipeline-&gt;{closure:{closure:Illuminate\Pipeline\Pipeline::carry():194}:195}(Object(Illuminate\Http\Request))
#90 C:\laragon\www\CarRentSystem\vendor\laravel\framework\src\Illuminate\Routing\Router.php(821): Illuminate\Pipeline\Pipeline-&gt;then(Object(Closure))
#91 C:\laragon\www\CarRentSystem\vendor\laravel\framework\src\Illuminate\Routing\Router.php(800): Illuminate\Routing\Router-&gt;runRouteWithinStack(Object(Illuminate\Routing\Route), Object(Illuminate\Http\Request))
#92 C:\laragon\www\CarRentSystem\vendor\laravel\framework\src\Illuminate\Routing\Router.php(764): Illuminate\Routing\Router-&gt;runRoute(Object(Illuminate\Http\Request), Object(Illuminate\Routing\Route))
#93 C:\laragon\www\CarRentSystem\vendor\laravel\framework\src\Illuminate\Routing\Router.php(753): Illuminate\Routing\Router-&gt;dispatchToRoute(Object(Illuminate\Http\Request))
#94 C:\laragon\www\CarRentSystem\vendor\laravel\framework\src\Illuminate\Foundation\Http\Kernel.php(200): Illuminate\Routing\Router-&gt;dispatch(Object(Illuminate\Http\Request))
#95 C:\laragon\www\CarRentSystem\vendor\laravel\framework\src\Illuminate\Pipeline\Pipeline.php(180): Illuminate\Foundation\Http\Kernel-&gt;{closure:Illuminate\Foundation\Http\Kernel::dispatchToRouter():197}(Object(Illuminate\Http\Request))
#96 C:\laragon\www\CarRentSystem\vendor\livewire\livewire\src\Features\SupportDisablingBackButtonCache\DisableBackButtonCacheMiddleware.php(19): Illuminate\Pipeline\Pipeline-&gt;{closure:Illuminate\Pipeline\Pipeline::prepareDestination():178}(Object(Illuminate\Http\Request))
#97 C:\laragon\www\CarRentSystem\vendor\laravel\framework\src\Illuminate\Pipeline\Pipeline.php(219): Livewire\Features\SupportDisablingBackButtonCache\DisableBackButtonCacheMiddleware-&gt;handle(Object(Illuminate\Http\Request), Object(Closure))
#98 C:\laragon\www\CarRentSystem\vendor\laravel\framework\src\Illuminate\Foundation\Http\Middleware\TransformsRequest.php(21): Illuminate\Pipeline\Pipeline-&gt;{closure:{closure:Illuminate\Pipeline\Pipeline::carry():194}:195}(Object(Illuminate\Http\Request))
#99 C:\laragon\www\CarRentSystem\vendor\laravel\framework\src\Illuminate\Foundation\Http\Middleware\ConvertEmptyStringsToNull.php(31): Illuminate\Foundation\Http\Middleware\TransformsRequest-&gt;handle(Object(Illuminate\Http\Request), Object(Closure))
#100 C:\laragon\www\CarRentSystem\vendor\laravel\framework\src\Illuminate\Pipeline\Pipeline.php(219): Illuminate\Foundation\Http\Middleware\ConvertEmptyStringsToNull-&gt;handle(Object(Illuminate\Http\Request), Object(Closure))
#101 C:\laragon\www\CarRentSystem\vendor\laravel\framework\src\Illuminate\Foundation\Http\Middleware\TransformsRequest.php(21): Illuminate\Pipeline\Pipeline-&gt;{closure:{closure:Illuminate\Pipeline\Pipeline::carry():194}:195}(Object(Illuminate\Http\Request))
#102 C:\laragon\www\CarRentSystem\vendor\laravel\framework\src\Illuminate\Foundation\Http\Middleware\TrimStrings.php(51): Illuminate\Foundation\Http\Middleware\TransformsRequest-&gt;handle(Object(Illuminate\Http\Request), Object(Closure))
#103 C:\laragon\www\CarRentSystem\vendor\laravel\framework\src\Illuminate\Pipeline\Pipeline.php(219): Illuminate\Foundation\Http\Middleware\TrimStrings-&gt;handle(Object(Illuminate\Http\Request), Object(Closure))
#104 C:\laragon\www\CarRentSystem\vendor\laravel\framework\src\Illuminate\Http\Middleware\ValidatePostSize.php(27): Illuminate\Pipeline\Pipeline-&gt;{closure:{closure:Illuminate\Pipeline\Pipeline::carry():194}:195}(Object(Illuminate\Http\Request))
#105 C:\laragon\www\CarRentSystem\vendor\laravel\framework\src\Illuminate\Pipeline\Pipeline.php(219): Illuminate\Http\Middleware\ValidatePostSize-&gt;handle(Object(Illuminate\Http\Request), Object(Closure))
#106 C:\laragon\www\CarRentSystem\vendor\laravel\framework\src\Illuminate\Foundation\Http\Middleware\PreventRequestsDuringMaintenance.php(109): Illuminate\Pipeline\Pipeline-&gt;{closure:{closure:Illuminate\Pipeline\Pipeline::carry():194}:195}(Object(Illuminate\Http\Request))
#107 C:\laragon\www\CarRentSystem\vendor\laravel\framework\src\Illuminate\Pipeline\Pipeline.php(219): Illuminate\Foundation\Http\Middleware\PreventRequestsDuringMaintenance-&gt;handle(Object(Illuminate\Http\Request), Object(Closure))
#108 C:\laragon\www\CarRentSystem\vendor\laravel\framework\src\Illuminate\Http\Middleware\HandleCors.php(61): Illuminate\Pipeline\Pipeline-&gt;{closure:{closure:Illuminate\Pipeline\Pipeline::carry():194}:195}(Object(Illuminate\Http\Request))
#109 C:\laragon\www\CarRentSystem\vendor\laravel\framework\src\Illuminate\Pipeline\Pipeline.php(219): Illuminate\Http\Middleware\HandleCors-&gt;handle(Object(Illuminate\Http\Request), Object(Closure))
#110 C:\laragon\www\CarRentSystem\vendor\laravel\framework\src\Illuminate\Http\Middleware\TrustProxies.php(58): Illuminate\Pipeline\Pipeline-&gt;{closure:{closure:Illuminate\Pipeline\Pipeline::carry():194}:195}(Object(Illuminate\Http\Request))
#111 C:\laragon\www\CarRentSystem\vendor\laravel\framework\src\Illuminate\Pipeline\Pipeline.php(219): Illuminate\Http\Middleware\TrustProxies-&gt;handle(Object(Illuminate\Http\Request), Object(Closure))
#112 C:\laragon\www\CarRentSystem\vendor\laravel\framework\src\Illuminate\Foundation\Http\Middleware\InvokeDeferredCallbacks.php(22): Illuminate\Pipeline\Pipeline-&gt;{closure:{closure:Illuminate\Pipeline\Pipeline::carry():194}:195}(Object(Illuminate\Http\Request))
#113 C:\laragon\www\CarRentSystem\vendor\laravel\framework\src\Illuminate\Pipeline\Pipeline.php(219): Illuminate\Foundation\Http\Middleware\InvokeDeferredCallbacks-&gt;handle(Object(Illuminate\Http\Request), Object(Closure))
#114 C:\laragon\www\CarRentSystem\vendor\laravel\framework\src\Illuminate\Http\Middleware\ValidatePathEncoding.php(26): Illuminate\Pipeline\Pipeline-&gt;{closure:{closure:Illuminate\Pipeline\Pipeline::carry():194}:195}(Object(Illuminate\Http\Request))
#115 C:\laragon\www\CarRentSystem\vendor\laravel\framework\src\Illuminate\Pipeline\Pipeline.php(219): Illuminate\Http\Middleware\ValidatePathEncoding-&gt;handle(Object(Illuminate\Http\Request), Object(Closure))
#116 C:\laragon\www\CarRentSystem\vendor\laravel\framework\src\Illuminate\Pipeline\Pipeline.php(137): Illuminate\Pipeline\Pipeline-&gt;{closure:{closure:Illuminate\Pipeline\Pipeline::carry():194}:195}(Object(Illuminate\Http\Request))
#117 C:\laragon\www\CarRentSystem\vendor\laravel\framework\src\Illuminate\Foundation\Http\Kernel.php(175): Illuminate\Pipeline\Pipeline-&gt;then(Object(Closure))
#118 C:\laragon\www\CarRentSystem\vendor\laravel\framework\src\Illuminate\Foundation\Http\Kernel.php(144): Illuminate\Foundation\Http\Kernel-&gt;sendRequestThroughRouter(Object(Illuminate\Http\Request))
#119 C:\laragon\www\CarRentSystem\vendor\laravel\framework\src\Illuminate\Foundation\Testing\Concerns\MakesHttpRequests.php(607): Illuminate\Foundation\Http\Kernel-&gt;handle(Object(Illuminate\Http\Request))
#120 C:\laragon\www\CarRentSystem\vendor\laravel\framework\src\Illuminate\Foundation\Testing\Concerns\MakesHttpRequests.php(368): Illuminate\Foundation\Testing\TestCase-&gt;call('GET', '/admin/activity...', Array, Array, Array, Array)
#121 C:\laragon\www\CarRentSystem\tests\Feature\ActivityLogManagementTest.php(56): Illuminate\Foundation\Testing\TestCase-&gt;get('/admin/activity...')
#122 C:\laragon\www\CarRentSystem\vendor\pestphp\pest\src\Factories\TestCaseMethodFactory.php(168): P\Tests\Feature\ActivityLogManagementTest-&gt;{closure:{closure:{closure:C:\laragon\www\CarRentSystem\tests\Feature\ActivityLogManagementTest.php:13}:20}:51}()
#123 [internal function]: P\Tests\Feature\ActivityLogManagementTest-&gt;{closure:Pest\Factories\TestCaseMethodFactory::getClosure():158}()
#124 C:\laragon\www\CarRentSystem\vendor\pestphp\pest\src\Concerns\Testable.php(429): call_user_func_array(Object(Closure), Array)
#125 C:\laragon\www\CarRentSystem\vendor\pestphp\pest\src\Support\ExceptionTrace.php(26): P\Tests\Feature\ActivityLogManagementTest-&gt;{closure:Pest\Concerns\Testable::__callClosure():429}()
#126 C:\laragon\www\CarRentSystem\vendor\pestphp\pest\src\Concerns\Testable.php(429): Pest\Support\ExceptionTrace::ensure(Object(Closure))
#127 C:\laragon\www\CarRentSystem\vendor\pestphp\pest\src\Concerns\Testable.php(331): P\Tests\Feature\ActivityLogManagementTest-&gt;__callClosure(Object(Closure), Array)
#128 C:\laragon\www\CarRentSystem\vendor\pestphp\pest\src\Factories\TestCaseFactory.php(169) : eval()'d code(53): P\Tests\Feature\ActivityLogManagementTest-&gt;__runTest(Object(Closure))
#129 C:\laragon\www\CarRentSystem\vendor\phpunit\phpunit\src\Framework\TestCase.php(1316): P\Tests\Feature\ActivityLogManagementTest-&gt;__pest_evaluable__Activity_Log_Management__→__Activity_Log_Listing__→_it_filters_logs_by_action_type()
#130 C:\laragon\www\CarRentSystem\vendor\phpunit\phpunit\src\Framework\TestCase.php(516): PHPUnit\Framework\TestCase-&gt;runTest()
#131 C:\laragon\www\CarRentSystem\vendor\phpunit\phpunit\src\Framework\TestRunner\TestRunner.php(99): PHPUnit\Framework\TestCase-&gt;runBare()
#132 C:\laragon\www\CarRentSystem\vendor\phpunit\phpunit\src\Framework\TestCase.php(357): PHPUnit\Framework\TestRunner-&gt;run(Object(P\Tests\Feature\ActivityLogManagementTest))
#133 C:\laragon\www\CarRentSystem\vendor\phpunit\phpunit\src\Framework\TestSuite.php(374): PHPUnit\Framework\TestCase-&gt;run()
#134 C:\laragon\www\CarRentSystem\vendor\phpunit\phpunit\src\Framework\TestSuite.php(374): PHPUnit\Framework\TestSuite-&gt;run()
#135 C:\laragon\www\CarRentSystem\vendor\phpunit\phpunit\src\Framework\TestSuite.php(374): PHPUnit\Framework\TestSuite-&gt;run()
#136 C:\laragon\www\CarRentSystem\vendor\phpunit\phpunit\src\TextUI\TestRunner.php(64): PHPUnit\Framework\TestSuite-&gt;run()
#137 C:\laragon\www\CarRentSystem\vendor\phpunit\phpunit\src\TextUI\Application.php(229): PHPUnit\TextUI\TestRunner-&gt;run(Object(PHPUnit\TextUI\Configuration\Configuration), Object(PHPUnit\Runner\ResultCache\DefaultResultCache), Object(PHPUnit\Framework\TestSuite))
#138 C:\laragon\www\CarRentSystem\vendor\pestphp\pest\src\Kernel.php(103): PHPUnit\TextUI\Application-&gt;run(Array)
#139 C:\laragon\www\CarRentSystem\vendor\pestphp\pest\bin\pest(184): Pest\Kernel-&gt;handle(Array, Array)
#140 C:\laragon\www\CarRentSystem\vendor\pestphp\pest\bin\pest(192): {closure:C:\laragon\www\CarRentSystem\vendor\pestphp\pest\bin\pest:18}()
#141 C:\laragon\www\CarRentSystem\vendor\bin\pest(119): include('C:\\laragon\\www\\...')
#142 {main}

Next Illuminate\View\ViewException: SQLSTATE[HY000]: General error: 1 no such column: activity_log.name (Connection: sqlite, SQL: select "activity_log"."name", "" from "activity_log" order by "activity_log"."name" asc limit 50) (View: C:\laragon\www\CarRentSystem\vendor\filament\forms\resources\views\components\select.blade.php) (View: C:\laragon\www\CarRentSystem\vendor\filament\forms\resources\views\components\select.blade.php) in C:\laragon\www\CarRentSystem\vendor\laravel\framework\src\Illuminate\Database\Connection.php:824
Stack trace:
#0 C:\laragon\www\CarRentSystem\vendor\livewire\livewire\src\Mechanisms\ExtendBlade\ExtendedCompilerEngine.php(58): Illuminate\View\Engines\CompilerEngine-&gt;handleViewException(Object(Illuminate\View\ViewException), 11)
#1 C:\laragon\www\CarRentSystem\vendor\livewire\livewire\src\Mechanisms\ExtendBlade\ExtendedCompilerEngine.php(40): Livewire\Mechanisms\ExtendBlade\ExtendedCompilerEngine-&gt;handleViewException(Object(Illuminate\View\ViewException), 11)
#2 C:\laragon\www\CarRentSystem\vendor\laravel\framework\src\Illuminate\View\Engines\CompilerEngine.php(76): Livewire\Mechanisms\ExtendBlade\ExtendedCompilerEngine-&gt;evaluatePath('C:\\laragon\\www\\...', Array)
#3 C:\laragon\www\CarRentSystem\vendor\livewire\livewire\src\Mechanisms\ExtendBlade\ExtendedCompilerEngine.php(16): Illuminate\View\Engines\CompilerEngine-&gt;get('C:\\laragon\\www\\...', Array)
#4 C:\laragon\www\CarRentSystem\vendor\laravel\framework\src\Illuminate\View\View.php(208): Livewire\Mechanisms\ExtendBlade\ExtendedCompilerEngine-&gt;get('C:\\laragon\\www\\...', Array)
#5 C:\laragon\www\CarRentSystem\vendor\laravel\framework\src\Illuminate\View\View.php(191): Illuminate\View\View-&gt;getContents()
#6 C:\laragon\www\CarRentSystem\vendor\laravel\framework\src\Illuminate\View\View.php(160): Illuminate\View\View-&gt;renderContents()
#7 C:\laragon\www\CarRentSystem\vendor\filament\support\src\Components\ViewComponent.php(125): Illuminate\View\View-&gt;render()
#8 C:\laragon\www\CarRentSystem\vendor\filament\schemas\src\Components\Component.php(221): Filament\Support\Components\ViewComponent-&gt;toHtml()
#9 C:\laragon\www\CarRentSystem\vendor\filament\schemas\src\Schema.php(205): Filament\Schemas\Components\Component-&gt;toSchemaHtml(true)
#10 C:\laragon\www\CarRentSystem\vendor\filament\support\src\Components\ViewComponent.php(122): Filament\Schemas\Schema-&gt;toEmbeddedHtml()
#11 C:\laragon\www\CarRentSystem\vendor\laravel\framework\src\Illuminate\Support\helpers.php(130): Filament\Support\Components\ViewComponent-&gt;toHtml()
#12 C:\laragon\www\CarRentSystem\storage\framework\views\1a3d3d822b7060b360e0a4f4cc781bd5.php(92): e(Object(Filament\Schemas\Schema))
#13 C:\laragon\www\CarRentSystem\vendor\livewire\livewire\src\Mechanisms\ExtendBlade\ExtendedCompilerEngine.php(37): include('C:\\laragon\\www\\...')
#14 C:\laragon\www\CarRentSystem\vendor\livewire\livewire\src\Mechanisms\ExtendBlade\ExtendedCompilerEngine.php(38): App\Filament\Resources\ActivityLogResource\Pages\ListActivityLogs-&gt;{closure:Livewire\Mechanisms\ExtendBlade\ExtendedCompilerEngine::evaluatePath():35}()
#15 C:\laragon\www\CarRentSystem\vendor\laravel\framework\src\Illuminate\View\Engines\CompilerEngine.php(76): Livewire\Mechanisms\ExtendBlade\ExtendedCompilerEngine-&gt;evaluatePath('C:\\laragon\\www\\...', Array)
#16 C:\laragon\www\CarRentSystem\vendor\livewire\livewire\src\Mechanisms\ExtendBlade\ExtendedCompilerEngine.php(16): Illuminate\View\Engines\CompilerEngine-&gt;get('C:\\laragon\\www\\...', Array)
#17 C:\laragon\www\CarRentSystem\vendor\laravel\framework\src\Illuminate\View\View.php(208): Livewire\Mechanisms\ExtendBlade\ExtendedCompilerEngine-&gt;get('C:\\laragon\\www\\...', Array)
#18 C:\laragon\www\CarRentSystem\vendor\laravel\framework\src\Illuminate\View\View.php(191): Illuminate\View\View-&gt;getContents()
#19 C:\laragon\www\CarRentSystem\vendor\laravel\framework\src\Illuminate\View\View.php(160): Illuminate\View\View-&gt;renderContents()
#20 C:\laragon\www\CarRentSystem\vendor\laravel\framework\src\Illuminate\View\Concerns\ManagesComponents.php(103): Illuminate\View\View-&gt;render()
#21 C:\laragon\www\CarRentSystem\storage\framework\views\63d0da9e86cc349a52193e89442d61e4.php(727): Illuminate\View\Factory-&gt;renderComponent()
#22 C:\laragon\www\CarRentSystem\vendor\livewire\livewire\src\Mechanisms\ExtendBlade\ExtendedCompilerEngine.php(37): include('C:\\laragon\\www\\...')
#23 C:\laragon\www\CarRentSystem\vendor\livewire\livewire\src\Mechanisms\ExtendBlade\ExtendedCompilerEngine.php(38): App\Filament\Resources\ActivityLogResource\Pages\ListActivityLogs-&gt;{closure:Livewire\Mechanisms\ExtendBlade\ExtendedCompilerEngine::evaluatePath():35}()
#24 C:\laragon\www\CarRentSystem\vendor\laravel\framework\src\Illuminate\View\Engines\CompilerEngine.php(76): Livewire\Mechanisms\ExtendBlade\ExtendedCompilerEngine-&gt;evaluatePath('C:\\laragon\\www\\...', Array)
#25 C:\laragon\www\CarRentSystem\vendor\livewire\livewire\src\Mechanisms\ExtendBlade\ExtendedCompilerEngine.php(16): Illuminate\View\Engines\CompilerEngine-&gt;get('C:\\laragon\\www\\...', Array)
#26 C:\laragon\www\CarRentSystem\vendor\laravel\framework\src\Illuminate\View\View.php(208): Livewire\Mechanisms\ExtendBlade\ExtendedCompilerEngine-&gt;get('C:\\laragon\\www\\...', Array)
#27 C:\laragon\www\CarRentSystem\vendor\laravel\framework\src\Illuminate\View\View.php(191): Illuminate\View\View-&gt;getContents()
#28 C:\laragon\www\CarRentSystem\vendor\laravel\framework\src\Illuminate\View\View.php(160): Illuminate\View\View-&gt;renderContents()
#29 C:\laragon\www\CarRentSystem\vendor\filament\support\src\Components\ViewComponent.php(125): Illuminate\View\View-&gt;render()
#30 C:\laragon\www\CarRentSystem\vendor\filament\schemas\src\Components\Component.php(221): Filament\Support\Components\ViewComponent-&gt;toHtml()
#31 C:\laragon\www\CarRentSystem\vendor\filament\schemas\src\Schema.php(205): Filament\Schemas\Components\Component-&gt;toSchemaHtml(true)
#32 C:\laragon\www\CarRentSystem\vendor\filament\support\src\Components\ViewComponent.php(122): Filament\Schemas\Schema-&gt;toEmbeddedHtml()
#33 C:\laragon\www\CarRentSystem\vendor\laravel\framework\src\Illuminate\Support\helpers.php(130): Filament\Support\Components\ViewComponent-&gt;toHtml()
#34 C:\laragon\www\CarRentSystem\storage\framework\views\440b755faea75388110fdd3acae41dc5.php(11): e(Object(Filament\Schemas\Schema))
#35 C:\laragon\www\CarRentSystem\vendor\livewire\livewire\src\Mechanisms\ExtendBlade\ExtendedCompilerEngine.php(37): include('C:\\laragon\\www\\...')
#36 C:\laragon\www\CarRentSystem\vendor\livewire\livewire\src\Mechanisms\ExtendBlade\ExtendedCompilerEngine.php(38): App\Filament\Resources\ActivityLogResource\Pages\ListActivityLogs-&gt;{closure:Livewire\Mechanisms\ExtendBlade\ExtendedCompilerEngine::evaluatePath():35}()
#37 C:\laragon\www\CarRentSystem\vendor\laravel\framework\src\Illuminate\View\Engines\CompilerEngine.php(76): Livewire\Mechanisms\ExtendBlade\ExtendedCompilerEngine-&gt;evaluatePath('C:\\laragon\\www\\...', Array)
#38 C:\laragon\www\CarRentSystem\vendor\livewire\livewire\src\Mechanisms\ExtendBlade\ExtendedCompilerEngine.php(16): Illuminate\View\Engines\CompilerEngine-&gt;get('C:\\laragon\\www\\...', Array)
#39 C:\laragon\www\CarRentSystem\vendor\laravel\framework\src\Illuminate\View\View.php(208): Livewire\Mechanisms\ExtendBlade\ExtendedCompilerEngine-&gt;get('C:\\laragon\\www\\...', Array)
#40 C:\laragon\www\CarRentSystem\vendor\laravel\framework\src\Illuminate\View\View.php(191): Illuminate\View\View-&gt;getContents()
#41 C:\laragon\www\CarRentSystem\vendor\laravel\framework\src\Illuminate\View\View.php(160): Illuminate\View\View-&gt;renderContents()
#42 C:\laragon\www\CarRentSystem\vendor\livewire\livewire\src\Mechanisms\HandleComponents\HandleComponents.php(259): Illuminate\View\View-&gt;render(Object(Closure))
#43 C:\laragon\www\CarRentSystem\vendor\livewire\livewire\src\Mechanisms\HandleComponents\HandleComponents.php(303): Livewire\Mechanisms\HandleComponents\HandleComponents-&gt;{closure:Livewire\Mechanisms\HandleComponents\HandleComponents::render():251}()
#44 C:\laragon\www\CarRentSystem\vendor\livewire\livewire\src\Mechanisms\HandleComponents\HandleComponents.php(251): Livewire\Mechanisms\HandleComponents\HandleComponents-&gt;trackInRenderStack(Object(App\Filament\Resources\ActivityLogResource\Pages\ListActivityLogs), Object(Closure))
#45 C:\laragon\www\CarRentSystem\vendor\livewire\livewire\src\Mechanisms\HandleComponents\HandleComponents.php(54): Livewire\Mechanisms\HandleComponents\HandleComponents-&gt;render(Object(App\Filament\Resources\ActivityLogResource\Pages\ListActivityLogs), '&lt;div&gt;&lt;/div&gt;')
#46 C:\laragon\www\CarRentSystem\vendor\livewire\livewire\src\LivewireManager.php(73): Livewire\Mechanisms\HandleComponents\HandleComponents-&gt;mount('App\\Filament\\Re...', Array, NULL)
#47 C:\laragon\www\CarRentSystem\vendor\livewire\livewire\src\Features\SupportPageComponents\HandlesPageComponents.php(17): Livewire\LivewireManager-&gt;mount('App\\Filament\\Re...', Array)
#48 C:\laragon\www\CarRentSystem\vendor\livewire\livewire\src\Features\SupportPageComponents\SupportPageComponents.php(117): Livewire\Component-&gt;{closure:Livewire\Features\SupportPageComponents\HandlesPageComponents::__invoke():14}()
#49 C:\laragon\www\CarRentSystem\vendor\livewire\livewire\src\Features\SupportPageComponents\HandlesPageComponents.php(14): Livewire\Features\SupportPageComponents\SupportPageComponents::interceptTheRenderOfTheComponentAndRetreiveTheLayoutConfiguration(Object(Closure))
#50 C:\laragon\www\CarRentSystem\vendor\laravel\framework\src\Illuminate\Routing\ControllerDispatcher.php(46): Livewire\Component-&gt;__invoke()
#51 C:\laragon\www\CarRentSystem\vendor\laravel\framework\src\Illuminate\Routing\Route.php(265): Illuminate\Routing\ControllerDispatcher-&gt;dispatch(Object(Illuminate\Routing\Route), Object(App\Filament\Resources\ActivityLogResource\Pages\ListActivityLogs), '__invoke')
#52 C:\laragon\www\CarRentSystem\vendor\laravel\framework\src\Illuminate\Routing\Route.php(211): Illuminate\Routing\Route-&gt;runController()
#53 C:\laragon\www\CarRentSystem\vendor\laravel\framework\src\Illuminate\Routing\Router.php(822): Illuminate\Routing\Route-&gt;run()
#54 C:\laragon\www\CarRentSystem\vendor\laravel\framework\src\Illuminate\Pipeline\Pipeline.php(180): Illuminate\Routing\Router-&gt;{closure:Illuminate\Routing\Router::runRouteWithinStack():821}(Object(Illuminate\Http\Request))
#55 C:\laragon\www\CarRentSystem\vendor\filament\filament\src\Http\Middleware\DispatchServingFilamentEvent.php(15): Illuminate\Pipeline\Pipeline-&gt;{closure:Illuminate\Pipeline\Pipeline::prepareDestination():178}(Object(Illuminate\Http\Request))
#56 C:\laragon\www\CarRentSystem\vendor\laravel\framework\src\Illuminate\Pipeline\Pipeline.php(219): Filament\Http\Middleware\DispatchServingFilamentEvent-&gt;handle(Object(Illuminate\Http\Request), Object(Closure))
#57 C:\laragon\www\CarRentSystem\vendor\filament\filament\src\Http\Middleware\DisableBladeIconComponents.php(14): Illuminate\Pipeline\Pipeline-&gt;{closure:{closure:Illuminate\Pipeline\Pipeline::carry():194}:195}(Object(Illuminate\Http\Request))
#58 C:\laragon\www\CarRentSystem\vendor\laravel\framework\src\Illuminate\Pipeline\Pipeline.php(219): Filament\Http\Middleware\DisableBladeIconComponents-&gt;handle(Object(Illuminate\Http\Request), Object(Closure))
#59 C:\laragon\www\CarRentSystem\app\Http\Middleware\LocalizationMiddleware.php(41): Illuminate\Pipeline\Pipeline-&gt;{closure:{closure:Illuminate\Pipeline\Pipeline::carry():194}:195}(Object(Illuminate\Http\Request))
#60 C:\laragon\www\CarRentSystem\vendor\laravel\framework\src\Illuminate\Pipeline\Pipeline.php(219): App\Http\Middleware\LocalizationMiddleware-&gt;handle(Object(Illuminate\Http\Request), Object(Closure))
#61 C:\laragon\www\CarRentSystem\vendor\laravel\framework\src\Illuminate\Routing\Middleware\SubstituteBindings.php(50): Illuminate\Pipeline\Pipeline-&gt;{closure:{closure:Illuminate\Pipeline\Pipeline::carry():194}:195}(Object(Illuminate\Http\Request))
#62 C:\laragon\www\CarRentSystem\vendor\laravel\framework\src\Illuminate\Pipeline\Pipeline.php(219): Illuminate\Routing\Middleware\SubstituteBindings-&gt;handle(Object(Illuminate\Http\Request), Object(Closure))
#63 C:\laragon\www\CarRentSystem\vendor\laravel\framework\src\Illuminate\Auth\Middleware\Authenticate.php(63): Illuminate\Pipeline\Pipeline-&gt;{closure:{closure:Illuminate\Pipeline\Pipeline::carry():194}:195}(Object(Illuminate\Http\Request))
#64 C:\laragon\www\CarRentSystem\vendor\laravel\framework\src\Illuminate\Pipeline\Pipeline.php(219): Illuminate\Auth\Middleware\Authenticate-&gt;handle(Object(Illuminate\Http\Request), Object(Closure))
#65 C:\laragon\www\CarRentSystem\vendor\laravel\framework\src\Illuminate\View\Middleware\ShareErrorsFromSession.php(48): Illuminate\Pipeline\Pipeline-&gt;{closure:{closure:Illuminate\Pipeline\Pipeline::carry():194}:195}(Object(Illuminate\Http\Request))
#66 C:\laragon\www\CarRentSystem\vendor\laravel\framework\src\Illuminate\Pipeline\Pipeline.php(219): Illuminate\View\Middleware\ShareErrorsFromSession-&gt;handle(Object(Illuminate\Http\Request), Object(Closure))
#67 C:\laragon\www\CarRentSystem\vendor\laravel\framework\src\Illuminate\Session\Middleware\StartSession.php(120): Illuminate\Pipeline\Pipeline-&gt;{closure:{closure:Illuminate\Pipeline\Pipeline::carry():194}:195}(Object(Illuminate\Http\Request))
#68 C:\laragon\www\CarRentSystem\vendor\laravel\framework\src\Illuminate\Session\Middleware\StartSession.php(63): Illuminate\Session\Middleware\StartSession-&gt;handleStatefulRequest(Object(Illuminate\Http\Request), Object(Illuminate\Session\Store), Object(Closure))
#69 C:\laragon\www\CarRentSystem\vendor\laravel\framework\src\Illuminate\Pipeline\Pipeline.php(219): Illuminate\Session\Middleware\StartSession-&gt;handle(Object(Illuminate\Http\Request), Object(Closure))
#70 C:\laragon\www\CarRentSystem\vendor\laravel\framework\src\Illuminate\Cookie\Middleware\AddQueuedCookiesToResponse.php(36): Illuminate\Pipeline\Pipeline-&gt;{closure:{closure:Illuminate\Pipeline\Pipeline::carry():194}:195}(Object(Illuminate\Http\Request))
#71 C:\laragon\www\CarRentSystem\vendor\laravel\framework\src\Illuminate\Pipeline\Pipeline.php(219): Illuminate\Cookie\Middleware\AddQueuedCookiesToResponse-&gt;handle(Object(Illuminate\Http\Request), Object(Closure))
#72 C:\laragon\www\CarRentSystem\vendor\laravel\framework\src\Illuminate\Cookie\Middleware\EncryptCookies.php(74): Illuminate\Pipeline\Pipeline-&gt;{closure:{closure:Illuminate\Pipeline\Pipeline::carry():194}:195}(Object(Illuminate\Http\Request))
#73 C:\laragon\www\CarRentSystem\vendor\laravel\framework\src\Illuminate\Pipeline\Pipeline.php(219): Illuminate\Cookie\Middleware\EncryptCookies-&gt;handle(Object(Illuminate\Http\Request), Object(Closure))
#74 C:\laragon\www\CarRentSystem\vendor\filament\filament\src\Http\Middleware\SetUpPanel.php(19): Illuminate\Pipeline\Pipeline-&gt;{closure:{closure:Illuminate\Pipeline\Pipeline::carry():194}:195}(Object(Illuminate\Http\Request))
#75 C:\laragon\www\CarRentSystem\vendor\laravel\framework\src\Illuminate\Pipeline\Pipeline.php(219): Filament\Http\Middleware\SetUpPanel-&gt;handle(Object(Illuminate\Http\Request), Object(Closure), Object(Filament\Panel))
#76 C:\laragon\www\CarRentSystem\vendor\laravel\framework\src\Illuminate\Pipeline\Pipeline.php(137): Illuminate\Pipeline\Pipeline-&gt;{closure:{closure:Illuminate\Pipeline\Pipeline::carry():194}:195}(Object(Illuminate\Http\Request))
#77 C:\laragon\www\CarRentSystem\vendor\laravel\framework\src\Illuminate\Routing\Router.php(821): Illuminate\Pipeline\Pipeline-&gt;then(Object(Closure))
#78 C:\laragon\www\CarRentSystem\vendor\laravel\framework\src\Illuminate\Routing\Router.php(800): Illuminate\Routing\Router-&gt;runRouteWithinStack(Object(Illuminate\Routing\Route), Object(Illuminate\Http\Request))
#79 C:\laragon\www\CarRentSystem\vendor\laravel\framework\src\Illuminate\Routing\Router.php(764): Illuminate\Routing\Router-&gt;runRoute(Object(Illuminate\Http\Request), Object(Illuminate\Routing\Route))
#80 C:\laragon\www\CarRentSystem\vendor\laravel\framework\src\Illuminate\Routing\Router.php(753): Illuminate\Routing\Router-&gt;dispatchToRoute(Object(Illuminate\Http\Request))
#81 C:\laragon\www\CarRentSystem\vendor\laravel\framework\src\Illuminate\Foundation\Http\Kernel.php(200): Illuminate\Routing\Router-&gt;dispatch(Object(Illuminate\Http\Request))
#82 C:\laragon\www\CarRentSystem\vendor\laravel\framework\src\Illuminate\Pipeline\Pipeline.php(180): Illuminate\Foundation\Http\Kernel-&gt;{closure:Illuminate\Foundation\Http\Kernel::dispatchToRouter():197}(Object(Illuminate\Http\Request))
#83 C:\laragon\www\CarRentSystem\vendor\livewire\livewire\src\Features\SupportDisablingBackButtonCache\DisableBackButtonCacheMiddleware.php(19): Illuminate\Pipeline\Pipeline-&gt;{closure:Illuminate\Pipeline\Pipeline::prepareDestination():178}(Object(Illuminate\Http\Request))
#84 C:\laragon\www\CarRentSystem\vendor\laravel\framework\src\Illuminate\Pipeline\Pipeline.php(219): Livewire\Features\SupportDisablingBackButtonCache\DisableBackButtonCacheMiddleware-&gt;handle(Object(Illuminate\Http\Request), Object(Closure))
#85 C:\laragon\www\CarRentSystem\vendor\laravel\framework\src\Illuminate\Foundation\Http\Middleware\TransformsRequest.php(21): Illuminate\Pipeline\Pipeline-&gt;{closure:{closure:Illuminate\Pipeline\Pipeline::carry():194}:195}(Object(Illuminate\Http\Request))
#86 C:\laragon\www\CarRentSystem\vendor\laravel\framework\src\Illuminate\Foundation\Http\Middleware\ConvertEmptyStringsToNull.php(31): Illuminate\Foundation\Http\Middleware\TransformsRequest-&gt;handle(Object(Illuminate\Http\Request), Object(Closure))
#87 C:\laragon\www\CarRentSystem\vendor\laravel\framework\src\Illuminate\Pipeline\Pipeline.php(219): Illuminate\Foundation\Http\Middleware\ConvertEmptyStringsToNull-&gt;handle(Object(Illuminate\Http\Request), Object(Closure))
#88 C:\laragon\www\CarRentSystem\vendor\laravel\framework\src\Illuminate\Foundation\Http\Middleware\TransformsRequest.php(21): Illuminate\Pipeline\Pipeline-&gt;{closure:{closure:Illuminate\Pipeline\Pipeline::carry():194}:195}(Object(Illuminate\Http\Request))
#89 C:\laragon\www\CarRentSystem\vendor\laravel\framework\src\Illuminate\Foundation\Http\Middleware\TrimStrings.php(51): Illuminate\Foundation\Http\Middleware\TransformsRequest-&gt;handle(Object(Illuminate\Http\Request), Object(Closure))
#90 C:\laragon\www\CarRentSystem\vendor\laravel\framework\src\Illuminate\Pipeline\Pipeline.php(219): Illuminate\Foundation\Http\Middleware\TrimStrings-&gt;handle(Object(Illuminate\Http\Request), Object(Closure))
#91 C:\laragon\www\CarRentSystem\vendor\laravel\framework\src\Illuminate\Http\Middleware\ValidatePostSize.php(27): Illuminate\Pipeline\Pipeline-&gt;{closure:{closure:Illuminate\Pipeline\Pipeline::carry():194}:195}(Object(Illuminate\Http\Request))
#92 C:\laragon\www\CarRentSystem\vendor\laravel\framework\src\Illuminate\Pipeline\Pipeline.php(219): Illuminate\Http\Middleware\ValidatePostSize-&gt;handle(Object(Illuminate\Http\Request), Object(Closure))
#93 C:\laragon\www\CarRentSystem\vendor\laravel\framework\src\Illuminate\Foundation\Http\Middleware\PreventRequestsDuringMaintenance.php(109): Illuminate\Pipeline\Pipeline-&gt;{closure:{closure:Illuminate\Pipeline\Pipeline::carry():194}:195}(Object(Illuminate\Http\Request))
#94 C:\laragon\www\CarRentSystem\vendor\laravel\framework\src\Illuminate\Pipeline\Pipeline.php(219): Illuminate\Foundation\Http\Middleware\PreventRequestsDuringMaintenance-&gt;handle(Object(Illuminate\Http\Request), Object(Closure))
#95 C:\laragon\www\CarRentSystem\vendor\laravel\framework\src\Illuminate\Http\Middleware\HandleCors.php(61): Illuminate\Pipeline\Pipeline-&gt;{closure:{closure:Illuminate\Pipeline\Pipeline::carry():194}:195}(Object(Illuminate\Http\Request))
#96 C:\laragon\www\CarRentSystem\vendor\laravel\framework\src\Illuminate\Pipeline\Pipeline.php(219): Illuminate\Http\Middleware\HandleCors-&gt;handle(Object(Illuminate\Http\Request), Object(Closure))
#97 C:\laragon\www\CarRentSystem\vendor\laravel\framework\src\Illuminate\Http\Middleware\TrustProxies.php(58): Illuminate\Pipeline\Pipeline-&gt;{closure:{closure:Illuminate\Pipeline\Pipeline::carry():194}:195}(Object(Illuminate\Http\Request))
#98 C:\laragon\www\CarRentSystem\vendor\laravel\framework\src\Illuminate\Pipeline\Pipeline.php(219): Illuminate\Http\Middleware\TrustProxies-&gt;handle(Object(Illuminate\Http\Request), Object(Closure))
#99 C:\laragon\www\CarRentSystem\vendor\laravel\framework\src\Illuminate\Foundation\Http\Middleware\InvokeDeferredCallbacks.php(22): Illuminate\Pipeline\Pipeline-&gt;{closure:{closure:Illuminate\Pipeline\Pipeline::carry():194}:195}(Object(Illuminate\Http\Request))
#100 C:\laragon\www\CarRentSystem\vendor\laravel\framework\src\Illuminate\Pipeline\Pipeline.php(219): Illuminate\Foundation\Http\Middleware\InvokeDeferredCallbacks-&gt;handle(Object(Illuminate\Http\Request), Object(Closure))
#101 C:\laragon\www\CarRentSystem\vendor\laravel\framework\src\Illuminate\Http\Middleware\ValidatePathEncoding.php(26): Illuminate\Pipeline\Pipeline-&gt;{closure:{closure:Illuminate\Pipeline\Pipeline::carry():194}:195}(Object(Illuminate\Http\Request))
#102 C:\laragon\www\CarRentSystem\vendor\laravel\framework\src\Illuminate\Pipeline\Pipeline.php(219): Illuminate\Http\Middleware\ValidatePathEncoding-&gt;handle(Object(Illuminate\Http\Request), Object(Closure))
#103 C:\laragon\www\CarRentSystem\vendor\laravel\framework\src\Illuminate\Pipeline\Pipeline.php(137): Illuminate\Pipeline\Pipeline-&gt;{closure:{closure:Illuminate\Pipeline\Pipeline::carry():194}:195}(Object(Illuminate\Http\Request))
#104 C:\laragon\www\CarRentSystem\vendor\laravel\framework\src\Illuminate\Foundation\Http\Kernel.php(175): Illuminate\Pipeline\Pipeline-&gt;then(Object(Closure))
#105 C:\laragon\www\CarRentSystem\vendor\laravel\framework\src\Illuminate\Foundation\Http\Kernel.php(144): Illuminate\Foundation\Http\Kernel-&gt;sendRequestThroughRouter(Object(Illuminate\Http\Request))
#106 C:\laragon\www\CarRentSystem\vendor\laravel\framework\src\Illuminate\Foundation\Testing\Concerns\MakesHttpRequests.php(607): Illuminate\Foundation\Http\Kernel-&gt;handle(Object(Illuminate\Http\Request))
#107 C:\laragon\www\CarRentSystem\vendor\laravel\framework\src\Illuminate\Foundation\Testing\Concerns\MakesHttpRequests.php(368): Illuminate\Foundation\Testing\TestCase-&gt;call('GET', '/admin/activity...', Array, Array, Array, Array)
#108 C:\laragon\www\CarRentSystem\tests\Feature\ActivityLogManagementTest.php(56): Illuminate\Foundation\Testing\TestCase-&gt;get('/admin/activity...')
#109 C:\laragon\www\CarRentSystem\vendor\pestphp\pest\src\Factories\TestCaseMethodFactory.php(168): P\Tests\Feature\ActivityLogManagementTest-&gt;{closure:{closure:{closure:C:\laragon\www\CarRentSystem\tests\Feature\ActivityLogManagementTest.php:13}:20}:51}()
#110 [internal function]: P\Tests\Feature\ActivityLogManagementTest-&gt;{closure:Pest\Factories\TestCaseMethodFactory::getClosure():158}()
#111 C:\laragon\www\CarRentSystem\vendor\pestphp\pest\src\Concerns\Testable.php(429): call_user_func_array(Object(Closure), Array)
#112 C:\laragon\www\CarRentSystem\vendor\pestphp\pest\src\Support\ExceptionTrace.php(26): P\Tests\Feature\ActivityLogManagementTest-&gt;{closure:Pest\Concerns\Testable::__callClosure():429}()
#113 C:\laragon\www\CarRentSystem\vendor\pestphp\pest\src\Concerns\Testable.php(429): Pest\Support\ExceptionTrace::ensure(Object(Closure))
#114 C:\laragon\www\CarRentSystem\vendor\pestphp\pest\src\Concerns\Testable.php(331): P\Tests\Feature\ActivityLogManagementTest-&gt;__callClosure(Object(Closure), Array)
#115 C:\laragon\www\CarRentSystem\vendor\pestphp\pest\src\Factories\TestCaseFactory.php(169) : eval()'d code(53): P\Tests\Feature\ActivityLogManagementTest-&gt;__runTest(Object(Closure))
#116 C:\laragon\www\CarRentSystem\vendor\phpunit\phpunit\src\Framework\TestCase.php(1316): P\Tests\Feature\ActivityLogManagementTest-&gt;__pest_evaluable__Activity_Log_Management__→__Activity_Log_Listing__→_it_filters_logs_by_action_type()
#117 C:\laragon\www\CarRentSystem\vendor\phpunit\phpunit\src\Framework\TestCase.php(516): PHPUnit\Framework\TestCase-&gt;runTest()
#118 C:\laragon\www\CarRentSystem\vendor\phpunit\phpunit\src\Framework\TestRunner\TestRunner.php(99): PHPUnit\Framework\TestCase-&gt;runBare()
#119 C:\laragon\www\CarRentSystem\vendor\phpunit\phpunit\src\Framework\TestCase.php(357): PHPUnit\Framework\TestRunner-&gt;run(Object(P\Tests\Feature\ActivityLogManagementTest))
#120 C:\laragon\www\CarRentSystem\vendor\phpunit\phpunit\src\Framework\TestSuite.php(374): PHPUnit\Framework\TestCase-&gt;run()
#121 C:\laragon\www\CarRentSystem\vendor\phpunit\phpunit\src\Framework\TestSuite.php(374): PHPUnit\Framework\TestSuite-&gt;run()
#122 C:\laragon\www\CarRentSystem\vendor\phpunit\phpunit\src\Framework\TestSuite.php(374): PHPUnit\Framework\TestSuite-&gt;run()
#123 C:\laragon\www\CarRentSystem\vendor\phpunit\phpunit\src\TextUI\TestRunner.php(64): PHPUnit\Framework\TestSuite-&gt;run()
#124 C:\laragon\www\CarRentSystem\vendor\phpunit\phpunit\src\TextUI\Application.php(229): PHPUnit\TextUI\TestRunner-&gt;run(Object(PHPUnit\TextUI\Configuration\Configuration), Object(PHPUnit\Runner\ResultCache\DefaultResultCache), Object(PHPUnit\Framework\TestSuite))
#125 C:\laragon\www\CarRentSystem\vendor\pestphp\pest\src\Kernel.php(103): PHPUnit\TextUI\Application-&gt;run(Array)
#126 C:\laragon\www\CarRentSystem\vendor\pestphp\pest\bin\pest(184): Pest\Kernel-&gt;handle(Array, Array)
#127 C:\laragon\www\CarRentSystem\vendor\pestphp\pest\bin\pest(192): {closure:C:\laragon\www\CarRentSystem\vendor\pestphp\pest\bin\pest:18}()
#128 C:\laragon\www\CarRentSystem\vendor\bin\pest(119): include('C:\\laragon\\www\\...')
#129 {main}

Next Illuminate\View\ViewException: SQLSTATE[HY000]: General error: 1 no such column: activity_log.name (Connection: sqlite, SQL: select "activity_log"."name", "" from "activity_log" order by "activity_log"."name" asc limit 50) (View: C:\laragon\www\CarRentSystem\vendor\filament\forms\resources\views\components\select.blade.php) (View: C:\laragon\www\CarRentSystem\vendor\filament\forms\resources\views\components\select.blade.php) (View: C:\laragon\www\CarRentSystem\vendor\filament\forms\resources\views\components\select.blade.php) in C:\laragon\www\CarRentSystem\vendor\laravel\framework\src\Illuminate\Database\Connection.php:824
Stack trace:
#0 C:\laragon\www\CarRentSystem\vendor\livewire\livewire\src\Mechanisms\ExtendBlade\ExtendedCompilerEngine.php(58): Illuminate\View\Engines\CompilerEngine-&gt;handleViewException(Object(Illuminate\View\ViewException), 8)
#1 C:\laragon\www\CarRentSystem\vendor\livewire\livewire\src\Mechanisms\ExtendBlade\ExtendedCompilerEngine.php(40): Livewire\Mechanisms\ExtendBlade\ExtendedCompilerEngine-&gt;handleViewException(Object(Illuminate\View\ViewException), 8)
#2 C:\laragon\www\CarRentSystem\vendor\laravel\framework\src\Illuminate\View\Engines\CompilerEngine.php(76): Livewire\Mechanisms\ExtendBlade\ExtendedCompilerEngine-&gt;evaluatePath('C:\\laragon\\www\\...', Array)
#3 C:\laragon\www\CarRentSystem\vendor\livewire\livewire\src\Mechanisms\ExtendBlade\ExtendedCompilerEngine.php(16): Illuminate\View\Engines\CompilerEngine-&gt;get('C:\\laragon\\www\\...', Array)
#4 C:\laragon\www\CarRentSystem\vendor\laravel\framework\src\Illuminate\View\View.php(208): Livewire\Mechanisms\ExtendBlade\ExtendedCompilerEngine-&gt;get('C:\\laragon\\www\\...', Array)
#5 C:\laragon\www\CarRentSystem\vendor\laravel\framework\src\Illuminate\View\View.php(191): Illuminate\View\View-&gt;getContents()
#6 C:\laragon\www\CarRentSystem\vendor\laravel\framework\src\Illuminate\View\View.php(160): Illuminate\View\View-&gt;renderContents()
#7 C:\laragon\www\CarRentSystem\vendor\laravel\framework\src\Illuminate\View\Concerns\ManagesComponents.php(103): Illuminate\View\View-&gt;render()
#8 C:\laragon\www\CarRentSystem\storage\framework\views\63d0da9e86cc349a52193e89442d61e4.php(727): Illuminate\View\Factory-&gt;renderComponent()
#9 C:\laragon\www\CarRentSystem\vendor\livewire\livewire\src\Mechanisms\ExtendBlade\ExtendedCompilerEngine.php(37): include('C:\\laragon\\www\\...')
#10 C:\laragon\www\CarRentSystem\vendor\livewire\livewire\src\Mechanisms\ExtendBlade\ExtendedCompilerEngine.php(38): App\Filament\Resources\ActivityLogResource\Pages\ListActivityLogs-&gt;{closure:Livewire\Mechanisms\ExtendBlade\ExtendedCompilerEngine::evaluatePath():35}()
#11 C:\laragon\www\CarRentSystem\vendor\laravel\framework\src\Illuminate\View\Engines\CompilerEngine.php(76): Livewire\Mechanisms\ExtendBlade\ExtendedCompilerEngine-&gt;evaluatePath('C:\\laragon\\www\\...', Array)
#12 C:\laragon\www\CarRentSystem\vendor\livewire\livewire\src\Mechanisms\ExtendBlade\ExtendedCompilerEngine.php(16): Illuminate\View\Engines\CompilerEngine-&gt;get('C:\\laragon\\www\\...', Array)
#13 C:\laragon\www\CarRentSystem\vendor\laravel\framework\src\Illuminate\View\View.php(208): Livewire\Mechanisms\ExtendBlade\ExtendedCompilerEngine-&gt;get('C:\\laragon\\www\\...', Array)
#14 C:\laragon\www\CarRentSystem\vendor\laravel\framework\src\Illuminate\View\View.php(191): Illuminate\View\View-&gt;getContents()
#15 C:\laragon\www\CarRentSystem\vendor\laravel\framework\src\Illuminate\View\View.php(160): Illuminate\View\View-&gt;renderContents()
#16 C:\laragon\www\CarRentSystem\vendor\filament\support\src\Components\ViewComponent.php(125): Illuminate\View\View-&gt;render()
#17 C:\laragon\www\CarRentSystem\vendor\filament\schemas\src\Components\Component.php(221): Filament\Support\Components\ViewComponent-&gt;toHtml()
#18 C:\laragon\www\CarRentSystem\vendor\filament\schemas\src\Schema.php(205): Filament\Schemas\Components\Component-&gt;toSchemaHtml(true)
#19 C:\laragon\www\CarRentSystem\vendor\filament\support\src\Components\ViewComponent.php(122): Filament\Schemas\Schema-&gt;toEmbeddedHtml()
#20 C:\laragon\www\CarRentSystem\vendor\laravel\framework\src\Illuminate\Support\helpers.php(130): Filament\Support\Components\ViewComponent-&gt;toHtml()
#21 C:\laragon\www\CarRentSystem\storage\framework\views\440b755faea75388110fdd3acae41dc5.php(11): e(Object(Filament\Schemas\Schema))
#22 C:\laragon\www\CarRentSystem\vendor\livewire\livewire\src\Mechanisms\ExtendBlade\ExtendedCompilerEngine.php(37): include('C:\\laragon\\www\\...')
#23 C:\laragon\www\CarRentSystem\vendor\livewire\livewire\src\Mechanisms\ExtendBlade\ExtendedCompilerEngine.php(38): App\Filament\Resources\ActivityLogResource\Pages\ListActivityLogs-&gt;{closure:Livewire\Mechanisms\ExtendBlade\ExtendedCompilerEngine::evaluatePath():35}()
#24 C:\laragon\www\CarRentSystem\vendor\laravel\framework\src\Illuminate\View\Engines\CompilerEngine.php(76): Livewire\Mechanisms\ExtendBlade\ExtendedCompilerEngine-&gt;evaluatePath('C:\\laragon\\www\\...', Array)
#25 C:\laragon\www\CarRentSystem\vendor\livewire\livewire\src\Mechanisms\ExtendBlade\ExtendedCompilerEngine.php(16): Illuminate\View\Engines\CompilerEngine-&gt;get('C:\\laragon\\www\\...', Array)
#26 C:\laragon\www\CarRentSystem\vendor\laravel\framework\src\Illuminate\View\View.php(208): Livewire\Mechanisms\ExtendBlade\ExtendedCompilerEngine-&gt;get('C:\\laragon\\www\\...', Array)
#27 C:\laragon\www\CarRentSystem\vendor\laravel\framework\src\Illuminate\View\View.php(191): Illuminate\View\View-&gt;getContents()
#28 C:\laragon\www\CarRentSystem\vendor\laravel\framework\src\Illuminate\View\View.php(160): Illuminate\View\View-&gt;renderContents()
#29 C:\laragon\www\CarRentSystem\vendor\livewire\livewire\src\Mechanisms\HandleComponents\HandleComponents.php(259): Illuminate\View\View-&gt;render(Object(Closure))
#30 C:\laragon\www\CarRentSystem\vendor\livewire\livewire\src\Mechanisms\HandleComponents\HandleComponents.php(303): Livewire\Mechanisms\HandleComponents\HandleComponents-&gt;{closure:Livewire\Mechanisms\HandleComponents\HandleComponents::render():251}()
#31 C:\laragon\www\CarRentSystem\vendor\livewire\livewire\src\Mechanisms\HandleComponents\HandleComponents.php(251): Livewire\Mechanisms\HandleComponents\HandleComponents-&gt;trackInRenderStack(Object(App\Filament\Resources\ActivityLogResource\Pages\ListActivityLogs), Object(Closure))
#32 C:\laragon\www\CarRentSystem\vendor\livewire\livewire\src\Mechanisms\HandleComponents\HandleComponents.php(54): Livewire\Mechanisms\HandleComponents\HandleComponents-&gt;render(Object(App\Filament\Resources\ActivityLogResource\Pages\ListActivityLogs), '&lt;div&gt;&lt;/div&gt;')
#33 C:\laragon\www\CarRentSystem\vendor\livewire\livewire\src\LivewireManager.php(73): Livewire\Mechanisms\HandleComponents\HandleComponents-&gt;mount('App\\Filament\\Re...', Array, NULL)
#34 C:\laragon\www\CarRentSystem\vendor\livewire\livewire\src\Features\SupportPageComponents\HandlesPageComponents.php(17): Livewire\LivewireManager-&gt;mount('App\\Filament\\Re...', Array)
#35 C:\laragon\www\CarRentSystem\vendor\livewire\livewire\src\Features\SupportPageComponents\SupportPageComponents.php(117): Livewire\Component-&gt;{closure:Livewire\Features\SupportPageComponents\HandlesPageComponents::__invoke():14}()
#36 C:\laragon\www\CarRentSystem\vendor\livewire\livewire\src\Features\SupportPageComponents\HandlesPageComponents.php(14): Livewire\Features\SupportPageComponents\SupportPageComponents::interceptTheRenderOfTheComponentAndRetreiveTheLayoutConfiguration(Object(Closure))
#37 C:\laragon\www\CarRentSystem\vendor\laravel\framework\src\Illuminate\Routing\ControllerDispatcher.php(46): Livewire\Component-&gt;__invoke()
#38 C:\laragon\www\CarRentSystem\vendor\laravel\framework\src\Illuminate\Routing\Route.php(265): Illuminate\Routing\ControllerDispatcher-&gt;dispatch(Object(Illuminate\Routing\Route), Object(App\Filament\Resources\ActivityLogResource\Pages\ListActivityLogs), '__invoke')
#39 C:\laragon\www\CarRentSystem\vendor\laravel\framework\src\Illuminate\Routing\Route.php(211): Illuminate\Routing\Route-&gt;runController()
#40 C:\laragon\www\CarRentSystem\vendor\laravel\framework\src\Illuminate\Routing\Router.php(822): Illuminate\Routing\Route-&gt;run()
#41 C:\laragon\www\CarRentSystem\vendor\laravel\framework\src\Illuminate\Pipeline\Pipeline.php(180): Illuminate\Routing\Router-&gt;{closure:Illuminate\Routing\Router::runRouteWithinStack():821}(Object(Illuminate\Http\Request))
#42 C:\laragon\www\CarRentSystem\vendor\filament\filament\src\Http\Middleware\DispatchServingFilamentEvent.php(15): Illuminate\Pipeline\Pipeline-&gt;{closure:Illuminate\Pipeline\Pipeline::prepareDestination():178}(Object(Illuminate\Http\Request))
#43 C:\laragon\www\CarRentSystem\vendor\laravel\framework\src\Illuminate\Pipeline\Pipeline.php(219): Filament\Http\Middleware\DispatchServingFilamentEvent-&gt;handle(Object(Illuminate\Http\Request), Object(Closure))
#44 C:\laragon\www\CarRentSystem\vendor\filament\filament\src\Http\Middleware\DisableBladeIconComponents.php(14): Illuminate\Pipeline\Pipeline-&gt;{closure:{closure:Illuminate\Pipeline\Pipeline::carry():194}:195}(Object(Illuminate\Http\Request))
#45 C:\laragon\www\CarRentSystem\vendor\laravel\framework\src\Illuminate\Pipeline\Pipeline.php(219): Filament\Http\Middleware\DisableBladeIconComponents-&gt;handle(Object(Illuminate\Http\Request), Object(Closure))
#46 C:\laragon\www\CarRentSystem\app\Http\Middleware\LocalizationMiddleware.php(41): Illuminate\Pipeline\Pipeline-&gt;{closure:{closure:Illuminate\Pipeline\Pipeline::carry():194}:195}(Object(Illuminate\Http\Request))
#47 C:\laragon\www\CarRentSystem\vendor\laravel\framework\src\Illuminate\Pipeline\Pipeline.php(219): App\Http\Middleware\LocalizationMiddleware-&gt;handle(Object(Illuminate\Http\Request), Object(Closure))
#48 C:\laragon\www\CarRentSystem\vendor\laravel\framework\src\Illuminate\Routing\Middleware\SubstituteBindings.php(50): Illuminate\Pipeline\Pipeline-&gt;{closure:{closure:Illuminate\Pipeline\Pipeline::carry():194}:195}(Object(Illuminate\Http\Request))
#49 C:\laragon\www\CarRentSystem\vendor\laravel\framework\src\Illuminate\Pipeline\Pipeline.php(219): Illuminate\Routing\Middleware\SubstituteBindings-&gt;handle(Object(Illuminate\Http\Request), Object(Closure))
#50 C:\laragon\www\CarRentSystem\vendor\laravel\framework\src\Illuminate\Auth\Middleware\Authenticate.php(63): Illuminate\Pipeline\Pipeline-&gt;{closure:{closure:Illuminate\Pipeline\Pipeline::carry():194}:195}(Object(Illuminate\Http\Request))
#51 C:\laragon\www\CarRentSystem\vendor\laravel\framework\src\Illuminate\Pipeline\Pipeline.php(219): Illuminate\Auth\Middleware\Authenticate-&gt;handle(Object(Illuminate\Http\Request), Object(Closure))
#52 C:\laragon\www\CarRentSystem\vendor\laravel\framework\src\Illuminate\View\Middleware\ShareErrorsFromSession.php(48): Illuminate\Pipeline\Pipeline-&gt;{closure:{closure:Illuminate\Pipeline\Pipeline::carry():194}:195}(Object(Illuminate\Http\Request))
#53 C:\laragon\www\CarRentSystem\vendor\laravel\framework\src\Illuminate\Pipeline\Pipeline.php(219): Illuminate\View\Middleware\ShareErrorsFromSession-&gt;handle(Object(Illuminate\Http\Request), Object(Closure))
#54 C:\laragon\www\CarRentSystem\vendor\laravel\framework\src\Illuminate\Session\Middleware\StartSession.php(120): Illuminate\Pipeline\Pipeline-&gt;{closure:{closure:Illuminate\Pipeline\Pipeline::carry():194}:195}(Object(Illuminate\Http\Request))
#55 C:\laragon\www\CarRentSystem\vendor\laravel\framework\src\Illuminate\Session\Middleware\StartSession.php(63): Illuminate\Session\Middleware\StartSession-&gt;handleStatefulRequest(Object(Illuminate\Http\Request), Object(Illuminate\Session\Store), Object(Closure))
#56 C:\laragon\www\CarRentSystem\vendor\laravel\framework\src\Illuminate\Pipeline\Pipeline.php(219): Illuminate\Session\Middleware\StartSession-&gt;handle(Object(Illuminate\Http\Request), Object(Closure))
#57 C:\laragon\www\CarRentSystem\vendor\laravel\framework\src\Illuminate\Cookie\Middleware\AddQueuedCookiesToResponse.php(36): Illuminate\Pipeline\Pipeline-&gt;{closure:{closure:Illuminate\Pipeline\Pipeline::carry():194}:195}(Object(Illuminate\Http\Request))
#58 C:\laragon\www\CarRentSystem\vendor\laravel\framework\src\Illuminate\Pipeline\Pipeline.php(219): Illuminate\Cookie\Middleware\AddQueuedCookiesToResponse-&gt;handle(Object(Illuminate\Http\Request), Object(Closure))
#59 C:\laragon\www\CarRentSystem\vendor\laravel\framework\src\Illuminate\Cookie\Middleware\EncryptCookies.php(74): Illuminate\Pipeline\Pipeline-&gt;{closure:{closure:Illuminate\Pipeline\Pipeline::carry():194}:195}(Object(Illuminate\Http\Request))
#60 C:\laragon\www\CarRentSystem\vendor\laravel\framework\src\Illuminate\Pipeline\Pipeline.php(219): Illuminate\Cookie\Middleware\EncryptCookies-&gt;handle(Object(Illuminate\Http\Request), Object(Closure))
#61 C:\laragon\www\CarRentSystem\vendor\filament\filament\src\Http\Middleware\SetUpPanel.php(19): Illuminate\Pipeline\Pipeline-&gt;{closure:{closure:Illuminate\Pipeline\Pipeline::carry():194}:195}(Object(Illuminate\Http\Request))
#62 C:\laragon\www\CarRentSystem\vendor\laravel\framework\src\Illuminate\Pipeline\Pipeline.php(219): Filament\Http\Middleware\SetUpPanel-&gt;handle(Object(Illuminate\Http\Request), Object(Closure), Object(Filament\Panel))
#63 C:\laragon\www\CarRentSystem\vendor\laravel\framework\src\Illuminate\Pipeline\Pipeline.php(137): Illuminate\Pipeline\Pipeline-&gt;{closure:{closure:Illuminate\Pipeline\Pipeline::carry():194}:195}(Object(Illuminate\Http\Request))
#64 C:\laragon\www\CarRentSystem\vendor\laravel\framework\src\Illuminate\Routing\Router.php(821): Illuminate\Pipeline\Pipeline-&gt;then(Object(Closure))
#65 C:\laragon\www\CarRentSystem\vendor\laravel\framework\src\Illuminate\Routing\Router.php(800): Illuminate\Routing\Router-&gt;runRouteWithinStack(Object(Illuminate\Routing\Route), Object(Illuminate\Http\Request))
#66 C:\laragon\www\CarRentSystem\vendor\laravel\framework\src\Illuminate\Routing\Router.php(764): Illuminate\Routing\Router-&gt;runRoute(Object(Illuminate\Http\Request), Object(Illuminate\Routing\Route))
#67 C:\laragon\www\CarRentSystem\vendor\laravel\framework\src\Illuminate\Routing\Router.php(753): Illuminate\Routing\Router-&gt;dispatchToRoute(Object(Illuminate\Http\Request))
#68 C:\laragon\www\CarRentSystem\vendor\laravel\framework\src\Illuminate\Foundation\Http\Kernel.php(200): Illuminate\Routing\Router-&gt;dispatch(Object(Illuminate\Http\Request))
#69 C:\laragon\www\CarRentSystem\vendor\laravel\framework\src\Illuminate\Pipeline\Pipeline.php(180): Illuminate\Foundation\Http\Kernel-&gt;{closure:Illuminate\Foundation\Http\Kernel::dispatchToRouter():197}(Object(Illuminate\Http\Request))
#70 C:\laragon\www\CarRentSystem\vendor\livewire\livewire\src\Features\SupportDisablingBackButtonCache\DisableBackButtonCacheMiddleware.php(19): Illuminate\Pipeline\Pipeline-&gt;{closure:Illuminate\Pipeline\Pipeline::prepareDestination():178}(Object(Illuminate\Http\Request))
#71 C:\laragon\www\CarRentSystem\vendor\laravel\framework\src\Illuminate\Pipeline\Pipeline.php(219): Livewire\Features\SupportDisablingBackButtonCache\DisableBackButtonCacheMiddleware-&gt;handle(Object(Illuminate\Http\Request), Object(Closure))
#72 C:\laragon\www\CarRentSystem\vendor\laravel\framework\src\Illuminate\Foundation\Http\Middleware\TransformsRequest.php(21): Illuminate\Pipeline\Pipeline-&gt;{closure:{closure:Illuminate\Pipeline\Pipeline::carry():194}:195}(Object(Illuminate\Http\Request))
#73 C:\laragon\www\CarRentSystem\vendor\laravel\framework\src\Illuminate\Foundation\Http\Middleware\ConvertEmptyStringsToNull.php(31): Illuminate\Foundation\Http\Middleware\TransformsRequest-&gt;handle(Object(Illuminate\Http\Request), Object(Closure))
#74 C:\laragon\www\CarRentSystem\vendor\laravel\framework\src\Illuminate\Pipeline\Pipeline.php(219): Illuminate\Foundation\Http\Middleware\ConvertEmptyStringsToNull-&gt;handle(Object(Illuminate\Http\Request), Object(Closure))
#75 C:\laragon\www\CarRentSystem\vendor\laravel\framework\src\Illuminate\Foundation\Http\Middleware\TransformsRequest.php(21): Illuminate\Pipeline\Pipeline-&gt;{closure:{closure:Illuminate\Pipeline\Pipeline::carry():194}:195}(Object(Illuminate\Http\Request))
#76 C:\laragon\www\CarRentSystem\vendor\laravel\framework\src\Illuminate\Foundation\Http\Middleware\TrimStrings.php(51): Illuminate\Foundation\Http\Middleware\TransformsRequest-&gt;handle(Object(Illuminate\Http\Request), Object(Closure))
#77 C:\laragon\www\CarRentSystem\vendor\laravel\framework\src\Illuminate\Pipeline\Pipeline.php(219): Illuminate\Foundation\Http\Middleware\TrimStrings-&gt;handle(Object(Illuminate\Http\Request), Object(Closure))
#78 C:\laragon\www\CarRentSystem\vendor\laravel\framework\src\Illuminate\Http\Middleware\ValidatePostSize.php(27): Illuminate\Pipeline\Pipeline-&gt;{closure:{closure:Illuminate\Pipeline\Pipeline::carry():194}:195}(Object(Illuminate\Http\Request))
#79 C:\laragon\www\CarRentSystem\vendor\laravel\framework\src\Illuminate\Pipeline\Pipeline.php(219): Illuminate\Http\Middleware\ValidatePostSize-&gt;handle(Object(Illuminate\Http\Request), Object(Closure))
#80 C:\laragon\www\CarRentSystem\vendor\laravel\framework\src\Illuminate\Foundation\Http\Middleware\PreventRequestsDuringMaintenance.php(109): Illuminate\Pipeline\Pipeline-&gt;{closure:{closure:Illuminate\Pipeline\Pipeline::carry():194}:195}(Object(Illuminate\Http\Request))
#81 C:\laragon\www\CarRentSystem\vendor\laravel\framework\src\Illuminate\Pipeline\Pipeline.php(219): Illuminate\Foundation\Http\Middleware\PreventRequestsDuringMaintenance-&gt;handle(Object(Illuminate\Http\Request), Object(Closure))
#82 C:\laragon\www\CarRentSystem\vendor\laravel\framework\src\Illuminate\Http\Middleware\HandleCors.php(61): Illuminate\Pipeline\Pipeline-&gt;{closure:{closure:Illuminate\Pipeline\Pipeline::carry():194}:195}(Object(Illuminate\Http\Request))
#83 C:\laragon\www\CarRentSystem\vendor\laravel\framework\src\Illuminate\Pipeline\Pipeline.php(219): Illuminate\Http\Middleware\HandleCors-&gt;handle(Object(Illuminate\Http\Request), Object(Closure))
#84 C:\laragon\www\CarRentSystem\vendor\laravel\framework\src\Illuminate\Http\Middleware\TrustProxies.php(58): Illuminate\Pipeline\Pipeline-&gt;{closure:{closure:Illuminate\Pipeline\Pipeline::carry():194}:195}(Object(Illuminate\Http\Request))
#85 C:\laragon\www\CarRentSystem\vendor\laravel\framework\src\Illuminate\Pipeline\Pipeline.php(219): Illuminate\Http\Middleware\TrustProxies-&gt;handle(Object(Illuminate\Http\Request), Object(Closure))
#86 C:\laragon\www\CarRentSystem\vendor\laravel\framework\src\Illuminate\Foundation\Http\Middleware\InvokeDeferredCallbacks.php(22): Illuminate\Pipeline\Pipeline-&gt;{closure:{closure:Illuminate\Pipeline\Pipeline::carry():194}:195}(Object(Illuminate\Http\Request))
#87 C:\laragon\www\CarRentSystem\vendor\laravel\framework\src\Illuminate\Pipeline\Pipeline.php(219): Illuminate\Foundation\Http\Middleware\InvokeDeferredCallbacks-&gt;handle(Object(Illuminate\Http\Request), Object(Closure))
#88 C:\laragon\www\CarRentSystem\vendor\laravel\framework\src\Illuminate\Http\Middleware\ValidatePathEncoding.php(26): Illuminate\Pipeline\Pipeline-&gt;{closure:{closure:Illuminate\Pipeline\Pipeline::carry():194}:195}(Object(Illuminate\Http\Request))
#89 C:\laragon\www\CarRentSystem\vendor\laravel\framework\src\Illuminate\Pipeline\Pipeline.php(219): Illuminate\Http\Middleware\ValidatePathEncoding-&gt;handle(Object(Illuminate\Http\Request), Object(Closure))
#90 C:\laragon\www\CarRentSystem\vendor\laravel\framework\src\Illuminate\Pipeline\Pipeline.php(137): Illuminate\Pipeline\Pipeline-&gt;{closure:{closure:Illuminate\Pipeline\Pipeline::carry():194}:195}(Object(Illuminate\Http\Request))
#91 C:\laragon\www\CarRentSystem\vendor\laravel\framework\src\Illuminate\Foundation\Http\Kernel.php(175): Illuminate\Pipeline\Pipeline-&gt;then(Object(Closure))
#92 C:\laragon\www\CarRentSystem\vendor\laravel\framework\src\Illuminate\Foundation\Http\Kernel.php(144): Illuminate\Foundation\Http\Kernel-&gt;sendRequestThroughRouter(Object(Illuminate\Http\Request))
#93 C:\laragon\www\CarRentSystem\vendor\laravel\framework\src\Illuminate\Foundation\Testing\Concerns\MakesHttpRequests.php(607): Illuminate\Foundation\Http\Kernel-&gt;handle(Object(Illuminate\Http\Request))
#94 C:\laragon\www\CarRentSystem\vendor\laravel\framework\src\Illuminate\Foundation\Testing\Concerns\MakesHttpRequests.php(368): Illuminate\Foundation\Testing\TestCase-&gt;call('GET', '/admin/activity...', Array, Array, Array, Array)
#95 C:\laragon\www\CarRentSystem\tests\Feature\ActivityLogManagementTest.php(56): Illuminate\Foundation\Testing\TestCase-&gt;get('/admin/activity...')
#96 C:\laragon\www\CarRentSystem\vendor\pestphp\pest\src\Factories\TestCaseMethodFactory.php(168): P\Tests\Feature\ActivityLogManagementTest-&gt;{closure:{closure:{closure:C:\laragon\www\CarRentSystem\tests\Feature\ActivityLogManagementTest.php:13}:20}:51}()
#97 [internal function]: P\Tests\Feature\ActivityLogManagementTest-&gt;{closure:Pest\Factories\TestCaseMethodFactory::getClosure():158}()
#98 C:\laragon\www\CarRentSystem\vendor\pestphp\pest\src\Concerns\Testable.php(429): call_user_func_array(Object(Closure), Array)
#99 C:\laragon\www\CarRentSystem\vendor\pestphp\pest\src\Support\ExceptionTrace.php(26): P\Tests\Feature\ActivityLogManagementTest-&gt;{closure:Pest\Concerns\Testable::__callClosure():429}()
#100 C:\laragon\www\CarRentSystem\vendor\pestphp\pest\src\Concerns\Testable.php(429): Pest\Support\ExceptionTrace::ensure(Object(Closure))
#101 C:\laragon\www\CarRentSystem\vendor\pestphp\pest\src\Concerns\Testable.php(331): P\Tests\Feature\ActivityLogManagementTest-&gt;__callClosure(Object(Closure), Array)
#102 C:\laragon\www\CarRentSystem\vendor\pestphp\pest\src\Factories\TestCaseFactory.php(169) : eval()'d code(53): P\Tests\Feature\ActivityLogManagementTest-&gt;__runTest(Object(Closure))
#103 C:\laragon\www\CarRentSystem\vendor\phpunit\phpunit\src\Framework\TestCase.php(1316): P\Tests\Feature\ActivityLogManagementTest-&gt;__pest_evaluable__Activity_Log_Management__→__Activity_Log_Listing__→_it_filters_logs_by_action_type()
#104 C:\laragon\www\CarRentSystem\vendor\phpunit\phpunit\src\Framework\TestCase.php(516): PHPUnit\Framework\TestCase-&gt;runTest()
#105 C:\laragon\www\CarRentSystem\vendor\phpunit\phpunit\src\Framework\TestRunner\TestRunner.php(99): PHPUnit\Framework\TestCase-&gt;runBare()
#106 C:\laragon\www\CarRentSystem\vendor\phpunit\phpunit\src\Framework\TestCase.php(357): PHPUnit\Framework\TestRunner-&gt;run(Object(P\Tests\Feature\ActivityLogManagementTest))
#107 C:\laragon\www\CarRentSystem\vendor\phpunit\phpunit\src\Framework\TestSuite.php(374): PHPUnit\Framework\TestCase-&gt;run()
#108 C:\laragon\www\CarRentSystem\vendor\phpunit\phpunit\src\Framework\TestSuite.php(374): PHPUnit\Framework\TestSuite-&gt;run()
#109 C:\laragon\www\CarRentSystem\vendor\phpunit\phpunit\src\Framework\TestSuite.php(374): PHPUnit\Framework\TestSuite-&gt;run()
#110 C:\laragon\www\CarRentSystem\vendor\phpunit\phpunit\src\TextUI\TestRunner.php(64): PHPUnit\Framework\TestSuite-&gt;run()
#111 C:\laragon\www\CarRentSystem\vendor\phpunit\phpunit\src\TextUI\Application.php(229): PHPUnit\TextUI\TestRunner-&gt;run(Object(PHPUnit\TextUI\Configuration\Configuration), Object(PHPUnit\Runner\ResultCache\DefaultResultCache), Object(PHPUnit\Framework\TestSuite))
#112 C:\laragon\www\CarRentSystem\vendor\pestphp\pest\src\Kernel.php(103): PHPUnit\TextUI\Application-&gt;run(Array)
#113 C:\laragon\www\CarRentSystem\vendor\pestphp\pest\bin\pest(184): Pest\Kernel-&gt;handle(Array, Array)
#114 C:\laragon\www\CarRentSystem\vendor\pestphp\pest\bin\pest(192): {closure:C:\laragon\www\CarRentSystem\vendor\pestphp\pest\bin\pest:18}()
#115 C:\laragon\www\CarRentSystem\vendor\bin\pest(119): include('C:\\laragon\\www\\...')
#116 {main}

Next Illuminate\View\ViewException: SQLSTATE[HY000]: General error: 1 no such column: activity_log.name (Connection: sqlite, SQL: select "activity_log"."name", "" from "activity_log" order by "activity_log"."name" asc limit 50) (View: C:\laragon\www\CarRentSystem\vendor\filament\forms\resources\views\components\select.blade.php) (View: C:\laragon\www\CarRentSystem\vendor\filament\forms\resources\views\components\select.blade.php) (View: C:\laragon\www\CarRentSystem\vendor\filament\forms\resources\views\components\select.blade.php) (View: C:\laragon\www\CarRentSystem\vendor\filament\forms\resources\views\components\select.blade.php) in C:\laragon\www\CarRentSystem\vendor\laravel\framework\src\Illuminate\Database\Connection.php:824
Stack trace:
#0 C:\laragon\www\CarRentSystem\vendor\livewire\livewire\src\Mechanisms\ExtendBlade\ExtendedCompilerEngine.php(58): Illuminate\View\Engines\CompilerEngine-&gt;handleViewException(Object(Illuminate\View\ViewException), 6)
#1 C:\laragon\www\CarRentSystem\vendor\livewire\livewire\src\Mechanisms\ExtendBlade\ExtendedCompilerEngine.php(40): Livewire\Mechanisms\ExtendBlade\ExtendedCompilerEngine-&gt;handleViewException(Object(Illuminate\View\ViewException), 6)
#2 C:\laragon\www\CarRentSystem\vendor\laravel\framework\src\Illuminate\View\Engines\CompilerEngine.php(76): Livewire\Mechanisms\ExtendBlade\ExtendedCompilerEngine-&gt;evaluatePath('C:\\laragon\\www\\...', Array)
#3 C:\laragon\www\CarRentSystem\vendor\livewire\livewire\src\Mechanisms\ExtendBlade\ExtendedCompilerEngine.php(16): Illuminate\View\Engines\CompilerEngine-&gt;get('C:\\laragon\\www\\...', Array)
#4 C:\laragon\www\CarRentSystem\vendor\laravel\framework\src\Illuminate\View\View.php(208): Livewire\Mechanisms\ExtendBlade\ExtendedCompilerEngine-&gt;get('C:\\laragon\\www\\...', Array)
#5 C:\laragon\www\CarRentSystem\vendor\laravel\framework\src\Illuminate\View\View.php(191): Illuminate\View\View-&gt;getContents()
#6 C:\laragon\www\CarRentSystem\vendor\laravel\framework\src\Illuminate\View\View.php(160): Illuminate\View\View-&gt;renderContents()
#7 C:\laragon\www\CarRentSystem\vendor\filament\support\src\Components\ViewComponent.php(125): Illuminate\View\View-&gt;render()
#8 C:\laragon\www\CarRentSystem\vendor\filament\schemas\src\Components\Component.php(221): Filament\Support\Components\ViewComponent-&gt;toHtml()
#9 C:\laragon\www\CarRentSystem\vendor\filament\schemas\src\Schema.php(205): Filament\Schemas\Components\Component-&gt;toSchemaHtml(true)
#10 C:\laragon\www\CarRentSystem\vendor\filament\support\src\Components\ViewComponent.php(122): Filament\Schemas\Schema-&gt;toEmbeddedHtml()
#11 C:\laragon\www\CarRentSystem\vendor\laravel\framework\src\Illuminate\Support\helpers.php(130): Filament\Support\Components\ViewComponent-&gt;toHtml()
#12 C:\laragon\www\CarRentSystem\storage\framework\views\440b755faea75388110fdd3acae41dc5.php(11): e(Object(Filament\Schemas\Schema))
#13 C:\laragon\www\CarRentSystem\vendor\livewire\livewire\src\Mechanisms\ExtendBlade\ExtendedCompilerEngine.php(37): include('C:\\laragon\\www\\...')
#14 C:\laragon\www\CarRentSystem\vendor\livewire\livewire\src\Mechanisms\ExtendBlade\ExtendedCompilerEngine.php(38): App\Filament\Resources\ActivityLogResource\Pages\ListActivityLogs-&gt;{closure:Livewire\Mechanisms\ExtendBlade\ExtendedCompilerEngine::evaluatePath():35}()
#15 C:\laragon\www\CarRentSystem\vendor\laravel\framework\src\Illuminate\View\Engines\CompilerEngine.php(76): Livewire\Mechanisms\ExtendBlade\ExtendedCompilerEngine-&gt;evaluatePath('C:\\laragon\\www\\...', Array)
#16 C:\laragon\www\CarRentSystem\vendor\livewire\livewire\src\Mechanisms\ExtendBlade\ExtendedCompilerEngine.php(16): Illuminate\View\Engines\CompilerEngine-&gt;get('C:\\laragon\\www\\...', Array)
#17 C:\laragon\www\CarRentSystem\vendor\laravel\framework\src\Illuminate\View\View.php(208): Livewire\Mechanisms\ExtendBlade\ExtendedCompilerEngine-&gt;get('C:\\laragon\\www\\...', Array)
#18 C:\laragon\www\CarRentSystem\vendor\laravel\framework\src\Illuminate\View\View.php(191): Illuminate\View\View-&gt;getContents()
#19 C:\laragon\www\CarRentSystem\vendor\laravel\framework\src\Illuminate\View\View.php(160): Illuminate\View\View-&gt;renderContents()
#20 C:\laragon\www\CarRentSystem\vendor\livewire\livewire\src\Mechanisms\HandleComponents\HandleComponents.php(259): Illuminate\View\View-&gt;render(Object(Closure))
#21 C:\laragon\www\CarRentSystem\vendor\livewire\livewire\src\Mechanisms\HandleComponents\HandleComponents.php(303): Livewire\Mechanisms\HandleComponents\HandleComponents-&gt;{closure:Livewire\Mechanisms\HandleComponents\HandleComponents::render():251}()
#22 C:\laragon\www\CarRentSystem\vendor\livewire\livewire\src\Mechanisms\HandleComponents\HandleComponents.php(251): Livewire\Mechanisms\HandleComponents\HandleComponents-&gt;trackInRenderStack(Object(App\Filament\Resources\ActivityLogResource\Pages\ListActivityLogs), Object(Closure))
#23 C:\laragon\www\CarRentSystem\vendor\livewire\livewire\src\Mechanisms\HandleComponents\HandleComponents.php(54): Livewire\Mechanisms\HandleComponents\HandleComponents-&gt;render(Object(App\Filament\Resources\ActivityLogResource\Pages\ListActivityLogs), '&lt;div&gt;&lt;/div&gt;')
#24 C:\laragon\www\CarRentSystem\vendor\livewire\livewire\src\LivewireManager.php(73): Livewire\Mechanisms\HandleComponents\HandleComponents-&gt;mount('App\\Filament\\Re...', Array, NULL)
#25 C:\laragon\www\CarRentSystem\vendor\livewire\livewire\src\Features\SupportPageComponents\HandlesPageComponents.php(17): Livewire\LivewireManager-&gt;mount('App\\Filament\\Re...', Array)
#26 C:\laragon\www\CarRentSystem\vendor\livewire\livewire\src\Features\SupportPageComponents\SupportPageComponents.php(117): Livewire\Component-&gt;{closure:Livewire\Features\SupportPageComponents\HandlesPageComponents::__invoke():14}()
#27 C:\laragon\www\CarRentSystem\vendor\livewire\livewire\src\Features\SupportPageComponents\HandlesPageComponents.php(14): Livewire\Features\SupportPageComponents\SupportPageComponents::interceptTheRenderOfTheComponentAndRetreiveTheLayoutConfiguration(Object(Closure))
#28 C:\laragon\www\CarRentSystem\vendor\laravel\framework\src\Illuminate\Routing\ControllerDispatcher.php(46): Livewire\Component-&gt;__invoke()
#29 C:\laragon\www\CarRentSystem\vendor\laravel\framework\src\Illuminate\Routing\Route.php(265): Illuminate\Routing\ControllerDispatcher-&gt;dispatch(Object(Illuminate\Routing\Route), Object(App\Filament\Resources\ActivityLogResource\Pages\ListActivityLogs), '__invoke')
#30 C:\laragon\www\CarRentSystem\vendor\laravel\framework\src\Illuminate\Routing\Route.php(211): Illuminate\Routing\Route-&gt;runController()
#31 C:\laragon\www\CarRentSystem\vendor\laravel\framework\src\Illuminate\Routing\Router.php(822): Illuminate\Routing\Route-&gt;run()
#32 C:\laragon\www\CarRentSystem\vendor\laravel\framework\src\Illuminate\Pipeline\Pipeline.php(180): Illuminate\Routing\Router-&gt;{closure:Illuminate\Routing\Router::runRouteWithinStack():821}(Object(Illuminate\Http\Request))
#33 C:\laragon\www\CarRentSystem\vendor\filament\filament\src\Http\Middleware\DispatchServingFilamentEvent.php(15): Illuminate\Pipeline\Pipeline-&gt;{closure:Illuminate\Pipeline\Pipeline::prepareDestination():178}(Object(Illuminate\Http\Request))
#34 C:\laragon\www\CarRentSystem\vendor\laravel\framework\src\Illuminate\Pipeline\Pipeline.php(219): Filament\Http\Middleware\DispatchServingFilamentEvent-&gt;handle(Object(Illuminate\Http\Request), Object(Closure))
#35 C:\laragon\www\CarRentSystem\vendor\filament\filament\src\Http\Middleware\DisableBladeIconComponents.php(14): Illuminate\Pipeline\Pipeline-&gt;{closure:{closure:Illuminate\Pipeline\Pipeline::carry():194}:195}(Object(Illuminate\Http\Request))
#36 C:\laragon\www\CarRentSystem\vendor\laravel\framework\src\Illuminate\Pipeline\Pipeline.php(219): Filament\Http\Middleware\DisableBladeIconComponents-&gt;handle(Object(Illuminate\Http\Request), Object(Closure))
#37 C:\laragon\www\CarRentSystem\app\Http\Middleware\LocalizationMiddleware.php(41): Illuminate\Pipeline\Pipeline-&gt;{closure:{closure:Illuminate\Pipeline\Pipeline::carry():194}:195}(Object(Illuminate\Http\Request))
#38 C:\laragon\www\CarRentSystem\vendor\laravel\framework\src\Illuminate\Pipeline\Pipeline.php(219): App\Http\Middleware\LocalizationMiddleware-&gt;handle(Object(Illuminate\Http\Request), Object(Closure))
#39 C:\laragon\www\CarRentSystem\vendor\laravel\framework\src\Illuminate\Routing\Middleware\SubstituteBindings.php(50): Illuminate\Pipeline\Pipeline-&gt;{closure:{closure:Illuminate\Pipeline\Pipeline::carry():194}:195}(Object(Illuminate\Http\Request))
#40 C:\laragon\www\CarRentSystem\vendor\laravel\framework\src\Illuminate\Pipeline\Pipeline.php(219): Illuminate\Routing\Middleware\SubstituteBindings-&gt;handle(Object(Illuminate\Http\Request), Object(Closure))
#41 C:\laragon\www\CarRentSystem\vendor\laravel\framework\src\Illuminate\Auth\Middleware\Authenticate.php(63): Illuminate\Pipeline\Pipeline-&gt;{closure:{closure:Illuminate\Pipeline\Pipeline::carry():194}:195}(Object(Illuminate\Http\Request))
#42 C:\laragon\www\CarRentSystem\vendor\laravel\framework\src\Illuminate\Pipeline\Pipeline.php(219): Illuminate\Auth\Middleware\Authenticate-&gt;handle(Object(Illuminate\Http\Request), Object(Closure))
#43 C:\laragon\www\CarRentSystem\vendor\laravel\framework\src\Illuminate\View\Middleware\ShareErrorsFromSession.php(48): Illuminate\Pipeline\Pipeline-&gt;{closure:{closure:Illuminate\Pipeline\Pipeline::carry():194}:195}(Object(Illuminate\Http\Request))
#44 C:\laragon\www\CarRentSystem\vendor\laravel\framework\src\Illuminate\Pipeline\Pipeline.php(219): Illuminate\View\Middleware\ShareErrorsFromSession-&gt;handle(Object(Illuminate\Http\Request), Object(Closure))
#45 C:\laragon\www\CarRentSystem\vendor\laravel\framework\src\Illuminate\Session\Middleware\StartSession.php(120): Illuminate\Pipeline\Pipeline-&gt;{closure:{closure:Illuminate\Pipeline\Pipeline::carry():194}:195}(Object(Illuminate\Http\Request))
#46 C:\laragon\www\CarRentSystem\vendor\laravel\framework\src\Illuminate\Session\Middleware\StartSession.php(63): Illuminate\Session\Middleware\StartSession-&gt;handleStatefulRequest(Object(Illuminate\Http\Request), Object(Illuminate\Session\Store), Object(Closure))
#47 C:\laragon\www\CarRentSystem\vendor\laravel\framework\src\Illuminate\Pipeline\Pipeline.php(219): Illuminate\Session\Middleware\StartSession-&gt;handle(Object(Illuminate\Http\Request), Object(Closure))
#48 C:\laragon\www\CarRentSystem\vendor\laravel\framework\src\Illuminate\Cookie\Middleware\AddQueuedCookiesToResponse.php(36): Illuminate\Pipeline\Pipeline-&gt;{closure:{closure:Illuminate\Pipeline\Pipeline::carry():194}:195}(Object(Illuminate\Http\Request))
#49 C:\laragon\www\CarRentSystem\vendor\laravel\framework\src\Illuminate\Pipeline\Pipeline.php(219): Illuminate\Cookie\Middleware\AddQueuedCookiesToResponse-&gt;handle(Object(Illuminate\Http\Request), Object(Closure))
#50 C:\laragon\www\CarRentSystem\vendor\laravel\framework\src\Illuminate\Cookie\Middleware\EncryptCookies.php(74): Illuminate\Pipeline\Pipeline-&gt;{closure:{closure:Illuminate\Pipeline\Pipeline::carry():194}:195}(Object(Illuminate\Http\Request))
#51 C:\laragon\www\CarRentSystem\vendor\laravel\framework\src\Illuminate\Pipeline\Pipeline.php(219): Illuminate\Cookie\Middleware\EncryptCookies-&gt;handle(Object(Illuminate\Http\Request), Object(Closure))
#52 C:\laragon\www\CarRentSystem\vendor\filament\filament\src\Http\Middleware\SetUpPanel.php(19): Illuminate\Pipeline\Pipeline-&gt;{closure:{closure:Illuminate\Pipeline\Pipeline::carry():194}:195}(Object(Illuminate\Http\Request))
#53 C:\laragon\www\CarRentSystem\vendor\laravel\framework\src\Illuminate\Pipeline\Pipeline.php(219): Filament\Http\Middleware\SetUpPanel-&gt;handle(Object(Illuminate\Http\Request), Object(Closure), Object(Filament\Panel))
#54 C:\laragon\www\CarRentSystem\vendor\laravel\framework\src\Illuminate\Pipeline\Pipeline.php(137): Illuminate\Pipeline\Pipeline-&gt;{closure:{closure:Illuminate\Pipeline\Pipeline::carry():194}:195}(Object(Illuminate\Http\Request))
#55 C:\laragon\www\CarRentSystem\vendor\laravel\framework\src\Illuminate\Routing\Router.php(821): Illuminate\Pipeline\Pipeline-&gt;then(Object(Closure))
#56 C:\laragon\www\CarRentSystem\vendor\laravel\framework\src\Illuminate\Routing\Router.php(800): Illuminate\Routing\Router-&gt;runRouteWithinStack(Object(Illuminate\Routing\Route), Object(Illuminate\Http\Request))
#57 C:\laragon\www\CarRentSystem\vendor\laravel\framework\src\Illuminate\Routing\Router.php(764): Illuminate\Routing\Router-&gt;runRoute(Object(Illuminate\Http\Request), Object(Illuminate\Routing\Route))
#58 C:\laragon\www\CarRentSystem\vendor\laravel\framework\src\Illuminate\Routing\Router.php(753): Illuminate\Routing\Router-&gt;dispatchToRoute(Object(Illuminate\Http\Request))
#59 C:\laragon\www\CarRentSystem\vendor\laravel\framework\src\Illuminate\Foundation\Http\Kernel.php(200): Illuminate\Routing\Router-&gt;dispatch(Object(Illuminate\Http\Request))
#60 C:\laragon\www\CarRentSystem\vendor\laravel\framework\src\Illuminate\Pipeline\Pipeline.php(180): Illuminate\Foundation\Http\Kernel-&gt;{closure:Illuminate\Foundation\Http\Kernel::dispatchToRouter():197}(Object(Illuminate\Http\Request))
#61 C:\laragon\www\CarRentSystem\vendor\livewire\livewire\src\Features\SupportDisablingBackButtonCache\DisableBackButtonCacheMiddleware.php(19): Illuminate\Pipeline\Pipeline-&gt;{closure:Illuminate\Pipeline\Pipeline::prepareDestination():178}(Object(Illuminate\Http\Request))
#62 C:\laragon\www\CarRentSystem\vendor\laravel\framework\src\Illuminate\Pipeline\Pipeline.php(219): Livewire\Features\SupportDisablingBackButtonCache\DisableBackButtonCacheMiddleware-&gt;handle(Object(Illuminate\Http\Request), Object(Closure))
#63 C:\laragon\www\CarRentSystem\vendor\laravel\framework\src\Illuminate\Foundation\Http\Middleware\TransformsRequest.php(21): Illuminate\Pipeline\Pipeline-&gt;{closure:{closure:Illuminate\Pipeline\Pipeline::carry():194}:195}(Object(Illuminate\Http\Request))
#64 C:\laragon\www\CarRentSystem\vendor\laravel\framework\src\Illuminate\Foundation\Http\Middleware\ConvertEmptyStringsToNull.php(31): Illuminate\Foundation\Http\Middleware\TransformsRequest-&gt;handle(Object(Illuminate\Http\Request), Object(Closure))
#65 C:\laragon\www\CarRentSystem\vendor\laravel\framework\src\Illuminate\Pipeline\Pipeline.php(219): Illuminate\Foundation\Http\Middleware\ConvertEmptyStringsToNull-&gt;handle(Object(Illuminate\Http\Request), Object(Closure))
#66 C:\laragon\www\CarRentSystem\vendor\laravel\framework\src\Illuminate\Foundation\Http\Middleware\TransformsRequest.php(21): Illuminate\Pipeline\Pipeline-&gt;{closure:{closure:Illuminate\Pipeline\Pipeline::carry():194}:195}(Object(Illuminate\Http\Request))
#67 C:\laragon\www\CarRentSystem\vendor\laravel\framework\src\Illuminate\Foundation\Http\Middleware\TrimStrings.php(51): Illuminate\Foundation\Http\Middleware\TransformsRequest-&gt;handle(Object(Illuminate\Http\Request), Object(Closure))
#68 C:\laragon\www\CarRentSystem\vendor\laravel\framework\src\Illuminate\Pipeline\Pipeline.php(219): Illuminate\Foundation\Http\Middleware\TrimStrings-&gt;handle(Object(Illuminate\Http\Request), Object(Closure))
#69 C:\laragon\www\CarRentSystem\vendor\laravel\framework\src\Illuminate\Http\Middleware\ValidatePostSize.php(27): Illuminate\Pipeline\Pipeline-&gt;{closure:{closure:Illuminate\Pipeline\Pipeline::carry():194}:195}(Object(Illuminate\Http\Request))
#70 C:\laragon\www\CarRentSystem\vendor\laravel\framework\src\Illuminate\Pipeline\Pipeline.php(219): Illuminate\Http\Middleware\ValidatePostSize-&gt;handle(Object(Illuminate\Http\Request), Object(Closure))
#71 C:\laragon\www\CarRentSystem\vendor\laravel\framework\src\Illuminate\Foundation\Http\Middleware\PreventRequestsDuringMaintenance.php(109): Illuminate\Pipeline\Pipeline-&gt;{closure:{closure:Illuminate\Pipeline\Pipeline::carry():194}:195}(Object(Illuminate\Http\Request))
#72 C:\laragon\www\CarRentSystem\vendor\laravel\framework\src\Illuminate\Pipeline\Pipeline.php(219): Illuminate\Foundation\Http\Middleware\PreventRequestsDuringMaintenance-&gt;handle(Object(Illuminate\Http\Request), Object(Closure))
#73 C:\laragon\www\CarRentSystem\vendor\laravel\framework\src\Illuminate\Http\Middleware\HandleCors.php(61): Illuminate\Pipeline\Pipeline-&gt;{closure:{closure:Illuminate\Pipeline\Pipeline::carry():194}:195}(Object(Illuminate\Http\Request))
#74 C:\laragon\www\CarRentSystem\vendor\laravel\framework\src\Illuminate\Pipeline\Pipeline.php(219): Illuminate\Http\Middleware\HandleCors-&gt;handle(Object(Illuminate\Http\Request), Object(Closure))
#75 C:\laragon\www\CarRentSystem\vendor\laravel\framework\src\Illuminate\Http\Middleware\TrustProxies.php(58): Illuminate\Pipeline\Pipeline-&gt;{closure:{closure:Illuminate\Pipeline\Pipeline::carry():194}:195}(Object(Illuminate\Http\Request))
#76 C:\laragon\www\CarRentSystem\vendor\laravel\framework\src\Illuminate\Pipeline\Pipeline.php(219): Illuminate\Http\Middleware\TrustProxies-&gt;handle(Object(Illuminate\Http\Request), Object(Closure))
#77 C:\laragon\www\CarRentSystem\vendor\laravel\framework\src\Illuminate\Foundation\Http\Middleware\InvokeDeferredCallbacks.php(22): Illuminate\Pipeline\Pipeline-&gt;{closure:{closure:Illuminate\Pipeline\Pipeline::carry():194}:195}(Object(Illuminate\Http\Request))
#78 C:\laragon\www\CarRentSystem\vendor\laravel\framework\src\Illuminate\Pipeline\Pipeline.php(219): Illuminate\Foundation\Http\Middleware\InvokeDeferredCallbacks-&gt;handle(Object(Illuminate\Http\Request), Object(Closure))
#79 C:\laragon\www\CarRentSystem\vendor\laravel\framework\src\Illuminate\Http\Middleware\ValidatePathEncoding.php(26): Illuminate\Pipeline\Pipeline-&gt;{closure:{closure:Illuminate\Pipeline\Pipeline::carry():194}:195}(Object(Illuminate\Http\Request))
#80 C:\laragon\www\CarRentSystem\vendor\laravel\framework\src\Illuminate\Pipeline\Pipeline.php(219): Illuminate\Http\Middleware\ValidatePathEncoding-&gt;handle(Object(Illuminate\Http\Request), Object(Closure))
#81 C:\laragon\www\CarRentSystem\vendor\laravel\framework\src\Illuminate\Pipeline\Pipeline.php(137): Illuminate\Pipeline\Pipeline-&gt;{closure:{closure:Illuminate\Pipeline\Pipeline::carry():194}:195}(Object(Illuminate\Http\Request))
#82 C:\laragon\www\CarRentSystem\vendor\laravel\framework\src\Illuminate\Foundation\Http\Kernel.php(175): Illuminate\Pipeline\Pipeline-&gt;then(Object(Closure))
#83 C:\laragon\www\CarRentSystem\vendor\laravel\framework\src\Illuminate\Foundation\Http\Kernel.php(144): Illuminate\Foundation\Http\Kernel-&gt;sendRequestThroughRouter(Object(Illuminate\Http\Request))
#84 C:\laragon\www\CarRentSystem\vendor\laravel\framework\src\Illuminate\Foundation\Testing\Concerns\MakesHttpRequests.php(607): Illuminate\Foundation\Http\Kernel-&gt;handle(Object(Illuminate\Http\Request))
#85 C:\laragon\www\CarRentSystem\vendor\laravel\framework\src\Illuminate\Foundation\Testing\Concerns\MakesHttpRequests.php(368): Illuminate\Foundation\Testing\TestCase-&gt;call('GET', '/admin/activity...', Array, Array, Array, Array)
#86 C:\laragon\www\CarRentSystem\tests\Feature\ActivityLogManagementTest.php(56): Illuminate\Foundation\Testing\TestCase-&gt;get('/admin/activity...')
#87 C:\laragon\www\CarRentSystem\vendor\pestphp\pest\src\Factories\TestCaseMethodFactory.php(168): P\Tests\Feature\ActivityLogManagementTest-&gt;{closure:{closure:{closure:C:\laragon\www\CarRentSystem\tests\Feature\ActivityLogManagementTest.php:13}:20}:51}()
#88 [internal function]: P\Tests\Feature\ActivityLogManagementTest-&gt;{closure:Pest\Factories\TestCaseMethodFactory::getClosure():158}()
#89 C:\laragon\www\CarRentSystem\vendor\pestphp\pest\src\Concerns\Testable.php(429): call_user_func_array(Object(Closure), Array)
#90 C:\laragon\www\CarRentSystem\vendor\pestphp\pest\src\Support\ExceptionTrace.php(26): P\Tests\Feature\ActivityLogManagementTest-&gt;{closure:Pest\Concerns\Testable::__callClosure():429}()
#91 C:\laragon\www\CarRentSystem\vendor\pestphp\pest\src\Concerns\Testable.php(429): Pest\Support\ExceptionTrace::ensure(Object(Closure))
#92 C:\laragon\www\CarRentSystem\vendor\pestphp\pest\src\Concerns\Testable.php(331): P\Tests\Feature\ActivityLogManagementTest-&gt;__callClosure(Object(Closure), Array)
#93 C:\laragon\www\CarRentSystem\vendor\pestphp\pest\src\Factories\TestCaseFactory.php(169) : eval()'d code(53): P\Tests\Feature\ActivityLogManagementTest-&gt;__runTest(Object(Closure))
#94 C:\laragon\www\CarRentSystem\vendor\phpunit\phpunit\src\Framework\TestCase.php(1316): P\Tests\Feature\ActivityLogManagementTest-&gt;__pest_evaluable__Activity_Log_Management__→__Activity_Log_Listing__→_it_filters_logs_by_action_type()
#95 C:\laragon\www\CarRentSystem\vendor\phpunit\phpunit\src\Framework\TestCase.php(516): PHPUnit\Framework\TestCase-&gt;runTest()
#96 C:\laragon\www\CarRentSystem\vendor\phpunit\phpunit\src\Framework\TestRunner\TestRunner.php(99): PHPUnit\Framework\TestCase-&gt;runBare()
#97 C:\laragon\www\CarRentSystem\vendor\phpunit\phpunit\src\Framework\TestCase.php(357): PHPUnit\Framework\TestRunner-&gt;run(Object(P\Tests\Feature\ActivityLogManagementTest))
#98 C:\laragon\www\CarRentSystem\vendor\phpunit\phpunit\src\Framework\TestSuite.php(374): PHPUnit\Framework\TestCase-&gt;run()
#99 C:\laragon\www\CarRentSystem\vendor\phpunit\phpunit\src\Framework\TestSuite.php(374): PHPUnit\Framework\TestSuite-&gt;run()
#100 C:\laragon\www\CarRentSystem\vendor\phpunit\phpunit\src\Framework\TestSuite.php(374): PHPUnit\Framework\TestSuite-&gt;run()
#101 C:\laragon\www\CarRentSystem\vendor\phpunit\phpunit\src\TextUI\TestRunner.php(64): PHPUnit\Framework\TestSuite-&gt;run()
#102 C:\laragon\www\CarRentSystem\vendor\phpunit\phpunit\src\TextUI\Application.php(229): PHPUnit\TextUI\TestRunner-&gt;run(Object(PHPUnit\TextUI\Configuration\Configuration), Object(PHPUnit\Runner\ResultCache\DefaultResultCache), Object(PHPUnit\Framework\TestSuite))
#103 C:\laragon\www\CarRentSystem\vendor\pestphp\pest\src\Kernel.php(103): PHPUnit\TextUI\Application-&gt;run(Array)
#104 C:\laragon\www\CarRentSystem\vendor\pestphp\pest\bin\pest(184): Pest\Kernel-&gt;handle(Array, Array)
#105 C:\laragon\www\CarRentSystem\vendor\pestphp\pest\bin\pest(192): {closure:C:\laragon\www\CarRentSystem\vendor\pestphp\pest\bin\pest:18}()
#106 C:\laragon\www\CarRentSystem\vendor\bin\pest(119): include('C:\\laragon\\www\\...')
#107 {main}

Next Illuminate\View\ViewException: SQLSTATE[HY000]: General error: 1 no such column: activity_log.name (Connection: sqlite, SQL: select "activity_log"."name", "" from "activity_log" order by "activity_log"."name" asc limit 50) (View: C:\laragon\www\CarRentSystem\vendor\filament\forms\resources\views\components\select.blade.php) (View: C:\laragon\www\CarRentSystem\vendor\filament\forms\resources\views\components\select.blade.php) (View: C:\laragon\www\CarRentSystem\vendor\filament\forms\resources\views\components\select.blade.php) (View: C:\laragon\www\CarRentSystem\vendor\filament\forms\resources\views\components\select.blade.php) (View: C:\laragon\www\CarRentSystem\vendor\filament\forms\resources\views\components\select.blade.php) in C:\laragon\www\CarRentSystem\vendor\laravel\framework\src\Illuminate\Database\Connection.php:824
Stack trace:
#0 C:\laragon\www\CarRentSystem\vendor\livewire\livewire\src\Mechanisms\ExtendBlade\ExtendedCompilerEngine.php(58): Illuminate\View\Engines\CompilerEngine-&gt;handleViewException(Object(Illuminate\View\ViewException), 2)
#1 C:\laragon\www\CarRentSystem\vendor\livewire\livewire\src\Mechanisms\ExtendBlade\ExtendedCompilerEngine.php(40): Livewire\Mechanisms\ExtendBlade\ExtendedCompilerEngine-&gt;handleViewException(Object(Illuminate\View\ViewException), 2)
#2 C:\laragon\www\CarRentSystem\vendor\laravel\framework\src\Illuminate\View\Engines\CompilerEngine.php(76): Livewire\Mechanisms\ExtendBlade\ExtendedCompilerEngine-&gt;evaluatePath('C:\\laragon\\www\\...', Array)
#3 C:\laragon\www\CarRentSystem\vendor\livewire\livewire\src\Mechanisms\ExtendBlade\ExtendedCompilerEngine.php(16): Illuminate\View\Engines\CompilerEngine-&gt;get('C:\\laragon\\www\\...', Array)
#4 C:\laragon\www\CarRentSystem\vendor\laravel\framework\src\Illuminate\View\View.php(208): Livewire\Mechanisms\ExtendBlade\ExtendedCompilerEngine-&gt;get('C:\\laragon\\www\\...', Array)
#5 C:\laragon\www\CarRentSystem\vendor\laravel\framework\src\Illuminate\View\View.php(191): Illuminate\View\View-&gt;getContents()
#6 C:\laragon\www\CarRentSystem\vendor\laravel\framework\src\Illuminate\View\View.php(160): Illuminate\View\View-&gt;renderContents()
#7 C:\laragon\www\CarRentSystem\vendor\livewire\livewire\src\Mechanisms\HandleComponents\HandleComponents.php(259): Illuminate\View\View-&gt;render(Object(Closure))
#8 C:\laragon\www\CarRentSystem\vendor\livewire\livewire\src\Mechanisms\HandleComponents\HandleComponents.php(303): Livewire\Mechanisms\HandleComponents\HandleComponents-&gt;{closure:Livewire\Mechanisms\HandleComponents\HandleComponents::render():251}()
#9 C:\laragon\www\CarRentSystem\vendor\livewire\livewire\src\Mechanisms\HandleComponents\HandleComponents.php(251): Livewire\Mechanisms\HandleComponents\HandleComponents-&gt;trackInRenderStack(Object(App\Filament\Resources\ActivityLogResource\Pages\ListActivityLogs), Object(Closure))
#10 C:\laragon\www\CarRentSystem\vendor\livewire\livewire\src\Mechanisms\HandleComponents\HandleComponents.php(54): Livewire\Mechanisms\HandleComponents\HandleComponents-&gt;render(Object(App\Filament\Resources\ActivityLogResource\Pages\ListActivityLogs), '&lt;div&gt;&lt;/div&gt;')
#11 C:\laragon\www\CarRentSystem\vendor\livewire\livewire\src\LivewireManager.php(73): Livewire\Mechanisms\HandleComponents\HandleComponents-&gt;mount('App\\Filament\\Re...', Array, NULL)
#12 C:\laragon\www\CarRentSystem\vendor\livewire\livewire\src\Features\SupportPageComponents\HandlesPageComponents.php(17): Livewire\LivewireManager-&gt;mount('App\\Filament\\Re...', Array)
#13 C:\laragon\www\CarRentSystem\vendor\livewire\livewire\src\Features\SupportPageComponents\SupportPageComponents.php(117): Livewire\Component-&gt;{closure:Livewire\Features\SupportPageComponents\HandlesPageComponents::__invoke():14}()
#14 C:\laragon\www\CarRentSystem\vendor\livewire\livewire\src\Features\SupportPageComponents\HandlesPageComponents.php(14): Livewire\Features\SupportPageComponents\SupportPageComponents::interceptTheRenderOfTheComponentAndRetreiveTheLayoutConfiguration(Object(Closure))
#15 C:\laragon\www\CarRentSystem\vendor\laravel\framework\src\Illuminate\Routing\ControllerDispatcher.php(46): Livewire\Component-&gt;__invoke()
#16 C:\laragon\www\CarRentSystem\vendor\laravel\framework\src\Illuminate\Routing\Route.php(265): Illuminate\Routing\ControllerDispatcher-&gt;dispatch(Object(Illuminate\Routing\Route), Object(App\Filament\Resources\ActivityLogResource\Pages\ListActivityLogs), '__invoke')
#17 C:\laragon\www\CarRentSystem\vendor\laravel\framework\src\Illuminate\Routing\Route.php(211): Illuminate\Routing\Route-&gt;runController()
#18 C:\laragon\www\CarRentSystem\vendor\laravel\framework\src\Illuminate\Routing\Router.php(822): Illuminate\Routing\Route-&gt;run()
#19 C:\laragon\www\CarRentSystem\vendor\laravel\framework\src\Illuminate\Pipeline\Pipeline.php(180): Illuminate\Routing\Router-&gt;{closure:Illuminate\Routing\Router::runRouteWithinStack():821}(Object(Illuminate\Http\Request))
#20 C:\laragon\www\CarRentSystem\vendor\filament\filament\src\Http\Middleware\DispatchServingFilamentEvent.php(15): Illuminate\Pipeline\Pipeline-&gt;{closure:Illuminate\Pipeline\Pipeline::prepareDestination():178}(Object(Illuminate\Http\Request))
#21 C:\laragon\www\CarRentSystem\vendor\laravel\framework\src\Illuminate\Pipeline\Pipeline.php(219): Filament\Http\Middleware\DispatchServingFilamentEvent-&gt;handle(Object(Illuminate\Http\Request), Object(Closure))
#22 C:\laragon\www\CarRentSystem\vendor\filament\filament\src\Http\Middleware\DisableBladeIconComponents.php(14): Illuminate\Pipeline\Pipeline-&gt;{closure:{closure:Illuminate\Pipeline\Pipeline::carry():194}:195}(Object(Illuminate\Http\Request))
#23 C:\laragon\www\CarRentSystem\vendor\laravel\framework\src\Illuminate\Pipeline\Pipeline.php(219): Filament\Http\Middleware\DisableBladeIconComponents-&gt;handle(Object(Illuminate\Http\Request), Object(Closure))
#24 C:\laragon\www\CarRentSystem\app\Http\Middleware\LocalizationMiddleware.php(41): Illuminate\Pipeline\Pipeline-&gt;{closure:{closure:Illuminate\Pipeline\Pipeline::carry():194}:195}(Object(Illuminate\Http\Request))
#25 C:\laragon\www\CarRentSystem\vendor\laravel\framework\src\Illuminate\Pipeline\Pipeline.php(219): App\Http\Middleware\LocalizationMiddleware-&gt;handle(Object(Illuminate\Http\Request), Object(Closure))
#26 C:\laragon\www\CarRentSystem\vendor\laravel\framework\src\Illuminate\Routing\Middleware\SubstituteBindings.php(50): Illuminate\Pipeline\Pipeline-&gt;{closure:{closure:Illuminate\Pipeline\Pipeline::carry():194}:195}(Object(Illuminate\Http\Request))
#27 C:\laragon\www\CarRentSystem\vendor\laravel\framework\src\Illuminate\Pipeline\Pipeline.php(219): Illuminate\Routing\Middleware\SubstituteBindings-&gt;handle(Object(Illuminate\Http\Request), Object(Closure))
#28 C:\laragon\www\CarRentSystem\vendor\laravel\framework\src\Illuminate\Auth\Middleware\Authenticate.php(63): Illuminate\Pipeline\Pipeline-&gt;{closure:{closure:Illuminate\Pipeline\Pipeline::carry():194}:195}(Object(Illuminate\Http\Request))
#29 C:\laragon\www\CarRentSystem\vendor\laravel\framework\src\Illuminate\Pipeline\Pipeline.php(219): Illuminate\Auth\Middleware\Authenticate-&gt;handle(Object(Illuminate\Http\Request), Object(Closure))
#30 C:\laragon\www\CarRentSystem\vendor\laravel\framework\src\Illuminate\View\Middleware\ShareErrorsFromSession.php(48): Illuminate\Pipeline\Pipeline-&gt;{closure:{closure:Illuminate\Pipeline\Pipeline::carry():194}:195}(Object(Illuminate\Http\Request))
#31 C:\laragon\www\CarRentSystem\vendor\laravel\framework\src\Illuminate\Pipeline\Pipeline.php(219): Illuminate\View\Middleware\ShareErrorsFromSession-&gt;handle(Object(Illuminate\Http\Request), Object(Closure))
#32 C:\laragon\www\CarRentSystem\vendor\laravel\framework\src\Illuminate\Session\Middleware\StartSession.php(120): Illuminate\Pipeline\Pipeline-&gt;{closure:{closure:Illuminate\Pipeline\Pipeline::carry():194}:195}(Object(Illuminate\Http\Request))
#33 C:\laragon\www\CarRentSystem\vendor\laravel\framework\src\Illuminate\Session\Middleware\StartSession.php(63): Illuminate\Session\Middleware\StartSession-&gt;handleStatefulRequest(Object(Illuminate\Http\Request), Object(Illuminate\Session\Store), Object(Closure))
#34 C:\laragon\www\CarRentSystem\vendor\laravel\framework\src\Illuminate\Pipeline\Pipeline.php(219): Illuminate\Session\Middleware\StartSession-&gt;handle(Object(Illuminate\Http\Request), Object(Closure))
#35 C:\laragon\www\CarRentSystem\vendor\laravel\framework\src\Illuminate\Cookie\Middleware\AddQueuedCookiesToResponse.php(36): Illuminate\Pipeline\Pipeline-&gt;{closure:{closure:Illuminate\Pipeline\Pipeline::carry():194}:195}(Object(Illuminate\Http\Request))
#36 C:\laragon\www\CarRentSystem\vendor\laravel\framework\src\Illuminate\Pipeline\Pipeline.php(219): Illuminate\Cookie\Middleware\AddQueuedCookiesToResponse-&gt;handle(Object(Illuminate\Http\Request), Object(Closure))
#37 C:\laragon\www\CarRentSystem\vendor\laravel\framework\src\Illuminate\Cookie\Middleware\EncryptCookies.php(74): Illuminate\Pipeline\Pipeline-&gt;{closure:{closure:Illuminate\Pipeline\Pipeline::carry():194}:195}(Object(Illuminate\Http\Request))
#38 C:\laragon\www\CarRentSystem\vendor\laravel\framework\src\Illuminate\Pipeline\Pipeline.php(219): Illuminate\Cookie\Middleware\EncryptCookies-&gt;handle(Object(Illuminate\Http\Request), Object(Closure))
#39 C:\laragon\www\CarRentSystem\vendor\filament\filament\src\Http\Middleware\SetUpPanel.php(19): Illuminate\Pipeline\Pipeline-&gt;{closure:{closure:Illuminate\Pipeline\Pipeline::carry():194}:195}(Object(Illuminate\Http\Request))
#40 C:\laragon\www\CarRentSystem\vendor\laravel\framework\src\Illuminate\Pipeline\Pipeline.php(219): Filament\Http\Middleware\SetUpPanel-&gt;handle(Object(Illuminate\Http\Request), Object(Closure), Object(Filament\Panel))
#41 C:\laragon\www\CarRentSystem\vendor\laravel\framework\src\Illuminate\Pipeline\Pipeline.php(137): Illuminate\Pipeline\Pipeline-&gt;{closure:{closure:Illuminate\Pipeline\Pipeline::carry():194}:195}(Object(Illuminate\Http\Request))
#42 C:\laragon\www\CarRentSystem\vendor\laravel\framework\src\Illuminate\Routing\Router.php(821): Illuminate\Pipeline\Pipeline-&gt;then(Object(Closure))
#43 C:\laragon\www\CarRentSystem\vendor\laravel\framework\src\Illuminate\Routing\Router.php(800): Illuminate\Routing\Router-&gt;runRouteWithinStack(Object(Illuminate\Routing\Route), Object(Illuminate\Http\Request))
#44 C:\laragon\www\CarRentSystem\vendor\laravel\framework\src\Illuminate\Routing\Router.php(764): Illuminate\Routing\Router-&gt;runRoute(Object(Illuminate\Http\Request), Object(Illuminate\Routing\Route))
#45 C:\laragon\www\CarRentSystem\vendor\laravel\framework\src\Illuminate\Routing\Router.php(753): Illuminate\Routing\Router-&gt;dispatchToRoute(Object(Illuminate\Http\Request))
#46 C:\laragon\www\CarRentSystem\vendor\laravel\framework\src\Illuminate\Foundation\Http\Kernel.php(200): Illuminate\Routing\Router-&gt;dispatch(Object(Illuminate\Http\Request))
#47 C:\laragon\www\CarRentSystem\vendor\laravel\framework\src\Illuminate\Pipeline\Pipeline.php(180): Illuminate\Foundation\Http\Kernel-&gt;{closure:Illuminate\Foundation\Http\Kernel::dispatchToRouter():197}(Object(Illuminate\Http\Request))
#48 C:\laragon\www\CarRentSystem\vendor\livewire\livewire\src\Features\SupportDisablingBackButtonCache\DisableBackButtonCacheMiddleware.php(19): Illuminate\Pipeline\Pipeline-&gt;{closure:Illuminate\Pipeline\Pipeline::prepareDestination():178}(Object(Illuminate\Http\Request))
#49 C:\laragon\www\CarRentSystem\vendor\laravel\framework\src\Illuminate\Pipeline\Pipeline.php(219): Livewire\Features\SupportDisablingBackButtonCache\DisableBackButtonCacheMiddleware-&gt;handle(Object(Illuminate\Http\Request), Object(Closure))
#50 C:\laragon\www\CarRentSystem\vendor\laravel\framework\src\Illuminate\Foundation\Http\Middleware\TransformsRequest.php(21): Illuminate\Pipeline\Pipeline-&gt;{closure:{closure:Illuminate\Pipeline\Pipeline::carry():194}:195}(Object(Illuminate\Http\Request))
#51 C:\laragon\www\CarRentSystem\vendor\laravel\framework\src\Illuminate\Foundation\Http\Middleware\ConvertEmptyStringsToNull.php(31): Illuminate\Foundation\Http\Middleware\TransformsRequest-&gt;handle(Object(Illuminate\Http\Request), Object(Closure))
#52 C:\laragon\www\CarRentSystem\vendor\laravel\framework\src\Illuminate\Pipeline\Pipeline.php(219): Illuminate\Foundation\Http\Middleware\ConvertEmptyStringsToNull-&gt;handle(Object(Illuminate\Http\Request), Object(Closure))
#53 C:\laragon\www\CarRentSystem\vendor\laravel\framework\src\Illuminate\Foundation\Http\Middleware\TransformsRequest.php(21): Illuminate\Pipeline\Pipeline-&gt;{closure:{closure:Illuminate\Pipeline\Pipeline::carry():194}:195}(Object(Illuminate\Http\Request))
#54 C:\laragon\www\CarRentSystem\vendor\laravel\framework\src\Illuminate\Foundation\Http\Middleware\TrimStrings.php(51): Illuminate\Foundation\Http\Middleware\TransformsRequest-&gt;handle(Object(Illuminate\Http\Request), Object(Closure))
#55 C:\laragon\www\CarRentSystem\vendor\laravel\framework\src\Illuminate\Pipeline\Pipeline.php(219): Illuminate\Foundation\Http\Middleware\TrimStrings-&gt;handle(Object(Illuminate\Http\Request), Object(Closure))
#56 C:\laragon\www\CarRentSystem\vendor\laravel\framework\src\Illuminate\Http\Middleware\ValidatePostSize.php(27): Illuminate\Pipeline\Pipeline-&gt;{closure:{closure:Illuminate\Pipeline\Pipeline::carry():194}:195}(Object(Illuminate\Http\Request))
#57 C:\laragon\www\CarRentSystem\vendor\laravel\framework\src\Illuminate\Pipeline\Pipeline.php(219): Illuminate\Http\Middleware\ValidatePostSize-&gt;handle(Object(Illuminate\Http\Request), Object(Closure))
#58 C:\laragon\www\CarRentSystem\vendor\laravel\framework\src\Illuminate\Foundation\Http\Middleware\PreventRequestsDuringMaintenance.php(109): Illuminate\Pipeline\Pipeline-&gt;{closure:{closure:Illuminate\Pipeline\Pipeline::carry():194}:195}(Object(Illuminate\Http\Request))
#59 C:\laragon\www\CarRentSystem\vendor\laravel\framework\src\Illuminate\Pipeline\Pipeline.php(219): Illuminate\Foundation\Http\Middleware\PreventRequestsDuringMaintenance-&gt;handle(Object(Illuminate\Http\Request), Object(Closure))
#60 C:\laragon\www\CarRentSystem\vendor\laravel\framework\src\Illuminate\Http\Middleware\HandleCors.php(61): Illuminate\Pipeline\Pipeline-&gt;{closure:{closure:Illuminate\Pipeline\Pipeline::carry():194}:195}(Object(Illuminate\Http\Request))
#61 C:\laragon\www\CarRentSystem\vendor\laravel\framework\src\Illuminate\Pipeline\Pipeline.php(219): Illuminate\Http\Middleware\HandleCors-&gt;handle(Object(Illuminate\Http\Request), Object(Closure))
#62 C:\laragon\www\CarRentSystem\vendor\laravel\framework\src\Illuminate\Http\Middleware\TrustProxies.php(58): Illuminate\Pipeline\Pipeline-&gt;{closure:{closure:Illuminate\Pipeline\Pipeline::carry():194}:195}(Object(Illuminate\Http\Request))
#63 C:\laragon\www\CarRentSystem\vendor\laravel\framework\src\Illuminate\Pipeline\Pipeline.php(219): Illuminate\Http\Middleware\TrustProxies-&gt;handle(Object(Illuminate\Http\Request), Object(Closure))
#64 C:\laragon\www\CarRentSystem\vendor\laravel\framework\src\Illuminate\Foundation\Http\Middleware\InvokeDeferredCallbacks.php(22): Illuminate\Pipeline\Pipeline-&gt;{closure:{closure:Illuminate\Pipeline\Pipeline::carry():194}:195}(Object(Illuminate\Http\Request))
#65 C:\laragon\www\CarRentSystem\vendor\laravel\framework\src\Illuminate\Pipeline\Pipeline.php(219): Illuminate\Foundation\Http\Middleware\InvokeDeferredCallbacks-&gt;handle(Object(Illuminate\Http\Request), Object(Closure))
#66 C:\laragon\www\CarRentSystem\vendor\laravel\framework\src\Illuminate\Http\Middleware\ValidatePathEncoding.php(26): Illuminate\Pipeline\Pipeline-&gt;{closure:{closure:Illuminate\Pipeline\Pipeline::carry():194}:195}(Object(Illuminate\Http\Request))
#67 C:\laragon\www\CarRentSystem\vendor\laravel\framework\src\Illuminate\Pipeline\Pipeline.php(219): Illuminate\Http\Middleware\ValidatePathEncoding-&gt;handle(Object(Illuminate\Http\Request), Object(Closure))
#68 C:\laragon\www\CarRentSystem\vendor\laravel\framework\src\Illuminate\Pipeline\Pipeline.php(137): Illuminate\Pipeline\Pipeline-&gt;{closure:{closure:Illuminate\Pipeline\Pipeline::carry():194}:195}(Object(Illuminate\Http\Request))
#69 C:\laragon\www\CarRentSystem\vendor\laravel\framework\src\Illuminate\Foundation\Http\Kernel.php(175): Illuminate\Pipeline\Pipeline-&gt;then(Object(Closure))
#70 C:\laragon\www\CarRentSystem\vendor\laravel\framework\src\Illuminate\Foundation\Http\Kernel.php(144): Illuminate\Foundation\Http\Kernel-&gt;sendRequestThroughRouter(Object(Illuminate\Http\Request))
#71 C:\laragon\www\CarRentSystem\vendor\laravel\framework\src\Illuminate\Foundation\Testing\Concerns\MakesHttpRequests.php(607): Illuminate\Foundation\Http\Kernel-&gt;handle(Object(Illuminate\Http\Request))
#72 C:\laragon\www\CarRentSystem\vendor\laravel\framework\src\Illuminate\Foundation\Testing\Concerns\MakesHttpRequests.php(368): Illuminate\Foundation\Testing\TestCase-&gt;call('GET', '/admin/activity...', Array, Array, Array, Array)
#73 C:\laragon\www\CarRentSystem\tests\Feature\ActivityLogManagementTest.php(56): Illuminate\Foundation\Testing\TestCase-&gt;get('/admin/activity...')
#74 C:\laragon\www\CarRentSystem\vendor\pestphp\pest\src\Factories\TestCaseMethodFactory.php(168): P\Tests\Feature\ActivityLogManagementTest-&gt;{closure:{closure:{closure:C:\laragon\www\CarRentSystem\tests\Feature\ActivityLogManagementTest.php:13}:20}:51}()
#75 [internal function]: P\Tests\Feature\ActivityLogManagementTest-&gt;{closure:Pest\Factories\TestCaseMethodFactory::getClosure():158}()
#76 C:\laragon\www\CarRentSystem\vendor\pestphp\pest\src\Concerns\Testable.php(429): call_user_func_array(Object(Closure), Array)
#77 C:\laragon\www\CarRentSystem\vendor\pestphp\pest\src\Support\ExceptionTrace.php(26): P\Tests\Feature\ActivityLogManagementTest-&gt;{closure:Pest\Concerns\Testable::__callClosure():429}()
#78 C:\laragon\www\CarRentSystem\vendor\pestphp\pest\src\Concerns\Testable.php(429): Pest\Support\ExceptionTrace::ensure(Object(Closure))
#79 C:\laragon\www\CarRentSystem\vendor\pestphp\pest\src\Concerns\Testable.php(331): P\Tests\Feature\ActivityLogManagementTest-&gt;__callClosure(Object(Closure), Array)
#80 C:\laragon\www\CarRentSystem\vendor\pestphp\pest\src\Factories\TestCaseFactory.php(169) : eval()'d code(53): P\Tests\Feature\ActivityLogManagementTest-&gt;__runTest(Object(Closure))
#81 C:\laragon\www\CarRentSystem\vendor\phpunit\phpunit\src\Framework\TestCase.php(1316): P\Tests\Feature\ActivityLogManagementTest-&gt;__pest_evaluable__Activity_Log_Management__→__Activity_Log_Listing__→_it_filters_logs_by_action_type()
#82 C:\laragon\www\CarRentSystem\vendor\phpunit\phpunit\src\Framework\TestCase.php(516): PHPUnit\Framework\TestCase-&gt;runTest()
#83 C:\laragon\www\CarRentSystem\vendor\phpunit\phpunit\src\Framework\TestRunner\TestRunner.php(99): PHPUnit\Framework\TestCase-&gt;runBare()
#84 C:\laragon\www\CarRentSystem\vendor\phpunit\phpunit\src\Framework\TestCase.php(357): PHPUnit\Framework\TestRunner-&gt;run(Object(P\Tests\Feature\ActivityLogManagementTest))
#85 C:\laragon\www\CarRentSystem\vendor\phpunit\phpunit\src\Framework\TestSuite.php(374): PHPUnit\Framework\TestCase-&gt;run()
#86 C:\laragon\www\CarRentSystem\vendor\phpunit\phpunit\src\Framework\TestSuite.php(374): PHPUnit\Framework\TestSuite-&gt;run()
#87 C:\laragon\www\CarRentSystem\vendor\phpunit\phpunit\src\Framework\TestSuite.php(374): PHPUnit\Framework\TestSuite-&gt;run()
#88 C:\laragon\www\CarRentSystem\vendor\phpunit\phpunit\src\TextUI\TestRunner.php(64): PHPUnit\Framework\TestSuite-&gt;run()
#89 C:\laragon\www\CarRentSystem\vendor\phpunit\phpunit\src\TextUI\Application.php(229): PHPUnit\TextUI\TestRunner-&gt;run(Object(PHPUnit\TextUI\Configuration\Configuration), Object(PHPUnit\Runner\ResultCache\DefaultResultCache), Object(PHPUnit\Framework\TestSuite))
#90 C:\laragon\www\CarRentSystem\vendor\pestphp\pest\src\Kernel.php(103): PHPUnit\TextUI\Application-&gt;run(Array)
#91 C:\laragon\www\CarRentSystem\vendor\pestphp\pest\bin\pest(184): Pest\Kernel-&gt;handle(Array, Array)
#92 C:\laragon\www\CarRentSystem\vendor\pestphp\pest\bin\pest(192): {closure:C:\laragon\www\CarRentSystem\vendor\pestphp\pest\bin\pest:18}()
#93 C:\laragon\www\CarRentSystem\vendor\bin\pest(119): include('C:\\laragon\\www\\...')
#94 {main}

----------------------------------------------------------------------------------

SQLSTATE[HY000]: General error: 1 no such column: activity_log.name (Connection: sqlite, SQL: select "activity_log"."name", "" from "activity_log" order by "activity_log"."name" asc limit 50) (View: C:\laragon\www\CarRentSystem\vendor\filament\forms\resources\views\components\select.blade.php) (View: C:\laragon\www\CarRentSystem\vendor\filament\forms\resources\views\components\select.blade.php) (View: C:\laragon\www\CarRentSystem\vendor\filament\forms\resources\views\components\select.blade.php) (View: C:\laragon\www\CarRentSystem\vendor\filament\forms\resources\views\components\select.blade.php) (View: C:\laragon\www\CarRentSystem\vendor\filament\forms\resources\views\components\select.blade.php)&#13;
&#13;
at vendor\laravel\framework\src\Illuminate\Testing\TestResponseAssert.php:45
at vendor\laravel\framework\src\Illuminate\Testing\TestResponse.php:103
at tests\Feature\ActivityLogManagementTest.php:57</failure>
        </testcase>
        <testcase name="`Activity Log Management` → `Log Cleanup` → it prevents cleanup of recent logs" file="tests\Feature\ActivityLogManagementTest.php::`Activity Log Management` → `Log Cleanup` → it prevents cleanup of recent logs" class="Tests\Feature\ActivityLogManagementTest" classname="Tests.Feature.ActivityLogManagementTest" assertions="1" time="12.767741">
          <failure type="PHPUnit\Framework\ExpectationFailedException">`Activity Log Management` → `Log Cleanup` → it prevents cleanup of recent logsSession is missing expected key [errors].
Failed asserting that false is true.&#13;
at vendor\laravel\framework\src\Illuminate\Testing\TestResponseAssert.php:45
at vendor\laravel\framework\src\Illuminate\Testing\TestResponse.php:1517
at vendor\laravel\framework\src\Illuminate\Testing\TestResponse.php:1594
at tests\Feature\ActivityLogManagementTest.php:302</failure>
        </testcase>
        <testcase name="`Activity Log Management` → `System Performance Logs` → it logs slow query performance" file="tests\Feature\ActivityLogManagementTest.php::`Activity Log Management` → `System Performance Logs` → it logs slow query performance" class="Tests\Feature\ActivityLogManagementTest" classname="Tests.Feature.ActivityLogManagementTest" assertions="0" time="0.136919">
          <error type="Illuminate\Database\QueryException">`Activity Log Management` → `System Performance Logs` → it logs slow query performanceIlluminate\Database\QueryException: SQLSTATE[HY000]: General error: 1 table car_rental_logs has no column named request_data (Connection: sqlite, SQL: insert into "car_rental_logs" ("vehicle_id", "user_id", "action", "description", "metadata", "request_data", "updated_at", "created_at") values (1, 5, slow_query, Vehicle was returned by the renter, {"ip_address":"48.127.199.29","user_agent":"Mozilla\/5.0 (Android 11; Mobile; rv:68.0) Gecko\/68.0 Firefox\/88.0","browser":"Edge","device_type":"desktop","location":"Lake Shawnahaven","session_id":"aa7f23ce-7747-3e9c-86e6-fb2397339e80","previous_value":null,"new_value":"dolorem"}, {"query":"SELECT * FROM bookings WHERE...","execution_time":2.5,"url":"\/admin\/bookings"}, 2025-09-24 12:00:15, 2025-09-24 12:00:15))&#13;
at vendor\laravel\framework\src\Illuminate\Database\Connection.php:564
at vendor\laravel\framework\src\Illuminate\Database\Connection.php:811
at vendor\laravel\framework\src\Illuminate\Database\Connection.php:778
at vendor\laravel\framework\src\Illuminate\Database\Connection.php:559
at vendor\laravel\framework\src\Illuminate\Database\Connection.php:523
at vendor\laravel\framework\src\Illuminate\Database\Query\Processors\Processor.php:32
at vendor\laravel\framework\src\Illuminate\Database\Query\Builder.php:3853
at vendor\laravel\framework\src\Illuminate\Database\Eloquent\Builder.php:2235
at vendor\laravel\framework\src\Illuminate\Database\Eloquent\Model.php:1436
at vendor\laravel\framework\src\Illuminate\Database\Eloquent\Model.php:1401
at vendor\laravel\framework\src\Illuminate\Database\Eloquent\Model.php:1240
at vendor\laravel\framework\src\Illuminate\Database\Eloquent\Factories\Factory.php:370
at vendor\laravel\framework\src\Illuminate\Collections\Traits\EnumeratesValues.php:271
at vendor\laravel\framework\src\Illuminate\Database\Eloquent\Factories\Factory.php:365
at vendor\laravel\framework\src\Illuminate\Database\Eloquent\Factories\Factory.php:321
at vendor\laravel\framework\src\Illuminate\Database\Eloquent\Factories\Factory.php:315
at tests\Feature\ActivityLogManagementTest.php:255
Caused by
PDOException: SQLSTATE[HY000]: General error: 1 table car_rental_logs has no column named request_data

at vendor\laravel\framework\src\Illuminate\Database\Connection.php:564
at vendor\laravel\framework\src\Illuminate\Database\Connection.php:811
at vendor\laravel\framework\src\Illuminate\Database\Connection.php:778
at vendor\laravel\framework\src\Illuminate\Database\Connection.php:559
at vendor\laravel\framework\src\Illuminate\Database\Connection.php:523
at vendor\laravel\framework\src\Illuminate\Database\Query\Processors\Processor.php:32
at vendor\laravel\framework\src\Illuminate\Database\Query\Builder.php:3853
at vendor\laravel\framework\src\Illuminate\Database\Eloquent\Builder.php:2235
at vendor\laravel\framework\src\Illuminate\Database\Eloquent\Model.php:1436
at vendor\laravel\framework\src\Illuminate\Database\Eloquent\Model.php:1401
at vendor\laravel\framework\src\Illuminate\Database\Eloquent\Model.php:1240
at vendor\laravel\framework\src\Illuminate\Database\Eloquent\Factories\Factory.php:370
at vendor\laravel\framework\src\Illuminate\Collections\Traits\EnumeratesValues.php:271
at vendor\laravel\framework\src\Illuminate\Database\Eloquent\Factories\Factory.php:365
at vendor\laravel\framework\src\Illuminate\Database\Eloquent\Factories\Factory.php:321
at vendor\laravel\framework\src\Illuminate\Database\Eloquent\Factories\Factory.php:315
at tests\Feature\ActivityLogManagementTest.php:255</error>
        </testcase>
        <testcase name="`Activity Log Management` → `Activity Log Listing` → it filters logs by date range" file="tests\Feature\ActivityLogManagementTest.php::`Activity Log Management` → `Activity Log Listing` → it filters logs by date range" class="Tests\Feature\ActivityLogManagementTest" classname="Tests.Feature.ActivityLogManagementTest" assertions="1" time="19.532154">
          <failure type="PHPUnit\Framework\ExpectationFailedException">`Activity Log Management` → `Activity Log Listing` → it filters logs by date rangeExpected response status code [&gt;=200, &lt;300] but received 500.
Failed asserting that false is true.&#13;
&#13;
The following exception occurred during the last request:

PDOException: SQLSTATE[HY000]: General error: 1 no such column: activity_log.name in C:\laragon\www\CarRentSystem\vendor\laravel\framework\src\Illuminate\Database\Connection.php:406
Stack trace:
#0 C:\laragon\www\CarRentSystem\vendor\laravel\framework\src\Illuminate\Database\Connection.php(406): PDO-&gt;prepare('select "activit...')
#1 C:\laragon\www\CarRentSystem\vendor\laravel\framework\src\Illuminate\Database\Connection.php(811): Illuminate\Database\Connection-&gt;{closure:Illuminate\Database\Connection::select():397}('select "activit...', Array)
#2 C:\laragon\www\CarRentSystem\vendor\laravel\framework\src\Illuminate\Database\Connection.php(778): Illuminate\Database\Connection-&gt;runQueryCallback('select "activit...', Array, Object(Closure))
#3 C:\laragon\www\CarRentSystem\vendor\laravel\framework\src\Illuminate\Database\Connection.php(397): Illuminate\Database\Connection-&gt;run('select "activit...', Array, Object(Closure))
#4 C:\laragon\www\CarRentSystem\vendor\laravel\framework\src\Illuminate\Database\Query\Builder.php(3188): Illuminate\Database\Connection-&gt;select('select "activit...', Array, true)
#5 C:\laragon\www\CarRentSystem\vendor\laravel\framework\src\Illuminate\Database\Query\Builder.php(3446): Illuminate\Database\Query\Builder-&gt;runSelect()
#6 C:\laragon\www\CarRentSystem\vendor\laravel\framework\src\Illuminate\Database\Query\Builder.php(3763): Illuminate\Database\Query\Builder-&gt;{closure:Illuminate\Database\Query\Builder::pluck():3444}()
#7 C:\laragon\www\CarRentSystem\vendor\laravel\framework\src\Illuminate\Database\Query\Builder.php(3442): Illuminate\Database\Query\Builder-&gt;onceWithColumns(Array, Object(Closure))
#8 C:\laragon\www\CarRentSystem\vendor\laravel\framework\src\Illuminate\Database\Eloquent\Builder.php(1082): Illuminate\Database\Query\Builder-&gt;pluck('activity_log.na...', '')
#9 C:\laragon\www\CarRentSystem\vendor\filament\tables\src\Filters\SelectFilter.php(454): Illuminate\Database\Eloquent\Builder-&gt;pluck('activity_log.na...', '')
#10 C:\laragon\www\CarRentSystem\vendor\filament\support\src\Concerns\EvaluatesClosures.php(36): Filament\Tables\Filters\SelectFilter-&gt;{closure:Filament\Tables\Filters\SelectFilter::getFormField():391}(Object(Filament\Forms\Components\Select))
#11 C:\laragon\www\CarRentSystem\vendor\filament\forms\src\Components\Concerns\HasOptions.php(36): Filament\Support\Components\Component-&gt;evaluate(Object(Closure))
#12 C:\laragon\www\CarRentSystem\vendor\filament\forms\src\Components\Select.php(708): Filament\Forms\Components\Select-&gt;getOptions()
#13 C:\laragon\www\CarRentSystem\storage\framework\views\785d21797565f791af709268f8dfbe8e.php(182): Filament\Forms\Components\Select-&gt;getOptionsForJs()
#14 C:\laragon\www\CarRentSystem\vendor\livewire\livewire\src\Mechanisms\ExtendBlade\ExtendedCompilerEngine.php(37): include('C:\\laragon\\www\\...')
#15 C:\laragon\www\CarRentSystem\vendor\livewire\livewire\src\Mechanisms\ExtendBlade\ExtendedCompilerEngine.php(38): App\Filament\Resources\ActivityLogResource\Pages\ListActivityLogs-&gt;{closure:Livewire\Mechanisms\ExtendBlade\ExtendedCompilerEngine::evaluatePath():35}()
#16 C:\laragon\www\CarRentSystem\vendor\laravel\framework\src\Illuminate\View\Engines\CompilerEngine.php(76): Livewire\Mechanisms\ExtendBlade\ExtendedCompilerEngine-&gt;evaluatePath('C:\\laragon\\www\\...', Array)
#17 C:\laragon\www\CarRentSystem\vendor\livewire\livewire\src\Mechanisms\ExtendBlade\ExtendedCompilerEngine.php(16): Illuminate\View\Engines\CompilerEngine-&gt;get('C:\\laragon\\www\\...', Array)
#18 C:\laragon\www\CarRentSystem\vendor\laravel\framework\src\Illuminate\View\View.php(208): Livewire\Mechanisms\ExtendBlade\ExtendedCompilerEngine-&gt;get('C:\\laragon\\www\\...', Array)
#19 C:\laragon\www\CarRentSystem\vendor\laravel\framework\src\Illuminate\View\View.php(191): Illuminate\View\View-&gt;getContents()
#20 C:\laragon\www\CarRentSystem\vendor\laravel\framework\src\Illuminate\View\View.php(160): Illuminate\View\View-&gt;renderContents()
#21 C:\laragon\www\CarRentSystem\vendor\filament\support\src\Components\ViewComponent.php(125): Illuminate\View\View-&gt;render()
#22 C:\laragon\www\CarRentSystem\vendor\filament\schemas\src\Components\Component.php(221): Filament\Support\Components\ViewComponent-&gt;toHtml()
#23 C:\laragon\www\CarRentSystem\vendor\filament\schemas\src\Schema.php(205): Filament\Schemas\Components\Component-&gt;toSchemaHtml(true)
#24 C:\laragon\www\CarRentSystem\vendor\filament\support\src\Components\ViewComponent.php(122): Filament\Schemas\Schema-&gt;toEmbeddedHtml()
#25 C:\laragon\www\CarRentSystem\vendor\laravel\framework\src\Illuminate\Support\helpers.php(130): Filament\Support\Components\ViewComponent-&gt;toHtml()
#26 C:\laragon\www\CarRentSystem\storage\framework\views\5110ca74321f0dcab372f3d94aa125c2.php(9): e(Object(Filament\Schemas\Schema))
#27 C:\laragon\www\CarRentSystem\vendor\livewire\livewire\src\Mechanisms\ExtendBlade\ExtendedCompilerEngine.php(37): include('C:\\laragon\\www\\...')
#28 C:\laragon\www\CarRentSystem\vendor\livewire\livewire\src\Mechanisms\ExtendBlade\ExtendedCompilerEngine.php(38): App\Filament\Resources\ActivityLogResource\Pages\ListActivityLogs-&gt;{closure:Livewire\Mechanisms\ExtendBlade\ExtendedCompilerEngine::evaluatePath():35}()
#29 C:\laragon\www\CarRentSystem\vendor\laravel\framework\src\Illuminate\View\Engines\CompilerEngine.php(76): Livewire\Mechanisms\ExtendBlade\ExtendedCompilerEngine-&gt;evaluatePath('C:\\laragon\\www\\...', Array)
#30 C:\laragon\www\CarRentSystem\vendor\livewire\livewire\src\Mechanisms\ExtendBlade\ExtendedCompilerEngine.php(16): Illuminate\View\Engines\CompilerEngine-&gt;get('C:\\laragon\\www\\...', Array)
#31 C:\laragon\www\CarRentSystem\vendor\laravel\framework\src\Illuminate\View\View.php(208): Livewire\Mechanisms\ExtendBlade\ExtendedCompilerEngine-&gt;get('C:\\laragon\\www\\...', Array)
#32 C:\laragon\www\CarRentSystem\vendor\laravel\framework\src\Illuminate\View\View.php(191): Illuminate\View\View-&gt;getContents()
#33 C:\laragon\www\CarRentSystem\vendor\laravel\framework\src\Illuminate\View\View.php(160): Illuminate\View\View-&gt;renderContents()
#34 C:\laragon\www\CarRentSystem\vendor\filament\support\src\Components\ViewComponent.php(125): Illuminate\View\View-&gt;render()
#35 C:\laragon\www\CarRentSystem\vendor\filament\schemas\src\Components\Component.php(221): Filament\Support\Components\ViewComponent-&gt;toHtml()
#36 C:\laragon\www\CarRentSystem\vendor\filament\schemas\src\Schema.php(205): Filament\Schemas\Components\Component-&gt;toSchemaHtml(true)
#37 C:\laragon\www\CarRentSystem\vendor\filament\support\src\Components\ViewComponent.php(122): Filament\Schemas\Schema-&gt;toEmbeddedHtml()
#38 C:\laragon\www\CarRentSystem\vendor\laravel\framework\src\Illuminate\Support\helpers.php(130): Filament\Support\Components\ViewComponent-&gt;toHtml()
#39 C:\laragon\www\CarRentSystem\storage\framework\views\1a3d3d822b7060b360e0a4f4cc781bd5.php(92): e(Object(Filament\Schemas\Schema))
#40 C:\laragon\www\CarRentSystem\vendor\livewire\livewire\src\Mechanisms\ExtendBlade\ExtendedCompilerEngine.php(37): include('C:\\laragon\\www\\...')
#41 C:\laragon\www\CarRentSystem\vendor\livewire\livewire\src\Mechanisms\ExtendBlade\ExtendedCompilerEngine.php(38): App\Filament\Resources\ActivityLogResource\Pages\ListActivityLogs-&gt;{closure:Livewire\Mechanisms\ExtendBlade\ExtendedCompilerEngine::evaluatePath():35}()
#42 C:\laragon\www\CarRentSystem\vendor\laravel\framework\src\Illuminate\View\Engines\CompilerEngine.php(76): Livewire\Mechanisms\ExtendBlade\ExtendedCompilerEngine-&gt;evaluatePath('C:\\laragon\\www\\...', Array)
#43 C:\laragon\www\CarRentSystem\vendor\livewire\livewire\src\Mechanisms\ExtendBlade\ExtendedCompilerEngine.php(16): Illuminate\View\Engines\CompilerEngine-&gt;get('C:\\laragon\\www\\...', Array)
#44 C:\laragon\www\CarRentSystem\vendor\laravel\framework\src\Illuminate\View\View.php(208): Livewire\Mechanisms\ExtendBlade\ExtendedCompilerEngine-&gt;get('C:\\laragon\\www\\...', Array)
#45 C:\laragon\www\CarRentSystem\vendor\laravel\framework\src\Illuminate\View\View.php(191): Illuminate\View\View-&gt;getContents()
#46 C:\laragon\www\CarRentSystem\vendor\laravel\framework\src\Illuminate\View\View.php(160): Illuminate\View\View-&gt;renderContents()
#47 C:\laragon\www\CarRentSystem\vendor\laravel\framework\src\Illuminate\View\Concerns\ManagesComponents.php(103): Illuminate\View\View-&gt;render()
#48 C:\laragon\www\CarRentSystem\storage\framework\views\63d0da9e86cc349a52193e89442d61e4.php(727): Illuminate\View\Factory-&gt;renderComponent()
#49 C:\laragon\www\CarRentSystem\vendor\livewire\livewire\src\Mechanisms\ExtendBlade\ExtendedCompilerEngine.php(37): include('C:\\laragon\\www\\...')
#50 C:\laragon\www\CarRentSystem\vendor\livewire\livewire\src\Mechanisms\ExtendBlade\ExtendedCompilerEngine.php(38): App\Filament\Resources\ActivityLogResource\Pages\ListActivityLogs-&gt;{closure:Livewire\Mechanisms\ExtendBlade\ExtendedCompilerEngine::evaluatePath():35}()
#51 C:\laragon\www\CarRentSystem\vendor\laravel\framework\src\Illuminate\View\Engines\CompilerEngine.php(76): Livewire\Mechanisms\ExtendBlade\ExtendedCompilerEngine-&gt;evaluatePath('C:\\laragon\\www\\...', Array)
#52 C:\laragon\www\CarRentSystem\vendor\livewire\livewire\src\Mechanisms\ExtendBlade\ExtendedCompilerEngine.php(16): Illuminate\View\Engines\CompilerEngine-&gt;get('C:\\laragon\\www\\...', Array)
#53 C:\laragon\www\CarRentSystem\vendor\laravel\framework\src\Illuminate\View\View.php(208): Livewire\Mechanisms\ExtendBlade\ExtendedCompilerEngine-&gt;get('C:\\laragon\\www\\...', Array)
#54 C:\laragon\www\CarRentSystem\vendor\laravel\framework\src\Illuminate\View\View.php(191): Illuminate\View\View-&gt;getContents()
#55 C:\laragon\www\CarRentSystem\vendor\laravel\framework\src\Illuminate\View\View.php(160): Illuminate\View\View-&gt;renderContents()
#56 C:\laragon\www\CarRentSystem\vendor\filament\support\src\Components\ViewComponent.php(125): Illuminate\View\View-&gt;render()
#57 C:\laragon\www\CarRentSystem\vendor\filament\schemas\src\Components\Component.php(221): Filament\Support\Components\ViewComponent-&gt;toHtml()
#58 C:\laragon\www\CarRentSystem\vendor\filament\schemas\src\Schema.php(205): Filament\Schemas\Components\Component-&gt;toSchemaHtml(true)
#59 C:\laragon\www\CarRentSystem\vendor\filament\support\src\Components\ViewComponent.php(122): Filament\Schemas\Schema-&gt;toEmbeddedHtml()
#60 C:\laragon\www\CarRentSystem\vendor\laravel\framework\src\Illuminate\Support\helpers.php(130): Filament\Support\Components\ViewComponent-&gt;toHtml()
#61 C:\laragon\www\CarRentSystem\storage\framework\views\440b755faea75388110fdd3acae41dc5.php(11): e(Object(Filament\Schemas\Schema))
#62 C:\laragon\www\CarRentSystem\vendor\livewire\livewire\src\Mechanisms\ExtendBlade\ExtendedCompilerEngine.php(37): include('C:\\laragon\\www\\...')
#63 C:\laragon\www\CarRentSystem\vendor\livewire\livewire\src\Mechanisms\ExtendBlade\ExtendedCompilerEngine.php(38): App\Filament\Resources\ActivityLogResource\Pages\ListActivityLogs-&gt;{closure:Livewire\Mechanisms\ExtendBlade\ExtendedCompilerEngine::evaluatePath():35}()
#64 C:\laragon\www\CarRentSystem\vendor\laravel\framework\src\Illuminate\View\Engines\CompilerEngine.php(76): Livewire\Mechanisms\ExtendBlade\ExtendedCompilerEngine-&gt;evaluatePath('C:\\laragon\\www\\...', Array)
#65 C:\laragon\www\CarRentSystem\vendor\livewire\livewire\src\Mechanisms\ExtendBlade\ExtendedCompilerEngine.php(16): Illuminate\View\Engines\CompilerEngine-&gt;get('C:\\laragon\\www\\...', Array)
#66 C:\laragon\www\CarRentSystem\vendor\laravel\framework\src\Illuminate\View\View.php(208): Livewire\Mechanisms\ExtendBlade\ExtendedCompilerEngine-&gt;get('C:\\laragon\\www\\...', Array)
#67 C:\laragon\www\CarRentSystem\vendor\laravel\framework\src\Illuminate\View\View.php(191): Illuminate\View\View-&gt;getContents()
#68 C:\laragon\www\CarRentSystem\vendor\laravel\framework\src\Illuminate\View\View.php(160): Illuminate\View\View-&gt;renderContents()
#69 C:\laragon\www\CarRentSystem\vendor\livewire\livewire\src\Mechanisms\HandleComponents\HandleComponents.php(259): Illuminate\View\View-&gt;render(Object(Closure))
#70 C:\laragon\www\CarRentSystem\vendor\livewire\livewire\src\Mechanisms\HandleComponents\HandleComponents.php(303): Livewire\Mechanisms\HandleComponents\HandleComponents-&gt;{closure:Livewire\Mechanisms\HandleComponents\HandleComponents::render():251}()
#71 C:\laragon\www\CarRentSystem\vendor\livewire\livewire\src\Mechanisms\HandleComponents\HandleComponents.php(251): Livewire\Mechanisms\HandleComponents\HandleComponents-&gt;trackInRenderStack(Object(App\Filament\Resources\ActivityLogResource\Pages\ListActivityLogs), Object(Closure))
#72 C:\laragon\www\CarRentSystem\vendor\livewire\livewire\src\Mechanisms\HandleComponents\HandleComponents.php(54): Livewire\Mechanisms\HandleComponents\HandleComponents-&gt;render(Object(App\Filament\Resources\ActivityLogResource\Pages\ListActivityLogs), '&lt;div&gt;&lt;/div&gt;')
#73 C:\laragon\www\CarRentSystem\vendor\livewire\livewire\src\LivewireManager.php(73): Livewire\Mechanisms\HandleComponents\HandleComponents-&gt;mount('App\\Filament\\Re...', Array, NULL)
#74 C:\laragon\www\CarRentSystem\vendor\livewire\livewire\src\Features\SupportPageComponents\HandlesPageComponents.php(17): Livewire\LivewireManager-&gt;mount('App\\Filament\\Re...', Array)
#75 C:\laragon\www\CarRentSystem\vendor\livewire\livewire\src\Features\SupportPageComponents\SupportPageComponents.php(117): Livewire\Component-&gt;{closure:Livewire\Features\SupportPageComponents\HandlesPageComponents::__invoke():14}()
#76 C:\laragon\www\CarRentSystem\vendor\livewire\livewire\src\Features\SupportPageComponents\HandlesPageComponents.php(14): Livewire\Features\SupportPageComponents\SupportPageComponents::interceptTheRenderOfTheComponentAndRetreiveTheLayoutConfiguration(Object(Closure))
#77 C:\laragon\www\CarRentSystem\vendor\laravel\framework\src\Illuminate\Routing\ControllerDispatcher.php(46): Livewire\Component-&gt;__invoke()
#78 C:\laragon\www\CarRentSystem\vendor\laravel\framework\src\Illuminate\Routing\Route.php(265): Illuminate\Routing\ControllerDispatcher-&gt;dispatch(Object(Illuminate\Routing\Route), Object(App\Filament\Resources\ActivityLogResource\Pages\ListActivityLogs), '__invoke')
#79 C:\laragon\www\CarRentSystem\vendor\laravel\framework\src\Illuminate\Routing\Route.php(211): Illuminate\Routing\Route-&gt;runController()
#80 C:\laragon\www\CarRentSystem\vendor\laravel\framework\src\Illuminate\Routing\Router.php(822): Illuminate\Routing\Route-&gt;run()
#81 C:\laragon\www\CarRentSystem\vendor\laravel\framework\src\Illuminate\Pipeline\Pipeline.php(180): Illuminate\Routing\Router-&gt;{closure:Illuminate\Routing\Router::runRouteWithinStack():821}(Object(Illuminate\Http\Request))
#82 C:\laragon\www\CarRentSystem\vendor\filament\filament\src\Http\Middleware\DispatchServingFilamentEvent.php(15): Illuminate\Pipeline\Pipeline-&gt;{closure:Illuminate\Pipeline\Pipeline::prepareDestination():178}(Object(Illuminate\Http\Request))
#83 C:\laragon\www\CarRentSystem\vendor\laravel\framework\src\Illuminate\Pipeline\Pipeline.php(219): Filament\Http\Middleware\DispatchServingFilamentEvent-&gt;handle(Object(Illuminate\Http\Request), Object(Closure))
#84 C:\laragon\www\CarRentSystem\vendor\filament\filament\src\Http\Middleware\DisableBladeIconComponents.php(14): Illuminate\Pipeline\Pipeline-&gt;{closure:{closure:Illuminate\Pipeline\Pipeline::carry():194}:195}(Object(Illuminate\Http\Request))
#85 C:\laragon\www\CarRentSystem\vendor\laravel\framework\src\Illuminate\Pipeline\Pipeline.php(219): Filament\Http\Middleware\DisableBladeIconComponents-&gt;handle(Object(Illuminate\Http\Request), Object(Closure))
#86 C:\laragon\www\CarRentSystem\app\Http\Middleware\LocalizationMiddleware.php(41): Illuminate\Pipeline\Pipeline-&gt;{closure:{closure:Illuminate\Pipeline\Pipeline::carry():194}:195}(Object(Illuminate\Http\Request))
#87 C:\laragon\www\CarRentSystem\vendor\laravel\framework\src\Illuminate\Pipeline\Pipeline.php(219): App\Http\Middleware\LocalizationMiddleware-&gt;handle(Object(Illuminate\Http\Request), Object(Closure))
#88 C:\laragon\www\CarRentSystem\vendor\laravel\framework\src\Illuminate\Routing\Middleware\SubstituteBindings.php(50): Illuminate\Pipeline\Pipeline-&gt;{closure:{closure:Illuminate\Pipeline\Pipeline::carry():194}:195}(Object(Illuminate\Http\Request))
#89 C:\laragon\www\CarRentSystem\vendor\laravel\framework\src\Illuminate\Pipeline\Pipeline.php(219): Illuminate\Routing\Middleware\SubstituteBindings-&gt;handle(Object(Illuminate\Http\Request), Object(Closure))
#90 C:\laragon\www\CarRentSystem\vendor\laravel\framework\src\Illuminate\Auth\Middleware\Authenticate.php(63): Illuminate\Pipeline\Pipeline-&gt;{closure:{closure:Illuminate\Pipeline\Pipeline::carry():194}:195}(Object(Illuminate\Http\Request))
#91 C:\laragon\www\CarRentSystem\vendor\laravel\framework\src\Illuminate\Pipeline\Pipeline.php(219): Illuminate\Auth\Middleware\Authenticate-&gt;handle(Object(Illuminate\Http\Request), Object(Closure))
#92 C:\laragon\www\CarRentSystem\vendor\laravel\framework\src\Illuminate\View\Middleware\ShareErrorsFromSession.php(48): Illuminate\Pipeline\Pipeline-&gt;{closure:{closure:Illuminate\Pipeline\Pipeline::carry():194}:195}(Object(Illuminate\Http\Request))
#93 C:\laragon\www\CarRentSystem\vendor\laravel\framework\src\Illuminate\Pipeline\Pipeline.php(219): Illuminate\View\Middleware\ShareErrorsFromSession-&gt;handle(Object(Illuminate\Http\Request), Object(Closure))
#94 C:\laragon\www\CarRentSystem\vendor\laravel\framework\src\Illuminate\Session\Middleware\StartSession.php(120): Illuminate\Pipeline\Pipeline-&gt;{closure:{closure:Illuminate\Pipeline\Pipeline::carry():194}:195}(Object(Illuminate\Http\Request))
#95 C:\laragon\www\CarRentSystem\vendor\laravel\framework\src\Illuminate\Session\Middleware\StartSession.php(63): Illuminate\Session\Middleware\StartSession-&gt;handleStatefulRequest(Object(Illuminate\Http\Request), Object(Illuminate\Session\Store), Object(Closure))
#96 C:\laragon\www\CarRentSystem\vendor\laravel\framework\src\Illuminate\Pipeline\Pipeline.php(219): Illuminate\Session\Middleware\StartSession-&gt;handle(Object(Illuminate\Http\Request), Object(Closure))
#97 C:\laragon\www\CarRentSystem\vendor\laravel\framework\src\Illuminate\Cookie\Middleware\AddQueuedCookiesToResponse.php(36): Illuminate\Pipeline\Pipeline-&gt;{closure:{closure:Illuminate\Pipeline\Pipeline::carry():194}:195}(Object(Illuminate\Http\Request))
#98 C:\laragon\www\CarRentSystem\vendor\laravel\framework\src\Illuminate\Pipeline\Pipeline.php(219): Illuminate\Cookie\Middleware\AddQueuedCookiesToResponse-&gt;handle(Object(Illuminate\Http\Request), Object(Closure))
#99 C:\laragon\www\CarRentSystem\vendor\laravel\framework\src\Illuminate\Cookie\Middleware\EncryptCookies.php(74): Illuminate\Pipeline\Pipeline-&gt;{closure:{closure:Illuminate\Pipeline\Pipeline::carry():194}:195}(Object(Illuminate\Http\Request))
#100 C:\laragon\www\CarRentSystem\vendor\laravel\framework\src\Illuminate\Pipeline\Pipeline.php(219): Illuminate\Cookie\Middleware\EncryptCookies-&gt;handle(Object(Illuminate\Http\Request), Object(Closure))
#101 C:\laragon\www\CarRentSystem\vendor\filament\filament\src\Http\Middleware\SetUpPanel.php(19): Illuminate\Pipeline\Pipeline-&gt;{closure:{closure:Illuminate\Pipeline\Pipeline::carry():194}:195}(Object(Illuminate\Http\Request))
#102 C:\laragon\www\CarRentSystem\vendor\laravel\framework\src\Illuminate\Pipeline\Pipeline.php(219): Filament\Http\Middleware\SetUpPanel-&gt;handle(Object(Illuminate\Http\Request), Object(Closure), Object(Filament\Panel))
#103 C:\laragon\www\CarRentSystem\vendor\laravel\framework\src\Illuminate\Pipeline\Pipeline.php(137): Illuminate\Pipeline\Pipeline-&gt;{closure:{closure:Illuminate\Pipeline\Pipeline::carry():194}:195}(Object(Illuminate\Http\Request))
#104 C:\laragon\www\CarRentSystem\vendor\laravel\framework\src\Illuminate\Routing\Router.php(821): Illuminate\Pipeline\Pipeline-&gt;then(Object(Closure))
#105 C:\laragon\www\CarRentSystem\vendor\laravel\framework\src\Illuminate\Routing\Router.php(800): Illuminate\Routing\Router-&gt;runRouteWithinStack(Object(Illuminate\Routing\Route), Object(Illuminate\Http\Request))
#106 C:\laragon\www\CarRentSystem\vendor\laravel\framework\src\Illuminate\Routing\Router.php(764): Illuminate\Routing\Router-&gt;runRoute(Object(Illuminate\Http\Request), Object(Illuminate\Routing\Route))
#107 C:\laragon\www\CarRentSystem\vendor\laravel\framework\src\Illuminate\Routing\Router.php(753): Illuminate\Routing\Router-&gt;dispatchToRoute(Object(Illuminate\Http\Request))
#108 C:\laragon\www\CarRentSystem\vendor\laravel\framework\src\Illuminate\Foundation\Http\Kernel.php(200): Illuminate\Routing\Router-&gt;dispatch(Object(Illuminate\Http\Request))
#109 C:\laragon\www\CarRentSystem\vendor\laravel\framework\src\Illuminate\Pipeline\Pipeline.php(180): Illuminate\Foundation\Http\Kernel-&gt;{closure:Illuminate\Foundation\Http\Kernel::dispatchToRouter():197}(Object(Illuminate\Http\Request))
#110 C:\laragon\www\CarRentSystem\vendor\livewire\livewire\src\Features\SupportDisablingBackButtonCache\DisableBackButtonCacheMiddleware.php(19): Illuminate\Pipeline\Pipeline-&gt;{closure:Illuminate\Pipeline\Pipeline::prepareDestination():178}(Object(Illuminate\Http\Request))
#111 C:\laragon\www\CarRentSystem\vendor\laravel\framework\src\Illuminate\Pipeline\Pipeline.php(219): Livewire\Features\SupportDisablingBackButtonCache\DisableBackButtonCacheMiddleware-&gt;handle(Object(Illuminate\Http\Request), Object(Closure))
#112 C:\laragon\www\CarRentSystem\vendor\laravel\framework\src\Illuminate\Foundation\Http\Middleware\TransformsRequest.php(21): Illuminate\Pipeline\Pipeline-&gt;{closure:{closure:Illuminate\Pipeline\Pipeline::carry():194}:195}(Object(Illuminate\Http\Request))
#113 C:\laragon\www\CarRentSystem\vendor\laravel\framework\src\Illuminate\Foundation\Http\Middleware\ConvertEmptyStringsToNull.php(31): Illuminate\Foundation\Http\Middleware\TransformsRequest-&gt;handle(Object(Illuminate\Http\Request), Object(Closure))
#114 C:\laragon\www\CarRentSystem\vendor\laravel\framework\src\Illuminate\Pipeline\Pipeline.php(219): Illuminate\Foundation\Http\Middleware\ConvertEmptyStringsToNull-&gt;handle(Object(Illuminate\Http\Request), Object(Closure))
#115 C:\laragon\www\CarRentSystem\vendor\laravel\framework\src\Illuminate\Foundation\Http\Middleware\TransformsRequest.php(21): Illuminate\Pipeline\Pipeline-&gt;{closure:{closure:Illuminate\Pipeline\Pipeline::carry():194}:195}(Object(Illuminate\Http\Request))
#116 C:\laragon\www\CarRentSystem\vendor\laravel\framework\src\Illuminate\Foundation\Http\Middleware\TrimStrings.php(51): Illuminate\Foundation\Http\Middleware\TransformsRequest-&gt;handle(Object(Illuminate\Http\Request), Object(Closure))
#117 C:\laragon\www\CarRentSystem\vendor\laravel\framework\src\Illuminate\Pipeline\Pipeline.php(219): Illuminate\Foundation\Http\Middleware\TrimStrings-&gt;handle(Object(Illuminate\Http\Request), Object(Closure))
#118 C:\laragon\www\CarRentSystem\vendor\laravel\framework\src\Illuminate\Http\Middleware\ValidatePostSize.php(27): Illuminate\Pipeline\Pipeline-&gt;{closure:{closure:Illuminate\Pipeline\Pipeline::carry():194}:195}(Object(Illuminate\Http\Request))
#119 C:\laragon\www\CarRentSystem\vendor\laravel\framework\src\Illuminate\Pipeline\Pipeline.php(219): Illuminate\Http\Middleware\ValidatePostSize-&gt;handle(Object(Illuminate\Http\Request), Object(Closure))
#120 C:\laragon\www\CarRentSystem\vendor\laravel\framework\src\Illuminate\Foundation\Http\Middleware\PreventRequestsDuringMaintenance.php(109): Illuminate\Pipeline\Pipeline-&gt;{closure:{closure:Illuminate\Pipeline\Pipeline::carry():194}:195}(Object(Illuminate\Http\Request))
#121 C:\laragon\www\CarRentSystem\vendor\laravel\framework\src\Illuminate\Pipeline\Pipeline.php(219): Illuminate\Foundation\Http\Middleware\PreventRequestsDuringMaintenance-&gt;handle(Object(Illuminate\Http\Request), Object(Closure))
#122 C:\laragon\www\CarRentSystem\vendor\laravel\framework\src\Illuminate\Http\Middleware\HandleCors.php(61): Illuminate\Pipeline\Pipeline-&gt;{closure:{closure:Illuminate\Pipeline\Pipeline::carry():194}:195}(Object(Illuminate\Http\Request))
#123 C:\laragon\www\CarRentSystem\vendor\laravel\framework\src\Illuminate\Pipeline\Pipeline.php(219): Illuminate\Http\Middleware\HandleCors-&gt;handle(Object(Illuminate\Http\Request), Object(Closure))
#124 C:\laragon\www\CarRentSystem\vendor\laravel\framework\src\Illuminate\Http\Middleware\TrustProxies.php(58): Illuminate\Pipeline\Pipeline-&gt;{closure:{closure:Illuminate\Pipeline\Pipeline::carry():194}:195}(Object(Illuminate\Http\Request))
#125 C:\laragon\www\CarRentSystem\vendor\laravel\framework\src\Illuminate\Pipeline\Pipeline.php(219): Illuminate\Http\Middleware\TrustProxies-&gt;handle(Object(Illuminate\Http\Request), Object(Closure))
#126 C:\laragon\www\CarRentSystem\vendor\laravel\framework\src\Illuminate\Foundation\Http\Middleware\InvokeDeferredCallbacks.php(22): Illuminate\Pipeline\Pipeline-&gt;{closure:{closure:Illuminate\Pipeline\Pipeline::carry():194}:195}(Object(Illuminate\Http\Request))
#127 C:\laragon\www\CarRentSystem\vendor\laravel\framework\src\Illuminate\Pipeline\Pipeline.php(219): Illuminate\Foundation\Http\Middleware\InvokeDeferredCallbacks-&gt;handle(Object(Illuminate\Http\Request), Object(Closure))
#128 C:\laragon\www\CarRentSystem\vendor\laravel\framework\src\Illuminate\Http\Middleware\ValidatePathEncoding.php(26): Illuminate\Pipeline\Pipeline-&gt;{closure:{closure:Illuminate\Pipeline\Pipeline::carry():194}:195}(Object(Illuminate\Http\Request))
#129 C:\laragon\www\CarRentSystem\vendor\laravel\framework\src\Illuminate\Pipeline\Pipeline.php(219): Illuminate\Http\Middleware\ValidatePathEncoding-&gt;handle(Object(Illuminate\Http\Request), Object(Closure))
#130 C:\laragon\www\CarRentSystem\vendor\laravel\framework\src\Illuminate\Pipeline\Pipeline.php(137): Illuminate\Pipeline\Pipeline-&gt;{closure:{closure:Illuminate\Pipeline\Pipeline::carry():194}:195}(Object(Illuminate\Http\Request))
#131 C:\laragon\www\CarRentSystem\vendor\laravel\framework\src\Illuminate\Foundation\Http\Kernel.php(175): Illuminate\Pipeline\Pipeline-&gt;then(Object(Closure))
#132 C:\laragon\www\CarRentSystem\vendor\laravel\framework\src\Illuminate\Foundation\Http\Kernel.php(144): Illuminate\Foundation\Http\Kernel-&gt;sendRequestThroughRouter(Object(Illuminate\Http\Request))
#133 C:\laragon\www\CarRentSystem\vendor\laravel\framework\src\Illuminate\Foundation\Testing\Concerns\MakesHttpRequests.php(607): Illuminate\Foundation\Http\Kernel-&gt;handle(Object(Illuminate\Http\Request))
#134 C:\laragon\www\CarRentSystem\vendor\laravel\framework\src\Illuminate\Foundation\Testing\Concerns\MakesHttpRequests.php(368): Illuminate\Foundation\Testing\TestCase-&gt;call('GET', '/admin/activity...', Array, Array, Array, Array)
#135 C:\laragon\www\CarRentSystem\tests\Feature\ActivityLogManagementTest.php(65): Illuminate\Foundation\Testing\TestCase-&gt;get('/admin/activity...')
#136 C:\laragon\www\CarRentSystem\vendor\pestphp\pest\src\Factories\TestCaseMethodFactory.php(168): P\Tests\Feature\ActivityLogManagementTest-&gt;{closure:{closure:{closure:C:\laragon\www\CarRentSystem\tests\Feature\ActivityLogManagementTest.php:13}:20}:60}()
#137 [internal function]: P\Tests\Feature\ActivityLogManagementTest-&gt;{closure:Pest\Factories\TestCaseMethodFactory::getClosure():158}()
#138 C:\laragon\www\CarRentSystem\vendor\pestphp\pest\src\Concerns\Testable.php(429): call_user_func_array(Object(Closure), Array)
#139 C:\laragon\www\CarRentSystem\vendor\pestphp\pest\src\Support\ExceptionTrace.php(26): P\Tests\Feature\ActivityLogManagementTest-&gt;{closure:Pest\Concerns\Testable::__callClosure():429}()
#140 C:\laragon\www\CarRentSystem\vendor\pestphp\pest\src\Concerns\Testable.php(429): Pest\Support\ExceptionTrace::ensure(Object(Closure))
#141 C:\laragon\www\CarRentSystem\vendor\pestphp\pest\src\Concerns\Testable.php(331): P\Tests\Feature\ActivityLogManagementTest-&gt;__callClosure(Object(Closure), Array)
#142 C:\laragon\www\CarRentSystem\vendor\pestphp\pest\src\Factories\TestCaseFactory.php(169) : eval()'d code(62): P\Tests\Feature\ActivityLogManagementTest-&gt;__runTest(Object(Closure))
#143 C:\laragon\www\CarRentSystem\vendor\phpunit\phpunit\src\Framework\TestCase.php(1316): P\Tests\Feature\ActivityLogManagementTest-&gt;__pest_evaluable__Activity_Log_Management__→__Activity_Log_Listing__→_it_filters_logs_by_date_range()
#144 C:\laragon\www\CarRentSystem\vendor\phpunit\phpunit\src\Framework\TestCase.php(516): PHPUnit\Framework\TestCase-&gt;runTest()
#145 C:\laragon\www\CarRentSystem\vendor\phpunit\phpunit\src\Framework\TestRunner\TestRunner.php(99): PHPUnit\Framework\TestCase-&gt;runBare()
#146 C:\laragon\www\CarRentSystem\vendor\phpunit\phpunit\src\Framework\TestCase.php(357): PHPUnit\Framework\TestRunner-&gt;run(Object(P\Tests\Feature\ActivityLogManagementTest))
#147 C:\laragon\www\CarRentSystem\vendor\phpunit\phpunit\src\Framework\TestSuite.php(374): PHPUnit\Framework\TestCase-&gt;run()
#148 C:\laragon\www\CarRentSystem\vendor\phpunit\phpunit\src\Framework\TestSuite.php(374): PHPUnit\Framework\TestSuite-&gt;run()
#149 C:\laragon\www\CarRentSystem\vendor\phpunit\phpunit\src\Framework\TestSuite.php(374): PHPUnit\Framework\TestSuite-&gt;run()
#150 C:\laragon\www\CarRentSystem\vendor\phpunit\phpunit\src\TextUI\TestRunner.php(64): PHPUnit\Framework\TestSuite-&gt;run()
#151 C:\laragon\www\CarRentSystem\vendor\phpunit\phpunit\src\TextUI\Application.php(229): PHPUnit\TextUI\TestRunner-&gt;run(Object(PHPUnit\TextUI\Configuration\Configuration), Object(PHPUnit\Runner\ResultCache\DefaultResultCache), Object(PHPUnit\Framework\TestSuite))
#152 C:\laragon\www\CarRentSystem\vendor\pestphp\pest\src\Kernel.php(103): PHPUnit\TextUI\Application-&gt;run(Array)
#153 C:\laragon\www\CarRentSystem\vendor\pestphp\pest\bin\pest(184): Pest\Kernel-&gt;handle(Array, Array)
#154 C:\laragon\www\CarRentSystem\vendor\pestphp\pest\bin\pest(192): {closure:C:\laragon\www\CarRentSystem\vendor\pestphp\pest\bin\pest:18}()
#155 C:\laragon\www\CarRentSystem\vendor\bin\pest(119): include('C:\\laragon\\www\\...')
#156 {main}

Next Illuminate\Database\QueryException: SQLSTATE[HY000]: General error: 1 no such column: activity_log.name (Connection: sqlite, SQL: select "activity_log"."name", "" from "activity_log" order by "activity_log"."name" asc limit 50) in C:\laragon\www\CarRentSystem\vendor\laravel\framework\src\Illuminate\Database\Connection.php:824
Stack trace:
#0 C:\laragon\www\CarRentSystem\vendor\laravel\framework\src\Illuminate\Database\Connection.php(778): Illuminate\Database\Connection-&gt;runQueryCallback('select "activit...', Array, Object(Closure))
#1 C:\laragon\www\CarRentSystem\vendor\laravel\framework\src\Illuminate\Database\Connection.php(397): Illuminate\Database\Connection-&gt;run('select "activit...', Array, Object(Closure))
#2 C:\laragon\www\CarRentSystem\vendor\laravel\framework\src\Illuminate\Database\Query\Builder.php(3188): Illuminate\Database\Connection-&gt;select('select "activit...', Array, true)
#3 C:\laragon\www\CarRentSystem\vendor\laravel\framework\src\Illuminate\Database\Query\Builder.php(3446): Illuminate\Database\Query\Builder-&gt;runSelect()
#4 C:\laragon\www\CarRentSystem\vendor\laravel\framework\src\Illuminate\Database\Query\Builder.php(3763): Illuminate\Database\Query\Builder-&gt;{closure:Illuminate\Database\Query\Builder::pluck():3444}()
#5 C:\laragon\www\CarRentSystem\vendor\laravel\framework\src\Illuminate\Database\Query\Builder.php(3442): Illuminate\Database\Query\Builder-&gt;onceWithColumns(Array, Object(Closure))
#6 C:\laragon\www\CarRentSystem\vendor\laravel\framework\src\Illuminate\Database\Eloquent\Builder.php(1082): Illuminate\Database\Query\Builder-&gt;pluck('activity_log.na...', '')
#7 C:\laragon\www\CarRentSystem\vendor\filament\tables\src\Filters\SelectFilter.php(454): Illuminate\Database\Eloquent\Builder-&gt;pluck('activity_log.na...', '')
#8 C:\laragon\www\CarRentSystem\vendor\filament\support\src\Concerns\EvaluatesClosures.php(36): Filament\Tables\Filters\SelectFilter-&gt;{closure:Filament\Tables\Filters\SelectFilter::getFormField():391}(Object(Filament\Forms\Components\Select))
#9 C:\laragon\www\CarRentSystem\vendor\filament\forms\src\Components\Concerns\HasOptions.php(36): Filament\Support\Components\Component-&gt;evaluate(Object(Closure))
#10 C:\laragon\www\CarRentSystem\vendor\filament\forms\src\Components\Select.php(708): Filament\Forms\Components\Select-&gt;getOptions()
#11 C:\laragon\www\CarRentSystem\storage\framework\views\785d21797565f791af709268f8dfbe8e.php(182): Filament\Forms\Components\Select-&gt;getOptionsForJs()
#12 C:\laragon\www\CarRentSystem\vendor\livewire\livewire\src\Mechanisms\ExtendBlade\ExtendedCompilerEngine.php(37): include('C:\\laragon\\www\\...')
#13 C:\laragon\www\CarRentSystem\vendor\livewire\livewire\src\Mechanisms\ExtendBlade\ExtendedCompilerEngine.php(38): App\Filament\Resources\ActivityLogResource\Pages\ListActivityLogs-&gt;{closure:Livewire\Mechanisms\ExtendBlade\ExtendedCompilerEngine::evaluatePath():35}()
#14 C:\laragon\www\CarRentSystem\vendor\laravel\framework\src\Illuminate\View\Engines\CompilerEngine.php(76): Livewire\Mechanisms\ExtendBlade\ExtendedCompilerEngine-&gt;evaluatePath('C:\\laragon\\www\\...', Array)
#15 C:\laragon\www\CarRentSystem\vendor\livewire\livewire\src\Mechanisms\ExtendBlade\ExtendedCompilerEngine.php(16): Illuminate\View\Engines\CompilerEngine-&gt;get('C:\\laragon\\www\\...', Array)
#16 C:\laragon\www\CarRentSystem\vendor\laravel\framework\src\Illuminate\View\View.php(208): Livewire\Mechanisms\ExtendBlade\ExtendedCompilerEngine-&gt;get('C:\\laragon\\www\\...', Array)
#17 C:\laragon\www\CarRentSystem\vendor\laravel\framework\src\Illuminate\View\View.php(191): Illuminate\View\View-&gt;getContents()
#18 C:\laragon\www\CarRentSystem\vendor\laravel\framework\src\Illuminate\View\View.php(160): Illuminate\View\View-&gt;renderContents()
#19 C:\laragon\www\CarRentSystem\vendor\filament\support\src\Components\ViewComponent.php(125): Illuminate\View\View-&gt;render()
#20 C:\laragon\www\CarRentSystem\vendor\filament\schemas\src\Components\Component.php(221): Filament\Support\Components\ViewComponent-&gt;toHtml()
#21 C:\laragon\www\CarRentSystem\vendor\filament\schemas\src\Schema.php(205): Filament\Schemas\Components\Component-&gt;toSchemaHtml(true)
#22 C:\laragon\www\CarRentSystem\vendor\filament\support\src\Components\ViewComponent.php(122): Filament\Schemas\Schema-&gt;toEmbeddedHtml()
#23 C:\laragon\www\CarRentSystem\vendor\laravel\framework\src\Illuminate\Support\helpers.php(130): Filament\Support\Components\ViewComponent-&gt;toHtml()
#24 C:\laragon\www\CarRentSystem\storage\framework\views\5110ca74321f0dcab372f3d94aa125c2.php(9): e(Object(Filament\Schemas\Schema))
#25 C:\laragon\www\CarRentSystem\vendor\livewire\livewire\src\Mechanisms\ExtendBlade\ExtendedCompilerEngine.php(37): include('C:\\laragon\\www\\...')
#26 C:\laragon\www\CarRentSystem\vendor\livewire\livewire\src\Mechanisms\ExtendBlade\ExtendedCompilerEngine.php(38): App\Filament\Resources\ActivityLogResource\Pages\ListActivityLogs-&gt;{closure:Livewire\Mechanisms\ExtendBlade\ExtendedCompilerEngine::evaluatePath():35}()
#27 C:\laragon\www\CarRentSystem\vendor\laravel\framework\src\Illuminate\View\Engines\CompilerEngine.php(76): Livewire\Mechanisms\ExtendBlade\ExtendedCompilerEngine-&gt;evaluatePath('C:\\laragon\\www\\...', Array)
#28 C:\laragon\www\CarRentSystem\vendor\livewire\livewire\src\Mechanisms\ExtendBlade\ExtendedCompilerEngine.php(16): Illuminate\View\Engines\CompilerEngine-&gt;get('C:\\laragon\\www\\...', Array)
#29 C:\laragon\www\CarRentSystem\vendor\laravel\framework\src\Illuminate\View\View.php(208): Livewire\Mechanisms\ExtendBlade\ExtendedCompilerEngine-&gt;get('C:\\laragon\\www\\...', Array)
#30 C:\laragon\www\CarRentSystem\vendor\laravel\framework\src\Illuminate\View\View.php(191): Illuminate\View\View-&gt;getContents()
#31 C:\laragon\www\CarRentSystem\vendor\laravel\framework\src\Illuminate\View\View.php(160): Illuminate\View\View-&gt;renderContents()
#32 C:\laragon\www\CarRentSystem\vendor\filament\support\src\Components\ViewComponent.php(125): Illuminate\View\View-&gt;render()
#33 C:\laragon\www\CarRentSystem\vendor\filament\schemas\src\Components\Component.php(221): Filament\Support\Components\ViewComponent-&gt;toHtml()
#34 C:\laragon\www\CarRentSystem\vendor\filament\schemas\src\Schema.php(205): Filament\Schemas\Components\Component-&gt;toSchemaHtml(true)
#35 C:\laragon\www\CarRentSystem\vendor\filament\support\src\Components\ViewComponent.php(122): Filament\Schemas\Schema-&gt;toEmbeddedHtml()
#36 C:\laragon\www\CarRentSystem\vendor\laravel\framework\src\Illuminate\Support\helpers.php(130): Filament\Support\Components\ViewComponent-&gt;toHtml()
#37 C:\laragon\www\CarRentSystem\storage\framework\views\1a3d3d822b7060b360e0a4f4cc781bd5.php(92): e(Object(Filament\Schemas\Schema))
#38 C:\laragon\www\CarRentSystem\vendor\livewire\livewire\src\Mechanisms\ExtendBlade\ExtendedCompilerEngine.php(37): include('C:\\laragon\\www\\...')
#39 C:\laragon\www\CarRentSystem\vendor\livewire\livewire\src\Mechanisms\ExtendBlade\ExtendedCompilerEngine.php(38): App\Filament\Resources\ActivityLogResource\Pages\ListActivityLogs-&gt;{closure:Livewire\Mechanisms\ExtendBlade\ExtendedCompilerEngine::evaluatePath():35}()
#40 C:\laragon\www\CarRentSystem\vendor\laravel\framework\src\Illuminate\View\Engines\CompilerEngine.php(76): Livewire\Mechanisms\ExtendBlade\ExtendedCompilerEngine-&gt;evaluatePath('C:\\laragon\\www\\...', Array)
#41 C:\laragon\www\CarRentSystem\vendor\livewire\livewire\src\Mechanisms\ExtendBlade\ExtendedCompilerEngine.php(16): Illuminate\View\Engines\CompilerEngine-&gt;get('C:\\laragon\\www\\...', Array)
#42 C:\laragon\www\CarRentSystem\vendor\laravel\framework\src\Illuminate\View\View.php(208): Livewire\Mechanisms\ExtendBlade\ExtendedCompilerEngine-&gt;get('C:\\laragon\\www\\...', Array)
#43 C:\laragon\www\CarRentSystem\vendor\laravel\framework\src\Illuminate\View\View.php(191): Illuminate\View\View-&gt;getContents()
#44 C:\laragon\www\CarRentSystem\vendor\laravel\framework\src\Illuminate\View\View.php(160): Illuminate\View\View-&gt;renderContents()
#45 C:\laragon\www\CarRentSystem\vendor\laravel\framework\src\Illuminate\View\Concerns\ManagesComponents.php(103): Illuminate\View\View-&gt;render()
#46 C:\laragon\www\CarRentSystem\storage\framework\views\63d0da9e86cc349a52193e89442d61e4.php(727): Illuminate\View\Factory-&gt;renderComponent()
#47 C:\laragon\www\CarRentSystem\vendor\livewire\livewire\src\Mechanisms\ExtendBlade\ExtendedCompilerEngine.php(37): include('C:\\laragon\\www\\...')
#48 C:\laragon\www\CarRentSystem\vendor\livewire\livewire\src\Mechanisms\ExtendBlade\ExtendedCompilerEngine.php(38): App\Filament\Resources\ActivityLogResource\Pages\ListActivityLogs-&gt;{closure:Livewire\Mechanisms\ExtendBlade\ExtendedCompilerEngine::evaluatePath():35}()
#49 C:\laragon\www\CarRentSystem\vendor\laravel\framework\src\Illuminate\View\Engines\CompilerEngine.php(76): Livewire\Mechanisms\ExtendBlade\ExtendedCompilerEngine-&gt;evaluatePath('C:\\laragon\\www\\...', Array)
#50 C:\laragon\www\CarRentSystem\vendor\livewire\livewire\src\Mechanisms\ExtendBlade\ExtendedCompilerEngine.php(16): Illuminate\View\Engines\CompilerEngine-&gt;get('C:\\laragon\\www\\...', Array)
#51 C:\laragon\www\CarRentSystem\vendor\laravel\framework\src\Illuminate\View\View.php(208): Livewire\Mechanisms\ExtendBlade\ExtendedCompilerEngine-&gt;get('C:\\laragon\\www\\...', Array)
#52 C:\laragon\www\CarRentSystem\vendor\laravel\framework\src\Illuminate\View\View.php(191): Illuminate\View\View-&gt;getContents()
#53 C:\laragon\www\CarRentSystem\vendor\laravel\framework\src\Illuminate\View\View.php(160): Illuminate\View\View-&gt;renderContents()
#54 C:\laragon\www\CarRentSystem\vendor\filament\support\src\Components\ViewComponent.php(125): Illuminate\View\View-&gt;render()
#55 C:\laragon\www\CarRentSystem\vendor\filament\schemas\src\Components\Component.php(221): Filament\Support\Components\ViewComponent-&gt;toHtml()
#56 C:\laragon\www\CarRentSystem\vendor\filament\schemas\src\Schema.php(205): Filament\Schemas\Components\Component-&gt;toSchemaHtml(true)
#57 C:\laragon\www\CarRentSystem\vendor\filament\support\src\Components\ViewComponent.php(122): Filament\Schemas\Schema-&gt;toEmbeddedHtml()
#58 C:\laragon\www\CarRentSystem\vendor\laravel\framework\src\Illuminate\Support\helpers.php(130): Filament\Support\Components\ViewComponent-&gt;toHtml()
#59 C:\laragon\www\CarRentSystem\storage\framework\views\440b755faea75388110fdd3acae41dc5.php(11): e(Object(Filament\Schemas\Schema))
#60 C:\laragon\www\CarRentSystem\vendor\livewire\livewire\src\Mechanisms\ExtendBlade\ExtendedCompilerEngine.php(37): include('C:\\laragon\\www\\...')
#61 C:\laragon\www\CarRentSystem\vendor\livewire\livewire\src\Mechanisms\ExtendBlade\ExtendedCompilerEngine.php(38): App\Filament\Resources\ActivityLogResource\Pages\ListActivityLogs-&gt;{closure:Livewire\Mechanisms\ExtendBlade\ExtendedCompilerEngine::evaluatePath():35}()
#62 C:\laragon\www\CarRentSystem\vendor\laravel\framework\src\Illuminate\View\Engines\CompilerEngine.php(76): Livewire\Mechanisms\ExtendBlade\ExtendedCompilerEngine-&gt;evaluatePath('C:\\laragon\\www\\...', Array)
#63 C:\laragon\www\CarRentSystem\vendor\livewire\livewire\src\Mechanisms\ExtendBlade\ExtendedCompilerEngine.php(16): Illuminate\View\Engines\CompilerEngine-&gt;get('C:\\laragon\\www\\...', Array)
#64 C:\laragon\www\CarRentSystem\vendor\laravel\framework\src\Illuminate\View\View.php(208): Livewire\Mechanisms\ExtendBlade\ExtendedCompilerEngine-&gt;get('C:\\laragon\\www\\...', Array)
#65 C:\laragon\www\CarRentSystem\vendor\laravel\framework\src\Illuminate\View\View.php(191): Illuminate\View\View-&gt;getContents()
#66 C:\laragon\www\CarRentSystem\vendor\laravel\framework\src\Illuminate\View\View.php(160): Illuminate\View\View-&gt;renderContents()
#67 C:\laragon\www\CarRentSystem\vendor\livewire\livewire\src\Mechanisms\HandleComponents\HandleComponents.php(259): Illuminate\View\View-&gt;render(Object(Closure))
#68 C:\laragon\www\CarRentSystem\vendor\livewire\livewire\src\Mechanisms\HandleComponents\HandleComponents.php(303): Livewire\Mechanisms\HandleComponents\HandleComponents-&gt;{closure:Livewire\Mechanisms\HandleComponents\HandleComponents::render():251}()
#69 C:\laragon\www\CarRentSystem\vendor\livewire\livewire\src\Mechanisms\HandleComponents\HandleComponents.php(251): Livewire\Mechanisms\HandleComponents\HandleComponents-&gt;trackInRenderStack(Object(App\Filament\Resources\ActivityLogResource\Pages\ListActivityLogs), Object(Closure))
#70 C:\laragon\www\CarRentSystem\vendor\livewire\livewire\src\Mechanisms\HandleComponents\HandleComponents.php(54): Livewire\Mechanisms\HandleComponents\HandleComponents-&gt;render(Object(App\Filament\Resources\ActivityLogResource\Pages\ListActivityLogs), '&lt;div&gt;&lt;/div&gt;')
#71 C:\laragon\www\CarRentSystem\vendor\livewire\livewire\src\LivewireManager.php(73): Livewire\Mechanisms\HandleComponents\HandleComponents-&gt;mount('App\\Filament\\Re...', Array, NULL)
#72 C:\laragon\www\CarRentSystem\vendor\livewire\livewire\src\Features\SupportPageComponents\HandlesPageComponents.php(17): Livewire\LivewireManager-&gt;mount('App\\Filament\\Re...', Array)
#73 C:\laragon\www\CarRentSystem\vendor\livewire\livewire\src\Features\SupportPageComponents\SupportPageComponents.php(117): Livewire\Component-&gt;{closure:Livewire\Features\SupportPageComponents\HandlesPageComponents::__invoke():14}()
#74 C:\laragon\www\CarRentSystem\vendor\livewire\livewire\src\Features\SupportPageComponents\HandlesPageComponents.php(14): Livewire\Features\SupportPageComponents\SupportPageComponents::interceptTheRenderOfTheComponentAndRetreiveTheLayoutConfiguration(Object(Closure))
#75 C:\laragon\www\CarRentSystem\vendor\laravel\framework\src\Illuminate\Routing\ControllerDispatcher.php(46): Livewire\Component-&gt;__invoke()
#76 C:\laragon\www\CarRentSystem\vendor\laravel\framework\src\Illuminate\Routing\Route.php(265): Illuminate\Routing\ControllerDispatcher-&gt;dispatch(Object(Illuminate\Routing\Route), Object(App\Filament\Resources\ActivityLogResource\Pages\ListActivityLogs), '__invoke')
#77 C:\laragon\www\CarRentSystem\vendor\laravel\framework\src\Illuminate\Routing\Route.php(211): Illuminate\Routing\Route-&gt;runController()
#78 C:\laragon\www\CarRentSystem\vendor\laravel\framework\src\Illuminate\Routing\Router.php(822): Illuminate\Routing\Route-&gt;run()
#79 C:\laragon\www\CarRentSystem\vendor\laravel\framework\src\Illuminate\Pipeline\Pipeline.php(180): Illuminate\Routing\Router-&gt;{closure:Illuminate\Routing\Router::runRouteWithinStack():821}(Object(Illuminate\Http\Request))
#80 C:\laragon\www\CarRentSystem\vendor\filament\filament\src\Http\Middleware\DispatchServingFilamentEvent.php(15): Illuminate\Pipeline\Pipeline-&gt;{closure:Illuminate\Pipeline\Pipeline::prepareDestination():178}(Object(Illuminate\Http\Request))
#81 C:\laragon\www\CarRentSystem\vendor\laravel\framework\src\Illuminate\Pipeline\Pipeline.php(219): Filament\Http\Middleware\DispatchServingFilamentEvent-&gt;handle(Object(Illuminate\Http\Request), Object(Closure))
#82 C:\laragon\www\CarRentSystem\vendor\filament\filament\src\Http\Middleware\DisableBladeIconComponents.php(14): Illuminate\Pipeline\Pipeline-&gt;{closure:{closure:Illuminate\Pipeline\Pipeline::carry():194}:195}(Object(Illuminate\Http\Request))
#83 C:\laragon\www\CarRentSystem\vendor\laravel\framework\src\Illuminate\Pipeline\Pipeline.php(219): Filament\Http\Middleware\DisableBladeIconComponents-&gt;handle(Object(Illuminate\Http\Request), Object(Closure))
#84 C:\laragon\www\CarRentSystem\app\Http\Middleware\LocalizationMiddleware.php(41): Illuminate\Pipeline\Pipeline-&gt;{closure:{closure:Illuminate\Pipeline\Pipeline::carry():194}:195}(Object(Illuminate\Http\Request))
#85 C:\laragon\www\CarRentSystem\vendor\laravel\framework\src\Illuminate\Pipeline\Pipeline.php(219): App\Http\Middleware\LocalizationMiddleware-&gt;handle(Object(Illuminate\Http\Request), Object(Closure))
#86 C:\laragon\www\CarRentSystem\vendor\laravel\framework\src\Illuminate\Routing\Middleware\SubstituteBindings.php(50): Illuminate\Pipeline\Pipeline-&gt;{closure:{closure:Illuminate\Pipeline\Pipeline::carry():194}:195}(Object(Illuminate\Http\Request))
#87 C:\laragon\www\CarRentSystem\vendor\laravel\framework\src\Illuminate\Pipeline\Pipeline.php(219): Illuminate\Routing\Middleware\SubstituteBindings-&gt;handle(Object(Illuminate\Http\Request), Object(Closure))
#88 C:\laragon\www\CarRentSystem\vendor\laravel\framework\src\Illuminate\Auth\Middleware\Authenticate.php(63): Illuminate\Pipeline\Pipeline-&gt;{closure:{closure:Illuminate\Pipeline\Pipeline::carry():194}:195}(Object(Illuminate\Http\Request))
#89 C:\laragon\www\CarRentSystem\vendor\laravel\framework\src\Illuminate\Pipeline\Pipeline.php(219): Illuminate\Auth\Middleware\Authenticate-&gt;handle(Object(Illuminate\Http\Request), Object(Closure))
#90 C:\laragon\www\CarRentSystem\vendor\laravel\framework\src\Illuminate\View\Middleware\ShareErrorsFromSession.php(48): Illuminate\Pipeline\Pipeline-&gt;{closure:{closure:Illuminate\Pipeline\Pipeline::carry():194}:195}(Object(Illuminate\Http\Request))
#91 C:\laragon\www\CarRentSystem\vendor\laravel\framework\src\Illuminate\Pipeline\Pipeline.php(219): Illuminate\View\Middleware\ShareErrorsFromSession-&gt;handle(Object(Illuminate\Http\Request), Object(Closure))
#92 C:\laragon\www\CarRentSystem\vendor\laravel\framework\src\Illuminate\Session\Middleware\StartSession.php(120): Illuminate\Pipeline\Pipeline-&gt;{closure:{closure:Illuminate\Pipeline\Pipeline::carry():194}:195}(Object(Illuminate\Http\Request))
#93 C:\laragon\www\CarRentSystem\vendor\laravel\framework\src\Illuminate\Session\Middleware\StartSession.php(63): Illuminate\Session\Middleware\StartSession-&gt;handleStatefulRequest(Object(Illuminate\Http\Request), Object(Illuminate\Session\Store), Object(Closure))
#94 C:\laragon\www\CarRentSystem\vendor\laravel\framework\src\Illuminate\Pipeline\Pipeline.php(219): Illuminate\Session\Middleware\StartSession-&gt;handle(Object(Illuminate\Http\Request), Object(Closure))
#95 C:\laragon\www\CarRentSystem\vendor\laravel\framework\src\Illuminate\Cookie\Middleware\AddQueuedCookiesToResponse.php(36): Illuminate\Pipeline\Pipeline-&gt;{closure:{closure:Illuminate\Pipeline\Pipeline::carry():194}:195}(Object(Illuminate\Http\Request))
#96 C:\laragon\www\CarRentSystem\vendor\laravel\framework\src\Illuminate\Pipeline\Pipeline.php(219): Illuminate\Cookie\Middleware\AddQueuedCookiesToResponse-&gt;handle(Object(Illuminate\Http\Request), Object(Closure))
#97 C:\laragon\www\CarRentSystem\vendor\laravel\framework\src\Illuminate\Cookie\Middleware\EncryptCookies.php(74): Illuminate\Pipeline\Pipeline-&gt;{closure:{closure:Illuminate\Pipeline\Pipeline::carry():194}:195}(Object(Illuminate\Http\Request))
#98 C:\laragon\www\CarRentSystem\vendor\laravel\framework\src\Illuminate\Pipeline\Pipeline.php(219): Illuminate\Cookie\Middleware\EncryptCookies-&gt;handle(Object(Illuminate\Http\Request), Object(Closure))
#99 C:\laragon\www\CarRentSystem\vendor\filament\filament\src\Http\Middleware\SetUpPanel.php(19): Illuminate\Pipeline\Pipeline-&gt;{closure:{closure:Illuminate\Pipeline\Pipeline::carry():194}:195}(Object(Illuminate\Http\Request))
#100 C:\laragon\www\CarRentSystem\vendor\laravel\framework\src\Illuminate\Pipeline\Pipeline.php(219): Filament\Http\Middleware\SetUpPanel-&gt;handle(Object(Illuminate\Http\Request), Object(Closure), Object(Filament\Panel))
#101 C:\laragon\www\CarRentSystem\vendor\laravel\framework\src\Illuminate\Pipeline\Pipeline.php(137): Illuminate\Pipeline\Pipeline-&gt;{closure:{closure:Illuminate\Pipeline\Pipeline::carry():194}:195}(Object(Illuminate\Http\Request))
#102 C:\laragon\www\CarRentSystem\vendor\laravel\framework\src\Illuminate\Routing\Router.php(821): Illuminate\Pipeline\Pipeline-&gt;then(Object(Closure))
#103 C:\laragon\www\CarRentSystem\vendor\laravel\framework\src\Illuminate\Routing\Router.php(800): Illuminate\Routing\Router-&gt;runRouteWithinStack(Object(Illuminate\Routing\Route), Object(Illuminate\Http\Request))
#104 C:\laragon\www\CarRentSystem\vendor\laravel\framework\src\Illuminate\Routing\Router.php(764): Illuminate\Routing\Router-&gt;runRoute(Object(Illuminate\Http\Request), Object(Illuminate\Routing\Route))
#105 C:\laragon\www\CarRentSystem\vendor\laravel\framework\src\Illuminate\Routing\Router.php(753): Illuminate\Routing\Router-&gt;dispatchToRoute(Object(Illuminate\Http\Request))
#106 C:\laragon\www\CarRentSystem\vendor\laravel\framework\src\Illuminate\Foundation\Http\Kernel.php(200): Illuminate\Routing\Router-&gt;dispatch(Object(Illuminate\Http\Request))
#107 C:\laragon\www\CarRentSystem\vendor\laravel\framework\src\Illuminate\Pipeline\Pipeline.php(180): Illuminate\Foundation\Http\Kernel-&gt;{closure:Illuminate\Foundation\Http\Kernel::dispatchToRouter():197}(Object(Illuminate\Http\Request))
#108 C:\laragon\www\CarRentSystem\vendor\livewire\livewire\src\Features\SupportDisablingBackButtonCache\DisableBackButtonCacheMiddleware.php(19): Illuminate\Pipeline\Pipeline-&gt;{closure:Illuminate\Pipeline\Pipeline::prepareDestination():178}(Object(Illuminate\Http\Request))
#109 C:\laragon\www\CarRentSystem\vendor\laravel\framework\src\Illuminate\Pipeline\Pipeline.php(219): Livewire\Features\SupportDisablingBackButtonCache\DisableBackButtonCacheMiddleware-&gt;handle(Object(Illuminate\Http\Request), Object(Closure))
#110 C:\laragon\www\CarRentSystem\vendor\laravel\framework\src\Illuminate\Foundation\Http\Middleware\TransformsRequest.php(21): Illuminate\Pipeline\Pipeline-&gt;{closure:{closure:Illuminate\Pipeline\Pipeline::carry():194}:195}(Object(Illuminate\Http\Request))
#111 C:\laragon\www\CarRentSystem\vendor\laravel\framework\src\Illuminate\Foundation\Http\Middleware\ConvertEmptyStringsToNull.php(31): Illuminate\Foundation\Http\Middleware\TransformsRequest-&gt;handle(Object(Illuminate\Http\Request), Object(Closure))
#112 C:\laragon\www\CarRentSystem\vendor\laravel\framework\src\Illuminate\Pipeline\Pipeline.php(219): Illuminate\Foundation\Http\Middleware\ConvertEmptyStringsToNull-&gt;handle(Object(Illuminate\Http\Request), Object(Closure))
#113 C:\laragon\www\CarRentSystem\vendor\laravel\framework\src\Illuminate\Foundation\Http\Middleware\TransformsRequest.php(21): Illuminate\Pipeline\Pipeline-&gt;{closure:{closure:Illuminate\Pipeline\Pipeline::carry():194}:195}(Object(Illuminate\Http\Request))
#114 C:\laragon\www\CarRentSystem\vendor\laravel\framework\src\Illuminate\Foundation\Http\Middleware\TrimStrings.php(51): Illuminate\Foundation\Http\Middleware\TransformsRequest-&gt;handle(Object(Illuminate\Http\Request), Object(Closure))
#115 C:\laragon\www\CarRentSystem\vendor\laravel\framework\src\Illuminate\Pipeline\Pipeline.php(219): Illuminate\Foundation\Http\Middleware\TrimStrings-&gt;handle(Object(Illuminate\Http\Request), Object(Closure))
#116 C:\laragon\www\CarRentSystem\vendor\laravel\framework\src\Illuminate\Http\Middleware\ValidatePostSize.php(27): Illuminate\Pipeline\Pipeline-&gt;{closure:{closure:Illuminate\Pipeline\Pipeline::carry():194}:195}(Object(Illuminate\Http\Request))
#117 C:\laragon\www\CarRentSystem\vendor\laravel\framework\src\Illuminate\Pipeline\Pipeline.php(219): Illuminate\Http\Middleware\ValidatePostSize-&gt;handle(Object(Illuminate\Http\Request), Object(Closure))
#118 C:\laragon\www\CarRentSystem\vendor\laravel\framework\src\Illuminate\Foundation\Http\Middleware\PreventRequestsDuringMaintenance.php(109): Illuminate\Pipeline\Pipeline-&gt;{closure:{closure:Illuminate\Pipeline\Pipeline::carry():194}:195}(Object(Illuminate\Http\Request))
#119 C:\laragon\www\CarRentSystem\vendor\laravel\framework\src\Illuminate\Pipeline\Pipeline.php(219): Illuminate\Foundation\Http\Middleware\PreventRequestsDuringMaintenance-&gt;handle(Object(Illuminate\Http\Request), Object(Closure))
#120 C:\laragon\www\CarRentSystem\vendor\laravel\framework\src\Illuminate\Http\Middleware\HandleCors.php(61): Illuminate\Pipeline\Pipeline-&gt;{closure:{closure:Illuminate\Pipeline\Pipeline::carry():194}:195}(Object(Illuminate\Http\Request))
#121 C:\laragon\www\CarRentSystem\vendor\laravel\framework\src\Illuminate\Pipeline\Pipeline.php(219): Illuminate\Http\Middleware\HandleCors-&gt;handle(Object(Illuminate\Http\Request), Object(Closure))
#122 C:\laragon\www\CarRentSystem\vendor\laravel\framework\src\Illuminate\Http\Middleware\TrustProxies.php(58): Illuminate\Pipeline\Pipeline-&gt;{closure:{closure:Illuminate\Pipeline\Pipeline::carry():194}:195}(Object(Illuminate\Http\Request))
#123 C:\laragon\www\CarRentSystem\vendor\laravel\framework\src\Illuminate\Pipeline\Pipeline.php(219): Illuminate\Http\Middleware\TrustProxies-&gt;handle(Object(Illuminate\Http\Request), Object(Closure))
#124 C:\laragon\www\CarRentSystem\vendor\laravel\framework\src\Illuminate\Foundation\Http\Middleware\InvokeDeferredCallbacks.php(22): Illuminate\Pipeline\Pipeline-&gt;{closure:{closure:Illuminate\Pipeline\Pipeline::carry():194}:195}(Object(Illuminate\Http\Request))
#125 C:\laragon\www\CarRentSystem\vendor\laravel\framework\src\Illuminate\Pipeline\Pipeline.php(219): Illuminate\Foundation\Http\Middleware\InvokeDeferredCallbacks-&gt;handle(Object(Illuminate\Http\Request), Object(Closure))
#126 C:\laragon\www\CarRentSystem\vendor\laravel\framework\src\Illuminate\Http\Middleware\ValidatePathEncoding.php(26): Illuminate\Pipeline\Pipeline-&gt;{closure:{closure:Illuminate\Pipeline\Pipeline::carry():194}:195}(Object(Illuminate\Http\Request))
#127 C:\laragon\www\CarRentSystem\vendor\laravel\framework\src\Illuminate\Pipeline\Pipeline.php(219): Illuminate\Http\Middleware\ValidatePathEncoding-&gt;handle(Object(Illuminate\Http\Request), Object(Closure))
#128 C:\laragon\www\CarRentSystem\vendor\laravel\framework\src\Illuminate\Pipeline\Pipeline.php(137): Illuminate\Pipeline\Pipeline-&gt;{closure:{closure:Illuminate\Pipeline\Pipeline::carry():194}:195}(Object(Illuminate\Http\Request))
#129 C:\laragon\www\CarRentSystem\vendor\laravel\framework\src\Illuminate\Foundation\Http\Kernel.php(175): Illuminate\Pipeline\Pipeline-&gt;then(Object(Closure))
#130 C:\laragon\www\CarRentSystem\vendor\laravel\framework\src\Illuminate\Foundation\Http\Kernel.php(144): Illuminate\Foundation\Http\Kernel-&gt;sendRequestThroughRouter(Object(Illuminate\Http\Request))
#131 C:\laragon\www\CarRentSystem\vendor\laravel\framework\src\Illuminate\Foundation\Testing\Concerns\MakesHttpRequests.php(607): Illuminate\Foundation\Http\Kernel-&gt;handle(Object(Illuminate\Http\Request))
#132 C:\laragon\www\CarRentSystem\vendor\laravel\framework\src\Illuminate\Foundation\Testing\Concerns\MakesHttpRequests.php(368): Illuminate\Foundation\Testing\TestCase-&gt;call('GET', '/admin/activity...', Array, Array, Array, Array)
#133 C:\laragon\www\CarRentSystem\tests\Feature\ActivityLogManagementTest.php(65): Illuminate\Foundation\Testing\TestCase-&gt;get('/admin/activity...')
#134 C:\laragon\www\CarRentSystem\vendor\pestphp\pest\src\Factories\TestCaseMethodFactory.php(168): P\Tests\Feature\ActivityLogManagementTest-&gt;{closure:{closure:{closure:C:\laragon\www\CarRentSystem\tests\Feature\ActivityLogManagementTest.php:13}:20}:60}()
#135 [internal function]: P\Tests\Feature\ActivityLogManagementTest-&gt;{closure:Pest\Factories\TestCaseMethodFactory::getClosure():158}()
#136 C:\laragon\www\CarRentSystem\vendor\pestphp\pest\src\Concerns\Testable.php(429): call_user_func_array(Object(Closure), Array)
#137 C:\laragon\www\CarRentSystem\vendor\pestphp\pest\src\Support\ExceptionTrace.php(26): P\Tests\Feature\ActivityLogManagementTest-&gt;{closure:Pest\Concerns\Testable::__callClosure():429}()
#138 C:\laragon\www\CarRentSystem\vendor\pestphp\pest\src\Concerns\Testable.php(429): Pest\Support\ExceptionTrace::ensure(Object(Closure))
#139 C:\laragon\www\CarRentSystem\vendor\pestphp\pest\src\Concerns\Testable.php(331): P\Tests\Feature\ActivityLogManagementTest-&gt;__callClosure(Object(Closure), Array)
#140 C:\laragon\www\CarRentSystem\vendor\pestphp\pest\src\Factories\TestCaseFactory.php(169) : eval()'d code(62): P\Tests\Feature\ActivityLogManagementTest-&gt;__runTest(Object(Closure))
#141 C:\laragon\www\CarRentSystem\vendor\phpunit\phpunit\src\Framework\TestCase.php(1316): P\Tests\Feature\ActivityLogManagementTest-&gt;__pest_evaluable__Activity_Log_Management__→__Activity_Log_Listing__→_it_filters_logs_by_date_range()
#142 C:\laragon\www\CarRentSystem\vendor\phpunit\phpunit\src\Framework\TestCase.php(516): PHPUnit\Framework\TestCase-&gt;runTest()
#143 C:\laragon\www\CarRentSystem\vendor\phpunit\phpunit\src\Framework\TestRunner\TestRunner.php(99): PHPUnit\Framework\TestCase-&gt;runBare()
#144 C:\laragon\www\CarRentSystem\vendor\phpunit\phpunit\src\Framework\TestCase.php(357): PHPUnit\Framework\TestRunner-&gt;run(Object(P\Tests\Feature\ActivityLogManagementTest))
#145 C:\laragon\www\CarRentSystem\vendor\phpunit\phpunit\src\Framework\TestSuite.php(374): PHPUnit\Framework\TestCase-&gt;run()
#146 C:\laragon\www\CarRentSystem\vendor\phpunit\phpunit\src\Framework\TestSuite.php(374): PHPUnit\Framework\TestSuite-&gt;run()
#147 C:\laragon\www\CarRentSystem\vendor\phpunit\phpunit\src\Framework\TestSuite.php(374): PHPUnit\Framework\TestSuite-&gt;run()
#148 C:\laragon\www\CarRentSystem\vendor\phpunit\phpunit\src\TextUI\TestRunner.php(64): PHPUnit\Framework\TestSuite-&gt;run()
#149 C:\laragon\www\CarRentSystem\vendor\phpunit\phpunit\src\TextUI\Application.php(229): PHPUnit\TextUI\TestRunner-&gt;run(Object(PHPUnit\TextUI\Configuration\Configuration), Object(PHPUnit\Runner\ResultCache\DefaultResultCache), Object(PHPUnit\Framework\TestSuite))
#150 C:\laragon\www\CarRentSystem\vendor\pestphp\pest\src\Kernel.php(103): PHPUnit\TextUI\Application-&gt;run(Array)
#151 C:\laragon\www\CarRentSystem\vendor\pestphp\pest\bin\pest(184): Pest\Kernel-&gt;handle(Array, Array)
#152 C:\laragon\www\CarRentSystem\vendor\pestphp\pest\bin\pest(192): {closure:C:\laragon\www\CarRentSystem\vendor\pestphp\pest\bin\pest:18}()
#153 C:\laragon\www\CarRentSystem\vendor\bin\pest(119): include('C:\\laragon\\www\\...')
#154 {main}

Next Illuminate\View\ViewException: SQLSTATE[HY000]: General error: 1 no such column: activity_log.name (Connection: sqlite, SQL: select "activity_log"."name", "" from "activity_log" order by "activity_log"."name" asc limit 50) (View: C:\laragon\www\CarRentSystem\vendor\filament\forms\resources\views\components\select.blade.php) in C:\laragon\www\CarRentSystem\vendor\laravel\framework\src\Illuminate\Database\Connection.php:824
Stack trace:
#0 C:\laragon\www\CarRentSystem\vendor\livewire\livewire\src\Mechanisms\ExtendBlade\ExtendedCompilerEngine.php(58): Illuminate\View\Engines\CompilerEngine-&gt;handleViewException(Object(Illuminate\Database\QueryException), 14)
#1 C:\laragon\www\CarRentSystem\vendor\livewire\livewire\src\Mechanisms\ExtendBlade\ExtendedCompilerEngine.php(40): Livewire\Mechanisms\ExtendBlade\ExtendedCompilerEngine-&gt;handleViewException(Object(Illuminate\Database\QueryException), 14)
#2 C:\laragon\www\CarRentSystem\vendor\laravel\framework\src\Illuminate\View\Engines\CompilerEngine.php(76): Livewire\Mechanisms\ExtendBlade\ExtendedCompilerEngine-&gt;evaluatePath('C:\\laragon\\www\\...', Array)
#3 C:\laragon\www\CarRentSystem\vendor\livewire\livewire\src\Mechanisms\ExtendBlade\ExtendedCompilerEngine.php(16): Illuminate\View\Engines\CompilerEngine-&gt;get('C:\\laragon\\www\\...', Array)
#4 C:\laragon\www\CarRentSystem\vendor\laravel\framework\src\Illuminate\View\View.php(208): Livewire\Mechanisms\ExtendBlade\ExtendedCompilerEngine-&gt;get('C:\\laragon\\www\\...', Array)
#5 C:\laragon\www\CarRentSystem\vendor\laravel\framework\src\Illuminate\View\View.php(191): Illuminate\View\View-&gt;getContents()
#6 C:\laragon\www\CarRentSystem\vendor\laravel\framework\src\Illuminate\View\View.php(160): Illuminate\View\View-&gt;renderContents()
#7 C:\laragon\www\CarRentSystem\vendor\filament\support\src\Components\ViewComponent.php(125): Illuminate\View\View-&gt;render()
#8 C:\laragon\www\CarRentSystem\vendor\filament\schemas\src\Components\Component.php(221): Filament\Support\Components\ViewComponent-&gt;toHtml()
#9 C:\laragon\www\CarRentSystem\vendor\filament\schemas\src\Schema.php(205): Filament\Schemas\Components\Component-&gt;toSchemaHtml(true)
#10 C:\laragon\www\CarRentSystem\vendor\filament\support\src\Components\ViewComponent.php(122): Filament\Schemas\Schema-&gt;toEmbeddedHtml()
#11 C:\laragon\www\CarRentSystem\vendor\laravel\framework\src\Illuminate\Support\helpers.php(130): Filament\Support\Components\ViewComponent-&gt;toHtml()
#12 C:\laragon\www\CarRentSystem\storage\framework\views\5110ca74321f0dcab372f3d94aa125c2.php(9): e(Object(Filament\Schemas\Schema))
#13 C:\laragon\www\CarRentSystem\vendor\livewire\livewire\src\Mechanisms\ExtendBlade\ExtendedCompilerEngine.php(37): include('C:\\laragon\\www\\...')
#14 C:\laragon\www\CarRentSystem\vendor\livewire\livewire\src\Mechanisms\ExtendBlade\ExtendedCompilerEngine.php(38): App\Filament\Resources\ActivityLogResource\Pages\ListActivityLogs-&gt;{closure:Livewire\Mechanisms\ExtendBlade\ExtendedCompilerEngine::evaluatePath():35}()
#15 C:\laragon\www\CarRentSystem\vendor\laravel\framework\src\Illuminate\View\Engines\CompilerEngine.php(76): Livewire\Mechanisms\ExtendBlade\ExtendedCompilerEngine-&gt;evaluatePath('C:\\laragon\\www\\...', Array)
#16 C:\laragon\www\CarRentSystem\vendor\livewire\livewire\src\Mechanisms\ExtendBlade\ExtendedCompilerEngine.php(16): Illuminate\View\Engines\CompilerEngine-&gt;get('C:\\laragon\\www\\...', Array)
#17 C:\laragon\www\CarRentSystem\vendor\laravel\framework\src\Illuminate\View\View.php(208): Livewire\Mechanisms\ExtendBlade\ExtendedCompilerEngine-&gt;get('C:\\laragon\\www\\...', Array)
#18 C:\laragon\www\CarRentSystem\vendor\laravel\framework\src\Illuminate\View\View.php(191): Illuminate\View\View-&gt;getContents()
#19 C:\laragon\www\CarRentSystem\vendor\laravel\framework\src\Illuminate\View\View.php(160): Illuminate\View\View-&gt;renderContents()
#20 C:\laragon\www\CarRentSystem\vendor\filament\support\src\Components\ViewComponent.php(125): Illuminate\View\View-&gt;render()
#21 C:\laragon\www\CarRentSystem\vendor\filament\schemas\src\Components\Component.php(221): Filament\Support\Components\ViewComponent-&gt;toHtml()
#22 C:\laragon\www\CarRentSystem\vendor\filament\schemas\src\Schema.php(205): Filament\Schemas\Components\Component-&gt;toSchemaHtml(true)
#23 C:\laragon\www\CarRentSystem\vendor\filament\support\src\Components\ViewComponent.php(122): Filament\Schemas\Schema-&gt;toEmbeddedHtml()
#24 C:\laragon\www\CarRentSystem\vendor\laravel\framework\src\Illuminate\Support\helpers.php(130): Filament\Support\Components\ViewComponent-&gt;toHtml()
#25 C:\laragon\www\CarRentSystem\storage\framework\views\1a3d3d822b7060b360e0a4f4cc781bd5.php(92): e(Object(Filament\Schemas\Schema))
#26 C:\laragon\www\CarRentSystem\vendor\livewire\livewire\src\Mechanisms\ExtendBlade\ExtendedCompilerEngine.php(37): include('C:\\laragon\\www\\...')
#27 C:\laragon\www\CarRentSystem\vendor\livewire\livewire\src\Mechanisms\ExtendBlade\ExtendedCompilerEngine.php(38): App\Filament\Resources\ActivityLogResource\Pages\ListActivityLogs-&gt;{closure:Livewire\Mechanisms\ExtendBlade\ExtendedCompilerEngine::evaluatePath():35}()
#28 C:\laragon\www\CarRentSystem\vendor\laravel\framework\src\Illuminate\View\Engines\CompilerEngine.php(76): Livewire\Mechanisms\ExtendBlade\ExtendedCompilerEngine-&gt;evaluatePath('C:\\laragon\\www\\...', Array)
#29 C:\laragon\www\CarRentSystem\vendor\livewire\livewire\src\Mechanisms\ExtendBlade\ExtendedCompilerEngine.php(16): Illuminate\View\Engines\CompilerEngine-&gt;get('C:\\laragon\\www\\...', Array)
#30 C:\laragon\www\CarRentSystem\vendor\laravel\framework\src\Illuminate\View\View.php(208): Livewire\Mechanisms\ExtendBlade\ExtendedCompilerEngine-&gt;get('C:\\laragon\\www\\...', Array)
#31 C:\laragon\www\CarRentSystem\vendor\laravel\framework\src\Illuminate\View\View.php(191): Illuminate\View\View-&gt;getContents()
#32 C:\laragon\www\CarRentSystem\vendor\laravel\framework\src\Illuminate\View\View.php(160): Illuminate\View\View-&gt;renderContents()
#33 C:\laragon\www\CarRentSystem\vendor\laravel\framework\src\Illuminate\View\Concerns\ManagesComponents.php(103): Illuminate\View\View-&gt;render()
#34 C:\laragon\www\CarRentSystem\storage\framework\views\63d0da9e86cc349a52193e89442d61e4.php(727): Illuminate\View\Factory-&gt;renderComponent()
#35 C:\laragon\www\CarRentSystem\vendor\livewire\livewire\src\Mechanisms\ExtendBlade\ExtendedCompilerEngine.php(37): include('C:\\laragon\\www\\...')
#36 C:\laragon\www\CarRentSystem\vendor\livewire\livewire\src\Mechanisms\ExtendBlade\ExtendedCompilerEngine.php(38): App\Filament\Resources\ActivityLogResource\Pages\ListActivityLogs-&gt;{closure:Livewire\Mechanisms\ExtendBlade\ExtendedCompilerEngine::evaluatePath():35}()
#37 C:\laragon\www\CarRentSystem\vendor\laravel\framework\src\Illuminate\View\Engines\CompilerEngine.php(76): Livewire\Mechanisms\ExtendBlade\ExtendedCompilerEngine-&gt;evaluatePath('C:\\laragon\\www\\...', Array)
#38 C:\laragon\www\CarRentSystem\vendor\livewire\livewire\src\Mechanisms\ExtendBlade\ExtendedCompilerEngine.php(16): Illuminate\View\Engines\CompilerEngine-&gt;get('C:\\laragon\\www\\...', Array)
#39 C:\laragon\www\CarRentSystem\vendor\laravel\framework\src\Illuminate\View\View.php(208): Livewire\Mechanisms\ExtendBlade\ExtendedCompilerEngine-&gt;get('C:\\laragon\\www\\...', Array)
#40 C:\laragon\www\CarRentSystem\vendor\laravel\framework\src\Illuminate\View\View.php(191): Illuminate\View\View-&gt;getContents()
#41 C:\laragon\www\CarRentSystem\vendor\laravel\framework\src\Illuminate\View\View.php(160): Illuminate\View\View-&gt;renderContents()
#42 C:\laragon\www\CarRentSystem\vendor\filament\support\src\Components\ViewComponent.php(125): Illuminate\View\View-&gt;render()
#43 C:\laragon\www\CarRentSystem\vendor\filament\schemas\src\Components\Component.php(221): Filament\Support\Components\ViewComponent-&gt;toHtml()
#44 C:\laragon\www\CarRentSystem\vendor\filament\schemas\src\Schema.php(205): Filament\Schemas\Components\Component-&gt;toSchemaHtml(true)
#45 C:\laragon\www\CarRentSystem\vendor\filament\support\src\Components\ViewComponent.php(122): Filament\Schemas\Schema-&gt;toEmbeddedHtml()
#46 C:\laragon\www\CarRentSystem\vendor\laravel\framework\src\Illuminate\Support\helpers.php(130): Filament\Support\Components\ViewComponent-&gt;toHtml()
#47 C:\laragon\www\CarRentSystem\storage\framework\views\440b755faea75388110fdd3acae41dc5.php(11): e(Object(Filament\Schemas\Schema))
#48 C:\laragon\www\CarRentSystem\vendor\livewire\livewire\src\Mechanisms\ExtendBlade\ExtendedCompilerEngine.php(37): include('C:\\laragon\\www\\...')
#49 C:\laragon\www\CarRentSystem\vendor\livewire\livewire\src\Mechanisms\ExtendBlade\ExtendedCompilerEngine.php(38): App\Filament\Resources\ActivityLogResource\Pages\ListActivityLogs-&gt;{closure:Livewire\Mechanisms\ExtendBlade\ExtendedCompilerEngine::evaluatePath():35}()
#50 C:\laragon\www\CarRentSystem\vendor\laravel\framework\src\Illuminate\View\Engines\CompilerEngine.php(76): Livewire\Mechanisms\ExtendBlade\ExtendedCompilerEngine-&gt;evaluatePath('C:\\laragon\\www\\...', Array)
#51 C:\laragon\www\CarRentSystem\vendor\livewire\livewire\src\Mechanisms\ExtendBlade\ExtendedCompilerEngine.php(16): Illuminate\View\Engines\CompilerEngine-&gt;get('C:\\laragon\\www\\...', Array)
#52 C:\laragon\www\CarRentSystem\vendor\laravel\framework\src\Illuminate\View\View.php(208): Livewire\Mechanisms\ExtendBlade\ExtendedCompilerEngine-&gt;get('C:\\laragon\\www\\...', Array)
#53 C:\laragon\www\CarRentSystem\vendor\laravel\framework\src\Illuminate\View\View.php(191): Illuminate\View\View-&gt;getContents()
#54 C:\laragon\www\CarRentSystem\vendor\laravel\framework\src\Illuminate\View\View.php(160): Illuminate\View\View-&gt;renderContents()
#55 C:\laragon\www\CarRentSystem\vendor\livewire\livewire\src\Mechanisms\HandleComponents\HandleComponents.php(259): Illuminate\View\View-&gt;render(Object(Closure))
#56 C:\laragon\www\CarRentSystem\vendor\livewire\livewire\src\Mechanisms\HandleComponents\HandleComponents.php(303): Livewire\Mechanisms\HandleComponents\HandleComponents-&gt;{closure:Livewire\Mechanisms\HandleComponents\HandleComponents::render():251}()
#57 C:\laragon\www\CarRentSystem\vendor\livewire\livewire\src\Mechanisms\HandleComponents\HandleComponents.php(251): Livewire\Mechanisms\HandleComponents\HandleComponents-&gt;trackInRenderStack(Object(App\Filament\Resources\ActivityLogResource\Pages\ListActivityLogs), Object(Closure))
#58 C:\laragon\www\CarRentSystem\vendor\livewire\livewire\src\Mechanisms\HandleComponents\HandleComponents.php(54): Livewire\Mechanisms\HandleComponents\HandleComponents-&gt;render(Object(App\Filament\Resources\ActivityLogResource\Pages\ListActivityLogs), '&lt;div&gt;&lt;/div&gt;')
#59 C:\laragon\www\CarRentSystem\vendor\livewire\livewire\src\LivewireManager.php(73): Livewire\Mechanisms\HandleComponents\HandleComponents-&gt;mount('App\\Filament\\Re...', Array, NULL)
#60 C:\laragon\www\CarRentSystem\vendor\livewire\livewire\src\Features\SupportPageComponents\HandlesPageComponents.php(17): Livewire\LivewireManager-&gt;mount('App\\Filament\\Re...', Array)
#61 C:\laragon\www\CarRentSystem\vendor\livewire\livewire\src\Features\SupportPageComponents\SupportPageComponents.php(117): Livewire\Component-&gt;{closure:Livewire\Features\SupportPageComponents\HandlesPageComponents::__invoke():14}()
#62 C:\laragon\www\CarRentSystem\vendor\livewire\livewire\src\Features\SupportPageComponents\HandlesPageComponents.php(14): Livewire\Features\SupportPageComponents\SupportPageComponents::interceptTheRenderOfTheComponentAndRetreiveTheLayoutConfiguration(Object(Closure))
#63 C:\laragon\www\CarRentSystem\vendor\laravel\framework\src\Illuminate\Routing\ControllerDispatcher.php(46): Livewire\Component-&gt;__invoke()
#64 C:\laragon\www\CarRentSystem\vendor\laravel\framework\src\Illuminate\Routing\Route.php(265): Illuminate\Routing\ControllerDispatcher-&gt;dispatch(Object(Illuminate\Routing\Route), Object(App\Filament\Resources\ActivityLogResource\Pages\ListActivityLogs), '__invoke')
#65 C:\laragon\www\CarRentSystem\vendor\laravel\framework\src\Illuminate\Routing\Route.php(211): Illuminate\Routing\Route-&gt;runController()
#66 C:\laragon\www\CarRentSystem\vendor\laravel\framework\src\Illuminate\Routing\Router.php(822): Illuminate\Routing\Route-&gt;run()
#67 C:\laragon\www\CarRentSystem\vendor\laravel\framework\src\Illuminate\Pipeline\Pipeline.php(180): Illuminate\Routing\Router-&gt;{closure:Illuminate\Routing\Router::runRouteWithinStack():821}(Object(Illuminate\Http\Request))
#68 C:\laragon\www\CarRentSystem\vendor\filament\filament\src\Http\Middleware\DispatchServingFilamentEvent.php(15): Illuminate\Pipeline\Pipeline-&gt;{closure:Illuminate\Pipeline\Pipeline::prepareDestination():178}(Object(Illuminate\Http\Request))
#69 C:\laragon\www\CarRentSystem\vendor\laravel\framework\src\Illuminate\Pipeline\Pipeline.php(219): Filament\Http\Middleware\DispatchServingFilamentEvent-&gt;handle(Object(Illuminate\Http\Request), Object(Closure))
#70 C:\laragon\www\CarRentSystem\vendor\filament\filament\src\Http\Middleware\DisableBladeIconComponents.php(14): Illuminate\Pipeline\Pipeline-&gt;{closure:{closure:Illuminate\Pipeline\Pipeline::carry():194}:195}(Object(Illuminate\Http\Request))
#71 C:\laragon\www\CarRentSystem\vendor\laravel\framework\src\Illuminate\Pipeline\Pipeline.php(219): Filament\Http\Middleware\DisableBladeIconComponents-&gt;handle(Object(Illuminate\Http\Request), Object(Closure))
#72 C:\laragon\www\CarRentSystem\app\Http\Middleware\LocalizationMiddleware.php(41): Illuminate\Pipeline\Pipeline-&gt;{closure:{closure:Illuminate\Pipeline\Pipeline::carry():194}:195}(Object(Illuminate\Http\Request))
#73 C:\laragon\www\CarRentSystem\vendor\laravel\framework\src\Illuminate\Pipeline\Pipeline.php(219): App\Http\Middleware\LocalizationMiddleware-&gt;handle(Object(Illuminate\Http\Request), Object(Closure))
#74 C:\laragon\www\CarRentSystem\vendor\laravel\framework\src\Illuminate\Routing\Middleware\SubstituteBindings.php(50): Illuminate\Pipeline\Pipeline-&gt;{closure:{closure:Illuminate\Pipeline\Pipeline::carry():194}:195}(Object(Illuminate\Http\Request))
#75 C:\laragon\www\CarRentSystem\vendor\laravel\framework\src\Illuminate\Pipeline\Pipeline.php(219): Illuminate\Routing\Middleware\SubstituteBindings-&gt;handle(Object(Illuminate\Http\Request), Object(Closure))
#76 C:\laragon\www\CarRentSystem\vendor\laravel\framework\src\Illuminate\Auth\Middleware\Authenticate.php(63): Illuminate\Pipeline\Pipeline-&gt;{closure:{closure:Illuminate\Pipeline\Pipeline::carry():194}:195}(Object(Illuminate\Http\Request))
#77 C:\laragon\www\CarRentSystem\vendor\laravel\framework\src\Illuminate\Pipeline\Pipeline.php(219): Illuminate\Auth\Middleware\Authenticate-&gt;handle(Object(Illuminate\Http\Request), Object(Closure))
#78 C:\laragon\www\CarRentSystem\vendor\laravel\framework\src\Illuminate\View\Middleware\ShareErrorsFromSession.php(48): Illuminate\Pipeline\Pipeline-&gt;{closure:{closure:Illuminate\Pipeline\Pipeline::carry():194}:195}(Object(Illuminate\Http\Request))
#79 C:\laragon\www\CarRentSystem\vendor\laravel\framework\src\Illuminate\Pipeline\Pipeline.php(219): Illuminate\View\Middleware\ShareErrorsFromSession-&gt;handle(Object(Illuminate\Http\Request), Object(Closure))
#80 C:\laragon\www\CarRentSystem\vendor\laravel\framework\src\Illuminate\Session\Middleware\StartSession.php(120): Illuminate\Pipeline\Pipeline-&gt;{closure:{closure:Illuminate\Pipeline\Pipeline::carry():194}:195}(Object(Illuminate\Http\Request))
#81 C:\laragon\www\CarRentSystem\vendor\laravel\framework\src\Illuminate\Session\Middleware\StartSession.php(63): Illuminate\Session\Middleware\StartSession-&gt;handleStatefulRequest(Object(Illuminate\Http\Request), Object(Illuminate\Session\Store), Object(Closure))
#82 C:\laragon\www\CarRentSystem\vendor\laravel\framework\src\Illuminate\Pipeline\Pipeline.php(219): Illuminate\Session\Middleware\StartSession-&gt;handle(Object(Illuminate\Http\Request), Object(Closure))
#83 C:\laragon\www\CarRentSystem\vendor\laravel\framework\src\Illuminate\Cookie\Middleware\AddQueuedCookiesToResponse.php(36): Illuminate\Pipeline\Pipeline-&gt;{closure:{closure:Illuminate\Pipeline\Pipeline::carry():194}:195}(Object(Illuminate\Http\Request))
#84 C:\laragon\www\CarRentSystem\vendor\laravel\framework\src\Illuminate\Pipeline\Pipeline.php(219): Illuminate\Cookie\Middleware\AddQueuedCookiesToResponse-&gt;handle(Object(Illuminate\Http\Request), Object(Closure))
#85 C:\laragon\www\CarRentSystem\vendor\laravel\framework\src\Illuminate\Cookie\Middleware\EncryptCookies.php(74): Illuminate\Pipeline\Pipeline-&gt;{closure:{closure:Illuminate\Pipeline\Pipeline::carry():194}:195}(Object(Illuminate\Http\Request))
#86 C:\laragon\www\CarRentSystem\vendor\laravel\framework\src\Illuminate\Pipeline\Pipeline.php(219): Illuminate\Cookie\Middleware\EncryptCookies-&gt;handle(Object(Illuminate\Http\Request), Object(Closure))
#87 C:\laragon\www\CarRentSystem\vendor\filament\filament\src\Http\Middleware\SetUpPanel.php(19): Illuminate\Pipeline\Pipeline-&gt;{closure:{closure:Illuminate\Pipeline\Pipeline::carry():194}:195}(Object(Illuminate\Http\Request))
#88 C:\laragon\www\CarRentSystem\vendor\laravel\framework\src\Illuminate\Pipeline\Pipeline.php(219): Filament\Http\Middleware\SetUpPanel-&gt;handle(Object(Illuminate\Http\Request), Object(Closure), Object(Filament\Panel))
#89 C:\laragon\www\CarRentSystem\vendor\laravel\framework\src\Illuminate\Pipeline\Pipeline.php(137): Illuminate\Pipeline\Pipeline-&gt;{closure:{closure:Illuminate\Pipeline\Pipeline::carry():194}:195}(Object(Illuminate\Http\Request))
#90 C:\laragon\www\CarRentSystem\vendor\laravel\framework\src\Illuminate\Routing\Router.php(821): Illuminate\Pipeline\Pipeline-&gt;then(Object(Closure))
#91 C:\laragon\www\CarRentSystem\vendor\laravel\framework\src\Illuminate\Routing\Router.php(800): Illuminate\Routing\Router-&gt;runRouteWithinStack(Object(Illuminate\Routing\Route), Object(Illuminate\Http\Request))
#92 C:\laragon\www\CarRentSystem\vendor\laravel\framework\src\Illuminate\Routing\Router.php(764): Illuminate\Routing\Router-&gt;runRoute(Object(Illuminate\Http\Request), Object(Illuminate\Routing\Route))
#93 C:\laragon\www\CarRentSystem\vendor\laravel\framework\src\Illuminate\Routing\Router.php(753): Illuminate\Routing\Router-&gt;dispatchToRoute(Object(Illuminate\Http\Request))
#94 C:\laragon\www\CarRentSystem\vendor\laravel\framework\src\Illuminate\Foundation\Http\Kernel.php(200): Illuminate\Routing\Router-&gt;dispatch(Object(Illuminate\Http\Request))
#95 C:\laragon\www\CarRentSystem\vendor\laravel\framework\src\Illuminate\Pipeline\Pipeline.php(180): Illuminate\Foundation\Http\Kernel-&gt;{closure:Illuminate\Foundation\Http\Kernel::dispatchToRouter():197}(Object(Illuminate\Http\Request))
#96 C:\laragon\www\CarRentSystem\vendor\livewire\livewire\src\Features\SupportDisablingBackButtonCache\DisableBackButtonCacheMiddleware.php(19): Illuminate\Pipeline\Pipeline-&gt;{closure:Illuminate\Pipeline\Pipeline::prepareDestination():178}(Object(Illuminate\Http\Request))
#97 C:\laragon\www\CarRentSystem\vendor\laravel\framework\src\Illuminate\Pipeline\Pipeline.php(219): Livewire\Features\SupportDisablingBackButtonCache\DisableBackButtonCacheMiddleware-&gt;handle(Object(Illuminate\Http\Request), Object(Closure))
#98 C:\laragon\www\CarRentSystem\vendor\laravel\framework\src\Illuminate\Foundation\Http\Middleware\TransformsRequest.php(21): Illuminate\Pipeline\Pipeline-&gt;{closure:{closure:Illuminate\Pipeline\Pipeline::carry():194}:195}(Object(Illuminate\Http\Request))
#99 C:\laragon\www\CarRentSystem\vendor\laravel\framework\src\Illuminate\Foundation\Http\Middleware\ConvertEmptyStringsToNull.php(31): Illuminate\Foundation\Http\Middleware\TransformsRequest-&gt;handle(Object(Illuminate\Http\Request), Object(Closure))
#100 C:\laragon\www\CarRentSystem\vendor\laravel\framework\src\Illuminate\Pipeline\Pipeline.php(219): Illuminate\Foundation\Http\Middleware\ConvertEmptyStringsToNull-&gt;handle(Object(Illuminate\Http\Request), Object(Closure))
#101 C:\laragon\www\CarRentSystem\vendor\laravel\framework\src\Illuminate\Foundation\Http\Middleware\TransformsRequest.php(21): Illuminate\Pipeline\Pipeline-&gt;{closure:{closure:Illuminate\Pipeline\Pipeline::carry():194}:195}(Object(Illuminate\Http\Request))
#102 C:\laragon\www\CarRentSystem\vendor\laravel\framework\src\Illuminate\Foundation\Http\Middleware\TrimStrings.php(51): Illuminate\Foundation\Http\Middleware\TransformsRequest-&gt;handle(Object(Illuminate\Http\Request), Object(Closure))
#103 C:\laragon\www\CarRentSystem\vendor\laravel\framework\src\Illuminate\Pipeline\Pipeline.php(219): Illuminate\Foundation\Http\Middleware\TrimStrings-&gt;handle(Object(Illuminate\Http\Request), Object(Closure))
#104 C:\laragon\www\CarRentSystem\vendor\laravel\framework\src\Illuminate\Http\Middleware\ValidatePostSize.php(27): Illuminate\Pipeline\Pipeline-&gt;{closure:{closure:Illuminate\Pipeline\Pipeline::carry():194}:195}(Object(Illuminate\Http\Request))
#105 C:\laragon\www\CarRentSystem\vendor\laravel\framework\src\Illuminate\Pipeline\Pipeline.php(219): Illuminate\Http\Middleware\ValidatePostSize-&gt;handle(Object(Illuminate\Http\Request), Object(Closure))
#106 C:\laragon\www\CarRentSystem\vendor\laravel\framework\src\Illuminate\Foundation\Http\Middleware\PreventRequestsDuringMaintenance.php(109): Illuminate\Pipeline\Pipeline-&gt;{closure:{closure:Illuminate\Pipeline\Pipeline::carry():194}:195}(Object(Illuminate\Http\Request))
#107 C:\laragon\www\CarRentSystem\vendor\laravel\framework\src\Illuminate\Pipeline\Pipeline.php(219): Illuminate\Foundation\Http\Middleware\PreventRequestsDuringMaintenance-&gt;handle(Object(Illuminate\Http\Request), Object(Closure))
#108 C:\laragon\www\CarRentSystem\vendor\laravel\framework\src\Illuminate\Http\Middleware\HandleCors.php(61): Illuminate\Pipeline\Pipeline-&gt;{closure:{closure:Illuminate\Pipeline\Pipeline::carry():194}:195}(Object(Illuminate\Http\Request))
#109 C:\laragon\www\CarRentSystem\vendor\laravel\framework\src\Illuminate\Pipeline\Pipeline.php(219): Illuminate\Http\Middleware\HandleCors-&gt;handle(Object(Illuminate\Http\Request), Object(Closure))
#110 C:\laragon\www\CarRentSystem\vendor\laravel\framework\src\Illuminate\Http\Middleware\TrustProxies.php(58): Illuminate\Pipeline\Pipeline-&gt;{closure:{closure:Illuminate\Pipeline\Pipeline::carry():194}:195}(Object(Illuminate\Http\Request))
#111 C:\laragon\www\CarRentSystem\vendor\laravel\framework\src\Illuminate\Pipeline\Pipeline.php(219): Illuminate\Http\Middleware\TrustProxies-&gt;handle(Object(Illuminate\Http\Request), Object(Closure))
#112 C:\laragon\www\CarRentSystem\vendor\laravel\framework\src\Illuminate\Foundation\Http\Middleware\InvokeDeferredCallbacks.php(22): Illuminate\Pipeline\Pipeline-&gt;{closure:{closure:Illuminate\Pipeline\Pipeline::carry():194}:195}(Object(Illuminate\Http\Request))
#113 C:\laragon\www\CarRentSystem\vendor\laravel\framework\src\Illuminate\Pipeline\Pipeline.php(219): Illuminate\Foundation\Http\Middleware\InvokeDeferredCallbacks-&gt;handle(Object(Illuminate\Http\Request), Object(Closure))
#114 C:\laragon\www\CarRentSystem\vendor\laravel\framework\src\Illuminate\Http\Middleware\ValidatePathEncoding.php(26): Illuminate\Pipeline\Pipeline-&gt;{closure:{closure:Illuminate\Pipeline\Pipeline::carry():194}:195}(Object(Illuminate\Http\Request))
#115 C:\laragon\www\CarRentSystem\vendor\laravel\framework\src\Illuminate\Pipeline\Pipeline.php(219): Illuminate\Http\Middleware\ValidatePathEncoding-&gt;handle(Object(Illuminate\Http\Request), Object(Closure))
#116 C:\laragon\www\CarRentSystem\vendor\laravel\framework\src\Illuminate\Pipeline\Pipeline.php(137): Illuminate\Pipeline\Pipeline-&gt;{closure:{closure:Illuminate\Pipeline\Pipeline::carry():194}:195}(Object(Illuminate\Http\Request))
#117 C:\laragon\www\CarRentSystem\vendor\laravel\framework\src\Illuminate\Foundation\Http\Kernel.php(175): Illuminate\Pipeline\Pipeline-&gt;then(Object(Closure))
#118 C:\laragon\www\CarRentSystem\vendor\laravel\framework\src\Illuminate\Foundation\Http\Kernel.php(144): Illuminate\Foundation\Http\Kernel-&gt;sendRequestThroughRouter(Object(Illuminate\Http\Request))
#119 C:\laragon\www\CarRentSystem\vendor\laravel\framework\src\Illuminate\Foundation\Testing\Concerns\MakesHttpRequests.php(607): Illuminate\Foundation\Http\Kernel-&gt;handle(Object(Illuminate\Http\Request))
#120 C:\laragon\www\CarRentSystem\vendor\laravel\framework\src\Illuminate\Foundation\Testing\Concerns\MakesHttpRequests.php(368): Illuminate\Foundation\Testing\TestCase-&gt;call('GET', '/admin/activity...', Array, Array, Array, Array)
#121 C:\laragon\www\CarRentSystem\tests\Feature\ActivityLogManagementTest.php(65): Illuminate\Foundation\Testing\TestCase-&gt;get('/admin/activity...')
#122 C:\laragon\www\CarRentSystem\vendor\pestphp\pest\src\Factories\TestCaseMethodFactory.php(168): P\Tests\Feature\ActivityLogManagementTest-&gt;{closure:{closure:{closure:C:\laragon\www\CarRentSystem\tests\Feature\ActivityLogManagementTest.php:13}:20}:60}()
#123 [internal function]: P\Tests\Feature\ActivityLogManagementTest-&gt;{closure:Pest\Factories\TestCaseMethodFactory::getClosure():158}()
#124 C:\laragon\www\CarRentSystem\vendor\pestphp\pest\src\Concerns\Testable.php(429): call_user_func_array(Object(Closure), Array)
#125 C:\laragon\www\CarRentSystem\vendor\pestphp\pest\src\Support\ExceptionTrace.php(26): P\Tests\Feature\ActivityLogManagementTest-&gt;{closure:Pest\Concerns\Testable::__callClosure():429}()
#126 C:\laragon\www\CarRentSystem\vendor\pestphp\pest\src\Concerns\Testable.php(429): Pest\Support\ExceptionTrace::ensure(Object(Closure))
#127 C:\laragon\www\CarRentSystem\vendor\pestphp\pest\src\Concerns\Testable.php(331): P\Tests\Feature\ActivityLogManagementTest-&gt;__callClosure(Object(Closure), Array)
#128 C:\laragon\www\CarRentSystem\vendor\pestphp\pest\src\Factories\TestCaseFactory.php(169) : eval()'d code(62): P\Tests\Feature\ActivityLogManagementTest-&gt;__runTest(Object(Closure))
#129 C:\laragon\www\CarRentSystem\vendor\phpunit\phpunit\src\Framework\TestCase.php(1316): P\Tests\Feature\ActivityLogManagementTest-&gt;__pest_evaluable__Activity_Log_Management__→__Activity_Log_Listing__→_it_filters_logs_by_date_range()
#130 C:\laragon\www\CarRentSystem\vendor\phpunit\phpunit\src\Framework\TestCase.php(516): PHPUnit\Framework\TestCase-&gt;runTest()
#131 C:\laragon\www\CarRentSystem\vendor\phpunit\phpunit\src\Framework\TestRunner\TestRunner.php(99): PHPUnit\Framework\TestCase-&gt;runBare()
#132 C:\laragon\www\CarRentSystem\vendor\phpunit\phpunit\src\Framework\TestCase.php(357): PHPUnit\Framework\TestRunner-&gt;run(Object(P\Tests\Feature\ActivityLogManagementTest))
#133 C:\laragon\www\CarRentSystem\vendor\phpunit\phpunit\src\Framework\TestSuite.php(374): PHPUnit\Framework\TestCase-&gt;run()
#134 C:\laragon\www\CarRentSystem\vendor\phpunit\phpunit\src\Framework\TestSuite.php(374): PHPUnit\Framework\TestSuite-&gt;run()
#135 C:\laragon\www\CarRentSystem\vendor\phpunit\phpunit\src\Framework\TestSuite.php(374): PHPUnit\Framework\TestSuite-&gt;run()
#136 C:\laragon\www\CarRentSystem\vendor\phpunit\phpunit\src\TextUI\TestRunner.php(64): PHPUnit\Framework\TestSuite-&gt;run()
#137 C:\laragon\www\CarRentSystem\vendor\phpunit\phpunit\src\TextUI\Application.php(229): PHPUnit\TextUI\TestRunner-&gt;run(Object(PHPUnit\TextUI\Configuration\Configuration), Object(PHPUnit\Runner\ResultCache\DefaultResultCache), Object(PHPUnit\Framework\TestSuite))
#138 C:\laragon\www\CarRentSystem\vendor\pestphp\pest\src\Kernel.php(103): PHPUnit\TextUI\Application-&gt;run(Array)
#139 C:\laragon\www\CarRentSystem\vendor\pestphp\pest\bin\pest(184): Pest\Kernel-&gt;handle(Array, Array)
#140 C:\laragon\www\CarRentSystem\vendor\pestphp\pest\bin\pest(192): {closure:C:\laragon\www\CarRentSystem\vendor\pestphp\pest\bin\pest:18}()
#141 C:\laragon\www\CarRentSystem\vendor\bin\pest(119): include('C:\\laragon\\www\\...')
#142 {main}

Next Illuminate\View\ViewException: SQLSTATE[HY000]: General error: 1 no such column: activity_log.name (Connection: sqlite, SQL: select "activity_log"."name", "" from "activity_log" order by "activity_log"."name" asc limit 50) (View: C:\laragon\www\CarRentSystem\vendor\filament\forms\resources\views\components\select.blade.php) (View: C:\laragon\www\CarRentSystem\vendor\filament\forms\resources\views\components\select.blade.php) in C:\laragon\www\CarRentSystem\vendor\laravel\framework\src\Illuminate\Database\Connection.php:824
Stack trace:
#0 C:\laragon\www\CarRentSystem\vendor\livewire\livewire\src\Mechanisms\ExtendBlade\ExtendedCompilerEngine.php(58): Illuminate\View\Engines\CompilerEngine-&gt;handleViewException(Object(Illuminate\View\ViewException), 11)
#1 C:\laragon\www\CarRentSystem\vendor\livewire\livewire\src\Mechanisms\ExtendBlade\ExtendedCompilerEngine.php(40): Livewire\Mechanisms\ExtendBlade\ExtendedCompilerEngine-&gt;handleViewException(Object(Illuminate\View\ViewException), 11)
#2 C:\laragon\www\CarRentSystem\vendor\laravel\framework\src\Illuminate\View\Engines\CompilerEngine.php(76): Livewire\Mechanisms\ExtendBlade\ExtendedCompilerEngine-&gt;evaluatePath('C:\\laragon\\www\\...', Array)
#3 C:\laragon\www\CarRentSystem\vendor\livewire\livewire\src\Mechanisms\ExtendBlade\ExtendedCompilerEngine.php(16): Illuminate\View\Engines\CompilerEngine-&gt;get('C:\\laragon\\www\\...', Array)
#4 C:\laragon\www\CarRentSystem\vendor\laravel\framework\src\Illuminate\View\View.php(208): Livewire\Mechanisms\ExtendBlade\ExtendedCompilerEngine-&gt;get('C:\\laragon\\www\\...', Array)
#5 C:\laragon\www\CarRentSystem\vendor\laravel\framework\src\Illuminate\View\View.php(191): Illuminate\View\View-&gt;getContents()
#6 C:\laragon\www\CarRentSystem\vendor\laravel\framework\src\Illuminate\View\View.php(160): Illuminate\View\View-&gt;renderContents()
#7 C:\laragon\www\CarRentSystem\vendor\filament\support\src\Components\ViewComponent.php(125): Illuminate\View\View-&gt;render()
#8 C:\laragon\www\CarRentSystem\vendor\filament\schemas\src\Components\Component.php(221): Filament\Support\Components\ViewComponent-&gt;toHtml()
#9 C:\laragon\www\CarRentSystem\vendor\filament\schemas\src\Schema.php(205): Filament\Schemas\Components\Component-&gt;toSchemaHtml(true)
#10 C:\laragon\www\CarRentSystem\vendor\filament\support\src\Components\ViewComponent.php(122): Filament\Schemas\Schema-&gt;toEmbeddedHtml()
#11 C:\laragon\www\CarRentSystem\vendor\laravel\framework\src\Illuminate\Support\helpers.php(130): Filament\Support\Components\ViewComponent-&gt;toHtml()
#12 C:\laragon\www\CarRentSystem\storage\framework\views\1a3d3d822b7060b360e0a4f4cc781bd5.php(92): e(Object(Filament\Schemas\Schema))
#13 C:\laragon\www\CarRentSystem\vendor\livewire\livewire\src\Mechanisms\ExtendBlade\ExtendedCompilerEngine.php(37): include('C:\\laragon\\www\\...')
#14 C:\laragon\www\CarRentSystem\vendor\livewire\livewire\src\Mechanisms\ExtendBlade\ExtendedCompilerEngine.php(38): App\Filament\Resources\ActivityLogResource\Pages\ListActivityLogs-&gt;{closure:Livewire\Mechanisms\ExtendBlade\ExtendedCompilerEngine::evaluatePath():35}()
#15 C:\laragon\www\CarRentSystem\vendor\laravel\framework\src\Illuminate\View\Engines\CompilerEngine.php(76): Livewire\Mechanisms\ExtendBlade\ExtendedCompilerEngine-&gt;evaluatePath('C:\\laragon\\www\\...', Array)
#16 C:\laragon\www\CarRentSystem\vendor\livewire\livewire\src\Mechanisms\ExtendBlade\ExtendedCompilerEngine.php(16): Illuminate\View\Engines\CompilerEngine-&gt;get('C:\\laragon\\www\\...', Array)
#17 C:\laragon\www\CarRentSystem\vendor\laravel\framework\src\Illuminate\View\View.php(208): Livewire\Mechanisms\ExtendBlade\ExtendedCompilerEngine-&gt;get('C:\\laragon\\www\\...', Array)
#18 C:\laragon\www\CarRentSystem\vendor\laravel\framework\src\Illuminate\View\View.php(191): Illuminate\View\View-&gt;getContents()
#19 C:\laragon\www\CarRentSystem\vendor\laravel\framework\src\Illuminate\View\View.php(160): Illuminate\View\View-&gt;renderContents()
#20 C:\laragon\www\CarRentSystem\vendor\laravel\framework\src\Illuminate\View\Concerns\ManagesComponents.php(103): Illuminate\View\View-&gt;render()
#21 C:\laragon\www\CarRentSystem\storage\framework\views\63d0da9e86cc349a52193e89442d61e4.php(727): Illuminate\View\Factory-&gt;renderComponent()
#22 C:\laragon\www\CarRentSystem\vendor\livewire\livewire\src\Mechanisms\ExtendBlade\ExtendedCompilerEngine.php(37): include('C:\\laragon\\www\\...')
#23 C:\laragon\www\CarRentSystem\vendor\livewire\livewire\src\Mechanisms\ExtendBlade\ExtendedCompilerEngine.php(38): App\Filament\Resources\ActivityLogResource\Pages\ListActivityLogs-&gt;{closure:Livewire\Mechanisms\ExtendBlade\ExtendedCompilerEngine::evaluatePath():35}()
#24 C:\laragon\www\CarRentSystem\vendor\laravel\framework\src\Illuminate\View\Engines\CompilerEngine.php(76): Livewire\Mechanisms\ExtendBlade\ExtendedCompilerEngine-&gt;evaluatePath('C:\\laragon\\www\\...', Array)
#25 C:\laragon\www\CarRentSystem\vendor\livewire\livewire\src\Mechanisms\ExtendBlade\ExtendedCompilerEngine.php(16): Illuminate\View\Engines\CompilerEngine-&gt;get('C:\\laragon\\www\\...', Array)
#26 C:\laragon\www\CarRentSystem\vendor\laravel\framework\src\Illuminate\View\View.php(208): Livewire\Mechanisms\ExtendBlade\ExtendedCompilerEngine-&gt;get('C:\\laragon\\www\\...', Array)
#27 C:\laragon\www\CarRentSystem\vendor\laravel\framework\src\Illuminate\View\View.php(191): Illuminate\View\View-&gt;getContents()
#28 C:\laragon\www\CarRentSystem\vendor\laravel\framework\src\Illuminate\View\View.php(160): Illuminate\View\View-&gt;renderContents()
#29 C:\laragon\www\CarRentSystem\vendor\filament\support\src\Components\ViewComponent.php(125): Illuminate\View\View-&gt;render()
#30 C:\laragon\www\CarRentSystem\vendor\filament\schemas\src\Components\Component.php(221): Filament\Support\Components\ViewComponent-&gt;toHtml()
#31 C:\laragon\www\CarRentSystem\vendor\filament\schemas\src\Schema.php(205): Filament\Schemas\Components\Component-&gt;toSchemaHtml(true)
#32 C:\laragon\www\CarRentSystem\vendor\filament\support\src\Components\ViewComponent.php(122): Filament\Schemas\Schema-&gt;toEmbeddedHtml()
#33 C:\laragon\www\CarRentSystem\vendor\laravel\framework\src\Illuminate\Support\helpers.php(130): Filament\Support\Components\ViewComponent-&gt;toHtml()
#34 C:\laragon\www\CarRentSystem\storage\framework\views\440b755faea75388110fdd3acae41dc5.php(11): e(Object(Filament\Schemas\Schema))
#35 C:\laragon\www\CarRentSystem\vendor\livewire\livewire\src\Mechanisms\ExtendBlade\ExtendedCompilerEngine.php(37): include('C:\\laragon\\www\\...')
#36 C:\laragon\www\CarRentSystem\vendor\livewire\livewire\src\Mechanisms\ExtendBlade\ExtendedCompilerEngine.php(38): App\Filament\Resources\ActivityLogResource\Pages\ListActivityLogs-&gt;{closure:Livewire\Mechanisms\ExtendBlade\ExtendedCompilerEngine::evaluatePath():35}()
#37 C:\laragon\www\CarRentSystem\vendor\laravel\framework\src\Illuminate\View\Engines\CompilerEngine.php(76): Livewire\Mechanisms\ExtendBlade\ExtendedCompilerEngine-&gt;evaluatePath('C:\\laragon\\www\\...', Array)
#38 C:\laragon\www\CarRentSystem\vendor\livewire\livewire\src\Mechanisms\ExtendBlade\ExtendedCompilerEngine.php(16): Illuminate\View\Engines\CompilerEngine-&gt;get('C:\\laragon\\www\\...', Array)
#39 C:\laragon\www\CarRentSystem\vendor\laravel\framework\src\Illuminate\View\View.php(208): Livewire\Mechanisms\ExtendBlade\ExtendedCompilerEngine-&gt;get('C:\\laragon\\www\\...', Array)
#40 C:\laragon\www\CarRentSystem\vendor\laravel\framework\src\Illuminate\View\View.php(191): Illuminate\View\View-&gt;getContents()
#41 C:\laragon\www\CarRentSystem\vendor\laravel\framework\src\Illuminate\View\View.php(160): Illuminate\View\View-&gt;renderContents()
#42 C:\laragon\www\CarRentSystem\vendor\livewire\livewire\src\Mechanisms\HandleComponents\HandleComponents.php(259): Illuminate\View\View-&gt;render(Object(Closure))
#43 C:\laragon\www\CarRentSystem\vendor\livewire\livewire\src\Mechanisms\HandleComponents\HandleComponents.php(303): Livewire\Mechanisms\HandleComponents\HandleComponents-&gt;{closure:Livewire\Mechanisms\HandleComponents\HandleComponents::render():251}()
#44 C:\laragon\www\CarRentSystem\vendor\livewire\livewire\src\Mechanisms\HandleComponents\HandleComponents.php(251): Livewire\Mechanisms\HandleComponents\HandleComponents-&gt;trackInRenderStack(Object(App\Filament\Resources\ActivityLogResource\Pages\ListActivityLogs), Object(Closure))
#45 C:\laragon\www\CarRentSystem\vendor\livewire\livewire\src\Mechanisms\HandleComponents\HandleComponents.php(54): Livewire\Mechanisms\HandleComponents\HandleComponents-&gt;render(Object(App\Filament\Resources\ActivityLogResource\Pages\ListActivityLogs), '&lt;div&gt;&lt;/div&gt;')
#46 C:\laragon\www\CarRentSystem\vendor\livewire\livewire\src\LivewireManager.php(73): Livewire\Mechanisms\HandleComponents\HandleComponents-&gt;mount('App\\Filament\\Re...', Array, NULL)
#47 C:\laragon\www\CarRentSystem\vendor\livewire\livewire\src\Features\SupportPageComponents\HandlesPageComponents.php(17): Livewire\LivewireManager-&gt;mount('App\\Filament\\Re...', Array)
#48 C:\laragon\www\CarRentSystem\vendor\livewire\livewire\src\Features\SupportPageComponents\SupportPageComponents.php(117): Livewire\Component-&gt;{closure:Livewire\Features\SupportPageComponents\HandlesPageComponents::__invoke():14}()
#49 C:\laragon\www\CarRentSystem\vendor\livewire\livewire\src\Features\SupportPageComponents\HandlesPageComponents.php(14): Livewire\Features\SupportPageComponents\SupportPageComponents::interceptTheRenderOfTheComponentAndRetreiveTheLayoutConfiguration(Object(Closure))
#50 C:\laragon\www\CarRentSystem\vendor\laravel\framework\src\Illuminate\Routing\ControllerDispatcher.php(46): Livewire\Component-&gt;__invoke()
#51 C:\laragon\www\CarRentSystem\vendor\laravel\framework\src\Illuminate\Routing\Route.php(265): Illuminate\Routing\ControllerDispatcher-&gt;dispatch(Object(Illuminate\Routing\Route), Object(App\Filament\Resources\ActivityLogResource\Pages\ListActivityLogs), '__invoke')
#52 C:\laragon\www\CarRentSystem\vendor\laravel\framework\src\Illuminate\Routing\Route.php(211): Illuminate\Routing\Route-&gt;runController()
#53 C:\laragon\www\CarRentSystem\vendor\laravel\framework\src\Illuminate\Routing\Router.php(822): Illuminate\Routing\Route-&gt;run()
#54 C:\laragon\www\CarRentSystem\vendor\laravel\framework\src\Illuminate\Pipeline\Pipeline.php(180): Illuminate\Routing\Router-&gt;{closure:Illuminate\Routing\Router::runRouteWithinStack():821}(Object(Illuminate\Http\Request))
#55 C:\laragon\www\CarRentSystem\vendor\filament\filament\src\Http\Middleware\DispatchServingFilamentEvent.php(15): Illuminate\Pipeline\Pipeline-&gt;{closure:Illuminate\Pipeline\Pipeline::prepareDestination():178}(Object(Illuminate\Http\Request))
#56 C:\laragon\www\CarRentSystem\vendor\laravel\framework\src\Illuminate\Pipeline\Pipeline.php(219): Filament\Http\Middleware\DispatchServingFilamentEvent-&gt;handle(Object(Illuminate\Http\Request), Object(Closure))
#57 C:\laragon\www\CarRentSystem\vendor\filament\filament\src\Http\Middleware\DisableBladeIconComponents.php(14): Illuminate\Pipeline\Pipeline-&gt;{closure:{closure:Illuminate\Pipeline\Pipeline::carry():194}:195}(Object(Illuminate\Http\Request))
#58 C:\laragon\www\CarRentSystem\vendor\laravel\framework\src\Illuminate\Pipeline\Pipeline.php(219): Filament\Http\Middleware\DisableBladeIconComponents-&gt;handle(Object(Illuminate\Http\Request), Object(Closure))
#59 C:\laragon\www\CarRentSystem\app\Http\Middleware\LocalizationMiddleware.php(41): Illuminate\Pipeline\Pipeline-&gt;{closure:{closure:Illuminate\Pipeline\Pipeline::carry():194}:195}(Object(Illuminate\Http\Request))
#60 C:\laragon\www\CarRentSystem\vendor\laravel\framework\src\Illuminate\Pipeline\Pipeline.php(219): App\Http\Middleware\LocalizationMiddleware-&gt;handle(Object(Illuminate\Http\Request), Object(Closure))
#61 C:\laragon\www\CarRentSystem\vendor\laravel\framework\src\Illuminate\Routing\Middleware\SubstituteBindings.php(50): Illuminate\Pipeline\Pipeline-&gt;{closure:{closure:Illuminate\Pipeline\Pipeline::carry():194}:195}(Object(Illuminate\Http\Request))
#62 C:\laragon\www\CarRentSystem\vendor\laravel\framework\src\Illuminate\Pipeline\Pipeline.php(219): Illuminate\Routing\Middleware\SubstituteBindings-&gt;handle(Object(Illuminate\Http\Request), Object(Closure))
#63 C:\laragon\www\CarRentSystem\vendor\laravel\framework\src\Illuminate\Auth\Middleware\Authenticate.php(63): Illuminate\Pipeline\Pipeline-&gt;{closure:{closure:Illuminate\Pipeline\Pipeline::carry():194}:195}(Object(Illuminate\Http\Request))
#64 C:\laragon\www\CarRentSystem\vendor\laravel\framework\src\Illuminate\Pipeline\Pipeline.php(219): Illuminate\Auth\Middleware\Authenticate-&gt;handle(Object(Illuminate\Http\Request), Object(Closure))
#65 C:\laragon\www\CarRentSystem\vendor\laravel\framework\src\Illuminate\View\Middleware\ShareErrorsFromSession.php(48): Illuminate\Pipeline\Pipeline-&gt;{closure:{closure:Illuminate\Pipeline\Pipeline::carry():194}:195}(Object(Illuminate\Http\Request))
#66 C:\laragon\www\CarRentSystem\vendor\laravel\framework\src\Illuminate\Pipeline\Pipeline.php(219): Illuminate\View\Middleware\ShareErrorsFromSession-&gt;handle(Object(Illuminate\Http\Request), Object(Closure))
#67 C:\laragon\www\CarRentSystem\vendor\laravel\framework\src\Illuminate\Session\Middleware\StartSession.php(120): Illuminate\Pipeline\Pipeline-&gt;{closure:{closure:Illuminate\Pipeline\Pipeline::carry():194}:195}(Object(Illuminate\Http\Request))
#68 C:\laragon\www\CarRentSystem\vendor\laravel\framework\src\Illuminate\Session\Middleware\StartSession.php(63): Illuminate\Session\Middleware\StartSession-&gt;handleStatefulRequest(Object(Illuminate\Http\Request), Object(Illuminate\Session\Store), Object(Closure))
#69 C:\laragon\www\CarRentSystem\vendor\laravel\framework\src\Illuminate\Pipeline\Pipeline.php(219): Illuminate\Session\Middleware\StartSession-&gt;handle(Object(Illuminate\Http\Request), Object(Closure))
#70 C:\laragon\www\CarRentSystem\vendor\laravel\framework\src\Illuminate\Cookie\Middleware\AddQueuedCookiesToResponse.php(36): Illuminate\Pipeline\Pipeline-&gt;{closure:{closure:Illuminate\Pipeline\Pipeline::carry():194}:195}(Object(Illuminate\Http\Request))
#71 C:\laragon\www\CarRentSystem\vendor\laravel\framework\src\Illuminate\Pipeline\Pipeline.php(219): Illuminate\Cookie\Middleware\AddQueuedCookiesToResponse-&gt;handle(Object(Illuminate\Http\Request), Object(Closure))
#72 C:\laragon\www\CarRentSystem\vendor\laravel\framework\src\Illuminate\Cookie\Middleware\EncryptCookies.php(74): Illuminate\Pipeline\Pipeline-&gt;{closure:{closure:Illuminate\Pipeline\Pipeline::carry():194}:195}(Object(Illuminate\Http\Request))
#73 C:\laragon\www\CarRentSystem\vendor\laravel\framework\src\Illuminate\Pipeline\Pipeline.php(219): Illuminate\Cookie\Middleware\EncryptCookies-&gt;handle(Object(Illuminate\Http\Request), Object(Closure))
#74 C:\laragon\www\CarRentSystem\vendor\filament\filament\src\Http\Middleware\SetUpPanel.php(19): Illuminate\Pipeline\Pipeline-&gt;{closure:{closure:Illuminate\Pipeline\Pipeline::carry():194}:195}(Object(Illuminate\Http\Request))
#75 C:\laragon\www\CarRentSystem\vendor\laravel\framework\src\Illuminate\Pipeline\Pipeline.php(219): Filament\Http\Middleware\SetUpPanel-&gt;handle(Object(Illuminate\Http\Request), Object(Closure), Object(Filament\Panel))
#76 C:\laragon\www\CarRentSystem\vendor\laravel\framework\src\Illuminate\Pipeline\Pipeline.php(137): Illuminate\Pipeline\Pipeline-&gt;{closure:{closure:Illuminate\Pipeline\Pipeline::carry():194}:195}(Object(Illuminate\Http\Request))
#77 C:\laragon\www\CarRentSystem\vendor\laravel\framework\src\Illuminate\Routing\Router.php(821): Illuminate\Pipeline\Pipeline-&gt;then(Object(Closure))
#78 C:\laragon\www\CarRentSystem\vendor\laravel\framework\src\Illuminate\Routing\Router.php(800): Illuminate\Routing\Router-&gt;runRouteWithinStack(Object(Illuminate\Routing\Route), Object(Illuminate\Http\Request))
#79 C:\laragon\www\CarRentSystem\vendor\laravel\framework\src\Illuminate\Routing\Router.php(764): Illuminate\Routing\Router-&gt;runRoute(Object(Illuminate\Http\Request), Object(Illuminate\Routing\Route))
#80 C:\laragon\www\CarRentSystem\vendor\laravel\framework\src\Illuminate\Routing\Router.php(753): Illuminate\Routing\Router-&gt;dispatchToRoute(Object(Illuminate\Http\Request))
#81 C:\laragon\www\CarRentSystem\vendor\laravel\framework\src\Illuminate\Foundation\Http\Kernel.php(200): Illuminate\Routing\Router-&gt;dispatch(Object(Illuminate\Http\Request))
#82 C:\laragon\www\CarRentSystem\vendor\laravel\framework\src\Illuminate\Pipeline\Pipeline.php(180): Illuminate\Foundation\Http\Kernel-&gt;{closure:Illuminate\Foundation\Http\Kernel::dispatchToRouter():197}(Object(Illuminate\Http\Request))
#83 C:\laragon\www\CarRentSystem\vendor\livewire\livewire\src\Features\SupportDisablingBackButtonCache\DisableBackButtonCacheMiddleware.php(19): Illuminate\Pipeline\Pipeline-&gt;{closure:Illuminate\Pipeline\Pipeline::prepareDestination():178}(Object(Illuminate\Http\Request))
#84 C:\laragon\www\CarRentSystem\vendor\laravel\framework\src\Illuminate\Pipeline\Pipeline.php(219): Livewire\Features\SupportDisablingBackButtonCache\DisableBackButtonCacheMiddleware-&gt;handle(Object(Illuminate\Http\Request), Object(Closure))
#85 C:\laragon\www\CarRentSystem\vendor\laravel\framework\src\Illuminate\Foundation\Http\Middleware\TransformsRequest.php(21): Illuminate\Pipeline\Pipeline-&gt;{closure:{closure:Illuminate\Pipeline\Pipeline::carry():194}:195}(Object(Illuminate\Http\Request))
#86 C:\laragon\www\CarRentSystem\vendor\laravel\framework\src\Illuminate\Foundation\Http\Middleware\ConvertEmptyStringsToNull.php(31): Illuminate\Foundation\Http\Middleware\TransformsRequest-&gt;handle(Object(Illuminate\Http\Request), Object(Closure))
#87 C:\laragon\www\CarRentSystem\vendor\laravel\framework\src\Illuminate\Pipeline\Pipeline.php(219): Illuminate\Foundation\Http\Middleware\ConvertEmptyStringsToNull-&gt;handle(Object(Illuminate\Http\Request), Object(Closure))
#88 C:\laragon\www\CarRentSystem\vendor\laravel\framework\src\Illuminate\Foundation\Http\Middleware\TransformsRequest.php(21): Illuminate\Pipeline\Pipeline-&gt;{closure:{closure:Illuminate\Pipeline\Pipeline::carry():194}:195}(Object(Illuminate\Http\Request))
#89 C:\laragon\www\CarRentSystem\vendor\laravel\framework\src\Illuminate\Foundation\Http\Middleware\TrimStrings.php(51): Illuminate\Foundation\Http\Middleware\TransformsRequest-&gt;handle(Object(Illuminate\Http\Request), Object(Closure))
#90 C:\laragon\www\CarRentSystem\vendor\laravel\framework\src\Illuminate\Pipeline\Pipeline.php(219): Illuminate\Foundation\Http\Middleware\TrimStrings-&gt;handle(Object(Illuminate\Http\Request), Object(Closure))
#91 C:\laragon\www\CarRentSystem\vendor\laravel\framework\src\Illuminate\Http\Middleware\ValidatePostSize.php(27): Illuminate\Pipeline\Pipeline-&gt;{closure:{closure:Illuminate\Pipeline\Pipeline::carry():194}:195}(Object(Illuminate\Http\Request))
#92 C:\laragon\www\CarRentSystem\vendor\laravel\framework\src\Illuminate\Pipeline\Pipeline.php(219): Illuminate\Http\Middleware\ValidatePostSize-&gt;handle(Object(Illuminate\Http\Request), Object(Closure))
#93 C:\laragon\www\CarRentSystem\vendor\laravel\framework\src\Illuminate\Foundation\Http\Middleware\PreventRequestsDuringMaintenance.php(109): Illuminate\Pipeline\Pipeline-&gt;{closure:{closure:Illuminate\Pipeline\Pipeline::carry():194}:195}(Object(Illuminate\Http\Request))
#94 C:\laragon\www\CarRentSystem\vendor\laravel\framework\src\Illuminate\Pipeline\Pipeline.php(219): Illuminate\Foundation\Http\Middleware\PreventRequestsDuringMaintenance-&gt;handle(Object(Illuminate\Http\Request), Object(Closure))
#95 C:\laragon\www\CarRentSystem\vendor\laravel\framework\src\Illuminate\Http\Middleware\HandleCors.php(61): Illuminate\Pipeline\Pipeline-&gt;{closure:{closure:Illuminate\Pipeline\Pipeline::carry():194}:195}(Object(Illuminate\Http\Request))
#96 C:\laragon\www\CarRentSystem\vendor\laravel\framework\src\Illuminate\Pipeline\Pipeline.php(219): Illuminate\Http\Middleware\HandleCors-&gt;handle(Object(Illuminate\Http\Request), Object(Closure))
#97 C:\laragon\www\CarRentSystem\vendor\laravel\framework\src\Illuminate\Http\Middleware\TrustProxies.php(58): Illuminate\Pipeline\Pipeline-&gt;{closure:{closure:Illuminate\Pipeline\Pipeline::carry():194}:195}(Object(Illuminate\Http\Request))
#98 C:\laragon\www\CarRentSystem\vendor\laravel\framework\src\Illuminate\Pipeline\Pipeline.php(219): Illuminate\Http\Middleware\TrustProxies-&gt;handle(Object(Illuminate\Http\Request), Object(Closure))
#99 C:\laragon\www\CarRentSystem\vendor\laravel\framework\src\Illuminate\Foundation\Http\Middleware\InvokeDeferredCallbacks.php(22): Illuminate\Pipeline\Pipeline-&gt;{closure:{closure:Illuminate\Pipeline\Pipeline::carry():194}:195}(Object(Illuminate\Http\Request))
#100 C:\laragon\www\CarRentSystem\vendor\laravel\framework\src\Illuminate\Pipeline\Pipeline.php(219): Illuminate\Foundation\Http\Middleware\InvokeDeferredCallbacks-&gt;handle(Object(Illuminate\Http\Request), Object(Closure))
#101 C:\laragon\www\CarRentSystem\vendor\laravel\framework\src\Illuminate\Http\Middleware\ValidatePathEncoding.php(26): Illuminate\Pipeline\Pipeline-&gt;{closure:{closure:Illuminate\Pipeline\Pipeline::carry():194}:195}(Object(Illuminate\Http\Request))
#102 C:\laragon\www\CarRentSystem\vendor\laravel\framework\src\Illuminate\Pipeline\Pipeline.php(219): Illuminate\Http\Middleware\ValidatePathEncoding-&gt;handle(Object(Illuminate\Http\Request), Object(Closure))
#103 C:\laragon\www\CarRentSystem\vendor\laravel\framework\src\Illuminate\Pipeline\Pipeline.php(137): Illuminate\Pipeline\Pipeline-&gt;{closure:{closure:Illuminate\Pipeline\Pipeline::carry():194}:195}(Object(Illuminate\Http\Request))
#104 C:\laragon\www\CarRentSystem\vendor\laravel\framework\src\Illuminate\Foundation\Http\Kernel.php(175): Illuminate\Pipeline\Pipeline-&gt;then(Object(Closure))
#105 C:\laragon\www\CarRentSystem\vendor\laravel\framework\src\Illuminate\Foundation\Http\Kernel.php(144): Illuminate\Foundation\Http\Kernel-&gt;sendRequestThroughRouter(Object(Illuminate\Http\Request))
#106 C:\laragon\www\CarRentSystem\vendor\laravel\framework\src\Illuminate\Foundation\Testing\Concerns\MakesHttpRequests.php(607): Illuminate\Foundation\Http\Kernel-&gt;handle(Object(Illuminate\Http\Request))
#107 C:\laragon\www\CarRentSystem\vendor\laravel\framework\src\Illuminate\Foundation\Testing\Concerns\MakesHttpRequests.php(368): Illuminate\Foundation\Testing\TestCase-&gt;call('GET', '/admin/activity...', Array, Array, Array, Array)
#108 C:\laragon\www\CarRentSystem\tests\Feature\ActivityLogManagementTest.php(65): Illuminate\Foundation\Testing\TestCase-&gt;get('/admin/activity...')
#109 C:\laragon\www\CarRentSystem\vendor\pestphp\pest\src\Factories\TestCaseMethodFactory.php(168): P\Tests\Feature\ActivityLogManagementTest-&gt;{closure:{closure:{closure:C:\laragon\www\CarRentSystem\tests\Feature\ActivityLogManagementTest.php:13}:20}:60}()
#110 [internal function]: P\Tests\Feature\ActivityLogManagementTest-&gt;{closure:Pest\Factories\TestCaseMethodFactory::getClosure():158}()
#111 C:\laragon\www\CarRentSystem\vendor\pestphp\pest\src\Concerns\Testable.php(429): call_user_func_array(Object(Closure), Array)
#112 C:\laragon\www\CarRentSystem\vendor\pestphp\pest\src\Support\ExceptionTrace.php(26): P\Tests\Feature\ActivityLogManagementTest-&gt;{closure:Pest\Concerns\Testable::__callClosure():429}()
#113 C:\laragon\www\CarRentSystem\vendor\pestphp\pest\src\Concerns\Testable.php(429): Pest\Support\ExceptionTrace::ensure(Object(Closure))
#114 C:\laragon\www\CarRentSystem\vendor\pestphp\pest\src\Concerns\Testable.php(331): P\Tests\Feature\ActivityLogManagementTest-&gt;__callClosure(Object(Closure), Array)
#115 C:\laragon\www\CarRentSystem\vendor\pestphp\pest\src\Factories\TestCaseFactory.php(169) : eval()'d code(62): P\Tests\Feature\ActivityLogManagementTest-&gt;__runTest(Object(Closure))
#116 C:\laragon\www\CarRentSystem\vendor\phpunit\phpunit\src\Framework\TestCase.php(1316): P\Tests\Feature\ActivityLogManagementTest-&gt;__pest_evaluable__Activity_Log_Management__→__Activity_Log_Listing__→_it_filters_logs_by_date_range()
#117 C:\laragon\www\CarRentSystem\vendor\phpunit\phpunit\src\Framework\TestCase.php(516): PHPUnit\Framework\TestCase-&gt;runTest()
#118 C:\laragon\www\CarRentSystem\vendor\phpunit\phpunit\src\Framework\TestRunner\TestRunner.php(99): PHPUnit\Framework\TestCase-&gt;runBare()
#119 C:\laragon\www\CarRentSystem\vendor\phpunit\phpunit\src\Framework\TestCase.php(357): PHPUnit\Framework\TestRunner-&gt;run(Object(P\Tests\Feature\ActivityLogManagementTest))
#120 C:\laragon\www\CarRentSystem\vendor\phpunit\phpunit\src\Framework\TestSuite.php(374): PHPUnit\Framework\TestCase-&gt;run()
#121 C:\laragon\www\CarRentSystem\vendor\phpunit\phpunit\src\Framework\TestSuite.php(374): PHPUnit\Framework\TestSuite-&gt;run()
#122 C:\laragon\www\CarRentSystem\vendor\phpunit\phpunit\src\Framework\TestSuite.php(374): PHPUnit\Framework\TestSuite-&gt;run()
#123 C:\laragon\www\CarRentSystem\vendor\phpunit\phpunit\src\TextUI\TestRunner.php(64): PHPUnit\Framework\TestSuite-&gt;run()
#124 C:\laragon\www\CarRentSystem\vendor\phpunit\phpunit\src\TextUI\Application.php(229): PHPUnit\TextUI\TestRunner-&gt;run(Object(PHPUnit\TextUI\Configuration\Configuration), Object(PHPUnit\Runner\ResultCache\DefaultResultCache), Object(PHPUnit\Framework\TestSuite))
#125 C:\laragon\www\CarRentSystem\vendor\pestphp\pest\src\Kernel.php(103): PHPUnit\TextUI\Application-&gt;run(Array)
#126 C:\laragon\www\CarRentSystem\vendor\pestphp\pest\bin\pest(184): Pest\Kernel-&gt;handle(Array, Array)
#127 C:\laragon\www\CarRentSystem\vendor\pestphp\pest\bin\pest(192): {closure:C:\laragon\www\CarRentSystem\vendor\pestphp\pest\bin\pest:18}()
#128 C:\laragon\www\CarRentSystem\vendor\bin\pest(119): include('C:\\laragon\\www\\...')
#129 {main}

Next Illuminate\View\ViewException: SQLSTATE[HY000]: General error: 1 no such column: activity_log.name (Connection: sqlite, SQL: select "activity_log"."name", "" from "activity_log" order by "activity_log"."name" asc limit 50) (View: C:\laragon\www\CarRentSystem\vendor\filament\forms\resources\views\components\select.blade.php) (View: C:\laragon\www\CarRentSystem\vendor\filament\forms\resources\views\components\select.blade.php) (View: C:\laragon\www\CarRentSystem\vendor\filament\forms\resources\views\components\select.blade.php) in C:\laragon\www\CarRentSystem\vendor\laravel\framework\src\Illuminate\Database\Connection.php:824
Stack trace:
#0 C:\laragon\www\CarRentSystem\vendor\livewire\livewire\src\Mechanisms\ExtendBlade\ExtendedCompilerEngine.php(58): Illuminate\View\Engines\CompilerEngine-&gt;handleViewException(Object(Illuminate\View\ViewException), 8)
#1 C:\laragon\www\CarRentSystem\vendor\livewire\livewire\src\Mechanisms\ExtendBlade\ExtendedCompilerEngine.php(40): Livewire\Mechanisms\ExtendBlade\ExtendedCompilerEngine-&gt;handleViewException(Object(Illuminate\View\ViewException), 8)
#2 C:\laragon\www\CarRentSystem\vendor\laravel\framework\src\Illuminate\View\Engines\CompilerEngine.php(76): Livewire\Mechanisms\ExtendBlade\ExtendedCompilerEngine-&gt;evaluatePath('C:\\laragon\\www\\...', Array)
#3 C:\laragon\www\CarRentSystem\vendor\livewire\livewire\src\Mechanisms\ExtendBlade\ExtendedCompilerEngine.php(16): Illuminate\View\Engines\CompilerEngine-&gt;get('C:\\laragon\\www\\...', Array)
#4 C:\laragon\www\CarRentSystem\vendor\laravel\framework\src\Illuminate\View\View.php(208): Livewire\Mechanisms\ExtendBlade\ExtendedCompilerEngine-&gt;get('C:\\laragon\\www\\...', Array)
#5 C:\laragon\www\CarRentSystem\vendor\laravel\framework\src\Illuminate\View\View.php(191): Illuminate\View\View-&gt;getContents()
#6 C:\laragon\www\CarRentSystem\vendor\laravel\framework\src\Illuminate\View\View.php(160): Illuminate\View\View-&gt;renderContents()
#7 C:\laragon\www\CarRentSystem\vendor\laravel\framework\src\Illuminate\View\Concerns\ManagesComponents.php(103): Illuminate\View\View-&gt;render()
#8 C:\laragon\www\CarRentSystem\storage\framework\views\63d0da9e86cc349a52193e89442d61e4.php(727): Illuminate\View\Factory-&gt;renderComponent()
#9 C:\laragon\www\CarRentSystem\vendor\livewire\livewire\src\Mechanisms\ExtendBlade\ExtendedCompilerEngine.php(37): include('C:\\laragon\\www\\...')
#10 C:\laragon\www\CarRentSystem\vendor\livewire\livewire\src\Mechanisms\ExtendBlade\ExtendedCompilerEngine.php(38): App\Filament\Resources\ActivityLogResource\Pages\ListActivityLogs-&gt;{closure:Livewire\Mechanisms\ExtendBlade\ExtendedCompilerEngine::evaluatePath():35}()
#11 C:\laragon\www\CarRentSystem\vendor\laravel\framework\src\Illuminate\View\Engines\CompilerEngine.php(76): Livewire\Mechanisms\ExtendBlade\ExtendedCompilerEngine-&gt;evaluatePath('C:\\laragon\\www\\...', Array)
#12 C:\laragon\www\CarRentSystem\vendor\livewire\livewire\src\Mechanisms\ExtendBlade\ExtendedCompilerEngine.php(16): Illuminate\View\Engines\CompilerEngine-&gt;get('C:\\laragon\\www\\...', Array)
#13 C:\laragon\www\CarRentSystem\vendor\laravel\framework\src\Illuminate\View\View.php(208): Livewire\Mechanisms\ExtendBlade\ExtendedCompilerEngine-&gt;get('C:\\laragon\\www\\...', Array)
#14 C:\laragon\www\CarRentSystem\vendor\laravel\framework\src\Illuminate\View\View.php(191): Illuminate\View\View-&gt;getContents()
#15 C:\laragon\www\CarRentSystem\vendor\laravel\framework\src\Illuminate\View\View.php(160): Illuminate\View\View-&gt;renderContents()
#16 C:\laragon\www\CarRentSystem\vendor\filament\support\src\Components\ViewComponent.php(125): Illuminate\View\View-&gt;render()
#17 C:\laragon\www\CarRentSystem\vendor\filament\schemas\src\Components\Component.php(221): Filament\Support\Components\ViewComponent-&gt;toHtml()
#18 C:\laragon\www\CarRentSystem\vendor\filament\schemas\src\Schema.php(205): Filament\Schemas\Components\Component-&gt;toSchemaHtml(true)
#19 C:\laragon\www\CarRentSystem\vendor\filament\support\src\Components\ViewComponent.php(122): Filament\Schemas\Schema-&gt;toEmbeddedHtml()
#20 C:\laragon\www\CarRentSystem\vendor\laravel\framework\src\Illuminate\Support\helpers.php(130): Filament\Support\Components\ViewComponent-&gt;toHtml()
#21 C:\laragon\www\CarRentSystem\storage\framework\views\440b755faea75388110fdd3acae41dc5.php(11): e(Object(Filament\Schemas\Schema))
#22 C:\laragon\www\CarRentSystem\vendor\livewire\livewire\src\Mechanisms\ExtendBlade\ExtendedCompilerEngine.php(37): include('C:\\laragon\\www\\...')
#23 C:\laragon\www\CarRentSystem\vendor\livewire\livewire\src\Mechanisms\ExtendBlade\ExtendedCompilerEngine.php(38): App\Filament\Resources\ActivityLogResource\Pages\ListActivityLogs-&gt;{closure:Livewire\Mechanisms\ExtendBlade\ExtendedCompilerEngine::evaluatePath():35}()
#24 C:\laragon\www\CarRentSystem\vendor\laravel\framework\src\Illuminate\View\Engines\CompilerEngine.php(76): Livewire\Mechanisms\ExtendBlade\ExtendedCompilerEngine-&gt;evaluatePath('C:\\laragon\\www\\...', Array)
#25 C:\laragon\www\CarRentSystem\vendor\livewire\livewire\src\Mechanisms\ExtendBlade\ExtendedCompilerEngine.php(16): Illuminate\View\Engines\CompilerEngine-&gt;get('C:\\laragon\\www\\...', Array)
#26 C:\laragon\www\CarRentSystem\vendor\laravel\framework\src\Illuminate\View\View.php(208): Livewire\Mechanisms\ExtendBlade\ExtendedCompilerEngine-&gt;get('C:\\laragon\\www\\...', Array)
#27 C:\laragon\www\CarRentSystem\vendor\laravel\framework\src\Illuminate\View\View.php(191): Illuminate\View\View-&gt;getContents()
#28 C:\laragon\www\CarRentSystem\vendor\laravel\framework\src\Illuminate\View\View.php(160): Illuminate\View\View-&gt;renderContents()
#29 C:\laragon\www\CarRentSystem\vendor\livewire\livewire\src\Mechanisms\HandleComponents\HandleComponents.php(259): Illuminate\View\View-&gt;render(Object(Closure))
#30 C:\laragon\www\CarRentSystem\vendor\livewire\livewire\src\Mechanisms\HandleComponents\HandleComponents.php(303): Livewire\Mechanisms\HandleComponents\HandleComponents-&gt;{closure:Livewire\Mechanisms\HandleComponents\HandleComponents::render():251}()
#31 C:\laragon\www\CarRentSystem\vendor\livewire\livewire\src\Mechanisms\HandleComponents\HandleComponents.php(251): Livewire\Mechanisms\HandleComponents\HandleComponents-&gt;trackInRenderStack(Object(App\Filament\Resources\ActivityLogResource\Pages\ListActivityLogs), Object(Closure))
#32 C:\laragon\www\CarRentSystem\vendor\livewire\livewire\src\Mechanisms\HandleComponents\HandleComponents.php(54): Livewire\Mechanisms\HandleComponents\HandleComponents-&gt;render(Object(App\Filament\Resources\ActivityLogResource\Pages\ListActivityLogs), '&lt;div&gt;&lt;/div&gt;')
#33 C:\laragon\www\CarRentSystem\vendor\livewire\livewire\src\LivewireManager.php(73): Livewire\Mechanisms\HandleComponents\HandleComponents-&gt;mount('App\\Filament\\Re...', Array, NULL)
#34 C:\laragon\www\CarRentSystem\vendor\livewire\livewire\src\Features\SupportPageComponents\HandlesPageComponents.php(17): Livewire\LivewireManager-&gt;mount('App\\Filament\\Re...', Array)
#35 C:\laragon\www\CarRentSystem\vendor\livewire\livewire\src\Features\SupportPageComponents\SupportPageComponents.php(117): Livewire\Component-&gt;{closure:Livewire\Features\SupportPageComponents\HandlesPageComponents::__invoke():14}()
#36 C:\laragon\www\CarRentSystem\vendor\livewire\livewire\src\Features\SupportPageComponents\HandlesPageComponents.php(14): Livewire\Features\SupportPageComponents\SupportPageComponents::interceptTheRenderOfTheComponentAndRetreiveTheLayoutConfiguration(Object(Closure))
#37 C:\laragon\www\CarRentSystem\vendor\laravel\framework\src\Illuminate\Routing\ControllerDispatcher.php(46): Livewire\Component-&gt;__invoke()
#38 C:\laragon\www\CarRentSystem\vendor\laravel\framework\src\Illuminate\Routing\Route.php(265): Illuminate\Routing\ControllerDispatcher-&gt;dispatch(Object(Illuminate\Routing\Route), Object(App\Filament\Resources\ActivityLogResource\Pages\ListActivityLogs), '__invoke')
#39 C:\laragon\www\CarRentSystem\vendor\laravel\framework\src\Illuminate\Routing\Route.php(211): Illuminate\Routing\Route-&gt;runController()
#40 C:\laragon\www\CarRentSystem\vendor\laravel\framework\src\Illuminate\Routing\Router.php(822): Illuminate\Routing\Route-&gt;run()
#41 C:\laragon\www\CarRentSystem\vendor\laravel\framework\src\Illuminate\Pipeline\Pipeline.php(180): Illuminate\Routing\Router-&gt;{closure:Illuminate\Routing\Router::runRouteWithinStack():821}(Object(Illuminate\Http\Request))
#42 C:\laragon\www\CarRentSystem\vendor\filament\filament\src\Http\Middleware\DispatchServingFilamentEvent.php(15): Illuminate\Pipeline\Pipeline-&gt;{closure:Illuminate\Pipeline\Pipeline::prepareDestination():178}(Object(Illuminate\Http\Request))
#43 C:\laragon\www\CarRentSystem\vendor\laravel\framework\src\Illuminate\Pipeline\Pipeline.php(219): Filament\Http\Middleware\DispatchServingFilamentEvent-&gt;handle(Object(Illuminate\Http\Request), Object(Closure))
#44 C:\laragon\www\CarRentSystem\vendor\filament\filament\src\Http\Middleware\DisableBladeIconComponents.php(14): Illuminate\Pipeline\Pipeline-&gt;{closure:{closure:Illuminate\Pipeline\Pipeline::carry():194}:195}(Object(Illuminate\Http\Request))
#45 C:\laragon\www\CarRentSystem\vendor\laravel\framework\src\Illuminate\Pipeline\Pipeline.php(219): Filament\Http\Middleware\DisableBladeIconComponents-&gt;handle(Object(Illuminate\Http\Request), Object(Closure))
#46 C:\laragon\www\CarRentSystem\app\Http\Middleware\LocalizationMiddleware.php(41): Illuminate\Pipeline\Pipeline-&gt;{closure:{closure:Illuminate\Pipeline\Pipeline::carry():194}:195}(Object(Illuminate\Http\Request))
#47 C:\laragon\www\CarRentSystem\vendor\laravel\framework\src\Illuminate\Pipeline\Pipeline.php(219): App\Http\Middleware\LocalizationMiddleware-&gt;handle(Object(Illuminate\Http\Request), Object(Closure))
#48 C:\laragon\www\CarRentSystem\vendor\laravel\framework\src\Illuminate\Routing\Middleware\SubstituteBindings.php(50): Illuminate\Pipeline\Pipeline-&gt;{closure:{closure:Illuminate\Pipeline\Pipeline::carry():194}:195}(Object(Illuminate\Http\Request))
#49 C:\laragon\www\CarRentSystem\vendor\laravel\framework\src\Illuminate\Pipeline\Pipeline.php(219): Illuminate\Routing\Middleware\SubstituteBindings-&gt;handle(Object(Illuminate\Http\Request), Object(Closure))
#50 C:\laragon\www\CarRentSystem\vendor\laravel\framework\src\Illuminate\Auth\Middleware\Authenticate.php(63): Illuminate\Pipeline\Pipeline-&gt;{closure:{closure:Illuminate\Pipeline\Pipeline::carry():194}:195}(Object(Illuminate\Http\Request))
#51 C:\laragon\www\CarRentSystem\vendor\laravel\framework\src\Illuminate\Pipeline\Pipeline.php(219): Illuminate\Auth\Middleware\Authenticate-&gt;handle(Object(Illuminate\Http\Request), Object(Closure))
#52 C:\laragon\www\CarRentSystem\vendor\laravel\framework\src\Illuminate\View\Middleware\ShareErrorsFromSession.php(48): Illuminate\Pipeline\Pipeline-&gt;{closure:{closure:Illuminate\Pipeline\Pipeline::carry():194}:195}(Object(Illuminate\Http\Request))
#53 C:\laragon\www\CarRentSystem\vendor\laravel\framework\src\Illuminate\Pipeline\Pipeline.php(219): Illuminate\View\Middleware\ShareErrorsFromSession-&gt;handle(Object(Illuminate\Http\Request), Object(Closure))
#54 C:\laragon\www\CarRentSystem\vendor\laravel\framework\src\Illuminate\Session\Middleware\StartSession.php(120): Illuminate\Pipeline\Pipeline-&gt;{closure:{closure:Illuminate\Pipeline\Pipeline::carry():194}:195}(Object(Illuminate\Http\Request))
#55 C:\laragon\www\CarRentSystem\vendor\laravel\framework\src\Illuminate\Session\Middleware\StartSession.php(63): Illuminate\Session\Middleware\StartSession-&gt;handleStatefulRequest(Object(Illuminate\Http\Request), Object(Illuminate\Session\Store), Object(Closure))
#56 C:\laragon\www\CarRentSystem\vendor\laravel\framework\src\Illuminate\Pipeline\Pipeline.php(219): Illuminate\Session\Middleware\StartSession-&gt;handle(Object(Illuminate\Http\Request), Object(Closure))
#57 C:\laragon\www\CarRentSystem\vendor\laravel\framework\src\Illuminate\Cookie\Middleware\AddQueuedCookiesToResponse.php(36): Illuminate\Pipeline\Pipeline-&gt;{closure:{closure:Illuminate\Pipeline\Pipeline::carry():194}:195}(Object(Illuminate\Http\Request))
#58 C:\laragon\www\CarRentSystem\vendor\laravel\framework\src\Illuminate\Pipeline\Pipeline.php(219): Illuminate\Cookie\Middleware\AddQueuedCookiesToResponse-&gt;handle(Object(Illuminate\Http\Request), Object(Closure))
#59 C:\laragon\www\CarRentSystem\vendor\laravel\framework\src\Illuminate\Cookie\Middleware\EncryptCookies.php(74): Illuminate\Pipeline\Pipeline-&gt;{closure:{closure:Illuminate\Pipeline\Pipeline::carry():194}:195}(Object(Illuminate\Http\Request))
#60 C:\laragon\www\CarRentSystem\vendor\laravel\framework\src\Illuminate\Pipeline\Pipeline.php(219): Illuminate\Cookie\Middleware\EncryptCookies-&gt;handle(Object(Illuminate\Http\Request), Object(Closure))
#61 C:\laragon\www\CarRentSystem\vendor\filament\filament\src\Http\Middleware\SetUpPanel.php(19): Illuminate\Pipeline\Pipeline-&gt;{closure:{closure:Illuminate\Pipeline\Pipeline::carry():194}:195}(Object(Illuminate\Http\Request))
#62 C:\laragon\www\CarRentSystem\vendor\laravel\framework\src\Illuminate\Pipeline\Pipeline.php(219): Filament\Http\Middleware\SetUpPanel-&gt;handle(Object(Illuminate\Http\Request), Object(Closure), Object(Filament\Panel))
#63 C:\laragon\www\CarRentSystem\vendor\laravel\framework\src\Illuminate\Pipeline\Pipeline.php(137): Illuminate\Pipeline\Pipeline-&gt;{closure:{closure:Illuminate\Pipeline\Pipeline::carry():194}:195}(Object(Illuminate\Http\Request))
#64 C:\laragon\www\CarRentSystem\vendor\laravel\framework\src\Illuminate\Routing\Router.php(821): Illuminate\Pipeline\Pipeline-&gt;then(Object(Closure))
#65 C:\laragon\www\CarRentSystem\vendor\laravel\framework\src\Illuminate\Routing\Router.php(800): Illuminate\Routing\Router-&gt;runRouteWithinStack(Object(Illuminate\Routing\Route), Object(Illuminate\Http\Request))
#66 C:\laragon\www\CarRentSystem\vendor\laravel\framework\src\Illuminate\Routing\Router.php(764): Illuminate\Routing\Router-&gt;runRoute(Object(Illuminate\Http\Request), Object(Illuminate\Routing\Route))
#67 C:\laragon\www\CarRentSystem\vendor\laravel\framework\src\Illuminate\Routing\Router.php(753): Illuminate\Routing\Router-&gt;dispatchToRoute(Object(Illuminate\Http\Request))
#68 C:\laragon\www\CarRentSystem\vendor\laravel\framework\src\Illuminate\Foundation\Http\Kernel.php(200): Illuminate\Routing\Router-&gt;dispatch(Object(Illuminate\Http\Request))
#69 C:\laragon\www\CarRentSystem\vendor\laravel\framework\src\Illuminate\Pipeline\Pipeline.php(180): Illuminate\Foundation\Http\Kernel-&gt;{closure:Illuminate\Foundation\Http\Kernel::dispatchToRouter():197}(Object(Illuminate\Http\Request))
#70 C:\laragon\www\CarRentSystem\vendor\livewire\livewire\src\Features\SupportDisablingBackButtonCache\DisableBackButtonCacheMiddleware.php(19): Illuminate\Pipeline\Pipeline-&gt;{closure:Illuminate\Pipeline\Pipeline::prepareDestination():178}(Object(Illuminate\Http\Request))
#71 C:\laragon\www\CarRentSystem\vendor\laravel\framework\src\Illuminate\Pipeline\Pipeline.php(219): Livewire\Features\SupportDisablingBackButtonCache\DisableBackButtonCacheMiddleware-&gt;handle(Object(Illuminate\Http\Request), Object(Closure))
#72 C:\laragon\www\CarRentSystem\vendor\laravel\framework\src\Illuminate\Foundation\Http\Middleware\TransformsRequest.php(21): Illuminate\Pipeline\Pipeline-&gt;{closure:{closure:Illuminate\Pipeline\Pipeline::carry():194}:195}(Object(Illuminate\Http\Request))
#73 C:\laragon\www\CarRentSystem\vendor\laravel\framework\src\Illuminate\Foundation\Http\Middleware\ConvertEmptyStringsToNull.php(31): Illuminate\Foundation\Http\Middleware\TransformsRequest-&gt;handle(Object(Illuminate\Http\Request), Object(Closure))
#74 C:\laragon\www\CarRentSystem\vendor\laravel\framework\src\Illuminate\Pipeline\Pipeline.php(219): Illuminate\Foundation\Http\Middleware\ConvertEmptyStringsToNull-&gt;handle(Object(Illuminate\Http\Request), Object(Closure))
#75 C:\laragon\www\CarRentSystem\vendor\laravel\framework\src\Illuminate\Foundation\Http\Middleware\TransformsRequest.php(21): Illuminate\Pipeline\Pipeline-&gt;{closure:{closure:Illuminate\Pipeline\Pipeline::carry():194}:195}(Object(Illuminate\Http\Request))
#76 C:\laragon\www\CarRentSystem\vendor\laravel\framework\src\Illuminate\Foundation\Http\Middleware\TrimStrings.php(51): Illuminate\Foundation\Http\Middleware\TransformsRequest-&gt;handle(Object(Illuminate\Http\Request), Object(Closure))
#77 C:\laragon\www\CarRentSystem\vendor\laravel\framework\src\Illuminate\Pipeline\Pipeline.php(219): Illuminate\Foundation\Http\Middleware\TrimStrings-&gt;handle(Object(Illuminate\Http\Request), Object(Closure))
#78 C:\laragon\www\CarRentSystem\vendor\laravel\framework\src\Illuminate\Http\Middleware\ValidatePostSize.php(27): Illuminate\Pipeline\Pipeline-&gt;{closure:{closure:Illuminate\Pipeline\Pipeline::carry():194}:195}(Object(Illuminate\Http\Request))
#79 C:\laragon\www\CarRentSystem\vendor\laravel\framework\src\Illuminate\Pipeline\Pipeline.php(219): Illuminate\Http\Middleware\ValidatePostSize-&gt;handle(Object(Illuminate\Http\Request), Object(Closure))
#80 C:\laragon\www\CarRentSystem\vendor\laravel\framework\src\Illuminate\Foundation\Http\Middleware\PreventRequestsDuringMaintenance.php(109): Illuminate\Pipeline\Pipeline-&gt;{closure:{closure:Illuminate\Pipeline\Pipeline::carry():194}:195}(Object(Illuminate\Http\Request))
#81 C:\laragon\www\CarRentSystem\vendor\laravel\framework\src\Illuminate\Pipeline\Pipeline.php(219): Illuminate\Foundation\Http\Middleware\PreventRequestsDuringMaintenance-&gt;handle(Object(Illuminate\Http\Request), Object(Closure))
#82 C:\laragon\www\CarRentSystem\vendor\laravel\framework\src\Illuminate\Http\Middleware\HandleCors.php(61): Illuminate\Pipeline\Pipeline-&gt;{closure:{closure:Illuminate\Pipeline\Pipeline::carry():194}:195}(Object(Illuminate\Http\Request))
#83 C:\laragon\www\CarRentSystem\vendor\laravel\framework\src\Illuminate\Pipeline\Pipeline.php(219): Illuminate\Http\Middleware\HandleCors-&gt;handle(Object(Illuminate\Http\Request), Object(Closure))
#84 C:\laragon\www\CarRentSystem\vendor\laravel\framework\src\Illuminate\Http\Middleware\TrustProxies.php(58): Illuminate\Pipeline\Pipeline-&gt;{closure:{closure:Illuminate\Pipeline\Pipeline::carry():194}:195}(Object(Illuminate\Http\Request))
#85 C:\laragon\www\CarRentSystem\vendor\laravel\framework\src\Illuminate\Pipeline\Pipeline.php(219): Illuminate\Http\Middleware\TrustProxies-&gt;handle(Object(Illuminate\Http\Request), Object(Closure))
#86 C:\laragon\www\CarRentSystem\vendor\laravel\framework\src\Illuminate\Foundation\Http\Middleware\InvokeDeferredCallbacks.php(22): Illuminate\Pipeline\Pipeline-&gt;{closure:{closure:Illuminate\Pipeline\Pipeline::carry():194}:195}(Object(Illuminate\Http\Request))
#87 C:\laragon\www\CarRentSystem\vendor\laravel\framework\src\Illuminate\Pipeline\Pipeline.php(219): Illuminate\Foundation\Http\Middleware\InvokeDeferredCallbacks-&gt;handle(Object(Illuminate\Http\Request), Object(Closure))
#88 C:\laragon\www\CarRentSystem\vendor\laravel\framework\src\Illuminate\Http\Middleware\ValidatePathEncoding.php(26): Illuminate\Pipeline\Pipeline-&gt;{closure:{closure:Illuminate\Pipeline\Pipeline::carry():194}:195}(Object(Illuminate\Http\Request))
#89 C:\laragon\www\CarRentSystem\vendor\laravel\framework\src\Illuminate\Pipeline\Pipeline.php(219): Illuminate\Http\Middleware\ValidatePathEncoding-&gt;handle(Object(Illuminate\Http\Request), Object(Closure))
#90 C:\laragon\www\CarRentSystem\vendor\laravel\framework\src\Illuminate\Pipeline\Pipeline.php(137): Illuminate\Pipeline\Pipeline-&gt;{closure:{closure:Illuminate\Pipeline\Pipeline::carry():194}:195}(Object(Illuminate\Http\Request))
#91 C:\laragon\www\CarRentSystem\vendor\laravel\framework\src\Illuminate\Foundation\Http\Kernel.php(175): Illuminate\Pipeline\Pipeline-&gt;then(Object(Closure))
#92 C:\laragon\www\CarRentSystem\vendor\laravel\framework\src\Illuminate\Foundation\Http\Kernel.php(144): Illuminate\Foundation\Http\Kernel-&gt;sendRequestThroughRouter(Object(Illuminate\Http\Request))
#93 C:\laragon\www\CarRentSystem\vendor\laravel\framework\src\Illuminate\Foundation\Testing\Concerns\MakesHttpRequests.php(607): Illuminate\Foundation\Http\Kernel-&gt;handle(Object(Illuminate\Http\Request))
#94 C:\laragon\www\CarRentSystem\vendor\laravel\framework\src\Illuminate\Foundation\Testing\Concerns\MakesHttpRequests.php(368): Illuminate\Foundation\Testing\TestCase-&gt;call('GET', '/admin/activity...', Array, Array, Array, Array)
#95 C:\laragon\www\CarRentSystem\tests\Feature\ActivityLogManagementTest.php(65): Illuminate\Foundation\Testing\TestCase-&gt;get('/admin/activity...')
#96 C:\laragon\www\CarRentSystem\vendor\pestphp\pest\src\Factories\TestCaseMethodFactory.php(168): P\Tests\Feature\ActivityLogManagementTest-&gt;{closure:{closure:{closure:C:\laragon\www\CarRentSystem\tests\Feature\ActivityLogManagementTest.php:13}:20}:60}()
#97 [internal function]: P\Tests\Feature\ActivityLogManagementTest-&gt;{closure:Pest\Factories\TestCaseMethodFactory::getClosure():158}()
#98 C:\laragon\www\CarRentSystem\vendor\pestphp\pest\src\Concerns\Testable.php(429): call_user_func_array(Object(Closure), Array)
#99 C:\laragon\www\CarRentSystem\vendor\pestphp\pest\src\Support\ExceptionTrace.php(26): P\Tests\Feature\ActivityLogManagementTest-&gt;{closure:Pest\Concerns\Testable::__callClosure():429}()
#100 C:\laragon\www\CarRentSystem\vendor\pestphp\pest\src\Concerns\Testable.php(429): Pest\Support\ExceptionTrace::ensure(Object(Closure))
#101 C:\laragon\www\CarRentSystem\vendor\pestphp\pest\src\Concerns\Testable.php(331): P\Tests\Feature\ActivityLogManagementTest-&gt;__callClosure(Object(Closure), Array)
#102 C:\laragon\www\CarRentSystem\vendor\pestphp\pest\src\Factories\TestCaseFactory.php(169) : eval()'d code(62): P\Tests\Feature\ActivityLogManagementTest-&gt;__runTest(Object(Closure))
#103 C:\laragon\www\CarRentSystem\vendor\phpunit\phpunit\src\Framework\TestCase.php(1316): P\Tests\Feature\ActivityLogManagementTest-&gt;__pest_evaluable__Activity_Log_Management__→__Activity_Log_Listing__→_it_filters_logs_by_date_range()
#104 C:\laragon\www\CarRentSystem\vendor\phpunit\phpunit\src\Framework\TestCase.php(516): PHPUnit\Framework\TestCase-&gt;runTest()
#105 C:\laragon\www\CarRentSystem\vendor\phpunit\phpunit\src\Framework\TestRunner\TestRunner.php(99): PHPUnit\Framework\TestCase-&gt;runBare()
#106 C:\laragon\www\CarRentSystem\vendor\phpunit\phpunit\src\Framework\TestCase.php(357): PHPUnit\Framework\TestRunner-&gt;run(Object(P\Tests\Feature\ActivityLogManagementTest))
#107 C:\laragon\www\CarRentSystem\vendor\phpunit\phpunit\src\Framework\TestSuite.php(374): PHPUnit\Framework\TestCase-&gt;run()
#108 C:\laragon\www\CarRentSystem\vendor\phpunit\phpunit\src\Framework\TestSuite.php(374): PHPUnit\Framework\TestSuite-&gt;run()
#109 C:\laragon\www\CarRentSystem\vendor\phpunit\phpunit\src\Framework\TestSuite.php(374): PHPUnit\Framework\TestSuite-&gt;run()
#110 C:\laragon\www\CarRentSystem\vendor\phpunit\phpunit\src\TextUI\TestRunner.php(64): PHPUnit\Framework\TestSuite-&gt;run()
#111 C:\laragon\www\CarRentSystem\vendor\phpunit\phpunit\src\TextUI\Application.php(229): PHPUnit\TextUI\TestRunner-&gt;run(Object(PHPUnit\TextUI\Configuration\Configuration), Object(PHPUnit\Runner\ResultCache\DefaultResultCache), Object(PHPUnit\Framework\TestSuite))
#112 C:\laragon\www\CarRentSystem\vendor\pestphp\pest\src\Kernel.php(103): PHPUnit\TextUI\Application-&gt;run(Array)
#113 C:\laragon\www\CarRentSystem\vendor\pestphp\pest\bin\pest(184): Pest\Kernel-&gt;handle(Array, Array)
#114 C:\laragon\www\CarRentSystem\vendor\pestphp\pest\bin\pest(192): {closure:C:\laragon\www\CarRentSystem\vendor\pestphp\pest\bin\pest:18}()
#115 C:\laragon\www\CarRentSystem\vendor\bin\pest(119): include('C:\\laragon\\www\\...')
#116 {main}

Next Illuminate\View\ViewException: SQLSTATE[HY000]: General error: 1 no such column: activity_log.name (Connection: sqlite, SQL: select "activity_log"."name", "" from "activity_log" order by "activity_log"."name" asc limit 50) (View: C:\laragon\www\CarRentSystem\vendor\filament\forms\resources\views\components\select.blade.php) (View: C:\laragon\www\CarRentSystem\vendor\filament\forms\resources\views\components\select.blade.php) (View: C:\laragon\www\CarRentSystem\vendor\filament\forms\resources\views\components\select.blade.php) (View: C:\laragon\www\CarRentSystem\vendor\filament\forms\resources\views\components\select.blade.php) in C:\laragon\www\CarRentSystem\vendor\laravel\framework\src\Illuminate\Database\Connection.php:824
Stack trace:
#0 C:\laragon\www\CarRentSystem\vendor\livewire\livewire\src\Mechanisms\ExtendBlade\ExtendedCompilerEngine.php(58): Illuminate\View\Engines\CompilerEngine-&gt;handleViewException(Object(Illuminate\View\ViewException), 6)
#1 C:\laragon\www\CarRentSystem\vendor\livewire\livewire\src\Mechanisms\ExtendBlade\ExtendedCompilerEngine.php(40): Livewire\Mechanisms\ExtendBlade\ExtendedCompilerEngine-&gt;handleViewException(Object(Illuminate\View\ViewException), 6)
#2 C:\laragon\www\CarRentSystem\vendor\laravel\framework\src\Illuminate\View\Engines\CompilerEngine.php(76): Livewire\Mechanisms\ExtendBlade\ExtendedCompilerEngine-&gt;evaluatePath('C:\\laragon\\www\\...', Array)
#3 C:\laragon\www\CarRentSystem\vendor\livewire\livewire\src\Mechanisms\ExtendBlade\ExtendedCompilerEngine.php(16): Illuminate\View\Engines\CompilerEngine-&gt;get('C:\\laragon\\www\\...', Array)
#4 C:\laragon\www\CarRentSystem\vendor\laravel\framework\src\Illuminate\View\View.php(208): Livewire\Mechanisms\ExtendBlade\ExtendedCompilerEngine-&gt;get('C:\\laragon\\www\\...', Array)
#5 C:\laragon\www\CarRentSystem\vendor\laravel\framework\src\Illuminate\View\View.php(191): Illuminate\View\View-&gt;getContents()
#6 C:\laragon\www\CarRentSystem\vendor\laravel\framework\src\Illuminate\View\View.php(160): Illuminate\View\View-&gt;renderContents()
#7 C:\laragon\www\CarRentSystem\vendor\filament\support\src\Components\ViewComponent.php(125): Illuminate\View\View-&gt;render()
#8 C:\laragon\www\CarRentSystem\vendor\filament\schemas\src\Components\Component.php(221): Filament\Support\Components\ViewComponent-&gt;toHtml()
#9 C:\laragon\www\CarRentSystem\vendor\filament\schemas\src\Schema.php(205): Filament\Schemas\Components\Component-&gt;toSchemaHtml(true)
#10 C:\laragon\www\CarRentSystem\vendor\filament\support\src\Components\ViewComponent.php(122): Filament\Schemas\Schema-&gt;toEmbeddedHtml()
#11 C:\laragon\www\CarRentSystem\vendor\laravel\framework\src\Illuminate\Support\helpers.php(130): Filament\Support\Components\ViewComponent-&gt;toHtml()
#12 C:\laragon\www\CarRentSystem\storage\framework\views\440b755faea75388110fdd3acae41dc5.php(11): e(Object(Filament\Schemas\Schema))
#13 C:\laragon\www\CarRentSystem\vendor\livewire\livewire\src\Mechanisms\ExtendBlade\ExtendedCompilerEngine.php(37): include('C:\\laragon\\www\\...')
#14 C:\laragon\www\CarRentSystem\vendor\livewire\livewire\src\Mechanisms\ExtendBlade\ExtendedCompilerEngine.php(38): App\Filament\Resources\ActivityLogResource\Pages\ListActivityLogs-&gt;{closure:Livewire\Mechanisms\ExtendBlade\ExtendedCompilerEngine::evaluatePath():35}()
#15 C:\laragon\www\CarRentSystem\vendor\laravel\framework\src\Illuminate\View\Engines\CompilerEngine.php(76): Livewire\Mechanisms\ExtendBlade\ExtendedCompilerEngine-&gt;evaluatePath('C:\\laragon\\www\\...', Array)
#16 C:\laragon\www\CarRentSystem\vendor\livewire\livewire\src\Mechanisms\ExtendBlade\ExtendedCompilerEngine.php(16): Illuminate\View\Engines\CompilerEngine-&gt;get('C:\\laragon\\www\\...', Array)
#17 C:\laragon\www\CarRentSystem\vendor\laravel\framework\src\Illuminate\View\View.php(208): Livewire\Mechanisms\ExtendBlade\ExtendedCompilerEngine-&gt;get('C:\\laragon\\www\\...', Array)
#18 C:\laragon\www\CarRentSystem\vendor\laravel\framework\src\Illuminate\View\View.php(191): Illuminate\View\View-&gt;getContents()
#19 C:\laragon\www\CarRentSystem\vendor\laravel\framework\src\Illuminate\View\View.php(160): Illuminate\View\View-&gt;renderContents()
#20 C:\laragon\www\CarRentSystem\vendor\livewire\livewire\src\Mechanisms\HandleComponents\HandleComponents.php(259): Illuminate\View\View-&gt;render(Object(Closure))
#21 C:\laragon\www\CarRentSystem\vendor\livewire\livewire\src\Mechanisms\HandleComponents\HandleComponents.php(303): Livewire\Mechanisms\HandleComponents\HandleComponents-&gt;{closure:Livewire\Mechanisms\HandleComponents\HandleComponents::render():251}()
#22 C:\laragon\www\CarRentSystem\vendor\livewire\livewire\src\Mechanisms\HandleComponents\HandleComponents.php(251): Livewire\Mechanisms\HandleComponents\HandleComponents-&gt;trackInRenderStack(Object(App\Filament\Resources\ActivityLogResource\Pages\ListActivityLogs), Object(Closure))
#23 C:\laragon\www\CarRentSystem\vendor\livewire\livewire\src\Mechanisms\HandleComponents\HandleComponents.php(54): Livewire\Mechanisms\HandleComponents\HandleComponents-&gt;render(Object(App\Filament\Resources\ActivityLogResource\Pages\ListActivityLogs), '&lt;div&gt;&lt;/div&gt;')
#24 C:\laragon\www\CarRentSystem\vendor\livewire\livewire\src\LivewireManager.php(73): Livewire\Mechanisms\HandleComponents\HandleComponents-&gt;mount('App\\Filament\\Re...', Array, NULL)
#25 C:\laragon\www\CarRentSystem\vendor\livewire\livewire\src\Features\SupportPageComponents\HandlesPageComponents.php(17): Livewire\LivewireManager-&gt;mount('App\\Filament\\Re...', Array)
#26 C:\laragon\www\CarRentSystem\vendor\livewire\livewire\src\Features\SupportPageComponents\SupportPageComponents.php(117): Livewire\Component-&gt;{closure:Livewire\Features\SupportPageComponents\HandlesPageComponents::__invoke():14}()
#27 C:\laragon\www\CarRentSystem\vendor\livewire\livewire\src\Features\SupportPageComponents\HandlesPageComponents.php(14): Livewire\Features\SupportPageComponents\SupportPageComponents::interceptTheRenderOfTheComponentAndRetreiveTheLayoutConfiguration(Object(Closure))
#28 C:\laragon\www\CarRentSystem\vendor\laravel\framework\src\Illuminate\Routing\ControllerDispatcher.php(46): Livewire\Component-&gt;__invoke()
#29 C:\laragon\www\CarRentSystem\vendor\laravel\framework\src\Illuminate\Routing\Route.php(265): Illuminate\Routing\ControllerDispatcher-&gt;dispatch(Object(Illuminate\Routing\Route), Object(App\Filament\Resources\ActivityLogResource\Pages\ListActivityLogs), '__invoke')
#30 C:\laragon\www\CarRentSystem\vendor\laravel\framework\src\Illuminate\Routing\Route.php(211): Illuminate\Routing\Route-&gt;runController()
#31 C:\laragon\www\CarRentSystem\vendor\laravel\framework\src\Illuminate\Routing\Router.php(822): Illuminate\Routing\Route-&gt;run()
#32 C:\laragon\www\CarRentSystem\vendor\laravel\framework\src\Illuminate\Pipeline\Pipeline.php(180): Illuminate\Routing\Router-&gt;{closure:Illuminate\Routing\Router::runRouteWithinStack():821}(Object(Illuminate\Http\Request))
#33 C:\laragon\www\CarRentSystem\vendor\filament\filament\src\Http\Middleware\DispatchServingFilamentEvent.php(15): Illuminate\Pipeline\Pipeline-&gt;{closure:Illuminate\Pipeline\Pipeline::prepareDestination():178}(Object(Illuminate\Http\Request))
#34 C:\laragon\www\CarRentSystem\vendor\laravel\framework\src\Illuminate\Pipeline\Pipeline.php(219): Filament\Http\Middleware\DispatchServingFilamentEvent-&gt;handle(Object(Illuminate\Http\Request), Object(Closure))
#35 C:\laragon\www\CarRentSystem\vendor\filament\filament\src\Http\Middleware\DisableBladeIconComponents.php(14): Illuminate\Pipeline\Pipeline-&gt;{closure:{closure:Illuminate\Pipeline\Pipeline::carry():194}:195}(Object(Illuminate\Http\Request))
#36 C:\laragon\www\CarRentSystem\vendor\laravel\framework\src\Illuminate\Pipeline\Pipeline.php(219): Filament\Http\Middleware\DisableBladeIconComponents-&gt;handle(Object(Illuminate\Http\Request), Object(Closure))
#37 C:\laragon\www\CarRentSystem\app\Http\Middleware\LocalizationMiddleware.php(41): Illuminate\Pipeline\Pipeline-&gt;{closure:{closure:Illuminate\Pipeline\Pipeline::carry():194}:195}(Object(Illuminate\Http\Request))
#38 C:\laragon\www\CarRentSystem\vendor\laravel\framework\src\Illuminate\Pipeline\Pipeline.php(219): App\Http\Middleware\LocalizationMiddleware-&gt;handle(Object(Illuminate\Http\Request), Object(Closure))
#39 C:\laragon\www\CarRentSystem\vendor\laravel\framework\src\Illuminate\Routing\Middleware\SubstituteBindings.php(50): Illuminate\Pipeline\Pipeline-&gt;{closure:{closure:Illuminate\Pipeline\Pipeline::carry():194}:195}(Object(Illuminate\Http\Request))
#40 C:\laragon\www\CarRentSystem\vendor\laravel\framework\src\Illuminate\Pipeline\Pipeline.php(219): Illuminate\Routing\Middleware\SubstituteBindings-&gt;handle(Object(Illuminate\Http\Request), Object(Closure))
#41 C:\laragon\www\CarRentSystem\vendor\laravel\framework\src\Illuminate\Auth\Middleware\Authenticate.php(63): Illuminate\Pipeline\Pipeline-&gt;{closure:{closure:Illuminate\Pipeline\Pipeline::carry():194}:195}(Object(Illuminate\Http\Request))
#42 C:\laragon\www\CarRentSystem\vendor\laravel\framework\src\Illuminate\Pipeline\Pipeline.php(219): Illuminate\Auth\Middleware\Authenticate-&gt;handle(Object(Illuminate\Http\Request), Object(Closure))
#43 C:\laragon\www\CarRentSystem\vendor\laravel\framework\src\Illuminate\View\Middleware\ShareErrorsFromSession.php(48): Illuminate\Pipeline\Pipeline-&gt;{closure:{closure:Illuminate\Pipeline\Pipeline::carry():194}:195}(Object(Illuminate\Http\Request))
#44 C:\laragon\www\CarRentSystem\vendor\laravel\framework\src\Illuminate\Pipeline\Pipeline.php(219): Illuminate\View\Middleware\ShareErrorsFromSession-&gt;handle(Object(Illuminate\Http\Request), Object(Closure))
#45 C:\laragon\www\CarRentSystem\vendor\laravel\framework\src\Illuminate\Session\Middleware\StartSession.php(120): Illuminate\Pipeline\Pipeline-&gt;{closure:{closure:Illuminate\Pipeline\Pipeline::carry():194}:195}(Object(Illuminate\Http\Request))
#46 C:\laragon\www\CarRentSystem\vendor\laravel\framework\src\Illuminate\Session\Middleware\StartSession.php(63): Illuminate\Session\Middleware\StartSession-&gt;handleStatefulRequest(Object(Illuminate\Http\Request), Object(Illuminate\Session\Store), Object(Closure))
#47 C:\laragon\www\CarRentSystem\vendor\laravel\framework\src\Illuminate\Pipeline\Pipeline.php(219): Illuminate\Session\Middleware\StartSession-&gt;handle(Object(Illuminate\Http\Request), Object(Closure))
#48 C:\laragon\www\CarRentSystem\vendor\laravel\framework\src\Illuminate\Cookie\Middleware\AddQueuedCookiesToResponse.php(36): Illuminate\Pipeline\Pipeline-&gt;{closure:{closure:Illuminate\Pipeline\Pipeline::carry():194}:195}(Object(Illuminate\Http\Request))
#49 C:\laragon\www\CarRentSystem\vendor\laravel\framework\src\Illuminate\Pipeline\Pipeline.php(219): Illuminate\Cookie\Middleware\AddQueuedCookiesToResponse-&gt;handle(Object(Illuminate\Http\Request), Object(Closure))
#50 C:\laragon\www\CarRentSystem\vendor\laravel\framework\src\Illuminate\Cookie\Middleware\EncryptCookies.php(74): Illuminate\Pipeline\Pipeline-&gt;{closure:{closure:Illuminate\Pipeline\Pipeline::carry():194}:195}(Object(Illuminate\Http\Request))
#51 C:\laragon\www\CarRentSystem\vendor\laravel\framework\src\Illuminate\Pipeline\Pipeline.php(219): Illuminate\Cookie\Middleware\EncryptCookies-&gt;handle(Object(Illuminate\Http\Request), Object(Closure))
#52 C:\laragon\www\CarRentSystem\vendor\filament\filament\src\Http\Middleware\SetUpPanel.php(19): Illuminate\Pipeline\Pipeline-&gt;{closure:{closure:Illuminate\Pipeline\Pipeline::carry():194}:195}(Object(Illuminate\Http\Request))
#53 C:\laragon\www\CarRentSystem\vendor\laravel\framework\src\Illuminate\Pipeline\Pipeline.php(219): Filament\Http\Middleware\SetUpPanel-&gt;handle(Object(Illuminate\Http\Request), Object(Closure), Object(Filament\Panel))
#54 C:\laragon\www\CarRentSystem\vendor\laravel\framework\src\Illuminate\Pipeline\Pipeline.php(137): Illuminate\Pipeline\Pipeline-&gt;{closure:{closure:Illuminate\Pipeline\Pipeline::carry():194}:195}(Object(Illuminate\Http\Request))
#55 C:\laragon\www\CarRentSystem\vendor\laravel\framework\src\Illuminate\Routing\Router.php(821): Illuminate\Pipeline\Pipeline-&gt;then(Object(Closure))
#56 C:\laragon\www\CarRentSystem\vendor\laravel\framework\src\Illuminate\Routing\Router.php(800): Illuminate\Routing\Router-&gt;runRouteWithinStack(Object(Illuminate\Routing\Route), Object(Illuminate\Http\Request))
#57 C:\laragon\www\CarRentSystem\vendor\laravel\framework\src\Illuminate\Routing\Router.php(764): Illuminate\Routing\Router-&gt;runRoute(Object(Illuminate\Http\Request), Object(Illuminate\Routing\Route))
#58 C:\laragon\www\CarRentSystem\vendor\laravel\framework\src\Illuminate\Routing\Router.php(753): Illuminate\Routing\Router-&gt;dispatchToRoute(Object(Illuminate\Http\Request))
#59 C:\laragon\www\CarRentSystem\vendor\laravel\framework\src\Illuminate\Foundation\Http\Kernel.php(200): Illuminate\Routing\Router-&gt;dispatch(Object(Illuminate\Http\Request))
#60 C:\laragon\www\CarRentSystem\vendor\laravel\framework\src\Illuminate\Pipeline\Pipeline.php(180): Illuminate\Foundation\Http\Kernel-&gt;{closure:Illuminate\Foundation\Http\Kernel::dispatchToRouter():197}(Object(Illuminate\Http\Request))
#61 C:\laragon\www\CarRentSystem\vendor\livewire\livewire\src\Features\SupportDisablingBackButtonCache\DisableBackButtonCacheMiddleware.php(19): Illuminate\Pipeline\Pipeline-&gt;{closure:Illuminate\Pipeline\Pipeline::prepareDestination():178}(Object(Illuminate\Http\Request))
#62 C:\laragon\www\CarRentSystem\vendor\laravel\framework\src\Illuminate\Pipeline\Pipeline.php(219): Livewire\Features\SupportDisablingBackButtonCache\DisableBackButtonCacheMiddleware-&gt;handle(Object(Illuminate\Http\Request), Object(Closure))
#63 C:\laragon\www\CarRentSystem\vendor\laravel\framework\src\Illuminate\Foundation\Http\Middleware\TransformsRequest.php(21): Illuminate\Pipeline\Pipeline-&gt;{closure:{closure:Illuminate\Pipeline\Pipeline::carry():194}:195}(Object(Illuminate\Http\Request))
#64 C:\laragon\www\CarRentSystem\vendor\laravel\framework\src\Illuminate\Foundation\Http\Middleware\ConvertEmptyStringsToNull.php(31): Illuminate\Foundation\Http\Middleware\TransformsRequest-&gt;handle(Object(Illuminate\Http\Request), Object(Closure))
#65 C:\laragon\www\CarRentSystem\vendor\laravel\framework\src\Illuminate\Pipeline\Pipeline.php(219): Illuminate\Foundation\Http\Middleware\ConvertEmptyStringsToNull-&gt;handle(Object(Illuminate\Http\Request), Object(Closure))
#66 C:\laragon\www\CarRentSystem\vendor\laravel\framework\src\Illuminate\Foundation\Http\Middleware\TransformsRequest.php(21): Illuminate\Pipeline\Pipeline-&gt;{closure:{closure:Illuminate\Pipeline\Pipeline::carry():194}:195}(Object(Illuminate\Http\Request))
#67 C:\laragon\www\CarRentSystem\vendor\laravel\framework\src\Illuminate\Foundation\Http\Middleware\TrimStrings.php(51): Illuminate\Foundation\Http\Middleware\TransformsRequest-&gt;handle(Object(Illuminate\Http\Request), Object(Closure))
#68 C:\laragon\www\CarRentSystem\vendor\laravel\framework\src\Illuminate\Pipeline\Pipeline.php(219): Illuminate\Foundation\Http\Middleware\TrimStrings-&gt;handle(Object(Illuminate\Http\Request), Object(Closure))
#69 C:\laragon\www\CarRentSystem\vendor\laravel\framework\src\Illuminate\Http\Middleware\ValidatePostSize.php(27): Illuminate\Pipeline\Pipeline-&gt;{closure:{closure:Illuminate\Pipeline\Pipeline::carry():194}:195}(Object(Illuminate\Http\Request))
#70 C:\laragon\www\CarRentSystem\vendor\laravel\framework\src\Illuminate\Pipeline\Pipeline.php(219): Illuminate\Http\Middleware\ValidatePostSize-&gt;handle(Object(Illuminate\Http\Request), Object(Closure))
#71 C:\laragon\www\CarRentSystem\vendor\laravel\framework\src\Illuminate\Foundation\Http\Middleware\PreventRequestsDuringMaintenance.php(109): Illuminate\Pipeline\Pipeline-&gt;{closure:{closure:Illuminate\Pipeline\Pipeline::carry():194}:195}(Object(Illuminate\Http\Request))
#72 C:\laragon\www\CarRentSystem\vendor\laravel\framework\src\Illuminate\Pipeline\Pipeline.php(219): Illuminate\Foundation\Http\Middleware\PreventRequestsDuringMaintenance-&gt;handle(Object(Illuminate\Http\Request), Object(Closure))
#73 C:\laragon\www\CarRentSystem\vendor\laravel\framework\src\Illuminate\Http\Middleware\HandleCors.php(61): Illuminate\Pipeline\Pipeline-&gt;{closure:{closure:Illuminate\Pipeline\Pipeline::carry():194}:195}(Object(Illuminate\Http\Request))
#74 C:\laragon\www\CarRentSystem\vendor\laravel\framework\src\Illuminate\Pipeline\Pipeline.php(219): Illuminate\Http\Middleware\HandleCors-&gt;handle(Object(Illuminate\Http\Request), Object(Closure))
#75 C:\laragon\www\CarRentSystem\vendor\laravel\framework\src\Illuminate\Http\Middleware\TrustProxies.php(58): Illuminate\Pipeline\Pipeline-&gt;{closure:{closure:Illuminate\Pipeline\Pipeline::carry():194}:195}(Object(Illuminate\Http\Request))
#76 C:\laragon\www\CarRentSystem\vendor\laravel\framework\src\Illuminate\Pipeline\Pipeline.php(219): Illuminate\Http\Middleware\TrustProxies-&gt;handle(Object(Illuminate\Http\Request), Object(Closure))
#77 C:\laragon\www\CarRentSystem\vendor\laravel\framework\src\Illuminate\Foundation\Http\Middleware\InvokeDeferredCallbacks.php(22): Illuminate\Pipeline\Pipeline-&gt;{closure:{closure:Illuminate\Pipeline\Pipeline::carry():194}:195}(Object(Illuminate\Http\Request))
#78 C:\laragon\www\CarRentSystem\vendor\laravel\framework\src\Illuminate\Pipeline\Pipeline.php(219): Illuminate\Foundation\Http\Middleware\InvokeDeferredCallbacks-&gt;handle(Object(Illuminate\Http\Request), Object(Closure))
#79 C:\laragon\www\CarRentSystem\vendor\laravel\framework\src\Illuminate\Http\Middleware\ValidatePathEncoding.php(26): Illuminate\Pipeline\Pipeline-&gt;{closure:{closure:Illuminate\Pipeline\Pipeline::carry():194}:195}(Object(Illuminate\Http\Request))
#80 C:\laragon\www\CarRentSystem\vendor\laravel\framework\src\Illuminate\Pipeline\Pipeline.php(219): Illuminate\Http\Middleware\ValidatePathEncoding-&gt;handle(Object(Illuminate\Http\Request), Object(Closure))
#81 C:\laragon\www\CarRentSystem\vendor\laravel\framework\src\Illuminate\Pipeline\Pipeline.php(137): Illuminate\Pipeline\Pipeline-&gt;{closure:{closure:Illuminate\Pipeline\Pipeline::carry():194}:195}(Object(Illuminate\Http\Request))
#82 C:\laragon\www\CarRentSystem\vendor\laravel\framework\src\Illuminate\Foundation\Http\Kernel.php(175): Illuminate\Pipeline\Pipeline-&gt;then(Object(Closure))
#83 C:\laragon\www\CarRentSystem\vendor\laravel\framework\src\Illuminate\Foundation\Http\Kernel.php(144): Illuminate\Foundation\Http\Kernel-&gt;sendRequestThroughRouter(Object(Illuminate\Http\Request))
#84 C:\laragon\www\CarRentSystem\vendor\laravel\framework\src\Illuminate\Foundation\Testing\Concerns\MakesHttpRequests.php(607): Illuminate\Foundation\Http\Kernel-&gt;handle(Object(Illuminate\Http\Request))
#85 C:\laragon\www\CarRentSystem\vendor\laravel\framework\src\Illuminate\Foundation\Testing\Concerns\MakesHttpRequests.php(368): Illuminate\Foundation\Testing\TestCase-&gt;call('GET', '/admin/activity...', Array, Array, Array, Array)
#86 C:\laragon\www\CarRentSystem\tests\Feature\ActivityLogManagementTest.php(65): Illuminate\Foundation\Testing\TestCase-&gt;get('/admin/activity...')
#87 C:\laragon\www\CarRentSystem\vendor\pestphp\pest\src\Factories\TestCaseMethodFactory.php(168): P\Tests\Feature\ActivityLogManagementTest-&gt;{closure:{closure:{closure:C:\laragon\www\CarRentSystem\tests\Feature\ActivityLogManagementTest.php:13}:20}:60}()
#88 [internal function]: P\Tests\Feature\ActivityLogManagementTest-&gt;{closure:Pest\Factories\TestCaseMethodFactory::getClosure():158}()
#89 C:\laragon\www\CarRentSystem\vendor\pestphp\pest\src\Concerns\Testable.php(429): call_user_func_array(Object(Closure), Array)
#90 C:\laragon\www\CarRentSystem\vendor\pestphp\pest\src\Support\ExceptionTrace.php(26): P\Tests\Feature\ActivityLogManagementTest-&gt;{closure:Pest\Concerns\Testable::__callClosure():429}()
#91 C:\laragon\www\CarRentSystem\vendor\pestphp\pest\src\Concerns\Testable.php(429): Pest\Support\ExceptionTrace::ensure(Object(Closure))
#92 C:\laragon\www\CarRentSystem\vendor\pestphp\pest\src\Concerns\Testable.php(331): P\Tests\Feature\ActivityLogManagementTest-&gt;__callClosure(Object(Closure), Array)
#93 C:\laragon\www\CarRentSystem\vendor\pestphp\pest\src\Factories\TestCaseFactory.php(169) : eval()'d code(62): P\Tests\Feature\ActivityLogManagementTest-&gt;__runTest(Object(Closure))
#94 C:\laragon\www\CarRentSystem\vendor\phpunit\phpunit\src\Framework\TestCase.php(1316): P\Tests\Feature\ActivityLogManagementTest-&gt;__pest_evaluable__Activity_Log_Management__→__Activity_Log_Listing__→_it_filters_logs_by_date_range()
#95 C:\laragon\www\CarRentSystem\vendor\phpunit\phpunit\src\Framework\TestCase.php(516): PHPUnit\Framework\TestCase-&gt;runTest()
#96 C:\laragon\www\CarRentSystem\vendor\phpunit\phpunit\src\Framework\TestRunner\TestRunner.php(99): PHPUnit\Framework\TestCase-&gt;runBare()
#97 C:\laragon\www\CarRentSystem\vendor\phpunit\phpunit\src\Framework\TestCase.php(357): PHPUnit\Framework\TestRunner-&gt;run(Object(P\Tests\Feature\ActivityLogManagementTest))
#98 C:\laragon\www\CarRentSystem\vendor\phpunit\phpunit\src\Framework\TestSuite.php(374): PHPUnit\Framework\TestCase-&gt;run()
#99 C:\laragon\www\CarRentSystem\vendor\phpunit\phpunit\src\Framework\TestSuite.php(374): PHPUnit\Framework\TestSuite-&gt;run()
#100 C:\laragon\www\CarRentSystem\vendor\phpunit\phpunit\src\Framework\TestSuite.php(374): PHPUnit\Framework\TestSuite-&gt;run()
#101 C:\laragon\www\CarRentSystem\vendor\phpunit\phpunit\src\TextUI\TestRunner.php(64): PHPUnit\Framework\TestSuite-&gt;run()
#102 C:\laragon\www\CarRentSystem\vendor\phpunit\phpunit\src\TextUI\Application.php(229): PHPUnit\TextUI\TestRunner-&gt;run(Object(PHPUnit\TextUI\Configuration\Configuration), Object(PHPUnit\Runner\ResultCache\DefaultResultCache), Object(PHPUnit\Framework\TestSuite))
#103 C:\laragon\www\CarRentSystem\vendor\pestphp\pest\src\Kernel.php(103): PHPUnit\TextUI\Application-&gt;run(Array)
#104 C:\laragon\www\CarRentSystem\vendor\pestphp\pest\bin\pest(184): Pest\Kernel-&gt;handle(Array, Array)
#105 C:\laragon\www\CarRentSystem\vendor\pestphp\pest\bin\pest(192): {closure:C:\laragon\www\CarRentSystem\vendor\pestphp\pest\bin\pest:18}()
#106 C:\laragon\www\CarRentSystem\vendor\bin\pest(119): include('C:\\laragon\\www\\...')
#107 {main}

Next Illuminate\View\ViewException: SQLSTATE[HY000]: General error: 1 no such column: activity_log.name (Connection: sqlite, SQL: select "activity_log"."name", "" from "activity_log" order by "activity_log"."name" asc limit 50) (View: C:\laragon\www\CarRentSystem\vendor\filament\forms\resources\views\components\select.blade.php) (View: C:\laragon\www\CarRentSystem\vendor\filament\forms\resources\views\components\select.blade.php) (View: C:\laragon\www\CarRentSystem\vendor\filament\forms\resources\views\components\select.blade.php) (View: C:\laragon\www\CarRentSystem\vendor\filament\forms\resources\views\components\select.blade.php) (View: C:\laragon\www\CarRentSystem\vendor\filament\forms\resources\views\components\select.blade.php) in C:\laragon\www\CarRentSystem\vendor\laravel\framework\src\Illuminate\Database\Connection.php:824
Stack trace:
#0 C:\laragon\www\CarRentSystem\vendor\livewire\livewire\src\Mechanisms\ExtendBlade\ExtendedCompilerEngine.php(58): Illuminate\View\Engines\CompilerEngine-&gt;handleViewException(Object(Illuminate\View\ViewException), 2)
#1 C:\laragon\www\CarRentSystem\vendor\livewire\livewire\src\Mechanisms\ExtendBlade\ExtendedCompilerEngine.php(40): Livewire\Mechanisms\ExtendBlade\ExtendedCompilerEngine-&gt;handleViewException(Object(Illuminate\View\ViewException), 2)
#2 C:\laragon\www\CarRentSystem\vendor\laravel\framework\src\Illuminate\View\Engines\CompilerEngine.php(76): Livewire\Mechanisms\ExtendBlade\ExtendedCompilerEngine-&gt;evaluatePath('C:\\laragon\\www\\...', Array)
#3 C:\laragon\www\CarRentSystem\vendor\livewire\livewire\src\Mechanisms\ExtendBlade\ExtendedCompilerEngine.php(16): Illuminate\View\Engines\CompilerEngine-&gt;get('C:\\laragon\\www\\...', Array)
#4 C:\laragon\www\CarRentSystem\vendor\laravel\framework\src\Illuminate\View\View.php(208): Livewire\Mechanisms\ExtendBlade\ExtendedCompilerEngine-&gt;get('C:\\laragon\\www\\...', Array)
#5 C:\laragon\www\CarRentSystem\vendor\laravel\framework\src\Illuminate\View\View.php(191): Illuminate\View\View-&gt;getContents()
#6 C:\laragon\www\CarRentSystem\vendor\laravel\framework\src\Illuminate\View\View.php(160): Illuminate\View\View-&gt;renderContents()
#7 C:\laragon\www\CarRentSystem\vendor\livewire\livewire\src\Mechanisms\HandleComponents\HandleComponents.php(259): Illuminate\View\View-&gt;render(Object(Closure))
#8 C:\laragon\www\CarRentSystem\vendor\livewire\livewire\src\Mechanisms\HandleComponents\HandleComponents.php(303): Livewire\Mechanisms\HandleComponents\HandleComponents-&gt;{closure:Livewire\Mechanisms\HandleComponents\HandleComponents::render():251}()
#9 C:\laragon\www\CarRentSystem\vendor\livewire\livewire\src\Mechanisms\HandleComponents\HandleComponents.php(251): Livewire\Mechanisms\HandleComponents\HandleComponents-&gt;trackInRenderStack(Object(App\Filament\Resources\ActivityLogResource\Pages\ListActivityLogs), Object(Closure))
#10 C:\laragon\www\CarRentSystem\vendor\livewire\livewire\src\Mechanisms\HandleComponents\HandleComponents.php(54): Livewire\Mechanisms\HandleComponents\HandleComponents-&gt;render(Object(App\Filament\Resources\ActivityLogResource\Pages\ListActivityLogs), '&lt;div&gt;&lt;/div&gt;')
#11 C:\laragon\www\CarRentSystem\vendor\livewire\livewire\src\LivewireManager.php(73): Livewire\Mechanisms\HandleComponents\HandleComponents-&gt;mount('App\\Filament\\Re...', Array, NULL)
#12 C:\laragon\www\CarRentSystem\vendor\livewire\livewire\src\Features\SupportPageComponents\HandlesPageComponents.php(17): Livewire\LivewireManager-&gt;mount('App\\Filament\\Re...', Array)
#13 C:\laragon\www\CarRentSystem\vendor\livewire\livewire\src\Features\SupportPageComponents\SupportPageComponents.php(117): Livewire\Component-&gt;{closure:Livewire\Features\SupportPageComponents\HandlesPageComponents::__invoke():14}()
#14 C:\laragon\www\CarRentSystem\vendor\livewire\livewire\src\Features\SupportPageComponents\HandlesPageComponents.php(14): Livewire\Features\SupportPageComponents\SupportPageComponents::interceptTheRenderOfTheComponentAndRetreiveTheLayoutConfiguration(Object(Closure))
#15 C:\laragon\www\CarRentSystem\vendor\laravel\framework\src\Illuminate\Routing\ControllerDispatcher.php(46): Livewire\Component-&gt;__invoke()
#16 C:\laragon\www\CarRentSystem\vendor\laravel\framework\src\Illuminate\Routing\Route.php(265): Illuminate\Routing\ControllerDispatcher-&gt;dispatch(Object(Illuminate\Routing\Route), Object(App\Filament\Resources\ActivityLogResource\Pages\ListActivityLogs), '__invoke')
#17 C:\laragon\www\CarRentSystem\vendor\laravel\framework\src\Illuminate\Routing\Route.php(211): Illuminate\Routing\Route-&gt;runController()
#18 C:\laragon\www\CarRentSystem\vendor\laravel\framework\src\Illuminate\Routing\Router.php(822): Illuminate\Routing\Route-&gt;run()
#19 C:\laragon\www\CarRentSystem\vendor\laravel\framework\src\Illuminate\Pipeline\Pipeline.php(180): Illuminate\Routing\Router-&gt;{closure:Illuminate\Routing\Router::runRouteWithinStack():821}(Object(Illuminate\Http\Request))
#20 C:\laragon\www\CarRentSystem\vendor\filament\filament\src\Http\Middleware\DispatchServingFilamentEvent.php(15): Illuminate\Pipeline\Pipeline-&gt;{closure:Illuminate\Pipeline\Pipeline::prepareDestination():178}(Object(Illuminate\Http\Request))
#21 C:\laragon\www\CarRentSystem\vendor\laravel\framework\src\Illuminate\Pipeline\Pipeline.php(219): Filament\Http\Middleware\DispatchServingFilamentEvent-&gt;handle(Object(Illuminate\Http\Request), Object(Closure))
#22 C:\laragon\www\CarRentSystem\vendor\filament\filament\src\Http\Middleware\DisableBladeIconComponents.php(14): Illuminate\Pipeline\Pipeline-&gt;{closure:{closure:Illuminate\Pipeline\Pipeline::carry():194}:195}(Object(Illuminate\Http\Request))
#23 C:\laragon\www\CarRentSystem\vendor\laravel\framework\src\Illuminate\Pipeline\Pipeline.php(219): Filament\Http\Middleware\DisableBladeIconComponents-&gt;handle(Object(Illuminate\Http\Request), Object(Closure))
#24 C:\laragon\www\CarRentSystem\app\Http\Middleware\LocalizationMiddleware.php(41): Illuminate\Pipeline\Pipeline-&gt;{closure:{closure:Illuminate\Pipeline\Pipeline::carry():194}:195}(Object(Illuminate\Http\Request))
#25 C:\laragon\www\CarRentSystem\vendor\laravel\framework\src\Illuminate\Pipeline\Pipeline.php(219): App\Http\Middleware\LocalizationMiddleware-&gt;handle(Object(Illuminate\Http\Request), Object(Closure))
#26 C:\laragon\www\CarRentSystem\vendor\laravel\framework\src\Illuminate\Routing\Middleware\SubstituteBindings.php(50): Illuminate\Pipeline\Pipeline-&gt;{closure:{closure:Illuminate\Pipeline\Pipeline::carry():194}:195}(Object(Illuminate\Http\Request))
#27 C:\laragon\www\CarRentSystem\vendor\laravel\framework\src\Illuminate\Pipeline\Pipeline.php(219): Illuminate\Routing\Middleware\SubstituteBindings-&gt;handle(Object(Illuminate\Http\Request), Object(Closure))
#28 C:\laragon\www\CarRentSystem\vendor\laravel\framework\src\Illuminate\Auth\Middleware\Authenticate.php(63): Illuminate\Pipeline\Pipeline-&gt;{closure:{closure:Illuminate\Pipeline\Pipeline::carry():194}:195}(Object(Illuminate\Http\Request))
#29 C:\laragon\www\CarRentSystem\vendor\laravel\framework\src\Illuminate\Pipeline\Pipeline.php(219): Illuminate\Auth\Middleware\Authenticate-&gt;handle(Object(Illuminate\Http\Request), Object(Closure))
#30 C:\laragon\www\CarRentSystem\vendor\laravel\framework\src\Illuminate\View\Middleware\ShareErrorsFromSession.php(48): Illuminate\Pipeline\Pipeline-&gt;{closure:{closure:Illuminate\Pipeline\Pipeline::carry():194}:195}(Object(Illuminate\Http\Request))
#31 C:\laragon\www\CarRentSystem\vendor\laravel\framework\src\Illuminate\Pipeline\Pipeline.php(219): Illuminate\View\Middleware\ShareErrorsFromSession-&gt;handle(Object(Illuminate\Http\Request), Object(Closure))
#32 C:\laragon\www\CarRentSystem\vendor\laravel\framework\src\Illuminate\Session\Middleware\StartSession.php(120): Illuminate\Pipeline\Pipeline-&gt;{closure:{closure:Illuminate\Pipeline\Pipeline::carry():194}:195}(Object(Illuminate\Http\Request))
#33 C:\laragon\www\CarRentSystem\vendor\laravel\framework\src\Illuminate\Session\Middleware\StartSession.php(63): Illuminate\Session\Middleware\StartSession-&gt;handleStatefulRequest(Object(Illuminate\Http\Request), Object(Illuminate\Session\Store), Object(Closure))
#34 C:\laragon\www\CarRentSystem\vendor\laravel\framework\src\Illuminate\Pipeline\Pipeline.php(219): Illuminate\Session\Middleware\StartSession-&gt;handle(Object(Illuminate\Http\Request), Object(Closure))
#35 C:\laragon\www\CarRentSystem\vendor\laravel\framework\src\Illuminate\Cookie\Middleware\AddQueuedCookiesToResponse.php(36): Illuminate\Pipeline\Pipeline-&gt;{closure:{closure:Illuminate\Pipeline\Pipeline::carry():194}:195}(Object(Illuminate\Http\Request))
#36 C:\laragon\www\CarRentSystem\vendor\laravel\framework\src\Illuminate\Pipeline\Pipeline.php(219): Illuminate\Cookie\Middleware\AddQueuedCookiesToResponse-&gt;handle(Object(Illuminate\Http\Request), Object(Closure))
#37 C:\laragon\www\CarRentSystem\vendor\laravel\framework\src\Illuminate\Cookie\Middleware\EncryptCookies.php(74): Illuminate\Pipeline\Pipeline-&gt;{closure:{closure:Illuminate\Pipeline\Pipeline::carry():194}:195}(Object(Illuminate\Http\Request))
#38 C:\laragon\www\CarRentSystem\vendor\laravel\framework\src\Illuminate\Pipeline\Pipeline.php(219): Illuminate\Cookie\Middleware\EncryptCookies-&gt;handle(Object(Illuminate\Http\Request), Object(Closure))
#39 C:\laragon\www\CarRentSystem\vendor\filament\filament\src\Http\Middleware\SetUpPanel.php(19): Illuminate\Pipeline\Pipeline-&gt;{closure:{closure:Illuminate\Pipeline\Pipeline::carry():194}:195}(Object(Illuminate\Http\Request))
#40 C:\laragon\www\CarRentSystem\vendor\laravel\framework\src\Illuminate\Pipeline\Pipeline.php(219): Filament\Http\Middleware\SetUpPanel-&gt;handle(Object(Illuminate\Http\Request), Object(Closure), Object(Filament\Panel))
#41 C:\laragon\www\CarRentSystem\vendor\laravel\framework\src\Illuminate\Pipeline\Pipeline.php(137): Illuminate\Pipeline\Pipeline-&gt;{closure:{closure:Illuminate\Pipeline\Pipeline::carry():194}:195}(Object(Illuminate\Http\Request))
#42 C:\laragon\www\CarRentSystem\vendor\laravel\framework\src\Illuminate\Routing\Router.php(821): Illuminate\Pipeline\Pipeline-&gt;then(Object(Closure))
#43 C:\laragon\www\CarRentSystem\vendor\laravel\framework\src\Illuminate\Routing\Router.php(800): Illuminate\Routing\Router-&gt;runRouteWithinStack(Object(Illuminate\Routing\Route), Object(Illuminate\Http\Request))
#44 C:\laragon\www\CarRentSystem\vendor\laravel\framework\src\Illuminate\Routing\Router.php(764): Illuminate\Routing\Router-&gt;runRoute(Object(Illuminate\Http\Request), Object(Illuminate\Routing\Route))
#45 C:\laragon\www\CarRentSystem\vendor\laravel\framework\src\Illuminate\Routing\Router.php(753): Illuminate\Routing\Router-&gt;dispatchToRoute(Object(Illuminate\Http\Request))
#46 C:\laragon\www\CarRentSystem\vendor\laravel\framework\src\Illuminate\Foundation\Http\Kernel.php(200): Illuminate\Routing\Router-&gt;dispatch(Object(Illuminate\Http\Request))
#47 C:\laragon\www\CarRentSystem\vendor\laravel\framework\src\Illuminate\Pipeline\Pipeline.php(180): Illuminate\Foundation\Http\Kernel-&gt;{closure:Illuminate\Foundation\Http\Kernel::dispatchToRouter():197}(Object(Illuminate\Http\Request))
#48 C:\laragon\www\CarRentSystem\vendor\livewire\livewire\src\Features\SupportDisablingBackButtonCache\DisableBackButtonCacheMiddleware.php(19): Illuminate\Pipeline\Pipeline-&gt;{closure:Illuminate\Pipeline\Pipeline::prepareDestination():178}(Object(Illuminate\Http\Request))
#49 C:\laragon\www\CarRentSystem\vendor\laravel\framework\src\Illuminate\Pipeline\Pipeline.php(219): Livewire\Features\SupportDisablingBackButtonCache\DisableBackButtonCacheMiddleware-&gt;handle(Object(Illuminate\Http\Request), Object(Closure))
#50 C:\laragon\www\CarRentSystem\vendor\laravel\framework\src\Illuminate\Foundation\Http\Middleware\TransformsRequest.php(21): Illuminate\Pipeline\Pipeline-&gt;{closure:{closure:Illuminate\Pipeline\Pipeline::carry():194}:195}(Object(Illuminate\Http\Request))
#51 C:\laragon\www\CarRentSystem\vendor\laravel\framework\src\Illuminate\Foundation\Http\Middleware\ConvertEmptyStringsToNull.php(31): Illuminate\Foundation\Http\Middleware\TransformsRequest-&gt;handle(Object(Illuminate\Http\Request), Object(Closure))
#52 C:\laragon\www\CarRentSystem\vendor\laravel\framework\src\Illuminate\Pipeline\Pipeline.php(219): Illuminate\Foundation\Http\Middleware\ConvertEmptyStringsToNull-&gt;handle(Object(Illuminate\Http\Request), Object(Closure))
#53 C:\laragon\www\CarRentSystem\vendor\laravel\framework\src\Illuminate\Foundation\Http\Middleware\TransformsRequest.php(21): Illuminate\Pipeline\Pipeline-&gt;{closure:{closure:Illuminate\Pipeline\Pipeline::carry():194}:195}(Object(Illuminate\Http\Request))
#54 C:\laragon\www\CarRentSystem\vendor\laravel\framework\src\Illuminate\Foundation\Http\Middleware\TrimStrings.php(51): Illuminate\Foundation\Http\Middleware\TransformsRequest-&gt;handle(Object(Illuminate\Http\Request), Object(Closure))
#55 C:\laragon\www\CarRentSystem\vendor\laravel\framework\src\Illuminate\Pipeline\Pipeline.php(219): Illuminate\Foundation\Http\Middleware\TrimStrings-&gt;handle(Object(Illuminate\Http\Request), Object(Closure))
#56 C:\laragon\www\CarRentSystem\vendor\laravel\framework\src\Illuminate\Http\Middleware\ValidatePostSize.php(27): Illuminate\Pipeline\Pipeline-&gt;{closure:{closure:Illuminate\Pipeline\Pipeline::carry():194}:195}(Object(Illuminate\Http\Request))
#57 C:\laragon\www\CarRentSystem\vendor\laravel\framework\src\Illuminate\Pipeline\Pipeline.php(219): Illuminate\Http\Middleware\ValidatePostSize-&gt;handle(Object(Illuminate\Http\Request), Object(Closure))
#58 C:\laragon\www\CarRentSystem\vendor\laravel\framework\src\Illuminate\Foundation\Http\Middleware\PreventRequestsDuringMaintenance.php(109): Illuminate\Pipeline\Pipeline-&gt;{closure:{closure:Illuminate\Pipeline\Pipeline::carry():194}:195}(Object(Illuminate\Http\Request))
#59 C:\laragon\www\CarRentSystem\vendor\laravel\framework\src\Illuminate\Pipeline\Pipeline.php(219): Illuminate\Foundation\Http\Middleware\PreventRequestsDuringMaintenance-&gt;handle(Object(Illuminate\Http\Request), Object(Closure))
#60 C:\laragon\www\CarRentSystem\vendor\laravel\framework\src\Illuminate\Http\Middleware\HandleCors.php(61): Illuminate\Pipeline\Pipeline-&gt;{closure:{closure:Illuminate\Pipeline\Pipeline::carry():194}:195}(Object(Illuminate\Http\Request))
#61 C:\laragon\www\CarRentSystem\vendor\laravel\framework\src\Illuminate\Pipeline\Pipeline.php(219): Illuminate\Http\Middleware\HandleCors-&gt;handle(Object(Illuminate\Http\Request), Object(Closure))
#62 C:\laragon\www\CarRentSystem\vendor\laravel\framework\src\Illuminate\Http\Middleware\TrustProxies.php(58): Illuminate\Pipeline\Pipeline-&gt;{closure:{closure:Illuminate\Pipeline\Pipeline::carry():194}:195}(Object(Illuminate\Http\Request))
#63 C:\laragon\www\CarRentSystem\vendor\laravel\framework\src\Illuminate\Pipeline\Pipeline.php(219): Illuminate\Http\Middleware\TrustProxies-&gt;handle(Object(Illuminate\Http\Request), Object(Closure))
#64 C:\laragon\www\CarRentSystem\vendor\laravel\framework\src\Illuminate\Foundation\Http\Middleware\InvokeDeferredCallbacks.php(22): Illuminate\Pipeline\Pipeline-&gt;{closure:{closure:Illuminate\Pipeline\Pipeline::carry():194}:195}(Object(Illuminate\Http\Request))
#65 C:\laragon\www\CarRentSystem\vendor\laravel\framework\src\Illuminate\Pipeline\Pipeline.php(219): Illuminate\Foundation\Http\Middleware\InvokeDeferredCallbacks-&gt;handle(Object(Illuminate\Http\Request), Object(Closure))
#66 C:\laragon\www\CarRentSystem\vendor\laravel\framework\src\Illuminate\Http\Middleware\ValidatePathEncoding.php(26): Illuminate\Pipeline\Pipeline-&gt;{closure:{closure:Illuminate\Pipeline\Pipeline::carry():194}:195}(Object(Illuminate\Http\Request))
#67 C:\laragon\www\CarRentSystem\vendor\laravel\framework\src\Illuminate\Pipeline\Pipeline.php(219): Illuminate\Http\Middleware\ValidatePathEncoding-&gt;handle(Object(Illuminate\Http\Request), Object(Closure))
#68 C:\laragon\www\CarRentSystem\vendor\laravel\framework\src\Illuminate\Pipeline\Pipeline.php(137): Illuminate\Pipeline\Pipeline-&gt;{closure:{closure:Illuminate\Pipeline\Pipeline::carry():194}:195}(Object(Illuminate\Http\Request))
#69 C:\laragon\www\CarRentSystem\vendor\laravel\framework\src\Illuminate\Foundation\Http\Kernel.php(175): Illuminate\Pipeline\Pipeline-&gt;then(Object(Closure))
#70 C:\laragon\www\CarRentSystem\vendor\laravel\framework\src\Illuminate\Foundation\Http\Kernel.php(144): Illuminate\Foundation\Http\Kernel-&gt;sendRequestThroughRouter(Object(Illuminate\Http\Request))
#71 C:\laragon\www\CarRentSystem\vendor\laravel\framework\src\Illuminate\Foundation\Testing\Concerns\MakesHttpRequests.php(607): Illuminate\Foundation\Http\Kernel-&gt;handle(Object(Illuminate\Http\Request))
#72 C:\laragon\www\CarRentSystem\vendor\laravel\framework\src\Illuminate\Foundation\Testing\Concerns\MakesHttpRequests.php(368): Illuminate\Foundation\Testing\TestCase-&gt;call('GET', '/admin/activity...', Array, Array, Array, Array)
#73 C:\laragon\www\CarRentSystem\tests\Feature\ActivityLogManagementTest.php(65): Illuminate\Foundation\Testing\TestCase-&gt;get('/admin/activity...')
#74 C:\laragon\www\CarRentSystem\vendor\pestphp\pest\src\Factories\TestCaseMethodFactory.php(168): P\Tests\Feature\ActivityLogManagementTest-&gt;{closure:{closure:{closure:C:\laragon\www\CarRentSystem\tests\Feature\ActivityLogManagementTest.php:13}:20}:60}()
#75 [internal function]: P\Tests\Feature\ActivityLogManagementTest-&gt;{closure:Pest\Factories\TestCaseMethodFactory::getClosure():158}()
#76 C:\laragon\www\CarRentSystem\vendor\pestphp\pest\src\Concerns\Testable.php(429): call_user_func_array(Object(Closure), Array)
#77 C:\laragon\www\CarRentSystem\vendor\pestphp\pest\src\Support\ExceptionTrace.php(26): P\Tests\Feature\ActivityLogManagementTest-&gt;{closure:Pest\Concerns\Testable::__callClosure():429}()
#78 C:\laragon\www\CarRentSystem\vendor\pestphp\pest\src\Concerns\Testable.php(429): Pest\Support\ExceptionTrace::ensure(Object(Closure))
#79 C:\laragon\www\CarRentSystem\vendor\pestphp\pest\src\Concerns\Testable.php(331): P\Tests\Feature\ActivityLogManagementTest-&gt;__callClosure(Object(Closure), Array)
#80 C:\laragon\www\CarRentSystem\vendor\pestphp\pest\src\Factories\TestCaseFactory.php(169) : eval()'d code(62): P\Tests\Feature\ActivityLogManagementTest-&gt;__runTest(Object(Closure))
#81 C:\laragon\www\CarRentSystem\vendor\phpunit\phpunit\src\Framework\TestCase.php(1316): P\Tests\Feature\ActivityLogManagementTest-&gt;__pest_evaluable__Activity_Log_Management__→__Activity_Log_Listing__→_it_filters_logs_by_date_range()
#82 C:\laragon\www\CarRentSystem\vendor\phpunit\phpunit\src\Framework\TestCase.php(516): PHPUnit\Framework\TestCase-&gt;runTest()
#83 C:\laragon\www\CarRentSystem\vendor\phpunit\phpunit\src\Framework\TestRunner\TestRunner.php(99): PHPUnit\Framework\TestCase-&gt;runBare()
#84 C:\laragon\www\CarRentSystem\vendor\phpunit\phpunit\src\Framework\TestCase.php(357): PHPUnit\Framework\TestRunner-&gt;run(Object(P\Tests\Feature\ActivityLogManagementTest))
#85 C:\laragon\www\CarRentSystem\vendor\phpunit\phpunit\src\Framework\TestSuite.php(374): PHPUnit\Framework\TestCase-&gt;run()
#86 C:\laragon\www\CarRentSystem\vendor\phpunit\phpunit\src\Framework\TestSuite.php(374): PHPUnit\Framework\TestSuite-&gt;run()
#87 C:\laragon\www\CarRentSystem\vendor\phpunit\phpunit\src\Framework\TestSuite.php(374): PHPUnit\Framework\TestSuite-&gt;run()
#88 C:\laragon\www\CarRentSystem\vendor\phpunit\phpunit\src\TextUI\TestRunner.php(64): PHPUnit\Framework\TestSuite-&gt;run()
#89 C:\laragon\www\CarRentSystem\vendor\phpunit\phpunit\src\TextUI\Application.php(229): PHPUnit\TextUI\TestRunner-&gt;run(Object(PHPUnit\TextUI\Configuration\Configuration), Object(PHPUnit\Runner\ResultCache\DefaultResultCache), Object(PHPUnit\Framework\TestSuite))
#90 C:\laragon\www\CarRentSystem\vendor\pestphp\pest\src\Kernel.php(103): PHPUnit\TextUI\Application-&gt;run(Array)
#91 C:\laragon\www\CarRentSystem\vendor\pestphp\pest\bin\pest(184): Pest\Kernel-&gt;handle(Array, Array)
#92 C:\laragon\www\CarRentSystem\vendor\pestphp\pest\bin\pest(192): {closure:C:\laragon\www\CarRentSystem\vendor\pestphp\pest\bin\pest:18}()
#93 C:\laragon\www\CarRentSystem\vendor\bin\pest(119): include('C:\\laragon\\www\\...')
#94 {main}

----------------------------------------------------------------------------------

SQLSTATE[HY000]: General error: 1 no such column: activity_log.name (Connection: sqlite, SQL: select "activity_log"."name", "" from "activity_log" order by "activity_log"."name" asc limit 50) (View: C:\laragon\www\CarRentSystem\vendor\filament\forms\resources\views\components\select.blade.php) (View: C:\laragon\www\CarRentSystem\vendor\filament\forms\resources\views\components\select.blade.php) (View: C:\laragon\www\CarRentSystem\vendor\filament\forms\resources\views\components\select.blade.php) (View: C:\laragon\www\CarRentSystem\vendor\filament\forms\resources\views\components\select.blade.php) (View: C:\laragon\www\CarRentSystem\vendor\filament\forms\resources\views\components\select.blade.php)&#13;
&#13;
at vendor\laravel\framework\src\Illuminate\Testing\TestResponseAssert.php:45
at vendor\laravel\framework\src\Illuminate\Testing\TestResponse.php:103
at tests\Feature\ActivityLogManagementTest.php:66</failure>
        </testcase>
        <testcase name="`Activity Log Management` → `Log Cleanup` → it allows admin to cleanup old logs" file="tests\Feature\ActivityLogManagementTest.php::`Activity Log Management` → `Log Cleanup` → it allows admin to cleanup old logs" class="Tests\Feature\ActivityLogManagementTest" classname="Tests.Feature.ActivityLogManagementTest" assertions="1" time="17.862288">
          <failure type="PHPUnit\Framework\ExpectationFailedException">`Activity Log Management` → `Log Cleanup` → it allows admin to cleanup old logsExpected response status code [&gt;=200, &lt;300] but received 405.
Failed asserting that false is true.&#13;
at vendor\laravel\framework\src\Illuminate\Testing\TestResponseAssert.php:45
at vendor\laravel\framework\src\Illuminate\Testing\TestResponse.php:103
at tests\Feature\ActivityLogManagementTest.php:294</failure>
        </testcase>
        <testcase name="`Activity Log Management` → `System Performance Logs` → it tracks API response times" file="tests\Feature\ActivityLogManagementTest.php::`Activity Log Management` → `System Performance Logs` → it tracks API response times" class="Tests\Feature\ActivityLogManagementTest" classname="Tests.Feature.ActivityLogManagementTest" assertions="0" time="0.130208">
          <error type="Illuminate\Database\QueryException">`Activity Log Management` → `System Performance Logs` → it tracks API response timesIlluminate\Database\QueryException: SQLSTATE[HY000]: General error: 1 table car_rental_logs has no column named request_data (Connection: sqlite, SQL: insert into "car_rental_logs" ("vehicle_id", "user_id", "action", "description", "metadata", "request_data", "updated_at", "created_at") values (1, 5, api_request, Vehicle was deleted, ?, {"endpoint":"\/api\/vehicles","response_time":715,"status_code":200}, 2025-09-24 12:00:53, 2025-09-24 12:00:53))&#13;
at vendor\laravel\framework\src\Illuminate\Database\Connection.php:564
at vendor\laravel\framework\src\Illuminate\Database\Connection.php:811
at vendor\laravel\framework\src\Illuminate\Database\Connection.php:778
at vendor\laravel\framework\src\Illuminate\Database\Connection.php:559
at vendor\laravel\framework\src\Illuminate\Database\Connection.php:523
at vendor\laravel\framework\src\Illuminate\Database\Query\Processors\Processor.php:32
at vendor\laravel\framework\src\Illuminate\Database\Query\Builder.php:3853
at vendor\laravel\framework\src\Illuminate\Database\Eloquent\Builder.php:2235
at vendor\laravel\framework\src\Illuminate\Database\Eloquent\Model.php:1436
at vendor\laravel\framework\src\Illuminate\Database\Eloquent\Model.php:1401
at vendor\laravel\framework\src\Illuminate\Database\Eloquent\Model.php:1240
at vendor\laravel\framework\src\Illuminate\Database\Eloquent\Factories\Factory.php:370
at vendor\laravel\framework\src\Illuminate\Collections\Traits\EnumeratesValues.php:271
at vendor\laravel\framework\src\Illuminate\Database\Eloquent\Factories\Factory.php:365
at vendor\laravel\framework\src\Illuminate\Database\Eloquent\Factories\Factory.php:325
at vendor\laravel\framework\src\Illuminate\Database\Eloquent\Factories\Factory.php:315
at tests\Feature\ActivityLogManagementTest.php:272
Caused by
PDOException: SQLSTATE[HY000]: General error: 1 table car_rental_logs has no column named request_data

at vendor\laravel\framework\src\Illuminate\Database\Connection.php:564
at vendor\laravel\framework\src\Illuminate\Database\Connection.php:811
at vendor\laravel\framework\src\Illuminate\Database\Connection.php:778
at vendor\laravel\framework\src\Illuminate\Database\Connection.php:559
at vendor\laravel\framework\src\Illuminate\Database\Connection.php:523
at vendor\laravel\framework\src\Illuminate\Database\Query\Processors\Processor.php:32
at vendor\laravel\framework\src\Illuminate\Database\Query\Builder.php:3853
at vendor\laravel\framework\src\Illuminate\Database\Eloquent\Builder.php:2235
at vendor\laravel\framework\src\Illuminate\Database\Eloquent\Model.php:1436
at vendor\laravel\framework\src\Illuminate\Database\Eloquent\Model.php:1401
at vendor\laravel\framework\src\Illuminate\Database\Eloquent\Model.php:1240
at vendor\laravel\framework\src\Illuminate\Database\Eloquent\Factories\Factory.php:370
at vendor\laravel\framework\src\Illuminate\Collections\Traits\EnumeratesValues.php:271
at vendor\laravel\framework\src\Illuminate\Database\Eloquent\Factories\Factory.php:365
at vendor\laravel\framework\src\Illuminate\Database\Eloquent\Factories\Factory.php:325
at vendor\laravel\framework\src\Illuminate\Database\Eloquent\Factories\Factory.php:315
at tests\Feature\ActivityLogManagementTest.php:272</error>
        </testcase>
        <testcase name="`Activity Log Management` → `Activity Log Analysis` → it tracks login patterns" file="tests\Feature\ActivityLogManagementTest.php::`Activity Log Management` → `Activity Log Analysis` → it tracks login patterns" class="Tests\Feature\ActivityLogManagementTest" classname="Tests.Feature.ActivityLogManagementTest" assertions="1" time="0.129755">
          <failure type="PHPUnit\Framework\ExpectationFailedException">`Activity Log Management` → `Activity Log Analysis` → it tracks login patternsExpected response status code [&gt;=200, &lt;300] but received 404.
Failed asserting that false is true.&#13;
at vendor\laravel\framework\src\Illuminate\Testing\TestResponseAssert.php:45
at vendor\laravel\framework\src\Illuminate\Testing\TestResponse.php:103
at tests\Feature\ActivityLogManagementTest.php:173</failure>
        </testcase>
        <testcase name="`Activity Log Management` → `Activity Log Export` → it exports activity logs to CSV" file="tests\Feature\ActivityLogManagementTest.php::`Activity Log Management` → `Activity Log Export` → it exports activity logs to CSV" class="Tests\Feature\ActivityLogManagementTest" classname="Tests.Feature.ActivityLogManagementTest" assertions="1" time="0.167057">
          <failure type="PHPUnit\Framework\ExpectationFailedException">`Activity Log Management` → `Activity Log Export` → it exports activity logs to CSVExpected response status code [&gt;=200, &lt;300] but received 404.
Failed asserting that false is true.&#13;
at vendor\laravel\framework\src\Illuminate\Testing\TestResponseAssert.php:45
at vendor\laravel\framework\src\Illuminate\Testing\TestResponse.php:103
at tests\Feature\ActivityLogManagementTest.php:227</failure>
        </testcase>
        <testcase name="`Activity Log Management` → `Activity Log Creation` → it logs vehicle creation activities" file="tests\Feature\ActivityLogManagementTest.php::`Activity Log Management` → `Activity Log Creation` → it logs vehicle creation activities" class="Tests\Feature\ActivityLogManagementTest" classname="Tests.Feature.ActivityLogManagementTest" assertions="1" time="3.270773">
          <failure type="PHPUnit\Framework\ExpectationFailedException">`Activity Log Management` → `Activity Log Creation` → it logs vehicle creation activitiesExpecting null not to be null .&#13;
at tests\Feature\ActivityLogManagementTest.php:103</failure>
        </testcase>
        <testcase name="`Activity Log Management` → `Activity Log Listing` → it allows admin to view all activity logs" file="tests\Feature\ActivityLogManagementTest.php::`Activity Log Management` → `Activity Log Listing` → it allows admin to view all activity logs" class="Tests\Feature\ActivityLogManagementTest" classname="Tests.Feature.ActivityLogManagementTest" assertions="1" time="17.620022">
          <failure type="PHPUnit\Framework\ExpectationFailedException">`Activity Log Management` → `Activity Log Listing` → it allows admin to view all activity logsExpected response status code [&gt;=200, &lt;300] but received 500.
Failed asserting that false is true.&#13;
&#13;
The following exception occurred during the last request:

PDOException: SQLSTATE[HY000]: General error: 1 no such column: activity_log.name in C:\laragon\www\CarRentSystem\vendor\laravel\framework\src\Illuminate\Database\Connection.php:406
Stack trace:
#0 C:\laragon\www\CarRentSystem\vendor\laravel\framework\src\Illuminate\Database\Connection.php(406): PDO-&gt;prepare('select "activit...')
#1 C:\laragon\www\CarRentSystem\vendor\laravel\framework\src\Illuminate\Database\Connection.php(811): Illuminate\Database\Connection-&gt;{closure:Illuminate\Database\Connection::select():397}('select "activit...', Array)
#2 C:\laragon\www\CarRentSystem\vendor\laravel\framework\src\Illuminate\Database\Connection.php(778): Illuminate\Database\Connection-&gt;runQueryCallback('select "activit...', Array, Object(Closure))
#3 C:\laragon\www\CarRentSystem\vendor\laravel\framework\src\Illuminate\Database\Connection.php(397): Illuminate\Database\Connection-&gt;run('select "activit...', Array, Object(Closure))
#4 C:\laragon\www\CarRentSystem\vendor\laravel\framework\src\Illuminate\Database\Query\Builder.php(3188): Illuminate\Database\Connection-&gt;select('select "activit...', Array, true)
#5 C:\laragon\www\CarRentSystem\vendor\laravel\framework\src\Illuminate\Database\Query\Builder.php(3446): Illuminate\Database\Query\Builder-&gt;runSelect()
#6 C:\laragon\www\CarRentSystem\vendor\laravel\framework\src\Illuminate\Database\Query\Builder.php(3763): Illuminate\Database\Query\Builder-&gt;{closure:Illuminate\Database\Query\Builder::pluck():3444}()
#7 C:\laragon\www\CarRentSystem\vendor\laravel\framework\src\Illuminate\Database\Query\Builder.php(3442): Illuminate\Database\Query\Builder-&gt;onceWithColumns(Array, Object(Closure))
#8 C:\laragon\www\CarRentSystem\vendor\laravel\framework\src\Illuminate\Database\Eloquent\Builder.php(1082): Illuminate\Database\Query\Builder-&gt;pluck('activity_log.na...', '')
#9 C:\laragon\www\CarRentSystem\vendor\filament\tables\src\Filters\SelectFilter.php(454): Illuminate\Database\Eloquent\Builder-&gt;pluck('activity_log.na...', '')
#10 C:\laragon\www\CarRentSystem\vendor\filament\support\src\Concerns\EvaluatesClosures.php(36): Filament\Tables\Filters\SelectFilter-&gt;{closure:Filament\Tables\Filters\SelectFilter::getFormField():391}(Object(Filament\Forms\Components\Select))
#11 C:\laragon\www\CarRentSystem\vendor\filament\forms\src\Components\Concerns\HasOptions.php(36): Filament\Support\Components\Component-&gt;evaluate(Object(Closure))
#12 C:\laragon\www\CarRentSystem\vendor\filament\forms\src\Components\Select.php(708): Filament\Forms\Components\Select-&gt;getOptions()
#13 C:\laragon\www\CarRentSystem\storage\framework\views\785d21797565f791af709268f8dfbe8e.php(182): Filament\Forms\Components\Select-&gt;getOptionsForJs()
#14 C:\laragon\www\CarRentSystem\vendor\livewire\livewire\src\Mechanisms\ExtendBlade\ExtendedCompilerEngine.php(37): include('C:\\laragon\\www\\...')
#15 C:\laragon\www\CarRentSystem\vendor\livewire\livewire\src\Mechanisms\ExtendBlade\ExtendedCompilerEngine.php(38): App\Filament\Resources\ActivityLogResource\Pages\ListActivityLogs-&gt;{closure:Livewire\Mechanisms\ExtendBlade\ExtendedCompilerEngine::evaluatePath():35}()
#16 C:\laragon\www\CarRentSystem\vendor\laravel\framework\src\Illuminate\View\Engines\CompilerEngine.php(76): Livewire\Mechanisms\ExtendBlade\ExtendedCompilerEngine-&gt;evaluatePath('C:\\laragon\\www\\...', Array)
#17 C:\laragon\www\CarRentSystem\vendor\livewire\livewire\src\Mechanisms\ExtendBlade\ExtendedCompilerEngine.php(16): Illuminate\View\Engines\CompilerEngine-&gt;get('C:\\laragon\\www\\...', Array)
#18 C:\laragon\www\CarRentSystem\vendor\laravel\framework\src\Illuminate\View\View.php(208): Livewire\Mechanisms\ExtendBlade\ExtendedCompilerEngine-&gt;get('C:\\laragon\\www\\...', Array)
#19 C:\laragon\www\CarRentSystem\vendor\laravel\framework\src\Illuminate\View\View.php(191): Illuminate\View\View-&gt;getContents()
#20 C:\laragon\www\CarRentSystem\vendor\laravel\framework\src\Illuminate\View\View.php(160): Illuminate\View\View-&gt;renderContents()
#21 C:\laragon\www\CarRentSystem\vendor\filament\support\src\Components\ViewComponent.php(125): Illuminate\View\View-&gt;render()
#22 C:\laragon\www\CarRentSystem\vendor\filament\schemas\src\Components\Component.php(221): Filament\Support\Components\ViewComponent-&gt;toHtml()
#23 C:\laragon\www\CarRentSystem\vendor\filament\schemas\src\Schema.php(205): Filament\Schemas\Components\Component-&gt;toSchemaHtml(true)
#24 C:\laragon\www\CarRentSystem\vendor\filament\support\src\Components\ViewComponent.php(122): Filament\Schemas\Schema-&gt;toEmbeddedHtml()
#25 C:\laragon\www\CarRentSystem\vendor\laravel\framework\src\Illuminate\Support\helpers.php(130): Filament\Support\Components\ViewComponent-&gt;toHtml()
#26 C:\laragon\www\CarRentSystem\storage\framework\views\5110ca74321f0dcab372f3d94aa125c2.php(9): e(Object(Filament\Schemas\Schema))
#27 C:\laragon\www\CarRentSystem\vendor\livewire\livewire\src\Mechanisms\ExtendBlade\ExtendedCompilerEngine.php(37): include('C:\\laragon\\www\\...')
#28 C:\laragon\www\CarRentSystem\vendor\livewire\livewire\src\Mechanisms\ExtendBlade\ExtendedCompilerEngine.php(38): App\Filament\Resources\ActivityLogResource\Pages\ListActivityLogs-&gt;{closure:Livewire\Mechanisms\ExtendBlade\ExtendedCompilerEngine::evaluatePath():35}()
#29 C:\laragon\www\CarRentSystem\vendor\laravel\framework\src\Illuminate\View\Engines\CompilerEngine.php(76): Livewire\Mechanisms\ExtendBlade\ExtendedCompilerEngine-&gt;evaluatePath('C:\\laragon\\www\\...', Array)
#30 C:\laragon\www\CarRentSystem\vendor\livewire\livewire\src\Mechanisms\ExtendBlade\ExtendedCompilerEngine.php(16): Illuminate\View\Engines\CompilerEngine-&gt;get('C:\\laragon\\www\\...', Array)
#31 C:\laragon\www\CarRentSystem\vendor\laravel\framework\src\Illuminate\View\View.php(208): Livewire\Mechanisms\ExtendBlade\ExtendedCompilerEngine-&gt;get('C:\\laragon\\www\\...', Array)
#32 C:\laragon\www\CarRentSystem\vendor\laravel\framework\src\Illuminate\View\View.php(191): Illuminate\View\View-&gt;getContents()
#33 C:\laragon\www\CarRentSystem\vendor\laravel\framework\src\Illuminate\View\View.php(160): Illuminate\View\View-&gt;renderContents()
#34 C:\laragon\www\CarRentSystem\vendor\filament\support\src\Components\ViewComponent.php(125): Illuminate\View\View-&gt;render()
#35 C:\laragon\www\CarRentSystem\vendor\filament\schemas\src\Components\Component.php(221): Filament\Support\Components\ViewComponent-&gt;toHtml()
#36 C:\laragon\www\CarRentSystem\vendor\filament\schemas\src\Schema.php(205): Filament\Schemas\Components\Component-&gt;toSchemaHtml(true)
#37 C:\laragon\www\CarRentSystem\vendor\filament\support\src\Components\ViewComponent.php(122): Filament\Schemas\Schema-&gt;toEmbeddedHtml()
#38 C:\laragon\www\CarRentSystem\vendor\laravel\framework\src\Illuminate\Support\helpers.php(130): Filament\Support\Components\ViewComponent-&gt;toHtml()
#39 C:\laragon\www\CarRentSystem\storage\framework\views\1a3d3d822b7060b360e0a4f4cc781bd5.php(92): e(Object(Filament\Schemas\Schema))
#40 C:\laragon\www\CarRentSystem\vendor\livewire\livewire\src\Mechanisms\ExtendBlade\ExtendedCompilerEngine.php(37): include('C:\\laragon\\www\\...')
#41 C:\laragon\www\CarRentSystem\vendor\livewire\livewire\src\Mechanisms\ExtendBlade\ExtendedCompilerEngine.php(38): App\Filament\Resources\ActivityLogResource\Pages\ListActivityLogs-&gt;{closure:Livewire\Mechanisms\ExtendBlade\ExtendedCompilerEngine::evaluatePath():35}()
#42 C:\laragon\www\CarRentSystem\vendor\laravel\framework\src\Illuminate\View\Engines\CompilerEngine.php(76): Livewire\Mechanisms\ExtendBlade\ExtendedCompilerEngine-&gt;evaluatePath('C:\\laragon\\www\\...', Array)
#43 C:\laragon\www\CarRentSystem\vendor\livewire\livewire\src\Mechanisms\ExtendBlade\ExtendedCompilerEngine.php(16): Illuminate\View\Engines\CompilerEngine-&gt;get('C:\\laragon\\www\\...', Array)
#44 C:\laragon\www\CarRentSystem\vendor\laravel\framework\src\Illuminate\View\View.php(208): Livewire\Mechanisms\ExtendBlade\ExtendedCompilerEngine-&gt;get('C:\\laragon\\www\\...', Array)
#45 C:\laragon\www\CarRentSystem\vendor\laravel\framework\src\Illuminate\View\View.php(191): Illuminate\View\View-&gt;getContents()
#46 C:\laragon\www\CarRentSystem\vendor\laravel\framework\src\Illuminate\View\View.php(160): Illuminate\View\View-&gt;renderContents()
#47 C:\laragon\www\CarRentSystem\vendor\laravel\framework\src\Illuminate\View\Concerns\ManagesComponents.php(103): Illuminate\View\View-&gt;render()
#48 C:\laragon\www\CarRentSystem\storage\framework\views\63d0da9e86cc349a52193e89442d61e4.php(727): Illuminate\View\Factory-&gt;renderComponent()
#49 C:\laragon\www\CarRentSystem\vendor\livewire\livewire\src\Mechanisms\ExtendBlade\ExtendedCompilerEngine.php(37): include('C:\\laragon\\www\\...')
#50 C:\laragon\www\CarRentSystem\vendor\livewire\livewire\src\Mechanisms\ExtendBlade\ExtendedCompilerEngine.php(38): App\Filament\Resources\ActivityLogResource\Pages\ListActivityLogs-&gt;{closure:Livewire\Mechanisms\ExtendBlade\ExtendedCompilerEngine::evaluatePath():35}()
#51 C:\laragon\www\CarRentSystem\vendor\laravel\framework\src\Illuminate\View\Engines\CompilerEngine.php(76): Livewire\Mechanisms\ExtendBlade\ExtendedCompilerEngine-&gt;evaluatePath('C:\\laragon\\www\\...', Array)
#52 C:\laragon\www\CarRentSystem\vendor\livewire\livewire\src\Mechanisms\ExtendBlade\ExtendedCompilerEngine.php(16): Illuminate\View\Engines\CompilerEngine-&gt;get('C:\\laragon\\www\\...', Array)
#53 C:\laragon\www\CarRentSystem\vendor\laravel\framework\src\Illuminate\View\View.php(208): Livewire\Mechanisms\ExtendBlade\ExtendedCompilerEngine-&gt;get('C:\\laragon\\www\\...', Array)
#54 C:\laragon\www\CarRentSystem\vendor\laravel\framework\src\Illuminate\View\View.php(191): Illuminate\View\View-&gt;getContents()
#55 C:\laragon\www\CarRentSystem\vendor\laravel\framework\src\Illuminate\View\View.php(160): Illuminate\View\View-&gt;renderContents()
#56 C:\laragon\www\CarRentSystem\vendor\filament\support\src\Components\ViewComponent.php(125): Illuminate\View\View-&gt;render()
#57 C:\laragon\www\CarRentSystem\vendor\filament\schemas\src\Components\Component.php(221): Filament\Support\Components\ViewComponent-&gt;toHtml()
#58 C:\laragon\www\CarRentSystem\vendor\filament\schemas\src\Schema.php(205): Filament\Schemas\Components\Component-&gt;toSchemaHtml(true)
#59 C:\laragon\www\CarRentSystem\vendor\filament\support\src\Components\ViewComponent.php(122): Filament\Schemas\Schema-&gt;toEmbeddedHtml()
#60 C:\laragon\www\CarRentSystem\vendor\laravel\framework\src\Illuminate\Support\helpers.php(130): Filament\Support\Components\ViewComponent-&gt;toHtml()
#61 C:\laragon\www\CarRentSystem\storage\framework\views\440b755faea75388110fdd3acae41dc5.php(11): e(Object(Filament\Schemas\Schema))
#62 C:\laragon\www\CarRentSystem\vendor\livewire\livewire\src\Mechanisms\ExtendBlade\ExtendedCompilerEngine.php(37): include('C:\\laragon\\www\\...')
#63 C:\laragon\www\CarRentSystem\vendor\livewire\livewire\src\Mechanisms\ExtendBlade\ExtendedCompilerEngine.php(38): App\Filament\Resources\ActivityLogResource\Pages\ListActivityLogs-&gt;{closure:Livewire\Mechanisms\ExtendBlade\ExtendedCompilerEngine::evaluatePath():35}()
#64 C:\laragon\www\CarRentSystem\vendor\laravel\framework\src\Illuminate\View\Engines\CompilerEngine.php(76): Livewire\Mechanisms\ExtendBlade\ExtendedCompilerEngine-&gt;evaluatePath('C:\\laragon\\www\\...', Array)
#65 C:\laragon\www\CarRentSystem\vendor\livewire\livewire\src\Mechanisms\ExtendBlade\ExtendedCompilerEngine.php(16): Illuminate\View\Engines\CompilerEngine-&gt;get('C:\\laragon\\www\\...', Array)
#66 C:\laragon\www\CarRentSystem\vendor\laravel\framework\src\Illuminate\View\View.php(208): Livewire\Mechanisms\ExtendBlade\ExtendedCompilerEngine-&gt;get('C:\\laragon\\www\\...', Array)
#67 C:\laragon\www\CarRentSystem\vendor\laravel\framework\src\Illuminate\View\View.php(191): Illuminate\View\View-&gt;getContents()
#68 C:\laragon\www\CarRentSystem\vendor\laravel\framework\src\Illuminate\View\View.php(160): Illuminate\View\View-&gt;renderContents()
#69 C:\laragon\www\CarRentSystem\vendor\livewire\livewire\src\Mechanisms\HandleComponents\HandleComponents.php(259): Illuminate\View\View-&gt;render(Object(Closure))
#70 C:\laragon\www\CarRentSystem\vendor\livewire\livewire\src\Mechanisms\HandleComponents\HandleComponents.php(303): Livewire\Mechanisms\HandleComponents\HandleComponents-&gt;{closure:Livewire\Mechanisms\HandleComponents\HandleComponents::render():251}()
#71 C:\laragon\www\CarRentSystem\vendor\livewire\livewire\src\Mechanisms\HandleComponents\HandleComponents.php(251): Livewire\Mechanisms\HandleComponents\HandleComponents-&gt;trackInRenderStack(Object(App\Filament\Resources\ActivityLogResource\Pages\ListActivityLogs), Object(Closure))
#72 C:\laragon\www\CarRentSystem\vendor\livewire\livewire\src\Mechanisms\HandleComponents\HandleComponents.php(54): Livewire\Mechanisms\HandleComponents\HandleComponents-&gt;render(Object(App\Filament\Resources\ActivityLogResource\Pages\ListActivityLogs), '&lt;div&gt;&lt;/div&gt;')
#73 C:\laragon\www\CarRentSystem\vendor\livewire\livewire\src\LivewireManager.php(73): Livewire\Mechanisms\HandleComponents\HandleComponents-&gt;mount('App\\Filament\\Re...', Array, NULL)
#74 C:\laragon\www\CarRentSystem\vendor\livewire\livewire\src\Features\SupportPageComponents\HandlesPageComponents.php(17): Livewire\LivewireManager-&gt;mount('App\\Filament\\Re...', Array)
#75 C:\laragon\www\CarRentSystem\vendor\livewire\livewire\src\Features\SupportPageComponents\SupportPageComponents.php(117): Livewire\Component-&gt;{closure:Livewire\Features\SupportPageComponents\HandlesPageComponents::__invoke():14}()
#76 C:\laragon\www\CarRentSystem\vendor\livewire\livewire\src\Features\SupportPageComponents\HandlesPageComponents.php(14): Livewire\Features\SupportPageComponents\SupportPageComponents::interceptTheRenderOfTheComponentAndRetreiveTheLayoutConfiguration(Object(Closure))
#77 C:\laragon\www\CarRentSystem\vendor\laravel\framework\src\Illuminate\Routing\ControllerDispatcher.php(46): Livewire\Component-&gt;__invoke()
#78 C:\laragon\www\CarRentSystem\vendor\laravel\framework\src\Illuminate\Routing\Route.php(265): Illuminate\Routing\ControllerDispatcher-&gt;dispatch(Object(Illuminate\Routing\Route), Object(App\Filament\Resources\ActivityLogResource\Pages\ListActivityLogs), '__invoke')
#79 C:\laragon\www\CarRentSystem\vendor\laravel\framework\src\Illuminate\Routing\Route.php(211): Illuminate\Routing\Route-&gt;runController()
#80 C:\laragon\www\CarRentSystem\vendor\laravel\framework\src\Illuminate\Routing\Router.php(822): Illuminate\Routing\Route-&gt;run()
#81 C:\laragon\www\CarRentSystem\vendor\laravel\framework\src\Illuminate\Pipeline\Pipeline.php(180): Illuminate\Routing\Router-&gt;{closure:Illuminate\Routing\Router::runRouteWithinStack():821}(Object(Illuminate\Http\Request))
#82 C:\laragon\www\CarRentSystem\vendor\filament\filament\src\Http\Middleware\DispatchServingFilamentEvent.php(15): Illuminate\Pipeline\Pipeline-&gt;{closure:Illuminate\Pipeline\Pipeline::prepareDestination():178}(Object(Illuminate\Http\Request))
#83 C:\laragon\www\CarRentSystem\vendor\laravel\framework\src\Illuminate\Pipeline\Pipeline.php(219): Filament\Http\Middleware\DispatchServingFilamentEvent-&gt;handle(Object(Illuminate\Http\Request), Object(Closure))
#84 C:\laragon\www\CarRentSystem\vendor\filament\filament\src\Http\Middleware\DisableBladeIconComponents.php(14): Illuminate\Pipeline\Pipeline-&gt;{closure:{closure:Illuminate\Pipeline\Pipeline::carry():194}:195}(Object(Illuminate\Http\Request))
#85 C:\laragon\www\CarRentSystem\vendor\laravel\framework\src\Illuminate\Pipeline\Pipeline.php(219): Filament\Http\Middleware\DisableBladeIconComponents-&gt;handle(Object(Illuminate\Http\Request), Object(Closure))
#86 C:\laragon\www\CarRentSystem\app\Http\Middleware\LocalizationMiddleware.php(41): Illuminate\Pipeline\Pipeline-&gt;{closure:{closure:Illuminate\Pipeline\Pipeline::carry():194}:195}(Object(Illuminate\Http\Request))
#87 C:\laragon\www\CarRentSystem\vendor\laravel\framework\src\Illuminate\Pipeline\Pipeline.php(219): App\Http\Middleware\LocalizationMiddleware-&gt;handle(Object(Illuminate\Http\Request), Object(Closure))
#88 C:\laragon\www\CarRentSystem\vendor\laravel\framework\src\Illuminate\Routing\Middleware\SubstituteBindings.php(50): Illuminate\Pipeline\Pipeline-&gt;{closure:{closure:Illuminate\Pipeline\Pipeline::carry():194}:195}(Object(Illuminate\Http\Request))
#89 C:\laragon\www\CarRentSystem\vendor\laravel\framework\src\Illuminate\Pipeline\Pipeline.php(219): Illuminate\Routing\Middleware\SubstituteBindings-&gt;handle(Object(Illuminate\Http\Request), Object(Closure))
#90 C:\laragon\www\CarRentSystem\vendor\laravel\framework\src\Illuminate\Auth\Middleware\Authenticate.php(63): Illuminate\Pipeline\Pipeline-&gt;{closure:{closure:Illuminate\Pipeline\Pipeline::carry():194}:195}(Object(Illuminate\Http\Request))
#91 C:\laragon\www\CarRentSystem\vendor\laravel\framework\src\Illuminate\Pipeline\Pipeline.php(219): Illuminate\Auth\Middleware\Authenticate-&gt;handle(Object(Illuminate\Http\Request), Object(Closure))
#92 C:\laragon\www\CarRentSystem\vendor\laravel\framework\src\Illuminate\View\Middleware\ShareErrorsFromSession.php(48): Illuminate\Pipeline\Pipeline-&gt;{closure:{closure:Illuminate\Pipeline\Pipeline::carry():194}:195}(Object(Illuminate\Http\Request))
#93 C:\laragon\www\CarRentSystem\vendor\laravel\framework\src\Illuminate\Pipeline\Pipeline.php(219): Illuminate\View\Middleware\ShareErrorsFromSession-&gt;handle(Object(Illuminate\Http\Request), Object(Closure))
#94 C:\laragon\www\CarRentSystem\vendor\laravel\framework\src\Illuminate\Session\Middleware\StartSession.php(120): Illuminate\Pipeline\Pipeline-&gt;{closure:{closure:Illuminate\Pipeline\Pipeline::carry():194}:195}(Object(Illuminate\Http\Request))
#95 C:\laragon\www\CarRentSystem\vendor\laravel\framework\src\Illuminate\Session\Middleware\StartSession.php(63): Illuminate\Session\Middleware\StartSession-&gt;handleStatefulRequest(Object(Illuminate\Http\Request), Object(Illuminate\Session\Store), Object(Closure))
#96 C:\laragon\www\CarRentSystem\vendor\laravel\framework\src\Illuminate\Pipeline\Pipeline.php(219): Illuminate\Session\Middleware\StartSession-&gt;handle(Object(Illuminate\Http\Request), Object(Closure))
#97 C:\laragon\www\CarRentSystem\vendor\laravel\framework\src\Illuminate\Cookie\Middleware\AddQueuedCookiesToResponse.php(36): Illuminate\Pipeline\Pipeline-&gt;{closure:{closure:Illuminate\Pipeline\Pipeline::carry():194}:195}(Object(Illuminate\Http\Request))
#98 C:\laragon\www\CarRentSystem\vendor\laravel\framework\src\Illuminate\Pipeline\Pipeline.php(219): Illuminate\Cookie\Middleware\AddQueuedCookiesToResponse-&gt;handle(Object(Illuminate\Http\Request), Object(Closure))
#99 C:\laragon\www\CarRentSystem\vendor\laravel\framework\src\Illuminate\Cookie\Middleware\EncryptCookies.php(74): Illuminate\Pipeline\Pipeline-&gt;{closure:{closure:Illuminate\Pipeline\Pipeline::carry():194}:195}(Object(Illuminate\Http\Request))
#100 C:\laragon\www\CarRentSystem\vendor\laravel\framework\src\Illuminate\Pipeline\Pipeline.php(219): Illuminate\Cookie\Middleware\EncryptCookies-&gt;handle(Object(Illuminate\Http\Request), Object(Closure))
#101 C:\laragon\www\CarRentSystem\vendor\filament\filament\src\Http\Middleware\SetUpPanel.php(19): Illuminate\Pipeline\Pipeline-&gt;{closure:{closure:Illuminate\Pipeline\Pipeline::carry():194}:195}(Object(Illuminate\Http\Request))
#102 C:\laragon\www\CarRentSystem\vendor\laravel\framework\src\Illuminate\Pipeline\Pipeline.php(219): Filament\Http\Middleware\SetUpPanel-&gt;handle(Object(Illuminate\Http\Request), Object(Closure), Object(Filament\Panel))
#103 C:\laragon\www\CarRentSystem\vendor\laravel\framework\src\Illuminate\Pipeline\Pipeline.php(137): Illuminate\Pipeline\Pipeline-&gt;{closure:{closure:Illuminate\Pipeline\Pipeline::carry():194}:195}(Object(Illuminate\Http\Request))
#104 C:\laragon\www\CarRentSystem\vendor\laravel\framework\src\Illuminate\Routing\Router.php(821): Illuminate\Pipeline\Pipeline-&gt;then(Object(Closure))
#105 C:\laragon\www\CarRentSystem\vendor\laravel\framework\src\Illuminate\Routing\Router.php(800): Illuminate\Routing\Router-&gt;runRouteWithinStack(Object(Illuminate\Routing\Route), Object(Illuminate\Http\Request))
#106 C:\laragon\www\CarRentSystem\vendor\laravel\framework\src\Illuminate\Routing\Router.php(764): Illuminate\Routing\Router-&gt;runRoute(Object(Illuminate\Http\Request), Object(Illuminate\Routing\Route))
#107 C:\laragon\www\CarRentSystem\vendor\laravel\framework\src\Illuminate\Routing\Router.php(753): Illuminate\Routing\Router-&gt;dispatchToRoute(Object(Illuminate\Http\Request))
#108 C:\laragon\www\CarRentSystem\vendor\laravel\framework\src\Illuminate\Foundation\Http\Kernel.php(200): Illuminate\Routing\Router-&gt;dispatch(Object(Illuminate\Http\Request))
#109 C:\laragon\www\CarRentSystem\vendor\laravel\framework\src\Illuminate\Pipeline\Pipeline.php(180): Illuminate\Foundation\Http\Kernel-&gt;{closure:Illuminate\Foundation\Http\Kernel::dispatchToRouter():197}(Object(Illuminate\Http\Request))
#110 C:\laragon\www\CarRentSystem\vendor\livewire\livewire\src\Features\SupportDisablingBackButtonCache\DisableBackButtonCacheMiddleware.php(19): Illuminate\Pipeline\Pipeline-&gt;{closure:Illuminate\Pipeline\Pipeline::prepareDestination():178}(Object(Illuminate\Http\Request))
#111 C:\laragon\www\CarRentSystem\vendor\laravel\framework\src\Illuminate\Pipeline\Pipeline.php(219): Livewire\Features\SupportDisablingBackButtonCache\DisableBackButtonCacheMiddleware-&gt;handle(Object(Illuminate\Http\Request), Object(Closure))
#112 C:\laragon\www\CarRentSystem\vendor\laravel\framework\src\Illuminate\Foundation\Http\Middleware\TransformsRequest.php(21): Illuminate\Pipeline\Pipeline-&gt;{closure:{closure:Illuminate\Pipeline\Pipeline::carry():194}:195}(Object(Illuminate\Http\Request))
#113 C:\laragon\www\CarRentSystem\vendor\laravel\framework\src\Illuminate\Foundation\Http\Middleware\ConvertEmptyStringsToNull.php(31): Illuminate\Foundation\Http\Middleware\TransformsRequest-&gt;handle(Object(Illuminate\Http\Request), Object(Closure))
#114 C:\laragon\www\CarRentSystem\vendor\laravel\framework\src\Illuminate\Pipeline\Pipeline.php(219): Illuminate\Foundation\Http\Middleware\ConvertEmptyStringsToNull-&gt;handle(Object(Illuminate\Http\Request), Object(Closure))
#115 C:\laragon\www\CarRentSystem\vendor\laravel\framework\src\Illuminate\Foundation\Http\Middleware\TransformsRequest.php(21): Illuminate\Pipeline\Pipeline-&gt;{closure:{closure:Illuminate\Pipeline\Pipeline::carry():194}:195}(Object(Illuminate\Http\Request))
#116 C:\laragon\www\CarRentSystem\vendor\laravel\framework\src\Illuminate\Foundation\Http\Middleware\TrimStrings.php(51): Illuminate\Foundation\Http\Middleware\TransformsRequest-&gt;handle(Object(Illuminate\Http\Request), Object(Closure))
#117 C:\laragon\www\CarRentSystem\vendor\laravel\framework\src\Illuminate\Pipeline\Pipeline.php(219): Illuminate\Foundation\Http\Middleware\TrimStrings-&gt;handle(Object(Illuminate\Http\Request), Object(Closure))
#118 C:\laragon\www\CarRentSystem\vendor\laravel\framework\src\Illuminate\Http\Middleware\ValidatePostSize.php(27): Illuminate\Pipeline\Pipeline-&gt;{closure:{closure:Illuminate\Pipeline\Pipeline::carry():194}:195}(Object(Illuminate\Http\Request))
#119 C:\laragon\www\CarRentSystem\vendor\laravel\framework\src\Illuminate\Pipeline\Pipeline.php(219): Illuminate\Http\Middleware\ValidatePostSize-&gt;handle(Object(Illuminate\Http\Request), Object(Closure))
#120 C:\laragon\www\CarRentSystem\vendor\laravel\framework\src\Illuminate\Foundation\Http\Middleware\PreventRequestsDuringMaintenance.php(109): Illuminate\Pipeline\Pipeline-&gt;{closure:{closure:Illuminate\Pipeline\Pipeline::carry():194}:195}(Object(Illuminate\Http\Request))
#121 C:\laragon\www\CarRentSystem\vendor\laravel\framework\src\Illuminate\Pipeline\Pipeline.php(219): Illuminate\Foundation\Http\Middleware\PreventRequestsDuringMaintenance-&gt;handle(Object(Illuminate\Http\Request), Object(Closure))
#122 C:\laragon\www\CarRentSystem\vendor\laravel\framework\src\Illuminate\Http\Middleware\HandleCors.php(61): Illuminate\Pipeline\Pipeline-&gt;{closure:{closure:Illuminate\Pipeline\Pipeline::carry():194}:195}(Object(Illuminate\Http\Request))
#123 C:\laragon\www\CarRentSystem\vendor\laravel\framework\src\Illuminate\Pipeline\Pipeline.php(219): Illuminate\Http\Middleware\HandleCors-&gt;handle(Object(Illuminate\Http\Request), Object(Closure))
#124 C:\laragon\www\CarRentSystem\vendor\laravel\framework\src\Illuminate\Http\Middleware\TrustProxies.php(58): Illuminate\Pipeline\Pipeline-&gt;{closure:{closure:Illuminate\Pipeline\Pipeline::carry():194}:195}(Object(Illuminate\Http\Request))
#125 C:\laragon\www\CarRentSystem\vendor\laravel\framework\src\Illuminate\Pipeline\Pipeline.php(219): Illuminate\Http\Middleware\TrustProxies-&gt;handle(Object(Illuminate\Http\Request), Object(Closure))
#126 C:\laragon\www\CarRentSystem\vendor\laravel\framework\src\Illuminate\Foundation\Http\Middleware\InvokeDeferredCallbacks.php(22): Illuminate\Pipeline\Pipeline-&gt;{closure:{closure:Illuminate\Pipeline\Pipeline::carry():194}:195}(Object(Illuminate\Http\Request))
#127 C:\laragon\www\CarRentSystem\vendor\laravel\framework\src\Illuminate\Pipeline\Pipeline.php(219): Illuminate\Foundation\Http\Middleware\InvokeDeferredCallbacks-&gt;handle(Object(Illuminate\Http\Request), Object(Closure))
#128 C:\laragon\www\CarRentSystem\vendor\laravel\framework\src\Illuminate\Http\Middleware\ValidatePathEncoding.php(26): Illuminate\Pipeline\Pipeline-&gt;{closure:{closure:Illuminate\Pipeline\Pipeline::carry():194}:195}(Object(Illuminate\Http\Request))
#129 C:\laragon\www\CarRentSystem\vendor\laravel\framework\src\Illuminate\Pipeline\Pipeline.php(219): Illuminate\Http\Middleware\ValidatePathEncoding-&gt;handle(Object(Illuminate\Http\Request), Object(Closure))
#130 C:\laragon\www\CarRentSystem\vendor\laravel\framework\src\Illuminate\Pipeline\Pipeline.php(137): Illuminate\Pipeline\Pipeline-&gt;{closure:{closure:Illuminate\Pipeline\Pipeline::carry():194}:195}(Object(Illuminate\Http\Request))
#131 C:\laragon\www\CarRentSystem\vendor\laravel\framework\src\Illuminate\Foundation\Http\Kernel.php(175): Illuminate\Pipeline\Pipeline-&gt;then(Object(Closure))
#132 C:\laragon\www\CarRentSystem\vendor\laravel\framework\src\Illuminate\Foundation\Http\Kernel.php(144): Illuminate\Foundation\Http\Kernel-&gt;sendRequestThroughRouter(Object(Illuminate\Http\Request))
#133 C:\laragon\www\CarRentSystem\vendor\laravel\framework\src\Illuminate\Foundation\Testing\Concerns\MakesHttpRequests.php(607): Illuminate\Foundation\Http\Kernel-&gt;handle(Object(Illuminate\Http\Request))
#134 C:\laragon\www\CarRentSystem\vendor\laravel\framework\src\Illuminate\Foundation\Testing\Concerns\MakesHttpRequests.php(368): Illuminate\Foundation\Testing\TestCase-&gt;call('GET', '/admin/activity...', Array, Array, Array, Array)
#135 C:\laragon\www\CarRentSystem\tests\Feature\ActivityLogManagementTest.php(25): Illuminate\Foundation\Testing\TestCase-&gt;get('/admin/activity...')
#136 C:\laragon\www\CarRentSystem\vendor\pestphp\pest\src\Factories\TestCaseMethodFactory.php(168): P\Tests\Feature\ActivityLogManagementTest-&gt;{closure:{closure:{closure:C:\laragon\www\CarRentSystem\tests\Feature\ActivityLogManagementTest.php:13}:20}:21}()
#137 [internal function]: P\Tests\Feature\ActivityLogManagementTest-&gt;{closure:Pest\Factories\TestCaseMethodFactory::getClosure():158}()
#138 C:\laragon\www\CarRentSystem\vendor\pestphp\pest\src\Concerns\Testable.php(429): call_user_func_array(Object(Closure), Array)
#139 C:\laragon\www\CarRentSystem\vendor\pestphp\pest\src\Support\ExceptionTrace.php(26): P\Tests\Feature\ActivityLogManagementTest-&gt;{closure:Pest\Concerns\Testable::__callClosure():429}()
#140 C:\laragon\www\CarRentSystem\vendor\pestphp\pest\src\Concerns\Testable.php(429): Pest\Support\ExceptionTrace::ensure(Object(Closure))
#141 C:\laragon\www\CarRentSystem\vendor\pestphp\pest\src\Concerns\Testable.php(331): P\Tests\Feature\ActivityLogManagementTest-&gt;__callClosure(Object(Closure), Array)
#142 C:\laragon\www\CarRentSystem\vendor\pestphp\pest\src\Factories\TestCaseFactory.php(169) : eval()'d code(17): P\Tests\Feature\ActivityLogManagementTest-&gt;__runTest(Object(Closure))
#143 C:\laragon\www\CarRentSystem\vendor\phpunit\phpunit\src\Framework\TestCase.php(1316): P\Tests\Feature\ActivityLogManagementTest-&gt;__pest_evaluable__Activity_Log_Management__→__Activity_Log_Listing__→_it_allows_admin_to_view_all_activity_logs()
#144 C:\laragon\www\CarRentSystem\vendor\phpunit\phpunit\src\Framework\TestCase.php(516): PHPUnit\Framework\TestCase-&gt;runTest()
#145 C:\laragon\www\CarRentSystem\vendor\phpunit\phpunit\src\Framework\TestRunner\TestRunner.php(99): PHPUnit\Framework\TestCase-&gt;runBare()
#146 C:\laragon\www\CarRentSystem\vendor\phpunit\phpunit\src\Framework\TestCase.php(357): PHPUnit\Framework\TestRunner-&gt;run(Object(P\Tests\Feature\ActivityLogManagementTest))
#147 C:\laragon\www\CarRentSystem\vendor\phpunit\phpunit\src\Framework\TestSuite.php(374): PHPUnit\Framework\TestCase-&gt;run()
#148 C:\laragon\www\CarRentSystem\vendor\phpunit\phpunit\src\Framework\TestSuite.php(374): PHPUnit\Framework\TestSuite-&gt;run()
#149 C:\laragon\www\CarRentSystem\vendor\phpunit\phpunit\src\Framework\TestSuite.php(374): PHPUnit\Framework\TestSuite-&gt;run()
#150 C:\laragon\www\CarRentSystem\vendor\phpunit\phpunit\src\TextUI\TestRunner.php(64): PHPUnit\Framework\TestSuite-&gt;run()
#151 C:\laragon\www\CarRentSystem\vendor\phpunit\phpunit\src\TextUI\Application.php(229): PHPUnit\TextUI\TestRunner-&gt;run(Object(PHPUnit\TextUI\Configuration\Configuration), Object(PHPUnit\Runner\ResultCache\DefaultResultCache), Object(PHPUnit\Framework\TestSuite))
#152 C:\laragon\www\CarRentSystem\vendor\pestphp\pest\src\Kernel.php(103): PHPUnit\TextUI\Application-&gt;run(Array)
#153 C:\laragon\www\CarRentSystem\vendor\pestphp\pest\bin\pest(184): Pest\Kernel-&gt;handle(Array, Array)
#154 C:\laragon\www\CarRentSystem\vendor\pestphp\pest\bin\pest(192): {closure:C:\laragon\www\CarRentSystem\vendor\pestphp\pest\bin\pest:18}()
#155 C:\laragon\www\CarRentSystem\vendor\bin\pest(119): include('C:\\laragon\\www\\...')
#156 {main}

Next Illuminate\Database\QueryException: SQLSTATE[HY000]: General error: 1 no such column: activity_log.name (Connection: sqlite, SQL: select "activity_log"."name", "" from "activity_log" order by "activity_log"."name" asc limit 50) in C:\laragon\www\CarRentSystem\vendor\laravel\framework\src\Illuminate\Database\Connection.php:824
Stack trace:
#0 C:\laragon\www\CarRentSystem\vendor\laravel\framework\src\Illuminate\Database\Connection.php(778): Illuminate\Database\Connection-&gt;runQueryCallback('select "activit...', Array, Object(Closure))
#1 C:\laragon\www\CarRentSystem\vendor\laravel\framework\src\Illuminate\Database\Connection.php(397): Illuminate\Database\Connection-&gt;run('select "activit...', Array, Object(Closure))
#2 C:\laragon\www\CarRentSystem\vendor\laravel\framework\src\Illuminate\Database\Query\Builder.php(3188): Illuminate\Database\Connection-&gt;select('select "activit...', Array, true)
#3 C:\laragon\www\CarRentSystem\vendor\laravel\framework\src\Illuminate\Database\Query\Builder.php(3446): Illuminate\Database\Query\Builder-&gt;runSelect()
#4 C:\laragon\www\CarRentSystem\vendor\laravel\framework\src\Illuminate\Database\Query\Builder.php(3763): Illuminate\Database\Query\Builder-&gt;{closure:Illuminate\Database\Query\Builder::pluck():3444}()
#5 C:\laragon\www\CarRentSystem\vendor\laravel\framework\src\Illuminate\Database\Query\Builder.php(3442): Illuminate\Database\Query\Builder-&gt;onceWithColumns(Array, Object(Closure))
#6 C:\laragon\www\CarRentSystem\vendor\laravel\framework\src\Illuminate\Database\Eloquent\Builder.php(1082): Illuminate\Database\Query\Builder-&gt;pluck('activity_log.na...', '')
#7 C:\laragon\www\CarRentSystem\vendor\filament\tables\src\Filters\SelectFilter.php(454): Illuminate\Database\Eloquent\Builder-&gt;pluck('activity_log.na...', '')
#8 C:\laragon\www\CarRentSystem\vendor\filament\support\src\Concerns\EvaluatesClosures.php(36): Filament\Tables\Filters\SelectFilter-&gt;{closure:Filament\Tables\Filters\SelectFilter::getFormField():391}(Object(Filament\Forms\Components\Select))
#9 C:\laragon\www\CarRentSystem\vendor\filament\forms\src\Components\Concerns\HasOptions.php(36): Filament\Support\Components\Component-&gt;evaluate(Object(Closure))
#10 C:\laragon\www\CarRentSystem\vendor\filament\forms\src\Components\Select.php(708): Filament\Forms\Components\Select-&gt;getOptions()
#11 C:\laragon\www\CarRentSystem\storage\framework\views\785d21797565f791af709268f8dfbe8e.php(182): Filament\Forms\Components\Select-&gt;getOptionsForJs()
#12 C:\laragon\www\CarRentSystem\vendor\livewire\livewire\src\Mechanisms\ExtendBlade\ExtendedCompilerEngine.php(37): include('C:\\laragon\\www\\...')
#13 C:\laragon\www\CarRentSystem\vendor\livewire\livewire\src\Mechanisms\ExtendBlade\ExtendedCompilerEngine.php(38): App\Filament\Resources\ActivityLogResource\Pages\ListActivityLogs-&gt;{closure:Livewire\Mechanisms\ExtendBlade\ExtendedCompilerEngine::evaluatePath():35}()
#14 C:\laragon\www\CarRentSystem\vendor\laravel\framework\src\Illuminate\View\Engines\CompilerEngine.php(76): Livewire\Mechanisms\ExtendBlade\ExtendedCompilerEngine-&gt;evaluatePath('C:\\laragon\\www\\...', Array)
#15 C:\laragon\www\CarRentSystem\vendor\livewire\livewire\src\Mechanisms\ExtendBlade\ExtendedCompilerEngine.php(16): Illuminate\View\Engines\CompilerEngine-&gt;get('C:\\laragon\\www\\...', Array)
#16 C:\laragon\www\CarRentSystem\vendor\laravel\framework\src\Illuminate\View\View.php(208): Livewire\Mechanisms\ExtendBlade\ExtendedCompilerEngine-&gt;get('C:\\laragon\\www\\...', Array)
#17 C:\laragon\www\CarRentSystem\vendor\laravel\framework\src\Illuminate\View\View.php(191): Illuminate\View\View-&gt;getContents()
#18 C:\laragon\www\CarRentSystem\vendor\laravel\framework\src\Illuminate\View\View.php(160): Illuminate\View\View-&gt;renderContents()
#19 C:\laragon\www\CarRentSystem\vendor\filament\support\src\Components\ViewComponent.php(125): Illuminate\View\View-&gt;render()
#20 C:\laragon\www\CarRentSystem\vendor\filament\schemas\src\Components\Component.php(221): Filament\Support\Components\ViewComponent-&gt;toHtml()
#21 C:\laragon\www\CarRentSystem\vendor\filament\schemas\src\Schema.php(205): Filament\Schemas\Components\Component-&gt;toSchemaHtml(true)
#22 C:\laragon\www\CarRentSystem\vendor\filament\support\src\Components\ViewComponent.php(122): Filament\Schemas\Schema-&gt;toEmbeddedHtml()
#23 C:\laragon\www\CarRentSystem\vendor\laravel\framework\src\Illuminate\Support\helpers.php(130): Filament\Support\Components\ViewComponent-&gt;toHtml()
#24 C:\laragon\www\CarRentSystem\storage\framework\views\5110ca74321f0dcab372f3d94aa125c2.php(9): e(Object(Filament\Schemas\Schema))
#25 C:\laragon\www\CarRentSystem\vendor\livewire\livewire\src\Mechanisms\ExtendBlade\ExtendedCompilerEngine.php(37): include('C:\\laragon\\www\\...')
#26 C:\laragon\www\CarRentSystem\vendor\livewire\livewire\src\Mechanisms\ExtendBlade\ExtendedCompilerEngine.php(38): App\Filament\Resources\ActivityLogResource\Pages\ListActivityLogs-&gt;{closure:Livewire\Mechanisms\ExtendBlade\ExtendedCompilerEngine::evaluatePath():35}()
#27 C:\laragon\www\CarRentSystem\vendor\laravel\framework\src\Illuminate\View\Engines\CompilerEngine.php(76): Livewire\Mechanisms\ExtendBlade\ExtendedCompilerEngine-&gt;evaluatePath('C:\\laragon\\www\\...', Array)
#28 C:\laragon\www\CarRentSystem\vendor\livewire\livewire\src\Mechanisms\ExtendBlade\ExtendedCompilerEngine.php(16): Illuminate\View\Engines\CompilerEngine-&gt;get('C:\\laragon\\www\\...', Array)
#29 C:\laragon\www\CarRentSystem\vendor\laravel\framework\src\Illuminate\View\View.php(208): Livewire\Mechanisms\ExtendBlade\ExtendedCompilerEngine-&gt;get('C:\\laragon\\www\\...', Array)
#30 C:\laragon\www\CarRentSystem\vendor\laravel\framework\src\Illuminate\View\View.php(191): Illuminate\View\View-&gt;getContents()
#31 C:\laragon\www\CarRentSystem\vendor\laravel\framework\src\Illuminate\View\View.php(160): Illuminate\View\View-&gt;renderContents()
#32 C:\laragon\www\CarRentSystem\vendor\filament\support\src\Components\ViewComponent.php(125): Illuminate\View\View-&gt;render()
#33 C:\laragon\www\CarRentSystem\vendor\filament\schemas\src\Components\Component.php(221): Filament\Support\Components\ViewComponent-&gt;toHtml()
#34 C:\laragon\www\CarRentSystem\vendor\filament\schemas\src\Schema.php(205): Filament\Schemas\Components\Component-&gt;toSchemaHtml(true)
#35 C:\laragon\www\CarRentSystem\vendor\filament\support\src\Components\ViewComponent.php(122): Filament\Schemas\Schema-&gt;toEmbeddedHtml()
#36 C:\laragon\www\CarRentSystem\vendor\laravel\framework\src\Illuminate\Support\helpers.php(130): Filament\Support\Components\ViewComponent-&gt;toHtml()
#37 C:\laragon\www\CarRentSystem\storage\framework\views\1a3d3d822b7060b360e0a4f4cc781bd5.php(92): e(Object(Filament\Schemas\Schema))
#38 C:\laragon\www\CarRentSystem\vendor\livewire\livewire\src\Mechanisms\ExtendBlade\ExtendedCompilerEngine.php(37): include('C:\\laragon\\www\\...')
#39 C:\laragon\www\CarRentSystem\vendor\livewire\livewire\src\Mechanisms\ExtendBlade\ExtendedCompilerEngine.php(38): App\Filament\Resources\ActivityLogResource\Pages\ListActivityLogs-&gt;{closure:Livewire\Mechanisms\ExtendBlade\ExtendedCompilerEngine::evaluatePath():35}()
#40 C:\laragon\www\CarRentSystem\vendor\laravel\framework\src\Illuminate\View\Engines\CompilerEngine.php(76): Livewire\Mechanisms\ExtendBlade\ExtendedCompilerEngine-&gt;evaluatePath('C:\\laragon\\www\\...', Array)
#41 C:\laragon\www\CarRentSystem\vendor\livewire\livewire\src\Mechanisms\ExtendBlade\ExtendedCompilerEngine.php(16): Illuminate\View\Engines\CompilerEngine-&gt;get('C:\\laragon\\www\\...', Array)
#42 C:\laragon\www\CarRentSystem\vendor\laravel\framework\src\Illuminate\View\View.php(208): Livewire\Mechanisms\ExtendBlade\ExtendedCompilerEngine-&gt;get('C:\\laragon\\www\\...', Array)
#43 C:\laragon\www\CarRentSystem\vendor\laravel\framework\src\Illuminate\View\View.php(191): Illuminate\View\View-&gt;getContents()
#44 C:\laragon\www\CarRentSystem\vendor\laravel\framework\src\Illuminate\View\View.php(160): Illuminate\View\View-&gt;renderContents()
#45 C:\laragon\www\CarRentSystem\vendor\laravel\framework\src\Illuminate\View\Concerns\ManagesComponents.php(103): Illuminate\View\View-&gt;render()
#46 C:\laragon\www\CarRentSystem\storage\framework\views\63d0da9e86cc349a52193e89442d61e4.php(727): Illuminate\View\Factory-&gt;renderComponent()
#47 C:\laragon\www\CarRentSystem\vendor\livewire\livewire\src\Mechanisms\ExtendBlade\ExtendedCompilerEngine.php(37): include('C:\\laragon\\www\\...')
#48 C:\laragon\www\CarRentSystem\vendor\livewire\livewire\src\Mechanisms\ExtendBlade\ExtendedCompilerEngine.php(38): App\Filament\Resources\ActivityLogResource\Pages\ListActivityLogs-&gt;{closure:Livewire\Mechanisms\ExtendBlade\ExtendedCompilerEngine::evaluatePath():35}()
#49 C:\laragon\www\CarRentSystem\vendor\laravel\framework\src\Illuminate\View\Engines\CompilerEngine.php(76): Livewire\Mechanisms\ExtendBlade\ExtendedCompilerEngine-&gt;evaluatePath('C:\\laragon\\www\\...', Array)
#50 C:\laragon\www\CarRentSystem\vendor\livewire\livewire\src\Mechanisms\ExtendBlade\ExtendedCompilerEngine.php(16): Illuminate\View\Engines\CompilerEngine-&gt;get('C:\\laragon\\www\\...', Array)
#51 C:\laragon\www\CarRentSystem\vendor\laravel\framework\src\Illuminate\View\View.php(208): Livewire\Mechanisms\ExtendBlade\ExtendedCompilerEngine-&gt;get('C:\\laragon\\www\\...', Array)
#52 C:\laragon\www\CarRentSystem\vendor\laravel\framework\src\Illuminate\View\View.php(191): Illuminate\View\View-&gt;getContents()
#53 C:\laragon\www\CarRentSystem\vendor\laravel\framework\src\Illuminate\View\View.php(160): Illuminate\View\View-&gt;renderContents()
#54 C:\laragon\www\CarRentSystem\vendor\filament\support\src\Components\ViewComponent.php(125): Illuminate\View\View-&gt;render()
#55 C:\laragon\www\CarRentSystem\vendor\filament\schemas\src\Components\Component.php(221): Filament\Support\Components\ViewComponent-&gt;toHtml()
#56 C:\laragon\www\CarRentSystem\vendor\filament\schemas\src\Schema.php(205): Filament\Schemas\Components\Component-&gt;toSchemaHtml(true)
#57 C:\laragon\www\CarRentSystem\vendor\filament\support\src\Components\ViewComponent.php(122): Filament\Schemas\Schema-&gt;toEmbeddedHtml()
#58 C:\laragon\www\CarRentSystem\vendor\laravel\framework\src\Illuminate\Support\helpers.php(130): Filament\Support\Components\ViewComponent-&gt;toHtml()
#59 C:\laragon\www\CarRentSystem\storage\framework\views\440b755faea75388110fdd3acae41dc5.php(11): e(Object(Filament\Schemas\Schema))
#60 C:\laragon\www\CarRentSystem\vendor\livewire\livewire\src\Mechanisms\ExtendBlade\ExtendedCompilerEngine.php(37): include('C:\\laragon\\www\\...')
#61 C:\laragon\www\CarRentSystem\vendor\livewire\livewire\src\Mechanisms\ExtendBlade\ExtendedCompilerEngine.php(38): App\Filament\Resources\ActivityLogResource\Pages\ListActivityLogs-&gt;{closure:Livewire\Mechanisms\ExtendBlade\ExtendedCompilerEngine::evaluatePath():35}()
#62 C:\laragon\www\CarRentSystem\vendor\laravel\framework\src\Illuminate\View\Engines\CompilerEngine.php(76): Livewire\Mechanisms\ExtendBlade\ExtendedCompilerEngine-&gt;evaluatePath('C:\\laragon\\www\\...', Array)
#63 C:\laragon\www\CarRentSystem\vendor\livewire\livewire\src\Mechanisms\ExtendBlade\ExtendedCompilerEngine.php(16): Illuminate\View\Engines\CompilerEngine-&gt;get('C:\\laragon\\www\\...', Array)
#64 C:\laragon\www\CarRentSystem\vendor\laravel\framework\src\Illuminate\View\View.php(208): Livewire\Mechanisms\ExtendBlade\ExtendedCompilerEngine-&gt;get('C:\\laragon\\www\\...', Array)
#65 C:\laragon\www\CarRentSystem\vendor\laravel\framework\src\Illuminate\View\View.php(191): Illuminate\View\View-&gt;getContents()
#66 C:\laragon\www\CarRentSystem\vendor\laravel\framework\src\Illuminate\View\View.php(160): Illuminate\View\View-&gt;renderContents()
#67 C:\laragon\www\CarRentSystem\vendor\livewire\livewire\src\Mechanisms\HandleComponents\HandleComponents.php(259): Illuminate\View\View-&gt;render(Object(Closure))
#68 C:\laragon\www\CarRentSystem\vendor\livewire\livewire\src\Mechanisms\HandleComponents\HandleComponents.php(303): Livewire\Mechanisms\HandleComponents\HandleComponents-&gt;{closure:Livewire\Mechanisms\HandleComponents\HandleComponents::render():251}()
#69 C:\laragon\www\CarRentSystem\vendor\livewire\livewire\src\Mechanisms\HandleComponents\HandleComponents.php(251): Livewire\Mechanisms\HandleComponents\HandleComponents-&gt;trackInRenderStack(Object(App\Filament\Resources\ActivityLogResource\Pages\ListActivityLogs), Object(Closure))
#70 C:\laragon\www\CarRentSystem\vendor\livewire\livewire\src\Mechanisms\HandleComponents\HandleComponents.php(54): Livewire\Mechanisms\HandleComponents\HandleComponents-&gt;render(Object(App\Filament\Resources\ActivityLogResource\Pages\ListActivityLogs), '&lt;div&gt;&lt;/div&gt;')
#71 C:\laragon\www\CarRentSystem\vendor\livewire\livewire\src\LivewireManager.php(73): Livewire\Mechanisms\HandleComponents\HandleComponents-&gt;mount('App\\Filament\\Re...', Array, NULL)
#72 C:\laragon\www\CarRentSystem\vendor\livewire\livewire\src\Features\SupportPageComponents\HandlesPageComponents.php(17): Livewire\LivewireManager-&gt;mount('App\\Filament\\Re...', Array)
#73 C:\laragon\www\CarRentSystem\vendor\livewire\livewire\src\Features\SupportPageComponents\SupportPageComponents.php(117): Livewire\Component-&gt;{closure:Livewire\Features\SupportPageComponents\HandlesPageComponents::__invoke():14}()
#74 C:\laragon\www\CarRentSystem\vendor\livewire\livewire\src\Features\SupportPageComponents\HandlesPageComponents.php(14): Livewire\Features\SupportPageComponents\SupportPageComponents::interceptTheRenderOfTheComponentAndRetreiveTheLayoutConfiguration(Object(Closure))
#75 C:\laragon\www\CarRentSystem\vendor\laravel\framework\src\Illuminate\Routing\ControllerDispatcher.php(46): Livewire\Component-&gt;__invoke()
#76 C:\laragon\www\CarRentSystem\vendor\laravel\framework\src\Illuminate\Routing\Route.php(265): Illuminate\Routing\ControllerDispatcher-&gt;dispatch(Object(Illuminate\Routing\Route), Object(App\Filament\Resources\ActivityLogResource\Pages\ListActivityLogs), '__invoke')
#77 C:\laragon\www\CarRentSystem\vendor\laravel\framework\src\Illuminate\Routing\Route.php(211): Illuminate\Routing\Route-&gt;runController()
#78 C:\laragon\www\CarRentSystem\vendor\laravel\framework\src\Illuminate\Routing\Router.php(822): Illuminate\Routing\Route-&gt;run()
#79 C:\laragon\www\CarRentSystem\vendor\laravel\framework\src\Illuminate\Pipeline\Pipeline.php(180): Illuminate\Routing\Router-&gt;{closure:Illuminate\Routing\Router::runRouteWithinStack():821}(Object(Illuminate\Http\Request))
#80 C:\laragon\www\CarRentSystem\vendor\filament\filament\src\Http\Middleware\DispatchServingFilamentEvent.php(15): Illuminate\Pipeline\Pipeline-&gt;{closure:Illuminate\Pipeline\Pipeline::prepareDestination():178}(Object(Illuminate\Http\Request))
#81 C:\laragon\www\CarRentSystem\vendor\laravel\framework\src\Illuminate\Pipeline\Pipeline.php(219): Filament\Http\Middleware\DispatchServingFilamentEvent-&gt;handle(Object(Illuminate\Http\Request), Object(Closure))
#82 C:\laragon\www\CarRentSystem\vendor\filament\filament\src\Http\Middleware\DisableBladeIconComponents.php(14): Illuminate\Pipeline\Pipeline-&gt;{closure:{closure:Illuminate\Pipeline\Pipeline::carry():194}:195}(Object(Illuminate\Http\Request))
#83 C:\laragon\www\CarRentSystem\vendor\laravel\framework\src\Illuminate\Pipeline\Pipeline.php(219): Filament\Http\Middleware\DisableBladeIconComponents-&gt;handle(Object(Illuminate\Http\Request), Object(Closure))
#84 C:\laragon\www\CarRentSystem\app\Http\Middleware\LocalizationMiddleware.php(41): Illuminate\Pipeline\Pipeline-&gt;{closure:{closure:Illuminate\Pipeline\Pipeline::carry():194}:195}(Object(Illuminate\Http\Request))
#85 C:\laragon\www\CarRentSystem\vendor\laravel\framework\src\Illuminate\Pipeline\Pipeline.php(219): App\Http\Middleware\LocalizationMiddleware-&gt;handle(Object(Illuminate\Http\Request), Object(Closure))
#86 C:\laragon\www\CarRentSystem\vendor\laravel\framework\src\Illuminate\Routing\Middleware\SubstituteBindings.php(50): Illuminate\Pipeline\Pipeline-&gt;{closure:{closure:Illuminate\Pipeline\Pipeline::carry():194}:195}(Object(Illuminate\Http\Request))
#87 C:\laragon\www\CarRentSystem\vendor\laravel\framework\src\Illuminate\Pipeline\Pipeline.php(219): Illuminate\Routing\Middleware\SubstituteBindings-&gt;handle(Object(Illuminate\Http\Request), Object(Closure))
#88 C:\laragon\www\CarRentSystem\vendor\laravel\framework\src\Illuminate\Auth\Middleware\Authenticate.php(63): Illuminate\Pipeline\Pipeline-&gt;{closure:{closure:Illuminate\Pipeline\Pipeline::carry():194}:195}(Object(Illuminate\Http\Request))
#89 C:\laragon\www\CarRentSystem\vendor\laravel\framework\src\Illuminate\Pipeline\Pipeline.php(219): Illuminate\Auth\Middleware\Authenticate-&gt;handle(Object(Illuminate\Http\Request), Object(Closure))
#90 C:\laragon\www\CarRentSystem\vendor\laravel\framework\src\Illuminate\View\Middleware\ShareErrorsFromSession.php(48): Illuminate\Pipeline\Pipeline-&gt;{closure:{closure:Illuminate\Pipeline\Pipeline::carry():194}:195}(Object(Illuminate\Http\Request))
#91 C:\laragon\www\CarRentSystem\vendor\laravel\framework\src\Illuminate\Pipeline\Pipeline.php(219): Illuminate\View\Middleware\ShareErrorsFromSession-&gt;handle(Object(Illuminate\Http\Request), Object(Closure))
#92 C:\laragon\www\CarRentSystem\vendor\laravel\framework\src\Illuminate\Session\Middleware\StartSession.php(120): Illuminate\Pipeline\Pipeline-&gt;{closure:{closure:Illuminate\Pipeline\Pipeline::carry():194}:195}(Object(Illuminate\Http\Request))
#93 C:\laragon\www\CarRentSystem\vendor\laravel\framework\src\Illuminate\Session\Middleware\StartSession.php(63): Illuminate\Session\Middleware\StartSession-&gt;handleStatefulRequest(Object(Illuminate\Http\Request), Object(Illuminate\Session\Store), Object(Closure))
#94 C:\laragon\www\CarRentSystem\vendor\laravel\framework\src\Illuminate\Pipeline\Pipeline.php(219): Illuminate\Session\Middleware\StartSession-&gt;handle(Object(Illuminate\Http\Request), Object(Closure))
#95 C:\laragon\www\CarRentSystem\vendor\laravel\framework\src\Illuminate\Cookie\Middleware\AddQueuedCookiesToResponse.php(36): Illuminate\Pipeline\Pipeline-&gt;{closure:{closure:Illuminate\Pipeline\Pipeline::carry():194}:195}(Object(Illuminate\Http\Request))
#96 C:\laragon\www\CarRentSystem\vendor\laravel\framework\src\Illuminate\Pipeline\Pipeline.php(219): Illuminate\Cookie\Middleware\AddQueuedCookiesToResponse-&gt;handle(Object(Illuminate\Http\Request), Object(Closure))
#97 C:\laragon\www\CarRentSystem\vendor\laravel\framework\src\Illuminate\Cookie\Middleware\EncryptCookies.php(74): Illuminate\Pipeline\Pipeline-&gt;{closure:{closure:Illuminate\Pipeline\Pipeline::carry():194}:195}(Object(Illuminate\Http\Request))
#98 C:\laragon\www\CarRentSystem\vendor\laravel\framework\src\Illuminate\Pipeline\Pipeline.php(219): Illuminate\Cookie\Middleware\EncryptCookies-&gt;handle(Object(Illuminate\Http\Request), Object(Closure))
#99 C:\laragon\www\CarRentSystem\vendor\filament\filament\src\Http\Middleware\SetUpPanel.php(19): Illuminate\Pipeline\Pipeline-&gt;{closure:{closure:Illuminate\Pipeline\Pipeline::carry():194}:195}(Object(Illuminate\Http\Request))
#100 C:\laragon\www\CarRentSystem\vendor\laravel\framework\src\Illuminate\Pipeline\Pipeline.php(219): Filament\Http\Middleware\SetUpPanel-&gt;handle(Object(Illuminate\Http\Request), Object(Closure), Object(Filament\Panel))
#101 C:\laragon\www\CarRentSystem\vendor\laravel\framework\src\Illuminate\Pipeline\Pipeline.php(137): Illuminate\Pipeline\Pipeline-&gt;{closure:{closure:Illuminate\Pipeline\Pipeline::carry():194}:195}(Object(Illuminate\Http\Request))
#102 C:\laragon\www\CarRentSystem\vendor\laravel\framework\src\Illuminate\Routing\Router.php(821): Illuminate\Pipeline\Pipeline-&gt;then(Object(Closure))
#103 C:\laragon\www\CarRentSystem\vendor\laravel\framework\src\Illuminate\Routing\Router.php(800): Illuminate\Routing\Router-&gt;runRouteWithinStack(Object(Illuminate\Routing\Route), Object(Illuminate\Http\Request))
#104 C:\laragon\www\CarRentSystem\vendor\laravel\framework\src\Illuminate\Routing\Router.php(764): Illuminate\Routing\Router-&gt;runRoute(Object(Illuminate\Http\Request), Object(Illuminate\Routing\Route))
#105 C:\laragon\www\CarRentSystem\vendor\laravel\framework\src\Illuminate\Routing\Router.php(753): Illuminate\Routing\Router-&gt;dispatchToRoute(Object(Illuminate\Http\Request))
#106 C:\laragon\www\CarRentSystem\vendor\laravel\framework\src\Illuminate\Foundation\Http\Kernel.php(200): Illuminate\Routing\Router-&gt;dispatch(Object(Illuminate\Http\Request))
#107 C:\laragon\www\CarRentSystem\vendor\laravel\framework\src\Illuminate\Pipeline\Pipeline.php(180): Illuminate\Foundation\Http\Kernel-&gt;{closure:Illuminate\Foundation\Http\Kernel::dispatchToRouter():197}(Object(Illuminate\Http\Request))
#108 C:\laragon\www\CarRentSystem\vendor\livewire\livewire\src\Features\SupportDisablingBackButtonCache\DisableBackButtonCacheMiddleware.php(19): Illuminate\Pipeline\Pipeline-&gt;{closure:Illuminate\Pipeline\Pipeline::prepareDestination():178}(Object(Illuminate\Http\Request))
#109 C:\laragon\www\CarRentSystem\vendor\laravel\framework\src\Illuminate\Pipeline\Pipeline.php(219): Livewire\Features\SupportDisablingBackButtonCache\DisableBackButtonCacheMiddleware-&gt;handle(Object(Illuminate\Http\Request), Object(Closure))
#110 C:\laragon\www\CarRentSystem\vendor\laravel\framework\src\Illuminate\Foundation\Http\Middleware\TransformsRequest.php(21): Illuminate\Pipeline\Pipeline-&gt;{closure:{closure:Illuminate\Pipeline\Pipeline::carry():194}:195}(Object(Illuminate\Http\Request))
#111 C:\laragon\www\CarRentSystem\vendor\laravel\framework\src\Illuminate\Foundation\Http\Middleware\ConvertEmptyStringsToNull.php(31): Illuminate\Foundation\Http\Middleware\TransformsRequest-&gt;handle(Object(Illuminate\Http\Request), Object(Closure))
#112 C:\laragon\www\CarRentSystem\vendor\laravel\framework\src\Illuminate\Pipeline\Pipeline.php(219): Illuminate\Foundation\Http\Middleware\ConvertEmptyStringsToNull-&gt;handle(Object(Illuminate\Http\Request), Object(Closure))
#113 C:\laragon\www\CarRentSystem\vendor\laravel\framework\src\Illuminate\Foundation\Http\Middleware\TransformsRequest.php(21): Illuminate\Pipeline\Pipeline-&gt;{closure:{closure:Illuminate\Pipeline\Pipeline::carry():194}:195}(Object(Illuminate\Http\Request))
#114 C:\laragon\www\CarRentSystem\vendor\laravel\framework\src\Illuminate\Foundation\Http\Middleware\TrimStrings.php(51): Illuminate\Foundation\Http\Middleware\TransformsRequest-&gt;handle(Object(Illuminate\Http\Request), Object(Closure))
#115 C:\laragon\www\CarRentSystem\vendor\laravel\framework\src\Illuminate\Pipeline\Pipeline.php(219): Illuminate\Foundation\Http\Middleware\TrimStrings-&gt;handle(Object(Illuminate\Http\Request), Object(Closure))
#116 C:\laragon\www\CarRentSystem\vendor\laravel\framework\src\Illuminate\Http\Middleware\ValidatePostSize.php(27): Illuminate\Pipeline\Pipeline-&gt;{closure:{closure:Illuminate\Pipeline\Pipeline::carry():194}:195}(Object(Illuminate\Http\Request))
#117 C:\laragon\www\CarRentSystem\vendor\laravel\framework\src\Illuminate\Pipeline\Pipeline.php(219): Illuminate\Http\Middleware\ValidatePostSize-&gt;handle(Object(Illuminate\Http\Request), Object(Closure))
#118 C:\laragon\www\CarRentSystem\vendor\laravel\framework\src\Illuminate\Foundation\Http\Middleware\PreventRequestsDuringMaintenance.php(109): Illuminate\Pipeline\Pipeline-&gt;{closure:{closure:Illuminate\Pipeline\Pipeline::carry():194}:195}(Object(Illuminate\Http\Request))
#119 C:\laragon\www\CarRentSystem\vendor\laravel\framework\src\Illuminate\Pipeline\Pipeline.php(219): Illuminate\Foundation\Http\Middleware\PreventRequestsDuringMaintenance-&gt;handle(Object(Illuminate\Http\Request), Object(Closure))
#120 C:\laragon\www\CarRentSystem\vendor\laravel\framework\src\Illuminate\Http\Middleware\HandleCors.php(61): Illuminate\Pipeline\Pipeline-&gt;{closure:{closure:Illuminate\Pipeline\Pipeline::carry():194}:195}(Object(Illuminate\Http\Request))
#121 C:\laragon\www\CarRentSystem\vendor\laravel\framework\src\Illuminate\Pipeline\Pipeline.php(219): Illuminate\Http\Middleware\HandleCors-&gt;handle(Object(Illuminate\Http\Request), Object(Closure))
#122 C:\laragon\www\CarRentSystem\vendor\laravel\framework\src\Illuminate\Http\Middleware\TrustProxies.php(58): Illuminate\Pipeline\Pipeline-&gt;{closure:{closure:Illuminate\Pipeline\Pipeline::carry():194}:195}(Object(Illuminate\Http\Request))
#123 C:\laragon\www\CarRentSystem\vendor\laravel\framework\src\Illuminate\Pipeline\Pipeline.php(219): Illuminate\Http\Middleware\TrustProxies-&gt;handle(Object(Illuminate\Http\Request), Object(Closure))
#124 C:\laragon\www\CarRentSystem\vendor\laravel\framework\src\Illuminate\Foundation\Http\Middleware\InvokeDeferredCallbacks.php(22): Illuminate\Pipeline\Pipeline-&gt;{closure:{closure:Illuminate\Pipeline\Pipeline::carry():194}:195}(Object(Illuminate\Http\Request))
#125 C:\laragon\www\CarRentSystem\vendor\laravel\framework\src\Illuminate\Pipeline\Pipeline.php(219): Illuminate\Foundation\Http\Middleware\InvokeDeferredCallbacks-&gt;handle(Object(Illuminate\Http\Request), Object(Closure))
#126 C:\laragon\www\CarRentSystem\vendor\laravel\framework\src\Illuminate\Http\Middleware\ValidatePathEncoding.php(26): Illuminate\Pipeline\Pipeline-&gt;{closure:{closure:Illuminate\Pipeline\Pipeline::carry():194}:195}(Object(Illuminate\Http\Request))
#127 C:\laragon\www\CarRentSystem\vendor\laravel\framework\src\Illuminate\Pipeline\Pipeline.php(219): Illuminate\Http\Middleware\ValidatePathEncoding-&gt;handle(Object(Illuminate\Http\Request), Object(Closure))
#128 C:\laragon\www\CarRentSystem\vendor\laravel\framework\src\Illuminate\Pipeline\Pipeline.php(137): Illuminate\Pipeline\Pipeline-&gt;{closure:{closure:Illuminate\Pipeline\Pipeline::carry():194}:195}(Object(Illuminate\Http\Request))
#129 C:\laragon\www\CarRentSystem\vendor\laravel\framework\src\Illuminate\Foundation\Http\Kernel.php(175): Illuminate\Pipeline\Pipeline-&gt;then(Object(Closure))
#130 C:\laragon\www\CarRentSystem\vendor\laravel\framework\src\Illuminate\Foundation\Http\Kernel.php(144): Illuminate\Foundation\Http\Kernel-&gt;sendRequestThroughRouter(Object(Illuminate\Http\Request))
#131 C:\laragon\www\CarRentSystem\vendor\laravel\framework\src\Illuminate\Foundation\Testing\Concerns\MakesHttpRequests.php(607): Illuminate\Foundation\Http\Kernel-&gt;handle(Object(Illuminate\Http\Request))
#132 C:\laragon\www\CarRentSystem\vendor\laravel\framework\src\Illuminate\Foundation\Testing\Concerns\MakesHttpRequests.php(368): Illuminate\Foundation\Testing\TestCase-&gt;call('GET', '/admin/activity...', Array, Array, Array, Array)
#133 C:\laragon\www\CarRentSystem\tests\Feature\ActivityLogManagementTest.php(25): Illuminate\Foundation\Testing\TestCase-&gt;get('/admin/activity...')
#134 C:\laragon\www\CarRentSystem\vendor\pestphp\pest\src\Factories\TestCaseMethodFactory.php(168): P\Tests\Feature\ActivityLogManagementTest-&gt;{closure:{closure:{closure:C:\laragon\www\CarRentSystem\tests\Feature\ActivityLogManagementTest.php:13}:20}:21}()
#135 [internal function]: P\Tests\Feature\ActivityLogManagementTest-&gt;{closure:Pest\Factories\TestCaseMethodFactory::getClosure():158}()
#136 C:\laragon\www\CarRentSystem\vendor\pestphp\pest\src\Concerns\Testable.php(429): call_user_func_array(Object(Closure), Array)
#137 C:\laragon\www\CarRentSystem\vendor\pestphp\pest\src\Support\ExceptionTrace.php(26): P\Tests\Feature\ActivityLogManagementTest-&gt;{closure:Pest\Concerns\Testable::__callClosure():429}()
#138 C:\laragon\www\CarRentSystem\vendor\pestphp\pest\src\Concerns\Testable.php(429): Pest\Support\ExceptionTrace::ensure(Object(Closure))
#139 C:\laragon\www\CarRentSystem\vendor\pestphp\pest\src\Concerns\Testable.php(331): P\Tests\Feature\ActivityLogManagementTest-&gt;__callClosure(Object(Closure), Array)
#140 C:\laragon\www\CarRentSystem\vendor\pestphp\pest\src\Factories\TestCaseFactory.php(169) : eval()'d code(17): P\Tests\Feature\ActivityLogManagementTest-&gt;__runTest(Object(Closure))
#141 C:\laragon\www\CarRentSystem\vendor\phpunit\phpunit\src\Framework\TestCase.php(1316): P\Tests\Feature\ActivityLogManagementTest-&gt;__pest_evaluable__Activity_Log_Management__→__Activity_Log_Listing__→_it_allows_admin_to_view_all_activity_logs()
#142 C:\laragon\www\CarRentSystem\vendor\phpunit\phpunit\src\Framework\TestCase.php(516): PHPUnit\Framework\TestCase-&gt;runTest()
#143 C:\laragon\www\CarRentSystem\vendor\phpunit\phpunit\src\Framework\TestRunner\TestRunner.php(99): PHPUnit\Framework\TestCase-&gt;runBare()
#144 C:\laragon\www\CarRentSystem\vendor\phpunit\phpunit\src\Framework\TestCase.php(357): PHPUnit\Framework\TestRunner-&gt;run(Object(P\Tests\Feature\ActivityLogManagementTest))
#145 C:\laragon\www\CarRentSystem\vendor\phpunit\phpunit\src\Framework\TestSuite.php(374): PHPUnit\Framework\TestCase-&gt;run()
#146 C:\laragon\www\CarRentSystem\vendor\phpunit\phpunit\src\Framework\TestSuite.php(374): PHPUnit\Framework\TestSuite-&gt;run()
#147 C:\laragon\www\CarRentSystem\vendor\phpunit\phpunit\src\Framework\TestSuite.php(374): PHPUnit\Framework\TestSuite-&gt;run()
#148 C:\laragon\www\CarRentSystem\vendor\phpunit\phpunit\src\TextUI\TestRunner.php(64): PHPUnit\Framework\TestSuite-&gt;run()
#149 C:\laragon\www\CarRentSystem\vendor\phpunit\phpunit\src\TextUI\Application.php(229): PHPUnit\TextUI\TestRunner-&gt;run(Object(PHPUnit\TextUI\Configuration\Configuration), Object(PHPUnit\Runner\ResultCache\DefaultResultCache), Object(PHPUnit\Framework\TestSuite))
#150 C:\laragon\www\CarRentSystem\vendor\pestphp\pest\src\Kernel.php(103): PHPUnit\TextUI\Application-&gt;run(Array)
#151 C:\laragon\www\CarRentSystem\vendor\pestphp\pest\bin\pest(184): Pest\Kernel-&gt;handle(Array, Array)
#152 C:\laragon\www\CarRentSystem\vendor\pestphp\pest\bin\pest(192): {closure:C:\laragon\www\CarRentSystem\vendor\pestphp\pest\bin\pest:18}()
#153 C:\laragon\www\CarRentSystem\vendor\bin\pest(119): include('C:\\laragon\\www\\...')
#154 {main}

Next Illuminate\View\ViewException: SQLSTATE[HY000]: General error: 1 no such column: activity_log.name (Connection: sqlite, SQL: select "activity_log"."name", "" from "activity_log" order by "activity_log"."name" asc limit 50) (View: C:\laragon\www\CarRentSystem\vendor\filament\forms\resources\views\components\select.blade.php) in C:\laragon\www\CarRentSystem\vendor\laravel\framework\src\Illuminate\Database\Connection.php:824
Stack trace:
#0 C:\laragon\www\CarRentSystem\vendor\livewire\livewire\src\Mechanisms\ExtendBlade\ExtendedCompilerEngine.php(58): Illuminate\View\Engines\CompilerEngine-&gt;handleViewException(Object(Illuminate\Database\QueryException), 14)
#1 C:\laragon\www\CarRentSystem\vendor\livewire\livewire\src\Mechanisms\ExtendBlade\ExtendedCompilerEngine.php(40): Livewire\Mechanisms\ExtendBlade\ExtendedCompilerEngine-&gt;handleViewException(Object(Illuminate\Database\QueryException), 14)
#2 C:\laragon\www\CarRentSystem\vendor\laravel\framework\src\Illuminate\View\Engines\CompilerEngine.php(76): Livewire\Mechanisms\ExtendBlade\ExtendedCompilerEngine-&gt;evaluatePath('C:\\laragon\\www\\...', Array)
#3 C:\laragon\www\CarRentSystem\vendor\livewire\livewire\src\Mechanisms\ExtendBlade\ExtendedCompilerEngine.php(16): Illuminate\View\Engines\CompilerEngine-&gt;get('C:\\laragon\\www\\...', Array)
#4 C:\laragon\www\CarRentSystem\vendor\laravel\framework\src\Illuminate\View\View.php(208): Livewire\Mechanisms\ExtendBlade\ExtendedCompilerEngine-&gt;get('C:\\laragon\\www\\...', Array)
#5 C:\laragon\www\CarRentSystem\vendor\laravel\framework\src\Illuminate\View\View.php(191): Illuminate\View\View-&gt;getContents()
#6 C:\laragon\www\CarRentSystem\vendor\laravel\framework\src\Illuminate\View\View.php(160): Illuminate\View\View-&gt;renderContents()
#7 C:\laragon\www\CarRentSystem\vendor\filament\support\src\Components\ViewComponent.php(125): Illuminate\View\View-&gt;render()
#8 C:\laragon\www\CarRentSystem\vendor\filament\schemas\src\Components\Component.php(221): Filament\Support\Components\ViewComponent-&gt;toHtml()
#9 C:\laragon\www\CarRentSystem\vendor\filament\schemas\src\Schema.php(205): Filament\Schemas\Components\Component-&gt;toSchemaHtml(true)
#10 C:\laragon\www\CarRentSystem\vendor\filament\support\src\Components\ViewComponent.php(122): Filament\Schemas\Schema-&gt;toEmbeddedHtml()
#11 C:\laragon\www\CarRentSystem\vendor\laravel\framework\src\Illuminate\Support\helpers.php(130): Filament\Support\Components\ViewComponent-&gt;toHtml()
#12 C:\laragon\www\CarRentSystem\storage\framework\views\5110ca74321f0dcab372f3d94aa125c2.php(9): e(Object(Filament\Schemas\Schema))
#13 C:\laragon\www\CarRentSystem\vendor\livewire\livewire\src\Mechanisms\ExtendBlade\ExtendedCompilerEngine.php(37): include('C:\\laragon\\www\\...')
#14 C:\laragon\www\CarRentSystem\vendor\livewire\livewire\src\Mechanisms\ExtendBlade\ExtendedCompilerEngine.php(38): App\Filament\Resources\ActivityLogResource\Pages\ListActivityLogs-&gt;{closure:Livewire\Mechanisms\ExtendBlade\ExtendedCompilerEngine::evaluatePath():35}()
#15 C:\laragon\www\CarRentSystem\vendor\laravel\framework\src\Illuminate\View\Engines\CompilerEngine.php(76): Livewire\Mechanisms\ExtendBlade\ExtendedCompilerEngine-&gt;evaluatePath('C:\\laragon\\www\\...', Array)
#16 C:\laragon\www\CarRentSystem\vendor\livewire\livewire\src\Mechanisms\ExtendBlade\ExtendedCompilerEngine.php(16): Illuminate\View\Engines\CompilerEngine-&gt;get('C:\\laragon\\www\\...', Array)
#17 C:\laragon\www\CarRentSystem\vendor\laravel\framework\src\Illuminate\View\View.php(208): Livewire\Mechanisms\ExtendBlade\ExtendedCompilerEngine-&gt;get('C:\\laragon\\www\\...', Array)
#18 C:\laragon\www\CarRentSystem\vendor\laravel\framework\src\Illuminate\View\View.php(191): Illuminate\View\View-&gt;getContents()
#19 C:\laragon\www\CarRentSystem\vendor\laravel\framework\src\Illuminate\View\View.php(160): Illuminate\View\View-&gt;renderContents()
#20 C:\laragon\www\CarRentSystem\vendor\filament\support\src\Components\ViewComponent.php(125): Illuminate\View\View-&gt;render()
#21 C:\laragon\www\CarRentSystem\vendor\filament\schemas\src\Components\Component.php(221): Filament\Support\Components\ViewComponent-&gt;toHtml()
#22 C:\laragon\www\CarRentSystem\vendor\filament\schemas\src\Schema.php(205): Filament\Schemas\Components\Component-&gt;toSchemaHtml(true)
#23 C:\laragon\www\CarRentSystem\vendor\filament\support\src\Components\ViewComponent.php(122): Filament\Schemas\Schema-&gt;toEmbeddedHtml()
#24 C:\laragon\www\CarRentSystem\vendor\laravel\framework\src\Illuminate\Support\helpers.php(130): Filament\Support\Components\ViewComponent-&gt;toHtml()
#25 C:\laragon\www\CarRentSystem\storage\framework\views\1a3d3d822b7060b360e0a4f4cc781bd5.php(92): e(Object(Filament\Schemas\Schema))
#26 C:\laragon\www\CarRentSystem\vendor\livewire\livewire\src\Mechanisms\ExtendBlade\ExtendedCompilerEngine.php(37): include('C:\\laragon\\www\\...')
#27 C:\laragon\www\CarRentSystem\vendor\livewire\livewire\src\Mechanisms\ExtendBlade\ExtendedCompilerEngine.php(38): App\Filament\Resources\ActivityLogResource\Pages\ListActivityLogs-&gt;{closure:Livewire\Mechanisms\ExtendBlade\ExtendedCompilerEngine::evaluatePath():35}()
#28 C:\laragon\www\CarRentSystem\vendor\laravel\framework\src\Illuminate\View\Engines\CompilerEngine.php(76): Livewire\Mechanisms\ExtendBlade\ExtendedCompilerEngine-&gt;evaluatePath('C:\\laragon\\www\\...', Array)
#29 C:\laragon\www\CarRentSystem\vendor\livewire\livewire\src\Mechanisms\ExtendBlade\ExtendedCompilerEngine.php(16): Illuminate\View\Engines\CompilerEngine-&gt;get('C:\\laragon\\www\\...', Array)
#30 C:\laragon\www\CarRentSystem\vendor\laravel\framework\src\Illuminate\View\View.php(208): Livewire\Mechanisms\ExtendBlade\ExtendedCompilerEngine-&gt;get('C:\\laragon\\www\\...', Array)
#31 C:\laragon\www\CarRentSystem\vendor\laravel\framework\src\Illuminate\View\View.php(191): Illuminate\View\View-&gt;getContents()
#32 C:\laragon\www\CarRentSystem\vendor\laravel\framework\src\Illuminate\View\View.php(160): Illuminate\View\View-&gt;renderContents()
#33 C:\laragon\www\CarRentSystem\vendor\laravel\framework\src\Illuminate\View\Concerns\ManagesComponents.php(103): Illuminate\View\View-&gt;render()
#34 C:\laragon\www\CarRentSystem\storage\framework\views\63d0da9e86cc349a52193e89442d61e4.php(727): Illuminate\View\Factory-&gt;renderComponent()
#35 C:\laragon\www\CarRentSystem\vendor\livewire\livewire\src\Mechanisms\ExtendBlade\ExtendedCompilerEngine.php(37): include('C:\\laragon\\www\\...')
#36 C:\laragon\www\CarRentSystem\vendor\livewire\livewire\src\Mechanisms\ExtendBlade\ExtendedCompilerEngine.php(38): App\Filament\Resources\ActivityLogResource\Pages\ListActivityLogs-&gt;{closure:Livewire\Mechanisms\ExtendBlade\ExtendedCompilerEngine::evaluatePath():35}()
#37 C:\laragon\www\CarRentSystem\vendor\laravel\framework\src\Illuminate\View\Engines\CompilerEngine.php(76): Livewire\Mechanisms\ExtendBlade\ExtendedCompilerEngine-&gt;evaluatePath('C:\\laragon\\www\\...', Array)
#38 C:\laragon\www\CarRentSystem\vendor\livewire\livewire\src\Mechanisms\ExtendBlade\ExtendedCompilerEngine.php(16): Illuminate\View\Engines\CompilerEngine-&gt;get('C:\\laragon\\www\\...', Array)
#39 C:\laragon\www\CarRentSystem\vendor\laravel\framework\src\Illuminate\View\View.php(208): Livewire\Mechanisms\ExtendBlade\ExtendedCompilerEngine-&gt;get('C:\\laragon\\www\\...', Array)
#40 C:\laragon\www\CarRentSystem\vendor\laravel\framework\src\Illuminate\View\View.php(191): Illuminate\View\View-&gt;getContents()
#41 C:\laragon\www\CarRentSystem\vendor\laravel\framework\src\Illuminate\View\View.php(160): Illuminate\View\View-&gt;renderContents()
#42 C:\laragon\www\CarRentSystem\vendor\filament\support\src\Components\ViewComponent.php(125): Illuminate\View\View-&gt;render()
#43 C:\laragon\www\CarRentSystem\vendor\filament\schemas\src\Components\Component.php(221): Filament\Support\Components\ViewComponent-&gt;toHtml()
#44 C:\laragon\www\CarRentSystem\vendor\filament\schemas\src\Schema.php(205): Filament\Schemas\Components\Component-&gt;toSchemaHtml(true)
#45 C:\laragon\www\CarRentSystem\vendor\filament\support\src\Components\ViewComponent.php(122): Filament\Schemas\Schema-&gt;toEmbeddedHtml()
#46 C:\laragon\www\CarRentSystem\vendor\laravel\framework\src\Illuminate\Support\helpers.php(130): Filament\Support\Components\ViewComponent-&gt;toHtml()
#47 C:\laragon\www\CarRentSystem\storage\framework\views\440b755faea75388110fdd3acae41dc5.php(11): e(Object(Filament\Schemas\Schema))
#48 C:\laragon\www\CarRentSystem\vendor\livewire\livewire\src\Mechanisms\ExtendBlade\ExtendedCompilerEngine.php(37): include('C:\\laragon\\www\\...')
#49 C:\laragon\www\CarRentSystem\vendor\livewire\livewire\src\Mechanisms\ExtendBlade\ExtendedCompilerEngine.php(38): App\Filament\Resources\ActivityLogResource\Pages\ListActivityLogs-&gt;{closure:Livewire\Mechanisms\ExtendBlade\ExtendedCompilerEngine::evaluatePath():35}()
#50 C:\laragon\www\CarRentSystem\vendor\laravel\framework\src\Illuminate\View\Engines\CompilerEngine.php(76): Livewire\Mechanisms\ExtendBlade\ExtendedCompilerEngine-&gt;evaluatePath('C:\\laragon\\www\\...', Array)
#51 C:\laragon\www\CarRentSystem\vendor\livewire\livewire\src\Mechanisms\ExtendBlade\ExtendedCompilerEngine.php(16): Illuminate\View\Engines\CompilerEngine-&gt;get('C:\\laragon\\www\\...', Array)
#52 C:\laragon\www\CarRentSystem\vendor\laravel\framework\src\Illuminate\View\View.php(208): Livewire\Mechanisms\ExtendBlade\ExtendedCompilerEngine-&gt;get('C:\\laragon\\www\\...', Array)
#53 C:\laragon\www\CarRentSystem\vendor\laravel\framework\src\Illuminate\View\View.php(191): Illuminate\View\View-&gt;getContents()
#54 C:\laragon\www\CarRentSystem\vendor\laravel\framework\src\Illuminate\View\View.php(160): Illuminate\View\View-&gt;renderContents()
#55 C:\laragon\www\CarRentSystem\vendor\livewire\livewire\src\Mechanisms\HandleComponents\HandleComponents.php(259): Illuminate\View\View-&gt;render(Object(Closure))
#56 C:\laragon\www\CarRentSystem\vendor\livewire\livewire\src\Mechanisms\HandleComponents\HandleComponents.php(303): Livewire\Mechanisms\HandleComponents\HandleComponents-&gt;{closure:Livewire\Mechanisms\HandleComponents\HandleComponents::render():251}()
#57 C:\laragon\www\CarRentSystem\vendor\livewire\livewire\src\Mechanisms\HandleComponents\HandleComponents.php(251): Livewire\Mechanisms\HandleComponents\HandleComponents-&gt;trackInRenderStack(Object(App\Filament\Resources\ActivityLogResource\Pages\ListActivityLogs), Object(Closure))
#58 C:\laragon\www\CarRentSystem\vendor\livewire\livewire\src\Mechanisms\HandleComponents\HandleComponents.php(54): Livewire\Mechanisms\HandleComponents\HandleComponents-&gt;render(Object(App\Filament\Resources\ActivityLogResource\Pages\ListActivityLogs), '&lt;div&gt;&lt;/div&gt;')
#59 C:\laragon\www\CarRentSystem\vendor\livewire\livewire\src\LivewireManager.php(73): Livewire\Mechanisms\HandleComponents\HandleComponents-&gt;mount('App\\Filament\\Re...', Array, NULL)
#60 C:\laragon\www\CarRentSystem\vendor\livewire\livewire\src\Features\SupportPageComponents\HandlesPageComponents.php(17): Livewire\LivewireManager-&gt;mount('App\\Filament\\Re...', Array)
#61 C:\laragon\www\CarRentSystem\vendor\livewire\livewire\src\Features\SupportPageComponents\SupportPageComponents.php(117): Livewire\Component-&gt;{closure:Livewire\Features\SupportPageComponents\HandlesPageComponents::__invoke():14}()
#62 C:\laragon\www\CarRentSystem\vendor\livewire\livewire\src\Features\SupportPageComponents\HandlesPageComponents.php(14): Livewire\Features\SupportPageComponents\SupportPageComponents::interceptTheRenderOfTheComponentAndRetreiveTheLayoutConfiguration(Object(Closure))
#63 C:\laragon\www\CarRentSystem\vendor\laravel\framework\src\Illuminate\Routing\ControllerDispatcher.php(46): Livewire\Component-&gt;__invoke()
#64 C:\laragon\www\CarRentSystem\vendor\laravel\framework\src\Illuminate\Routing\Route.php(265): Illuminate\Routing\ControllerDispatcher-&gt;dispatch(Object(Illuminate\Routing\Route), Object(App\Filament\Resources\ActivityLogResource\Pages\ListActivityLogs), '__invoke')
#65 C:\laragon\www\CarRentSystem\vendor\laravel\framework\src\Illuminate\Routing\Route.php(211): Illuminate\Routing\Route-&gt;runController()
#66 C:\laragon\www\CarRentSystem\vendor\laravel\framework\src\Illuminate\Routing\Router.php(822): Illuminate\Routing\Route-&gt;run()
#67 C:\laragon\www\CarRentSystem\vendor\laravel\framework\src\Illuminate\Pipeline\Pipeline.php(180): Illuminate\Routing\Router-&gt;{closure:Illuminate\Routing\Router::runRouteWithinStack():821}(Object(Illuminate\Http\Request))
#68 C:\laragon\www\CarRentSystem\vendor\filament\filament\src\Http\Middleware\DispatchServingFilamentEvent.php(15): Illuminate\Pipeline\Pipeline-&gt;{closure:Illuminate\Pipeline\Pipeline::prepareDestination():178}(Object(Illuminate\Http\Request))
#69 C:\laragon\www\CarRentSystem\vendor\laravel\framework\src\Illuminate\Pipeline\Pipeline.php(219): Filament\Http\Middleware\DispatchServingFilamentEvent-&gt;handle(Object(Illuminate\Http\Request), Object(Closure))
#70 C:\laragon\www\CarRentSystem\vendor\filament\filament\src\Http\Middleware\DisableBladeIconComponents.php(14): Illuminate\Pipeline\Pipeline-&gt;{closure:{closure:Illuminate\Pipeline\Pipeline::carry():194}:195}(Object(Illuminate\Http\Request))
#71 C:\laragon\www\CarRentSystem\vendor\laravel\framework\src\Illuminate\Pipeline\Pipeline.php(219): Filament\Http\Middleware\DisableBladeIconComponents-&gt;handle(Object(Illuminate\Http\Request), Object(Closure))
#72 C:\laragon\www\CarRentSystem\app\Http\Middleware\LocalizationMiddleware.php(41): Illuminate\Pipeline\Pipeline-&gt;{closure:{closure:Illuminate\Pipeline\Pipeline::carry():194}:195}(Object(Illuminate\Http\Request))
#73 C:\laragon\www\CarRentSystem\vendor\laravel\framework\src\Illuminate\Pipeline\Pipeline.php(219): App\Http\Middleware\LocalizationMiddleware-&gt;handle(Object(Illuminate\Http\Request), Object(Closure))
#74 C:\laragon\www\CarRentSystem\vendor\laravel\framework\src\Illuminate\Routing\Middleware\SubstituteBindings.php(50): Illuminate\Pipeline\Pipeline-&gt;{closure:{closure:Illuminate\Pipeline\Pipeline::carry():194}:195}(Object(Illuminate\Http\Request))
#75 C:\laragon\www\CarRentSystem\vendor\laravel\framework\src\Illuminate\Pipeline\Pipeline.php(219): Illuminate\Routing\Middleware\SubstituteBindings-&gt;handle(Object(Illuminate\Http\Request), Object(Closure))
#76 C:\laragon\www\CarRentSystem\vendor\laravel\framework\src\Illuminate\Auth\Middleware\Authenticate.php(63): Illuminate\Pipeline\Pipeline-&gt;{closure:{closure:Illuminate\Pipeline\Pipeline::carry():194}:195}(Object(Illuminate\Http\Request))
#77 C:\laragon\www\CarRentSystem\vendor\laravel\framework\src\Illuminate\Pipeline\Pipeline.php(219): Illuminate\Auth\Middleware\Authenticate-&gt;handle(Object(Illuminate\Http\Request), Object(Closure))
#78 C:\laragon\www\CarRentSystem\vendor\laravel\framework\src\Illuminate\View\Middleware\ShareErrorsFromSession.php(48): Illuminate\Pipeline\Pipeline-&gt;{closure:{closure:Illuminate\Pipeline\Pipeline::carry():194}:195}(Object(Illuminate\Http\Request))
#79 C:\laragon\www\CarRentSystem\vendor\laravel\framework\src\Illuminate\Pipeline\Pipeline.php(219): Illuminate\View\Middleware\ShareErrorsFromSession-&gt;handle(Object(Illuminate\Http\Request), Object(Closure))
#80 C:\laragon\www\CarRentSystem\vendor\laravel\framework\src\Illuminate\Session\Middleware\StartSession.php(120): Illuminate\Pipeline\Pipeline-&gt;{closure:{closure:Illuminate\Pipeline\Pipeline::carry():194}:195}(Object(Illuminate\Http\Request))
#81 C:\laragon\www\CarRentSystem\vendor\laravel\framework\src\Illuminate\Session\Middleware\StartSession.php(63): Illuminate\Session\Middleware\StartSession-&gt;handleStatefulRequest(Object(Illuminate\Http\Request), Object(Illuminate\Session\Store), Object(Closure))
#82 C:\laragon\www\CarRentSystem\vendor\laravel\framework\src\Illuminate\Pipeline\Pipeline.php(219): Illuminate\Session\Middleware\StartSession-&gt;handle(Object(Illuminate\Http\Request), Object(Closure))
#83 C:\laragon\www\CarRentSystem\vendor\laravel\framework\src\Illuminate\Cookie\Middleware\AddQueuedCookiesToResponse.php(36): Illuminate\Pipeline\Pipeline-&gt;{closure:{closure:Illuminate\Pipeline\Pipeline::carry():194}:195}(Object(Illuminate\Http\Request))
#84 C:\laragon\www\CarRentSystem\vendor\laravel\framework\src\Illuminate\Pipeline\Pipeline.php(219): Illuminate\Cookie\Middleware\AddQueuedCookiesToResponse-&gt;handle(Object(Illuminate\Http\Request), Object(Closure))
#85 C:\laragon\www\CarRentSystem\vendor\laravel\framework\src\Illuminate\Cookie\Middleware\EncryptCookies.php(74): Illuminate\Pipeline\Pipeline-&gt;{closure:{closure:Illuminate\Pipeline\Pipeline::carry():194}:195}(Object(Illuminate\Http\Request))
#86 C:\laragon\www\CarRentSystem\vendor\laravel\framework\src\Illuminate\Pipeline\Pipeline.php(219): Illuminate\Cookie\Middleware\EncryptCookies-&gt;handle(Object(Illuminate\Http\Request), Object(Closure))
#87 C:\laragon\www\CarRentSystem\vendor\filament\filament\src\Http\Middleware\SetUpPanel.php(19): Illuminate\Pipeline\Pipeline-&gt;{closure:{closure:Illuminate\Pipeline\Pipeline::carry():194}:195}(Object(Illuminate\Http\Request))
#88 C:\laragon\www\CarRentSystem\vendor\laravel\framework\src\Illuminate\Pipeline\Pipeline.php(219): Filament\Http\Middleware\SetUpPanel-&gt;handle(Object(Illuminate\Http\Request), Object(Closure), Object(Filament\Panel))
#89 C:\laragon\www\CarRentSystem\vendor\laravel\framework\src\Illuminate\Pipeline\Pipeline.php(137): Illuminate\Pipeline\Pipeline-&gt;{closure:{closure:Illuminate\Pipeline\Pipeline::carry():194}:195}(Object(Illuminate\Http\Request))
#90 C:\laragon\www\CarRentSystem\vendor\laravel\framework\src\Illuminate\Routing\Router.php(821): Illuminate\Pipeline\Pipeline-&gt;then(Object(Closure))
#91 C:\laragon\www\CarRentSystem\vendor\laravel\framework\src\Illuminate\Routing\Router.php(800): Illuminate\Routing\Router-&gt;runRouteWithinStack(Object(Illuminate\Routing\Route), Object(Illuminate\Http\Request))
#92 C:\laragon\www\CarRentSystem\vendor\laravel\framework\src\Illuminate\Routing\Router.php(764): Illuminate\Routing\Router-&gt;runRoute(Object(Illuminate\Http\Request), Object(Illuminate\Routing\Route))
#93 C:\laragon\www\CarRentSystem\vendor\laravel\framework\src\Illuminate\Routing\Router.php(753): Illuminate\Routing\Router-&gt;dispatchToRoute(Object(Illuminate\Http\Request))
#94 C:\laragon\www\CarRentSystem\vendor\laravel\framework\src\Illuminate\Foundation\Http\Kernel.php(200): Illuminate\Routing\Router-&gt;dispatch(Object(Illuminate\Http\Request))
#95 C:\laragon\www\CarRentSystem\vendor\laravel\framework\src\Illuminate\Pipeline\Pipeline.php(180): Illuminate\Foundation\Http\Kernel-&gt;{closure:Illuminate\Foundation\Http\Kernel::dispatchToRouter():197}(Object(Illuminate\Http\Request))
#96 C:\laragon\www\CarRentSystem\vendor\livewire\livewire\src\Features\SupportDisablingBackButtonCache\DisableBackButtonCacheMiddleware.php(19): Illuminate\Pipeline\Pipeline-&gt;{closure:Illuminate\Pipeline\Pipeline::prepareDestination():178}(Object(Illuminate\Http\Request))
#97 C:\laragon\www\CarRentSystem\vendor\laravel\framework\src\Illuminate\Pipeline\Pipeline.php(219): Livewire\Features\SupportDisablingBackButtonCache\DisableBackButtonCacheMiddleware-&gt;handle(Object(Illuminate\Http\Request), Object(Closure))
#98 C:\laragon\www\CarRentSystem\vendor\laravel\framework\src\Illuminate\Foundation\Http\Middleware\TransformsRequest.php(21): Illuminate\Pipeline\Pipeline-&gt;{closure:{closure:Illuminate\Pipeline\Pipeline::carry():194}:195}(Object(Illuminate\Http\Request))
#99 C:\laragon\www\CarRentSystem\vendor\laravel\framework\src\Illuminate\Foundation\Http\Middleware\ConvertEmptyStringsToNull.php(31): Illuminate\Foundation\Http\Middleware\TransformsRequest-&gt;handle(Object(Illuminate\Http\Request), Object(Closure))
#100 C:\laragon\www\CarRentSystem\vendor\laravel\framework\src\Illuminate\Pipeline\Pipeline.php(219): Illuminate\Foundation\Http\Middleware\ConvertEmptyStringsToNull-&gt;handle(Object(Illuminate\Http\Request), Object(Closure))
#101 C:\laragon\www\CarRentSystem\vendor\laravel\framework\src\Illuminate\Foundation\Http\Middleware\TransformsRequest.php(21): Illuminate\Pipeline\Pipeline-&gt;{closure:{closure:Illuminate\Pipeline\Pipeline::carry():194}:195}(Object(Illuminate\Http\Request))
#102 C:\laragon\www\CarRentSystem\vendor\laravel\framework\src\Illuminate\Foundation\Http\Middleware\TrimStrings.php(51): Illuminate\Foundation\Http\Middleware\TransformsRequest-&gt;handle(Object(Illuminate\Http\Request), Object(Closure))
#103 C:\laragon\www\CarRentSystem\vendor\laravel\framework\src\Illuminate\Pipeline\Pipeline.php(219): Illuminate\Foundation\Http\Middleware\TrimStrings-&gt;handle(Object(Illuminate\Http\Request), Object(Closure))
#104 C:\laragon\www\CarRentSystem\vendor\laravel\framework\src\Illuminate\Http\Middleware\ValidatePostSize.php(27): Illuminate\Pipeline\Pipeline-&gt;{closure:{closure:Illuminate\Pipeline\Pipeline::carry():194}:195}(Object(Illuminate\Http\Request))
#105 C:\laragon\www\CarRentSystem\vendor\laravel\framework\src\Illuminate\Pipeline\Pipeline.php(219): Illuminate\Http\Middleware\ValidatePostSize-&gt;handle(Object(Illuminate\Http\Request), Object(Closure))
#106 C:\laragon\www\CarRentSystem\vendor\laravel\framework\src\Illuminate\Foundation\Http\Middleware\PreventRequestsDuringMaintenance.php(109): Illuminate\Pipeline\Pipeline-&gt;{closure:{closure:Illuminate\Pipeline\Pipeline::carry():194}:195}(Object(Illuminate\Http\Request))
#107 C:\laragon\www\CarRentSystem\vendor\laravel\framework\src\Illuminate\Pipeline\Pipeline.php(219): Illuminate\Foundation\Http\Middleware\PreventRequestsDuringMaintenance-&gt;handle(Object(Illuminate\Http\Request), Object(Closure))
#108 C:\laragon\www\CarRentSystem\vendor\laravel\framework\src\Illuminate\Http\Middleware\HandleCors.php(61): Illuminate\Pipeline\Pipeline-&gt;{closure:{closure:Illuminate\Pipeline\Pipeline::carry():194}:195}(Object(Illuminate\Http\Request))
#109 C:\laragon\www\CarRentSystem\vendor\laravel\framework\src\Illuminate\Pipeline\Pipeline.php(219): Illuminate\Http\Middleware\HandleCors-&gt;handle(Object(Illuminate\Http\Request), Object(Closure))
#110 C:\laragon\www\CarRentSystem\vendor\laravel\framework\src\Illuminate\Http\Middleware\TrustProxies.php(58): Illuminate\Pipeline\Pipeline-&gt;{closure:{closure:Illuminate\Pipeline\Pipeline::carry():194}:195}(Object(Illuminate\Http\Request))
#111 C:\laragon\www\CarRentSystem\vendor\laravel\framework\src\Illuminate\Pipeline\Pipeline.php(219): Illuminate\Http\Middleware\TrustProxies-&gt;handle(Object(Illuminate\Http\Request), Object(Closure))
#112 C:\laragon\www\CarRentSystem\vendor\laravel\framework\src\Illuminate\Foundation\Http\Middleware\InvokeDeferredCallbacks.php(22): Illuminate\Pipeline\Pipeline-&gt;{closure:{closure:Illuminate\Pipeline\Pipeline::carry():194}:195}(Object(Illuminate\Http\Request))
#113 C:\laragon\www\CarRentSystem\vendor\laravel\framework\src\Illuminate\Pipeline\Pipeline.php(219): Illuminate\Foundation\Http\Middleware\InvokeDeferredCallbacks-&gt;handle(Object(Illuminate\Http\Request), Object(Closure))
#114 C:\laragon\www\CarRentSystem\vendor\laravel\framework\src\Illuminate\Http\Middleware\ValidatePathEncoding.php(26): Illuminate\Pipeline\Pipeline-&gt;{closure:{closure:Illuminate\Pipeline\Pipeline::carry():194}:195}(Object(Illuminate\Http\Request))
#115 C:\laragon\www\CarRentSystem\vendor\laravel\framework\src\Illuminate\Pipeline\Pipeline.php(219): Illuminate\Http\Middleware\ValidatePathEncoding-&gt;handle(Object(Illuminate\Http\Request), Object(Closure))
#116 C:\laragon\www\CarRentSystem\vendor\laravel\framework\src\Illuminate\Pipeline\Pipeline.php(137): Illuminate\Pipeline\Pipeline-&gt;{closure:{closure:Illuminate\Pipeline\Pipeline::carry():194}:195}(Object(Illuminate\Http\Request))
#117 C:\laragon\www\CarRentSystem\vendor\laravel\framework\src\Illuminate\Foundation\Http\Kernel.php(175): Illuminate\Pipeline\Pipeline-&gt;then(Object(Closure))
#118 C:\laragon\www\CarRentSystem\vendor\laravel\framework\src\Illuminate\Foundation\Http\Kernel.php(144): Illuminate\Foundation\Http\Kernel-&gt;sendRequestThroughRouter(Object(Illuminate\Http\Request))
#119 C:\laragon\www\CarRentSystem\vendor\laravel\framework\src\Illuminate\Foundation\Testing\Concerns\MakesHttpRequests.php(607): Illuminate\Foundation\Http\Kernel-&gt;handle(Object(Illuminate\Http\Request))
#120 C:\laragon\www\CarRentSystem\vendor\laravel\framework\src\Illuminate\Foundation\Testing\Concerns\MakesHttpRequests.php(368): Illuminate\Foundation\Testing\TestCase-&gt;call('GET', '/admin/activity...', Array, Array, Array, Array)
#121 C:\laragon\www\CarRentSystem\tests\Feature\ActivityLogManagementTest.php(25): Illuminate\Foundation\Testing\TestCase-&gt;get('/admin/activity...')
#122 C:\laragon\www\CarRentSystem\vendor\pestphp\pest\src\Factories\TestCaseMethodFactory.php(168): P\Tests\Feature\ActivityLogManagementTest-&gt;{closure:{closure:{closure:C:\laragon\www\CarRentSystem\tests\Feature\ActivityLogManagementTest.php:13}:20}:21}()
#123 [internal function]: P\Tests\Feature\ActivityLogManagementTest-&gt;{closure:Pest\Factories\TestCaseMethodFactory::getClosure():158}()
#124 C:\laragon\www\CarRentSystem\vendor\pestphp\pest\src\Concerns\Testable.php(429): call_user_func_array(Object(Closure), Array)
#125 C:\laragon\www\CarRentSystem\vendor\pestphp\pest\src\Support\ExceptionTrace.php(26): P\Tests\Feature\ActivityLogManagementTest-&gt;{closure:Pest\Concerns\Testable::__callClosure():429}()
#126 C:\laragon\www\CarRentSystem\vendor\pestphp\pest\src\Concerns\Testable.php(429): Pest\Support\ExceptionTrace::ensure(Object(Closure))
#127 C:\laragon\www\CarRentSystem\vendor\pestphp\pest\src\Concerns\Testable.php(331): P\Tests\Feature\ActivityLogManagementTest-&gt;__callClosure(Object(Closure), Array)
#128 C:\laragon\www\CarRentSystem\vendor\pestphp\pest\src\Factories\TestCaseFactory.php(169) : eval()'d code(17): P\Tests\Feature\ActivityLogManagementTest-&gt;__runTest(Object(Closure))
#129 C:\laragon\www\CarRentSystem\vendor\phpunit\phpunit\src\Framework\TestCase.php(1316): P\Tests\Feature\ActivityLogManagementTest-&gt;__pest_evaluable__Activity_Log_Management__→__Activity_Log_Listing__→_it_allows_admin_to_view_all_activity_logs()
#130 C:\laragon\www\CarRentSystem\vendor\phpunit\phpunit\src\Framework\TestCase.php(516): PHPUnit\Framework\TestCase-&gt;runTest()
#131 C:\laragon\www\CarRentSystem\vendor\phpunit\phpunit\src\Framework\TestRunner\TestRunner.php(99): PHPUnit\Framework\TestCase-&gt;runBare()
#132 C:\laragon\www\CarRentSystem\vendor\phpunit\phpunit\src\Framework\TestCase.php(357): PHPUnit\Framework\TestRunner-&gt;run(Object(P\Tests\Feature\ActivityLogManagementTest))
#133 C:\laragon\www\CarRentSystem\vendor\phpunit\phpunit\src\Framework\TestSuite.php(374): PHPUnit\Framework\TestCase-&gt;run()
#134 C:\laragon\www\CarRentSystem\vendor\phpunit\phpunit\src\Framework\TestSuite.php(374): PHPUnit\Framework\TestSuite-&gt;run()
#135 C:\laragon\www\CarRentSystem\vendor\phpunit\phpunit\src\Framework\TestSuite.php(374): PHPUnit\Framework\TestSuite-&gt;run()
#136 C:\laragon\www\CarRentSystem\vendor\phpunit\phpunit\src\TextUI\TestRunner.php(64): PHPUnit\Framework\TestSuite-&gt;run()
#137 C:\laragon\www\CarRentSystem\vendor\phpunit\phpunit\src\TextUI\Application.php(229): PHPUnit\TextUI\TestRunner-&gt;run(Object(PHPUnit\TextUI\Configuration\Configuration), Object(PHPUnit\Runner\ResultCache\DefaultResultCache), Object(PHPUnit\Framework\TestSuite))
#138 C:\laragon\www\CarRentSystem\vendor\pestphp\pest\src\Kernel.php(103): PHPUnit\TextUI\Application-&gt;run(Array)
#139 C:\laragon\www\CarRentSystem\vendor\pestphp\pest\bin\pest(184): Pest\Kernel-&gt;handle(Array, Array)
#140 C:\laragon\www\CarRentSystem\vendor\pestphp\pest\bin\pest(192): {closure:C:\laragon\www\CarRentSystem\vendor\pestphp\pest\bin\pest:18}()
#141 C:\laragon\www\CarRentSystem\vendor\bin\pest(119): include('C:\\laragon\\www\\...')
#142 {main}

Next Illuminate\View\ViewException: SQLSTATE[HY000]: General error: 1 no such column: activity_log.name (Connection: sqlite, SQL: select "activity_log"."name", "" from "activity_log" order by "activity_log"."name" asc limit 50) (View: C:\laragon\www\CarRentSystem\vendor\filament\forms\resources\views\components\select.blade.php) (View: C:\laragon\www\CarRentSystem\vendor\filament\forms\resources\views\components\select.blade.php) in C:\laragon\www\CarRentSystem\vendor\laravel\framework\src\Illuminate\Database\Connection.php:824
Stack trace:
#0 C:\laragon\www\CarRentSystem\vendor\livewire\livewire\src\Mechanisms\ExtendBlade\ExtendedCompilerEngine.php(58): Illuminate\View\Engines\CompilerEngine-&gt;handleViewException(Object(Illuminate\View\ViewException), 11)
#1 C:\laragon\www\CarRentSystem\vendor\livewire\livewire\src\Mechanisms\ExtendBlade\ExtendedCompilerEngine.php(40): Livewire\Mechanisms\ExtendBlade\ExtendedCompilerEngine-&gt;handleViewException(Object(Illuminate\View\ViewException), 11)
#2 C:\laragon\www\CarRentSystem\vendor\laravel\framework\src\Illuminate\View\Engines\CompilerEngine.php(76): Livewire\Mechanisms\ExtendBlade\ExtendedCompilerEngine-&gt;evaluatePath('C:\\laragon\\www\\...', Array)
#3 C:\laragon\www\CarRentSystem\vendor\livewire\livewire\src\Mechanisms\ExtendBlade\ExtendedCompilerEngine.php(16): Illuminate\View\Engines\CompilerEngine-&gt;get('C:\\laragon\\www\\...', Array)
#4 C:\laragon\www\CarRentSystem\vendor\laravel\framework\src\Illuminate\View\View.php(208): Livewire\Mechanisms\ExtendBlade\ExtendedCompilerEngine-&gt;get('C:\\laragon\\www\\...', Array)
#5 C:\laragon\www\CarRentSystem\vendor\laravel\framework\src\Illuminate\View\View.php(191): Illuminate\View\View-&gt;getContents()
#6 C:\laragon\www\CarRentSystem\vendor\laravel\framework\src\Illuminate\View\View.php(160): Illuminate\View\View-&gt;renderContents()
#7 C:\laragon\www\CarRentSystem\vendor\filament\support\src\Components\ViewComponent.php(125): Illuminate\View\View-&gt;render()
#8 C:\laragon\www\CarRentSystem\vendor\filament\schemas\src\Components\Component.php(221): Filament\Support\Components\ViewComponent-&gt;toHtml()
#9 C:\laragon\www\CarRentSystem\vendor\filament\schemas\src\Schema.php(205): Filament\Schemas\Components\Component-&gt;toSchemaHtml(true)
#10 C:\laragon\www\CarRentSystem\vendor\filament\support\src\Components\ViewComponent.php(122): Filament\Schemas\Schema-&gt;toEmbeddedHtml()
#11 C:\laragon\www\CarRentSystem\vendor\laravel\framework\src\Illuminate\Support\helpers.php(130): Filament\Support\Components\ViewComponent-&gt;toHtml()
#12 C:\laragon\www\CarRentSystem\storage\framework\views\1a3d3d822b7060b360e0a4f4cc781bd5.php(92): e(Object(Filament\Schemas\Schema))
#13 C:\laragon\www\CarRentSystem\vendor\livewire\livewire\src\Mechanisms\ExtendBlade\ExtendedCompilerEngine.php(37): include('C:\\laragon\\www\\...')
#14 C:\laragon\www\CarRentSystem\vendor\livewire\livewire\src\Mechanisms\ExtendBlade\ExtendedCompilerEngine.php(38): App\Filament\Resources\ActivityLogResource\Pages\ListActivityLogs-&gt;{closure:Livewire\Mechanisms\ExtendBlade\ExtendedCompilerEngine::evaluatePath():35}()
#15 C:\laragon\www\CarRentSystem\vendor\laravel\framework\src\Illuminate\View\Engines\CompilerEngine.php(76): Livewire\Mechanisms\ExtendBlade\ExtendedCompilerEngine-&gt;evaluatePath('C:\\laragon\\www\\...', Array)
#16 C:\laragon\www\CarRentSystem\vendor\livewire\livewire\src\Mechanisms\ExtendBlade\ExtendedCompilerEngine.php(16): Illuminate\View\Engines\CompilerEngine-&gt;get('C:\\laragon\\www\\...', Array)
#17 C:\laragon\www\CarRentSystem\vendor\laravel\framework\src\Illuminate\View\View.php(208): Livewire\Mechanisms\ExtendBlade\ExtendedCompilerEngine-&gt;get('C:\\laragon\\www\\...', Array)
#18 C:\laragon\www\CarRentSystem\vendor\laravel\framework\src\Illuminate\View\View.php(191): Illuminate\View\View-&gt;getContents()
#19 C:\laragon\www\CarRentSystem\vendor\laravel\framework\src\Illuminate\View\View.php(160): Illuminate\View\View-&gt;renderContents()
#20 C:\laragon\www\CarRentSystem\vendor\laravel\framework\src\Illuminate\View\Concerns\ManagesComponents.php(103): Illuminate\View\View-&gt;render()
#21 C:\laragon\www\CarRentSystem\storage\framework\views\63d0da9e86cc349a52193e89442d61e4.php(727): Illuminate\View\Factory-&gt;renderComponent()
#22 C:\laragon\www\CarRentSystem\vendor\livewire\livewire\src\Mechanisms\ExtendBlade\ExtendedCompilerEngine.php(37): include('C:\\laragon\\www\\...')
#23 C:\laragon\www\CarRentSystem\vendor\livewire\livewire\src\Mechanisms\ExtendBlade\ExtendedCompilerEngine.php(38): App\Filament\Resources\ActivityLogResource\Pages\ListActivityLogs-&gt;{closure:Livewire\Mechanisms\ExtendBlade\ExtendedCompilerEngine::evaluatePath():35}()
#24 C:\laragon\www\CarRentSystem\vendor\laravel\framework\src\Illuminate\View\Engines\CompilerEngine.php(76): Livewire\Mechanisms\ExtendBlade\ExtendedCompilerEngine-&gt;evaluatePath('C:\\laragon\\www\\...', Array)
#25 C:\laragon\www\CarRentSystem\vendor\livewire\livewire\src\Mechanisms\ExtendBlade\ExtendedCompilerEngine.php(16): Illuminate\View\Engines\CompilerEngine-&gt;get('C:\\laragon\\www\\...', Array)
#26 C:\laragon\www\CarRentSystem\vendor\laravel\framework\src\Illuminate\View\View.php(208): Livewire\Mechanisms\ExtendBlade\ExtendedCompilerEngine-&gt;get('C:\\laragon\\www\\...', Array)
#27 C:\laragon\www\CarRentSystem\vendor\laravel\framework\src\Illuminate\View\View.php(191): Illuminate\View\View-&gt;getContents()
#28 C:\laragon\www\CarRentSystem\vendor\laravel\framework\src\Illuminate\View\View.php(160): Illuminate\View\View-&gt;renderContents()
#29 C:\laragon\www\CarRentSystem\vendor\filament\support\src\Components\ViewComponent.php(125): Illuminate\View\View-&gt;render()
#30 C:\laragon\www\CarRentSystem\vendor\filament\schemas\src\Components\Component.php(221): Filament\Support\Components\ViewComponent-&gt;toHtml()
#31 C:\laragon\www\CarRentSystem\vendor\filament\schemas\src\Schema.php(205): Filament\Schemas\Components\Component-&gt;toSchemaHtml(true)
#32 C:\laragon\www\CarRentSystem\vendor\filament\support\src\Components\ViewComponent.php(122): Filament\Schemas\Schema-&gt;toEmbeddedHtml()
#33 C:\laragon\www\CarRentSystem\vendor\laravel\framework\src\Illuminate\Support\helpers.php(130): Filament\Support\Components\ViewComponent-&gt;toHtml()
#34 C:\laragon\www\CarRentSystem\storage\framework\views\440b755faea75388110fdd3acae41dc5.php(11): e(Object(Filament\Schemas\Schema))
#35 C:\laragon\www\CarRentSystem\vendor\livewire\livewire\src\Mechanisms\ExtendBlade\ExtendedCompilerEngine.php(37): include('C:\\laragon\\www\\...')
#36 C:\laragon\www\CarRentSystem\vendor\livewire\livewire\src\Mechanisms\ExtendBlade\ExtendedCompilerEngine.php(38): App\Filament\Resources\ActivityLogResource\Pages\ListActivityLogs-&gt;{closure:Livewire\Mechanisms\ExtendBlade\ExtendedCompilerEngine::evaluatePath():35}()
#37 C:\laragon\www\CarRentSystem\vendor\laravel\framework\src\Illuminate\View\Engines\CompilerEngine.php(76): Livewire\Mechanisms\ExtendBlade\ExtendedCompilerEngine-&gt;evaluatePath('C:\\laragon\\www\\...', Array)
#38 C:\laragon\www\CarRentSystem\vendor\livewire\livewire\src\Mechanisms\ExtendBlade\ExtendedCompilerEngine.php(16): Illuminate\View\Engines\CompilerEngine-&gt;get('C:\\laragon\\www\\...', Array)
#39 C:\laragon\www\CarRentSystem\vendor\laravel\framework\src\Illuminate\View\View.php(208): Livewire\Mechanisms\ExtendBlade\ExtendedCompilerEngine-&gt;get('C:\\laragon\\www\\...', Array)
#40 C:\laragon\www\CarRentSystem\vendor\laravel\framework\src\Illuminate\View\View.php(191): Illuminate\View\View-&gt;getContents()
#41 C:\laragon\www\CarRentSystem\vendor\laravel\framework\src\Illuminate\View\View.php(160): Illuminate\View\View-&gt;renderContents()
#42 C:\laragon\www\CarRentSystem\vendor\livewire\livewire\src\Mechanisms\HandleComponents\HandleComponents.php(259): Illuminate\View\View-&gt;render(Object(Closure))
#43 C:\laragon\www\CarRentSystem\vendor\livewire\livewire\src\Mechanisms\HandleComponents\HandleComponents.php(303): Livewire\Mechanisms\HandleComponents\HandleComponents-&gt;{closure:Livewire\Mechanisms\HandleComponents\HandleComponents::render():251}()
#44 C:\laragon\www\CarRentSystem\vendor\livewire\livewire\src\Mechanisms\HandleComponents\HandleComponents.php(251): Livewire\Mechanisms\HandleComponents\HandleComponents-&gt;trackInRenderStack(Object(App\Filament\Resources\ActivityLogResource\Pages\ListActivityLogs), Object(Closure))
#45 C:\laragon\www\CarRentSystem\vendor\livewire\livewire\src\Mechanisms\HandleComponents\HandleComponents.php(54): Livewire\Mechanisms\HandleComponents\HandleComponents-&gt;render(Object(App\Filament\Resources\ActivityLogResource\Pages\ListActivityLogs), '&lt;div&gt;&lt;/div&gt;')
#46 C:\laragon\www\CarRentSystem\vendor\livewire\livewire\src\LivewireManager.php(73): Livewire\Mechanisms\HandleComponents\HandleComponents-&gt;mount('App\\Filament\\Re...', Array, NULL)
#47 C:\laragon\www\CarRentSystem\vendor\livewire\livewire\src\Features\SupportPageComponents\HandlesPageComponents.php(17): Livewire\LivewireManager-&gt;mount('App\\Filament\\Re...', Array)
#48 C:\laragon\www\CarRentSystem\vendor\livewire\livewire\src\Features\SupportPageComponents\SupportPageComponents.php(117): Livewire\Component-&gt;{closure:Livewire\Features\SupportPageComponents\HandlesPageComponents::__invoke():14}()
#49 C:\laragon\www\CarRentSystem\vendor\livewire\livewire\src\Features\SupportPageComponents\HandlesPageComponents.php(14): Livewire\Features\SupportPageComponents\SupportPageComponents::interceptTheRenderOfTheComponentAndRetreiveTheLayoutConfiguration(Object(Closure))
#50 C:\laragon\www\CarRentSystem\vendor\laravel\framework\src\Illuminate\Routing\ControllerDispatcher.php(46): Livewire\Component-&gt;__invoke()
#51 C:\laragon\www\CarRentSystem\vendor\laravel\framework\src\Illuminate\Routing\Route.php(265): Illuminate\Routing\ControllerDispatcher-&gt;dispatch(Object(Illuminate\Routing\Route), Object(App\Filament\Resources\ActivityLogResource\Pages\ListActivityLogs), '__invoke')
#52 C:\laragon\www\CarRentSystem\vendor\laravel\framework\src\Illuminate\Routing\Route.php(211): Illuminate\Routing\Route-&gt;runController()
#53 C:\laragon\www\CarRentSystem\vendor\laravel\framework\src\Illuminate\Routing\Router.php(822): Illuminate\Routing\Route-&gt;run()
#54 C:\laragon\www\CarRentSystem\vendor\laravel\framework\src\Illuminate\Pipeline\Pipeline.php(180): Illuminate\Routing\Router-&gt;{closure:Illuminate\Routing\Router::runRouteWithinStack():821}(Object(Illuminate\Http\Request))
#55 C:\laragon\www\CarRentSystem\vendor\filament\filament\src\Http\Middleware\DispatchServingFilamentEvent.php(15): Illuminate\Pipeline\Pipeline-&gt;{closure:Illuminate\Pipeline\Pipeline::prepareDestination():178}(Object(Illuminate\Http\Request))
#56 C:\laragon\www\CarRentSystem\vendor\laravel\framework\src\Illuminate\Pipeline\Pipeline.php(219): Filament\Http\Middleware\DispatchServingFilamentEvent-&gt;handle(Object(Illuminate\Http\Request), Object(Closure))
#57 C:\laragon\www\CarRentSystem\vendor\filament\filament\src\Http\Middleware\DisableBladeIconComponents.php(14): Illuminate\Pipeline\Pipeline-&gt;{closure:{closure:Illuminate\Pipeline\Pipeline::carry():194}:195}(Object(Illuminate\Http\Request))
#58 C:\laragon\www\CarRentSystem\vendor\laravel\framework\src\Illuminate\Pipeline\Pipeline.php(219): Filament\Http\Middleware\DisableBladeIconComponents-&gt;handle(Object(Illuminate\Http\Request), Object(Closure))
#59 C:\laragon\www\CarRentSystem\app\Http\Middleware\LocalizationMiddleware.php(41): Illuminate\Pipeline\Pipeline-&gt;{closure:{closure:Illuminate\Pipeline\Pipeline::carry():194}:195}(Object(Illuminate\Http\Request))
#60 C:\laragon\www\CarRentSystem\vendor\laravel\framework\src\Illuminate\Pipeline\Pipeline.php(219): App\Http\Middleware\LocalizationMiddleware-&gt;handle(Object(Illuminate\Http\Request), Object(Closure))
#61 C:\laragon\www\CarRentSystem\vendor\laravel\framework\src\Illuminate\Routing\Middleware\SubstituteBindings.php(50): Illuminate\Pipeline\Pipeline-&gt;{closure:{closure:Illuminate\Pipeline\Pipeline::carry():194}:195}(Object(Illuminate\Http\Request))
#62 C:\laragon\www\CarRentSystem\vendor\laravel\framework\src\Illuminate\Pipeline\Pipeline.php(219): Illuminate\Routing\Middleware\SubstituteBindings-&gt;handle(Object(Illuminate\Http\Request), Object(Closure))
#63 C:\laragon\www\CarRentSystem\vendor\laravel\framework\src\Illuminate\Auth\Middleware\Authenticate.php(63): Illuminate\Pipeline\Pipeline-&gt;{closure:{closure:Illuminate\Pipeline\Pipeline::carry():194}:195}(Object(Illuminate\Http\Request))
#64 C:\laragon\www\CarRentSystem\vendor\laravel\framework\src\Illuminate\Pipeline\Pipeline.php(219): Illuminate\Auth\Middleware\Authenticate-&gt;handle(Object(Illuminate\Http\Request), Object(Closure))
#65 C:\laragon\www\CarRentSystem\vendor\laravel\framework\src\Illuminate\View\Middleware\ShareErrorsFromSession.php(48): Illuminate\Pipeline\Pipeline-&gt;{closure:{closure:Illuminate\Pipeline\Pipeline::carry():194}:195}(Object(Illuminate\Http\Request))
#66 C:\laragon\www\CarRentSystem\vendor\laravel\framework\src\Illuminate\Pipeline\Pipeline.php(219): Illuminate\View\Middleware\ShareErrorsFromSession-&gt;handle(Object(Illuminate\Http\Request), Object(Closure))
#67 C:\laragon\www\CarRentSystem\vendor\laravel\framework\src\Illuminate\Session\Middleware\StartSession.php(120): Illuminate\Pipeline\Pipeline-&gt;{closure:{closure:Illuminate\Pipeline\Pipeline::carry():194}:195}(Object(Illuminate\Http\Request))
#68 C:\laragon\www\CarRentSystem\vendor\laravel\framework\src\Illuminate\Session\Middleware\StartSession.php(63): Illuminate\Session\Middleware\StartSession-&gt;handleStatefulRequest(Object(Illuminate\Http\Request), Object(Illuminate\Session\Store), Object(Closure))
#69 C:\laragon\www\CarRentSystem\vendor\laravel\framework\src\Illuminate\Pipeline\Pipeline.php(219): Illuminate\Session\Middleware\StartSession-&gt;handle(Object(Illuminate\Http\Request), Object(Closure))
#70 C:\laragon\www\CarRentSystem\vendor\laravel\framework\src\Illuminate\Cookie\Middleware\AddQueuedCookiesToResponse.php(36): Illuminate\Pipeline\Pipeline-&gt;{closure:{closure:Illuminate\Pipeline\Pipeline::carry():194}:195}(Object(Illuminate\Http\Request))
#71 C:\laragon\www\CarRentSystem\vendor\laravel\framework\src\Illuminate\Pipeline\Pipeline.php(219): Illuminate\Cookie\Middleware\AddQueuedCookiesToResponse-&gt;handle(Object(Illuminate\Http\Request), Object(Closure))
#72 C:\laragon\www\CarRentSystem\vendor\laravel\framework\src\Illuminate\Cookie\Middleware\EncryptCookies.php(74): Illuminate\Pipeline\Pipeline-&gt;{closure:{closure:Illuminate\Pipeline\Pipeline::carry():194}:195}(Object(Illuminate\Http\Request))
#73 C:\laragon\www\CarRentSystem\vendor\laravel\framework\src\Illuminate\Pipeline\Pipeline.php(219): Illuminate\Cookie\Middleware\EncryptCookies-&gt;handle(Object(Illuminate\Http\Request), Object(Closure))
#74 C:\laragon\www\CarRentSystem\vendor\filament\filament\src\Http\Middleware\SetUpPanel.php(19): Illuminate\Pipeline\Pipeline-&gt;{closure:{closure:Illuminate\Pipeline\Pipeline::carry():194}:195}(Object(Illuminate\Http\Request))
#75 C:\laragon\www\CarRentSystem\vendor\laravel\framework\src\Illuminate\Pipeline\Pipeline.php(219): Filament\Http\Middleware\SetUpPanel-&gt;handle(Object(Illuminate\Http\Request), Object(Closure), Object(Filament\Panel))
#76 C:\laragon\www\CarRentSystem\vendor\laravel\framework\src\Illuminate\Pipeline\Pipeline.php(137): Illuminate\Pipeline\Pipeline-&gt;{closure:{closure:Illuminate\Pipeline\Pipeline::carry():194}:195}(Object(Illuminate\Http\Request))
#77 C:\laragon\www\CarRentSystem\vendor\laravel\framework\src\Illuminate\Routing\Router.php(821): Illuminate\Pipeline\Pipeline-&gt;then(Object(Closure))
#78 C:\laragon\www\CarRentSystem\vendor\laravel\framework\src\Illuminate\Routing\Router.php(800): Illuminate\Routing\Router-&gt;runRouteWithinStack(Object(Illuminate\Routing\Route), Object(Illuminate\Http\Request))
#79 C:\laragon\www\CarRentSystem\vendor\laravel\framework\src\Illuminate\Routing\Router.php(764): Illuminate\Routing\Router-&gt;runRoute(Object(Illuminate\Http\Request), Object(Illuminate\Routing\Route))
#80 C:\laragon\www\CarRentSystem\vendor\laravel\framework\src\Illuminate\Routing\Router.php(753): Illuminate\Routing\Router-&gt;dispatchToRoute(Object(Illuminate\Http\Request))
#81 C:\laragon\www\CarRentSystem\vendor\laravel\framework\src\Illuminate\Foundation\Http\Kernel.php(200): Illuminate\Routing\Router-&gt;dispatch(Object(Illuminate\Http\Request))
#82 C:\laragon\www\CarRentSystem\vendor\laravel\framework\src\Illuminate\Pipeline\Pipeline.php(180): Illuminate\Foundation\Http\Kernel-&gt;{closure:Illuminate\Foundation\Http\Kernel::dispatchToRouter():197}(Object(Illuminate\Http\Request))
#83 C:\laragon\www\CarRentSystem\vendor\livewire\livewire\src\Features\SupportDisablingBackButtonCache\DisableBackButtonCacheMiddleware.php(19): Illuminate\Pipeline\Pipeline-&gt;{closure:Illuminate\Pipeline\Pipeline::prepareDestination():178}(Object(Illuminate\Http\Request))
#84 C:\laragon\www\CarRentSystem\vendor\laravel\framework\src\Illuminate\Pipeline\Pipeline.php(219): Livewire\Features\SupportDisablingBackButtonCache\DisableBackButtonCacheMiddleware-&gt;handle(Object(Illuminate\Http\Request), Object(Closure))
#85 C:\laragon\www\CarRentSystem\vendor\laravel\framework\src\Illuminate\Foundation\Http\Middleware\TransformsRequest.php(21): Illuminate\Pipeline\Pipeline-&gt;{closure:{closure:Illuminate\Pipeline\Pipeline::carry():194}:195}(Object(Illuminate\Http\Request))
#86 C:\laragon\www\CarRentSystem\vendor\laravel\framework\src\Illuminate\Foundation\Http\Middleware\ConvertEmptyStringsToNull.php(31): Illuminate\Foundation\Http\Middleware\TransformsRequest-&gt;handle(Object(Illuminate\Http\Request), Object(Closure))
#87 C:\laragon\www\CarRentSystem\vendor\laravel\framework\src\Illuminate\Pipeline\Pipeline.php(219): Illuminate\Foundation\Http\Middleware\ConvertEmptyStringsToNull-&gt;handle(Object(Illuminate\Http\Request), Object(Closure))
#88 C:\laragon\www\CarRentSystem\vendor\laravel\framework\src\Illuminate\Foundation\Http\Middleware\TransformsRequest.php(21): Illuminate\Pipeline\Pipeline-&gt;{closure:{closure:Illuminate\Pipeline\Pipeline::carry():194}:195}(Object(Illuminate\Http\Request))
#89 C:\laragon\www\CarRentSystem\vendor\laravel\framework\src\Illuminate\Foundation\Http\Middleware\TrimStrings.php(51): Illuminate\Foundation\Http\Middleware\TransformsRequest-&gt;handle(Object(Illuminate\Http\Request), Object(Closure))
#90 C:\laragon\www\CarRentSystem\vendor\laravel\framework\src\Illuminate\Pipeline\Pipeline.php(219): Illuminate\Foundation\Http\Middleware\TrimStrings-&gt;handle(Object(Illuminate\Http\Request), Object(Closure))
#91 C:\laragon\www\CarRentSystem\vendor\laravel\framework\src\Illuminate\Http\Middleware\ValidatePostSize.php(27): Illuminate\Pipeline\Pipeline-&gt;{closure:{closure:Illuminate\Pipeline\Pipeline::carry():194}:195}(Object(Illuminate\Http\Request))
#92 C:\laragon\www\CarRentSystem\vendor\laravel\framework\src\Illuminate\Pipeline\Pipeline.php(219): Illuminate\Http\Middleware\ValidatePostSize-&gt;handle(Object(Illuminate\Http\Request), Object(Closure))
#93 C:\laragon\www\CarRentSystem\vendor\laravel\framework\src\Illuminate\Foundation\Http\Middleware\PreventRequestsDuringMaintenance.php(109): Illuminate\Pipeline\Pipeline-&gt;{closure:{closure:Illuminate\Pipeline\Pipeline::carry():194}:195}(Object(Illuminate\Http\Request))
#94 C:\laragon\www\CarRentSystem\vendor\laravel\framework\src\Illuminate\Pipeline\Pipeline.php(219): Illuminate\Foundation\Http\Middleware\PreventRequestsDuringMaintenance-&gt;handle(Object(Illuminate\Http\Request), Object(Closure))
#95 C:\laragon\www\CarRentSystem\vendor\laravel\framework\src\Illuminate\Http\Middleware\HandleCors.php(61): Illuminate\Pipeline\Pipeline-&gt;{closure:{closure:Illuminate\Pipeline\Pipeline::carry():194}:195}(Object(Illuminate\Http\Request))
#96 C:\laragon\www\CarRentSystem\vendor\laravel\framework\src\Illuminate\Pipeline\Pipeline.php(219): Illuminate\Http\Middleware\HandleCors-&gt;handle(Object(Illuminate\Http\Request), Object(Closure))
#97 C:\laragon\www\CarRentSystem\vendor\laravel\framework\src\Illuminate\Http\Middleware\TrustProxies.php(58): Illuminate\Pipeline\Pipeline-&gt;{closure:{closure:Illuminate\Pipeline\Pipeline::carry():194}:195}(Object(Illuminate\Http\Request))
#98 C:\laragon\www\CarRentSystem\vendor\laravel\framework\src\Illuminate\Pipeline\Pipeline.php(219): Illuminate\Http\Middleware\TrustProxies-&gt;handle(Object(Illuminate\Http\Request), Object(Closure))
#99 C:\laragon\www\CarRentSystem\vendor\laravel\framework\src\Illuminate\Foundation\Http\Middleware\InvokeDeferredCallbacks.php(22): Illuminate\Pipeline\Pipeline-&gt;{closure:{closure:Illuminate\Pipeline\Pipeline::carry():194}:195}(Object(Illuminate\Http\Request))
#100 C:\laragon\www\CarRentSystem\vendor\laravel\framework\src\Illuminate\Pipeline\Pipeline.php(219): Illuminate\Foundation\Http\Middleware\InvokeDeferredCallbacks-&gt;handle(Object(Illuminate\Http\Request), Object(Closure))
#101 C:\laragon\www\CarRentSystem\vendor\laravel\framework\src\Illuminate\Http\Middleware\ValidatePathEncoding.php(26): Illuminate\Pipeline\Pipeline-&gt;{closure:{closure:Illuminate\Pipeline\Pipeline::carry():194}:195}(Object(Illuminate\Http\Request))
#102 C:\laragon\www\CarRentSystem\vendor\laravel\framework\src\Illuminate\Pipeline\Pipeline.php(219): Illuminate\Http\Middleware\ValidatePathEncoding-&gt;handle(Object(Illuminate\Http\Request), Object(Closure))
#103 C:\laragon\www\CarRentSystem\vendor\laravel\framework\src\Illuminate\Pipeline\Pipeline.php(137): Illuminate\Pipeline\Pipeline-&gt;{closure:{closure:Illuminate\Pipeline\Pipeline::carry():194}:195}(Object(Illuminate\Http\Request))
#104 C:\laragon\www\CarRentSystem\vendor\laravel\framework\src\Illuminate\Foundation\Http\Kernel.php(175): Illuminate\Pipeline\Pipeline-&gt;then(Object(Closure))
#105 C:\laragon\www\CarRentSystem\vendor\laravel\framework\src\Illuminate\Foundation\Http\Kernel.php(144): Illuminate\Foundation\Http\Kernel-&gt;sendRequestThroughRouter(Object(Illuminate\Http\Request))
#106 C:\laragon\www\CarRentSystem\vendor\laravel\framework\src\Illuminate\Foundation\Testing\Concerns\MakesHttpRequests.php(607): Illuminate\Foundation\Http\Kernel-&gt;handle(Object(Illuminate\Http\Request))
#107 C:\laragon\www\CarRentSystem\vendor\laravel\framework\src\Illuminate\Foundation\Testing\Concerns\MakesHttpRequests.php(368): Illuminate\Foundation\Testing\TestCase-&gt;call('GET', '/admin/activity...', Array, Array, Array, Array)
#108 C:\laragon\www\CarRentSystem\tests\Feature\ActivityLogManagementTest.php(25): Illuminate\Foundation\Testing\TestCase-&gt;get('/admin/activity...')
#109 C:\laragon\www\CarRentSystem\vendor\pestphp\pest\src\Factories\TestCaseMethodFactory.php(168): P\Tests\Feature\ActivityLogManagementTest-&gt;{closure:{closure:{closure:C:\laragon\www\CarRentSystem\tests\Feature\ActivityLogManagementTest.php:13}:20}:21}()
#110 [internal function]: P\Tests\Feature\ActivityLogManagementTest-&gt;{closure:Pest\Factories\TestCaseMethodFactory::getClosure():158}()
#111 C:\laragon\www\CarRentSystem\vendor\pestphp\pest\src\Concerns\Testable.php(429): call_user_func_array(Object(Closure), Array)
#112 C:\laragon\www\CarRentSystem\vendor\pestphp\pest\src\Support\ExceptionTrace.php(26): P\Tests\Feature\ActivityLogManagementTest-&gt;{closure:Pest\Concerns\Testable::__callClosure():429}()
#113 C:\laragon\www\CarRentSystem\vendor\pestphp\pest\src\Concerns\Testable.php(429): Pest\Support\ExceptionTrace::ensure(Object(Closure))
#114 C:\laragon\www\CarRentSystem\vendor\pestphp\pest\src\Concerns\Testable.php(331): P\Tests\Feature\ActivityLogManagementTest-&gt;__callClosure(Object(Closure), Array)
#115 C:\laragon\www\CarRentSystem\vendor\pestphp\pest\src\Factories\TestCaseFactory.php(169) : eval()'d code(17): P\Tests\Feature\ActivityLogManagementTest-&gt;__runTest(Object(Closure))
#116 C:\laragon\www\CarRentSystem\vendor\phpunit\phpunit\src\Framework\TestCase.php(1316): P\Tests\Feature\ActivityLogManagementTest-&gt;__pest_evaluable__Activity_Log_Management__→__Activity_Log_Listing__→_it_allows_admin_to_view_all_activity_logs()
#117 C:\laragon\www\CarRentSystem\vendor\phpunit\phpunit\src\Framework\TestCase.php(516): PHPUnit\Framework\TestCase-&gt;runTest()
#118 C:\laragon\www\CarRentSystem\vendor\phpunit\phpunit\src\Framework\TestRunner\TestRunner.php(99): PHPUnit\Framework\TestCase-&gt;runBare()
#119 C:\laragon\www\CarRentSystem\vendor\phpunit\phpunit\src\Framework\TestCase.php(357): PHPUnit\Framework\TestRunner-&gt;run(Object(P\Tests\Feature\ActivityLogManagementTest))
#120 C:\laragon\www\CarRentSystem\vendor\phpunit\phpunit\src\Framework\TestSuite.php(374): PHPUnit\Framework\TestCase-&gt;run()
#121 C:\laragon\www\CarRentSystem\vendor\phpunit\phpunit\src\Framework\TestSuite.php(374): PHPUnit\Framework\TestSuite-&gt;run()
#122 C:\laragon\www\CarRentSystem\vendor\phpunit\phpunit\src\Framework\TestSuite.php(374): PHPUnit\Framework\TestSuite-&gt;run()
#123 C:\laragon\www\CarRentSystem\vendor\phpunit\phpunit\src\TextUI\TestRunner.php(64): PHPUnit\Framework\TestSuite-&gt;run()
#124 C:\laragon\www\CarRentSystem\vendor\phpunit\phpunit\src\TextUI\Application.php(229): PHPUnit\TextUI\TestRunner-&gt;run(Object(PHPUnit\TextUI\Configuration\Configuration), Object(PHPUnit\Runner\ResultCache\DefaultResultCache), Object(PHPUnit\Framework\TestSuite))
#125 C:\laragon\www\CarRentSystem\vendor\pestphp\pest\src\Kernel.php(103): PHPUnit\TextUI\Application-&gt;run(Array)
#126 C:\laragon\www\CarRentSystem\vendor\pestphp\pest\bin\pest(184): Pest\Kernel-&gt;handle(Array, Array)
#127 C:\laragon\www\CarRentSystem\vendor\pestphp\pest\bin\pest(192): {closure:C:\laragon\www\CarRentSystem\vendor\pestphp\pest\bin\pest:18}()
#128 C:\laragon\www\CarRentSystem\vendor\bin\pest(119): include('C:\\laragon\\www\\...')
#129 {main}

Next Illuminate\View\ViewException: SQLSTATE[HY000]: General error: 1 no such column: activity_log.name (Connection: sqlite, SQL: select "activity_log"."name", "" from "activity_log" order by "activity_log"."name" asc limit 50) (View: C:\laragon\www\CarRentSystem\vendor\filament\forms\resources\views\components\select.blade.php) (View: C:\laragon\www\CarRentSystem\vendor\filament\forms\resources\views\components\select.blade.php) (View: C:\laragon\www\CarRentSystem\vendor\filament\forms\resources\views\components\select.blade.php) in C:\laragon\www\CarRentSystem\vendor\laravel\framework\src\Illuminate\Database\Connection.php:824
Stack trace:
#0 C:\laragon\www\CarRentSystem\vendor\livewire\livewire\src\Mechanisms\ExtendBlade\ExtendedCompilerEngine.php(58): Illuminate\View\Engines\CompilerEngine-&gt;handleViewException(Object(Illuminate\View\ViewException), 8)
#1 C:\laragon\www\CarRentSystem\vendor\livewire\livewire\src\Mechanisms\ExtendBlade\ExtendedCompilerEngine.php(40): Livewire\Mechanisms\ExtendBlade\ExtendedCompilerEngine-&gt;handleViewException(Object(Illuminate\View\ViewException), 8)
#2 C:\laragon\www\CarRentSystem\vendor\laravel\framework\src\Illuminate\View\Engines\CompilerEngine.php(76): Livewire\Mechanisms\ExtendBlade\ExtendedCompilerEngine-&gt;evaluatePath('C:\\laragon\\www\\...', Array)
#3 C:\laragon\www\CarRentSystem\vendor\livewire\livewire\src\Mechanisms\ExtendBlade\ExtendedCompilerEngine.php(16): Illuminate\View\Engines\CompilerEngine-&gt;get('C:\\laragon\\www\\...', Array)
#4 C:\laragon\www\CarRentSystem\vendor\laravel\framework\src\Illuminate\View\View.php(208): Livewire\Mechanisms\ExtendBlade\ExtendedCompilerEngine-&gt;get('C:\\laragon\\www\\...', Array)
#5 C:\laragon\www\CarRentSystem\vendor\laravel\framework\src\Illuminate\View\View.php(191): Illuminate\View\View-&gt;getContents()
#6 C:\laragon\www\CarRentSystem\vendor\laravel\framework\src\Illuminate\View\View.php(160): Illuminate\View\View-&gt;renderContents()
#7 C:\laragon\www\CarRentSystem\vendor\laravel\framework\src\Illuminate\View\Concerns\ManagesComponents.php(103): Illuminate\View\View-&gt;render()
#8 C:\laragon\www\CarRentSystem\storage\framework\views\63d0da9e86cc349a52193e89442d61e4.php(727): Illuminate\View\Factory-&gt;renderComponent()
#9 C:\laragon\www\CarRentSystem\vendor\livewire\livewire\src\Mechanisms\ExtendBlade\ExtendedCompilerEngine.php(37): include('C:\\laragon\\www\\...')
#10 C:\laragon\www\CarRentSystem\vendor\livewire\livewire\src\Mechanisms\ExtendBlade\ExtendedCompilerEngine.php(38): App\Filament\Resources\ActivityLogResource\Pages\ListActivityLogs-&gt;{closure:Livewire\Mechanisms\ExtendBlade\ExtendedCompilerEngine::evaluatePath():35}()
#11 C:\laragon\www\CarRentSystem\vendor\laravel\framework\src\Illuminate\View\Engines\CompilerEngine.php(76): Livewire\Mechanisms\ExtendBlade\ExtendedCompilerEngine-&gt;evaluatePath('C:\\laragon\\www\\...', Array)
#12 C:\laragon\www\CarRentSystem\vendor\livewire\livewire\src\Mechanisms\ExtendBlade\ExtendedCompilerEngine.php(16): Illuminate\View\Engines\CompilerEngine-&gt;get('C:\\laragon\\www\\...', Array)
#13 C:\laragon\www\CarRentSystem\vendor\laravel\framework\src\Illuminate\View\View.php(208): Livewire\Mechanisms\ExtendBlade\ExtendedCompilerEngine-&gt;get('C:\\laragon\\www\\...', Array)
#14 C:\laragon\www\CarRentSystem\vendor\laravel\framework\src\Illuminate\View\View.php(191): Illuminate\View\View-&gt;getContents()
#15 C:\laragon\www\CarRentSystem\vendor\laravel\framework\src\Illuminate\View\View.php(160): Illuminate\View\View-&gt;renderContents()
#16 C:\laragon\www\CarRentSystem\vendor\filament\support\src\Components\ViewComponent.php(125): Illuminate\View\View-&gt;render()
#17 C:\laragon\www\CarRentSystem\vendor\filament\schemas\src\Components\Component.php(221): Filament\Support\Components\ViewComponent-&gt;toHtml()
#18 C:\laragon\www\CarRentSystem\vendor\filament\schemas\src\Schema.php(205): Filament\Schemas\Components\Component-&gt;toSchemaHtml(true)
#19 C:\laragon\www\CarRentSystem\vendor\filament\support\src\Components\ViewComponent.php(122): Filament\Schemas\Schema-&gt;toEmbeddedHtml()
#20 C:\laragon\www\CarRentSystem\vendor\laravel\framework\src\Illuminate\Support\helpers.php(130): Filament\Support\Components\ViewComponent-&gt;toHtml()
#21 C:\laragon\www\CarRentSystem\storage\framework\views\440b755faea75388110fdd3acae41dc5.php(11): e(Object(Filament\Schemas\Schema))
#22 C:\laragon\www\CarRentSystem\vendor\livewire\livewire\src\Mechanisms\ExtendBlade\ExtendedCompilerEngine.php(37): include('C:\\laragon\\www\\...')
#23 C:\laragon\www\CarRentSystem\vendor\livewire\livewire\src\Mechanisms\ExtendBlade\ExtendedCompilerEngine.php(38): App\Filament\Resources\ActivityLogResource\Pages\ListActivityLogs-&gt;{closure:Livewire\Mechanisms\ExtendBlade\ExtendedCompilerEngine::evaluatePath():35}()
#24 C:\laragon\www\CarRentSystem\vendor\laravel\framework\src\Illuminate\View\Engines\CompilerEngine.php(76): Livewire\Mechanisms\ExtendBlade\ExtendedCompilerEngine-&gt;evaluatePath('C:\\laragon\\www\\...', Array)
#25 C:\laragon\www\CarRentSystem\vendor\livewire\livewire\src\Mechanisms\ExtendBlade\ExtendedCompilerEngine.php(16): Illuminate\View\Engines\CompilerEngine-&gt;get('C:\\laragon\\www\\...', Array)
#26 C:\laragon\www\CarRentSystem\vendor\laravel\framework\src\Illuminate\View\View.php(208): Livewire\Mechanisms\ExtendBlade\ExtendedCompilerEngine-&gt;get('C:\\laragon\\www\\...', Array)
#27 C:\laragon\www\CarRentSystem\vendor\laravel\framework\src\Illuminate\View\View.php(191): Illuminate\View\View-&gt;getContents()
#28 C:\laragon\www\CarRentSystem\vendor\laravel\framework\src\Illuminate\View\View.php(160): Illuminate\View\View-&gt;renderContents()
#29 C:\laragon\www\CarRentSystem\vendor\livewire\livewire\src\Mechanisms\HandleComponents\HandleComponents.php(259): Illuminate\View\View-&gt;render(Object(Closure))
#30 C:\laragon\www\CarRentSystem\vendor\livewire\livewire\src\Mechanisms\HandleComponents\HandleComponents.php(303): Livewire\Mechanisms\HandleComponents\HandleComponents-&gt;{closure:Livewire\Mechanisms\HandleComponents\HandleComponents::render():251}()
#31 C:\laragon\www\CarRentSystem\vendor\livewire\livewire\src\Mechanisms\HandleComponents\HandleComponents.php(251): Livewire\Mechanisms\HandleComponents\HandleComponents-&gt;trackInRenderStack(Object(App\Filament\Resources\ActivityLogResource\Pages\ListActivityLogs), Object(Closure))
#32 C:\laragon\www\CarRentSystem\vendor\livewire\livewire\src\Mechanisms\HandleComponents\HandleComponents.php(54): Livewire\Mechanisms\HandleComponents\HandleComponents-&gt;render(Object(App\Filament\Resources\ActivityLogResource\Pages\ListActivityLogs), '&lt;div&gt;&lt;/div&gt;')
#33 C:\laragon\www\CarRentSystem\vendor\livewire\livewire\src\LivewireManager.php(73): Livewire\Mechanisms\HandleComponents\HandleComponents-&gt;mount('App\\Filament\\Re...', Array, NULL)
#34 C:\laragon\www\CarRentSystem\vendor\livewire\livewire\src\Features\SupportPageComponents\HandlesPageComponents.php(17): Livewire\LivewireManager-&gt;mount('App\\Filament\\Re...', Array)
#35 C:\laragon\www\CarRentSystem\vendor\livewire\livewire\src\Features\SupportPageComponents\SupportPageComponents.php(117): Livewire\Component-&gt;{closure:Livewire\Features\SupportPageComponents\HandlesPageComponents::__invoke():14}()
#36 C:\laragon\www\CarRentSystem\vendor\livewire\livewire\src\Features\SupportPageComponents\HandlesPageComponents.php(14): Livewire\Features\SupportPageComponents\SupportPageComponents::interceptTheRenderOfTheComponentAndRetreiveTheLayoutConfiguration(Object(Closure))
#37 C:\laragon\www\CarRentSystem\vendor\laravel\framework\src\Illuminate\Routing\ControllerDispatcher.php(46): Livewire\Component-&gt;__invoke()
#38 C:\laragon\www\CarRentSystem\vendor\laravel\framework\src\Illuminate\Routing\Route.php(265): Illuminate\Routing\ControllerDispatcher-&gt;dispatch(Object(Illuminate\Routing\Route), Object(App\Filament\Resources\ActivityLogResource\Pages\ListActivityLogs), '__invoke')
#39 C:\laragon\www\CarRentSystem\vendor\laravel\framework\src\Illuminate\Routing\Route.php(211): Illuminate\Routing\Route-&gt;runController()
#40 C:\laragon\www\CarRentSystem\vendor\laravel\framework\src\Illuminate\Routing\Router.php(822): Illuminate\Routing\Route-&gt;run()
#41 C:\laragon\www\CarRentSystem\vendor\laravel\framework\src\Illuminate\Pipeline\Pipeline.php(180): Illuminate\Routing\Router-&gt;{closure:Illuminate\Routing\Router::runRouteWithinStack():821}(Object(Illuminate\Http\Request))
#42 C:\laragon\www\CarRentSystem\vendor\filament\filament\src\Http\Middleware\DispatchServingFilamentEvent.php(15): Illuminate\Pipeline\Pipeline-&gt;{closure:Illuminate\Pipeline\Pipeline::prepareDestination():178}(Object(Illuminate\Http\Request))
#43 C:\laragon\www\CarRentSystem\vendor\laravel\framework\src\Illuminate\Pipeline\Pipeline.php(219): Filament\Http\Middleware\DispatchServingFilamentEvent-&gt;handle(Object(Illuminate\Http\Request), Object(Closure))
#44 C:\laragon\www\CarRentSystem\vendor\filament\filament\src\Http\Middleware\DisableBladeIconComponents.php(14): Illuminate\Pipeline\Pipeline-&gt;{closure:{closure:Illuminate\Pipeline\Pipeline::carry():194}:195}(Object(Illuminate\Http\Request))
#45 C:\laragon\www\CarRentSystem\vendor\laravel\framework\src\Illuminate\Pipeline\Pipeline.php(219): Filament\Http\Middleware\DisableBladeIconComponents-&gt;handle(Object(Illuminate\Http\Request), Object(Closure))
#46 C:\laragon\www\CarRentSystem\app\Http\Middleware\LocalizationMiddleware.php(41): Illuminate\Pipeline\Pipeline-&gt;{closure:{closure:Illuminate\Pipeline\Pipeline::carry():194}:195}(Object(Illuminate\Http\Request))
#47 C:\laragon\www\CarRentSystem\vendor\laravel\framework\src\Illuminate\Pipeline\Pipeline.php(219): App\Http\Middleware\LocalizationMiddleware-&gt;handle(Object(Illuminate\Http\Request), Object(Closure))
#48 C:\laragon\www\CarRentSystem\vendor\laravel\framework\src\Illuminate\Routing\Middleware\SubstituteBindings.php(50): Illuminate\Pipeline\Pipeline-&gt;{closure:{closure:Illuminate\Pipeline\Pipeline::carry():194}:195}(Object(Illuminate\Http\Request))
#49 C:\laragon\www\CarRentSystem\vendor\laravel\framework\src\Illuminate\Pipeline\Pipeline.php(219): Illuminate\Routing\Middleware\SubstituteBindings-&gt;handle(Object(Illuminate\Http\Request), Object(Closure))
#50 C:\laragon\www\CarRentSystem\vendor\laravel\framework\src\Illuminate\Auth\Middleware\Authenticate.php(63): Illuminate\Pipeline\Pipeline-&gt;{closure:{closure:Illuminate\Pipeline\Pipeline::carry():194}:195}(Object(Illuminate\Http\Request))
#51 C:\laragon\www\CarRentSystem\vendor\laravel\framework\src\Illuminate\Pipeline\Pipeline.php(219): Illuminate\Auth\Middleware\Authenticate-&gt;handle(Object(Illuminate\Http\Request), Object(Closure))
#52 C:\laragon\www\CarRentSystem\vendor\laravel\framework\src\Illuminate\View\Middleware\ShareErrorsFromSession.php(48): Illuminate\Pipeline\Pipeline-&gt;{closure:{closure:Illuminate\Pipeline\Pipeline::carry():194}:195}(Object(Illuminate\Http\Request))
#53 C:\laragon\www\CarRentSystem\vendor\laravel\framework\src\Illuminate\Pipeline\Pipeline.php(219): Illuminate\View\Middleware\ShareErrorsFromSession-&gt;handle(Object(Illuminate\Http\Request), Object(Closure))
#54 C:\laragon\www\CarRentSystem\vendor\laravel\framework\src\Illuminate\Session\Middleware\StartSession.php(120): Illuminate\Pipeline\Pipeline-&gt;{closure:{closure:Illuminate\Pipeline\Pipeline::carry():194}:195}(Object(Illuminate\Http\Request))
#55 C:\laragon\www\CarRentSystem\vendor\laravel\framework\src\Illuminate\Session\Middleware\StartSession.php(63): Illuminate\Session\Middleware\StartSession-&gt;handleStatefulRequest(Object(Illuminate\Http\Request), Object(Illuminate\Session\Store), Object(Closure))
#56 C:\laragon\www\CarRentSystem\vendor\laravel\framework\src\Illuminate\Pipeline\Pipeline.php(219): Illuminate\Session\Middleware\StartSession-&gt;handle(Object(Illuminate\Http\Request), Object(Closure))
#57 C:\laragon\www\CarRentSystem\vendor\laravel\framework\src\Illuminate\Cookie\Middleware\AddQueuedCookiesToResponse.php(36): Illuminate\Pipeline\Pipeline-&gt;{closure:{closure:Illuminate\Pipeline\Pipeline::carry():194}:195}(Object(Illuminate\Http\Request))
#58 C:\laragon\www\CarRentSystem\vendor\laravel\framework\src\Illuminate\Pipeline\Pipeline.php(219): Illuminate\Cookie\Middleware\AddQueuedCookiesToResponse-&gt;handle(Object(Illuminate\Http\Request), Object(Closure))
#59 C:\laragon\www\CarRentSystem\vendor\laravel\framework\src\Illuminate\Cookie\Middleware\EncryptCookies.php(74): Illuminate\Pipeline\Pipeline-&gt;{closure:{closure:Illuminate\Pipeline\Pipeline::carry():194}:195}(Object(Illuminate\Http\Request))
#60 C:\laragon\www\CarRentSystem\vendor\laravel\framework\src\Illuminate\Pipeline\Pipeline.php(219): Illuminate\Cookie\Middleware\EncryptCookies-&gt;handle(Object(Illuminate\Http\Request), Object(Closure))
#61 C:\laragon\www\CarRentSystem\vendor\filament\filament\src\Http\Middleware\SetUpPanel.php(19): Illuminate\Pipeline\Pipeline-&gt;{closure:{closure:Illuminate\Pipeline\Pipeline::carry():194}:195}(Object(Illuminate\Http\Request))
#62 C:\laragon\www\CarRentSystem\vendor\laravel\framework\src\Illuminate\Pipeline\Pipeline.php(219): Filament\Http\Middleware\SetUpPanel-&gt;handle(Object(Illuminate\Http\Request), Object(Closure), Object(Filament\Panel))
#63 C:\laragon\www\CarRentSystem\vendor\laravel\framework\src\Illuminate\Pipeline\Pipeline.php(137): Illuminate\Pipeline\Pipeline-&gt;{closure:{closure:Illuminate\Pipeline\Pipeline::carry():194}:195}(Object(Illuminate\Http\Request))
#64 C:\laragon\www\CarRentSystem\vendor\laravel\framework\src\Illuminate\Routing\Router.php(821): Illuminate\Pipeline\Pipeline-&gt;then(Object(Closure))
#65 C:\laragon\www\CarRentSystem\vendor\laravel\framework\src\Illuminate\Routing\Router.php(800): Illuminate\Routing\Router-&gt;runRouteWithinStack(Object(Illuminate\Routing\Route), Object(Illuminate\Http\Request))
#66 C:\laragon\www\CarRentSystem\vendor\laravel\framework\src\Illuminate\Routing\Router.php(764): Illuminate\Routing\Router-&gt;runRoute(Object(Illuminate\Http\Request), Object(Illuminate\Routing\Route))
#67 C:\laragon\www\CarRentSystem\vendor\laravel\framework\src\Illuminate\Routing\Router.php(753): Illuminate\Routing\Router-&gt;dispatchToRoute(Object(Illuminate\Http\Request))
#68 C:\laragon\www\CarRentSystem\vendor\laravel\framework\src\Illuminate\Foundation\Http\Kernel.php(200): Illuminate\Routing\Router-&gt;dispatch(Object(Illuminate\Http\Request))
#69 C:\laragon\www\CarRentSystem\vendor\laravel\framework\src\Illuminate\Pipeline\Pipeline.php(180): Illuminate\Foundation\Http\Kernel-&gt;{closure:Illuminate\Foundation\Http\Kernel::dispatchToRouter():197}(Object(Illuminate\Http\Request))
#70 C:\laragon\www\CarRentSystem\vendor\livewire\livewire\src\Features\SupportDisablingBackButtonCache\DisableBackButtonCacheMiddleware.php(19): Illuminate\Pipeline\Pipeline-&gt;{closure:Illuminate\Pipeline\Pipeline::prepareDestination():178}(Object(Illuminate\Http\Request))
#71 C:\laragon\www\CarRentSystem\vendor\laravel\framework\src\Illuminate\Pipeline\Pipeline.php(219): Livewire\Features\SupportDisablingBackButtonCache\DisableBackButtonCacheMiddleware-&gt;handle(Object(Illuminate\Http\Request), Object(Closure))
#72 C:\laragon\www\CarRentSystem\vendor\laravel\framework\src\Illuminate\Foundation\Http\Middleware\TransformsRequest.php(21): Illuminate\Pipeline\Pipeline-&gt;{closure:{closure:Illuminate\Pipeline\Pipeline::carry():194}:195}(Object(Illuminate\Http\Request))
#73 C:\laragon\www\CarRentSystem\vendor\laravel\framework\src\Illuminate\Foundation\Http\Middleware\ConvertEmptyStringsToNull.php(31): Illuminate\Foundation\Http\Middleware\TransformsRequest-&gt;handle(Object(Illuminate\Http\Request), Object(Closure))
#74 C:\laragon\www\CarRentSystem\vendor\laravel\framework\src\Illuminate\Pipeline\Pipeline.php(219): Illuminate\Foundation\Http\Middleware\ConvertEmptyStringsToNull-&gt;handle(Object(Illuminate\Http\Request), Object(Closure))
#75 C:\laragon\www\CarRentSystem\vendor\laravel\framework\src\Illuminate\Foundation\Http\Middleware\TransformsRequest.php(21): Illuminate\Pipeline\Pipeline-&gt;{closure:{closure:Illuminate\Pipeline\Pipeline::carry():194}:195}(Object(Illuminate\Http\Request))
#76 C:\laragon\www\CarRentSystem\vendor\laravel\framework\src\Illuminate\Foundation\Http\Middleware\TrimStrings.php(51): Illuminate\Foundation\Http\Middleware\TransformsRequest-&gt;handle(Object(Illuminate\Http\Request), Object(Closure))
#77 C:\laragon\www\CarRentSystem\vendor\laravel\framework\src\Illuminate\Pipeline\Pipeline.php(219): Illuminate\Foundation\Http\Middleware\TrimStrings-&gt;handle(Object(Illuminate\Http\Request), Object(Closure))
#78 C:\laragon\www\CarRentSystem\vendor\laravel\framework\src\Illuminate\Http\Middleware\ValidatePostSize.php(27): Illuminate\Pipeline\Pipeline-&gt;{closure:{closure:Illuminate\Pipeline\Pipeline::carry():194}:195}(Object(Illuminate\Http\Request))
#79 C:\laragon\www\CarRentSystem\vendor\laravel\framework\src\Illuminate\Pipeline\Pipeline.php(219): Illuminate\Http\Middleware\ValidatePostSize-&gt;handle(Object(Illuminate\Http\Request), Object(Closure))
#80 C:\laragon\www\CarRentSystem\vendor\laravel\framework\src\Illuminate\Foundation\Http\Middleware\PreventRequestsDuringMaintenance.php(109): Illuminate\Pipeline\Pipeline-&gt;{closure:{closure:Illuminate\Pipeline\Pipeline::carry():194}:195}(Object(Illuminate\Http\Request))
#81 C:\laragon\www\CarRentSystem\vendor\laravel\framework\src\Illuminate\Pipeline\Pipeline.php(219): Illuminate\Foundation\Http\Middleware\PreventRequestsDuringMaintenance-&gt;handle(Object(Illuminate\Http\Request), Object(Closure))
#82 C:\laragon\www\CarRentSystem\vendor\laravel\framework\src\Illuminate\Http\Middleware\HandleCors.php(61): Illuminate\Pipeline\Pipeline-&gt;{closure:{closure:Illuminate\Pipeline\Pipeline::carry():194}:195}(Object(Illuminate\Http\Request))
#83 C:\laragon\www\CarRentSystem\vendor\laravel\framework\src\Illuminate\Pipeline\Pipeline.php(219): Illuminate\Http\Middleware\HandleCors-&gt;handle(Object(Illuminate\Http\Request), Object(Closure))
#84 C:\laragon\www\CarRentSystem\vendor\laravel\framework\src\Illuminate\Http\Middleware\TrustProxies.php(58): Illuminate\Pipeline\Pipeline-&gt;{closure:{closure:Illuminate\Pipeline\Pipeline::carry():194}:195}(Object(Illuminate\Http\Request))
#85 C:\laragon\www\CarRentSystem\vendor\laravel\framework\src\Illuminate\Pipeline\Pipeline.php(219): Illuminate\Http\Middleware\TrustProxies-&gt;handle(Object(Illuminate\Http\Request), Object(Closure))
#86 C:\laragon\www\CarRentSystem\vendor\laravel\framework\src\Illuminate\Foundation\Http\Middleware\InvokeDeferredCallbacks.php(22): Illuminate\Pipeline\Pipeline-&gt;{closure:{closure:Illuminate\Pipeline\Pipeline::carry():194}:195}(Object(Illuminate\Http\Request))
#87 C:\laragon\www\CarRentSystem\vendor\laravel\framework\src\Illuminate\Pipeline\Pipeline.php(219): Illuminate\Foundation\Http\Middleware\InvokeDeferredCallbacks-&gt;handle(Object(Illuminate\Http\Request), Object(Closure))
#88 C:\laragon\www\CarRentSystem\vendor\laravel\framework\src\Illuminate\Http\Middleware\ValidatePathEncoding.php(26): Illuminate\Pipeline\Pipeline-&gt;{closure:{closure:Illuminate\Pipeline\Pipeline::carry():194}:195}(Object(Illuminate\Http\Request))
#89 C:\laragon\www\CarRentSystem\vendor\laravel\framework\src\Illuminate\Pipeline\Pipeline.php(219): Illuminate\Http\Middleware\ValidatePathEncoding-&gt;handle(Object(Illuminate\Http\Request), Object(Closure))
#90 C:\laragon\www\CarRentSystem\vendor\laravel\framework\src\Illuminate\Pipeline\Pipeline.php(137): Illuminate\Pipeline\Pipeline-&gt;{closure:{closure:Illuminate\Pipeline\Pipeline::carry():194}:195}(Object(Illuminate\Http\Request))
#91 C:\laragon\www\CarRentSystem\vendor\laravel\framework\src\Illuminate\Foundation\Http\Kernel.php(175): Illuminate\Pipeline\Pipeline-&gt;then(Object(Closure))
#92 C:\laragon\www\CarRentSystem\vendor\laravel\framework\src\Illuminate\Foundation\Http\Kernel.php(144): Illuminate\Foundation\Http\Kernel-&gt;sendRequestThroughRouter(Object(Illuminate\Http\Request))
#93 C:\laragon\www\CarRentSystem\vendor\laravel\framework\src\Illuminate\Foundation\Testing\Concerns\MakesHttpRequests.php(607): Illuminate\Foundation\Http\Kernel-&gt;handle(Object(Illuminate\Http\Request))
#94 C:\laragon\www\CarRentSystem\vendor\laravel\framework\src\Illuminate\Foundation\Testing\Concerns\MakesHttpRequests.php(368): Illuminate\Foundation\Testing\TestCase-&gt;call('GET', '/admin/activity...', Array, Array, Array, Array)
#95 C:\laragon\www\CarRentSystem\tests\Feature\ActivityLogManagementTest.php(25): Illuminate\Foundation\Testing\TestCase-&gt;get('/admin/activity...')
#96 C:\laragon\www\CarRentSystem\vendor\pestphp\pest\src\Factories\TestCaseMethodFactory.php(168): P\Tests\Feature\ActivityLogManagementTest-&gt;{closure:{closure:{closure:C:\laragon\www\CarRentSystem\tests\Feature\ActivityLogManagementTest.php:13}:20}:21}()
#97 [internal function]: P\Tests\Feature\ActivityLogManagementTest-&gt;{closure:Pest\Factories\TestCaseMethodFactory::getClosure():158}()
#98 C:\laragon\www\CarRentSystem\vendor\pestphp\pest\src\Concerns\Testable.php(429): call_user_func_array(Object(Closure), Array)
#99 C:\laragon\www\CarRentSystem\vendor\pestphp\pest\src\Support\ExceptionTrace.php(26): P\Tests\Feature\ActivityLogManagementTest-&gt;{closure:Pest\Concerns\Testable::__callClosure():429}()
#100 C:\laragon\www\CarRentSystem\vendor\pestphp\pest\src\Concerns\Testable.php(429): Pest\Support\ExceptionTrace::ensure(Object(Closure))
#101 C:\laragon\www\CarRentSystem\vendor\pestphp\pest\src\Concerns\Testable.php(331): P\Tests\Feature\ActivityLogManagementTest-&gt;__callClosure(Object(Closure), Array)
#102 C:\laragon\www\CarRentSystem\vendor\pestphp\pest\src\Factories\TestCaseFactory.php(169) : eval()'d code(17): P\Tests\Feature\ActivityLogManagementTest-&gt;__runTest(Object(Closure))
#103 C:\laragon\www\CarRentSystem\vendor\phpunit\phpunit\src\Framework\TestCase.php(1316): P\Tests\Feature\ActivityLogManagementTest-&gt;__pest_evaluable__Activity_Log_Management__→__Activity_Log_Listing__→_it_allows_admin_to_view_all_activity_logs()
#104 C:\laragon\www\CarRentSystem\vendor\phpunit\phpunit\src\Framework\TestCase.php(516): PHPUnit\Framework\TestCase-&gt;runTest()
#105 C:\laragon\www\CarRentSystem\vendor\phpunit\phpunit\src\Framework\TestRunner\TestRunner.php(99): PHPUnit\Framework\TestCase-&gt;runBare()
#106 C:\laragon\www\CarRentSystem\vendor\phpunit\phpunit\src\Framework\TestCase.php(357): PHPUnit\Framework\TestRunner-&gt;run(Object(P\Tests\Feature\ActivityLogManagementTest))
#107 C:\laragon\www\CarRentSystem\vendor\phpunit\phpunit\src\Framework\TestSuite.php(374): PHPUnit\Framework\TestCase-&gt;run()
#108 C:\laragon\www\CarRentSystem\vendor\phpunit\phpunit\src\Framework\TestSuite.php(374): PHPUnit\Framework\TestSuite-&gt;run()
#109 C:\laragon\www\CarRentSystem\vendor\phpunit\phpunit\src\Framework\TestSuite.php(374): PHPUnit\Framework\TestSuite-&gt;run()
#110 C:\laragon\www\CarRentSystem\vendor\phpunit\phpunit\src\TextUI\TestRunner.php(64): PHPUnit\Framework\TestSuite-&gt;run()
#111 C:\laragon\www\CarRentSystem\vendor\phpunit\phpunit\src\TextUI\Application.php(229): PHPUnit\TextUI\TestRunner-&gt;run(Object(PHPUnit\TextUI\Configuration\Configuration), Object(PHPUnit\Runner\ResultCache\DefaultResultCache), Object(PHPUnit\Framework\TestSuite))
#112 C:\laragon\www\CarRentSystem\vendor\pestphp\pest\src\Kernel.php(103): PHPUnit\TextUI\Application-&gt;run(Array)
#113 C:\laragon\www\CarRentSystem\vendor\pestphp\pest\bin\pest(184): Pest\Kernel-&gt;handle(Array, Array)
#114 C:\laragon\www\CarRentSystem\vendor\pestphp\pest\bin\pest(192): {closure:C:\laragon\www\CarRentSystem\vendor\pestphp\pest\bin\pest:18}()
#115 C:\laragon\www\CarRentSystem\vendor\bin\pest(119): include('C:\\laragon\\www\\...')
#116 {main}

Next Illuminate\View\ViewException: SQLSTATE[HY000]: General error: 1 no such column: activity_log.name (Connection: sqlite, SQL: select "activity_log"."name", "" from "activity_log" order by "activity_log"."name" asc limit 50) (View: C:\laragon\www\CarRentSystem\vendor\filament\forms\resources\views\components\select.blade.php) (View: C:\laragon\www\CarRentSystem\vendor\filament\forms\resources\views\components\select.blade.php) (View: C:\laragon\www\CarRentSystem\vendor\filament\forms\resources\views\components\select.blade.php) (View: C:\laragon\www\CarRentSystem\vendor\filament\forms\resources\views\components\select.blade.php) in C:\laragon\www\CarRentSystem\vendor\laravel\framework\src\Illuminate\Database\Connection.php:824
Stack trace:
#0 C:\laragon\www\CarRentSystem\vendor\livewire\livewire\src\Mechanisms\ExtendBlade\ExtendedCompilerEngine.php(58): Illuminate\View\Engines\CompilerEngine-&gt;handleViewException(Object(Illuminate\View\ViewException), 6)
#1 C:\laragon\www\CarRentSystem\vendor\livewire\livewire\src\Mechanisms\ExtendBlade\ExtendedCompilerEngine.php(40): Livewire\Mechanisms\ExtendBlade\ExtendedCompilerEngine-&gt;handleViewException(Object(Illuminate\View\ViewException), 6)
#2 C:\laragon\www\CarRentSystem\vendor\laravel\framework\src\Illuminate\View\Engines\CompilerEngine.php(76): Livewire\Mechanisms\ExtendBlade\ExtendedCompilerEngine-&gt;evaluatePath('C:\\laragon\\www\\...', Array)
#3 C:\laragon\www\CarRentSystem\vendor\livewire\livewire\src\Mechanisms\ExtendBlade\ExtendedCompilerEngine.php(16): Illuminate\View\Engines\CompilerEngine-&gt;get('C:\\laragon\\www\\...', Array)
#4 C:\laragon\www\CarRentSystem\vendor\laravel\framework\src\Illuminate\View\View.php(208): Livewire\Mechanisms\ExtendBlade\ExtendedCompilerEngine-&gt;get('C:\\laragon\\www\\...', Array)
#5 C:\laragon\www\CarRentSystem\vendor\laravel\framework\src\Illuminate\View\View.php(191): Illuminate\View\View-&gt;getContents()
#6 C:\laragon\www\CarRentSystem\vendor\laravel\framework\src\Illuminate\View\View.php(160): Illuminate\View\View-&gt;renderContents()
#7 C:\laragon\www\CarRentSystem\vendor\filament\support\src\Components\ViewComponent.php(125): Illuminate\View\View-&gt;render()
#8 C:\laragon\www\CarRentSystem\vendor\filament\schemas\src\Components\Component.php(221): Filament\Support\Components\ViewComponent-&gt;toHtml()
#9 C:\laragon\www\CarRentSystem\vendor\filament\schemas\src\Schema.php(205): Filament\Schemas\Components\Component-&gt;toSchemaHtml(true)
#10 C:\laragon\www\CarRentSystem\vendor\filament\support\src\Components\ViewComponent.php(122): Filament\Schemas\Schema-&gt;toEmbeddedHtml()
#11 C:\laragon\www\CarRentSystem\vendor\laravel\framework\src\Illuminate\Support\helpers.php(130): Filament\Support\Components\ViewComponent-&gt;toHtml()
#12 C:\laragon\www\CarRentSystem\storage\framework\views\440b755faea75388110fdd3acae41dc5.php(11): e(Object(Filament\Schemas\Schema))
#13 C:\laragon\www\CarRentSystem\vendor\livewire\livewire\src\Mechanisms\ExtendBlade\ExtendedCompilerEngine.php(37): include('C:\\laragon\\www\\...')
#14 C:\laragon\www\CarRentSystem\vendor\livewire\livewire\src\Mechanisms\ExtendBlade\ExtendedCompilerEngine.php(38): App\Filament\Resources\ActivityLogResource\Pages\ListActivityLogs-&gt;{closure:Livewire\Mechanisms\ExtendBlade\ExtendedCompilerEngine::evaluatePath():35}()
#15 C:\laragon\www\CarRentSystem\vendor\laravel\framework\src\Illuminate\View\Engines\CompilerEngine.php(76): Livewire\Mechanisms\ExtendBlade\ExtendedCompilerEngine-&gt;evaluatePath('C:\\laragon\\www\\...', Array)
#16 C:\laragon\www\CarRentSystem\vendor\livewire\livewire\src\Mechanisms\ExtendBlade\ExtendedCompilerEngine.php(16): Illuminate\View\Engines\CompilerEngine-&gt;get('C:\\laragon\\www\\...', Array)
#17 C:\laragon\www\CarRentSystem\vendor\laravel\framework\src\Illuminate\View\View.php(208): Livewire\Mechanisms\ExtendBlade\ExtendedCompilerEngine-&gt;get('C:\\laragon\\www\\...', Array)
#18 C:\laragon\www\CarRentSystem\vendor\laravel\framework\src\Illuminate\View\View.php(191): Illuminate\View\View-&gt;getContents()
#19 C:\laragon\www\CarRentSystem\vendor\laravel\framework\src\Illuminate\View\View.php(160): Illuminate\View\View-&gt;renderContents()
#20 C:\laragon\www\CarRentSystem\vendor\livewire\livewire\src\Mechanisms\HandleComponents\HandleComponents.php(259): Illuminate\View\View-&gt;render(Object(Closure))
#21 C:\laragon\www\CarRentSystem\vendor\livewire\livewire\src\Mechanisms\HandleComponents\HandleComponents.php(303): Livewire\Mechanisms\HandleComponents\HandleComponents-&gt;{closure:Livewire\Mechanisms\HandleComponents\HandleComponents::render():251}()
#22 C:\laragon\www\CarRentSystem\vendor\livewire\livewire\src\Mechanisms\HandleComponents\HandleComponents.php(251): Livewire\Mechanisms\HandleComponents\HandleComponents-&gt;trackInRenderStack(Object(App\Filament\Resources\ActivityLogResource\Pages\ListActivityLogs), Object(Closure))
#23 C:\laragon\www\CarRentSystem\vendor\livewire\livewire\src\Mechanisms\HandleComponents\HandleComponents.php(54): Livewire\Mechanisms\HandleComponents\HandleComponents-&gt;render(Object(App\Filament\Resources\ActivityLogResource\Pages\ListActivityLogs), '&lt;div&gt;&lt;/div&gt;')
#24 C:\laragon\www\CarRentSystem\vendor\livewire\livewire\src\LivewireManager.php(73): Livewire\Mechanisms\HandleComponents\HandleComponents-&gt;mount('App\\Filament\\Re...', Array, NULL)
#25 C:\laragon\www\CarRentSystem\vendor\livewire\livewire\src\Features\SupportPageComponents\HandlesPageComponents.php(17): Livewire\LivewireManager-&gt;mount('App\\Filament\\Re...', Array)
#26 C:\laragon\www\CarRentSystem\vendor\livewire\livewire\src\Features\SupportPageComponents\SupportPageComponents.php(117): Livewire\Component-&gt;{closure:Livewire\Features\SupportPageComponents\HandlesPageComponents::__invoke():14}()
#27 C:\laragon\www\CarRentSystem\vendor\livewire\livewire\src\Features\SupportPageComponents\HandlesPageComponents.php(14): Livewire\Features\SupportPageComponents\SupportPageComponents::interceptTheRenderOfTheComponentAndRetreiveTheLayoutConfiguration(Object(Closure))
#28 C:\laragon\www\CarRentSystem\vendor\laravel\framework\src\Illuminate\Routing\ControllerDispatcher.php(46): Livewire\Component-&gt;__invoke()
#29 C:\laragon\www\CarRentSystem\vendor\laravel\framework\src\Illuminate\Routing\Route.php(265): Illuminate\Routing\ControllerDispatcher-&gt;dispatch(Object(Illuminate\Routing\Route), Object(App\Filament\Resources\ActivityLogResource\Pages\ListActivityLogs), '__invoke')
#30 C:\laragon\www\CarRentSystem\vendor\laravel\framework\src\Illuminate\Routing\Route.php(211): Illuminate\Routing\Route-&gt;runController()
#31 C:\laragon\www\CarRentSystem\vendor\laravel\framework\src\Illuminate\Routing\Router.php(822): Illuminate\Routing\Route-&gt;run()
#32 C:\laragon\www\CarRentSystem\vendor\laravel\framework\src\Illuminate\Pipeline\Pipeline.php(180): Illuminate\Routing\Router-&gt;{closure:Illuminate\Routing\Router::runRouteWithinStack():821}(Object(Illuminate\Http\Request))
#33 C:\laragon\www\CarRentSystem\vendor\filament\filament\src\Http\Middleware\DispatchServingFilamentEvent.php(15): Illuminate\Pipeline\Pipeline-&gt;{closure:Illuminate\Pipeline\Pipeline::prepareDestination():178}(Object(Illuminate\Http\Request))
#34 C:\laragon\www\CarRentSystem\vendor\laravel\framework\src\Illuminate\Pipeline\Pipeline.php(219): Filament\Http\Middleware\DispatchServingFilamentEvent-&gt;handle(Object(Illuminate\Http\Request), Object(Closure))
#35 C:\laragon\www\CarRentSystem\vendor\filament\filament\src\Http\Middleware\DisableBladeIconComponents.php(14): Illuminate\Pipeline\Pipeline-&gt;{closure:{closure:Illuminate\Pipeline\Pipeline::carry():194}:195}(Object(Illuminate\Http\Request))
#36 C:\laragon\www\CarRentSystem\vendor\laravel\framework\src\Illuminate\Pipeline\Pipeline.php(219): Filament\Http\Middleware\DisableBladeIconComponents-&gt;handle(Object(Illuminate\Http\Request), Object(Closure))
#37 C:\laragon\www\CarRentSystem\app\Http\Middleware\LocalizationMiddleware.php(41): Illuminate\Pipeline\Pipeline-&gt;{closure:{closure:Illuminate\Pipeline\Pipeline::carry():194}:195}(Object(Illuminate\Http\Request))
#38 C:\laragon\www\CarRentSystem\vendor\laravel\framework\src\Illuminate\Pipeline\Pipeline.php(219): App\Http\Middleware\LocalizationMiddleware-&gt;handle(Object(Illuminate\Http\Request), Object(Closure))
#39 C:\laragon\www\CarRentSystem\vendor\laravel\framework\src\Illuminate\Routing\Middleware\SubstituteBindings.php(50): Illuminate\Pipeline\Pipeline-&gt;{closure:{closure:Illuminate\Pipeline\Pipeline::carry():194}:195}(Object(Illuminate\Http\Request))
#40 C:\laragon\www\CarRentSystem\vendor\laravel\framework\src\Illuminate\Pipeline\Pipeline.php(219): Illuminate\Routing\Middleware\SubstituteBindings-&gt;handle(Object(Illuminate\Http\Request), Object(Closure))
#41 C:\laragon\www\CarRentSystem\vendor\laravel\framework\src\Illuminate\Auth\Middleware\Authenticate.php(63): Illuminate\Pipeline\Pipeline-&gt;{closure:{closure:Illuminate\Pipeline\Pipeline::carry():194}:195}(Object(Illuminate\Http\Request))
#42 C:\laragon\www\CarRentSystem\vendor\laravel\framework\src\Illuminate\Pipeline\Pipeline.php(219): Illuminate\Auth\Middleware\Authenticate-&gt;handle(Object(Illuminate\Http\Request), Object(Closure))
#43 C:\laragon\www\CarRentSystem\vendor\laravel\framework\src\Illuminate\View\Middleware\ShareErrorsFromSession.php(48): Illuminate\Pipeline\Pipeline-&gt;{closure:{closure:Illuminate\Pipeline\Pipeline::carry():194}:195}(Object(Illuminate\Http\Request))
#44 C:\laragon\www\CarRentSystem\vendor\laravel\framework\src\Illuminate\Pipeline\Pipeline.php(219): Illuminate\View\Middleware\ShareErrorsFromSession-&gt;handle(Object(Illuminate\Http\Request), Object(Closure))
#45 C:\laragon\www\CarRentSystem\vendor\laravel\framework\src\Illuminate\Session\Middleware\StartSession.php(120): Illuminate\Pipeline\Pipeline-&gt;{closure:{closure:Illuminate\Pipeline\Pipeline::carry():194}:195}(Object(Illuminate\Http\Request))
#46 C:\laragon\www\CarRentSystem\vendor\laravel\framework\src\Illuminate\Session\Middleware\StartSession.php(63): Illuminate\Session\Middleware\StartSession-&gt;handleStatefulRequest(Object(Illuminate\Http\Request), Object(Illuminate\Session\Store), Object(Closure))
#47 C:\laragon\www\CarRentSystem\vendor\laravel\framework\src\Illuminate\Pipeline\Pipeline.php(219): Illuminate\Session\Middleware\StartSession-&gt;handle(Object(Illuminate\Http\Request), Object(Closure))
#48 C:\laragon\www\CarRentSystem\vendor\laravel\framework\src\Illuminate\Cookie\Middleware\AddQueuedCookiesToResponse.php(36): Illuminate\Pipeline\Pipeline-&gt;{closure:{closure:Illuminate\Pipeline\Pipeline::carry():194}:195}(Object(Illuminate\Http\Request))
#49 C:\laragon\www\CarRentSystem\vendor\laravel\framework\src\Illuminate\Pipeline\Pipeline.php(219): Illuminate\Cookie\Middleware\AddQueuedCookiesToResponse-&gt;handle(Object(Illuminate\Http\Request), Object(Closure))
#50 C:\laragon\www\CarRentSystem\vendor\laravel\framework\src\Illuminate\Cookie\Middleware\EncryptCookies.php(74): Illuminate\Pipeline\Pipeline-&gt;{closure:{closure:Illuminate\Pipeline\Pipeline::carry():194}:195}(Object(Illuminate\Http\Request))
#51 C:\laragon\www\CarRentSystem\vendor\laravel\framework\src\Illuminate\Pipeline\Pipeline.php(219): Illuminate\Cookie\Middleware\EncryptCookies-&gt;handle(Object(Illuminate\Http\Request), Object(Closure))
#52 C:\laragon\www\CarRentSystem\vendor\filament\filament\src\Http\Middleware\SetUpPanel.php(19): Illuminate\Pipeline\Pipeline-&gt;{closure:{closure:Illuminate\Pipeline\Pipeline::carry():194}:195}(Object(Illuminate\Http\Request))
#53 C:\laragon\www\CarRentSystem\vendor\laravel\framework\src\Illuminate\Pipeline\Pipeline.php(219): Filament\Http\Middleware\SetUpPanel-&gt;handle(Object(Illuminate\Http\Request), Object(Closure), Object(Filament\Panel))
#54 C:\laragon\www\CarRentSystem\vendor\laravel\framework\src\Illuminate\Pipeline\Pipeline.php(137): Illuminate\Pipeline\Pipeline-&gt;{closure:{closure:Illuminate\Pipeline\Pipeline::carry():194}:195}(Object(Illuminate\Http\Request))
#55 C:\laragon\www\CarRentSystem\vendor\laravel\framework\src\Illuminate\Routing\Router.php(821): Illuminate\Pipeline\Pipeline-&gt;then(Object(Closure))
#56 C:\laragon\www\CarRentSystem\vendor\laravel\framework\src\Illuminate\Routing\Router.php(800): Illuminate\Routing\Router-&gt;runRouteWithinStack(Object(Illuminate\Routing\Route), Object(Illuminate\Http\Request))
#57 C:\laragon\www\CarRentSystem\vendor\laravel\framework\src\Illuminate\Routing\Router.php(764): Illuminate\Routing\Router-&gt;runRoute(Object(Illuminate\Http\Request), Object(Illuminate\Routing\Route))
#58 C:\laragon\www\CarRentSystem\vendor\laravel\framework\src\Illuminate\Routing\Router.php(753): Illuminate\Routing\Router-&gt;dispatchToRoute(Object(Illuminate\Http\Request))
#59 C:\laragon\www\CarRentSystem\vendor\laravel\framework\src\Illuminate\Foundation\Http\Kernel.php(200): Illuminate\Routing\Router-&gt;dispatch(Object(Illuminate\Http\Request))
#60 C:\laragon\www\CarRentSystem\vendor\laravel\framework\src\Illuminate\Pipeline\Pipeline.php(180): Illuminate\Foundation\Http\Kernel-&gt;{closure:Illuminate\Foundation\Http\Kernel::dispatchToRouter():197}(Object(Illuminate\Http\Request))
#61 C:\laragon\www\CarRentSystem\vendor\livewire\livewire\src\Features\SupportDisablingBackButtonCache\DisableBackButtonCacheMiddleware.php(19): Illuminate\Pipeline\Pipeline-&gt;{closure:Illuminate\Pipeline\Pipeline::prepareDestination():178}(Object(Illuminate\Http\Request))
#62 C:\laragon\www\CarRentSystem\vendor\laravel\framework\src\Illuminate\Pipeline\Pipeline.php(219): Livewire\Features\SupportDisablingBackButtonCache\DisableBackButtonCacheMiddleware-&gt;handle(Object(Illuminate\Http\Request), Object(Closure))
#63 C:\laragon\www\CarRentSystem\vendor\laravel\framework\src\Illuminate\Foundation\Http\Middleware\TransformsRequest.php(21): Illuminate\Pipeline\Pipeline-&gt;{closure:{closure:Illuminate\Pipeline\Pipeline::carry():194}:195}(Object(Illuminate\Http\Request))
#64 C:\laragon\www\CarRentSystem\vendor\laravel\framework\src\Illuminate\Foundation\Http\Middleware\ConvertEmptyStringsToNull.php(31): Illuminate\Foundation\Http\Middleware\TransformsRequest-&gt;handle(Object(Illuminate\Http\Request), Object(Closure))
#65 C:\laragon\www\CarRentSystem\vendor\laravel\framework\src\Illuminate\Pipeline\Pipeline.php(219): Illuminate\Foundation\Http\Middleware\ConvertEmptyStringsToNull-&gt;handle(Object(Illuminate\Http\Request), Object(Closure))
#66 C:\laragon\www\CarRentSystem\vendor\laravel\framework\src\Illuminate\Foundation\Http\Middleware\TransformsRequest.php(21): Illuminate\Pipeline\Pipeline-&gt;{closure:{closure:Illuminate\Pipeline\Pipeline::carry():194}:195}(Object(Illuminate\Http\Request))
#67 C:\laragon\www\CarRentSystem\vendor\laravel\framework\src\Illuminate\Foundation\Http\Middleware\TrimStrings.php(51): Illuminate\Foundation\Http\Middleware\TransformsRequest-&gt;handle(Object(Illuminate\Http\Request), Object(Closure))
#68 C:\laragon\www\CarRentSystem\vendor\laravel\framework\src\Illuminate\Pipeline\Pipeline.php(219): Illuminate\Foundation\Http\Middleware\TrimStrings-&gt;handle(Object(Illuminate\Http\Request), Object(Closure))
#69 C:\laragon\www\CarRentSystem\vendor\laravel\framework\src\Illuminate\Http\Middleware\ValidatePostSize.php(27): Illuminate\Pipeline\Pipeline-&gt;{closure:{closure:Illuminate\Pipeline\Pipeline::carry():194}:195}(Object(Illuminate\Http\Request))
#70 C:\laragon\www\CarRentSystem\vendor\laravel\framework\src\Illuminate\Pipeline\Pipeline.php(219): Illuminate\Http\Middleware\ValidatePostSize-&gt;handle(Object(Illuminate\Http\Request), Object(Closure))
#71 C:\laragon\www\CarRentSystem\vendor\laravel\framework\src\Illuminate\Foundation\Http\Middleware\PreventRequestsDuringMaintenance.php(109): Illuminate\Pipeline\Pipeline-&gt;{closure:{closure:Illuminate\Pipeline\Pipeline::carry():194}:195}(Object(Illuminate\Http\Request))
#72 C:\laragon\www\CarRentSystem\vendor\laravel\framework\src\Illuminate\Pipeline\Pipeline.php(219): Illuminate\Foundation\Http\Middleware\PreventRequestsDuringMaintenance-&gt;handle(Object(Illuminate\Http\Request), Object(Closure))
#73 C:\laragon\www\CarRentSystem\vendor\laravel\framework\src\Illuminate\Http\Middleware\HandleCors.php(61): Illuminate\Pipeline\Pipeline-&gt;{closure:{closure:Illuminate\Pipeline\Pipeline::carry():194}:195}(Object(Illuminate\Http\Request))
#74 C:\laragon\www\CarRentSystem\vendor\laravel\framework\src\Illuminate\Pipeline\Pipeline.php(219): Illuminate\Http\Middleware\HandleCors-&gt;handle(Object(Illuminate\Http\Request), Object(Closure))
#75 C:\laragon\www\CarRentSystem\vendor\laravel\framework\src\Illuminate\Http\Middleware\TrustProxies.php(58): Illuminate\Pipeline\Pipeline-&gt;{closure:{closure:Illuminate\Pipeline\Pipeline::carry():194}:195}(Object(Illuminate\Http\Request))
#76 C:\laragon\www\CarRentSystem\vendor\laravel\framework\src\Illuminate\Pipeline\Pipeline.php(219): Illuminate\Http\Middleware\TrustProxies-&gt;handle(Object(Illuminate\Http\Request), Object(Closure))
#77 C:\laragon\www\CarRentSystem\vendor\laravel\framework\src\Illuminate\Foundation\Http\Middleware\InvokeDeferredCallbacks.php(22): Illuminate\Pipeline\Pipeline-&gt;{closure:{closure:Illuminate\Pipeline\Pipeline::carry():194}:195}(Object(Illuminate\Http\Request))
#78 C:\laragon\www\CarRentSystem\vendor\laravel\framework\src\Illuminate\Pipeline\Pipeline.php(219): Illuminate\Foundation\Http\Middleware\InvokeDeferredCallbacks-&gt;handle(Object(Illuminate\Http\Request), Object(Closure))
#79 C:\laragon\www\CarRentSystem\vendor\laravel\framework\src\Illuminate\Http\Middleware\ValidatePathEncoding.php(26): Illuminate\Pipeline\Pipeline-&gt;{closure:{closure:Illuminate\Pipeline\Pipeline::carry():194}:195}(Object(Illuminate\Http\Request))
#80 C:\laragon\www\CarRentSystem\vendor\laravel\framework\src\Illuminate\Pipeline\Pipeline.php(219): Illuminate\Http\Middleware\ValidatePathEncoding-&gt;handle(Object(Illuminate\Http\Request), Object(Closure))
#81 C:\laragon\www\CarRentSystem\vendor\laravel\framework\src\Illuminate\Pipeline\Pipeline.php(137): Illuminate\Pipeline\Pipeline-&gt;{closure:{closure:Illuminate\Pipeline\Pipeline::carry():194}:195}(Object(Illuminate\Http\Request))
#82 C:\laragon\www\CarRentSystem\vendor\laravel\framework\src\Illuminate\Foundation\Http\Kernel.php(175): Illuminate\Pipeline\Pipeline-&gt;then(Object(Closure))
#83 C:\laragon\www\CarRentSystem\vendor\laravel\framework\src\Illuminate\Foundation\Http\Kernel.php(144): Illuminate\Foundation\Http\Kernel-&gt;sendRequestThroughRouter(Object(Illuminate\Http\Request))
#84 C:\laragon\www\CarRentSystem\vendor\laravel\framework\src\Illuminate\Foundation\Testing\Concerns\MakesHttpRequests.php(607): Illuminate\Foundation\Http\Kernel-&gt;handle(Object(Illuminate\Http\Request))
#85 C:\laragon\www\CarRentSystem\vendor\laravel\framework\src\Illuminate\Foundation\Testing\Concerns\MakesHttpRequests.php(368): Illuminate\Foundation\Testing\TestCase-&gt;call('GET', '/admin/activity...', Array, Array, Array, Array)
#86 C:\laragon\www\CarRentSystem\tests\Feature\ActivityLogManagementTest.php(25): Illuminate\Foundation\Testing\TestCase-&gt;get('/admin/activity...')
#87 C:\laragon\www\CarRentSystem\vendor\pestphp\pest\src\Factories\TestCaseMethodFactory.php(168): P\Tests\Feature\ActivityLogManagementTest-&gt;{closure:{closure:{closure:C:\laragon\www\CarRentSystem\tests\Feature\ActivityLogManagementTest.php:13}:20}:21}()
#88 [internal function]: P\Tests\Feature\ActivityLogManagementTest-&gt;{closure:Pest\Factories\TestCaseMethodFactory::getClosure():158}()
#89 C:\laragon\www\CarRentSystem\vendor\pestphp\pest\src\Concerns\Testable.php(429): call_user_func_array(Object(Closure), Array)
#90 C:\laragon\www\CarRentSystem\vendor\pestphp\pest\src\Support\ExceptionTrace.php(26): P\Tests\Feature\ActivityLogManagementTest-&gt;{closure:Pest\Concerns\Testable::__callClosure():429}()
#91 C:\laragon\www\CarRentSystem\vendor\pestphp\pest\src\Concerns\Testable.php(429): Pest\Support\ExceptionTrace::ensure(Object(Closure))
#92 C:\laragon\www\CarRentSystem\vendor\pestphp\pest\src\Concerns\Testable.php(331): P\Tests\Feature\ActivityLogManagementTest-&gt;__callClosure(Object(Closure), Array)
#93 C:\laragon\www\CarRentSystem\vendor\pestphp\pest\src\Factories\TestCaseFactory.php(169) : eval()'d code(17): P\Tests\Feature\ActivityLogManagementTest-&gt;__runTest(Object(Closure))
#94 C:\laragon\www\CarRentSystem\vendor\phpunit\phpunit\src\Framework\TestCase.php(1316): P\Tests\Feature\ActivityLogManagementTest-&gt;__pest_evaluable__Activity_Log_Management__→__Activity_Log_Listing__→_it_allows_admin_to_view_all_activity_logs()
#95 C:\laragon\www\CarRentSystem\vendor\phpunit\phpunit\src\Framework\TestCase.php(516): PHPUnit\Framework\TestCase-&gt;runTest()
#96 C:\laragon\www\CarRentSystem\vendor\phpunit\phpunit\src\Framework\TestRunner\TestRunner.php(99): PHPUnit\Framework\TestCase-&gt;runBare()
#97 C:\laragon\www\CarRentSystem\vendor\phpunit\phpunit\src\Framework\TestCase.php(357): PHPUnit\Framework\TestRunner-&gt;run(Object(P\Tests\Feature\ActivityLogManagementTest))
#98 C:\laragon\www\CarRentSystem\vendor\phpunit\phpunit\src\Framework\TestSuite.php(374): PHPUnit\Framework\TestCase-&gt;run()
#99 C:\laragon\www\CarRentSystem\vendor\phpunit\phpunit\src\Framework\TestSuite.php(374): PHPUnit\Framework\TestSuite-&gt;run()
#100 C:\laragon\www\CarRentSystem\vendor\phpunit\phpunit\src\Framework\TestSuite.php(374): PHPUnit\Framework\TestSuite-&gt;run()
#101 C:\laragon\www\CarRentSystem\vendor\phpunit\phpunit\src\TextUI\TestRunner.php(64): PHPUnit\Framework\TestSuite-&gt;run()
#102 C:\laragon\www\CarRentSystem\vendor\phpunit\phpunit\src\TextUI\Application.php(229): PHPUnit\TextUI\TestRunner-&gt;run(Object(PHPUnit\TextUI\Configuration\Configuration), Object(PHPUnit\Runner\ResultCache\DefaultResultCache), Object(PHPUnit\Framework\TestSuite))
#103 C:\laragon\www\CarRentSystem\vendor\pestphp\pest\src\Kernel.php(103): PHPUnit\TextUI\Application-&gt;run(Array)
#104 C:\laragon\www\CarRentSystem\vendor\pestphp\pest\bin\pest(184): Pest\Kernel-&gt;handle(Array, Array)
#105 C:\laragon\www\CarRentSystem\vendor\pestphp\pest\bin\pest(192): {closure:C:\laragon\www\CarRentSystem\vendor\pestphp\pest\bin\pest:18}()
#106 C:\laragon\www\CarRentSystem\vendor\bin\pest(119): include('C:\\laragon\\www\\...')
#107 {main}

Next Illuminate\View\ViewException: SQLSTATE[HY000]: General error: 1 no such column: activity_log.name (Connection: sqlite, SQL: select "activity_log"."name", "" from "activity_log" order by "activity_log"."name" asc limit 50) (View: C:\laragon\www\CarRentSystem\vendor\filament\forms\resources\views\components\select.blade.php) (View: C:\laragon\www\CarRentSystem\vendor\filament\forms\resources\views\components\select.blade.php) (View: C:\laragon\www\CarRentSystem\vendor\filament\forms\resources\views\components\select.blade.php) (View: C:\laragon\www\CarRentSystem\vendor\filament\forms\resources\views\components\select.blade.php) (View: C:\laragon\www\CarRentSystem\vendor\filament\forms\resources\views\components\select.blade.php) in C:\laragon\www\CarRentSystem\vendor\laravel\framework\src\Illuminate\Database\Connection.php:824
Stack trace:
#0 C:\laragon\www\CarRentSystem\vendor\livewire\livewire\src\Mechanisms\ExtendBlade\ExtendedCompilerEngine.php(58): Illuminate\View\Engines\CompilerEngine-&gt;handleViewException(Object(Illuminate\View\ViewException), 2)
#1 C:\laragon\www\CarRentSystem\vendor\livewire\livewire\src\Mechanisms\ExtendBlade\ExtendedCompilerEngine.php(40): Livewire\Mechanisms\ExtendBlade\ExtendedCompilerEngine-&gt;handleViewException(Object(Illuminate\View\ViewException), 2)
#2 C:\laragon\www\CarRentSystem\vendor\laravel\framework\src\Illuminate\View\Engines\CompilerEngine.php(76): Livewire\Mechanisms\ExtendBlade\ExtendedCompilerEngine-&gt;evaluatePath('C:\\laragon\\www\\...', Array)
#3 C:\laragon\www\CarRentSystem\vendor\livewire\livewire\src\Mechanisms\ExtendBlade\ExtendedCompilerEngine.php(16): Illuminate\View\Engines\CompilerEngine-&gt;get('C:\\laragon\\www\\...', Array)
#4 C:\laragon\www\CarRentSystem\vendor\laravel\framework\src\Illuminate\View\View.php(208): Livewire\Mechanisms\ExtendBlade\ExtendedCompilerEngine-&gt;get('C:\\laragon\\www\\...', Array)
#5 C:\laragon\www\CarRentSystem\vendor\laravel\framework\src\Illuminate\View\View.php(191): Illuminate\View\View-&gt;getContents()
#6 C:\laragon\www\CarRentSystem\vendor\laravel\framework\src\Illuminate\View\View.php(160): Illuminate\View\View-&gt;renderContents()
#7 C:\laragon\www\CarRentSystem\vendor\livewire\livewire\src\Mechanisms\HandleComponents\HandleComponents.php(259): Illuminate\View\View-&gt;render(Object(Closure))
#8 C:\laragon\www\CarRentSystem\vendor\livewire\livewire\src\Mechanisms\HandleComponents\HandleComponents.php(303): Livewire\Mechanisms\HandleComponents\HandleComponents-&gt;{closure:Livewire\Mechanisms\HandleComponents\HandleComponents::render():251}()
#9 C:\laragon\www\CarRentSystem\vendor\livewire\livewire\src\Mechanisms\HandleComponents\HandleComponents.php(251): Livewire\Mechanisms\HandleComponents\HandleComponents-&gt;trackInRenderStack(Object(App\Filament\Resources\ActivityLogResource\Pages\ListActivityLogs), Object(Closure))
#10 C:\laragon\www\CarRentSystem\vendor\livewire\livewire\src\Mechanisms\HandleComponents\HandleComponents.php(54): Livewire\Mechanisms\HandleComponents\HandleComponents-&gt;render(Object(App\Filament\Resources\ActivityLogResource\Pages\ListActivityLogs), '&lt;div&gt;&lt;/div&gt;')
#11 C:\laragon\www\CarRentSystem\vendor\livewire\livewire\src\LivewireManager.php(73): Livewire\Mechanisms\HandleComponents\HandleComponents-&gt;mount('App\\Filament\\Re...', Array, NULL)
#12 C:\laragon\www\CarRentSystem\vendor\livewire\livewire\src\Features\SupportPageComponents\HandlesPageComponents.php(17): Livewire\LivewireManager-&gt;mount('App\\Filament\\Re...', Array)
#13 C:\laragon\www\CarRentSystem\vendor\livewire\livewire\src\Features\SupportPageComponents\SupportPageComponents.php(117): Livewire\Component-&gt;{closure:Livewire\Features\SupportPageComponents\HandlesPageComponents::__invoke():14}()
#14 C:\laragon\www\CarRentSystem\vendor\livewire\livewire\src\Features\SupportPageComponents\HandlesPageComponents.php(14): Livewire\Features\SupportPageComponents\SupportPageComponents::interceptTheRenderOfTheComponentAndRetreiveTheLayoutConfiguration(Object(Closure))
#15 C:\laragon\www\CarRentSystem\vendor\laravel\framework\src\Illuminate\Routing\ControllerDispatcher.php(46): Livewire\Component-&gt;__invoke()
#16 C:\laragon\www\CarRentSystem\vendor\laravel\framework\src\Illuminate\Routing\Route.php(265): Illuminate\Routing\ControllerDispatcher-&gt;dispatch(Object(Illuminate\Routing\Route), Object(App\Filament\Resources\ActivityLogResource\Pages\ListActivityLogs), '__invoke')
#17 C:\laragon\www\CarRentSystem\vendor\laravel\framework\src\Illuminate\Routing\Route.php(211): Illuminate\Routing\Route-&gt;runController()
#18 C:\laragon\www\CarRentSystem\vendor\laravel\framework\src\Illuminate\Routing\Router.php(822): Illuminate\Routing\Route-&gt;run()
#19 C:\laragon\www\CarRentSystem\vendor\laravel\framework\src\Illuminate\Pipeline\Pipeline.php(180): Illuminate\Routing\Router-&gt;{closure:Illuminate\Routing\Router::runRouteWithinStack():821}(Object(Illuminate\Http\Request))
#20 C:\laragon\www\CarRentSystem\vendor\filament\filament\src\Http\Middleware\DispatchServingFilamentEvent.php(15): Illuminate\Pipeline\Pipeline-&gt;{closure:Illuminate\Pipeline\Pipeline::prepareDestination():178}(Object(Illuminate\Http\Request))
#21 C:\laragon\www\CarRentSystem\vendor\laravel\framework\src\Illuminate\Pipeline\Pipeline.php(219): Filament\Http\Middleware\DispatchServingFilamentEvent-&gt;handle(Object(Illuminate\Http\Request), Object(Closure))
#22 C:\laragon\www\CarRentSystem\vendor\filament\filament\src\Http\Middleware\DisableBladeIconComponents.php(14): Illuminate\Pipeline\Pipeline-&gt;{closure:{closure:Illuminate\Pipeline\Pipeline::carry():194}:195}(Object(Illuminate\Http\Request))
#23 C:\laragon\www\CarRentSystem\vendor\laravel\framework\src\Illuminate\Pipeline\Pipeline.php(219): Filament\Http\Middleware\DisableBladeIconComponents-&gt;handle(Object(Illuminate\Http\Request), Object(Closure))
#24 C:\laragon\www\CarRentSystem\app\Http\Middleware\LocalizationMiddleware.php(41): Illuminate\Pipeline\Pipeline-&gt;{closure:{closure:Illuminate\Pipeline\Pipeline::carry():194}:195}(Object(Illuminate\Http\Request))
#25 C:\laragon\www\CarRentSystem\vendor\laravel\framework\src\Illuminate\Pipeline\Pipeline.php(219): App\Http\Middleware\LocalizationMiddleware-&gt;handle(Object(Illuminate\Http\Request), Object(Closure))
#26 C:\laragon\www\CarRentSystem\vendor\laravel\framework\src\Illuminate\Routing\Middleware\SubstituteBindings.php(50): Illuminate\Pipeline\Pipeline-&gt;{closure:{closure:Illuminate\Pipeline\Pipeline::carry():194}:195}(Object(Illuminate\Http\Request))
#27 C:\laragon\www\CarRentSystem\vendor\laravel\framework\src\Illuminate\Pipeline\Pipeline.php(219): Illuminate\Routing\Middleware\SubstituteBindings-&gt;handle(Object(Illuminate\Http\Request), Object(Closure))
#28 C:\laragon\www\CarRentSystem\vendor\laravel\framework\src\Illuminate\Auth\Middleware\Authenticate.php(63): Illuminate\Pipeline\Pipeline-&gt;{closure:{closure:Illuminate\Pipeline\Pipeline::carry():194}:195}(Object(Illuminate\Http\Request))
#29 C:\laragon\www\CarRentSystem\vendor\laravel\framework\src\Illuminate\Pipeline\Pipeline.php(219): Illuminate\Auth\Middleware\Authenticate-&gt;handle(Object(Illuminate\Http\Request), Object(Closure))
#30 C:\laragon\www\CarRentSystem\vendor\laravel\framework\src\Illuminate\View\Middleware\ShareErrorsFromSession.php(48): Illuminate\Pipeline\Pipeline-&gt;{closure:{closure:Illuminate\Pipeline\Pipeline::carry():194}:195}(Object(Illuminate\Http\Request))
#31 C:\laragon\www\CarRentSystem\vendor\laravel\framework\src\Illuminate\Pipeline\Pipeline.php(219): Illuminate\View\Middleware\ShareErrorsFromSession-&gt;handle(Object(Illuminate\Http\Request), Object(Closure))
#32 C:\laragon\www\CarRentSystem\vendor\laravel\framework\src\Illuminate\Session\Middleware\StartSession.php(120): Illuminate\Pipeline\Pipeline-&gt;{closure:{closure:Illuminate\Pipeline\Pipeline::carry():194}:195}(Object(Illuminate\Http\Request))
#33 C:\laragon\www\CarRentSystem\vendor\laravel\framework\src\Illuminate\Session\Middleware\StartSession.php(63): Illuminate\Session\Middleware\StartSession-&gt;handleStatefulRequest(Object(Illuminate\Http\Request), Object(Illuminate\Session\Store), Object(Closure))
#34 C:\laragon\www\CarRentSystem\vendor\laravel\framework\src\Illuminate\Pipeline\Pipeline.php(219): Illuminate\Session\Middleware\StartSession-&gt;handle(Object(Illuminate\Http\Request), Object(Closure))
#35 C:\laragon\www\CarRentSystem\vendor\laravel\framework\src\Illuminate\Cookie\Middleware\AddQueuedCookiesToResponse.php(36): Illuminate\Pipeline\Pipeline-&gt;{closure:{closure:Illuminate\Pipeline\Pipeline::carry():194}:195}(Object(Illuminate\Http\Request))
#36 C:\laragon\www\CarRentSystem\vendor\laravel\framework\src\Illuminate\Pipeline\Pipeline.php(219): Illuminate\Cookie\Middleware\AddQueuedCookiesToResponse-&gt;handle(Object(Illuminate\Http\Request), Object(Closure))
#37 C:\laragon\www\CarRentSystem\vendor\laravel\framework\src\Illuminate\Cookie\Middleware\EncryptCookies.php(74): Illuminate\Pipeline\Pipeline-&gt;{closure:{closure:Illuminate\Pipeline\Pipeline::carry():194}:195}(Object(Illuminate\Http\Request))
#38 C:\laragon\www\CarRentSystem\vendor\laravel\framework\src\Illuminate\Pipeline\Pipeline.php(219): Illuminate\Cookie\Middleware\EncryptCookies-&gt;handle(Object(Illuminate\Http\Request), Object(Closure))
#39 C:\laragon\www\CarRentSystem\vendor\filament\filament\src\Http\Middleware\SetUpPanel.php(19): Illuminate\Pipeline\Pipeline-&gt;{closure:{closure:Illuminate\Pipeline\Pipeline::carry():194}:195}(Object(Illuminate\Http\Request))
#40 C:\laragon\www\CarRentSystem\vendor\laravel\framework\src\Illuminate\Pipeline\Pipeline.php(219): Filament\Http\Middleware\SetUpPanel-&gt;handle(Object(Illuminate\Http\Request), Object(Closure), Object(Filament\Panel))
#41 C:\laragon\www\CarRentSystem\vendor\laravel\framework\src\Illuminate\Pipeline\Pipeline.php(137): Illuminate\Pipeline\Pipeline-&gt;{closure:{closure:Illuminate\Pipeline\Pipeline::carry():194}:195}(Object(Illuminate\Http\Request))
#42 C:\laragon\www\CarRentSystem\vendor\laravel\framework\src\Illuminate\Routing\Router.php(821): Illuminate\Pipeline\Pipeline-&gt;then(Object(Closure))
#43 C:\laragon\www\CarRentSystem\vendor\laravel\framework\src\Illuminate\Routing\Router.php(800): Illuminate\Routing\Router-&gt;runRouteWithinStack(Object(Illuminate\Routing\Route), Object(Illuminate\Http\Request))
#44 C:\laragon\www\CarRentSystem\vendor\laravel\framework\src\Illuminate\Routing\Router.php(764): Illuminate\Routing\Router-&gt;runRoute(Object(Illuminate\Http\Request), Object(Illuminate\Routing\Route))
#45 C:\laragon\www\CarRentSystem\vendor\laravel\framework\src\Illuminate\Routing\Router.php(753): Illuminate\Routing\Router-&gt;dispatchToRoute(Object(Illuminate\Http\Request))
#46 C:\laragon\www\CarRentSystem\vendor\laravel\framework\src\Illuminate\Foundation\Http\Kernel.php(200): Illuminate\Routing\Router-&gt;dispatch(Object(Illuminate\Http\Request))
#47 C:\laragon\www\CarRentSystem\vendor\laravel\framework\src\Illuminate\Pipeline\Pipeline.php(180): Illuminate\Foundation\Http\Kernel-&gt;{closure:Illuminate\Foundation\Http\Kernel::dispatchToRouter():197}(Object(Illuminate\Http\Request))
#48 C:\laragon\www\CarRentSystem\vendor\livewire\livewire\src\Features\SupportDisablingBackButtonCache\DisableBackButtonCacheMiddleware.php(19): Illuminate\Pipeline\Pipeline-&gt;{closure:Illuminate\Pipeline\Pipeline::prepareDestination():178}(Object(Illuminate\Http\Request))
#49 C:\laragon\www\CarRentSystem\vendor\laravel\framework\src\Illuminate\Pipeline\Pipeline.php(219): Livewire\Features\SupportDisablingBackButtonCache\DisableBackButtonCacheMiddleware-&gt;handle(Object(Illuminate\Http\Request), Object(Closure))
#50 C:\laragon\www\CarRentSystem\vendor\laravel\framework\src\Illuminate\Foundation\Http\Middleware\TransformsRequest.php(21): Illuminate\Pipeline\Pipeline-&gt;{closure:{closure:Illuminate\Pipeline\Pipeline::carry():194}:195}(Object(Illuminate\Http\Request))
#51 C:\laragon\www\CarRentSystem\vendor\laravel\framework\src\Illuminate\Foundation\Http\Middleware\ConvertEmptyStringsToNull.php(31): Illuminate\Foundation\Http\Middleware\TransformsRequest-&gt;handle(Object(Illuminate\Http\Request), Object(Closure))
#52 C:\laragon\www\CarRentSystem\vendor\laravel\framework\src\Illuminate\Pipeline\Pipeline.php(219): Illuminate\Foundation\Http\Middleware\ConvertEmptyStringsToNull-&gt;handle(Object(Illuminate\Http\Request), Object(Closure))
#53 C:\laragon\www\CarRentSystem\vendor\laravel\framework\src\Illuminate\Foundation\Http\Middleware\TransformsRequest.php(21): Illuminate\Pipeline\Pipeline-&gt;{closure:{closure:Illuminate\Pipeline\Pipeline::carry():194}:195}(Object(Illuminate\Http\Request))
#54 C:\laragon\www\CarRentSystem\vendor\laravel\framework\src\Illuminate\Foundation\Http\Middleware\TrimStrings.php(51): Illuminate\Foundation\Http\Middleware\TransformsRequest-&gt;handle(Object(Illuminate\Http\Request), Object(Closure))
#55 C:\laragon\www\CarRentSystem\vendor\laravel\framework\src\Illuminate\Pipeline\Pipeline.php(219): Illuminate\Foundation\Http\Middleware\TrimStrings-&gt;handle(Object(Illuminate\Http\Request), Object(Closure))
#56 C:\laragon\www\CarRentSystem\vendor\laravel\framework\src\Illuminate\Http\Middleware\ValidatePostSize.php(27): Illuminate\Pipeline\Pipeline-&gt;{closure:{closure:Illuminate\Pipeline\Pipeline::carry():194}:195}(Object(Illuminate\Http\Request))
#57 C:\laragon\www\CarRentSystem\vendor\laravel\framework\src\Illuminate\Pipeline\Pipeline.php(219): Illuminate\Http\Middleware\ValidatePostSize-&gt;handle(Object(Illuminate\Http\Request), Object(Closure))
#58 C:\laragon\www\CarRentSystem\vendor\laravel\framework\src\Illuminate\Foundation\Http\Middleware\PreventRequestsDuringMaintenance.php(109): Illuminate\Pipeline\Pipeline-&gt;{closure:{closure:Illuminate\Pipeline\Pipeline::carry():194}:195}(Object(Illuminate\Http\Request))
#59 C:\laragon\www\CarRentSystem\vendor\laravel\framework\src\Illuminate\Pipeline\Pipeline.php(219): Illuminate\Foundation\Http\Middleware\PreventRequestsDuringMaintenance-&gt;handle(Object(Illuminate\Http\Request), Object(Closure))
#60 C:\laragon\www\CarRentSystem\vendor\laravel\framework\src\Illuminate\Http\Middleware\HandleCors.php(61): Illuminate\Pipeline\Pipeline-&gt;{closure:{closure:Illuminate\Pipeline\Pipeline::carry():194}:195}(Object(Illuminate\Http\Request))
#61 C:\laragon\www\CarRentSystem\vendor\laravel\framework\src\Illuminate\Pipeline\Pipeline.php(219): Illuminate\Http\Middleware\HandleCors-&gt;handle(Object(Illuminate\Http\Request), Object(Closure))
#62 C:\laragon\www\CarRentSystem\vendor\laravel\framework\src\Illuminate\Http\Middleware\TrustProxies.php(58): Illuminate\Pipeline\Pipeline-&gt;{closure:{closure:Illuminate\Pipeline\Pipeline::carry():194}:195}(Object(Illuminate\Http\Request))
#63 C:\laragon\www\CarRentSystem\vendor\laravel\framework\src\Illuminate\Pipeline\Pipeline.php(219): Illuminate\Http\Middleware\TrustProxies-&gt;handle(Object(Illuminate\Http\Request), Object(Closure))
#64 C:\laragon\www\CarRentSystem\vendor\laravel\framework\src\Illuminate\Foundation\Http\Middleware\InvokeDeferredCallbacks.php(22): Illuminate\Pipeline\Pipeline-&gt;{closure:{closure:Illuminate\Pipeline\Pipeline::carry():194}:195}(Object(Illuminate\Http\Request))
#65 C:\laragon\www\CarRentSystem\vendor\laravel\framework\src\Illuminate\Pipeline\Pipeline.php(219): Illuminate\Foundation\Http\Middleware\InvokeDeferredCallbacks-&gt;handle(Object(Illuminate\Http\Request), Object(Closure))
#66 C:\laragon\www\CarRentSystem\vendor\laravel\framework\src\Illuminate\Http\Middleware\ValidatePathEncoding.php(26): Illuminate\Pipeline\Pipeline-&gt;{closure:{closure:Illuminate\Pipeline\Pipeline::carry():194}:195}(Object(Illuminate\Http\Request))
#67 C:\laragon\www\CarRentSystem\vendor\laravel\framework\src\Illuminate\Pipeline\Pipeline.php(219): Illuminate\Http\Middleware\ValidatePathEncoding-&gt;handle(Object(Illuminate\Http\Request), Object(Closure))
#68 C:\laragon\www\CarRentSystem\vendor\laravel\framework\src\Illuminate\Pipeline\Pipeline.php(137): Illuminate\Pipeline\Pipeline-&gt;{closure:{closure:Illuminate\Pipeline\Pipeline::carry():194}:195}(Object(Illuminate\Http\Request))
#69 C:\laragon\www\CarRentSystem\vendor\laravel\framework\src\Illuminate\Foundation\Http\Kernel.php(175): Illuminate\Pipeline\Pipeline-&gt;then(Object(Closure))
#70 C:\laragon\www\CarRentSystem\vendor\laravel\framework\src\Illuminate\Foundation\Http\Kernel.php(144): Illuminate\Foundation\Http\Kernel-&gt;sendRequestThroughRouter(Object(Illuminate\Http\Request))
#71 C:\laragon\www\CarRentSystem\vendor\laravel\framework\src\Illuminate\Foundation\Testing\Concerns\MakesHttpRequests.php(607): Illuminate\Foundation\Http\Kernel-&gt;handle(Object(Illuminate\Http\Request))
#72 C:\laragon\www\CarRentSystem\vendor\laravel\framework\src\Illuminate\Foundation\Testing\Concerns\MakesHttpRequests.php(368): Illuminate\Foundation\Testing\TestCase-&gt;call('GET', '/admin/activity...', Array, Array, Array, Array)
#73 C:\laragon\www\CarRentSystem\tests\Feature\ActivityLogManagementTest.php(25): Illuminate\Foundation\Testing\TestCase-&gt;get('/admin/activity...')
#74 C:\laragon\www\CarRentSystem\vendor\pestphp\pest\src\Factories\TestCaseMethodFactory.php(168): P\Tests\Feature\ActivityLogManagementTest-&gt;{closure:{closure:{closure:C:\laragon\www\CarRentSystem\tests\Feature\ActivityLogManagementTest.php:13}:20}:21}()
#75 [internal function]: P\Tests\Feature\ActivityLogManagementTest-&gt;{closure:Pest\Factories\TestCaseMethodFactory::getClosure():158}()
#76 C:\laragon\www\CarRentSystem\vendor\pestphp\pest\src\Concerns\Testable.php(429): call_user_func_array(Object(Closure), Array)
#77 C:\laragon\www\CarRentSystem\vendor\pestphp\pest\src\Support\ExceptionTrace.php(26): P\Tests\Feature\ActivityLogManagementTest-&gt;{closure:Pest\Concerns\Testable::__callClosure():429}()
#78 C:\laragon\www\CarRentSystem\vendor\pestphp\pest\src\Concerns\Testable.php(429): Pest\Support\ExceptionTrace::ensure(Object(Closure))
#79 C:\laragon\www\CarRentSystem\vendor\pestphp\pest\src\Concerns\Testable.php(331): P\Tests\Feature\ActivityLogManagementTest-&gt;__callClosure(Object(Closure), Array)
#80 C:\laragon\www\CarRentSystem\vendor\pestphp\pest\src\Factories\TestCaseFactory.php(169) : eval()'d code(17): P\Tests\Feature\ActivityLogManagementTest-&gt;__runTest(Object(Closure))
#81 C:\laragon\www\CarRentSystem\vendor\phpunit\phpunit\src\Framework\TestCase.php(1316): P\Tests\Feature\ActivityLogManagementTest-&gt;__pest_evaluable__Activity_Log_Management__→__Activity_Log_Listing__→_it_allows_admin_to_view_all_activity_logs()
#82 C:\laragon\www\CarRentSystem\vendor\phpunit\phpunit\src\Framework\TestCase.php(516): PHPUnit\Framework\TestCase-&gt;runTest()
#83 C:\laragon\www\CarRentSystem\vendor\phpunit\phpunit\src\Framework\TestRunner\TestRunner.php(99): PHPUnit\Framework\TestCase-&gt;runBare()
#84 C:\laragon\www\CarRentSystem\vendor\phpunit\phpunit\src\Framework\TestCase.php(357): PHPUnit\Framework\TestRunner-&gt;run(Object(P\Tests\Feature\ActivityLogManagementTest))
#85 C:\laragon\www\CarRentSystem\vendor\phpunit\phpunit\src\Framework\TestSuite.php(374): PHPUnit\Framework\TestCase-&gt;run()
#86 C:\laragon\www\CarRentSystem\vendor\phpunit\phpunit\src\Framework\TestSuite.php(374): PHPUnit\Framework\TestSuite-&gt;run()
#87 C:\laragon\www\CarRentSystem\vendor\phpunit\phpunit\src\Framework\TestSuite.php(374): PHPUnit\Framework\TestSuite-&gt;run()
#88 C:\laragon\www\CarRentSystem\vendor\phpunit\phpunit\src\TextUI\TestRunner.php(64): PHPUnit\Framework\TestSuite-&gt;run()
#89 C:\laragon\www\CarRentSystem\vendor\phpunit\phpunit\src\TextUI\Application.php(229): PHPUnit\TextUI\TestRunner-&gt;run(Object(PHPUnit\TextUI\Configuration\Configuration), Object(PHPUnit\Runner\ResultCache\DefaultResultCache), Object(PHPUnit\Framework\TestSuite))
#90 C:\laragon\www\CarRentSystem\vendor\pestphp\pest\src\Kernel.php(103): PHPUnit\TextUI\Application-&gt;run(Array)
#91 C:\laragon\www\CarRentSystem\vendor\pestphp\pest\bin\pest(184): Pest\Kernel-&gt;handle(Array, Array)
#92 C:\laragon\www\CarRentSystem\vendor\pestphp\pest\bin\pest(192): {closure:C:\laragon\www\CarRentSystem\vendor\pestphp\pest\bin\pest:18}()
#93 C:\laragon\www\CarRentSystem\vendor\bin\pest(119): include('C:\\laragon\\www\\...')
#94 {main}

----------------------------------------------------------------------------------

SQLSTATE[HY000]: General error: 1 no such column: activity_log.name (Connection: sqlite, SQL: select "activity_log"."name", "" from "activity_log" order by "activity_log"."name" asc limit 50) (View: C:\laragon\www\CarRentSystem\vendor\filament\forms\resources\views\components\select.blade.php) (View: C:\laragon\www\CarRentSystem\vendor\filament\forms\resources\views\components\select.blade.php) (View: C:\laragon\www\CarRentSystem\vendor\filament\forms\resources\views\components\select.blade.php) (View: C:\laragon\www\CarRentSystem\vendor\filament\forms\resources\views\components\select.blade.php) (View: C:\laragon\www\CarRentSystem\vendor\filament\forms\resources\views\components\select.blade.php)&#13;
&#13;
at vendor\laravel\framework\src\Illuminate\Testing\TestResponseAssert.php:45
at vendor\laravel\framework\src\Illuminate\Testing\TestResponse.php:103
at tests\Feature\ActivityLogManagementTest.php:26</failure>
        </testcase>
        <testcase name="`Activity Log Management` → `Activity Log Export` → it exports filtered logs" file="tests\Feature\ActivityLogManagementTest.php::`Activity Log Management` → `Activity Log Export` → it exports filtered logs" class="Tests\Feature\ActivityLogManagementTest" classname="Tests.Feature.ActivityLogManagementTest" assertions="1" time="0.213096">
          <failure type="PHPUnit\Framework\ExpectationFailedException">`Activity Log Management` → `Activity Log Export` → it exports filtered logsExpected response status code [&gt;=200, &lt;300] but received 404.
Failed asserting that false is true.&#13;
at vendor\laravel\framework\src\Illuminate\Testing\TestResponseAssert.php:45
at vendor\laravel\framework\src\Illuminate\Testing\TestResponse.php:103
at tests\Feature\ActivityLogManagementTest.php:237</failure>
        </testcase>
        <testcase name="`Activity Log Management` → `Activity Log Analysis` → it shows most active users" file="tests\Feature\ActivityLogManagementTest.php::`Activity Log Management` → `Activity Log Analysis` → it shows most active users" class="Tests\Feature\ActivityLogManagementTest" classname="Tests.Feature.ActivityLogManagementTest" assertions="1" time="0.245408">
          <failure type="PHPUnit\Framework\ExpectationFailedException">`Activity Log Management` → `Activity Log Analysis` → it shows most active usersExpected response status code [&gt;=200, &lt;300] but received 404.
Failed asserting that false is true.&#13;
at vendor\laravel\framework\src\Illuminate\Testing\TestResponseAssert.php:45
at vendor\laravel\framework\src\Illuminate\Testing\TestResponse.php:103
at tests\Feature\ActivityLogManagementTest.php:158</failure>
        </testcase>
        <testcase name="`Activity Log Management` → `Activity Log Export` → it exports logs for specific date range" file="tests\Feature\ActivityLogManagementTest.php::`Activity Log Management` → `Activity Log Export` → it exports logs for specific date range" class="Tests\Feature\ActivityLogManagementTest" classname="Tests.Feature.ActivityLogManagementTest" assertions="1" time="0.233203">
          <failure type="PHPUnit\Framework\ExpectationFailedException">`Activity Log Management` → `Activity Log Export` → it exports logs for specific date rangeExpected response status code [&gt;=200, &lt;300] but received 404.
Failed asserting that false is true.&#13;
at vendor\laravel\framework\src\Illuminate\Testing\TestResponseAssert.php:45
at vendor\laravel\framework\src\Illuminate\Testing\TestResponse.php:103
at tests\Feature\ActivityLogManagementTest.php:249</failure>
        </testcase>
        <testcase name="`Activity Log Management` → `Activity Log Creation` → it stores request details in log" file="tests\Feature\ActivityLogManagementTest.php::`Activity Log Management` → `Activity Log Creation` → it stores request details in log" class="Tests\Feature\ActivityLogManagementTest" classname="Tests.Feature.ActivityLogManagementTest" assertions="0" time="0.156198">
          <error type="Illuminate\Database\QueryException">`Activity Log Management` → `Activity Log Creation` → it stores request details in logIlluminate\Database\QueryException: SQLSTATE[HY000]: General error: 1 table car_rental_logs has no column named request_data (Connection: sqlite, SQL: insert into "car_rental_logs" ("vehicle_id", "user_id", "action", "description", "metadata", "request_data", "user_agent", "ip_address", "updated_at", "created_at") values (1, 1, vehicle_updated, Vehicle is under maintenance, {"ip_address":"155.156.226.207","user_agent":"Mozilla\/5.0 (iPhone; CPU iPhone OS 15_0 like Mac OS X) AppleWebKit\/605.1.15","browser":"Edge","device_type":"desktop","location":"West Elizaside","session_id":"efa6e061-139d-38ed-a90f-bd787b73fa48","previous_value":null,"new_value":"sunt"}, {"daily_rate":120}, Mozilla/5.0 Test Browser, 192.168.1.1, 2025-09-24 12:01:15, 2025-09-24 12:01:15))&#13;
at vendor\laravel\framework\src\Illuminate\Database\Connection.php:564
at vendor\laravel\framework\src\Illuminate\Database\Connection.php:811
at vendor\laravel\framework\src\Illuminate\Database\Connection.php:778
at vendor\laravel\framework\src\Illuminate\Database\Connection.php:559
at vendor\laravel\framework\src\Illuminate\Database\Connection.php:523
at vendor\laravel\framework\src\Illuminate\Database\Query\Processors\Processor.php:32
at vendor\laravel\framework\src\Illuminate\Database\Query\Builder.php:3853
at vendor\laravel\framework\src\Illuminate\Database\Eloquent\Builder.php:2235
at vendor\laravel\framework\src\Illuminate\Database\Eloquent\Model.php:1436
at vendor\laravel\framework\src\Illuminate\Database\Eloquent\Model.php:1401
at vendor\laravel\framework\src\Illuminate\Database\Eloquent\Model.php:1240
at vendor\laravel\framework\src\Illuminate\Database\Eloquent\Factories\Factory.php:370
at vendor\laravel\framework\src\Illuminate\Collections\Traits\EnumeratesValues.php:271
at vendor\laravel\framework\src\Illuminate\Database\Eloquent\Factories\Factory.php:365
at vendor\laravel\framework\src\Illuminate\Database\Eloquent\Factories\Factory.php:321
at vendor\laravel\framework\src\Illuminate\Database\Eloquent\Factories\Factory.php:315
at tests\Feature\ActivityLogManagementTest.php:125
Caused by
PDOException: SQLSTATE[HY000]: General error: 1 table car_rental_logs has no column named request_data

at vendor\laravel\framework\src\Illuminate\Database\Connection.php:564
at vendor\laravel\framework\src\Illuminate\Database\Connection.php:811
at vendor\laravel\framework\src\Illuminate\Database\Connection.php:778
at vendor\laravel\framework\src\Illuminate\Database\Connection.php:559
at vendor\laravel\framework\src\Illuminate\Database\Connection.php:523
at vendor\laravel\framework\src\Illuminate\Database\Query\Processors\Processor.php:32
at vendor\laravel\framework\src\Illuminate\Database\Query\Builder.php:3853
at vendor\laravel\framework\src\Illuminate\Database\Eloquent\Builder.php:2235
at vendor\laravel\framework\src\Illuminate\Database\Eloquent\Model.php:1436
at vendor\laravel\framework\src\Illuminate\Database\Eloquent\Model.php:1401
at vendor\laravel\framework\src\Illuminate\Database\Eloquent\Model.php:1240
at vendor\laravel\framework\src\Illuminate\Database\Eloquent\Factories\Factory.php:370
at vendor\laravel\framework\src\Illuminate\Collections\Traits\EnumeratesValues.php:271
at vendor\laravel\framework\src\Illuminate\Database\Eloquent\Factories\Factory.php:365
at vendor\laravel\framework\src\Illuminate\Database\Eloquent\Factories\Factory.php:321
at vendor\laravel\framework\src\Illuminate\Database\Eloquent\Factories\Factory.php:315
at tests\Feature\ActivityLogManagementTest.php:125</error>
        </testcase>
        <testcase name="`Activity Log Management` → `Activity Log Listing` → it restricts renter access to activity logs" file="tests\Feature\ActivityLogManagementTest.php::`Activity Log Management` → `Activity Log Listing` → it restricts renter access to activity logs" class="Tests\Feature\ActivityLogManagementTest" classname="Tests.Feature.ActivityLogManagementTest" assertions="1" time="12.762524">
          <failure type="PHPUnit\Framework\ExpectationFailedException">`Activity Log Management` → `Activity Log Listing` → it restricts renter access to activity logsExpected response status code [403] but received 500.
Failed asserting that 500 is identical to 403.&#13;
&#13;
The following exception occurred during the last request:

PDOException: SQLSTATE[HY000]: General error: 1 no such column: activity_log.name in C:\laragon\www\CarRentSystem\vendor\laravel\framework\src\Illuminate\Database\Connection.php:406
Stack trace:
#0 C:\laragon\www\CarRentSystem\vendor\laravel\framework\src\Illuminate\Database\Connection.php(406): PDO-&gt;prepare('select "activit...')
#1 C:\laragon\www\CarRentSystem\vendor\laravel\framework\src\Illuminate\Database\Connection.php(811): Illuminate\Database\Connection-&gt;{closure:Illuminate\Database\Connection::select():397}('select "activit...', Array)
#2 C:\laragon\www\CarRentSystem\vendor\laravel\framework\src\Illuminate\Database\Connection.php(778): Illuminate\Database\Connection-&gt;runQueryCallback('select "activit...', Array, Object(Closure))
#3 C:\laragon\www\CarRentSystem\vendor\laravel\framework\src\Illuminate\Database\Connection.php(397): Illuminate\Database\Connection-&gt;run('select "activit...', Array, Object(Closure))
#4 C:\laragon\www\CarRentSystem\vendor\laravel\framework\src\Illuminate\Database\Query\Builder.php(3188): Illuminate\Database\Connection-&gt;select('select "activit...', Array, true)
#5 C:\laragon\www\CarRentSystem\vendor\laravel\framework\src\Illuminate\Database\Query\Builder.php(3446): Illuminate\Database\Query\Builder-&gt;runSelect()
#6 C:\laragon\www\CarRentSystem\vendor\laravel\framework\src\Illuminate\Database\Query\Builder.php(3763): Illuminate\Database\Query\Builder-&gt;{closure:Illuminate\Database\Query\Builder::pluck():3444}()
#7 C:\laragon\www\CarRentSystem\vendor\laravel\framework\src\Illuminate\Database\Query\Builder.php(3442): Illuminate\Database\Query\Builder-&gt;onceWithColumns(Array, Object(Closure))
#8 C:\laragon\www\CarRentSystem\vendor\laravel\framework\src\Illuminate\Database\Eloquent\Builder.php(1082): Illuminate\Database\Query\Builder-&gt;pluck('activity_log.na...', '')
#9 C:\laragon\www\CarRentSystem\vendor\filament\tables\src\Filters\SelectFilter.php(454): Illuminate\Database\Eloquent\Builder-&gt;pluck('activity_log.na...', '')
#10 C:\laragon\www\CarRentSystem\vendor\filament\support\src\Concerns\EvaluatesClosures.php(36): Filament\Tables\Filters\SelectFilter-&gt;{closure:Filament\Tables\Filters\SelectFilter::getFormField():391}(Object(Filament\Forms\Components\Select))
#11 C:\laragon\www\CarRentSystem\vendor\filament\forms\src\Components\Concerns\HasOptions.php(36): Filament\Support\Components\Component-&gt;evaluate(Object(Closure))
#12 C:\laragon\www\CarRentSystem\vendor\filament\forms\src\Components\Select.php(708): Filament\Forms\Components\Select-&gt;getOptions()
#13 C:\laragon\www\CarRentSystem\storage\framework\views\785d21797565f791af709268f8dfbe8e.php(182): Filament\Forms\Components\Select-&gt;getOptionsForJs()
#14 C:\laragon\www\CarRentSystem\vendor\livewire\livewire\src\Mechanisms\ExtendBlade\ExtendedCompilerEngine.php(37): include('C:\\laragon\\www\\...')
#15 C:\laragon\www\CarRentSystem\vendor\livewire\livewire\src\Mechanisms\ExtendBlade\ExtendedCompilerEngine.php(38): App\Filament\Resources\ActivityLogResource\Pages\ListActivityLogs-&gt;{closure:Livewire\Mechanisms\ExtendBlade\ExtendedCompilerEngine::evaluatePath():35}()
#16 C:\laragon\www\CarRentSystem\vendor\laravel\framework\src\Illuminate\View\Engines\CompilerEngine.php(76): Livewire\Mechanisms\ExtendBlade\ExtendedCompilerEngine-&gt;evaluatePath('C:\\laragon\\www\\...', Array)
#17 C:\laragon\www\CarRentSystem\vendor\livewire\livewire\src\Mechanisms\ExtendBlade\ExtendedCompilerEngine.php(16): Illuminate\View\Engines\CompilerEngine-&gt;get('C:\\laragon\\www\\...', Array)
#18 C:\laragon\www\CarRentSystem\vendor\laravel\framework\src\Illuminate\View\View.php(208): Livewire\Mechanisms\ExtendBlade\ExtendedCompilerEngine-&gt;get('C:\\laragon\\www\\...', Array)
#19 C:\laragon\www\CarRentSystem\vendor\laravel\framework\src\Illuminate\View\View.php(191): Illuminate\View\View-&gt;getContents()
#20 C:\laragon\www\CarRentSystem\vendor\laravel\framework\src\Illuminate\View\View.php(160): Illuminate\View\View-&gt;renderContents()
#21 C:\laragon\www\CarRentSystem\vendor\filament\support\src\Components\ViewComponent.php(125): Illuminate\View\View-&gt;render()
#22 C:\laragon\www\CarRentSystem\vendor\filament\schemas\src\Components\Component.php(221): Filament\Support\Components\ViewComponent-&gt;toHtml()
#23 C:\laragon\www\CarRentSystem\vendor\filament\schemas\src\Schema.php(205): Filament\Schemas\Components\Component-&gt;toSchemaHtml(true)
#24 C:\laragon\www\CarRentSystem\vendor\filament\support\src\Components\ViewComponent.php(122): Filament\Schemas\Schema-&gt;toEmbeddedHtml()
#25 C:\laragon\www\CarRentSystem\vendor\laravel\framework\src\Illuminate\Support\helpers.php(130): Filament\Support\Components\ViewComponent-&gt;toHtml()
#26 C:\laragon\www\CarRentSystem\storage\framework\views\5110ca74321f0dcab372f3d94aa125c2.php(9): e(Object(Filament\Schemas\Schema))
#27 C:\laragon\www\CarRentSystem\vendor\livewire\livewire\src\Mechanisms\ExtendBlade\ExtendedCompilerEngine.php(37): include('C:\\laragon\\www\\...')
#28 C:\laragon\www\CarRentSystem\vendor\livewire\livewire\src\Mechanisms\ExtendBlade\ExtendedCompilerEngine.php(38): App\Filament\Resources\ActivityLogResource\Pages\ListActivityLogs-&gt;{closure:Livewire\Mechanisms\ExtendBlade\ExtendedCompilerEngine::evaluatePath():35}()
#29 C:\laragon\www\CarRentSystem\vendor\laravel\framework\src\Illuminate\View\Engines\CompilerEngine.php(76): Livewire\Mechanisms\ExtendBlade\ExtendedCompilerEngine-&gt;evaluatePath('C:\\laragon\\www\\...', Array)
#30 C:\laragon\www\CarRentSystem\vendor\livewire\livewire\src\Mechanisms\ExtendBlade\ExtendedCompilerEngine.php(16): Illuminate\View\Engines\CompilerEngine-&gt;get('C:\\laragon\\www\\...', Array)
#31 C:\laragon\www\CarRentSystem\vendor\laravel\framework\src\Illuminate\View\View.php(208): Livewire\Mechanisms\ExtendBlade\ExtendedCompilerEngine-&gt;get('C:\\laragon\\www\\...', Array)
#32 C:\laragon\www\CarRentSystem\vendor\laravel\framework\src\Illuminate\View\View.php(191): Illuminate\View\View-&gt;getContents()
#33 C:\laragon\www\CarRentSystem\vendor\laravel\framework\src\Illuminate\View\View.php(160): Illuminate\View\View-&gt;renderContents()
#34 C:\laragon\www\CarRentSystem\vendor\filament\support\src\Components\ViewComponent.php(125): Illuminate\View\View-&gt;render()
#35 C:\laragon\www\CarRentSystem\vendor\filament\schemas\src\Components\Component.php(221): Filament\Support\Components\ViewComponent-&gt;toHtml()
#36 C:\laragon\www\CarRentSystem\vendor\filament\schemas\src\Schema.php(205): Filament\Schemas\Components\Component-&gt;toSchemaHtml(true)
#37 C:\laragon\www\CarRentSystem\vendor\filament\support\src\Components\ViewComponent.php(122): Filament\Schemas\Schema-&gt;toEmbeddedHtml()
#38 C:\laragon\www\CarRentSystem\vendor\laravel\framework\src\Illuminate\Support\helpers.php(130): Filament\Support\Components\ViewComponent-&gt;toHtml()
#39 C:\laragon\www\CarRentSystem\storage\framework\views\1a3d3d822b7060b360e0a4f4cc781bd5.php(92): e(Object(Filament\Schemas\Schema))
#40 C:\laragon\www\CarRentSystem\vendor\livewire\livewire\src\Mechanisms\ExtendBlade\ExtendedCompilerEngine.php(37): include('C:\\laragon\\www\\...')
#41 C:\laragon\www\CarRentSystem\vendor\livewire\livewire\src\Mechanisms\ExtendBlade\ExtendedCompilerEngine.php(38): App\Filament\Resources\ActivityLogResource\Pages\ListActivityLogs-&gt;{closure:Livewire\Mechanisms\ExtendBlade\ExtendedCompilerEngine::evaluatePath():35}()
#42 C:\laragon\www\CarRentSystem\vendor\laravel\framework\src\Illuminate\View\Engines\CompilerEngine.php(76): Livewire\Mechanisms\ExtendBlade\ExtendedCompilerEngine-&gt;evaluatePath('C:\\laragon\\www\\...', Array)
#43 C:\laragon\www\CarRentSystem\vendor\livewire\livewire\src\Mechanisms\ExtendBlade\ExtendedCompilerEngine.php(16): Illuminate\View\Engines\CompilerEngine-&gt;get('C:\\laragon\\www\\...', Array)
#44 C:\laragon\www\CarRentSystem\vendor\laravel\framework\src\Illuminate\View\View.php(208): Livewire\Mechanisms\ExtendBlade\ExtendedCompilerEngine-&gt;get('C:\\laragon\\www\\...', Array)
#45 C:\laragon\www\CarRentSystem\vendor\laravel\framework\src\Illuminate\View\View.php(191): Illuminate\View\View-&gt;getContents()
#46 C:\laragon\www\CarRentSystem\vendor\laravel\framework\src\Illuminate\View\View.php(160): Illuminate\View\View-&gt;renderContents()
#47 C:\laragon\www\CarRentSystem\vendor\laravel\framework\src\Illuminate\View\Concerns\ManagesComponents.php(103): Illuminate\View\View-&gt;render()
#48 C:\laragon\www\CarRentSystem\storage\framework\views\63d0da9e86cc349a52193e89442d61e4.php(727): Illuminate\View\Factory-&gt;renderComponent()
#49 C:\laragon\www\CarRentSystem\vendor\livewire\livewire\src\Mechanisms\ExtendBlade\ExtendedCompilerEngine.php(37): include('C:\\laragon\\www\\...')
#50 C:\laragon\www\CarRentSystem\vendor\livewire\livewire\src\Mechanisms\ExtendBlade\ExtendedCompilerEngine.php(38): App\Filament\Resources\ActivityLogResource\Pages\ListActivityLogs-&gt;{closure:Livewire\Mechanisms\ExtendBlade\ExtendedCompilerEngine::evaluatePath():35}()
#51 C:\laragon\www\CarRentSystem\vendor\laravel\framework\src\Illuminate\View\Engines\CompilerEngine.php(76): Livewire\Mechanisms\ExtendBlade\ExtendedCompilerEngine-&gt;evaluatePath('C:\\laragon\\www\\...', Array)
#52 C:\laragon\www\CarRentSystem\vendor\livewire\livewire\src\Mechanisms\ExtendBlade\ExtendedCompilerEngine.php(16): Illuminate\View\Engines\CompilerEngine-&gt;get('C:\\laragon\\www\\...', Array)
#53 C:\laragon\www\CarRentSystem\vendor\laravel\framework\src\Illuminate\View\View.php(208): Livewire\Mechanisms\ExtendBlade\ExtendedCompilerEngine-&gt;get('C:\\laragon\\www\\...', Array)
#54 C:\laragon\www\CarRentSystem\vendor\laravel\framework\src\Illuminate\View\View.php(191): Illuminate\View\View-&gt;getContents()
#55 C:\laragon\www\CarRentSystem\vendor\laravel\framework\src\Illuminate\View\View.php(160): Illuminate\View\View-&gt;renderContents()
#56 C:\laragon\www\CarRentSystem\vendor\filament\support\src\Components\ViewComponent.php(125): Illuminate\View\View-&gt;render()
#57 C:\laragon\www\CarRentSystem\vendor\filament\schemas\src\Components\Component.php(221): Filament\Support\Components\ViewComponent-&gt;toHtml()
#58 C:\laragon\www\CarRentSystem\vendor\filament\schemas\src\Schema.php(205): Filament\Schemas\Components\Component-&gt;toSchemaHtml(true)
#59 C:\laragon\www\CarRentSystem\vendor\filament\support\src\Components\ViewComponent.php(122): Filament\Schemas\Schema-&gt;toEmbeddedHtml()
#60 C:\laragon\www\CarRentSystem\vendor\laravel\framework\src\Illuminate\Support\helpers.php(130): Filament\Support\Components\ViewComponent-&gt;toHtml()
#61 C:\laragon\www\CarRentSystem\storage\framework\views\440b755faea75388110fdd3acae41dc5.php(11): e(Object(Filament\Schemas\Schema))
#62 C:\laragon\www\CarRentSystem\vendor\livewire\livewire\src\Mechanisms\ExtendBlade\ExtendedCompilerEngine.php(37): include('C:\\laragon\\www\\...')
#63 C:\laragon\www\CarRentSystem\vendor\livewire\livewire\src\Mechanisms\ExtendBlade\ExtendedCompilerEngine.php(38): App\Filament\Resources\ActivityLogResource\Pages\ListActivityLogs-&gt;{closure:Livewire\Mechanisms\ExtendBlade\ExtendedCompilerEngine::evaluatePath():35}()
#64 C:\laragon\www\CarRentSystem\vendor\laravel\framework\src\Illuminate\View\Engines\CompilerEngine.php(76): Livewire\Mechanisms\ExtendBlade\ExtendedCompilerEngine-&gt;evaluatePath('C:\\laragon\\www\\...', Array)
#65 C:\laragon\www\CarRentSystem\vendor\livewire\livewire\src\Mechanisms\ExtendBlade\ExtendedCompilerEngine.php(16): Illuminate\View\Engines\CompilerEngine-&gt;get('C:\\laragon\\www\\...', Array)
#66 C:\laragon\www\CarRentSystem\vendor\laravel\framework\src\Illuminate\View\View.php(208): Livewire\Mechanisms\ExtendBlade\ExtendedCompilerEngine-&gt;get('C:\\laragon\\www\\...', Array)
#67 C:\laragon\www\CarRentSystem\vendor\laravel\framework\src\Illuminate\View\View.php(191): Illuminate\View\View-&gt;getContents()
#68 C:\laragon\www\CarRentSystem\vendor\laravel\framework\src\Illuminate\View\View.php(160): Illuminate\View\View-&gt;renderContents()
#69 C:\laragon\www\CarRentSystem\vendor\livewire\livewire\src\Mechanisms\HandleComponents\HandleComponents.php(259): Illuminate\View\View-&gt;render(Object(Closure))
#70 C:\laragon\www\CarRentSystem\vendor\livewire\livewire\src\Mechanisms\HandleComponents\HandleComponents.php(303): Livewire\Mechanisms\HandleComponents\HandleComponents-&gt;{closure:Livewire\Mechanisms\HandleComponents\HandleComponents::render():251}()
#71 C:\laragon\www\CarRentSystem\vendor\livewire\livewire\src\Mechanisms\HandleComponents\HandleComponents.php(251): Livewire\Mechanisms\HandleComponents\HandleComponents-&gt;trackInRenderStack(Object(App\Filament\Resources\ActivityLogResource\Pages\ListActivityLogs), Object(Closure))
#72 C:\laragon\www\CarRentSystem\vendor\livewire\livewire\src\Mechanisms\HandleComponents\HandleComponents.php(54): Livewire\Mechanisms\HandleComponents\HandleComponents-&gt;render(Object(App\Filament\Resources\ActivityLogResource\Pages\ListActivityLogs), '&lt;div&gt;&lt;/div&gt;')
#73 C:\laragon\www\CarRentSystem\vendor\livewire\livewire\src\LivewireManager.php(73): Livewire\Mechanisms\HandleComponents\HandleComponents-&gt;mount('App\\Filament\\Re...', Array, NULL)
#74 C:\laragon\www\CarRentSystem\vendor\livewire\livewire\src\Features\SupportPageComponents\HandlesPageComponents.php(17): Livewire\LivewireManager-&gt;mount('App\\Filament\\Re...', Array)
#75 C:\laragon\www\CarRentSystem\vendor\livewire\livewire\src\Features\SupportPageComponents\SupportPageComponents.php(117): Livewire\Component-&gt;{closure:Livewire\Features\SupportPageComponents\HandlesPageComponents::__invoke():14}()
#76 C:\laragon\www\CarRentSystem\vendor\livewire\livewire\src\Features\SupportPageComponents\HandlesPageComponents.php(14): Livewire\Features\SupportPageComponents\SupportPageComponents::interceptTheRenderOfTheComponentAndRetreiveTheLayoutConfiguration(Object(Closure))
#77 C:\laragon\www\CarRentSystem\vendor\laravel\framework\src\Illuminate\Routing\ControllerDispatcher.php(46): Livewire\Component-&gt;__invoke()
#78 C:\laragon\www\CarRentSystem\vendor\laravel\framework\src\Illuminate\Routing\Route.php(265): Illuminate\Routing\ControllerDispatcher-&gt;dispatch(Object(Illuminate\Routing\Route), Object(App\Filament\Resources\ActivityLogResource\Pages\ListActivityLogs), '__invoke')
#79 C:\laragon\www\CarRentSystem\vendor\laravel\framework\src\Illuminate\Routing\Route.php(211): Illuminate\Routing\Route-&gt;runController()
#80 C:\laragon\www\CarRentSystem\vendor\laravel\framework\src\Illuminate\Routing\Router.php(822): Illuminate\Routing\Route-&gt;run()
#81 C:\laragon\www\CarRentSystem\vendor\laravel\framework\src\Illuminate\Pipeline\Pipeline.php(180): Illuminate\Routing\Router-&gt;{closure:Illuminate\Routing\Router::runRouteWithinStack():821}(Object(Illuminate\Http\Request))
#82 C:\laragon\www\CarRentSystem\vendor\filament\filament\src\Http\Middleware\DispatchServingFilamentEvent.php(15): Illuminate\Pipeline\Pipeline-&gt;{closure:Illuminate\Pipeline\Pipeline::prepareDestination():178}(Object(Illuminate\Http\Request))
#83 C:\laragon\www\CarRentSystem\vendor\laravel\framework\src\Illuminate\Pipeline\Pipeline.php(219): Filament\Http\Middleware\DispatchServingFilamentEvent-&gt;handle(Object(Illuminate\Http\Request), Object(Closure))
#84 C:\laragon\www\CarRentSystem\vendor\filament\filament\src\Http\Middleware\DisableBladeIconComponents.php(14): Illuminate\Pipeline\Pipeline-&gt;{closure:{closure:Illuminate\Pipeline\Pipeline::carry():194}:195}(Object(Illuminate\Http\Request))
#85 C:\laragon\www\CarRentSystem\vendor\laravel\framework\src\Illuminate\Pipeline\Pipeline.php(219): Filament\Http\Middleware\DisableBladeIconComponents-&gt;handle(Object(Illuminate\Http\Request), Object(Closure))
#86 C:\laragon\www\CarRentSystem\app\Http\Middleware\LocalizationMiddleware.php(41): Illuminate\Pipeline\Pipeline-&gt;{closure:{closure:Illuminate\Pipeline\Pipeline::carry():194}:195}(Object(Illuminate\Http\Request))
#87 C:\laragon\www\CarRentSystem\vendor\laravel\framework\src\Illuminate\Pipeline\Pipeline.php(219): App\Http\Middleware\LocalizationMiddleware-&gt;handle(Object(Illuminate\Http\Request), Object(Closure))
#88 C:\laragon\www\CarRentSystem\vendor\laravel\framework\src\Illuminate\Routing\Middleware\SubstituteBindings.php(50): Illuminate\Pipeline\Pipeline-&gt;{closure:{closure:Illuminate\Pipeline\Pipeline::carry():194}:195}(Object(Illuminate\Http\Request))
#89 C:\laragon\www\CarRentSystem\vendor\laravel\framework\src\Illuminate\Pipeline\Pipeline.php(219): Illuminate\Routing\Middleware\SubstituteBindings-&gt;handle(Object(Illuminate\Http\Request), Object(Closure))
#90 C:\laragon\www\CarRentSystem\vendor\laravel\framework\src\Illuminate\Auth\Middleware\Authenticate.php(63): Illuminate\Pipeline\Pipeline-&gt;{closure:{closure:Illuminate\Pipeline\Pipeline::carry():194}:195}(Object(Illuminate\Http\Request))
#91 C:\laragon\www\CarRentSystem\vendor\laravel\framework\src\Illuminate\Pipeline\Pipeline.php(219): Illuminate\Auth\Middleware\Authenticate-&gt;handle(Object(Illuminate\Http\Request), Object(Closure))
#92 C:\laragon\www\CarRentSystem\vendor\laravel\framework\src\Illuminate\View\Middleware\ShareErrorsFromSession.php(48): Illuminate\Pipeline\Pipeline-&gt;{closure:{closure:Illuminate\Pipeline\Pipeline::carry():194}:195}(Object(Illuminate\Http\Request))
#93 C:\laragon\www\CarRentSystem\vendor\laravel\framework\src\Illuminate\Pipeline\Pipeline.php(219): Illuminate\View\Middleware\ShareErrorsFromSession-&gt;handle(Object(Illuminate\Http\Request), Object(Closure))
#94 C:\laragon\www\CarRentSystem\vendor\laravel\framework\src\Illuminate\Session\Middleware\StartSession.php(120): Illuminate\Pipeline\Pipeline-&gt;{closure:{closure:Illuminate\Pipeline\Pipeline::carry():194}:195}(Object(Illuminate\Http\Request))
#95 C:\laragon\www\CarRentSystem\vendor\laravel\framework\src\Illuminate\Session\Middleware\StartSession.php(63): Illuminate\Session\Middleware\StartSession-&gt;handleStatefulRequest(Object(Illuminate\Http\Request), Object(Illuminate\Session\Store), Object(Closure))
#96 C:\laragon\www\CarRentSystem\vendor\laravel\framework\src\Illuminate\Pipeline\Pipeline.php(219): Illuminate\Session\Middleware\StartSession-&gt;handle(Object(Illuminate\Http\Request), Object(Closure))
#97 C:\laragon\www\CarRentSystem\vendor\laravel\framework\src\Illuminate\Cookie\Middleware\AddQueuedCookiesToResponse.php(36): Illuminate\Pipeline\Pipeline-&gt;{closure:{closure:Illuminate\Pipeline\Pipeline::carry():194}:195}(Object(Illuminate\Http\Request))
#98 C:\laragon\www\CarRentSystem\vendor\laravel\framework\src\Illuminate\Pipeline\Pipeline.php(219): Illuminate\Cookie\Middleware\AddQueuedCookiesToResponse-&gt;handle(Object(Illuminate\Http\Request), Object(Closure))
#99 C:\laragon\www\CarRentSystem\vendor\laravel\framework\src\Illuminate\Cookie\Middleware\EncryptCookies.php(74): Illuminate\Pipeline\Pipeline-&gt;{closure:{closure:Illuminate\Pipeline\Pipeline::carry():194}:195}(Object(Illuminate\Http\Request))
#100 C:\laragon\www\CarRentSystem\vendor\laravel\framework\src\Illuminate\Pipeline\Pipeline.php(219): Illuminate\Cookie\Middleware\EncryptCookies-&gt;handle(Object(Illuminate\Http\Request), Object(Closure))
#101 C:\laragon\www\CarRentSystem\vendor\filament\filament\src\Http\Middleware\SetUpPanel.php(19): Illuminate\Pipeline\Pipeline-&gt;{closure:{closure:Illuminate\Pipeline\Pipeline::carry():194}:195}(Object(Illuminate\Http\Request))
#102 C:\laragon\www\CarRentSystem\vendor\laravel\framework\src\Illuminate\Pipeline\Pipeline.php(219): Filament\Http\Middleware\SetUpPanel-&gt;handle(Object(Illuminate\Http\Request), Object(Closure), Object(Filament\Panel))
#103 C:\laragon\www\CarRentSystem\vendor\laravel\framework\src\Illuminate\Pipeline\Pipeline.php(137): Illuminate\Pipeline\Pipeline-&gt;{closure:{closure:Illuminate\Pipeline\Pipeline::carry():194}:195}(Object(Illuminate\Http\Request))
#104 C:\laragon\www\CarRentSystem\vendor\laravel\framework\src\Illuminate\Routing\Router.php(821): Illuminate\Pipeline\Pipeline-&gt;then(Object(Closure))
#105 C:\laragon\www\CarRentSystem\vendor\laravel\framework\src\Illuminate\Routing\Router.php(800): Illuminate\Routing\Router-&gt;runRouteWithinStack(Object(Illuminate\Routing\Route), Object(Illuminate\Http\Request))
#106 C:\laragon\www\CarRentSystem\vendor\laravel\framework\src\Illuminate\Routing\Router.php(764): Illuminate\Routing\Router-&gt;runRoute(Object(Illuminate\Http\Request), Object(Illuminate\Routing\Route))
#107 C:\laragon\www\CarRentSystem\vendor\laravel\framework\src\Illuminate\Routing\Router.php(753): Illuminate\Routing\Router-&gt;dispatchToRoute(Object(Illuminate\Http\Request))
#108 C:\laragon\www\CarRentSystem\vendor\laravel\framework\src\Illuminate\Foundation\Http\Kernel.php(200): Illuminate\Routing\Router-&gt;dispatch(Object(Illuminate\Http\Request))
#109 C:\laragon\www\CarRentSystem\vendor\laravel\framework\src\Illuminate\Pipeline\Pipeline.php(180): Illuminate\Foundation\Http\Kernel-&gt;{closure:Illuminate\Foundation\Http\Kernel::dispatchToRouter():197}(Object(Illuminate\Http\Request))
#110 C:\laragon\www\CarRentSystem\vendor\livewire\livewire\src\Features\SupportDisablingBackButtonCache\DisableBackButtonCacheMiddleware.php(19): Illuminate\Pipeline\Pipeline-&gt;{closure:Illuminate\Pipeline\Pipeline::prepareDestination():178}(Object(Illuminate\Http\Request))
#111 C:\laragon\www\CarRentSystem\vendor\laravel\framework\src\Illuminate\Pipeline\Pipeline.php(219): Livewire\Features\SupportDisablingBackButtonCache\DisableBackButtonCacheMiddleware-&gt;handle(Object(Illuminate\Http\Request), Object(Closure))
#112 C:\laragon\www\CarRentSystem\vendor\laravel\framework\src\Illuminate\Foundation\Http\Middleware\TransformsRequest.php(21): Illuminate\Pipeline\Pipeline-&gt;{closure:{closure:Illuminate\Pipeline\Pipeline::carry():194}:195}(Object(Illuminate\Http\Request))
#113 C:\laragon\www\CarRentSystem\vendor\laravel\framework\src\Illuminate\Foundation\Http\Middleware\ConvertEmptyStringsToNull.php(31): Illuminate\Foundation\Http\Middleware\TransformsRequest-&gt;handle(Object(Illuminate\Http\Request), Object(Closure))
#114 C:\laragon\www\CarRentSystem\vendor\laravel\framework\src\Illuminate\Pipeline\Pipeline.php(219): Illuminate\Foundation\Http\Middleware\ConvertEmptyStringsToNull-&gt;handle(Object(Illuminate\Http\Request), Object(Closure))
#115 C:\laragon\www\CarRentSystem\vendor\laravel\framework\src\Illuminate\Foundation\Http\Middleware\TransformsRequest.php(21): Illuminate\Pipeline\Pipeline-&gt;{closure:{closure:Illuminate\Pipeline\Pipeline::carry():194}:195}(Object(Illuminate\Http\Request))
#116 C:\laragon\www\CarRentSystem\vendor\laravel\framework\src\Illuminate\Foundation\Http\Middleware\TrimStrings.php(51): Illuminate\Foundation\Http\Middleware\TransformsRequest-&gt;handle(Object(Illuminate\Http\Request), Object(Closure))
#117 C:\laragon\www\CarRentSystem\vendor\laravel\framework\src\Illuminate\Pipeline\Pipeline.php(219): Illuminate\Foundation\Http\Middleware\TrimStrings-&gt;handle(Object(Illuminate\Http\Request), Object(Closure))
#118 C:\laragon\www\CarRentSystem\vendor\laravel\framework\src\Illuminate\Http\Middleware\ValidatePostSize.php(27): Illuminate\Pipeline\Pipeline-&gt;{closure:{closure:Illuminate\Pipeline\Pipeline::carry():194}:195}(Object(Illuminate\Http\Request))
#119 C:\laragon\www\CarRentSystem\vendor\laravel\framework\src\Illuminate\Pipeline\Pipeline.php(219): Illuminate\Http\Middleware\ValidatePostSize-&gt;handle(Object(Illuminate\Http\Request), Object(Closure))
#120 C:\laragon\www\CarRentSystem\vendor\laravel\framework\src\Illuminate\Foundation\Http\Middleware\PreventRequestsDuringMaintenance.php(109): Illuminate\Pipeline\Pipeline-&gt;{closure:{closure:Illuminate\Pipeline\Pipeline::carry():194}:195}(Object(Illuminate\Http\Request))
#121 C:\laragon\www\CarRentSystem\vendor\laravel\framework\src\Illuminate\Pipeline\Pipeline.php(219): Illuminate\Foundation\Http\Middleware\PreventRequestsDuringMaintenance-&gt;handle(Object(Illuminate\Http\Request), Object(Closure))
#122 C:\laragon\www\CarRentSystem\vendor\laravel\framework\src\Illuminate\Http\Middleware\HandleCors.php(61): Illuminate\Pipeline\Pipeline-&gt;{closure:{closure:Illuminate\Pipeline\Pipeline::carry():194}:195}(Object(Illuminate\Http\Request))
#123 C:\laragon\www\CarRentSystem\vendor\laravel\framework\src\Illuminate\Pipeline\Pipeline.php(219): Illuminate\Http\Middleware\HandleCors-&gt;handle(Object(Illuminate\Http\Request), Object(Closure))
#124 C:\laragon\www\CarRentSystem\vendor\laravel\framework\src\Illuminate\Http\Middleware\TrustProxies.php(58): Illuminate\Pipeline\Pipeline-&gt;{closure:{closure:Illuminate\Pipeline\Pipeline::carry():194}:195}(Object(Illuminate\Http\Request))
#125 C:\laragon\www\CarRentSystem\vendor\laravel\framework\src\Illuminate\Pipeline\Pipeline.php(219): Illuminate\Http\Middleware\TrustProxies-&gt;handle(Object(Illuminate\Http\Request), Object(Closure))
#126 C:\laragon\www\CarRentSystem\vendor\laravel\framework\src\Illuminate\Foundation\Http\Middleware\InvokeDeferredCallbacks.php(22): Illuminate\Pipeline\Pipeline-&gt;{closure:{closure:Illuminate\Pipeline\Pipeline::carry():194}:195}(Object(Illuminate\Http\Request))
#127 C:\laragon\www\CarRentSystem\vendor\laravel\framework\src\Illuminate\Pipeline\Pipeline.php(219): Illuminate\Foundation\Http\Middleware\InvokeDeferredCallbacks-&gt;handle(Object(Illuminate\Http\Request), Object(Closure))
#128 C:\laragon\www\CarRentSystem\vendor\laravel\framework\src\Illuminate\Http\Middleware\ValidatePathEncoding.php(26): Illuminate\Pipeline\Pipeline-&gt;{closure:{closure:Illuminate\Pipeline\Pipeline::carry():194}:195}(Object(Illuminate\Http\Request))
#129 C:\laragon\www\CarRentSystem\vendor\laravel\framework\src\Illuminate\Pipeline\Pipeline.php(219): Illuminate\Http\Middleware\ValidatePathEncoding-&gt;handle(Object(Illuminate\Http\Request), Object(Closure))
#130 C:\laragon\www\CarRentSystem\vendor\laravel\framework\src\Illuminate\Pipeline\Pipeline.php(137): Illuminate\Pipeline\Pipeline-&gt;{closure:{closure:Illuminate\Pipeline\Pipeline::carry():194}:195}(Object(Illuminate\Http\Request))
#131 C:\laragon\www\CarRentSystem\vendor\laravel\framework\src\Illuminate\Foundation\Http\Kernel.php(175): Illuminate\Pipeline\Pipeline-&gt;then(Object(Closure))
#132 C:\laragon\www\CarRentSystem\vendor\laravel\framework\src\Illuminate\Foundation\Http\Kernel.php(144): Illuminate\Foundation\Http\Kernel-&gt;sendRequestThroughRouter(Object(Illuminate\Http\Request))
#133 C:\laragon\www\CarRentSystem\vendor\laravel\framework\src\Illuminate\Foundation\Testing\Concerns\MakesHttpRequests.php(607): Illuminate\Foundation\Http\Kernel-&gt;handle(Object(Illuminate\Http\Request))
#134 C:\laragon\www\CarRentSystem\vendor\laravel\framework\src\Illuminate\Foundation\Testing\Concerns\MakesHttpRequests.php(368): Illuminate\Foundation\Testing\TestCase-&gt;call('GET', '/admin/activity...', Array, Array, Array, Array)
#135 C:\laragon\www\CarRentSystem\tests\Feature\ActivityLogManagementTest.php(38): Illuminate\Foundation\Testing\TestCase-&gt;get('/admin/activity...')
#136 C:\laragon\www\CarRentSystem\vendor\pestphp\pest\src\Factories\TestCaseMethodFactory.php(168): P\Tests\Feature\ActivityLogManagementTest-&gt;{closure:{closure:{closure:C:\laragon\www\CarRentSystem\tests\Feature\ActivityLogManagementTest.php:13}:20}:36}()
#137 [internal function]: P\Tests\Feature\ActivityLogManagementTest-&gt;{closure:Pest\Factories\TestCaseMethodFactory::getClosure():158}()
#138 C:\laragon\www\CarRentSystem\vendor\pestphp\pest\src\Concerns\Testable.php(429): call_user_func_array(Object(Closure), Array)
#139 C:\laragon\www\CarRentSystem\vendor\pestphp\pest\src\Support\ExceptionTrace.php(26): P\Tests\Feature\ActivityLogManagementTest-&gt;{closure:Pest\Concerns\Testable::__callClosure():429}()
#140 C:\laragon\www\CarRentSystem\vendor\pestphp\pest\src\Concerns\Testable.php(429): Pest\Support\ExceptionTrace::ensure(Object(Closure))
#141 C:\laragon\www\CarRentSystem\vendor\pestphp\pest\src\Concerns\Testable.php(331): P\Tests\Feature\ActivityLogManagementTest-&gt;__callClosure(Object(Closure), Array)
#142 C:\laragon\www\CarRentSystem\vendor\pestphp\pest\src\Factories\TestCaseFactory.php(169) : eval()'d code(35): P\Tests\Feature\ActivityLogManagementTest-&gt;__runTest(Object(Closure))
#143 C:\laragon\www\CarRentSystem\vendor\phpunit\phpunit\src\Framework\TestCase.php(1316): P\Tests\Feature\ActivityLogManagementTest-&gt;__pest_evaluable__Activity_Log_Management__→__Activity_Log_Listing__→_it_restricts_renter_access_to_activity_logs()
#144 C:\laragon\www\CarRentSystem\vendor\phpunit\phpunit\src\Framework\TestCase.php(516): PHPUnit\Framework\TestCase-&gt;runTest()
#145 C:\laragon\www\CarRentSystem\vendor\phpunit\phpunit\src\Framework\TestRunner\TestRunner.php(99): PHPUnit\Framework\TestCase-&gt;runBare()
#146 C:\laragon\www\CarRentSystem\vendor\phpunit\phpunit\src\Framework\TestCase.php(357): PHPUnit\Framework\TestRunner-&gt;run(Object(P\Tests\Feature\ActivityLogManagementTest))
#147 C:\laragon\www\CarRentSystem\vendor\phpunit\phpunit\src\Framework\TestSuite.php(374): PHPUnit\Framework\TestCase-&gt;run()
#148 C:\laragon\www\CarRentSystem\vendor\phpunit\phpunit\src\Framework\TestSuite.php(374): PHPUnit\Framework\TestSuite-&gt;run()
#149 C:\laragon\www\CarRentSystem\vendor\phpunit\phpunit\src\Framework\TestSuite.php(374): PHPUnit\Framework\TestSuite-&gt;run()
#150 C:\laragon\www\CarRentSystem\vendor\phpunit\phpunit\src\TextUI\TestRunner.php(64): PHPUnit\Framework\TestSuite-&gt;run()
#151 C:\laragon\www\CarRentSystem\vendor\phpunit\phpunit\src\TextUI\Application.php(229): PHPUnit\TextUI\TestRunner-&gt;run(Object(PHPUnit\TextUI\Configuration\Configuration), Object(PHPUnit\Runner\ResultCache\DefaultResultCache), Object(PHPUnit\Framework\TestSuite))
#152 C:\laragon\www\CarRentSystem\vendor\pestphp\pest\src\Kernel.php(103): PHPUnit\TextUI\Application-&gt;run(Array)
#153 C:\laragon\www\CarRentSystem\vendor\pestphp\pest\bin\pest(184): Pest\Kernel-&gt;handle(Array, Array)
#154 C:\laragon\www\CarRentSystem\vendor\pestphp\pest\bin\pest(192): {closure:C:\laragon\www\CarRentSystem\vendor\pestphp\pest\bin\pest:18}()
#155 C:\laragon\www\CarRentSystem\vendor\bin\pest(119): include('C:\\laragon\\www\\...')
#156 {main}

Next Illuminate\Database\QueryException: SQLSTATE[HY000]: General error: 1 no such column: activity_log.name (Connection: sqlite, SQL: select "activity_log"."name", "" from "activity_log" order by "activity_log"."name" asc limit 50) in C:\laragon\www\CarRentSystem\vendor\laravel\framework\src\Illuminate\Database\Connection.php:824
Stack trace:
#0 C:\laragon\www\CarRentSystem\vendor\laravel\framework\src\Illuminate\Database\Connection.php(778): Illuminate\Database\Connection-&gt;runQueryCallback('select "activit...', Array, Object(Closure))
#1 C:\laragon\www\CarRentSystem\vendor\laravel\framework\src\Illuminate\Database\Connection.php(397): Illuminate\Database\Connection-&gt;run('select "activit...', Array, Object(Closure))
#2 C:\laragon\www\CarRentSystem\vendor\laravel\framework\src\Illuminate\Database\Query\Builder.php(3188): Illuminate\Database\Connection-&gt;select('select "activit...', Array, true)
#3 C:\laragon\www\CarRentSystem\vendor\laravel\framework\src\Illuminate\Database\Query\Builder.php(3446): Illuminate\Database\Query\Builder-&gt;runSelect()
#4 C:\laragon\www\CarRentSystem\vendor\laravel\framework\src\Illuminate\Database\Query\Builder.php(3763): Illuminate\Database\Query\Builder-&gt;{closure:Illuminate\Database\Query\Builder::pluck():3444}()
#5 C:\laragon\www\CarRentSystem\vendor\laravel\framework\src\Illuminate\Database\Query\Builder.php(3442): Illuminate\Database\Query\Builder-&gt;onceWithColumns(Array, Object(Closure))
#6 C:\laragon\www\CarRentSystem\vendor\laravel\framework\src\Illuminate\Database\Eloquent\Builder.php(1082): Illuminate\Database\Query\Builder-&gt;pluck('activity_log.na...', '')
#7 C:\laragon\www\CarRentSystem\vendor\filament\tables\src\Filters\SelectFilter.php(454): Illuminate\Database\Eloquent\Builder-&gt;pluck('activity_log.na...', '')
#8 C:\laragon\www\CarRentSystem\vendor\filament\support\src\Concerns\EvaluatesClosures.php(36): Filament\Tables\Filters\SelectFilter-&gt;{closure:Filament\Tables\Filters\SelectFilter::getFormField():391}(Object(Filament\Forms\Components\Select))
#9 C:\laragon\www\CarRentSystem\vendor\filament\forms\src\Components\Concerns\HasOptions.php(36): Filament\Support\Components\Component-&gt;evaluate(Object(Closure))
#10 C:\laragon\www\CarRentSystem\vendor\filament\forms\src\Components\Select.php(708): Filament\Forms\Components\Select-&gt;getOptions()
#11 C:\laragon\www\CarRentSystem\storage\framework\views\785d21797565f791af709268f8dfbe8e.php(182): Filament\Forms\Components\Select-&gt;getOptionsForJs()
#12 C:\laragon\www\CarRentSystem\vendor\livewire\livewire\src\Mechanisms\ExtendBlade\ExtendedCompilerEngine.php(37): include('C:\\laragon\\www\\...')
#13 C:\laragon\www\CarRentSystem\vendor\livewire\livewire\src\Mechanisms\ExtendBlade\ExtendedCompilerEngine.php(38): App\Filament\Resources\ActivityLogResource\Pages\ListActivityLogs-&gt;{closure:Livewire\Mechanisms\ExtendBlade\ExtendedCompilerEngine::evaluatePath():35}()
#14 C:\laragon\www\CarRentSystem\vendor\laravel\framework\src\Illuminate\View\Engines\CompilerEngine.php(76): Livewire\Mechanisms\ExtendBlade\ExtendedCompilerEngine-&gt;evaluatePath('C:\\laragon\\www\\...', Array)
#15 C:\laragon\www\CarRentSystem\vendor\livewire\livewire\src\Mechanisms\ExtendBlade\ExtendedCompilerEngine.php(16): Illuminate\View\Engines\CompilerEngine-&gt;get('C:\\laragon\\www\\...', Array)
#16 C:\laragon\www\CarRentSystem\vendor\laravel\framework\src\Illuminate\View\View.php(208): Livewire\Mechanisms\ExtendBlade\ExtendedCompilerEngine-&gt;get('C:\\laragon\\www\\...', Array)
#17 C:\laragon\www\CarRentSystem\vendor\laravel\framework\src\Illuminate\View\View.php(191): Illuminate\View\View-&gt;getContents()
#18 C:\laragon\www\CarRentSystem\vendor\laravel\framework\src\Illuminate\View\View.php(160): Illuminate\View\View-&gt;renderContents()
#19 C:\laragon\www\CarRentSystem\vendor\filament\support\src\Components\ViewComponent.php(125): Illuminate\View\View-&gt;render()
#20 C:\laragon\www\CarRentSystem\vendor\filament\schemas\src\Components\Component.php(221): Filament\Support\Components\ViewComponent-&gt;toHtml()
#21 C:\laragon\www\CarRentSystem\vendor\filament\schemas\src\Schema.php(205): Filament\Schemas\Components\Component-&gt;toSchemaHtml(true)
#22 C:\laragon\www\CarRentSystem\vendor\filament\support\src\Components\ViewComponent.php(122): Filament\Schemas\Schema-&gt;toEmbeddedHtml()
#23 C:\laragon\www\CarRentSystem\vendor\laravel\framework\src\Illuminate\Support\helpers.php(130): Filament\Support\Components\ViewComponent-&gt;toHtml()
#24 C:\laragon\www\CarRentSystem\storage\framework\views\5110ca74321f0dcab372f3d94aa125c2.php(9): e(Object(Filament\Schemas\Schema))
#25 C:\laragon\www\CarRentSystem\vendor\livewire\livewire\src\Mechanisms\ExtendBlade\ExtendedCompilerEngine.php(37): include('C:\\laragon\\www\\...')
#26 C:\laragon\www\CarRentSystem\vendor\livewire\livewire\src\Mechanisms\ExtendBlade\ExtendedCompilerEngine.php(38): App\Filament\Resources\ActivityLogResource\Pages\ListActivityLogs-&gt;{closure:Livewire\Mechanisms\ExtendBlade\ExtendedCompilerEngine::evaluatePath():35}()
#27 C:\laragon\www\CarRentSystem\vendor\laravel\framework\src\Illuminate\View\Engines\CompilerEngine.php(76): Livewire\Mechanisms\ExtendBlade\ExtendedCompilerEngine-&gt;evaluatePath('C:\\laragon\\www\\...', Array)
#28 C:\laragon\www\CarRentSystem\vendor\livewire\livewire\src\Mechanisms\ExtendBlade\ExtendedCompilerEngine.php(16): Illuminate\View\Engines\CompilerEngine-&gt;get('C:\\laragon\\www\\...', Array)
#29 C:\laragon\www\CarRentSystem\vendor\laravel\framework\src\Illuminate\View\View.php(208): Livewire\Mechanisms\ExtendBlade\ExtendedCompilerEngine-&gt;get('C:\\laragon\\www\\...', Array)
#30 C:\laragon\www\CarRentSystem\vendor\laravel\framework\src\Illuminate\View\View.php(191): Illuminate\View\View-&gt;getContents()
#31 C:\laragon\www\CarRentSystem\vendor\laravel\framework\src\Illuminate\View\View.php(160): Illuminate\View\View-&gt;renderContents()
#32 C:\laragon\www\CarRentSystem\vendor\filament\support\src\Components\ViewComponent.php(125): Illuminate\View\View-&gt;render()
#33 C:\laragon\www\CarRentSystem\vendor\filament\schemas\src\Components\Component.php(221): Filament\Support\Components\ViewComponent-&gt;toHtml()
#34 C:\laragon\www\CarRentSystem\vendor\filament\schemas\src\Schema.php(205): Filament\Schemas\Components\Component-&gt;toSchemaHtml(true)
#35 C:\laragon\www\CarRentSystem\vendor\filament\support\src\Components\ViewComponent.php(122): Filament\Schemas\Schema-&gt;toEmbeddedHtml()
#36 C:\laragon\www\CarRentSystem\vendor\laravel\framework\src\Illuminate\Support\helpers.php(130): Filament\Support\Components\ViewComponent-&gt;toHtml()
#37 C:\laragon\www\CarRentSystem\storage\framework\views\1a3d3d822b7060b360e0a4f4cc781bd5.php(92): e(Object(Filament\Schemas\Schema))
#38 C:\laragon\www\CarRentSystem\vendor\livewire\livewire\src\Mechanisms\ExtendBlade\ExtendedCompilerEngine.php(37): include('C:\\laragon\\www\\...')
#39 C:\laragon\www\CarRentSystem\vendor\livewire\livewire\src\Mechanisms\ExtendBlade\ExtendedCompilerEngine.php(38): App\Filament\Resources\ActivityLogResource\Pages\ListActivityLogs-&gt;{closure:Livewire\Mechanisms\ExtendBlade\ExtendedCompilerEngine::evaluatePath():35}()
#40 C:\laragon\www\CarRentSystem\vendor\laravel\framework\src\Illuminate\View\Engines\CompilerEngine.php(76): Livewire\Mechanisms\ExtendBlade\ExtendedCompilerEngine-&gt;evaluatePath('C:\\laragon\\www\\...', Array)
#41 C:\laragon\www\CarRentSystem\vendor\livewire\livewire\src\Mechanisms\ExtendBlade\ExtendedCompilerEngine.php(16): Illuminate\View\Engines\CompilerEngine-&gt;get('C:\\laragon\\www\\...', Array)
#42 C:\laragon\www\CarRentSystem\vendor\laravel\framework\src\Illuminate\View\View.php(208): Livewire\Mechanisms\ExtendBlade\ExtendedCompilerEngine-&gt;get('C:\\laragon\\www\\...', Array)
#43 C:\laragon\www\CarRentSystem\vendor\laravel\framework\src\Illuminate\View\View.php(191): Illuminate\View\View-&gt;getContents()
#44 C:\laragon\www\CarRentSystem\vendor\laravel\framework\src\Illuminate\View\View.php(160): Illuminate\View\View-&gt;renderContents()
#45 C:\laragon\www\CarRentSystem\vendor\laravel\framework\src\Illuminate\View\Concerns\ManagesComponents.php(103): Illuminate\View\View-&gt;render()
#46 C:\laragon\www\CarRentSystem\storage\framework\views\63d0da9e86cc349a52193e89442d61e4.php(727): Illuminate\View\Factory-&gt;renderComponent()
#47 C:\laragon\www\CarRentSystem\vendor\livewire\livewire\src\Mechanisms\ExtendBlade\ExtendedCompilerEngine.php(37): include('C:\\laragon\\www\\...')
#48 C:\laragon\www\CarRentSystem\vendor\livewire\livewire\src\Mechanisms\ExtendBlade\ExtendedCompilerEngine.php(38): App\Filament\Resources\ActivityLogResource\Pages\ListActivityLogs-&gt;{closure:Livewire\Mechanisms\ExtendBlade\ExtendedCompilerEngine::evaluatePath():35}()
#49 C:\laragon\www\CarRentSystem\vendor\laravel\framework\src\Illuminate\View\Engines\CompilerEngine.php(76): Livewire\Mechanisms\ExtendBlade\ExtendedCompilerEngine-&gt;evaluatePath('C:\\laragon\\www\\...', Array)
#50 C:\laragon\www\CarRentSystem\vendor\livewire\livewire\src\Mechanisms\ExtendBlade\ExtendedCompilerEngine.php(16): Illuminate\View\Engines\CompilerEngine-&gt;get('C:\\laragon\\www\\...', Array)
#51 C:\laragon\www\CarRentSystem\vendor\laravel\framework\src\Illuminate\View\View.php(208): Livewire\Mechanisms\ExtendBlade\ExtendedCompilerEngine-&gt;get('C:\\laragon\\www\\...', Array)
#52 C:\laragon\www\CarRentSystem\vendor\laravel\framework\src\Illuminate\View\View.php(191): Illuminate\View\View-&gt;getContents()
#53 C:\laragon\www\CarRentSystem\vendor\laravel\framework\src\Illuminate\View\View.php(160): Illuminate\View\View-&gt;renderContents()
#54 C:\laragon\www\CarRentSystem\vendor\filament\support\src\Components\ViewComponent.php(125): Illuminate\View\View-&gt;render()
#55 C:\laragon\www\CarRentSystem\vendor\filament\schemas\src\Components\Component.php(221): Filament\Support\Components\ViewComponent-&gt;toHtml()
#56 C:\laragon\www\CarRentSystem\vendor\filament\schemas\src\Schema.php(205): Filament\Schemas\Components\Component-&gt;toSchemaHtml(true)
#57 C:\laragon\www\CarRentSystem\vendor\filament\support\src\Components\ViewComponent.php(122): Filament\Schemas\Schema-&gt;toEmbeddedHtml()
#58 C:\laragon\www\CarRentSystem\vendor\laravel\framework\src\Illuminate\Support\helpers.php(130): Filament\Support\Components\ViewComponent-&gt;toHtml()
#59 C:\laragon\www\CarRentSystem\storage\framework\views\440b755faea75388110fdd3acae41dc5.php(11): e(Object(Filament\Schemas\Schema))
#60 C:\laragon\www\CarRentSystem\vendor\livewire\livewire\src\Mechanisms\ExtendBlade\ExtendedCompilerEngine.php(37): include('C:\\laragon\\www\\...')
#61 C:\laragon\www\CarRentSystem\vendor\livewire\livewire\src\Mechanisms\ExtendBlade\ExtendedCompilerEngine.php(38): App\Filament\Resources\ActivityLogResource\Pages\ListActivityLogs-&gt;{closure:Livewire\Mechanisms\ExtendBlade\ExtendedCompilerEngine::evaluatePath():35}()
#62 C:\laragon\www\CarRentSystem\vendor\laravel\framework\src\Illuminate\View\Engines\CompilerEngine.php(76): Livewire\Mechanisms\ExtendBlade\ExtendedCompilerEngine-&gt;evaluatePath('C:\\laragon\\www\\...', Array)
#63 C:\laragon\www\CarRentSystem\vendor\livewire\livewire\src\Mechanisms\ExtendBlade\ExtendedCompilerEngine.php(16): Illuminate\View\Engines\CompilerEngine-&gt;get('C:\\laragon\\www\\...', Array)
#64 C:\laragon\www\CarRentSystem\vendor\laravel\framework\src\Illuminate\View\View.php(208): Livewire\Mechanisms\ExtendBlade\ExtendedCompilerEngine-&gt;get('C:\\laragon\\www\\...', Array)
#65 C:\laragon\www\CarRentSystem\vendor\laravel\framework\src\Illuminate\View\View.php(191): Illuminate\View\View-&gt;getContents()
#66 C:\laragon\www\CarRentSystem\vendor\laravel\framework\src\Illuminate\View\View.php(160): Illuminate\View\View-&gt;renderContents()
#67 C:\laragon\www\CarRentSystem\vendor\livewire\livewire\src\Mechanisms\HandleComponents\HandleComponents.php(259): Illuminate\View\View-&gt;render(Object(Closure))
#68 C:\laragon\www\CarRentSystem\vendor\livewire\livewire\src\Mechanisms\HandleComponents\HandleComponents.php(303): Livewire\Mechanisms\HandleComponents\HandleComponents-&gt;{closure:Livewire\Mechanisms\HandleComponents\HandleComponents::render():251}()
#69 C:\laragon\www\CarRentSystem\vendor\livewire\livewire\src\Mechanisms\HandleComponents\HandleComponents.php(251): Livewire\Mechanisms\HandleComponents\HandleComponents-&gt;trackInRenderStack(Object(App\Filament\Resources\ActivityLogResource\Pages\ListActivityLogs), Object(Closure))
#70 C:\laragon\www\CarRentSystem\vendor\livewire\livewire\src\Mechanisms\HandleComponents\HandleComponents.php(54): Livewire\Mechanisms\HandleComponents\HandleComponents-&gt;render(Object(App\Filament\Resources\ActivityLogResource\Pages\ListActivityLogs), '&lt;div&gt;&lt;/div&gt;')
#71 C:\laragon\www\CarRentSystem\vendor\livewire\livewire\src\LivewireManager.php(73): Livewire\Mechanisms\HandleComponents\HandleComponents-&gt;mount('App\\Filament\\Re...', Array, NULL)
#72 C:\laragon\www\CarRentSystem\vendor\livewire\livewire\src\Features\SupportPageComponents\HandlesPageComponents.php(17): Livewire\LivewireManager-&gt;mount('App\\Filament\\Re...', Array)
#73 C:\laragon\www\CarRentSystem\vendor\livewire\livewire\src\Features\SupportPageComponents\SupportPageComponents.php(117): Livewire\Component-&gt;{closure:Livewire\Features\SupportPageComponents\HandlesPageComponents::__invoke():14}()
#74 C:\laragon\www\CarRentSystem\vendor\livewire\livewire\src\Features\SupportPageComponents\HandlesPageComponents.php(14): Livewire\Features\SupportPageComponents\SupportPageComponents::interceptTheRenderOfTheComponentAndRetreiveTheLayoutConfiguration(Object(Closure))
#75 C:\laragon\www\CarRentSystem\vendor\laravel\framework\src\Illuminate\Routing\ControllerDispatcher.php(46): Livewire\Component-&gt;__invoke()
#76 C:\laragon\www\CarRentSystem\vendor\laravel\framework\src\Illuminate\Routing\Route.php(265): Illuminate\Routing\ControllerDispatcher-&gt;dispatch(Object(Illuminate\Routing\Route), Object(App\Filament\Resources\ActivityLogResource\Pages\ListActivityLogs), '__invoke')
#77 C:\laragon\www\CarRentSystem\vendor\laravel\framework\src\Illuminate\Routing\Route.php(211): Illuminate\Routing\Route-&gt;runController()
#78 C:\laragon\www\CarRentSystem\vendor\laravel\framework\src\Illuminate\Routing\Router.php(822): Illuminate\Routing\Route-&gt;run()
#79 C:\laragon\www\CarRentSystem\vendor\laravel\framework\src\Illuminate\Pipeline\Pipeline.php(180): Illuminate\Routing\Router-&gt;{closure:Illuminate\Routing\Router::runRouteWithinStack():821}(Object(Illuminate\Http\Request))
#80 C:\laragon\www\CarRentSystem\vendor\filament\filament\src\Http\Middleware\DispatchServingFilamentEvent.php(15): Illuminate\Pipeline\Pipeline-&gt;{closure:Illuminate\Pipeline\Pipeline::prepareDestination():178}(Object(Illuminate\Http\Request))
#81 C:\laragon\www\CarRentSystem\vendor\laravel\framework\src\Illuminate\Pipeline\Pipeline.php(219): Filament\Http\Middleware\DispatchServingFilamentEvent-&gt;handle(Object(Illuminate\Http\Request), Object(Closure))
#82 C:\laragon\www\CarRentSystem\vendor\filament\filament\src\Http\Middleware\DisableBladeIconComponents.php(14): Illuminate\Pipeline\Pipeline-&gt;{closure:{closure:Illuminate\Pipeline\Pipeline::carry():194}:195}(Object(Illuminate\Http\Request))
#83 C:\laragon\www\CarRentSystem\vendor\laravel\framework\src\Illuminate\Pipeline\Pipeline.php(219): Filament\Http\Middleware\DisableBladeIconComponents-&gt;handle(Object(Illuminate\Http\Request), Object(Closure))
#84 C:\laragon\www\CarRentSystem\app\Http\Middleware\LocalizationMiddleware.php(41): Illuminate\Pipeline\Pipeline-&gt;{closure:{closure:Illuminate\Pipeline\Pipeline::carry():194}:195}(Object(Illuminate\Http\Request))
#85 C:\laragon\www\CarRentSystem\vendor\laravel\framework\src\Illuminate\Pipeline\Pipeline.php(219): App\Http\Middleware\LocalizationMiddleware-&gt;handle(Object(Illuminate\Http\Request), Object(Closure))
#86 C:\laragon\www\CarRentSystem\vendor\laravel\framework\src\Illuminate\Routing\Middleware\SubstituteBindings.php(50): Illuminate\Pipeline\Pipeline-&gt;{closure:{closure:Illuminate\Pipeline\Pipeline::carry():194}:195}(Object(Illuminate\Http\Request))
#87 C:\laragon\www\CarRentSystem\vendor\laravel\framework\src\Illuminate\Pipeline\Pipeline.php(219): Illuminate\Routing\Middleware\SubstituteBindings-&gt;handle(Object(Illuminate\Http\Request), Object(Closure))
#88 C:\laragon\www\CarRentSystem\vendor\laravel\framework\src\Illuminate\Auth\Middleware\Authenticate.php(63): Illuminate\Pipeline\Pipeline-&gt;{closure:{closure:Illuminate\Pipeline\Pipeline::carry():194}:195}(Object(Illuminate\Http\Request))
#89 C:\laragon\www\CarRentSystem\vendor\laravel\framework\src\Illuminate\Pipeline\Pipeline.php(219): Illuminate\Auth\Middleware\Authenticate-&gt;handle(Object(Illuminate\Http\Request), Object(Closure))
#90 C:\laragon\www\CarRentSystem\vendor\laravel\framework\src\Illuminate\View\Middleware\ShareErrorsFromSession.php(48): Illuminate\Pipeline\Pipeline-&gt;{closure:{closure:Illuminate\Pipeline\Pipeline::carry():194}:195}(Object(Illuminate\Http\Request))
#91 C:\laragon\www\CarRentSystem\vendor\laravel\framework\src\Illuminate\Pipeline\Pipeline.php(219): Illuminate\View\Middleware\ShareErrorsFromSession-&gt;handle(Object(Illuminate\Http\Request), Object(Closure))
#92 C:\laragon\www\CarRentSystem\vendor\laravel\framework\src\Illuminate\Session\Middleware\StartSession.php(120): Illuminate\Pipeline\Pipeline-&gt;{closure:{closure:Illuminate\Pipeline\Pipeline::carry():194}:195}(Object(Illuminate\Http\Request))
#93 C:\laragon\www\CarRentSystem\vendor\laravel\framework\src\Illuminate\Session\Middleware\StartSession.php(63): Illuminate\Session\Middleware\StartSession-&gt;handleStatefulRequest(Object(Illuminate\Http\Request), Object(Illuminate\Session\Store), Object(Closure))
#94 C:\laragon\www\CarRentSystem\vendor\laravel\framework\src\Illuminate\Pipeline\Pipeline.php(219): Illuminate\Session\Middleware\StartSession-&gt;handle(Object(Illuminate\Http\Request), Object(Closure))
#95 C:\laragon\www\CarRentSystem\vendor\laravel\framework\src\Illuminate\Cookie\Middleware\AddQueuedCookiesToResponse.php(36): Illuminate\Pipeline\Pipeline-&gt;{closure:{closure:Illuminate\Pipeline\Pipeline::carry():194}:195}(Object(Illuminate\Http\Request))
#96 C:\laragon\www\CarRentSystem\vendor\laravel\framework\src\Illuminate\Pipeline\Pipeline.php(219): Illuminate\Cookie\Middleware\AddQueuedCookiesToResponse-&gt;handle(Object(Illuminate\Http\Request), Object(Closure))
#97 C:\laragon\www\CarRentSystem\vendor\laravel\framework\src\Illuminate\Cookie\Middleware\EncryptCookies.php(74): Illuminate\Pipeline\Pipeline-&gt;{closure:{closure:Illuminate\Pipeline\Pipeline::carry():194}:195}(Object(Illuminate\Http\Request))
#98 C:\laragon\www\CarRentSystem\vendor\laravel\framework\src\Illuminate\Pipeline\Pipeline.php(219): Illuminate\Cookie\Middleware\EncryptCookies-&gt;handle(Object(Illuminate\Http\Request), Object(Closure))
#99 C:\laragon\www\CarRentSystem\vendor\filament\filament\src\Http\Middleware\SetUpPanel.php(19): Illuminate\Pipeline\Pipeline-&gt;{closure:{closure:Illuminate\Pipeline\Pipeline::carry():194}:195}(Object(Illuminate\Http\Request))
#100 C:\laragon\www\CarRentSystem\vendor\laravel\framework\src\Illuminate\Pipeline\Pipeline.php(219): Filament\Http\Middleware\SetUpPanel-&gt;handle(Object(Illuminate\Http\Request), Object(Closure), Object(Filament\Panel))
#101 C:\laragon\www\CarRentSystem\vendor\laravel\framework\src\Illuminate\Pipeline\Pipeline.php(137): Illuminate\Pipeline\Pipeline-&gt;{closure:{closure:Illuminate\Pipeline\Pipeline::carry():194}:195}(Object(Illuminate\Http\Request))
#102 C:\laragon\www\CarRentSystem\vendor\laravel\framework\src\Illuminate\Routing\Router.php(821): Illuminate\Pipeline\Pipeline-&gt;then(Object(Closure))
#103 C:\laragon\www\CarRentSystem\vendor\laravel\framework\src\Illuminate\Routing\Router.php(800): Illuminate\Routing\Router-&gt;runRouteWithinStack(Object(Illuminate\Routing\Route), Object(Illuminate\Http\Request))
#104 C:\laragon\www\CarRentSystem\vendor\laravel\framework\src\Illuminate\Routing\Router.php(764): Illuminate\Routing\Router-&gt;runRoute(Object(Illuminate\Http\Request), Object(Illuminate\Routing\Route))
#105 C:\laragon\www\CarRentSystem\vendor\laravel\framework\src\Illuminate\Routing\Router.php(753): Illuminate\Routing\Router-&gt;dispatchToRoute(Object(Illuminate\Http\Request))
#106 C:\laragon\www\CarRentSystem\vendor\laravel\framework\src\Illuminate\Foundation\Http\Kernel.php(200): Illuminate\Routing\Router-&gt;dispatch(Object(Illuminate\Http\Request))
#107 C:\laragon\www\CarRentSystem\vendor\laravel\framework\src\Illuminate\Pipeline\Pipeline.php(180): Illuminate\Foundation\Http\Kernel-&gt;{closure:Illuminate\Foundation\Http\Kernel::dispatchToRouter():197}(Object(Illuminate\Http\Request))
#108 C:\laragon\www\CarRentSystem\vendor\livewire\livewire\src\Features\SupportDisablingBackButtonCache\DisableBackButtonCacheMiddleware.php(19): Illuminate\Pipeline\Pipeline-&gt;{closure:Illuminate\Pipeline\Pipeline::prepareDestination():178}(Object(Illuminate\Http\Request))
#109 C:\laragon\www\CarRentSystem\vendor\laravel\framework\src\Illuminate\Pipeline\Pipeline.php(219): Livewire\Features\SupportDisablingBackButtonCache\DisableBackButtonCacheMiddleware-&gt;handle(Object(Illuminate\Http\Request), Object(Closure))
#110 C:\laragon\www\CarRentSystem\vendor\laravel\framework\src\Illuminate\Foundation\Http\Middleware\TransformsRequest.php(21): Illuminate\Pipeline\Pipeline-&gt;{closure:{closure:Illuminate\Pipeline\Pipeline::carry():194}:195}(Object(Illuminate\Http\Request))
#111 C:\laragon\www\CarRentSystem\vendor\laravel\framework\src\Illuminate\Foundation\Http\Middleware\ConvertEmptyStringsToNull.php(31): Illuminate\Foundation\Http\Middleware\TransformsRequest-&gt;handle(Object(Illuminate\Http\Request), Object(Closure))
#112 C:\laragon\www\CarRentSystem\vendor\laravel\framework\src\Illuminate\Pipeline\Pipeline.php(219): Illuminate\Foundation\Http\Middleware\ConvertEmptyStringsToNull-&gt;handle(Object(Illuminate\Http\Request), Object(Closure))
#113 C:\laragon\www\CarRentSystem\vendor\laravel\framework\src\Illuminate\Foundation\Http\Middleware\TransformsRequest.php(21): Illuminate\Pipeline\Pipeline-&gt;{closure:{closure:Illuminate\Pipeline\Pipeline::carry():194}:195}(Object(Illuminate\Http\Request))
#114 C:\laragon\www\CarRentSystem\vendor\laravel\framework\src\Illuminate\Foundation\Http\Middleware\TrimStrings.php(51): Illuminate\Foundation\Http\Middleware\TransformsRequest-&gt;handle(Object(Illuminate\Http\Request), Object(Closure))
#115 C:\laragon\www\CarRentSystem\vendor\laravel\framework\src\Illuminate\Pipeline\Pipeline.php(219): Illuminate\Foundation\Http\Middleware\TrimStrings-&gt;handle(Object(Illuminate\Http\Request), Object(Closure))
#116 C:\laragon\www\CarRentSystem\vendor\laravel\framework\src\Illuminate\Http\Middleware\ValidatePostSize.php(27): Illuminate\Pipeline\Pipeline-&gt;{closure:{closure:Illuminate\Pipeline\Pipeline::carry():194}:195}(Object(Illuminate\Http\Request))
#117 C:\laragon\www\CarRentSystem\vendor\laravel\framework\src\Illuminate\Pipeline\Pipeline.php(219): Illuminate\Http\Middleware\ValidatePostSize-&gt;handle(Object(Illuminate\Http\Request), Object(Closure))
#118 C:\laragon\www\CarRentSystem\vendor\laravel\framework\src\Illuminate\Foundation\Http\Middleware\PreventRequestsDuringMaintenance.php(109): Illuminate\Pipeline\Pipeline-&gt;{closure:{closure:Illuminate\Pipeline\Pipeline::carry():194}:195}(Object(Illuminate\Http\Request))
#119 C:\laragon\www\CarRentSystem\vendor\laravel\framework\src\Illuminate\Pipeline\Pipeline.php(219): Illuminate\Foundation\Http\Middleware\PreventRequestsDuringMaintenance-&gt;handle(Object(Illuminate\Http\Request), Object(Closure))
#120 C:\laragon\www\CarRentSystem\vendor\laravel\framework\src\Illuminate\Http\Middleware\HandleCors.php(61): Illuminate\Pipeline\Pipeline-&gt;{closure:{closure:Illuminate\Pipeline\Pipeline::carry():194}:195}(Object(Illuminate\Http\Request))
#121 C:\laragon\www\CarRentSystem\vendor\laravel\framework\src\Illuminate\Pipeline\Pipeline.php(219): Illuminate\Http\Middleware\HandleCors-&gt;handle(Object(Illuminate\Http\Request), Object(Closure))
#122 C:\laragon\www\CarRentSystem\vendor\laravel\framework\src\Illuminate\Http\Middleware\TrustProxies.php(58): Illuminate\Pipeline\Pipeline-&gt;{closure:{closure:Illuminate\Pipeline\Pipeline::carry():194}:195}(Object(Illuminate\Http\Request))
#123 C:\laragon\www\CarRentSystem\vendor\laravel\framework\src\Illuminate\Pipeline\Pipeline.php(219): Illuminate\Http\Middleware\TrustProxies-&gt;handle(Object(Illuminate\Http\Request), Object(Closure))
#124 C:\laragon\www\CarRentSystem\vendor\laravel\framework\src\Illuminate\Foundation\Http\Middleware\InvokeDeferredCallbacks.php(22): Illuminate\Pipeline\Pipeline-&gt;{closure:{closure:Illuminate\Pipeline\Pipeline::carry():194}:195}(Object(Illuminate\Http\Request))
#125 C:\laragon\www\CarRentSystem\vendor\laravel\framework\src\Illuminate\Pipeline\Pipeline.php(219): Illuminate\Foundation\Http\Middleware\InvokeDeferredCallbacks-&gt;handle(Object(Illuminate\Http\Request), Object(Closure))
#126 C:\laragon\www\CarRentSystem\vendor\laravel\framework\src\Illuminate\Http\Middleware\ValidatePathEncoding.php(26): Illuminate\Pipeline\Pipeline-&gt;{closure:{closure:Illuminate\Pipeline\Pipeline::carry():194}:195}(Object(Illuminate\Http\Request))
#127 C:\laragon\www\CarRentSystem\vendor\laravel\framework\src\Illuminate\Pipeline\Pipeline.php(219): Illuminate\Http\Middleware\ValidatePathEncoding-&gt;handle(Object(Illuminate\Http\Request), Object(Closure))
#128 C:\laragon\www\CarRentSystem\vendor\laravel\framework\src\Illuminate\Pipeline\Pipeline.php(137): Illuminate\Pipeline\Pipeline-&gt;{closure:{closure:Illuminate\Pipeline\Pipeline::carry():194}:195}(Object(Illuminate\Http\Request))
#129 C:\laragon\www\CarRentSystem\vendor\laravel\framework\src\Illuminate\Foundation\Http\Kernel.php(175): Illuminate\Pipeline\Pipeline-&gt;then(Object(Closure))
#130 C:\laragon\www\CarRentSystem\vendor\laravel\framework\src\Illuminate\Foundation\Http\Kernel.php(144): Illuminate\Foundation\Http\Kernel-&gt;sendRequestThroughRouter(Object(Illuminate\Http\Request))
#131 C:\laragon\www\CarRentSystem\vendor\laravel\framework\src\Illuminate\Foundation\Testing\Concerns\MakesHttpRequests.php(607): Illuminate\Foundation\Http\Kernel-&gt;handle(Object(Illuminate\Http\Request))
#132 C:\laragon\www\CarRentSystem\vendor\laravel\framework\src\Illuminate\Foundation\Testing\Concerns\MakesHttpRequests.php(368): Illuminate\Foundation\Testing\TestCase-&gt;call('GET', '/admin/activity...', Array, Array, Array, Array)
#133 C:\laragon\www\CarRentSystem\tests\Feature\ActivityLogManagementTest.php(38): Illuminate\Foundation\Testing\TestCase-&gt;get('/admin/activity...')
#134 C:\laragon\www\CarRentSystem\vendor\pestphp\pest\src\Factories\TestCaseMethodFactory.php(168): P\Tests\Feature\ActivityLogManagementTest-&gt;{closure:{closure:{closure:C:\laragon\www\CarRentSystem\tests\Feature\ActivityLogManagementTest.php:13}:20}:36}()
#135 [internal function]: P\Tests\Feature\ActivityLogManagementTest-&gt;{closure:Pest\Factories\TestCaseMethodFactory::getClosure():158}()
#136 C:\laragon\www\CarRentSystem\vendor\pestphp\pest\src\Concerns\Testable.php(429): call_user_func_array(Object(Closure), Array)
#137 C:\laragon\www\CarRentSystem\vendor\pestphp\pest\src\Support\ExceptionTrace.php(26): P\Tests\Feature\ActivityLogManagementTest-&gt;{closure:Pest\Concerns\Testable::__callClosure():429}()
#138 C:\laragon\www\CarRentSystem\vendor\pestphp\pest\src\Concerns\Testable.php(429): Pest\Support\ExceptionTrace::ensure(Object(Closure))
#139 C:\laragon\www\CarRentSystem\vendor\pestphp\pest\src\Concerns\Testable.php(331): P\Tests\Feature\ActivityLogManagementTest-&gt;__callClosure(Object(Closure), Array)
#140 C:\laragon\www\CarRentSystem\vendor\pestphp\pest\src\Factories\TestCaseFactory.php(169) : eval()'d code(35): P\Tests\Feature\ActivityLogManagementTest-&gt;__runTest(Object(Closure))
#141 C:\laragon\www\CarRentSystem\vendor\phpunit\phpunit\src\Framework\TestCase.php(1316): P\Tests\Feature\ActivityLogManagementTest-&gt;__pest_evaluable__Activity_Log_Management__→__Activity_Log_Listing__→_it_restricts_renter_access_to_activity_logs()
#142 C:\laragon\www\CarRentSystem\vendor\phpunit\phpunit\src\Framework\TestCase.php(516): PHPUnit\Framework\TestCase-&gt;runTest()
#143 C:\laragon\www\CarRentSystem\vendor\phpunit\phpunit\src\Framework\TestRunner\TestRunner.php(99): PHPUnit\Framework\TestCase-&gt;runBare()
#144 C:\laragon\www\CarRentSystem\vendor\phpunit\phpunit\src\Framework\TestCase.php(357): PHPUnit\Framework\TestRunner-&gt;run(Object(P\Tests\Feature\ActivityLogManagementTest))
#145 C:\laragon\www\CarRentSystem\vendor\phpunit\phpunit\src\Framework\TestSuite.php(374): PHPUnit\Framework\TestCase-&gt;run()
#146 C:\laragon\www\CarRentSystem\vendor\phpunit\phpunit\src\Framework\TestSuite.php(374): PHPUnit\Framework\TestSuite-&gt;run()
#147 C:\laragon\www\CarRentSystem\vendor\phpunit\phpunit\src\Framework\TestSuite.php(374): PHPUnit\Framework\TestSuite-&gt;run()
#148 C:\laragon\www\CarRentSystem\vendor\phpunit\phpunit\src\TextUI\TestRunner.php(64): PHPUnit\Framework\TestSuite-&gt;run()
#149 C:\laragon\www\CarRentSystem\vendor\phpunit\phpunit\src\TextUI\Application.php(229): PHPUnit\TextUI\TestRunner-&gt;run(Object(PHPUnit\TextUI\Configuration\Configuration), Object(PHPUnit\Runner\ResultCache\DefaultResultCache), Object(PHPUnit\Framework\TestSuite))
#150 C:\laragon\www\CarRentSystem\vendor\pestphp\pest\src\Kernel.php(103): PHPUnit\TextUI\Application-&gt;run(Array)
#151 C:\laragon\www\CarRentSystem\vendor\pestphp\pest\bin\pest(184): Pest\Kernel-&gt;handle(Array, Array)
#152 C:\laragon\www\CarRentSystem\vendor\pestphp\pest\bin\pest(192): {closure:C:\laragon\www\CarRentSystem\vendor\pestphp\pest\bin\pest:18}()
#153 C:\laragon\www\CarRentSystem\vendor\bin\pest(119): include('C:\\laragon\\www\\...')
#154 {main}

Next Illuminate\View\ViewException: SQLSTATE[HY000]: General error: 1 no such column: activity_log.name (Connection: sqlite, SQL: select "activity_log"."name", "" from "activity_log" order by "activity_log"."name" asc limit 50) (View: C:\laragon\www\CarRentSystem\vendor\filament\forms\resources\views\components\select.blade.php) in C:\laragon\www\CarRentSystem\vendor\laravel\framework\src\Illuminate\Database\Connection.php:824
Stack trace:
#0 C:\laragon\www\CarRentSystem\vendor\livewire\livewire\src\Mechanisms\ExtendBlade\ExtendedCompilerEngine.php(58): Illuminate\View\Engines\CompilerEngine-&gt;handleViewException(Object(Illuminate\Database\QueryException), 14)
#1 C:\laragon\www\CarRentSystem\vendor\livewire\livewire\src\Mechanisms\ExtendBlade\ExtendedCompilerEngine.php(40): Livewire\Mechanisms\ExtendBlade\ExtendedCompilerEngine-&gt;handleViewException(Object(Illuminate\Database\QueryException), 14)
#2 C:\laragon\www\CarRentSystem\vendor\laravel\framework\src\Illuminate\View\Engines\CompilerEngine.php(76): Livewire\Mechanisms\ExtendBlade\ExtendedCompilerEngine-&gt;evaluatePath('C:\\laragon\\www\\...', Array)
#3 C:\laragon\www\CarRentSystem\vendor\livewire\livewire\src\Mechanisms\ExtendBlade\ExtendedCompilerEngine.php(16): Illuminate\View\Engines\CompilerEngine-&gt;get('C:\\laragon\\www\\...', Array)
#4 C:\laragon\www\CarRentSystem\vendor\laravel\framework\src\Illuminate\View\View.php(208): Livewire\Mechanisms\ExtendBlade\ExtendedCompilerEngine-&gt;get('C:\\laragon\\www\\...', Array)
#5 C:\laragon\www\CarRentSystem\vendor\laravel\framework\src\Illuminate\View\View.php(191): Illuminate\View\View-&gt;getContents()
#6 C:\laragon\www\CarRentSystem\vendor\laravel\framework\src\Illuminate\View\View.php(160): Illuminate\View\View-&gt;renderContents()
#7 C:\laragon\www\CarRentSystem\vendor\filament\support\src\Components\ViewComponent.php(125): Illuminate\View\View-&gt;render()
#8 C:\laragon\www\CarRentSystem\vendor\filament\schemas\src\Components\Component.php(221): Filament\Support\Components\ViewComponent-&gt;toHtml()
#9 C:\laragon\www\CarRentSystem\vendor\filament\schemas\src\Schema.php(205): Filament\Schemas\Components\Component-&gt;toSchemaHtml(true)
#10 C:\laragon\www\CarRentSystem\vendor\filament\support\src\Components\ViewComponent.php(122): Filament\Schemas\Schema-&gt;toEmbeddedHtml()
#11 C:\laragon\www\CarRentSystem\vendor\laravel\framework\src\Illuminate\Support\helpers.php(130): Filament\Support\Components\ViewComponent-&gt;toHtml()
#12 C:\laragon\www\CarRentSystem\storage\framework\views\5110ca74321f0dcab372f3d94aa125c2.php(9): e(Object(Filament\Schemas\Schema))
#13 C:\laragon\www\CarRentSystem\vendor\livewire\livewire\src\Mechanisms\ExtendBlade\ExtendedCompilerEngine.php(37): include('C:\\laragon\\www\\...')
#14 C:\laragon\www\CarRentSystem\vendor\livewire\livewire\src\Mechanisms\ExtendBlade\ExtendedCompilerEngine.php(38): App\Filament\Resources\ActivityLogResource\Pages\ListActivityLogs-&gt;{closure:Livewire\Mechanisms\ExtendBlade\ExtendedCompilerEngine::evaluatePath():35}()
#15 C:\laragon\www\CarRentSystem\vendor\laravel\framework\src\Illuminate\View\Engines\CompilerEngine.php(76): Livewire\Mechanisms\ExtendBlade\ExtendedCompilerEngine-&gt;evaluatePath('C:\\laragon\\www\\...', Array)
#16 C:\laragon\www\CarRentSystem\vendor\livewire\livewire\src\Mechanisms\ExtendBlade\ExtendedCompilerEngine.php(16): Illuminate\View\Engines\CompilerEngine-&gt;get('C:\\laragon\\www\\...', Array)
#17 C:\laragon\www\CarRentSystem\vendor\laravel\framework\src\Illuminate\View\View.php(208): Livewire\Mechanisms\ExtendBlade\ExtendedCompilerEngine-&gt;get('C:\\laragon\\www\\...', Array)
#18 C:\laragon\www\CarRentSystem\vendor\laravel\framework\src\Illuminate\View\View.php(191): Illuminate\View\View-&gt;getContents()
#19 C:\laragon\www\CarRentSystem\vendor\laravel\framework\src\Illuminate\View\View.php(160): Illuminate\View\View-&gt;renderContents()
#20 C:\laragon\www\CarRentSystem\vendor\filament\support\src\Components\ViewComponent.php(125): Illuminate\View\View-&gt;render()
#21 C:\laragon\www\CarRentSystem\vendor\filament\schemas\src\Components\Component.php(221): Filament\Support\Components\ViewComponent-&gt;toHtml()
#22 C:\laragon\www\CarRentSystem\vendor\filament\schemas\src\Schema.php(205): Filament\Schemas\Components\Component-&gt;toSchemaHtml(true)
#23 C:\laragon\www\CarRentSystem\vendor\filament\support\src\Components\ViewComponent.php(122): Filament\Schemas\Schema-&gt;toEmbeddedHtml()
#24 C:\laragon\www\CarRentSystem\vendor\laravel\framework\src\Illuminate\Support\helpers.php(130): Filament\Support\Components\ViewComponent-&gt;toHtml()
#25 C:\laragon\www\CarRentSystem\storage\framework\views\1a3d3d822b7060b360e0a4f4cc781bd5.php(92): e(Object(Filament\Schemas\Schema))
#26 C:\laragon\www\CarRentSystem\vendor\livewire\livewire\src\Mechanisms\ExtendBlade\ExtendedCompilerEngine.php(37): include('C:\\laragon\\www\\...')
#27 C:\laragon\www\CarRentSystem\vendor\livewire\livewire\src\Mechanisms\ExtendBlade\ExtendedCompilerEngine.php(38): App\Filament\Resources\ActivityLogResource\Pages\ListActivityLogs-&gt;{closure:Livewire\Mechanisms\ExtendBlade\ExtendedCompilerEngine::evaluatePath():35}()
#28 C:\laragon\www\CarRentSystem\vendor\laravel\framework\src\Illuminate\View\Engines\CompilerEngine.php(76): Livewire\Mechanisms\ExtendBlade\ExtendedCompilerEngine-&gt;evaluatePath('C:\\laragon\\www\\...', Array)
#29 C:\laragon\www\CarRentSystem\vendor\livewire\livewire\src\Mechanisms\ExtendBlade\ExtendedCompilerEngine.php(16): Illuminate\View\Engines\CompilerEngine-&gt;get('C:\\laragon\\www\\...', Array)
#30 C:\laragon\www\CarRentSystem\vendor\laravel\framework\src\Illuminate\View\View.php(208): Livewire\Mechanisms\ExtendBlade\ExtendedCompilerEngine-&gt;get('C:\\laragon\\www\\...', Array)
#31 C:\laragon\www\CarRentSystem\vendor\laravel\framework\src\Illuminate\View\View.php(191): Illuminate\View\View-&gt;getContents()
#32 C:\laragon\www\CarRentSystem\vendor\laravel\framework\src\Illuminate\View\View.php(160): Illuminate\View\View-&gt;renderContents()
#33 C:\laragon\www\CarRentSystem\vendor\laravel\framework\src\Illuminate\View\Concerns\ManagesComponents.php(103): Illuminate\View\View-&gt;render()
#34 C:\laragon\www\CarRentSystem\storage\framework\views\63d0da9e86cc349a52193e89442d61e4.php(727): Illuminate\View\Factory-&gt;renderComponent()
#35 C:\laragon\www\CarRentSystem\vendor\livewire\livewire\src\Mechanisms\ExtendBlade\ExtendedCompilerEngine.php(37): include('C:\\laragon\\www\\...')
#36 C:\laragon\www\CarRentSystem\vendor\livewire\livewire\src\Mechanisms\ExtendBlade\ExtendedCompilerEngine.php(38): App\Filament\Resources\ActivityLogResource\Pages\ListActivityLogs-&gt;{closure:Livewire\Mechanisms\ExtendBlade\ExtendedCompilerEngine::evaluatePath():35}()
#37 C:\laragon\www\CarRentSystem\vendor\laravel\framework\src\Illuminate\View\Engines\CompilerEngine.php(76): Livewire\Mechanisms\ExtendBlade\ExtendedCompilerEngine-&gt;evaluatePath('C:\\laragon\\www\\...', Array)
#38 C:\laragon\www\CarRentSystem\vendor\livewire\livewire\src\Mechanisms\ExtendBlade\ExtendedCompilerEngine.php(16): Illuminate\View\Engines\CompilerEngine-&gt;get('C:\\laragon\\www\\...', Array)
#39 C:\laragon\www\CarRentSystem\vendor\laravel\framework\src\Illuminate\View\View.php(208): Livewire\Mechanisms\ExtendBlade\ExtendedCompilerEngine-&gt;get('C:\\laragon\\www\\...', Array)
#40 C:\laragon\www\CarRentSystem\vendor\laravel\framework\src\Illuminate\View\View.php(191): Illuminate\View\View-&gt;getContents()
#41 C:\laragon\www\CarRentSystem\vendor\laravel\framework\src\Illuminate\View\View.php(160): Illuminate\View\View-&gt;renderContents()
#42 C:\laragon\www\CarRentSystem\vendor\filament\support\src\Components\ViewComponent.php(125): Illuminate\View\View-&gt;render()
#43 C:\laragon\www\CarRentSystem\vendor\filament\schemas\src\Components\Component.php(221): Filament\Support\Components\ViewComponent-&gt;toHtml()
#44 C:\laragon\www\CarRentSystem\vendor\filament\schemas\src\Schema.php(205): Filament\Schemas\Components\Component-&gt;toSchemaHtml(true)
#45 C:\laragon\www\CarRentSystem\vendor\filament\support\src\Components\ViewComponent.php(122): Filament\Schemas\Schema-&gt;toEmbeddedHtml()
#46 C:\laragon\www\CarRentSystem\vendor\laravel\framework\src\Illuminate\Support\helpers.php(130): Filament\Support\Components\ViewComponent-&gt;toHtml()
#47 C:\laragon\www\CarRentSystem\storage\framework\views\440b755faea75388110fdd3acae41dc5.php(11): e(Object(Filament\Schemas\Schema))
#48 C:\laragon\www\CarRentSystem\vendor\livewire\livewire\src\Mechanisms\ExtendBlade\ExtendedCompilerEngine.php(37): include('C:\\laragon\\www\\...')
#49 C:\laragon\www\CarRentSystem\vendor\livewire\livewire\src\Mechanisms\ExtendBlade\ExtendedCompilerEngine.php(38): App\Filament\Resources\ActivityLogResource\Pages\ListActivityLogs-&gt;{closure:Livewire\Mechanisms\ExtendBlade\ExtendedCompilerEngine::evaluatePath():35}()
#50 C:\laragon\www\CarRentSystem\vendor\laravel\framework\src\Illuminate\View\Engines\CompilerEngine.php(76): Livewire\Mechanisms\ExtendBlade\ExtendedCompilerEngine-&gt;evaluatePath('C:\\laragon\\www\\...', Array)
#51 C:\laragon\www\CarRentSystem\vendor\livewire\livewire\src\Mechanisms\ExtendBlade\ExtendedCompilerEngine.php(16): Illuminate\View\Engines\CompilerEngine-&gt;get('C:\\laragon\\www\\...', Array)
#52 C:\laragon\www\CarRentSystem\vendor\laravel\framework\src\Illuminate\View\View.php(208): Livewire\Mechanisms\ExtendBlade\ExtendedCompilerEngine-&gt;get('C:\\laragon\\www\\...', Array)
#53 C:\laragon\www\CarRentSystem\vendor\laravel\framework\src\Illuminate\View\View.php(191): Illuminate\View\View-&gt;getContents()
#54 C:\laragon\www\CarRentSystem\vendor\laravel\framework\src\Illuminate\View\View.php(160): Illuminate\View\View-&gt;renderContents()
#55 C:\laragon\www\CarRentSystem\vendor\livewire\livewire\src\Mechanisms\HandleComponents\HandleComponents.php(259): Illuminate\View\View-&gt;render(Object(Closure))
#56 C:\laragon\www\CarRentSystem\vendor\livewire\livewire\src\Mechanisms\HandleComponents\HandleComponents.php(303): Livewire\Mechanisms\HandleComponents\HandleComponents-&gt;{closure:Livewire\Mechanisms\HandleComponents\HandleComponents::render():251}()
#57 C:\laragon\www\CarRentSystem\vendor\livewire\livewire\src\Mechanisms\HandleComponents\HandleComponents.php(251): Livewire\Mechanisms\HandleComponents\HandleComponents-&gt;trackInRenderStack(Object(App\Filament\Resources\ActivityLogResource\Pages\ListActivityLogs), Object(Closure))
#58 C:\laragon\www\CarRentSystem\vendor\livewire\livewire\src\Mechanisms\HandleComponents\HandleComponents.php(54): Livewire\Mechanisms\HandleComponents\HandleComponents-&gt;render(Object(App\Filament\Resources\ActivityLogResource\Pages\ListActivityLogs), '&lt;div&gt;&lt;/div&gt;')
#59 C:\laragon\www\CarRentSystem\vendor\livewire\livewire\src\LivewireManager.php(73): Livewire\Mechanisms\HandleComponents\HandleComponents-&gt;mount('App\\Filament\\Re...', Array, NULL)
#60 C:\laragon\www\CarRentSystem\vendor\livewire\livewire\src\Features\SupportPageComponents\HandlesPageComponents.php(17): Livewire\LivewireManager-&gt;mount('App\\Filament\\Re...', Array)
#61 C:\laragon\www\CarRentSystem\vendor\livewire\livewire\src\Features\SupportPageComponents\SupportPageComponents.php(117): Livewire\Component-&gt;{closure:Livewire\Features\SupportPageComponents\HandlesPageComponents::__invoke():14}()
#62 C:\laragon\www\CarRentSystem\vendor\livewire\livewire\src\Features\SupportPageComponents\HandlesPageComponents.php(14): Livewire\Features\SupportPageComponents\SupportPageComponents::interceptTheRenderOfTheComponentAndRetreiveTheLayoutConfiguration(Object(Closure))
#63 C:\laragon\www\CarRentSystem\vendor\laravel\framework\src\Illuminate\Routing\ControllerDispatcher.php(46): Livewire\Component-&gt;__invoke()
#64 C:\laragon\www\CarRentSystem\vendor\laravel\framework\src\Illuminate\Routing\Route.php(265): Illuminate\Routing\ControllerDispatcher-&gt;dispatch(Object(Illuminate\Routing\Route), Object(App\Filament\Resources\ActivityLogResource\Pages\ListActivityLogs), '__invoke')
#65 C:\laragon\www\CarRentSystem\vendor\laravel\framework\src\Illuminate\Routing\Route.php(211): Illuminate\Routing\Route-&gt;runController()
#66 C:\laragon\www\CarRentSystem\vendor\laravel\framework\src\Illuminate\Routing\Router.php(822): Illuminate\Routing\Route-&gt;run()
#67 C:\laragon\www\CarRentSystem\vendor\laravel\framework\src\Illuminate\Pipeline\Pipeline.php(180): Illuminate\Routing\Router-&gt;{closure:Illuminate\Routing\Router::runRouteWithinStack():821}(Object(Illuminate\Http\Request))
#68 C:\laragon\www\CarRentSystem\vendor\filament\filament\src\Http\Middleware\DispatchServingFilamentEvent.php(15): Illuminate\Pipeline\Pipeline-&gt;{closure:Illuminate\Pipeline\Pipeline::prepareDestination():178}(Object(Illuminate\Http\Request))
#69 C:\laragon\www\CarRentSystem\vendor\laravel\framework\src\Illuminate\Pipeline\Pipeline.php(219): Filament\Http\Middleware\DispatchServingFilamentEvent-&gt;handle(Object(Illuminate\Http\Request), Object(Closure))
#70 C:\laragon\www\CarRentSystem\vendor\filament\filament\src\Http\Middleware\DisableBladeIconComponents.php(14): Illuminate\Pipeline\Pipeline-&gt;{closure:{closure:Illuminate\Pipeline\Pipeline::carry():194}:195}(Object(Illuminate\Http\Request))
#71 C:\laragon\www\CarRentSystem\vendor\laravel\framework\src\Illuminate\Pipeline\Pipeline.php(219): Filament\Http\Middleware\DisableBladeIconComponents-&gt;handle(Object(Illuminate\Http\Request), Object(Closure))
#72 C:\laragon\www\CarRentSystem\app\Http\Middleware\LocalizationMiddleware.php(41): Illuminate\Pipeline\Pipeline-&gt;{closure:{closure:Illuminate\Pipeline\Pipeline::carry():194}:195}(Object(Illuminate\Http\Request))
#73 C:\laragon\www\CarRentSystem\vendor\laravel\framework\src\Illuminate\Pipeline\Pipeline.php(219): App\Http\Middleware\LocalizationMiddleware-&gt;handle(Object(Illuminate\Http\Request), Object(Closure))
#74 C:\laragon\www\CarRentSystem\vendor\laravel\framework\src\Illuminate\Routing\Middleware\SubstituteBindings.php(50): Illuminate\Pipeline\Pipeline-&gt;{closure:{closure:Illuminate\Pipeline\Pipeline::carry():194}:195}(Object(Illuminate\Http\Request))
#75 C:\laragon\www\CarRentSystem\vendor\laravel\framework\src\Illuminate\Pipeline\Pipeline.php(219): Illuminate\Routing\Middleware\SubstituteBindings-&gt;handle(Object(Illuminate\Http\Request), Object(Closure))
#76 C:\laragon\www\CarRentSystem\vendor\laravel\framework\src\Illuminate\Auth\Middleware\Authenticate.php(63): Illuminate\Pipeline\Pipeline-&gt;{closure:{closure:Illuminate\Pipeline\Pipeline::carry():194}:195}(Object(Illuminate\Http\Request))
#77 C:\laragon\www\CarRentSystem\vendor\laravel\framework\src\Illuminate\Pipeline\Pipeline.php(219): Illuminate\Auth\Middleware\Authenticate-&gt;handle(Object(Illuminate\Http\Request), Object(Closure))
#78 C:\laragon\www\CarRentSystem\vendor\laravel\framework\src\Illuminate\View\Middleware\ShareErrorsFromSession.php(48): Illuminate\Pipeline\Pipeline-&gt;{closure:{closure:Illuminate\Pipeline\Pipeline::carry():194}:195}(Object(Illuminate\Http\Request))
#79 C:\laragon\www\CarRentSystem\vendor\laravel\framework\src\Illuminate\Pipeline\Pipeline.php(219): Illuminate\View\Middleware\ShareErrorsFromSession-&gt;handle(Object(Illuminate\Http\Request), Object(Closure))
#80 C:\laragon\www\CarRentSystem\vendor\laravel\framework\src\Illuminate\Session\Middleware\StartSession.php(120): Illuminate\Pipeline\Pipeline-&gt;{closure:{closure:Illuminate\Pipeline\Pipeline::carry():194}:195}(Object(Illuminate\Http\Request))
#81 C:\laragon\www\CarRentSystem\vendor\laravel\framework\src\Illuminate\Session\Middleware\StartSession.php(63): Illuminate\Session\Middleware\StartSession-&gt;handleStatefulRequest(Object(Illuminate\Http\Request), Object(Illuminate\Session\Store), Object(Closure))
#82 C:\laragon\www\CarRentSystem\vendor\laravel\framework\src\Illuminate\Pipeline\Pipeline.php(219): Illuminate\Session\Middleware\StartSession-&gt;handle(Object(Illuminate\Http\Request), Object(Closure))
#83 C:\laragon\www\CarRentSystem\vendor\laravel\framework\src\Illuminate\Cookie\Middleware\AddQueuedCookiesToResponse.php(36): Illuminate\Pipeline\Pipeline-&gt;{closure:{closure:Illuminate\Pipeline\Pipeline::carry():194}:195}(Object(Illuminate\Http\Request))
#84 C:\laragon\www\CarRentSystem\vendor\laravel\framework\src\Illuminate\Pipeline\Pipeline.php(219): Illuminate\Cookie\Middleware\AddQueuedCookiesToResponse-&gt;handle(Object(Illuminate\Http\Request), Object(Closure))
#85 C:\laragon\www\CarRentSystem\vendor\laravel\framework\src\Illuminate\Cookie\Middleware\EncryptCookies.php(74): Illuminate\Pipeline\Pipeline-&gt;{closure:{closure:Illuminate\Pipeline\Pipeline::carry():194}:195}(Object(Illuminate\Http\Request))
#86 C:\laragon\www\CarRentSystem\vendor\laravel\framework\src\Illuminate\Pipeline\Pipeline.php(219): Illuminate\Cookie\Middleware\EncryptCookies-&gt;handle(Object(Illuminate\Http\Request), Object(Closure))
#87 C:\laragon\www\CarRentSystem\vendor\filament\filament\src\Http\Middleware\SetUpPanel.php(19): Illuminate\Pipeline\Pipeline-&gt;{closure:{closure:Illuminate\Pipeline\Pipeline::carry():194}:195}(Object(Illuminate\Http\Request))
#88 C:\laragon\www\CarRentSystem\vendor\laravel\framework\src\Illuminate\Pipeline\Pipeline.php(219): Filament\Http\Middleware\SetUpPanel-&gt;handle(Object(Illuminate\Http\Request), Object(Closure), Object(Filament\Panel))
#89 C:\laragon\www\CarRentSystem\vendor\laravel\framework\src\Illuminate\Pipeline\Pipeline.php(137): Illuminate\Pipeline\Pipeline-&gt;{closure:{closure:Illuminate\Pipeline\Pipeline::carry():194}:195}(Object(Illuminate\Http\Request))
#90 C:\laragon\www\CarRentSystem\vendor\laravel\framework\src\Illuminate\Routing\Router.php(821): Illuminate\Pipeline\Pipeline-&gt;then(Object(Closure))
#91 C:\laragon\www\CarRentSystem\vendor\laravel\framework\src\Illuminate\Routing\Router.php(800): Illuminate\Routing\Router-&gt;runRouteWithinStack(Object(Illuminate\Routing\Route), Object(Illuminate\Http\Request))
#92 C:\laragon\www\CarRentSystem\vendor\laravel\framework\src\Illuminate\Routing\Router.php(764): Illuminate\Routing\Router-&gt;runRoute(Object(Illuminate\Http\Request), Object(Illuminate\Routing\Route))
#93 C:\laragon\www\CarRentSystem\vendor\laravel\framework\src\Illuminate\Routing\Router.php(753): Illuminate\Routing\Router-&gt;dispatchToRoute(Object(Illuminate\Http\Request))
#94 C:\laragon\www\CarRentSystem\vendor\laravel\framework\src\Illuminate\Foundation\Http\Kernel.php(200): Illuminate\Routing\Router-&gt;dispatch(Object(Illuminate\Http\Request))
#95 C:\laragon\www\CarRentSystem\vendor\laravel\framework\src\Illuminate\Pipeline\Pipeline.php(180): Illuminate\Foundation\Http\Kernel-&gt;{closure:Illuminate\Foundation\Http\Kernel::dispatchToRouter():197}(Object(Illuminate\Http\Request))
#96 C:\laragon\www\CarRentSystem\vendor\livewire\livewire\src\Features\SupportDisablingBackButtonCache\DisableBackButtonCacheMiddleware.php(19): Illuminate\Pipeline\Pipeline-&gt;{closure:Illuminate\Pipeline\Pipeline::prepareDestination():178}(Object(Illuminate\Http\Request))
#97 C:\laragon\www\CarRentSystem\vendor\laravel\framework\src\Illuminate\Pipeline\Pipeline.php(219): Livewire\Features\SupportDisablingBackButtonCache\DisableBackButtonCacheMiddleware-&gt;handle(Object(Illuminate\Http\Request), Object(Closure))
#98 C:\laragon\www\CarRentSystem\vendor\laravel\framework\src\Illuminate\Foundation\Http\Middleware\TransformsRequest.php(21): Illuminate\Pipeline\Pipeline-&gt;{closure:{closure:Illuminate\Pipeline\Pipeline::carry():194}:195}(Object(Illuminate\Http\Request))
#99 C:\laragon\www\CarRentSystem\vendor\laravel\framework\src\Illuminate\Foundation\Http\Middleware\ConvertEmptyStringsToNull.php(31): Illuminate\Foundation\Http\Middleware\TransformsRequest-&gt;handle(Object(Illuminate\Http\Request), Object(Closure))
#100 C:\laragon\www\CarRentSystem\vendor\laravel\framework\src\Illuminate\Pipeline\Pipeline.php(219): Illuminate\Foundation\Http\Middleware\ConvertEmptyStringsToNull-&gt;handle(Object(Illuminate\Http\Request), Object(Closure))
#101 C:\laragon\www\CarRentSystem\vendor\laravel\framework\src\Illuminate\Foundation\Http\Middleware\TransformsRequest.php(21): Illuminate\Pipeline\Pipeline-&gt;{closure:{closure:Illuminate\Pipeline\Pipeline::carry():194}:195}(Object(Illuminate\Http\Request))
#102 C:\laragon\www\CarRentSystem\vendor\laravel\framework\src\Illuminate\Foundation\Http\Middleware\TrimStrings.php(51): Illuminate\Foundation\Http\Middleware\TransformsRequest-&gt;handle(Object(Illuminate\Http\Request), Object(Closure))
#103 C:\laragon\www\CarRentSystem\vendor\laravel\framework\src\Illuminate\Pipeline\Pipeline.php(219): Illuminate\Foundation\Http\Middleware\TrimStrings-&gt;handle(Object(Illuminate\Http\Request), Object(Closure))
#104 C:\laragon\www\CarRentSystem\vendor\laravel\framework\src\Illuminate\Http\Middleware\ValidatePostSize.php(27): Illuminate\Pipeline\Pipeline-&gt;{closure:{closure:Illuminate\Pipeline\Pipeline::carry():194}:195}(Object(Illuminate\Http\Request))
#105 C:\laragon\www\CarRentSystem\vendor\laravel\framework\src\Illuminate\Pipeline\Pipeline.php(219): Illuminate\Http\Middleware\ValidatePostSize-&gt;handle(Object(Illuminate\Http\Request), Object(Closure))
#106 C:\laragon\www\CarRentSystem\vendor\laravel\framework\src\Illuminate\Foundation\Http\Middleware\PreventRequestsDuringMaintenance.php(109): Illuminate\Pipeline\Pipeline-&gt;{closure:{closure:Illuminate\Pipeline\Pipeline::carry():194}:195}(Object(Illuminate\Http\Request))
#107 C:\laragon\www\CarRentSystem\vendor\laravel\framework\src\Illuminate\Pipeline\Pipeline.php(219): Illuminate\Foundation\Http\Middleware\PreventRequestsDuringMaintenance-&gt;handle(Object(Illuminate\Http\Request), Object(Closure))
#108 C:\laragon\www\CarRentSystem\vendor\laravel\framework\src\Illuminate\Http\Middleware\HandleCors.php(61): Illuminate\Pipeline\Pipeline-&gt;{closure:{closure:Illuminate\Pipeline\Pipeline::carry():194}:195}(Object(Illuminate\Http\Request))
#109 C:\laragon\www\CarRentSystem\vendor\laravel\framework\src\Illuminate\Pipeline\Pipeline.php(219): Illuminate\Http\Middleware\HandleCors-&gt;handle(Object(Illuminate\Http\Request), Object(Closure))
#110 C:\laragon\www\CarRentSystem\vendor\laravel\framework\src\Illuminate\Http\Middleware\TrustProxies.php(58): Illuminate\Pipeline\Pipeline-&gt;{closure:{closure:Illuminate\Pipeline\Pipeline::carry():194}:195}(Object(Illuminate\Http\Request))
#111 C:\laragon\www\CarRentSystem\vendor\laravel\framework\src\Illuminate\Pipeline\Pipeline.php(219): Illuminate\Http\Middleware\TrustProxies-&gt;handle(Object(Illuminate\Http\Request), Object(Closure))
#112 C:\laragon\www\CarRentSystem\vendor\laravel\framework\src\Illuminate\Foundation\Http\Middleware\InvokeDeferredCallbacks.php(22): Illuminate\Pipeline\Pipeline-&gt;{closure:{closure:Illuminate\Pipeline\Pipeline::carry():194}:195}(Object(Illuminate\Http\Request))
#113 C:\laragon\www\CarRentSystem\vendor\laravel\framework\src\Illuminate\Pipeline\Pipeline.php(219): Illuminate\Foundation\Http\Middleware\InvokeDeferredCallbacks-&gt;handle(Object(Illuminate\Http\Request), Object(Closure))
#114 C:\laragon\www\CarRentSystem\vendor\laravel\framework\src\Illuminate\Http\Middleware\ValidatePathEncoding.php(26): Illuminate\Pipeline\Pipeline-&gt;{closure:{closure:Illuminate\Pipeline\Pipeline::carry():194}:195}(Object(Illuminate\Http\Request))
#115 C:\laragon\www\CarRentSystem\vendor\laravel\framework\src\Illuminate\Pipeline\Pipeline.php(219): Illuminate\Http\Middleware\ValidatePathEncoding-&gt;handle(Object(Illuminate\Http\Request), Object(Closure))
#116 C:\laragon\www\CarRentSystem\vendor\laravel\framework\src\Illuminate\Pipeline\Pipeline.php(137): Illuminate\Pipeline\Pipeline-&gt;{closure:{closure:Illuminate\Pipeline\Pipeline::carry():194}:195}(Object(Illuminate\Http\Request))
#117 C:\laragon\www\CarRentSystem\vendor\laravel\framework\src\Illuminate\Foundation\Http\Kernel.php(175): Illuminate\Pipeline\Pipeline-&gt;then(Object(Closure))
#118 C:\laragon\www\CarRentSystem\vendor\laravel\framework\src\Illuminate\Foundation\Http\Kernel.php(144): Illuminate\Foundation\Http\Kernel-&gt;sendRequestThroughRouter(Object(Illuminate\Http\Request))
#119 C:\laragon\www\CarRentSystem\vendor\laravel\framework\src\Illuminate\Foundation\Testing\Concerns\MakesHttpRequests.php(607): Illuminate\Foundation\Http\Kernel-&gt;handle(Object(Illuminate\Http\Request))
#120 C:\laragon\www\CarRentSystem\vendor\laravel\framework\src\Illuminate\Foundation\Testing\Concerns\MakesHttpRequests.php(368): Illuminate\Foundation\Testing\TestCase-&gt;call('GET', '/admin/activity...', Array, Array, Array, Array)
#121 C:\laragon\www\CarRentSystem\tests\Feature\ActivityLogManagementTest.php(38): Illuminate\Foundation\Testing\TestCase-&gt;get('/admin/activity...')
#122 C:\laragon\www\CarRentSystem\vendor\pestphp\pest\src\Factories\TestCaseMethodFactory.php(168): P\Tests\Feature\ActivityLogManagementTest-&gt;{closure:{closure:{closure:C:\laragon\www\CarRentSystem\tests\Feature\ActivityLogManagementTest.php:13}:20}:36}()
#123 [internal function]: P\Tests\Feature\ActivityLogManagementTest-&gt;{closure:Pest\Factories\TestCaseMethodFactory::getClosure():158}()
#124 C:\laragon\www\CarRentSystem\vendor\pestphp\pest\src\Concerns\Testable.php(429): call_user_func_array(Object(Closure), Array)
#125 C:\laragon\www\CarRentSystem\vendor\pestphp\pest\src\Support\ExceptionTrace.php(26): P\Tests\Feature\ActivityLogManagementTest-&gt;{closure:Pest\Concerns\Testable::__callClosure():429}()
#126 C:\laragon\www\CarRentSystem\vendor\pestphp\pest\src\Concerns\Testable.php(429): Pest\Support\ExceptionTrace::ensure(Object(Closure))
#127 C:\laragon\www\CarRentSystem\vendor\pestphp\pest\src\Concerns\Testable.php(331): P\Tests\Feature\ActivityLogManagementTest-&gt;__callClosure(Object(Closure), Array)
#128 C:\laragon\www\CarRentSystem\vendor\pestphp\pest\src\Factories\TestCaseFactory.php(169) : eval()'d code(35): P\Tests\Feature\ActivityLogManagementTest-&gt;__runTest(Object(Closure))
#129 C:\laragon\www\CarRentSystem\vendor\phpunit\phpunit\src\Framework\TestCase.php(1316): P\Tests\Feature\ActivityLogManagementTest-&gt;__pest_evaluable__Activity_Log_Management__→__Activity_Log_Listing__→_it_restricts_renter_access_to_activity_logs()
#130 C:\laragon\www\CarRentSystem\vendor\phpunit\phpunit\src\Framework\TestCase.php(516): PHPUnit\Framework\TestCase-&gt;runTest()
#131 C:\laragon\www\CarRentSystem\vendor\phpunit\phpunit\src\Framework\TestRunner\TestRunner.php(99): PHPUnit\Framework\TestCase-&gt;runBare()
#132 C:\laragon\www\CarRentSystem\vendor\phpunit\phpunit\src\Framework\TestCase.php(357): PHPUnit\Framework\TestRunner-&gt;run(Object(P\Tests\Feature\ActivityLogManagementTest))
#133 C:\laragon\www\CarRentSystem\vendor\phpunit\phpunit\src\Framework\TestSuite.php(374): PHPUnit\Framework\TestCase-&gt;run()
#134 C:\laragon\www\CarRentSystem\vendor\phpunit\phpunit\src\Framework\TestSuite.php(374): PHPUnit\Framework\TestSuite-&gt;run()
#135 C:\laragon\www\CarRentSystem\vendor\phpunit\phpunit\src\Framework\TestSuite.php(374): PHPUnit\Framework\TestSuite-&gt;run()
#136 C:\laragon\www\CarRentSystem\vendor\phpunit\phpunit\src\TextUI\TestRunner.php(64): PHPUnit\Framework\TestSuite-&gt;run()
#137 C:\laragon\www\CarRentSystem\vendor\phpunit\phpunit\src\TextUI\Application.php(229): PHPUnit\TextUI\TestRunner-&gt;run(Object(PHPUnit\TextUI\Configuration\Configuration), Object(PHPUnit\Runner\ResultCache\DefaultResultCache), Object(PHPUnit\Framework\TestSuite))
#138 C:\laragon\www\CarRentSystem\vendor\pestphp\pest\src\Kernel.php(103): PHPUnit\TextUI\Application-&gt;run(Array)
#139 C:\laragon\www\CarRentSystem\vendor\pestphp\pest\bin\pest(184): Pest\Kernel-&gt;handle(Array, Array)
#140 C:\laragon\www\CarRentSystem\vendor\pestphp\pest\bin\pest(192): {closure:C:\laragon\www\CarRentSystem\vendor\pestphp\pest\bin\pest:18}()
#141 C:\laragon\www\CarRentSystem\vendor\bin\pest(119): include('C:\\laragon\\www\\...')
#142 {main}

Next Illuminate\View\ViewException: SQLSTATE[HY000]: General error: 1 no such column: activity_log.name (Connection: sqlite, SQL: select "activity_log"."name", "" from "activity_log" order by "activity_log"."name" asc limit 50) (View: C:\laragon\www\CarRentSystem\vendor\filament\forms\resources\views\components\select.blade.php) (View: C:\laragon\www\CarRentSystem\vendor\filament\forms\resources\views\components\select.blade.php) in C:\laragon\www\CarRentSystem\vendor\laravel\framework\src\Illuminate\Database\Connection.php:824
Stack trace:
#0 C:\laragon\www\CarRentSystem\vendor\livewire\livewire\src\Mechanisms\ExtendBlade\ExtendedCompilerEngine.php(58): Illuminate\View\Engines\CompilerEngine-&gt;handleViewException(Object(Illuminate\View\ViewException), 11)
#1 C:\laragon\www\CarRentSystem\vendor\livewire\livewire\src\Mechanisms\ExtendBlade\ExtendedCompilerEngine.php(40): Livewire\Mechanisms\ExtendBlade\ExtendedCompilerEngine-&gt;handleViewException(Object(Illuminate\View\ViewException), 11)
#2 C:\laragon\www\CarRentSystem\vendor\laravel\framework\src\Illuminate\View\Engines\CompilerEngine.php(76): Livewire\Mechanisms\ExtendBlade\ExtendedCompilerEngine-&gt;evaluatePath('C:\\laragon\\www\\...', Array)
#3 C:\laragon\www\CarRentSystem\vendor\livewire\livewire\src\Mechanisms\ExtendBlade\ExtendedCompilerEngine.php(16): Illuminate\View\Engines\CompilerEngine-&gt;get('C:\\laragon\\www\\...', Array)
#4 C:\laragon\www\CarRentSystem\vendor\laravel\framework\src\Illuminate\View\View.php(208): Livewire\Mechanisms\ExtendBlade\ExtendedCompilerEngine-&gt;get('C:\\laragon\\www\\...', Array)
#5 C:\laragon\www\CarRentSystem\vendor\laravel\framework\src\Illuminate\View\View.php(191): Illuminate\View\View-&gt;getContents()
#6 C:\laragon\www\CarRentSystem\vendor\laravel\framework\src\Illuminate\View\View.php(160): Illuminate\View\View-&gt;renderContents()
#7 C:\laragon\www\CarRentSystem\vendor\filament\support\src\Components\ViewComponent.php(125): Illuminate\View\View-&gt;render()
#8 C:\laragon\www\CarRentSystem\vendor\filament\schemas\src\Components\Component.php(221): Filament\Support\Components\ViewComponent-&gt;toHtml()
#9 C:\laragon\www\CarRentSystem\vendor\filament\schemas\src\Schema.php(205): Filament\Schemas\Components\Component-&gt;toSchemaHtml(true)
#10 C:\laragon\www\CarRentSystem\vendor\filament\support\src\Components\ViewComponent.php(122): Filament\Schemas\Schema-&gt;toEmbeddedHtml()
#11 C:\laragon\www\CarRentSystem\vendor\laravel\framework\src\Illuminate\Support\helpers.php(130): Filament\Support\Components\ViewComponent-&gt;toHtml()
#12 C:\laragon\www\CarRentSystem\storage\framework\views\1a3d3d822b7060b360e0a4f4cc781bd5.php(92): e(Object(Filament\Schemas\Schema))
#13 C:\laragon\www\CarRentSystem\vendor\livewire\livewire\src\Mechanisms\ExtendBlade\ExtendedCompilerEngine.php(37): include('C:\\laragon\\www\\...')
#14 C:\laragon\www\CarRentSystem\vendor\livewire\livewire\src\Mechanisms\ExtendBlade\ExtendedCompilerEngine.php(38): App\Filament\Resources\ActivityLogResource\Pages\ListActivityLogs-&gt;{closure:Livewire\Mechanisms\ExtendBlade\ExtendedCompilerEngine::evaluatePath():35}()
#15 C:\laragon\www\CarRentSystem\vendor\laravel\framework\src\Illuminate\View\Engines\CompilerEngine.php(76): Livewire\Mechanisms\ExtendBlade\ExtendedCompilerEngine-&gt;evaluatePath('C:\\laragon\\www\\...', Array)
#16 C:\laragon\www\CarRentSystem\vendor\livewire\livewire\src\Mechanisms\ExtendBlade\ExtendedCompilerEngine.php(16): Illuminate\View\Engines\CompilerEngine-&gt;get('C:\\laragon\\www\\...', Array)
#17 C:\laragon\www\CarRentSystem\vendor\laravel\framework\src\Illuminate\View\View.php(208): Livewire\Mechanisms\ExtendBlade\ExtendedCompilerEngine-&gt;get('C:\\laragon\\www\\...', Array)
#18 C:\laragon\www\CarRentSystem\vendor\laravel\framework\src\Illuminate\View\View.php(191): Illuminate\View\View-&gt;getContents()
#19 C:\laragon\www\CarRentSystem\vendor\laravel\framework\src\Illuminate\View\View.php(160): Illuminate\View\View-&gt;renderContents()
#20 C:\laragon\www\CarRentSystem\vendor\laravel\framework\src\Illuminate\View\Concerns\ManagesComponents.php(103): Illuminate\View\View-&gt;render()
#21 C:\laragon\www\CarRentSystem\storage\framework\views\63d0da9e86cc349a52193e89442d61e4.php(727): Illuminate\View\Factory-&gt;renderComponent()
#22 C:\laragon\www\CarRentSystem\vendor\livewire\livewire\src\Mechanisms\ExtendBlade\ExtendedCompilerEngine.php(37): include('C:\\laragon\\www\\...')
#23 C:\laragon\www\CarRentSystem\vendor\livewire\livewire\src\Mechanisms\ExtendBlade\ExtendedCompilerEngine.php(38): App\Filament\Resources\ActivityLogResource\Pages\ListActivityLogs-&gt;{closure:Livewire\Mechanisms\ExtendBlade\ExtendedCompilerEngine::evaluatePath():35}()
#24 C:\laragon\www\CarRentSystem\vendor\laravel\framework\src\Illuminate\View\Engines\CompilerEngine.php(76): Livewire\Mechanisms\ExtendBlade\ExtendedCompilerEngine-&gt;evaluatePath('C:\\laragon\\www\\...', Array)
#25 C:\laragon\www\CarRentSystem\vendor\livewire\livewire\src\Mechanisms\ExtendBlade\ExtendedCompilerEngine.php(16): Illuminate\View\Engines\CompilerEngine-&gt;get('C:\\laragon\\www\\...', Array)
#26 C:\laragon\www\CarRentSystem\vendor\laravel\framework\src\Illuminate\View\View.php(208): Livewire\Mechanisms\ExtendBlade\ExtendedCompilerEngine-&gt;get('C:\\laragon\\www\\...', Array)
#27 C:\laragon\www\CarRentSystem\vendor\laravel\framework\src\Illuminate\View\View.php(191): Illuminate\View\View-&gt;getContents()
#28 C:\laragon\www\CarRentSystem\vendor\laravel\framework\src\Illuminate\View\View.php(160): Illuminate\View\View-&gt;renderContents()
#29 C:\laragon\www\CarRentSystem\vendor\filament\support\src\Components\ViewComponent.php(125): Illuminate\View\View-&gt;render()
#30 C:\laragon\www\CarRentSystem\vendor\filament\schemas\src\Components\Component.php(221): Filament\Support\Components\ViewComponent-&gt;toHtml()
#31 C:\laragon\www\CarRentSystem\vendor\filament\schemas\src\Schema.php(205): Filament\Schemas\Components\Component-&gt;toSchemaHtml(true)
#32 C:\laragon\www\CarRentSystem\vendor\filament\support\src\Components\ViewComponent.php(122): Filament\Schemas\Schema-&gt;toEmbeddedHtml()
#33 C:\laragon\www\CarRentSystem\vendor\laravel\framework\src\Illuminate\Support\helpers.php(130): Filament\Support\Components\ViewComponent-&gt;toHtml()
#34 C:\laragon\www\CarRentSystem\storage\framework\views\440b755faea75388110fdd3acae41dc5.php(11): e(Object(Filament\Schemas\Schema))
#35 C:\laragon\www\CarRentSystem\vendor\livewire\livewire\src\Mechanisms\ExtendBlade\ExtendedCompilerEngine.php(37): include('C:\\laragon\\www\\...')
#36 C:\laragon\www\CarRentSystem\vendor\livewire\livewire\src\Mechanisms\ExtendBlade\ExtendedCompilerEngine.php(38): App\Filament\Resources\ActivityLogResource\Pages\ListActivityLogs-&gt;{closure:Livewire\Mechanisms\ExtendBlade\ExtendedCompilerEngine::evaluatePath():35}()
#37 C:\laragon\www\CarRentSystem\vendor\laravel\framework\src\Illuminate\View\Engines\CompilerEngine.php(76): Livewire\Mechanisms\ExtendBlade\ExtendedCompilerEngine-&gt;evaluatePath('C:\\laragon\\www\\...', Array)
#38 C:\laragon\www\CarRentSystem\vendor\livewire\livewire\src\Mechanisms\ExtendBlade\ExtendedCompilerEngine.php(16): Illuminate\View\Engines\CompilerEngine-&gt;get('C:\\laragon\\www\\...', Array)
#39 C:\laragon\www\CarRentSystem\vendor\laravel\framework\src\Illuminate\View\View.php(208): Livewire\Mechanisms\ExtendBlade\ExtendedCompilerEngine-&gt;get('C:\\laragon\\www\\...', Array)
#40 C:\laragon\www\CarRentSystem\vendor\laravel\framework\src\Illuminate\View\View.php(191): Illuminate\View\View-&gt;getContents()
#41 C:\laragon\www\CarRentSystem\vendor\laravel\framework\src\Illuminate\View\View.php(160): Illuminate\View\View-&gt;renderContents()
#42 C:\laragon\www\CarRentSystem\vendor\livewire\livewire\src\Mechanisms\HandleComponents\HandleComponents.php(259): Illuminate\View\View-&gt;render(Object(Closure))
#43 C:\laragon\www\CarRentSystem\vendor\livewire\livewire\src\Mechanisms\HandleComponents\HandleComponents.php(303): Livewire\Mechanisms\HandleComponents\HandleComponents-&gt;{closure:Livewire\Mechanisms\HandleComponents\HandleComponents::render():251}()
#44 C:\laragon\www\CarRentSystem\vendor\livewire\livewire\src\Mechanisms\HandleComponents\HandleComponents.php(251): Livewire\Mechanisms\HandleComponents\HandleComponents-&gt;trackInRenderStack(Object(App\Filament\Resources\ActivityLogResource\Pages\ListActivityLogs), Object(Closure))
#45 C:\laragon\www\CarRentSystem\vendor\livewire\livewire\src\Mechanisms\HandleComponents\HandleComponents.php(54): Livewire\Mechanisms\HandleComponents\HandleComponents-&gt;render(Object(App\Filament\Resources\ActivityLogResource\Pages\ListActivityLogs), '&lt;div&gt;&lt;/div&gt;')
#46 C:\laragon\www\CarRentSystem\vendor\livewire\livewire\src\LivewireManager.php(73): Livewire\Mechanisms\HandleComponents\HandleComponents-&gt;mount('App\\Filament\\Re...', Array, NULL)
#47 C:\laragon\www\CarRentSystem\vendor\livewire\livewire\src\Features\SupportPageComponents\HandlesPageComponents.php(17): Livewire\LivewireManager-&gt;mount('App\\Filament\\Re...', Array)
#48 C:\laragon\www\CarRentSystem\vendor\livewire\livewire\src\Features\SupportPageComponents\SupportPageComponents.php(117): Livewire\Component-&gt;{closure:Livewire\Features\SupportPageComponents\HandlesPageComponents::__invoke():14}()
#49 C:\laragon\www\CarRentSystem\vendor\livewire\livewire\src\Features\SupportPageComponents\HandlesPageComponents.php(14): Livewire\Features\SupportPageComponents\SupportPageComponents::interceptTheRenderOfTheComponentAndRetreiveTheLayoutConfiguration(Object(Closure))
#50 C:\laragon\www\CarRentSystem\vendor\laravel\framework\src\Illuminate\Routing\ControllerDispatcher.php(46): Livewire\Component-&gt;__invoke()
#51 C:\laragon\www\CarRentSystem\vendor\laravel\framework\src\Illuminate\Routing\Route.php(265): Illuminate\Routing\ControllerDispatcher-&gt;dispatch(Object(Illuminate\Routing\Route), Object(App\Filament\Resources\ActivityLogResource\Pages\ListActivityLogs), '__invoke')
#52 C:\laragon\www\CarRentSystem\vendor\laravel\framework\src\Illuminate\Routing\Route.php(211): Illuminate\Routing\Route-&gt;runController()
#53 C:\laragon\www\CarRentSystem\vendor\laravel\framework\src\Illuminate\Routing\Router.php(822): Illuminate\Routing\Route-&gt;run()
#54 C:\laragon\www\CarRentSystem\vendor\laravel\framework\src\Illuminate\Pipeline\Pipeline.php(180): Illuminate\Routing\Router-&gt;{closure:Illuminate\Routing\Router::runRouteWithinStack():821}(Object(Illuminate\Http\Request))
#55 C:\laragon\www\CarRentSystem\vendor\filament\filament\src\Http\Middleware\DispatchServingFilamentEvent.php(15): Illuminate\Pipeline\Pipeline-&gt;{closure:Illuminate\Pipeline\Pipeline::prepareDestination():178}(Object(Illuminate\Http\Request))
#56 C:\laragon\www\CarRentSystem\vendor\laravel\framework\src\Illuminate\Pipeline\Pipeline.php(219): Filament\Http\Middleware\DispatchServingFilamentEvent-&gt;handle(Object(Illuminate\Http\Request), Object(Closure))
#57 C:\laragon\www\CarRentSystem\vendor\filament\filament\src\Http\Middleware\DisableBladeIconComponents.php(14): Illuminate\Pipeline\Pipeline-&gt;{closure:{closure:Illuminate\Pipeline\Pipeline::carry():194}:195}(Object(Illuminate\Http\Request))
#58 C:\laragon\www\CarRentSystem\vendor\laravel\framework\src\Illuminate\Pipeline\Pipeline.php(219): Filament\Http\Middleware\DisableBladeIconComponents-&gt;handle(Object(Illuminate\Http\Request), Object(Closure))
#59 C:\laragon\www\CarRentSystem\app\Http\Middleware\LocalizationMiddleware.php(41): Illuminate\Pipeline\Pipeline-&gt;{closure:{closure:Illuminate\Pipeline\Pipeline::carry():194}:195}(Object(Illuminate\Http\Request))
#60 C:\laragon\www\CarRentSystem\vendor\laravel\framework\src\Illuminate\Pipeline\Pipeline.php(219): App\Http\Middleware\LocalizationMiddleware-&gt;handle(Object(Illuminate\Http\Request), Object(Closure))
#61 C:\laragon\www\CarRentSystem\vendor\laravel\framework\src\Illuminate\Routing\Middleware\SubstituteBindings.php(50): Illuminate\Pipeline\Pipeline-&gt;{closure:{closure:Illuminate\Pipeline\Pipeline::carry():194}:195}(Object(Illuminate\Http\Request))
#62 C:\laragon\www\CarRentSystem\vendor\laravel\framework\src\Illuminate\Pipeline\Pipeline.php(219): Illuminate\Routing\Middleware\SubstituteBindings-&gt;handle(Object(Illuminate\Http\Request), Object(Closure))
#63 C:\laragon\www\CarRentSystem\vendor\laravel\framework\src\Illuminate\Auth\Middleware\Authenticate.php(63): Illuminate\Pipeline\Pipeline-&gt;{closure:{closure:Illuminate\Pipeline\Pipeline::carry():194}:195}(Object(Illuminate\Http\Request))
#64 C:\laragon\www\CarRentSystem\vendor\laravel\framework\src\Illuminate\Pipeline\Pipeline.php(219): Illuminate\Auth\Middleware\Authenticate-&gt;handle(Object(Illuminate\Http\Request), Object(Closure))
#65 C:\laragon\www\CarRentSystem\vendor\laravel\framework\src\Illuminate\View\Middleware\ShareErrorsFromSession.php(48): Illuminate\Pipeline\Pipeline-&gt;{closure:{closure:Illuminate\Pipeline\Pipeline::carry():194}:195}(Object(Illuminate\Http\Request))
#66 C:\laragon\www\CarRentSystem\vendor\laravel\framework\src\Illuminate\Pipeline\Pipeline.php(219): Illuminate\View\Middleware\ShareErrorsFromSession-&gt;handle(Object(Illuminate\Http\Request), Object(Closure))
#67 C:\laragon\www\CarRentSystem\vendor\laravel\framework\src\Illuminate\Session\Middleware\StartSession.php(120): Illuminate\Pipeline\Pipeline-&gt;{closure:{closure:Illuminate\Pipeline\Pipeline::carry():194}:195}(Object(Illuminate\Http\Request))
#68 C:\laragon\www\CarRentSystem\vendor\laravel\framework\src\Illuminate\Session\Middleware\StartSession.php(63): Illuminate\Session\Middleware\StartSession-&gt;handleStatefulRequest(Object(Illuminate\Http\Request), Object(Illuminate\Session\Store), Object(Closure))
#69 C:\laragon\www\CarRentSystem\vendor\laravel\framework\src\Illuminate\Pipeline\Pipeline.php(219): Illuminate\Session\Middleware\StartSession-&gt;handle(Object(Illuminate\Http\Request), Object(Closure))
#70 C:\laragon\www\CarRentSystem\vendor\laravel\framework\src\Illuminate\Cookie\Middleware\AddQueuedCookiesToResponse.php(36): Illuminate\Pipeline\Pipeline-&gt;{closure:{closure:Illuminate\Pipeline\Pipeline::carry():194}:195}(Object(Illuminate\Http\Request))
#71 C:\laragon\www\CarRentSystem\vendor\laravel\framework\src\Illuminate\Pipeline\Pipeline.php(219): Illuminate\Cookie\Middleware\AddQueuedCookiesToResponse-&gt;handle(Object(Illuminate\Http\Request), Object(Closure))
#72 C:\laragon\www\CarRentSystem\vendor\laravel\framework\src\Illuminate\Cookie\Middleware\EncryptCookies.php(74): Illuminate\Pipeline\Pipeline-&gt;{closure:{closure:Illuminate\Pipeline\Pipeline::carry():194}:195}(Object(Illuminate\Http\Request))
#73 C:\laragon\www\CarRentSystem\vendor\laravel\framework\src\Illuminate\Pipeline\Pipeline.php(219): Illuminate\Cookie\Middleware\EncryptCookies-&gt;handle(Object(Illuminate\Http\Request), Object(Closure))
#74 C:\laragon\www\CarRentSystem\vendor\filament\filament\src\Http\Middleware\SetUpPanel.php(19): Illuminate\Pipeline\Pipeline-&gt;{closure:{closure:Illuminate\Pipeline\Pipeline::carry():194}:195}(Object(Illuminate\Http\Request))
#75 C:\laragon\www\CarRentSystem\vendor\laravel\framework\src\Illuminate\Pipeline\Pipeline.php(219): Filament\Http\Middleware\SetUpPanel-&gt;handle(Object(Illuminate\Http\Request), Object(Closure), Object(Filament\Panel))
#76 C:\laragon\www\CarRentSystem\vendor\laravel\framework\src\Illuminate\Pipeline\Pipeline.php(137): Illuminate\Pipeline\Pipeline-&gt;{closure:{closure:Illuminate\Pipeline\Pipeline::carry():194}:195}(Object(Illuminate\Http\Request))
#77 C:\laragon\www\CarRentSystem\vendor\laravel\framework\src\Illuminate\Routing\Router.php(821): Illuminate\Pipeline\Pipeline-&gt;then(Object(Closure))
#78 C:\laragon\www\CarRentSystem\vendor\laravel\framework\src\Illuminate\Routing\Router.php(800): Illuminate\Routing\Router-&gt;runRouteWithinStack(Object(Illuminate\Routing\Route), Object(Illuminate\Http\Request))
#79 C:\laragon\www\CarRentSystem\vendor\laravel\framework\src\Illuminate\Routing\Router.php(764): Illuminate\Routing\Router-&gt;runRoute(Object(Illuminate\Http\Request), Object(Illuminate\Routing\Route))
#80 C:\laragon\www\CarRentSystem\vendor\laravel\framework\src\Illuminate\Routing\Router.php(753): Illuminate\Routing\Router-&gt;dispatchToRoute(Object(Illuminate\Http\Request))
#81 C:\laragon\www\CarRentSystem\vendor\laravel\framework\src\Illuminate\Foundation\Http\Kernel.php(200): Illuminate\Routing\Router-&gt;dispatch(Object(Illuminate\Http\Request))
#82 C:\laragon\www\CarRentSystem\vendor\laravel\framework\src\Illuminate\Pipeline\Pipeline.php(180): Illuminate\Foundation\Http\Kernel-&gt;{closure:Illuminate\Foundation\Http\Kernel::dispatchToRouter():197}(Object(Illuminate\Http\Request))
#83 C:\laragon\www\CarRentSystem\vendor\livewire\livewire\src\Features\SupportDisablingBackButtonCache\DisableBackButtonCacheMiddleware.php(19): Illuminate\Pipeline\Pipeline-&gt;{closure:Illuminate\Pipeline\Pipeline::prepareDestination():178}(Object(Illuminate\Http\Request))
#84 C:\laragon\www\CarRentSystem\vendor\laravel\framework\src\Illuminate\Pipeline\Pipeline.php(219): Livewire\Features\SupportDisablingBackButtonCache\DisableBackButtonCacheMiddleware-&gt;handle(Object(Illuminate\Http\Request), Object(Closure))
#85 C:\laragon\www\CarRentSystem\vendor\laravel\framework\src\Illuminate\Foundation\Http\Middleware\TransformsRequest.php(21): Illuminate\Pipeline\Pipeline-&gt;{closure:{closure:Illuminate\Pipeline\Pipeline::carry():194}:195}(Object(Illuminate\Http\Request))
#86 C:\laragon\www\CarRentSystem\vendor\laravel\framework\src\Illuminate\Foundation\Http\Middleware\ConvertEmptyStringsToNull.php(31): Illuminate\Foundation\Http\Middleware\TransformsRequest-&gt;handle(Object(Illuminate\Http\Request), Object(Closure))
#87 C:\laragon\www\CarRentSystem\vendor\laravel\framework\src\Illuminate\Pipeline\Pipeline.php(219): Illuminate\Foundation\Http\Middleware\ConvertEmptyStringsToNull-&gt;handle(Object(Illuminate\Http\Request), Object(Closure))
#88 C:\laragon\www\CarRentSystem\vendor\laravel\framework\src\Illuminate\Foundation\Http\Middleware\TransformsRequest.php(21): Illuminate\Pipeline\Pipeline-&gt;{closure:{closure:Illuminate\Pipeline\Pipeline::carry():194}:195}(Object(Illuminate\Http\Request))
#89 C:\laragon\www\CarRentSystem\vendor\laravel\framework\src\Illuminate\Foundation\Http\Middleware\TrimStrings.php(51): Illuminate\Foundation\Http\Middleware\TransformsRequest-&gt;handle(Object(Illuminate\Http\Request), Object(Closure))
#90 C:\laragon\www\CarRentSystem\vendor\laravel\framework\src\Illuminate\Pipeline\Pipeline.php(219): Illuminate\Foundation\Http\Middleware\TrimStrings-&gt;handle(Object(Illuminate\Http\Request), Object(Closure))
#91 C:\laragon\www\CarRentSystem\vendor\laravel\framework\src\Illuminate\Http\Middleware\ValidatePostSize.php(27): Illuminate\Pipeline\Pipeline-&gt;{closure:{closure:Illuminate\Pipeline\Pipeline::carry():194}:195}(Object(Illuminate\Http\Request))
#92 C:\laragon\www\CarRentSystem\vendor\laravel\framework\src\Illuminate\Pipeline\Pipeline.php(219): Illuminate\Http\Middleware\ValidatePostSize-&gt;handle(Object(Illuminate\Http\Request), Object(Closure))
#93 C:\laragon\www\CarRentSystem\vendor\laravel\framework\src\Illuminate\Foundation\Http\Middleware\PreventRequestsDuringMaintenance.php(109): Illuminate\Pipeline\Pipeline-&gt;{closure:{closure:Illuminate\Pipeline\Pipeline::carry():194}:195}(Object(Illuminate\Http\Request))
#94 C:\laragon\www\CarRentSystem\vendor\laravel\framework\src\Illuminate\Pipeline\Pipeline.php(219): Illuminate\Foundation\Http\Middleware\PreventRequestsDuringMaintenance-&gt;handle(Object(Illuminate\Http\Request), Object(Closure))
#95 C:\laragon\www\CarRentSystem\vendor\laravel\framework\src\Illuminate\Http\Middleware\HandleCors.php(61): Illuminate\Pipeline\Pipeline-&gt;{closure:{closure:Illuminate\Pipeline\Pipeline::carry():194}:195}(Object(Illuminate\Http\Request))
#96 C:\laragon\www\CarRentSystem\vendor\laravel\framework\src\Illuminate\Pipeline\Pipeline.php(219): Illuminate\Http\Middleware\HandleCors-&gt;handle(Object(Illuminate\Http\Request), Object(Closure))
#97 C:\laragon\www\CarRentSystem\vendor\laravel\framework\src\Illuminate\Http\Middleware\TrustProxies.php(58): Illuminate\Pipeline\Pipeline-&gt;{closure:{closure:Illuminate\Pipeline\Pipeline::carry():194}:195}(Object(Illuminate\Http\Request))
#98 C:\laragon\www\CarRentSystem\vendor\laravel\framework\src\Illuminate\Pipeline\Pipeline.php(219): Illuminate\Http\Middleware\TrustProxies-&gt;handle(Object(Illuminate\Http\Request), Object(Closure))
#99 C:\laragon\www\CarRentSystem\vendor\laravel\framework\src\Illuminate\Foundation\Http\Middleware\InvokeDeferredCallbacks.php(22): Illuminate\Pipeline\Pipeline-&gt;{closure:{closure:Illuminate\Pipeline\Pipeline::carry():194}:195}(Object(Illuminate\Http\Request))
#100 C:\laragon\www\CarRentSystem\vendor\laravel\framework\src\Illuminate\Pipeline\Pipeline.php(219): Illuminate\Foundation\Http\Middleware\InvokeDeferredCallbacks-&gt;handle(Object(Illuminate\Http\Request), Object(Closure))
#101 C:\laragon\www\CarRentSystem\vendor\laravel\framework\src\Illuminate\Http\Middleware\ValidatePathEncoding.php(26): Illuminate\Pipeline\Pipeline-&gt;{closure:{closure:Illuminate\Pipeline\Pipeline::carry():194}:195}(Object(Illuminate\Http\Request))
#102 C:\laragon\www\CarRentSystem\vendor\laravel\framework\src\Illuminate\Pipeline\Pipeline.php(219): Illuminate\Http\Middleware\ValidatePathEncoding-&gt;handle(Object(Illuminate\Http\Request), Object(Closure))
#103 C:\laragon\www\CarRentSystem\vendor\laravel\framework\src\Illuminate\Pipeline\Pipeline.php(137): Illuminate\Pipeline\Pipeline-&gt;{closure:{closure:Illuminate\Pipeline\Pipeline::carry():194}:195}(Object(Illuminate\Http\Request))
#104 C:\laragon\www\CarRentSystem\vendor\laravel\framework\src\Illuminate\Foundation\Http\Kernel.php(175): Illuminate\Pipeline\Pipeline-&gt;then(Object(Closure))
#105 C:\laragon\www\CarRentSystem\vendor\laravel\framework\src\Illuminate\Foundation\Http\Kernel.php(144): Illuminate\Foundation\Http\Kernel-&gt;sendRequestThroughRouter(Object(Illuminate\Http\Request))
#106 C:\laragon\www\CarRentSystem\vendor\laravel\framework\src\Illuminate\Foundation\Testing\Concerns\MakesHttpRequests.php(607): Illuminate\Foundation\Http\Kernel-&gt;handle(Object(Illuminate\Http\Request))
#107 C:\laragon\www\CarRentSystem\vendor\laravel\framework\src\Illuminate\Foundation\Testing\Concerns\MakesHttpRequests.php(368): Illuminate\Foundation\Testing\TestCase-&gt;call('GET', '/admin/activity...', Array, Array, Array, Array)
#108 C:\laragon\www\CarRentSystem\tests\Feature\ActivityLogManagementTest.php(38): Illuminate\Foundation\Testing\TestCase-&gt;get('/admin/activity...')
#109 C:\laragon\www\CarRentSystem\vendor\pestphp\pest\src\Factories\TestCaseMethodFactory.php(168): P\Tests\Feature\ActivityLogManagementTest-&gt;{closure:{closure:{closure:C:\laragon\www\CarRentSystem\tests\Feature\ActivityLogManagementTest.php:13}:20}:36}()
#110 [internal function]: P\Tests\Feature\ActivityLogManagementTest-&gt;{closure:Pest\Factories\TestCaseMethodFactory::getClosure():158}()
#111 C:\laragon\www\CarRentSystem\vendor\pestphp\pest\src\Concerns\Testable.php(429): call_user_func_array(Object(Closure), Array)
#112 C:\laragon\www\CarRentSystem\vendor\pestphp\pest\src\Support\ExceptionTrace.php(26): P\Tests\Feature\ActivityLogManagementTest-&gt;{closure:Pest\Concerns\Testable::__callClosure():429}()
#113 C:\laragon\www\CarRentSystem\vendor\pestphp\pest\src\Concerns\Testable.php(429): Pest\Support\ExceptionTrace::ensure(Object(Closure))
#114 C:\laragon\www\CarRentSystem\vendor\pestphp\pest\src\Concerns\Testable.php(331): P\Tests\Feature\ActivityLogManagementTest-&gt;__callClosure(Object(Closure), Array)
#115 C:\laragon\www\CarRentSystem\vendor\pestphp\pest\src\Factories\TestCaseFactory.php(169) : eval()'d code(35): P\Tests\Feature\ActivityLogManagementTest-&gt;__runTest(Object(Closure))
#116 C:\laragon\www\CarRentSystem\vendor\phpunit\phpunit\src\Framework\TestCase.php(1316): P\Tests\Feature\ActivityLogManagementTest-&gt;__pest_evaluable__Activity_Log_Management__→__Activity_Log_Listing__→_it_restricts_renter_access_to_activity_logs()
#117 C:\laragon\www\CarRentSystem\vendor\phpunit\phpunit\src\Framework\TestCase.php(516): PHPUnit\Framework\TestCase-&gt;runTest()
#118 C:\laragon\www\CarRentSystem\vendor\phpunit\phpunit\src\Framework\TestRunner\TestRunner.php(99): PHPUnit\Framework\TestCase-&gt;runBare()
#119 C:\laragon\www\CarRentSystem\vendor\phpunit\phpunit\src\Framework\TestCase.php(357): PHPUnit\Framework\TestRunner-&gt;run(Object(P\Tests\Feature\ActivityLogManagementTest))
#120 C:\laragon\www\CarRentSystem\vendor\phpunit\phpunit\src\Framework\TestSuite.php(374): PHPUnit\Framework\TestCase-&gt;run()
#121 C:\laragon\www\CarRentSystem\vendor\phpunit\phpunit\src\Framework\TestSuite.php(374): PHPUnit\Framework\TestSuite-&gt;run()
#122 C:\laragon\www\CarRentSystem\vendor\phpunit\phpunit\src\Framework\TestSuite.php(374): PHPUnit\Framework\TestSuite-&gt;run()
#123 C:\laragon\www\CarRentSystem\vendor\phpunit\phpunit\src\TextUI\TestRunner.php(64): PHPUnit\Framework\TestSuite-&gt;run()
#124 C:\laragon\www\CarRentSystem\vendor\phpunit\phpunit\src\TextUI\Application.php(229): PHPUnit\TextUI\TestRunner-&gt;run(Object(PHPUnit\TextUI\Configuration\Configuration), Object(PHPUnit\Runner\ResultCache\DefaultResultCache), Object(PHPUnit\Framework\TestSuite))
#125 C:\laragon\www\CarRentSystem\vendor\pestphp\pest\src\Kernel.php(103): PHPUnit\TextUI\Application-&gt;run(Array)
#126 C:\laragon\www\CarRentSystem\vendor\pestphp\pest\bin\pest(184): Pest\Kernel-&gt;handle(Array, Array)
#127 C:\laragon\www\CarRentSystem\vendor\pestphp\pest\bin\pest(192): {closure:C:\laragon\www\CarRentSystem\vendor\pestphp\pest\bin\pest:18}()
#128 C:\laragon\www\CarRentSystem\vendor\bin\pest(119): include('C:\\laragon\\www\\...')
#129 {main}

Next Illuminate\View\ViewException: SQLSTATE[HY000]: General error: 1 no such column: activity_log.name (Connection: sqlite, SQL: select "activity_log"."name", "" from "activity_log" order by "activity_log"."name" asc limit 50) (View: C:\laragon\www\CarRentSystem\vendor\filament\forms\resources\views\components\select.blade.php) (View: C:\laragon\www\CarRentSystem\vendor\filament\forms\resources\views\components\select.blade.php) (View: C:\laragon\www\CarRentSystem\vendor\filament\forms\resources\views\components\select.blade.php) in C:\laragon\www\CarRentSystem\vendor\laravel\framework\src\Illuminate\Database\Connection.php:824
Stack trace:
#0 C:\laragon\www\CarRentSystem\vendor\livewire\livewire\src\Mechanisms\ExtendBlade\ExtendedCompilerEngine.php(58): Illuminate\View\Engines\CompilerEngine-&gt;handleViewException(Object(Illuminate\View\ViewException), 8)
#1 C:\laragon\www\CarRentSystem\vendor\livewire\livewire\src\Mechanisms\ExtendBlade\ExtendedCompilerEngine.php(40): Livewire\Mechanisms\ExtendBlade\ExtendedCompilerEngine-&gt;handleViewException(Object(Illuminate\View\ViewException), 8)
#2 C:\laragon\www\CarRentSystem\vendor\laravel\framework\src\Illuminate\View\Engines\CompilerEngine.php(76): Livewire\Mechanisms\ExtendBlade\ExtendedCompilerEngine-&gt;evaluatePath('C:\\laragon\\www\\...', Array)
#3 C:\laragon\www\CarRentSystem\vendor\livewire\livewire\src\Mechanisms\ExtendBlade\ExtendedCompilerEngine.php(16): Illuminate\View\Engines\CompilerEngine-&gt;get('C:\\laragon\\www\\...', Array)
#4 C:\laragon\www\CarRentSystem\vendor\laravel\framework\src\Illuminate\View\View.php(208): Livewire\Mechanisms\ExtendBlade\ExtendedCompilerEngine-&gt;get('C:\\laragon\\www\\...', Array)
#5 C:\laragon\www\CarRentSystem\vendor\laravel\framework\src\Illuminate\View\View.php(191): Illuminate\View\View-&gt;getContents()
#6 C:\laragon\www\CarRentSystem\vendor\laravel\framework\src\Illuminate\View\View.php(160): Illuminate\View\View-&gt;renderContents()
#7 C:\laragon\www\CarRentSystem\vendor\laravel\framework\src\Illuminate\View\Concerns\ManagesComponents.php(103): Illuminate\View\View-&gt;render()
#8 C:\laragon\www\CarRentSystem\storage\framework\views\63d0da9e86cc349a52193e89442d61e4.php(727): Illuminate\View\Factory-&gt;renderComponent()
#9 C:\laragon\www\CarRentSystem\vendor\livewire\livewire\src\Mechanisms\ExtendBlade\ExtendedCompilerEngine.php(37): include('C:\\laragon\\www\\...')
#10 C:\laragon\www\CarRentSystem\vendor\livewire\livewire\src\Mechanisms\ExtendBlade\ExtendedCompilerEngine.php(38): App\Filament\Resources\ActivityLogResource\Pages\ListActivityLogs-&gt;{closure:Livewire\Mechanisms\ExtendBlade\ExtendedCompilerEngine::evaluatePath():35}()
#11 C:\laragon\www\CarRentSystem\vendor\laravel\framework\src\Illuminate\View\Engines\CompilerEngine.php(76): Livewire\Mechanisms\ExtendBlade\ExtendedCompilerEngine-&gt;evaluatePath('C:\\laragon\\www\\...', Array)
#12 C:\laragon\www\CarRentSystem\vendor\livewire\livewire\src\Mechanisms\ExtendBlade\ExtendedCompilerEngine.php(16): Illuminate\View\Engines\CompilerEngine-&gt;get('C:\\laragon\\www\\...', Array)
#13 C:\laragon\www\CarRentSystem\vendor\laravel\framework\src\Illuminate\View\View.php(208): Livewire\Mechanisms\ExtendBlade\ExtendedCompilerEngine-&gt;get('C:\\laragon\\www\\...', Array)
#14 C:\laragon\www\CarRentSystem\vendor\laravel\framework\src\Illuminate\View\View.php(191): Illuminate\View\View-&gt;getContents()
#15 C:\laragon\www\CarRentSystem\vendor\laravel\framework\src\Illuminate\View\View.php(160): Illuminate\View\View-&gt;renderContents()
#16 C:\laragon\www\CarRentSystem\vendor\filament\support\src\Components\ViewComponent.php(125): Illuminate\View\View-&gt;render()
#17 C:\laragon\www\CarRentSystem\vendor\filament\schemas\src\Components\Component.php(221): Filament\Support\Components\ViewComponent-&gt;toHtml()
#18 C:\laragon\www\CarRentSystem\vendor\filament\schemas\src\Schema.php(205): Filament\Schemas\Components\Component-&gt;toSchemaHtml(true)
#19 C:\laragon\www\CarRentSystem\vendor\filament\support\src\Components\ViewComponent.php(122): Filament\Schemas\Schema-&gt;toEmbeddedHtml()
#20 C:\laragon\www\CarRentSystem\vendor\laravel\framework\src\Illuminate\Support\helpers.php(130): Filament\Support\Components\ViewComponent-&gt;toHtml()
#21 C:\laragon\www\CarRentSystem\storage\framework\views\440b755faea75388110fdd3acae41dc5.php(11): e(Object(Filament\Schemas\Schema))
#22 C:\laragon\www\CarRentSystem\vendor\livewire\livewire\src\Mechanisms\ExtendBlade\ExtendedCompilerEngine.php(37): include('C:\\laragon\\www\\...')
#23 C:\laragon\www\CarRentSystem\vendor\livewire\livewire\src\Mechanisms\ExtendBlade\ExtendedCompilerEngine.php(38): App\Filament\Resources\ActivityLogResource\Pages\ListActivityLogs-&gt;{closure:Livewire\Mechanisms\ExtendBlade\ExtendedCompilerEngine::evaluatePath():35}()
#24 C:\laragon\www\CarRentSystem\vendor\laravel\framework\src\Illuminate\View\Engines\CompilerEngine.php(76): Livewire\Mechanisms\ExtendBlade\ExtendedCompilerEngine-&gt;evaluatePath('C:\\laragon\\www\\...', Array)
#25 C:\laragon\www\CarRentSystem\vendor\livewire\livewire\src\Mechanisms\ExtendBlade\ExtendedCompilerEngine.php(16): Illuminate\View\Engines\CompilerEngine-&gt;get('C:\\laragon\\www\\...', Array)
#26 C:\laragon\www\CarRentSystem\vendor\laravel\framework\src\Illuminate\View\View.php(208): Livewire\Mechanisms\ExtendBlade\ExtendedCompilerEngine-&gt;get('C:\\laragon\\www\\...', Array)
#27 C:\laragon\www\CarRentSystem\vendor\laravel\framework\src\Illuminate\View\View.php(191): Illuminate\View\View-&gt;getContents()
#28 C:\laragon\www\CarRentSystem\vendor\laravel\framework\src\Illuminate\View\View.php(160): Illuminate\View\View-&gt;renderContents()
#29 C:\laragon\www\CarRentSystem\vendor\livewire\livewire\src\Mechanisms\HandleComponents\HandleComponents.php(259): Illuminate\View\View-&gt;render(Object(Closure))
#30 C:\laragon\www\CarRentSystem\vendor\livewire\livewire\src\Mechanisms\HandleComponents\HandleComponents.php(303): Livewire\Mechanisms\HandleComponents\HandleComponents-&gt;{closure:Livewire\Mechanisms\HandleComponents\HandleComponents::render():251}()
#31 C:\laragon\www\CarRentSystem\vendor\livewire\livewire\src\Mechanisms\HandleComponents\HandleComponents.php(251): Livewire\Mechanisms\HandleComponents\HandleComponents-&gt;trackInRenderStack(Object(App\Filament\Resources\ActivityLogResource\Pages\ListActivityLogs), Object(Closure))
#32 C:\laragon\www\CarRentSystem\vendor\livewire\livewire\src\Mechanisms\HandleComponents\HandleComponents.php(54): Livewire\Mechanisms\HandleComponents\HandleComponents-&gt;render(Object(App\Filament\Resources\ActivityLogResource\Pages\ListActivityLogs), '&lt;div&gt;&lt;/div&gt;')
#33 C:\laragon\www\CarRentSystem\vendor\livewire\livewire\src\LivewireManager.php(73): Livewire\Mechanisms\HandleComponents\HandleComponents-&gt;mount('App\\Filament\\Re...', Array, NULL)
#34 C:\laragon\www\CarRentSystem\vendor\livewire\livewire\src\Features\SupportPageComponents\HandlesPageComponents.php(17): Livewire\LivewireManager-&gt;mount('App\\Filament\\Re...', Array)
#35 C:\laragon\www\CarRentSystem\vendor\livewire\livewire\src\Features\SupportPageComponents\SupportPageComponents.php(117): Livewire\Component-&gt;{closure:Livewire\Features\SupportPageComponents\HandlesPageComponents::__invoke():14}()
#36 C:\laragon\www\CarRentSystem\vendor\livewire\livewire\src\Features\SupportPageComponents\HandlesPageComponents.php(14): Livewire\Features\SupportPageComponents\SupportPageComponents::interceptTheRenderOfTheComponentAndRetreiveTheLayoutConfiguration(Object(Closure))
#37 C:\laragon\www\CarRentSystem\vendor\laravel\framework\src\Illuminate\Routing\ControllerDispatcher.php(46): Livewire\Component-&gt;__invoke()
#38 C:\laragon\www\CarRentSystem\vendor\laravel\framework\src\Illuminate\Routing\Route.php(265): Illuminate\Routing\ControllerDispatcher-&gt;dispatch(Object(Illuminate\Routing\Route), Object(App\Filament\Resources\ActivityLogResource\Pages\ListActivityLogs), '__invoke')
#39 C:\laragon\www\CarRentSystem\vendor\laravel\framework\src\Illuminate\Routing\Route.php(211): Illuminate\Routing\Route-&gt;runController()
#40 C:\laragon\www\CarRentSystem\vendor\laravel\framework\src\Illuminate\Routing\Router.php(822): Illuminate\Routing\Route-&gt;run()
#41 C:\laragon\www\CarRentSystem\vendor\laravel\framework\src\Illuminate\Pipeline\Pipeline.php(180): Illuminate\Routing\Router-&gt;{closure:Illuminate\Routing\Router::runRouteWithinStack():821}(Object(Illuminate\Http\Request))
#42 C:\laragon\www\CarRentSystem\vendor\filament\filament\src\Http\Middleware\DispatchServingFilamentEvent.php(15): Illuminate\Pipeline\Pipeline-&gt;{closure:Illuminate\Pipeline\Pipeline::prepareDestination():178}(Object(Illuminate\Http\Request))
#43 C:\laragon\www\CarRentSystem\vendor\laravel\framework\src\Illuminate\Pipeline\Pipeline.php(219): Filament\Http\Middleware\DispatchServingFilamentEvent-&gt;handle(Object(Illuminate\Http\Request), Object(Closure))
#44 C:\laragon\www\CarRentSystem\vendor\filament\filament\src\Http\Middleware\DisableBladeIconComponents.php(14): Illuminate\Pipeline\Pipeline-&gt;{closure:{closure:Illuminate\Pipeline\Pipeline::carry():194}:195}(Object(Illuminate\Http\Request))
#45 C:\laragon\www\CarRentSystem\vendor\laravel\framework\src\Illuminate\Pipeline\Pipeline.php(219): Filament\Http\Middleware\DisableBladeIconComponents-&gt;handle(Object(Illuminate\Http\Request), Object(Closure))
#46 C:\laragon\www\CarRentSystem\app\Http\Middleware\LocalizationMiddleware.php(41): Illuminate\Pipeline\Pipeline-&gt;{closure:{closure:Illuminate\Pipeline\Pipeline::carry():194}:195}(Object(Illuminate\Http\Request))
#47 C:\laragon\www\CarRentSystem\vendor\laravel\framework\src\Illuminate\Pipeline\Pipeline.php(219): App\Http\Middleware\LocalizationMiddleware-&gt;handle(Object(Illuminate\Http\Request), Object(Closure))
#48 C:\laragon\www\CarRentSystem\vendor\laravel\framework\src\Illuminate\Routing\Middleware\SubstituteBindings.php(50): Illuminate\Pipeline\Pipeline-&gt;{closure:{closure:Illuminate\Pipeline\Pipeline::carry():194}:195}(Object(Illuminate\Http\Request))
#49 C:\laragon\www\CarRentSystem\vendor\laravel\framework\src\Illuminate\Pipeline\Pipeline.php(219): Illuminate\Routing\Middleware\SubstituteBindings-&gt;handle(Object(Illuminate\Http\Request), Object(Closure))
#50 C:\laragon\www\CarRentSystem\vendor\laravel\framework\src\Illuminate\Auth\Middleware\Authenticate.php(63): Illuminate\Pipeline\Pipeline-&gt;{closure:{closure:Illuminate\Pipeline\Pipeline::carry():194}:195}(Object(Illuminate\Http\Request))
#51 C:\laragon\www\CarRentSystem\vendor\laravel\framework\src\Illuminate\Pipeline\Pipeline.php(219): Illuminate\Auth\Middleware\Authenticate-&gt;handle(Object(Illuminate\Http\Request), Object(Closure))
#52 C:\laragon\www\CarRentSystem\vendor\laravel\framework\src\Illuminate\View\Middleware\ShareErrorsFromSession.php(48): Illuminate\Pipeline\Pipeline-&gt;{closure:{closure:Illuminate\Pipeline\Pipeline::carry():194}:195}(Object(Illuminate\Http\Request))
#53 C:\laragon\www\CarRentSystem\vendor\laravel\framework\src\Illuminate\Pipeline\Pipeline.php(219): Illuminate\View\Middleware\ShareErrorsFromSession-&gt;handle(Object(Illuminate\Http\Request), Object(Closure))
#54 C:\laragon\www\CarRentSystem\vendor\laravel\framework\src\Illuminate\Session\Middleware\StartSession.php(120): Illuminate\Pipeline\Pipeline-&gt;{closure:{closure:Illuminate\Pipeline\Pipeline::carry():194}:195}(Object(Illuminate\Http\Request))
#55 C:\laragon\www\CarRentSystem\vendor\laravel\framework\src\Illuminate\Session\Middleware\StartSession.php(63): Illuminate\Session\Middleware\StartSession-&gt;handleStatefulRequest(Object(Illuminate\Http\Request), Object(Illuminate\Session\Store), Object(Closure))
#56 C:\laragon\www\CarRentSystem\vendor\laravel\framework\src\Illuminate\Pipeline\Pipeline.php(219): Illuminate\Session\Middleware\StartSession-&gt;handle(Object(Illuminate\Http\Request), Object(Closure))
#57 C:\laragon\www\CarRentSystem\vendor\laravel\framework\src\Illuminate\Cookie\Middleware\AddQueuedCookiesToResponse.php(36): Illuminate\Pipeline\Pipeline-&gt;{closure:{closure:Illuminate\Pipeline\Pipeline::carry():194}:195}(Object(Illuminate\Http\Request))
#58 C:\laragon\www\CarRentSystem\vendor\laravel\framework\src\Illuminate\Pipeline\Pipeline.php(219): Illuminate\Cookie\Middleware\AddQueuedCookiesToResponse-&gt;handle(Object(Illuminate\Http\Request), Object(Closure))
#59 C:\laragon\www\CarRentSystem\vendor\laravel\framework\src\Illuminate\Cookie\Middleware\EncryptCookies.php(74): Illuminate\Pipeline\Pipeline-&gt;{closure:{closure:Illuminate\Pipeline\Pipeline::carry():194}:195}(Object(Illuminate\Http\Request))
#60 C:\laragon\www\CarRentSystem\vendor\laravel\framework\src\Illuminate\Pipeline\Pipeline.php(219): Illuminate\Cookie\Middleware\EncryptCookies-&gt;handle(Object(Illuminate\Http\Request), Object(Closure))
#61 C:\laragon\www\CarRentSystem\vendor\filament\filament\src\Http\Middleware\SetUpPanel.php(19): Illuminate\Pipeline\Pipeline-&gt;{closure:{closure:Illuminate\Pipeline\Pipeline::carry():194}:195}(Object(Illuminate\Http\Request))
#62 C:\laragon\www\CarRentSystem\vendor\laravel\framework\src\Illuminate\Pipeline\Pipeline.php(219): Filament\Http\Middleware\SetUpPanel-&gt;handle(Object(Illuminate\Http\Request), Object(Closure), Object(Filament\Panel))
#63 C:\laragon\www\CarRentSystem\vendor\laravel\framework\src\Illuminate\Pipeline\Pipeline.php(137): Illuminate\Pipeline\Pipeline-&gt;{closure:{closure:Illuminate\Pipeline\Pipeline::carry():194}:195}(Object(Illuminate\Http\Request))
#64 C:\laragon\www\CarRentSystem\vendor\laravel\framework\src\Illuminate\Routing\Router.php(821): Illuminate\Pipeline\Pipeline-&gt;then(Object(Closure))
#65 C:\laragon\www\CarRentSystem\vendor\laravel\framework\src\Illuminate\Routing\Router.php(800): Illuminate\Routing\Router-&gt;runRouteWithinStack(Object(Illuminate\Routing\Route), Object(Illuminate\Http\Request))
#66 C:\laragon\www\CarRentSystem\vendor\laravel\framework\src\Illuminate\Routing\Router.php(764): Illuminate\Routing\Router-&gt;runRoute(Object(Illuminate\Http\Request), Object(Illuminate\Routing\Route))
#67 C:\laragon\www\CarRentSystem\vendor\laravel\framework\src\Illuminate\Routing\Router.php(753): Illuminate\Routing\Router-&gt;dispatchToRoute(Object(Illuminate\Http\Request))
#68 C:\laragon\www\CarRentSystem\vendor\laravel\framework\src\Illuminate\Foundation\Http\Kernel.php(200): Illuminate\Routing\Router-&gt;dispatch(Object(Illuminate\Http\Request))
#69 C:\laragon\www\CarRentSystem\vendor\laravel\framework\src\Illuminate\Pipeline\Pipeline.php(180): Illuminate\Foundation\Http\Kernel-&gt;{closure:Illuminate\Foundation\Http\Kernel::dispatchToRouter():197}(Object(Illuminate\Http\Request))
#70 C:\laragon\www\CarRentSystem\vendor\livewire\livewire\src\Features\SupportDisablingBackButtonCache\DisableBackButtonCacheMiddleware.php(19): Illuminate\Pipeline\Pipeline-&gt;{closure:Illuminate\Pipeline\Pipeline::prepareDestination():178}(Object(Illuminate\Http\Request))
#71 C:\laragon\www\CarRentSystem\vendor\laravel\framework\src\Illuminate\Pipeline\Pipeline.php(219): Livewire\Features\SupportDisablingBackButtonCache\DisableBackButtonCacheMiddleware-&gt;handle(Object(Illuminate\Http\Request), Object(Closure))
#72 C:\laragon\www\CarRentSystem\vendor\laravel\framework\src\Illuminate\Foundation\Http\Middleware\TransformsRequest.php(21): Illuminate\Pipeline\Pipeline-&gt;{closure:{closure:Illuminate\Pipeline\Pipeline::carry():194}:195}(Object(Illuminate\Http\Request))
#73 C:\laragon\www\CarRentSystem\vendor\laravel\framework\src\Illuminate\Foundation\Http\Middleware\ConvertEmptyStringsToNull.php(31): Illuminate\Foundation\Http\Middleware\TransformsRequest-&gt;handle(Object(Illuminate\Http\Request), Object(Closure))
#74 C:\laragon\www\CarRentSystem\vendor\laravel\framework\src\Illuminate\Pipeline\Pipeline.php(219): Illuminate\Foundation\Http\Middleware\ConvertEmptyStringsToNull-&gt;handle(Object(Illuminate\Http\Request), Object(Closure))
#75 C:\laragon\www\CarRentSystem\vendor\laravel\framework\src\Illuminate\Foundation\Http\Middleware\TransformsRequest.php(21): Illuminate\Pipeline\Pipeline-&gt;{closure:{closure:Illuminate\Pipeline\Pipeline::carry():194}:195}(Object(Illuminate\Http\Request))
#76 C:\laragon\www\CarRentSystem\vendor\laravel\framework\src\Illuminate\Foundation\Http\Middleware\TrimStrings.php(51): Illuminate\Foundation\Http\Middleware\TransformsRequest-&gt;handle(Object(Illuminate\Http\Request), Object(Closure))
#77 C:\laragon\www\CarRentSystem\vendor\laravel\framework\src\Illuminate\Pipeline\Pipeline.php(219): Illuminate\Foundation\Http\Middleware\TrimStrings-&gt;handle(Object(Illuminate\Http\Request), Object(Closure))
#78 C:\laragon\www\CarRentSystem\vendor\laravel\framework\src\Illuminate\Http\Middleware\ValidatePostSize.php(27): Illuminate\Pipeline\Pipeline-&gt;{closure:{closure:Illuminate\Pipeline\Pipeline::carry():194}:195}(Object(Illuminate\Http\Request))
#79 C:\laragon\www\CarRentSystem\vendor\laravel\framework\src\Illuminate\Pipeline\Pipeline.php(219): Illuminate\Http\Middleware\ValidatePostSize-&gt;handle(Object(Illuminate\Http\Request), Object(Closure))
#80 C:\laragon\www\CarRentSystem\vendor\laravel\framework\src\Illuminate\Foundation\Http\Middleware\PreventRequestsDuringMaintenance.php(109): Illuminate\Pipeline\Pipeline-&gt;{closure:{closure:Illuminate\Pipeline\Pipeline::carry():194}:195}(Object(Illuminate\Http\Request))
#81 C:\laragon\www\CarRentSystem\vendor\laravel\framework\src\Illuminate\Pipeline\Pipeline.php(219): Illuminate\Foundation\Http\Middleware\PreventRequestsDuringMaintenance-&gt;handle(Object(Illuminate\Http\Request), Object(Closure))
#82 C:\laragon\www\CarRentSystem\vendor\laravel\framework\src\Illuminate\Http\Middleware\HandleCors.php(61): Illuminate\Pipeline\Pipeline-&gt;{closure:{closure:Illuminate\Pipeline\Pipeline::carry():194}:195}(Object(Illuminate\Http\Request))
#83 C:\laragon\www\CarRentSystem\vendor\laravel\framework\src\Illuminate\Pipeline\Pipeline.php(219): Illuminate\Http\Middleware\HandleCors-&gt;handle(Object(Illuminate\Http\Request), Object(Closure))
#84 C:\laragon\www\CarRentSystem\vendor\laravel\framework\src\Illuminate\Http\Middleware\TrustProxies.php(58): Illuminate\Pipeline\Pipeline-&gt;{closure:{closure:Illuminate\Pipeline\Pipeline::carry():194}:195}(Object(Illuminate\Http\Request))
#85 C:\laragon\www\CarRentSystem\vendor\laravel\framework\src\Illuminate\Pipeline\Pipeline.php(219): Illuminate\Http\Middleware\TrustProxies-&gt;handle(Object(Illuminate\Http\Request), Object(Closure))
#86 C:\laragon\www\CarRentSystem\vendor\laravel\framework\src\Illuminate\Foundation\Http\Middleware\InvokeDeferredCallbacks.php(22): Illuminate\Pipeline\Pipeline-&gt;{closure:{closure:Illuminate\Pipeline\Pipeline::carry():194}:195}(Object(Illuminate\Http\Request))
#87 C:\laragon\www\CarRentSystem\vendor\laravel\framework\src\Illuminate\Pipeline\Pipeline.php(219): Illuminate\Foundation\Http\Middleware\InvokeDeferredCallbacks-&gt;handle(Object(Illuminate\Http\Request), Object(Closure))
#88 C:\laragon\www\CarRentSystem\vendor\laravel\framework\src\Illuminate\Http\Middleware\ValidatePathEncoding.php(26): Illuminate\Pipeline\Pipeline-&gt;{closure:{closure:Illuminate\Pipeline\Pipeline::carry():194}:195}(Object(Illuminate\Http\Request))
#89 C:\laragon\www\CarRentSystem\vendor\laravel\framework\src\Illuminate\Pipeline\Pipeline.php(219): Illuminate\Http\Middleware\ValidatePathEncoding-&gt;handle(Object(Illuminate\Http\Request), Object(Closure))
#90 C:\laragon\www\CarRentSystem\vendor\laravel\framework\src\Illuminate\Pipeline\Pipeline.php(137): Illuminate\Pipeline\Pipeline-&gt;{closure:{closure:Illuminate\Pipeline\Pipeline::carry():194}:195}(Object(Illuminate\Http\Request))
#91 C:\laragon\www\CarRentSystem\vendor\laravel\framework\src\Illuminate\Foundation\Http\Kernel.php(175): Illuminate\Pipeline\Pipeline-&gt;then(Object(Closure))
#92 C:\laragon\www\CarRentSystem\vendor\laravel\framework\src\Illuminate\Foundation\Http\Kernel.php(144): Illuminate\Foundation\Http\Kernel-&gt;sendRequestThroughRouter(Object(Illuminate\Http\Request))
#93 C:\laragon\www\CarRentSystem\vendor\laravel\framework\src\Illuminate\Foundation\Testing\Concerns\MakesHttpRequests.php(607): Illuminate\Foundation\Http\Kernel-&gt;handle(Object(Illuminate\Http\Request))
#94 C:\laragon\www\CarRentSystem\vendor\laravel\framework\src\Illuminate\Foundation\Testing\Concerns\MakesHttpRequests.php(368): Illuminate\Foundation\Testing\TestCase-&gt;call('GET', '/admin/activity...', Array, Array, Array, Array)
#95 C:\laragon\www\CarRentSystem\tests\Feature\ActivityLogManagementTest.php(38): Illuminate\Foundation\Testing\TestCase-&gt;get('/admin/activity...')
#96 C:\laragon\www\CarRentSystem\vendor\pestphp\pest\src\Factories\TestCaseMethodFactory.php(168): P\Tests\Feature\ActivityLogManagementTest-&gt;{closure:{closure:{closure:C:\laragon\www\CarRentSystem\tests\Feature\ActivityLogManagementTest.php:13}:20}:36}()
#97 [internal function]: P\Tests\Feature\ActivityLogManagementTest-&gt;{closure:Pest\Factories\TestCaseMethodFactory::getClosure():158}()
#98 C:\laragon\www\CarRentSystem\vendor\pestphp\pest\src\Concerns\Testable.php(429): call_user_func_array(Object(Closure), Array)
#99 C:\laragon\www\CarRentSystem\vendor\pestphp\pest\src\Support\ExceptionTrace.php(26): P\Tests\Feature\ActivityLogManagementTest-&gt;{closure:Pest\Concerns\Testable::__callClosure():429}()
#100 C:\laragon\www\CarRentSystem\vendor\pestphp\pest\src\Concerns\Testable.php(429): Pest\Support\ExceptionTrace::ensure(Object(Closure))
#101 C:\laragon\www\CarRentSystem\vendor\pestphp\pest\src\Concerns\Testable.php(331): P\Tests\Feature\ActivityLogManagementTest-&gt;__callClosure(Object(Closure), Array)
#102 C:\laragon\www\CarRentSystem\vendor\pestphp\pest\src\Factories\TestCaseFactory.php(169) : eval()'d code(35): P\Tests\Feature\ActivityLogManagementTest-&gt;__runTest(Object(Closure))
#103 C:\laragon\www\CarRentSystem\vendor\phpunit\phpunit\src\Framework\TestCase.php(1316): P\Tests\Feature\ActivityLogManagementTest-&gt;__pest_evaluable__Activity_Log_Management__→__Activity_Log_Listing__→_it_restricts_renter_access_to_activity_logs()
#104 C:\laragon\www\CarRentSystem\vendor\phpunit\phpunit\src\Framework\TestCase.php(516): PHPUnit\Framework\TestCase-&gt;runTest()
#105 C:\laragon\www\CarRentSystem\vendor\phpunit\phpunit\src\Framework\TestRunner\TestRunner.php(99): PHPUnit\Framework\TestCase-&gt;runBare()
#106 C:\laragon\www\CarRentSystem\vendor\phpunit\phpunit\src\Framework\TestCase.php(357): PHPUnit\Framework\TestRunner-&gt;run(Object(P\Tests\Feature\ActivityLogManagementTest))
#107 C:\laragon\www\CarRentSystem\vendor\phpunit\phpunit\src\Framework\TestSuite.php(374): PHPUnit\Framework\TestCase-&gt;run()
#108 C:\laragon\www\CarRentSystem\vendor\phpunit\phpunit\src\Framework\TestSuite.php(374): PHPUnit\Framework\TestSuite-&gt;run()
#109 C:\laragon\www\CarRentSystem\vendor\phpunit\phpunit\src\Framework\TestSuite.php(374): PHPUnit\Framework\TestSuite-&gt;run()
#110 C:\laragon\www\CarRentSystem\vendor\phpunit\phpunit\src\TextUI\TestRunner.php(64): PHPUnit\Framework\TestSuite-&gt;run()
#111 C:\laragon\www\CarRentSystem\vendor\phpunit\phpunit\src\TextUI\Application.php(229): PHPUnit\TextUI\TestRunner-&gt;run(Object(PHPUnit\TextUI\Configuration\Configuration), Object(PHPUnit\Runner\ResultCache\DefaultResultCache), Object(PHPUnit\Framework\TestSuite))
#112 C:\laragon\www\CarRentSystem\vendor\pestphp\pest\src\Kernel.php(103): PHPUnit\TextUI\Application-&gt;run(Array)
#113 C:\laragon\www\CarRentSystem\vendor\pestphp\pest\bin\pest(184): Pest\Kernel-&gt;handle(Array, Array)
#114 C:\laragon\www\CarRentSystem\vendor\pestphp\pest\bin\pest(192): {closure:C:\laragon\www\CarRentSystem\vendor\pestphp\pest\bin\pest:18}()
#115 C:\laragon\www\CarRentSystem\vendor\bin\pest(119): include('C:\\laragon\\www\\...')
#116 {main}

Next Illuminate\View\ViewException: SQLSTATE[HY000]: General error: 1 no such column: activity_log.name (Connection: sqlite, SQL: select "activity_log"."name", "" from "activity_log" order by "activity_log"."name" asc limit 50) (View: C:\laragon\www\CarRentSystem\vendor\filament\forms\resources\views\components\select.blade.php) (View: C:\laragon\www\CarRentSystem\vendor\filament\forms\resources\views\components\select.blade.php) (View: C:\laragon\www\CarRentSystem\vendor\filament\forms\resources\views\components\select.blade.php) (View: C:\laragon\www\CarRentSystem\vendor\filament\forms\resources\views\components\select.blade.php) in C:\laragon\www\CarRentSystem\vendor\laravel\framework\src\Illuminate\Database\Connection.php:824
Stack trace:
#0 C:\laragon\www\CarRentSystem\vendor\livewire\livewire\src\Mechanisms\ExtendBlade\ExtendedCompilerEngine.php(58): Illuminate\View\Engines\CompilerEngine-&gt;handleViewException(Object(Illuminate\View\ViewException), 6)
#1 C:\laragon\www\CarRentSystem\vendor\livewire\livewire\src\Mechanisms\ExtendBlade\ExtendedCompilerEngine.php(40): Livewire\Mechanisms\ExtendBlade\ExtendedCompilerEngine-&gt;handleViewException(Object(Illuminate\View\ViewException), 6)
#2 C:\laragon\www\CarRentSystem\vendor\laravel\framework\src\Illuminate\View\Engines\CompilerEngine.php(76): Livewire\Mechanisms\ExtendBlade\ExtendedCompilerEngine-&gt;evaluatePath('C:\\laragon\\www\\...', Array)
#3 C:\laragon\www\CarRentSystem\vendor\livewire\livewire\src\Mechanisms\ExtendBlade\ExtendedCompilerEngine.php(16): Illuminate\View\Engines\CompilerEngine-&gt;get('C:\\laragon\\www\\...', Array)
#4 C:\laragon\www\CarRentSystem\vendor\laravel\framework\src\Illuminate\View\View.php(208): Livewire\Mechanisms\ExtendBlade\ExtendedCompilerEngine-&gt;get('C:\\laragon\\www\\...', Array)
#5 C:\laragon\www\CarRentSystem\vendor\laravel\framework\src\Illuminate\View\View.php(191): Illuminate\View\View-&gt;getContents()
#6 C:\laragon\www\CarRentSystem\vendor\laravel\framework\src\Illuminate\View\View.php(160): Illuminate\View\View-&gt;renderContents()
#7 C:\laragon\www\CarRentSystem\vendor\filament\support\src\Components\ViewComponent.php(125): Illuminate\View\View-&gt;render()
#8 C:\laragon\www\CarRentSystem\vendor\filament\schemas\src\Components\Component.php(221): Filament\Support\Components\ViewComponent-&gt;toHtml()
#9 C:\laragon\www\CarRentSystem\vendor\filament\schemas\src\Schema.php(205): Filament\Schemas\Components\Component-&gt;toSchemaHtml(true)
#10 C:\laragon\www\CarRentSystem\vendor\filament\support\src\Components\ViewComponent.php(122): Filament\Schemas\Schema-&gt;toEmbeddedHtml()
#11 C:\laragon\www\CarRentSystem\vendor\laravel\framework\src\Illuminate\Support\helpers.php(130): Filament\Support\Components\ViewComponent-&gt;toHtml()
#12 C:\laragon\www\CarRentSystem\storage\framework\views\440b755faea75388110fdd3acae41dc5.php(11): e(Object(Filament\Schemas\Schema))
#13 C:\laragon\www\CarRentSystem\vendor\livewire\livewire\src\Mechanisms\ExtendBlade\ExtendedCompilerEngine.php(37): include('C:\\laragon\\www\\...')
#14 C:\laragon\www\CarRentSystem\vendor\livewire\livewire\src\Mechanisms\ExtendBlade\ExtendedCompilerEngine.php(38): App\Filament\Resources\ActivityLogResource\Pages\ListActivityLogs-&gt;{closure:Livewire\Mechanisms\ExtendBlade\ExtendedCompilerEngine::evaluatePath():35}()
#15 C:\laragon\www\CarRentSystem\vendor\laravel\framework\src\Illuminate\View\Engines\CompilerEngine.php(76): Livewire\Mechanisms\ExtendBlade\ExtendedCompilerEngine-&gt;evaluatePath('C:\\laragon\\www\\...', Array)
#16 C:\laragon\www\CarRentSystem\vendor\livewire\livewire\src\Mechanisms\ExtendBlade\ExtendedCompilerEngine.php(16): Illuminate\View\Engines\CompilerEngine-&gt;get('C:\\laragon\\www\\...', Array)
#17 C:\laragon\www\CarRentSystem\vendor\laravel\framework\src\Illuminate\View\View.php(208): Livewire\Mechanisms\ExtendBlade\ExtendedCompilerEngine-&gt;get('C:\\laragon\\www\\...', Array)
#18 C:\laragon\www\CarRentSystem\vendor\laravel\framework\src\Illuminate\View\View.php(191): Illuminate\View\View-&gt;getContents()
#19 C:\laragon\www\CarRentSystem\vendor\laravel\framework\src\Illuminate\View\View.php(160): Illuminate\View\View-&gt;renderContents()
#20 C:\laragon\www\CarRentSystem\vendor\livewire\livewire\src\Mechanisms\HandleComponents\HandleComponents.php(259): Illuminate\View\View-&gt;render(Object(Closure))
#21 C:\laragon\www\CarRentSystem\vendor\livewire\livewire\src\Mechanisms\HandleComponents\HandleComponents.php(303): Livewire\Mechanisms\HandleComponents\HandleComponents-&gt;{closure:Livewire\Mechanisms\HandleComponents\HandleComponents::render():251}()
#22 C:\laragon\www\CarRentSystem\vendor\livewire\livewire\src\Mechanisms\HandleComponents\HandleComponents.php(251): Livewire\Mechanisms\HandleComponents\HandleComponents-&gt;trackInRenderStack(Object(App\Filament\Resources\ActivityLogResource\Pages\ListActivityLogs), Object(Closure))
#23 C:\laragon\www\CarRentSystem\vendor\livewire\livewire\src\Mechanisms\HandleComponents\HandleComponents.php(54): Livewire\Mechanisms\HandleComponents\HandleComponents-&gt;render(Object(App\Filament\Resources\ActivityLogResource\Pages\ListActivityLogs), '&lt;div&gt;&lt;/div&gt;')
#24 C:\laragon\www\CarRentSystem\vendor\livewire\livewire\src\LivewireManager.php(73): Livewire\Mechanisms\HandleComponents\HandleComponents-&gt;mount('App\\Filament\\Re...', Array, NULL)
#25 C:\laragon\www\CarRentSystem\vendor\livewire\livewire\src\Features\SupportPageComponents\HandlesPageComponents.php(17): Livewire\LivewireManager-&gt;mount('App\\Filament\\Re...', Array)
#26 C:\laragon\www\CarRentSystem\vendor\livewire\livewire\src\Features\SupportPageComponents\SupportPageComponents.php(117): Livewire\Component-&gt;{closure:Livewire\Features\SupportPageComponents\HandlesPageComponents::__invoke():14}()
#27 C:\laragon\www\CarRentSystem\vendor\livewire\livewire\src\Features\SupportPageComponents\HandlesPageComponents.php(14): Livewire\Features\SupportPageComponents\SupportPageComponents::interceptTheRenderOfTheComponentAndRetreiveTheLayoutConfiguration(Object(Closure))
#28 C:\laragon\www\CarRentSystem\vendor\laravel\framework\src\Illuminate\Routing\ControllerDispatcher.php(46): Livewire\Component-&gt;__invoke()
#29 C:\laragon\www\CarRentSystem\vendor\laravel\framework\src\Illuminate\Routing\Route.php(265): Illuminate\Routing\ControllerDispatcher-&gt;dispatch(Object(Illuminate\Routing\Route), Object(App\Filament\Resources\ActivityLogResource\Pages\ListActivityLogs), '__invoke')
#30 C:\laragon\www\CarRentSystem\vendor\laravel\framework\src\Illuminate\Routing\Route.php(211): Illuminate\Routing\Route-&gt;runController()
#31 C:\laragon\www\CarRentSystem\vendor\laravel\framework\src\Illuminate\Routing\Router.php(822): Illuminate\Routing\Route-&gt;run()
#32 C:\laragon\www\CarRentSystem\vendor\laravel\framework\src\Illuminate\Pipeline\Pipeline.php(180): Illuminate\Routing\Router-&gt;{closure:Illuminate\Routing\Router::runRouteWithinStack():821}(Object(Illuminate\Http\Request))
#33 C:\laragon\www\CarRentSystem\vendor\filament\filament\src\Http\Middleware\DispatchServingFilamentEvent.php(15): Illuminate\Pipeline\Pipeline-&gt;{closure:Illuminate\Pipeline\Pipeline::prepareDestination():178}(Object(Illuminate\Http\Request))
#34 C:\laragon\www\CarRentSystem\vendor\laravel\framework\src\Illuminate\Pipeline\Pipeline.php(219): Filament\Http\Middleware\DispatchServingFilamentEvent-&gt;handle(Object(Illuminate\Http\Request), Object(Closure))
#35 C:\laragon\www\CarRentSystem\vendor\filament\filament\src\Http\Middleware\DisableBladeIconComponents.php(14): Illuminate\Pipeline\Pipeline-&gt;{closure:{closure:Illuminate\Pipeline\Pipeline::carry():194}:195}(Object(Illuminate\Http\Request))
#36 C:\laragon\www\CarRentSystem\vendor\laravel\framework\src\Illuminate\Pipeline\Pipeline.php(219): Filament\Http\Middleware\DisableBladeIconComponents-&gt;handle(Object(Illuminate\Http\Request), Object(Closure))
#37 C:\laragon\www\CarRentSystem\app\Http\Middleware\LocalizationMiddleware.php(41): Illuminate\Pipeline\Pipeline-&gt;{closure:{closure:Illuminate\Pipeline\Pipeline::carry():194}:195}(Object(Illuminate\Http\Request))
#38 C:\laragon\www\CarRentSystem\vendor\laravel\framework\src\Illuminate\Pipeline\Pipeline.php(219): App\Http\Middleware\LocalizationMiddleware-&gt;handle(Object(Illuminate\Http\Request), Object(Closure))
#39 C:\laragon\www\CarRentSystem\vendor\laravel\framework\src\Illuminate\Routing\Middleware\SubstituteBindings.php(50): Illuminate\Pipeline\Pipeline-&gt;{closure:{closure:Illuminate\Pipeline\Pipeline::carry():194}:195}(Object(Illuminate\Http\Request))
#40 C:\laragon\www\CarRentSystem\vendor\laravel\framework\src\Illuminate\Pipeline\Pipeline.php(219): Illuminate\Routing\Middleware\SubstituteBindings-&gt;handle(Object(Illuminate\Http\Request), Object(Closure))
#41 C:\laragon\www\CarRentSystem\vendor\laravel\framework\src\Illuminate\Auth\Middleware\Authenticate.php(63): Illuminate\Pipeline\Pipeline-&gt;{closure:{closure:Illuminate\Pipeline\Pipeline::carry():194}:195}(Object(Illuminate\Http\Request))
#42 C:\laragon\www\CarRentSystem\vendor\laravel\framework\src\Illuminate\Pipeline\Pipeline.php(219): Illuminate\Auth\Middleware\Authenticate-&gt;handle(Object(Illuminate\Http\Request), Object(Closure))
#43 C:\laragon\www\CarRentSystem\vendor\laravel\framework\src\Illuminate\View\Middleware\ShareErrorsFromSession.php(48): Illuminate\Pipeline\Pipeline-&gt;{closure:{closure:Illuminate\Pipeline\Pipeline::carry():194}:195}(Object(Illuminate\Http\Request))
#44 C:\laragon\www\CarRentSystem\vendor\laravel\framework\src\Illuminate\Pipeline\Pipeline.php(219): Illuminate\View\Middleware\ShareErrorsFromSession-&gt;handle(Object(Illuminate\Http\Request), Object(Closure))
#45 C:\laragon\www\CarRentSystem\vendor\laravel\framework\src\Illuminate\Session\Middleware\StartSession.php(120): Illuminate\Pipeline\Pipeline-&gt;{closure:{closure:Illuminate\Pipeline\Pipeline::carry():194}:195}(Object(Illuminate\Http\Request))
#46 C:\laragon\www\CarRentSystem\vendor\laravel\framework\src\Illuminate\Session\Middleware\StartSession.php(63): Illuminate\Session\Middleware\StartSession-&gt;handleStatefulRequest(Object(Illuminate\Http\Request), Object(Illuminate\Session\Store), Object(Closure))
#47 C:\laragon\www\CarRentSystem\vendor\laravel\framework\src\Illuminate\Pipeline\Pipeline.php(219): Illuminate\Session\Middleware\StartSession-&gt;handle(Object(Illuminate\Http\Request), Object(Closure))
#48 C:\laragon\www\CarRentSystem\vendor\laravel\framework\src\Illuminate\Cookie\Middleware\AddQueuedCookiesToResponse.php(36): Illuminate\Pipeline\Pipeline-&gt;{closure:{closure:Illuminate\Pipeline\Pipeline::carry():194}:195}(Object(Illuminate\Http\Request))
#49 C:\laragon\www\CarRentSystem\vendor\laravel\framework\src\Illuminate\Pipeline\Pipeline.php(219): Illuminate\Cookie\Middleware\AddQueuedCookiesToResponse-&gt;handle(Object(Illuminate\Http\Request), Object(Closure))
#50 C:\laragon\www\CarRentSystem\vendor\laravel\framework\src\Illuminate\Cookie\Middleware\EncryptCookies.php(74): Illuminate\Pipeline\Pipeline-&gt;{closure:{closure:Illuminate\Pipeline\Pipeline::carry():194}:195}(Object(Illuminate\Http\Request))
#51 C:\laragon\www\CarRentSystem\vendor\laravel\framework\src\Illuminate\Pipeline\Pipeline.php(219): Illuminate\Cookie\Middleware\EncryptCookies-&gt;handle(Object(Illuminate\Http\Request), Object(Closure))
#52 C:\laragon\www\CarRentSystem\vendor\filament\filament\src\Http\Middleware\SetUpPanel.php(19): Illuminate\Pipeline\Pipeline-&gt;{closure:{closure:Illuminate\Pipeline\Pipeline::carry():194}:195}(Object(Illuminate\Http\Request))
#53 C:\laragon\www\CarRentSystem\vendor\laravel\framework\src\Illuminate\Pipeline\Pipeline.php(219): Filament\Http\Middleware\SetUpPanel-&gt;handle(Object(Illuminate\Http\Request), Object(Closure), Object(Filament\Panel))
#54 C:\laragon\www\CarRentSystem\vendor\laravel\framework\src\Illuminate\Pipeline\Pipeline.php(137): Illuminate\Pipeline\Pipeline-&gt;{closure:{closure:Illuminate\Pipeline\Pipeline::carry():194}:195}(Object(Illuminate\Http\Request))
#55 C:\laragon\www\CarRentSystem\vendor\laravel\framework\src\Illuminate\Routing\Router.php(821): Illuminate\Pipeline\Pipeline-&gt;then(Object(Closure))
#56 C:\laragon\www\CarRentSystem\vendor\laravel\framework\src\Illuminate\Routing\Router.php(800): Illuminate\Routing\Router-&gt;runRouteWithinStack(Object(Illuminate\Routing\Route), Object(Illuminate\Http\Request))
#57 C:\laragon\www\CarRentSystem\vendor\laravel\framework\src\Illuminate\Routing\Router.php(764): Illuminate\Routing\Router-&gt;runRoute(Object(Illuminate\Http\Request), Object(Illuminate\Routing\Route))
#58 C:\laragon\www\CarRentSystem\vendor\laravel\framework\src\Illuminate\Routing\Router.php(753): Illuminate\Routing\Router-&gt;dispatchToRoute(Object(Illuminate\Http\Request))
#59 C:\laragon\www\CarRentSystem\vendor\laravel\framework\src\Illuminate\Foundation\Http\Kernel.php(200): Illuminate\Routing\Router-&gt;dispatch(Object(Illuminate\Http\Request))
#60 C:\laragon\www\CarRentSystem\vendor\laravel\framework\src\Illuminate\Pipeline\Pipeline.php(180): Illuminate\Foundation\Http\Kernel-&gt;{closure:Illuminate\Foundation\Http\Kernel::dispatchToRouter():197}(Object(Illuminate\Http\Request))
#61 C:\laragon\www\CarRentSystem\vendor\livewire\livewire\src\Features\SupportDisablingBackButtonCache\DisableBackButtonCacheMiddleware.php(19): Illuminate\Pipeline\Pipeline-&gt;{closure:Illuminate\Pipeline\Pipeline::prepareDestination():178}(Object(Illuminate\Http\Request))
#62 C:\laragon\www\CarRentSystem\vendor\laravel\framework\src\Illuminate\Pipeline\Pipeline.php(219): Livewire\Features\SupportDisablingBackButtonCache\DisableBackButtonCacheMiddleware-&gt;handle(Object(Illuminate\Http\Request), Object(Closure))
#63 C:\laragon\www\CarRentSystem\vendor\laravel\framework\src\Illuminate\Foundation\Http\Middleware\TransformsRequest.php(21): Illuminate\Pipeline\Pipeline-&gt;{closure:{closure:Illuminate\Pipeline\Pipeline::carry():194}:195}(Object(Illuminate\Http\Request))
#64 C:\laragon\www\CarRentSystem\vendor\laravel\framework\src\Illuminate\Foundation\Http\Middleware\ConvertEmptyStringsToNull.php(31): Illuminate\Foundation\Http\Middleware\TransformsRequest-&gt;handle(Object(Illuminate\Http\Request), Object(Closure))
#65 C:\laragon\www\CarRentSystem\vendor\laravel\framework\src\Illuminate\Pipeline\Pipeline.php(219): Illuminate\Foundation\Http\Middleware\ConvertEmptyStringsToNull-&gt;handle(Object(Illuminate\Http\Request), Object(Closure))
#66 C:\laragon\www\CarRentSystem\vendor\laravel\framework\src\Illuminate\Foundation\Http\Middleware\TransformsRequest.php(21): Illuminate\Pipeline\Pipeline-&gt;{closure:{closure:Illuminate\Pipeline\Pipeline::carry():194}:195}(Object(Illuminate\Http\Request))
#67 C:\laragon\www\CarRentSystem\vendor\laravel\framework\src\Illuminate\Foundation\Http\Middleware\TrimStrings.php(51): Illuminate\Foundation\Http\Middleware\TransformsRequest-&gt;handle(Object(Illuminate\Http\Request), Object(Closure))
#68 C:\laragon\www\CarRentSystem\vendor\laravel\framework\src\Illuminate\Pipeline\Pipeline.php(219): Illuminate\Foundation\Http\Middleware\TrimStrings-&gt;handle(Object(Illuminate\Http\Request), Object(Closure))
#69 C:\laragon\www\CarRentSystem\vendor\laravel\framework\src\Illuminate\Http\Middleware\ValidatePostSize.php(27): Illuminate\Pipeline\Pipeline-&gt;{closure:{closure:Illuminate\Pipeline\Pipeline::carry():194}:195}(Object(Illuminate\Http\Request))
#70 C:\laragon\www\CarRentSystem\vendor\laravel\framework\src\Illuminate\Pipeline\Pipeline.php(219): Illuminate\Http\Middleware\ValidatePostSize-&gt;handle(Object(Illuminate\Http\Request), Object(Closure))
#71 C:\laragon\www\CarRentSystem\vendor\laravel\framework\src\Illuminate\Foundation\Http\Middleware\PreventRequestsDuringMaintenance.php(109): Illuminate\Pipeline\Pipeline-&gt;{closure:{closure:Illuminate\Pipeline\Pipeline::carry():194}:195}(Object(Illuminate\Http\Request))
#72 C:\laragon\www\CarRentSystem\vendor\laravel\framework\src\Illuminate\Pipeline\Pipeline.php(219): Illuminate\Foundation\Http\Middleware\PreventRequestsDuringMaintenance-&gt;handle(Object(Illuminate\Http\Request), Object(Closure))
#73 C:\laragon\www\CarRentSystem\vendor\laravel\framework\src\Illuminate\Http\Middleware\HandleCors.php(61): Illuminate\Pipeline\Pipeline-&gt;{closure:{closure:Illuminate\Pipeline\Pipeline::carry():194}:195}(Object(Illuminate\Http\Request))
#74 C:\laragon\www\CarRentSystem\vendor\laravel\framework\src\Illuminate\Pipeline\Pipeline.php(219): Illuminate\Http\Middleware\HandleCors-&gt;handle(Object(Illuminate\Http\Request), Object(Closure))
#75 C:\laragon\www\CarRentSystem\vendor\laravel\framework\src\Illuminate\Http\Middleware\TrustProxies.php(58): Illuminate\Pipeline\Pipeline-&gt;{closure:{closure:Illuminate\Pipeline\Pipeline::carry():194}:195}(Object(Illuminate\Http\Request))
#76 C:\laragon\www\CarRentSystem\vendor\laravel\framework\src\Illuminate\Pipeline\Pipeline.php(219): Illuminate\Http\Middleware\TrustProxies-&gt;handle(Object(Illuminate\Http\Request), Object(Closure))
#77 C:\laragon\www\CarRentSystem\vendor\laravel\framework\src\Illuminate\Foundation\Http\Middleware\InvokeDeferredCallbacks.php(22): Illuminate\Pipeline\Pipeline-&gt;{closure:{closure:Illuminate\Pipeline\Pipeline::carry():194}:195}(Object(Illuminate\Http\Request))
#78 C:\laragon\www\CarRentSystem\vendor\laravel\framework\src\Illuminate\Pipeline\Pipeline.php(219): Illuminate\Foundation\Http\Middleware\InvokeDeferredCallbacks-&gt;handle(Object(Illuminate\Http\Request), Object(Closure))
#79 C:\laragon\www\CarRentSystem\vendor\laravel\framework\src\Illuminate\Http\Middleware\ValidatePathEncoding.php(26): Illuminate\Pipeline\Pipeline-&gt;{closure:{closure:Illuminate\Pipeline\Pipeline::carry():194}:195}(Object(Illuminate\Http\Request))
#80 C:\laragon\www\CarRentSystem\vendor\laravel\framework\src\Illuminate\Pipeline\Pipeline.php(219): Illuminate\Http\Middleware\ValidatePathEncoding-&gt;handle(Object(Illuminate\Http\Request), Object(Closure))
#81 C:\laragon\www\CarRentSystem\vendor\laravel\framework\src\Illuminate\Pipeline\Pipeline.php(137): Illuminate\Pipeline\Pipeline-&gt;{closure:{closure:Illuminate\Pipeline\Pipeline::carry():194}:195}(Object(Illuminate\Http\Request))
#82 C:\laragon\www\CarRentSystem\vendor\laravel\framework\src\Illuminate\Foundation\Http\Kernel.php(175): Illuminate\Pipeline\Pipeline-&gt;then(Object(Closure))
#83 C:\laragon\www\CarRentSystem\vendor\laravel\framework\src\Illuminate\Foundation\Http\Kernel.php(144): Illuminate\Foundation\Http\Kernel-&gt;sendRequestThroughRouter(Object(Illuminate\Http\Request))
#84 C:\laragon\www\CarRentSystem\vendor\laravel\framework\src\Illuminate\Foundation\Testing\Concerns\MakesHttpRequests.php(607): Illuminate\Foundation\Http\Kernel-&gt;handle(Object(Illuminate\Http\Request))
#85 C:\laragon\www\CarRentSystem\vendor\laravel\framework\src\Illuminate\Foundation\Testing\Concerns\MakesHttpRequests.php(368): Illuminate\Foundation\Testing\TestCase-&gt;call('GET', '/admin/activity...', Array, Array, Array, Array)
#86 C:\laragon\www\CarRentSystem\tests\Feature\ActivityLogManagementTest.php(38): Illuminate\Foundation\Testing\TestCase-&gt;get('/admin/activity...')
#87 C:\laragon\www\CarRentSystem\vendor\pestphp\pest\src\Factories\TestCaseMethodFactory.php(168): P\Tests\Feature\ActivityLogManagementTest-&gt;{closure:{closure:{closure:C:\laragon\www\CarRentSystem\tests\Feature\ActivityLogManagementTest.php:13}:20}:36}()
#88 [internal function]: P\Tests\Feature\ActivityLogManagementTest-&gt;{closure:Pest\Factories\TestCaseMethodFactory::getClosure():158}()
#89 C:\laragon\www\CarRentSystem\vendor\pestphp\pest\src\Concerns\Testable.php(429): call_user_func_array(Object(Closure), Array)
#90 C:\laragon\www\CarRentSystem\vendor\pestphp\pest\src\Support\ExceptionTrace.php(26): P\Tests\Feature\ActivityLogManagementTest-&gt;{closure:Pest\Concerns\Testable::__callClosure():429}()
#91 C:\laragon\www\CarRentSystem\vendor\pestphp\pest\src\Concerns\Testable.php(429): Pest\Support\ExceptionTrace::ensure(Object(Closure))
#92 C:\laragon\www\CarRentSystem\vendor\pestphp\pest\src\Concerns\Testable.php(331): P\Tests\Feature\ActivityLogManagementTest-&gt;__callClosure(Object(Closure), Array)
#93 C:\laragon\www\CarRentSystem\vendor\pestphp\pest\src\Factories\TestCaseFactory.php(169) : eval()'d code(35): P\Tests\Feature\ActivityLogManagementTest-&gt;__runTest(Object(Closure))
#94 C:\laragon\www\CarRentSystem\vendor\phpunit\phpunit\src\Framework\TestCase.php(1316): P\Tests\Feature\ActivityLogManagementTest-&gt;__pest_evaluable__Activity_Log_Management__→__Activity_Log_Listing__→_it_restricts_renter_access_to_activity_logs()
#95 C:\laragon\www\CarRentSystem\vendor\phpunit\phpunit\src\Framework\TestCase.php(516): PHPUnit\Framework\TestCase-&gt;runTest()
#96 C:\laragon\www\CarRentSystem\vendor\phpunit\phpunit\src\Framework\TestRunner\TestRunner.php(99): PHPUnit\Framework\TestCase-&gt;runBare()
#97 C:\laragon\www\CarRentSystem\vendor\phpunit\phpunit\src\Framework\TestCase.php(357): PHPUnit\Framework\TestRunner-&gt;run(Object(P\Tests\Feature\ActivityLogManagementTest))
#98 C:\laragon\www\CarRentSystem\vendor\phpunit\phpunit\src\Framework\TestSuite.php(374): PHPUnit\Framework\TestCase-&gt;run()
#99 C:\laragon\www\CarRentSystem\vendor\phpunit\phpunit\src\Framework\TestSuite.php(374): PHPUnit\Framework\TestSuite-&gt;run()
#100 C:\laragon\www\CarRentSystem\vendor\phpunit\phpunit\src\Framework\TestSuite.php(374): PHPUnit\Framework\TestSuite-&gt;run()
#101 C:\laragon\www\CarRentSystem\vendor\phpunit\phpunit\src\TextUI\TestRunner.php(64): PHPUnit\Framework\TestSuite-&gt;run()
#102 C:\laragon\www\CarRentSystem\vendor\phpunit\phpunit\src\TextUI\Application.php(229): PHPUnit\TextUI\TestRunner-&gt;run(Object(PHPUnit\TextUI\Configuration\Configuration), Object(PHPUnit\Runner\ResultCache\DefaultResultCache), Object(PHPUnit\Framework\TestSuite))
#103 C:\laragon\www\CarRentSystem\vendor\pestphp\pest\src\Kernel.php(103): PHPUnit\TextUI\Application-&gt;run(Array)
#104 C:\laragon\www\CarRentSystem\vendor\pestphp\pest\bin\pest(184): Pest\Kernel-&gt;handle(Array, Array)
#105 C:\laragon\www\CarRentSystem\vendor\pestphp\pest\bin\pest(192): {closure:C:\laragon\www\CarRentSystem\vendor\pestphp\pest\bin\pest:18}()
#106 C:\laragon\www\CarRentSystem\vendor\bin\pest(119): include('C:\\laragon\\www\\...')
#107 {main}

Next Illuminate\View\ViewException: SQLSTATE[HY000]: General error: 1 no such column: activity_log.name (Connection: sqlite, SQL: select "activity_log"."name", "" from "activity_log" order by "activity_log"."name" asc limit 50) (View: C:\laragon\www\CarRentSystem\vendor\filament\forms\resources\views\components\select.blade.php) (View: C:\laragon\www\CarRentSystem\vendor\filament\forms\resources\views\components\select.blade.php) (View: C:\laragon\www\CarRentSystem\vendor\filament\forms\resources\views\components\select.blade.php) (View: C:\laragon\www\CarRentSystem\vendor\filament\forms\resources\views\components\select.blade.php) (View: C:\laragon\www\CarRentSystem\vendor\filament\forms\resources\views\components\select.blade.php) in C:\laragon\www\CarRentSystem\vendor\laravel\framework\src\Illuminate\Database\Connection.php:824
Stack trace:
#0 C:\laragon\www\CarRentSystem\vendor\livewire\livewire\src\Mechanisms\ExtendBlade\ExtendedCompilerEngine.php(58): Illuminate\View\Engines\CompilerEngine-&gt;handleViewException(Object(Illuminate\View\ViewException), 2)
#1 C:\laragon\www\CarRentSystem\vendor\livewire\livewire\src\Mechanisms\ExtendBlade\ExtendedCompilerEngine.php(40): Livewire\Mechanisms\ExtendBlade\ExtendedCompilerEngine-&gt;handleViewException(Object(Illuminate\View\ViewException), 2)
#2 C:\laragon\www\CarRentSystem\vendor\laravel\framework\src\Illuminate\View\Engines\CompilerEngine.php(76): Livewire\Mechanisms\ExtendBlade\ExtendedCompilerEngine-&gt;evaluatePath('C:\\laragon\\www\\...', Array)
#3 C:\laragon\www\CarRentSystem\vendor\livewire\livewire\src\Mechanisms\ExtendBlade\ExtendedCompilerEngine.php(16): Illuminate\View\Engines\CompilerEngine-&gt;get('C:\\laragon\\www\\...', Array)
#4 C:\laragon\www\CarRentSystem\vendor\laravel\framework\src\Illuminate\View\View.php(208): Livewire\Mechanisms\ExtendBlade\ExtendedCompilerEngine-&gt;get('C:\\laragon\\www\\...', Array)
#5 C:\laragon\www\CarRentSystem\vendor\laravel\framework\src\Illuminate\View\View.php(191): Illuminate\View\View-&gt;getContents()
#6 C:\laragon\www\CarRentSystem\vendor\laravel\framework\src\Illuminate\View\View.php(160): Illuminate\View\View-&gt;renderContents()
#7 C:\laragon\www\CarRentSystem\vendor\livewire\livewire\src\Mechanisms\HandleComponents\HandleComponents.php(259): Illuminate\View\View-&gt;render(Object(Closure))
#8 C:\laragon\www\CarRentSystem\vendor\livewire\livewire\src\Mechanisms\HandleComponents\HandleComponents.php(303): Livewire\Mechanisms\HandleComponents\HandleComponents-&gt;{closure:Livewire\Mechanisms\HandleComponents\HandleComponents::render():251}()
#9 C:\laragon\www\CarRentSystem\vendor\livewire\livewire\src\Mechanisms\HandleComponents\HandleComponents.php(251): Livewire\Mechanisms\HandleComponents\HandleComponents-&gt;trackInRenderStack(Object(App\Filament\Resources\ActivityLogResource\Pages\ListActivityLogs), Object(Closure))
#10 C:\laragon\www\CarRentSystem\vendor\livewire\livewire\src\Mechanisms\HandleComponents\HandleComponents.php(54): Livewire\Mechanisms\HandleComponents\HandleComponents-&gt;render(Object(App\Filament\Resources\ActivityLogResource\Pages\ListActivityLogs), '&lt;div&gt;&lt;/div&gt;')
#11 C:\laragon\www\CarRentSystem\vendor\livewire\livewire\src\LivewireManager.php(73): Livewire\Mechanisms\HandleComponents\HandleComponents-&gt;mount('App\\Filament\\Re...', Array, NULL)
#12 C:\laragon\www\CarRentSystem\vendor\livewire\livewire\src\Features\SupportPageComponents\HandlesPageComponents.php(17): Livewire\LivewireManager-&gt;mount('App\\Filament\\Re...', Array)
#13 C:\laragon\www\CarRentSystem\vendor\livewire\livewire\src\Features\SupportPageComponents\SupportPageComponents.php(117): Livewire\Component-&gt;{closure:Livewire\Features\SupportPageComponents\HandlesPageComponents::__invoke():14}()
#14 C:\laragon\www\CarRentSystem\vendor\livewire\livewire\src\Features\SupportPageComponents\HandlesPageComponents.php(14): Livewire\Features\SupportPageComponents\SupportPageComponents::interceptTheRenderOfTheComponentAndRetreiveTheLayoutConfiguration(Object(Closure))
#15 C:\laragon\www\CarRentSystem\vendor\laravel\framework\src\Illuminate\Routing\ControllerDispatcher.php(46): Livewire\Component-&gt;__invoke()
#16 C:\laragon\www\CarRentSystem\vendor\laravel\framework\src\Illuminate\Routing\Route.php(265): Illuminate\Routing\ControllerDispatcher-&gt;dispatch(Object(Illuminate\Routing\Route), Object(App\Filament\Resources\ActivityLogResource\Pages\ListActivityLogs), '__invoke')
#17 C:\laragon\www\CarRentSystem\vendor\laravel\framework\src\Illuminate\Routing\Route.php(211): Illuminate\Routing\Route-&gt;runController()
#18 C:\laragon\www\CarRentSystem\vendor\laravel\framework\src\Illuminate\Routing\Router.php(822): Illuminate\Routing\Route-&gt;run()
#19 C:\laragon\www\CarRentSystem\vendor\laravel\framework\src\Illuminate\Pipeline\Pipeline.php(180): Illuminate\Routing\Router-&gt;{closure:Illuminate\Routing\Router::runRouteWithinStack():821}(Object(Illuminate\Http\Request))
#20 C:\laragon\www\CarRentSystem\vendor\filament\filament\src\Http\Middleware\DispatchServingFilamentEvent.php(15): Illuminate\Pipeline\Pipeline-&gt;{closure:Illuminate\Pipeline\Pipeline::prepareDestination():178}(Object(Illuminate\Http\Request))
#21 C:\laragon\www\CarRentSystem\vendor\laravel\framework\src\Illuminate\Pipeline\Pipeline.php(219): Filament\Http\Middleware\DispatchServingFilamentEvent-&gt;handle(Object(Illuminate\Http\Request), Object(Closure))
#22 C:\laragon\www\CarRentSystem\vendor\filament\filament\src\Http\Middleware\DisableBladeIconComponents.php(14): Illuminate\Pipeline\Pipeline-&gt;{closure:{closure:Illuminate\Pipeline\Pipeline::carry():194}:195}(Object(Illuminate\Http\Request))
#23 C:\laragon\www\CarRentSystem\vendor\laravel\framework\src\Illuminate\Pipeline\Pipeline.php(219): Filament\Http\Middleware\DisableBladeIconComponents-&gt;handle(Object(Illuminate\Http\Request), Object(Closure))
#24 C:\laragon\www\CarRentSystem\app\Http\Middleware\LocalizationMiddleware.php(41): Illuminate\Pipeline\Pipeline-&gt;{closure:{closure:Illuminate\Pipeline\Pipeline::carry():194}:195}(Object(Illuminate\Http\Request))
#25 C:\laragon\www\CarRentSystem\vendor\laravel\framework\src\Illuminate\Pipeline\Pipeline.php(219): App\Http\Middleware\LocalizationMiddleware-&gt;handle(Object(Illuminate\Http\Request), Object(Closure))
#26 C:\laragon\www\CarRentSystem\vendor\laravel\framework\src\Illuminate\Routing\Middleware\SubstituteBindings.php(50): Illuminate\Pipeline\Pipeline-&gt;{closure:{closure:Illuminate\Pipeline\Pipeline::carry():194}:195}(Object(Illuminate\Http\Request))
#27 C:\laragon\www\CarRentSystem\vendor\laravel\framework\src\Illuminate\Pipeline\Pipeline.php(219): Illuminate\Routing\Middleware\SubstituteBindings-&gt;handle(Object(Illuminate\Http\Request), Object(Closure))
#28 C:\laragon\www\CarRentSystem\vendor\laravel\framework\src\Illuminate\Auth\Middleware\Authenticate.php(63): Illuminate\Pipeline\Pipeline-&gt;{closure:{closure:Illuminate\Pipeline\Pipeline::carry():194}:195}(Object(Illuminate\Http\Request))
#29 C:\laragon\www\CarRentSystem\vendor\laravel\framework\src\Illuminate\Pipeline\Pipeline.php(219): Illuminate\Auth\Middleware\Authenticate-&gt;handle(Object(Illuminate\Http\Request), Object(Closure))
#30 C:\laragon\www\CarRentSystem\vendor\laravel\framework\src\Illuminate\View\Middleware\ShareErrorsFromSession.php(48): Illuminate\Pipeline\Pipeline-&gt;{closure:{closure:Illuminate\Pipeline\Pipeline::carry():194}:195}(Object(Illuminate\Http\Request))
#31 C:\laragon\www\CarRentSystem\vendor\laravel\framework\src\Illuminate\Pipeline\Pipeline.php(219): Illuminate\View\Middleware\ShareErrorsFromSession-&gt;handle(Object(Illuminate\Http\Request), Object(Closure))
#32 C:\laragon\www\CarRentSystem\vendor\laravel\framework\src\Illuminate\Session\Middleware\StartSession.php(120): Illuminate\Pipeline\Pipeline-&gt;{closure:{closure:Illuminate\Pipeline\Pipeline::carry():194}:195}(Object(Illuminate\Http\Request))
#33 C:\laragon\www\CarRentSystem\vendor\laravel\framework\src\Illuminate\Session\Middleware\StartSession.php(63): Illuminate\Session\Middleware\StartSession-&gt;handleStatefulRequest(Object(Illuminate\Http\Request), Object(Illuminate\Session\Store), Object(Closure))
#34 C:\laragon\www\CarRentSystem\vendor\laravel\framework\src\Illuminate\Pipeline\Pipeline.php(219): Illuminate\Session\Middleware\StartSession-&gt;handle(Object(Illuminate\Http\Request), Object(Closure))
#35 C:\laragon\www\CarRentSystem\vendor\laravel\framework\src\Illuminate\Cookie\Middleware\AddQueuedCookiesToResponse.php(36): Illuminate\Pipeline\Pipeline-&gt;{closure:{closure:Illuminate\Pipeline\Pipeline::carry():194}:195}(Object(Illuminate\Http\Request))
#36 C:\laragon\www\CarRentSystem\vendor\laravel\framework\src\Illuminate\Pipeline\Pipeline.php(219): Illuminate\Cookie\Middleware\AddQueuedCookiesToResponse-&gt;handle(Object(Illuminate\Http\Request), Object(Closure))
#37 C:\laragon\www\CarRentSystem\vendor\laravel\framework\src\Illuminate\Cookie\Middleware\EncryptCookies.php(74): Illuminate\Pipeline\Pipeline-&gt;{closure:{closure:Illuminate\Pipeline\Pipeline::carry():194}:195}(Object(Illuminate\Http\Request))
#38 C:\laragon\www\CarRentSystem\vendor\laravel\framework\src\Illuminate\Pipeline\Pipeline.php(219): Illuminate\Cookie\Middleware\EncryptCookies-&gt;handle(Object(Illuminate\Http\Request), Object(Closure))
#39 C:\laragon\www\CarRentSystem\vendor\filament\filament\src\Http\Middleware\SetUpPanel.php(19): Illuminate\Pipeline\Pipeline-&gt;{closure:{closure:Illuminate\Pipeline\Pipeline::carry():194}:195}(Object(Illuminate\Http\Request))
#40 C:\laragon\www\CarRentSystem\vendor\laravel\framework\src\Illuminate\Pipeline\Pipeline.php(219): Filament\Http\Middleware\SetUpPanel-&gt;handle(Object(Illuminate\Http\Request), Object(Closure), Object(Filament\Panel))
#41 C:\laragon\www\CarRentSystem\vendor\laravel\framework\src\Illuminate\Pipeline\Pipeline.php(137): Illuminate\Pipeline\Pipeline-&gt;{closure:{closure:Illuminate\Pipeline\Pipeline::carry():194}:195}(Object(Illuminate\Http\Request))
#42 C:\laragon\www\CarRentSystem\vendor\laravel\framework\src\Illuminate\Routing\Router.php(821): Illuminate\Pipeline\Pipeline-&gt;then(Object(Closure))
#43 C:\laragon\www\CarRentSystem\vendor\laravel\framework\src\Illuminate\Routing\Router.php(800): Illuminate\Routing\Router-&gt;runRouteWithinStack(Object(Illuminate\Routing\Route), Object(Illuminate\Http\Request))
#44 C:\laragon\www\CarRentSystem\vendor\laravel\framework\src\Illuminate\Routing\Router.php(764): Illuminate\Routing\Router-&gt;runRoute(Object(Illuminate\Http\Request), Object(Illuminate\Routing\Route))
#45 C:\laragon\www\CarRentSystem\vendor\laravel\framework\src\Illuminate\Routing\Router.php(753): Illuminate\Routing\Router-&gt;dispatchToRoute(Object(Illuminate\Http\Request))
#46 C:\laragon\www\CarRentSystem\vendor\laravel\framework\src\Illuminate\Foundation\Http\Kernel.php(200): Illuminate\Routing\Router-&gt;dispatch(Object(Illuminate\Http\Request))
#47 C:\laragon\www\CarRentSystem\vendor\laravel\framework\src\Illuminate\Pipeline\Pipeline.php(180): Illuminate\Foundation\Http\Kernel-&gt;{closure:Illuminate\Foundation\Http\Kernel::dispatchToRouter():197}(Object(Illuminate\Http\Request))
#48 C:\laragon\www\CarRentSystem\vendor\livewire\livewire\src\Features\SupportDisablingBackButtonCache\DisableBackButtonCacheMiddleware.php(19): Illuminate\Pipeline\Pipeline-&gt;{closure:Illuminate\Pipeline\Pipeline::prepareDestination():178}(Object(Illuminate\Http\Request))
#49 C:\laragon\www\CarRentSystem\vendor\laravel\framework\src\Illuminate\Pipeline\Pipeline.php(219): Livewire\Features\SupportDisablingBackButtonCache\DisableBackButtonCacheMiddleware-&gt;handle(Object(Illuminate\Http\Request), Object(Closure))
#50 C:\laragon\www\CarRentSystem\vendor\laravel\framework\src\Illuminate\Foundation\Http\Middleware\TransformsRequest.php(21): Illuminate\Pipeline\Pipeline-&gt;{closure:{closure:Illuminate\Pipeline\Pipeline::carry():194}:195}(Object(Illuminate\Http\Request))
#51 C:\laragon\www\CarRentSystem\vendor\laravel\framework\src\Illuminate\Foundation\Http\Middleware\ConvertEmptyStringsToNull.php(31): Illuminate\Foundation\Http\Middleware\TransformsRequest-&gt;handle(Object(Illuminate\Http\Request), Object(Closure))
#52 C:\laragon\www\CarRentSystem\vendor\laravel\framework\src\Illuminate\Pipeline\Pipeline.php(219): Illuminate\Foundation\Http\Middleware\ConvertEmptyStringsToNull-&gt;handle(Object(Illuminate\Http\Request), Object(Closure))
#53 C:\laragon\www\CarRentSystem\vendor\laravel\framework\src\Illuminate\Foundation\Http\Middleware\TransformsRequest.php(21): Illuminate\Pipeline\Pipeline-&gt;{closure:{closure:Illuminate\Pipeline\Pipeline::carry():194}:195}(Object(Illuminate\Http\Request))
#54 C:\laragon\www\CarRentSystem\vendor\laravel\framework\src\Illuminate\Foundation\Http\Middleware\TrimStrings.php(51): Illuminate\Foundation\Http\Middleware\TransformsRequest-&gt;handle(Object(Illuminate\Http\Request), Object(Closure))
#55 C:\laragon\www\CarRentSystem\vendor\laravel\framework\src\Illuminate\Pipeline\Pipeline.php(219): Illuminate\Foundation\Http\Middleware\TrimStrings-&gt;handle(Object(Illuminate\Http\Request), Object(Closure))
#56 C:\laragon\www\CarRentSystem\vendor\laravel\framework\src\Illuminate\Http\Middleware\ValidatePostSize.php(27): Illuminate\Pipeline\Pipeline-&gt;{closure:{closure:Illuminate\Pipeline\Pipeline::carry():194}:195}(Object(Illuminate\Http\Request))
#57 C:\laragon\www\CarRentSystem\vendor\laravel\framework\src\Illuminate\Pipeline\Pipeline.php(219): Illuminate\Http\Middleware\ValidatePostSize-&gt;handle(Object(Illuminate\Http\Request), Object(Closure))
#58 C:\laragon\www\CarRentSystem\vendor\laravel\framework\src\Illuminate\Foundation\Http\Middleware\PreventRequestsDuringMaintenance.php(109): Illuminate\Pipeline\Pipeline-&gt;{closure:{closure:Illuminate\Pipeline\Pipeline::carry():194}:195}(Object(Illuminate\Http\Request))
#59 C:\laragon\www\CarRentSystem\vendor\laravel\framework\src\Illuminate\Pipeline\Pipeline.php(219): Illuminate\Foundation\Http\Middleware\PreventRequestsDuringMaintenance-&gt;handle(Object(Illuminate\Http\Request), Object(Closure))
#60 C:\laragon\www\CarRentSystem\vendor\laravel\framework\src\Illuminate\Http\Middleware\HandleCors.php(61): Illuminate\Pipeline\Pipeline-&gt;{closure:{closure:Illuminate\Pipeline\Pipeline::carry():194}:195}(Object(Illuminate\Http\Request))
#61 C:\laragon\www\CarRentSystem\vendor\laravel\framework\src\Illuminate\Pipeline\Pipeline.php(219): Illuminate\Http\Middleware\HandleCors-&gt;handle(Object(Illuminate\Http\Request), Object(Closure))
#62 C:\laragon\www\CarRentSystem\vendor\laravel\framework\src\Illuminate\Http\Middleware\TrustProxies.php(58): Illuminate\Pipeline\Pipeline-&gt;{closure:{closure:Illuminate\Pipeline\Pipeline::carry():194}:195}(Object(Illuminate\Http\Request))
#63 C:\laragon\www\CarRentSystem\vendor\laravel\framework\src\Illuminate\Pipeline\Pipeline.php(219): Illuminate\Http\Middleware\TrustProxies-&gt;handle(Object(Illuminate\Http\Request), Object(Closure))
#64 C:\laragon\www\CarRentSystem\vendor\laravel\framework\src\Illuminate\Foundation\Http\Middleware\InvokeDeferredCallbacks.php(22): Illuminate\Pipeline\Pipeline-&gt;{closure:{closure:Illuminate\Pipeline\Pipeline::carry():194}:195}(Object(Illuminate\Http\Request))
#65 C:\laragon\www\CarRentSystem\vendor\laravel\framework\src\Illuminate\Pipeline\Pipeline.php(219): Illuminate\Foundation\Http\Middleware\InvokeDeferredCallbacks-&gt;handle(Object(Illuminate\Http\Request), Object(Closure))
#66 C:\laragon\www\CarRentSystem\vendor\laravel\framework\src\Illuminate\Http\Middleware\ValidatePathEncoding.php(26): Illuminate\Pipeline\Pipeline-&gt;{closure:{closure:Illuminate\Pipeline\Pipeline::carry():194}:195}(Object(Illuminate\Http\Request))
#67 C:\laragon\www\CarRentSystem\vendor\laravel\framework\src\Illuminate\Pipeline\Pipeline.php(219): Illuminate\Http\Middleware\ValidatePathEncoding-&gt;handle(Object(Illuminate\Http\Request), Object(Closure))
#68 C:\laragon\www\CarRentSystem\vendor\laravel\framework\src\Illuminate\Pipeline\Pipeline.php(137): Illuminate\Pipeline\Pipeline-&gt;{closure:{closure:Illuminate\Pipeline\Pipeline::carry():194}:195}(Object(Illuminate\Http\Request))
#69 C:\laragon\www\CarRentSystem\vendor\laravel\framework\src\Illuminate\Foundation\Http\Kernel.php(175): Illuminate\Pipeline\Pipeline-&gt;then(Object(Closure))
#70 C:\laragon\www\CarRentSystem\vendor\laravel\framework\src\Illuminate\Foundation\Http\Kernel.php(144): Illuminate\Foundation\Http\Kernel-&gt;sendRequestThroughRouter(Object(Illuminate\Http\Request))
#71 C:\laragon\www\CarRentSystem\vendor\laravel\framework\src\Illuminate\Foundation\Testing\Concerns\MakesHttpRequests.php(607): Illuminate\Foundation\Http\Kernel-&gt;handle(Object(Illuminate\Http\Request))
#72 C:\laragon\www\CarRentSystem\vendor\laravel\framework\src\Illuminate\Foundation\Testing\Concerns\MakesHttpRequests.php(368): Illuminate\Foundation\Testing\TestCase-&gt;call('GET', '/admin/activity...', Array, Array, Array, Array)
#73 C:\laragon\www\CarRentSystem\tests\Feature\ActivityLogManagementTest.php(38): Illuminate\Foundation\Testing\TestCase-&gt;get('/admin/activity...')
#74 C:\laragon\www\CarRentSystem\vendor\pestphp\pest\src\Factories\TestCaseMethodFactory.php(168): P\Tests\Feature\ActivityLogManagementTest-&gt;{closure:{closure:{closure:C:\laragon\www\CarRentSystem\tests\Feature\ActivityLogManagementTest.php:13}:20}:36}()
#75 [internal function]: P\Tests\Feature\ActivityLogManagementTest-&gt;{closure:Pest\Factories\TestCaseMethodFactory::getClosure():158}()
#76 C:\laragon\www\CarRentSystem\vendor\pestphp\pest\src\Concerns\Testable.php(429): call_user_func_array(Object(Closure), Array)
#77 C:\laragon\www\CarRentSystem\vendor\pestphp\pest\src\Support\ExceptionTrace.php(26): P\Tests\Feature\ActivityLogManagementTest-&gt;{closure:Pest\Concerns\Testable::__callClosure():429}()
#78 C:\laragon\www\CarRentSystem\vendor\pestphp\pest\src\Concerns\Testable.php(429): Pest\Support\ExceptionTrace::ensure(Object(Closure))
#79 C:\laragon\www\CarRentSystem\vendor\pestphp\pest\src\Concerns\Testable.php(331): P\Tests\Feature\ActivityLogManagementTest-&gt;__callClosure(Object(Closure), Array)
#80 C:\laragon\www\CarRentSystem\vendor\pestphp\pest\src\Factories\TestCaseFactory.php(169) : eval()'d code(35): P\Tests\Feature\ActivityLogManagementTest-&gt;__runTest(Object(Closure))
#81 C:\laragon\www\CarRentSystem\vendor\phpunit\phpunit\src\Framework\TestCase.php(1316): P\Tests\Feature\ActivityLogManagementTest-&gt;__pest_evaluable__Activity_Log_Management__→__Activity_Log_Listing__→_it_restricts_renter_access_to_activity_logs()
#82 C:\laragon\www\CarRentSystem\vendor\phpunit\phpunit\src\Framework\TestCase.php(516): PHPUnit\Framework\TestCase-&gt;runTest()
#83 C:\laragon\www\CarRentSystem\vendor\phpunit\phpunit\src\Framework\TestRunner\TestRunner.php(99): PHPUnit\Framework\TestCase-&gt;runBare()
#84 C:\laragon\www\CarRentSystem\vendor\phpunit\phpunit\src\Framework\TestCase.php(357): PHPUnit\Framework\TestRunner-&gt;run(Object(P\Tests\Feature\ActivityLogManagementTest))
#85 C:\laragon\www\CarRentSystem\vendor\phpunit\phpunit\src\Framework\TestSuite.php(374): PHPUnit\Framework\TestCase-&gt;run()
#86 C:\laragon\www\CarRentSystem\vendor\phpunit\phpunit\src\Framework\TestSuite.php(374): PHPUnit\Framework\TestSuite-&gt;run()
#87 C:\laragon\www\CarRentSystem\vendor\phpunit\phpunit\src\Framework\TestSuite.php(374): PHPUnit\Framework\TestSuite-&gt;run()
#88 C:\laragon\www\CarRentSystem\vendor\phpunit\phpunit\src\TextUI\TestRunner.php(64): PHPUnit\Framework\TestSuite-&gt;run()
#89 C:\laragon\www\CarRentSystem\vendor\phpunit\phpunit\src\TextUI\Application.php(229): PHPUnit\TextUI\TestRunner-&gt;run(Object(PHPUnit\TextUI\Configuration\Configuration), Object(PHPUnit\Runner\ResultCache\DefaultResultCache), Object(PHPUnit\Framework\TestSuite))
#90 C:\laragon\www\CarRentSystem\vendor\pestphp\pest\src\Kernel.php(103): PHPUnit\TextUI\Application-&gt;run(Array)
#91 C:\laragon\www\CarRentSystem\vendor\pestphp\pest\bin\pest(184): Pest\Kernel-&gt;handle(Array, Array)
#92 C:\laragon\www\CarRentSystem\vendor\pestphp\pest\bin\pest(192): {closure:C:\laragon\www\CarRentSystem\vendor\pestphp\pest\bin\pest:18}()
#93 C:\laragon\www\CarRentSystem\vendor\bin\pest(119): include('C:\\laragon\\www\\...')
#94 {main}

----------------------------------------------------------------------------------

SQLSTATE[HY000]: General error: 1 no such column: activity_log.name (Connection: sqlite, SQL: select "activity_log"."name", "" from "activity_log" order by "activity_log"."name" asc limit 50) (View: C:\laragon\www\CarRentSystem\vendor\filament\forms\resources\views\components\select.blade.php) (View: C:\laragon\www\CarRentSystem\vendor\filament\forms\resources\views\components\select.blade.php) (View: C:\laragon\www\CarRentSystem\vendor\filament\forms\resources\views\components\select.blade.php) (View: C:\laragon\www\CarRentSystem\vendor\filament\forms\resources\views\components\select.blade.php) (View: C:\laragon\www\CarRentSystem\vendor\filament\forms\resources\views\components\select.blade.php)&#13;
&#13;
at vendor\laravel\framework\src\Illuminate\Testing\TestResponseAssert.php:45
at vendor\laravel\framework\src\Illuminate\Testing\TestResponse.php:174
at vendor\laravel\framework\src\Illuminate\Testing\Concerns\AssertsStatusCodes.php:141
at tests\Feature\ActivityLogManagementTest.php:39</failure>
        </testcase>
        <testcase name="`Activity Log Management` → `Security Monitoring` → it tracks failed login attempts" file="tests\Feature\ActivityLogManagementTest.php::`Activity Log Management` → `Security Monitoring` → it tracks failed login attempts" class="Tests\Feature\ActivityLogManagementTest" classname="Tests.Feature.ActivityLogManagementTest" assertions="1" time="0.318321">
          <failure type="PHPUnit\Framework\ExpectationFailedException">`Activity Log Management` → `Security Monitoring` → it tracks failed login attemptsExpecting null not to be null .&#13;
at tests\Feature\ActivityLogManagementTest.php:185</failure>
        </testcase>
      </testsuite>
      <testsuite name="Tests\Feature\BookingCreationTest" file="tests\Feature\BookingCreationTest.php" tests="3" assertions="9" errors="0" failures="1" skipped="0" time="0.481921">
        <testcase name="booking model has working days attribute" file="tests\Feature\BookingCreationTest.php::booking model has working days attribute" class="Tests\Feature\BookingCreationTest" classname="Tests.Feature.BookingCreationTest" assertions="1" time="0.238198"/>
        <testcase name="booking relationships work correctly" file="tests\Feature\BookingCreationTest.php::booking relationships work correctly" class="Tests\Feature\BookingCreationTest" classname="Tests.Feature.BookingCreationTest" assertions="4" time="0.125703"/>
        <testcase name="can create booking with calculated fields" file="tests\Feature\BookingCreationTest.php::can create booking with calculated fields" class="Tests\Feature\BookingCreationTest" classname="Tests.Feature.BookingCreationTest" assertions="4" time="0.118019">
          <failure type="PHPUnit\Framework\ExpectationFailedException">can create booking with calculated fieldsFailed asserting that 3 is identical to 2.&#13;
at tests\Feature\BookingCreationTest.php:49</failure>
        </testcase>
      </testsuite>
      <testsuite name="Tests\Feature\Auth\EmailVerificationTest" file="tests\Feature\Auth\EmailVerificationTest.php" tests="2" assertions="5" errors="0" failures="0" skipped="0" time="0.227657">
        <testcase name="email is not verified with invalid hash" file="tests\Feature\Auth\EmailVerificationTest.php::email is not verified with invalid hash" class="Tests\Feature\Auth\EmailVerificationTest" classname="Tests.Feature.Auth.EmailVerificationTest" assertions="1" time="0.126470"/>
        <testcase name="email can be verified" file="tests\Feature\Auth\EmailVerificationTest.php::email can be verified" class="Tests\Feature\Auth\EmailVerificationTest" classname="Tests.Feature.Auth.EmailVerificationTest" assertions="4" time="0.101187"/>
      </testsuite>
      <testsuite name="Tests\Feature\UserManagementTest" file="tests\Feature\UserManagementTest.php" tests="30" assertions="28" errors="2" failures="21" skipped="0" time="58.848660">
        <testcase name="`User Management` → `User Updates` → it allows admin to change user roles" file="tests\Feature\UserManagementTest.php::`User Management` → `User Updates` → it allows admin to change user roles" class="Tests\Feature\UserManagementTest" classname="Tests.Feature.UserManagementTest" assertions="1" time="4.078130">
          <failure type="PHPUnit\Framework\ExpectationFailedException">`User Management` → `User Updates` → it allows admin to change user rolesFailed asserting that two variables reference the same object.&#13;
at tests\Feature\UserManagementTest.php:189</failure>
        </testcase>
        <testcase name="`User Management` → `User Activity Tracking` → it displays user login history" file="tests\Feature\UserManagementTest.php::`User Management` → `User Activity Tracking` → it displays user login history" class="Tests\Feature\UserManagementTest" classname="Tests.Feature.UserManagementTest" assertions="1" time="0.073141">
          <failure type="PHPUnit\Framework\ExpectationFailedException">`User Management` → `User Activity Tracking` → it displays user login historyExpected response status code [&gt;=200, &lt;300] but received 404.
Failed asserting that false is true.&#13;
at vendor\laravel\framework\src\Illuminate\Testing\TestResponseAssert.php:45
at vendor\laravel\framework\src\Illuminate\Testing\TestResponse.php:103
at tests\Feature\UserManagementTest.php:246</failure>
        </testcase>
        <testcase name="`User Management` → `User Profile Completion` → it tracks profile completion status" file="tests\Feature\UserManagementTest.php::`User Management` → `User Profile Completion` → it tracks profile completion status" class="Tests\Feature\UserManagementTest" classname="Tests.Feature.UserManagementTest" assertions="1" time="0.337098"/>
        <testcase name="`User Management` → `User Viewing` → it allows users to view their own profile" file="tests\Feature\UserManagementTest.php::`User Management` → `User Viewing` → it allows users to view their own profile" class="Tests\Feature\UserManagementTest" classname="Tests.Feature.UserManagementTest" assertions="1" time="0.382637"/>
        <testcase name="`User Management` → `User Listing` → it restricts owner access to user management" file="tests\Feature\UserManagementTest.php::`User Management` → `User Listing` → it restricts owner access to user management" class="Tests\Feature\UserManagementTest" classname="Tests.Feature.UserManagementTest" assertions="1" time="0.405129">
          <failure type="PHPUnit\Framework\ExpectationFailedException">`User Management` → `User Listing` → it restricts owner access to user managementExpected response status code [403] but received 200.
Failed asserting that 200 is identical to 403.&#13;
at vendor\laravel\framework\src\Illuminate\Testing\TestResponseAssert.php:45
at vendor\laravel\framework\src\Illuminate\Testing\TestResponse.php:174
at vendor\laravel\framework\src\Illuminate\Testing\Concerns\AssertsStatusCodes.php:141
at tests\Feature\UserManagementTest.php:32</failure>
        </testcase>
        <testcase name="`User Management` → `Password Management` → it allows admin to reset any user password" file="tests\Feature\UserManagementTest.php::`User Management` → `Password Management` → it allows admin to reset any user password" class="Tests\Feature\UserManagementTest" classname="Tests.Feature.UserManagementTest" assertions="1" time="0.082080">
          <failure type="PHPUnit\Framework\ExpectationFailedException">`User Management` → `Password Management` → it allows admin to reset any user passwordFailed asserting that false is true.&#13;
at tests\Feature\UserManagementTest.php:238</failure>
        </testcase>
        <testcase name="`User Management` → `Password Management` → it validates current password before update" file="tests\Feature\UserManagementTest.php::`User Management` → `Password Management` → it validates current password before update" class="Tests\Feature\UserManagementTest" classname="Tests.Feature.UserManagementTest" assertions="1" time="0.074996">
          <failure type="PHPUnit\Framework\ExpectationFailedException">`User Management` → `Password Management` → it validates current password before updateSession is missing expected key [errors].
Failed asserting that false is true.&#13;
at vendor\laravel\framework\src\Illuminate\Testing\TestResponseAssert.php:45
at vendor\laravel\framework\src\Illuminate\Testing\TestResponse.php:1517
at vendor\laravel\framework\src\Illuminate\Testing\TestResponse.php:1594
at tests\Feature\UserManagementTest.php:225</failure>
        </testcase>
        <testcase name="`User Management` → `User Creation` → it validates password confirmation" file="tests\Feature\UserManagementTest.php::`User Management` → `User Creation` → it validates password confirmation" class="Tests\Feature\UserManagementTest" classname="Tests.Feature.UserManagementTest" assertions="1" time="3.619523">
          <failure type="PHPUnit\Framework\ExpectationFailedException">`User Management` → `User Creation` → it validates password confirmationSession is missing expected key [errors].
Failed asserting that false is true.&#13;
at vendor\laravel\framework\src\Illuminate\Testing\TestResponseAssert.php:45
at vendor\laravel\framework\src\Illuminate\Testing\TestResponse.php:1517
at vendor\laravel\framework\src\Illuminate\Testing\TestResponse.php:1594
at tests\Feature\UserManagementTest.php:103</failure>
        </testcase>
        <testcase name="`User Management` → `Email Verification` → it handles email verification status" file="tests\Feature\UserManagementTest.php::`User Management` → `Email Verification` → it handles email verification status" class="Tests\Feature\UserManagementTest" classname="Tests.Feature.UserManagementTest" assertions="1" time="5.938018">
          <failure type="PHPUnit\Framework\ExpectationFailedException">`User Management` → `Email Verification` → it handles email verification statusExpecting null not to be null .&#13;
at tests\Feature\UserManagementTest.php:310</failure>
        </testcase>
        <testcase name="`User Management` → `User Listing` → it allows admin to view all users" file="tests\Feature\UserManagementTest.php::`User Management` → `User Listing` → it allows admin to view all users" class="Tests\Feature\UserManagementTest" classname="Tests.Feature.UserManagementTest" assertions="2" time="0.583308"/>
        <testcase name="`User Management` → `User Creation` → it allows admin to create new users" file="tests\Feature\UserManagementTest.php::`User Management` → `User Creation` → it allows admin to create new users" class="Tests\Feature\UserManagementTest" classname="Tests.Feature.UserManagementTest" assertions="0" time="3.161375">
          <error type="ErrorException">`User Management` → `User Creation` → it allows admin to create new usersErrorException: Attempt to read property "name" on null&#13;
at vendor\laravel\framework\src\Illuminate\Foundation\Bootstrap\HandleExceptions.php:258
at tests\Feature\UserManagementTest.php:74</error>
        </testcase>
        <testcase name="`User Management` → `User Listing` → it searches users by name or email" file="tests\Feature\UserManagementTest.php::`User Management` → `User Listing` → it searches users by name or email" class="Tests\Feature\UserManagementTest" classname="Tests.Feature.UserManagementTest" assertions="1" time="0.445278"/>
        <testcase name="`User Management` → `User Activity Tracking` → it shows owner vehicle statistics" file="tests\Feature\UserManagementTest.php::`User Management` → `User Activity Tracking` → it shows owner vehicle statistics" class="Tests\Feature\UserManagementTest" classname="Tests.Feature.UserManagementTest" assertions="1" time="0.090553">
          <failure type="PHPUnit\Framework\ExpectationFailedException">`User Management` → `User Activity Tracking` → it shows owner vehicle statisticsExpected response status code [&gt;=200, &lt;300] but received 404.
Failed asserting that false is true.&#13;
at vendor\laravel\framework\src\Illuminate\Testing\TestResponseAssert.php:45
at vendor\laravel\framework\src\Illuminate\Testing\TestResponse.php:103
at tests\Feature\UserManagementTest.php:266</failure>
        </testcase>
        <testcase name="`User Management` → `User Deletion` → it prevents deletion of users with active bookings" file="tests\Feature\UserManagementTest.php::`User Management` → `User Deletion` → it prevents deletion of users with active bookings" class="Tests\Feature\UserManagementTest" classname="Tests.Feature.UserManagementTest" assertions="1" time="5.325128">
          <failure type="PHPUnit\Framework\ExpectationFailedException">`User Management` → `User Deletion` → it prevents deletion of users with active bookingsSession is missing expected key [errors].
Failed asserting that false is true.&#13;
at vendor\laravel\framework\src\Illuminate\Testing\TestResponseAssert.php:45
at vendor\laravel\framework\src\Illuminate\Testing\TestResponse.php:1517
at vendor\laravel\framework\src\Illuminate\Testing\TestResponse.php:1594
at tests\Feature\UserManagementTest.php:290</failure>
        </testcase>
        <testcase name="`User Management` → `User Activity Tracking` → it shows user booking history" file="tests\Feature\UserManagementTest.php::`User Management` → `User Activity Tracking` → it shows user booking history" class="Tests\Feature\UserManagementTest" classname="Tests.Feature.UserManagementTest" assertions="1" time="0.130042">
          <failure type="PHPUnit\Framework\ExpectationFailedException">`User Management` → `User Activity Tracking` → it shows user booking historyExpected response status code [&gt;=200, &lt;300] but received 404.
Failed asserting that false is true.&#13;
at vendor\laravel\framework\src\Illuminate\Testing\TestResponseAssert.php:45
at vendor\laravel\framework\src\Illuminate\Testing\TestResponse.php:103
at tests\Feature\UserManagementTest.php:258</failure>
        </testcase>
        <testcase name="`User Management` → `User Viewing` → it prevents users from viewing other users profiles" file="tests\Feature\UserManagementTest.php::`User Management` → `User Viewing` → it prevents users from viewing other users profiles" class="Tests\Feature\UserManagementTest" classname="Tests.Feature.UserManagementTest" assertions="1" time="0.103457">
          <failure type="PHPUnit\Framework\ExpectationFailedException">`User Management` → `User Viewing` → it prevents users from viewing other users profilesExpected response status code [403] but received 404.
Failed asserting that 404 is identical to 403.&#13;
at vendor\laravel\framework\src\Illuminate\Testing\TestResponseAssert.php:45
at vendor\laravel\framework\src\Illuminate\Testing\TestResponse.php:174
at vendor\laravel\framework\src\Illuminate\Testing\Concerns\AssertsStatusCodes.php:141
at tests\Feature\UserManagementTest.php:141</failure>
        </testcase>
        <testcase name="`User Management` → `User Creation` → it validates unique email addresses" file="tests\Feature\UserManagementTest.php::`User Management` → `User Creation` → it validates unique email addresses" class="Tests\Feature\UserManagementTest" classname="Tests.Feature.UserManagementTest" assertions="1" time="3.864711">
          <failure type="PHPUnit\Framework\ExpectationFailedException">`User Management` → `User Creation` → it validates unique email addressesSession is missing expected key [errors].
Failed asserting that false is true.&#13;
at vendor\laravel\framework\src\Illuminate\Testing\TestResponseAssert.php:45
at vendor\laravel\framework\src\Illuminate\Testing\TestResponse.php:1517
at vendor\laravel\framework\src\Illuminate\Testing\TestResponse.php:1594
at tests\Feature\UserManagementTest.php:89</failure>
        </testcase>
        <testcase name="`User Management` → `User Viewing` → it allows admin to view any user profile" file="tests\Feature\UserManagementTest.php::`User Management` → `User Viewing` → it allows admin to view any user profile" class="Tests\Feature\UserManagementTest" classname="Tests.Feature.UserManagementTest" assertions="1" time="0.391002"/>
        <testcase name="`User Management` → `Email Verification` → it allows resending verification emails" file="tests\Feature\UserManagementTest.php::`User Management` → `Email Verification` → it allows resending verification emails" class="Tests\Feature\UserManagementTest" classname="Tests.Feature.UserManagementTest" assertions="0" time="0.103676"/>
        <testcase name="`User Management` → `User Listing` → it filters users by role" file="tests\Feature\UserManagementTest.php::`User Management` → `User Listing` → it filters users by role" class="Tests\Feature\UserManagementTest" classname="Tests.Feature.UserManagementTest" assertions="1" time="0.410451"/>
        <testcase name="`User Management` → `User Profile Completion` → it validates required profile fields" file="tests\Feature\UserManagementTest.php::`User Management` → `User Profile Completion` → it validates required profile fields" class="Tests\Feature\UserManagementTest" classname="Tests.Feature.UserManagementTest" assertions="1" time="2.879380">
          <failure type="PHPUnit\Framework\ExpectationFailedException">`User Management` → `User Profile Completion` → it validates required profile fieldsSession is missing expected key [errors].
Failed asserting that false is true.&#13;
at vendor\laravel\framework\src\Illuminate\Testing\TestResponseAssert.php:45
at vendor\laravel\framework\src\Illuminate\Testing\TestResponse.php:1517
at vendor\laravel\framework\src\Illuminate\Testing\TestResponse.php:1594
at tests\Feature\UserManagementTest.php:340</failure>
        </testcase>
        <testcase name="`User Management` → `User Creation` → it hashes passwords correctly" file="tests\Feature\UserManagementTest.php::`User Management` → `User Creation` → it hashes passwords correctly" class="Tests\Feature\UserManagementTest" classname="Tests.Feature.UserManagementTest" assertions="0" time="3.188341">
          <error type="ErrorException">`User Management` → `User Creation` → it hashes passwords correctlyErrorException: Attempt to read property "password" on null&#13;
at vendor\laravel\framework\src\Illuminate\Foundation\Bootstrap\HandleExceptions.php:258
at tests\Feature\UserManagementTest.php:119</error>
        </testcase>
        <testcase name="`User Management` → `Password Management` → it allows password updates with proper validation" file="tests\Feature\UserManagementTest.php::`User Management` → `Password Management` → it allows password updates with proper validation" class="Tests\Feature\UserManagementTest" classname="Tests.Feature.UserManagementTest" assertions="1" time="0.074579">
          <failure type="PHPUnit\Framework\ExpectationFailedException">`User Management` → `Password Management` → it allows password updates with proper validationFailed asserting that false is true.&#13;
at tests\Feature\UserManagementTest.php:213</failure>
        </testcase>
        <testcase name="`User Management` → `User Listing` → it restricts renter access to user management" file="tests\Feature\UserManagementTest.php::`User Management` → `User Listing` → it restricts renter access to user management" class="Tests\Feature\UserManagementTest" classname="Tests.Feature.UserManagementTest" assertions="1" time="0.428333">
          <failure type="PHPUnit\Framework\ExpectationFailedException">`User Management` → `User Listing` → it restricts renter access to user managementExpected response status code [403] but received 200.
Failed asserting that 200 is identical to 403.&#13;
at vendor\laravel\framework\src\Illuminate\Testing\TestResponseAssert.php:45
at vendor\laravel\framework\src\Illuminate\Testing\TestResponse.php:174
at vendor\laravel\framework\src\Illuminate\Testing\Concerns\AssertsStatusCodes.php:141
at tests\Feature\UserManagementTest.php:38</failure>
        </testcase>
        <testcase name="`User Management` → `User Updates` → it prevents users from updating other users" file="tests\Feature\UserManagementTest.php::`User Management` → `User Updates` → it prevents users from updating other users" class="Tests\Feature\UserManagementTest" classname="Tests.Feature.UserManagementTest" assertions="1" time="4.176806">
          <failure type="PHPUnit\Framework\ExpectationFailedException">`User Management` → `User Updates` → it prevents users from updating other usersExpected response status code [403] but received 405.
Failed asserting that 405 is identical to 403.&#13;
at vendor\laravel\framework\src\Illuminate\Testing\TestResponseAssert.php:45
at vendor\laravel\framework\src\Illuminate\Testing\TestResponse.php:174
at vendor\laravel\framework\src\Illuminate\Testing\Concerns\AssertsStatusCodes.php:141
at tests\Feature\UserManagementTest.php:179</failure>
        </testcase>
        <testcase name="`User Management` → `User Deletion` → it allows admin to soft delete users" file="tests\Feature\UserManagementTest.php::`User Management` → `User Deletion` → it allows admin to soft delete users" class="Tests\Feature\UserManagementTest" classname="Tests.Feature.UserManagementTest" assertions="1" time="3.367704">
          <failure type="PHPUnit\Framework\ExpectationFailedException">`User Management` → `User Deletion` → it allows admin to soft delete usersFailed asserting that App\Models\User Object #223362 (
    'connection' =&gt; 'sqlite',
    'table' =&gt; 'car_rental_users',
    'primaryKey' =&gt; 'id',
    'keyType' =&gt; 'int',
    'incrementing' =&gt; true,
    'with' =&gt; Array &amp;0 [],
    'withCount' =&gt; Array &amp;1 [],
    'preventsLazyLoading' =&gt; false,
    'perPage' =&gt; 15,
    'exists' =&gt; true,
    'wasRecentlyCreated' =&gt; false,
    'escapeWhenCastingToString' =&gt; false,
    'attributes' =&gt; Array &amp;2 [
        'id' =&gt; 3,
        'name' =&gt; 'Mr. Judge Cartwright',
        'email' =&gt; 'sanford.kiana@example.org',
        'email_verified_at' =&gt; '2025-09-24 12:02:09',
        'password' =&gt; '$2y$04$onEdqn.MgqtvWTC3qTwmNe5wymudj0WBNOWtu9muOjUirYRLs4zMO',
        'phone' =&gt; '+1 (567) 857-8036',
        'role' =&gt; 'renter',
        'license_number' =&gt; 'zat-0710-5959',
        'id_document_path' =&gt; 'documents/ids/bd63bc1c-b1f9-3648-af56-65c3f44a179e.pdf',
        'license_document_path' =&gt; 'documents/licenses/7ff771df-7f46-3d82-a556-bb21f717840d.pdf',
        'is_verified' =&gt; 1,
        'date_of_birth' =&gt; '1987-10-04 00:00:00',
        'address' =&gt; '59165 Herman Mission Suite 657\n
Harmontown, WV 00879-5323',
        'status' =&gt; 'approved',
        'remember_token' =&gt; 'Wiri5j35hg',
        'created_at' =&gt; '2025-09-24 12:02:09',
        'updated_at' =&gt; '2025-09-24 12:02:09',
        'deleted_at' =&gt; null,
        'is_new_user' =&gt; 1,
        'has_changed_default_password' =&gt; 0,
        'last_login_at' =&gt; null,
        'password_changed_at' =&gt; null,
        'avatar' =&gt; null,
    ],
    'original' =&gt; Array &amp;3 [
        'id' =&gt; 3,
        'name' =&gt; 'Mr. Judge Cartwright',
        'email' =&gt; 'sanford.kiana@example.org',
        'email_verified_at' =&gt; '2025-09-24 12:02:09',
        'password' =&gt; '$2y$04$onEdqn.MgqtvWTC3qTwmNe5wymudj0WBNOWtu9muOjUirYRLs4zMO',
        'phone' =&gt; '+1 (567) 857-8036',
        'role' =&gt; 'renter',
        'license_number' =&gt; 'zat-0710-5959',
        'id_document_path' =&gt; 'documents/ids/bd63bc1c-b1f9-3648-af56-65c3f44a179e.pdf',
        'license_document_path' =&gt; 'documents/licenses/7ff771df-7f46-3d82-a556-bb21f717840d.pdf',
        'is_verified' =&gt; 1,
        'date_of_birth' =&gt; '1987-10-04 00:00:00',
        'address' =&gt; '59165 Herman Mission Suite 657\n
Harmontown, WV 00879-5323',
        'status' =&gt; 'approved',
        'remember_token' =&gt; 'Wiri5j35hg',
        'created_at' =&gt; '2025-09-24 12:02:09',
        'updated_at' =&gt; '2025-09-24 12:02:09',
        'deleted_at' =&gt; null,
        'is_new_user' =&gt; 1,
        'has_changed_default_password' =&gt; 0,
        'last_login_at' =&gt; null,
        'password_changed_at' =&gt; null,
        'avatar' =&gt; null,
    ],
    'changes' =&gt; Array &amp;4 [],
    'previous' =&gt; Array &amp;5 [],
    'casts' =&gt; Array &amp;6 [
        'email_verified_at' =&gt; 'datetime',
        'password' =&gt; 'hashed',
        'is_verified' =&gt; 'boolean',
        'date_of_birth' =&gt; 'date',
        'role' =&gt; 'App\Enums\UserRole',
        'status' =&gt; 'App\Enums\UserStatus',
        'is_new_user' =&gt; 'boolean',
        'has_changed_default_password' =&gt; 'boolean',
        'last_login_at' =&gt; 'datetime',
        'password_changed_at' =&gt; 'datetime',
        'deleted_at' =&gt; 'datetime',
    ],
    'classCastCache' =&gt; Array &amp;7 [],
    'attributeCastCache' =&gt; Array &amp;8 [],
    'dateFormat' =&gt; null,
    'appends' =&gt; Array &amp;9 [],
    'dispatchesEvents' =&gt; Array &amp;10 [],
    'observables' =&gt; Array &amp;11 [],
    'relations' =&gt; Array &amp;12 [],
    'touches' =&gt; Array &amp;13 [],
    'relationAutoloadCallback' =&gt; null,
    'relationAutoloadContext' =&gt; null,
    'timestamps' =&gt; true,
    'usesUniqueIds' =&gt; false,
    'hidden' =&gt; Array &amp;14 [
        0 =&gt; 'password',
        1 =&gt; 'remember_token',
    ],
    'visible' =&gt; Array &amp;15 [],
    'fillable' =&gt; Array &amp;16 [
        0 =&gt; 'name',
        1 =&gt; 'email',
        2 =&gt; 'password',
        3 =&gt; 'phone',
        4 =&gt; 'role',
        5 =&gt; 'status',
        6 =&gt; 'license_number',
        7 =&gt; 'id_document_path',
        8 =&gt; 'license_document_path',
        9 =&gt; 'avatar',
        10 =&gt; 'is_verified',
        11 =&gt; 'date_of_birth',
        12 =&gt; 'address',
        13 =&gt; 'is_new_user',
        14 =&gt; 'has_changed_default_password',
        15 =&gt; 'last_login_at',
        16 =&gt; 'password_changed_at',
    ],
    'guarded' =&gt; Array &amp;17 [
        0 =&gt; '*',
    ],
    'authPasswordName' =&gt; 'password',
    'rememberTokenName' =&gt; 'remember_token',
    'forceDeleting' =&gt; false,
) is null.&#13;
at tests\Feature\UserManagementTest.php:277</failure>
        </testcase>
        <testcase name="`User Management` → `User Updates` → it allows admin to update any user" file="tests\Feature\UserManagementTest.php::`User Management` → `User Updates` → it allows admin to update any user" class="Tests\Feature\UserManagementTest" classname="Tests.Feature.UserManagementTest" assertions="1" time="3.861784">
          <failure type="PHPUnit\Framework\ExpectationFailedException">`User Management` → `User Updates` → it allows admin to update any userFailed asserting that two strings are identical.&#13;
at tests\Feature\UserManagementTest.php:156</failure>
        </testcase>
        <testcase name="`User Management` → `User Updates` → it prevents non-admin from changing roles" file="tests\Feature\UserManagementTest.php::`User Management` → `User Updates` → it prevents non-admin from changing roles" class="Tests\Feature\UserManagementTest" classname="Tests.Feature.UserManagementTest" assertions="1" time="2.976971">
          <failure type="PHPUnit\Framework\ExpectationFailedException">`User Management` → `User Updates` → it prevents non-admin from changing rolesSession is missing expected key [errors].
Failed asserting that false is true.&#13;
at vendor\laravel\framework\src\Illuminate\Testing\TestResponseAssert.php:45
at vendor\laravel\framework\src\Illuminate\Testing\TestResponse.php:1517
at vendor\laravel\framework\src\Illuminate\Testing\TestResponse.php:1594
at tests\Feature\UserManagementTest.php:197</failure>
        </testcase>
        <testcase name="`User Management` → `User Updates` → it allows users to update their own profile" file="tests\Feature\UserManagementTest.php::`User Management` → `User Updates` → it allows users to update their own profile" class="Tests\Feature\UserManagementTest" classname="Tests.Feature.UserManagementTest" assertions="1" time="3.449663">
          <failure type="PHPUnit\Framework\ExpectationFailedException">`User Management` → `User Updates` → it allows users to update their own profileFailed asserting that two strings are identical.&#13;
at tests\Feature\UserManagementTest.php:170</failure>
        </testcase>
        <testcase name="`User Management` → `User Deletion` → it prevents self-deletion" file="tests\Feature\UserManagementTest.php::`User Management` → `User Deletion` → it prevents self-deletion" class="Tests\Feature\UserManagementTest" classname="Tests.Feature.UserManagementTest" assertions="1" time="4.845366">
          <failure type="PHPUnit\Framework\ExpectationFailedException">`User Management` → `User Deletion` → it prevents self-deletionExpected response status code [403] but received 405.
Failed asserting that 405 is identical to 403.&#13;
at vendor\laravel\framework\src\Illuminate\Testing\TestResponseAssert.php:45
at vendor\laravel\framework\src\Illuminate\Testing\TestResponse.php:174
at vendor\laravel\framework\src\Illuminate\Testing\Concerns\AssertsStatusCodes.php:141
at tests\Feature\UserManagementTest.php:296</failure>
        </testcase>
      </testsuite>
      <testsuite name="Tests\Feature\SnapshotTest" file="tests\Feature\SnapshotTest.php" tests="15" assertions="16" errors="1" failures="6" skipped="0" time="3.071933">
        <testcase name="`Snapshot Tests` → `Configuration Snapshots` → it matches mail configuration structure" file="tests\Feature\SnapshotTest.php::`Snapshot Tests` → `Configuration Snapshots` → it matches mail configuration structure" class="Tests\Feature\SnapshotTest" classname="Tests.Feature.SnapshotTest" assertions="1" time="0.198167"/>
        <testcase name="`Snapshot Tests` → `HTML Response Snapshots` → it matches dashboard HTML structure" file="tests\Feature\SnapshotTest.php::`Snapshot Tests` → `HTML Response Snapshots` → it matches dashboard HTML structure" class="Tests\Feature\SnapshotTest" classname="Tests.Feature.SnapshotTest" assertions="1" time="0.398139"/>
        <testcase name="`Snapshot Tests` → `Configuration Snapshots` → it matches filament configuration structure" file="tests\Feature\SnapshotTest.php::`Snapshot Tests` → `Configuration Snapshots` → it matches filament configuration structure" class="Tests\Feature\SnapshotTest" classname="Tests.Feature.SnapshotTest" assertions="1" time="0.115934"/>
        <testcase name="`Snapshot Tests` → `Database Query Snapshots` → it matches vehicle search query with filters" file="tests\Feature\SnapshotTest.php::`Snapshot Tests` → `Database Query Snapshots` → it matches vehicle search query with filters" class="Tests\Feature\SnapshotTest" classname="Tests.Feature.SnapshotTest" assertions="1" time="0.120549"/>
        <testcase name="`Snapshot Tests` → `API Response Snapshots` → it matches vehicle list API response structure" file="tests\Feature\SnapshotTest.php::`Snapshot Tests` → `API Response Snapshots` → it matches vehicle list API response structure" class="Tests\Feature\SnapshotTest" classname="Tests.Feature.SnapshotTest" assertions="2" time="0.676005">
          <failure type="PHPUnit\Framework\AssertionFailedError">`Snapshot Tests` → `API Response Snapshots` → it matches vehicle list API response structureInvalid JSON was returned from the route.&#13;
at vendor\laravel\framework\src\Illuminate\Testing\TestResponseAssert.php:45
at vendor\laravel\framework\src\Illuminate\Testing\TestResponse.php:1220
at vendor\laravel\framework\src\Illuminate\Testing\TestResponse.php:1235
at tests\Feature\SnapshotTest.php:25</failure>
        </testcase>
        <testcase name="`Snapshot Tests` → `Validation Error Snapshots` → it matches user registration validation errors" file="tests\Feature\SnapshotTest.php::`Snapshot Tests` → `Validation Error Snapshots` → it matches user registration validation errors" class="Tests\Feature\SnapshotTest" classname="Tests.Feature.SnapshotTest" assertions="1" time="0.092669">
          <failure type="PHPUnit\Framework\ExpectationFailedException">`Snapshot Tests` → `Validation Error Snapshots` → it matches user registration validation errorsExpected response status code [422] but received 500.
Failed asserting that 500 is identical to 422.&#13;
at vendor\laravel\framework\src\Illuminate\Testing\TestResponseAssert.php:45
at vendor\laravel\framework\src\Illuminate\Testing\TestResponse.php:174
at tests\Feature\SnapshotTest.php:236</failure>
        </testcase>
        <testcase name="`Snapshot Tests` → `Model Relationship Snapshots` → it matches user with full profile structure" file="tests\Feature\SnapshotTest.php::`Snapshot Tests` → `Model Relationship Snapshots` → it matches user with full profile structure" class="Tests\Feature\SnapshotTest" classname="Tests.Feature.SnapshotTest" assertions="0" time="0.097584">
          <error type="Illuminate\Database\Eloquent\RelationNotFoundException">`Snapshot Tests` → `Model Relationship Snapshots` → it matches user with full profile structureIlluminate\Database\Eloquent\RelationNotFoundException: Call to undefined relationship [ownedBookings] on model [App\Models\User].&#13;
at vendor\laravel\framework\src\Illuminate\Database\Eloquent\RelationNotFoundException.php:35
at vendor\laravel\framework\src\Illuminate\Database\Eloquent\Builder.php:969
at vendor\laravel\framework\src\Illuminate\Database\Eloquent\Relations\Relation.php:119
at vendor\laravel\framework\src\Illuminate\Database\Eloquent\Builder.php:965
at vendor\laravel\framework\src\Illuminate\Database\Eloquent\Builder.php:939
at vendor\laravel\framework\src\Illuminate\Database\Eloquent\Builder.php:919
at vendor\laravel\framework\src\Illuminate\Database\Eloquent\Model.php:800
at tests\Feature\SnapshotTest.php:267</error>
        </testcase>
        <testcase name="`Snapshot Tests` → `API Response Snapshots` → it matches booking creation response structure" file="tests\Feature\SnapshotTest.php::`Snapshot Tests` → `API Response Snapshots` → it matches booking creation response structure" class="Tests\Feature\SnapshotTest" classname="Tests.Feature.SnapshotTest" assertions="1" time="0.094362"/>
        <testcase name="`Snapshot Tests` → `Configuration Snapshots` → it matches database configuration structure" file="tests\Feature\SnapshotTest.php::`Snapshot Tests` → `Configuration Snapshots` → it matches database configuration structure" class="Tests\Feature\SnapshotTest" classname="Tests.Feature.SnapshotTest" assertions="1" time="0.078396"/>
        <testcase name="`Snapshot Tests` → `Validation Error Snapshots` → it matches vehicle validation error structure" file="tests\Feature\SnapshotTest.php::`Snapshot Tests` → `Validation Error Snapshots` → it matches vehicle validation error structure" class="Tests\Feature\SnapshotTest" classname="Tests.Feature.SnapshotTest" assertions="1" time="0.081430">
          <failure type="PHPUnit\Framework\ExpectationFailedException">`Snapshot Tests` → `Validation Error Snapshots` → it matches vehicle validation error structureExpected response status code [422] but received 500.
Failed asserting that 500 is identical to 422.&#13;
at vendor\laravel\framework\src\Illuminate\Testing\TestResponseAssert.php:45
at vendor\laravel\framework\src\Illuminate\Testing\TestResponse.php:174
at tests\Feature\SnapshotTest.php:211</failure>
        </testcase>
        <testcase name="`Snapshot Tests` → `Model Relationship Snapshots` → it matches vehicle with relationships structure" file="tests\Feature\SnapshotTest.php::`Snapshot Tests` → `Model Relationship Snapshots` → it matches vehicle with relationships structure" class="Tests\Feature\SnapshotTest" classname="Tests.Feature.SnapshotTest" assertions="1" time="0.106366">
          <failure type="PHPUnit\Framework\ExpectationFailedException">`Snapshot Tests` → `Model Relationship Snapshots` → it matches vehicle with relationships structureFailed asserting that the string value matches its snapshot (C:\laragon\www\CarRentSystem\tests/.pest\snapshots\Feature\SnapshotTest/_Snapshot_Tests__→__Model_Relationship_Snapshots__→_it_matches_vehicle_with_relationships_structure.snap).
Failed asserting that two strings are identical.&#13;
at tests\Feature\SnapshotTest.php:259</failure>
        </testcase>
        <testcase name="`Snapshot Tests` → `Database Query Snapshots` → it matches complex booking query structure" file="tests\Feature\SnapshotTest.php::`Snapshot Tests` → `Database Query Snapshots` → it matches complex booking query structure" class="Tests\Feature\SnapshotTest" classname="Tests.Feature.SnapshotTest" assertions="1" time="0.110331"/>
        <testcase name="`Snapshot Tests` → `Validation Error Snapshots` → it matches booking validation error structure" file="tests\Feature\SnapshotTest.php::`Snapshot Tests` → `Validation Error Snapshots` → it matches booking validation error structure" class="Tests\Feature\SnapshotTest" classname="Tests.Feature.SnapshotTest" assertions="1" time="0.079075">
          <failure type="PHPUnit\Framework\ExpectationFailedException">`Snapshot Tests` → `Validation Error Snapshots` → it matches booking validation error structureExpected response status code [422] but received 500.
Failed asserting that 500 is identical to 422.&#13;
at vendor\laravel\framework\src\Illuminate\Testing\TestResponseAssert.php:45
at vendor\laravel\framework\src\Illuminate\Testing\TestResponse.php:174
at tests\Feature\SnapshotTest.php:224</failure>
        </testcase>
        <testcase name="`Snapshot Tests` → `API Response Snapshots` → it matches user profile response structure" file="tests\Feature\SnapshotTest.php::`Snapshot Tests` → `API Response Snapshots` → it matches user profile response structure" class="Tests\Feature\SnapshotTest" classname="Tests.Feature.SnapshotTest" assertions="2" time="0.393742">
          <failure type="PHPUnit\Framework\AssertionFailedError">`Snapshot Tests` → `API Response Snapshots` → it matches user profile response structureInvalid JSON was returned from the route.&#13;
at vendor\laravel\framework\src\Illuminate\Testing\TestResponseAssert.php:45
at vendor\laravel\framework\src\Illuminate\Testing\TestResponse.php:1220
at vendor\laravel\framework\src\Illuminate\Testing\TestResponse.php:1235
at tests\Feature\SnapshotTest.php:67</failure>
        </testcase>
        <testcase name="`Snapshot Tests` → `HTML Response Snapshots` → it matches vehicle form HTML structure" file="tests\Feature\SnapshotTest.php::`Snapshot Tests` → `HTML Response Snapshots` → it matches vehicle form HTML structure" class="Tests\Feature\SnapshotTest" classname="Tests.Feature.SnapshotTest" assertions="1" time="0.429184"/>
      </testsuite>
      <testsuite name="Tests\Feature\ImageUploadTest" file="tests\Feature\ImageUploadTest.php" tests="4" assertions="7" errors="0" failures="0" skipped="0" time="0.323670">
        <testcase name="it validates file upload request classes exist" file="tests\Feature\ImageUploadTest.php::it validates file upload request classes exist" class="Tests\Feature\ImageUploadTest" classname="Tests.Feature.ImageUploadTest" assertions="2" time="0.090107"/>
        <testcase name="it validates image configuration exists" file="tests\Feature\ImageUploadTest.php::it validates image configuration exists" class="Tests\Feature\ImageUploadTest" classname="Tests.Feature.ImageUploadTest" assertions="3" time="0.097373"/>
        <testcase name="it validates image controller exists" file="tests\Feature\ImageUploadTest.php::it validates image controller exists" class="Tests\Feature\ImageUploadTest" classname="Tests.Feature.ImageUploadTest" assertions="1" time="0.067030"/>
        <testcase name="it validates image upload service exists" file="tests\Feature\ImageUploadTest.php::it validates image upload service exists" class="Tests\Feature\ImageUploadTest" classname="Tests.Feature.ImageUploadTest" assertions="1" time="0.069160"/>
      </testsuite>
      <testsuite name="Tests\Feature\Auth\RegistrationTest" file="tests\Feature\Auth\RegistrationTest.php" tests="1" assertions="3" errors="0" failures="0" skipped="0" time="0.216162">
        <testcase name="new users can register" file="tests\Feature\Auth\RegistrationTest.php::new users can register" class="Tests\Feature\Auth\RegistrationTest" classname="Tests.Feature.Auth.RegistrationTest" assertions="3" time="0.216162"/>
      </testsuite>
      <testsuite name="Tests\Feature\PowerFeaturesTest" file="tests\Feature\PowerFeaturesTest.php" tests="10" assertions="40" errors="4" failures="2" skipped="0" time="7.275442">
        <testcase name="`Power Features Demo` → `Eloquent Scopes Tests` → requiring attention scope finds problematic vehicles" file="tests\Feature\PowerFeaturesTest.php::`Power Features Demo` → `Eloquent Scopes Tests` → requiring attention scope finds problematic vehicles" class="Tests\Feature\PowerFeaturesTest" classname="Tests.Feature.PowerFeaturesTest" assertions="0" time="0.100271">
          <error type="BadMethodCallException">`Power Features Demo` → `Eloquent Scopes Tests` → requiring attention scope finds problematic vehiclesBadMethodCallException: Call to undefined method App\Models\Vehicle::requireingAttention()&#13;
at vendor\laravel\framework\src\Illuminate\Support\Traits\ForwardsCalls.php:67
at vendor\laravel\framework\src\Illuminate\Support\Traits\ForwardsCalls.php:36
at vendor\laravel\framework\src\Illuminate\Database\Eloquent\Model.php:2540
at vendor\laravel\framework\src\Illuminate\Database\Eloquent\Model.php:2556
at tests\Feature\PowerFeaturesTest.php:133</error>
        </testcase>
        <testcase name="`Power Features Demo` → `Rate Limiting Tests` → critical operations have stricter rate limits" file="tests\Feature\PowerFeaturesTest.php::`Power Features Demo` → `Rate Limiting Tests` → critical operations have stricter rate limits" class="Tests\Feature\PowerFeaturesTest" classname="Tests.Feature.PowerFeaturesTest" assertions="3" time="5.944902"/>
        <testcase name="`Power Features Demo` → `Eloquent Scopes Tests` → forRole scope filters vehicles correctly" file="tests\Feature\PowerFeaturesTest.php::`Power Features Demo` → `Eloquent Scopes Tests` → forRole scope filters vehicles correctly" class="Tests\Feature\PowerFeaturesTest" classname="Tests.Feature.PowerFeaturesTest" assertions="5" time="0.147690">
          <failure type="PHPUnit\Framework\ExpectationFailedException">`Power Features Demo` → `Eloquent Scopes Tests` → forRole scope filters vehicles correctlyFailed asserting that App\Enums\VehicleStatus Enum #187039 (PUBLISHED, 'published') is identical to 'published'.&#13;
at tests\Feature\PowerFeaturesTest.php:94</failure>
        </testcase>
        <testcase name="`Power Features Demo` → `Performance Monitoring` → query performance meets requirements" file="tests\Feature\PowerFeaturesTest.php::`Power Features Demo` → `Performance Monitoring` → query performance meets requirements" class="Tests\Feature\PowerFeaturesTest" classname="Tests.Feature.PowerFeaturesTest" assertions="0" time="0.143048">
          <error type="Illuminate\Database\QueryException">`Power Features Demo` → `Performance Monitoring` → query performance meets requirementsIlluminate\Database\QueryException: SQLSTATE[HY000]: General error: 1 HAVING clause on a non-aggregate query (Connection: sqlite, SQL: select "car_rental_vehicles".*, (select count(*) from "car_rental_bookings" where "car_rental_vehicles"."id" = "car_rental_bookings"."vehicle_id" and "car_rental_bookings"."deleted_at" is null) as "bookings_count", (select count(*) from "car_rental_reviews" where "car_rental_vehicles"."id" = "car_rental_reviews"."vehicle_id") as "reviews_count", (select avg("car_rental_reviews"."rating") from "car_rental_reviews" where "car_rental_vehicles"."id" = "car_rental_reviews"."vehicle_id") as "reviews_avg_rating" from "car_rental_vehicles" where "category" = luxury and "car_rental_vehicles"."deleted_at" is null having "bookings_count" &gt; 0 order by (bookings_count * 0.7 + COALESCE(reviews_avg_rating, 0) * 0.3) DESC limit 10)&#13;
at vendor\laravel\framework\src\Illuminate\Database\Connection.php:406
at vendor\laravel\framework\src\Illuminate\Database\Connection.php:811
at vendor\laravel\framework\src\Illuminate\Database\Connection.php:778
at vendor\laravel\framework\src\Illuminate\Database\Connection.php:397
at vendor\laravel\framework\src\Illuminate\Database\Query\Builder.php:3188
at vendor\laravel\framework\src\Illuminate\Database\Query\Builder.php:3173
at vendor\laravel\framework\src\Illuminate\Database\Query\Builder.php:3763
at vendor\laravel\framework\src\Illuminate\Database\Query\Builder.php:3172
at vendor\laravel\framework\src\Illuminate\Database\Eloquent\Builder.php:902
at vendor\laravel\framework\src\Illuminate\Database\Eloquent\Builder.php:884
at tests\Feature\PowerFeaturesTest.php:173
at tests\Pest.php:55
at tests\Pest.php:70
at tests\Feature\PowerFeaturesTest.php:170
Caused by
PDOException: SQLSTATE[HY000]: General error: 1 HAVING clause on a non-aggregate query

at vendor\laravel\framework\src\Illuminate\Database\Connection.php:406
at vendor\laravel\framework\src\Illuminate\Database\Connection.php:811
at vendor\laravel\framework\src\Illuminate\Database\Connection.php:778
at vendor\laravel\framework\src\Illuminate\Database\Connection.php:397
at vendor\laravel\framework\src\Illuminate\Database\Query\Builder.php:3188
at vendor\laravel\framework\src\Illuminate\Database\Query\Builder.php:3173
at vendor\laravel\framework\src\Illuminate\Database\Query\Builder.php:3763
at vendor\laravel\framework\src\Illuminate\Database\Query\Builder.php:3172
at vendor\laravel\framework\src\Illuminate\Database\Eloquent\Builder.php:902
at vendor\laravel\framework\src\Illuminate\Database\Eloquent\Builder.php:884
at tests\Feature\PowerFeaturesTest.php:173
at tests\Pest.php:55
at tests\Pest.php:70
at tests\Feature\PowerFeaturesTest.php:170</error>
        </testcase>
        <testcase name="`Power Features Demo` → `Eloquent Scopes Tests` → advanced search scope with multiple filters" file="tests\Feature\PowerFeaturesTest.php::`Power Features Demo` → `Eloquent Scopes Tests` → advanced search scope with multiple filters" class="Tests\Feature\PowerFeaturesTest" classname="Tests.Feature.PowerFeaturesTest" assertions="6" time="0.134278"/>
        <testcase name="`Power Features Demo` → `Rate Limiting Tests` → API rate limits work for different user roles" file="tests\Feature\PowerFeaturesTest.php::`Power Features Demo` → `Rate Limiting Tests` → API rate limits work for different user roles" class="Tests\Feature\PowerFeaturesTest" classname="Tests.Feature.PowerFeaturesTest" assertions="18" time="0.199525"/>
        <testcase name="`Power Features Demo` → `Performance Monitoring` → scope chaining performance" file="tests\Feature\PowerFeaturesTest.php::`Power Features Demo` → `Performance Monitoring` → scope chaining performance" class="Tests\Feature\PowerFeaturesTest" classname="Tests.Feature.PowerFeaturesTest" assertions="0" time="0.117869">
          <error type="Illuminate\Database\QueryException">`Power Features Demo` → `Performance Monitoring` → scope chaining performanceIlluminate\Database\QueryException: SQLSTATE[HY000]: General error: 1 HAVING clause on a non-aggregate query (Connection: sqlite, SQL: select "car_rental_vehicles".*, (select count(*) from "car_rental_bookings" where "car_rental_vehicles"."id" = "car_rental_bookings"."vehicle_id" and "car_rental_bookings"."deleted_at" is null) as "bookings_count", (select count(*) from "car_rental_reviews" where "car_rental_vehicles"."id" = "car_rental_reviews"."vehicle_id") as "reviews_count", (select avg("car_rental_reviews"."rating") from "car_rental_reviews" where "car_rental_vehicles"."id" = "car_rental_reviews"."vehicle_id") as "reviews_avg_rating" from "car_rental_vehicles" where "status" = published and "is_available" = 1 and "status" = published and "is_available" = 1 and "insurance_expiry" &gt; 2025-09-24 12:02:38 and not exists (select * from "car_rental_bookings" where "car_rental_vehicles"."id" = "car_rental_bookings"."vehicle_id" and "status" != cancelled and ("start_date" between 2025-09-24 12:02:38 and 2025-10-01 12:02:38 or "end_date" between 2025-09-24 12:02:38 and 2025-10-01 12:02:38 or ("start_date" &lt;= 2025-09-24 12:02:38 and "end_date" &gt;= 2025-10-01 12:02:38)) and "car_rental_bookings"."deleted_at" is null) and "daily_rate" &gt;= 50 and ("location" like %Kuala Lumpur% or "pickup_location" like %Kuala Lumpur%) and "car_rental_vehicles"."deleted_at" is null having "bookings_count" &gt; 0 order by (bookings_count * 0.7 + COALESCE(reviews_avg_rating, 0) * 0.3) DESC limit 5)&#13;
at vendor\laravel\framework\src\Illuminate\Database\Connection.php:406
at vendor\laravel\framework\src\Illuminate\Database\Connection.php:811
at vendor\laravel\framework\src\Illuminate\Database\Connection.php:778
at vendor\laravel\framework\src\Illuminate\Database\Connection.php:397
at vendor\laravel\framework\src\Illuminate\Database\Query\Builder.php:3188
at vendor\laravel\framework\src\Illuminate\Database\Query\Builder.php:3173
at vendor\laravel\framework\src\Illuminate\Database\Query\Builder.php:3763
at vendor\laravel\framework\src\Illuminate\Database\Query\Builder.php:3172
at vendor\laravel\framework\src\Illuminate\Database\Eloquent\Builder.php:902
at vendor\laravel\framework\src\Illuminate\Database\Eloquent\Builder.php:884
at tests\Feature\PowerFeaturesTest.php:186
at tests\Pest.php:55
at tests\Feature\PowerFeaturesTest.php:181
Caused by
PDOException: SQLSTATE[HY000]: General error: 1 HAVING clause on a non-aggregate query

at vendor\laravel\framework\src\Illuminate\Database\Connection.php:406
at vendor\laravel\framework\src\Illuminate\Database\Connection.php:811
at vendor\laravel\framework\src\Illuminate\Database\Connection.php:778
at vendor\laravel\framework\src\Illuminate\Database\Connection.php:397
at vendor\laravel\framework\src\Illuminate\Database\Query\Builder.php:3188
at vendor\laravel\framework\src\Illuminate\Database\Query\Builder.php:3173
at vendor\laravel\framework\src\Illuminate\Database\Query\Builder.php:3763
at vendor\laravel\framework\src\Illuminate\Database\Query\Builder.php:3172
at vendor\laravel\framework\src\Illuminate\Database\Eloquent\Builder.php:902
at vendor\laravel\framework\src\Illuminate\Database\Eloquent\Builder.php:884
at tests\Feature\PowerFeaturesTest.php:186
at tests\Pest.php:55
at tests\Feature\PowerFeaturesTest.php:181</error>
        </testcase>
        <testcase name="`Power Features Demo` → `Eloquent Scopes Tests` → popular vehicles scope with complex calculations" file="tests\Feature\PowerFeaturesTest.php::`Power Features Demo` → `Eloquent Scopes Tests` → popular vehicles scope with complex calculations" class="Tests\Feature\PowerFeaturesTest" classname="Tests.Feature.PowerFeaturesTest" assertions="0" time="0.138421">
          <error type="Illuminate\Database\QueryException">`Power Features Demo` → `Eloquent Scopes Tests` → popular vehicles scope with complex calculationsIlluminate\Database\QueryException: SQLSTATE[HY000]: General error: 1 HAVING clause on a non-aggregate query (Connection: sqlite, SQL: select "car_rental_vehicles".*, (select count(*) from "car_rental_bookings" where "car_rental_vehicles"."id" = "car_rental_bookings"."vehicle_id" and "car_rental_bookings"."deleted_at" is null) as "bookings_count", (select count(*) from "car_rental_reviews" where "car_rental_vehicles"."id" = "car_rental_reviews"."vehicle_id") as "reviews_count", (select avg("car_rental_reviews"."rating") from "car_rental_reviews" where "car_rental_vehicles"."id" = "car_rental_reviews"."vehicle_id") as "reviews_avg_rating" from "car_rental_vehicles" where "car_rental_vehicles"."deleted_at" is null having "bookings_count" &gt; 0 order by (bookings_count * 0.7 + COALESCE(reviews_avg_rating, 0) * 0.3) DESC limit 5)&#13;
at vendor\laravel\framework\src\Illuminate\Database\Connection.php:406
at vendor\laravel\framework\src\Illuminate\Database\Connection.php:811
at vendor\laravel\framework\src\Illuminate\Database\Connection.php:778
at vendor\laravel\framework\src\Illuminate\Database\Connection.php:397
at vendor\laravel\framework\src\Illuminate\Database\Query\Builder.php:3188
at vendor\laravel\framework\src\Illuminate\Database\Query\Builder.php:3173
at vendor\laravel\framework\src\Illuminate\Database\Query\Builder.php:3763
at vendor\laravel\framework\src\Illuminate\Database\Query\Builder.php:3172
at vendor\laravel\framework\src\Illuminate\Database\Eloquent\Builder.php:902
at vendor\laravel\framework\src\Illuminate\Database\Eloquent\Builder.php:884
at tests\Feature\PowerFeaturesTest.php:123
Caused by
PDOException: SQLSTATE[HY000]: General error: 1 HAVING clause on a non-aggregate query

at vendor\laravel\framework\src\Illuminate\Database\Connection.php:406
at vendor\laravel\framework\src\Illuminate\Database\Connection.php:811
at vendor\laravel\framework\src\Illuminate\Database\Connection.php:778
at vendor\laravel\framework\src\Illuminate\Database\Connection.php:397
at vendor\laravel\framework\src\Illuminate\Database\Query\Builder.php:3188
at vendor\laravel\framework\src\Illuminate\Database\Query\Builder.php:3173
at vendor\laravel\framework\src\Illuminate\Database\Query\Builder.php:3763
at vendor\laravel\framework\src\Illuminate\Database\Query\Builder.php:3172
at vendor\laravel\framework\src\Illuminate\Database\Eloquent\Builder.php:902
at vendor\laravel\framework\src\Illuminate\Database\Eloquent\Builder.php:884
at tests\Feature\PowerFeaturesTest.php:123</error>
        </testcase>
        <testcase name="`Power Features Demo` → `Eloquent Scopes Tests` → booking scopes work with complex conditions" file="tests\Feature\PowerFeaturesTest.php::`Power Features Demo` → `Eloquent Scopes Tests` → booking scopes work with complex conditions" class="Tests\Feature\PowerFeaturesTest" classname="Tests.Feature.PowerFeaturesTest" assertions="2" time="0.137120">
          <failure type="PHPUnit\Framework\ExpectationFailedException">`Power Features Demo` → `Eloquent Scopes Tests` → booking scopes work with complex conditionsFailed asserting that App\Enums\BookingStatus Enum #185456 (CONFIRMED, 'confirmed') is identical to 'confirmed'.&#13;
at tests\Feature\PowerFeaturesTest.php:155</failure>
        </testcase>
        <testcase name="`Power Features Demo` → `Integration Test` → all features work together seamlessly" file="tests\Feature\PowerFeaturesTest.php::`Power Features Demo` → `Integration Test` → all features work together seamlessly" class="Tests\Feature\PowerFeaturesTest" classname="Tests.Feature.PowerFeaturesTest" assertions="6" time="0.212319"/>
      </testsuite>
      <testsuite name="Tests\Feature\AdminPermissionsTest" file="tests\Feature\AdminPermissionsTest.php" tests="6" assertions="8" errors="0" failures="0" skipped="0" time="3.093300">
        <testcase name="it allows admin to edit vehicle record" file="tests\Feature\AdminPermissionsTest.php::it allows admin to edit vehicle record" class="Tests\Feature\AdminPermissionsTest" classname="Tests.Feature.AdminPermissionsTest" assertions="1" time="1.054143"/>
        <testcase name="it allows admin to access users resource methods" file="tests\Feature\AdminPermissionsTest.php::it allows admin to access users resource methods" class="Tests\Feature\AdminPermissionsTest" classname="Tests.Feature.AdminPermissionsTest" assertions="3" time="0.205786"/>
        <testcase name="it allows admin to access vehicle actions" file="tests\Feature\AdminPermissionsTest.php::it allows admin to access vehicle actions" class="Tests\Feature\AdminPermissionsTest" classname="Tests.Feature.AdminPermissionsTest" assertions="1" time="0.122856"/>
        <testcase name="it allows admin to view users resource page" file="tests\Feature\AdminPermissionsTest.php::it allows admin to view users resource page" class="Tests\Feature\AdminPermissionsTest" classname="Tests.Feature.AdminPermissionsTest" assertions="1" time="0.610096"/>
        <testcase name="it allows admin to view individual vehicle record" file="tests\Feature\AdminPermissionsTest.php::it allows admin to view individual vehicle record" class="Tests\Feature\AdminPermissionsTest" classname="Tests.Feature.AdminPermissionsTest" assertions="1" time="0.444247"/>
        <testcase name="it allows admin to view vehicles with actions available" file="tests\Feature\AdminPermissionsTest.php::it allows admin to view vehicles with actions available" class="Tests\Feature\AdminPermissionsTest" classname="Tests.Feature.AdminPermissionsTest" assertions="1" time="0.656172"/>
      </testsuite>
      <testsuite name="Tests\Feature\ExampleTest" file="tests\Feature\ExampleTest.php" tests="1" assertions="1" errors="0" failures="0" skipped="0" time="0.171616">
        <testcase name="example" file="tests\Feature\ExampleTest.php::example" class="Tests\Feature\ExampleTest" classname="Tests.Feature.ExampleTest" assertions="1" time="0.171616"/>
      </testsuite>
      <testsuite name="Tests\Feature\BookingManagementTest" file="tests\Feature\BookingManagementTest.php" tests="14" assertions="16" errors="0" failures="9" skipped="0" time="37.433110">
        <testcase name="`Booking Management` → `Booking Status Management` → it allows owner to confirm bookings for their vehicles" file="tests\Feature\BookingManagementTest.php::`Booking Management` → `Booking Status Management` → it allows owner to confirm bookings for their vehicles" class="Tests\Feature\BookingManagementTest" classname="Tests.Feature.BookingManagementTest" assertions="1" time="5.847263">
          <failure type="PHPUnit\Framework\ExpectationFailedException">`Booking Management` → `Booking Status Management` → it allows owner to confirm bookings for their vehiclesFailed asserting that two variables reference the same object.&#13;
at tests\Feature\BookingManagementTest.php:131</failure>
        </testcase>
        <testcase name="`Booking Management` → `Booking Status Management` → it allows admin to update booking status" file="tests\Feature\BookingManagementTest.php::`Booking Management` → `Booking Status Management` → it allows admin to update booking status" class="Tests\Feature\BookingManagementTest" classname="Tests.Feature.BookingManagementTest" assertions="1" time="4.166313">
          <failure type="PHPUnit\Framework\ExpectationFailedException">`Booking Management` → `Booking Status Management` → it allows admin to update booking statusFailed asserting that two variables reference the same object.&#13;
at tests\Feature\BookingManagementTest.php:121</failure>
        </testcase>
        <testcase name="`Booking Management` → `Booking Creation` → it validates booking dates" file="tests\Feature\BookingManagementTest.php::`Booking Management` → `Booking Creation` → it validates booking dates" class="Tests\Feature\BookingManagementTest" classname="Tests.Feature.BookingManagementTest" assertions="1" time="4.848708">
          <failure type="PHPUnit\Framework\ExpectationFailedException">`Booking Management` → `Booking Creation` → it validates booking datesSession is missing expected key [errors].
Failed asserting that false is true.&#13;
at vendor\laravel\framework\src\Illuminate\Testing\TestResponseAssert.php:45
at vendor\laravel\framework\src\Illuminate\Testing\TestResponse.php:1517
at vendor\laravel\framework\src\Illuminate\Testing\TestResponse.php:1594
at tests\Feature\BookingManagementTest.php:80</failure>
        </testcase>
        <testcase name="`Booking Management` → `Booking Listing` → it allows renter to view only their bookings" file="tests\Feature\BookingManagementTest.php::`Booking Management` → `Booking Listing` → it allows renter to view only their bookings" class="Tests\Feature\BookingManagementTest" classname="Tests.Feature.BookingManagementTest" assertions="1" time="0.605682"/>
        <testcase name="`Booking Management` → `Booking Status Management` → it allows renter to cancel their own bookings" file="tests\Feature\BookingManagementTest.php::`Booking Management` → `Booking Status Management` → it allows renter to cancel their own bookings" class="Tests\Feature\BookingManagementTest" classname="Tests.Feature.BookingManagementTest" assertions="1" time="4.780800">
          <failure type="PHPUnit\Framework\ExpectationFailedException">`Booking Management` → `Booking Status Management` → it allows renter to cancel their own bookingsFailed asserting that two variables reference the same object.&#13;
at tests\Feature\BookingManagementTest.php:141</failure>
        </testcase>
        <testcase name="`Booking Management` → `Booking Calendar Integration` → it allows creating bookings from calendar" file="tests\Feature\BookingManagementTest.php::`Booking Management` → `Booking Calendar Integration` → it allows creating bookings from calendar" class="Tests\Feature\BookingManagementTest" classname="Tests.Feature.BookingManagementTest" assertions="1" time="0.094815">
          <failure type="PHPUnit\Framework\ExpectationFailedException">`Booking Management` → `Booking Calendar Integration` → it allows creating bookings from calendarExpected response status code [&gt;=200, &lt;300] but received 404.
Failed asserting that false is true.&#13;
at vendor\laravel\framework\src\Illuminate\Testing\TestResponseAssert.php:45
at vendor\laravel\framework\src\Illuminate\Testing\TestResponse.php:103
at tests\Feature\BookingManagementTest.php:162</failure>
        </testcase>
        <testcase name="`Booking Management` → `Booking Listing` → it allows admin to view all bookings" file="tests\Feature\BookingManagementTest.php::`Booking Management` → `Booking Listing` → it allows admin to view all bookings" class="Tests\Feature\BookingManagementTest" classname="Tests.Feature.BookingManagementTest" assertions="2" time="0.434325"/>
        <testcase name="`Booking Management` → `Booking Creation` → it prevents double booking for same dates" file="tests\Feature\BookingManagementTest.php::`Booking Management` → `Booking Creation` → it prevents double booking for same dates" class="Tests\Feature\BookingManagementTest" classname="Tests.Feature.BookingManagementTest" assertions="1" time="8.821177">
          <failure type="PHPUnit\Framework\ExpectationFailedException">`Booking Management` → `Booking Creation` → it prevents double booking for same datesSession is missing expected key [errors].
Failed asserting that false is true.&#13;
at vendor\laravel\framework\src\Illuminate\Testing\TestResponseAssert.php:45
at vendor\laravel\framework\src\Illuminate\Testing\TestResponse.php:1517
at vendor\laravel\framework\src\Illuminate\Testing\TestResponse.php:1594
at tests\Feature\BookingManagementTest.php:101</failure>
        </testcase>
        <testcase name="`Booking Management` → `Booking Soft Deletion` → it soft deletes bookings instead of hard deletion" file="tests\Feature\BookingManagementTest.php::`Booking Management` → `Booking Soft Deletion` → it soft deletes bookings instead of hard deletion" class="Tests\Feature\BookingManagementTest" classname="Tests.Feature.BookingManagementTest" assertions="1" time="6.313229">
          <failure type="PHPUnit\Framework\ExpectationFailedException">`Booking Management` → `Booking Soft Deletion` → it soft deletes bookings instead of hard deletionFailed asserting that App\Models\Booking Object #242194 (
    'connection' =&gt; 'sqlite',
    'table' =&gt; 'car_rental_bookings',
    'primaryKey' =&gt; 'id',
    'keyType' =&gt; 'int',
    'incrementing' =&gt; true,
    'with' =&gt; Array &amp;0 [],
    'withCount' =&gt; Array &amp;1 [],
    'preventsLazyLoading' =&gt; false,
    'perPage' =&gt; 15,
    'exists' =&gt; true,
    'wasRecentlyCreated' =&gt; false,
    'escapeWhenCastingToString' =&gt; false,
    'attributes' =&gt; Array &amp;2 [
        'id' =&gt; 1,
        'renter_id' =&gt; 3,
        'vehicle_id' =&gt; 1,
        'start_date' =&gt; '2025-09-14 09:03:15',
        'end_date' =&gt; '2025-09-22 09:03:15',
        'total_amount' =&gt; 441,
        'status' =&gt; 'pending',
        'pickup_location' =&gt; '3926 Lonie Corner\n
South Shirley, AL 49399',
        'dropoff_location' =&gt; '94287 Vern Views\n
Vanessamouth, CT 03210',
        'special_requests' =&gt; null,
        'deposit_amount' =&gt; 88.2,
        'commission_amount' =&gt; 66.15,
        'created_at' =&gt; '2025-09-24 12:03:11',
        'updated_at' =&gt; '2025-09-24 12:03:11',
        'deleted_at' =&gt; null,
        'payment_status' =&gt; 'unpaid',
        'payment_method' =&gt; null,
        'days' =&gt; null,
        'daily_rate' =&gt; null,
        'subtotal' =&gt; null,
        'insurance_fee' =&gt; null,
        'tax_amount' =&gt; null,
    ],
    'original' =&gt; Array &amp;3 [
        'id' =&gt; 1,
        'renter_id' =&gt; 3,
        'vehicle_id' =&gt; 1,
        'start_date' =&gt; '2025-09-14 09:03:15',
        'end_date' =&gt; '2025-09-22 09:03:15',
        'total_amount' =&gt; 441,
        'status' =&gt; 'pending',
        'pickup_location' =&gt; '3926 Lonie Corner\n
South Shirley, AL 49399',
        'dropoff_location' =&gt; '94287 Vern Views\n
Vanessamouth, CT 03210',
        'special_requests' =&gt; null,
        'deposit_amount' =&gt; 88.2,
        'commission_amount' =&gt; 66.15,
        'created_at' =&gt; '2025-09-24 12:03:11',
        'updated_at' =&gt; '2025-09-24 12:03:11',
        'deleted_at' =&gt; null,
        'payment_status' =&gt; 'unpaid',
        'payment_method' =&gt; null,
        'days' =&gt; null,
        'daily_rate' =&gt; null,
        'subtotal' =&gt; null,
        'insurance_fee' =&gt; null,
        'tax_amount' =&gt; null,
    ],
    'changes' =&gt; Array &amp;4 [],
    'previous' =&gt; Array &amp;5 [],
    'casts' =&gt; Array &amp;6 [
        'start_date' =&gt; 'datetime',
        'end_date' =&gt; 'datetime',
        'status' =&gt; 'App\Enums\BookingStatus',
        'daily_rate' =&gt; 'decimal:2',
        'subtotal' =&gt; 'decimal:2',
        'insurance_fee' =&gt; 'decimal:2',
        'tax_amount' =&gt; 'decimal:2',
        'total_amount' =&gt; 'decimal:2',
        'deposit_amount' =&gt; 'decimal:2',
        'commission_amount' =&gt; 'decimal:2',
        'deleted_at' =&gt; 'datetime',
    ],
    'classCastCache' =&gt; Array &amp;7 [],
    'attributeCastCache' =&gt; Array &amp;8 [],
    'dateFormat' =&gt; null,
    'appends' =&gt; Array &amp;9 [],
    'dispatchesEvents' =&gt; Array &amp;10 [],
    'observables' =&gt; Array &amp;11 [],
    'relations' =&gt; Array &amp;12 [],
    'touches' =&gt; Array &amp;13 [],
    'relationAutoloadCallback' =&gt; null,
    'relationAutoloadContext' =&gt; null,
    'timestamps' =&gt; true,
    'usesUniqueIds' =&gt; false,
    'hidden' =&gt; Array &amp;14 [],
    'visible' =&gt; Array &amp;15 [],
    'fillable' =&gt; Array &amp;16 [
        0 =&gt; 'renter_id',
        1 =&gt; 'vehicle_id',
        2 =&gt; 'start_date',
        3 =&gt; 'end_date',
        4 =&gt; 'days',
        5 =&gt; 'daily_rate',
        6 =&gt; 'subtotal',
        7 =&gt; 'insurance_fee',
        8 =&gt; 'tax_amount',
        9 =&gt; 'total_amount',
        10 =&gt; 'status',
        11 =&gt; 'pickup_location',
        12 =&gt; 'dropoff_location',
        13 =&gt; 'special_requests',
        14 =&gt; 'deposit_amount',
        15 =&gt; 'commission_amount',
        16 =&gt; 'payment_status',
        17 =&gt; 'payment_method',
    ],
    'guarded' =&gt; Array &amp;17 [
        0 =&gt; '*',
    ],
    'forceDeleting' =&gt; false,
) is null.&#13;
at tests\Feature\BookingManagementTest.php:206</failure>
        </testcase>
        <testcase name="`Booking Management` → `Booking Creation` → it allows renter to create new booking" file="tests\Feature\BookingManagementTest.php::`Booking Management` → `Booking Creation` → it allows renter to create new booking" class="Tests\Feature\BookingManagementTest" classname="Tests.Feature.BookingManagementTest" assertions="1" time="0.384134"/>
        <testcase name="`Booking Management` → `Booking Calendar Integration` → it displays bookings in calendar format" file="tests\Feature\BookingManagementTest.php::`Booking Management` → `Booking Calendar Integration` → it displays bookings in calendar format" class="Tests\Feature\BookingManagementTest" classname="Tests.Feature.BookingManagementTest" assertions="1" time="0.126506">
          <failure type="PHPUnit\Framework\ExpectationFailedException">`Booking Management` → `Booking Calendar Integration` → it displays bookings in calendar formatExpected response status code [&gt;=200, &lt;300] but received 404.
Failed asserting that false is true.&#13;
at vendor\laravel\framework\src\Illuminate\Testing\TestResponseAssert.php:45
at vendor\laravel\framework\src\Illuminate\Testing\TestResponse.php:103
at tests\Feature\BookingManagementTest.php:156</failure>
        </testcase>
        <testcase name="`Booking Management` → `Booking Listing` → it filters bookings by status" file="tests\Feature\BookingManagementTest.php::`Booking Management` → `Booking Listing` → it filters bookings by status" class="Tests\Feature\BookingManagementTest" classname="Tests.Feature.BookingManagementTest" assertions="1" time="0.704860"/>
        <testcase name="`Booking Management` → `Booking Commission Calculation` → it calculates commission amount correctly" file="tests\Feature\BookingManagementTest.php::`Booking Management` → `Booking Commission Calculation` → it calculates commission amount correctly" class="Tests\Feature\BookingManagementTest" classname="Tests.Feature.BookingManagementTest" assertions="1" time="0.180266">
          <failure type="PHPUnit\Framework\ExpectationFailedException">`Booking Management` → `Booking Commission Calculation` → it calculates commission amount correctlyFailed asserting that '50.00' is identical to 50.0.&#13;
at tests\Feature\BookingManagementTest.php:189</failure>
        </testcase>
        <testcase name="`Booking Management` → `Booking Payment Status` → it tracks payment status separately from booking status" file="tests\Feature\BookingManagementTest.php::`Booking Management` → `Booking Payment Status` → it tracks payment status separately from booking status" class="Tests\Feature\BookingManagementTest" classname="Tests.Feature.BookingManagementTest" assertions="2" time="0.125033"/>
      </testsuite>
      <testsuite name="Tests\Feature\VehicleManagementTest" file="tests\Feature\VehicleManagementTest.php" tests="16" assertions="16" errors="1" failures="9" skipped="0" time="47.773809">
        <testcase name="`Vehicle Management` → `Vehicle Deletion` → it prevents owner from deleting other owners vehicles" file="tests\Feature\VehicleManagementTest.php::`Vehicle Management` → `Vehicle Deletion` → it prevents owner from deleting other owners vehicles" class="Tests\Feature\VehicleManagementTest" classname="Tests.Feature.VehicleManagementTest" assertions="1" time="5.096433">
          <failure type="PHPUnit\Framework\ExpectationFailedException">`Vehicle Management` → `Vehicle Deletion` → it prevents owner from deleting other owners vehiclesExpected response status code [403] but received 405.
Failed asserting that 405 is identical to 403.&#13;
at vendor\laravel\framework\src\Illuminate\Testing\TestResponseAssert.php:45
at vendor\laravel\framework\src\Illuminate\Testing\TestResponse.php:174
at vendor\laravel\framework\src\Illuminate\Testing\Concerns\AssertsStatusCodes.php:141
at tests\Feature\VehicleManagementTest.php:189</failure>
        </testcase>
        <testcase name="`Vehicle Management` → `Vehicle Deletion` → it allows admin to delete any vehicle" file="tests\Feature\VehicleManagementTest.php::`Vehicle Management` → `Vehicle Deletion` → it allows admin to delete any vehicle" class="Tests\Feature\VehicleManagementTest" classname="Tests.Feature.VehicleManagementTest" assertions="1" time="5.338681">
          <failure type="PHPUnit\Framework\ExpectationFailedException">`Vehicle Management` → `Vehicle Deletion` → it allows admin to delete any vehicleFailed asserting that App\Models\Vehicle Object #235762 (
    'connection' =&gt; 'sqlite',
    'table' =&gt; 'car_rental_vehicles',
    'primaryKey' =&gt; 'id',
    'keyType' =&gt; 'int',
    'incrementing' =&gt; true,
    'with' =&gt; Array &amp;0 [],
    'withCount' =&gt; Array &amp;1 [],
    'preventsLazyLoading' =&gt; false,
    'perPage' =&gt; 15,
    'exists' =&gt; true,
    'wasRecentlyCreated' =&gt; false,
    'escapeWhenCastingToString' =&gt; false,
    'attributes' =&gt; Array &amp;2 [
        'id' =&gt; 1,
        'owner_id' =&gt; 2,
        'make' =&gt; 'Tesla',
        'model' =&gt; 'Model S',
        'year' =&gt; 2023,
        'plate_number' =&gt; 'lqd-4842',
        'vin' =&gt; '14u0h1k9p7g6d2m2r6o',
        'fuel_type' =&gt; 'diesel',
        'transmission' =&gt; 'manual',
        'daily_rate' =&gt; 120,
        'status' =&gt; 'published',
        'created_at' =&gt; '2025-09-24 12:03:24',
        'updated_at' =&gt; '2025-09-24 12:03:24',
        'deleted_at' =&gt; null,
        'oil_type' =&gt; '10W-40',
        'last_oil_change' =&gt; '2024-10-28 07:07:24',
        'policy' =&gt; 'Reiciendis rerum inventore cum omnis quis corporis quam. Praesentium et magnam quo in sed.',
        'is_available' =&gt; 0,
        'traffic_violations' =&gt; null,
        'violations_last_checked' =&gt; null,
        'total_violations_count' =&gt; 0,
        'total_fines_amount' =&gt; 0,
        'has_pending_violations' =&gt; 0,
        'category' =&gt; 'electric',
        'doors' =&gt; 4,
        'seats' =&gt; 8,
        'color' =&gt; 'Blue',
        'engine_size' =&gt; 3.1,
        'mileage' =&gt; 67029,
        'location' =&gt; 'West Amoshaven',
        'pickup_location' =&gt; '53973 Jayne Divide\n
Port Lupetown, VA 55569-3330',
        'insurance_included' =&gt; 1,
        'insurance_expiry' =&gt; '2026-04-08 09:01:09',
        'featured_image' =&gt; 'vehicles/electric-tesla-models.jpg',
        'gallery_images' =&gt; null,
        'documents' =&gt; null,
        'features' =&gt; null,
        'description' =&gt; 'Autem omnis necessitatibus consectetur consequatur. Saepe illo et sit consequuntur quasi. Inventore repellat reiciendis molestias ea culpa.',
        'terms_and_conditions' =&gt; 'Eum dignissimos accusantium facere rerum laudantium earum. Enim eum veniam ducimus et molestiae. Et nam modi quaerat omnis.',
    ],
    'original' =&gt; Array &amp;3 [
        'id' =&gt; 1,
        'owner_id' =&gt; 2,
        'make' =&gt; 'Tesla',
        'model' =&gt; 'Model S',
        'year' =&gt; 2023,
        'plate_number' =&gt; 'lqd-4842',
        'vin' =&gt; '14u0h1k9p7g6d2m2r6o',
        'fuel_type' =&gt; 'diesel',
        'transmission' =&gt; 'manual',
        'daily_rate' =&gt; 120,
        'status' =&gt; 'published',
        'created_at' =&gt; '2025-09-24 12:03:24',
        'updated_at' =&gt; '2025-09-24 12:03:24',
        'deleted_at' =&gt; null,
        'oil_type' =&gt; '10W-40',
        'last_oil_change' =&gt; '2024-10-28 07:07:24',
        'policy' =&gt; 'Reiciendis rerum inventore cum omnis quis corporis quam. Praesentium et magnam quo in sed.',
        'is_available' =&gt; 0,
        'traffic_violations' =&gt; null,
        'violations_last_checked' =&gt; null,
        'total_violations_count' =&gt; 0,
        'total_fines_amount' =&gt; 0,
        'has_pending_violations' =&gt; 0,
        'category' =&gt; 'electric',
        'doors' =&gt; 4,
        'seats' =&gt; 8,
        'color' =&gt; 'Blue',
        'engine_size' =&gt; 3.1,
        'mileage' =&gt; 67029,
        'location' =&gt; 'West Amoshaven',
        'pickup_location' =&gt; '53973 Jayne Divide\n
Port Lupetown, VA 55569-3330',
        'insurance_included' =&gt; 1,
        'insurance_expiry' =&gt; '2026-04-08 09:01:09',
        'featured_image' =&gt; 'vehicles/electric-tesla-models.jpg',
        'gallery_images' =&gt; null,
        'documents' =&gt; null,
        'features' =&gt; null,
        'description' =&gt; 'Autem omnis necessitatibus consectetur consequatur. Saepe illo et sit consequuntur quasi. Inventore repellat reiciendis molestias ea culpa.',
        'terms_and_conditions' =&gt; 'Eum dignissimos accusantium facere rerum laudantium earum. Enim eum veniam ducimus et molestiae. Et nam modi quaerat omnis.',
    ],
    'changes' =&gt; Array &amp;4 [],
    'previous' =&gt; Array &amp;5 [],
    'casts' =&gt; Array &amp;6 [
        'daily_rate' =&gt; 'decimal:2',
        'year' =&gt; 'integer',
        'seats' =&gt; 'integer',
        'doors' =&gt; 'integer',
        'mileage' =&gt; 'integer',
        'engine_size' =&gt; 'decimal:1',
        'last_oil_change' =&gt; 'date',
        'insurance_expiry' =&gt; 'date',
        'fuel_type' =&gt; 'App\Enums\VehicleFuelType',
        'transmission' =&gt; 'App\Enums\VehicleTransmission',
        'status' =&gt; 'App\Enums\VehicleStatus',
        'is_available' =&gt; 'boolean',
        'insurance_included' =&gt; 'boolean',
        'gallery_images' =&gt; 'array',
        'documents' =&gt; 'array',
        'features' =&gt; 'array',
        'traffic_violations' =&gt; 'array',
        'violations_last_checked' =&gt; 'datetime',
        'total_violations_count' =&gt; 'integer',
        'total_fines_amount' =&gt; 'decimal:2',
        'has_pending_violations' =&gt; 'boolean',
        'deleted_at' =&gt; 'datetime',
    ],
    'classCastCache' =&gt; Array &amp;7 [],
    'attributeCastCache' =&gt; Array &amp;8 [],
    'dateFormat' =&gt; null,
    'appends' =&gt; Array &amp;9 [],
    'dispatchesEvents' =&gt; Array &amp;10 [],
    'observables' =&gt; Array &amp;11 [],
    'relations' =&gt; Array &amp;12 [],
    'touches' =&gt; Array &amp;13 [],
    'relationAutoloadCallback' =&gt; null,
    'relationAutoloadContext' =&gt; null,
    'timestamps' =&gt; true,
    'usesUniqueIds' =&gt; false,
    'hidden' =&gt; Array &amp;14 [],
    'visible' =&gt; Array &amp;15 [],
    'fillable' =&gt; Array &amp;16 [
        0 =&gt; 'owner_id',
        1 =&gt; 'make',
        2 =&gt; 'model',
        3 =&gt; 'year',
        4 =&gt; 'color',
        5 =&gt; 'plate_number',
        6 =&gt; 'vin',
        7 =&gt; 'fuel_type',
        8 =&gt; 'transmission',
        9 =&gt; 'seats',
        10 =&gt; 'daily_rate',
        11 =&gt; 'description',
        12 =&gt; 'status',
        13 =&gt; 'is_available',
        14 =&gt; 'location',
        15 =&gt; 'mileage',
        16 =&gt; 'insurance_expiry',
        17 =&gt; 'oil_type',
        18 =&gt; 'last_oil_change',
        19 =&gt; 'policy',
        20 =&gt; 'category',
        21 =&gt; 'doors',
        22 =&gt; 'engine_size',
        23 =&gt; 'pickup_location',
        24 =&gt; 'insurance_included',
        25 =&gt; 'featured_image',
        26 =&gt; 'gallery_images',
        27 =&gt; 'documents',
        28 =&gt; 'features',
        29 =&gt; 'terms_and_conditions',
        30 =&gt; 'traffic_violations',
        31 =&gt; 'violations_last_checked',
        32 =&gt; 'total_violations_count',
        33 =&gt; 'total_fines_amount',
        34 =&gt; 'has_pending_violations',
    ],
    'guarded' =&gt; Array &amp;17 [
        0 =&gt; '*',
    ],
    'oldAttributes' =&gt; Array &amp;18 [],
    'enableLoggingModelsEvents' =&gt; true,
    'forceDeleting' =&gt; false,
) is null.&#13;
at tests\Feature\VehicleManagementTest.php:174</failure>
        </testcase>
        <testcase name="`Vehicle Management` → `Vehicle Creation` → it automatically assigns owner_id when creating vehicle" file="tests\Feature\VehicleManagementTest.php::`Vehicle Management` → `Vehicle Creation` → it automatically assigns owner_id when creating vehicle" class="Tests\Feature\VehicleManagementTest" classname="Tests.Feature.VehicleManagementTest" assertions="0" time="3.761071">
          <error type="ErrorException">`Vehicle Management` → `Vehicle Creation` → it automatically assigns owner_id when creating vehicleErrorException: Attempt to read property "owner_id" on null&#13;
at vendor\laravel\framework\src\Illuminate\Foundation\Bootstrap\HandleExceptions.php:258
at tests\Feature\VehicleManagementTest.php:100</error>
        </testcase>
        <testcase name="`Vehicle Management` → `Vehicle Creation` → it allows owner to create their own vehicles" file="tests\Feature\VehicleManagementTest.php::`Vehicle Management` → `Vehicle Creation` → it allows owner to create their own vehicles" class="Tests\Feature\VehicleManagementTest" classname="Tests.Feature.VehicleManagementTest" assertions="1" time="0.429322"/>
        <testcase name="`Vehicle Management` → `Vehicle Viewing` → it allows owner to view their own vehicles" file="tests\Feature\VehicleManagementTest.php::`Vehicle Management` → `Vehicle Viewing` → it allows owner to view their own vehicles" class="Tests\Feature\VehicleManagementTest" classname="Tests.Feature.VehicleManagementTest" assertions="1" time="0.257459"/>
        <testcase name="`Vehicle Management` → `Vehicle Creation` → it allows admin to create vehicles" file="tests\Feature\VehicleManagementTest.php::`Vehicle Management` → `Vehicle Creation` → it allows admin to create vehicles" class="Tests\Feature\VehicleManagementTest" classname="Tests.Feature.VehicleManagementTest" assertions="1" time="0.498782"/>
        <testcase name="`Vehicle Management` → `Vehicle Updates` → it allows owner to update their own vehicles" file="tests\Feature\VehicleManagementTest.php::`Vehicle Management` → `Vehicle Updates` → it allows owner to update their own vehicles" class="Tests\Feature\VehicleManagementTest" classname="Tests.Feature.VehicleManagementTest" assertions="1" time="4.883059">
          <failure type="PHPUnit\Framework\ExpectationFailedException">`Vehicle Management` → `Vehicle Updates` → it allows owner to update their own vehiclesFailed asserting that '34.00' is identical to 95.0.&#13;
at tests\Feature\VehicleManagementTest.php:152</failure>
        </testcase>
        <testcase name="`Vehicle Management` → `Vehicle Listing` → it restricts renter access to vehicle management" file="tests\Feature\VehicleManagementTest.php::`Vehicle Management` → `Vehicle Listing` → it restricts renter access to vehicle management" class="Tests\Feature\VehicleManagementTest" classname="Tests.Feature.VehicleManagementTest" assertions="1" time="0.477814">
          <failure type="PHPUnit\Framework\ExpectationFailedException">`Vehicle Management` → `Vehicle Listing` → it restricts renter access to vehicle managementExpected response status code [403] but received 200.
Failed asserting that 200 is identical to 403.&#13;
at vendor\laravel\framework\src\Illuminate\Testing\TestResponseAssert.php:45
at vendor\laravel\framework\src\Illuminate\Testing\TestResponse.php:174
at vendor\laravel\framework\src\Illuminate\Testing\Concerns\AssertsStatusCodes.php:141
at tests\Feature\VehicleManagementTest.php:39</failure>
        </testcase>
        <testcase name="`Vehicle Management` → `Vehicle Listing` → it allows owner to view only their vehicles" file="tests\Feature\VehicleManagementTest.php::`Vehicle Management` → `Vehicle Listing` → it allows owner to view only their vehicles" class="Tests\Feature\VehicleManagementTest" classname="Tests.Feature.VehicleManagementTest" assertions="1" time="0.605206"/>
        <testcase name="`Vehicle Management` → `Vehicle Updates` → it allows admin to update any vehicle" file="tests\Feature\VehicleManagementTest.php::`Vehicle Management` → `Vehicle Updates` → it allows admin to update any vehicle" class="Tests\Feature\VehicleManagementTest" classname="Tests.Feature.VehicleManagementTest" assertions="1" time="4.811616">
          <failure type="PHPUnit\Framework\ExpectationFailedException">`Vehicle Management` → `Vehicle Updates` → it allows admin to update any vehicleFailed asserting that '185.00' is identical to 120.0.&#13;
at tests\Feature\VehicleManagementTest.php:142</failure>
        </testcase>
        <testcase name="`Vehicle Management` → `Vehicle Viewing` → it allows admin to view any vehicle" file="tests\Feature\VehicleManagementTest.php::`Vehicle Management` → `Vehicle Viewing` → it allows admin to view any vehicle" class="Tests\Feature\VehicleManagementTest" classname="Tests.Feature.VehicleManagementTest" assertions="1" time="0.439044"/>
        <testcase name="`Vehicle Management` → `Vehicle Viewing` → it prevents owner from viewing other owners vehicles" file="tests\Feature\VehicleManagementTest.php::`Vehicle Management` → `Vehicle Viewing` → it prevents owner from viewing other owners vehicles" class="Tests\Feature\VehicleManagementTest" classname="Tests.Feature.VehicleManagementTest" assertions="1" time="0.167674">
          <failure type="PHPUnit\Framework\ExpectationFailedException">`Vehicle Management` → `Vehicle Viewing` → it prevents owner from viewing other owners vehiclesExpected response status code [403] but received 404.
Failed asserting that 404 is identical to 403.&#13;
at vendor\laravel\framework\src\Illuminate\Testing\TestResponseAssert.php:45
at vendor\laravel\framework\src\Illuminate\Testing\TestResponse.php:174
at vendor\laravel\framework\src\Illuminate\Testing\Concerns\AssertsStatusCodes.php:141
at tests\Feature\VehicleManagementTest.php:126</failure>
        </testcase>
        <testcase name="`Vehicle Management` → `Vehicle Status Management` → it allows changing vehicle status" file="tests\Feature\VehicleManagementTest.php::`Vehicle Management` → `Vehicle Status Management` → it allows changing vehicle status" class="Tests\Feature\VehicleManagementTest" classname="Tests.Feature.VehicleManagementTest" assertions="1" time="5.121112">
          <failure type="PHPUnit\Framework\ExpectationFailedException">`Vehicle Management` → `Vehicle Status Management` → it allows changing vehicle statusFailed asserting that two variables reference the same object.&#13;
at tests\Feature\VehicleManagementTest.php:206</failure>
        </testcase>
        <testcase name="`Vehicle Management` → `Vehicle Deletion` → it allows owner to delete their own vehicles" file="tests\Feature\VehicleManagementTest.php::`Vehicle Management` → `Vehicle Deletion` → it allows owner to delete their own vehicles" class="Tests\Feature\VehicleManagementTest" classname="Tests.Feature.VehicleManagementTest" assertions="1" time="6.769657">
          <failure type="PHPUnit\Framework\ExpectationFailedException">`Vehicle Management` → `Vehicle Deletion` → it allows owner to delete their own vehiclesFailed asserting that App\Models\Vehicle Object #240882 (
    'connection' =&gt; 'sqlite',
    'table' =&gt; 'car_rental_vehicles',
    'primaryKey' =&gt; 'id',
    'keyType' =&gt; 'int',
    'incrementing' =&gt; true,
    'with' =&gt; Array &amp;0 [],
    'withCount' =&gt; Array &amp;1 [],
    'preventsLazyLoading' =&gt; false,
    'perPage' =&gt; 15,
    'exists' =&gt; true,
    'wasRecentlyCreated' =&gt; false,
    'escapeWhenCastingToString' =&gt; false,
    'attributes' =&gt; Array &amp;2 [
        'id' =&gt; 1,
        'owner_id' =&gt; 2,
        'make' =&gt; 'Honda',
        'model' =&gt; 'CR-V',
        'year' =&gt; 2023,
        'plate_number' =&gt; 'rze-9408',
        'vin' =&gt; '12s0g4a6t5q6l1q6o4x',
        'fuel_type' =&gt; 'hybrid',
        'transmission' =&gt; 'cvt',
        'daily_rate' =&gt; 193,
        'status' =&gt; 'pending',
        'created_at' =&gt; '2025-09-24 12:03:51',
        'updated_at' =&gt; '2025-09-24 12:03:51',
        'deleted_at' =&gt; null,
        'oil_type' =&gt; '10W-40',
        'last_oil_change' =&gt; null,
        'policy' =&gt; 'Laudantium doloremque eos omnis omnis minima. Harum sunt molestias est fugit. Laboriosam nostrum sunt saepe inventore tenetur velit facilis.',
        'is_available' =&gt; 1,
        'traffic_violations' =&gt; null,
        'violations_last_checked' =&gt; null,
        'total_violations_count' =&gt; 0,
        'total_fines_amount' =&gt; 0,
        'has_pending_violations' =&gt; 0,
        'category' =&gt; 'suv',
        'doors' =&gt; 4,
        'seats' =&gt; 5,
        'color' =&gt; 'Blue',
        'engine_size' =&gt; 3.4,
        'mileage' =&gt; 74345,
        'location' =&gt; 'Lake Shaniyamouth',
        'pickup_location' =&gt; '57970 Hiram Isle\n
Rickview, UT 83752',
        'insurance_included' =&gt; 0,
        'insurance_expiry' =&gt; '2027-01-23 22:07:48',
        'featured_image' =&gt; 'vehicles/suv-honda-crv.jpg',
        'gallery_images' =&gt; null,
        'documents' =&gt; null,
        'features' =&gt; null,
        'description' =&gt; 'Adipisci recusandae eveniet magni sed dolorum. Exercitationem velit assumenda eius illo et. Animi tenetur eum dolorem tempora. Voluptatibus qui deleniti aut fuga amet non voluptate quo.',
        'terms_and_conditions' =&gt; 'Sint ut delectus aspernatur deleniti labore. A qui magnam aperiam pariatur beatae eos. Exercitationem consequatur impedit provident ut sit aliquid.',
    ],
    'original' =&gt; Array &amp;3 [
        'id' =&gt; 1,
        'owner_id' =&gt; 2,
        'make' =&gt; 'Honda',
        'model' =&gt; 'CR-V',
        'year' =&gt; 2023,
        'plate_number' =&gt; 'rze-9408',
        'vin' =&gt; '12s0g4a6t5q6l1q6o4x',
        'fuel_type' =&gt; 'hybrid',
        'transmission' =&gt; 'cvt',
        'daily_rate' =&gt; 193,
        'status' =&gt; 'pending',
        'created_at' =&gt; '2025-09-24 12:03:51',
        'updated_at' =&gt; '2025-09-24 12:03:51',
        'deleted_at' =&gt; null,
        'oil_type' =&gt; '10W-40',
        'last_oil_change' =&gt; null,
        'policy' =&gt; 'Laudantium doloremque eos omnis omnis minima. Harum sunt molestias est fugit. Laboriosam nostrum sunt saepe inventore tenetur velit facilis.',
        'is_available' =&gt; 1,
        'traffic_violations' =&gt; null,
        'violations_last_checked' =&gt; null,
        'total_violations_count' =&gt; 0,
        'total_fines_amount' =&gt; 0,
        'has_pending_violations' =&gt; 0,
        'category' =&gt; 'suv',
        'doors' =&gt; 4,
        'seats' =&gt; 5,
        'color' =&gt; 'Blue',
        'engine_size' =&gt; 3.4,
        'mileage' =&gt; 74345,
        'location' =&gt; 'Lake Shaniyamouth',
        'pickup_location' =&gt; '57970 Hiram Isle\n
Rickview, UT 83752',
        'insurance_included' =&gt; 0,
        'insurance_expiry' =&gt; '2027-01-23 22:07:48',
        'featured_image' =&gt; 'vehicles/suv-honda-crv.jpg',
        'gallery_images' =&gt; null,
        'documents' =&gt; null,
        'features' =&gt; null,
        'description' =&gt; 'Adipisci recusandae eveniet magni sed dolorum. Exercitationem velit assumenda eius illo et. Animi tenetur eum dolorem tempora. Voluptatibus qui deleniti aut fuga amet non voluptate quo.',
        'terms_and_conditions' =&gt; 'Sint ut delectus aspernatur deleniti labore. A qui magnam aperiam pariatur beatae eos. Exercitationem consequatur impedit provident ut sit aliquid.',
    ],
    'changes' =&gt; Array &amp;4 [],
    'previous' =&gt; Array &amp;5 [],
    'casts' =&gt; Array &amp;6 [
        'daily_rate' =&gt; 'decimal:2',
        'year' =&gt; 'integer',
        'seats' =&gt; 'integer',
        'doors' =&gt; 'integer',
        'mileage' =&gt; 'integer',
        'engine_size' =&gt; 'decimal:1',
        'last_oil_change' =&gt; 'date',
        'insurance_expiry' =&gt; 'date',
        'fuel_type' =&gt; 'App\Enums\VehicleFuelType',
        'transmission' =&gt; 'App\Enums\VehicleTransmission',
        'status' =&gt; 'App\Enums\VehicleStatus',
        'is_available' =&gt; 'boolean',
        'insurance_included' =&gt; 'boolean',
        'gallery_images' =&gt; 'array',
        'documents' =&gt; 'array',
        'features' =&gt; 'array',
        'traffic_violations' =&gt; 'array',
        'violations_last_checked' =&gt; 'datetime',
        'total_violations_count' =&gt; 'integer',
        'total_fines_amount' =&gt; 'decimal:2',
        'has_pending_violations' =&gt; 'boolean',
        'deleted_at' =&gt; 'datetime',
    ],
    'classCastCache' =&gt; Array &amp;7 [],
    'attributeCastCache' =&gt; Array &amp;8 [],
    'dateFormat' =&gt; null,
    'appends' =&gt; Array &amp;9 [],
    'dispatchesEvents' =&gt; Array &amp;10 [],
    'observables' =&gt; Array &amp;11 [],
    'relations' =&gt; Array &amp;12 [],
    'touches' =&gt; Array &amp;13 [],
    'relationAutoloadCallback' =&gt; null,
    'relationAutoloadContext' =&gt; null,
    'timestamps' =&gt; true,
    'usesUniqueIds' =&gt; false,
    'hidden' =&gt; Array &amp;14 [],
    'visible' =&gt; Array &amp;15 [],
    'fillable' =&gt; Array &amp;16 [
        0 =&gt; 'owner_id',
        1 =&gt; 'make',
        2 =&gt; 'model',
        3 =&gt; 'year',
        4 =&gt; 'color',
        5 =&gt; 'plate_number',
        6 =&gt; 'vin',
        7 =&gt; 'fuel_type',
        8 =&gt; 'transmission',
        9 =&gt; 'seats',
        10 =&gt; 'daily_rate',
        11 =&gt; 'description',
        12 =&gt; 'status',
        13 =&gt; 'is_available',
        14 =&gt; 'location',
        15 =&gt; 'mileage',
        16 =&gt; 'insurance_expiry',
        17 =&gt; 'oil_type',
        18 =&gt; 'last_oil_change',
        19 =&gt; 'policy',
        20 =&gt; 'category',
        21 =&gt; 'doors',
        22 =&gt; 'engine_size',
        23 =&gt; 'pickup_location',
        24 =&gt; 'insurance_included',
        25 =&gt; 'featured_image',
        26 =&gt; 'gallery_images',
        27 =&gt; 'documents',
        28 =&gt; 'features',
        29 =&gt; 'terms_and_conditions',
        30 =&gt; 'traffic_violations',
        31 =&gt; 'violations_last_checked',
        32 =&gt; 'total_violations_count',
        33 =&gt; 'total_fines_amount',
        34 =&gt; 'has_pending_violations',
    ],
    'guarded' =&gt; Array &amp;17 [
        0 =&gt; '*',
    ],
    'oldAttributes' =&gt; Array &amp;18 [],
    'enableLoggingModelsEvents' =&gt; true,
    'forceDeleting' =&gt; false,
) is null.&#13;
at tests\Feature\VehicleManagementTest.php:181</failure>
        </testcase>
        <testcase name="`Vehicle Management` → `Vehicle Updates` → it prevents owner from updating other owners vehicles" file="tests\Feature\VehicleManagementTest.php::`Vehicle Management` → `Vehicle Updates` → it prevents owner from updating other owners vehicles" class="Tests\Feature\VehicleManagementTest" classname="Tests.Feature.VehicleManagementTest" assertions="1" time="7.585404">
          <failure type="PHPUnit\Framework\ExpectationFailedException">`Vehicle Management` → `Vehicle Updates` → it prevents owner from updating other owners vehiclesExpected response status code [403] but received 405.
Failed asserting that 405 is identical to 403.&#13;
at vendor\laravel\framework\src\Illuminate\Testing\TestResponseAssert.php:45
at vendor\laravel\framework\src\Illuminate\Testing\TestResponse.php:174
at vendor\laravel\framework\src\Illuminate\Testing\Concerns\AssertsStatusCodes.php:141
at tests\Feature\VehicleManagementTest.php:161</failure>
        </testcase>
        <testcase name="`Vehicle Management` → `Vehicle Listing` → it allows admin to view all vehicles" file="tests\Feature\VehicleManagementTest.php::`Vehicle Management` → `Vehicle Listing` → it allows admin to view all vehicles" class="Tests\Feature\VehicleManagementTest" classname="Tests.Feature.VehicleManagementTest" assertions="2" time="1.531474"/>
      </testsuite>
      <testsuite name="Tests\Feature\Api\BookingControllerTest" file="tests\Feature\Api\BookingControllerTest.php" tests="7" assertions="7" errors="0" failures="7" skipped="0" time="4.551235">
        <testcase name="booking requires authentication" file="tests\Feature\Api\BookingControllerTest.php::booking requires authentication" class="Tests\Feature\Api\BookingControllerTest" classname="Tests.Feature.Api.BookingControllerTest" assertions="1" time="1.074488">
          <failure type="PHPUnit\Framework\ExpectationFailedException">booking requires authenticationExpected response status code [401] but received 500.
Failed asserting that 500 is identical to 401.&#13;
at vendor\laravel\framework\src\Illuminate\Testing\TestResponseAssert.php:45
at vendor\laravel\framework\src\Illuminate\Testing\TestResponse.php:174
at vendor\laravel\framework\src\Illuminate\Testing\Concerns\AssertsStatusCodes.php:121
at tests\Feature\Api\BookingControllerTest.php:207</failure>
        </testcase>
        <testcase name="cannot book unavailable car" file="tests\Feature\Api\BookingControllerTest.php::cannot book unavailable car" class="Tests\Feature\Api\BookingControllerTest" classname="Tests.Feature.Api.BookingControllerTest" assertions="1" time="0.837061">
          <failure type="PHPUnit\Framework\ExpectationFailedException">cannot book unavailable carExpected response status code [422] but received 500.
Failed asserting that 500 is identical to 422.&#13;
&#13;
The following exception occurred during the last request:

Error: Class "Stripe\Stripe" not found in C:\laragon\www\CarRentSystem\app\Services\PaymentService.php:19
Stack trace:
#0 [internal function]: App\Services\PaymentService-&gt;__construct()
#1 C:\laragon\www\CarRentSystem\vendor\laravel\framework\src\Illuminate\Container\Container.php(1211): ReflectionClass-&gt;newInstanceArgs(Array)
#2 C:\laragon\www\CarRentSystem\vendor\laravel\framework\src\Illuminate\Container\Container.php(972): Illuminate\Container\Container-&gt;build('App\\Services\\Pa...')
#3 C:\laragon\www\CarRentSystem\vendor\laravel\framework\src\Illuminate\Foundation\Application.php(1078): Illuminate\Container\Container-&gt;resolve('App\\Services\\Pa...', Array, true)
#4 C:\laragon\www\CarRentSystem\vendor\laravel\framework\src\Illuminate\Container\Container.php(903): Illuminate\Foundation\Application-&gt;resolve('App\\Services\\Pa...', Array)
#5 C:\laragon\www\CarRentSystem\vendor\laravel\framework\src\Illuminate\Foundation\Application.php(1058): Illuminate\Container\Container-&gt;make('App\\Services\\Pa...', Array)
#6 C:\laragon\www\CarRentSystem\vendor\laravel\framework\src\Illuminate\Container\Container.php(1379): Illuminate\Foundation\Application-&gt;make('App\\Services\\Pa...')
#7 C:\laragon\www\CarRentSystem\vendor\laravel\framework\src\Illuminate\Container\Container.php(1278): Illuminate\Container\Container-&gt;resolveClass(Object(ReflectionParameter))
#8 C:\laragon\www\CarRentSystem\vendor\laravel\framework\src\Illuminate\Container\Container.php(1201): Illuminate\Container\Container-&gt;resolveDependencies(Array)
#9 C:\laragon\www\CarRentSystem\vendor\laravel\framework\src\Illuminate\Container\Container.php(972): Illuminate\Container\Container-&gt;build('App\\Actions\\Boo...')
#10 C:\laragon\www\CarRentSystem\vendor\laravel\framework\src\Illuminate\Foundation\Application.php(1078): Illuminate\Container\Container-&gt;resolve('App\\Actions\\Boo...', Array, true)
#11 C:\laragon\www\CarRentSystem\vendor\laravel\framework\src\Illuminate\Container\Container.php(903): Illuminate\Foundation\Application-&gt;resolve('App\\Actions\\Boo...', Array)
#12 C:\laragon\www\CarRentSystem\vendor\laravel\framework\src\Illuminate\Foundation\Application.php(1058): Illuminate\Container\Container-&gt;make('App\\Actions\\Boo...', Array)
#13 C:\laragon\www\CarRentSystem\vendor\laravel\framework\src\Illuminate\Container\Container.php(1379): Illuminate\Foundation\Application-&gt;make('App\\Actions\\Boo...')
#14 C:\laragon\www\CarRentSystem\vendor\laravel\framework\src\Illuminate\Container\Container.php(1278): Illuminate\Container\Container-&gt;resolveClass(Object(ReflectionParameter))
#15 C:\laragon\www\CarRentSystem\vendor\laravel\framework\src\Illuminate\Container\Container.php(1201): Illuminate\Container\Container-&gt;resolveDependencies(Array)
#16 C:\laragon\www\CarRentSystem\vendor\laravel\framework\src\Illuminate\Container\Container.php(972): Illuminate\Container\Container-&gt;build('App\\Http\\Contro...')
#17 C:\laragon\www\CarRentSystem\vendor\laravel\framework\src\Illuminate\Foundation\Application.php(1078): Illuminate\Container\Container-&gt;resolve('App\\Http\\Contro...', Array, true)
#18 C:\laragon\www\CarRentSystem\vendor\laravel\framework\src\Illuminate\Container\Container.php(903): Illuminate\Foundation\Application-&gt;resolve('App\\Http\\Contro...', Array)
#19 C:\laragon\www\CarRentSystem\vendor\laravel\framework\src\Illuminate\Foundation\Application.php(1058): Illuminate\Container\Container-&gt;make('App\\Http\\Contro...', Array)
#20 C:\laragon\www\CarRentSystem\vendor\laravel\framework\src\Illuminate\Routing\Route.php(286): Illuminate\Foundation\Application-&gt;make('App\\Http\\Contro...')
#21 C:\laragon\www\CarRentSystem\vendor\laravel\framework\src\Illuminate\Routing\Route.php(266): Illuminate\Routing\Route-&gt;getController()
#22 C:\laragon\www\CarRentSystem\vendor\laravel\framework\src\Illuminate\Routing\Route.php(211): Illuminate\Routing\Route-&gt;runController()
#23 C:\laragon\www\CarRentSystem\vendor\laravel\framework\src\Illuminate\Routing\Router.php(822): Illuminate\Routing\Route-&gt;run()
#24 C:\laragon\www\CarRentSystem\vendor\laravel\framework\src\Illuminate\Pipeline\Pipeline.php(180): Illuminate\Routing\Router-&gt;{closure:Illuminate\Routing\Router::runRouteWithinStack():821}(Object(Illuminate\Http\Request))
#25 C:\laragon\www\CarRentSystem\vendor\laravel\framework\src\Illuminate\Routing\Middleware\SubstituteBindings.php(50): Illuminate\Pipeline\Pipeline-&gt;{closure:Illuminate\Pipeline\Pipeline::prepareDestination():178}(Object(Illuminate\Http\Request))
#26 C:\laragon\www\CarRentSystem\vendor\laravel\framework\src\Illuminate\Pipeline\Pipeline.php(219): Illuminate\Routing\Middleware\SubstituteBindings-&gt;handle(Object(Illuminate\Http\Request), Object(Closure))
#27 C:\laragon\www\CarRentSystem\vendor\laravel\framework\src\Illuminate\Routing\Middleware\ThrottleRequests.php(160): Illuminate\Pipeline\Pipeline-&gt;{closure:{closure:Illuminate\Pipeline\Pipeline::carry():194}:195}(Object(Illuminate\Http\Request))
#28 C:\laragon\www\CarRentSystem\vendor\laravel\framework\src\Illuminate\Routing\Middleware\ThrottleRequests.php(91): Illuminate\Routing\Middleware\ThrottleRequests-&gt;handleRequest(Object(Illuminate\Http\Request), Object(Closure), Array)
#29 C:\laragon\www\CarRentSystem\vendor\laravel\framework\src\Illuminate\Pipeline\Pipeline.php(219): Illuminate\Routing\Middleware\ThrottleRequests-&gt;handle(Object(Illuminate\Http\Request), Object(Closure), '10', '1')
#30 C:\laragon\www\CarRentSystem\vendor\laravel\framework\src\Illuminate\Auth\Middleware\Authenticate.php(63): Illuminate\Pipeline\Pipeline-&gt;{closure:{closure:Illuminate\Pipeline\Pipeline::carry():194}:195}(Object(Illuminate\Http\Request))
#31 C:\laragon\www\CarRentSystem\vendor\laravel\framework\src\Illuminate\Pipeline\Pipeline.php(219): Illuminate\Auth\Middleware\Authenticate-&gt;handle(Object(Illuminate\Http\Request), Object(Closure), 'sanctum')
#32 C:\laragon\www\CarRentSystem\vendor\laravel\sanctum\src\Http\Middleware\EnsureFrontendRequestsAreStateful.php(26): Illuminate\Pipeline\Pipeline-&gt;{closure:{closure:Illuminate\Pipeline\Pipeline::carry():194}:195}(Object(Illuminate\Http\Request))
#33 C:\laragon\www\CarRentSystem\vendor\laravel\framework\src\Illuminate\Pipeline\Pipeline.php(180): Laravel\Sanctum\Http\Middleware\EnsureFrontendRequestsAreStateful-&gt;{closure:Laravel\Sanctum\Http\Middleware\EnsureFrontendRequestsAreStateful::handle():25}(Object(Illuminate\Http\Request))
#34 C:\laragon\www\CarRentSystem\vendor\laravel\framework\src\Illuminate\Pipeline\Pipeline.php(137): Illuminate\Pipeline\Pipeline-&gt;{closure:Illuminate\Pipeline\Pipeline::prepareDestination():178}(Object(Illuminate\Http\Request))
#35 C:\laragon\www\CarRentSystem\vendor\laravel\sanctum\src\Http\Middleware\EnsureFrontendRequestsAreStateful.php(25): Illuminate\Pipeline\Pipeline-&gt;then(Object(Closure))
#36 C:\laragon\www\CarRentSystem\vendor\laravel\framework\src\Illuminate\Pipeline\Pipeline.php(219): Laravel\Sanctum\Http\Middleware\EnsureFrontendRequestsAreStateful-&gt;handle(Object(Illuminate\Http\Request), Object(Closure))
#37 C:\laragon\www\CarRentSystem\vendor\laravel\framework\src\Illuminate\Pipeline\Pipeline.php(137): Illuminate\Pipeline\Pipeline-&gt;{closure:{closure:Illuminate\Pipeline\Pipeline::carry():194}:195}(Object(Illuminate\Http\Request))
#38 C:\laragon\www\CarRentSystem\vendor\laravel\framework\src\Illuminate\Routing\Router.php(821): Illuminate\Pipeline\Pipeline-&gt;then(Object(Closure))
#39 C:\laragon\www\CarRentSystem\vendor\laravel\framework\src\Illuminate\Routing\Router.php(800): Illuminate\Routing\Router-&gt;runRouteWithinStack(Object(Illuminate\Routing\Route), Object(Illuminate\Http\Request))
#40 C:\laragon\www\CarRentSystem\vendor\laravel\framework\src\Illuminate\Routing\Router.php(764): Illuminate\Routing\Router-&gt;runRoute(Object(Illuminate\Http\Request), Object(Illuminate\Routing\Route))
#41 C:\laragon\www\CarRentSystem\vendor\laravel\framework\src\Illuminate\Routing\Router.php(753): Illuminate\Routing\Router-&gt;dispatchToRoute(Object(Illuminate\Http\Request))
#42 C:\laragon\www\CarRentSystem\vendor\laravel\framework\src\Illuminate\Foundation\Http\Kernel.php(200): Illuminate\Routing\Router-&gt;dispatch(Object(Illuminate\Http\Request))
#43 C:\laragon\www\CarRentSystem\vendor\laravel\framework\src\Illuminate\Pipeline\Pipeline.php(180): Illuminate\Foundation\Http\Kernel-&gt;{closure:Illuminate\Foundation\Http\Kernel::dispatchToRouter():197}(Object(Illuminate\Http\Request))
#44 C:\laragon\www\CarRentSystem\vendor\livewire\livewire\src\Features\SupportDisablingBackButtonCache\DisableBackButtonCacheMiddleware.php(19): Illuminate\Pipeline\Pipeline-&gt;{closure:Illuminate\Pipeline\Pipeline::prepareDestination():178}(Object(Illuminate\Http\Request))
#45 C:\laragon\www\CarRentSystem\vendor\laravel\framework\src\Illuminate\Pipeline\Pipeline.php(219): Livewire\Features\SupportDisablingBackButtonCache\DisableBackButtonCacheMiddleware-&gt;handle(Object(Illuminate\Http\Request), Object(Closure))
#46 C:\laragon\www\CarRentSystem\vendor\laravel\framework\src\Illuminate\Foundation\Http\Middleware\TransformsRequest.php(21): Illuminate\Pipeline\Pipeline-&gt;{closure:{closure:Illuminate\Pipeline\Pipeline::carry():194}:195}(Object(Illuminate\Http\Request))
#47 C:\laragon\www\CarRentSystem\vendor\laravel\framework\src\Illuminate\Foundation\Http\Middleware\ConvertEmptyStringsToNull.php(31): Illuminate\Foundation\Http\Middleware\TransformsRequest-&gt;handle(Object(Illuminate\Http\Request), Object(Closure))
#48 C:\laragon\www\CarRentSystem\vendor\laravel\framework\src\Illuminate\Pipeline\Pipeline.php(219): Illuminate\Foundation\Http\Middleware\ConvertEmptyStringsToNull-&gt;handle(Object(Illuminate\Http\Request), Object(Closure))
#49 C:\laragon\www\CarRentSystem\vendor\laravel\framework\src\Illuminate\Foundation\Http\Middleware\TransformsRequest.php(21): Illuminate\Pipeline\Pipeline-&gt;{closure:{closure:Illuminate\Pipeline\Pipeline::carry():194}:195}(Object(Illuminate\Http\Request))
#50 C:\laragon\www\CarRentSystem\vendor\laravel\framework\src\Illuminate\Foundation\Http\Middleware\TrimStrings.php(51): Illuminate\Foundation\Http\Middleware\TransformsRequest-&gt;handle(Object(Illuminate\Http\Request), Object(Closure))
#51 C:\laragon\www\CarRentSystem\vendor\laravel\framework\src\Illuminate\Pipeline\Pipeline.php(219): Illuminate\Foundation\Http\Middleware\TrimStrings-&gt;handle(Object(Illuminate\Http\Request), Object(Closure))
#52 C:\laragon\www\CarRentSystem\vendor\laravel\framework\src\Illuminate\Http\Middleware\ValidatePostSize.php(27): Illuminate\Pipeline\Pipeline-&gt;{closure:{closure:Illuminate\Pipeline\Pipeline::carry():194}:195}(Object(Illuminate\Http\Request))
#53 C:\laragon\www\CarRentSystem\vendor\laravel\framework\src\Illuminate\Pipeline\Pipeline.php(219): Illuminate\Http\Middleware\ValidatePostSize-&gt;handle(Object(Illuminate\Http\Request), Object(Closure))
#54 C:\laragon\www\CarRentSystem\vendor\laravel\framework\src\Illuminate\Foundation\Http\Middleware\PreventRequestsDuringMaintenance.php(109): Illuminate\Pipeline\Pipeline-&gt;{closure:{closure:Illuminate\Pipeline\Pipeline::carry():194}:195}(Object(Illuminate\Http\Request))
#55 C:\laragon\www\CarRentSystem\vendor\laravel\framework\src\Illuminate\Pipeline\Pipeline.php(219): Illuminate\Foundation\Http\Middleware\PreventRequestsDuringMaintenance-&gt;handle(Object(Illuminate\Http\Request), Object(Closure))
#56 C:\laragon\www\CarRentSystem\vendor\laravel\framework\src\Illuminate\Http\Middleware\HandleCors.php(61): Illuminate\Pipeline\Pipeline-&gt;{closure:{closure:Illuminate\Pipeline\Pipeline::carry():194}:195}(Object(Illuminate\Http\Request))
#57 C:\laragon\www\CarRentSystem\vendor\laravel\framework\src\Illuminate\Pipeline\Pipeline.php(219): Illuminate\Http\Middleware\HandleCors-&gt;handle(Object(Illuminate\Http\Request), Object(Closure))
#58 C:\laragon\www\CarRentSystem\vendor\laravel\framework\src\Illuminate\Http\Middleware\TrustProxies.php(58): Illuminate\Pipeline\Pipeline-&gt;{closure:{closure:Illuminate\Pipeline\Pipeline::carry():194}:195}(Object(Illuminate\Http\Request))
#59 C:\laragon\www\CarRentSystem\vendor\laravel\framework\src\Illuminate\Pipeline\Pipeline.php(219): Illuminate\Http\Middleware\TrustProxies-&gt;handle(Object(Illuminate\Http\Request), Object(Closure))
#60 C:\laragon\www\CarRentSystem\vendor\laravel\framework\src\Illuminate\Foundation\Http\Middleware\InvokeDeferredCallbacks.php(22): Illuminate\Pipeline\Pipeline-&gt;{closure:{closure:Illuminate\Pipeline\Pipeline::carry():194}:195}(Object(Illuminate\Http\Request))
#61 C:\laragon\www\CarRentSystem\vendor\laravel\framework\src\Illuminate\Pipeline\Pipeline.php(219): Illuminate\Foundation\Http\Middleware\InvokeDeferredCallbacks-&gt;handle(Object(Illuminate\Http\Request), Object(Closure))
#62 C:\laragon\www\CarRentSystem\vendor\laravel\framework\src\Illuminate\Http\Middleware\ValidatePathEncoding.php(26): Illuminate\Pipeline\Pipeline-&gt;{closure:{closure:Illuminate\Pipeline\Pipeline::carry():194}:195}(Object(Illuminate\Http\Request))
#63 C:\laragon\www\CarRentSystem\vendor\laravel\framework\src\Illuminate\Pipeline\Pipeline.php(219): Illuminate\Http\Middleware\ValidatePathEncoding-&gt;handle(Object(Illuminate\Http\Request), Object(Closure))
#64 C:\laragon\www\CarRentSystem\vendor\laravel\framework\src\Illuminate\Pipeline\Pipeline.php(137): Illuminate\Pipeline\Pipeline-&gt;{closure:{closure:Illuminate\Pipeline\Pipeline::carry():194}:195}(Object(Illuminate\Http\Request))
#65 C:\laragon\www\CarRentSystem\vendor\laravel\framework\src\Illuminate\Foundation\Http\Kernel.php(175): Illuminate\Pipeline\Pipeline-&gt;then(Object(Closure))
#66 C:\laragon\www\CarRentSystem\vendor\laravel\framework\src\Illuminate\Foundation\Http\Kernel.php(144): Illuminate\Foundation\Http\Kernel-&gt;sendRequestThroughRouter(Object(Illuminate\Http\Request))
#67 C:\laragon\www\CarRentSystem\vendor\laravel\framework\src\Illuminate\Foundation\Testing\Concerns\MakesHttpRequests.php(607): Illuminate\Foundation\Http\Kernel-&gt;handle(Object(Illuminate\Http\Request))
#68 C:\laragon\www\CarRentSystem\vendor\laravel\framework\src\Illuminate\Foundation\Testing\Concerns\MakesHttpRequests.php(573): Illuminate\Foundation\Testing\TestCase-&gt;call('POST', '/api/bookings', Array, Array, Array, Array, '{"car_id":1,"st...')
#69 C:\laragon\www\CarRentSystem\vendor\laravel\framework\src\Illuminate\Foundation\Testing\Concerns\MakesHttpRequests.php(411): Illuminate\Foundation\Testing\TestCase-&gt;json('POST', '/api/bookings', Array, Array, 0)
#70 C:\laragon\www\CarRentSystem\tests\Feature\Api\BookingControllerTest.php(90): Illuminate\Foundation\Testing\TestCase-&gt;postJson('/api/bookings', Array)
#71 C:\laragon\www\CarRentSystem\vendor\pestphp\pest\src\Factories\TestCaseMethodFactory.php(168): P\Tests\Feature\Api\BookingControllerTest-&gt;{closure:C:\laragon\www\CarRentSystem\tests\Feature\Api\BookingControllerTest.php:79}()
#72 [internal function]: P\Tests\Feature\Api\BookingControllerTest-&gt;{closure:Pest\Factories\TestCaseMethodFactory::getClosure():158}()
#73 C:\laragon\www\CarRentSystem\vendor\pestphp\pest\src\Concerns\Testable.php(429): call_user_func_array(Object(Closure), Array)
#74 C:\laragon\www\CarRentSystem\vendor\pestphp\pest\src\Support\ExceptionTrace.php(26): P\Tests\Feature\Api\BookingControllerTest-&gt;{closure:Pest\Concerns\Testable::__callClosure():429}()
#75 C:\laragon\www\CarRentSystem\vendor\pestphp\pest\src\Concerns\Testable.php(429): Pest\Support\ExceptionTrace::ensure(Object(Closure))
#76 C:\laragon\www\CarRentSystem\vendor\pestphp\pest\src\Concerns\Testable.php(331): P\Tests\Feature\Api\BookingControllerTest-&gt;__callClosure(Object(Closure), Array)
#77 C:\laragon\www\CarRentSystem\vendor\pestphp\pest\src\Factories\TestCaseFactory.php(169) : eval()'d code(41): P\Tests\Feature\Api\BookingControllerTest-&gt;__runTest(Object(Closure))
#78 C:\laragon\www\CarRentSystem\vendor\phpunit\phpunit\src\Framework\TestCase.php(1316): P\Tests\Feature\Api\BookingControllerTest-&gt;__pest_evaluable_cannot_book_unavailable_car()
#79 C:\laragon\www\CarRentSystem\vendor\phpunit\phpunit\src\Framework\TestCase.php(516): PHPUnit\Framework\TestCase-&gt;runTest()
#80 C:\laragon\www\CarRentSystem\vendor\phpunit\phpunit\src\Framework\TestRunner\TestRunner.php(99): PHPUnit\Framework\TestCase-&gt;runBare()
#81 C:\laragon\www\CarRentSystem\vendor\phpunit\phpunit\src\Framework\TestCase.php(357): PHPUnit\Framework\TestRunner-&gt;run(Object(P\Tests\Feature\Api\BookingControllerTest))
#82 C:\laragon\www\CarRentSystem\vendor\phpunit\phpunit\src\Framework\TestSuite.php(374): PHPUnit\Framework\TestCase-&gt;run()
#83 C:\laragon\www\CarRentSystem\vendor\phpunit\phpunit\src\Framework\TestSuite.php(374): PHPUnit\Framework\TestSuite-&gt;run()
#84 C:\laragon\www\CarRentSystem\vendor\phpunit\phpunit\src\Framework\TestSuite.php(374): PHPUnit\Framework\TestSuite-&gt;run()
#85 C:\laragon\www\CarRentSystem\vendor\phpunit\phpunit\src\TextUI\TestRunner.php(64): PHPUnit\Framework\TestSuite-&gt;run()
#86 C:\laragon\www\CarRentSystem\vendor\phpunit\phpunit\src\TextUI\Application.php(229): PHPUnit\TextUI\TestRunner-&gt;run(Object(PHPUnit\TextUI\Configuration\Configuration), Object(PHPUnit\Runner\ResultCache\DefaultResultCache), Object(PHPUnit\Framework\TestSuite))
#87 C:\laragon\www\CarRentSystem\vendor\pestphp\pest\src\Kernel.php(103): PHPUnit\TextUI\Application-&gt;run(Array)
#88 C:\laragon\www\CarRentSystem\vendor\pestphp\pest\bin\pest(184): Pest\Kernel-&gt;handle(Array, Array)
#89 C:\laragon\www\CarRentSystem\vendor\pestphp\pest\bin\pest(192): {closure:C:\laragon\www\CarRentSystem\vendor\pestphp\pest\bin\pest:18}()
#90 C:\laragon\www\CarRentSystem\vendor\bin\pest(119): include('C:\\laragon\\www\\...')
#91 {main}

----------------------------------------------------------------------------------

Class "Stripe\Stripe" not found&#13;
&#13;
at vendor\laravel\framework\src\Illuminate\Testing\TestResponseAssert.php:45
at vendor\laravel\framework\src\Illuminate\Testing\TestResponse.php:174
at tests\Feature\Api\BookingControllerTest.php:97</failure>
        </testcase>
        <testcase name="can show booking to renter" file="tests\Feature\Api\BookingControllerTest.php::can show booking to renter" class="Tests\Feature\Api\BookingControllerTest" classname="Tests.Feature.Api.BookingControllerTest" assertions="1" time="1.190374">
          <failure type="PHPUnit\Framework\ExpectationFailedException">can show booking to renterExpected response status code [&gt;=200, &lt;300] but received 500.
Failed asserting that false is true.&#13;
&#13;
The following exception occurred during the last request:

Error: Class "Stripe\Stripe" not found in C:\laragon\www\CarRentSystem\app\Services\PaymentService.php:19
Stack trace:
#0 [internal function]: App\Services\PaymentService-&gt;__construct()
#1 C:\laragon\www\CarRentSystem\vendor\laravel\framework\src\Illuminate\Container\Container.php(1211): ReflectionClass-&gt;newInstanceArgs(Array)
#2 C:\laragon\www\CarRentSystem\vendor\laravel\framework\src\Illuminate\Container\Container.php(972): Illuminate\Container\Container-&gt;build('App\\Services\\Pa...')
#3 C:\laragon\www\CarRentSystem\vendor\laravel\framework\src\Illuminate\Foundation\Application.php(1078): Illuminate\Container\Container-&gt;resolve('App\\Services\\Pa...', Array, true)
#4 C:\laragon\www\CarRentSystem\vendor\laravel\framework\src\Illuminate\Container\Container.php(903): Illuminate\Foundation\Application-&gt;resolve('App\\Services\\Pa...', Array)
#5 C:\laragon\www\CarRentSystem\vendor\laravel\framework\src\Illuminate\Foundation\Application.php(1058): Illuminate\Container\Container-&gt;make('App\\Services\\Pa...', Array)
#6 C:\laragon\www\CarRentSystem\vendor\laravel\framework\src\Illuminate\Container\Container.php(1379): Illuminate\Foundation\Application-&gt;make('App\\Services\\Pa...')
#7 C:\laragon\www\CarRentSystem\vendor\laravel\framework\src\Illuminate\Container\Container.php(1278): Illuminate\Container\Container-&gt;resolveClass(Object(ReflectionParameter))
#8 C:\laragon\www\CarRentSystem\vendor\laravel\framework\src\Illuminate\Container\Container.php(1201): Illuminate\Container\Container-&gt;resolveDependencies(Array)
#9 C:\laragon\www\CarRentSystem\vendor\laravel\framework\src\Illuminate\Container\Container.php(972): Illuminate\Container\Container-&gt;build('App\\Actions\\Boo...')
#10 C:\laragon\www\CarRentSystem\vendor\laravel\framework\src\Illuminate\Foundation\Application.php(1078): Illuminate\Container\Container-&gt;resolve('App\\Actions\\Boo...', Array, true)
#11 C:\laragon\www\CarRentSystem\vendor\laravel\framework\src\Illuminate\Container\Container.php(903): Illuminate\Foundation\Application-&gt;resolve('App\\Actions\\Boo...', Array)
#12 C:\laragon\www\CarRentSystem\vendor\laravel\framework\src\Illuminate\Foundation\Application.php(1058): Illuminate\Container\Container-&gt;make('App\\Actions\\Boo...', Array)
#13 C:\laragon\www\CarRentSystem\vendor\laravel\framework\src\Illuminate\Container\Container.php(1379): Illuminate\Foundation\Application-&gt;make('App\\Actions\\Boo...')
#14 C:\laragon\www\CarRentSystem\vendor\laravel\framework\src\Illuminate\Container\Container.php(1278): Illuminate\Container\Container-&gt;resolveClass(Object(ReflectionParameter))
#15 C:\laragon\www\CarRentSystem\vendor\laravel\framework\src\Illuminate\Container\Container.php(1201): Illuminate\Container\Container-&gt;resolveDependencies(Array)
#16 C:\laragon\www\CarRentSystem\vendor\laravel\framework\src\Illuminate\Container\Container.php(972): Illuminate\Container\Container-&gt;build('App\\Http\\Contro...')
#17 C:\laragon\www\CarRentSystem\vendor\laravel\framework\src\Illuminate\Foundation\Application.php(1078): Illuminate\Container\Container-&gt;resolve('App\\Http\\Contro...', Array, true)
#18 C:\laragon\www\CarRentSystem\vendor\laravel\framework\src\Illuminate\Container\Container.php(903): Illuminate\Foundation\Application-&gt;resolve('App\\Http\\Contro...', Array)
#19 C:\laragon\www\CarRentSystem\vendor\laravel\framework\src\Illuminate\Foundation\Application.php(1058): Illuminate\Container\Container-&gt;make('App\\Http\\Contro...', Array)
#20 C:\laragon\www\CarRentSystem\vendor\laravel\framework\src\Illuminate\Routing\Route.php(286): Illuminate\Foundation\Application-&gt;make('App\\Http\\Contro...')
#21 C:\laragon\www\CarRentSystem\vendor\laravel\framework\src\Illuminate\Routing\Route.php(266): Illuminate\Routing\Route-&gt;getController()
#22 C:\laragon\www\CarRentSystem\vendor\laravel\framework\src\Illuminate\Routing\Route.php(211): Illuminate\Routing\Route-&gt;runController()
#23 C:\laragon\www\CarRentSystem\vendor\laravel\framework\src\Illuminate\Routing\Router.php(822): Illuminate\Routing\Route-&gt;run()
#24 C:\laragon\www\CarRentSystem\vendor\laravel\framework\src\Illuminate\Pipeline\Pipeline.php(180): Illuminate\Routing\Router-&gt;{closure:Illuminate\Routing\Router::runRouteWithinStack():821}(Object(Illuminate\Http\Request))
#25 C:\laragon\www\CarRentSystem\vendor\laravel\framework\src\Illuminate\Routing\Middleware\SubstituteBindings.php(50): Illuminate\Pipeline\Pipeline-&gt;{closure:Illuminate\Pipeline\Pipeline::prepareDestination():178}(Object(Illuminate\Http\Request))
#26 C:\laragon\www\CarRentSystem\vendor\laravel\framework\src\Illuminate\Pipeline\Pipeline.php(219): Illuminate\Routing\Middleware\SubstituteBindings-&gt;handle(Object(Illuminate\Http\Request), Object(Closure))
#27 C:\laragon\www\CarRentSystem\vendor\laravel\framework\src\Illuminate\Routing\Middleware\ThrottleRequests.php(160): Illuminate\Pipeline\Pipeline-&gt;{closure:{closure:Illuminate\Pipeline\Pipeline::carry():194}:195}(Object(Illuminate\Http\Request))
#28 C:\laragon\www\CarRentSystem\vendor\laravel\framework\src\Illuminate\Routing\Middleware\ThrottleRequests.php(91): Illuminate\Routing\Middleware\ThrottleRequests-&gt;handleRequest(Object(Illuminate\Http\Request), Object(Closure), Array)
#29 C:\laragon\www\CarRentSystem\vendor\laravel\framework\src\Illuminate\Pipeline\Pipeline.php(219): Illuminate\Routing\Middleware\ThrottleRequests-&gt;handle(Object(Illuminate\Http\Request), Object(Closure), '100', '1')
#30 C:\laragon\www\CarRentSystem\vendor\laravel\framework\src\Illuminate\Auth\Middleware\Authenticate.php(63): Illuminate\Pipeline\Pipeline-&gt;{closure:{closure:Illuminate\Pipeline\Pipeline::carry():194}:195}(Object(Illuminate\Http\Request))
#31 C:\laragon\www\CarRentSystem\vendor\laravel\framework\src\Illuminate\Pipeline\Pipeline.php(219): Illuminate\Auth\Middleware\Authenticate-&gt;handle(Object(Illuminate\Http\Request), Object(Closure), 'sanctum')
#32 C:\laragon\www\CarRentSystem\vendor\laravel\sanctum\src\Http\Middleware\EnsureFrontendRequestsAreStateful.php(26): Illuminate\Pipeline\Pipeline-&gt;{closure:{closure:Illuminate\Pipeline\Pipeline::carry():194}:195}(Object(Illuminate\Http\Request))
#33 C:\laragon\www\CarRentSystem\vendor\laravel\framework\src\Illuminate\Pipeline\Pipeline.php(180): Laravel\Sanctum\Http\Middleware\EnsureFrontendRequestsAreStateful-&gt;{closure:Laravel\Sanctum\Http\Middleware\EnsureFrontendRequestsAreStateful::handle():25}(Object(Illuminate\Http\Request))
#34 C:\laragon\www\CarRentSystem\vendor\laravel\framework\src\Illuminate\Pipeline\Pipeline.php(137): Illuminate\Pipeline\Pipeline-&gt;{closure:Illuminate\Pipeline\Pipeline::prepareDestination():178}(Object(Illuminate\Http\Request))
#35 C:\laragon\www\CarRentSystem\vendor\laravel\sanctum\src\Http\Middleware\EnsureFrontendRequestsAreStateful.php(25): Illuminate\Pipeline\Pipeline-&gt;then(Object(Closure))
#36 C:\laragon\www\CarRentSystem\vendor\laravel\framework\src\Illuminate\Pipeline\Pipeline.php(219): Laravel\Sanctum\Http\Middleware\EnsureFrontendRequestsAreStateful-&gt;handle(Object(Illuminate\Http\Request), Object(Closure))
#37 C:\laragon\www\CarRentSystem\vendor\laravel\framework\src\Illuminate\Pipeline\Pipeline.php(137): Illuminate\Pipeline\Pipeline-&gt;{closure:{closure:Illuminate\Pipeline\Pipeline::carry():194}:195}(Object(Illuminate\Http\Request))
#38 C:\laragon\www\CarRentSystem\vendor\laravel\framework\src\Illuminate\Routing\Router.php(821): Illuminate\Pipeline\Pipeline-&gt;then(Object(Closure))
#39 C:\laragon\www\CarRentSystem\vendor\laravel\framework\src\Illuminate\Routing\Router.php(800): Illuminate\Routing\Router-&gt;runRouteWithinStack(Object(Illuminate\Routing\Route), Object(Illuminate\Http\Request))
#40 C:\laragon\www\CarRentSystem\vendor\laravel\framework\src\Illuminate\Routing\Router.php(764): Illuminate\Routing\Router-&gt;runRoute(Object(Illuminate\Http\Request), Object(Illuminate\Routing\Route))
#41 C:\laragon\www\CarRentSystem\vendor\laravel\framework\src\Illuminate\Routing\Router.php(753): Illuminate\Routing\Router-&gt;dispatchToRoute(Object(Illuminate\Http\Request))
#42 C:\laragon\www\CarRentSystem\vendor\laravel\framework\src\Illuminate\Foundation\Http\Kernel.php(200): Illuminate\Routing\Router-&gt;dispatch(Object(Illuminate\Http\Request))
#43 C:\laragon\www\CarRentSystem\vendor\laravel\framework\src\Illuminate\Pipeline\Pipeline.php(180): Illuminate\Foundation\Http\Kernel-&gt;{closure:Illuminate\Foundation\Http\Kernel::dispatchToRouter():197}(Object(Illuminate\Http\Request))
#44 C:\laragon\www\CarRentSystem\vendor\livewire\livewire\src\Features\SupportDisablingBackButtonCache\DisableBackButtonCacheMiddleware.php(19): Illuminate\Pipeline\Pipeline-&gt;{closure:Illuminate\Pipeline\Pipeline::prepareDestination():178}(Object(Illuminate\Http\Request))
#45 C:\laragon\www\CarRentSystem\vendor\laravel\framework\src\Illuminate\Pipeline\Pipeline.php(219): Livewire\Features\SupportDisablingBackButtonCache\DisableBackButtonCacheMiddleware-&gt;handle(Object(Illuminate\Http\Request), Object(Closure))
#46 C:\laragon\www\CarRentSystem\vendor\laravel\framework\src\Illuminate\Foundation\Http\Middleware\TransformsRequest.php(21): Illuminate\Pipeline\Pipeline-&gt;{closure:{closure:Illuminate\Pipeline\Pipeline::carry():194}:195}(Object(Illuminate\Http\Request))
#47 C:\laragon\www\CarRentSystem\vendor\laravel\framework\src\Illuminate\Foundation\Http\Middleware\ConvertEmptyStringsToNull.php(31): Illuminate\Foundation\Http\Middleware\TransformsRequest-&gt;handle(Object(Illuminate\Http\Request), Object(Closure))
#48 C:\laragon\www\CarRentSystem\vendor\laravel\framework\src\Illuminate\Pipeline\Pipeline.php(219): Illuminate\Foundation\Http\Middleware\ConvertEmptyStringsToNull-&gt;handle(Object(Illuminate\Http\Request), Object(Closure))
#49 C:\laragon\www\CarRentSystem\vendor\laravel\framework\src\Illuminate\Foundation\Http\Middleware\TransformsRequest.php(21): Illuminate\Pipeline\Pipeline-&gt;{closure:{closure:Illuminate\Pipeline\Pipeline::carry():194}:195}(Object(Illuminate\Http\Request))
#50 C:\laragon\www\CarRentSystem\vendor\laravel\framework\src\Illuminate\Foundation\Http\Middleware\TrimStrings.php(51): Illuminate\Foundation\Http\Middleware\TransformsRequest-&gt;handle(Object(Illuminate\Http\Request), Object(Closure))
#51 C:\laragon\www\CarRentSystem\vendor\laravel\framework\src\Illuminate\Pipeline\Pipeline.php(219): Illuminate\Foundation\Http\Middleware\TrimStrings-&gt;handle(Object(Illuminate\Http\Request), Object(Closure))
#52 C:\laragon\www\CarRentSystem\vendor\laravel\framework\src\Illuminate\Http\Middleware\ValidatePostSize.php(27): Illuminate\Pipeline\Pipeline-&gt;{closure:{closure:Illuminate\Pipeline\Pipeline::carry():194}:195}(Object(Illuminate\Http\Request))
#53 C:\laragon\www\CarRentSystem\vendor\laravel\framework\src\Illuminate\Pipeline\Pipeline.php(219): Illuminate\Http\Middleware\ValidatePostSize-&gt;handle(Object(Illuminate\Http\Request), Object(Closure))
#54 C:\laragon\www\CarRentSystem\vendor\laravel\framework\src\Illuminate\Foundation\Http\Middleware\PreventRequestsDuringMaintenance.php(109): Illuminate\Pipeline\Pipeline-&gt;{closure:{closure:Illuminate\Pipeline\Pipeline::carry():194}:195}(Object(Illuminate\Http\Request))
#55 C:\laragon\www\CarRentSystem\vendor\laravel\framework\src\Illuminate\Pipeline\Pipeline.php(219): Illuminate\Foundation\Http\Middleware\PreventRequestsDuringMaintenance-&gt;handle(Object(Illuminate\Http\Request), Object(Closure))
#56 C:\laragon\www\CarRentSystem\vendor\laravel\framework\src\Illuminate\Http\Middleware\HandleCors.php(61): Illuminate\Pipeline\Pipeline-&gt;{closure:{closure:Illuminate\Pipeline\Pipeline::carry():194}:195}(Object(Illuminate\Http\Request))
#57 C:\laragon\www\CarRentSystem\vendor\laravel\framework\src\Illuminate\Pipeline\Pipeline.php(219): Illuminate\Http\Middleware\HandleCors-&gt;handle(Object(Illuminate\Http\Request), Object(Closure))
#58 C:\laragon\www\CarRentSystem\vendor\laravel\framework\src\Illuminate\Http\Middleware\TrustProxies.php(58): Illuminate\Pipeline\Pipeline-&gt;{closure:{closure:Illuminate\Pipeline\Pipeline::carry():194}:195}(Object(Illuminate\Http\Request))
#59 C:\laragon\www\CarRentSystem\vendor\laravel\framework\src\Illuminate\Pipeline\Pipeline.php(219): Illuminate\Http\Middleware\TrustProxies-&gt;handle(Object(Illuminate\Http\Request), Object(Closure))
#60 C:\laragon\www\CarRentSystem\vendor\laravel\framework\src\Illuminate\Foundation\Http\Middleware\InvokeDeferredCallbacks.php(22): Illuminate\Pipeline\Pipeline-&gt;{closure:{closure:Illuminate\Pipeline\Pipeline::carry():194}:195}(Object(Illuminate\Http\Request))
#61 C:\laragon\www\CarRentSystem\vendor\laravel\framework\src\Illuminate\Pipeline\Pipeline.php(219): Illuminate\Foundation\Http\Middleware\InvokeDeferredCallbacks-&gt;handle(Object(Illuminate\Http\Request), Object(Closure))
#62 C:\laragon\www\CarRentSystem\vendor\laravel\framework\src\Illuminate\Http\Middleware\ValidatePathEncoding.php(26): Illuminate\Pipeline\Pipeline-&gt;{closure:{closure:Illuminate\Pipeline\Pipeline::carry():194}:195}(Object(Illuminate\Http\Request))
#63 C:\laragon\www\CarRentSystem\vendor\laravel\framework\src\Illuminate\Pipeline\Pipeline.php(219): Illuminate\Http\Middleware\ValidatePathEncoding-&gt;handle(Object(Illuminate\Http\Request), Object(Closure))
#64 C:\laragon\www\CarRentSystem\vendor\laravel\framework\src\Illuminate\Pipeline\Pipeline.php(137): Illuminate\Pipeline\Pipeline-&gt;{closure:{closure:Illuminate\Pipeline\Pipeline::carry():194}:195}(Object(Illuminate\Http\Request))
#65 C:\laragon\www\CarRentSystem\vendor\laravel\framework\src\Illuminate\Foundation\Http\Kernel.php(175): Illuminate\Pipeline\Pipeline-&gt;then(Object(Closure))
#66 C:\laragon\www\CarRentSystem\vendor\laravel\framework\src\Illuminate\Foundation\Http\Kernel.php(144): Illuminate\Foundation\Http\Kernel-&gt;sendRequestThroughRouter(Object(Illuminate\Http\Request))
#67 C:\laragon\www\CarRentSystem\vendor\laravel\framework\src\Illuminate\Foundation\Testing\Concerns\MakesHttpRequests.php(607): Illuminate\Foundation\Http\Kernel-&gt;handle(Object(Illuminate\Http\Request))
#68 C:\laragon\www\CarRentSystem\vendor\laravel\framework\src\Illuminate\Foundation\Testing\Concerns\MakesHttpRequests.php(573): Illuminate\Foundation\Testing\TestCase-&gt;call('GET', '/api/bookings/1', Array, Array, Array, Array, '[]')
#69 C:\laragon\www\CarRentSystem\vendor\laravel\framework\src\Illuminate\Foundation\Testing\Concerns\MakesHttpRequests.php(381): Illuminate\Foundation\Testing\TestCase-&gt;json('GET', '/api/bookings/1', Array, Array, 0)
#70 C:\laragon\www\CarRentSystem\tests\Feature\Api\BookingControllerTest.php(151): Illuminate\Foundation\Testing\TestCase-&gt;getJson('/api/bookings/1')
#71 C:\laragon\www\CarRentSystem\vendor\pestphp\pest\src\Factories\TestCaseMethodFactory.php(168): P\Tests\Feature\Api\BookingControllerTest-&gt;{closure:C:\laragon\www\CarRentSystem\tests\Feature\Api\BookingControllerTest.php:134}()
#72 [internal function]: P\Tests\Feature\Api\BookingControllerTest-&gt;{closure:Pest\Factories\TestCaseMethodFactory::getClosure():158}()
#73 C:\laragon\www\CarRentSystem\vendor\pestphp\pest\src\Concerns\Testable.php(429): call_user_func_array(Object(Closure), Array)
#74 C:\laragon\www\CarRentSystem\vendor\pestphp\pest\src\Support\ExceptionTrace.php(26): P\Tests\Feature\Api\BookingControllerTest-&gt;{closure:Pest\Concerns\Testable::__callClosure():429}()
#75 C:\laragon\www\CarRentSystem\vendor\pestphp\pest\src\Concerns\Testable.php(429): Pest\Support\ExceptionTrace::ensure(Object(Closure))
#76 C:\laragon\www\CarRentSystem\vendor\pestphp\pest\src\Concerns\Testable.php(331): P\Tests\Feature\Api\BookingControllerTest-&gt;__callClosure(Object(Closure), Array)
#77 C:\laragon\www\CarRentSystem\vendor\pestphp\pest\src\Factories\TestCaseFactory.php(169) : eval()'d code(63): P\Tests\Feature\Api\BookingControllerTest-&gt;__runTest(Object(Closure))
#78 C:\laragon\www\CarRentSystem\vendor\phpunit\phpunit\src\Framework\TestCase.php(1316): P\Tests\Feature\Api\BookingControllerTest-&gt;__pest_evaluable_can_show_booking_to_renter()
#79 C:\laragon\www\CarRentSystem\vendor\phpunit\phpunit\src\Framework\TestCase.php(516): PHPUnit\Framework\TestCase-&gt;runTest()
#80 C:\laragon\www\CarRentSystem\vendor\phpunit\phpunit\src\Framework\TestRunner\TestRunner.php(99): PHPUnit\Framework\TestCase-&gt;runBare()
#81 C:\laragon\www\CarRentSystem\vendor\phpunit\phpunit\src\Framework\TestCase.php(357): PHPUnit\Framework\TestRunner-&gt;run(Object(P\Tests\Feature\Api\BookingControllerTest))
#82 C:\laragon\www\CarRentSystem\vendor\phpunit\phpunit\src\Framework\TestSuite.php(374): PHPUnit\Framework\TestCase-&gt;run()
#83 C:\laragon\www\CarRentSystem\vendor\phpunit\phpunit\src\Framework\TestSuite.php(374): PHPUnit\Framework\TestSuite-&gt;run()
#84 C:\laragon\www\CarRentSystem\vendor\phpunit\phpunit\src\Framework\TestSuite.php(374): PHPUnit\Framework\TestSuite-&gt;run()
#85 C:\laragon\www\CarRentSystem\vendor\phpunit\phpunit\src\TextUI\TestRunner.php(64): PHPUnit\Framework\TestSuite-&gt;run()
#86 C:\laragon\www\CarRentSystem\vendor\phpunit\phpunit\src\TextUI\Application.php(229): PHPUnit\TextUI\TestRunner-&gt;run(Object(PHPUnit\TextUI\Configuration\Configuration), Object(PHPUnit\Runner\ResultCache\DefaultResultCache), Object(PHPUnit\Framework\TestSuite))
#87 C:\laragon\www\CarRentSystem\vendor\pestphp\pest\src\Kernel.php(103): PHPUnit\TextUI\Application-&gt;run(Array)
#88 C:\laragon\www\CarRentSystem\vendor\pestphp\pest\bin\pest(184): Pest\Kernel-&gt;handle(Array, Array)
#89 C:\laragon\www\CarRentSystem\vendor\pestphp\pest\bin\pest(192): {closure:C:\laragon\www\CarRentSystem\vendor\pestphp\pest\bin\pest:18}()
#90 C:\laragon\www\CarRentSystem\vendor\bin\pest(119): include('C:\\laragon\\www\\...')
#91 {main}

----------------------------------------------------------------------------------

Class "Stripe\Stripe" not found&#13;
&#13;
at vendor\laravel\framework\src\Illuminate\Testing\TestResponseAssert.php:45
at vendor\laravel\framework\src\Illuminate\Testing\TestResponse.php:103
at tests\Feature\Api\BookingControllerTest.php:153</failure>
        </testcase>
        <testcase name="cannot book car with overlapping dates" file="tests\Feature\Api\BookingControllerTest.php::cannot book car with overlapping dates" class="Tests\Feature\Api\BookingControllerTest" classname="Tests.Feature.Api.BookingControllerTest" assertions="1" time="0.395422">
          <failure type="PHPUnit\Framework\ExpectationFailedException">cannot book car with overlapping datesExpected response status code [422] but received 500.
Failed asserting that 500 is identical to 422.&#13;
&#13;
The following exception occurred during the last request:

Error: Class "Stripe\Stripe" not found in C:\laragon\www\CarRentSystem\app\Services\PaymentService.php:19
Stack trace:
#0 [internal function]: App\Services\PaymentService-&gt;__construct()
#1 C:\laragon\www\CarRentSystem\vendor\laravel\framework\src\Illuminate\Container\Container.php(1211): ReflectionClass-&gt;newInstanceArgs(Array)
#2 C:\laragon\www\CarRentSystem\vendor\laravel\framework\src\Illuminate\Container\Container.php(972): Illuminate\Container\Container-&gt;build('App\\Services\\Pa...')
#3 C:\laragon\www\CarRentSystem\vendor\laravel\framework\src\Illuminate\Foundation\Application.php(1078): Illuminate\Container\Container-&gt;resolve('App\\Services\\Pa...', Array, true)
#4 C:\laragon\www\CarRentSystem\vendor\laravel\framework\src\Illuminate\Container\Container.php(903): Illuminate\Foundation\Application-&gt;resolve('App\\Services\\Pa...', Array)
#5 C:\laragon\www\CarRentSystem\vendor\laravel\framework\src\Illuminate\Foundation\Application.php(1058): Illuminate\Container\Container-&gt;make('App\\Services\\Pa...', Array)
#6 C:\laragon\www\CarRentSystem\vendor\laravel\framework\src\Illuminate\Container\Container.php(1379): Illuminate\Foundation\Application-&gt;make('App\\Services\\Pa...')
#7 C:\laragon\www\CarRentSystem\vendor\laravel\framework\src\Illuminate\Container\Container.php(1278): Illuminate\Container\Container-&gt;resolveClass(Object(ReflectionParameter))
#8 C:\laragon\www\CarRentSystem\vendor\laravel\framework\src\Illuminate\Container\Container.php(1201): Illuminate\Container\Container-&gt;resolveDependencies(Array)
#9 C:\laragon\www\CarRentSystem\vendor\laravel\framework\src\Illuminate\Container\Container.php(972): Illuminate\Container\Container-&gt;build('App\\Actions\\Boo...')
#10 C:\laragon\www\CarRentSystem\vendor\laravel\framework\src\Illuminate\Foundation\Application.php(1078): Illuminate\Container\Container-&gt;resolve('App\\Actions\\Boo...', Array, true)
#11 C:\laragon\www\CarRentSystem\vendor\laravel\framework\src\Illuminate\Container\Container.php(903): Illuminate\Foundation\Application-&gt;resolve('App\\Actions\\Boo...', Array)
#12 C:\laragon\www\CarRentSystem\vendor\laravel\framework\src\Illuminate\Foundation\Application.php(1058): Illuminate\Container\Container-&gt;make('App\\Actions\\Boo...', Array)
#13 C:\laragon\www\CarRentSystem\vendor\laravel\framework\src\Illuminate\Container\Container.php(1379): Illuminate\Foundation\Application-&gt;make('App\\Actions\\Boo...')
#14 C:\laragon\www\CarRentSystem\vendor\laravel\framework\src\Illuminate\Container\Container.php(1278): Illuminate\Container\Container-&gt;resolveClass(Object(ReflectionParameter))
#15 C:\laragon\www\CarRentSystem\vendor\laravel\framework\src\Illuminate\Container\Container.php(1201): Illuminate\Container\Container-&gt;resolveDependencies(Array)
#16 C:\laragon\www\CarRentSystem\vendor\laravel\framework\src\Illuminate\Container\Container.php(972): Illuminate\Container\Container-&gt;build('App\\Http\\Contro...')
#17 C:\laragon\www\CarRentSystem\vendor\laravel\framework\src\Illuminate\Foundation\Application.php(1078): Illuminate\Container\Container-&gt;resolve('App\\Http\\Contro...', Array, true)
#18 C:\laragon\www\CarRentSystem\vendor\laravel\framework\src\Illuminate\Container\Container.php(903): Illuminate\Foundation\Application-&gt;resolve('App\\Http\\Contro...', Array)
#19 C:\laragon\www\CarRentSystem\vendor\laravel\framework\src\Illuminate\Foundation\Application.php(1058): Illuminate\Container\Container-&gt;make('App\\Http\\Contro...', Array)
#20 C:\laragon\www\CarRentSystem\vendor\laravel\framework\src\Illuminate\Routing\Route.php(286): Illuminate\Foundation\Application-&gt;make('App\\Http\\Contro...')
#21 C:\laragon\www\CarRentSystem\vendor\laravel\framework\src\Illuminate\Routing\Route.php(266): Illuminate\Routing\Route-&gt;getController()
#22 C:\laragon\www\CarRentSystem\vendor\laravel\framework\src\Illuminate\Routing\Route.php(211): Illuminate\Routing\Route-&gt;runController()
#23 C:\laragon\www\CarRentSystem\vendor\laravel\framework\src\Illuminate\Routing\Router.php(822): Illuminate\Routing\Route-&gt;run()
#24 C:\laragon\www\CarRentSystem\vendor\laravel\framework\src\Illuminate\Pipeline\Pipeline.php(180): Illuminate\Routing\Router-&gt;{closure:Illuminate\Routing\Router::runRouteWithinStack():821}(Object(Illuminate\Http\Request))
#25 C:\laragon\www\CarRentSystem\vendor\laravel\framework\src\Illuminate\Routing\Middleware\SubstituteBindings.php(50): Illuminate\Pipeline\Pipeline-&gt;{closure:Illuminate\Pipeline\Pipeline::prepareDestination():178}(Object(Illuminate\Http\Request))
#26 C:\laragon\www\CarRentSystem\vendor\laravel\framework\src\Illuminate\Pipeline\Pipeline.php(219): Illuminate\Routing\Middleware\SubstituteBindings-&gt;handle(Object(Illuminate\Http\Request), Object(Closure))
#27 C:\laragon\www\CarRentSystem\vendor\laravel\framework\src\Illuminate\Routing\Middleware\ThrottleRequests.php(160): Illuminate\Pipeline\Pipeline-&gt;{closure:{closure:Illuminate\Pipeline\Pipeline::carry():194}:195}(Object(Illuminate\Http\Request))
#28 C:\laragon\www\CarRentSystem\vendor\laravel\framework\src\Illuminate\Routing\Middleware\ThrottleRequests.php(91): Illuminate\Routing\Middleware\ThrottleRequests-&gt;handleRequest(Object(Illuminate\Http\Request), Object(Closure), Array)
#29 C:\laragon\www\CarRentSystem\vendor\laravel\framework\src\Illuminate\Pipeline\Pipeline.php(219): Illuminate\Routing\Middleware\ThrottleRequests-&gt;handle(Object(Illuminate\Http\Request), Object(Closure), '10', '1')
#30 C:\laragon\www\CarRentSystem\vendor\laravel\framework\src\Illuminate\Auth\Middleware\Authenticate.php(63): Illuminate\Pipeline\Pipeline-&gt;{closure:{closure:Illuminate\Pipeline\Pipeline::carry():194}:195}(Object(Illuminate\Http\Request))
#31 C:\laragon\www\CarRentSystem\vendor\laravel\framework\src\Illuminate\Pipeline\Pipeline.php(219): Illuminate\Auth\Middleware\Authenticate-&gt;handle(Object(Illuminate\Http\Request), Object(Closure), 'sanctum')
#32 C:\laragon\www\CarRentSystem\vendor\laravel\sanctum\src\Http\Middleware\EnsureFrontendRequestsAreStateful.php(26): Illuminate\Pipeline\Pipeline-&gt;{closure:{closure:Illuminate\Pipeline\Pipeline::carry():194}:195}(Object(Illuminate\Http\Request))
#33 C:\laragon\www\CarRentSystem\vendor\laravel\framework\src\Illuminate\Pipeline\Pipeline.php(180): Laravel\Sanctum\Http\Middleware\EnsureFrontendRequestsAreStateful-&gt;{closure:Laravel\Sanctum\Http\Middleware\EnsureFrontendRequestsAreStateful::handle():25}(Object(Illuminate\Http\Request))
#34 C:\laragon\www\CarRentSystem\vendor\laravel\framework\src\Illuminate\Pipeline\Pipeline.php(137): Illuminate\Pipeline\Pipeline-&gt;{closure:Illuminate\Pipeline\Pipeline::prepareDestination():178}(Object(Illuminate\Http\Request))
#35 C:\laragon\www\CarRentSystem\vendor\laravel\sanctum\src\Http\Middleware\EnsureFrontendRequestsAreStateful.php(25): Illuminate\Pipeline\Pipeline-&gt;then(Object(Closure))
#36 C:\laragon\www\CarRentSystem\vendor\laravel\framework\src\Illuminate\Pipeline\Pipeline.php(219): Laravel\Sanctum\Http\Middleware\EnsureFrontendRequestsAreStateful-&gt;handle(Object(Illuminate\Http\Request), Object(Closure))
#37 C:\laragon\www\CarRentSystem\vendor\laravel\framework\src\Illuminate\Pipeline\Pipeline.php(137): Illuminate\Pipeline\Pipeline-&gt;{closure:{closure:Illuminate\Pipeline\Pipeline::carry():194}:195}(Object(Illuminate\Http\Request))
#38 C:\laragon\www\CarRentSystem\vendor\laravel\framework\src\Illuminate\Routing\Router.php(821): Illuminate\Pipeline\Pipeline-&gt;then(Object(Closure))
#39 C:\laragon\www\CarRentSystem\vendor\laravel\framework\src\Illuminate\Routing\Router.php(800): Illuminate\Routing\Router-&gt;runRouteWithinStack(Object(Illuminate\Routing\Route), Object(Illuminate\Http\Request))
#40 C:\laragon\www\CarRentSystem\vendor\laravel\framework\src\Illuminate\Routing\Router.php(764): Illuminate\Routing\Router-&gt;runRoute(Object(Illuminate\Http\Request), Object(Illuminate\Routing\Route))
#41 C:\laragon\www\CarRentSystem\vendor\laravel\framework\src\Illuminate\Routing\Router.php(753): Illuminate\Routing\Router-&gt;dispatchToRoute(Object(Illuminate\Http\Request))
#42 C:\laragon\www\CarRentSystem\vendor\laravel\framework\src\Illuminate\Foundation\Http\Kernel.php(200): Illuminate\Routing\Router-&gt;dispatch(Object(Illuminate\Http\Request))
#43 C:\laragon\www\CarRentSystem\vendor\laravel\framework\src\Illuminate\Pipeline\Pipeline.php(180): Illuminate\Foundation\Http\Kernel-&gt;{closure:Illuminate\Foundation\Http\Kernel::dispatchToRouter():197}(Object(Illuminate\Http\Request))
#44 C:\laragon\www\CarRentSystem\vendor\livewire\livewire\src\Features\SupportDisablingBackButtonCache\DisableBackButtonCacheMiddleware.php(19): Illuminate\Pipeline\Pipeline-&gt;{closure:Illuminate\Pipeline\Pipeline::prepareDestination():178}(Object(Illuminate\Http\Request))
#45 C:\laragon\www\CarRentSystem\vendor\laravel\framework\src\Illuminate\Pipeline\Pipeline.php(219): Livewire\Features\SupportDisablingBackButtonCache\DisableBackButtonCacheMiddleware-&gt;handle(Object(Illuminate\Http\Request), Object(Closure))
#46 C:\laragon\www\CarRentSystem\vendor\laravel\framework\src\Illuminate\Foundation\Http\Middleware\TransformsRequest.php(21): Illuminate\Pipeline\Pipeline-&gt;{closure:{closure:Illuminate\Pipeline\Pipeline::carry():194}:195}(Object(Illuminate\Http\Request))
#47 C:\laragon\www\CarRentSystem\vendor\laravel\framework\src\Illuminate\Foundation\Http\Middleware\ConvertEmptyStringsToNull.php(31): Illuminate\Foundation\Http\Middleware\TransformsRequest-&gt;handle(Object(Illuminate\Http\Request), Object(Closure))
#48 C:\laragon\www\CarRentSystem\vendor\laravel\framework\src\Illuminate\Pipeline\Pipeline.php(219): Illuminate\Foundation\Http\Middleware\ConvertEmptyStringsToNull-&gt;handle(Object(Illuminate\Http\Request), Object(Closure))
#49 C:\laragon\www\CarRentSystem\vendor\laravel\framework\src\Illuminate\Foundation\Http\Middleware\TransformsRequest.php(21): Illuminate\Pipeline\Pipeline-&gt;{closure:{closure:Illuminate\Pipeline\Pipeline::carry():194}:195}(Object(Illuminate\Http\Request))
#50 C:\laragon\www\CarRentSystem\vendor\laravel\framework\src\Illuminate\Foundation\Http\Middleware\TrimStrings.php(51): Illuminate\Foundation\Http\Middleware\TransformsRequest-&gt;handle(Object(Illuminate\Http\Request), Object(Closure))
#51 C:\laragon\www\CarRentSystem\vendor\laravel\framework\src\Illuminate\Pipeline\Pipeline.php(219): Illuminate\Foundation\Http\Middleware\TrimStrings-&gt;handle(Object(Illuminate\Http\Request), Object(Closure))
#52 C:\laragon\www\CarRentSystem\vendor\laravel\framework\src\Illuminate\Http\Middleware\ValidatePostSize.php(27): Illuminate\Pipeline\Pipeline-&gt;{closure:{closure:Illuminate\Pipeline\Pipeline::carry():194}:195}(Object(Illuminate\Http\Request))
#53 C:\laragon\www\CarRentSystem\vendor\laravel\framework\src\Illuminate\Pipeline\Pipeline.php(219): Illuminate\Http\Middleware\ValidatePostSize-&gt;handle(Object(Illuminate\Http\Request), Object(Closure))
#54 C:\laragon\www\CarRentSystem\vendor\laravel\framework\src\Illuminate\Foundation\Http\Middleware\PreventRequestsDuringMaintenance.php(109): Illuminate\Pipeline\Pipeline-&gt;{closure:{closure:Illuminate\Pipeline\Pipeline::carry():194}:195}(Object(Illuminate\Http\Request))
#55 C:\laragon\www\CarRentSystem\vendor\laravel\framework\src\Illuminate\Pipeline\Pipeline.php(219): Illuminate\Foundation\Http\Middleware\PreventRequestsDuringMaintenance-&gt;handle(Object(Illuminate\Http\Request), Object(Closure))
#56 C:\laragon\www\CarRentSystem\vendor\laravel\framework\src\Illuminate\Http\Middleware\HandleCors.php(61): Illuminate\Pipeline\Pipeline-&gt;{closure:{closure:Illuminate\Pipeline\Pipeline::carry():194}:195}(Object(Illuminate\Http\Request))
#57 C:\laragon\www\CarRentSystem\vendor\laravel\framework\src\Illuminate\Pipeline\Pipeline.php(219): Illuminate\Http\Middleware\HandleCors-&gt;handle(Object(Illuminate\Http\Request), Object(Closure))
#58 C:\laragon\www\CarRentSystem\vendor\laravel\framework\src\Illuminate\Http\Middleware\TrustProxies.php(58): Illuminate\Pipeline\Pipeline-&gt;{closure:{closure:Illuminate\Pipeline\Pipeline::carry():194}:195}(Object(Illuminate\Http\Request))
#59 C:\laragon\www\CarRentSystem\vendor\laravel\framework\src\Illuminate\Pipeline\Pipeline.php(219): Illuminate\Http\Middleware\TrustProxies-&gt;handle(Object(Illuminate\Http\Request), Object(Closure))
#60 C:\laragon\www\CarRentSystem\vendor\laravel\framework\src\Illuminate\Foundation\Http\Middleware\InvokeDeferredCallbacks.php(22): Illuminate\Pipeline\Pipeline-&gt;{closure:{closure:Illuminate\Pipeline\Pipeline::carry():194}:195}(Object(Illuminate\Http\Request))
#61 C:\laragon\www\CarRentSystem\vendor\laravel\framework\src\Illuminate\Pipeline\Pipeline.php(219): Illuminate\Foundation\Http\Middleware\InvokeDeferredCallbacks-&gt;handle(Object(Illuminate\Http\Request), Object(Closure))
#62 C:\laragon\www\CarRentSystem\vendor\laravel\framework\src\Illuminate\Http\Middleware\ValidatePathEncoding.php(26): Illuminate\Pipeline\Pipeline-&gt;{closure:{closure:Illuminate\Pipeline\Pipeline::carry():194}:195}(Object(Illuminate\Http\Request))
#63 C:\laragon\www\CarRentSystem\vendor\laravel\framework\src\Illuminate\Pipeline\Pipeline.php(219): Illuminate\Http\Middleware\ValidatePathEncoding-&gt;handle(Object(Illuminate\Http\Request), Object(Closure))
#64 C:\laragon\www\CarRentSystem\vendor\laravel\framework\src\Illuminate\Pipeline\Pipeline.php(137): Illuminate\Pipeline\Pipeline-&gt;{closure:{closure:Illuminate\Pipeline\Pipeline::carry():194}:195}(Object(Illuminate\Http\Request))
#65 C:\laragon\www\CarRentSystem\vendor\laravel\framework\src\Illuminate\Foundation\Http\Kernel.php(175): Illuminate\Pipeline\Pipeline-&gt;then(Object(Closure))
#66 C:\laragon\www\CarRentSystem\vendor\laravel\framework\src\Illuminate\Foundation\Http\Kernel.php(144): Illuminate\Foundation\Http\Kernel-&gt;sendRequestThroughRouter(Object(Illuminate\Http\Request))
#67 C:\laragon\www\CarRentSystem\vendor\laravel\framework\src\Illuminate\Foundation\Testing\Concerns\MakesHttpRequests.php(607): Illuminate\Foundation\Http\Kernel-&gt;handle(Object(Illuminate\Http\Request))
#68 C:\laragon\www\CarRentSystem\vendor\laravel\framework\src\Illuminate\Foundation\Testing\Concerns\MakesHttpRequests.php(573): Illuminate\Foundation\Testing\TestCase-&gt;call('POST', '/api/bookings', Array, Array, Array, Array, '{"car_id":1,"st...')
#69 C:\laragon\www\CarRentSystem\vendor\laravel\framework\src\Illuminate\Foundation\Testing\Concerns\MakesHttpRequests.php(411): Illuminate\Foundation\Testing\TestCase-&gt;json('POST', '/api/bookings', Array, Array, 0)
#70 C:\laragon\www\CarRentSystem\tests\Feature\Api\BookingControllerTest.php(123): Illuminate\Foundation\Testing\TestCase-&gt;postJson('/api/bookings', Array)
#71 C:\laragon\www\CarRentSystem\vendor\pestphp\pest\src\Factories\TestCaseMethodFactory.php(168): P\Tests\Feature\Api\BookingControllerTest-&gt;{closure:C:\laragon\www\CarRentSystem\tests\Feature\Api\BookingControllerTest.php:101}()
#72 [internal function]: P\Tests\Feature\Api\BookingControllerTest-&gt;{closure:Pest\Factories\TestCaseMethodFactory::getClosure():158}()
#73 C:\laragon\www\CarRentSystem\vendor\pestphp\pest\src\Concerns\Testable.php(429): call_user_func_array(Object(Closure), Array)
#74 C:\laragon\www\CarRentSystem\vendor\pestphp\pest\src\Support\ExceptionTrace.php(26): P\Tests\Feature\Api\BookingControllerTest-&gt;{closure:Pest\Concerns\Testable::__callClosure():429}()
#75 C:\laragon\www\CarRentSystem\vendor\pestphp\pest\src\Concerns\Testable.php(429): Pest\Support\ExceptionTrace::ensure(Object(Closure))
#76 C:\laragon\www\CarRentSystem\vendor\pestphp\pest\src\Concerns\Testable.php(331): P\Tests\Feature\Api\BookingControllerTest-&gt;__callClosure(Object(Closure), Array)
#77 C:\laragon\www\CarRentSystem\vendor\pestphp\pest\src\Factories\TestCaseFactory.php(169) : eval()'d code(52): P\Tests\Feature\Api\BookingControllerTest-&gt;__runTest(Object(Closure))
#78 C:\laragon\www\CarRentSystem\vendor\phpunit\phpunit\src\Framework\TestCase.php(1316): P\Tests\Feature\Api\BookingControllerTest-&gt;__pest_evaluable_cannot_book_car_with_overlapping_dates()
#79 C:\laragon\www\CarRentSystem\vendor\phpunit\phpunit\src\Framework\TestCase.php(516): PHPUnit\Framework\TestCase-&gt;runTest()
#80 C:\laragon\www\CarRentSystem\vendor\phpunit\phpunit\src\Framework\TestRunner\TestRunner.php(99): PHPUnit\Framework\TestCase-&gt;runBare()
#81 C:\laragon\www\CarRentSystem\vendor\phpunit\phpunit\src\Framework\TestCase.php(357): PHPUnit\Framework\TestRunner-&gt;run(Object(P\Tests\Feature\Api\BookingControllerTest))
#82 C:\laragon\www\CarRentSystem\vendor\phpunit\phpunit\src\Framework\TestSuite.php(374): PHPUnit\Framework\TestCase-&gt;run()
#83 C:\laragon\www\CarRentSystem\vendor\phpunit\phpunit\src\Framework\TestSuite.php(374): PHPUnit\Framework\TestSuite-&gt;run()
#84 C:\laragon\www\CarRentSystem\vendor\phpunit\phpunit\src\Framework\TestSuite.php(374): PHPUnit\Framework\TestSuite-&gt;run()
#85 C:\laragon\www\CarRentSystem\vendor\phpunit\phpunit\src\TextUI\TestRunner.php(64): PHPUnit\Framework\TestSuite-&gt;run()
#86 C:\laragon\www\CarRentSystem\vendor\phpunit\phpunit\src\TextUI\Application.php(229): PHPUnit\TextUI\TestRunner-&gt;run(Object(PHPUnit\TextUI\Configuration\Configuration), Object(PHPUnit\Runner\ResultCache\DefaultResultCache), Object(PHPUnit\Framework\TestSuite))
#87 C:\laragon\www\CarRentSystem\vendor\pestphp\pest\src\Kernel.php(103): PHPUnit\TextUI\Application-&gt;run(Array)
#88 C:\laragon\www\CarRentSystem\vendor\pestphp\pest\bin\pest(184): Pest\Kernel-&gt;handle(Array, Array)
#89 C:\laragon\www\CarRentSystem\vendor\pestphp\pest\bin\pest(192): {closure:C:\laragon\www\CarRentSystem\vendor\pestphp\pest\bin\pest:18}()
#90 C:\laragon\www\CarRentSystem\vendor\bin\pest(119): include('C:\\laragon\\www\\...')
#91 {main}

----------------------------------------------------------------------------------

Class "Stripe\Stripe" not found&#13;
&#13;
at vendor\laravel\framework\src\Illuminate\Testing\TestResponseAssert.php:45
at vendor\laravel\framework\src\Illuminate\Testing\TestResponse.php:174
at tests\Feature\Api\BookingControllerTest.php:130</failure>
        </testcase>
        <testcase name="can create booking with visa payment" file="tests\Feature\Api\BookingControllerTest.php::can create booking with visa payment" class="Tests\Feature\Api\BookingControllerTest" classname="Tests.Feature.Api.BookingControllerTest" assertions="1" time="0.440198">
          <failure type="PHPUnit\Framework\ExpectationFailedException">can create booking with visa paymentExpected response status code [&gt;=200, &lt;300] but received 500.
Failed asserting that false is true.&#13;
&#13;
The following exception occurred during the last request:

Error: Class "Stripe\Stripe" not found in C:\laragon\www\CarRentSystem\app\Services\PaymentService.php:19
Stack trace:
#0 [internal function]: App\Services\PaymentService-&gt;__construct()
#1 C:\laragon\www\CarRentSystem\vendor\laravel\framework\src\Illuminate\Container\Container.php(1211): ReflectionClass-&gt;newInstanceArgs(Array)
#2 C:\laragon\www\CarRentSystem\vendor\laravel\framework\src\Illuminate\Container\Container.php(972): Illuminate\Container\Container-&gt;build('App\\Services\\Pa...')
#3 C:\laragon\www\CarRentSystem\vendor\laravel\framework\src\Illuminate\Foundation\Application.php(1078): Illuminate\Container\Container-&gt;resolve('App\\Services\\Pa...', Array, true)
#4 C:\laragon\www\CarRentSystem\vendor\laravel\framework\src\Illuminate\Container\Container.php(903): Illuminate\Foundation\Application-&gt;resolve('App\\Services\\Pa...', Array)
#5 C:\laragon\www\CarRentSystem\vendor\laravel\framework\src\Illuminate\Foundation\Application.php(1058): Illuminate\Container\Container-&gt;make('App\\Services\\Pa...', Array)
#6 C:\laragon\www\CarRentSystem\vendor\laravel\framework\src\Illuminate\Container\Container.php(1379): Illuminate\Foundation\Application-&gt;make('App\\Services\\Pa...')
#7 C:\laragon\www\CarRentSystem\vendor\laravel\framework\src\Illuminate\Container\Container.php(1278): Illuminate\Container\Container-&gt;resolveClass(Object(ReflectionParameter))
#8 C:\laragon\www\CarRentSystem\vendor\laravel\framework\src\Illuminate\Container\Container.php(1201): Illuminate\Container\Container-&gt;resolveDependencies(Array)
#9 C:\laragon\www\CarRentSystem\vendor\laravel\framework\src\Illuminate\Container\Container.php(972): Illuminate\Container\Container-&gt;build('App\\Actions\\Boo...')
#10 C:\laragon\www\CarRentSystem\vendor\laravel\framework\src\Illuminate\Foundation\Application.php(1078): Illuminate\Container\Container-&gt;resolve('App\\Actions\\Boo...', Array, true)
#11 C:\laragon\www\CarRentSystem\vendor\laravel\framework\src\Illuminate\Container\Container.php(903): Illuminate\Foundation\Application-&gt;resolve('App\\Actions\\Boo...', Array)
#12 C:\laragon\www\CarRentSystem\vendor\laravel\framework\src\Illuminate\Foundation\Application.php(1058): Illuminate\Container\Container-&gt;make('App\\Actions\\Boo...', Array)
#13 C:\laragon\www\CarRentSystem\vendor\laravel\framework\src\Illuminate\Container\Container.php(1379): Illuminate\Foundation\Application-&gt;make('App\\Actions\\Boo...')
#14 C:\laragon\www\CarRentSystem\vendor\laravel\framework\src\Illuminate\Container\Container.php(1278): Illuminate\Container\Container-&gt;resolveClass(Object(ReflectionParameter))
#15 C:\laragon\www\CarRentSystem\vendor\laravel\framework\src\Illuminate\Container\Container.php(1201): Illuminate\Container\Container-&gt;resolveDependencies(Array)
#16 C:\laragon\www\CarRentSystem\vendor\laravel\framework\src\Illuminate\Container\Container.php(972): Illuminate\Container\Container-&gt;build('App\\Http\\Contro...')
#17 C:\laragon\www\CarRentSystem\vendor\laravel\framework\src\Illuminate\Foundation\Application.php(1078): Illuminate\Container\Container-&gt;resolve('App\\Http\\Contro...', Array, true)
#18 C:\laragon\www\CarRentSystem\vendor\laravel\framework\src\Illuminate\Container\Container.php(903): Illuminate\Foundation\Application-&gt;resolve('App\\Http\\Contro...', Array)
#19 C:\laragon\www\CarRentSystem\vendor\laravel\framework\src\Illuminate\Foundation\Application.php(1058): Illuminate\Container\Container-&gt;make('App\\Http\\Contro...', Array)
#20 C:\laragon\www\CarRentSystem\vendor\laravel\framework\src\Illuminate\Routing\Route.php(286): Illuminate\Foundation\Application-&gt;make('App\\Http\\Contro...')
#21 C:\laragon\www\CarRentSystem\vendor\laravel\framework\src\Illuminate\Routing\Route.php(266): Illuminate\Routing\Route-&gt;getController()
#22 C:\laragon\www\CarRentSystem\vendor\laravel\framework\src\Illuminate\Routing\Route.php(211): Illuminate\Routing\Route-&gt;runController()
#23 C:\laragon\www\CarRentSystem\vendor\laravel\framework\src\Illuminate\Routing\Router.php(822): Illuminate\Routing\Route-&gt;run()
#24 C:\laragon\www\CarRentSystem\vendor\laravel\framework\src\Illuminate\Pipeline\Pipeline.php(180): Illuminate\Routing\Router-&gt;{closure:Illuminate\Routing\Router::runRouteWithinStack():821}(Object(Illuminate\Http\Request))
#25 C:\laragon\www\CarRentSystem\vendor\laravel\framework\src\Illuminate\Routing\Middleware\SubstituteBindings.php(50): Illuminate\Pipeline\Pipeline-&gt;{closure:Illuminate\Pipeline\Pipeline::prepareDestination():178}(Object(Illuminate\Http\Request))
#26 C:\laragon\www\CarRentSystem\vendor\laravel\framework\src\Illuminate\Pipeline\Pipeline.php(219): Illuminate\Routing\Middleware\SubstituteBindings-&gt;handle(Object(Illuminate\Http\Request), Object(Closure))
#27 C:\laragon\www\CarRentSystem\vendor\laravel\framework\src\Illuminate\Routing\Middleware\ThrottleRequests.php(160): Illuminate\Pipeline\Pipeline-&gt;{closure:{closure:Illuminate\Pipeline\Pipeline::carry():194}:195}(Object(Illuminate\Http\Request))
#28 C:\laragon\www\CarRentSystem\vendor\laravel\framework\src\Illuminate\Routing\Middleware\ThrottleRequests.php(91): Illuminate\Routing\Middleware\ThrottleRequests-&gt;handleRequest(Object(Illuminate\Http\Request), Object(Closure), Array)
#29 C:\laragon\www\CarRentSystem\vendor\laravel\framework\src\Illuminate\Pipeline\Pipeline.php(219): Illuminate\Routing\Middleware\ThrottleRequests-&gt;handle(Object(Illuminate\Http\Request), Object(Closure), '10', '1')
#30 C:\laragon\www\CarRentSystem\vendor\laravel\framework\src\Illuminate\Auth\Middleware\Authenticate.php(63): Illuminate\Pipeline\Pipeline-&gt;{closure:{closure:Illuminate\Pipeline\Pipeline::carry():194}:195}(Object(Illuminate\Http\Request))
#31 C:\laragon\www\CarRentSystem\vendor\laravel\framework\src\Illuminate\Pipeline\Pipeline.php(219): Illuminate\Auth\Middleware\Authenticate-&gt;handle(Object(Illuminate\Http\Request), Object(Closure), 'sanctum')
#32 C:\laragon\www\CarRentSystem\vendor\laravel\sanctum\src\Http\Middleware\EnsureFrontendRequestsAreStateful.php(26): Illuminate\Pipeline\Pipeline-&gt;{closure:{closure:Illuminate\Pipeline\Pipeline::carry():194}:195}(Object(Illuminate\Http\Request))
#33 C:\laragon\www\CarRentSystem\vendor\laravel\framework\src\Illuminate\Pipeline\Pipeline.php(180): Laravel\Sanctum\Http\Middleware\EnsureFrontendRequestsAreStateful-&gt;{closure:Laravel\Sanctum\Http\Middleware\EnsureFrontendRequestsAreStateful::handle():25}(Object(Illuminate\Http\Request))
#34 C:\laragon\www\CarRentSystem\vendor\laravel\framework\src\Illuminate\Pipeline\Pipeline.php(137): Illuminate\Pipeline\Pipeline-&gt;{closure:Illuminate\Pipeline\Pipeline::prepareDestination():178}(Object(Illuminate\Http\Request))
#35 C:\laragon\www\CarRentSystem\vendor\laravel\sanctum\src\Http\Middleware\EnsureFrontendRequestsAreStateful.php(25): Illuminate\Pipeline\Pipeline-&gt;then(Object(Closure))
#36 C:\laragon\www\CarRentSystem\vendor\laravel\framework\src\Illuminate\Pipeline\Pipeline.php(219): Laravel\Sanctum\Http\Middleware\EnsureFrontendRequestsAreStateful-&gt;handle(Object(Illuminate\Http\Request), Object(Closure))
#37 C:\laragon\www\CarRentSystem\vendor\laravel\framework\src\Illuminate\Pipeline\Pipeline.php(137): Illuminate\Pipeline\Pipeline-&gt;{closure:{closure:Illuminate\Pipeline\Pipeline::carry():194}:195}(Object(Illuminate\Http\Request))
#38 C:\laragon\www\CarRentSystem\vendor\laravel\framework\src\Illuminate\Routing\Router.php(821): Illuminate\Pipeline\Pipeline-&gt;then(Object(Closure))
#39 C:\laragon\www\CarRentSystem\vendor\laravel\framework\src\Illuminate\Routing\Router.php(800): Illuminate\Routing\Router-&gt;runRouteWithinStack(Object(Illuminate\Routing\Route), Object(Illuminate\Http\Request))
#40 C:\laragon\www\CarRentSystem\vendor\laravel\framework\src\Illuminate\Routing\Router.php(764): Illuminate\Routing\Router-&gt;runRoute(Object(Illuminate\Http\Request), Object(Illuminate\Routing\Route))
#41 C:\laragon\www\CarRentSystem\vendor\laravel\framework\src\Illuminate\Routing\Router.php(753): Illuminate\Routing\Router-&gt;dispatchToRoute(Object(Illuminate\Http\Request))
#42 C:\laragon\www\CarRentSystem\vendor\laravel\framework\src\Illuminate\Foundation\Http\Kernel.php(200): Illuminate\Routing\Router-&gt;dispatch(Object(Illuminate\Http\Request))
#43 C:\laragon\www\CarRentSystem\vendor\laravel\framework\src\Illuminate\Pipeline\Pipeline.php(180): Illuminate\Foundation\Http\Kernel-&gt;{closure:Illuminate\Foundation\Http\Kernel::dispatchToRouter():197}(Object(Illuminate\Http\Request))
#44 C:\laragon\www\CarRentSystem\vendor\livewire\livewire\src\Features\SupportDisablingBackButtonCache\DisableBackButtonCacheMiddleware.php(19): Illuminate\Pipeline\Pipeline-&gt;{closure:Illuminate\Pipeline\Pipeline::prepareDestination():178}(Object(Illuminate\Http\Request))
#45 C:\laragon\www\CarRentSystem\vendor\laravel\framework\src\Illuminate\Pipeline\Pipeline.php(219): Livewire\Features\SupportDisablingBackButtonCache\DisableBackButtonCacheMiddleware-&gt;handle(Object(Illuminate\Http\Request), Object(Closure))
#46 C:\laragon\www\CarRentSystem\vendor\laravel\framework\src\Illuminate\Foundation\Http\Middleware\TransformsRequest.php(21): Illuminate\Pipeline\Pipeline-&gt;{closure:{closure:Illuminate\Pipeline\Pipeline::carry():194}:195}(Object(Illuminate\Http\Request))
#47 C:\laragon\www\CarRentSystem\vendor\laravel\framework\src\Illuminate\Foundation\Http\Middleware\ConvertEmptyStringsToNull.php(31): Illuminate\Foundation\Http\Middleware\TransformsRequest-&gt;handle(Object(Illuminate\Http\Request), Object(Closure))
#48 C:\laragon\www\CarRentSystem\vendor\laravel\framework\src\Illuminate\Pipeline\Pipeline.php(219): Illuminate\Foundation\Http\Middleware\ConvertEmptyStringsToNull-&gt;handle(Object(Illuminate\Http\Request), Object(Closure))
#49 C:\laragon\www\CarRentSystem\vendor\laravel\framework\src\Illuminate\Foundation\Http\Middleware\TransformsRequest.php(21): Illuminate\Pipeline\Pipeline-&gt;{closure:{closure:Illuminate\Pipeline\Pipeline::carry():194}:195}(Object(Illuminate\Http\Request))
#50 C:\laragon\www\CarRentSystem\vendor\laravel\framework\src\Illuminate\Foundation\Http\Middleware\TrimStrings.php(51): Illuminate\Foundation\Http\Middleware\TransformsRequest-&gt;handle(Object(Illuminate\Http\Request), Object(Closure))
#51 C:\laragon\www\CarRentSystem\vendor\laravel\framework\src\Illuminate\Pipeline\Pipeline.php(219): Illuminate\Foundation\Http\Middleware\TrimStrings-&gt;handle(Object(Illuminate\Http\Request), Object(Closure))
#52 C:\laragon\www\CarRentSystem\vendor\laravel\framework\src\Illuminate\Http\Middleware\ValidatePostSize.php(27): Illuminate\Pipeline\Pipeline-&gt;{closure:{closure:Illuminate\Pipeline\Pipeline::carry():194}:195}(Object(Illuminate\Http\Request))
#53 C:\laragon\www\CarRentSystem\vendor\laravel\framework\src\Illuminate\Pipeline\Pipeline.php(219): Illuminate\Http\Middleware\ValidatePostSize-&gt;handle(Object(Illuminate\Http\Request), Object(Closure))
#54 C:\laragon\www\CarRentSystem\vendor\laravel\framework\src\Illuminate\Foundation\Http\Middleware\PreventRequestsDuringMaintenance.php(109): Illuminate\Pipeline\Pipeline-&gt;{closure:{closure:Illuminate\Pipeline\Pipeline::carry():194}:195}(Object(Illuminate\Http\Request))
#55 C:\laragon\www\CarRentSystem\vendor\laravel\framework\src\Illuminate\Pipeline\Pipeline.php(219): Illuminate\Foundation\Http\Middleware\PreventRequestsDuringMaintenance-&gt;handle(Object(Illuminate\Http\Request), Object(Closure))
#56 C:\laragon\www\CarRentSystem\vendor\laravel\framework\src\Illuminate\Http\Middleware\HandleCors.php(61): Illuminate\Pipeline\Pipeline-&gt;{closure:{closure:Illuminate\Pipeline\Pipeline::carry():194}:195}(Object(Illuminate\Http\Request))
#57 C:\laragon\www\CarRentSystem\vendor\laravel\framework\src\Illuminate\Pipeline\Pipeline.php(219): Illuminate\Http\Middleware\HandleCors-&gt;handle(Object(Illuminate\Http\Request), Object(Closure))
#58 C:\laragon\www\CarRentSystem\vendor\laravel\framework\src\Illuminate\Http\Middleware\TrustProxies.php(58): Illuminate\Pipeline\Pipeline-&gt;{closure:{closure:Illuminate\Pipeline\Pipeline::carry():194}:195}(Object(Illuminate\Http\Request))
#59 C:\laragon\www\CarRentSystem\vendor\laravel\framework\src\Illuminate\Pipeline\Pipeline.php(219): Illuminate\Http\Middleware\TrustProxies-&gt;handle(Object(Illuminate\Http\Request), Object(Closure))
#60 C:\laragon\www\CarRentSystem\vendor\laravel\framework\src\Illuminate\Foundation\Http\Middleware\InvokeDeferredCallbacks.php(22): Illuminate\Pipeline\Pipeline-&gt;{closure:{closure:Illuminate\Pipeline\Pipeline::carry():194}:195}(Object(Illuminate\Http\Request))
#61 C:\laragon\www\CarRentSystem\vendor\laravel\framework\src\Illuminate\Pipeline\Pipeline.php(219): Illuminate\Foundation\Http\Middleware\InvokeDeferredCallbacks-&gt;handle(Object(Illuminate\Http\Request), Object(Closure))
#62 C:\laragon\www\CarRentSystem\vendor\laravel\framework\src\Illuminate\Http\Middleware\ValidatePathEncoding.php(26): Illuminate\Pipeline\Pipeline-&gt;{closure:{closure:Illuminate\Pipeline\Pipeline::carry():194}:195}(Object(Illuminate\Http\Request))
#63 C:\laragon\www\CarRentSystem\vendor\laravel\framework\src\Illuminate\Pipeline\Pipeline.php(219): Illuminate\Http\Middleware\ValidatePathEncoding-&gt;handle(Object(Illuminate\Http\Request), Object(Closure))
#64 C:\laragon\www\CarRentSystem\vendor\laravel\framework\src\Illuminate\Pipeline\Pipeline.php(137): Illuminate\Pipeline\Pipeline-&gt;{closure:{closure:Illuminate\Pipeline\Pipeline::carry():194}:195}(Object(Illuminate\Http\Request))
#65 C:\laragon\www\CarRentSystem\vendor\laravel\framework\src\Illuminate\Foundation\Http\Kernel.php(175): Illuminate\Pipeline\Pipeline-&gt;then(Object(Closure))
#66 C:\laragon\www\CarRentSystem\vendor\laravel\framework\src\Illuminate\Foundation\Http\Kernel.php(144): Illuminate\Foundation\Http\Kernel-&gt;sendRequestThroughRouter(Object(Illuminate\Http\Request))
#67 C:\laragon\www\CarRentSystem\vendor\laravel\framework\src\Illuminate\Foundation\Testing\Concerns\MakesHttpRequests.php(607): Illuminate\Foundation\Http\Kernel-&gt;handle(Object(Illuminate\Http\Request))
#68 C:\laragon\www\CarRentSystem\vendor\laravel\framework\src\Illuminate\Foundation\Testing\Concerns\MakesHttpRequests.php(573): Illuminate\Foundation\Testing\TestCase-&gt;call('POST', '/api/bookings', Array, Array, Array, Array, '{"car_id":1,"st...')
#69 C:\laragon\www\CarRentSystem\vendor\laravel\framework\src\Illuminate\Foundation\Testing\Concerns\MakesHttpRequests.php(411): Illuminate\Foundation\Testing\TestCase-&gt;json('POST', '/api/bookings', Array, Array, 0)
#70 C:\laragon\www\CarRentSystem\tests\Feature\Api\BookingControllerTest.php(19): Illuminate\Foundation\Testing\TestCase-&gt;postJson('/api/bookings', Array)
#71 C:\laragon\www\CarRentSystem\vendor\pestphp\pest\src\Factories\TestCaseMethodFactory.php(168): P\Tests\Feature\Api\BookingControllerTest-&gt;{closure:C:\laragon\www\CarRentSystem\tests\Feature\Api\BookingControllerTest.php:7}()
#72 [internal function]: P\Tests\Feature\Api\BookingControllerTest-&gt;{closure:Pest\Factories\TestCaseMethodFactory::getClosure():158}()
#73 C:\laragon\www\CarRentSystem\vendor\pestphp\pest\src\Concerns\Testable.php(429): call_user_func_array(Object(Closure), Array)
#74 C:\laragon\www\CarRentSystem\vendor\pestphp\pest\src\Support\ExceptionTrace.php(26): P\Tests\Feature\Api\BookingControllerTest-&gt;{closure:Pest\Concerns\Testable::__callClosure():429}()
#75 C:\laragon\www\CarRentSystem\vendor\pestphp\pest\src\Concerns\Testable.php(429): Pest\Support\ExceptionTrace::ensure(Object(Closure))
#76 C:\laragon\www\CarRentSystem\vendor\pestphp\pest\src\Concerns\Testable.php(331): P\Tests\Feature\Api\BookingControllerTest-&gt;__callClosure(Object(Closure), Array)
#77 C:\laragon\www\CarRentSystem\vendor\pestphp\pest\src\Factories\TestCaseFactory.php(169) : eval()'d code(19): P\Tests\Feature\Api\BookingControllerTest-&gt;__runTest(Object(Closure))
#78 C:\laragon\www\CarRentSystem\vendor\phpunit\phpunit\src\Framework\TestCase.php(1316): P\Tests\Feature\Api\BookingControllerTest-&gt;__pest_evaluable_can_create_booking_with_visa_payment()
#79 C:\laragon\www\CarRentSystem\vendor\phpunit\phpunit\src\Framework\TestCase.php(516): PHPUnit\Framework\TestCase-&gt;runTest()
#80 C:\laragon\www\CarRentSystem\vendor\phpunit\phpunit\src\Framework\TestRunner\TestRunner.php(99): PHPUnit\Framework\TestCase-&gt;runBare()
#81 C:\laragon\www\CarRentSystem\vendor\phpunit\phpunit\src\Framework\TestCase.php(357): PHPUnit\Framework\TestRunner-&gt;run(Object(P\Tests\Feature\Api\BookingControllerTest))
#82 C:\laragon\www\CarRentSystem\vendor\phpunit\phpunit\src\Framework\TestSuite.php(374): PHPUnit\Framework\TestCase-&gt;run()
#83 C:\laragon\www\CarRentSystem\vendor\phpunit\phpunit\src\Framework\TestSuite.php(374): PHPUnit\Framework\TestSuite-&gt;run()
#84 C:\laragon\www\CarRentSystem\vendor\phpunit\phpunit\src\Framework\TestSuite.php(374): PHPUnit\Framework\TestSuite-&gt;run()
#85 C:\laragon\www\CarRentSystem\vendor\phpunit\phpunit\src\TextUI\TestRunner.php(64): PHPUnit\Framework\TestSuite-&gt;run()
#86 C:\laragon\www\CarRentSystem\vendor\phpunit\phpunit\src\TextUI\Application.php(229): PHPUnit\TextUI\TestRunner-&gt;run(Object(PHPUnit\TextUI\Configuration\Configuration), Object(PHPUnit\Runner\ResultCache\DefaultResultCache), Object(PHPUnit\Framework\TestSuite))
#87 C:\laragon\www\CarRentSystem\vendor\pestphp\pest\src\Kernel.php(103): PHPUnit\TextUI\Application-&gt;run(Array)
#88 C:\laragon\www\CarRentSystem\vendor\pestphp\pest\bin\pest(184): Pest\Kernel-&gt;handle(Array, Array)
#89 C:\laragon\www\CarRentSystem\vendor\pestphp\pest\bin\pest(192): {closure:C:\laragon\www\CarRentSystem\vendor\pestphp\pest\bin\pest:18}()
#90 C:\laragon\www\CarRentSystem\vendor\bin\pest(119): include('C:\\laragon\\www\\...')
#91 {main}

----------------------------------------------------------------------------------

Class "Stripe\Stripe" not found&#13;
&#13;
at vendor\laravel\framework\src\Illuminate\Testing\TestResponseAssert.php:45
at vendor\laravel\framework\src\Illuminate\Testing\TestResponse.php:103
at tests\Feature\Api\BookingControllerTest.php:26</failure>
        </testcase>
        <testcase name="cannot show booking to unauthorized user" file="tests\Feature\Api\BookingControllerTest.php::cannot show booking to unauthorized user" class="Tests\Feature\Api\BookingControllerTest" classname="Tests.Feature.Api.BookingControllerTest" assertions="1" time="0.384013">
          <failure type="PHPUnit\Framework\ExpectationFailedException">cannot show booking to unauthorized userExpected response status code [404] but received 500.
Failed asserting that 500 is identical to 404.&#13;
&#13;
The following exception occurred during the last request:

Error: Class "Stripe\Stripe" not found in C:\laragon\www\CarRentSystem\app\Services\PaymentService.php:19
Stack trace:
#0 [internal function]: App\Services\PaymentService-&gt;__construct()
#1 C:\laragon\www\CarRentSystem\vendor\laravel\framework\src\Illuminate\Container\Container.php(1211): ReflectionClass-&gt;newInstanceArgs(Array)
#2 C:\laragon\www\CarRentSystem\vendor\laravel\framework\src\Illuminate\Container\Container.php(972): Illuminate\Container\Container-&gt;build('App\\Services\\Pa...')
#3 C:\laragon\www\CarRentSystem\vendor\laravel\framework\src\Illuminate\Foundation\Application.php(1078): Illuminate\Container\Container-&gt;resolve('App\\Services\\Pa...', Array, true)
#4 C:\laragon\www\CarRentSystem\vendor\laravel\framework\src\Illuminate\Container\Container.php(903): Illuminate\Foundation\Application-&gt;resolve('App\\Services\\Pa...', Array)
#5 C:\laragon\www\CarRentSystem\vendor\laravel\framework\src\Illuminate\Foundation\Application.php(1058): Illuminate\Container\Container-&gt;make('App\\Services\\Pa...', Array)
#6 C:\laragon\www\CarRentSystem\vendor\laravel\framework\src\Illuminate\Container\Container.php(1379): Illuminate\Foundation\Application-&gt;make('App\\Services\\Pa...')
#7 C:\laragon\www\CarRentSystem\vendor\laravel\framework\src\Illuminate\Container\Container.php(1278): Illuminate\Container\Container-&gt;resolveClass(Object(ReflectionParameter))
#8 C:\laragon\www\CarRentSystem\vendor\laravel\framework\src\Illuminate\Container\Container.php(1201): Illuminate\Container\Container-&gt;resolveDependencies(Array)
#9 C:\laragon\www\CarRentSystem\vendor\laravel\framework\src\Illuminate\Container\Container.php(972): Illuminate\Container\Container-&gt;build('App\\Actions\\Boo...')
#10 C:\laragon\www\CarRentSystem\vendor\laravel\framework\src\Illuminate\Foundation\Application.php(1078): Illuminate\Container\Container-&gt;resolve('App\\Actions\\Boo...', Array, true)
#11 C:\laragon\www\CarRentSystem\vendor\laravel\framework\src\Illuminate\Container\Container.php(903): Illuminate\Foundation\Application-&gt;resolve('App\\Actions\\Boo...', Array)
#12 C:\laragon\www\CarRentSystem\vendor\laravel\framework\src\Illuminate\Foundation\Application.php(1058): Illuminate\Container\Container-&gt;make('App\\Actions\\Boo...', Array)
#13 C:\laragon\www\CarRentSystem\vendor\laravel\framework\src\Illuminate\Container\Container.php(1379): Illuminate\Foundation\Application-&gt;make('App\\Actions\\Boo...')
#14 C:\laragon\www\CarRentSystem\vendor\laravel\framework\src\Illuminate\Container\Container.php(1278): Illuminate\Container\Container-&gt;resolveClass(Object(ReflectionParameter))
#15 C:\laragon\www\CarRentSystem\vendor\laravel\framework\src\Illuminate\Container\Container.php(1201): Illuminate\Container\Container-&gt;resolveDependencies(Array)
#16 C:\laragon\www\CarRentSystem\vendor\laravel\framework\src\Illuminate\Container\Container.php(972): Illuminate\Container\Container-&gt;build('App\\Http\\Contro...')
#17 C:\laragon\www\CarRentSystem\vendor\laravel\framework\src\Illuminate\Foundation\Application.php(1078): Illuminate\Container\Container-&gt;resolve('App\\Http\\Contro...', Array, true)
#18 C:\laragon\www\CarRentSystem\vendor\laravel\framework\src\Illuminate\Container\Container.php(903): Illuminate\Foundation\Application-&gt;resolve('App\\Http\\Contro...', Array)
#19 C:\laragon\www\CarRentSystem\vendor\laravel\framework\src\Illuminate\Foundation\Application.php(1058): Illuminate\Container\Container-&gt;make('App\\Http\\Contro...', Array)
#20 C:\laragon\www\CarRentSystem\vendor\laravel\framework\src\Illuminate\Routing\Route.php(286): Illuminate\Foundation\Application-&gt;make('App\\Http\\Contro...')
#21 C:\laragon\www\CarRentSystem\vendor\laravel\framework\src\Illuminate\Routing\Route.php(266): Illuminate\Routing\Route-&gt;getController()
#22 C:\laragon\www\CarRentSystem\vendor\laravel\framework\src\Illuminate\Routing\Route.php(211): Illuminate\Routing\Route-&gt;runController()
#23 C:\laragon\www\CarRentSystem\vendor\laravel\framework\src\Illuminate\Routing\Router.php(822): Illuminate\Routing\Route-&gt;run()
#24 C:\laragon\www\CarRentSystem\vendor\laravel\framework\src\Illuminate\Pipeline\Pipeline.php(180): Illuminate\Routing\Router-&gt;{closure:Illuminate\Routing\Router::runRouteWithinStack():821}(Object(Illuminate\Http\Request))
#25 C:\laragon\www\CarRentSystem\vendor\laravel\framework\src\Illuminate\Routing\Middleware\SubstituteBindings.php(50): Illuminate\Pipeline\Pipeline-&gt;{closure:Illuminate\Pipeline\Pipeline::prepareDestination():178}(Object(Illuminate\Http\Request))
#26 C:\laragon\www\CarRentSystem\vendor\laravel\framework\src\Illuminate\Pipeline\Pipeline.php(219): Illuminate\Routing\Middleware\SubstituteBindings-&gt;handle(Object(Illuminate\Http\Request), Object(Closure))
#27 C:\laragon\www\CarRentSystem\vendor\laravel\framework\src\Illuminate\Routing\Middleware\ThrottleRequests.php(160): Illuminate\Pipeline\Pipeline-&gt;{closure:{closure:Illuminate\Pipeline\Pipeline::carry():194}:195}(Object(Illuminate\Http\Request))
#28 C:\laragon\www\CarRentSystem\vendor\laravel\framework\src\Illuminate\Routing\Middleware\ThrottleRequests.php(91): Illuminate\Routing\Middleware\ThrottleRequests-&gt;handleRequest(Object(Illuminate\Http\Request), Object(Closure), Array)
#29 C:\laragon\www\CarRentSystem\vendor\laravel\framework\src\Illuminate\Pipeline\Pipeline.php(219): Illuminate\Routing\Middleware\ThrottleRequests-&gt;handle(Object(Illuminate\Http\Request), Object(Closure), '100', '1')
#30 C:\laragon\www\CarRentSystem\vendor\laravel\framework\src\Illuminate\Auth\Middleware\Authenticate.php(63): Illuminate\Pipeline\Pipeline-&gt;{closure:{closure:Illuminate\Pipeline\Pipeline::carry():194}:195}(Object(Illuminate\Http\Request))
#31 C:\laragon\www\CarRentSystem\vendor\laravel\framework\src\Illuminate\Pipeline\Pipeline.php(219): Illuminate\Auth\Middleware\Authenticate-&gt;handle(Object(Illuminate\Http\Request), Object(Closure), 'sanctum')
#32 C:\laragon\www\CarRentSystem\vendor\laravel\sanctum\src\Http\Middleware\EnsureFrontendRequestsAreStateful.php(26): Illuminate\Pipeline\Pipeline-&gt;{closure:{closure:Illuminate\Pipeline\Pipeline::carry():194}:195}(Object(Illuminate\Http\Request))
#33 C:\laragon\www\CarRentSystem\vendor\laravel\framework\src\Illuminate\Pipeline\Pipeline.php(180): Laravel\Sanctum\Http\Middleware\EnsureFrontendRequestsAreStateful-&gt;{closure:Laravel\Sanctum\Http\Middleware\EnsureFrontendRequestsAreStateful::handle():25}(Object(Illuminate\Http\Request))
#34 C:\laragon\www\CarRentSystem\vendor\laravel\framework\src\Illuminate\Pipeline\Pipeline.php(137): Illuminate\Pipeline\Pipeline-&gt;{closure:Illuminate\Pipeline\Pipeline::prepareDestination():178}(Object(Illuminate\Http\Request))
#35 C:\laragon\www\CarRentSystem\vendor\laravel\sanctum\src\Http\Middleware\EnsureFrontendRequestsAreStateful.php(25): Illuminate\Pipeline\Pipeline-&gt;then(Object(Closure))
#36 C:\laragon\www\CarRentSystem\vendor\laravel\framework\src\Illuminate\Pipeline\Pipeline.php(219): Laravel\Sanctum\Http\Middleware\EnsureFrontendRequestsAreStateful-&gt;handle(Object(Illuminate\Http\Request), Object(Closure))
#37 C:\laragon\www\CarRentSystem\vendor\laravel\framework\src\Illuminate\Pipeline\Pipeline.php(137): Illuminate\Pipeline\Pipeline-&gt;{closure:{closure:Illuminate\Pipeline\Pipeline::carry():194}:195}(Object(Illuminate\Http\Request))
#38 C:\laragon\www\CarRentSystem\vendor\laravel\framework\src\Illuminate\Routing\Router.php(821): Illuminate\Pipeline\Pipeline-&gt;then(Object(Closure))
#39 C:\laragon\www\CarRentSystem\vendor\laravel\framework\src\Illuminate\Routing\Router.php(800): Illuminate\Routing\Router-&gt;runRouteWithinStack(Object(Illuminate\Routing\Route), Object(Illuminate\Http\Request))
#40 C:\laragon\www\CarRentSystem\vendor\laravel\framework\src\Illuminate\Routing\Router.php(764): Illuminate\Routing\Router-&gt;runRoute(Object(Illuminate\Http\Request), Object(Illuminate\Routing\Route))
#41 C:\laragon\www\CarRentSystem\vendor\laravel\framework\src\Illuminate\Routing\Router.php(753): Illuminate\Routing\Router-&gt;dispatchToRoute(Object(Illuminate\Http\Request))
#42 C:\laragon\www\CarRentSystem\vendor\laravel\framework\src\Illuminate\Foundation\Http\Kernel.php(200): Illuminate\Routing\Router-&gt;dispatch(Object(Illuminate\Http\Request))
#43 C:\laragon\www\CarRentSystem\vendor\laravel\framework\src\Illuminate\Pipeline\Pipeline.php(180): Illuminate\Foundation\Http\Kernel-&gt;{closure:Illuminate\Foundation\Http\Kernel::dispatchToRouter():197}(Object(Illuminate\Http\Request))
#44 C:\laragon\www\CarRentSystem\vendor\livewire\livewire\src\Features\SupportDisablingBackButtonCache\DisableBackButtonCacheMiddleware.php(19): Illuminate\Pipeline\Pipeline-&gt;{closure:Illuminate\Pipeline\Pipeline::prepareDestination():178}(Object(Illuminate\Http\Request))
#45 C:\laragon\www\CarRentSystem\vendor\laravel\framework\src\Illuminate\Pipeline\Pipeline.php(219): Livewire\Features\SupportDisablingBackButtonCache\DisableBackButtonCacheMiddleware-&gt;handle(Object(Illuminate\Http\Request), Object(Closure))
#46 C:\laragon\www\CarRentSystem\vendor\laravel\framework\src\Illuminate\Foundation\Http\Middleware\TransformsRequest.php(21): Illuminate\Pipeline\Pipeline-&gt;{closure:{closure:Illuminate\Pipeline\Pipeline::carry():194}:195}(Object(Illuminate\Http\Request))
#47 C:\laragon\www\CarRentSystem\vendor\laravel\framework\src\Illuminate\Foundation\Http\Middleware\ConvertEmptyStringsToNull.php(31): Illuminate\Foundation\Http\Middleware\TransformsRequest-&gt;handle(Object(Illuminate\Http\Request), Object(Closure))
#48 C:\laragon\www\CarRentSystem\vendor\laravel\framework\src\Illuminate\Pipeline\Pipeline.php(219): Illuminate\Foundation\Http\Middleware\ConvertEmptyStringsToNull-&gt;handle(Object(Illuminate\Http\Request), Object(Closure))
#49 C:\laragon\www\CarRentSystem\vendor\laravel\framework\src\Illuminate\Foundation\Http\Middleware\TransformsRequest.php(21): Illuminate\Pipeline\Pipeline-&gt;{closure:{closure:Illuminate\Pipeline\Pipeline::carry():194}:195}(Object(Illuminate\Http\Request))
#50 C:\laragon\www\CarRentSystem\vendor\laravel\framework\src\Illuminate\Foundation\Http\Middleware\TrimStrings.php(51): Illuminate\Foundation\Http\Middleware\TransformsRequest-&gt;handle(Object(Illuminate\Http\Request), Object(Closure))
#51 C:\laragon\www\CarRentSystem\vendor\laravel\framework\src\Illuminate\Pipeline\Pipeline.php(219): Illuminate\Foundation\Http\Middleware\TrimStrings-&gt;handle(Object(Illuminate\Http\Request), Object(Closure))
#52 C:\laragon\www\CarRentSystem\vendor\laravel\framework\src\Illuminate\Http\Middleware\ValidatePostSize.php(27): Illuminate\Pipeline\Pipeline-&gt;{closure:{closure:Illuminate\Pipeline\Pipeline::carry():194}:195}(Object(Illuminate\Http\Request))
#53 C:\laragon\www\CarRentSystem\vendor\laravel\framework\src\Illuminate\Pipeline\Pipeline.php(219): Illuminate\Http\Middleware\ValidatePostSize-&gt;handle(Object(Illuminate\Http\Request), Object(Closure))
#54 C:\laragon\www\CarRentSystem\vendor\laravel\framework\src\Illuminate\Foundation\Http\Middleware\PreventRequestsDuringMaintenance.php(109): Illuminate\Pipeline\Pipeline-&gt;{closure:{closure:Illuminate\Pipeline\Pipeline::carry():194}:195}(Object(Illuminate\Http\Request))
#55 C:\laragon\www\CarRentSystem\vendor\laravel\framework\src\Illuminate\Pipeline\Pipeline.php(219): Illuminate\Foundation\Http\Middleware\PreventRequestsDuringMaintenance-&gt;handle(Object(Illuminate\Http\Request), Object(Closure))
#56 C:\laragon\www\CarRentSystem\vendor\laravel\framework\src\Illuminate\Http\Middleware\HandleCors.php(61): Illuminate\Pipeline\Pipeline-&gt;{closure:{closure:Illuminate\Pipeline\Pipeline::carry():194}:195}(Object(Illuminate\Http\Request))
#57 C:\laragon\www\CarRentSystem\vendor\laravel\framework\src\Illuminate\Pipeline\Pipeline.php(219): Illuminate\Http\Middleware\HandleCors-&gt;handle(Object(Illuminate\Http\Request), Object(Closure))
#58 C:\laragon\www\CarRentSystem\vendor\laravel\framework\src\Illuminate\Http\Middleware\TrustProxies.php(58): Illuminate\Pipeline\Pipeline-&gt;{closure:{closure:Illuminate\Pipeline\Pipeline::carry():194}:195}(Object(Illuminate\Http\Request))
#59 C:\laragon\www\CarRentSystem\vendor\laravel\framework\src\Illuminate\Pipeline\Pipeline.php(219): Illuminate\Http\Middleware\TrustProxies-&gt;handle(Object(Illuminate\Http\Request), Object(Closure))
#60 C:\laragon\www\CarRentSystem\vendor\laravel\framework\src\Illuminate\Foundation\Http\Middleware\InvokeDeferredCallbacks.php(22): Illuminate\Pipeline\Pipeline-&gt;{closure:{closure:Illuminate\Pipeline\Pipeline::carry():194}:195}(Object(Illuminate\Http\Request))
#61 C:\laragon\www\CarRentSystem\vendor\laravel\framework\src\Illuminate\Pipeline\Pipeline.php(219): Illuminate\Foundation\Http\Middleware\InvokeDeferredCallbacks-&gt;handle(Object(Illuminate\Http\Request), Object(Closure))
#62 C:\laragon\www\CarRentSystem\vendor\laravel\framework\src\Illuminate\Http\Middleware\ValidatePathEncoding.php(26): Illuminate\Pipeline\Pipeline-&gt;{closure:{closure:Illuminate\Pipeline\Pipeline::carry():194}:195}(Object(Illuminate\Http\Request))
#63 C:\laragon\www\CarRentSystem\vendor\laravel\framework\src\Illuminate\Pipeline\Pipeline.php(219): Illuminate\Http\Middleware\ValidatePathEncoding-&gt;handle(Object(Illuminate\Http\Request), Object(Closure))
#64 C:\laragon\www\CarRentSystem\vendor\laravel\framework\src\Illuminate\Pipeline\Pipeline.php(137): Illuminate\Pipeline\Pipeline-&gt;{closure:{closure:Illuminate\Pipeline\Pipeline::carry():194}:195}(Object(Illuminate\Http\Request))
#65 C:\laragon\www\CarRentSystem\vendor\laravel\framework\src\Illuminate\Foundation\Http\Kernel.php(175): Illuminate\Pipeline\Pipeline-&gt;then(Object(Closure))
#66 C:\laragon\www\CarRentSystem\vendor\laravel\framework\src\Illuminate\Foundation\Http\Kernel.php(144): Illuminate\Foundation\Http\Kernel-&gt;sendRequestThroughRouter(Object(Illuminate\Http\Request))
#67 C:\laragon\www\CarRentSystem\vendor\laravel\framework\src\Illuminate\Foundation\Testing\Concerns\MakesHttpRequests.php(607): Illuminate\Foundation\Http\Kernel-&gt;handle(Object(Illuminate\Http\Request))
#68 C:\laragon\www\CarRentSystem\vendor\laravel\framework\src\Illuminate\Foundation\Testing\Concerns\MakesHttpRequests.php(573): Illuminate\Foundation\Testing\TestCase-&gt;call('GET', '/api/bookings/1', Array, Array, Array, Array, '[]')
#69 C:\laragon\www\CarRentSystem\vendor\laravel\framework\src\Illuminate\Foundation\Testing\Concerns\MakesHttpRequests.php(381): Illuminate\Foundation\Testing\TestCase-&gt;json('GET', '/api/bookings/1', Array, Array, 0)
#70 C:\laragon\www\CarRentSystem\tests\Feature\Api\BookingControllerTest.php(194): Illuminate\Foundation\Testing\TestCase-&gt;getJson('/api/bookings/1')
#71 C:\laragon\www\CarRentSystem\vendor\pestphp\pest\src\Factories\TestCaseMethodFactory.php(168): P\Tests\Feature\Api\BookingControllerTest-&gt;{closure:C:\laragon\www\CarRentSystem\tests\Feature\Api\BookingControllerTest.php:179}()
#72 [internal function]: P\Tests\Feature\Api\BookingControllerTest-&gt;{closure:Pest\Factories\TestCaseMethodFactory::getClosure():158}()
#73 C:\laragon\www\CarRentSystem\vendor\pestphp\pest\src\Concerns\Testable.php(429): call_user_func_array(Object(Closure), Array)
#74 C:\laragon\www\CarRentSystem\vendor\pestphp\pest\src\Support\ExceptionTrace.php(26): P\Tests\Feature\Api\BookingControllerTest-&gt;{closure:Pest\Concerns\Testable::__callClosure():429}()
#75 C:\laragon\www\CarRentSystem\vendor\pestphp\pest\src\Concerns\Testable.php(429): Pest\Support\ExceptionTrace::ensure(Object(Closure))
#76 C:\laragon\www\CarRentSystem\vendor\pestphp\pest\src\Concerns\Testable.php(331): P\Tests\Feature\Api\BookingControllerTest-&gt;__callClosure(Object(Closure), Array)
#77 C:\laragon\www\CarRentSystem\vendor\pestphp\pest\src\Factories\TestCaseFactory.php(169) : eval()'d code(74): P\Tests\Feature\Api\BookingControllerTest-&gt;__runTest(Object(Closure))
#78 C:\laragon\www\CarRentSystem\vendor\phpunit\phpunit\src\Framework\TestCase.php(1316): P\Tests\Feature\Api\BookingControllerTest-&gt;__pest_evaluable_cannot_show_booking_to_unauthorized_user()
#79 C:\laragon\www\CarRentSystem\vendor\phpunit\phpunit\src\Framework\TestCase.php(516): PHPUnit\Framework\TestCase-&gt;runTest()
#80 C:\laragon\www\CarRentSystem\vendor\phpunit\phpunit\src\Framework\TestRunner\TestRunner.php(99): PHPUnit\Framework\TestCase-&gt;runBare()
#81 C:\laragon\www\CarRentSystem\vendor\phpunit\phpunit\src\Framework\TestCase.php(357): PHPUnit\Framework\TestRunner-&gt;run(Object(P\Tests\Feature\Api\BookingControllerTest))
#82 C:\laragon\www\CarRentSystem\vendor\phpunit\phpunit\src\Framework\TestSuite.php(374): PHPUnit\Framework\TestCase-&gt;run()
#83 C:\laragon\www\CarRentSystem\vendor\phpunit\phpunit\src\Framework\TestSuite.php(374): PHPUnit\Framework\TestSuite-&gt;run()
#84 C:\laragon\www\CarRentSystem\vendor\phpunit\phpunit\src\Framework\TestSuite.php(374): PHPUnit\Framework\TestSuite-&gt;run()
#85 C:\laragon\www\CarRentSystem\vendor\phpunit\phpunit\src\TextUI\TestRunner.php(64): PHPUnit\Framework\TestSuite-&gt;run()
#86 C:\laragon\www\CarRentSystem\vendor\phpunit\phpunit\src\TextUI\Application.php(229): PHPUnit\TextUI\TestRunner-&gt;run(Object(PHPUnit\TextUI\Configuration\Configuration), Object(PHPUnit\Runner\ResultCache\DefaultResultCache), Object(PHPUnit\Framework\TestSuite))
#87 C:\laragon\www\CarRentSystem\vendor\pestphp\pest\src\Kernel.php(103): PHPUnit\TextUI\Application-&gt;run(Array)
#88 C:\laragon\www\CarRentSystem\vendor\pestphp\pest\bin\pest(184): Pest\Kernel-&gt;handle(Array, Array)
#89 C:\laragon\www\CarRentSystem\vendor\pestphp\pest\bin\pest(192): {closure:C:\laragon\www\CarRentSystem\vendor\pestphp\pest\bin\pest:18}()
#90 C:\laragon\www\CarRentSystem\vendor\bin\pest(119): include('C:\\laragon\\www\\...')
#91 {main}

----------------------------------------------------------------------------------

Class "Stripe\Stripe" not found&#13;
&#13;
at vendor\laravel\framework\src\Illuminate\Testing\TestResponseAssert.php:45
at vendor\laravel\framework\src\Illuminate\Testing\TestResponse.php:174
at vendor\laravel\framework\src\Illuminate\Testing\Concerns\AssertsStatusCodes.php:151
at tests\Feature\Api\BookingControllerTest.php:196</failure>
        </testcase>
        <testcase name="can create booking with cash payment" file="tests\Feature\Api\BookingControllerTest.php::can create booking with cash payment" class="Tests\Feature\Api\BookingControllerTest" classname="Tests.Feature.Api.BookingControllerTest" assertions="1" time="0.229679">
          <failure type="PHPUnit\Framework\ExpectationFailedException">can create booking with cash paymentExpected response status code [&gt;=200, &lt;300] but received 500.
Failed asserting that false is true.&#13;
&#13;
The following exception occurred during the last request:

Error: Class "Stripe\Stripe" not found in C:\laragon\www\CarRentSystem\app\Services\PaymentService.php:19
Stack trace:
#0 [internal function]: App\Services\PaymentService-&gt;__construct()
#1 C:\laragon\www\CarRentSystem\vendor\laravel\framework\src\Illuminate\Container\Container.php(1211): ReflectionClass-&gt;newInstanceArgs(Array)
#2 C:\laragon\www\CarRentSystem\vendor\laravel\framework\src\Illuminate\Container\Container.php(972): Illuminate\Container\Container-&gt;build('App\\Services\\Pa...')
#3 C:\laragon\www\CarRentSystem\vendor\laravel\framework\src\Illuminate\Foundation\Application.php(1078): Illuminate\Container\Container-&gt;resolve('App\\Services\\Pa...', Array, true)
#4 C:\laragon\www\CarRentSystem\vendor\laravel\framework\src\Illuminate\Container\Container.php(903): Illuminate\Foundation\Application-&gt;resolve('App\\Services\\Pa...', Array)
#5 C:\laragon\www\CarRentSystem\vendor\laravel\framework\src\Illuminate\Foundation\Application.php(1058): Illuminate\Container\Container-&gt;make('App\\Services\\Pa...', Array)
#6 C:\laragon\www\CarRentSystem\vendor\laravel\framework\src\Illuminate\Container\Container.php(1379): Illuminate\Foundation\Application-&gt;make('App\\Services\\Pa...')
#7 C:\laragon\www\CarRentSystem\vendor\laravel\framework\src\Illuminate\Container\Container.php(1278): Illuminate\Container\Container-&gt;resolveClass(Object(ReflectionParameter))
#8 C:\laragon\www\CarRentSystem\vendor\laravel\framework\src\Illuminate\Container\Container.php(1201): Illuminate\Container\Container-&gt;resolveDependencies(Array)
#9 C:\laragon\www\CarRentSystem\vendor\laravel\framework\src\Illuminate\Container\Container.php(972): Illuminate\Container\Container-&gt;build('App\\Actions\\Boo...')
#10 C:\laragon\www\CarRentSystem\vendor\laravel\framework\src\Illuminate\Foundation\Application.php(1078): Illuminate\Container\Container-&gt;resolve('App\\Actions\\Boo...', Array, true)
#11 C:\laragon\www\CarRentSystem\vendor\laravel\framework\src\Illuminate\Container\Container.php(903): Illuminate\Foundation\Application-&gt;resolve('App\\Actions\\Boo...', Array)
#12 C:\laragon\www\CarRentSystem\vendor\laravel\framework\src\Illuminate\Foundation\Application.php(1058): Illuminate\Container\Container-&gt;make('App\\Actions\\Boo...', Array)
#13 C:\laragon\www\CarRentSystem\vendor\laravel\framework\src\Illuminate\Container\Container.php(1379): Illuminate\Foundation\Application-&gt;make('App\\Actions\\Boo...')
#14 C:\laragon\www\CarRentSystem\vendor\laravel\framework\src\Illuminate\Container\Container.php(1278): Illuminate\Container\Container-&gt;resolveClass(Object(ReflectionParameter))
#15 C:\laragon\www\CarRentSystem\vendor\laravel\framework\src\Illuminate\Container\Container.php(1201): Illuminate\Container\Container-&gt;resolveDependencies(Array)
#16 C:\laragon\www\CarRentSystem\vendor\laravel\framework\src\Illuminate\Container\Container.php(972): Illuminate\Container\Container-&gt;build('App\\Http\\Contro...')
#17 C:\laragon\www\CarRentSystem\vendor\laravel\framework\src\Illuminate\Foundation\Application.php(1078): Illuminate\Container\Container-&gt;resolve('App\\Http\\Contro...', Array, true)
#18 C:\laragon\www\CarRentSystem\vendor\laravel\framework\src\Illuminate\Container\Container.php(903): Illuminate\Foundation\Application-&gt;resolve('App\\Http\\Contro...', Array)
#19 C:\laragon\www\CarRentSystem\vendor\laravel\framework\src\Illuminate\Foundation\Application.php(1058): Illuminate\Container\Container-&gt;make('App\\Http\\Contro...', Array)
#20 C:\laragon\www\CarRentSystem\vendor\laravel\framework\src\Illuminate\Routing\Route.php(286): Illuminate\Foundation\Application-&gt;make('App\\Http\\Contro...')
#21 C:\laragon\www\CarRentSystem\vendor\laravel\framework\src\Illuminate\Routing\Route.php(266): Illuminate\Routing\Route-&gt;getController()
#22 C:\laragon\www\CarRentSystem\vendor\laravel\framework\src\Illuminate\Routing\Route.php(211): Illuminate\Routing\Route-&gt;runController()
#23 C:\laragon\www\CarRentSystem\vendor\laravel\framework\src\Illuminate\Routing\Router.php(822): Illuminate\Routing\Route-&gt;run()
#24 C:\laragon\www\CarRentSystem\vendor\laravel\framework\src\Illuminate\Pipeline\Pipeline.php(180): Illuminate\Routing\Router-&gt;{closure:Illuminate\Routing\Router::runRouteWithinStack():821}(Object(Illuminate\Http\Request))
#25 C:\laragon\www\CarRentSystem\vendor\laravel\framework\src\Illuminate\Routing\Middleware\SubstituteBindings.php(50): Illuminate\Pipeline\Pipeline-&gt;{closure:Illuminate\Pipeline\Pipeline::prepareDestination():178}(Object(Illuminate\Http\Request))
#26 C:\laragon\www\CarRentSystem\vendor\laravel\framework\src\Illuminate\Pipeline\Pipeline.php(219): Illuminate\Routing\Middleware\SubstituteBindings-&gt;handle(Object(Illuminate\Http\Request), Object(Closure))
#27 C:\laragon\www\CarRentSystem\vendor\laravel\framework\src\Illuminate\Routing\Middleware\ThrottleRequests.php(160): Illuminate\Pipeline\Pipeline-&gt;{closure:{closure:Illuminate\Pipeline\Pipeline::carry():194}:195}(Object(Illuminate\Http\Request))
#28 C:\laragon\www\CarRentSystem\vendor\laravel\framework\src\Illuminate\Routing\Middleware\ThrottleRequests.php(91): Illuminate\Routing\Middleware\ThrottleRequests-&gt;handleRequest(Object(Illuminate\Http\Request), Object(Closure), Array)
#29 C:\laragon\www\CarRentSystem\vendor\laravel\framework\src\Illuminate\Pipeline\Pipeline.php(219): Illuminate\Routing\Middleware\ThrottleRequests-&gt;handle(Object(Illuminate\Http\Request), Object(Closure), '10', '1')
#30 C:\laragon\www\CarRentSystem\vendor\laravel\framework\src\Illuminate\Auth\Middleware\Authenticate.php(63): Illuminate\Pipeline\Pipeline-&gt;{closure:{closure:Illuminate\Pipeline\Pipeline::carry():194}:195}(Object(Illuminate\Http\Request))
#31 C:\laragon\www\CarRentSystem\vendor\laravel\framework\src\Illuminate\Pipeline\Pipeline.php(219): Illuminate\Auth\Middleware\Authenticate-&gt;handle(Object(Illuminate\Http\Request), Object(Closure), 'sanctum')
#32 C:\laragon\www\CarRentSystem\vendor\laravel\sanctum\src\Http\Middleware\EnsureFrontendRequestsAreStateful.php(26): Illuminate\Pipeline\Pipeline-&gt;{closure:{closure:Illuminate\Pipeline\Pipeline::carry():194}:195}(Object(Illuminate\Http\Request))
#33 C:\laragon\www\CarRentSystem\vendor\laravel\framework\src\Illuminate\Pipeline\Pipeline.php(180): Laravel\Sanctum\Http\Middleware\EnsureFrontendRequestsAreStateful-&gt;{closure:Laravel\Sanctum\Http\Middleware\EnsureFrontendRequestsAreStateful::handle():25}(Object(Illuminate\Http\Request))
#34 C:\laragon\www\CarRentSystem\vendor\laravel\framework\src\Illuminate\Pipeline\Pipeline.php(137): Illuminate\Pipeline\Pipeline-&gt;{closure:Illuminate\Pipeline\Pipeline::prepareDestination():178}(Object(Illuminate\Http\Request))
#35 C:\laragon\www\CarRentSystem\vendor\laravel\sanctum\src\Http\Middleware\EnsureFrontendRequestsAreStateful.php(25): Illuminate\Pipeline\Pipeline-&gt;then(Object(Closure))
#36 C:\laragon\www\CarRentSystem\vendor\laravel\framework\src\Illuminate\Pipeline\Pipeline.php(219): Laravel\Sanctum\Http\Middleware\EnsureFrontendRequestsAreStateful-&gt;handle(Object(Illuminate\Http\Request), Object(Closure))
#37 C:\laragon\www\CarRentSystem\vendor\laravel\framework\src\Illuminate\Pipeline\Pipeline.php(137): Illuminate\Pipeline\Pipeline-&gt;{closure:{closure:Illuminate\Pipeline\Pipeline::carry():194}:195}(Object(Illuminate\Http\Request))
#38 C:\laragon\www\CarRentSystem\vendor\laravel\framework\src\Illuminate\Routing\Router.php(821): Illuminate\Pipeline\Pipeline-&gt;then(Object(Closure))
#39 C:\laragon\www\CarRentSystem\vendor\laravel\framework\src\Illuminate\Routing\Router.php(800): Illuminate\Routing\Router-&gt;runRouteWithinStack(Object(Illuminate\Routing\Route), Object(Illuminate\Http\Request))
#40 C:\laragon\www\CarRentSystem\vendor\laravel\framework\src\Illuminate\Routing\Router.php(764): Illuminate\Routing\Router-&gt;runRoute(Object(Illuminate\Http\Request), Object(Illuminate\Routing\Route))
#41 C:\laragon\www\CarRentSystem\vendor\laravel\framework\src\Illuminate\Routing\Router.php(753): Illuminate\Routing\Router-&gt;dispatchToRoute(Object(Illuminate\Http\Request))
#42 C:\laragon\www\CarRentSystem\vendor\laravel\framework\src\Illuminate\Foundation\Http\Kernel.php(200): Illuminate\Routing\Router-&gt;dispatch(Object(Illuminate\Http\Request))
#43 C:\laragon\www\CarRentSystem\vendor\laravel\framework\src\Illuminate\Pipeline\Pipeline.php(180): Illuminate\Foundation\Http\Kernel-&gt;{closure:Illuminate\Foundation\Http\Kernel::dispatchToRouter():197}(Object(Illuminate\Http\Request))
#44 C:\laragon\www\CarRentSystem\vendor\livewire\livewire\src\Features\SupportDisablingBackButtonCache\DisableBackButtonCacheMiddleware.php(19): Illuminate\Pipeline\Pipeline-&gt;{closure:Illuminate\Pipeline\Pipeline::prepareDestination():178}(Object(Illuminate\Http\Request))
#45 C:\laragon\www\CarRentSystem\vendor\laravel\framework\src\Illuminate\Pipeline\Pipeline.php(219): Livewire\Features\SupportDisablingBackButtonCache\DisableBackButtonCacheMiddleware-&gt;handle(Object(Illuminate\Http\Request), Object(Closure))
#46 C:\laragon\www\CarRentSystem\vendor\laravel\framework\src\Illuminate\Foundation\Http\Middleware\TransformsRequest.php(21): Illuminate\Pipeline\Pipeline-&gt;{closure:{closure:Illuminate\Pipeline\Pipeline::carry():194}:195}(Object(Illuminate\Http\Request))
#47 C:\laragon\www\CarRentSystem\vendor\laravel\framework\src\Illuminate\Foundation\Http\Middleware\ConvertEmptyStringsToNull.php(31): Illuminate\Foundation\Http\Middleware\TransformsRequest-&gt;handle(Object(Illuminate\Http\Request), Object(Closure))
#48 C:\laragon\www\CarRentSystem\vendor\laravel\framework\src\Illuminate\Pipeline\Pipeline.php(219): Illuminate\Foundation\Http\Middleware\ConvertEmptyStringsToNull-&gt;handle(Object(Illuminate\Http\Request), Object(Closure))
#49 C:\laragon\www\CarRentSystem\vendor\laravel\framework\src\Illuminate\Foundation\Http\Middleware\TransformsRequest.php(21): Illuminate\Pipeline\Pipeline-&gt;{closure:{closure:Illuminate\Pipeline\Pipeline::carry():194}:195}(Object(Illuminate\Http\Request))
#50 C:\laragon\www\CarRentSystem\vendor\laravel\framework\src\Illuminate\Foundation\Http\Middleware\TrimStrings.php(51): Illuminate\Foundation\Http\Middleware\TransformsRequest-&gt;handle(Object(Illuminate\Http\Request), Object(Closure))
#51 C:\laragon\www\CarRentSystem\vendor\laravel\framework\src\Illuminate\Pipeline\Pipeline.php(219): Illuminate\Foundation\Http\Middleware\TrimStrings-&gt;handle(Object(Illuminate\Http\Request), Object(Closure))
#52 C:\laragon\www\CarRentSystem\vendor\laravel\framework\src\Illuminate\Http\Middleware\ValidatePostSize.php(27): Illuminate\Pipeline\Pipeline-&gt;{closure:{closure:Illuminate\Pipeline\Pipeline::carry():194}:195}(Object(Illuminate\Http\Request))
#53 C:\laragon\www\CarRentSystem\vendor\laravel\framework\src\Illuminate\Pipeline\Pipeline.php(219): Illuminate\Http\Middleware\ValidatePostSize-&gt;handle(Object(Illuminate\Http\Request), Object(Closure))
#54 C:\laragon\www\CarRentSystem\vendor\laravel\framework\src\Illuminate\Foundation\Http\Middleware\PreventRequestsDuringMaintenance.php(109): Illuminate\Pipeline\Pipeline-&gt;{closure:{closure:Illuminate\Pipeline\Pipeline::carry():194}:195}(Object(Illuminate\Http\Request))
#55 C:\laragon\www\CarRentSystem\vendor\laravel\framework\src\Illuminate\Pipeline\Pipeline.php(219): Illuminate\Foundation\Http\Middleware\PreventRequestsDuringMaintenance-&gt;handle(Object(Illuminate\Http\Request), Object(Closure))
#56 C:\laragon\www\CarRentSystem\vendor\laravel\framework\src\Illuminate\Http\Middleware\HandleCors.php(61): Illuminate\Pipeline\Pipeline-&gt;{closure:{closure:Illuminate\Pipeline\Pipeline::carry():194}:195}(Object(Illuminate\Http\Request))
#57 C:\laragon\www\CarRentSystem\vendor\laravel\framework\src\Illuminate\Pipeline\Pipeline.php(219): Illuminate\Http\Middleware\HandleCors-&gt;handle(Object(Illuminate\Http\Request), Object(Closure))
#58 C:\laragon\www\CarRentSystem\vendor\laravel\framework\src\Illuminate\Http\Middleware\TrustProxies.php(58): Illuminate\Pipeline\Pipeline-&gt;{closure:{closure:Illuminate\Pipeline\Pipeline::carry():194}:195}(Object(Illuminate\Http\Request))
#59 C:\laragon\www\CarRentSystem\vendor\laravel\framework\src\Illuminate\Pipeline\Pipeline.php(219): Illuminate\Http\Middleware\TrustProxies-&gt;handle(Object(Illuminate\Http\Request), Object(Closure))
#60 C:\laragon\www\CarRentSystem\vendor\laravel\framework\src\Illuminate\Foundation\Http\Middleware\InvokeDeferredCallbacks.php(22): Illuminate\Pipeline\Pipeline-&gt;{closure:{closure:Illuminate\Pipeline\Pipeline::carry():194}:195}(Object(Illuminate\Http\Request))
#61 C:\laragon\www\CarRentSystem\vendor\laravel\framework\src\Illuminate\Pipeline\Pipeline.php(219): Illuminate\Foundation\Http\Middleware\InvokeDeferredCallbacks-&gt;handle(Object(Illuminate\Http\Request), Object(Closure))
#62 C:\laragon\www\CarRentSystem\vendor\laravel\framework\src\Illuminate\Http\Middleware\ValidatePathEncoding.php(26): Illuminate\Pipeline\Pipeline-&gt;{closure:{closure:Illuminate\Pipeline\Pipeline::carry():194}:195}(Object(Illuminate\Http\Request))
#63 C:\laragon\www\CarRentSystem\vendor\laravel\framework\src\Illuminate\Pipeline\Pipeline.php(219): Illuminate\Http\Middleware\ValidatePathEncoding-&gt;handle(Object(Illuminate\Http\Request), Object(Closure))
#64 C:\laragon\www\CarRentSystem\vendor\laravel\framework\src\Illuminate\Pipeline\Pipeline.php(137): Illuminate\Pipeline\Pipeline-&gt;{closure:{closure:Illuminate\Pipeline\Pipeline::carry():194}:195}(Object(Illuminate\Http\Request))
#65 C:\laragon\www\CarRentSystem\vendor\laravel\framework\src\Illuminate\Foundation\Http\Kernel.php(175): Illuminate\Pipeline\Pipeline-&gt;then(Object(Closure))
#66 C:\laragon\www\CarRentSystem\vendor\laravel\framework\src\Illuminate\Foundation\Http\Kernel.php(144): Illuminate\Foundation\Http\Kernel-&gt;sendRequestThroughRouter(Object(Illuminate\Http\Request))
#67 C:\laragon\www\CarRentSystem\vendor\laravel\framework\src\Illuminate\Foundation\Testing\Concerns\MakesHttpRequests.php(607): Illuminate\Foundation\Http\Kernel-&gt;handle(Object(Illuminate\Http\Request))
#68 C:\laragon\www\CarRentSystem\vendor\laravel\framework\src\Illuminate\Foundation\Testing\Concerns\MakesHttpRequests.php(573): Illuminate\Foundation\Testing\TestCase-&gt;call('POST', '/api/bookings', Array, Array, Array, Array, '{"car_id":1,"st...')
#69 C:\laragon\www\CarRentSystem\vendor\laravel\framework\src\Illuminate\Foundation\Testing\Concerns\MakesHttpRequests.php(411): Illuminate\Foundation\Testing\TestCase-&gt;json('POST', '/api/bookings', Array, Array, 0)
#70 C:\laragon\www\CarRentSystem\tests\Feature\Api\BookingControllerTest.php(62): Illuminate\Foundation\Testing\TestCase-&gt;postJson('/api/bookings', Array)
#71 C:\laragon\www\CarRentSystem\vendor\pestphp\pest\src\Factories\TestCaseMethodFactory.php(168): P\Tests\Feature\Api\BookingControllerTest-&gt;{closure:C:\laragon\www\CarRentSystem\tests\Feature\Api\BookingControllerTest.php:50}()
#72 [internal function]: P\Tests\Feature\Api\BookingControllerTest-&gt;{closure:Pest\Factories\TestCaseMethodFactory::getClosure():158}()
#73 C:\laragon\www\CarRentSystem\vendor\pestphp\pest\src\Concerns\Testable.php(429): call_user_func_array(Object(Closure), Array)
#74 C:\laragon\www\CarRentSystem\vendor\pestphp\pest\src\Support\ExceptionTrace.php(26): P\Tests\Feature\Api\BookingControllerTest-&gt;{closure:Pest\Concerns\Testable::__callClosure():429}()
#75 C:\laragon\www\CarRentSystem\vendor\pestphp\pest\src\Concerns\Testable.php(429): Pest\Support\ExceptionTrace::ensure(Object(Closure))
#76 C:\laragon\www\CarRentSystem\vendor\pestphp\pest\src\Concerns\Testable.php(331): P\Tests\Feature\Api\BookingControllerTest-&gt;__callClosure(Object(Closure), Array)
#77 C:\laragon\www\CarRentSystem\vendor\pestphp\pest\src\Factories\TestCaseFactory.php(169) : eval()'d code(30): P\Tests\Feature\Api\BookingControllerTest-&gt;__runTest(Object(Closure))
#78 C:\laragon\www\CarRentSystem\vendor\phpunit\phpunit\src\Framework\TestCase.php(1316): P\Tests\Feature\Api\BookingControllerTest-&gt;__pest_evaluable_can_create_booking_with_cash_payment()
#79 C:\laragon\www\CarRentSystem\vendor\phpunit\phpunit\src\Framework\TestCase.php(516): PHPUnit\Framework\TestCase-&gt;runTest()
#80 C:\laragon\www\CarRentSystem\vendor\phpunit\phpunit\src\Framework\TestRunner\TestRunner.php(99): PHPUnit\Framework\TestCase-&gt;runBare()
#81 C:\laragon\www\CarRentSystem\vendor\phpunit\phpunit\src\Framework\TestCase.php(357): PHPUnit\Framework\TestRunner-&gt;run(Object(P\Tests\Feature\Api\BookingControllerTest))
#82 C:\laragon\www\CarRentSystem\vendor\phpunit\phpunit\src\Framework\TestSuite.php(374): PHPUnit\Framework\TestCase-&gt;run()
#83 C:\laragon\www\CarRentSystem\vendor\phpunit\phpunit\src\Framework\TestSuite.php(374): PHPUnit\Framework\TestSuite-&gt;run()
#84 C:\laragon\www\CarRentSystem\vendor\phpunit\phpunit\src\Framework\TestSuite.php(374): PHPUnit\Framework\TestSuite-&gt;run()
#85 C:\laragon\www\CarRentSystem\vendor\phpunit\phpunit\src\TextUI\TestRunner.php(64): PHPUnit\Framework\TestSuite-&gt;run()
#86 C:\laragon\www\CarRentSystem\vendor\phpunit\phpunit\src\TextUI\Application.php(229): PHPUnit\TextUI\TestRunner-&gt;run(Object(PHPUnit\TextUI\Configuration\Configuration), Object(PHPUnit\Runner\ResultCache\DefaultResultCache), Object(PHPUnit\Framework\TestSuite))
#87 C:\laragon\www\CarRentSystem\vendor\pestphp\pest\src\Kernel.php(103): PHPUnit\TextUI\Application-&gt;run(Array)
#88 C:\laragon\www\CarRentSystem\vendor\pestphp\pest\bin\pest(184): Pest\Kernel-&gt;handle(Array, Array)
#89 C:\laragon\www\CarRentSystem\vendor\pestphp\pest\bin\pest(192): {closure:C:\laragon\www\CarRentSystem\vendor\pestphp\pest\bin\pest:18}()
#90 C:\laragon\www\CarRentSystem\vendor\bin\pest(119): include('C:\\laragon\\www\\...')
#91 {main}

----------------------------------------------------------------------------------

Class "Stripe\Stripe" not found&#13;
&#13;
at vendor\laravel\framework\src\Illuminate\Testing\TestResponseAssert.php:45
at vendor\laravel\framework\src\Illuminate\Testing\TestResponse.php:103
at tests\Feature\Api\BookingControllerTest.php:69</failure>
        </testcase>
      </testsuite>
    </testsuite>
    <testsuite name="Browser" tests="160" assertions="0" errors="109" failures="51" skipped="0" time="575.834195">
      <testsuite name="Tests\Browser\BookingResourceBrowserTest" file="tests\Browser\BookingResourceBrowserTest.php" tests="9" assertions="0" errors="0" failures="9" skipped="0" time="103.570773">
        <testcase name="it can create new booking as admin" file="tests\Browser\BookingResourceBrowserTest.php::it can create new booking as admin" class="Tests\Browser\BookingResourceBrowserTest" classname="Tests.Browser.BookingResourceBrowserTest" assertions="0" time="15.604397">
          <failure type="PHPUnit\Framework\ExpectationFailedException">it can create new booking as adminTimeout 5000ms exceeded. A screenshot of the page has been saved to [Tests/Browser/Screenshots/it_can_create_new_booking_as_admin].&#13;
at vendor\pestphp\pest-plugin-browser\src\Exceptions\BrowserExpectationFailedException.php:60
at vendor\pestphp\pest-plugin-browser\src\Api\AwaitableWebpage.php:59
at vendor\pestphp\pest-plugin-browser\src\Api\PendingAwaitablePage.php:48
at tests\Browser\BookingResourceBrowserTest.php:71</failure>
        </testcase>
        <testcase name="it can view booking details as admin" file="tests\Browser\BookingResourceBrowserTest.php::it can view booking details as admin" class="Tests\Browser\BookingResourceBrowserTest" classname="Tests.Browser.BookingResourceBrowserTest" assertions="0" time="10.994605">
          <failure type="PHPUnit\Framework\ExpectationFailedException">it can view booking details as adminTimeout 5000ms exceeded. A screenshot of the page has been saved to [Tests/Browser/Screenshots/it_can_view_booking_details_as_admin].&#13;
at vendor\pestphp\pest-plugin-browser\src\Exceptions\BrowserExpectationFailedException.php:60
at vendor\pestphp\pest-plugin-browser\src\Api\AwaitableWebpage.php:59
at vendor\pestphp\pest-plugin-browser\src\Api\PendingAwaitablePage.php:48
at tests\Browser\BookingResourceBrowserTest.php:57</failure>
        </testcase>
        <testcase name="it can search bookings by reference" file="tests\Browser\BookingResourceBrowserTest.php::it can search bookings by reference" class="Tests\Browser\BookingResourceBrowserTest" classname="Tests.Browser.BookingResourceBrowserTest" assertions="0" time="10.849336">
          <failure type="PHPUnit\Framework\ExpectationFailedException">it can search bookings by referenceTimeout 5000ms exceeded. A screenshot of the page has been saved to [Tests/Browser/Screenshots/it_can_search_bookings_by_reference].&#13;
at vendor\pestphp\pest-plugin-browser\src\Exceptions\BrowserExpectationFailedException.php:60
at vendor\pestphp\pest-plugin-browser\src\Api\AwaitableWebpage.php:59
at vendor\pestphp\pest-plugin-browser\src\Api\PendingAwaitablePage.php:48
at tests\Browser\BookingResourceBrowserTest.php:139</failure>
        </testcase>
        <testcase name="it can edit booking as admin" file="tests\Browser\BookingResourceBrowserTest.php::it can edit booking as admin" class="Tests\Browser\BookingResourceBrowserTest" classname="Tests.Browser.BookingResourceBrowserTest" assertions="0" time="10.852912">
          <failure type="PHPUnit\Framework\ExpectationFailedException">it can edit booking as adminTimeout 5000ms exceeded. A screenshot of the page has been saved to [Tests/Browser/Screenshots/it_can_edit_booking_as_admin].&#13;
at vendor\pestphp\pest-plugin-browser\src\Exceptions\BrowserExpectationFailedException.php:60
at vendor\pestphp\pest-plugin-browser\src\Api\AwaitableWebpage.php:59
at vendor\pestphp\pest-plugin-browser\src\Api\PendingAwaitablePage.php:48
at tests\Browser\BookingResourceBrowserTest.php:90</failure>
        </testcase>
        <testcase name="it owner can only see bookings for their vehicles" file="tests\Browser\BookingResourceBrowserTest.php::it owner can only see bookings for their vehicles" class="Tests\Browser\BookingResourceBrowserTest" classname="Tests.Browser.BookingResourceBrowserTest" assertions="0" time="10.918401">
          <failure type="PHPUnit\Framework\ExpectationFailedException">it owner can only see bookings for their vehiclesTimeout 5000ms exceeded. A screenshot of the page has been saved to [Tests/Browser/Screenshots/it_owner_can_only_see_bookings_for_their_vehicles].&#13;
at vendor\pestphp\pest-plugin-browser\src\Exceptions\BrowserExpectationFailedException.php:60
at vendor\pestphp\pest-plugin-browser\src\Api\AwaitableWebpage.php:59
at vendor\pestphp\pest-plugin-browser\src\Api\PendingAwaitablePage.php:48
at tests\Browser\BookingResourceBrowserTest.php:158</failure>
        </testcase>
        <testcase name="it renter can only see their own bookings" file="tests\Browser\BookingResourceBrowserTest.php::it renter can only see their own bookings" class="Tests\Browser\BookingResourceBrowserTest" classname="Tests.Browser.BookingResourceBrowserTest" assertions="0" time="11.120920">
          <failure type="PHPUnit\Framework\ExpectationFailedException">it renter can only see their own bookingsTimeout 5000ms exceeded. A screenshot of the page has been saved to [Tests/Browser/Screenshots/it_renter_can_only_see_their_own_bookings].&#13;
at vendor\pestphp\pest-plugin-browser\src\Exceptions\BrowserExpectationFailedException.php:60
at vendor\pestphp\pest-plugin-browser\src\Api\AwaitableWebpage.php:59
at vendor\pestphp\pest-plugin-browser\src\Api\PendingAwaitablePage.php:48
at tests\Browser\BookingResourceBrowserTest.php:176</failure>
        </testcase>
        <testcase name="it can filter bookings by status" file="tests\Browser\BookingResourceBrowserTest.php::it can filter bookings by status" class="Tests\Browser\BookingResourceBrowserTest" classname="Tests.Browser.BookingResourceBrowserTest" assertions="0" time="11.284131">
          <failure type="PHPUnit\Framework\ExpectationFailedException">it can filter bookings by statusTimeout 5000ms exceeded. A screenshot of the page has been saved to [Tests/Browser/Screenshots/it_can_filter_bookings_by_status].&#13;
at vendor\pestphp\pest-plugin-browser\src\Exceptions\BrowserExpectationFailedException.php:60
at vendor\pestphp\pest-plugin-browser\src\Api\AwaitableWebpage.php:59
at vendor\pestphp\pest-plugin-browser\src\Api\PendingAwaitablePage.php:48
at tests\Browser\BookingResourceBrowserTest.php:126</failure>
        </testcase>
        <testcase name="it can list bookings as admin" file="tests\Browser\BookingResourceBrowserTest.php::it can list bookings as admin" class="Tests\Browser\BookingResourceBrowserTest" classname="Tests.Browser.BookingResourceBrowserTest" assertions="0" time="10.872593">
          <failure type="PHPUnit\Framework\ExpectationFailedException">it can list bookings as adminTimeout 5000ms exceeded. A screenshot of the page has been saved to [Tests/Browser/Screenshots/it_can_list_bookings_as_admin].&#13;
at vendor\pestphp\pest-plugin-browser\src\Exceptions\BrowserExpectationFailedException.php:60
at vendor\pestphp\pest-plugin-browser\src\Api\AwaitableWebpage.php:59
at vendor\pestphp\pest-plugin-browser\src\Api\PendingAwaitablePage.php:48
at tests\Browser\BookingResourceBrowserTest.php:45</failure>
        </testcase>
        <testcase name="it can cancel booking as admin" file="tests\Browser\BookingResourceBrowserTest.php::it can cancel booking as admin" class="Tests\Browser\BookingResourceBrowserTest" classname="Tests.Browser.BookingResourceBrowserTest" assertions="0" time="11.073477">
          <failure type="PHPUnit\Framework\ExpectationFailedException">it can cancel booking as adminTimeout 5000ms exceeded. A screenshot of the page has been saved to [Tests/Browser/Screenshots/it_can_cancel_booking_as_admin].&#13;
at vendor\pestphp\pest-plugin-browser\src\Exceptions\BrowserExpectationFailedException.php:60
at vendor\pestphp\pest-plugin-browser\src\Api\AwaitableWebpage.php:59
at vendor\pestphp\pest-plugin-browser\src\Api\PendingAwaitablePage.php:48
at tests\Browser\BookingResourceBrowserTest.php:105</failure>
        </testcase>
      </testsuite>
      <testsuite name="Tests\Browser\ActivityLogResourceBrowserTest" file="tests\Browser\ActivityLogResourceBrowserTest.php" tests="11" assertions="0" errors="0" failures="11" skipped="0" time="120.900807">
        <testcase name="it shows proper activity log properties" file="tests\Browser\ActivityLogResourceBrowserTest.php::it shows proper activity log properties" class="Tests\Browser\ActivityLogResourceBrowserTest" classname="Tests.Browser.ActivityLogResourceBrowserTest" assertions="0" time="10.979840">
          <failure type="PHPUnit\Framework\ExpectationFailedException">it shows proper activity log propertiesTimeout 5000ms exceeded. A screenshot of the page has been saved to [Tests/Browser/Screenshots/it_shows_proper_activity_log_properties].&#13;
at vendor\pestphp\pest-plugin-browser\src\Exceptions\BrowserExpectationFailedException.php:60
at vendor\pestphp\pest-plugin-browser\src\Api\AwaitableWebpage.php:59
at vendor\pestphp\pest-plugin-browser\src\Api\PendingAwaitablePage.php:48
at tests\Browser\ActivityLogResourceBrowserTest.php:184</failure>
        </testcase>
        <testcase name="it can filter activity logs by causer" file="tests\Browser\ActivityLogResourceBrowserTest.php::it can filter activity logs by causer" class="Tests\Browser\ActivityLogResourceBrowserTest" classname="Tests.Browser.ActivityLogResourceBrowserTest" assertions="0" time="10.903875">
          <failure type="PHPUnit\Framework\ExpectationFailedException">it can filter activity logs by causerTimeout 5000ms exceeded. A screenshot of the page has been saved to [Tests/Browser/Screenshots/it_can_filter_activity_logs_by_causer].&#13;
at vendor\pestphp\pest-plugin-browser\src\Exceptions\BrowserExpectationFailedException.php:60
at vendor\pestphp\pest-plugin-browser\src\Api\AwaitableWebpage.php:59
at vendor\pestphp\pest-plugin-browser\src\Api\PendingAwaitablePage.php:48
at tests\Browser\ActivityLogResourceBrowserTest.php:100</failure>
        </testcase>
        <testcase name="it shows activity logs in chronological order" file="tests\Browser\ActivityLogResourceBrowserTest.php::it shows activity logs in chronological order" class="Tests\Browser\ActivityLogResourceBrowserTest" classname="Tests.Browser.ActivityLogResourceBrowserTest" assertions="0" time="11.069268">
          <failure type="PHPUnit\Framework\ExpectationFailedException">it shows activity logs in chronological orderTimeout 5000ms exceeded. A screenshot of the page has been saved to [Tests/Browser/Screenshots/it_shows_activity_logs_in_chronological_order].&#13;
at vendor\pestphp\pest-plugin-browser\src\Exceptions\BrowserExpectationFailedException.php:60
at vendor\pestphp\pest-plugin-browser\src\Api\AwaitableWebpage.php:59
at vendor\pestphp\pest-plugin-browser\src\Api\PendingAwaitablePage.php:48
at tests\Browser\ActivityLogResourceBrowserTest.php:135</failure>
        </testcase>
        <testcase name="it can view activity log details as admin" file="tests\Browser\ActivityLogResourceBrowserTest.php::it can view activity log details as admin" class="Tests\Browser\ActivityLogResourceBrowserTest" classname="Tests.Browser.ActivityLogResourceBrowserTest" assertions="0" time="11.152678">
          <failure type="PHPUnit\Framework\ExpectationFailedException">it can view activity log details as adminTimeout 5000ms exceeded. A screenshot of the page has been saved to [Tests/Browser/Screenshots/it_can_view_activity_log_details_as_admin].&#13;
at vendor\pestphp\pest-plugin-browser\src\Exceptions\BrowserExpectationFailedException.php:60
at vendor\pestphp\pest-plugin-browser\src\Api\AwaitableWebpage.php:59
at vendor\pestphp\pest-plugin-browser\src\Api\PendingAwaitablePage.php:48
at tests\Browser\ActivityLogResourceBrowserTest.php:62</failure>
        </testcase>
        <testcase name="it can export activity logs as admin" file="tests\Browser\ActivityLogResourceBrowserTest.php::it can export activity logs as admin" class="Tests\Browser\ActivityLogResourceBrowserTest" classname="Tests.Browser.ActivityLogResourceBrowserTest" assertions="0" time="11.100502">
          <failure type="PHPUnit\Framework\ExpectationFailedException">it can export activity logs as adminTimeout 5000ms exceeded. A screenshot of the page has been saved to [Tests/Browser/Screenshots/it_can_export_activity_logs_as_admin].&#13;
at vendor\pestphp\pest-plugin-browser\src\Exceptions\BrowserExpectationFailedException.php:60
at vendor\pestphp\pest-plugin-browser\src\Api\AwaitableWebpage.php:59
at vendor\pestphp\pest-plugin-browser\src\Api\PendingAwaitablePage.php:48
at tests\Browser\ActivityLogResourceBrowserTest.php:199</failure>
        </testcase>
        <testcase name="it can bulk delete activity logs as admin" file="tests\Browser\ActivityLogResourceBrowserTest.php::it can bulk delete activity logs as admin" class="Tests\Browser\ActivityLogResourceBrowserTest" classname="Tests.Browser.ActivityLogResourceBrowserTest" assertions="0" time="10.985155">
          <failure type="PHPUnit\Framework\ExpectationFailedException">it can bulk delete activity logs as adminTimeout 5000ms exceeded. A screenshot of the page has been saved to [Tests/Browser/Screenshots/it_can_bulk_delete_activity_logs_as_admin].&#13;
at vendor\pestphp\pest-plugin-browser\src\Exceptions\BrowserExpectationFailedException.php:60
at vendor\pestphp\pest-plugin-browser\src\Api\AwaitableWebpage.php:59
at vendor\pestphp\pest-plugin-browser\src\Api\PendingAwaitablePage.php:48
at tests\Browser\ActivityLogResourceBrowserTest.php:168</failure>
        </testcase>
        <testcase name="it shows activity statistics correctly" file="tests\Browser\ActivityLogResourceBrowserTest.php::it shows activity statistics correctly" class="Tests\Browser\ActivityLogResourceBrowserTest" classname="Tests.Browser.ActivityLogResourceBrowserTest" assertions="0" time="10.885569">
          <failure type="PHPUnit\Framework\ExpectationFailedException">it shows activity statistics correctlyTimeout 5000ms exceeded. A screenshot of the page has been saved to [Tests/Browser/Screenshots/it_shows_activity_statistics_correctly].&#13;
at vendor\pestphp\pest-plugin-browser\src\Exceptions\BrowserExpectationFailedException.php:60
at vendor\pestphp\pest-plugin-browser\src\Api\AwaitableWebpage.php:59
at vendor\pestphp\pest-plugin-browser\src\Api\PendingAwaitablePage.php:48
at tests\Browser\ActivityLogResourceBrowserTest.php:210</failure>
        </testcase>
        <testcase name="it can delete activity logs as admin" file="tests\Browser\ActivityLogResourceBrowserTest.php::it can delete activity logs as admin" class="Tests\Browser\ActivityLogResourceBrowserTest" classname="Tests.Browser.ActivityLogResourceBrowserTest" assertions="0" time="10.890830">
          <failure type="PHPUnit\Framework\ExpectationFailedException">it can delete activity logs as adminTimeout 5000ms exceeded. A screenshot of the page has been saved to [Tests/Browser/Screenshots/it_can_delete_activity_logs_as_admin].&#13;
at vendor\pestphp\pest-plugin-browser\src\Exceptions\BrowserExpectationFailedException.php:60
at vendor\pestphp\pest-plugin-browser\src\Api\AwaitableWebpage.php:59
at vendor\pestphp\pest-plugin-browser\src\Api\PendingAwaitablePage.php:48
at tests\Browser\ActivityLogResourceBrowserTest.php:145</failure>
        </testcase>
        <testcase name="it can search activity logs by description" file="tests\Browser\ActivityLogResourceBrowserTest.php::it can search activity logs by description" class="Tests\Browser\ActivityLogResourceBrowserTest" classname="Tests.Browser.ActivityLogResourceBrowserTest" assertions="0" time="11.214206">
          <failure type="PHPUnit\Framework\ExpectationFailedException">it can search activity logs by descriptionTimeout 5000ms exceeded. A screenshot of the page has been saved to [Tests/Browser/Screenshots/it_can_search_activity_logs_by_description].&#13;
at vendor\pestphp\pest-plugin-browser\src\Exceptions\BrowserExpectationFailedException.php:60
at vendor\pestphp\pest-plugin-browser\src\Api\AwaitableWebpage.php:59
at vendor\pestphp\pest-plugin-browser\src\Api\PendingAwaitablePage.php:48
at tests\Browser\ActivityLogResourceBrowserTest.php:113</failure>
        </testcase>
        <testcase name="it can filter activity logs by log name" file="tests\Browser\ActivityLogResourceBrowserTest.php::it can filter activity logs by log name" class="Tests\Browser\ActivityLogResourceBrowserTest" classname="Tests.Browser.ActivityLogResourceBrowserTest" assertions="0" time="10.865889">
          <failure type="PHPUnit\Framework\ExpectationFailedException">it can filter activity logs by log nameTimeout 5000ms exceeded. A screenshot of the page has been saved to [Tests/Browser/Screenshots/it_can_filter_activity_logs_by_log_name].&#13;
at vendor\pestphp\pest-plugin-browser\src\Exceptions\BrowserExpectationFailedException.php:60
at vendor\pestphp\pest-plugin-browser\src\Api\AwaitableWebpage.php:59
at vendor\pestphp\pest-plugin-browser\src\Api\PendingAwaitablePage.php:48
at tests\Browser\ActivityLogResourceBrowserTest.php:86</failure>
        </testcase>
        <testcase name="it can list activity logs as admin" file="tests\Browser\ActivityLogResourceBrowserTest.php::it can list activity logs as admin" class="Tests\Browser\ActivityLogResourceBrowserTest" classname="Tests.Browser.ActivityLogResourceBrowserTest" assertions="0" time="10.852995">
          <failure type="PHPUnit\Framework\ExpectationFailedException">it can list activity logs as adminTimeout 5000ms exceeded. A screenshot of the page has been saved to [Tests/Browser/Screenshots/it_can_list_activity_logs_as_admin].&#13;
at vendor\pestphp\pest-plugin-browser\src\Exceptions\BrowserExpectationFailedException.php:60
at vendor\pestphp\pest-plugin-browser\src\Api\AwaitableWebpage.php:59
at vendor\pestphp\pest-plugin-browser\src\Api\PendingAwaitablePage.php:48
at tests\Browser\ActivityLogResourceBrowserTest.php:49</failure>
        </testcase>
      </testsuite>
      <testsuite name="Tests\Browser\AdminDashboardTest" file="tests\Browser\AdminDashboardTest.php" tests="17" assertions="0" errors="17" failures="0" skipped="0" time="2.595009">
        <testcase name="`Admin Dashboard Browser Tests` → `Quick Actions and Widget Interactions` → it can access recent activities widget" file="tests\Browser\AdminDashboardTest.php::`Admin Dashboard Browser Tests` → `Quick Actions and Widget Interactions` → it can access recent activities widget" class="Tests\Browser\AdminDashboardTest" classname="Tests.Browser.AdminDashboardTest" assertions="0" time="0.144782">
          <error type="Error">`Admin Dashboard Browser Tests` → `Quick Actions and Widget Interactions` → it can access recent activities widgetError: Call to undefined function browse()&#13;
at tests\Browser\AdminDashboardTest.php:123</error>
        </testcase>
        <testcase name="`Admin Dashboard Browser Tests` → `Error Handling and Edge Cases` → it displays error message when data fails to load" file="tests\Browser\AdminDashboardTest.php::`Admin Dashboard Browser Tests` → `Error Handling and Edge Cases` → it displays error message when data fails to load" class="Tests\Browser\AdminDashboardTest" classname="Tests.Browser.AdminDashboardTest" assertions="0" time="0.070584">
          <error type="Error">`Admin Dashboard Browser Tests` → `Error Handling and Edge Cases` → it displays error message when data fails to loadError: Call to undefined function browse()&#13;
at tests\Browser\AdminDashboardTest.php:222</error>
        </testcase>
        <testcase name="`Admin Dashboard Browser Tests` → `Error Handling and Edge Cases` → it handles empty dashboard gracefully" file="tests\Browser\AdminDashboardTest.php::`Admin Dashboard Browser Tests` → `Error Handling and Edge Cases` → it handles empty dashboard gracefully" class="Tests\Browser\AdminDashboardTest" classname="Tests.Browser.AdminDashboardTest" assertions="0" time="0.086942">
          <error type="Error">`Admin Dashboard Browser Tests` → `Error Handling and Edge Cases` → it handles empty dashboard gracefullyError: Call to undefined function browse()&#13;
at tests\Browser\AdminDashboardTest.php:212</error>
        </testcase>
        <testcase name="`Admin Dashboard Browser Tests` → `Quick Actions and Widget Interactions` → it can navigate to booking management from dashboard" file="tests\Browser\AdminDashboardTest.php::`Admin Dashboard Browser Tests` → `Quick Actions and Widget Interactions` → it can navigate to booking management from dashboard" class="Tests\Browser\AdminDashboardTest" classname="Tests.Browser.AdminDashboardTest" assertions="0" time="0.071306">
          <error type="Error">`Admin Dashboard Browser Tests` → `Quick Actions and Widget Interactions` → it can navigate to booking management from dashboardError: Call to undefined function browse()&#13;
at tests\Browser\AdminDashboardTest.php:113</error>
        </testcase>
        <testcase name="`Admin Dashboard Browser Tests` → `Dashboard Search and Filtering` → it can filter dashboard data by date range" file="tests\Browser\AdminDashboardTest.php::`Admin Dashboard Browser Tests` → `Dashboard Search and Filtering` → it can filter dashboard data by date range" class="Tests\Browser\AdminDashboardTest" classname="Tests.Browser.AdminDashboardTest" assertions="0" time="0.114766">
          <error type="Error">`Admin Dashboard Browser Tests` → `Dashboard Search and Filtering` → it can filter dashboard data by date rangeError: Call to undefined function browse()&#13;
at tests\Browser\AdminDashboardTest.php:193</error>
        </testcase>
        <testcase name="`Admin Dashboard Browser Tests` → `Real-time Updates and Notifications` → it shows notification when new booking is created" file="tests\Browser\AdminDashboardTest.php::`Admin Dashboard Browser Tests` → `Real-time Updates and Notifications` → it shows notification when new booking is created" class="Tests\Browser\AdminDashboardTest" classname="Tests.Browser.AdminDashboardTest" assertions="0" time="0.080446">
          <error type="Error">`Admin Dashboard Browser Tests` → `Real-time Updates and Notifications` → it shows notification when new booking is createdError: Call to undefined function browse()&#13;
at tests\Browser\AdminDashboardTest.php:238</error>
        </testcase>
        <testcase name="`Admin Dashboard Browser Tests` → `Dashboard Statistics and Data` → it displays correct vehicle statistics" file="tests\Browser\AdminDashboardTest.php::`Admin Dashboard Browser Tests` → `Dashboard Statistics and Data` → it displays correct vehicle statistics" class="Tests\Browser\AdminDashboardTest" classname="Tests.Browser.AdminDashboardTest" assertions="0" time="0.100979">
          <error type="BadMethodCallException">`Admin Dashboard Browser Tests` → `Dashboard Statistics and Data` → it displays correct vehicle statisticsBadMethodCallException: Call to undefined method Database\Factories\VehicleFactory::draft()&#13;
at vendor\laravel\framework\src\Illuminate\Support\Traits\ForwardsCalls.php:67
at vendor\laravel\framework\src\Illuminate\Database\Eloquent\Factories\Factory.php:1040
at tests\Browser\AdminDashboardTest.php:54</error>
        </testcase>
        <testcase name="`Admin Dashboard Browser Tests` → `Dashboard Statistics and Data` → it displays booking statistics" file="tests\Browser\AdminDashboardTest.php::`Admin Dashboard Browser Tests` → `Dashboard Statistics and Data` → it displays booking statistics" class="Tests\Browser\AdminDashboardTest" classname="Tests.Browser.AdminDashboardTest" assertions="0" time="0.120138">
          <error type="BadMethodCallException">`Admin Dashboard Browser Tests` → `Dashboard Statistics and Data` → it displays booking statisticsBadMethodCallException: Call to undefined method Database\Factories\BookingFactory::cancelled()&#13;
at vendor\laravel\framework\src\Illuminate\Support\Traits\ForwardsCalls.php:67
at vendor\laravel\framework\src\Illuminate\Database\Eloquent\Factories\Factory.php:1040
at tests\Browser\AdminDashboardTest.php:71</error>
        </testcase>
        <testcase name="`Admin Dashboard Browser Tests` → `Quick Actions and Widget Interactions` → it can navigate to vehicle management from dashboard" file="tests\Browser\AdminDashboardTest.php::`Admin Dashboard Browser Tests` → `Quick Actions and Widget Interactions` → it can navigate to vehicle management from dashboard" class="Tests\Browser\AdminDashboardTest" classname="Tests.Browser.AdminDashboardTest" assertions="0" time="0.070925">
          <error type="Error">`Admin Dashboard Browser Tests` → `Quick Actions and Widget Interactions` → it can navigate to vehicle management from dashboardError: Call to undefined function browse()&#13;
at tests\Browser\AdminDashboardTest.php:103</error>
        </testcase>
        <testcase name="`Admin Dashboard Browser Tests` → `Dashboard Responsiveness and Performance` → it loads dashboard within acceptable time" file="tests\Browser\AdminDashboardTest.php::`Admin Dashboard Browser Tests` → `Dashboard Responsiveness and Performance` → it loads dashboard within acceptable time" class="Tests\Browser\AdminDashboardTest" classname="Tests.Browser.AdminDashboardTest" assertions="0" time="1.224883">
          <error type="Error">`Admin Dashboard Browser Tests` → `Dashboard Responsiveness and Performance` → it loads dashboard within acceptable timeError: Call to undefined function browse()&#13;
at tests\Browser\AdminDashboardTest.php:140</error>
        </testcase>
        <testcase name="`Admin Dashboard Browser Tests` → `Dashboard Access and Navigation` → it shows correct navigation menu for admin users" file="tests\Browser\AdminDashboardTest.php::`Admin Dashboard Browser Tests` → `Dashboard Access and Navigation` → it shows correct navigation menu for admin users" class="Tests\Browser\AdminDashboardTest" classname="Tests.Browser.AdminDashboardTest" assertions="0" time="0.075391">
          <error type="Error">`Admin Dashboard Browser Tests` → `Dashboard Access and Navigation` → it shows correct navigation menu for admin usersError: Call to undefined function browse()&#13;
at tests\Browser\AdminDashboardTest.php:38</error>
        </testcase>
        <testcase name="`Admin Dashboard Browser Tests` → `Dashboard Statistics and Data` → it displays user statistics" file="tests\Browser\AdminDashboardTest.php::`Admin Dashboard Browser Tests` → `Dashboard Statistics and Data` → it displays user statistics" class="Tests\Browser\AdminDashboardTest" classname="Tests.Browser.AdminDashboardTest" assertions="0" time="0.082850">
          <error type="Error">`Admin Dashboard Browser Tests` → `Dashboard Statistics and Data` → it displays user statisticsError: Call to undefined function browse()&#13;
at tests\Browser\AdminDashboardTest.php:89</error>
        </testcase>
        <testcase name="`Admin Dashboard Browser Tests` → `Dashboard Access and Navigation` → it can access admin dashboard when authenticated" file="tests\Browser\AdminDashboardTest.php::`Admin Dashboard Browser Tests` → `Dashboard Access and Navigation` → it can access admin dashboard when authenticated" class="Tests\Browser\AdminDashboardTest" classname="Tests.Browser.AdminDashboardTest" assertions="0" time="0.066179">
          <error type="Error">`Admin Dashboard Browser Tests` → `Dashboard Access and Navigation` → it can access admin dashboard when authenticatedError: Call to undefined function browse()&#13;
at tests\Browser\AdminDashboardTest.php:19</error>
        </testcase>
        <testcase name="`Admin Dashboard Browser Tests` → `Dashboard Responsiveness and Performance` → it displays correctly on different screen sizes" file="tests\Browser\AdminDashboardTest.php::`Admin Dashboard Browser Tests` → `Dashboard Responsiveness and Performance` → it displays correctly on different screen sizes" class="Tests\Browser\AdminDashboardTest" classname="Tests.Browser.AdminDashboardTest" assertions="0" time="0.069225">
          <error type="Error">`Admin Dashboard Browser Tests` → `Dashboard Responsiveness and Performance` → it displays correctly on different screen sizesError: Call to undefined function browse()&#13;
at tests\Browser\AdminDashboardTest.php:151</error>
        </testcase>
        <testcase name="`Admin Dashboard Browser Tests` → `Dashboard Access and Navigation` → it redirects unauthenticated users to login" file="tests\Browser\AdminDashboardTest.php::`Admin Dashboard Browser Tests` → `Dashboard Access and Navigation` → it redirects unauthenticated users to login" class="Tests\Browser\AdminDashboardTest" classname="Tests.Browser.AdminDashboardTest" assertions="0" time="0.070121">
          <error type="Error">`Admin Dashboard Browser Tests` → `Dashboard Access and Navigation` → it redirects unauthenticated users to loginError: Call to undefined function browse()&#13;
at tests\Browser\AdminDashboardTest.php:30</error>
        </testcase>
        <testcase name="`Admin Dashboard Browser Tests` → `Dashboard Search and Filtering` → it can search for vehicles from dashboard" file="tests\Browser\AdminDashboardTest.php::`Admin Dashboard Browser Tests` → `Dashboard Search and Filtering` → it can search for vehicles from dashboard" class="Tests\Browser\AdminDashboardTest" classname="Tests.Browser.AdminDashboardTest" assertions="0" time="0.082951">
          <error type="Error">`Admin Dashboard Browser Tests` → `Dashboard Search and Filtering` → it can search for vehicles from dashboardError: Call to undefined function browse()&#13;
at tests\Browser\AdminDashboardTest.php:179</error>
        </testcase>
        <testcase name="`Admin Dashboard Browser Tests` → `Real-time Updates and Notifications` → it updates statistics in real-time" file="tests\Browser\AdminDashboardTest.php::`Admin Dashboard Browser Tests` → `Real-time Updates and Notifications` → it updates statistics in real-time" class="Tests\Browser\AdminDashboardTest" classname="Tests.Browser.AdminDashboardTest" assertions="0" time="0.062539">
          <error type="Error">`Admin Dashboard Browser Tests` → `Real-time Updates and Notifications` → it updates statistics in real-timeError: Call to undefined function browse()&#13;
at tests\Browser\AdminDashboardTest.php:256</error>
        </testcase>
      </testsuite>
      <testsuite name="Tests\Browser\UserResourceBrowserTest" file="tests\Browser\UserResourceBrowserTest.php" tests="11" assertions="0" errors="0" failures="11" skipped="0" time="122.401197">
        <testcase name="it can filter users by role" file="tests\Browser\UserResourceBrowserTest.php::it can filter users by role" class="Tests\Browser\UserResourceBrowserTest" classname="Tests.Browser.UserResourceBrowserTest" assertions="0" time="10.825019">
          <failure type="PHPUnit\Framework\ExpectationFailedException">it can filter users by roleTimeout 5000ms exceeded. A screenshot of the page has been saved to [Tests/Browser/Screenshots/it_can_filter_users_by_role].&#13;
at vendor\pestphp\pest-plugin-browser\src\Exceptions\BrowserExpectationFailedException.php:60
at vendor\pestphp\pest-plugin-browser\src\Api\AwaitableWebpage.php:59
at vendor\pestphp\pest-plugin-browser\src\Api\PendingAwaitablePage.php:48
at tests\Browser\UserResourceBrowserTest.php:120</failure>
        </testcase>
        <testcase name="it can create new user as admin" file="tests\Browser\UserResourceBrowserTest.php::it can create new user as admin" class="Tests\Browser\UserResourceBrowserTest" classname="Tests.Browser.UserResourceBrowserTest" assertions="0" time="10.842434">
          <failure type="PHPUnit\Framework\ExpectationFailedException">it can create new user as adminTimeout 5000ms exceeded. A screenshot of the page has been saved to [Tests/Browser/Screenshots/it_can_create_new_user_as_admin].&#13;
at vendor\pestphp\pest-plugin-browser\src\Exceptions\BrowserExpectationFailedException.php:60
at vendor\pestphp\pest-plugin-browser\src\Api\AwaitableWebpage.php:59
at vendor\pestphp\pest-plugin-browser\src\Api\PendingAwaitablePage.php:48
at tests\Browser\UserResourceBrowserTest.php:55</failure>
        </testcase>
        <testcase name="it can delete user as admin" file="tests\Browser\UserResourceBrowserTest.php::it can delete user as admin" class="Tests\Browser\UserResourceBrowserTest" classname="Tests.Browser.UserResourceBrowserTest" assertions="0" time="10.924044">
          <failure type="PHPUnit\Framework\ExpectationFailedException">it can delete user as adminTimeout 5000ms exceeded. A screenshot of the page has been saved to [Tests/Browser/Screenshots/it_can_delete_user_as_admin].&#13;
at vendor\pestphp\pest-plugin-browser\src\Exceptions\BrowserExpectationFailedException.php:60
at vendor\pestphp\pest-plugin-browser\src\Api\AwaitableWebpage.php:59
at vendor\pestphp\pest-plugin-browser\src\Api\PendingAwaitablePage.php:48
at tests\Browser\UserResourceBrowserTest.php:106</failure>
        </testcase>
        <testcase name="it can search users by name" file="tests\Browser\UserResourceBrowserTest.php::it can search users by name" class="Tests\Browser\UserResourceBrowserTest" classname="Tests.Browser.UserResourceBrowserTest" assertions="0" time="10.894607">
          <failure type="PHPUnit\Framework\ExpectationFailedException">it can search users by nameTimeout 5000ms exceeded. A screenshot of the page has been saved to [Tests/Browser/Screenshots/it_can_search_users_by_name].&#13;
at vendor\pestphp\pest-plugin-browser\src\Exceptions\BrowserExpectationFailedException.php:60
at vendor\pestphp\pest-plugin-browser\src\Api\AwaitableWebpage.php:59
at vendor\pestphp\pest-plugin-browser\src\Api\PendingAwaitablePage.php:48
at tests\Browser\UserResourceBrowserTest.php:134</failure>
        </testcase>
        <testcase name="it can list users as admin" file="tests\Browser\UserResourceBrowserTest.php::it can list users as admin" class="Tests\Browser\UserResourceBrowserTest" classname="Tests.Browser.UserResourceBrowserTest" assertions="0" time="11.004793">
          <failure type="PHPUnit\Framework\ExpectationFailedException">it can list users as adminTimeout 5000ms exceeded. A screenshot of the page has been saved to [Tests/Browser/Screenshots/it_can_list_users_as_admin].&#13;
at vendor\pestphp\pest-plugin-browser\src\Exceptions\BrowserExpectationFailedException.php:60
at vendor\pestphp\pest-plugin-browser\src\Api\AwaitableWebpage.php:59
at vendor\pestphp\pest-plugin-browser\src\Api\PendingAwaitablePage.php:48
at tests\Browser\UserResourceBrowserTest.php:29</failure>
        </testcase>
        <testcase name="it can search users by email" file="tests\Browser\UserResourceBrowserTest.php::it can search users by email" class="Tests\Browser\UserResourceBrowserTest" classname="Tests.Browser.UserResourceBrowserTest" assertions="0" time="12.954106">
          <failure type="PHPUnit\Framework\ExpectationFailedException">it can search users by emailTimeout 5000ms exceeded. A screenshot of the page has been saved to [Tests/Browser/Screenshots/it_can_search_users_by_email].&#13;
at vendor\pestphp\pest-plugin-browser\src\Exceptions\BrowserExpectationFailedException.php:60
at vendor\pestphp\pest-plugin-browser\src\Api\AwaitableWebpage.php:59
at vendor\pestphp\pest-plugin-browser\src\Api\PendingAwaitablePage.php:48
at tests\Browser\UserResourceBrowserTest.php:145</failure>
        </testcase>
        <testcase name="it can view user details as admin" file="tests\Browser\UserResourceBrowserTest.php::it can view user details as admin" class="Tests\Browser\UserResourceBrowserTest" classname="Tests.Browser.UserResourceBrowserTest" assertions="0" time="10.813813">
          <failure type="PHPUnit\Framework\ExpectationFailedException">it can view user details as adminTimeout 5000ms exceeded. A screenshot of the page has been saved to [Tests/Browser/Screenshots/it_can_view_user_details_as_admin].&#13;
at vendor\pestphp\pest-plugin-browser\src\Exceptions\BrowserExpectationFailedException.php:60
at vendor\pestphp\pest-plugin-browser\src\Api\AwaitableWebpage.php:59
at vendor\pestphp\pest-plugin-browser\src\Api\PendingAwaitablePage.php:48
at tests\Browser\UserResourceBrowserTest.php:42</failure>
        </testcase>
        <testcase name="it shows user statistics correctly" file="tests\Browser\UserResourceBrowserTest.php::it shows user statistics correctly" class="Tests\Browser\UserResourceBrowserTest" classname="Tests.Browser.UserResourceBrowserTest" assertions="0" time="10.806346">
          <failure type="PHPUnit\Framework\ExpectationFailedException">it shows user statistics correctlyTimeout 5000ms exceeded. A screenshot of the page has been saved to [Tests/Browser/Screenshots/it_shows_user_statistics_correctly].&#13;
at vendor\pestphp\pest-plugin-browser\src\Exceptions\BrowserExpectationFailedException.php:60
at vendor\pestphp\pest-plugin-browser\src\Api\AwaitableWebpage.php:59
at vendor\pestphp\pest-plugin-browser\src\Api\PendingAwaitablePage.php:48
at tests\Browser\UserResourceBrowserTest.php:173</failure>
        </testcase>
        <testcase name="it can bulk delete users as admin" file="tests\Browser\UserResourceBrowserTest.php::it can bulk delete users as admin" class="Tests\Browser\UserResourceBrowserTest" classname="Tests.Browser.UserResourceBrowserTest" assertions="0" time="11.301488">
          <failure type="PHPUnit\Framework\ExpectationFailedException">it can bulk delete users as adminTimeout 5000ms exceeded. A screenshot of the page has been saved to [Tests/Browser/Screenshots/it_can_bulk_delete_users_as_admin].&#13;
at vendor\pestphp\pest-plugin-browser\src\Exceptions\BrowserExpectationFailedException.php:60
at vendor\pestphp\pest-plugin-browser\src\Api\AwaitableWebpage.php:59
at vendor\pestphp\pest-plugin-browser\src\Api\PendingAwaitablePage.php:48
at tests\Browser\UserResourceBrowserTest.php:159</failure>
        </testcase>
        <testcase name="it can edit user as admin" file="tests\Browser\UserResourceBrowserTest.php::it can edit user as admin" class="Tests\Browser\UserResourceBrowserTest" classname="Tests.Browser.UserResourceBrowserTest" assertions="0" time="11.098044">
          <failure type="PHPUnit\Framework\ExpectationFailedException">it can edit user as adminTimeout 5000ms exceeded. A screenshot of the page has been saved to [Tests/Browser/Screenshots/it_can_edit_user_as_admin].&#13;
at vendor\pestphp\pest-plugin-browser\src\Exceptions\BrowserExpectationFailedException.php:60
at vendor\pestphp\pest-plugin-browser\src\Api\AwaitableWebpage.php:59
at vendor\pestphp\pest-plugin-browser\src\Api\PendingAwaitablePage.php:48
at tests\Browser\UserResourceBrowserTest.php:74</failure>
        </testcase>
        <testcase name="it can change user role as admin" file="tests\Browser\UserResourceBrowserTest.php::it can change user role as admin" class="Tests\Browser\UserResourceBrowserTest" classname="Tests.Browser.UserResourceBrowserTest" assertions="0" time="10.936504">
          <failure type="PHPUnit\Framework\ExpectationFailedException">it can change user role as adminTimeout 5000ms exceeded. A screenshot of the page has been saved to [Tests/Browser/Screenshots/it_can_change_user_role_as_admin].&#13;
at vendor\pestphp\pest-plugin-browser\src\Exceptions\BrowserExpectationFailedException.php:60
at vendor\pestphp\pest-plugin-browser\src\Api\AwaitableWebpage.php:59
at vendor\pestphp\pest-plugin-browser\src\Api\PendingAwaitablePage.php:48
at tests\Browser\UserResourceBrowserTest.php:90</failure>
        </testcase>
      </testsuite>
      <testsuite name="Tests\Browser\Enhanced\BookingFlowBrowserTest" file="tests\Browser\Enhanced\BookingFlowBrowserTest.php" tests="15" assertions="0" errors="15" failures="0" skipped="0" time="1.431289">
        <testcase name="`Performance and Accessibility` → it loads home page within performance budget" file="tests\Browser\Enhanced\BookingFlowBrowserTest.php::`Performance and Accessibility` → it loads home page within performance budget" class="Tests\Browser\Enhanced\BookingFlowBrowserTest" classname="Tests.Browser.Enhanced.BookingFlowBrowserTest" assertions="0" time="0.113116">
          <error type="Error">`Performance and Accessibility` → it loads home page within performance budgetError: Call to undefined method Tests\Browser\Enhanced\BookingFlowBrowserTest::browse()&#13;
at tests\Browser\Enhanced\BookingFlowBrowserTest.php:235</error>
        </testcase>
        <testcase name="`Booking Flow Browser Tests` → it validates booking form correctly" file="tests\Browser\Enhanced\BookingFlowBrowserTest.php::`Booking Flow Browser Tests` → it validates booking form correctly" class="Tests\Browser\Enhanced\BookingFlowBrowserTest" classname="Tests.Browser.Enhanced.BookingFlowBrowserTest" assertions="0" time="0.103879">
          <error type="Error">`Booking Flow Browser Tests` → it validates booking form correctlyError: Call to undefined method Tests\Browser\Enhanced\BookingFlowBrowserTest::browse()&#13;
at tests\Browser\Enhanced\BookingFlowBrowserTest.php:51</error>
        </testcase>
        <testcase name="`Enhanced UI Components` → it shows responsive mobile navigation" file="tests\Browser\Enhanced\BookingFlowBrowserTest.php::`Enhanced UI Components` → it shows responsive mobile navigation" class="Tests\Browser\Enhanced\BookingFlowBrowserTest" classname="Tests.Browser.Enhanced.BookingFlowBrowserTest" assertions="0" time="0.080530">
          <error type="Error">`Enhanced UI Components` → it shows responsive mobile navigationError: Call to undefined method Tests\Browser\Enhanced\BookingFlowBrowserTest::browse()&#13;
at tests\Browser\Enhanced\BookingFlowBrowserTest.php:222</error>
        </testcase>
        <testcase name="`Enhanced UI Components` → it displays enhanced header with new branding" file="tests\Browser\Enhanced\BookingFlowBrowserTest.php::`Enhanced UI Components` → it displays enhanced header with new branding" class="Tests\Browser\Enhanced\BookingFlowBrowserTest" classname="Tests.Browser.Enhanced.BookingFlowBrowserTest" assertions="0" time="0.088508">
          <error type="Error">`Enhanced UI Components` → it displays enhanced header with new brandingError: Call to undefined method Tests\Browser\Enhanced\BookingFlowBrowserTest::browse()&#13;
at tests\Browser\Enhanced\BookingFlowBrowserTest.php:187</error>
        </testcase>
        <testcase name="`Booking Flow Browser Tests` → it displays image carousel correctly" file="tests\Browser\Enhanced\BookingFlowBrowserTest.php::`Booking Flow Browser Tests` → it displays image carousel correctly" class="Tests\Browser\Enhanced\BookingFlowBrowserTest" classname="Tests.Browser.Enhanced.BookingFlowBrowserTest" assertions="0" time="0.087707">
          <error type="Error">`Booking Flow Browser Tests` → it displays image carousel correctlyError: Call to undefined method Tests\Browser\Enhanced\BookingFlowBrowserTest::browse()&#13;
at tests\Browser\Enhanced\BookingFlowBrowserTest.php:63</error>
        </testcase>
        <testcase name="`Vehicle Search and Filtering` → it shows no results when filters match nothing" file="tests\Browser\Enhanced\BookingFlowBrowserTest.php::`Vehicle Search and Filtering` → it shows no results when filters match nothing" class="Tests\Browser\Enhanced\BookingFlowBrowserTest" classname="Tests.Browser.Enhanced.BookingFlowBrowserTest" assertions="0" time="0.081246">
          <error type="Error">`Vehicle Search and Filtering` → it shows no results when filters match nothingError: Call to undefined method Tests\Browser\Enhanced\BookingFlowBrowserTest::browse()&#13;
at tests\Browser\Enhanced\BookingFlowBrowserTest.php:165</error>
        </testcase>
        <testcase name="`Enhanced UI Components` → it displays vehicle cards with enhanced design" file="tests\Browser\Enhanced\BookingFlowBrowserTest.php::`Enhanced UI Components` → it displays vehicle cards with enhanced design" class="Tests\Browser\Enhanced\BookingFlowBrowserTest" classname="Tests.Browser.Enhanced.BookingFlowBrowserTest" assertions="0" time="0.071871">
          <error type="Error">`Enhanced UI Components` → it displays vehicle cards with enhanced designError: Call to undefined method Tests\Browser\Enhanced\BookingFlowBrowserTest::browse()&#13;
at tests\Browser\Enhanced\BookingFlowBrowserTest.php:212</error>
        </testcase>
        <testcase name="`Vehicle Search and Filtering` → it can filter vehicles by transmission" file="tests\Browser\Enhanced\BookingFlowBrowserTest.php::`Vehicle Search and Filtering` → it can filter vehicles by transmission" class="Tests\Browser\Enhanced\BookingFlowBrowserTest" classname="Tests.Browser.Enhanced.BookingFlowBrowserTest" assertions="0" time="0.107201">
          <error type="Error">`Vehicle Search and Filtering` → it can filter vehicles by transmissionError: Call to undefined method Tests\Browser\Enhanced\BookingFlowBrowserTest::browse()&#13;
at tests\Browser\Enhanced\BookingFlowBrowserTest.php:138</error>
        </testcase>
        <testcase name="`Booking Flow Browser Tests` → it handles payment processing for card payments" file="tests\Browser\Enhanced\BookingFlowBrowserTest.php::`Booking Flow Browser Tests` → it handles payment processing for card payments" class="Tests\Browser\Enhanced\BookingFlowBrowserTest" classname="Tests.Browser.Enhanced.BookingFlowBrowserTest" assertions="0" time="0.084723">
          <error type="Error">`Booking Flow Browser Tests` → it handles payment processing for card paymentsError: Call to undefined method Tests\Browser\Enhanced\BookingFlowBrowserTest::browse()&#13;
at tests\Browser\Enhanced\BookingFlowBrowserTest.php:91</error>
        </testcase>
        <testcase name="`Performance and Accessibility` → it handles errors gracefully" file="tests\Browser\Enhanced\BookingFlowBrowserTest.php::`Performance and Accessibility` → it handles errors gracefully" class="Tests\Browser\Enhanced\BookingFlowBrowserTest" classname="Tests.Browser.Enhanced.BookingFlowBrowserTest" assertions="0" time="0.058983">
          <error type="Error">`Performance and Accessibility` → it handles errors gracefullyError: Call to undefined method Tests\Browser\Enhanced\BookingFlowBrowserTest::browse()&#13;
at tests\Browser\Enhanced\BookingFlowBrowserTest.php:256</error>
        </testcase>
        <testcase name="`Booking Flow Browser Tests` → it shows booking confirmation for cash payments" file="tests\Browser\Enhanced\BookingFlowBrowserTest.php::`Booking Flow Browser Tests` → it shows booking confirmation for cash payments" class="Tests\Browser\Enhanced\BookingFlowBrowserTest" classname="Tests.Browser.Enhanced.BookingFlowBrowserTest" assertions="0" time="0.077012">
          <error type="Error">`Booking Flow Browser Tests` → it shows booking confirmation for cash paymentsError: Call to undefined method Tests\Browser\Enhanced\BookingFlowBrowserTest::browse()&#13;
at tests\Browser\Enhanced\BookingFlowBrowserTest.php:75</error>
        </testcase>
        <testcase name="`Booking Flow Browser Tests` → it can complete full booking flow" file="tests\Browser\Enhanced\BookingFlowBrowserTest.php::`Booking Flow Browser Tests` → it can complete full booking flow" class="Tests\Browser\Enhanced\BookingFlowBrowserTest" classname="Tests.Browser.Enhanced.BookingFlowBrowserTest" assertions="0" time="0.071387">
          <error type="Error">`Booking Flow Browser Tests` → it can complete full booking flowError: Call to undefined method Tests\Browser\Enhanced\BookingFlowBrowserTest::browse()&#13;
at tests\Browser\Enhanced\BookingFlowBrowserTest.php:27</error>
        </testcase>
        <testcase name="`Enhanced UI Components` → it shows image carousel with navigation" file="tests\Browser\Enhanced\BookingFlowBrowserTest.php::`Enhanced UI Components` → it shows image carousel with navigation" class="Tests\Browser\Enhanced\BookingFlowBrowserTest" classname="Tests.Browser.Enhanced.BookingFlowBrowserTest" assertions="0" time="0.198294">
          <error type="Error">`Enhanced UI Components` → it shows image carousel with navigationError: Call to undefined method Tests\Browser\Enhanced\BookingFlowBrowserTest::browse()&#13;
at tests\Browser\Enhanced\BookingFlowBrowserTest.php:197</error>
        </testcase>
        <testcase name="`Vehicle Search and Filtering` → it can filter vehicles by price range" file="tests\Browser\Enhanced\BookingFlowBrowserTest.php::`Vehicle Search and Filtering` → it can filter vehicles by price range" class="Tests\Browser\Enhanced\BookingFlowBrowserTest" classname="Tests.Browser.Enhanced.BookingFlowBrowserTest" assertions="0" time="0.111136">
          <error type="Error">`Vehicle Search and Filtering` → it can filter vehicles by price rangeError: Call to undefined method Tests\Browser\Enhanced\BookingFlowBrowserTest::browse()&#13;
at tests\Browser\Enhanced\BookingFlowBrowserTest.php:151</error>
        </testcase>
        <testcase name="`Performance and Accessibility` → it has proper accessibility attributes" file="tests\Browser\Enhanced\BookingFlowBrowserTest.php::`Performance and Accessibility` → it has proper accessibility attributes" class="Tests\Browser\Enhanced\BookingFlowBrowserTest" classname="Tests.Browser.Enhanced.BookingFlowBrowserTest" assertions="0" time="0.095697">
          <error type="Error">`Performance and Accessibility` → it has proper accessibility attributesError: Call to undefined method Tests\Browser\Enhanced\BookingFlowBrowserTest::browse()&#13;
at tests\Browser\Enhanced\BookingFlowBrowserTest.php:247</error>
        </testcase>
      </testsuite>
      <testsuite name="Tests\Browser\VehicleResourceBrowserTest" file="tests\Browser\VehicleResourceBrowserTest.php" tests="9" assertions="0" errors="0" failures="9" skipped="0" time="100.505422">
        <testcase name="it can view vehicle details as admin" file="tests\Browser\VehicleResourceBrowserTest.php::it can view vehicle details as admin" class="Tests\Browser\VehicleResourceBrowserTest" classname="Tests.Browser.VehicleResourceBrowserTest" assertions="0" time="11.890806">
          <failure type="PHPUnit\Framework\ExpectationFailedException">it can view vehicle details as adminTimeout 5000ms exceeded. A screenshot of the page has been saved to [Tests/Browser/Screenshots/it_can_view_vehicle_details_as_admin].&#13;
at vendor\pestphp\pest-plugin-browser\src\Exceptions\BrowserExpectationFailedException.php:60
at vendor\pestphp\pest-plugin-browser\src\Api\AwaitableWebpage.php:59
at vendor\pestphp\pest-plugin-browser\src\Api\PendingAwaitablePage.php:48
at tests\Browser\VehicleResourceBrowserTest.php:47</failure>
        </testcase>
        <testcase name="it can list vehicles as admin" file="tests\Browser\VehicleResourceBrowserTest.php::it can list vehicles as admin" class="Tests\Browser\VehicleResourceBrowserTest" classname="Tests.Browser.VehicleResourceBrowserTest" assertions="0" time="12.023361">
          <failure type="PHPUnit\Framework\ExpectationFailedException">it can list vehicles as adminTimeout 5000ms exceeded. A screenshot of the page has been saved to [Tests/Browser/Screenshots/it_can_list_vehicles_as_admin].&#13;
at vendor\pestphp\pest-plugin-browser\src\Exceptions\BrowserExpectationFailedException.php:60
at vendor\pestphp\pest-plugin-browser\src\Api\AwaitableWebpage.php:59
at vendor\pestphp\pest-plugin-browser\src\Api\PendingAwaitablePage.php:48
at tests\Browser\VehicleResourceBrowserTest.php:34</failure>
        </testcase>
        <testcase name="it owner can only see their own vehicles" file="tests\Browser\VehicleResourceBrowserTest.php::it owner can only see their own vehicles" class="Tests\Browser\VehicleResourceBrowserTest" classname="Tests.Browser.VehicleResourceBrowserTest" assertions="0" time="11.473039">
          <failure type="PHPUnit\Framework\ExpectationFailedException">it owner can only see their own vehiclesTimeout 5000ms exceeded. A screenshot of the page has been saved to [Tests/Browser/Screenshots/it_owner_can_only_see_their_own_vehicles].&#13;
at vendor\pestphp\pest-plugin-browser\src\Exceptions\BrowserExpectationFailedException.php:60
at vendor\pestphp\pest-plugin-browser\src\Api\AwaitableWebpage.php:59
at vendor\pestphp\pest-plugin-browser\src\Api\PendingAwaitablePage.php:48
at tests\Browser\VehicleResourceBrowserTest.php:145</failure>
        </testcase>
        <testcase name="it can bulk delete vehicles as admin" file="tests\Browser\VehicleResourceBrowserTest.php::it can bulk delete vehicles as admin" class="Tests\Browser\VehicleResourceBrowserTest" classname="Tests.Browser.VehicleResourceBrowserTest" assertions="0" time="10.862450">
          <failure type="PHPUnit\Framework\ExpectationFailedException">it can bulk delete vehicles as adminTimeout 5000ms exceeded. A screenshot of the page has been saved to [Tests/Browser/Screenshots/it_can_bulk_delete_vehicles_as_admin].&#13;
at vendor\pestphp\pest-plugin-browser\src\Exceptions\BrowserExpectationFailedException.php:60
at vendor\pestphp\pest-plugin-browser\src\Api\AwaitableWebpage.php:59
at vendor\pestphp\pest-plugin-browser\src\Api\PendingAwaitablePage.php:48
at tests\Browser\VehicleResourceBrowserTest.php:158</failure>
        </testcase>
        <testcase name="it can edit vehicle as admin" file="tests\Browser\VehicleResourceBrowserTest.php::it can edit vehicle as admin" class="Tests\Browser\VehicleResourceBrowserTest" classname="Tests.Browser.VehicleResourceBrowserTest" assertions="0" time="10.883430">
          <failure type="PHPUnit\Framework\ExpectationFailedException">it can edit vehicle as adminTimeout 5000ms exceeded. A screenshot of the page has been saved to [Tests/Browser/Screenshots/it_can_edit_vehicle_as_admin].&#13;
at vendor\pestphp\pest-plugin-browser\src\Exceptions\BrowserExpectationFailedException.php:60
at vendor\pestphp\pest-plugin-browser\src\Api\AwaitableWebpage.php:59
at vendor\pestphp\pest-plugin-browser\src\Api\PendingAwaitablePage.php:48
at tests\Browser\VehicleResourceBrowserTest.php:83</failure>
        </testcase>
        <testcase name="it can search vehicles by make" file="tests\Browser\VehicleResourceBrowserTest.php::it can search vehicles by make" class="Tests\Browser\VehicleResourceBrowserTest" classname="Tests.Browser.VehicleResourceBrowserTest" assertions="0" time="10.961937">
          <failure type="PHPUnit\Framework\ExpectationFailedException">it can search vehicles by makeTimeout 5000ms exceeded. A screenshot of the page has been saved to [Tests/Browser/Screenshots/it_can_search_vehicles_by_make].&#13;
at vendor\pestphp\pest-plugin-browser\src\Exceptions\BrowserExpectationFailedException.php:60
at vendor\pestphp\pest-plugin-browser\src\Api\AwaitableWebpage.php:59
at vendor\pestphp\pest-plugin-browser\src\Api\PendingAwaitablePage.php:48
at tests\Browser\VehicleResourceBrowserTest.php:130</failure>
        </testcase>
        <testcase name="it can filter vehicles by status" file="tests\Browser\VehicleResourceBrowserTest.php::it can filter vehicles by status" class="Tests\Browser\VehicleResourceBrowserTest" classname="Tests.Browser.VehicleResourceBrowserTest" assertions="0" time="10.814370">
          <failure type="PHPUnit\Framework\ExpectationFailedException">it can filter vehicles by statusTimeout 5000ms exceeded. A screenshot of the page has been saved to [Tests/Browser/Screenshots/it_can_filter_vehicles_by_status].&#13;
at vendor\pestphp\pest-plugin-browser\src\Exceptions\BrowserExpectationFailedException.php:60
at vendor\pestphp\pest-plugin-browser\src\Api\AwaitableWebpage.php:59
at vendor\pestphp\pest-plugin-browser\src\Api\PendingAwaitablePage.php:48
at tests\Browser\VehicleResourceBrowserTest.php:117</failure>
        </testcase>
        <testcase name="it can create new vehicle as admin" file="tests\Browser\VehicleResourceBrowserTest.php::it can create new vehicle as admin" class="Tests\Browser\VehicleResourceBrowserTest" classname="Tests.Browser.VehicleResourceBrowserTest" assertions="0" time="10.808567">
          <failure type="PHPUnit\Framework\ExpectationFailedException">it can create new vehicle as adminTimeout 5000ms exceeded. A screenshot of the page has been saved to [Tests/Browser/Screenshots/it_can_create_new_vehicle_as_admin].&#13;
at vendor\pestphp\pest-plugin-browser\src\Exceptions\BrowserExpectationFailedException.php:60
at vendor\pestphp\pest-plugin-browser\src\Api\AwaitableWebpage.php:59
at vendor\pestphp\pest-plugin-browser\src\Api\PendingAwaitablePage.php:48
at tests\Browser\VehicleResourceBrowserTest.php:61</failure>
        </testcase>
        <testcase name="it can delete vehicle as admin" file="tests\Browser\VehicleResourceBrowserTest.php::it can delete vehicle as admin" class="Tests\Browser\VehicleResourceBrowserTest" classname="Tests.Browser.VehicleResourceBrowserTest" assertions="0" time="10.787461">
          <failure type="PHPUnit\Framework\ExpectationFailedException">it can delete vehicle as adminTimeout 5000ms exceeded. A screenshot of the page has been saved to [Tests/Browser/Screenshots/it_can_delete_vehicle_as_admin].&#13;
at vendor\pestphp\pest-plugin-browser\src\Exceptions\BrowserExpectationFailedException.php:60
at vendor\pestphp\pest-plugin-browser\src\Api\AwaitableWebpage.php:59
at vendor\pestphp\pest-plugin-browser\src\Api\PendingAwaitablePage.php:48
at tests\Browser\VehicleResourceBrowserTest.php:99</failure>
        </testcase>
      </testsuite>
      <testsuite name="Tests\Browser\ReviewResourceBrowserTest" file="tests\Browser\ReviewResourceBrowserTest.php" tests="11" assertions="0" errors="0" failures="11" skipped="0" time="110.084224">
        <testcase name="it can edit review as admin" file="tests\Browser\ReviewResourceBrowserTest.php::it can edit review as admin" class="Tests\Browser\ReviewResourceBrowserTest" classname="Tests.Browser.ReviewResourceBrowserTest" assertions="0" time="11.030984">
          <failure type="PHPUnit\Framework\ExpectationFailedException">it can edit review as adminTimeout 5000ms exceeded. A screenshot of the page has been saved to [Tests/Browser/Screenshots/it_can_edit_review_as_admin].&#13;
at vendor\pestphp\pest-plugin-browser\src\Exceptions\BrowserExpectationFailedException.php:60
at vendor\pestphp\pest-plugin-browser\src\Api\AwaitableWebpage.php:59
at vendor\pestphp\pest-plugin-browser\src\Api\PendingAwaitablePage.php:48
at tests\Browser\ReviewResourceBrowserTest.php:105</failure>
        </testcase>
        <testcase name="it can search reviews by comment" file="tests\Browser\ReviewResourceBrowserTest.php::it can search reviews by comment" class="Tests\Browser\ReviewResourceBrowserTest" classname="Tests.Browser.ReviewResourceBrowserTest" assertions="0" time="13.747349">
          <failure type="PHPUnit\Framework\ExpectationFailedException">it can search reviews by commentTimeout 5000ms exceeded. A screenshot of the page has been saved to [Tests/Browser/Screenshots/it_can_search_reviews_by_comment].&#13;
at vendor\pestphp\pest-plugin-browser\src\Exceptions\BrowserExpectationFailedException.php:60
at vendor\pestphp\pest-plugin-browser\src\Api\AwaitableWebpage.php:59
at vendor\pestphp\pest-plugin-browser\src\Api\PendingAwaitablePage.php:48
at tests\Browser\ReviewResourceBrowserTest.php:191</failure>
        </testcase>
        <testcase name="it can list reviews as admin" file="tests\Browser\ReviewResourceBrowserTest.php::it can list reviews as admin" class="Tests\Browser\ReviewResourceBrowserTest" classname="Tests.Browser.ReviewResourceBrowserTest" assertions="0" time="14.763263">
          <failure type="PHPUnit\Framework\ExpectationFailedException">it can list reviews as adminTimeout 5000ms exceeded. A screenshot of the page has been saved to [Tests/Browser/Screenshots/it_can_list_reviews_as_admin].&#13;
at vendor\pestphp\pest-plugin-browser\src\Exceptions\BrowserExpectationFailedException.php:60
at vendor\pestphp\pest-plugin-browser\src\Api\AwaitableWebpage.php:59
at vendor\pestphp\pest-plugin-browser\src\Api\PendingAwaitablePage.php:48
at tests\Browser\ReviewResourceBrowserTest.php:53</failure>
        </testcase>
        <testcase name="it can filter reviews by visibility" file="tests\Browser\ReviewResourceBrowserTest.php::it can filter reviews by visibility" class="Tests\Browser\ReviewResourceBrowserTest" classname="Tests.Browser.ReviewResourceBrowserTest" assertions="0" time="5.394009">
          <failure type="PHPUnit\Framework\ExpectationFailedException">it can filter reviews by visibilityTimeout 5000ms exceeded.&#13;
at vendor\pestphp\pest-plugin-browser\src\Playwright\Client.php:101
at vendor\pestphp\pest-plugin-browser\src\Playwright\Concerns\InteractsWithPlaywright.php:105
at vendor\pestphp\pest-plugin-browser\src\Playwright\Page.php:99
at vendor\pestphp\pest-plugin-browser\src\Api\PendingAwaitablePage.php:128
at vendor\pestphp\pest-plugin-browser\src\Api\PendingAwaitablePage.php:45
at tests\Browser\ReviewResourceBrowserTest.php:178</failure>
        </testcase>
        <testcase name="it owner can only see reviews for their vehicles" file="tests\Browser\ReviewResourceBrowserTest.php::it owner can only see reviews for their vehicles" class="Tests\Browser\ReviewResourceBrowserTest" classname="Tests.Browser.ReviewResourceBrowserTest" assertions="0" time="5.318066">
          <failure type="PHPUnit\Framework\ExpectationFailedException">it owner can only see reviews for their vehiclesTimeout 5000ms exceeded.&#13;
at vendor\pestphp\pest-plugin-browser\src\Playwright\Client.php:101
at vendor\pestphp\pest-plugin-browser\src\Playwright\Concerns\InteractsWithPlaywright.php:105
at vendor\pestphp\pest-plugin-browser\src\Playwright\Page.php:99
at vendor\pestphp\pest-plugin-browser\src\Api\PendingAwaitablePage.php:128
at vendor\pestphp\pest-plugin-browser\src\Api\PendingAwaitablePage.php:45
at tests\Browser\ReviewResourceBrowserTest.php:215</failure>
        </testcase>
        <testcase name="it renter can only see their own reviews" file="tests\Browser\ReviewResourceBrowserTest.php::it renter can only see their own reviews" class="Tests\Browser\ReviewResourceBrowserTest" classname="Tests.Browser.ReviewResourceBrowserTest" assertions="0" time="13.416549">
          <failure type="PHPUnit\Framework\ExpectationFailedException">it renter can only see their own reviewsTimeout 5000ms exceeded. A screenshot of the page has been saved to [Tests/Browser/Screenshots/it_renter_can_only_see_their_own_reviews].&#13;
at vendor\pestphp\pest-plugin-browser\src\Exceptions\BrowserExpectationFailedException.php:60
at vendor\pestphp\pest-plugin-browser\src\Api\AwaitableWebpage.php:59
at vendor\pestphp\pest-plugin-browser\src\Api\PendingAwaitablePage.php:48
at tests\Browser\ReviewResourceBrowserTest.php:238</failure>
        </testcase>
        <testcase name="it can create new review as admin" file="tests\Browser\ReviewResourceBrowserTest.php::it can create new review as admin" class="Tests\Browser\ReviewResourceBrowserTest" classname="Tests.Browser.ReviewResourceBrowserTest" assertions="0" time="11.826745">
          <failure type="PHPUnit\Framework\ExpectationFailedException">it can create new review as adminTimeout 5000ms exceeded. A screenshot of the page has been saved to [Tests/Browser/Screenshots/it_can_create_new_review_as_admin].&#13;
at vendor\pestphp\pest-plugin-browser\src\Exceptions\BrowserExpectationFailedException.php:60
at vendor\pestphp\pest-plugin-browser\src\Api\AwaitableWebpage.php:59
at vendor\pestphp\pest-plugin-browser\src\Api\PendingAwaitablePage.php:48
at tests\Browser\ReviewResourceBrowserTest.php:87</failure>
        </testcase>
        <testcase name="it can toggle review visibility as admin" file="tests\Browser\ReviewResourceBrowserTest.php::it can toggle review visibility as admin" class="Tests\Browser\ReviewResourceBrowserTest" classname="Tests.Browser.ReviewResourceBrowserTest" assertions="0" time="13.243687">
          <failure type="PHPUnit\Framework\ExpectationFailedException">it can toggle review visibility as adminTimeout 5000ms exceeded. A screenshot of the page has been saved to [Tests/Browser/Screenshots/it_can_toggle_review_visibility_as_admin].&#13;
at vendor\pestphp\pest-plugin-browser\src\Exceptions\BrowserExpectationFailedException.php:60
at vendor\pestphp\pest-plugin-browser\src\Api\AwaitableWebpage.php:59
at vendor\pestphp\pest-plugin-browser\src\Api\PendingAwaitablePage.php:48
at tests\Browser\ReviewResourceBrowserTest.php:121</failure>
        </testcase>
        <testcase name="it can view review details as admin" file="tests\Browser\ReviewResourceBrowserTest.php::it can view review details as admin" class="Tests\Browser\ReviewResourceBrowserTest" classname="Tests.Browser.ReviewResourceBrowserTest" assertions="0" time="10.851613">
          <failure type="PHPUnit\Framework\ExpectationFailedException">it can view review details as adminTimeout 5000ms exceeded. A screenshot of the page has been saved to [Tests/Browser/Screenshots/it_can_view_review_details_as_admin].&#13;
at vendor\pestphp\pest-plugin-browser\src\Exceptions\BrowserExpectationFailedException.php:60
at vendor\pestphp\pest-plugin-browser\src\Api\AwaitableWebpage.php:59
at vendor\pestphp\pest-plugin-browser\src\Api\PendingAwaitablePage.php:48
at tests\Browser\ReviewResourceBrowserTest.php:66</failure>
        </testcase>
        <testcase name="it can filter reviews by rating" file="tests\Browser\ReviewResourceBrowserTest.php::it can filter reviews by rating" class="Tests\Browser\ReviewResourceBrowserTest" classname="Tests.Browser.ReviewResourceBrowserTest" assertions="0" time="5.267737">
          <failure type="PHPUnit\Framework\ExpectationFailedException">it can filter reviews by ratingTimeout 5000ms exceeded.&#13;
at vendor\pestphp\pest-plugin-browser\src\Playwright\Client.php:101
at vendor\pestphp\pest-plugin-browser\src\Playwright\Concerns\InteractsWithPlaywright.php:105
at vendor\pestphp\pest-plugin-browser\src\Playwright\Page.php:99
at vendor\pestphp\pest-plugin-browser\src\Api\PendingAwaitablePage.php:128
at vendor\pestphp\pest-plugin-browser\src\Api\PendingAwaitablePage.php:45
at tests\Browser\ReviewResourceBrowserTest.php:157</failure>
        </testcase>
        <testcase name="it can delete review as admin" file="tests\Browser\ReviewResourceBrowserTest.php::it can delete review as admin" class="Tests\Browser\ReviewResourceBrowserTest" classname="Tests.Browser.ReviewResourceBrowserTest" assertions="0" time="5.224222">
          <failure type="PHPUnit\Framework\ExpectationFailedException">it can delete review as adminTimeout 5000ms exceeded.&#13;
at vendor\pestphp\pest-plugin-browser\src\Playwright\Client.php:101
at vendor\pestphp\pest-plugin-browser\src\Playwright\Concerns\InteractsWithPlaywright.php:105
at vendor\pestphp\pest-plugin-browser\src\Playwright\Page.php:99
at vendor\pestphp\pest-plugin-browser\src\Api\PendingAwaitablePage.php:128
at vendor\pestphp\pest-plugin-browser\src\Api\PendingAwaitablePage.php:45
at tests\Browser\ReviewResourceBrowserTest.php:135</failure>
        </testcase>
      </testsuite>
      <testsuite name="Tests\Browser\VehicleManagementBrowserTest" file="tests\Browser\VehicleManagementBrowserTest.php" tests="19" assertions="0" errors="19" failures="0" skipped="0" time="5.149408">
        <testcase name="`Vehicle Management Browser Tests` → `Vehicle Details and View` → it shows vehicle booking history" file="tests\Browser\VehicleManagementBrowserTest.php::`Vehicle Management Browser Tests` → `Vehicle Details and View` → it shows vehicle booking history" class="Tests\Browser\VehicleManagementBrowserTest" classname="Tests.Browser.VehicleManagementBrowserTest" assertions="0" time="0.171090">
          <error type="Error">`Vehicle Management Browser Tests` → `Vehicle Details and View` → it shows vehicle booking historyError: Call to undefined function browse()&#13;
at tests\Browser\VehicleManagementBrowserTest.php:274</error>
        </testcase>
        <testcase name="`Vehicle Management Browser Tests` → `Vehicle Details and View` → it displays vehicle details correctly" file="tests\Browser\VehicleManagementBrowserTest.php::`Vehicle Management Browser Tests` → `Vehicle Details and View` → it displays vehicle details correctly" class="Tests\Browser\VehicleManagementBrowserTest" classname="Tests.Browser.VehicleManagementBrowserTest" assertions="0" time="0.130914">
          <error type="Illuminate\Database\QueryException">`Vehicle Management Browser Tests` → `Vehicle Details and View` → it displays vehicle details correctlyIlluminate\Database\QueryException: SQLSTATE[HY000]: General error: 1 table car_rental_vehicles has no column named seating_capacity (Connection: sqlite, SQL: insert into "car_rental_vehicles" ("owner_id", "make", "model", "year", "color", "plate_number", "vin", "category", "fuel_type", "transmission", "seats", "doors", "engine_size", "mileage", "daily_rate", "location", "pickup_location", "is_available", "insurance_included", "insurance_expiry", "description", "terms_and_conditions", "oil_type", "last_oil_change", "policy", "featured_image", "status", "seating_capacity", "updated_at", "created_at") values (2, Mercedes, C-Class, 2023, Silver, ycl-3017, 18k0k9r6o7o1z1f5z1z, suv, petrol, automatic, 7, 5, 3.2, 60554, 200, Hyattland, 8563 Sidney View Suite 198
Oberbrunnerland, SC 98537-6666, 1, 1, 2027-05-14 21:22:30, Luxury sedan with premium features, Reiciendis itaque sit maiores facilis numquam qui vel ut. Vel sit facilis est velit quia adipisci odit., 10W-30, 2025-05-13 15:42:49, Temporibus illum quo et qui aut quidem assumenda cumque. Rerum sed distinctio commodi quo id perferendis., vehicles/suv-lexus-rx.jpg, approved, 5, 2025-09-24 12:13:33, 2025-09-24 12:13:33))&#13;
at vendor\laravel\framework\src\Illuminate\Database\Connection.php:564
at vendor\laravel\framework\src\Illuminate\Database\Connection.php:811
at vendor\laravel\framework\src\Illuminate\Database\Connection.php:778
at vendor\laravel\framework\src\Illuminate\Database\Connection.php:559
at vendor\laravel\framework\src\Illuminate\Database\Connection.php:523
at vendor\laravel\framework\src\Illuminate\Database\Query\Processors\Processor.php:32
at vendor\laravel\framework\src\Illuminate\Database\Query\Builder.php:3853
at vendor\laravel\framework\src\Illuminate\Database\Eloquent\Builder.php:2235
at vendor\laravel\framework\src\Illuminate\Database\Eloquent\Model.php:1436
at vendor\laravel\framework\src\Illuminate\Database\Eloquent\Model.php:1401
at vendor\laravel\framework\src\Illuminate\Database\Eloquent\Model.php:1240
at vendor\laravel\framework\src\Illuminate\Database\Eloquent\Factories\Factory.php:370
at vendor\laravel\framework\src\Illuminate\Collections\Traits\EnumeratesValues.php:271
at vendor\laravel\framework\src\Illuminate\Database\Eloquent\Factories\Factory.php:365
at vendor\laravel\framework\src\Illuminate\Database\Eloquent\Factories\Factory.php:321
at vendor\laravel\framework\src\Illuminate\Database\Eloquent\Factories\Factory.php:315
at tests\Browser\VehicleManagementBrowserTest.php:239
Caused by
PDOException: SQLSTATE[HY000]: General error: 1 table car_rental_vehicles has no column named seating_capacity

at vendor\laravel\framework\src\Illuminate\Database\Connection.php:564
at vendor\laravel\framework\src\Illuminate\Database\Connection.php:811
at vendor\laravel\framework\src\Illuminate\Database\Connection.php:778
at vendor\laravel\framework\src\Illuminate\Database\Connection.php:559
at vendor\laravel\framework\src\Illuminate\Database\Connection.php:523
at vendor\laravel\framework\src\Illuminate\Database\Query\Processors\Processor.php:32
at vendor\laravel\framework\src\Illuminate\Database\Query\Builder.php:3853
at vendor\laravel\framework\src\Illuminate\Database\Eloquent\Builder.php:2235
at vendor\laravel\framework\src\Illuminate\Database\Eloquent\Model.php:1436
at vendor\laravel\framework\src\Illuminate\Database\Eloquent\Model.php:1401
at vendor\laravel\framework\src\Illuminate\Database\Eloquent\Model.php:1240
at vendor\laravel\framework\src\Illuminate\Database\Eloquent\Factories\Factory.php:370
at vendor\laravel\framework\src\Illuminate\Collections\Traits\EnumeratesValues.php:271
at vendor\laravel\framework\src\Illuminate\Database\Eloquent\Factories\Factory.php:365
at vendor\laravel\framework\src\Illuminate\Database\Eloquent\Factories\Factory.php:321
at vendor\laravel\framework\src\Illuminate\Database\Eloquent\Factories\Factory.php:315
at tests\Browser\VehicleManagementBrowserTest.php:239</error>
        </testcase>
        <testcase name="`Vehicle Management Browser Tests` → `Vehicle Editing and Updates` → it can add and remove vehicle images" file="tests\Browser\VehicleManagementBrowserTest.php::`Vehicle Management Browser Tests` → `Vehicle Editing and Updates` → it can add and remove vehicle images" class="Tests\Browser\VehicleManagementBrowserTest" classname="Tests.Browser.VehicleManagementBrowserTest" assertions="0" time="0.274028">
          <error type="Error">`Vehicle Management Browser Tests` → `Vehicle Editing and Updates` → it can add and remove vehicle imagesError: Call to undefined function browse()&#13;
at tests\Browser\VehicleManagementBrowserTest.php:212</error>
        </testcase>
        <testcase name="`Vehicle Management Browser Tests` → `Vehicle Creation` → it can upload vehicle images during creation" file="tests\Browser\VehicleManagementBrowserTest.php::`Vehicle Management Browser Tests` → `Vehicle Creation` → it can upload vehicle images during creation" class="Tests\Browser\VehicleManagementBrowserTest" classname="Tests.Browser.VehicleManagementBrowserTest" assertions="0" time="0.372560">
          <error type="Error">`Vehicle Management Browser Tests` → `Vehicle Creation` → it can upload vehicle images during creationError: Call to undefined function browse()&#13;
at tests\Browser\VehicleManagementBrowserTest.php:142</error>
        </testcase>
        <testcase name="`Vehicle Management Browser Tests` → `Access Control and Permissions` → it restricts vehicle creation to authorized users" file="tests\Browser\VehicleManagementBrowserTest.php::`Vehicle Management Browser Tests` → `Access Control and Permissions` → it restricts vehicle creation to authorized users" class="Tests\Browser\VehicleManagementBrowserTest" classname="Tests.Browser.VehicleManagementBrowserTest" assertions="0" time="0.872712">
          <error type="Error">`Vehicle Management Browser Tests` → `Access Control and Permissions` → it restricts vehicle creation to authorized usersError: Call to undefined function browse()&#13;
at tests\Browser\VehicleManagementBrowserTest.php:323</error>
        </testcase>
        <testcase name="`Vehicle Management Browser Tests` → `Vehicle Listing and Search` → it can filter vehicles by status" file="tests\Browser\VehicleManagementBrowserTest.php::`Vehicle Management Browser Tests` → `Vehicle Listing and Search` → it can filter vehicles by status" class="Tests\Browser\VehicleManagementBrowserTest" classname="Tests.Browser.VehicleManagementBrowserTest" assertions="0" time="0.394799">
          <error type="BadMethodCallException">`Vehicle Management Browser Tests` → `Vehicle Listing and Search` → it can filter vehicles by statusBadMethodCallException: Call to undefined method Database\Factories\VehicleFactory::draft()&#13;
at vendor\laravel\framework\src\Illuminate\Support\Traits\ForwardsCalls.php:67
at vendor\laravel\framework\src\Illuminate\Database\Eloquent\Factories\Factory.php:1040
at tests\Browser\VehicleManagementBrowserTest.php:63</error>
        </testcase>
        <testcase name="`Vehicle Management Browser Tests` → `Vehicle Listing and Search` → it can sort vehicles by different criteria" file="tests\Browser\VehicleManagementBrowserTest.php::`Vehicle Management Browser Tests` → `Vehicle Listing and Search` → it can sort vehicles by different criteria" class="Tests\Browser\VehicleManagementBrowserTest" classname="Tests.Browser.VehicleManagementBrowserTest" assertions="0" time="0.209767">
          <error type="Error">`Vehicle Management Browser Tests` → `Vehicle Listing and Search` → it can sort vehicles by different criteriaError: Call to undefined function browse()&#13;
at tests\Browser\VehicleManagementBrowserTest.php:90</error>
        </testcase>
        <testcase name="`Vehicle Management Browser Tests` → `Performance and User Experience` → it provides real-time validation feedback" file="tests\Browser\VehicleManagementBrowserTest.php::`Vehicle Management Browser Tests` → `Performance and User Experience` → it provides real-time validation feedback" class="Tests\Browser\VehicleManagementBrowserTest" classname="Tests.Browser.VehicleManagementBrowserTest" assertions="0" time="0.221382">
          <error type="Error">`Vehicle Management Browser Tests` → `Performance and User Experience` → it provides real-time validation feedbackError: Call to undefined function browse()&#13;
at tests\Browser\VehicleManagementBrowserTest.php:376</error>
        </testcase>
        <testcase name="`Vehicle Management Browser Tests` → `Vehicle Listing and Search` → it displays vehicle list correctly" file="tests\Browser\VehicleManagementBrowserTest.php::`Vehicle Management Browser Tests` → `Vehicle Listing and Search` → it displays vehicle list correctly" class="Tests\Browser\VehicleManagementBrowserTest" classname="Tests.Browser.VehicleManagementBrowserTest" assertions="0" time="0.217674">
          <error type="Error">`Vehicle Management Browser Tests` → `Vehicle Listing and Search` → it displays vehicle list correctlyError: Call to undefined function browse()&#13;
at tests\Browser\VehicleManagementBrowserTest.php:24</error>
        </testcase>
        <testcase name="`Vehicle Management Browser Tests` → `Vehicle Creation` → it can create a new vehicle with all details" file="tests\Browser\VehicleManagementBrowserTest.php::`Vehicle Management Browser Tests` → `Vehicle Creation` → it can create a new vehicle with all details" class="Tests\Browser\VehicleManagementBrowserTest" classname="Tests.Browser.VehicleManagementBrowserTest" assertions="0" time="0.132339">
          <error type="Error">`Vehicle Management Browser Tests` → `Vehicle Creation` → it can create a new vehicle with all detailsError: Call to undefined function browse()&#13;
at tests\Browser\VehicleManagementBrowserTest.php:105</error>
        </testcase>
        <testcase name="`Vehicle Management Browser Tests` → `Access Control and Permissions` → it allows owners to edit only their vehicles" file="tests\Browser\VehicleManagementBrowserTest.php::`Vehicle Management Browser Tests` → `Access Control and Permissions` → it allows owners to edit only their vehicles" class="Tests\Browser\VehicleManagementBrowserTest" classname="Tests.Browser.VehicleManagementBrowserTest" assertions="0" time="0.156965">
          <error type="Error">`Vehicle Management Browser Tests` → `Access Control and Permissions` → it allows owners to edit only their vehiclesError: Call to undefined function browse()&#13;
at tests\Browser\VehicleManagementBrowserTest.php:335</error>
        </testcase>
        <testcase name="`Vehicle Management Browser Tests` → `Vehicle Creation` → it validates required fields during vehicle creation" file="tests\Browser\VehicleManagementBrowserTest.php::`Vehicle Management Browser Tests` → `Vehicle Creation` → it validates required fields during vehicle creation" class="Tests\Browser\VehicleManagementBrowserTest" classname="Tests.Browser.VehicleManagementBrowserTest" assertions="0" time="0.117631">
          <error type="Error">`Vehicle Management Browser Tests` → `Vehicle Creation` → it validates required fields during vehicle creationError: Call to undefined function browse()&#13;
at tests\Browser\VehicleManagementBrowserTest.php:129</error>
        </testcase>
        <testcase name="`Vehicle Management Browser Tests` → `Performance and User Experience` → it loads vehicle list quickly with many vehicles" file="tests\Browser\VehicleManagementBrowserTest.php::`Vehicle Management Browser Tests` → `Performance and User Experience` → it loads vehicle list quickly with many vehicles" class="Tests\Browser\VehicleManagementBrowserTest" classname="Tests.Browser.VehicleManagementBrowserTest" assertions="0" time="1.111513">
          <error type="Error">`Vehicle Management Browser Tests` → `Performance and User Experience` → it loads vehicle list quickly with many vehiclesError: Call to undefined function browse()&#13;
at tests\Browser\VehicleManagementBrowserTest.php:351</error>
        </testcase>
        <testcase name="`Vehicle Management Browser Tests` → `Vehicle Editing and Updates` → it can update vehicle status" file="tests\Browser\VehicleManagementBrowserTest.php::`Vehicle Management Browser Tests` → `Vehicle Editing and Updates` → it can update vehicle status" class="Tests\Browser\VehicleManagementBrowserTest" classname="Tests.Browser.VehicleManagementBrowserTest" assertions="0" time="0.095166">
          <error type="BadMethodCallException">`Vehicle Management Browser Tests` → `Vehicle Editing and Updates` → it can update vehicle statusBadMethodCallException: Call to undefined method Database\Factories\VehicleFactory::draft()&#13;
at vendor\laravel\framework\src\Illuminate\Support\Traits\ForwardsCalls.php:67
at vendor\laravel\framework\src\Illuminate\Database\Eloquent\Factories\Factory.php:1040
at tests\Browser\VehicleManagementBrowserTest.php:191</error>
        </testcase>
        <testcase name="`Vehicle Management Browser Tests` → `Performance and User Experience` → it handles image upload progress correctly" file="tests\Browser\VehicleManagementBrowserTest.php::`Vehicle Management Browser Tests` → `Performance and User Experience` → it handles image upload progress correctly" class="Tests\Browser\VehicleManagementBrowserTest" classname="Tests.Browser.VehicleManagementBrowserTest" assertions="0" time="0.090490">
          <error type="Error">`Vehicle Management Browser Tests` → `Performance and User Experience` → it handles image upload progress correctlyError: Call to undefined function browse()&#13;
at tests\Browser\VehicleManagementBrowserTest.php:362</error>
        </testcase>
        <testcase name="`Vehicle Management Browser Tests` → `Bulk Operations` → it can bulk delete vehicles" file="tests\Browser\VehicleManagementBrowserTest.php::`Vehicle Management Browser Tests` → `Bulk Operations` → it can bulk delete vehicles" class="Tests\Browser\VehicleManagementBrowserTest" classname="Tests.Browser.VehicleManagementBrowserTest" assertions="0" time="0.212588">
          <error type="Error">`Vehicle Management Browser Tests` → `Bulk Operations` → it can bulk delete vehiclesError: Call to undefined function browse()&#13;
at tests\Browser\VehicleManagementBrowserTest.php:304</error>
        </testcase>
        <testcase name="`Vehicle Management Browser Tests` → `Vehicle Listing and Search` → it can search vehicles by make and model" file="tests\Browser\VehicleManagementBrowserTest.php::`Vehicle Management Browser Tests` → `Vehicle Listing and Search` → it can search vehicles by make and model" class="Tests\Browser\VehicleManagementBrowserTest" classname="Tests.Browser.VehicleManagementBrowserTest" assertions="0" time="0.128136">
          <error type="Error">`Vehicle Management Browser Tests` → `Vehicle Listing and Search` → it can search vehicles by make and modelError: Call to undefined function browse()&#13;
at tests\Browser\VehicleManagementBrowserTest.php:46</error>
        </testcase>
        <testcase name="`Vehicle Management Browser Tests` → `Vehicle Editing and Updates` → it can edit existing vehicle details" file="tests\Browser\VehicleManagementBrowserTest.php::`Vehicle Management Browser Tests` → `Vehicle Editing and Updates` → it can edit existing vehicle details" class="Tests\Browser\VehicleManagementBrowserTest" classname="Tests.Browser.VehicleManagementBrowserTest" assertions="0" time="0.139787">
          <error type="Error">`Vehicle Management Browser Tests` → `Vehicle Editing and Updates` → it can edit existing vehicle detailsError: Call to undefined function browse()&#13;
at tests\Browser\VehicleManagementBrowserTest.php:173</error>
        </testcase>
        <testcase name="`Vehicle Management Browser Tests` → `Bulk Operations` → it can perform bulk status updates" file="tests\Browser\VehicleManagementBrowserTest.php::`Vehicle Management Browser Tests` → `Bulk Operations` → it can perform bulk status updates" class="Tests\Browser\VehicleManagementBrowserTest" classname="Tests.Browser.VehicleManagementBrowserTest" assertions="0" time="0.099867">
          <error type="BadMethodCallException">`Vehicle Management Browser Tests` → `Bulk Operations` → it can perform bulk status updatesBadMethodCallException: Call to undefined method Database\Factories\VehicleFactory::draft()&#13;
at vendor\laravel\framework\src\Illuminate\Support\Traits\ForwardsCalls.php:67
at vendor\laravel\framework\src\Illuminate\Database\Eloquent\Factories\Factory.php:1040
at tests\Browser\VehicleManagementBrowserTest.php:285</error>
        </testcase>
      </testsuite>
      <testsuite name="Tests\Browser\PaymentResourceBrowserTest" file="tests\Browser\PaymentResourceBrowserTest.php" tests="12" assertions="0" errors="12" failures="0" skipped="0" time="0.000000">
        <testcase name="it can edit payment as admin" file="tests\Browser\PaymentResourceBrowserTest.php::it can edit payment as admin" class="Tests\Browser\PaymentResourceBrowserTest" classname="Tests.Browser.PaymentResourceBrowserTest" assertions="0" time="0.000000">
          <error type="Illuminate\Database\QueryException">it can edit payment as adminIlluminate\Database\QueryException: SQLSTATE[23000]: Integrity constraint violation: 19 CHECK constraint failed: payment_method (Connection: sqlite, SQL: insert into "car_rental_payments" ("booking_id", "amount", "payment_method", "payment_status", "transaction_id", "processed_at", "gateway_response", "refunded_at", "refund_amount", "updated_at", "created_at") values (1, 300, credit_card, confirmed, TXN123456, ?, {"gateway":"stripe","response_code":"400","message":"Insufficient funds","reference_id":"REF-3j1d1x8b"}, ?, 0, 2025-09-24 12:13:38, 2025-09-24 12:13:38))&#13;
at vendor\laravel\framework\src\Illuminate\Database\Connection.php:570
at vendor\laravel\framework\src\Illuminate\Database\Connection.php:811
at vendor\laravel\framework\src\Illuminate\Database\Connection.php:778
at vendor\laravel\framework\src\Illuminate\Database\Connection.php:559
at vendor\laravel\framework\src\Illuminate\Database\Connection.php:523
at vendor\laravel\framework\src\Illuminate\Database\Query\Processors\Processor.php:32
at vendor\laravel\framework\src\Illuminate\Database\Query\Builder.php:3853
at vendor\laravel\framework\src\Illuminate\Database\Eloquent\Builder.php:2235
at vendor\laravel\framework\src\Illuminate\Database\Eloquent\Model.php:1436
at vendor\laravel\framework\src\Illuminate\Database\Eloquent\Model.php:1401
at vendor\laravel\framework\src\Illuminate\Database\Eloquent\Model.php:1240
at vendor\laravel\framework\src\Illuminate\Database\Eloquent\Factories\Factory.php:370
at vendor\laravel\framework\src\Illuminate\Collections\Traits\EnumeratesValues.php:271
at vendor\laravel\framework\src\Illuminate\Database\Eloquent\Factories\Factory.php:365
at vendor\laravel\framework\src\Illuminate\Database\Eloquent\Factories\Factory.php:321
at vendor\laravel\framework\src\Illuminate\Database\Eloquent\Factories\Factory.php:315
at tests\Browser\PaymentResourceBrowserTest.php:43
Caused by
PDOException: SQLSTATE[23000]: Integrity constraint violation: 19 CHECK constraint failed: payment_method

at vendor\laravel\framework\src\Illuminate\Database\Connection.php:570
at vendor\laravel\framework\src\Illuminate\Database\Connection.php:811
at vendor\laravel\framework\src\Illuminate\Database\Connection.php:778
at vendor\laravel\framework\src\Illuminate\Database\Connection.php:559
at vendor\laravel\framework\src\Illuminate\Database\Connection.php:523
at vendor\laravel\framework\src\Illuminate\Database\Query\Processors\Processor.php:32
at vendor\laravel\framework\src\Illuminate\Database\Query\Builder.php:3853
at vendor\laravel\framework\src\Illuminate\Database\Eloquent\Builder.php:2235
at vendor\laravel\framework\src\Illuminate\Database\Eloquent\Model.php:1436
at vendor\laravel\framework\src\Illuminate\Database\Eloquent\Model.php:1401
at vendor\laravel\framework\src\Illuminate\Database\Eloquent\Model.php:1240
at vendor\laravel\framework\src\Illuminate\Database\Eloquent\Factories\Factory.php:370
at vendor\laravel\framework\src\Illuminate\Collections\Traits\EnumeratesValues.php:271
at vendor\laravel\framework\src\Illuminate\Database\Eloquent\Factories\Factory.php:365
at vendor\laravel\framework\src\Illuminate\Database\Eloquent\Factories\Factory.php:321
at vendor\laravel\framework\src\Illuminate\Database\Eloquent\Factories\Factory.php:315
at tests\Browser\PaymentResourceBrowserTest.php:43</error>
        </testcase>
        <testcase name="it can create new payment as admin" file="tests\Browser\PaymentResourceBrowserTest.php::it can create new payment as admin" class="Tests\Browser\PaymentResourceBrowserTest" classname="Tests.Browser.PaymentResourceBrowserTest" assertions="0" time="0.000000">
          <error type="Illuminate\Database\QueryException">it can create new payment as adminIlluminate\Database\QueryException: SQLSTATE[23000]: Integrity constraint violation: 19 CHECK constraint failed: payment_method (Connection: sqlite, SQL: insert into "car_rental_payments" ("booking_id", "amount", "payment_method", "payment_status", "transaction_id", "processed_at", "gateway_response", "refunded_at", "refund_amount", "updated_at", "created_at") values (1, 300, credit_card, confirmed, TXN123456, ?, {"gateway":"razorpay","response_code":"401","message":"Expired card","reference_id":"REF-9r3n7j8n"}, ?, 0, 2025-09-24 12:13:38, 2025-09-24 12:13:38))&#13;
at vendor\laravel\framework\src\Illuminate\Database\Connection.php:570
at vendor\laravel\framework\src\Illuminate\Database\Connection.php:811
at vendor\laravel\framework\src\Illuminate\Database\Connection.php:778
at vendor\laravel\framework\src\Illuminate\Database\Connection.php:559
at vendor\laravel\framework\src\Illuminate\Database\Connection.php:523
at vendor\laravel\framework\src\Illuminate\Database\Query\Processors\Processor.php:32
at vendor\laravel\framework\src\Illuminate\Database\Query\Builder.php:3853
at vendor\laravel\framework\src\Illuminate\Database\Eloquent\Builder.php:2235
at vendor\laravel\framework\src\Illuminate\Database\Eloquent\Model.php:1436
at vendor\laravel\framework\src\Illuminate\Database\Eloquent\Model.php:1401
at vendor\laravel\framework\src\Illuminate\Database\Eloquent\Model.php:1240
at vendor\laravel\framework\src\Illuminate\Database\Eloquent\Factories\Factory.php:370
at vendor\laravel\framework\src\Illuminate\Collections\Traits\EnumeratesValues.php:271
at vendor\laravel\framework\src\Illuminate\Database\Eloquent\Factories\Factory.php:365
at vendor\laravel\framework\src\Illuminate\Database\Eloquent\Factories\Factory.php:321
at vendor\laravel\framework\src\Illuminate\Database\Eloquent\Factories\Factory.php:315
at tests\Browser\PaymentResourceBrowserTest.php:43
Caused by
PDOException: SQLSTATE[23000]: Integrity constraint violation: 19 CHECK constraint failed: payment_method

at vendor\laravel\framework\src\Illuminate\Database\Connection.php:570
at vendor\laravel\framework\src\Illuminate\Database\Connection.php:811
at vendor\laravel\framework\src\Illuminate\Database\Connection.php:778
at vendor\laravel\framework\src\Illuminate\Database\Connection.php:559
at vendor\laravel\framework\src\Illuminate\Database\Connection.php:523
at vendor\laravel\framework\src\Illuminate\Database\Query\Processors\Processor.php:32
at vendor\laravel\framework\src\Illuminate\Database\Query\Builder.php:3853
at vendor\laravel\framework\src\Illuminate\Database\Eloquent\Builder.php:2235
at vendor\laravel\framework\src\Illuminate\Database\Eloquent\Model.php:1436
at vendor\laravel\framework\src\Illuminate\Database\Eloquent\Model.php:1401
at vendor\laravel\framework\src\Illuminate\Database\Eloquent\Model.php:1240
at vendor\laravel\framework\src\Illuminate\Database\Eloquent\Factories\Factory.php:370
at vendor\laravel\framework\src\Illuminate\Collections\Traits\EnumeratesValues.php:271
at vendor\laravel\framework\src\Illuminate\Database\Eloquent\Factories\Factory.php:365
at vendor\laravel\framework\src\Illuminate\Database\Eloquent\Factories\Factory.php:321
at vendor\laravel\framework\src\Illuminate\Database\Eloquent\Factories\Factory.php:315
at tests\Browser\PaymentResourceBrowserTest.php:43</error>
        </testcase>
        <testcase name="it can search payments by transaction ID" file="tests\Browser\PaymentResourceBrowserTest.php::it can search payments by transaction ID" class="Tests\Browser\PaymentResourceBrowserTest" classname="Tests.Browser.PaymentResourceBrowserTest" assertions="0" time="0.000000">
          <error type="Illuminate\Database\QueryException">it can search payments by transaction IDIlluminate\Database\QueryException: SQLSTATE[23000]: Integrity constraint violation: 19 CHECK constraint failed: payment_method (Connection: sqlite, SQL: insert into "car_rental_payments" ("booking_id", "amount", "payment_method", "payment_status", "transaction_id", "processed_at", "gateway_response", "refunded_at", "refund_amount", "updated_at", "created_at") values (1, 300, credit_card, confirmed, TXN123456, ?, {"gateway":"braintree","response_code":"400","message":"Invalid card details","reference_id":"REF-3j3y8x7b"}, ?, 0, 2025-09-24 12:13:39, 2025-09-24 12:13:39))&#13;
at vendor\laravel\framework\src\Illuminate\Database\Connection.php:570
at vendor\laravel\framework\src\Illuminate\Database\Connection.php:811
at vendor\laravel\framework\src\Illuminate\Database\Connection.php:778
at vendor\laravel\framework\src\Illuminate\Database\Connection.php:559
at vendor\laravel\framework\src\Illuminate\Database\Connection.php:523
at vendor\laravel\framework\src\Illuminate\Database\Query\Processors\Processor.php:32
at vendor\laravel\framework\src\Illuminate\Database\Query\Builder.php:3853
at vendor\laravel\framework\src\Illuminate\Database\Eloquent\Builder.php:2235
at vendor\laravel\framework\src\Illuminate\Database\Eloquent\Model.php:1436
at vendor\laravel\framework\src\Illuminate\Database\Eloquent\Model.php:1401
at vendor\laravel\framework\src\Illuminate\Database\Eloquent\Model.php:1240
at vendor\laravel\framework\src\Illuminate\Database\Eloquent\Factories\Factory.php:370
at vendor\laravel\framework\src\Illuminate\Collections\Traits\EnumeratesValues.php:271
at vendor\laravel\framework\src\Illuminate\Database\Eloquent\Factories\Factory.php:365
at vendor\laravel\framework\src\Illuminate\Database\Eloquent\Factories\Factory.php:321
at vendor\laravel\framework\src\Illuminate\Database\Eloquent\Factories\Factory.php:315
at tests\Browser\PaymentResourceBrowserTest.php:43
Caused by
PDOException: SQLSTATE[23000]: Integrity constraint violation: 19 CHECK constraint failed: payment_method

at vendor\laravel\framework\src\Illuminate\Database\Connection.php:570
at vendor\laravel\framework\src\Illuminate\Database\Connection.php:811
at vendor\laravel\framework\src\Illuminate\Database\Connection.php:778
at vendor\laravel\framework\src\Illuminate\Database\Connection.php:559
at vendor\laravel\framework\src\Illuminate\Database\Connection.php:523
at vendor\laravel\framework\src\Illuminate\Database\Query\Processors\Processor.php:32
at vendor\laravel\framework\src\Illuminate\Database\Query\Builder.php:3853
at vendor\laravel\framework\src\Illuminate\Database\Eloquent\Builder.php:2235
at vendor\laravel\framework\src\Illuminate\Database\Eloquent\Model.php:1436
at vendor\laravel\framework\src\Illuminate\Database\Eloquent\Model.php:1401
at vendor\laravel\framework\src\Illuminate\Database\Eloquent\Model.php:1240
at vendor\laravel\framework\src\Illuminate\Database\Eloquent\Factories\Factory.php:370
at vendor\laravel\framework\src\Illuminate\Collections\Traits\EnumeratesValues.php:271
at vendor\laravel\framework\src\Illuminate\Database\Eloquent\Factories\Factory.php:365
at vendor\laravel\framework\src\Illuminate\Database\Eloquent\Factories\Factory.php:321
at vendor\laravel\framework\src\Illuminate\Database\Eloquent\Factories\Factory.php:315
at tests\Browser\PaymentResourceBrowserTest.php:43</error>
        </testcase>
        <testcase name="it can filter payments by status" file="tests\Browser\PaymentResourceBrowserTest.php::it can filter payments by status" class="Tests\Browser\PaymentResourceBrowserTest" classname="Tests.Browser.PaymentResourceBrowserTest" assertions="0" time="0.000000">
          <error type="Illuminate\Database\QueryException">it can filter payments by statusIlluminate\Database\QueryException: SQLSTATE[23000]: Integrity constraint violation: 19 CHECK constraint failed: payment_method (Connection: sqlite, SQL: insert into "car_rental_payments" ("booking_id", "amount", "payment_method", "payment_status", "transaction_id", "processed_at", "gateway_response", "refunded_at", "refund_amount", "updated_at", "created_at") values (1, 300, credit_card, confirmed, TXN123456, 2025-09-11 02:58:48, {"gateway":"braintree","response_code":"200","message":"Payment processed successfully","reference_id":"REF-8m1e6f3z"}, ?, 0, 2025-09-24 12:13:39, 2025-09-24 12:13:39))&#13;
at vendor\laravel\framework\src\Illuminate\Database\Connection.php:570
at vendor\laravel\framework\src\Illuminate\Database\Connection.php:811
at vendor\laravel\framework\src\Illuminate\Database\Connection.php:778
at vendor\laravel\framework\src\Illuminate\Database\Connection.php:559
at vendor\laravel\framework\src\Illuminate\Database\Connection.php:523
at vendor\laravel\framework\src\Illuminate\Database\Query\Processors\Processor.php:32
at vendor\laravel\framework\src\Illuminate\Database\Query\Builder.php:3853
at vendor\laravel\framework\src\Illuminate\Database\Eloquent\Builder.php:2235
at vendor\laravel\framework\src\Illuminate\Database\Eloquent\Model.php:1436
at vendor\laravel\framework\src\Illuminate\Database\Eloquent\Model.php:1401
at vendor\laravel\framework\src\Illuminate\Database\Eloquent\Model.php:1240
at vendor\laravel\framework\src\Illuminate\Database\Eloquent\Factories\Factory.php:370
at vendor\laravel\framework\src\Illuminate\Collections\Traits\EnumeratesValues.php:271
at vendor\laravel\framework\src\Illuminate\Database\Eloquent\Factories\Factory.php:365
at vendor\laravel\framework\src\Illuminate\Database\Eloquent\Factories\Factory.php:321
at vendor\laravel\framework\src\Illuminate\Database\Eloquent\Factories\Factory.php:315
at tests\Browser\PaymentResourceBrowserTest.php:43
Caused by
PDOException: SQLSTATE[23000]: Integrity constraint violation: 19 CHECK constraint failed: payment_method

at vendor\laravel\framework\src\Illuminate\Database\Connection.php:570
at vendor\laravel\framework\src\Illuminate\Database\Connection.php:811
at vendor\laravel\framework\src\Illuminate\Database\Connection.php:778
at vendor\laravel\framework\src\Illuminate\Database\Connection.php:559
at vendor\laravel\framework\src\Illuminate\Database\Connection.php:523
at vendor\laravel\framework\src\Illuminate\Database\Query\Processors\Processor.php:32
at vendor\laravel\framework\src\Illuminate\Database\Query\Builder.php:3853
at vendor\laravel\framework\src\Illuminate\Database\Eloquent\Builder.php:2235
at vendor\laravel\framework\src\Illuminate\Database\Eloquent\Model.php:1436
at vendor\laravel\framework\src\Illuminate\Database\Eloquent\Model.php:1401
at vendor\laravel\framework\src\Illuminate\Database\Eloquent\Model.php:1240
at vendor\laravel\framework\src\Illuminate\Database\Eloquent\Factories\Factory.php:370
at vendor\laravel\framework\src\Illuminate\Collections\Traits\EnumeratesValues.php:271
at vendor\laravel\framework\src\Illuminate\Database\Eloquent\Factories\Factory.php:365
at vendor\laravel\framework\src\Illuminate\Database\Eloquent\Factories\Factory.php:321
at vendor\laravel\framework\src\Illuminate\Database\Eloquent\Factories\Factory.php:315
at tests\Browser\PaymentResourceBrowserTest.php:43</error>
        </testcase>
        <testcase name="it can process refund as admin" file="tests\Browser\PaymentResourceBrowserTest.php::it can process refund as admin" class="Tests\Browser\PaymentResourceBrowserTest" classname="Tests.Browser.PaymentResourceBrowserTest" assertions="0" time="0.000000">
          <error type="Illuminate\Database\QueryException">it can process refund as adminIlluminate\Database\QueryException: SQLSTATE[23000]: Integrity constraint violation: 19 CHECK constraint failed: payment_method (Connection: sqlite, SQL: insert into "car_rental_payments" ("booking_id", "amount", "payment_method", "payment_status", "transaction_id", "processed_at", "gateway_response", "refunded_at", "refund_amount", "updated_at", "created_at") values (1, 300, credit_card, confirmed, TXN123456, 2025-09-12 23:31:22, {"gateway":"square","response_code":"200","message":"Payment processed successfully","reference_id":"REF-5u8w1i3x"}, ?, 0, 2025-09-24 12:13:39, 2025-09-24 12:13:39))&#13;
at vendor\laravel\framework\src\Illuminate\Database\Connection.php:570
at vendor\laravel\framework\src\Illuminate\Database\Connection.php:811
at vendor\laravel\framework\src\Illuminate\Database\Connection.php:778
at vendor\laravel\framework\src\Illuminate\Database\Connection.php:559
at vendor\laravel\framework\src\Illuminate\Database\Connection.php:523
at vendor\laravel\framework\src\Illuminate\Database\Query\Processors\Processor.php:32
at vendor\laravel\framework\src\Illuminate\Database\Query\Builder.php:3853
at vendor\laravel\framework\src\Illuminate\Database\Eloquent\Builder.php:2235
at vendor\laravel\framework\src\Illuminate\Database\Eloquent\Model.php:1436
at vendor\laravel\framework\src\Illuminate\Database\Eloquent\Model.php:1401
at vendor\laravel\framework\src\Illuminate\Database\Eloquent\Model.php:1240
at vendor\laravel\framework\src\Illuminate\Database\Eloquent\Factories\Factory.php:370
at vendor\laravel\framework\src\Illuminate\Collections\Traits\EnumeratesValues.php:271
at vendor\laravel\framework\src\Illuminate\Database\Eloquent\Factories\Factory.php:365
at vendor\laravel\framework\src\Illuminate\Database\Eloquent\Factories\Factory.php:321
at vendor\laravel\framework\src\Illuminate\Database\Eloquent\Factories\Factory.php:315
at tests\Browser\PaymentResourceBrowserTest.php:43
Caused by
PDOException: SQLSTATE[23000]: Integrity constraint violation: 19 CHECK constraint failed: payment_method

at vendor\laravel\framework\src\Illuminate\Database\Connection.php:570
at vendor\laravel\framework\src\Illuminate\Database\Connection.php:811
at vendor\laravel\framework\src\Illuminate\Database\Connection.php:778
at vendor\laravel\framework\src\Illuminate\Database\Connection.php:559
at vendor\laravel\framework\src\Illuminate\Database\Connection.php:523
at vendor\laravel\framework\src\Illuminate\Database\Query\Processors\Processor.php:32
at vendor\laravel\framework\src\Illuminate\Database\Query\Builder.php:3853
at vendor\laravel\framework\src\Illuminate\Database\Eloquent\Builder.php:2235
at vendor\laravel\framework\src\Illuminate\Database\Eloquent\Model.php:1436
at vendor\laravel\framework\src\Illuminate\Database\Eloquent\Model.php:1401
at vendor\laravel\framework\src\Illuminate\Database\Eloquent\Model.php:1240
at vendor\laravel\framework\src\Illuminate\Database\Eloquent\Factories\Factory.php:370
at vendor\laravel\framework\src\Illuminate\Collections\Traits\EnumeratesValues.php:271
at vendor\laravel\framework\src\Illuminate\Database\Eloquent\Factories\Factory.php:365
at vendor\laravel\framework\src\Illuminate\Database\Eloquent\Factories\Factory.php:321
at vendor\laravel\framework\src\Illuminate\Database\Eloquent\Factories\Factory.php:315
at tests\Browser\PaymentResourceBrowserTest.php:43</error>
        </testcase>
        <testcase name="it can update payment status as admin" file="tests\Browser\PaymentResourceBrowserTest.php::it can update payment status as admin" class="Tests\Browser\PaymentResourceBrowserTest" classname="Tests.Browser.PaymentResourceBrowserTest" assertions="0" time="0.000000">
          <error type="Illuminate\Database\QueryException">it can update payment status as adminIlluminate\Database\QueryException: SQLSTATE[23000]: Integrity constraint violation: 19 CHECK constraint failed: payment_method (Connection: sqlite, SQL: insert into "car_rental_payments" ("booking_id", "amount", "payment_method", "payment_status", "transaction_id", "processed_at", "gateway_response", "refunded_at", "refund_amount", "updated_at", "created_at") values (1, 300, credit_card, confirmed, TXN123456, ?, {"gateway":"square","response_code":"403","message":"Invalid card details","reference_id":"REF-2g1l2c2t"}, ?, 0, 2025-09-24 12:13:39, 2025-09-24 12:13:39))&#13;
at vendor\laravel\framework\src\Illuminate\Database\Connection.php:570
at vendor\laravel\framework\src\Illuminate\Database\Connection.php:811
at vendor\laravel\framework\src\Illuminate\Database\Connection.php:778
at vendor\laravel\framework\src\Illuminate\Database\Connection.php:559
at vendor\laravel\framework\src\Illuminate\Database\Connection.php:523
at vendor\laravel\framework\src\Illuminate\Database\Query\Processors\Processor.php:32
at vendor\laravel\framework\src\Illuminate\Database\Query\Builder.php:3853
at vendor\laravel\framework\src\Illuminate\Database\Eloquent\Builder.php:2235
at vendor\laravel\framework\src\Illuminate\Database\Eloquent\Model.php:1436
at vendor\laravel\framework\src\Illuminate\Database\Eloquent\Model.php:1401
at vendor\laravel\framework\src\Illuminate\Database\Eloquent\Model.php:1240
at vendor\laravel\framework\src\Illuminate\Database\Eloquent\Factories\Factory.php:370
at vendor\laravel\framework\src\Illuminate\Collections\Traits\EnumeratesValues.php:271
at vendor\laravel\framework\src\Illuminate\Database\Eloquent\Factories\Factory.php:365
at vendor\laravel\framework\src\Illuminate\Database\Eloquent\Factories\Factory.php:321
at vendor\laravel\framework\src\Illuminate\Database\Eloquent\Factories\Factory.php:315
at tests\Browser\PaymentResourceBrowserTest.php:43
Caused by
PDOException: SQLSTATE[23000]: Integrity constraint violation: 19 CHECK constraint failed: payment_method

at vendor\laravel\framework\src\Illuminate\Database\Connection.php:570
at vendor\laravel\framework\src\Illuminate\Database\Connection.php:811
at vendor\laravel\framework\src\Illuminate\Database\Connection.php:778
at vendor\laravel\framework\src\Illuminate\Database\Connection.php:559
at vendor\laravel\framework\src\Illuminate\Database\Connection.php:523
at vendor\laravel\framework\src\Illuminate\Database\Query\Processors\Processor.php:32
at vendor\laravel\framework\src\Illuminate\Database\Query\Builder.php:3853
at vendor\laravel\framework\src\Illuminate\Database\Eloquent\Builder.php:2235
at vendor\laravel\framework\src\Illuminate\Database\Eloquent\Model.php:1436
at vendor\laravel\framework\src\Illuminate\Database\Eloquent\Model.php:1401
at vendor\laravel\framework\src\Illuminate\Database\Eloquent\Model.php:1240
at vendor\laravel\framework\src\Illuminate\Database\Eloquent\Factories\Factory.php:370
at vendor\laravel\framework\src\Illuminate\Collections\Traits\EnumeratesValues.php:271
at vendor\laravel\framework\src\Illuminate\Database\Eloquent\Factories\Factory.php:365
at vendor\laravel\framework\src\Illuminate\Database\Eloquent\Factories\Factory.php:321
at vendor\laravel\framework\src\Illuminate\Database\Eloquent\Factories\Factory.php:315
at tests\Browser\PaymentResourceBrowserTest.php:43</error>
        </testcase>
        <testcase name="it can view payment details as admin" file="tests\Browser\PaymentResourceBrowserTest.php::it can view payment details as admin" class="Tests\Browser\PaymentResourceBrowserTest" classname="Tests.Browser.PaymentResourceBrowserTest" assertions="0" time="0.000000">
          <error type="Illuminate\Database\QueryException">it can view payment details as adminIlluminate\Database\QueryException: SQLSTATE[23000]: Integrity constraint violation: 19 CHECK constraint failed: payment_method (Connection: sqlite, SQL: insert into "car_rental_payments" ("booking_id", "amount", "payment_method", "payment_status", "transaction_id", "processed_at", "gateway_response", "refunded_at", "refund_amount", "updated_at", "created_at") values (1, 300, credit_card, confirmed, TXN123456, ?, {"gateway":"paypal","response_code":"403","message":"Invalid card details","reference_id":"REF-1w1u2n3c"}, ?, 0, 2025-09-24 12:13:40, 2025-09-24 12:13:40))&#13;
at vendor\laravel\framework\src\Illuminate\Database\Connection.php:570
at vendor\laravel\framework\src\Illuminate\Database\Connection.php:811
at vendor\laravel\framework\src\Illuminate\Database\Connection.php:778
at vendor\laravel\framework\src\Illuminate\Database\Connection.php:559
at vendor\laravel\framework\src\Illuminate\Database\Connection.php:523
at vendor\laravel\framework\src\Illuminate\Database\Query\Processors\Processor.php:32
at vendor\laravel\framework\src\Illuminate\Database\Query\Builder.php:3853
at vendor\laravel\framework\src\Illuminate\Database\Eloquent\Builder.php:2235
at vendor\laravel\framework\src\Illuminate\Database\Eloquent\Model.php:1436
at vendor\laravel\framework\src\Illuminate\Database\Eloquent\Model.php:1401
at vendor\laravel\framework\src\Illuminate\Database\Eloquent\Model.php:1240
at vendor\laravel\framework\src\Illuminate\Database\Eloquent\Factories\Factory.php:370
at vendor\laravel\framework\src\Illuminate\Collections\Traits\EnumeratesValues.php:271
at vendor\laravel\framework\src\Illuminate\Database\Eloquent\Factories\Factory.php:365
at vendor\laravel\framework\src\Illuminate\Database\Eloquent\Factories\Factory.php:321
at vendor\laravel\framework\src\Illuminate\Database\Eloquent\Factories\Factory.php:315
at tests\Browser\PaymentResourceBrowserTest.php:43
Caused by
PDOException: SQLSTATE[23000]: Integrity constraint violation: 19 CHECK constraint failed: payment_method

at vendor\laravel\framework\src\Illuminate\Database\Connection.php:570
at vendor\laravel\framework\src\Illuminate\Database\Connection.php:811
at vendor\laravel\framework\src\Illuminate\Database\Connection.php:778
at vendor\laravel\framework\src\Illuminate\Database\Connection.php:559
at vendor\laravel\framework\src\Illuminate\Database\Connection.php:523
at vendor\laravel\framework\src\Illuminate\Database\Query\Processors\Processor.php:32
at vendor\laravel\framework\src\Illuminate\Database\Query\Builder.php:3853
at vendor\laravel\framework\src\Illuminate\Database\Eloquent\Builder.php:2235
at vendor\laravel\framework\src\Illuminate\Database\Eloquent\Model.php:1436
at vendor\laravel\framework\src\Illuminate\Database\Eloquent\Model.php:1401
at vendor\laravel\framework\src\Illuminate\Database\Eloquent\Model.php:1240
at vendor\laravel\framework\src\Illuminate\Database\Eloquent\Factories\Factory.php:370
at vendor\laravel\framework\src\Illuminate\Collections\Traits\EnumeratesValues.php:271
at vendor\laravel\framework\src\Illuminate\Database\Eloquent\Factories\Factory.php:365
at vendor\laravel\framework\src\Illuminate\Database\Eloquent\Factories\Factory.php:321
at vendor\laravel\framework\src\Illuminate\Database\Eloquent\Factories\Factory.php:315
at tests\Browser\PaymentResourceBrowserTest.php:43</error>
        </testcase>
        <testcase name="it shows payment statistics correctly" file="tests\Browser\PaymentResourceBrowserTest.php::it shows payment statistics correctly" class="Tests\Browser\PaymentResourceBrowserTest" classname="Tests.Browser.PaymentResourceBrowserTest" assertions="0" time="0.000000">
          <error type="Illuminate\Database\QueryException">it shows payment statistics correctlyIlluminate\Database\QueryException: SQLSTATE[23000]: Integrity constraint violation: 19 CHECK constraint failed: payment_method (Connection: sqlite, SQL: insert into "car_rental_payments" ("booking_id", "amount", "payment_method", "payment_status", "transaction_id", "processed_at", "gateway_response", "refunded_at", "refund_amount", "updated_at", "created_at") values (1, 300, credit_card, confirmed, TXN123456, ?, {"gateway":"square","response_code":"400","message":"Card declined","reference_id":"REF-1n8i2k3m"}, ?, 0, 2025-09-24 12:13:42, 2025-09-24 12:13:42))&#13;
at vendor\laravel\framework\src\Illuminate\Database\Connection.php:570
at vendor\laravel\framework\src\Illuminate\Database\Connection.php:811
at vendor\laravel\framework\src\Illuminate\Database\Connection.php:778
at vendor\laravel\framework\src\Illuminate\Database\Connection.php:559
at vendor\laravel\framework\src\Illuminate\Database\Connection.php:523
at vendor\laravel\framework\src\Illuminate\Database\Query\Processors\Processor.php:32
at vendor\laravel\framework\src\Illuminate\Database\Query\Builder.php:3853
at vendor\laravel\framework\src\Illuminate\Database\Eloquent\Builder.php:2235
at vendor\laravel\framework\src\Illuminate\Database\Eloquent\Model.php:1436
at vendor\laravel\framework\src\Illuminate\Database\Eloquent\Model.php:1401
at vendor\laravel\framework\src\Illuminate\Database\Eloquent\Model.php:1240
at vendor\laravel\framework\src\Illuminate\Database\Eloquent\Factories\Factory.php:370
at vendor\laravel\framework\src\Illuminate\Collections\Traits\EnumeratesValues.php:271
at vendor\laravel\framework\src\Illuminate\Database\Eloquent\Factories\Factory.php:365
at vendor\laravel\framework\src\Illuminate\Database\Eloquent\Factories\Factory.php:321
at vendor\laravel\framework\src\Illuminate\Database\Eloquent\Factories\Factory.php:315
at tests\Browser\PaymentResourceBrowserTest.php:43
Caused by
PDOException: SQLSTATE[23000]: Integrity constraint violation: 19 CHECK constraint failed: payment_method

at vendor\laravel\framework\src\Illuminate\Database\Connection.php:570
at vendor\laravel\framework\src\Illuminate\Database\Connection.php:811
at vendor\laravel\framework\src\Illuminate\Database\Connection.php:778
at vendor\laravel\framework\src\Illuminate\Database\Connection.php:559
at vendor\laravel\framework\src\Illuminate\Database\Connection.php:523
at vendor\laravel\framework\src\Illuminate\Database\Query\Processors\Processor.php:32
at vendor\laravel\framework\src\Illuminate\Database\Query\Builder.php:3853
at vendor\laravel\framework\src\Illuminate\Database\Eloquent\Builder.php:2235
at vendor\laravel\framework\src\Illuminate\Database\Eloquent\Model.php:1436
at vendor\laravel\framework\src\Illuminate\Database\Eloquent\Model.php:1401
at vendor\laravel\framework\src\Illuminate\Database\Eloquent\Model.php:1240
at vendor\laravel\framework\src\Illuminate\Database\Eloquent\Factories\Factory.php:370
at vendor\laravel\framework\src\Illuminate\Collections\Traits\EnumeratesValues.php:271
at vendor\laravel\framework\src\Illuminate\Database\Eloquent\Factories\Factory.php:365
at vendor\laravel\framework\src\Illuminate\Database\Eloquent\Factories\Factory.php:321
at vendor\laravel\framework\src\Illuminate\Database\Eloquent\Factories\Factory.php:315
at tests\Browser\PaymentResourceBrowserTest.php:43</error>
        </testcase>
        <testcase name="it can bulk update payment status as admin" file="tests\Browser\PaymentResourceBrowserTest.php::it can bulk update payment status as admin" class="Tests\Browser\PaymentResourceBrowserTest" classname="Tests.Browser.PaymentResourceBrowserTest" assertions="0" time="0.000000">
          <error type="Illuminate\Database\QueryException">it can bulk update payment status as adminIlluminate\Database\QueryException: SQLSTATE[23000]: Integrity constraint violation: 19 CHECK constraint failed: payment_method (Connection: sqlite, SQL: insert into "car_rental_payments" ("booking_id", "amount", "payment_method", "payment_status", "transaction_id", "processed_at", "gateway_response", "refunded_at", "refund_amount", "updated_at", "created_at") values (1, 300, credit_card, confirmed, TXN123456, ?, {"gateway":"stripe","response_code":"400","message":"Bank processing error","reference_id":"REF-4c3n4l6u"}, ?, 0, 2025-09-24 12:13:43, 2025-09-24 12:13:43))&#13;
at vendor\laravel\framework\src\Illuminate\Database\Connection.php:570
at vendor\laravel\framework\src\Illuminate\Database\Connection.php:811
at vendor\laravel\framework\src\Illuminate\Database\Connection.php:778
at vendor\laravel\framework\src\Illuminate\Database\Connection.php:559
at vendor\laravel\framework\src\Illuminate\Database\Connection.php:523
at vendor\laravel\framework\src\Illuminate\Database\Query\Processors\Processor.php:32
at vendor\laravel\framework\src\Illuminate\Database\Query\Builder.php:3853
at vendor\laravel\framework\src\Illuminate\Database\Eloquent\Builder.php:2235
at vendor\laravel\framework\src\Illuminate\Database\Eloquent\Model.php:1436
at vendor\laravel\framework\src\Illuminate\Database\Eloquent\Model.php:1401
at vendor\laravel\framework\src\Illuminate\Database\Eloquent\Model.php:1240
at vendor\laravel\framework\src\Illuminate\Database\Eloquent\Factories\Factory.php:370
at vendor\laravel\framework\src\Illuminate\Collections\Traits\EnumeratesValues.php:271
at vendor\laravel\framework\src\Illuminate\Database\Eloquent\Factories\Factory.php:365
at vendor\laravel\framework\src\Illuminate\Database\Eloquent\Factories\Factory.php:321
at vendor\laravel\framework\src\Illuminate\Database\Eloquent\Factories\Factory.php:315
at tests\Browser\PaymentResourceBrowserTest.php:43
Caused by
PDOException: SQLSTATE[23000]: Integrity constraint violation: 19 CHECK constraint failed: payment_method

at vendor\laravel\framework\src\Illuminate\Database\Connection.php:570
at vendor\laravel\framework\src\Illuminate\Database\Connection.php:811
at vendor\laravel\framework\src\Illuminate\Database\Connection.php:778
at vendor\laravel\framework\src\Illuminate\Database\Connection.php:559
at vendor\laravel\framework\src\Illuminate\Database\Connection.php:523
at vendor\laravel\framework\src\Illuminate\Database\Query\Processors\Processor.php:32
at vendor\laravel\framework\src\Illuminate\Database\Query\Builder.php:3853
at vendor\laravel\framework\src\Illuminate\Database\Eloquent\Builder.php:2235
at vendor\laravel\framework\src\Illuminate\Database\Eloquent\Model.php:1436
at vendor\laravel\framework\src\Illuminate\Database\Eloquent\Model.php:1401
at vendor\laravel\framework\src\Illuminate\Database\Eloquent\Model.php:1240
at vendor\laravel\framework\src\Illuminate\Database\Eloquent\Factories\Factory.php:370
at vendor\laravel\framework\src\Illuminate\Collections\Traits\EnumeratesValues.php:271
at vendor\laravel\framework\src\Illuminate\Database\Eloquent\Factories\Factory.php:365
at vendor\laravel\framework\src\Illuminate\Database\Eloquent\Factories\Factory.php:321
at vendor\laravel\framework\src\Illuminate\Database\Eloquent\Factories\Factory.php:315
at tests\Browser\PaymentResourceBrowserTest.php:43</error>
        </testcase>
        <testcase name="it can list payments as admin" file="tests\Browser\PaymentResourceBrowserTest.php::it can list payments as admin" class="Tests\Browser\PaymentResourceBrowserTest" classname="Tests.Browser.PaymentResourceBrowserTest" assertions="0" time="0.000000">
          <error type="Illuminate\Database\QueryException">it can list payments as adminIlluminate\Database\QueryException: SQLSTATE[23000]: Integrity constraint violation: 19 CHECK constraint failed: payment_method (Connection: sqlite, SQL: insert into "car_rental_payments" ("booking_id", "amount", "payment_method", "payment_status", "transaction_id", "processed_at", "gateway_response", "refunded_at", "refund_amount", "updated_at", "created_at") values (1, 300, credit_card, confirmed, TXN123456, ?, {"gateway":"square","response_code":"500","message":"Security check failed","reference_id":"REF-0m7f0f5x"}, ?, 0, 2025-09-24 12:13:44, 2025-09-24 12:13:44))&#13;
at vendor\laravel\framework\src\Illuminate\Database\Connection.php:570
at vendor\laravel\framework\src\Illuminate\Database\Connection.php:811
at vendor\laravel\framework\src\Illuminate\Database\Connection.php:778
at vendor\laravel\framework\src\Illuminate\Database\Connection.php:559
at vendor\laravel\framework\src\Illuminate\Database\Connection.php:523
at vendor\laravel\framework\src\Illuminate\Database\Query\Processors\Processor.php:32
at vendor\laravel\framework\src\Illuminate\Database\Query\Builder.php:3853
at vendor\laravel\framework\src\Illuminate\Database\Eloquent\Builder.php:2235
at vendor\laravel\framework\src\Illuminate\Database\Eloquent\Model.php:1436
at vendor\laravel\framework\src\Illuminate\Database\Eloquent\Model.php:1401
at vendor\laravel\framework\src\Illuminate\Database\Eloquent\Model.php:1240
at vendor\laravel\framework\src\Illuminate\Database\Eloquent\Factories\Factory.php:370
at vendor\laravel\framework\src\Illuminate\Collections\Traits\EnumeratesValues.php:271
at vendor\laravel\framework\src\Illuminate\Database\Eloquent\Factories\Factory.php:365
at vendor\laravel\framework\src\Illuminate\Database\Eloquent\Factories\Factory.php:321
at vendor\laravel\framework\src\Illuminate\Database\Eloquent\Factories\Factory.php:315
at tests\Browser\PaymentResourceBrowserTest.php:43
Caused by
PDOException: SQLSTATE[23000]: Integrity constraint violation: 19 CHECK constraint failed: payment_method

at vendor\laravel\framework\src\Illuminate\Database\Connection.php:570
at vendor\laravel\framework\src\Illuminate\Database\Connection.php:811
at vendor\laravel\framework\src\Illuminate\Database\Connection.php:778
at vendor\laravel\framework\src\Illuminate\Database\Connection.php:559
at vendor\laravel\framework\src\Illuminate\Database\Connection.php:523
at vendor\laravel\framework\src\Illuminate\Database\Query\Processors\Processor.php:32
at vendor\laravel\framework\src\Illuminate\Database\Query\Builder.php:3853
at vendor\laravel\framework\src\Illuminate\Database\Eloquent\Builder.php:2235
at vendor\laravel\framework\src\Illuminate\Database\Eloquent\Model.php:1436
at vendor\laravel\framework\src\Illuminate\Database\Eloquent\Model.php:1401
at vendor\laravel\framework\src\Illuminate\Database\Eloquent\Model.php:1240
at vendor\laravel\framework\src\Illuminate\Database\Eloquent\Factories\Factory.php:370
at vendor\laravel\framework\src\Illuminate\Collections\Traits\EnumeratesValues.php:271
at vendor\laravel\framework\src\Illuminate\Database\Eloquent\Factories\Factory.php:365
at vendor\laravel\framework\src\Illuminate\Database\Eloquent\Factories\Factory.php:321
at vendor\laravel\framework\src\Illuminate\Database\Eloquent\Factories\Factory.php:315
at tests\Browser\PaymentResourceBrowserTest.php:43</error>
        </testcase>
        <testcase name="it owner can only see payments for their vehicles" file="tests\Browser\PaymentResourceBrowserTest.php::it owner can only see payments for their vehicles" class="Tests\Browser\PaymentResourceBrowserTest" classname="Tests.Browser.PaymentResourceBrowserTest" assertions="0" time="0.000000">
          <error type="Illuminate\Database\QueryException">it owner can only see payments for their vehiclesIlluminate\Database\QueryException: SQLSTATE[23000]: Integrity constraint violation: 19 CHECK constraint failed: payment_method (Connection: sqlite, SQL: insert into "car_rental_payments" ("booking_id", "amount", "payment_method", "payment_status", "transaction_id", "processed_at", "gateway_response", "refunded_at", "refund_amount", "updated_at", "created_at") values (1, 300, credit_card, confirmed, TXN123456, ?, {"gateway":"stripe","response_code":"402","message":"Security check failed","reference_id":"REF-7m9s3o6f"}, ?, 0, 2025-09-24 12:13:44, 2025-09-24 12:13:44))&#13;
at vendor\laravel\framework\src\Illuminate\Database\Connection.php:570
at vendor\laravel\framework\src\Illuminate\Database\Connection.php:811
at vendor\laravel\framework\src\Illuminate\Database\Connection.php:778
at vendor\laravel\framework\src\Illuminate\Database\Connection.php:559
at vendor\laravel\framework\src\Illuminate\Database\Connection.php:523
at vendor\laravel\framework\src\Illuminate\Database\Query\Processors\Processor.php:32
at vendor\laravel\framework\src\Illuminate\Database\Query\Builder.php:3853
at vendor\laravel\framework\src\Illuminate\Database\Eloquent\Builder.php:2235
at vendor\laravel\framework\src\Illuminate\Database\Eloquent\Model.php:1436
at vendor\laravel\framework\src\Illuminate\Database\Eloquent\Model.php:1401
at vendor\laravel\framework\src\Illuminate\Database\Eloquent\Model.php:1240
at vendor\laravel\framework\src\Illuminate\Database\Eloquent\Factories\Factory.php:370
at vendor\laravel\framework\src\Illuminate\Collections\Traits\EnumeratesValues.php:271
at vendor\laravel\framework\src\Illuminate\Database\Eloquent\Factories\Factory.php:365
at vendor\laravel\framework\src\Illuminate\Database\Eloquent\Factories\Factory.php:321
at vendor\laravel\framework\src\Illuminate\Database\Eloquent\Factories\Factory.php:315
at tests\Browser\PaymentResourceBrowserTest.php:43
Caused by
PDOException: SQLSTATE[23000]: Integrity constraint violation: 19 CHECK constraint failed: payment_method

at vendor\laravel\framework\src\Illuminate\Database\Connection.php:570
at vendor\laravel\framework\src\Illuminate\Database\Connection.php:811
at vendor\laravel\framework\src\Illuminate\Database\Connection.php:778
at vendor\laravel\framework\src\Illuminate\Database\Connection.php:559
at vendor\laravel\framework\src\Illuminate\Database\Connection.php:523
at vendor\laravel\framework\src\Illuminate\Database\Query\Processors\Processor.php:32
at vendor\laravel\framework\src\Illuminate\Database\Query\Builder.php:3853
at vendor\laravel\framework\src\Illuminate\Database\Eloquent\Builder.php:2235
at vendor\laravel\framework\src\Illuminate\Database\Eloquent\Model.php:1436
at vendor\laravel\framework\src\Illuminate\Database\Eloquent\Model.php:1401
at vendor\laravel\framework\src\Illuminate\Database\Eloquent\Model.php:1240
at vendor\laravel\framework\src\Illuminate\Database\Eloquent\Factories\Factory.php:370
at vendor\laravel\framework\src\Illuminate\Collections\Traits\EnumeratesValues.php:271
at vendor\laravel\framework\src\Illuminate\Database\Eloquent\Factories\Factory.php:365
at vendor\laravel\framework\src\Illuminate\Database\Eloquent\Factories\Factory.php:321
at vendor\laravel\framework\src\Illuminate\Database\Eloquent\Factories\Factory.php:315
at tests\Browser\PaymentResourceBrowserTest.php:43</error>
        </testcase>
        <testcase name="it can filter payments by method" file="tests\Browser\PaymentResourceBrowserTest.php::it can filter payments by method" class="Tests\Browser\PaymentResourceBrowserTest" classname="Tests.Browser.PaymentResourceBrowserTest" assertions="0" time="0.000000">
          <error type="Illuminate\Database\QueryException">it can filter payments by methodIlluminate\Database\QueryException: SQLSTATE[23000]: Integrity constraint violation: 19 CHECK constraint failed: payment_method (Connection: sqlite, SQL: insert into "car_rental_payments" ("booking_id", "amount", "payment_method", "payment_status", "transaction_id", "processed_at", "gateway_response", "refunded_at", "refund_amount", "updated_at", "created_at") values (1, 300, credit_card, confirmed, TXN123456, ?, {"gateway":"paypal","response_code":"403","message":"Card declined","reference_id":"REF-1l3x7p0c"}, ?, 0, 2025-09-24 12:13:44, 2025-09-24 12:13:44))&#13;
at vendor\laravel\framework\src\Illuminate\Database\Connection.php:570
at vendor\laravel\framework\src\Illuminate\Database\Connection.php:811
at vendor\laravel\framework\src\Illuminate\Database\Connection.php:778
at vendor\laravel\framework\src\Illuminate\Database\Connection.php:559
at vendor\laravel\framework\src\Illuminate\Database\Connection.php:523
at vendor\laravel\framework\src\Illuminate\Database\Query\Processors\Processor.php:32
at vendor\laravel\framework\src\Illuminate\Database\Query\Builder.php:3853
at vendor\laravel\framework\src\Illuminate\Database\Eloquent\Builder.php:2235
at vendor\laravel\framework\src\Illuminate\Database\Eloquent\Model.php:1436
at vendor\laravel\framework\src\Illuminate\Database\Eloquent\Model.php:1401
at vendor\laravel\framework\src\Illuminate\Database\Eloquent\Model.php:1240
at vendor\laravel\framework\src\Illuminate\Database\Eloquent\Factories\Factory.php:370
at vendor\laravel\framework\src\Illuminate\Collections\Traits\EnumeratesValues.php:271
at vendor\laravel\framework\src\Illuminate\Database\Eloquent\Factories\Factory.php:365
at vendor\laravel\framework\src\Illuminate\Database\Eloquent\Factories\Factory.php:321
at vendor\laravel\framework\src\Illuminate\Database\Eloquent\Factories\Factory.php:315
at tests\Browser\PaymentResourceBrowserTest.php:43
Caused by
PDOException: SQLSTATE[23000]: Integrity constraint violation: 19 CHECK constraint failed: payment_method

at vendor\laravel\framework\src\Illuminate\Database\Connection.php:570
at vendor\laravel\framework\src\Illuminate\Database\Connection.php:811
at vendor\laravel\framework\src\Illuminate\Database\Connection.php:778
at vendor\laravel\framework\src\Illuminate\Database\Connection.php:559
at vendor\laravel\framework\src\Illuminate\Database\Connection.php:523
at vendor\laravel\framework\src\Illuminate\Database\Query\Processors\Processor.php:32
at vendor\laravel\framework\src\Illuminate\Database\Query\Builder.php:3853
at vendor\laravel\framework\src\Illuminate\Database\Eloquent\Builder.php:2235
at vendor\laravel\framework\src\Illuminate\Database\Eloquent\Model.php:1436
at vendor\laravel\framework\src\Illuminate\Database\Eloquent\Model.php:1401
at vendor\laravel\framework\src\Illuminate\Database\Eloquent\Model.php:1240
at vendor\laravel\framework\src\Illuminate\Database\Eloquent\Factories\Factory.php:370
at vendor\laravel\framework\src\Illuminate\Collections\Traits\EnumeratesValues.php:271
at vendor\laravel\framework\src\Illuminate\Database\Eloquent\Factories\Factory.php:365
at vendor\laravel\framework\src\Illuminate\Database\Eloquent\Factories\Factory.php:321
at vendor\laravel\framework\src\Illuminate\Database\Eloquent\Factories\Factory.php:315
at tests\Browser\PaymentResourceBrowserTest.php:43</error>
        </testcase>
      </testsuite>
      <testsuite name="Tests\Browser\UserAuthenticationTest" file="tests\Browser\UserAuthenticationTest.php" tests="31" assertions="0" errors="31" failures="0" skipped="0" time="4.288851">
        <testcase name="`User Authentication Browser Tests` → `Password Reset Process` → it can request password reset" file="tests\Browser\UserAuthenticationTest.php::`User Authentication Browser Tests` → `Password Reset Process` → it can request password reset" class="Tests\Browser\UserAuthenticationTest" classname="Tests.Browser.UserAuthenticationTest" assertions="0" time="0.292823">
          <error type="Error">`User Authentication Browser Tests` → `Password Reset Process` → it can request password resetError: Call to undefined function browse()&#13;
at tests\Browser\UserAuthenticationTest.php:157</error>
        </testcase>
        <testcase name="`User Authentication Browser Tests` → `Mobile Authentication Experience` → it handles mobile registration flow" file="tests\Browser\UserAuthenticationTest.php::`User Authentication Browser Tests` → `Mobile Authentication Experience` → it handles mobile registration flow" class="Tests\Browser\UserAuthenticationTest" classname="Tests.Browser.UserAuthenticationTest" assertions="0" time="0.399072">
          <error type="Error">`User Authentication Browser Tests` → `Mobile Authentication Experience` → it handles mobile registration flowError: Call to undefined function browse()&#13;
at tests\Browser\UserAuthenticationTest.php:462</error>
        </testcase>
        <testcase name="`User Authentication Browser Tests` → `User Logout Process` → it redirects to login when accessing protected routes after logout" file="tests\Browser\UserAuthenticationTest.php::`User Authentication Browser Tests` → `User Logout Process` → it redirects to login when accessing protected routes after logout" class="Tests\Browser\UserAuthenticationTest" classname="Tests.Browser.UserAuthenticationTest" assertions="0" time="0.238318">
          <error type="Error">`User Authentication Browser Tests` → `User Logout Process` → it redirects to login when accessing protected routes after logoutError: Call to undefined function browse()&#13;
at tests\Browser\UserAuthenticationTest.php:272</error>
        </testcase>
        <testcase name="`User Authentication Browser Tests` → `Mobile Authentication Experience` → it displays authentication forms correctly on mobile" file="tests\Browser\UserAuthenticationTest.php::`User Authentication Browser Tests` → `Mobile Authentication Experience` → it displays authentication forms correctly on mobile" class="Tests\Browser\UserAuthenticationTest" classname="Tests.Browser.UserAuthenticationTest" assertions="0" time="0.211490">
          <error type="Error">`User Authentication Browser Tests` → `Mobile Authentication Experience` → it displays authentication forms correctly on mobileError: Call to undefined function browse()&#13;
at tests\Browser\UserAuthenticationTest.php:448</error>
        </testcase>
        <testcase name="`User Authentication Browser Tests` → `Role-Based Access Control` → it redirects users to appropriate dashboard based on role" file="tests\Browser\UserAuthenticationTest.php::`User Authentication Browser Tests` → `Role-Based Access Control` → it redirects users to appropriate dashboard based on role" class="Tests\Browser\UserAuthenticationTest" classname="Tests.Browser.UserAuthenticationTest" assertions="0" time="0.185347">
          <error type="Error">`User Authentication Browser Tests` → `Role-Based Access Control` → it redirects users to appropriate dashboard based on roleError: Call to undefined function browse()&#13;
at tests\Browser\UserAuthenticationTest.php:287</error>
        </testcase>
        <testcase name="`User Authentication Browser Tests` → `User Login Process` → it validates required fields" file="tests\Browser\UserAuthenticationTest.php::`User Authentication Browser Tests` → `User Login Process` → it validates required fields" class="Tests\Browser\UserAuthenticationTest" classname="Tests.Browser.UserAuthenticationTest" assertions="0" time="0.148515">
          <error type="Error">`User Authentication Browser Tests` → `User Login Process` → it validates required fieldsError: Call to undefined function browse()&#13;
at tests\Browser\UserAuthenticationTest.php:54</error>
        </testcase>
        <testcase name="`User Authentication Browser Tests` → `Error Handling and Recovery` → it provides clear error messages for various scenarios" file="tests\Browser\UserAuthenticationTest.php::`User Authentication Browser Tests` → `Error Handling and Recovery` → it provides clear error messages for various scenarios" class="Tests\Browser\UserAuthenticationTest" classname="Tests.Browser.UserAuthenticationTest" assertions="0" time="0.180292">
          <error type="Error">`User Authentication Browser Tests` → `Error Handling and Recovery` → it provides clear error messages for various scenariosError: Call to undefined function browse()&#13;
at tests\Browser\UserAuthenticationTest.php:499</error>
        </testcase>
        <testcase name="`User Authentication Browser Tests` → `Password Reset Process` → it can reset password with valid token" file="tests\Browser\UserAuthenticationTest.php::`User Authentication Browser Tests` → `Password Reset Process` → it can reset password with valid token" class="Tests\Browser\UserAuthenticationTest" classname="Tests.Browser.UserAuthenticationTest" assertions="0" time="0.244428">
          <error type="Error">`User Authentication Browser Tests` → `Password Reset Process` → it can reset password with valid tokenError: Call to undefined function browse()&#13;
at tests\Browser\UserAuthenticationTest.php:190</error>
        </testcase>
        <testcase name="`User Authentication Browser Tests` → `Session Management and Security` → it handles session timeout appropriately" file="tests\Browser\UserAuthenticationTest.php::`User Authentication Browser Tests` → `Session Management and Security` → it handles session timeout appropriately" class="Tests\Browser\UserAuthenticationTest" classname="Tests.Browser.UserAuthenticationTest" assertions="0" time="0.105751">
          <error type="Error">`User Authentication Browser Tests` → `Session Management and Security` → it handles session timeout appropriatelyError: Call to undefined function browse()&#13;
at tests\Browser\UserAuthenticationTest.php:347</error>
        </testcase>
        <testcase name="`User Authentication Browser Tests` → `User Login Process` → it shows error with invalid credentials" file="tests\Browser\UserAuthenticationTest.php::`User Authentication Browser Tests` → `User Login Process` → it shows error with invalid credentials" class="Tests\Browser\UserAuthenticationTest" classname="Tests.Browser.UserAuthenticationTest" assertions="0" time="0.109204">
          <error type="Error">`User Authentication Browser Tests` → `User Login Process` → it shows error with invalid credentialsError: Call to undefined function browse()&#13;
at tests\Browser\UserAuthenticationTest.php:41</error>
        </testcase>
        <testcase name="`User Authentication Browser Tests` → `Session Management and Security` → it prevents CSRF attacks" file="tests\Browser\UserAuthenticationTest.php::`User Authentication Browser Tests` → `Session Management and Security` → it prevents CSRF attacks" class="Tests\Browser\UserAuthenticationTest" classname="Tests.Browser.UserAuthenticationTest" assertions="0" time="0.102092">
          <error type="Error">`User Authentication Browser Tests` → `Session Management and Security` → it prevents CSRF attacksError: Call to undefined function browse()&#13;
at tests\Browser\UserAuthenticationTest.php:363</error>
        </testcase>
        <testcase name="`User Authentication Browser Tests` → `Password Reset Process` → it validates email for password reset" file="tests\Browser\UserAuthenticationTest.php::`User Authentication Browser Tests` → `Password Reset Process` → it validates email for password reset" class="Tests\Browser\UserAuthenticationTest" classname="Tests.Browser.UserAuthenticationTest" assertions="0" time="0.099559">
          <error type="Error">`User Authentication Browser Tests` → `Password Reset Process` → it validates email for password resetError: Call to undefined function browse()&#13;
at tests\Browser\UserAuthenticationTest.php:171</error>
        </testcase>
        <testcase name="`User Authentication Browser Tests` → `User Profile Management` → it can change password" file="tests\Browser\UserAuthenticationTest.php::`User Authentication Browser Tests` → `User Profile Management` → it can change password" class="Tests\Browser\UserAuthenticationTest" classname="Tests.Browser.UserAuthenticationTest" assertions="0" time="0.102097">
          <error type="Error">`User Authentication Browser Tests` → `User Profile Management` → it can change passwordError: Call to undefined function browse()&#13;
at tests\Browser\UserAuthenticationTest.php:419</error>
        </testcase>
        <testcase name="`User Authentication Browser Tests` → `Email Verification Process` → it verifies email with valid verification link" file="tests\Browser\UserAuthenticationTest.php::`User Authentication Browser Tests` → `Email Verification Process` → it verifies email with valid verification link" class="Tests\Browser\UserAuthenticationTest" classname="Tests.Browser.UserAuthenticationTest" assertions="0" time="0.097158">
          <error type="Error">`User Authentication Browser Tests` → `Email Verification Process` → it verifies email with valid verification linkError: Call to undefined function browse()&#13;
at tests\Browser\UserAuthenticationTest.php:247</error>
        </testcase>
        <testcase name="`User Authentication Browser Tests` → `User Registration Process` → it can register a new user account" file="tests\Browser\UserAuthenticationTest.php::`User Authentication Browser Tests` → `User Registration Process` → it can register a new user account" class="Tests\Browser\UserAuthenticationTest" classname="Tests.Browser.UserAuthenticationTest" assertions="0" time="0.092657">
          <error type="Error">`User Authentication Browser Tests` → `User Registration Process` → it can register a new user accountError: Call to undefined function browse()&#13;
at tests\Browser\UserAuthenticationTest.php:85</error>
        </testcase>
        <testcase name="`User Authentication Browser Tests` → `Email Verification Process` → it can resend verification email" file="tests\Browser\UserAuthenticationTest.php::`User Authentication Browser Tests` → `Email Verification Process` → it can resend verification email" class="Tests\Browser\UserAuthenticationTest" classname="Tests.Browser.UserAuthenticationTest" assertions="0" time="0.105623">
          <error type="Error">`User Authentication Browser Tests` → `Email Verification Process` → it can resend verification emailError: Call to undefined function browse()&#13;
at tests\Browser\UserAuthenticationTest.php:229</error>
        </testcase>
        <testcase name="`User Authentication Browser Tests` → `User Registration Process` → it validates registration form fields" file="tests\Browser\UserAuthenticationTest.php::`User Authentication Browser Tests` → `User Registration Process` → it validates registration form fields" class="Tests\Browser\UserAuthenticationTest" classname="Tests.Browser.UserAuthenticationTest" assertions="0" time="0.104871">
          <error type="Error">`User Authentication Browser Tests` → `User Registration Process` → it validates registration form fieldsError: Call to undefined function browse()&#13;
at tests\Browser\UserAuthenticationTest.php:101</error>
        </testcase>
        <testcase name="`User Authentication Browser Tests` → `Role-Based Access Control` → it allows owners to manage their own content only" file="tests\Browser\UserAuthenticationTest.php::`User Authentication Browser Tests` → `Role-Based Access Control` → it allows owners to manage their own content only" class="Tests\Browser\UserAuthenticationTest" classname="Tests.Browser.UserAuthenticationTest" assertions="0" time="0.115126">
          <error type="Error">`User Authentication Browser Tests` → `Role-Based Access Control` → it allows owners to manage their own content onlyError: Call to undefined function browse()&#13;
at tests\Browser\UserAuthenticationTest.php:322</error>
        </testcase>
        <testcase name="`User Authentication Browser Tests` → `Error Handling and Recovery` → it handles server errors gracefully during login" file="tests\Browser\UserAuthenticationTest.php::`User Authentication Browser Tests` → `Error Handling and Recovery` → it handles server errors gracefully during login" class="Tests\Browser\UserAuthenticationTest" classname="Tests.Browser.UserAuthenticationTest" assertions="0" time="0.103990">
          <error type="Error">`User Authentication Browser Tests` → `Error Handling and Recovery` → it handles server errors gracefully during loginError: Call to undefined function browse()&#13;
at tests\Browser\UserAuthenticationTest.php:480</error>
        </testcase>
        <testcase name="`User Authentication Browser Tests` → `User Profile Management` → it can access and update user profile" file="tests\Browser\UserAuthenticationTest.php::`User Authentication Browser Tests` → `User Profile Management` → it can access and update user profile" class="Tests\Browser\UserAuthenticationTest" classname="Tests.Browser.UserAuthenticationTest" assertions="0" time="0.101535">
          <error type="Error">`User Authentication Browser Tests` → `User Profile Management` → it can access and update user profileError: Call to undefined function browse()&#13;
at tests\Browser\UserAuthenticationTest.php:401</error>
        </testcase>
        <testcase name="`User Authentication Browser Tests` → `User Logout Process` → it can logout successfully" file="tests\Browser\UserAuthenticationTest.php::`User Authentication Browser Tests` → `User Logout Process` → it can logout successfully" class="Tests\Browser\UserAuthenticationTest" classname="Tests.Browser.UserAuthenticationTest" assertions="0" time="0.091159">
          <error type="Error">`User Authentication Browser Tests` → `User Logout Process` → it can logout successfullyError: Call to undefined function browse()&#13;
at tests\Browser\UserAuthenticationTest.php:258</error>
        </testcase>
        <testcase name="`User Authentication Browser Tests` → `User Profile Management` → it validates current password when changing password" file="tests\Browser\UserAuthenticationTest.php::`User Authentication Browser Tests` → `User Profile Management` → it validates current password when changing password" class="Tests\Browser\UserAuthenticationTest" classname="Tests.Browser.UserAuthenticationTest" assertions="0" time="0.123602">
          <error type="Error">`User Authentication Browser Tests` → `User Profile Management` → it validates current password when changing passwordError: Call to undefined function browse()&#13;
at tests\Browser\UserAuthenticationTest.php:432</error>
        </testcase>
        <testcase name="`User Authentication Browser Tests` → `User Registration Process` → it can register with different user roles" file="tests\Browser\UserAuthenticationTest.php::`User Authentication Browser Tests` → `User Registration Process` → it can register with different user roles" class="Tests\Browser\UserAuthenticationTest" classname="Tests.Browser.UserAuthenticationTest" assertions="0" time="0.100003">
          <error type="Error">`User Authentication Browser Tests` → `User Registration Process` → it can register with different user rolesError: Call to undefined function browse()&#13;
at tests\Browser\UserAuthenticationTest.php:140</error>
        </testcase>
        <testcase name="`User Authentication Browser Tests` → `User Login Process` → it can login with remember me option" file="tests\Browser\UserAuthenticationTest.php::`User Authentication Browser Tests` → `User Login Process` → it can login with remember me option" class="Tests\Browser\UserAuthenticationTest" classname="Tests.Browser.UserAuthenticationTest" assertions="0" time="0.104284">
          <error type="Error">`User Authentication Browser Tests` → `User Login Process` → it can login with remember me optionError: Call to undefined function browse()&#13;
at tests\Browser\UserAuthenticationTest.php:65</error>
        </testcase>
        <testcase name="`User Authentication Browser Tests` → `User Registration Process` → it validates password confirmation" file="tests\Browser\UserAuthenticationTest.php::`User Authentication Browser Tests` → `User Registration Process` → it validates password confirmation" class="Tests\Browser\UserAuthenticationTest" classname="Tests.Browser.UserAuthenticationTest" assertions="0" time="0.100916">
          <error type="Error">`User Authentication Browser Tests` → `User Registration Process` → it validates password confirmationError: Call to undefined function browse()&#13;
at tests\Browser\UserAuthenticationTest.php:112</error>
        </testcase>
        <testcase name="`User Authentication Browser Tests` → `Session Management and Security` → it handles concurrent logins correctly" file="tests\Browser\UserAuthenticationTest.php::`User Authentication Browser Tests` → `Session Management and Security` → it handles concurrent logins correctly" class="Tests\Browser\UserAuthenticationTest" classname="Tests.Browser.UserAuthenticationTest" assertions="0" time="0.101001">
          <error type="Error">`User Authentication Browser Tests` → `Session Management and Security` → it handles concurrent logins correctlyError: Call to undefined function browse()&#13;
at tests\Browser\UserAuthenticationTest.php:382</error>
        </testcase>
        <testcase name="`User Authentication Browser Tests` → `Email Verification Process` → it prompts unverified users to verify email" file="tests\Browser\UserAuthenticationTest.php::`User Authentication Browser Tests` → `Email Verification Process` → it prompts unverified users to verify email" class="Tests\Browser\UserAuthenticationTest" classname="Tests.Browser.UserAuthenticationTest" assertions="0" time="0.099492">
          <error type="Error">`User Authentication Browser Tests` → `Email Verification Process` → it prompts unverified users to verify emailError: Call to undefined function browse()&#13;
at tests\Browser\UserAuthenticationTest.php:211</error>
        </testcase>
        <testcase name="`User Authentication Browser Tests` → `Session Management and Security` → it maintains session across page navigation" file="tests\Browser\UserAuthenticationTest.php::`User Authentication Browser Tests` → `Session Management and Security` → it maintains session across page navigation" class="Tests\Browser\UserAuthenticationTest" classname="Tests.Browser.UserAuthenticationTest" assertions="0" time="0.099682">
          <error type="Error">`User Authentication Browser Tests` → `Session Management and Security` → it maintains session across page navigationError: Call to undefined function browse()&#13;
at tests\Browser\UserAuthenticationTest.php:334</error>
        </testcase>
        <testcase name="`User Authentication Browser Tests` → `User Registration Process` → it validates unique email address" file="tests\Browser\UserAuthenticationTest.php::`User Authentication Browser Tests` → `User Registration Process` → it validates unique email address" class="Tests\Browser\UserAuthenticationTest" classname="Tests.Browser.UserAuthenticationTest" assertions="0" time="0.099809">
          <error type="Error">`User Authentication Browser Tests` → `User Registration Process` → it validates unique email addressError: Call to undefined function browse()&#13;
at tests\Browser\UserAuthenticationTest.php:126</error>
        </testcase>
        <testcase name="`User Authentication Browser Tests` → `Role-Based Access Control` → it restricts access to admin-only features" file="tests\Browser\UserAuthenticationTest.php::`User Authentication Browser Tests` → `Role-Based Access Control` → it restricts access to admin-only features" class="Tests\Browser\UserAuthenticationTest" classname="Tests.Browser.UserAuthenticationTest" assertions="0" time="0.118587">
          <error type="Error">`User Authentication Browser Tests` → `Role-Based Access Control` → it restricts access to admin-only featuresError: Call to undefined function browse()&#13;
at tests\Browser\UserAuthenticationTest.php:313</error>
        </testcase>
        <testcase name="`User Authentication Browser Tests` → `User Login Process` → it can login with valid credentials" file="tests\Browser\UserAuthenticationTest.php::`User Authentication Browser Tests` → `User Login Process` → it can login with valid credentials" class="Tests\Browser\UserAuthenticationTest" classname="Tests.Browser.UserAuthenticationTest" assertions="0" time="0.110365">
          <error type="Error">`User Authentication Browser Tests` → `User Login Process` → it can login with valid credentialsError: Call to undefined function browse()&#13;
at tests\Browser\UserAuthenticationTest.php:27</error>
        </testcase>
      </testsuite>
      <testsuite name="Tests\Browser\ArabicTranslationTest" file="Arabic Translation (Tests\Browser\ArabicTranslation)" tests="6" assertions="0" errors="6" failures="0" skipped="0" time="4.599934">
        <testcase name="Enum translations work correctly" file="Arabic Translation (Tests\Browser\ArabicTranslation)::Enum translations work correctly" class="Tests\Browser\ArabicTranslationTest" classname="Tests.Browser.ArabicTranslationTest" assertions="0" time="1.078165">
          <error type="Error">Enum translations work correctlyError: Call to undefined method Tests\Browser\ArabicTranslationTest::browse()&#13;
at tests\Browser\ArabicTranslationTest.php:235</error>
        </testcase>
        <testcase name="Vehicle form displays arabic translations" file="Arabic Translation (Tests\Browser\ArabicTranslation)::Vehicle form displays arabic translations" class="Tests\Browser\ArabicTranslationTest" classname="Tests.Browser.ArabicTranslationTest" assertions="0" time="1.078016">
          <error type="Error">Vehicle form displays arabic translationsError: Call to undefined method Tests\Browser\ArabicTranslationTest::browse()&#13;
at tests\Browser\ArabicTranslationTest.php:107</error>
        </testcase>
        <testcase name="Bookings page displays arabic translations" file="Arabic Translation (Tests\Browser\ArabicTranslation)::Bookings page displays arabic translations" class="Tests\Browser\ArabicTranslationTest" classname="Tests.Browser.ArabicTranslationTest" assertions="0" time="0.814395">
          <error type="Error">Bookings page displays arabic translationsError: Call to undefined method Tests\Browser\ArabicTranslationTest::browse()&#13;
at tests\Browser\ArabicTranslationTest.php:23</error>
        </testcase>
        <testcase name="Vehicles page displays arabic translations" file="Arabic Translation (Tests\Browser\ArabicTranslation)::Vehicles page displays arabic translations" class="Tests\Browser\ArabicTranslationTest" classname="Tests.Browser.ArabicTranslationTest" assertions="0" time="0.549385">
          <error type="Error">Vehicles page displays arabic translationsError: Call to undefined method Tests\Browser\ArabicTranslationTest::browse()&#13;
at tests\Browser\ArabicTranslationTest.php:67</error>
        </testcase>
        <testcase name="Language switch between english and arabic" file="Arabic Translation (Tests\Browser\ArabicTranslation)::Language switch between english and arabic" class="Tests\Browser\ArabicTranslationTest" classname="Tests.Browser.ArabicTranslationTest" assertions="0" time="0.572366">
          <error type="Error">Language switch between english and arabicError: Call to undefined method Tests\Browser\ArabicTranslationTest::browse()&#13;
at tests\Browser\ArabicTranslationTest.php:187</error>
        </testcase>
        <testcase name="Dashboard widgets display arabic translations" file="Arabic Translation (Tests\Browser\ArabicTranslation)::Dashboard widgets display arabic translations" class="Tests\Browser\ArabicTranslationTest" classname="Tests.Browser.ArabicTranslationTest" assertions="0" time="0.507606">
          <error type="Error">Dashboard widgets display arabic translationsError: Call to undefined method Tests\Browser\ArabicTranslationTest::browse()&#13;
at tests\Browser\ArabicTranslationTest.php:152</error>
        </testcase>
      </testsuite>
      <testsuite name="Tests\Browser\CompleteApplicationFlowTest" file="tests\Browser\CompleteApplicationFlowTest.php" tests="9" assertions="0" errors="9" failures="0" skipped="0" time="0.307282">
        <testcase name="`Complete Application Flow E2E Tests` → it supports multiple languages" file="tests\Browser\CompleteApplicationFlowTest.php::`Complete Application Flow E2E Tests` → it supports multiple languages" class="Tests\Browser\CompleteApplicationFlowTest" classname="Tests.Browser.CompleteApplicationFlowTest" assertions="0" time="0.307282">
          <error type="Error">`Complete Application Flow E2E Tests` → it supports multiple languagesError: Call to undefined method Tests\Browser\CompleteApplicationFlowTest::browse()&#13;
at tests\Browser\CompleteApplicationFlowTest.php:350</error>
        </testcase>
        <testcase name="`Complete Application Flow E2E Tests` → it completes full vehicle rental workflow" file="tests\Browser\CompleteApplicationFlowTest.php::`Complete Application Flow E2E Tests` → it completes full vehicle rental workflow" class="Tests\Browser\CompleteApplicationFlowTest" classname="Tests.Browser.CompleteApplicationFlowTest" assertions="0" time="0.000000">
          <error type="Illuminate\Database\QueryException">`Complete Application Flow E2E Tests` → it completes full vehicle rental workflowIlluminate\Database\QueryException: SQLSTATE[HY000]: General error: 1 no such table: car_rental_users (Connection: sqlite, SQL: insert into "car_rental_users" ("name", "email", "email_verified_at", "password", "phone", "role", "status", "license_number", "id_document_path", "license_document_path", "is_verified", "date_of_birth", "address", "remember_token", "updated_at", "created_at") values (Mrs. Trisha Zieme, owner@example.com, 2025-09-24 12:13:53, $2y$04$j6QWfMbaLzE48TsbMQyVf.7zDTBbRODcn.0wQ1y.iWcDhZdF12lQ., +1-469-547-8213, owner, pending, jgs-1796-0638, documents/ids/ef6e31f2-fbb0-364b-92f6-c085e56d5867.pdf, documents/licenses/ebe455db-e711-3a4d-b4f6-36e4f80fd47e.pdf, 1, 2001-01-07 00:00:00, 53673 Aric Haven
Cristhaven, CO 48182, xFfJnWXJzn, 2025-09-24 12:13:53, 2025-09-24 12:13:53))&#13;
at vendor\laravel\framework\src\Illuminate\Database\Connection.php:564
at vendor\laravel\framework\src\Illuminate\Database\Connection.php:811
at vendor\laravel\framework\src\Illuminate\Database\Connection.php:778
at vendor\laravel\framework\src\Illuminate\Database\Connection.php:559
at vendor\laravel\framework\src\Illuminate\Database\Connection.php:523
at vendor\laravel\framework\src\Illuminate\Database\Query\Processors\Processor.php:32
at vendor\laravel\framework\src\Illuminate\Database\Query\Builder.php:3853
at vendor\laravel\framework\src\Illuminate\Database\Eloquent\Builder.php:2235
at vendor\laravel\framework\src\Illuminate\Database\Eloquent\Model.php:1436
at vendor\laravel\framework\src\Illuminate\Database\Eloquent\Model.php:1401
at vendor\laravel\framework\src\Illuminate\Database\Eloquent\Model.php:1240
at vendor\laravel\framework\src\Illuminate\Database\Eloquent\Factories\Factory.php:370
at vendor\laravel\framework\src\Illuminate\Collections\Traits\EnumeratesValues.php:271
at vendor\laravel\framework\src\Illuminate\Database\Eloquent\Factories\Factory.php:365
at vendor\laravel\framework\src\Illuminate\Database\Eloquent\Factories\Factory.php:321
at vendor\laravel\framework\src\Illuminate\Database\Eloquent\Factories\Factory.php:315
at tests\Browser\CompleteApplicationFlowTest.php:12
Caused by
PDOException: SQLSTATE[HY000]: General error: 1 no such table: car_rental_users

at vendor\laravel\framework\src\Illuminate\Database\Connection.php:564
at vendor\laravel\framework\src\Illuminate\Database\Connection.php:811
at vendor\laravel\framework\src\Illuminate\Database\Connection.php:778
at vendor\laravel\framework\src\Illuminate\Database\Connection.php:559
at vendor\laravel\framework\src\Illuminate\Database\Connection.php:523
at vendor\laravel\framework\src\Illuminate\Database\Query\Processors\Processor.php:32
at vendor\laravel\framework\src\Illuminate\Database\Query\Builder.php:3853
at vendor\laravel\framework\src\Illuminate\Database\Eloquent\Builder.php:2235
at vendor\laravel\framework\src\Illuminate\Database\Eloquent\Model.php:1436
at vendor\laravel\framework\src\Illuminate\Database\Eloquent\Model.php:1401
at vendor\laravel\framework\src\Illuminate\Database\Eloquent\Model.php:1240
at vendor\laravel\framework\src\Illuminate\Database\Eloquent\Factories\Factory.php:370
at vendor\laravel\framework\src\Illuminate\Collections\Traits\EnumeratesValues.php:271
at vendor\laravel\framework\src\Illuminate\Database\Eloquent\Factories\Factory.php:365
at vendor\laravel\framework\src\Illuminate\Database\Eloquent\Factories\Factory.php:321
at vendor\laravel\framework\src\Illuminate\Database\Eloquent\Factories\Factory.php:315
at tests\Browser\CompleteApplicationFlowTest.php:12</error>
        </testcase>
        <testcase name="`Complete Application Flow E2E Tests` → it maintains state during navigation" file="tests\Browser\CompleteApplicationFlowTest.php::`Complete Application Flow E2E Tests` → it maintains state during navigation" class="Tests\Browser\CompleteApplicationFlowTest" classname="Tests.Browser.CompleteApplicationFlowTest" assertions="0" time="0.000000">
          <error type="Illuminate\Database\QueryException">`Complete Application Flow E2E Tests` → it maintains state during navigationIlluminate\Database\QueryException: SQLSTATE[HY000]: General error: 1 no such table: car_rental_users (Connection: sqlite, SQL: insert into "car_rental_users" ("name", "email", "email_verified_at", "password", "phone", "role", "status", "license_number", "id_document_path", "license_document_path", "is_verified", "date_of_birth", "address", "remember_token", "updated_at", "created_at") values (Morris Rath, owner@example.com, 2025-09-24 12:13:53, $2y$04$NabbSAI/znDZCPTNLVCuBuHjQrDy1q8hU5BoAILtN3PqNrPCqWxEq, 760-238-5488, owner, approved, dvn-4287-2891, documents/ids/d999504c-e097-3aec-82f1-e81dc8225ca6.pdf, documents/licenses/aaf9eae6-952e-38c4-8cd5-43741348e109.pdf, 1, 1965-10-07 00:00:00, 80510 Ray Hollow Suite 318
South Clementinaport, SC 30992, 7laW66b9Ou, 2025-09-24 12:13:53, 2025-09-24 12:13:53))&#13;
at vendor\laravel\framework\src\Illuminate\Database\Connection.php:564
at vendor\laravel\framework\src\Illuminate\Database\Connection.php:811
at vendor\laravel\framework\src\Illuminate\Database\Connection.php:778
at vendor\laravel\framework\src\Illuminate\Database\Connection.php:559
at vendor\laravel\framework\src\Illuminate\Database\Connection.php:523
at vendor\laravel\framework\src\Illuminate\Database\Query\Processors\Processor.php:32
at vendor\laravel\framework\src\Illuminate\Database\Query\Builder.php:3853
at vendor\laravel\framework\src\Illuminate\Database\Eloquent\Builder.php:2235
at vendor\laravel\framework\src\Illuminate\Database\Eloquent\Model.php:1436
at vendor\laravel\framework\src\Illuminate\Database\Eloquent\Model.php:1401
at vendor\laravel\framework\src\Illuminate\Database\Eloquent\Model.php:1240
at vendor\laravel\framework\src\Illuminate\Database\Eloquent\Factories\Factory.php:370
at vendor\laravel\framework\src\Illuminate\Collections\Traits\EnumeratesValues.php:271
at vendor\laravel\framework\src\Illuminate\Database\Eloquent\Factories\Factory.php:365
at vendor\laravel\framework\src\Illuminate\Database\Eloquent\Factories\Factory.php:321
at vendor\laravel\framework\src\Illuminate\Database\Eloquent\Factories\Factory.php:315
at tests\Browser\CompleteApplicationFlowTest.php:12
Caused by
PDOException: SQLSTATE[HY000]: General error: 1 no such table: car_rental_users

at vendor\laravel\framework\src\Illuminate\Database\Connection.php:564
at vendor\laravel\framework\src\Illuminate\Database\Connection.php:811
at vendor\laravel\framework\src\Illuminate\Database\Connection.php:778
at vendor\laravel\framework\src\Illuminate\Database\Connection.php:559
at vendor\laravel\framework\src\Illuminate\Database\Connection.php:523
at vendor\laravel\framework\src\Illuminate\Database\Query\Processors\Processor.php:32
at vendor\laravel\framework\src\Illuminate\Database\Query\Builder.php:3853
at vendor\laravel\framework\src\Illuminate\Database\Eloquent\Builder.php:2235
at vendor\laravel\framework\src\Illuminate\Database\Eloquent\Model.php:1436
at vendor\laravel\framework\src\Illuminate\Database\Eloquent\Model.php:1401
at vendor\laravel\framework\src\Illuminate\Database\Eloquent\Model.php:1240
at vendor\laravel\framework\src\Illuminate\Database\Eloquent\Factories\Factory.php:370
at vendor\laravel\framework\src\Illuminate\Collections\Traits\EnumeratesValues.php:271
at vendor\laravel\framework\src\Illuminate\Database\Eloquent\Factories\Factory.php:365
at vendor\laravel\framework\src\Illuminate\Database\Eloquent\Factories\Factory.php:321
at vendor\laravel\framework\src\Illuminate\Database\Eloquent\Factories\Factory.php:315
at tests\Browser\CompleteApplicationFlowTest.php:12</error>
        </testcase>
        <testcase name="`Complete Application Flow E2E Tests` → it handles responsive design across devices" file="tests\Browser\CompleteApplicationFlowTest.php::`Complete Application Flow E2E Tests` → it handles responsive design across devices" class="Tests\Browser\CompleteApplicationFlowTest" classname="Tests.Browser.CompleteApplicationFlowTest" assertions="0" time="0.000000">
          <error type="Illuminate\Database\QueryException">`Complete Application Flow E2E Tests` → it handles responsive design across devicesIlluminate\Database\QueryException: SQLSTATE[HY000]: General error: 1 no such table: car_rental_users (Connection: sqlite, SQL: insert into "car_rental_users" ("name", "email", "email_verified_at", "password", "phone", "role", "status", "license_number", "id_document_path", "license_document_path", "is_verified", "date_of_birth", "address", "remember_token", "updated_at", "created_at") values (Ms. Leatha Huels, owner@example.com, 2025-09-24 12:13:54, $2y$04$Q4NVN3ELJHUMzaxQqqqb1.haIpYK4DCHZaT9aqcOOte0ekLWXgfsW, +1.248.266.1069, owner, pending, coe-4781-2841, documents/ids/30071744-e83e-38d4-87f9-5a0726a2e3f4.pdf, documents/licenses/986eadf0-0929-3eae-a1fd-caa7f8cc86ce.pdf, 1, 1978-05-13 00:00:00, 94557 Jeromy Freeway Suite 699
Lake Lafayetteshire, VT 84574, rNLcnsSOvU, 2025-09-24 12:13:54, 2025-09-24 12:13:54))&#13;
at vendor\laravel\framework\src\Illuminate\Database\Connection.php:564
at vendor\laravel\framework\src\Illuminate\Database\Connection.php:811
at vendor\laravel\framework\src\Illuminate\Database\Connection.php:778
at vendor\laravel\framework\src\Illuminate\Database\Connection.php:559
at vendor\laravel\framework\src\Illuminate\Database\Connection.php:523
at vendor\laravel\framework\src\Illuminate\Database\Query\Processors\Processor.php:32
at vendor\laravel\framework\src\Illuminate\Database\Query\Builder.php:3853
at vendor\laravel\framework\src\Illuminate\Database\Eloquent\Builder.php:2235
at vendor\laravel\framework\src\Illuminate\Database\Eloquent\Model.php:1436
at vendor\laravel\framework\src\Illuminate\Database\Eloquent\Model.php:1401
at vendor\laravel\framework\src\Illuminate\Database\Eloquent\Model.php:1240
at vendor\laravel\framework\src\Illuminate\Database\Eloquent\Factories\Factory.php:370
at vendor\laravel\framework\src\Illuminate\Collections\Traits\EnumeratesValues.php:271
at vendor\laravel\framework\src\Illuminate\Database\Eloquent\Factories\Factory.php:365
at vendor\laravel\framework\src\Illuminate\Database\Eloquent\Factories\Factory.php:321
at vendor\laravel\framework\src\Illuminate\Database\Eloquent\Factories\Factory.php:315
at tests\Browser\CompleteApplicationFlowTest.php:12
Caused by
PDOException: SQLSTATE[HY000]: General error: 1 no such table: car_rental_users

at vendor\laravel\framework\src\Illuminate\Database\Connection.php:564
at vendor\laravel\framework\src\Illuminate\Database\Connection.php:811
at vendor\laravel\framework\src\Illuminate\Database\Connection.php:778
at vendor\laravel\framework\src\Illuminate\Database\Connection.php:559
at vendor\laravel\framework\src\Illuminate\Database\Connection.php:523
at vendor\laravel\framework\src\Illuminate\Database\Query\Processors\Processor.php:32
at vendor\laravel\framework\src\Illuminate\Database\Query\Builder.php:3853
at vendor\laravel\framework\src\Illuminate\Database\Eloquent\Builder.php:2235
at vendor\laravel\framework\src\Illuminate\Database\Eloquent\Model.php:1436
at vendor\laravel\framework\src\Illuminate\Database\Eloquent\Model.php:1401
at vendor\laravel\framework\src\Illuminate\Database\Eloquent\Model.php:1240
at vendor\laravel\framework\src\Illuminate\Database\Eloquent\Factories\Factory.php:370
at vendor\laravel\framework\src\Illuminate\Collections\Traits\EnumeratesValues.php:271
at vendor\laravel\framework\src\Illuminate\Database\Eloquent\Factories\Factory.php:365
at vendor\laravel\framework\src\Illuminate\Database\Eloquent\Factories\Factory.php:321
at vendor\laravel\framework\src\Illuminate\Database\Eloquent\Factories\Factory.php:315
at tests\Browser\CompleteApplicationFlowTest.php:12</error>
        </testcase>
        <testcase name="`Complete Application Flow E2E Tests` → it completes admin management workflow" file="tests\Browser\CompleteApplicationFlowTest.php::`Complete Application Flow E2E Tests` → it completes admin management workflow" class="Tests\Browser\CompleteApplicationFlowTest" classname="Tests.Browser.CompleteApplicationFlowTest" assertions="0" time="0.000000">
          <error type="Illuminate\Database\QueryException">`Complete Application Flow E2E Tests` → it completes admin management workflowIlluminate\Database\QueryException: SQLSTATE[HY000]: General error: 1 no such table: car_rental_users (Connection: sqlite, SQL: insert into "car_rental_users" ("name", "email", "email_verified_at", "password", "phone", "role", "status", "license_number", "id_document_path", "license_document_path", "is_verified", "date_of_birth", "address", "remember_token", "updated_at", "created_at") values (Bradford Rohan V, owner@example.com, 2025-09-24 12:13:54, $2y$04$GGc9F0pJD1SPE26yEzRnJ.HVKh8HLQynkjzLqkoyrobm7puOxXWMy, +1-936-790-9271, owner, approved, njt-9672-9354, documents/ids/b16ed3c7-9aae-3ea9-829b-272a70c943f9.pdf, documents/licenses/5a57a22f-c1b7-35de-9857-3b61fdbe4709.pdf, 0, 1983-11-11 00:00:00, 74086 Collier Land
Goodwinside, MI 54776-7850, UAruAbL3KC, 2025-09-24 12:13:54, 2025-09-24 12:13:54))&#13;
at vendor\laravel\framework\src\Illuminate\Database\Connection.php:564
at vendor\laravel\framework\src\Illuminate\Database\Connection.php:811
at vendor\laravel\framework\src\Illuminate\Database\Connection.php:778
at vendor\laravel\framework\src\Illuminate\Database\Connection.php:559
at vendor\laravel\framework\src\Illuminate\Database\Connection.php:523
at vendor\laravel\framework\src\Illuminate\Database\Query\Processors\Processor.php:32
at vendor\laravel\framework\src\Illuminate\Database\Query\Builder.php:3853
at vendor\laravel\framework\src\Illuminate\Database\Eloquent\Builder.php:2235
at vendor\laravel\framework\src\Illuminate\Database\Eloquent\Model.php:1436
at vendor\laravel\framework\src\Illuminate\Database\Eloquent\Model.php:1401
at vendor\laravel\framework\src\Illuminate\Database\Eloquent\Model.php:1240
at vendor\laravel\framework\src\Illuminate\Database\Eloquent\Factories\Factory.php:370
at vendor\laravel\framework\src\Illuminate\Collections\Traits\EnumeratesValues.php:271
at vendor\laravel\framework\src\Illuminate\Database\Eloquent\Factories\Factory.php:365
at vendor\laravel\framework\src\Illuminate\Database\Eloquent\Factories\Factory.php:321
at vendor\laravel\framework\src\Illuminate\Database\Eloquent\Factories\Factory.php:315
at tests\Browser\CompleteApplicationFlowTest.php:12
Caused by
PDOException: SQLSTATE[HY000]: General error: 1 no such table: car_rental_users

at vendor\laravel\framework\src\Illuminate\Database\Connection.php:564
at vendor\laravel\framework\src\Illuminate\Database\Connection.php:811
at vendor\laravel\framework\src\Illuminate\Database\Connection.php:778
at vendor\laravel\framework\src\Illuminate\Database\Connection.php:559
at vendor\laravel\framework\src\Illuminate\Database\Connection.php:523
at vendor\laravel\framework\src\Illuminate\Database\Query\Processors\Processor.php:32
at vendor\laravel\framework\src\Illuminate\Database\Query\Builder.php:3853
at vendor\laravel\framework\src\Illuminate\Database\Eloquent\Builder.php:2235
at vendor\laravel\framework\src\Illuminate\Database\Eloquent\Model.php:1436
at vendor\laravel\framework\src\Illuminate\Database\Eloquent\Model.php:1401
at vendor\laravel\framework\src\Illuminate\Database\Eloquent\Model.php:1240
at vendor\laravel\framework\src\Illuminate\Database\Eloquent\Factories\Factory.php:370
at vendor\laravel\framework\src\Illuminate\Collections\Traits\EnumeratesValues.php:271
at vendor\laravel\framework\src\Illuminate\Database\Eloquent\Factories\Factory.php:365
at vendor\laravel\framework\src\Illuminate\Database\Eloquent\Factories\Factory.php:321
at vendor\laravel\framework\src\Illuminate\Database\Eloquent\Factories\Factory.php:315
at tests\Browser\CompleteApplicationFlowTest.php:12</error>
        </testcase>
        <testcase name="`Complete Application Flow E2E Tests` → it handles booking conflicts correctly" file="tests\Browser\CompleteApplicationFlowTest.php::`Complete Application Flow E2E Tests` → it handles booking conflicts correctly" class="Tests\Browser\CompleteApplicationFlowTest" classname="Tests.Browser.CompleteApplicationFlowTest" assertions="0" time="0.000000">
          <error type="Illuminate\Database\QueryException">`Complete Application Flow E2E Tests` → it handles booking conflicts correctlyIlluminate\Database\QueryException: SQLSTATE[HY000]: General error: 1 no such table: car_rental_users (Connection: sqlite, SQL: insert into "car_rental_users" ("name", "email", "email_verified_at", "password", "phone", "role", "status", "license_number", "id_document_path", "license_document_path", "is_verified", "date_of_birth", "address", "remember_token", "updated_at", "created_at") values (Jolie Witting, owner@example.com, 2025-09-24 12:13:54, $2y$04$sLSA.4j4FwnnYL9fjluPg.6oTflhFcGXfBeU4TPDwTS/ccemSiovq, +1-701-756-9745, owner, pending, dub-2109-9912, documents/ids/80ca9b2f-bef6-3fd2-b2fa-ee993ff9bd0f.pdf, documents/licenses/80996a6c-dda1-36eb-b474-dfdddc425593.pdf, 1, 1998-04-23 00:00:00, 3440 Kautzer Trafficway
Port Parker, NC 14026-6568, 07NvCwzVwN, 2025-09-24 12:13:54, 2025-09-24 12:13:54))&#13;
at vendor\laravel\framework\src\Illuminate\Database\Connection.php:564
at vendor\laravel\framework\src\Illuminate\Database\Connection.php:811
at vendor\laravel\framework\src\Illuminate\Database\Connection.php:778
at vendor\laravel\framework\src\Illuminate\Database\Connection.php:559
at vendor\laravel\framework\src\Illuminate\Database\Connection.php:523
at vendor\laravel\framework\src\Illuminate\Database\Query\Processors\Processor.php:32
at vendor\laravel\framework\src\Illuminate\Database\Query\Builder.php:3853
at vendor\laravel\framework\src\Illuminate\Database\Eloquent\Builder.php:2235
at vendor\laravel\framework\src\Illuminate\Database\Eloquent\Model.php:1436
at vendor\laravel\framework\src\Illuminate\Database\Eloquent\Model.php:1401
at vendor\laravel\framework\src\Illuminate\Database\Eloquent\Model.php:1240
at vendor\laravel\framework\src\Illuminate\Database\Eloquent\Factories\Factory.php:370
at vendor\laravel\framework\src\Illuminate\Collections\Traits\EnumeratesValues.php:271
at vendor\laravel\framework\src\Illuminate\Database\Eloquent\Factories\Factory.php:365
at vendor\laravel\framework\src\Illuminate\Database\Eloquent\Factories\Factory.php:321
at vendor\laravel\framework\src\Illuminate\Database\Eloquent\Factories\Factory.php:315
at tests\Browser\CompleteApplicationFlowTest.php:12
Caused by
PDOException: SQLSTATE[HY000]: General error: 1 no such table: car_rental_users

at vendor\laravel\framework\src\Illuminate\Database\Connection.php:564
at vendor\laravel\framework\src\Illuminate\Database\Connection.php:811
at vendor\laravel\framework\src\Illuminate\Database\Connection.php:778
at vendor\laravel\framework\src\Illuminate\Database\Connection.php:559
at vendor\laravel\framework\src\Illuminate\Database\Connection.php:523
at vendor\laravel\framework\src\Illuminate\Database\Query\Processors\Processor.php:32
at vendor\laravel\framework\src\Illuminate\Database\Query\Builder.php:3853
at vendor\laravel\framework\src\Illuminate\Database\Eloquent\Builder.php:2235
at vendor\laravel\framework\src\Illuminate\Database\Eloquent\Model.php:1436
at vendor\laravel\framework\src\Illuminate\Database\Eloquent\Model.php:1401
at vendor\laravel\framework\src\Illuminate\Database\Eloquent\Model.php:1240
at vendor\laravel\framework\src\Illuminate\Database\Eloquent\Factories\Factory.php:370
at vendor\laravel\framework\src\Illuminate\Collections\Traits\EnumeratesValues.php:271
at vendor\laravel\framework\src\Illuminate\Database\Eloquent\Factories\Factory.php:365
at vendor\laravel\framework\src\Illuminate\Database\Eloquent\Factories\Factory.php:321
at vendor\laravel\framework\src\Illuminate\Database\Eloquent\Factories\Factory.php:315
at tests\Browser\CompleteApplicationFlowTest.php:12</error>
        </testcase>
        <testcase name="`Complete Application Flow E2E Tests` → it handles search and filtering performance" file="tests\Browser\CompleteApplicationFlowTest.php::`Complete Application Flow E2E Tests` → it handles search and filtering performance" class="Tests\Browser\CompleteApplicationFlowTest" classname="Tests.Browser.CompleteApplicationFlowTest" assertions="0" time="0.000000">
          <error type="Illuminate\Database\QueryException">`Complete Application Flow E2E Tests` → it handles search and filtering performanceIlluminate\Database\QueryException: SQLSTATE[HY000]: General error: 1 no such table: car_rental_users (Connection: sqlite, SQL: insert into "car_rental_users" ("name", "email", "email_verified_at", "password", "phone", "role", "status", "license_number", "id_document_path", "license_document_path", "is_verified", "date_of_birth", "address", "remember_token", "updated_at", "created_at") values (Antonetta Schmidt, owner@example.com, 2025-09-24 12:13:54, $2y$04$OTvvxLBcc1LiPjd.slvjzeLUhBcWYTMz1oSK/XUYigjbKUjq9XBQm, +1.303.575.0024, owner, active, ehn-3622-3674, documents/ids/47b8eced-b1a5-3610-9ba8-370473989c00.pdf, documents/licenses/c549b385-b31e-3f5e-9814-ac5d1d970e39.pdf, 1, 1990-01-08 00:00:00, 10807 Maureen Landing Suite 339
South Terencemouth, WY 21852-3968, Ozpj8407G1, 2025-09-24 12:13:54, 2025-09-24 12:13:54))&#13;
at vendor\laravel\framework\src\Illuminate\Database\Connection.php:564
at vendor\laravel\framework\src\Illuminate\Database\Connection.php:811
at vendor\laravel\framework\src\Illuminate\Database\Connection.php:778
at vendor\laravel\framework\src\Illuminate\Database\Connection.php:559
at vendor\laravel\framework\src\Illuminate\Database\Connection.php:523
at vendor\laravel\framework\src\Illuminate\Database\Query\Processors\Processor.php:32
at vendor\laravel\framework\src\Illuminate\Database\Query\Builder.php:3853
at vendor\laravel\framework\src\Illuminate\Database\Eloquent\Builder.php:2235
at vendor\laravel\framework\src\Illuminate\Database\Eloquent\Model.php:1436
at vendor\laravel\framework\src\Illuminate\Database\Eloquent\Model.php:1401
at vendor\laravel\framework\src\Illuminate\Database\Eloquent\Model.php:1240
at vendor\laravel\framework\src\Illuminate\Database\Eloquent\Factories\Factory.php:370
at vendor\laravel\framework\src\Illuminate\Collections\Traits\EnumeratesValues.php:271
at vendor\laravel\framework\src\Illuminate\Database\Eloquent\Factories\Factory.php:365
at vendor\laravel\framework\src\Illuminate\Database\Eloquent\Factories\Factory.php:321
at vendor\laravel\framework\src\Illuminate\Database\Eloquent\Factories\Factory.php:315
at tests\Browser\CompleteApplicationFlowTest.php:12
Caused by
PDOException: SQLSTATE[HY000]: General error: 1 no such table: car_rental_users

at vendor\laravel\framework\src\Illuminate\Database\Connection.php:564
at vendor\laravel\framework\src\Illuminate\Database\Connection.php:811
at vendor\laravel\framework\src\Illuminate\Database\Connection.php:778
at vendor\laravel\framework\src\Illuminate\Database\Connection.php:559
at vendor\laravel\framework\src\Illuminate\Database\Connection.php:523
at vendor\laravel\framework\src\Illuminate\Database\Query\Processors\Processor.php:32
at vendor\laravel\framework\src\Illuminate\Database\Query\Builder.php:3853
at vendor\laravel\framework\src\Illuminate\Database\Eloquent\Builder.php:2235
at vendor\laravel\framework\src\Illuminate\Database\Eloquent\Model.php:1436
at vendor\laravel\framework\src\Illuminate\Database\Eloquent\Model.php:1401
at vendor\laravel\framework\src\Illuminate\Database\Eloquent\Model.php:1240
at vendor\laravel\framework\src\Illuminate\Database\Eloquent\Factories\Factory.php:370
at vendor\laravel\framework\src\Illuminate\Collections\Traits\EnumeratesValues.php:271
at vendor\laravel\framework\src\Illuminate\Database\Eloquent\Factories\Factory.php:365
at vendor\laravel\framework\src\Illuminate\Database\Eloquent\Factories\Factory.php:321
at vendor\laravel\framework\src\Illuminate\Database\Eloquent\Factories\Factory.php:315
at tests\Browser\CompleteApplicationFlowTest.php:12</error>
        </testcase>
        <testcase name="`Complete Application Flow E2E Tests` → it handles error scenarios gracefully" file="tests\Browser\CompleteApplicationFlowTest.php::`Complete Application Flow E2E Tests` → it handles error scenarios gracefully" class="Tests\Browser\CompleteApplicationFlowTest" classname="Tests.Browser.CompleteApplicationFlowTest" assertions="0" time="0.000000">
          <error type="Illuminate\Database\QueryException">`Complete Application Flow E2E Tests` → it handles error scenarios gracefullyIlluminate\Database\QueryException: SQLSTATE[HY000]: General error: 1 no such table: car_rental_users (Connection: sqlite, SQL: insert into "car_rental_users" ("name", "email", "email_verified_at", "password", "phone", "role", "status", "license_number", "id_document_path", "license_document_path", "is_verified", "date_of_birth", "address", "remember_token", "updated_at", "created_at") values (Miss Sadie Blanda, owner@example.com, 2025-09-24 12:13:54, $2y$04$BPX6fAeq2iaZast0C6ohcOQeAI/WAyd5l0ecLLWZ29DNiURJuXg/G, (916) 918-0476, owner, active, equ-3809-3669, documents/ids/8f9eb7ae-1151-3a8d-acde-c945c1477054.pdf, documents/licenses/05b3d701-53f3-38fb-ac97-64428125b9d9.pdf, 1, 2001-12-07 00:00:00, 545 Dessie Islands
Gottliebburgh, AK 29709-8644, tFOnELs7jW, 2025-09-24 12:13:54, 2025-09-24 12:13:54))&#13;
at vendor\laravel\framework\src\Illuminate\Database\Connection.php:564
at vendor\laravel\framework\src\Illuminate\Database\Connection.php:811
at vendor\laravel\framework\src\Illuminate\Database\Connection.php:778
at vendor\laravel\framework\src\Illuminate\Database\Connection.php:559
at vendor\laravel\framework\src\Illuminate\Database\Connection.php:523
at vendor\laravel\framework\src\Illuminate\Database\Query\Processors\Processor.php:32
at vendor\laravel\framework\src\Illuminate\Database\Query\Builder.php:3853
at vendor\laravel\framework\src\Illuminate\Database\Eloquent\Builder.php:2235
at vendor\laravel\framework\src\Illuminate\Database\Eloquent\Model.php:1436
at vendor\laravel\framework\src\Illuminate\Database\Eloquent\Model.php:1401
at vendor\laravel\framework\src\Illuminate\Database\Eloquent\Model.php:1240
at vendor\laravel\framework\src\Illuminate\Database\Eloquent\Factories\Factory.php:370
at vendor\laravel\framework\src\Illuminate\Collections\Traits\EnumeratesValues.php:271
at vendor\laravel\framework\src\Illuminate\Database\Eloquent\Factories\Factory.php:365
at vendor\laravel\framework\src\Illuminate\Database\Eloquent\Factories\Factory.php:321
at vendor\laravel\framework\src\Illuminate\Database\Eloquent\Factories\Factory.php:315
at tests\Browser\CompleteApplicationFlowTest.php:12
Caused by
PDOException: SQLSTATE[HY000]: General error: 1 no such table: car_rental_users

at vendor\laravel\framework\src\Illuminate\Database\Connection.php:564
at vendor\laravel\framework\src\Illuminate\Database\Connection.php:811
at vendor\laravel\framework\src\Illuminate\Database\Connection.php:778
at vendor\laravel\framework\src\Illuminate\Database\Connection.php:559
at vendor\laravel\framework\src\Illuminate\Database\Connection.php:523
at vendor\laravel\framework\src\Illuminate\Database\Query\Processors\Processor.php:32
at vendor\laravel\framework\src\Illuminate\Database\Query\Builder.php:3853
at vendor\laravel\framework\src\Illuminate\Database\Eloquent\Builder.php:2235
at vendor\laravel\framework\src\Illuminate\Database\Eloquent\Model.php:1436
at vendor\laravel\framework\src\Illuminate\Database\Eloquent\Model.php:1401
at vendor\laravel\framework\src\Illuminate\Database\Eloquent\Model.php:1240
at vendor\laravel\framework\src\Illuminate\Database\Eloquent\Factories\Factory.php:370
at vendor\laravel\framework\src\Illuminate\Collections\Traits\EnumeratesValues.php:271
at vendor\laravel\framework\src\Illuminate\Database\Eloquent\Factories\Factory.php:365
at vendor\laravel\framework\src\Illuminate\Database\Eloquent\Factories\Factory.php:321
at vendor\laravel\framework\src\Illuminate\Database\Eloquent\Factories\Factory.php:315
at tests\Browser\CompleteApplicationFlowTest.php:12</error>
        </testcase>
        <testcase name="`Complete Application Flow E2E Tests` → it completes full vehicle owner workflow" file="tests\Browser\CompleteApplicationFlowTest.php::`Complete Application Flow E2E Tests` → it completes full vehicle owner workflow" class="Tests\Browser\CompleteApplicationFlowTest" classname="Tests.Browser.CompleteApplicationFlowTest" assertions="0" time="0.000000">
          <error type="Illuminate\Database\QueryException">`Complete Application Flow E2E Tests` → it completes full vehicle owner workflowIlluminate\Database\QueryException: SQLSTATE[HY000]: General error: 1 no such table: car_rental_users (Connection: sqlite, SQL: insert into "car_rental_users" ("name", "email", "email_verified_at", "password", "phone", "role", "status", "license_number", "id_document_path", "license_document_path", "is_verified", "date_of_birth", "address", "remember_token", "updated_at", "created_at") values (Miss Dakota Ortiz, owner@example.com, 2025-09-24 12:13:54, $2y$04$KQWgW50PZaJLSRqv4ukfqulU0IThP8oxkx5v7/.fGZFvXjMC1.jkC, 1-580-779-7928, owner, active, rkv-9568-1629, documents/ids/597c8d82-67e2-313b-86cf-bedc1a98cbf0.pdf, documents/licenses/32f58a97-9de5-3389-9f6f-25a340fd95c5.pdf, 1, 1981-06-17 00:00:00, 2116 Ernser Manor Apt. 749
Enidmouth, MO 21822-5932, T12FQtRQ2R, 2025-09-24 12:13:54, 2025-09-24 12:13:54))&#13;
at vendor\laravel\framework\src\Illuminate\Database\Connection.php:564
at vendor\laravel\framework\src\Illuminate\Database\Connection.php:811
at vendor\laravel\framework\src\Illuminate\Database\Connection.php:778
at vendor\laravel\framework\src\Illuminate\Database\Connection.php:559
at vendor\laravel\framework\src\Illuminate\Database\Connection.php:523
at vendor\laravel\framework\src\Illuminate\Database\Query\Processors\Processor.php:32
at vendor\laravel\framework\src\Illuminate\Database\Query\Builder.php:3853
at vendor\laravel\framework\src\Illuminate\Database\Eloquent\Builder.php:2235
at vendor\laravel\framework\src\Illuminate\Database\Eloquent\Model.php:1436
at vendor\laravel\framework\src\Illuminate\Database\Eloquent\Model.php:1401
at vendor\laravel\framework\src\Illuminate\Database\Eloquent\Model.php:1240
at vendor\laravel\framework\src\Illuminate\Database\Eloquent\Factories\Factory.php:370
at vendor\laravel\framework\src\Illuminate\Collections\Traits\EnumeratesValues.php:271
at vendor\laravel\framework\src\Illuminate\Database\Eloquent\Factories\Factory.php:365
at vendor\laravel\framework\src\Illuminate\Database\Eloquent\Factories\Factory.php:321
at vendor\laravel\framework\src\Illuminate\Database\Eloquent\Factories\Factory.php:315
at tests\Browser\CompleteApplicationFlowTest.php:12
Caused by
PDOException: SQLSTATE[HY000]: General error: 1 no such table: car_rental_users

at vendor\laravel\framework\src\Illuminate\Database\Connection.php:564
at vendor\laravel\framework\src\Illuminate\Database\Connection.php:811
at vendor\laravel\framework\src\Illuminate\Database\Connection.php:778
at vendor\laravel\framework\src\Illuminate\Database\Connection.php:559
at vendor\laravel\framework\src\Illuminate\Database\Connection.php:523
at vendor\laravel\framework\src\Illuminate\Database\Query\Processors\Processor.php:32
at vendor\laravel\framework\src\Illuminate\Database\Query\Builder.php:3853
at vendor\laravel\framework\src\Illuminate\Database\Eloquent\Builder.php:2235
at vendor\laravel\framework\src\Illuminate\Database\Eloquent\Model.php:1436
at vendor\laravel\framework\src\Illuminate\Database\Eloquent\Model.php:1401
at vendor\laravel\framework\src\Illuminate\Database\Eloquent\Model.php:1240
at vendor\laravel\framework\src\Illuminate\Database\Eloquent\Factories\Factory.php:370
at vendor\laravel\framework\src\Illuminate\Collections\Traits\EnumeratesValues.php:271
at vendor\laravel\framework\src\Illuminate\Database\Eloquent\Factories\Factory.php:365
at vendor\laravel\framework\src\Illuminate\Database\Eloquent\Factories\Factory.php:321
at vendor\laravel\framework\src\Illuminate\Database\Eloquent\Factories\Factory.php:315
at tests\Browser\CompleteApplicationFlowTest.php:12</error>
        </testcase>
      </testsuite>
    </testsuite>
  </testsuite>
</testsuites>
