<?xml version="1.0" encoding="UTF-8"?>
<testsuites>
  <testsuite name="Tests\Feature\ImageUploadTest" file="tests\Feature\ImageUploadTest.php" tests="4" assertions="0" errors="4" failures="0" skipped="0" time="0.000000">
    <testcase name="it validates file upload request classes exist" file="tests\Feature\ImageUploadTest.php::it validates file upload request classes exist" class="Tests\Feature\ImageUploadTest" classname="Tests.Feature.ImageUploadTest" assertions="0" time="0.000000">
      <error type="Illuminate\Database\QueryException">it validates file upload request classes existIlluminate\Database\QueryException: SQLSTATE[HY000]: General error: 1 error in index car_rental_vehicles_is_available_index after drop column: no such column: "is_available" - should this be a string literal in single-quotes? (Connection: sqlite, SQL: alter table "car_rental_vehicles" drop column "is_available")&#13;
at vendor\laravel\framework\src\Illuminate\Database\Connection.php:570
at vendor\laravel\framework\src\Illuminate\Database\Connection.php:811
at vendor\laravel\framework\src\Illuminate\Database\Connection.php:778
at vendor\laravel\framework\src\Illuminate\Database\Connection.php:559
at vendor\laravel\framework\src\Illuminate\Database\Schema\Blueprint.php:121
at vendor\laravel\framework\src\Illuminate\Database\Schema\Builder.php:618
at vendor\laravel\framework\src\Illuminate\Database\Schema\Builder.php:460
at vendor\laravel\framework\src\Illuminate\Support\Facades\Facade.php:363
at database\migrations\2025_09_07_130928_update_car_rental_vehicles_table_add_missing_fields.php:14
at vendor\laravel\framework\src\Illuminate\Database\Migrations\Migrator.php:514
at vendor\laravel\framework\src\Illuminate\Database\Migrations\Migrator.php:439
at vendor\laravel\framework\src\Illuminate\Database\Migrations\Migrator.php:448
at vendor\laravel\framework\src\Illuminate\Database\Migrations\Migrator.php:250
at vendor\laravel\framework\src\Illuminate\Console\View\Components\Task.php:41
at vendor\laravel\framework\src\Illuminate\Database\Migrations\Migrator.php:809
at vendor\laravel\framework\src\Illuminate\Database\Migrations\Migrator.php:250
at vendor\laravel\framework\src\Illuminate\Database\Migrations\Migrator.php:210
at vendor\laravel\framework\src\Illuminate\Database\Migrations\Migrator.php:137
at vendor\laravel\framework\src\Illuminate\Database\Console\Migrations\MigrateCommand.php:116
at vendor\laravel\framework\src\Illuminate\Database\Migrations\Migrator.php:666
at vendor\laravel\framework\src\Illuminate\Database\Console\Migrations\MigrateCommand.php:109
at vendor\laravel\framework\src\Illuminate\Database\Console\Migrations\MigrateCommand.php:88
at vendor\laravel\framework\src\Illuminate\Container\BoundMethod.php:36
at vendor\laravel\framework\src\Illuminate\Container\Util.php:43
at vendor\laravel\framework\src\Illuminate\Container\BoundMethod.php:96
at vendor\laravel\framework\src\Illuminate\Container\BoundMethod.php:35
at vendor\laravel\framework\src\Illuminate\Container\Container.php:836
at vendor\laravel\framework\src\Illuminate\Console\Command.php:211
at vendor\symfony\console\Command\Command.php:318
at vendor\laravel\framework\src\Illuminate\Console\Command.php:180
at vendor\laravel\framework\src\Illuminate\Console\Concerns\CallsCommands.php:68
at vendor\laravel\framework\src\Illuminate\Console\Concerns\CallsCommands.php:29
at vendor\laravel\framework\src\Illuminate\Database\Console\Migrations\FreshCommand.php:81
at vendor\laravel\framework\src\Illuminate\Container\BoundMethod.php:36
at vendor\laravel\framework\src\Illuminate\Container\Util.php:43
at vendor\laravel\framework\src\Illuminate\Container\BoundMethod.php:96
at vendor\laravel\framework\src\Illuminate\Container\BoundMethod.php:35
at vendor\laravel\framework\src\Illuminate\Container\Container.php:836
at vendor\laravel\framework\src\Illuminate\Console\Command.php:211
at vendor\symfony\console\Command\Command.php:318
at vendor\laravel\framework\src\Illuminate\Console\Command.php:180
at vendor\symfony\console\Application.php:1092
at vendor\symfony\console\Application.php:359
at vendor\symfony\console\Application.php:194
at vendor\laravel\framework\src\Illuminate\Console\Application.php:165
at vendor\laravel\framework\src\Illuminate\Foundation\Console\Kernel.php:426
at vendor\laravel\framework\src\Illuminate\Testing\PendingCommand.php:451
at vendor\laravel\framework\src\Illuminate\Testing\PendingCommand.php:675
at vendor\laravel\framework\src\Illuminate\Foundation\Testing\Concerns\InteractsWithConsole.php:87
at vendor\laravel\framework\src\Illuminate\Foundation\Testing\RefreshDatabase.php:101
at vendor\laravel\framework\src\Illuminate\Foundation\Testing\RefreshDatabase.php:84
at vendor\laravel\framework\src\Illuminate\Foundation\Testing\RefreshDatabase.php:25
at vendor\laravel\framework\src\Illuminate\Foundation\Testing\Concerns\InteractsWithTestCaseLifecycle.php:209
at vendor\laravel\framework\src\Illuminate\Foundation\Testing\Concerns\InteractsWithTestCaseLifecycle.php:97
at vendor\laravel\framework\src\Illuminate\Foundation\Testing\TestCase.php:44
Caused by
PDOException: SQLSTATE[HY000]: General error: 1 error in index car_rental_vehicles_is_available_index after drop column: no such column: "is_available" - should this be a string literal in single-quotes?

at vendor\laravel\framework\src\Illuminate\Database\Connection.php:570
at vendor\laravel\framework\src\Illuminate\Database\Connection.php:811
at vendor\laravel\framework\src\Illuminate\Database\Connection.php:778
at vendor\laravel\framework\src\Illuminate\Database\Connection.php:559
at vendor\laravel\framework\src\Illuminate\Database\Schema\Blueprint.php:121
at vendor\laravel\framework\src\Illuminate\Database\Schema\Builder.php:618
at vendor\laravel\framework\src\Illuminate\Database\Schema\Builder.php:460
at vendor\laravel\framework\src\Illuminate\Support\Facades\Facade.php:363
at database\migrations\2025_09_07_130928_update_car_rental_vehicles_table_add_missing_fields.php:14
at vendor\laravel\framework\src\Illuminate\Database\Migrations\Migrator.php:514
at vendor\laravel\framework\src\Illuminate\Database\Migrations\Migrator.php:439
at vendor\laravel\framework\src\Illuminate\Database\Migrations\Migrator.php:448
at vendor\laravel\framework\src\Illuminate\Database\Migrations\Migrator.php:250
at vendor\laravel\framework\src\Illuminate\Console\View\Components\Task.php:41
at vendor\laravel\framework\src\Illuminate\Database\Migrations\Migrator.php:809
at vendor\laravel\framework\src\Illuminate\Database\Migrations\Migrator.php:250
at vendor\laravel\framework\src\Illuminate\Database\Migrations\Migrator.php:210
at vendor\laravel\framework\src\Illuminate\Database\Migrations\Migrator.php:137
at vendor\laravel\framework\src\Illuminate\Database\Console\Migrations\MigrateCommand.php:116
at vendor\laravel\framework\src\Illuminate\Database\Migrations\Migrator.php:666
at vendor\laravel\framework\src\Illuminate\Database\Console\Migrations\MigrateCommand.php:109
at vendor\laravel\framework\src\Illuminate\Database\Console\Migrations\MigrateCommand.php:88
at vendor\laravel\framework\src\Illuminate\Container\BoundMethod.php:36
at vendor\laravel\framework\src\Illuminate\Container\Util.php:43
at vendor\laravel\framework\src\Illuminate\Container\BoundMethod.php:96
at vendor\laravel\framework\src\Illuminate\Container\BoundMethod.php:35
at vendor\laravel\framework\src\Illuminate\Container\Container.php:836
at vendor\laravel\framework\src\Illuminate\Console\Command.php:211
at vendor\symfony\console\Command\Command.php:318
at vendor\laravel\framework\src\Illuminate\Console\Command.php:180
at vendor\laravel\framework\src\Illuminate\Console\Concerns\CallsCommands.php:68
at vendor\laravel\framework\src\Illuminate\Console\Concerns\CallsCommands.php:29
at vendor\laravel\framework\src\Illuminate\Database\Console\Migrations\FreshCommand.php:81
at vendor\laravel\framework\src\Illuminate\Container\BoundMethod.php:36
at vendor\laravel\framework\src\Illuminate\Container\Util.php:43
at vendor\laravel\framework\src\Illuminate\Container\BoundMethod.php:96
at vendor\laravel\framework\src\Illuminate\Container\BoundMethod.php:35
at vendor\laravel\framework\src\Illuminate\Container\Container.php:836
at vendor\laravel\framework\src\Illuminate\Console\Command.php:211
at vendor\symfony\console\Command\Command.php:318
at vendor\laravel\framework\src\Illuminate\Console\Command.php:180
at vendor\symfony\console\Application.php:1092
at vendor\symfony\console\Application.php:359
at vendor\symfony\console\Application.php:194
at vendor\laravel\framework\src\Illuminate\Console\Application.php:165
at vendor\laravel\framework\src\Illuminate\Foundation\Console\Kernel.php:426
at vendor\laravel\framework\src\Illuminate\Testing\PendingCommand.php:451
at vendor\laravel\framework\src\Illuminate\Testing\PendingCommand.php:675
at vendor\laravel\framework\src\Illuminate\Foundation\Testing\Concerns\InteractsWithConsole.php:87
at vendor\laravel\framework\src\Illuminate\Foundation\Testing\RefreshDatabase.php:101
at vendor\laravel\framework\src\Illuminate\Foundation\Testing\RefreshDatabase.php:84
at vendor\laravel\framework\src\Illuminate\Foundation\Testing\RefreshDatabase.php:25
at vendor\laravel\framework\src\Illuminate\Foundation\Testing\Concerns\InteractsWithTestCaseLifecycle.php:209
at vendor\laravel\framework\src\Illuminate\Foundation\Testing\Concerns\InteractsWithTestCaseLifecycle.php:97
at vendor\laravel\framework\src\Illuminate\Foundation\Testing\TestCase.php:44</error>
    </testcase>
    <testcase name="it validates image controller exists" file="tests\Feature\ImageUploadTest.php::it validates image controller exists" class="Tests\Feature\ImageUploadTest" classname="Tests.Feature.ImageUploadTest" assertions="0" time="0.000000">
      <error type="Illuminate\Database\QueryException">it validates image controller existsIlluminate\Database\QueryException: SQLSTATE[HY000]: General error: 1 error in index car_rental_vehicles_is_available_index after drop column: no such column: "is_available" - should this be a string literal in single-quotes? (Connection: sqlite, SQL: alter table "car_rental_vehicles" drop column "is_available")&#13;
at vendor\laravel\framework\src\Illuminate\Database\Connection.php:570
at vendor\laravel\framework\src\Illuminate\Database\Connection.php:811
at vendor\laravel\framework\src\Illuminate\Database\Connection.php:778
at vendor\laravel\framework\src\Illuminate\Database\Connection.php:559
at vendor\laravel\framework\src\Illuminate\Database\Schema\Blueprint.php:121
at vendor\laravel\framework\src\Illuminate\Database\Schema\Builder.php:618
at vendor\laravel\framework\src\Illuminate\Database\Schema\Builder.php:460
at vendor\laravel\framework\src\Illuminate\Support\Facades\Facade.php:363
at database\migrations\2025_09_07_130928_update_car_rental_vehicles_table_add_missing_fields.php:14
at vendor\laravel\framework\src\Illuminate\Database\Migrations\Migrator.php:514
at vendor\laravel\framework\src\Illuminate\Database\Migrations\Migrator.php:439
at vendor\laravel\framework\src\Illuminate\Database\Migrations\Migrator.php:448
at vendor\laravel\framework\src\Illuminate\Database\Migrations\Migrator.php:250
at vendor\laravel\framework\src\Illuminate\Console\View\Components\Task.php:41
at vendor\laravel\framework\src\Illuminate\Database\Migrations\Migrator.php:809
at vendor\laravel\framework\src\Illuminate\Database\Migrations\Migrator.php:250
at vendor\laravel\framework\src\Illuminate\Database\Migrations\Migrator.php:210
at vendor\laravel\framework\src\Illuminate\Database\Migrations\Migrator.php:137
at vendor\laravel\framework\src\Illuminate\Database\Console\Migrations\MigrateCommand.php:116
at vendor\laravel\framework\src\Illuminate\Database\Migrations\Migrator.php:666
at vendor\laravel\framework\src\Illuminate\Database\Console\Migrations\MigrateCommand.php:109
at vendor\laravel\framework\src\Illuminate\Database\Console\Migrations\MigrateCommand.php:88
at vendor\laravel\framework\src\Illuminate\Container\BoundMethod.php:36
at vendor\laravel\framework\src\Illuminate\Container\Util.php:43
at vendor\laravel\framework\src\Illuminate\Container\BoundMethod.php:96
at vendor\laravel\framework\src\Illuminate\Container\BoundMethod.php:35
at vendor\laravel\framework\src\Illuminate\Container\Container.php:836
at vendor\laravel\framework\src\Illuminate\Console\Command.php:211
at vendor\symfony\console\Command\Command.php:318
at vendor\laravel\framework\src\Illuminate\Console\Command.php:180
at vendor\laravel\framework\src\Illuminate\Console\Concerns\CallsCommands.php:68
at vendor\laravel\framework\src\Illuminate\Console\Concerns\CallsCommands.php:29
at vendor\laravel\framework\src\Illuminate\Database\Console\Migrations\FreshCommand.php:81
at vendor\laravel\framework\src\Illuminate\Container\BoundMethod.php:36
at vendor\laravel\framework\src\Illuminate\Container\Util.php:43
at vendor\laravel\framework\src\Illuminate\Container\BoundMethod.php:96
at vendor\laravel\framework\src\Illuminate\Container\BoundMethod.php:35
at vendor\laravel\framework\src\Illuminate\Container\Container.php:836
at vendor\laravel\framework\src\Illuminate\Console\Command.php:211
at vendor\symfony\console\Command\Command.php:318
at vendor\laravel\framework\src\Illuminate\Console\Command.php:180
at vendor\symfony\console\Application.php:1092
at vendor\symfony\console\Application.php:359
at vendor\symfony\console\Application.php:194
at vendor\laravel\framework\src\Illuminate\Console\Application.php:165
at vendor\laravel\framework\src\Illuminate\Foundation\Console\Kernel.php:426
at vendor\laravel\framework\src\Illuminate\Testing\PendingCommand.php:451
at vendor\laravel\framework\src\Illuminate\Testing\PendingCommand.php:675
at vendor\laravel\framework\src\Illuminate\Foundation\Testing\Concerns\InteractsWithConsole.php:87
at vendor\laravel\framework\src\Illuminate\Foundation\Testing\RefreshDatabase.php:101
at vendor\laravel\framework\src\Illuminate\Foundation\Testing\RefreshDatabase.php:84
at vendor\laravel\framework\src\Illuminate\Foundation\Testing\RefreshDatabase.php:25
at vendor\laravel\framework\src\Illuminate\Foundation\Testing\Concerns\InteractsWithTestCaseLifecycle.php:209
at vendor\laravel\framework\src\Illuminate\Foundation\Testing\Concerns\InteractsWithTestCaseLifecycle.php:97
at vendor\laravel\framework\src\Illuminate\Foundation\Testing\TestCase.php:44
Caused by
PDOException: SQLSTATE[HY000]: General error: 1 error in index car_rental_vehicles_is_available_index after drop column: no such column: "is_available" - should this be a string literal in single-quotes?

at vendor\laravel\framework\src\Illuminate\Database\Connection.php:570
at vendor\laravel\framework\src\Illuminate\Database\Connection.php:811
at vendor\laravel\framework\src\Illuminate\Database\Connection.php:778
at vendor\laravel\framework\src\Illuminate\Database\Connection.php:559
at vendor\laravel\framework\src\Illuminate\Database\Schema\Blueprint.php:121
at vendor\laravel\framework\src\Illuminate\Database\Schema\Builder.php:618
at vendor\laravel\framework\src\Illuminate\Database\Schema\Builder.php:460
at vendor\laravel\framework\src\Illuminate\Support\Facades\Facade.php:363
at database\migrations\2025_09_07_130928_update_car_rental_vehicles_table_add_missing_fields.php:14
at vendor\laravel\framework\src\Illuminate\Database\Migrations\Migrator.php:514
at vendor\laravel\framework\src\Illuminate\Database\Migrations\Migrator.php:439
at vendor\laravel\framework\src\Illuminate\Database\Migrations\Migrator.php:448
at vendor\laravel\framework\src\Illuminate\Database\Migrations\Migrator.php:250
at vendor\laravel\framework\src\Illuminate\Console\View\Components\Task.php:41
at vendor\laravel\framework\src\Illuminate\Database\Migrations\Migrator.php:809
at vendor\laravel\framework\src\Illuminate\Database\Migrations\Migrator.php:250
at vendor\laravel\framework\src\Illuminate\Database\Migrations\Migrator.php:210
at vendor\laravel\framework\src\Illuminate\Database\Migrations\Migrator.php:137
at vendor\laravel\framework\src\Illuminate\Database\Console\Migrations\MigrateCommand.php:116
at vendor\laravel\framework\src\Illuminate\Database\Migrations\Migrator.php:666
at vendor\laravel\framework\src\Illuminate\Database\Console\Migrations\MigrateCommand.php:109
at vendor\laravel\framework\src\Illuminate\Database\Console\Migrations\MigrateCommand.php:88
at vendor\laravel\framework\src\Illuminate\Container\BoundMethod.php:36
at vendor\laravel\framework\src\Illuminate\Container\Util.php:43
at vendor\laravel\framework\src\Illuminate\Container\BoundMethod.php:96
at vendor\laravel\framework\src\Illuminate\Container\BoundMethod.php:35
at vendor\laravel\framework\src\Illuminate\Container\Container.php:836
at vendor\laravel\framework\src\Illuminate\Console\Command.php:211
at vendor\symfony\console\Command\Command.php:318
at vendor\laravel\framework\src\Illuminate\Console\Command.php:180
at vendor\laravel\framework\src\Illuminate\Console\Concerns\CallsCommands.php:68
at vendor\laravel\framework\src\Illuminate\Console\Concerns\CallsCommands.php:29
at vendor\laravel\framework\src\Illuminate\Database\Console\Migrations\FreshCommand.php:81
at vendor\laravel\framework\src\Illuminate\Container\BoundMethod.php:36
at vendor\laravel\framework\src\Illuminate\Container\Util.php:43
at vendor\laravel\framework\src\Illuminate\Container\BoundMethod.php:96
at vendor\laravel\framework\src\Illuminate\Container\BoundMethod.php:35
at vendor\laravel\framework\src\Illuminate\Container\Container.php:836
at vendor\laravel\framework\src\Illuminate\Console\Command.php:211
at vendor\symfony\console\Command\Command.php:318
at vendor\laravel\framework\src\Illuminate\Console\Command.php:180
at vendor\symfony\console\Application.php:1092
at vendor\symfony\console\Application.php:359
at vendor\symfony\console\Application.php:194
at vendor\laravel\framework\src\Illuminate\Console\Application.php:165
at vendor\laravel\framework\src\Illuminate\Foundation\Console\Kernel.php:426
at vendor\laravel\framework\src\Illuminate\Testing\PendingCommand.php:451
at vendor\laravel\framework\src\Illuminate\Testing\PendingCommand.php:675
at vendor\laravel\framework\src\Illuminate\Foundation\Testing\Concerns\InteractsWithConsole.php:87
at vendor\laravel\framework\src\Illuminate\Foundation\Testing\RefreshDatabase.php:101
at vendor\laravel\framework\src\Illuminate\Foundation\Testing\RefreshDatabase.php:84
at vendor\laravel\framework\src\Illuminate\Foundation\Testing\RefreshDatabase.php:25
at vendor\laravel\framework\src\Illuminate\Foundation\Testing\Concerns\InteractsWithTestCaseLifecycle.php:209
at vendor\laravel\framework\src\Illuminate\Foundation\Testing\Concerns\InteractsWithTestCaseLifecycle.php:97
at vendor\laravel\framework\src\Illuminate\Foundation\Testing\TestCase.php:44</error>
    </testcase>
    <testcase name="it validates image upload service exists" file="tests\Feature\ImageUploadTest.php::it validates image upload service exists" class="Tests\Feature\ImageUploadTest" classname="Tests.Feature.ImageUploadTest" assertions="0" time="0.000000">
      <error type="Illuminate\Database\QueryException">it validates image upload service existsIlluminate\Database\QueryException: SQLSTATE[HY000]: General error: 1 error in index car_rental_vehicles_is_available_index after drop column: no such column: "is_available" - should this be a string literal in single-quotes? (Connection: sqlite, SQL: alter table "car_rental_vehicles" drop column "is_available")&#13;
at vendor\laravel\framework\src\Illuminate\Database\Connection.php:570
at vendor\laravel\framework\src\Illuminate\Database\Connection.php:811
at vendor\laravel\framework\src\Illuminate\Database\Connection.php:778
at vendor\laravel\framework\src\Illuminate\Database\Connection.php:559
at vendor\laravel\framework\src\Illuminate\Database\Schema\Blueprint.php:121
at vendor\laravel\framework\src\Illuminate\Database\Schema\Builder.php:618
at vendor\laravel\framework\src\Illuminate\Database\Schema\Builder.php:460
at vendor\laravel\framework\src\Illuminate\Support\Facades\Facade.php:363
at database\migrations\2025_09_07_130928_update_car_rental_vehicles_table_add_missing_fields.php:14
at vendor\laravel\framework\src\Illuminate\Database\Migrations\Migrator.php:514
at vendor\laravel\framework\src\Illuminate\Database\Migrations\Migrator.php:439
at vendor\laravel\framework\src\Illuminate\Database\Migrations\Migrator.php:448
at vendor\laravel\framework\src\Illuminate\Database\Migrations\Migrator.php:250
at vendor\laravel\framework\src\Illuminate\Console\View\Components\Task.php:41
at vendor\laravel\framework\src\Illuminate\Database\Migrations\Migrator.php:809
at vendor\laravel\framework\src\Illuminate\Database\Migrations\Migrator.php:250
at vendor\laravel\framework\src\Illuminate\Database\Migrations\Migrator.php:210
at vendor\laravel\framework\src\Illuminate\Database\Migrations\Migrator.php:137
at vendor\laravel\framework\src\Illuminate\Database\Console\Migrations\MigrateCommand.php:116
at vendor\laravel\framework\src\Illuminate\Database\Migrations\Migrator.php:666
at vendor\laravel\framework\src\Illuminate\Database\Console\Migrations\MigrateCommand.php:109
at vendor\laravel\framework\src\Illuminate\Database\Console\Migrations\MigrateCommand.php:88
at vendor\laravel\framework\src\Illuminate\Container\BoundMethod.php:36
at vendor\laravel\framework\src\Illuminate\Container\Util.php:43
at vendor\laravel\framework\src\Illuminate\Container\BoundMethod.php:96
at vendor\laravel\framework\src\Illuminate\Container\BoundMethod.php:35
at vendor\laravel\framework\src\Illuminate\Container\Container.php:836
at vendor\laravel\framework\src\Illuminate\Console\Command.php:211
at vendor\symfony\console\Command\Command.php:318
at vendor\laravel\framework\src\Illuminate\Console\Command.php:180
at vendor\laravel\framework\src\Illuminate\Console\Concerns\CallsCommands.php:68
at vendor\laravel\framework\src\Illuminate\Console\Concerns\CallsCommands.php:29
at vendor\laravel\framework\src\Illuminate\Database\Console\Migrations\FreshCommand.php:81
at vendor\laravel\framework\src\Illuminate\Container\BoundMethod.php:36
at vendor\laravel\framework\src\Illuminate\Container\Util.php:43
at vendor\laravel\framework\src\Illuminate\Container\BoundMethod.php:96
at vendor\laravel\framework\src\Illuminate\Container\BoundMethod.php:35
at vendor\laravel\framework\src\Illuminate\Container\Container.php:836
at vendor\laravel\framework\src\Illuminate\Console\Command.php:211
at vendor\symfony\console\Command\Command.php:318
at vendor\laravel\framework\src\Illuminate\Console\Command.php:180
at vendor\symfony\console\Application.php:1092
at vendor\symfony\console\Application.php:359
at vendor\symfony\console\Application.php:194
at vendor\laravel\framework\src\Illuminate\Console\Application.php:165
at vendor\laravel\framework\src\Illuminate\Foundation\Console\Kernel.php:426
at vendor\laravel\framework\src\Illuminate\Testing\PendingCommand.php:451
at vendor\laravel\framework\src\Illuminate\Testing\PendingCommand.php:675
at vendor\laravel\framework\src\Illuminate\Foundation\Testing\Concerns\InteractsWithConsole.php:87
at vendor\laravel\framework\src\Illuminate\Foundation\Testing\RefreshDatabase.php:101
at vendor\laravel\framework\src\Illuminate\Foundation\Testing\RefreshDatabase.php:84
at vendor\laravel\framework\src\Illuminate\Foundation\Testing\RefreshDatabase.php:25
at vendor\laravel\framework\src\Illuminate\Foundation\Testing\Concerns\InteractsWithTestCaseLifecycle.php:209
at vendor\laravel\framework\src\Illuminate\Foundation\Testing\Concerns\InteractsWithTestCaseLifecycle.php:97
at vendor\laravel\framework\src\Illuminate\Foundation\Testing\TestCase.php:44
Caused by
PDOException: SQLSTATE[HY000]: General error: 1 error in index car_rental_vehicles_is_available_index after drop column: no such column: "is_available" - should this be a string literal in single-quotes?

at vendor\laravel\framework\src\Illuminate\Database\Connection.php:570
at vendor\laravel\framework\src\Illuminate\Database\Connection.php:811
at vendor\laravel\framework\src\Illuminate\Database\Connection.php:778
at vendor\laravel\framework\src\Illuminate\Database\Connection.php:559
at vendor\laravel\framework\src\Illuminate\Database\Schema\Blueprint.php:121
at vendor\laravel\framework\src\Illuminate\Database\Schema\Builder.php:618
at vendor\laravel\framework\src\Illuminate\Database\Schema\Builder.php:460
at vendor\laravel\framework\src\Illuminate\Support\Facades\Facade.php:363
at database\migrations\2025_09_07_130928_update_car_rental_vehicles_table_add_missing_fields.php:14
at vendor\laravel\framework\src\Illuminate\Database\Migrations\Migrator.php:514
at vendor\laravel\framework\src\Illuminate\Database\Migrations\Migrator.php:439
at vendor\laravel\framework\src\Illuminate\Database\Migrations\Migrator.php:448
at vendor\laravel\framework\src\Illuminate\Database\Migrations\Migrator.php:250
at vendor\laravel\framework\src\Illuminate\Console\View\Components\Task.php:41
at vendor\laravel\framework\src\Illuminate\Database\Migrations\Migrator.php:809
at vendor\laravel\framework\src\Illuminate\Database\Migrations\Migrator.php:250
at vendor\laravel\framework\src\Illuminate\Database\Migrations\Migrator.php:210
at vendor\laravel\framework\src\Illuminate\Database\Migrations\Migrator.php:137
at vendor\laravel\framework\src\Illuminate\Database\Console\Migrations\MigrateCommand.php:116
at vendor\laravel\framework\src\Illuminate\Database\Migrations\Migrator.php:666
at vendor\laravel\framework\src\Illuminate\Database\Console\Migrations\MigrateCommand.php:109
at vendor\laravel\framework\src\Illuminate\Database\Console\Migrations\MigrateCommand.php:88
at vendor\laravel\framework\src\Illuminate\Container\BoundMethod.php:36
at vendor\laravel\framework\src\Illuminate\Container\Util.php:43
at vendor\laravel\framework\src\Illuminate\Container\BoundMethod.php:96
at vendor\laravel\framework\src\Illuminate\Container\BoundMethod.php:35
at vendor\laravel\framework\src\Illuminate\Container\Container.php:836
at vendor\laravel\framework\src\Illuminate\Console\Command.php:211
at vendor\symfony\console\Command\Command.php:318
at vendor\laravel\framework\src\Illuminate\Console\Command.php:180
at vendor\laravel\framework\src\Illuminate\Console\Concerns\CallsCommands.php:68
at vendor\laravel\framework\src\Illuminate\Console\Concerns\CallsCommands.php:29
at vendor\laravel\framework\src\Illuminate\Database\Console\Migrations\FreshCommand.php:81
at vendor\laravel\framework\src\Illuminate\Container\BoundMethod.php:36
at vendor\laravel\framework\src\Illuminate\Container\Util.php:43
at vendor\laravel\framework\src\Illuminate\Container\BoundMethod.php:96
at vendor\laravel\framework\src\Illuminate\Container\BoundMethod.php:35
at vendor\laravel\framework\src\Illuminate\Container\Container.php:836
at vendor\laravel\framework\src\Illuminate\Console\Command.php:211
at vendor\symfony\console\Command\Command.php:318
at vendor\laravel\framework\src\Illuminate\Console\Command.php:180
at vendor\symfony\console\Application.php:1092
at vendor\symfony\console\Application.php:359
at vendor\symfony\console\Application.php:194
at vendor\laravel\framework\src\Illuminate\Console\Application.php:165
at vendor\laravel\framework\src\Illuminate\Foundation\Console\Kernel.php:426
at vendor\laravel\framework\src\Illuminate\Testing\PendingCommand.php:451
at vendor\laravel\framework\src\Illuminate\Testing\PendingCommand.php:675
at vendor\laravel\framework\src\Illuminate\Foundation\Testing\Concerns\InteractsWithConsole.php:87
at vendor\laravel\framework\src\Illuminate\Foundation\Testing\RefreshDatabase.php:101
at vendor\laravel\framework\src\Illuminate\Foundation\Testing\RefreshDatabase.php:84
at vendor\laravel\framework\src\Illuminate\Foundation\Testing\RefreshDatabase.php:25
at vendor\laravel\framework\src\Illuminate\Foundation\Testing\Concerns\InteractsWithTestCaseLifecycle.php:209
at vendor\laravel\framework\src\Illuminate\Foundation\Testing\Concerns\InteractsWithTestCaseLifecycle.php:97
at vendor\laravel\framework\src\Illuminate\Foundation\Testing\TestCase.php:44</error>
    </testcase>
    <testcase name="it validates image configuration exists" file="tests\Feature\ImageUploadTest.php::it validates image configuration exists" class="Tests\Feature\ImageUploadTest" classname="Tests.Feature.ImageUploadTest" assertions="0" time="0.000000">
      <error type="Illuminate\Database\QueryException">it validates image configuration existsIlluminate\Database\QueryException: SQLSTATE[HY000]: General error: 1 error in index car_rental_vehicles_is_available_index after drop column: no such column: "is_available" - should this be a string literal in single-quotes? (Connection: sqlite, SQL: alter table "car_rental_vehicles" drop column "is_available")&#13;
at vendor\laravel\framework\src\Illuminate\Database\Connection.php:570
at vendor\laravel\framework\src\Illuminate\Database\Connection.php:811
at vendor\laravel\framework\src\Illuminate\Database\Connection.php:778
at vendor\laravel\framework\src\Illuminate\Database\Connection.php:559
at vendor\laravel\framework\src\Illuminate\Database\Schema\Blueprint.php:121
at vendor\laravel\framework\src\Illuminate\Database\Schema\Builder.php:618
at vendor\laravel\framework\src\Illuminate\Database\Schema\Builder.php:460
at vendor\laravel\framework\src\Illuminate\Support\Facades\Facade.php:363
at database\migrations\2025_09_07_130928_update_car_rental_vehicles_table_add_missing_fields.php:14
at vendor\laravel\framework\src\Illuminate\Database\Migrations\Migrator.php:514
at vendor\laravel\framework\src\Illuminate\Database\Migrations\Migrator.php:439
at vendor\laravel\framework\src\Illuminate\Database\Migrations\Migrator.php:448
at vendor\laravel\framework\src\Illuminate\Database\Migrations\Migrator.php:250
at vendor\laravel\framework\src\Illuminate\Console\View\Components\Task.php:41
at vendor\laravel\framework\src\Illuminate\Database\Migrations\Migrator.php:809
at vendor\laravel\framework\src\Illuminate\Database\Migrations\Migrator.php:250
at vendor\laravel\framework\src\Illuminate\Database\Migrations\Migrator.php:210
at vendor\laravel\framework\src\Illuminate\Database\Migrations\Migrator.php:137
at vendor\laravel\framework\src\Illuminate\Database\Console\Migrations\MigrateCommand.php:116
at vendor\laravel\framework\src\Illuminate\Database\Migrations\Migrator.php:666
at vendor\laravel\framework\src\Illuminate\Database\Console\Migrations\MigrateCommand.php:109
at vendor\laravel\framework\src\Illuminate\Database\Console\Migrations\MigrateCommand.php:88
at vendor\laravel\framework\src\Illuminate\Container\BoundMethod.php:36
at vendor\laravel\framework\src\Illuminate\Container\Util.php:43
at vendor\laravel\framework\src\Illuminate\Container\BoundMethod.php:96
at vendor\laravel\framework\src\Illuminate\Container\BoundMethod.php:35
at vendor\laravel\framework\src\Illuminate\Container\Container.php:836
at vendor\laravel\framework\src\Illuminate\Console\Command.php:211
at vendor\symfony\console\Command\Command.php:318
at vendor\laravel\framework\src\Illuminate\Console\Command.php:180
at vendor\laravel\framework\src\Illuminate\Console\Concerns\CallsCommands.php:68
at vendor\laravel\framework\src\Illuminate\Console\Concerns\CallsCommands.php:29
at vendor\laravel\framework\src\Illuminate\Database\Console\Migrations\FreshCommand.php:81
at vendor\laravel\framework\src\Illuminate\Container\BoundMethod.php:36
at vendor\laravel\framework\src\Illuminate\Container\Util.php:43
at vendor\laravel\framework\src\Illuminate\Container\BoundMethod.php:96
at vendor\laravel\framework\src\Illuminate\Container\BoundMethod.php:35
at vendor\laravel\framework\src\Illuminate\Container\Container.php:836
at vendor\laravel\framework\src\Illuminate\Console\Command.php:211
at vendor\symfony\console\Command\Command.php:318
at vendor\laravel\framework\src\Illuminate\Console\Command.php:180
at vendor\symfony\console\Application.php:1092
at vendor\symfony\console\Application.php:359
at vendor\symfony\console\Application.php:194
at vendor\laravel\framework\src\Illuminate\Console\Application.php:165
at vendor\laravel\framework\src\Illuminate\Foundation\Console\Kernel.php:426
at vendor\laravel\framework\src\Illuminate\Testing\PendingCommand.php:451
at vendor\laravel\framework\src\Illuminate\Testing\PendingCommand.php:675
at vendor\laravel\framework\src\Illuminate\Foundation\Testing\Concerns\InteractsWithConsole.php:87
at vendor\laravel\framework\src\Illuminate\Foundation\Testing\RefreshDatabase.php:101
at vendor\laravel\framework\src\Illuminate\Foundation\Testing\RefreshDatabase.php:84
at vendor\laravel\framework\src\Illuminate\Foundation\Testing\RefreshDatabase.php:25
at vendor\laravel\framework\src\Illuminate\Foundation\Testing\Concerns\InteractsWithTestCaseLifecycle.php:209
at vendor\laravel\framework\src\Illuminate\Foundation\Testing\Concerns\InteractsWithTestCaseLifecycle.php:97
at vendor\laravel\framework\src\Illuminate\Foundation\Testing\TestCase.php:44
Caused by
PDOException: SQLSTATE[HY000]: General error: 1 error in index car_rental_vehicles_is_available_index after drop column: no such column: "is_available" - should this be a string literal in single-quotes?

at vendor\laravel\framework\src\Illuminate\Database\Connection.php:570
at vendor\laravel\framework\src\Illuminate\Database\Connection.php:811
at vendor\laravel\framework\src\Illuminate\Database\Connection.php:778
at vendor\laravel\framework\src\Illuminate\Database\Connection.php:559
at vendor\laravel\framework\src\Illuminate\Database\Schema\Blueprint.php:121
at vendor\laravel\framework\src\Illuminate\Database\Schema\Builder.php:618
at vendor\laravel\framework\src\Illuminate\Database\Schema\Builder.php:460
at vendor\laravel\framework\src\Illuminate\Support\Facades\Facade.php:363
at database\migrations\2025_09_07_130928_update_car_rental_vehicles_table_add_missing_fields.php:14
at vendor\laravel\framework\src\Illuminate\Database\Migrations\Migrator.php:514
at vendor\laravel\framework\src\Illuminate\Database\Migrations\Migrator.php:439
at vendor\laravel\framework\src\Illuminate\Database\Migrations\Migrator.php:448
at vendor\laravel\framework\src\Illuminate\Database\Migrations\Migrator.php:250
at vendor\laravel\framework\src\Illuminate\Console\View\Components\Task.php:41
at vendor\laravel\framework\src\Illuminate\Database\Migrations\Migrator.php:809
at vendor\laravel\framework\src\Illuminate\Database\Migrations\Migrator.php:250
at vendor\laravel\framework\src\Illuminate\Database\Migrations\Migrator.php:210
at vendor\laravel\framework\src\Illuminate\Database\Migrations\Migrator.php:137
at vendor\laravel\framework\src\Illuminate\Database\Console\Migrations\MigrateCommand.php:116
at vendor\laravel\framework\src\Illuminate\Database\Migrations\Migrator.php:666
at vendor\laravel\framework\src\Illuminate\Database\Console\Migrations\MigrateCommand.php:109
at vendor\laravel\framework\src\Illuminate\Database\Console\Migrations\MigrateCommand.php:88
at vendor\laravel\framework\src\Illuminate\Container\BoundMethod.php:36
at vendor\laravel\framework\src\Illuminate\Container\Util.php:43
at vendor\laravel\framework\src\Illuminate\Container\BoundMethod.php:96
at vendor\laravel\framework\src\Illuminate\Container\BoundMethod.php:35
at vendor\laravel\framework\src\Illuminate\Container\Container.php:836
at vendor\laravel\framework\src\Illuminate\Console\Command.php:211
at vendor\symfony\console\Command\Command.php:318
at vendor\laravel\framework\src\Illuminate\Console\Command.php:180
at vendor\laravel\framework\src\Illuminate\Console\Concerns\CallsCommands.php:68
at vendor\laravel\framework\src\Illuminate\Console\Concerns\CallsCommands.php:29
at vendor\laravel\framework\src\Illuminate\Database\Console\Migrations\FreshCommand.php:81
at vendor\laravel\framework\src\Illuminate\Container\BoundMethod.php:36
at vendor\laravel\framework\src\Illuminate\Container\Util.php:43
at vendor\laravel\framework\src\Illuminate\Container\BoundMethod.php:96
at vendor\laravel\framework\src\Illuminate\Container\BoundMethod.php:35
at vendor\laravel\framework\src\Illuminate\Container\Container.php:836
at vendor\laravel\framework\src\Illuminate\Console\Command.php:211
at vendor\symfony\console\Command\Command.php:318
at vendor\laravel\framework\src\Illuminate\Console\Command.php:180
at vendor\symfony\console\Application.php:1092
at vendor\symfony\console\Application.php:359
at vendor\symfony\console\Application.php:194
at vendor\laravel\framework\src\Illuminate\Console\Application.php:165
at vendor\laravel\framework\src\Illuminate\Foundation\Console\Kernel.php:426
at vendor\laravel\framework\src\Illuminate\Testing\PendingCommand.php:451
at vendor\laravel\framework\src\Illuminate\Testing\PendingCommand.php:675
at vendor\laravel\framework\src\Illuminate\Foundation\Testing\Concerns\InteractsWithConsole.php:87
at vendor\laravel\framework\src\Illuminate\Foundation\Testing\RefreshDatabase.php:101
at vendor\laravel\framework\src\Illuminate\Foundation\Testing\RefreshDatabase.php:84
at vendor\laravel\framework\src\Illuminate\Foundation\Testing\RefreshDatabase.php:25
at vendor\laravel\framework\src\Illuminate\Foundation\Testing\Concerns\InteractsWithTestCaseLifecycle.php:209
at vendor\laravel\framework\src\Illuminate\Foundation\Testing\Concerns\InteractsWithTestCaseLifecycle.php:97
at vendor\laravel\framework\src\Illuminate\Foundation\Testing\TestCase.php:44</error>
    </testcase>
  </testsuite>
</testsuites>
